Layer        : conv1_layer.2.weight
R.histogram  : tensor([6., 8., 1., 6., 3., 4., 2., 0., 1., 1.], device='cuda:0')
R_sum max/min: 58.7/0.0
F.num_zeros  : 288/9216
W.num_zeros  : 0/9216
O.num_zeros  : 0/9216
Layer        : conv2_layer.2.weight
R.histogram  : tensor([22., 12., 10.,  8.,  1.,  4.,  1.,  2.,  2.,  2.], device='cuda:0')
R_sum max/min: 94.3/0.0
F.num_zeros  : 9015/36864
W.num_zeros  : 0/36864
O.num_zeros  : 0/36864
Layer        : fc1_layer.0.weight
R.histogram  : tensor([328.,  97.,  54.,  20.,   4.,   5.,   1.,   2.,   0.,   1.],
       device='cuda:0')
R_sum max/min: 502.3/0.0
F.num_zeros  : 1275374/2097152
W.num_zeros  : 0/2097152
O.num_zeros  : 0/2097152
Mask histogram conv1_layer.2.weight: 	 tensor([   0., 8192.,    0.,    0.,    0.,    0.,    0.,    0.,    0.,    0.],
       device='cuda:0')
Mask histogram conv2_layer.2.weight: 	 tensor([2496., 1600.,    0.,    0.,    0.,    0.,    0.,    0.,    0.,    0.],
       device='cuda:0')
Mask histogram fc1_layer.0.weight: 	 tensor([  0., 512.,   0.,   0.,   0.,   0.,   0.,   0.,   0.,   0.],
       device='cuda:0')
Task: 0,	 Epoch: 0/80,	 Avg.loss: 0.0011,	 Accuracy: 635/1000(64%)
Task: 0,	 Epoch: 1/80,	 Avg.loss: 0.0009,	 Accuracy: 707/1000(71%)
Task: 0,	 Epoch: 2/80,	 Avg.loss: 0.0008,	 Accuracy: 742/1000(74%)
Task: 0,	 Epoch: 3/80,	 Avg.loss: 0.0007,	 Accuracy: 763/1000(76%)
Task: 0,	 Epoch: 4/80,	 Avg.loss: 0.0007,	 Accuracy: 778/1000(78%)
Task: 0,	 Epoch: 5/80,	 Avg.loss: 0.0007,	 Accuracy: 769/1000(77%)
Task: 0,	 Epoch: 6/80,	 Avg.loss: 0.0006,	 Accuracy: 789/1000(79%)
Task: 0,	 Epoch: 7/80,	 Avg.loss: 0.0006,	 Accuracy: 780/1000(78%)
Task: 0,	 Epoch: 8/80,	 Avg.loss: 0.0006,	 Accuracy: 802/1000(80%)
Task: 0,	 Epoch: 9/80,	 Avg.loss: 0.0006,	 Accuracy: 807/1000(81%)
Task: 0,	 Epoch: 10/80,	 Avg.loss: 0.0005,	 Accuracy: 819/1000(82%)
Task: 0,	 Epoch: 11/80,	 Avg.loss: 0.0006,	 Accuracy: 805/1000(81%)
Task: 0,	 Epoch: 12/80,	 Avg.loss: 0.0006,	 Accuracy: 822/1000(82%)
Task: 0,	 Epoch: 13/80,	 Avg.loss: 0.0006,	 Accuracy: 833/1000(83%)
Task: 0,	 Epoch: 14/80,	 Avg.loss: 0.0006,	 Accuracy: 824/1000(82%)
Task: 0,	 Epoch: 15/80,	 Avg.loss: 0.0006,	 Accuracy: 809/1000(81%)
Task: 0,	 Epoch: 16/80,	 Avg.loss: 0.0005,	 Accuracy: 823/1000(82%)
Task: 0,	 Epoch: 17/80,	 Avg.loss: 0.0005,	 Accuracy: 823/1000(82%)
Task: 0,	 Epoch: 18/80,	 Avg.loss: 0.0005,	 Accuracy: 833/1000(83%)
Task: 0,	 Epoch: 19/80,	 Avg.loss: 0.0006,	 Accuracy: 827/1000(83%)
Task: 0,	 Epoch: 20/80,	 Avg.loss: 0.0006,	 Accuracy: 834/1000(83%)
Task: 0,	 Epoch: 21/80,	 Avg.loss: 0.0006,	 Accuracy: 826/1000(83%)
Task: 0,	 Epoch: 22/80,	 Avg.loss: 0.0006,	 Accuracy: 831/1000(83%)
Task: 0,	 Epoch: 23/80,	 Avg.loss: 0.0006,	 Accuracy: 835/1000(84%)
Task: 0,	 Epoch: 24/80,	 Avg.loss: 0.0006,	 Accuracy: 834/1000(83%)
Task: 0,	 Epoch: 25/80,	 Avg.loss: 0.0006,	 Accuracy: 828/1000(83%)
Task: 0,	 Epoch: 26/80,	 Avg.loss: 0.0006,	 Accuracy: 840/1000(84%)
Task: 0,	 Epoch: 27/80,	 Avg.loss: 0.0006,	 Accuracy: 840/1000(84%)
Task: 0,	 Epoch: 28/80,	 Avg.loss: 0.0006,	 Accuracy: 835/1000(84%)
Task: 0,	 Epoch: 29/80,	 Avg.loss: 0.0008,	 Accuracy: 796/1000(80%)
Task: 0,	 Epoch: 30/80,	 Avg.loss: 0.0006,	 Accuracy: 835/1000(84%)
Task: 0,	 Epoch: 31/80,	 Avg.loss: 0.0006,	 Accuracy: 828/1000(83%)
Task: 0,	 Epoch: 32/80,	 Avg.loss: 0.0006,	 Accuracy: 851/1000(85%)
Task: 0,	 Epoch: 33/80,	 Avg.loss: 0.0006,	 Accuracy: 846/1000(85%)
Task: 0,	 Epoch: 34/80,	 Avg.loss: 0.0006,	 Accuracy: 832/1000(83%)
Task: 0,	 Epoch: 35/80,	 Avg.loss: 0.0006,	 Accuracy: 840/1000(84%)
Task: 0,	 Epoch: 36/80,	 Avg.loss: 0.0006,	 Accuracy: 842/1000(84%)
Task: 0,	 Epoch: 37/80,	 Avg.loss: 0.0006,	 Accuracy: 842/1000(84%)
Task: 0,	 Epoch: 38/80,	 Avg.loss: 0.0006,	 Accuracy: 854/1000(85%)
Task: 0,	 Epoch: 39/80,	 Avg.loss: 0.0007,	 Accuracy: 827/1000(83%)
Task: 0,	 Epoch: 40/80,	 Avg.loss: 0.0007,	 Accuracy: 820/1000(82%)
Task: 0,	 Epoch: 41/80,	 Avg.loss: 0.0006,	 Accuracy: 820/1000(82%)
Task: 0,	 Epoch: 42/80,	 Avg.loss: 0.0006,	 Accuracy: 837/1000(84%)
Task: 0,	 Epoch: 43/80,	 Avg.loss: 0.0006,	 Accuracy: 843/1000(84%)
Task: 0,	 Epoch: 44/80,	 Avg.loss: 0.0006,	 Accuracy: 850/1000(85%)
Task: 0,	 Epoch: 45/80,	 Avg.loss: 0.0007,	 Accuracy: 835/1000(84%)
Task: 0,	 Epoch: 46/80,	 Avg.loss: 0.0007,	 Accuracy: 852/1000(85%)
Task: 0,	 Epoch: 47/80,	 Avg.loss: 0.0007,	 Accuracy: 835/1000(84%)
Task: 0,	 Epoch: 48/80,	 Avg.loss: 0.0007,	 Accuracy: 837/1000(84%)
Task: 0,	 Epoch: 49/80,	 Avg.loss: 0.0006,	 Accuracy: 847/1000(85%)
Task: 0,	 Epoch: 50/80,	 Avg.loss: 0.0006,	 Accuracy: 844/1000(84%)
Task: 0,	 Epoch: 51/80,	 Avg.loss: 0.0006,	 Accuracy: 849/1000(85%)
Task: 0,	 Epoch: 52/80,	 Avg.loss: 0.0006,	 Accuracy: 854/1000(85%)
Task: 0,	 Epoch: 53/80,	 Avg.loss: 0.0006,	 Accuracy: 853/1000(85%)
Task: 0,	 Epoch: 54/80,	 Avg.loss: 0.0006,	 Accuracy: 851/1000(85%)
Task: 0,	 Epoch: 55/80,	 Avg.loss: 0.0006,	 Accuracy: 855/1000(86%)
Task: 0,	 Epoch: 56/80,	 Avg.loss: 0.0006,	 Accuracy: 852/1000(85%)
Task: 0,	 Epoch: 57/80,	 Avg.loss: 0.0006,	 Accuracy: 855/1000(86%)
Task: 0,	 Epoch: 58/80,	 Avg.loss: 0.0006,	 Accuracy: 857/1000(86%)
Task: 0,	 Epoch: 59/80,	 Avg.loss: 0.0006,	 Accuracy: 855/1000(86%)
Task: 0,	 Epoch: 60/80,	 Avg.loss: 0.0006,	 Accuracy: 857/1000(86%)
Task: 0,	 Epoch: 61/80,	 Avg.loss: 0.0006,	 Accuracy: 858/1000(86%)
Task: 0,	 Epoch: 62/80,	 Avg.loss: 0.0006,	 Accuracy: 864/1000(86%)
Task: 0,	 Epoch: 63/80,	 Avg.loss: 0.0006,	 Accuracy: 858/1000(86%)
Task: 0,	 Epoch: 64/80,	 Avg.loss: 0.0006,	 Accuracy: 862/1000(86%)
Task: 0,	 Epoch: 65/80,	 Avg.loss: 0.0006,	 Accuracy: 861/1000(86%)
Task: 0,	 Epoch: 66/80,	 Avg.loss: 0.0006,	 Accuracy: 862/1000(86%)
Task: 0,	 Epoch: 67/80,	 Avg.loss: 0.0006,	 Accuracy: 863/1000(86%)
Task: 0,	 Epoch: 68/80,	 Avg.loss: 0.0006,	 Accuracy: 867/1000(87%)
Task: 0,	 Epoch: 69/80,	 Avg.loss: 0.0006,	 Accuracy: 864/1000(86%)
Task: 0,	 Epoch: 70/80,	 Avg.loss: 0.0006,	 Accuracy: 865/1000(87%)
Task: 0,	 Epoch: 71/80,	 Avg.loss: 0.0006,	 Accuracy: 866/1000(87%)
Task: 0,	 Epoch: 72/80,	 Avg.loss: 0.0006,	 Accuracy: 868/1000(87%)
Task: 0,	 Epoch: 73/80,	 Avg.loss: 0.0006,	 Accuracy: 867/1000(87%)
Task: 0,	 Epoch: 74/80,	 Avg.loss: 0.0007,	 Accuracy: 865/1000(87%)
Task: 0,	 Epoch: 75/80,	 Avg.loss: 0.0007,	 Accuracy: 867/1000(87%)
Task: 0,	 Epoch: 76/80,	 Avg.loss: 0.0006,	 Accuracy: 868/1000(87%)
Task: 0,	 Epoch: 77/80,	 Avg.loss: 0.0007,	 Accuracy: 868/1000(87%)
Task: 0,	 Epoch: 78/80,	 Avg.loss: 0.0007,	 Accuracy: 864/1000(86%)
Task: 0,	 Epoch: 79/80,	 Avg.loss: 0.0007,	 Accuracy: 867/1000(87%)
Task: 0,	 Epoch: -1/80,	 Avg.loss: 0.0007,	 Accuracy: 867/1000(87%)
Trained Task:0, Loaded task:0, Accuracy:86.7%
Trained Task:0, Avg. Accuracy: 86.7 

List of avg. accuracy: [86.7]
Layer        : conv1_layer.2.weight
R.histogram  : tensor([ 3., 12.,  6.,  3.,  2.,  0.,  3.,  1.,  1.,  1.], device='cuda:0')
R_sum max/min: 60.8/0.0
F.num_zeros  : 288/9216
W.num_zeros  : 0/9216
O.num_zeros  : 288/9216
Layer        : conv2_layer.2.weight
R.histogram  : tensor([40., 10.,  3.,  3.,  2.,  0.,  3.,  2.,  0.,  1.], device='cuda:0')
R_sum max/min: 89.6/0.0
F.num_zeros  : 9188/36864
W.num_zeros  : 0/36864
O.num_zeros  : 22464/36864
Layer        : fc1_layer.0.weight
R.histogram  : tensor([303.,  78.,  54.,  36.,  15.,   9.,   7.,   4.,   3.,   3.],
       device='cuda:0')
R_sum max/min: 401.7/0.0
F.num_zeros  : 1247640/2097152
W.num_zeros  : 0/2097152
O.num_zeros  : 1638084/2097152
Mask histogram conv1_layer.2.weight: 	 tensor([   0.,    0., 8192.,    0.,    0.,    0.,    0.,    0.,    0.,    0.],
       device='cuda:0')
Mask histogram conv2_layer.2.weight: 	 tensor([ 896., 3200.,    0.,    0.,    0.,    0.,    0.,    0.,    0.,    0.],
       device='cuda:0')
Mask histogram fc1_layer.0.weight: 	 tensor([  0., 511.,   1.,   0.,   0.,   0.,   0.,   0.,   0.,   0.],
       device='cuda:0')
Task: 1,	 Epoch: 0/80,	 Avg.loss: 0.0022,	 Accuracy: 171/1000(17%)
Task: 1,	 Epoch: 1/80,	 Avg.loss: 0.0020,	 Accuracy: 185/1000(18%)
Task: 1,	 Epoch: 2/80,	 Avg.loss: 0.0020,	 Accuracy: 188/1000(19%)
Task: 1,	 Epoch: 3/80,	 Avg.loss: 0.0020,	 Accuracy: 188/1000(19%)
Task: 1,	 Epoch: 4/80,	 Avg.loss: 0.0020,	 Accuracy: 189/1000(19%)
Task: 1,	 Epoch: 5/80,	 Avg.loss: 0.0019,	 Accuracy: 191/1000(19%)
Task: 1,	 Epoch: 6/80,	 Avg.loss: 0.0019,	 Accuracy: 194/1000(19%)
Task: 1,	 Epoch: 7/80,	 Avg.loss: 0.0019,	 Accuracy: 195/1000(20%)
Task: 1,	 Epoch: 8/80,	 Avg.loss: 0.0019,	 Accuracy: 204/1000(20%)
Task: 1,	 Epoch: 9/80,	 Avg.loss: 0.0019,	 Accuracy: 198/1000(20%)
Task: 1,	 Epoch: 10/80,	 Avg.loss: 0.0019,	 Accuracy: 200/1000(20%)
Task: 1,	 Epoch: 11/80,	 Avg.loss: 0.0019,	 Accuracy: 220/1000(22%)
Task: 1,	 Epoch: 12/80,	 Avg.loss: 0.0019,	 Accuracy: 210/1000(21%)
Task: 1,	 Epoch: 13/80,	 Avg.loss: 0.0019,	 Accuracy: 205/1000(21%)
Task: 1,	 Epoch: 14/80,	 Avg.loss: 0.0019,	 Accuracy: 215/1000(22%)
Task: 1,	 Epoch: 15/80,	 Avg.loss: 0.0019,	 Accuracy: 219/1000(22%)
Task: 1,	 Epoch: 16/80,	 Avg.loss: 0.0019,	 Accuracy: 212/1000(21%)
Task: 1,	 Epoch: 17/80,	 Avg.loss: 0.0019,	 Accuracy: 212/1000(21%)
Task: 1,	 Epoch: 18/80,	 Avg.loss: 0.0019,	 Accuracy: 214/1000(21%)
Task: 1,	 Epoch: 19/80,	 Avg.loss: 0.0019,	 Accuracy: 226/1000(23%)
Task: 1,	 Epoch: 20/80,	 Avg.loss: 0.0018,	 Accuracy: 226/1000(23%)
Task: 1,	 Epoch: 21/80,	 Avg.loss: 0.0018,	 Accuracy: 226/1000(23%)
Task: 1,	 Epoch: 22/80,	 Avg.loss: 0.0018,	 Accuracy: 226/1000(23%)
Task: 1,	 Epoch: 23/80,	 Avg.loss: 0.0019,	 Accuracy: 239/1000(24%)
Task: 1,	 Epoch: 24/80,	 Avg.loss: 0.0018,	 Accuracy: 218/1000(22%)
Task: 1,	 Epoch: 25/80,	 Avg.loss: 0.0018,	 Accuracy: 222/1000(22%)
Task: 1,	 Epoch: 26/80,	 Avg.loss: 0.0019,	 Accuracy: 220/1000(22%)
Task: 1,	 Epoch: 27/80,	 Avg.loss: 0.0018,	 Accuracy: 230/1000(23%)
Task: 1,	 Epoch: 28/80,	 Avg.loss: 0.0018,	 Accuracy: 229/1000(23%)
Task: 1,	 Epoch: 29/80,	 Avg.loss: 0.0018,	 Accuracy: 233/1000(23%)
Task: 1,	 Epoch: 30/80,	 Avg.loss: 0.0018,	 Accuracy: 239/1000(24%)
Task: 1,	 Epoch: 31/80,	 Avg.loss: 0.0018,	 Accuracy: 231/1000(23%)
Task: 1,	 Epoch: 32/80,	 Avg.loss: 0.0018,	 Accuracy: 237/1000(24%)
Task: 1,	 Epoch: 33/80,	 Avg.loss: 0.0018,	 Accuracy: 234/1000(23%)
Task: 1,	 Epoch: 34/80,	 Avg.loss: 0.0018,	 Accuracy: 241/1000(24%)
Task: 1,	 Epoch: 35/80,	 Avg.loss: 0.0018,	 Accuracy: 242/1000(24%)
Task: 1,	 Epoch: 36/80,	 Avg.loss: 0.0018,	 Accuracy: 228/1000(23%)
Task: 1,	 Epoch: 37/80,	 Avg.loss: 0.0018,	 Accuracy: 250/1000(25%)
Task: 1,	 Epoch: 38/80,	 Avg.loss: 0.0018,	 Accuracy: 237/1000(24%)
Task: 1,	 Epoch: 39/80,	 Avg.loss: 0.0018,	 Accuracy: 241/1000(24%)
Task: 1,	 Epoch: 40/80,	 Avg.loss: 0.0018,	 Accuracy: 235/1000(24%)
Task: 1,	 Epoch: 41/80,	 Avg.loss: 0.0018,	 Accuracy: 248/1000(25%)
Task: 1,	 Epoch: 42/80,	 Avg.loss: 0.0018,	 Accuracy: 247/1000(25%)
Task: 1,	 Epoch: 43/80,	 Avg.loss: 0.0019,	 Accuracy: 231/1000(23%)
Task: 1,	 Epoch: 44/80,	 Avg.loss: 0.0018,	 Accuracy: 236/1000(24%)
Task: 1,	 Epoch: 45/80,	 Avg.loss: 0.0018,	 Accuracy: 265/1000(27%)
Task: 1,	 Epoch: 46/80,	 Avg.loss: 0.0018,	 Accuracy: 245/1000(25%)
Task: 1,	 Epoch: 47/80,	 Avg.loss: 0.0018,	 Accuracy: 251/1000(25%)
Task: 1,	 Epoch: 48/80,	 Avg.loss: 0.0018,	 Accuracy: 259/1000(26%)
Task: 1,	 Epoch: 49/80,	 Avg.loss: 0.0018,	 Accuracy: 248/1000(25%)
Task: 1,	 Epoch: 50/80,	 Avg.loss: 0.0018,	 Accuracy: 246/1000(25%)
Task: 1,	 Epoch: 51/80,	 Avg.loss: 0.0018,	 Accuracy: 248/1000(25%)
Task: 1,	 Epoch: 52/80,	 Avg.loss: 0.0018,	 Accuracy: 246/1000(25%)
Task: 1,	 Epoch: 53/80,	 Avg.loss: 0.0018,	 Accuracy: 247/1000(25%)
Task: 1,	 Epoch: 54/80,	 Avg.loss: 0.0018,	 Accuracy: 251/1000(25%)
Task: 1,	 Epoch: 55/80,	 Avg.loss: 0.0018,	 Accuracy: 247/1000(25%)
Task: 1,	 Epoch: 56/80,	 Avg.loss: 0.0018,	 Accuracy: 252/1000(25%)
Task: 1,	 Epoch: 57/80,	 Avg.loss: 0.0018,	 Accuracy: 254/1000(25%)
Task: 1,	 Epoch: 58/80,	 Avg.loss: 0.0018,	 Accuracy: 251/1000(25%)
Task: 1,	 Epoch: 59/80,	 Avg.loss: 0.0018,	 Accuracy: 252/1000(25%)
Task: 1,	 Epoch: 60/80,	 Avg.loss: 0.0018,	 Accuracy: 249/1000(25%)
Task: 1,	 Epoch: 61/80,	 Avg.loss: 0.0018,	 Accuracy: 251/1000(25%)
Task: 1,	 Epoch: 62/80,	 Avg.loss: 0.0018,	 Accuracy: 250/1000(25%)
Task: 1,	 Epoch: 63/80,	 Avg.loss: 0.0018,	 Accuracy: 247/1000(25%)
Task: 1,	 Epoch: 64/80,	 Avg.loss: 0.0018,	 Accuracy: 256/1000(26%)
Task: 1,	 Epoch: 65/80,	 Avg.loss: 0.0018,	 Accuracy: 255/1000(26%)
Task: 1,	 Epoch: 66/80,	 Avg.loss: 0.0018,	 Accuracy: 251/1000(25%)
Task: 1,	 Epoch: 67/80,	 Avg.loss: 0.0018,	 Accuracy: 250/1000(25%)
Task: 1,	 Epoch: 68/80,	 Avg.loss: 0.0018,	 Accuracy: 248/1000(25%)
Task: 1,	 Epoch: 69/80,	 Avg.loss: 0.0018,	 Accuracy: 247/1000(25%)
Task: 1,	 Epoch: 70/80,	 Avg.loss: 0.0018,	 Accuracy: 252/1000(25%)
Task: 1,	 Epoch: 71/80,	 Avg.loss: 0.0018,	 Accuracy: 253/1000(25%)
Task: 1,	 Epoch: 72/80,	 Avg.loss: 0.0018,	 Accuracy: 248/1000(25%)
Task: 1,	 Epoch: 73/80,	 Avg.loss: 0.0018,	 Accuracy: 251/1000(25%)
Task: 1,	 Epoch: 74/80,	 Avg.loss: 0.0018,	 Accuracy: 251/1000(25%)
Task: 1,	 Epoch: 75/80,	 Avg.loss: 0.0018,	 Accuracy: 255/1000(26%)
Task: 1,	 Epoch: 76/80,	 Avg.loss: 0.0018,	 Accuracy: 244/1000(24%)
Task: 1,	 Epoch: 77/80,	 Avg.loss: 0.0018,	 Accuracy: 256/1000(26%)
Task: 1,	 Epoch: 78/80,	 Avg.loss: 0.0018,	 Accuracy: 253/1000(25%)
Task: 1,	 Epoch: 79/80,	 Avg.loss: 0.0018,	 Accuracy: 256/1000(26%)
Task: 0,	 Epoch: -1/80,	 Avg.loss: 0.0007,	 Accuracy: 864/1000(86%)
Trained Task:1, Loaded task:0, Accuracy:86.4%
Task: 1,	 Epoch: -1/80,	 Avg.loss: 0.0018,	 Accuracy: 256/1000(26%)
Trained Task:1, Loaded task:1, Accuracy:25.6%
Trained Task:1, Avg. Accuracy: 56.0 

List of avg. accuracy: [86.7, 56.0]
Layer        : conv1_layer.2.weight
R.histogram  : tensor([ 4., 10.,  3.,  5.,  3.,  2.,  2.,  0.,  2.,  1.], device='cuda:0')
R_sum max/min: 51.6/0.0
F.num_zeros  : 288/9216
W.num_zeros  : 0/9216
O.num_zeros  : 288/9216
Layer        : conv2_layer.2.weight
R.histogram  : tensor([36.,  7.,  5.,  3.,  5.,  2.,  2.,  0.,  2.,  2.], device='cuda:0')
R_sum max/min: 100.4/0.0
F.num_zeros  : 9084/36864
W.num_zeros  : 0/36864
O.num_zeros  : 14400/36864
Layer        : fc1_layer.0.weight
R.histogram  : tensor([339.,  81.,  37.,  24.,  13.,   9.,   2.,   3.,   3.,   1.],
       device='cuda:0')
R_sum max/min: 453.1/0.0
F.num_zeros  : 1242426/2097152
W.num_zeros  : 0/2097152
O.num_zeros  : 1637190/2097152
Mask histogram conv1_layer.2.weight: 	 tensor([   0.,    0.,    0., 8192.,    0.,    0.,    0.,    0.,    0.,    0.],
       device='cuda:0')
Mask histogram conv2_layer.2.weight: 	 tensor([   0., 3392.,  704.,    0.,    0.,    0.,    0.,    0.,    0.,    0.],
       device='cuda:0')
Mask histogram fc1_layer.0.weight: 	 tensor([  0., 511.,   0.,   1.,   0.,   0.,   0.,   0.,   0.,   0.],
       device='cuda:0')
Task: 2,	 Epoch: 0/80,	 Avg.loss: 0.0023,	 Accuracy: 100/1000(10%)
Task: 2,	 Epoch: 1/80,	 Avg.loss: 0.0023,	 Accuracy: 100/1000(10%)
Task: 2,	 Epoch: 2/80,	 Avg.loss: 0.0023,	 Accuracy: 100/1000(10%)
Task: 2,	 Epoch: 3/80,	 Avg.loss: 0.0023,	 Accuracy: 100/1000(10%)
Task: 2,	 Epoch: 4/80,	 Avg.loss: 0.0023,	 Accuracy: 100/1000(10%)
Task: 2,	 Epoch: 5/80,	 Avg.loss: 0.0023,	 Accuracy: 100/1000(10%)
Task: 2,	 Epoch: 6/80,	 Avg.loss: 0.0023,	 Accuracy: 100/1000(10%)
Task: 2,	 Epoch: 7/80,	 Avg.loss: 0.0023,	 Accuracy: 100/1000(10%)
Task: 2,	 Epoch: 8/80,	 Avg.loss: 0.0023,	 Accuracy: 100/1000(10%)
Task: 2,	 Epoch: 9/80,	 Avg.loss: 0.0023,	 Accuracy: 100/1000(10%)
Task: 2,	 Epoch: 10/80,	 Avg.loss: 0.0023,	 Accuracy: 100/1000(10%)
Task: 2,	 Epoch: 11/80,	 Avg.loss: 0.0023,	 Accuracy: 100/1000(10%)
Task: 2,	 Epoch: 12/80,	 Avg.loss: 0.0023,	 Accuracy: 100/1000(10%)
Task: 2,	 Epoch: 13/80,	 Avg.loss: 0.0023,	 Accuracy: 100/1000(10%)
Task: 2,	 Epoch: 14/80,	 Avg.loss: 0.0023,	 Accuracy: 100/1000(10%)
Task: 2,	 Epoch: 15/80,	 Avg.loss: 0.0023,	 Accuracy: 100/1000(10%)
Task: 2,	 Epoch: 16/80,	 Avg.loss: 0.0023,	 Accuracy: 100/1000(10%)
Task: 2,	 Epoch: 17/80,	 Avg.loss: 0.0023,	 Accuracy: 100/1000(10%)
Task: 2,	 Epoch: 18/80,	 Avg.loss: 0.0023,	 Accuracy: 100/1000(10%)
Task: 2,	 Epoch: 19/80,	 Avg.loss: 0.0023,	 Accuracy: 100/1000(10%)
Task: 2,	 Epoch: 20/80,	 Avg.loss: 0.0023,	 Accuracy: 100/1000(10%)
Task: 2,	 Epoch: 21/80,	 Avg.loss: 0.0023,	 Accuracy: 100/1000(10%)
Task: 2,	 Epoch: 22/80,	 Avg.loss: 0.0023,	 Accuracy: 100/1000(10%)
Task: 2,	 Epoch: 23/80,	 Avg.loss: 0.0023,	 Accuracy: 100/1000(10%)
Task: 2,	 Epoch: 24/80,	 Avg.loss: 0.0023,	 Accuracy: 100/1000(10%)
Task: 2,	 Epoch: 25/80,	 Avg.loss: 0.0023,	 Accuracy: 100/1000(10%)
Task: 2,	 Epoch: 26/80,	 Avg.loss: 0.0023,	 Accuracy: 100/1000(10%)
Task: 2,	 Epoch: 27/80,	 Avg.loss: 0.0023,	 Accuracy: 100/1000(10%)
Task: 2,	 Epoch: 28/80,	 Avg.loss: 0.0023,	 Accuracy: 100/1000(10%)
Task: 2,	 Epoch: 29/80,	 Avg.loss: 0.0023,	 Accuracy: 100/1000(10%)
Task: 2,	 Epoch: 30/80,	 Avg.loss: 0.0023,	 Accuracy: 100/1000(10%)
Task: 2,	 Epoch: 31/80,	 Avg.loss: 0.0023,	 Accuracy: 100/1000(10%)
Task: 2,	 Epoch: 32/80,	 Avg.loss: 0.0023,	 Accuracy: 100/1000(10%)
Task: 2,	 Epoch: 33/80,	 Avg.loss: 0.0023,	 Accuracy: 100/1000(10%)
Task: 2,	 Epoch: 34/80,	 Avg.loss: 0.0023,	 Accuracy: 100/1000(10%)
Task: 2,	 Epoch: 35/80,	 Avg.loss: 0.0023,	 Accuracy: 100/1000(10%)
Task: 2,	 Epoch: 36/80,	 Avg.loss: 0.0023,	 Accuracy: 100/1000(10%)
Task: 2,	 Epoch: 37/80,	 Avg.loss: 0.0023,	 Accuracy: 100/1000(10%)
Task: 2,	 Epoch: 38/80,	 Avg.loss: 0.0023,	 Accuracy: 100/1000(10%)
Task: 2,	 Epoch: 39/80,	 Avg.loss: 0.0023,	 Accuracy: 100/1000(10%)
Task: 2,	 Epoch: 40/80,	 Avg.loss: 0.0023,	 Accuracy: 100/1000(10%)
Task: 2,	 Epoch: 41/80,	 Avg.loss: 0.0023,	 Accuracy: 100/1000(10%)
Task: 2,	 Epoch: 42/80,	 Avg.loss: 0.0023,	 Accuracy: 100/1000(10%)
Task: 2,	 Epoch: 43/80,	 Avg.loss: 0.0023,	 Accuracy: 100/1000(10%)
Task: 2,	 Epoch: 44/80,	 Avg.loss: 0.0023,	 Accuracy: 100/1000(10%)
Task: 2,	 Epoch: 45/80,	 Avg.loss: 0.0023,	 Accuracy: 100/1000(10%)
Task: 2,	 Epoch: 46/80,	 Avg.loss: 0.0023,	 Accuracy: 100/1000(10%)
Task: 2,	 Epoch: 47/80,	 Avg.loss: 0.0023,	 Accuracy: 100/1000(10%)
Task: 2,	 Epoch: 48/80,	 Avg.loss: 0.0023,	 Accuracy: 100/1000(10%)
Task: 2,	 Epoch: 49/80,	 Avg.loss: 0.0023,	 Accuracy: 100/1000(10%)
Task: 2,	 Epoch: 50/80,	 Avg.loss: 0.0023,	 Accuracy: 100/1000(10%)
Task: 2,	 Epoch: 51/80,	 Avg.loss: 0.0023,	 Accuracy: 100/1000(10%)
Task: 2,	 Epoch: 52/80,	 Avg.loss: 0.0023,	 Accuracy: 100/1000(10%)
Task: 2,	 Epoch: 53/80,	 Avg.loss: 0.0023,	 Accuracy: 100/1000(10%)
Task: 2,	 Epoch: 54/80,	 Avg.loss: 0.0023,	 Accuracy: 100/1000(10%)
Task: 2,	 Epoch: 55/80,	 Avg.loss: 0.0023,	 Accuracy: 100/1000(10%)
Task: 2,	 Epoch: 56/80,	 Avg.loss: 0.0023,	 Accuracy: 100/1000(10%)
Task: 2,	 Epoch: 57/80,	 Avg.loss: 0.0023,	 Accuracy: 100/1000(10%)
Task: 2,	 Epoch: 58/80,	 Avg.loss: 0.0023,	 Accuracy: 100/1000(10%)
Task: 2,	 Epoch: 59/80,	 Avg.loss: 0.0023,	 Accuracy: 100/1000(10%)
Task: 2,	 Epoch: 60/80,	 Avg.loss: 0.0023,	 Accuracy: 100/1000(10%)
Task: 2,	 Epoch: 61/80,	 Avg.loss: 0.0023,	 Accuracy: 100/1000(10%)
Task: 2,	 Epoch: 62/80,	 Avg.loss: 0.0023,	 Accuracy: 100/1000(10%)
Task: 2,	 Epoch: 63/80,	 Avg.loss: 0.0023,	 Accuracy: 100/1000(10%)
Task: 2,	 Epoch: 64/80,	 Avg.loss: 0.0023,	 Accuracy: 100/1000(10%)
Task: 2,	 Epoch: 65/80,	 Avg.loss: 0.0023,	 Accuracy: 100/1000(10%)
Task: 2,	 Epoch: 66/80,	 Avg.loss: 0.0023,	 Accuracy: 100/1000(10%)
Task: 2,	 Epoch: 67/80,	 Avg.loss: 0.0023,	 Accuracy: 100/1000(10%)
Task: 2,	 Epoch: 68/80,	 Avg.loss: 0.0023,	 Accuracy: 100/1000(10%)
Task: 2,	 Epoch: 69/80,	 Avg.loss: 0.0023,	 Accuracy: 100/1000(10%)
Task: 2,	 Epoch: 70/80,	 Avg.loss: 0.0023,	 Accuracy: 100/1000(10%)
Task: 2,	 Epoch: 71/80,	 Avg.loss: 0.0023,	 Accuracy: 100/1000(10%)
Task: 2,	 Epoch: 72/80,	 Avg.loss: 0.0023,	 Accuracy: 100/1000(10%)
Task: 2,	 Epoch: 73/80,	 Avg.loss: 0.0023,	 Accuracy: 100/1000(10%)
Task: 2,	 Epoch: 74/80,	 Avg.loss: 0.0023,	 Accuracy: 100/1000(10%)
Task: 2,	 Epoch: 75/80,	 Avg.loss: 0.0023,	 Accuracy: 100/1000(10%)
Task: 2,	 Epoch: 76/80,	 Avg.loss: 0.0023,	 Accuracy: 100/1000(10%)
Task: 2,	 Epoch: 77/80,	 Avg.loss: 0.0023,	 Accuracy: 100/1000(10%)
Task: 2,	 Epoch: 78/80,	 Avg.loss: 0.0023,	 Accuracy: 100/1000(10%)
Task: 2,	 Epoch: 79/80,	 Avg.loss: 0.0023,	 Accuracy: 100/1000(10%)
Task: 0,	 Epoch: -1/80,	 Avg.loss: 0.0007,	 Accuracy: 864/1000(86%)
Trained Task:2, Loaded task:0, Accuracy:86.4%
Task: 1,	 Epoch: -1/80,	 Avg.loss: 0.0018,	 Accuracy: 256/1000(26%)
Trained Task:2, Loaded task:1, Accuracy:25.6%
Task: 2,	 Epoch: -1/80,	 Avg.loss: 0.0023,	 Accuracy: 100/1000(10%)
Trained Task:2, Loaded task:2, Accuracy:10.0%
Trained Task:2, Avg. Accuracy: 40.7 

List of avg. accuracy: [86.7, 56.0, 40.7]
Layer        : conv1_layer.2.weight
R.histogram  : tensor([1., 7., 5., 4., 3., 2., 3., 3., 2., 2.], device='cuda:0')
R_sum max/min: 59.3/0.0
F.num_zeros  : 288/9216
W.num_zeros  : 0/9216
O.num_zeros  : 288/9216
Layer        : conv2_layer.2.weight
R.histogram  : tensor([43., 12.,  3.,  2.,  2.,  0.,  0.,  0.,  1.,  1.], device='cuda:0')
R_sum max/min: 130.2/0.0
F.num_zeros  : 9067/36864
W.num_zeros  : 0/36864
O.num_zeros  : 14400/36864
Layer        : fc1_layer.0.weight
R.histogram  : tensor([443.,  37.,  12.,   6.,   6.,   2.,   3.,   2.,   0.,   1.],
       device='cuda:0')
R_sum max/min: 325.0/0.0
F.num_zeros  : 1285068/2097152
W.num_zeros  : 0/2097152
O.num_zeros  : 1637190/2097152
Mask histogram conv1_layer.2.weight: 	 tensor([   0.,    0.,    0.,    0., 8192.,    0.,    0.,    0.,    0.,    0.],
       device='cuda:0')
Mask histogram conv2_layer.2.weight: 	 tensor([   0., 1792., 2304.,    0.,    0.,    0.,    0.,    0.,    0.,    0.],
       device='cuda:0')
Mask histogram fc1_layer.0.weight: 	 tensor([  0., 511.,   0.,   0.,   1.,   0.,   0.,   0.,   0.,   0.],
       device='cuda:0')
Task: 3,	 Epoch: 0/80,	 Avg.loss: 0.0022,	 Accuracy: 174/1000(17%)
Task: 3,	 Epoch: 1/80,	 Avg.loss: 0.0022,	 Accuracy: 174/1000(17%)
Task: 3,	 Epoch: 2/80,	 Avg.loss: 0.0022,	 Accuracy: 180/1000(18%)
Task: 3,	 Epoch: 3/80,	 Avg.loss: 0.0022,	 Accuracy: 173/1000(17%)
Task: 3,	 Epoch: 4/80,	 Avg.loss: 0.0021,	 Accuracy: 189/1000(19%)
Task: 3,	 Epoch: 5/80,	 Avg.loss: 0.0021,	 Accuracy: 180/1000(18%)
Task: 3,	 Epoch: 6/80,	 Avg.loss: 0.0021,	 Accuracy: 183/1000(18%)
Task: 3,	 Epoch: 7/80,	 Avg.loss: 0.0021,	 Accuracy: 185/1000(18%)
Task: 3,	 Epoch: 8/80,	 Avg.loss: 0.0021,	 Accuracy: 188/1000(19%)
Task: 3,	 Epoch: 9/80,	 Avg.loss: 0.0021,	 Accuracy: 190/1000(19%)
Task: 3,	 Epoch: 10/80,	 Avg.loss: 0.0021,	 Accuracy: 184/1000(18%)
Task: 3,	 Epoch: 11/80,	 Avg.loss: 0.0021,	 Accuracy: 180/1000(18%)
Task: 3,	 Epoch: 12/80,	 Avg.loss: 0.0021,	 Accuracy: 179/1000(18%)
Task: 3,	 Epoch: 13/80,	 Avg.loss: 0.0021,	 Accuracy: 186/1000(19%)
Task: 3,	 Epoch: 14/80,	 Avg.loss: 0.0021,	 Accuracy: 174/1000(17%)
Task: 3,	 Epoch: 15/80,	 Avg.loss: 0.0021,	 Accuracy: 178/1000(18%)
Task: 3,	 Epoch: 16/80,	 Avg.loss: 0.0021,	 Accuracy: 169/1000(17%)
Task: 3,	 Epoch: 17/80,	 Avg.loss: 0.0021,	 Accuracy: 184/1000(18%)
Task: 3,	 Epoch: 18/80,	 Avg.loss: 0.0021,	 Accuracy: 188/1000(19%)
Task: 3,	 Epoch: 19/80,	 Avg.loss: 0.0021,	 Accuracy: 176/1000(18%)
Task: 3,	 Epoch: 20/80,	 Avg.loss: 0.0021,	 Accuracy: 176/1000(18%)
Task: 3,	 Epoch: 21/80,	 Avg.loss: 0.0021,	 Accuracy: 183/1000(18%)
Task: 3,	 Epoch: 22/80,	 Avg.loss: 0.0021,	 Accuracy: 185/1000(18%)
Task: 3,	 Epoch: 23/80,	 Avg.loss: 0.0021,	 Accuracy: 187/1000(19%)
Task: 3,	 Epoch: 24/80,	 Avg.loss: 0.0021,	 Accuracy: 173/1000(17%)
Task: 3,	 Epoch: 25/80,	 Avg.loss: 0.0021,	 Accuracy: 170/1000(17%)
Task: 3,	 Epoch: 26/80,	 Avg.loss: 0.0021,	 Accuracy: 178/1000(18%)
Task: 3,	 Epoch: 27/80,	 Avg.loss: 0.0021,	 Accuracy: 178/1000(18%)
Task: 3,	 Epoch: 28/80,	 Avg.loss: 0.0021,	 Accuracy: 184/1000(18%)
Task: 3,	 Epoch: 29/80,	 Avg.loss: 0.0021,	 Accuracy: 184/1000(18%)
Task: 3,	 Epoch: 30/80,	 Avg.loss: 0.0021,	 Accuracy: 183/1000(18%)
Task: 3,	 Epoch: 31/80,	 Avg.loss: 0.0021,	 Accuracy: 179/1000(18%)
Task: 3,	 Epoch: 32/80,	 Avg.loss: 0.0021,	 Accuracy: 176/1000(18%)
Task: 3,	 Epoch: 33/80,	 Avg.loss: 0.0021,	 Accuracy: 191/1000(19%)
Task: 3,	 Epoch: 34/80,	 Avg.loss: 0.0021,	 Accuracy: 191/1000(19%)
Task: 3,	 Epoch: 35/80,	 Avg.loss: 0.0021,	 Accuracy: 189/1000(19%)
Task: 3,	 Epoch: 36/80,	 Avg.loss: 0.0021,	 Accuracy: 177/1000(18%)
Task: 3,	 Epoch: 37/80,	 Avg.loss: 0.0021,	 Accuracy: 185/1000(18%)
Task: 3,	 Epoch: 38/80,	 Avg.loss: 0.0021,	 Accuracy: 194/1000(19%)
Task: 3,	 Epoch: 39/80,	 Avg.loss: 0.0021,	 Accuracy: 187/1000(19%)
Task: 3,	 Epoch: 40/80,	 Avg.loss: 0.0021,	 Accuracy: 185/1000(18%)
Task: 3,	 Epoch: 41/80,	 Avg.loss: 0.0021,	 Accuracy: 191/1000(19%)
Task: 3,	 Epoch: 42/80,	 Avg.loss: 0.0021,	 Accuracy: 188/1000(19%)
Task: 3,	 Epoch: 43/80,	 Avg.loss: 0.0021,	 Accuracy: 177/1000(18%)
Task: 3,	 Epoch: 44/80,	 Avg.loss: 0.0021,	 Accuracy: 190/1000(19%)
Task: 3,	 Epoch: 45/80,	 Avg.loss: 0.0021,	 Accuracy: 183/1000(18%)
Task: 3,	 Epoch: 46/80,	 Avg.loss: 0.0021,	 Accuracy: 179/1000(18%)
Task: 3,	 Epoch: 47/80,	 Avg.loss: 0.0021,	 Accuracy: 185/1000(18%)
Task: 3,	 Epoch: 48/80,	 Avg.loss: 0.0021,	 Accuracy: 196/1000(20%)
Task: 3,	 Epoch: 49/80,	 Avg.loss: 0.0021,	 Accuracy: 182/1000(18%)
Task: 3,	 Epoch: 50/80,	 Avg.loss: 0.0021,	 Accuracy: 189/1000(19%)
Task: 3,	 Epoch: 51/80,	 Avg.loss: 0.0021,	 Accuracy: 197/1000(20%)
Task: 3,	 Epoch: 52/80,	 Avg.loss: 0.0021,	 Accuracy: 196/1000(20%)
Task: 3,	 Epoch: 53/80,	 Avg.loss: 0.0021,	 Accuracy: 190/1000(19%)
Task: 3,	 Epoch: 54/80,	 Avg.loss: 0.0021,	 Accuracy: 188/1000(19%)
Task: 3,	 Epoch: 55/80,	 Avg.loss: 0.0021,	 Accuracy: 191/1000(19%)
Task: 3,	 Epoch: 56/80,	 Avg.loss: 0.0021,	 Accuracy: 189/1000(19%)
Task: 3,	 Epoch: 57/80,	 Avg.loss: 0.0021,	 Accuracy: 192/1000(19%)
Task: 3,	 Epoch: 58/80,	 Avg.loss: 0.0021,	 Accuracy: 184/1000(18%)
Task: 3,	 Epoch: 59/80,	 Avg.loss: 0.0021,	 Accuracy: 188/1000(19%)
Task: 3,	 Epoch: 60/80,	 Avg.loss: 0.0021,	 Accuracy: 188/1000(19%)
Task: 3,	 Epoch: 61/80,	 Avg.loss: 0.0021,	 Accuracy: 185/1000(18%)
Task: 3,	 Epoch: 62/80,	 Avg.loss: 0.0021,	 Accuracy: 187/1000(19%)
Task: 3,	 Epoch: 63/80,	 Avg.loss: 0.0021,	 Accuracy: 184/1000(18%)
Task: 3,	 Epoch: 64/80,	 Avg.loss: 0.0021,	 Accuracy: 186/1000(19%)
Task: 3,	 Epoch: 65/80,	 Avg.loss: 0.0021,	 Accuracy: 183/1000(18%)
Task: 3,	 Epoch: 66/80,	 Avg.loss: 0.0021,	 Accuracy: 186/1000(19%)
Task: 3,	 Epoch: 67/80,	 Avg.loss: 0.0021,	 Accuracy: 190/1000(19%)
Task: 3,	 Epoch: 68/80,	 Avg.loss: 0.0021,	 Accuracy: 182/1000(18%)
Task: 3,	 Epoch: 69/80,	 Avg.loss: 0.0021,	 Accuracy: 188/1000(19%)
Task: 3,	 Epoch: 70/80,	 Avg.loss: 0.0021,	 Accuracy: 189/1000(19%)
Task: 3,	 Epoch: 71/80,	 Avg.loss: 0.0021,	 Accuracy: 188/1000(19%)
Task: 3,	 Epoch: 72/80,	 Avg.loss: 0.0021,	 Accuracy: 191/1000(19%)
Task: 3,	 Epoch: 73/80,	 Avg.loss: 0.0021,	 Accuracy: 184/1000(18%)
Task: 3,	 Epoch: 74/80,	 Avg.loss: 0.0021,	 Accuracy: 184/1000(18%)
Task: 3,	 Epoch: 75/80,	 Avg.loss: 0.0021,	 Accuracy: 184/1000(18%)
Task: 3,	 Epoch: 76/80,	 Avg.loss: 0.0021,	 Accuracy: 186/1000(19%)
Task: 3,	 Epoch: 77/80,	 Avg.loss: 0.0021,	 Accuracy: 179/1000(18%)
Task: 3,	 Epoch: 78/80,	 Avg.loss: 0.0021,	 Accuracy: 185/1000(18%)
Task: 3,	 Epoch: 79/80,	 Avg.loss: 0.0021,	 Accuracy: 182/1000(18%)
Task: 0,	 Epoch: -1/80,	 Avg.loss: 0.0007,	 Accuracy: 856/1000(86%)
Trained Task:3, Loaded task:0, Accuracy:85.6%
Task: 1,	 Epoch: -1/80,	 Avg.loss: 0.0018,	 Accuracy: 252/1000(25%)
Trained Task:3, Loaded task:1, Accuracy:25.2%
Task: 2,	 Epoch: -1/80,	 Avg.loss: 0.0023,	 Accuracy: 100/1000(10%)
Trained Task:3, Loaded task:2, Accuracy:10.0%
Task: 3,	 Epoch: -1/80,	 Avg.loss: 0.0021,	 Accuracy: 182/1000(18%)
Trained Task:3, Loaded task:3, Accuracy:18.2%
Trained Task:3, Avg. Accuracy: 34.8 

List of avg. accuracy: [86.7, 56.0, 40.7, 34.8]
Layer        : conv1_layer.2.weight
R.histogram  : tensor([2., 6., 4., 5., 6., 2., 1., 2., 2., 2.], device='cuda:0')
R_sum max/min: 62.1/0.0
F.num_zeros  : 288/9216
W.num_zeros  : 0/9216
O.num_zeros  : 288/9216
Layer        : conv2_layer.2.weight
R.histogram  : tensor([44., 13.,  1.,  3.,  0.,  1.,  1.,  0.,  0.,  1.], device='cuda:0')
R_sum max/min: 126.3/0.0
F.num_zeros  : 9088/36864
W.num_zeros  : 0/36864
O.num_zeros  : 14400/36864
Layer        : fc1_layer.0.weight
R.histogram  : tensor([436.,  38.,  19.,   6.,   7.,   1.,   2.,   1.,   1.,   1.],
       device='cuda:0')
R_sum max/min: 314.3/0.0
F.num_zeros  : 1285834/2097152
W.num_zeros  : 0/2097152
O.num_zeros  : 1637189/2097152
Mask histogram conv1_layer.2.weight: 	 tensor([   0.,    0.,    0.,    0.,    0., 8192.,    0.,    0.,    0.,    0.],
       device='cuda:0')
Mask histogram conv2_layer.2.weight: 	 tensor([   0.,  192., 3904.,    0.,    0.,    0.,    0.,    0.,    0.,    0.],
       device='cuda:0')
Mask histogram fc1_layer.0.weight: 	 tensor([  0., 511.,   0.,   0.,   0.,   1.,   0.,   0.,   0.,   0.],
       device='cuda:0')
Task: 4,	 Epoch: 0/80,	 Avg.loss: 0.0023,	 Accuracy: 100/1000(10%)
Task: 4,	 Epoch: 1/80,	 Avg.loss: 0.0023,	 Accuracy: 100/1000(10%)
Task: 4,	 Epoch: 2/80,	 Avg.loss: 0.0023,	 Accuracy: 100/1000(10%)
Task: 4,	 Epoch: 3/80,	 Avg.loss: 0.0023,	 Accuracy: 100/1000(10%)
Task: 4,	 Epoch: 4/80,	 Avg.loss: 0.0023,	 Accuracy: 100/1000(10%)
Task: 4,	 Epoch: 5/80,	 Avg.loss: 0.0023,	 Accuracy: 100/1000(10%)
Task: 4,	 Epoch: 6/80,	 Avg.loss: 0.0023,	 Accuracy: 100/1000(10%)
Task: 4,	 Epoch: 7/80,	 Avg.loss: 0.0023,	 Accuracy: 100/1000(10%)
Task: 4,	 Epoch: 8/80,	 Avg.loss: 0.0023,	 Accuracy: 100/1000(10%)
Task: 4,	 Epoch: 9/80,	 Avg.loss: 0.0023,	 Accuracy: 100/1000(10%)
Task: 4,	 Epoch: 10/80,	 Avg.loss: 0.0023,	 Accuracy: 100/1000(10%)
Task: 4,	 Epoch: 11/80,	 Avg.loss: 0.0023,	 Accuracy: 100/1000(10%)
Task: 4,	 Epoch: 12/80,	 Avg.loss: 0.0023,	 Accuracy: 100/1000(10%)
Task: 4,	 Epoch: 13/80,	 Avg.loss: 0.0023,	 Accuracy: 100/1000(10%)
Task: 4,	 Epoch: 14/80,	 Avg.loss: 0.0023,	 Accuracy: 100/1000(10%)
Task: 4,	 Epoch: 15/80,	 Avg.loss: 0.0023,	 Accuracy: 100/1000(10%)
Task: 4,	 Epoch: 16/80,	 Avg.loss: 0.0023,	 Accuracy: 100/1000(10%)
Task: 4,	 Epoch: 17/80,	 Avg.loss: 0.0023,	 Accuracy: 100/1000(10%)
Task: 4,	 Epoch: 18/80,	 Avg.loss: 0.0023,	 Accuracy: 100/1000(10%)
Task: 4,	 Epoch: 19/80,	 Avg.loss: 0.0023,	 Accuracy: 100/1000(10%)
Task: 4,	 Epoch: 20/80,	 Avg.loss: 0.0023,	 Accuracy: 100/1000(10%)
Task: 4,	 Epoch: 21/80,	 Avg.loss: 0.0023,	 Accuracy: 100/1000(10%)
Task: 4,	 Epoch: 22/80,	 Avg.loss: 0.0023,	 Accuracy: 100/1000(10%)
Task: 4,	 Epoch: 23/80,	 Avg.loss: 0.0023,	 Accuracy: 100/1000(10%)
Task: 4,	 Epoch: 24/80,	 Avg.loss: 0.0023,	 Accuracy: 100/1000(10%)
Task: 4,	 Epoch: 25/80,	 Avg.loss: 0.0023,	 Accuracy: 100/1000(10%)
Task: 4,	 Epoch: 26/80,	 Avg.loss: 0.0023,	 Accuracy: 100/1000(10%)
Task: 4,	 Epoch: 27/80,	 Avg.loss: 0.0023,	 Accuracy: 100/1000(10%)
Task: 4,	 Epoch: 28/80,	 Avg.loss: 0.0023,	 Accuracy: 100/1000(10%)
Task: 4,	 Epoch: 29/80,	 Avg.loss: 0.0023,	 Accuracy: 100/1000(10%)
Task: 4,	 Epoch: 30/80,	 Avg.loss: 0.0023,	 Accuracy: 100/1000(10%)
Task: 4,	 Epoch: 31/80,	 Avg.loss: 0.0023,	 Accuracy: 100/1000(10%)
Task: 4,	 Epoch: 32/80,	 Avg.loss: 0.0023,	 Accuracy: 100/1000(10%)
Task: 4,	 Epoch: 33/80,	 Avg.loss: 0.0023,	 Accuracy: 100/1000(10%)
Task: 4,	 Epoch: 34/80,	 Avg.loss: 0.0023,	 Accuracy: 100/1000(10%)
Task: 4,	 Epoch: 35/80,	 Avg.loss: 0.0023,	 Accuracy: 100/1000(10%)
Task: 4,	 Epoch: 36/80,	 Avg.loss: 0.0023,	 Accuracy: 100/1000(10%)
Task: 4,	 Epoch: 37/80,	 Avg.loss: 0.0023,	 Accuracy: 100/1000(10%)
Task: 4,	 Epoch: 38/80,	 Avg.loss: 0.0023,	 Accuracy: 100/1000(10%)
Task: 4,	 Epoch: 39/80,	 Avg.loss: 0.0023,	 Accuracy: 100/1000(10%)
Task: 4,	 Epoch: 40/80,	 Avg.loss: 0.0023,	 Accuracy: 100/1000(10%)
Task: 4,	 Epoch: 41/80,	 Avg.loss: 0.0023,	 Accuracy: 100/1000(10%)
Task: 4,	 Epoch: 42/80,	 Avg.loss: 0.0023,	 Accuracy: 100/1000(10%)
Task: 4,	 Epoch: 43/80,	 Avg.loss: 0.0023,	 Accuracy: 100/1000(10%)
Task: 4,	 Epoch: 44/80,	 Avg.loss: 0.0023,	 Accuracy: 100/1000(10%)
Task: 4,	 Epoch: 45/80,	 Avg.loss: 0.0023,	 Accuracy: 100/1000(10%)
Task: 4,	 Epoch: 46/80,	 Avg.loss: 0.0023,	 Accuracy: 100/1000(10%)
Task: 4,	 Epoch: 47/80,	 Avg.loss: 0.0023,	 Accuracy: 100/1000(10%)
Task: 4,	 Epoch: 48/80,	 Avg.loss: 0.0023,	 Accuracy: 100/1000(10%)
Task: 4,	 Epoch: 49/80,	 Avg.loss: 0.0023,	 Accuracy: 100/1000(10%)
Task: 4,	 Epoch: 50/80,	 Avg.loss: 0.0023,	 Accuracy: 100/1000(10%)
Task: 4,	 Epoch: 51/80,	 Avg.loss: 0.0023,	 Accuracy: 100/1000(10%)
Task: 4,	 Epoch: 52/80,	 Avg.loss: 0.0023,	 Accuracy: 100/1000(10%)
Task: 4,	 Epoch: 53/80,	 Avg.loss: 0.0023,	 Accuracy: 100/1000(10%)
Task: 4,	 Epoch: 54/80,	 Avg.loss: 0.0023,	 Accuracy: 100/1000(10%)
Task: 4,	 Epoch: 55/80,	 Avg.loss: 0.0023,	 Accuracy: 100/1000(10%)
Task: 4,	 Epoch: 56/80,	 Avg.loss: 0.0023,	 Accuracy: 100/1000(10%)
Task: 4,	 Epoch: 57/80,	 Avg.loss: 0.0023,	 Accuracy: 100/1000(10%)
Task: 4,	 Epoch: 58/80,	 Avg.loss: 0.0023,	 Accuracy: 100/1000(10%)
Task: 4,	 Epoch: 59/80,	 Avg.loss: 0.0023,	 Accuracy: 100/1000(10%)
Task: 4,	 Epoch: 60/80,	 Avg.loss: 0.0023,	 Accuracy: 100/1000(10%)
Task: 4,	 Epoch: 61/80,	 Avg.loss: 0.0023,	 Accuracy: 100/1000(10%)
Task: 4,	 Epoch: 62/80,	 Avg.loss: 0.0023,	 Accuracy: 100/1000(10%)
Task: 4,	 Epoch: 63/80,	 Avg.loss: 0.0023,	 Accuracy: 100/1000(10%)
Task: 4,	 Epoch: 64/80,	 Avg.loss: 0.0023,	 Accuracy: 100/1000(10%)
Task: 4,	 Epoch: 65/80,	 Avg.loss: 0.0023,	 Accuracy: 100/1000(10%)
Task: 4,	 Epoch: 66/80,	 Avg.loss: 0.0023,	 Accuracy: 100/1000(10%)
Task: 4,	 Epoch: 67/80,	 Avg.loss: 0.0023,	 Accuracy: 100/1000(10%)
Task: 4,	 Epoch: 68/80,	 Avg.loss: 0.0023,	 Accuracy: 100/1000(10%)
Task: 4,	 Epoch: 69/80,	 Avg.loss: 0.0023,	 Accuracy: 100/1000(10%)
Task: 4,	 Epoch: 70/80,	 Avg.loss: 0.0023,	 Accuracy: 100/1000(10%)
Task: 4,	 Epoch: 71/80,	 Avg.loss: 0.0023,	 Accuracy: 100/1000(10%)
Task: 4,	 Epoch: 72/80,	 Avg.loss: 0.0023,	 Accuracy: 100/1000(10%)
Task: 4,	 Epoch: 73/80,	 Avg.loss: 0.0023,	 Accuracy: 100/1000(10%)
Task: 4,	 Epoch: 74/80,	 Avg.loss: 0.0023,	 Accuracy: 100/1000(10%)
Task: 4,	 Epoch: 75/80,	 Avg.loss: 0.0023,	 Accuracy: 100/1000(10%)
Task: 4,	 Epoch: 76/80,	 Avg.loss: 0.0023,	 Accuracy: 100/1000(10%)
Task: 4,	 Epoch: 77/80,	 Avg.loss: 0.0023,	 Accuracy: 100/1000(10%)
Task: 4,	 Epoch: 78/80,	 Avg.loss: 0.0023,	 Accuracy: 100/1000(10%)
Task: 4,	 Epoch: 79/80,	 Avg.loss: 0.0023,	 Accuracy: 100/1000(10%)
Task: 0,	 Epoch: -1/80,	 Avg.loss: 0.0007,	 Accuracy: 856/1000(86%)
Trained Task:4, Loaded task:0, Accuracy:85.6%
Task: 1,	 Epoch: -1/80,	 Avg.loss: 0.0018,	 Accuracy: 252/1000(25%)
Trained Task:4, Loaded task:1, Accuracy:25.2%
Task: 2,	 Epoch: -1/80,	 Avg.loss: 0.0023,	 Accuracy: 100/1000(10%)
Trained Task:4, Loaded task:2, Accuracy:10.0%
Task: 3,	 Epoch: -1/80,	 Avg.loss: 0.0021,	 Accuracy: 182/1000(18%)
Trained Task:4, Loaded task:3, Accuracy:18.2%
Task: 4,	 Epoch: -1/80,	 Avg.loss: 0.0023,	 Accuracy: 100/1000(10%)
Trained Task:4, Loaded task:4, Accuracy:10.0%
Trained Task:4, Avg. Accuracy: 29.8 

List of avg. accuracy: [86.7, 56.0, 40.7, 34.8, 29.8]
Layer        : conv1_layer.2.weight
R.histogram  : tensor([1., 5., 4., 5., 3., 6., 1., 3., 0., 4.], device='cuda:0')
R_sum max/min: 61.6/0.0
F.num_zeros  : 288/9216
W.num_zeros  : 0/9216
O.num_zeros  : 288/9216
Layer        : conv2_layer.2.weight
R.histogram  : tensor([51.,  7.,  2.,  1.,  1.,  1.,  0.,  0.,  0.,  1.], device='cuda:0')
R_sum max/min: 141.7/0.0
F.num_zeros  : 9074/36864
W.num_zeros  : 0/36864
O.num_zeros  : 14400/36864
Layer        : fc1_layer.0.weight
R.histogram  : tensor([461.,  20.,  13.,   4.,   6.,   3.,   1.,   2.,   1.,   1.],
       device='cuda:0')
R_sum max/min: 269.8/0.0
F.num_zeros  : 1339979/2097152
W.num_zeros  : 0/2097152
O.num_zeros  : 1637189/2097152
Mask histogram conv1_layer.2.weight: 	 tensor([   0.,    0.,    0.,    0.,    0.,    0., 8192.,    0.,    0.,    0.],
       device='cuda:0')
Mask histogram conv2_layer.2.weight: 	 tensor([   0.,    0., 2688., 1408.,    0.,    0.,    0.,    0.,    0.,    0.],
       device='cuda:0')
Mask histogram fc1_layer.0.weight: 	 tensor([  0., 511.,   0.,   0.,   0.,   0.,   1.,   0.,   0.,   0.],
       device='cuda:0')
Task: 5,	 Epoch: 0/80,	 Avg.loss: 0.0021,	 Accuracy: 180/1000(18%)
Task: 5,	 Epoch: 1/80,	 Avg.loss: 0.0021,	 Accuracy: 187/1000(19%)
Task: 5,	 Epoch: 2/80,	 Avg.loss: 0.0021,	 Accuracy: 194/1000(19%)
Task: 5,	 Epoch: 3/80,	 Avg.loss: 0.0020,	 Accuracy: 194/1000(19%)
Task: 5,	 Epoch: 4/80,	 Avg.loss: 0.0020,	 Accuracy: 202/1000(20%)
Task: 5,	 Epoch: 5/80,	 Avg.loss: 0.0020,	 Accuracy: 193/1000(19%)
Task: 5,	 Epoch: 6/80,	 Avg.loss: 0.0020,	 Accuracy: 207/1000(21%)
Task: 5,	 Epoch: 7/80,	 Avg.loss: 0.0020,	 Accuracy: 205/1000(21%)
Task: 5,	 Epoch: 8/80,	 Avg.loss: 0.0020,	 Accuracy: 204/1000(20%)
Task: 5,	 Epoch: 9/80,	 Avg.loss: 0.0020,	 Accuracy: 197/1000(20%)
Task: 5,	 Epoch: 10/80,	 Avg.loss: 0.0020,	 Accuracy: 211/1000(21%)
Task: 5,	 Epoch: 11/80,	 Avg.loss: 0.0019,	 Accuracy: 203/1000(20%)
Task: 5,	 Epoch: 12/80,	 Avg.loss: 0.0020,	 Accuracy: 216/1000(22%)
Task: 5,	 Epoch: 13/80,	 Avg.loss: 0.0019,	 Accuracy: 215/1000(22%)
Task: 5,	 Epoch: 14/80,	 Avg.loss: 0.0019,	 Accuracy: 223/1000(22%)
Task: 5,	 Epoch: 15/80,	 Avg.loss: 0.0019,	 Accuracy: 208/1000(21%)
Task: 5,	 Epoch: 16/80,	 Avg.loss: 0.0019,	 Accuracy: 214/1000(21%)
Task: 5,	 Epoch: 17/80,	 Avg.loss: 0.0019,	 Accuracy: 204/1000(20%)
Task: 5,	 Epoch: 18/80,	 Avg.loss: 0.0019,	 Accuracy: 226/1000(23%)
Task: 5,	 Epoch: 19/80,	 Avg.loss: 0.0019,	 Accuracy: 226/1000(23%)
Task: 5,	 Epoch: 20/80,	 Avg.loss: 0.0019,	 Accuracy: 222/1000(22%)
Task: 5,	 Epoch: 21/80,	 Avg.loss: 0.0019,	 Accuracy: 214/1000(21%)
Task: 5,	 Epoch: 22/80,	 Avg.loss: 0.0019,	 Accuracy: 229/1000(23%)
Task: 5,	 Epoch: 23/80,	 Avg.loss: 0.0019,	 Accuracy: 246/1000(25%)
Task: 5,	 Epoch: 24/80,	 Avg.loss: 0.0019,	 Accuracy: 232/1000(23%)
Task: 5,	 Epoch: 25/80,	 Avg.loss: 0.0018,	 Accuracy: 235/1000(24%)
Task: 5,	 Epoch: 26/80,	 Avg.loss: 0.0018,	 Accuracy: 231/1000(23%)
Task: 5,	 Epoch: 27/80,	 Avg.loss: 0.0018,	 Accuracy: 236/1000(24%)
Task: 5,	 Epoch: 28/80,	 Avg.loss: 0.0018,	 Accuracy: 237/1000(24%)
Task: 5,	 Epoch: 29/80,	 Avg.loss: 0.0018,	 Accuracy: 228/1000(23%)
Task: 5,	 Epoch: 30/80,	 Avg.loss: 0.0018,	 Accuracy: 226/1000(23%)
Task: 5,	 Epoch: 31/80,	 Avg.loss: 0.0019,	 Accuracy: 206/1000(21%)
Task: 5,	 Epoch: 32/80,	 Avg.loss: 0.0018,	 Accuracy: 240/1000(24%)
Task: 5,	 Epoch: 33/80,	 Avg.loss: 0.0018,	 Accuracy: 232/1000(23%)
Task: 5,	 Epoch: 34/80,	 Avg.loss: 0.0018,	 Accuracy: 234/1000(23%)
Task: 5,	 Epoch: 35/80,	 Avg.loss: 0.0018,	 Accuracy: 247/1000(25%)
Task: 5,	 Epoch: 36/80,	 Avg.loss: 0.0018,	 Accuracy: 249/1000(25%)
Task: 5,	 Epoch: 37/80,	 Avg.loss: 0.0018,	 Accuracy: 246/1000(25%)
Task: 5,	 Epoch: 38/80,	 Avg.loss: 0.0018,	 Accuracy: 245/1000(25%)
Task: 5,	 Epoch: 39/80,	 Avg.loss: 0.0018,	 Accuracy: 227/1000(23%)
Task: 5,	 Epoch: 40/80,	 Avg.loss: 0.0018,	 Accuracy: 266/1000(27%)
Task: 5,	 Epoch: 41/80,	 Avg.loss: 0.0018,	 Accuracy: 250/1000(25%)
Task: 5,	 Epoch: 42/80,	 Avg.loss: 0.0018,	 Accuracy: 243/1000(24%)
Task: 5,	 Epoch: 43/80,	 Avg.loss: 0.0018,	 Accuracy: 253/1000(25%)
Task: 5,	 Epoch: 44/80,	 Avg.loss: 0.0018,	 Accuracy: 252/1000(25%)
Task: 5,	 Epoch: 45/80,	 Avg.loss: 0.0018,	 Accuracy: 263/1000(26%)
Task: 5,	 Epoch: 46/80,	 Avg.loss: 0.0018,	 Accuracy: 245/1000(25%)
Task: 5,	 Epoch: 47/80,	 Avg.loss: 0.0018,	 Accuracy: 236/1000(24%)
Task: 5,	 Epoch: 48/80,	 Avg.loss: 0.0018,	 Accuracy: 251/1000(25%)
Task: 5,	 Epoch: 49/80,	 Avg.loss: 0.0018,	 Accuracy: 252/1000(25%)
Task: 5,	 Epoch: 50/80,	 Avg.loss: 0.0018,	 Accuracy: 250/1000(25%)
Task: 5,	 Epoch: 51/80,	 Avg.loss: 0.0018,	 Accuracy: 253/1000(25%)
Task: 5,	 Epoch: 52/80,	 Avg.loss: 0.0018,	 Accuracy: 249/1000(25%)
Task: 5,	 Epoch: 53/80,	 Avg.loss: 0.0018,	 Accuracy: 252/1000(25%)
Task: 5,	 Epoch: 54/80,	 Avg.loss: 0.0018,	 Accuracy: 245/1000(25%)
Task: 5,	 Epoch: 55/80,	 Avg.loss: 0.0018,	 Accuracy: 252/1000(25%)
Task: 5,	 Epoch: 56/80,	 Avg.loss: 0.0018,	 Accuracy: 250/1000(25%)
Task: 5,	 Epoch: 57/80,	 Avg.loss: 0.0018,	 Accuracy: 252/1000(25%)
Task: 5,	 Epoch: 58/80,	 Avg.loss: 0.0018,	 Accuracy: 247/1000(25%)
Task: 5,	 Epoch: 59/80,	 Avg.loss: 0.0018,	 Accuracy: 245/1000(25%)
Task: 5,	 Epoch: 60/80,	 Avg.loss: 0.0018,	 Accuracy: 245/1000(25%)
Task: 5,	 Epoch: 61/80,	 Avg.loss: 0.0018,	 Accuracy: 245/1000(25%)
Task: 5,	 Epoch: 62/80,	 Avg.loss: 0.0018,	 Accuracy: 253/1000(25%)
Task: 5,	 Epoch: 63/80,	 Avg.loss: 0.0018,	 Accuracy: 252/1000(25%)
Task: 5,	 Epoch: 64/80,	 Avg.loss: 0.0018,	 Accuracy: 248/1000(25%)
Task: 5,	 Epoch: 65/80,	 Avg.loss: 0.0018,	 Accuracy: 244/1000(24%)
Task: 5,	 Epoch: 66/80,	 Avg.loss: 0.0018,	 Accuracy: 245/1000(25%)
Task: 5,	 Epoch: 67/80,	 Avg.loss: 0.0018,	 Accuracy: 247/1000(25%)
Task: 5,	 Epoch: 68/80,	 Avg.loss: 0.0018,	 Accuracy: 244/1000(24%)
Task: 5,	 Epoch: 69/80,	 Avg.loss: 0.0018,	 Accuracy: 242/1000(24%)
Task: 5,	 Epoch: 70/80,	 Avg.loss: 0.0018,	 Accuracy: 245/1000(25%)
Task: 5,	 Epoch: 71/80,	 Avg.loss: 0.0018,	 Accuracy: 244/1000(24%)
Task: 5,	 Epoch: 72/80,	 Avg.loss: 0.0018,	 Accuracy: 241/1000(24%)
Task: 5,	 Epoch: 73/80,	 Avg.loss: 0.0018,	 Accuracy: 240/1000(24%)
Task: 5,	 Epoch: 74/80,	 Avg.loss: 0.0018,	 Accuracy: 249/1000(25%)
Task: 5,	 Epoch: 75/80,	 Avg.loss: 0.0018,	 Accuracy: 257/1000(26%)
Task: 5,	 Epoch: 76/80,	 Avg.loss: 0.0018,	 Accuracy: 246/1000(25%)
Task: 5,	 Epoch: 77/80,	 Avg.loss: 0.0018,	 Accuracy: 250/1000(25%)
Task: 5,	 Epoch: 78/80,	 Avg.loss: 0.0018,	 Accuracy: 248/1000(25%)
Task: 5,	 Epoch: 79/80,	 Avg.loss: 0.0018,	 Accuracy: 246/1000(25%)
Task: 0,	 Epoch: -1/80,	 Avg.loss: 0.0007,	 Accuracy: 852/1000(85%)
Trained Task:5, Loaded task:0, Accuracy:85.2%
Task: 1,	 Epoch: -1/80,	 Avg.loss: 0.0018,	 Accuracy: 250/1000(25%)
Trained Task:5, Loaded task:1, Accuracy:25.0%
Task: 2,	 Epoch: -1/80,	 Avg.loss: 0.0023,	 Accuracy: 100/1000(10%)
Trained Task:5, Loaded task:2, Accuracy:10.0%
Task: 3,	 Epoch: -1/80,	 Avg.loss: 0.0021,	 Accuracy: 181/1000(18%)
Trained Task:5, Loaded task:3, Accuracy:18.1%
Task: 4,	 Epoch: -1/80,	 Avg.loss: 0.0023,	 Accuracy: 100/1000(10%)
Trained Task:5, Loaded task:4, Accuracy:10.0%
Task: 5,	 Epoch: -1/80,	 Avg.loss: 0.0018,	 Accuracy: 246/1000(25%)
Trained Task:5, Loaded task:5, Accuracy:24.6%
Trained Task:5, Avg. Accuracy: 28.8 

List of avg. accuracy: [86.7, 56.0, 40.7, 34.8, 29.8, 28.8]
Layer        : conv1_layer.2.weight
R.histogram  : tensor([ 2.,  3., 11.,  4.,  1.,  3.,  2.,  4.,  0.,  2.], device='cuda:0')
R_sum max/min: 59.0/0.0
F.num_zeros  : 288/9216
W.num_zeros  : 0/9216
O.num_zeros  : 288/9216
Layer        : conv2_layer.2.weight
R.histogram  : tensor([49.,  8.,  2.,  1.,  1.,  1.,  1.,  0.,  0.,  1.], device='cuda:0')
R_sum max/min: 159.7/0.0
F.num_zeros  : 9052/36864
W.num_zeros  : 0/36864
O.num_zeros  : 13824/36864
Layer        : fc1_layer.0.weight
R.histogram  : tensor([454.,  21.,  15.,   5.,   9.,   5.,   1.,   1.,   0.,   1.],
       device='cuda:0')
R_sum max/min: 288.2/0.0
F.num_zeros  : 1316179/2097152
W.num_zeros  : 0/2097152
O.num_zeros  : 1637125/2097152
Mask histogram conv1_layer.2.weight: 	 tensor([   0.,    0.,    0.,    0.,    0.,    0.,    0., 8192.,    0.,    0.],
       device='cuda:0')
Mask histogram conv2_layer.2.weight: 	 tensor([   0.,    0., 1088., 3008.,    0.,    0.,    0.,    0.,    0.,    0.],
       device='cuda:0')
Mask histogram fc1_layer.0.weight: 	 tensor([  0., 511.,   0.,   0.,   0.,   0.,   0.,   1.,   0.,   0.],
       device='cuda:0')
Task: 6,	 Epoch: 0/80,	 Avg.loss: 0.0022,	 Accuracy: 187/1000(19%)
Task: 6,	 Epoch: 1/80,	 Avg.loss: 0.0021,	 Accuracy: 194/1000(19%)
Task: 6,	 Epoch: 2/80,	 Avg.loss: 0.0021,	 Accuracy: 198/1000(20%)
Task: 6,	 Epoch: 3/80,	 Avg.loss: 0.0021,	 Accuracy: 191/1000(19%)
Task: 6,	 Epoch: 4/80,	 Avg.loss: 0.0021,	 Accuracy: 199/1000(20%)
Task: 6,	 Epoch: 5/80,	 Avg.loss: 0.0021,	 Accuracy: 205/1000(21%)
Task: 6,	 Epoch: 6/80,	 Avg.loss: 0.0020,	 Accuracy: 204/1000(20%)
Task: 6,	 Epoch: 7/80,	 Avg.loss: 0.0020,	 Accuracy: 180/1000(18%)
Task: 6,	 Epoch: 8/80,	 Avg.loss: 0.0020,	 Accuracy: 213/1000(21%)
Task: 6,	 Epoch: 9/80,	 Avg.loss: 0.0020,	 Accuracy: 182/1000(18%)
Task: 6,	 Epoch: 10/80,	 Avg.loss: 0.0019,	 Accuracy: 204/1000(20%)
Task: 6,	 Epoch: 11/80,	 Avg.loss: 0.0019,	 Accuracy: 213/1000(21%)
Task: 6,	 Epoch: 12/80,	 Avg.loss: 0.0019,	 Accuracy: 218/1000(22%)
Task: 6,	 Epoch: 13/80,	 Avg.loss: 0.0019,	 Accuracy: 216/1000(22%)
Task: 6,	 Epoch: 14/80,	 Avg.loss: 0.0019,	 Accuracy: 213/1000(21%)
Task: 6,	 Epoch: 15/80,	 Avg.loss: 0.0019,	 Accuracy: 213/1000(21%)
Task: 6,	 Epoch: 16/80,	 Avg.loss: 0.0019,	 Accuracy: 226/1000(23%)
Task: 6,	 Epoch: 17/80,	 Avg.loss: 0.0019,	 Accuracy: 216/1000(22%)
Task: 6,	 Epoch: 18/80,	 Avg.loss: 0.0019,	 Accuracy: 215/1000(22%)
Task: 6,	 Epoch: 19/80,	 Avg.loss: 0.0019,	 Accuracy: 218/1000(22%)
Task: 6,	 Epoch: 20/80,	 Avg.loss: 0.0019,	 Accuracy: 220/1000(22%)
Task: 6,	 Epoch: 21/80,	 Avg.loss: 0.0019,	 Accuracy: 215/1000(22%)
Task: 6,	 Epoch: 22/80,	 Avg.loss: 0.0019,	 Accuracy: 226/1000(23%)
Task: 6,	 Epoch: 23/80,	 Avg.loss: 0.0019,	 Accuracy: 213/1000(21%)
Task: 6,	 Epoch: 24/80,	 Avg.loss: 0.0019,	 Accuracy: 222/1000(22%)
Task: 6,	 Epoch: 25/80,	 Avg.loss: 0.0019,	 Accuracy: 228/1000(23%)
Task: 6,	 Epoch: 26/80,	 Avg.loss: 0.0018,	 Accuracy: 238/1000(24%)
Task: 6,	 Epoch: 27/80,	 Avg.loss: 0.0018,	 Accuracy: 225/1000(23%)
Task: 6,	 Epoch: 28/80,	 Avg.loss: 0.0018,	 Accuracy: 226/1000(23%)
Task: 6,	 Epoch: 29/80,	 Avg.loss: 0.0018,	 Accuracy: 229/1000(23%)
Task: 6,	 Epoch: 30/80,	 Avg.loss: 0.0018,	 Accuracy: 236/1000(24%)
Task: 6,	 Epoch: 31/80,	 Avg.loss: 0.0018,	 Accuracy: 236/1000(24%)
Task: 6,	 Epoch: 32/80,	 Avg.loss: 0.0018,	 Accuracy: 216/1000(22%)
Task: 6,	 Epoch: 33/80,	 Avg.loss: 0.0018,	 Accuracy: 250/1000(25%)
Task: 6,	 Epoch: 34/80,	 Avg.loss: 0.0018,	 Accuracy: 217/1000(22%)
Task: 6,	 Epoch: 35/80,	 Avg.loss: 0.0018,	 Accuracy: 233/1000(23%)
Task: 6,	 Epoch: 36/80,	 Avg.loss: 0.0019,	 Accuracy: 236/1000(24%)
Task: 6,	 Epoch: 37/80,	 Avg.loss: 0.0018,	 Accuracy: 233/1000(23%)
Task: 6,	 Epoch: 38/80,	 Avg.loss: 0.0018,	 Accuracy: 230/1000(23%)
Task: 6,	 Epoch: 39/80,	 Avg.loss: 0.0018,	 Accuracy: 229/1000(23%)
Task: 6,	 Epoch: 40/80,	 Avg.loss: 0.0018,	 Accuracy: 234/1000(23%)
Task: 6,	 Epoch: 41/80,	 Avg.loss: 0.0018,	 Accuracy: 238/1000(24%)
Task: 6,	 Epoch: 42/80,	 Avg.loss: 0.0018,	 Accuracy: 225/1000(23%)
Task: 6,	 Epoch: 43/80,	 Avg.loss: 0.0018,	 Accuracy: 239/1000(24%)
Task: 6,	 Epoch: 44/80,	 Avg.loss: 0.0018,	 Accuracy: 235/1000(24%)
Task: 6,	 Epoch: 45/80,	 Avg.loss: 0.0018,	 Accuracy: 240/1000(24%)
Task: 6,	 Epoch: 46/80,	 Avg.loss: 0.0018,	 Accuracy: 240/1000(24%)
Task: 6,	 Epoch: 47/80,	 Avg.loss: 0.0018,	 Accuracy: 239/1000(24%)
Task: 6,	 Epoch: 48/80,	 Avg.loss: 0.0018,	 Accuracy: 239/1000(24%)
Task: 6,	 Epoch: 49/80,	 Avg.loss: 0.0018,	 Accuracy: 236/1000(24%)
Task: 6,	 Epoch: 50/80,	 Avg.loss: 0.0018,	 Accuracy: 246/1000(25%)
Task: 6,	 Epoch: 51/80,	 Avg.loss: 0.0018,	 Accuracy: 249/1000(25%)
Task: 6,	 Epoch: 52/80,	 Avg.loss: 0.0018,	 Accuracy: 247/1000(25%)
Task: 6,	 Epoch: 53/80,	 Avg.loss: 0.0018,	 Accuracy: 248/1000(25%)
Task: 6,	 Epoch: 54/80,	 Avg.loss: 0.0018,	 Accuracy: 246/1000(25%)
Task: 6,	 Epoch: 55/80,	 Avg.loss: 0.0018,	 Accuracy: 249/1000(25%)
Task: 6,	 Epoch: 56/80,	 Avg.loss: 0.0018,	 Accuracy: 247/1000(25%)
Task: 6,	 Epoch: 57/80,	 Avg.loss: 0.0018,	 Accuracy: 249/1000(25%)
Task: 6,	 Epoch: 58/80,	 Avg.loss: 0.0018,	 Accuracy: 248/1000(25%)
Task: 6,	 Epoch: 59/80,	 Avg.loss: 0.0018,	 Accuracy: 244/1000(24%)
Task: 6,	 Epoch: 60/80,	 Avg.loss: 0.0018,	 Accuracy: 249/1000(25%)
Task: 6,	 Epoch: 61/80,	 Avg.loss: 0.0018,	 Accuracy: 246/1000(25%)
Task: 6,	 Epoch: 62/80,	 Avg.loss: 0.0018,	 Accuracy: 246/1000(25%)
Task: 6,	 Epoch: 63/80,	 Avg.loss: 0.0018,	 Accuracy: 247/1000(25%)
Task: 6,	 Epoch: 64/80,	 Avg.loss: 0.0018,	 Accuracy: 249/1000(25%)
Task: 6,	 Epoch: 65/80,	 Avg.loss: 0.0018,	 Accuracy: 246/1000(25%)
Task: 6,	 Epoch: 66/80,	 Avg.loss: 0.0018,	 Accuracy: 248/1000(25%)
Task: 6,	 Epoch: 67/80,	 Avg.loss: 0.0018,	 Accuracy: 247/1000(25%)
Task: 6,	 Epoch: 68/80,	 Avg.loss: 0.0018,	 Accuracy: 252/1000(25%)
Task: 6,	 Epoch: 69/80,	 Avg.loss: 0.0018,	 Accuracy: 253/1000(25%)
Task: 6,	 Epoch: 70/80,	 Avg.loss: 0.0018,	 Accuracy: 253/1000(25%)
Task: 6,	 Epoch: 71/80,	 Avg.loss: 0.0018,	 Accuracy: 242/1000(24%)
Task: 6,	 Epoch: 72/80,	 Avg.loss: 0.0018,	 Accuracy: 245/1000(25%)
Task: 6,	 Epoch: 73/80,	 Avg.loss: 0.0018,	 Accuracy: 249/1000(25%)
Task: 6,	 Epoch: 74/80,	 Avg.loss: 0.0018,	 Accuracy: 251/1000(25%)
Task: 6,	 Epoch: 75/80,	 Avg.loss: 0.0018,	 Accuracy: 253/1000(25%)
Task: 6,	 Epoch: 76/80,	 Avg.loss: 0.0018,	 Accuracy: 254/1000(25%)
Task: 6,	 Epoch: 77/80,	 Avg.loss: 0.0018,	 Accuracy: 251/1000(25%)
Task: 6,	 Epoch: 78/80,	 Avg.loss: 0.0018,	 Accuracy: 249/1000(25%)
Task: 6,	 Epoch: 79/80,	 Avg.loss: 0.0018,	 Accuracy: 249/1000(25%)
Task: 0,	 Epoch: -1/80,	 Avg.loss: 0.0007,	 Accuracy: 856/1000(86%)
Trained Task:6, Loaded task:0, Accuracy:85.6%
Task: 1,	 Epoch: -1/80,	 Avg.loss: 0.0018,	 Accuracy: 250/1000(25%)
Trained Task:6, Loaded task:1, Accuracy:25.0%
Task: 2,	 Epoch: -1/80,	 Avg.loss: 0.0023,	 Accuracy: 145/1000(15%)
Trained Task:6, Loaded task:2, Accuracy:14.5%
Task: 3,	 Epoch: -1/80,	 Avg.loss: 0.0021,	 Accuracy: 187/1000(19%)
Trained Task:6, Loaded task:3, Accuracy:18.7%
Task: 4,	 Epoch: -1/80,	 Avg.loss: 0.0023,	 Accuracy: 102/1000(10%)
Trained Task:6, Loaded task:4, Accuracy:10.2%
Task: 5,	 Epoch: -1/80,	 Avg.loss: 0.0018,	 Accuracy: 246/1000(25%)
Trained Task:6, Loaded task:5, Accuracy:24.6%
Task: 6,	 Epoch: -1/80,	 Avg.loss: 0.0018,	 Accuracy: 249/1000(25%)
Trained Task:6, Loaded task:6, Accuracy:24.9%
Trained Task:6, Avg. Accuracy: 29.1 

List of avg. accuracy: [86.7, 56.0, 40.7, 34.8, 29.8, 28.8, 29.1]
Layer        : conv1_layer.2.weight
R.histogram  : tensor([ 8., 13.,  4.,  1.,  4.,  1.,  0.,  0.,  0.,  1.], device='cuda:0')
R_sum max/min: 96.1/0.0
F.num_zeros  : 288/9216
W.num_zeros  : 0/9216
O.num_zeros  : 288/9216
Layer        : conv2_layer.2.weight
R.histogram  : tensor([37., 13.,  6.,  2.,  1.,  2.,  1.,  0.,  1.,  1.], device='cuda:0')
R_sum max/min: 158.0/0.0
F.num_zeros  : 9152/36864
W.num_zeros  : 0/36864
O.num_zeros  : 12672/36864
Layer        : fc1_layer.0.weight
R.histogram  : tensor([467.,  20.,  10.,   7.,   3.,   3.,   0.,   0.,   0.,   2.],
       device='cuda:0')
R_sum max/min: 346.5/0.0
F.num_zeros  : 1323656/2097152
W.num_zeros  : 0/2097152
O.num_zeros  : 1636997/2097152
Mask histogram conv1_layer.2.weight: 	 tensor([   0.,    0.,    0.,    0.,    0.,    0.,    0.,    0., 8192.,    0.],
       device='cuda:0')
Mask histogram conv2_layer.2.weight: 	 tensor([   0.,    0.,    0., 3584.,  512.,    0.,    0.,    0.,    0.,    0.],
       device='cuda:0')
Mask histogram fc1_layer.0.weight: 	 tensor([  0., 511.,   0.,   0.,   0.,   0.,   0.,   0.,   1.,   0.],
       device='cuda:0')
Task: 7,	 Epoch: 0/80,	 Avg.loss: 0.0022,	 Accuracy: 112/1000(11%)
Task: 7,	 Epoch: 1/80,	 Avg.loss: 0.0022,	 Accuracy: 131/1000(13%)
Task: 7,	 Epoch: 2/80,	 Avg.loss: 0.0021,	 Accuracy: 147/1000(15%)
Task: 7,	 Epoch: 3/80,	 Avg.loss: 0.0021,	 Accuracy: 206/1000(21%)
Task: 7,	 Epoch: 4/80,	 Avg.loss: 0.0021,	 Accuracy: 201/1000(20%)
Task: 7,	 Epoch: 5/80,	 Avg.loss: 0.0020,	 Accuracy: 203/1000(20%)
Task: 7,	 Epoch: 6/80,	 Avg.loss: 0.0020,	 Accuracy: 204/1000(20%)
Task: 7,	 Epoch: 7/80,	 Avg.loss: 0.0020,	 Accuracy: 205/1000(21%)
Task: 7,	 Epoch: 8/80,	 Avg.loss: 0.0020,	 Accuracy: 210/1000(21%)
Task: 7,	 Epoch: 9/80,	 Avg.loss: 0.0020,	 Accuracy: 214/1000(21%)
Task: 7,	 Epoch: 10/80,	 Avg.loss: 0.0020,	 Accuracy: 214/1000(21%)
Task: 7,	 Epoch: 11/80,	 Avg.loss: 0.0020,	 Accuracy: 218/1000(22%)
Task: 7,	 Epoch: 12/80,	 Avg.loss: 0.0020,	 Accuracy: 224/1000(22%)
Task: 7,	 Epoch: 13/80,	 Avg.loss: 0.0020,	 Accuracy: 229/1000(23%)
Task: 7,	 Epoch: 14/80,	 Avg.loss: 0.0019,	 Accuracy: 221/1000(22%)
Task: 7,	 Epoch: 15/80,	 Avg.loss: 0.0020,	 Accuracy: 218/1000(22%)
Task: 7,	 Epoch: 16/80,	 Avg.loss: 0.0019,	 Accuracy: 220/1000(22%)
Task: 7,	 Epoch: 17/80,	 Avg.loss: 0.0020,	 Accuracy: 204/1000(20%)
Task: 7,	 Epoch: 18/80,	 Avg.loss: 0.0020,	 Accuracy: 212/1000(21%)
Task: 7,	 Epoch: 19/80,	 Avg.loss: 0.0019,	 Accuracy: 234/1000(23%)
Task: 7,	 Epoch: 20/80,	 Avg.loss: 0.0019,	 Accuracy: 224/1000(22%)
Task: 7,	 Epoch: 21/80,	 Avg.loss: 0.0019,	 Accuracy: 254/1000(25%)
Task: 7,	 Epoch: 22/80,	 Avg.loss: 0.0019,	 Accuracy: 234/1000(23%)
Task: 7,	 Epoch: 23/80,	 Avg.loss: 0.0019,	 Accuracy: 223/1000(22%)
Task: 7,	 Epoch: 24/80,	 Avg.loss: 0.0019,	 Accuracy: 226/1000(23%)
Task: 7,	 Epoch: 25/80,	 Avg.loss: 0.0019,	 Accuracy: 219/1000(22%)
Task: 7,	 Epoch: 26/80,	 Avg.loss: 0.0019,	 Accuracy: 226/1000(23%)
Task: 7,	 Epoch: 27/80,	 Avg.loss: 0.0019,	 Accuracy: 234/1000(23%)
Task: 7,	 Epoch: 28/80,	 Avg.loss: 0.0019,	 Accuracy: 232/1000(23%)
Task: 7,	 Epoch: 29/80,	 Avg.loss: 0.0019,	 Accuracy: 243/1000(24%)
Task: 7,	 Epoch: 30/80,	 Avg.loss: 0.0019,	 Accuracy: 244/1000(24%)
Task: 7,	 Epoch: 31/80,	 Avg.loss: 0.0019,	 Accuracy: 248/1000(25%)
Task: 7,	 Epoch: 32/80,	 Avg.loss: 0.0019,	 Accuracy: 239/1000(24%)
Task: 7,	 Epoch: 33/80,	 Avg.loss: 0.0019,	 Accuracy: 235/1000(24%)
Task: 7,	 Epoch: 34/80,	 Avg.loss: 0.0018,	 Accuracy: 248/1000(25%)
Task: 7,	 Epoch: 35/80,	 Avg.loss: 0.0018,	 Accuracy: 244/1000(24%)
Task: 7,	 Epoch: 36/80,	 Avg.loss: 0.0019,	 Accuracy: 218/1000(22%)
Task: 7,	 Epoch: 37/80,	 Avg.loss: 0.0018,	 Accuracy: 249/1000(25%)
Task: 7,	 Epoch: 38/80,	 Avg.loss: 0.0018,	 Accuracy: 257/1000(26%)
Task: 7,	 Epoch: 39/80,	 Avg.loss: 0.0018,	 Accuracy: 240/1000(24%)
Task: 7,	 Epoch: 40/80,	 Avg.loss: 0.0018,	 Accuracy: 252/1000(25%)
Task: 7,	 Epoch: 41/80,	 Avg.loss: 0.0018,	 Accuracy: 240/1000(24%)
Task: 7,	 Epoch: 42/80,	 Avg.loss: 0.0018,	 Accuracy: 250/1000(25%)
Task: 7,	 Epoch: 43/80,	 Avg.loss: 0.0018,	 Accuracy: 249/1000(25%)
Task: 7,	 Epoch: 44/80,	 Avg.loss: 0.0018,	 Accuracy: 270/1000(27%)
Task: 7,	 Epoch: 45/80,	 Avg.loss: 0.0018,	 Accuracy: 253/1000(25%)
Task: 7,	 Epoch: 46/80,	 Avg.loss: 0.0018,	 Accuracy: 249/1000(25%)
Task: 7,	 Epoch: 47/80,	 Avg.loss: 0.0018,	 Accuracy: 241/1000(24%)
Task: 7,	 Epoch: 48/80,	 Avg.loss: 0.0018,	 Accuracy: 252/1000(25%)
Task: 7,	 Epoch: 49/80,	 Avg.loss: 0.0018,	 Accuracy: 253/1000(25%)
Task: 7,	 Epoch: 50/80,	 Avg.loss: 0.0018,	 Accuracy: 247/1000(25%)
Task: 7,	 Epoch: 51/80,	 Avg.loss: 0.0018,	 Accuracy: 244/1000(24%)
Task: 7,	 Epoch: 52/80,	 Avg.loss: 0.0018,	 Accuracy: 247/1000(25%)
Task: 7,	 Epoch: 53/80,	 Avg.loss: 0.0018,	 Accuracy: 244/1000(24%)
Task: 7,	 Epoch: 54/80,	 Avg.loss: 0.0018,	 Accuracy: 248/1000(25%)
Task: 7,	 Epoch: 55/80,	 Avg.loss: 0.0018,	 Accuracy: 247/1000(25%)
Task: 7,	 Epoch: 56/80,	 Avg.loss: 0.0018,	 Accuracy: 253/1000(25%)
Task: 7,	 Epoch: 57/80,	 Avg.loss: 0.0018,	 Accuracy: 249/1000(25%)
Task: 7,	 Epoch: 58/80,	 Avg.loss: 0.0018,	 Accuracy: 243/1000(24%)
Task: 7,	 Epoch: 59/80,	 Avg.loss: 0.0018,	 Accuracy: 245/1000(25%)
Task: 7,	 Epoch: 60/80,	 Avg.loss: 0.0018,	 Accuracy: 257/1000(26%)
Task: 7,	 Epoch: 61/80,	 Avg.loss: 0.0018,	 Accuracy: 251/1000(25%)
Task: 7,	 Epoch: 62/80,	 Avg.loss: 0.0018,	 Accuracy: 250/1000(25%)
Task: 7,	 Epoch: 63/80,	 Avg.loss: 0.0018,	 Accuracy: 247/1000(25%)
Task: 7,	 Epoch: 64/80,	 Avg.loss: 0.0018,	 Accuracy: 252/1000(25%)
Task: 7,	 Epoch: 65/80,	 Avg.loss: 0.0018,	 Accuracy: 244/1000(24%)
Task: 7,	 Epoch: 66/80,	 Avg.loss: 0.0018,	 Accuracy: 243/1000(24%)
Task: 7,	 Epoch: 67/80,	 Avg.loss: 0.0018,	 Accuracy: 250/1000(25%)
Task: 7,	 Epoch: 68/80,	 Avg.loss: 0.0018,	 Accuracy: 250/1000(25%)
Task: 7,	 Epoch: 69/80,	 Avg.loss: 0.0018,	 Accuracy: 249/1000(25%)
Task: 7,	 Epoch: 70/80,	 Avg.loss: 0.0018,	 Accuracy: 249/1000(25%)
Task: 7,	 Epoch: 71/80,	 Avg.loss: 0.0018,	 Accuracy: 246/1000(25%)
Task: 7,	 Epoch: 72/80,	 Avg.loss: 0.0018,	 Accuracy: 245/1000(25%)
Task: 7,	 Epoch: 73/80,	 Avg.loss: 0.0018,	 Accuracy: 248/1000(25%)
Task: 7,	 Epoch: 74/80,	 Avg.loss: 0.0018,	 Accuracy: 243/1000(24%)
Task: 7,	 Epoch: 75/80,	 Avg.loss: 0.0018,	 Accuracy: 247/1000(25%)
Task: 7,	 Epoch: 76/80,	 Avg.loss: 0.0018,	 Accuracy: 254/1000(25%)
Task: 7,	 Epoch: 77/80,	 Avg.loss: 0.0018,	 Accuracy: 247/1000(25%)
Task: 7,	 Epoch: 78/80,	 Avg.loss: 0.0018,	 Accuracy: 253/1000(25%)
Task: 7,	 Epoch: 79/80,	 Avg.loss: 0.0018,	 Accuracy: 257/1000(26%)
Task: 0,	 Epoch: -1/80,	 Avg.loss: 0.0007,	 Accuracy: 856/1000(86%)
Trained Task:7, Loaded task:0, Accuracy:85.6%
Task: 1,	 Epoch: -1/80,	 Avg.loss: 0.0018,	 Accuracy: 249/1000(25%)
Trained Task:7, Loaded task:1, Accuracy:24.9%
Task: 2,	 Epoch: -1/80,	 Avg.loss: 0.0025,	 Accuracy: 124/1000(12%)
Trained Task:7, Loaded task:2, Accuracy:12.4%
Task: 3,	 Epoch: -1/80,	 Avg.loss: 0.0021,	 Accuracy: 189/1000(19%)
Trained Task:7, Loaded task:3, Accuracy:18.9%
Task: 4,	 Epoch: -1/80,	 Avg.loss: 0.0024,	 Accuracy: 74/1000(7%)
Trained Task:7, Loaded task:4, Accuracy:7.4%
Task: 5,	 Epoch: -1/80,	 Avg.loss: 0.0018,	 Accuracy: 243/1000(24%)
Trained Task:7, Loaded task:5, Accuracy:24.3%
Task: 6,	 Epoch: -1/80,	 Avg.loss: 0.0018,	 Accuracy: 249/1000(25%)
Trained Task:7, Loaded task:6, Accuracy:24.9%
Task: 7,	 Epoch: -1/80,	 Avg.loss: 0.0018,	 Accuracy: 257/1000(26%)
Trained Task:7, Loaded task:7, Accuracy:25.7%
Trained Task:7, Avg. Accuracy: 28.0 

List of avg. accuracy: [86.7, 56.0, 40.7, 34.8, 29.8, 28.8, 29.1, 28.0]
Layer        : conv1_layer.2.weight
R.histogram  : tensor([9., 8., 4., 4., 1., 2., 1., 1., 1., 1.], device='cuda:0')
R_sum max/min: 72.7/0.0
F.num_zeros  : 288/9216
W.num_zeros  : 0/9216
O.num_zeros  : 288/9216
Layer        : conv2_layer.2.weight
R.histogram  : tensor([34.,  6.,  7.,  4.,  7.,  0.,  2.,  2.,  1.,  1.], device='cuda:0')
R_sum max/min: 124.0/0.0
F.num_zeros  : 9793/36864
W.num_zeros  : 0/36864
O.num_zeros  : 9792/36864
Layer        : fc1_layer.0.weight
R.histogram  : tensor([468.,  15.,  13.,   9.,   4.,   0.,   1.,   1.,   0.,   1.],
       device='cuda:0')
R_sum max/min: 346.0/0.0
F.num_zeros  : 1311170/2097152
W.num_zeros  : 0/2097152
O.num_zeros  : 1636677/2097152
Mask histogram conv1_layer.2.weight: 	 tensor([   0.,    0.,    0.,    0.,    0.,    0.,    0.,    0.,    0., 8192.],
       device='cuda:0')
Mask histogram conv2_layer.2.weight: 	 tensor([   0.,    0.,    0., 1984., 2112.,    0.,    0.,    0.,    0.,    0.],
       device='cuda:0')
Mask histogram fc1_layer.0.weight: 	 tensor([  0., 511.,   0.,   0.,   0.,   0.,   0.,   0.,   0.,   1.],
       device='cuda:0')
Task: 8,	 Epoch: 0/80,	 Avg.loss: 0.0022,	 Accuracy: 184/1000(18%)
Task: 8,	 Epoch: 1/80,	 Avg.loss: 0.0022,	 Accuracy: 186/1000(19%)
Task: 8,	 Epoch: 2/80,	 Avg.loss: 0.0022,	 Accuracy: 191/1000(19%)
Task: 8,	 Epoch: 3/80,	 Avg.loss: 0.0022,	 Accuracy: 176/1000(18%)
Task: 8,	 Epoch: 4/80,	 Avg.loss: 0.0022,	 Accuracy: 185/1000(18%)
Task: 8,	 Epoch: 5/80,	 Avg.loss: 0.0022,	 Accuracy: 184/1000(18%)
Task: 8,	 Epoch: 6/80,	 Avg.loss: 0.0022,	 Accuracy: 184/1000(18%)
Task: 8,	 Epoch: 7/80,	 Avg.loss: 0.0021,	 Accuracy: 188/1000(19%)
Task: 8,	 Epoch: 8/80,	 Avg.loss: 0.0021,	 Accuracy: 178/1000(18%)
Task: 8,	 Epoch: 9/80,	 Avg.loss: 0.0021,	 Accuracy: 188/1000(19%)
Task: 8,	 Epoch: 10/80,	 Avg.loss: 0.0021,	 Accuracy: 185/1000(18%)
Task: 8,	 Epoch: 11/80,	 Avg.loss: 0.0021,	 Accuracy: 194/1000(19%)
Task: 8,	 Epoch: 12/80,	 Avg.loss: 0.0021,	 Accuracy: 190/1000(19%)
Task: 8,	 Epoch: 13/80,	 Avg.loss: 0.0021,	 Accuracy: 195/1000(20%)
Task: 8,	 Epoch: 14/80,	 Avg.loss: 0.0021,	 Accuracy: 212/1000(21%)
Task: 8,	 Epoch: 15/80,	 Avg.loss: 0.0021,	 Accuracy: 215/1000(22%)
Task: 8,	 Epoch: 16/80,	 Avg.loss: 0.0021,	 Accuracy: 200/1000(20%)
Task: 8,	 Epoch: 17/80,	 Avg.loss: 0.0021,	 Accuracy: 198/1000(20%)
Task: 8,	 Epoch: 18/80,	 Avg.loss: 0.0020,	 Accuracy: 220/1000(22%)
Task: 8,	 Epoch: 19/80,	 Avg.loss: 0.0021,	 Accuracy: 202/1000(20%)
Task: 8,	 Epoch: 20/80,	 Avg.loss: 0.0020,	 Accuracy: 222/1000(22%)
Task: 8,	 Epoch: 21/80,	 Avg.loss: 0.0020,	 Accuracy: 211/1000(21%)
Task: 8,	 Epoch: 22/80,	 Avg.loss: 0.0020,	 Accuracy: 215/1000(22%)
Task: 8,	 Epoch: 23/80,	 Avg.loss: 0.0021,	 Accuracy: 200/1000(20%)
Task: 8,	 Epoch: 24/80,	 Avg.loss: 0.0020,	 Accuracy: 208/1000(21%)
Task: 8,	 Epoch: 25/80,	 Avg.loss: 0.0020,	 Accuracy: 219/1000(22%)
Task: 8,	 Epoch: 26/80,	 Avg.loss: 0.0020,	 Accuracy: 209/1000(21%)
Task: 8,	 Epoch: 27/80,	 Avg.loss: 0.0020,	 Accuracy: 216/1000(22%)
Task: 8,	 Epoch: 28/80,	 Avg.loss: 0.0020,	 Accuracy: 225/1000(23%)
Task: 8,	 Epoch: 29/80,	 Avg.loss: 0.0020,	 Accuracy: 217/1000(22%)
Task: 8,	 Epoch: 30/80,	 Avg.loss: 0.0020,	 Accuracy: 228/1000(23%)
Task: 8,	 Epoch: 31/80,	 Avg.loss: 0.0020,	 Accuracy: 209/1000(21%)
Task: 8,	 Epoch: 32/80,	 Avg.loss: 0.0021,	 Accuracy: 194/1000(19%)
Task: 8,	 Epoch: 33/80,	 Avg.loss: 0.0020,	 Accuracy: 222/1000(22%)
Task: 8,	 Epoch: 34/80,	 Avg.loss: 0.0020,	 Accuracy: 226/1000(23%)
Task: 8,	 Epoch: 35/80,	 Avg.loss: 0.0020,	 Accuracy: 227/1000(23%)
Task: 8,	 Epoch: 36/80,	 Avg.loss: 0.0020,	 Accuracy: 227/1000(23%)
Task: 8,	 Epoch: 37/80,	 Avg.loss: 0.0020,	 Accuracy: 230/1000(23%)
Task: 8,	 Epoch: 38/80,	 Avg.loss: 0.0020,	 Accuracy: 229/1000(23%)
Task: 8,	 Epoch: 39/80,	 Avg.loss: 0.0020,	 Accuracy: 206/1000(21%)
Task: 8,	 Epoch: 40/80,	 Avg.loss: 0.0020,	 Accuracy: 210/1000(21%)
Task: 8,	 Epoch: 41/80,	 Avg.loss: 0.0020,	 Accuracy: 211/1000(21%)
Task: 8,	 Epoch: 42/80,	 Avg.loss: 0.0020,	 Accuracy: 233/1000(23%)
Task: 8,	 Epoch: 43/80,	 Avg.loss: 0.0021,	 Accuracy: 200/1000(20%)
Task: 8,	 Epoch: 44/80,	 Avg.loss: 0.0020,	 Accuracy: 225/1000(23%)
Task: 8,	 Epoch: 45/80,	 Avg.loss: 0.0020,	 Accuracy: 247/1000(25%)
Task: 8,	 Epoch: 46/80,	 Avg.loss: 0.0020,	 Accuracy: 231/1000(23%)
Task: 8,	 Epoch: 47/80,	 Avg.loss: 0.0020,	 Accuracy: 241/1000(24%)
Task: 8,	 Epoch: 48/80,	 Avg.loss: 0.0020,	 Accuracy: 231/1000(23%)
Task: 8,	 Epoch: 49/80,	 Avg.loss: 0.0020,	 Accuracy: 221/1000(22%)
Task: 8,	 Epoch: 50/80,	 Avg.loss: 0.0020,	 Accuracy: 226/1000(23%)
Task: 8,	 Epoch: 51/80,	 Avg.loss: 0.0020,	 Accuracy: 228/1000(23%)
Task: 8,	 Epoch: 52/80,	 Avg.loss: 0.0020,	 Accuracy: 232/1000(23%)
Task: 8,	 Epoch: 53/80,	 Avg.loss: 0.0020,	 Accuracy: 227/1000(23%)
Task: 8,	 Epoch: 54/80,	 Avg.loss: 0.0020,	 Accuracy: 230/1000(23%)
Task: 8,	 Epoch: 55/80,	 Avg.loss: 0.0020,	 Accuracy: 229/1000(23%)
Task: 8,	 Epoch: 56/80,	 Avg.loss: 0.0020,	 Accuracy: 224/1000(22%)
Task: 8,	 Epoch: 57/80,	 Avg.loss: 0.0020,	 Accuracy: 239/1000(24%)
Task: 8,	 Epoch: 58/80,	 Avg.loss: 0.0020,	 Accuracy: 233/1000(23%)
Task: 8,	 Epoch: 59/80,	 Avg.loss: 0.0020,	 Accuracy: 234/1000(23%)
Task: 8,	 Epoch: 60/80,	 Avg.loss: 0.0020,	 Accuracy: 235/1000(24%)
Task: 8,	 Epoch: 61/80,	 Avg.loss: 0.0020,	 Accuracy: 228/1000(23%)
Task: 8,	 Epoch: 62/80,	 Avg.loss: 0.0020,	 Accuracy: 236/1000(24%)
Task: 8,	 Epoch: 63/80,	 Avg.loss: 0.0020,	 Accuracy: 232/1000(23%)
Task: 8,	 Epoch: 64/80,	 Avg.loss: 0.0020,	 Accuracy: 230/1000(23%)
Task: 8,	 Epoch: 65/80,	 Avg.loss: 0.0020,	 Accuracy: 241/1000(24%)
Task: 8,	 Epoch: 66/80,	 Avg.loss: 0.0020,	 Accuracy: 231/1000(23%)
Task: 8,	 Epoch: 67/80,	 Avg.loss: 0.0020,	 Accuracy: 231/1000(23%)
Task: 8,	 Epoch: 68/80,	 Avg.loss: 0.0020,	 Accuracy: 235/1000(24%)
Task: 8,	 Epoch: 69/80,	 Avg.loss: 0.0020,	 Accuracy: 226/1000(23%)
Task: 8,	 Epoch: 70/80,	 Avg.loss: 0.0020,	 Accuracy: 229/1000(23%)
Task: 8,	 Epoch: 71/80,	 Avg.loss: 0.0020,	 Accuracy: 229/1000(23%)
Task: 8,	 Epoch: 72/80,	 Avg.loss: 0.0020,	 Accuracy: 225/1000(23%)
Task: 8,	 Epoch: 73/80,	 Avg.loss: 0.0020,	 Accuracy: 222/1000(22%)
Task: 8,	 Epoch: 74/80,	 Avg.loss: 0.0020,	 Accuracy: 227/1000(23%)
Task: 8,	 Epoch: 75/80,	 Avg.loss: 0.0020,	 Accuracy: 236/1000(24%)
Task: 8,	 Epoch: 76/80,	 Avg.loss: 0.0020,	 Accuracy: 227/1000(23%)
Task: 8,	 Epoch: 77/80,	 Avg.loss: 0.0020,	 Accuracy: 234/1000(23%)
Task: 8,	 Epoch: 78/80,	 Avg.loss: 0.0020,	 Accuracy: 225/1000(23%)
Task: 8,	 Epoch: 79/80,	 Avg.loss: 0.0020,	 Accuracy: 225/1000(23%)
Task: 0,	 Epoch: -1/80,	 Avg.loss: 0.0007,	 Accuracy: 854/1000(85%)
Trained Task:8, Loaded task:0, Accuracy:85.4%
Task: 1,	 Epoch: -1/80,	 Avg.loss: 0.0019,	 Accuracy: 232/1000(23%)
Trained Task:8, Loaded task:1, Accuracy:23.2%
Task: 2,	 Epoch: -1/80,	 Avg.loss: 0.0025,	 Accuracy: 122/1000(12%)
Trained Task:8, Loaded task:2, Accuracy:12.2%
Task: 3,	 Epoch: -1/80,	 Avg.loss: 0.0021,	 Accuracy: 176/1000(18%)
Trained Task:8, Loaded task:3, Accuracy:17.6%
Task: 4,	 Epoch: -1/80,	 Avg.loss: 0.0024,	 Accuracy: 70/1000(7%)
Trained Task:8, Loaded task:4, Accuracy:7.0%
Task: 5,	 Epoch: -1/80,	 Avg.loss: 0.0018,	 Accuracy: 251/1000(25%)
Trained Task:8, Loaded task:5, Accuracy:25.1%
Task: 6,	 Epoch: -1/80,	 Avg.loss: 0.0018,	 Accuracy: 234/1000(23%)
Trained Task:8, Loaded task:6, Accuracy:23.4%
Task: 7,	 Epoch: -1/80,	 Avg.loss: 0.0018,	 Accuracy: 267/1000(27%)
Trained Task:8, Loaded task:7, Accuracy:26.7%
Task: 8,	 Epoch: -1/80,	 Avg.loss: 0.0020,	 Accuracy: 225/1000(23%)
Trained Task:8, Loaded task:8, Accuracy:22.5%
Trained Task:8, Avg. Accuracy: 27.0 

List of avg. accuracy: [86.7, 56.0, 40.7, 34.8, 29.8, 28.8, 29.1, 28.0, 27.0]
Layer        : conv1_layer.2.weight
R.histogram  : tensor([ 7., 10.,  5.,  3.,  1.,  2.,  1.,  1.,  1.,  1.], device='cuda:0')
R_sum max/min: 79.8/0.0
F.num_zeros  : 288/9216
W.num_zeros  : 0/9216
O.num_zeros  : 288/9216
Layer        : conv2_layer.2.weight
R.histogram  : tensor([35.,  4., 11.,  5.,  2.,  2.,  2.,  2.,  0.,  1.], device='cuda:0')
R_sum max/min: 144.6/0.0
F.num_zeros  : 9792/36864
W.num_zeros  : 0/36864
O.num_zeros  : 9792/36864
Layer        : fc1_layer.0.weight
R.histogram  : tensor([468.,  15.,  13.,  10.,   3.,   0.,   1.,   1.,   0.,   1.],
       device='cuda:0')
R_sum max/min: 351.7/0.0
F.num_zeros  : 1293151/2097152
W.num_zeros  : 0/2097152
O.num_zeros  : 1636676/2097152
Mask histogram conv1_layer.2.weight: 	 tensor([   0.,    0.,    0.,    0.,    0.,    0.,    0.,    0.,    0., 8192.],
       device='cuda:0')
Mask histogram conv2_layer.2.weight: 	 tensor([   0.,    0.,    0.,  384., 3712.,    0.,    0.,    0.,    0.,    0.],
       device='cuda:0')
Mask histogram fc1_layer.0.weight: 	 tensor([  0., 511.,   0.,   0.,   0.,   0.,   0.,   0.,   0.,   1.],
       device='cuda:0')
Task: 9,	 Epoch: 0/80,	 Avg.loss: 0.0022,	 Accuracy: 181/1000(18%)
Task: 9,	 Epoch: 1/80,	 Avg.loss: 0.0022,	 Accuracy: 176/1000(18%)
Task: 9,	 Epoch: 2/80,	 Avg.loss: 0.0022,	 Accuracy: 178/1000(18%)
Task: 9,	 Epoch: 3/80,	 Avg.loss: 0.0022,	 Accuracy: 185/1000(18%)
Task: 9,	 Epoch: 4/80,	 Avg.loss: 0.0022,	 Accuracy: 153/1000(15%)
Task: 9,	 Epoch: 5/80,	 Avg.loss: 0.0022,	 Accuracy: 187/1000(19%)
Task: 9,	 Epoch: 6/80,	 Avg.loss: 0.0022,	 Accuracy: 166/1000(17%)
Task: 9,	 Epoch: 7/80,	 Avg.loss: 0.0022,	 Accuracy: 188/1000(19%)
Task: 9,	 Epoch: 8/80,	 Avg.loss: 0.0022,	 Accuracy: 152/1000(15%)
Task: 9,	 Epoch: 9/80,	 Avg.loss: 0.0022,	 Accuracy: 183/1000(18%)
Task: 9,	 Epoch: 10/80,	 Avg.loss: 0.0022,	 Accuracy: 193/1000(19%)
Task: 9,	 Epoch: 11/80,	 Avg.loss: 0.0022,	 Accuracy: 170/1000(17%)
Task: 9,	 Epoch: 12/80,	 Avg.loss: 0.0022,	 Accuracy: 196/1000(20%)
Task: 9,	 Epoch: 13/80,	 Avg.loss: 0.0022,	 Accuracy: 162/1000(16%)
Task: 9,	 Epoch: 14/80,	 Avg.loss: 0.0022,	 Accuracy: 173/1000(17%)
Task: 9,	 Epoch: 15/80,	 Avg.loss: 0.0022,	 Accuracy: 165/1000(16%)
Task: 9,	 Epoch: 16/80,	 Avg.loss: 0.0022,	 Accuracy: 180/1000(18%)
Task: 9,	 Epoch: 17/80,	 Avg.loss: 0.0022,	 Accuracy: 157/1000(16%)
Task: 9,	 Epoch: 18/80,	 Avg.loss: 0.0022,	 Accuracy: 175/1000(18%)
Task: 9,	 Epoch: 19/80,	 Avg.loss: 0.0022,	 Accuracy: 174/1000(17%)
Task: 9,	 Epoch: 20/80,	 Avg.loss: 0.0022,	 Accuracy: 166/1000(17%)
Task: 9,	 Epoch: 21/80,	 Avg.loss: 0.0022,	 Accuracy: 205/1000(21%)
Task: 9,	 Epoch: 22/80,	 Avg.loss: 0.0022,	 Accuracy: 171/1000(17%)
Task: 9,	 Epoch: 23/80,	 Avg.loss: 0.0022,	 Accuracy: 177/1000(18%)
Task: 9,	 Epoch: 24/80,	 Avg.loss: 0.0022,	 Accuracy: 174/1000(17%)
Task: 9,	 Epoch: 25/80,	 Avg.loss: 0.0022,	 Accuracy: 188/1000(19%)
Task: 9,	 Epoch: 26/80,	 Avg.loss: 0.0022,	 Accuracy: 177/1000(18%)
Task: 9,	 Epoch: 27/80,	 Avg.loss: 0.0022,	 Accuracy: 183/1000(18%)
Task: 9,	 Epoch: 28/80,	 Avg.loss: 0.0022,	 Accuracy: 177/1000(18%)
Task: 9,	 Epoch: 29/80,	 Avg.loss: 0.0022,	 Accuracy: 181/1000(18%)
Task: 9,	 Epoch: 30/80,	 Avg.loss: 0.0022,	 Accuracy: 186/1000(19%)
Task: 9,	 Epoch: 31/80,	 Avg.loss: 0.0022,	 Accuracy: 179/1000(18%)
Task: 9,	 Epoch: 32/80,	 Avg.loss: 0.0022,	 Accuracy: 184/1000(18%)
Task: 9,	 Epoch: 33/80,	 Avg.loss: 0.0021,	 Accuracy: 187/1000(19%)
Task: 9,	 Epoch: 34/80,	 Avg.loss: 0.0022,	 Accuracy: 185/1000(18%)
Task: 9,	 Epoch: 35/80,	 Avg.loss: 0.0022,	 Accuracy: 171/1000(17%)
Task: 9,	 Epoch: 36/80,	 Avg.loss: 0.0021,	 Accuracy: 209/1000(21%)
Task: 9,	 Epoch: 37/80,	 Avg.loss: 0.0021,	 Accuracy: 206/1000(21%)
Task: 9,	 Epoch: 38/80,	 Avg.loss: 0.0021,	 Accuracy: 205/1000(21%)
Task: 9,	 Epoch: 39/80,	 Avg.loss: 0.0022,	 Accuracy: 171/1000(17%)
Task: 9,	 Epoch: 40/80,	 Avg.loss: 0.0021,	 Accuracy: 200/1000(20%)
Task: 9,	 Epoch: 41/80,	 Avg.loss: 0.0021,	 Accuracy: 197/1000(20%)
Task: 9,	 Epoch: 42/80,	 Avg.loss: 0.0022,	 Accuracy: 191/1000(19%)
Task: 9,	 Epoch: 43/80,	 Avg.loss: 0.0021,	 Accuracy: 204/1000(20%)
Task: 9,	 Epoch: 44/80,	 Avg.loss: 0.0021,	 Accuracy: 204/1000(20%)
Task: 9,	 Epoch: 45/80,	 Avg.loss: 0.0021,	 Accuracy: 176/1000(18%)
Task: 9,	 Epoch: 46/80,	 Avg.loss: 0.0021,	 Accuracy: 206/1000(21%)
Task: 9,	 Epoch: 47/80,	 Avg.loss: 0.0021,	 Accuracy: 187/1000(19%)
Task: 9,	 Epoch: 48/80,	 Avg.loss: 0.0021,	 Accuracy: 202/1000(20%)
Task: 9,	 Epoch: 49/80,	 Avg.loss: 0.0022,	 Accuracy: 166/1000(17%)
Task: 9,	 Epoch: 50/80,	 Avg.loss: 0.0021,	 Accuracy: 184/1000(18%)
Task: 9,	 Epoch: 51/80,	 Avg.loss: 0.0021,	 Accuracy: 192/1000(19%)
Task: 9,	 Epoch: 52/80,	 Avg.loss: 0.0021,	 Accuracy: 189/1000(19%)
Task: 9,	 Epoch: 53/80,	 Avg.loss: 0.0021,	 Accuracy: 194/1000(19%)
Task: 9,	 Epoch: 54/80,	 Avg.loss: 0.0021,	 Accuracy: 196/1000(20%)
Task: 9,	 Epoch: 55/80,	 Avg.loss: 0.0021,	 Accuracy: 198/1000(20%)
Task: 9,	 Epoch: 56/80,	 Avg.loss: 0.0021,	 Accuracy: 194/1000(19%)
Task: 9,	 Epoch: 57/80,	 Avg.loss: 0.0021,	 Accuracy: 196/1000(20%)
Task: 9,	 Epoch: 58/80,	 Avg.loss: 0.0021,	 Accuracy: 198/1000(20%)
Task: 9,	 Epoch: 59/80,	 Avg.loss: 0.0021,	 Accuracy: 192/1000(19%)
Task: 9,	 Epoch: 60/80,	 Avg.loss: 0.0021,	 Accuracy: 189/1000(19%)
Task: 9,	 Epoch: 61/80,	 Avg.loss: 0.0021,	 Accuracy: 192/1000(19%)
Task: 9,	 Epoch: 62/80,	 Avg.loss: 0.0021,	 Accuracy: 191/1000(19%)
Task: 9,	 Epoch: 63/80,	 Avg.loss: 0.0021,	 Accuracy: 195/1000(20%)
Task: 9,	 Epoch: 64/80,	 Avg.loss: 0.0021,	 Accuracy: 189/1000(19%)
Task: 9,	 Epoch: 65/80,	 Avg.loss: 0.0021,	 Accuracy: 196/1000(20%)
Task: 9,	 Epoch: 66/80,	 Avg.loss: 0.0021,	 Accuracy: 195/1000(20%)
Task: 9,	 Epoch: 67/80,	 Avg.loss: 0.0021,	 Accuracy: 190/1000(19%)
Task: 9,	 Epoch: 68/80,	 Avg.loss: 0.0021,	 Accuracy: 195/1000(20%)
Task: 9,	 Epoch: 69/80,	 Avg.loss: 0.0021,	 Accuracy: 197/1000(20%)
Task: 9,	 Epoch: 70/80,	 Avg.loss: 0.0021,	 Accuracy: 198/1000(20%)
Task: 9,	 Epoch: 71/80,	 Avg.loss: 0.0021,	 Accuracy: 204/1000(20%)
Task: 9,	 Epoch: 72/80,	 Avg.loss: 0.0021,	 Accuracy: 196/1000(20%)
Task: 9,	 Epoch: 73/80,	 Avg.loss: 0.0021,	 Accuracy: 205/1000(21%)
Task: 9,	 Epoch: 74/80,	 Avg.loss: 0.0021,	 Accuracy: 200/1000(20%)
Task: 9,	 Epoch: 75/80,	 Avg.loss: 0.0021,	 Accuracy: 193/1000(19%)
Task: 9,	 Epoch: 76/80,	 Avg.loss: 0.0021,	 Accuracy: 202/1000(20%)
Task: 9,	 Epoch: 77/80,	 Avg.loss: 0.0021,	 Accuracy: 195/1000(20%)
Task: 9,	 Epoch: 78/80,	 Avg.loss: 0.0021,	 Accuracy: 195/1000(20%)
Task: 9,	 Epoch: 79/80,	 Avg.loss: 0.0021,	 Accuracy: 196/1000(20%)
Task: 0,	 Epoch: -1/80,	 Avg.loss: 0.0007,	 Accuracy: 859/1000(86%)
Trained Task:9, Loaded task:0, Accuracy:85.9%
Task: 1,	 Epoch: -1/80,	 Avg.loss: 0.0019,	 Accuracy: 226/1000(23%)
Trained Task:9, Loaded task:1, Accuracy:22.6%
Task: 2,	 Epoch: -1/80,	 Avg.loss: 0.0025,	 Accuracy: 148/1000(15%)
Trained Task:9, Loaded task:2, Accuracy:14.8%
Task: 3,	 Epoch: -1/80,	 Avg.loss: 0.0021,	 Accuracy: 182/1000(18%)
Trained Task:9, Loaded task:3, Accuracy:18.2%
Task: 4,	 Epoch: -1/80,	 Avg.loss: 0.0024,	 Accuracy: 71/1000(7%)
Trained Task:9, Loaded task:4, Accuracy:7.1%
Task: 5,	 Epoch: -1/80,	 Avg.loss: 0.0018,	 Accuracy: 254/1000(25%)
Trained Task:9, Loaded task:5, Accuracy:25.4%
Task: 6,	 Epoch: -1/80,	 Avg.loss: 0.0018,	 Accuracy: 223/1000(22%)
Trained Task:9, Loaded task:6, Accuracy:22.3%
Task: 7,	 Epoch: -1/80,	 Avg.loss: 0.0018,	 Accuracy: 271/1000(27%)
Trained Task:9, Loaded task:7, Accuracy:27.1%
Task: 8,	 Epoch: -1/80,	 Avg.loss: 0.0020,	 Accuracy: 227/1000(23%)
Trained Task:9, Loaded task:8, Accuracy:22.7%
Task: 9,	 Epoch: -1/80,	 Avg.loss: 0.0021,	 Accuracy: 196/1000(20%)
Trained Task:9, Loaded task:9, Accuracy:19.6%
Trained Task:9, Avg. Accuracy: 26.6 

List of avg. accuracy: [86.7, 56.0, 40.7, 34.8, 29.8, 28.8, 29.1, 28.0, 27.0, 26.6]
