Layer        : conv1_layer.2.weight
R.histogram  : tensor([4., 6., 5., 6., 3., 0., 3., 1., 1., 3.], device='cuda:0')
R_sum max/min: 52.8/1.2
F.num_zeros  : 0/9216
W.num_zeros  : 0/9216
O.num_zeros  : 0/9216
Layer        : conv2_layer.2.weight
R.histogram  : tensor([11., 10., 11.,  8.,  6.,  3.,  3.,  3.,  3.,  6.], device='cuda:0')
R_sum max/min: 57.8/0.0
F.num_zeros  : 4082/36864
W.num_zeros  : 0/36864
O.num_zeros  : 0/36864
Layer        : fc1_layer.1.weight
R.histogram  : tensor([299., 134.,  50.,  18.,   3.,   1.,   4.,   0.,   2.,   1.],
       device='cuda:0')
R_sum max/min: 681.0/0.0
F.num_zeros  : 918488/2097152
W.num_zeros  : 0/2097152
O.num_zeros  : 0/2097152
Mask histogram
conv1_layer.2.weight: 	 tensor([ 256., 7936.,    0.,    0.,    0.,    0.,    0.,    0.,    0.,    0.,
           0.], device='cuda:0')
conv2_layer.2.weight: 	 tensor([2560., 1536.,    0.,    0.,    0.,    0.,    0.,    0.,    0.,    0.,
           0.], device='cuda:0')
fc1_layer.1.weight: 	 tensor([308., 204.,   0.,   0.,   0.,   0.,   0.,   0.,   0.,   0.,   0.],
       device='cuda:0')
Task: 0,	 Epoch: 0/80,	 Avg.loss: 0.0012,	 Test Accuracy: 582/1000(58%)
Task: 0,	 Epoch: 1/80,	 Avg.loss: 0.0009,	 Test Accuracy: 679/1000(68%)
Task: 0,	 Epoch: 2/80,	 Avg.loss: 0.0009,	 Test Accuracy: 706/1000(71%)
Task: 0,	 Epoch: 3/80,	 Avg.loss: 0.0007,	 Test Accuracy: 747/1000(75%)
Task: 0,	 Epoch: 4/80,	 Avg.loss: 0.0007,	 Test Accuracy: 750/1000(75%)
Task: 0,	 Epoch: 5/80,	 Avg.loss: 0.0007,	 Test Accuracy: 750/1000(75%)
Task: 0,	 Epoch: 6/80,	 Avg.loss: 0.0007,	 Test Accuracy: 766/1000(77%)
Task: 0,	 Epoch: 7/80,	 Avg.loss: 0.0007,	 Test Accuracy: 763/1000(76%)
Task: 0,	 Epoch: 8/80,	 Avg.loss: 0.0006,	 Test Accuracy: 795/1000(80%)
Task: 0,	 Epoch: 9/80,	 Avg.loss: 0.0006,	 Test Accuracy: 802/1000(80%)
Task: 0,	 Epoch: 10/80,	 Avg.loss: 0.0006,	 Test Accuracy: 797/1000(80%)
Task: 0,	 Epoch: 11/80,	 Avg.loss: 0.0006,	 Test Accuracy: 807/1000(81%)
Task: 0,	 Epoch: 12/80,	 Avg.loss: 0.0006,	 Test Accuracy: 808/1000(81%)
Task: 0,	 Epoch: 13/80,	 Avg.loss: 0.0006,	 Test Accuracy: 800/1000(80%)
Task: 0,	 Epoch: 14/80,	 Avg.loss: 0.0006,	 Test Accuracy: 795/1000(80%)
Task: 0,	 Epoch: 15/80,	 Avg.loss: 0.0006,	 Test Accuracy: 807/1000(81%)
Task: 0,	 Epoch: 16/80,	 Avg.loss: 0.0006,	 Test Accuracy: 806/1000(81%)
Task: 0,	 Epoch: 17/80,	 Avg.loss: 0.0006,	 Test Accuracy: 801/1000(80%)
Task: 0,	 Epoch: 18/80,	 Avg.loss: 0.0006,	 Test Accuracy: 808/1000(81%)
Task: 0,	 Epoch: 19/80,	 Avg.loss: 0.0006,	 Test Accuracy: 805/1000(81%)
Task: 0,	 Epoch: 20/80,	 Avg.loss: 0.0006,	 Test Accuracy: 805/1000(81%)
Task: 0,	 Epoch: 21/80,	 Avg.loss: 0.0006,	 Test Accuracy: 813/1000(81%)
Task: 0,	 Epoch: 22/80,	 Avg.loss: 0.0006,	 Test Accuracy: 794/1000(79%)
Task: 0,	 Epoch: 23/80,	 Avg.loss: 0.0006,	 Test Accuracy: 819/1000(82%)
Task: 0,	 Epoch: 24/80,	 Avg.loss: 0.0006,	 Test Accuracy: 814/1000(81%)
Task: 0,	 Epoch: 25/80,	 Avg.loss: 0.0006,	 Test Accuracy: 836/1000(84%)
Task: 0,	 Epoch: 26/80,	 Avg.loss: 0.0006,	 Test Accuracy: 819/1000(82%)
Task: 0,	 Epoch: 27/80,	 Avg.loss: 0.0006,	 Test Accuracy: 827/1000(83%)
Task: 0,	 Epoch: 28/80,	 Avg.loss: 0.0006,	 Test Accuracy: 810/1000(81%)
Task: 0,	 Epoch: 29/80,	 Avg.loss: 0.0006,	 Test Accuracy: 817/1000(82%)
Task: 0,	 Epoch: 30/80,	 Avg.loss: 0.0006,	 Test Accuracy: 824/1000(82%)
Task: 0,	 Epoch: 31/80,	 Avg.loss: 0.0006,	 Test Accuracy: 828/1000(83%)
Task: 0,	 Epoch: 32/80,	 Avg.loss: 0.0006,	 Test Accuracy: 827/1000(83%)
Task: 0,	 Epoch: 33/80,	 Avg.loss: 0.0006,	 Test Accuracy: 823/1000(82%)
Task: 0,	 Epoch: 34/80,	 Avg.loss: 0.0006,	 Test Accuracy: 821/1000(82%)
Task: 0,	 Epoch: 35/80,	 Avg.loss: 0.0006,	 Test Accuracy: 819/1000(82%)
Task: 0,	 Epoch: 36/80,	 Avg.loss: 0.0006,	 Test Accuracy: 825/1000(83%)
Task: 0,	 Epoch: 37/80,	 Avg.loss: 0.0006,	 Test Accuracy: 829/1000(83%)
Task: 0,	 Epoch: 38/80,	 Avg.loss: 0.0006,	 Test Accuracy: 828/1000(83%)
Task: 0,	 Epoch: 39/80,	 Avg.loss: 0.0006,	 Test Accuracy: 824/1000(82%)
Task: 0,	 Epoch: 40/80,	 Avg.loss: 0.0007,	 Test Accuracy: 808/1000(81%)
Task: 0,	 Epoch: 41/80,	 Avg.loss: 0.0006,	 Test Accuracy: 833/1000(83%)
Task: 0,	 Epoch: 42/80,	 Avg.loss: 0.0006,	 Test Accuracy: 840/1000(84%)
Task: 0,	 Epoch: 43/80,	 Avg.loss: 0.0006,	 Test Accuracy: 833/1000(83%)
Task: 0,	 Epoch: 44/80,	 Avg.loss: 0.0006,	 Test Accuracy: 834/1000(83%)
Task: 0,	 Epoch: 45/80,	 Avg.loss: 0.0006,	 Test Accuracy: 824/1000(82%)
Task: 0,	 Epoch: 46/80,	 Avg.loss: 0.0007,	 Test Accuracy: 814/1000(81%)
Task: 0,	 Epoch: 47/80,	 Avg.loss: 0.0006,	 Test Accuracy: 825/1000(83%)
Task: 0,	 Epoch: 48/80,	 Avg.loss: 0.0006,	 Test Accuracy: 825/1000(83%)
Task: 0,	 Epoch: 49/80,	 Avg.loss: 0.0006,	 Test Accuracy: 826/1000(83%)
Task: 0,	 Epoch: 50/80,	 Avg.loss: 0.0006,	 Test Accuracy: 839/1000(84%)
Task: 0,	 Epoch: 51/80,	 Avg.loss: 0.0006,	 Test Accuracy: 843/1000(84%)
Task: 0,	 Epoch: 52/80,	 Avg.loss: 0.0006,	 Test Accuracy: 837/1000(84%)
Task: 0,	 Epoch: 53/80,	 Avg.loss: 0.0006,	 Test Accuracy: 844/1000(84%)
Task: 0,	 Epoch: 54/80,	 Avg.loss: 0.0006,	 Test Accuracy: 844/1000(84%)
Task: 0,	 Epoch: 55/80,	 Avg.loss: 0.0006,	 Test Accuracy: 845/1000(85%)
Task: 0,	 Epoch: 56/80,	 Avg.loss: 0.0006,	 Test Accuracy: 846/1000(85%)
Task: 0,	 Epoch: 57/80,	 Avg.loss: 0.0006,	 Test Accuracy: 844/1000(84%)
Task: 0,	 Epoch: 58/80,	 Avg.loss: 0.0006,	 Test Accuracy: 845/1000(85%)
Task: 0,	 Epoch: 59/80,	 Avg.loss: 0.0006,	 Test Accuracy: 843/1000(84%)
Task: 0,	 Epoch: 60/80,	 Avg.loss: 0.0006,	 Test Accuracy: 842/1000(84%)
Task: 0,	 Epoch: 61/80,	 Avg.loss: 0.0006,	 Test Accuracy: 846/1000(85%)
Task: 0,	 Epoch: 62/80,	 Avg.loss: 0.0006,	 Test Accuracy: 840/1000(84%)
Task: 0,	 Epoch: 63/80,	 Avg.loss: 0.0006,	 Test Accuracy: 843/1000(84%)
Task: 0,	 Epoch: 64/80,	 Avg.loss: 0.0006,	 Test Accuracy: 842/1000(84%)
Task: 0,	 Epoch: 65/80,	 Avg.loss: 0.0006,	 Test Accuracy: 845/1000(85%)
Task: 0,	 Epoch: 66/80,	 Avg.loss: 0.0006,	 Test Accuracy: 843/1000(84%)
Task: 0,	 Epoch: 67/80,	 Avg.loss: 0.0006,	 Test Accuracy: 843/1000(84%)
Task: 0,	 Epoch: 68/80,	 Avg.loss: 0.0006,	 Test Accuracy: 844/1000(84%)
Task: 0,	 Epoch: 69/80,	 Avg.loss: 0.0006,	 Test Accuracy: 846/1000(85%)
Task: 0,	 Epoch: 70/80,	 Avg.loss: 0.0006,	 Test Accuracy: 845/1000(85%)
Task: 0,	 Epoch: 71/80,	 Avg.loss: 0.0006,	 Test Accuracy: 848/1000(85%)
Task: 0,	 Epoch: 72/80,	 Avg.loss: 0.0006,	 Test Accuracy: 842/1000(84%)
Task: 0,	 Epoch: 73/80,	 Avg.loss: 0.0006,	 Test Accuracy: 846/1000(85%)
Task: 0,	 Epoch: 74/80,	 Avg.loss: 0.0006,	 Test Accuracy: 846/1000(85%)
Task: 0,	 Epoch: 75/80,	 Avg.loss: 0.0006,	 Test Accuracy: 847/1000(85%)
Task: 0,	 Epoch: 76/80,	 Avg.loss: 0.0006,	 Test Accuracy: 842/1000(84%)
Task: 0,	 Epoch: 77/80,	 Avg.loss: 0.0006,	 Test Accuracy: 844/1000(84%)
Task: 0,	 Epoch: 78/80,	 Avg.loss: 0.0006,	 Test Accuracy: 846/1000(85%)
Task: 0,	 Epoch: 79/80,	 Avg.loss: 0.0006,	 Test Accuracy: 844/1000(84%)
Trained Task:0, Loaded task:0, Accuracy:84.4%
Trained Task:0, Avg. Accuracy: 84.4 

List of avg. accuracy: [84.4]
Layer        : conv1_layer.2.weight
R.histogram  : tensor([7., 7., 6., 4., 1., 2., 1., 1., 2., 1.], device='cuda:0')
R_sum max/min: 78.5/3.5
F.num_zeros  : 0/9216
W.num_zeros  : 0/9216
O.num_zeros  : 288/9216
Layer        : conv2_layer.2.weight
R.histogram  : tensor([45.,  7.,  6.,  2.,  2.,  0.,  0.,  1.,  0.,  1.], device='cuda:0')
R_sum max/min: 156.8/0.0
F.num_zeros  : 3921/36864
W.num_zeros  : 0/36864
O.num_zeros  : 26613/36864
Layer        : fc1_layer.1.weight
R.histogram  : tensor([329.,  82.,  46.,  21.,  17.,   7.,   5.,   2.,   2.,   1.],
       device='cuda:0')
R_sum max/min: 492.6/0.0
F.num_zeros  : 848936/2097152
W.num_zeros  : 0/2097152
O.num_zeros  : 1910528/2097152
Mask histogram
conv1_layer.2.weight: 	 tensor([   0., 1280., 6912.,    0.,    0.,    0.,    0.,    0.,    0.,    0.,
           0.], device='cuda:0')
conv2_layer.2.weight: 	 tensor([2304.,  512., 1280.,    0.,    0.,    0.,    0.,    0.,    0.,    0.,
           0.], device='cuda:0')
fc1_layer.1.weight: 	 tensor([261.,  94., 157.,   0.,   0.,   0.,   0.,   0.,   0.,   0.,   0.],
       device='cuda:0')
Task: 1,	 Epoch: 0/80,	 Avg.loss: 0.0013,	 Test Accuracy: 567/1000(57%)
Task: 1,	 Epoch: 1/80,	 Avg.loss: 0.0011,	 Test Accuracy: 639/1000(64%)
Task: 1,	 Epoch: 2/80,	 Avg.loss: 0.0011,	 Test Accuracy: 612/1000(61%)
Task: 1,	 Epoch: 3/80,	 Avg.loss: 0.0010,	 Test Accuracy: 672/1000(67%)
Task: 1,	 Epoch: 4/80,	 Avg.loss: 0.0010,	 Test Accuracy: 665/1000(66%)
Task: 1,	 Epoch: 5/80,	 Avg.loss: 0.0009,	 Test Accuracy: 679/1000(68%)
Task: 1,	 Epoch: 6/80,	 Avg.loss: 0.0009,	 Test Accuracy: 672/1000(67%)
Task: 1,	 Epoch: 7/80,	 Avg.loss: 0.0009,	 Test Accuracy: 690/1000(69%)
Task: 1,	 Epoch: 8/80,	 Avg.loss: 0.0009,	 Test Accuracy: 674/1000(67%)
Task: 1,	 Epoch: 9/80,	 Avg.loss: 0.0009,	 Test Accuracy: 685/1000(68%)
Task: 1,	 Epoch: 10/80,	 Avg.loss: 0.0009,	 Test Accuracy: 689/1000(69%)
Task: 1,	 Epoch: 11/80,	 Avg.loss: 0.0009,	 Test Accuracy: 697/1000(70%)
Task: 1,	 Epoch: 12/80,	 Avg.loss: 0.0009,	 Test Accuracy: 711/1000(71%)
Task: 1,	 Epoch: 13/80,	 Avg.loss: 0.0009,	 Test Accuracy: 706/1000(71%)
Task: 1,	 Epoch: 14/80,	 Avg.loss: 0.0009,	 Test Accuracy: 689/1000(69%)
Task: 1,	 Epoch: 15/80,	 Avg.loss: 0.0008,	 Test Accuracy: 697/1000(70%)
Task: 1,	 Epoch: 16/80,	 Avg.loss: 0.0008,	 Test Accuracy: 713/1000(71%)
Task: 1,	 Epoch: 17/80,	 Avg.loss: 0.0008,	 Test Accuracy: 711/1000(71%)
Task: 1,	 Epoch: 18/80,	 Avg.loss: 0.0008,	 Test Accuracy: 710/1000(71%)
Task: 1,	 Epoch: 19/80,	 Avg.loss: 0.0008,	 Test Accuracy: 719/1000(72%)
Task: 1,	 Epoch: 20/80,	 Avg.loss: 0.0008,	 Test Accuracy: 709/1000(71%)
Task: 1,	 Epoch: 21/80,	 Avg.loss: 0.0009,	 Test Accuracy: 701/1000(70%)
Task: 1,	 Epoch: 22/80,	 Avg.loss: 0.0009,	 Test Accuracy: 715/1000(72%)
Task: 1,	 Epoch: 23/80,	 Avg.loss: 0.0008,	 Test Accuracy: 716/1000(72%)
Task: 1,	 Epoch: 24/80,	 Avg.loss: 0.0009,	 Test Accuracy: 711/1000(71%)
Task: 1,	 Epoch: 25/80,	 Avg.loss: 0.0008,	 Test Accuracy: 719/1000(72%)
Task: 1,	 Epoch: 26/80,	 Avg.loss: 0.0009,	 Test Accuracy: 719/1000(72%)
Task: 1,	 Epoch: 27/80,	 Avg.loss: 0.0008,	 Test Accuracy: 724/1000(72%)
Task: 1,	 Epoch: 28/80,	 Avg.loss: 0.0008,	 Test Accuracy: 713/1000(71%)
Task: 1,	 Epoch: 29/80,	 Avg.loss: 0.0008,	 Test Accuracy: 703/1000(70%)
Task: 1,	 Epoch: 30/80,	 Avg.loss: 0.0008,	 Test Accuracy: 732/1000(73%)
Task: 1,	 Epoch: 31/80,	 Avg.loss: 0.0008,	 Test Accuracy: 722/1000(72%)
Task: 1,	 Epoch: 32/80,	 Avg.loss: 0.0008,	 Test Accuracy: 720/1000(72%)
Task: 1,	 Epoch: 33/80,	 Avg.loss: 0.0008,	 Test Accuracy: 728/1000(73%)
Task: 1,	 Epoch: 34/80,	 Avg.loss: 0.0008,	 Test Accuracy: 723/1000(72%)
Task: 1,	 Epoch: 35/80,	 Avg.loss: 0.0008,	 Test Accuracy: 715/1000(72%)
Task: 1,	 Epoch: 36/80,	 Avg.loss: 0.0008,	 Test Accuracy: 720/1000(72%)
Task: 1,	 Epoch: 37/80,	 Avg.loss: 0.0008,	 Test Accuracy: 724/1000(72%)
Task: 1,	 Epoch: 38/80,	 Avg.loss: 0.0008,	 Test Accuracy: 728/1000(73%)
Task: 1,	 Epoch: 39/80,	 Avg.loss: 0.0008,	 Test Accuracy: 726/1000(73%)
Task: 1,	 Epoch: 40/80,	 Avg.loss: 0.0008,	 Test Accuracy: 729/1000(73%)
Task: 1,	 Epoch: 41/80,	 Avg.loss: 0.0008,	 Test Accuracy: 724/1000(72%)
Task: 1,	 Epoch: 42/80,	 Avg.loss: 0.0008,	 Test Accuracy: 715/1000(72%)
Task: 1,	 Epoch: 43/80,	 Avg.loss: 0.0008,	 Test Accuracy: 727/1000(73%)
Task: 1,	 Epoch: 44/80,	 Avg.loss: 0.0008,	 Test Accuracy: 728/1000(73%)
Task: 1,	 Epoch: 45/80,	 Avg.loss: 0.0008,	 Test Accuracy: 722/1000(72%)
Task: 1,	 Epoch: 46/80,	 Avg.loss: 0.0008,	 Test Accuracy: 734/1000(73%)
Task: 1,	 Epoch: 47/80,	 Avg.loss: 0.0008,	 Test Accuracy: 729/1000(73%)
Task: 1,	 Epoch: 48/80,	 Avg.loss: 0.0008,	 Test Accuracy: 733/1000(73%)
Task: 1,	 Epoch: 49/80,	 Avg.loss: 0.0008,	 Test Accuracy: 729/1000(73%)
Task: 1,	 Epoch: 50/80,	 Avg.loss: 0.0008,	 Test Accuracy: 741/1000(74%)
Task: 1,	 Epoch: 51/80,	 Avg.loss: 0.0008,	 Test Accuracy: 739/1000(74%)
Task: 1,	 Epoch: 52/80,	 Avg.loss: 0.0008,	 Test Accuracy: 738/1000(74%)
Task: 1,	 Epoch: 53/80,	 Avg.loss: 0.0008,	 Test Accuracy: 738/1000(74%)
Task: 1,	 Epoch: 54/80,	 Avg.loss: 0.0008,	 Test Accuracy: 739/1000(74%)
Task: 1,	 Epoch: 55/80,	 Avg.loss: 0.0008,	 Test Accuracy: 729/1000(73%)
Task: 1,	 Epoch: 56/80,	 Avg.loss: 0.0008,	 Test Accuracy: 733/1000(73%)
Task: 1,	 Epoch: 57/80,	 Avg.loss: 0.0008,	 Test Accuracy: 731/1000(73%)
Task: 1,	 Epoch: 58/80,	 Avg.loss: 0.0008,	 Test Accuracy: 733/1000(73%)
Task: 1,	 Epoch: 59/80,	 Avg.loss: 0.0008,	 Test Accuracy: 730/1000(73%)
Task: 1,	 Epoch: 60/80,	 Avg.loss: 0.0008,	 Test Accuracy: 732/1000(73%)
Task: 1,	 Epoch: 61/80,	 Avg.loss: 0.0008,	 Test Accuracy: 732/1000(73%)
Task: 1,	 Epoch: 62/80,	 Avg.loss: 0.0008,	 Test Accuracy: 737/1000(74%)
Task: 1,	 Epoch: 63/80,	 Avg.loss: 0.0008,	 Test Accuracy: 739/1000(74%)
Task: 1,	 Epoch: 64/80,	 Avg.loss: 0.0008,	 Test Accuracy: 746/1000(75%)
Task: 1,	 Epoch: 65/80,	 Avg.loss: 0.0008,	 Test Accuracy: 740/1000(74%)
Task: 1,	 Epoch: 66/80,	 Avg.loss: 0.0008,	 Test Accuracy: 739/1000(74%)
Task: 1,	 Epoch: 67/80,	 Avg.loss: 0.0008,	 Test Accuracy: 740/1000(74%)
Task: 1,	 Epoch: 68/80,	 Avg.loss: 0.0008,	 Test Accuracy: 744/1000(74%)
Task: 1,	 Epoch: 69/80,	 Avg.loss: 0.0008,	 Test Accuracy: 740/1000(74%)
Task: 1,	 Epoch: 70/80,	 Avg.loss: 0.0008,	 Test Accuracy: 742/1000(74%)
Task: 1,	 Epoch: 71/80,	 Avg.loss: 0.0008,	 Test Accuracy: 745/1000(74%)
Task: 1,	 Epoch: 72/80,	 Avg.loss: 0.0008,	 Test Accuracy: 741/1000(74%)
Task: 1,	 Epoch: 73/80,	 Avg.loss: 0.0008,	 Test Accuracy: 741/1000(74%)
Task: 1,	 Epoch: 74/80,	 Avg.loss: 0.0008,	 Test Accuracy: 739/1000(74%)
Task: 1,	 Epoch: 75/80,	 Avg.loss: 0.0008,	 Test Accuracy: 743/1000(74%)
Task: 1,	 Epoch: 76/80,	 Avg.loss: 0.0008,	 Test Accuracy: 742/1000(74%)
Task: 1,	 Epoch: 77/80,	 Avg.loss: 0.0008,	 Test Accuracy: 744/1000(74%)
Task: 1,	 Epoch: 78/80,	 Avg.loss: 0.0008,	 Test Accuracy: 735/1000(74%)
Task: 1,	 Epoch: 79/80,	 Avg.loss: 0.0008,	 Test Accuracy: 739/1000(74%)
Trained Task:1, Loaded task:0, Accuracy:84.1%
Trained Task:1, Loaded task:1, Accuracy:73.9%
Trained Task:1, Avg. Accuracy: 79.0 

List of avg. accuracy: [84.4, 79.0]
Layer        : conv1_layer.2.weight
R.histogram  : tensor([11.,  7.,  3.,  5.,  1.,  1.,  1.,  2.,  0.,  1.], device='cuda:0')
R_sum max/min: 70.4/3.4
F.num_zeros  : 0/9216
W.num_zeros  : 0/9216
O.num_zeros  : 0/9216
Layer        : conv2_layer.2.weight
R.histogram  : tensor([43.,  9.,  4.,  5.,  1.,  0.,  0.,  1.,  0.,  1.], device='cuda:0')
R_sum max/min: 101.3/0.0
F.num_zeros  : 3456/36864
W.num_zeros  : 0/36864
O.num_zeros  : 24221/36864
Layer        : fc1_layer.1.weight
R.histogram  : tensor([427.,  49.,  20.,  10.,   2.,   3.,   0.,   0.,   0.,   1.],
       device='cuda:0')
R_sum max/min: 400.6/0.0
F.num_zeros  : 866943/2097152
W.num_zeros  : 0/2097152
O.num_zeros  : 1847680/2097152
Mask histogram
conv1_layer.2.weight: 	 tensor([   0.,    0., 2048., 6144.,    0.,    0.,    0.,    0.,    0.,    0.,
           0.], device='cuda:0')
conv2_layer.2.weight: 	 tensor([2176.,  320.,  512., 1088.,    0.,    0.,    0.,    0.,    0.,    0.,
           0.], device='cuda:0')
fc1_layer.1.weight: 	 tensor([229.,  76.,  85., 122.,   0.,   0.,   0.,   0.,   0.,   0.,   0.],
       device='cuda:0')
Task: 2,	 Epoch: 0/80,	 Avg.loss: 0.0012,	 Test Accuracy: 625/1000(63%)
Task: 2,	 Epoch: 1/80,	 Avg.loss: 0.0010,	 Test Accuracy: 664/1000(66%)
Task: 2,	 Epoch: 2/80,	 Avg.loss: 0.0009,	 Test Accuracy: 708/1000(71%)
Task: 2,	 Epoch: 3/80,	 Avg.loss: 0.0008,	 Test Accuracy: 726/1000(73%)
Task: 2,	 Epoch: 4/80,	 Avg.loss: 0.0008,	 Test Accuracy: 736/1000(74%)
Task: 2,	 Epoch: 5/80,	 Avg.loss: 0.0008,	 Test Accuracy: 721/1000(72%)
Task: 2,	 Epoch: 6/80,	 Avg.loss: 0.0008,	 Test Accuracy: 741/1000(74%)
Task: 2,	 Epoch: 7/80,	 Avg.loss: 0.0008,	 Test Accuracy: 747/1000(75%)
Task: 2,	 Epoch: 8/80,	 Avg.loss: 0.0008,	 Test Accuracy: 735/1000(74%)
Task: 2,	 Epoch: 9/80,	 Avg.loss: 0.0008,	 Test Accuracy: 718/1000(72%)
Task: 2,	 Epoch: 10/80,	 Avg.loss: 0.0008,	 Test Accuracy: 748/1000(75%)
Task: 2,	 Epoch: 11/80,	 Avg.loss: 0.0008,	 Test Accuracy: 756/1000(76%)
Task: 2,	 Epoch: 12/80,	 Avg.loss: 0.0008,	 Test Accuracy: 756/1000(76%)
Task: 2,	 Epoch: 13/80,	 Avg.loss: 0.0008,	 Test Accuracy: 745/1000(74%)
Task: 2,	 Epoch: 14/80,	 Avg.loss: 0.0007,	 Test Accuracy: 749/1000(75%)
Task: 2,	 Epoch: 15/80,	 Avg.loss: 0.0008,	 Test Accuracy: 746/1000(75%)
Task: 2,	 Epoch: 16/80,	 Avg.loss: 0.0008,	 Test Accuracy: 754/1000(75%)
Task: 2,	 Epoch: 17/80,	 Avg.loss: 0.0007,	 Test Accuracy: 763/1000(76%)
Task: 2,	 Epoch: 18/80,	 Avg.loss: 0.0007,	 Test Accuracy: 767/1000(77%)
Task: 2,	 Epoch: 19/80,	 Avg.loss: 0.0007,	 Test Accuracy: 756/1000(76%)
Task: 2,	 Epoch: 20/80,	 Avg.loss: 0.0007,	 Test Accuracy: 752/1000(75%)
Task: 2,	 Epoch: 21/80,	 Avg.loss: 0.0008,	 Test Accuracy: 760/1000(76%)
Task: 2,	 Epoch: 22/80,	 Avg.loss: 0.0008,	 Test Accuracy: 740/1000(74%)
Task: 2,	 Epoch: 23/80,	 Avg.loss: 0.0008,	 Test Accuracy: 765/1000(76%)
Task: 2,	 Epoch: 24/80,	 Avg.loss: 0.0008,	 Test Accuracy: 743/1000(74%)
Task: 2,	 Epoch: 25/80,	 Avg.loss: 0.0007,	 Test Accuracy: 767/1000(77%)
Task: 2,	 Epoch: 26/80,	 Avg.loss: 0.0007,	 Test Accuracy: 760/1000(76%)
Task: 2,	 Epoch: 27/80,	 Avg.loss: 0.0008,	 Test Accuracy: 761/1000(76%)
Task: 2,	 Epoch: 28/80,	 Avg.loss: 0.0008,	 Test Accuracy: 767/1000(77%)
Task: 2,	 Epoch: 29/80,	 Avg.loss: 0.0008,	 Test Accuracy: 766/1000(77%)
Task: 2,	 Epoch: 30/80,	 Avg.loss: 0.0008,	 Test Accuracy: 762/1000(76%)
Task: 2,	 Epoch: 31/80,	 Avg.loss: 0.0008,	 Test Accuracy: 750/1000(75%)
Task: 2,	 Epoch: 32/80,	 Avg.loss: 0.0008,	 Test Accuracy: 770/1000(77%)
Task: 2,	 Epoch: 33/80,	 Avg.loss: 0.0008,	 Test Accuracy: 749/1000(75%)
Task: 2,	 Epoch: 34/80,	 Avg.loss: 0.0008,	 Test Accuracy: 760/1000(76%)
Task: 2,	 Epoch: 35/80,	 Avg.loss: 0.0008,	 Test Accuracy: 765/1000(76%)
Task: 2,	 Epoch: 36/80,	 Avg.loss: 0.0008,	 Test Accuracy: 764/1000(76%)
Task: 2,	 Epoch: 37/80,	 Avg.loss: 0.0008,	 Test Accuracy: 764/1000(76%)
Task: 2,	 Epoch: 38/80,	 Avg.loss: 0.0008,	 Test Accuracy: 763/1000(76%)
Task: 2,	 Epoch: 39/80,	 Avg.loss: 0.0008,	 Test Accuracy: 762/1000(76%)
Task: 2,	 Epoch: 40/80,	 Avg.loss: 0.0008,	 Test Accuracy: 766/1000(77%)
Task: 2,	 Epoch: 41/80,	 Avg.loss: 0.0007,	 Test Accuracy: 778/1000(78%)
Task: 2,	 Epoch: 42/80,	 Avg.loss: 0.0007,	 Test Accuracy: 784/1000(78%)
Task: 2,	 Epoch: 43/80,	 Avg.loss: 0.0007,	 Test Accuracy: 784/1000(78%)
Task: 2,	 Epoch: 44/80,	 Avg.loss: 0.0007,	 Test Accuracy: 766/1000(77%)
Task: 2,	 Epoch: 45/80,	 Avg.loss: 0.0007,	 Test Accuracy: 774/1000(77%)
Task: 2,	 Epoch: 46/80,	 Avg.loss: 0.0007,	 Test Accuracy: 773/1000(77%)
Task: 2,	 Epoch: 47/80,	 Avg.loss: 0.0008,	 Test Accuracy: 770/1000(77%)
Task: 2,	 Epoch: 48/80,	 Avg.loss: 0.0007,	 Test Accuracy: 776/1000(78%)
Task: 2,	 Epoch: 49/80,	 Avg.loss: 0.0008,	 Test Accuracy: 764/1000(76%)
Task: 2,	 Epoch: 50/80,	 Avg.loss: 0.0007,	 Test Accuracy: 774/1000(77%)
Task: 2,	 Epoch: 51/80,	 Avg.loss: 0.0007,	 Test Accuracy: 775/1000(78%)
Task: 2,	 Epoch: 52/80,	 Avg.loss: 0.0007,	 Test Accuracy: 783/1000(78%)
Task: 2,	 Epoch: 53/80,	 Avg.loss: 0.0007,	 Test Accuracy: 787/1000(79%)
Task: 2,	 Epoch: 54/80,	 Avg.loss: 0.0007,	 Test Accuracy: 783/1000(78%)
Task: 2,	 Epoch: 55/80,	 Avg.loss: 0.0007,	 Test Accuracy: 782/1000(78%)
Task: 2,	 Epoch: 56/80,	 Avg.loss: 0.0007,	 Test Accuracy: 790/1000(79%)
Task: 2,	 Epoch: 57/80,	 Avg.loss: 0.0007,	 Test Accuracy: 786/1000(79%)
Task: 2,	 Epoch: 58/80,	 Avg.loss: 0.0007,	 Test Accuracy: 785/1000(78%)
Task: 2,	 Epoch: 59/80,	 Avg.loss: 0.0007,	 Test Accuracy: 782/1000(78%)
Task: 2,	 Epoch: 60/80,	 Avg.loss: 0.0007,	 Test Accuracy: 785/1000(78%)
Task: 2,	 Epoch: 61/80,	 Avg.loss: 0.0007,	 Test Accuracy: 781/1000(78%)
Task: 2,	 Epoch: 62/80,	 Avg.loss: 0.0007,	 Test Accuracy: 781/1000(78%)
Task: 2,	 Epoch: 63/80,	 Avg.loss: 0.0007,	 Test Accuracy: 785/1000(78%)
Task: 2,	 Epoch: 64/80,	 Avg.loss: 0.0007,	 Test Accuracy: 786/1000(79%)
Task: 2,	 Epoch: 65/80,	 Avg.loss: 0.0007,	 Test Accuracy: 778/1000(78%)
Task: 2,	 Epoch: 66/80,	 Avg.loss: 0.0007,	 Test Accuracy: 788/1000(79%)
Task: 2,	 Epoch: 67/80,	 Avg.loss: 0.0007,	 Test Accuracy: 777/1000(78%)
Task: 2,	 Epoch: 68/80,	 Avg.loss: 0.0007,	 Test Accuracy: 777/1000(78%)
Task: 2,	 Epoch: 69/80,	 Avg.loss: 0.0007,	 Test Accuracy: 776/1000(78%)
Task: 2,	 Epoch: 70/80,	 Avg.loss: 0.0007,	 Test Accuracy: 784/1000(78%)
Task: 2,	 Epoch: 71/80,	 Avg.loss: 0.0007,	 Test Accuracy: 787/1000(79%)
Task: 2,	 Epoch: 72/80,	 Avg.loss: 0.0007,	 Test Accuracy: 783/1000(78%)
Task: 2,	 Epoch: 73/80,	 Avg.loss: 0.0007,	 Test Accuracy: 782/1000(78%)
Task: 2,	 Epoch: 74/80,	 Avg.loss: 0.0007,	 Test Accuracy: 781/1000(78%)
Task: 2,	 Epoch: 75/80,	 Avg.loss: 0.0007,	 Test Accuracy: 784/1000(78%)
Task: 2,	 Epoch: 76/80,	 Avg.loss: 0.0007,	 Test Accuracy: 785/1000(78%)
Task: 2,	 Epoch: 77/80,	 Avg.loss: 0.0007,	 Test Accuracy: 776/1000(78%)
Task: 2,	 Epoch: 78/80,	 Avg.loss: 0.0007,	 Test Accuracy: 780/1000(78%)
Task: 2,	 Epoch: 79/80,	 Avg.loss: 0.0007,	 Test Accuracy: 779/1000(78%)
Trained Task:2, Loaded task:0, Accuracy:82.9%
Trained Task:2, Loaded task:1, Accuracy:74.2%
Trained Task:2, Loaded task:2, Accuracy:77.9%
Trained Task:2, Avg. Accuracy: 78.3 

List of avg. accuracy: [84.4, 79.0, 78.3]
Layer        : conv1_layer.2.weight
R.histogram  : tensor([7., 5., 3., 7., 2., 3., 2., 2., 0., 1.], device='cuda:0')
R_sum max/min: 57.0/2.2
F.num_zeros  : 0/9216
W.num_zeros  : 0/9216
O.num_zeros  : 0/9216
Layer        : conv2_layer.2.weight
R.histogram  : tensor([36., 13.,  2.,  4.,  2.,  3.,  2.,  1.,  0.,  1.], device='cuda:0')
R_sum max/min: 121.4/0.0
F.num_zeros  : 3456/36864
W.num_zeros  : 0/36864
O.num_zeros  : 23051/36864
Layer        : fc1_layer.1.weight
R.histogram  : tensor([444.,  40.,  12.,   8.,   4.,   1.,   1.,   0.,   1.,   1.],
       device='cuda:0')
R_sum max/min: 515.7/0.0
F.num_zeros  : 868762/2097152
W.num_zeros  : 0/2097152
O.num_zeros  : 1792219/2097152
Mask histogram
conv1_layer.2.weight: 	 tensor([   0.,    0.,  512., 2048., 5632.,    0.,    0.,    0.,    0.,    0.,
           0.], device='cuda:0')
conv2_layer.2.weight: 	 tensor([2112.,  192.,  384.,  448.,  960.,    0.,    0.,    0.,    0.,    0.,
           0.], device='cuda:0')
fc1_layer.1.weight: 	 tensor([221.,  54.,  56.,  74., 107.,   0.,   0.,   0.,   0.,   0.,   0.],
       device='cuda:0')
Task: 3,	 Epoch: 0/80,	 Avg.loss: 0.0013,	 Test Accuracy: 546/1000(55%)
Task: 3,	 Epoch: 1/80,	 Avg.loss: 0.0012,	 Test Accuracy: 595/1000(60%)
Task: 3,	 Epoch: 2/80,	 Avg.loss: 0.0012,	 Test Accuracy: 599/1000(60%)
Task: 3,	 Epoch: 3/80,	 Avg.loss: 0.0010,	 Test Accuracy: 664/1000(66%)
Task: 3,	 Epoch: 4/80,	 Avg.loss: 0.0011,	 Test Accuracy: 636/1000(64%)
Task: 3,	 Epoch: 5/80,	 Avg.loss: 0.0010,	 Test Accuracy: 668/1000(67%)
Task: 3,	 Epoch: 6/80,	 Avg.loss: 0.0010,	 Test Accuracy: 652/1000(65%)
Task: 3,	 Epoch: 7/80,	 Avg.loss: 0.0010,	 Test Accuracy: 663/1000(66%)
Task: 3,	 Epoch: 8/80,	 Avg.loss: 0.0010,	 Test Accuracy: 692/1000(69%)
Task: 3,	 Epoch: 9/80,	 Avg.loss: 0.0009,	 Test Accuracy: 682/1000(68%)
Task: 3,	 Epoch: 10/80,	 Avg.loss: 0.0009,	 Test Accuracy: 686/1000(69%)
Task: 3,	 Epoch: 11/80,	 Avg.loss: 0.0009,	 Test Accuracy: 692/1000(69%)
Task: 3,	 Epoch: 12/80,	 Avg.loss: 0.0009,	 Test Accuracy: 706/1000(71%)
Task: 3,	 Epoch: 13/80,	 Avg.loss: 0.0010,	 Test Accuracy: 691/1000(69%)
Task: 3,	 Epoch: 14/80,	 Avg.loss: 0.0009,	 Test Accuracy: 706/1000(71%)
Task: 3,	 Epoch: 15/80,	 Avg.loss: 0.0010,	 Test Accuracy: 689/1000(69%)
Task: 3,	 Epoch: 16/80,	 Avg.loss: 0.0009,	 Test Accuracy: 711/1000(71%)
Task: 3,	 Epoch: 17/80,	 Avg.loss: 0.0009,	 Test Accuracy: 712/1000(71%)
Task: 3,	 Epoch: 18/80,	 Avg.loss: 0.0010,	 Test Accuracy: 692/1000(69%)
Task: 3,	 Epoch: 19/80,	 Avg.loss: 0.0009,	 Test Accuracy: 695/1000(70%)
Task: 3,	 Epoch: 20/80,	 Avg.loss: 0.0009,	 Test Accuracy: 712/1000(71%)
Task: 3,	 Epoch: 21/80,	 Avg.loss: 0.0009,	 Test Accuracy: 704/1000(70%)
Task: 3,	 Epoch: 22/80,	 Avg.loss: 0.0009,	 Test Accuracy: 716/1000(72%)
Task: 3,	 Epoch: 23/80,	 Avg.loss: 0.0009,	 Test Accuracy: 699/1000(70%)
Task: 3,	 Epoch: 24/80,	 Avg.loss: 0.0010,	 Test Accuracy: 691/1000(69%)
Task: 3,	 Epoch: 25/80,	 Avg.loss: 0.0009,	 Test Accuracy: 715/1000(72%)
Task: 3,	 Epoch: 26/80,	 Avg.loss: 0.0009,	 Test Accuracy: 715/1000(72%)
Task: 3,	 Epoch: 27/80,	 Avg.loss: 0.0009,	 Test Accuracy: 728/1000(73%)
Task: 3,	 Epoch: 28/80,	 Avg.loss: 0.0009,	 Test Accuracy: 694/1000(69%)
Task: 3,	 Epoch: 29/80,	 Avg.loss: 0.0009,	 Test Accuracy: 697/1000(70%)
Task: 3,	 Epoch: 30/80,	 Avg.loss: 0.0009,	 Test Accuracy: 705/1000(70%)
Task: 3,	 Epoch: 31/80,	 Avg.loss: 0.0009,	 Test Accuracy: 709/1000(71%)
Task: 3,	 Epoch: 32/80,	 Avg.loss: 0.0009,	 Test Accuracy: 712/1000(71%)
Task: 3,	 Epoch: 33/80,	 Avg.loss: 0.0009,	 Test Accuracy: 688/1000(69%)
Task: 3,	 Epoch: 34/80,	 Avg.loss: 0.0009,	 Test Accuracy: 692/1000(69%)
Task: 3,	 Epoch: 35/80,	 Avg.loss: 0.0009,	 Test Accuracy: 702/1000(70%)
Task: 3,	 Epoch: 36/80,	 Avg.loss: 0.0009,	 Test Accuracy: 720/1000(72%)
Task: 3,	 Epoch: 37/80,	 Avg.loss: 0.0009,	 Test Accuracy: 708/1000(71%)
Task: 3,	 Epoch: 38/80,	 Avg.loss: 0.0009,	 Test Accuracy: 706/1000(71%)
Task: 3,	 Epoch: 39/80,	 Avg.loss: 0.0009,	 Test Accuracy: 719/1000(72%)
Task: 3,	 Epoch: 40/80,	 Avg.loss: 0.0009,	 Test Accuracy: 691/1000(69%)
Task: 3,	 Epoch: 41/80,	 Avg.loss: 0.0009,	 Test Accuracy: 710/1000(71%)
Task: 3,	 Epoch: 42/80,	 Avg.loss: 0.0009,	 Test Accuracy: 701/1000(70%)
Task: 3,	 Epoch: 43/80,	 Avg.loss: 0.0009,	 Test Accuracy: 721/1000(72%)
Task: 3,	 Epoch: 44/80,	 Avg.loss: 0.0009,	 Test Accuracy: 717/1000(72%)
Task: 3,	 Epoch: 45/80,	 Avg.loss: 0.0009,	 Test Accuracy: 714/1000(71%)
Task: 3,	 Epoch: 46/80,	 Avg.loss: 0.0009,	 Test Accuracy: 709/1000(71%)
Task: 3,	 Epoch: 47/80,	 Avg.loss: 0.0009,	 Test Accuracy: 711/1000(71%)
Task: 3,	 Epoch: 48/80,	 Avg.loss: 0.0009,	 Test Accuracy: 723/1000(72%)
Task: 3,	 Epoch: 49/80,	 Avg.loss: 0.0009,	 Test Accuracy: 701/1000(70%)
Task: 3,	 Epoch: 50/80,	 Avg.loss: 0.0008,	 Test Accuracy: 720/1000(72%)
Task: 3,	 Epoch: 51/80,	 Avg.loss: 0.0008,	 Test Accuracy: 721/1000(72%)
Task: 3,	 Epoch: 52/80,	 Avg.loss: 0.0008,	 Test Accuracy: 725/1000(72%)
Task: 3,	 Epoch: 53/80,	 Avg.loss: 0.0008,	 Test Accuracy: 728/1000(73%)
Task: 3,	 Epoch: 54/80,	 Avg.loss: 0.0008,	 Test Accuracy: 727/1000(73%)
Task: 3,	 Epoch: 55/80,	 Avg.loss: 0.0008,	 Test Accuracy: 724/1000(72%)
Task: 3,	 Epoch: 56/80,	 Avg.loss: 0.0008,	 Test Accuracy: 732/1000(73%)
Task: 3,	 Epoch: 57/80,	 Avg.loss: 0.0008,	 Test Accuracy: 722/1000(72%)
Task: 3,	 Epoch: 58/80,	 Avg.loss: 0.0008,	 Test Accuracy: 725/1000(72%)
Task: 3,	 Epoch: 59/80,	 Avg.loss: 0.0008,	 Test Accuracy: 729/1000(73%)
Task: 3,	 Epoch: 60/80,	 Avg.loss: 0.0008,	 Test Accuracy: 729/1000(73%)
Task: 3,	 Epoch: 61/80,	 Avg.loss: 0.0008,	 Test Accuracy: 723/1000(72%)
Task: 3,	 Epoch: 62/80,	 Avg.loss: 0.0008,	 Test Accuracy: 731/1000(73%)
Task: 3,	 Epoch: 63/80,	 Avg.loss: 0.0008,	 Test Accuracy: 727/1000(73%)
Task: 3,	 Epoch: 64/80,	 Avg.loss: 0.0008,	 Test Accuracy: 727/1000(73%)
Task: 3,	 Epoch: 65/80,	 Avg.loss: 0.0008,	 Test Accuracy: 724/1000(72%)
Task: 3,	 Epoch: 66/80,	 Avg.loss: 0.0008,	 Test Accuracy: 722/1000(72%)
Task: 3,	 Epoch: 67/80,	 Avg.loss: 0.0008,	 Test Accuracy: 721/1000(72%)
Task: 3,	 Epoch: 68/80,	 Avg.loss: 0.0008,	 Test Accuracy: 726/1000(73%)
Task: 3,	 Epoch: 69/80,	 Avg.loss: 0.0008,	 Test Accuracy: 722/1000(72%)
Task: 3,	 Epoch: 70/80,	 Avg.loss: 0.0008,	 Test Accuracy: 726/1000(73%)
Task: 3,	 Epoch: 71/80,	 Avg.loss: 0.0008,	 Test Accuracy: 722/1000(72%)
Task: 3,	 Epoch: 72/80,	 Avg.loss: 0.0008,	 Test Accuracy: 730/1000(73%)
Task: 3,	 Epoch: 73/80,	 Avg.loss: 0.0008,	 Test Accuracy: 724/1000(72%)
Task: 3,	 Epoch: 74/80,	 Avg.loss: 0.0008,	 Test Accuracy: 730/1000(73%)
Task: 3,	 Epoch: 75/80,	 Avg.loss: 0.0008,	 Test Accuracy: 729/1000(73%)
Task: 3,	 Epoch: 76/80,	 Avg.loss: 0.0008,	 Test Accuracy: 731/1000(73%)
Task: 3,	 Epoch: 77/80,	 Avg.loss: 0.0008,	 Test Accuracy: 742/1000(74%)
Task: 3,	 Epoch: 78/80,	 Avg.loss: 0.0008,	 Test Accuracy: 724/1000(72%)
Task: 3,	 Epoch: 79/80,	 Avg.loss: 0.0008,	 Test Accuracy: 728/1000(73%)
Trained Task:3, Loaded task:0, Accuracy:84.4%
Trained Task:3, Loaded task:1, Accuracy:73.3%
Trained Task:3, Loaded task:2, Accuracy:77.4%
Trained Task:3, Loaded task:3, Accuracy:72.8%
Trained Task:3, Avg. Accuracy: 77.0 

List of avg. accuracy: [84.4, 79.0, 78.3, 77.0]
Layer        : conv1_layer.2.weight
R.histogram  : tensor([12.,  3.,  4.,  2.,  4.,  0.,  1.,  2.,  2.,  2.], device='cuda:0')
R_sum max/min: 71.8/4.8
F.num_zeros  : 0/9216
W.num_zeros  : 0/9216
O.num_zeros  : 0/9216
Layer        : conv2_layer.2.weight
R.histogram  : tensor([44., 11.,  4.,  3.,  1.,  0.,  0.,  0.,  0.,  1.], device='cuda:0')
R_sum max/min: 110.7/0.0
F.num_zeros  : 3456/36864
W.num_zeros  : 0/36864
O.num_zeros  : 22467/36864
Layer        : fc1_layer.1.weight
R.histogram  : tensor([442.,  47.,  12.,   7.,   0.,   1.,   0.,   1.,   1.,   1.],
       device='cuda:0')
R_sum max/min: 530.2/0.0
F.num_zeros  : 874619/2097152
W.num_zeros  : 0/2097152
O.num_zeros  : 1767515/2097152
Mask histogram
conv1_layer.2.weight: 	 tensor([   0.,    0.,  256.,  512., 2304., 5120.,    0.,    0.,    0.,    0.,
           0.], device='cuda:0')
conv2_layer.2.weight: 	 tensor([1984.,  256.,  256.,  256.,  576.,  768.,    0.,    0.,    0.,    0.,
           0.], device='cuda:0')
fc1_layer.1.weight: 	 tensor([212.,  46.,  43.,  51.,  65.,  95.,   0.,   0.,   0.,   0.,   0.],
       device='cuda:0')
Task: 4,	 Epoch: 0/80,	 Avg.loss: 0.0012,	 Test Accuracy: 599/1000(60%)
Task: 4,	 Epoch: 1/80,	 Avg.loss: 0.0010,	 Test Accuracy: 684/1000(68%)
Task: 4,	 Epoch: 2/80,	 Avg.loss: 0.0009,	 Test Accuracy: 693/1000(69%)
Task: 4,	 Epoch: 3/80,	 Avg.loss: 0.0009,	 Test Accuracy: 708/1000(71%)
Task: 4,	 Epoch: 4/80,	 Avg.loss: 0.0009,	 Test Accuracy: 710/1000(71%)
Task: 4,	 Epoch: 5/80,	 Avg.loss: 0.0008,	 Test Accuracy: 724/1000(72%)
Task: 4,	 Epoch: 6/80,	 Avg.loss: 0.0008,	 Test Accuracy: 728/1000(73%)
Task: 4,	 Epoch: 7/80,	 Avg.loss: 0.0008,	 Test Accuracy: 730/1000(73%)
Task: 4,	 Epoch: 8/80,	 Avg.loss: 0.0008,	 Test Accuracy: 726/1000(73%)
Task: 4,	 Epoch: 9/80,	 Avg.loss: 0.0008,	 Test Accuracy: 715/1000(72%)
Task: 4,	 Epoch: 10/80,	 Avg.loss: 0.0009,	 Test Accuracy: 703/1000(70%)
Task: 4,	 Epoch: 11/80,	 Avg.loss: 0.0008,	 Test Accuracy: 737/1000(74%)
Task: 4,	 Epoch: 12/80,	 Avg.loss: 0.0009,	 Test Accuracy: 743/1000(74%)
Task: 4,	 Epoch: 13/80,	 Avg.loss: 0.0008,	 Test Accuracy: 738/1000(74%)
Task: 4,	 Epoch: 14/80,	 Avg.loss: 0.0008,	 Test Accuracy: 744/1000(74%)
Task: 4,	 Epoch: 15/80,	 Avg.loss: 0.0008,	 Test Accuracy: 728/1000(73%)
Task: 4,	 Epoch: 16/80,	 Avg.loss: 0.0008,	 Test Accuracy: 749/1000(75%)
Task: 4,	 Epoch: 17/80,	 Avg.loss: 0.0008,	 Test Accuracy: 730/1000(73%)
Task: 4,	 Epoch: 18/80,	 Avg.loss: 0.0008,	 Test Accuracy: 747/1000(75%)
Task: 4,	 Epoch: 19/80,	 Avg.loss: 0.0008,	 Test Accuracy: 756/1000(76%)
Task: 4,	 Epoch: 20/80,	 Avg.loss: 0.0008,	 Test Accuracy: 741/1000(74%)
Task: 4,	 Epoch: 21/80,	 Avg.loss: 0.0008,	 Test Accuracy: 757/1000(76%)
Task: 4,	 Epoch: 22/80,	 Avg.loss: 0.0008,	 Test Accuracy: 751/1000(75%)
Task: 4,	 Epoch: 23/80,	 Avg.loss: 0.0008,	 Test Accuracy: 755/1000(76%)
Task: 4,	 Epoch: 24/80,	 Avg.loss: 0.0008,	 Test Accuracy: 743/1000(74%)
Task: 4,	 Epoch: 25/80,	 Avg.loss: 0.0007,	 Test Accuracy: 771/1000(77%)
Task: 4,	 Epoch: 26/80,	 Avg.loss: 0.0008,	 Test Accuracy: 769/1000(77%)
Task: 4,	 Epoch: 27/80,	 Avg.loss: 0.0008,	 Test Accuracy: 774/1000(77%)
Task: 4,	 Epoch: 28/80,	 Avg.loss: 0.0008,	 Test Accuracy: 762/1000(76%)
Task: 4,	 Epoch: 29/80,	 Avg.loss: 0.0008,	 Test Accuracy: 754/1000(75%)
Task: 4,	 Epoch: 30/80,	 Avg.loss: 0.0007,	 Test Accuracy: 764/1000(76%)
Task: 4,	 Epoch: 31/80,	 Avg.loss: 0.0008,	 Test Accuracy: 759/1000(76%)
Task: 4,	 Epoch: 32/80,	 Avg.loss: 0.0008,	 Test Accuracy: 760/1000(76%)
Task: 4,	 Epoch: 33/80,	 Avg.loss: 0.0008,	 Test Accuracy: 741/1000(74%)
Task: 4,	 Epoch: 34/80,	 Avg.loss: 0.0008,	 Test Accuracy: 765/1000(76%)
Task: 4,	 Epoch: 35/80,	 Avg.loss: 0.0007,	 Test Accuracy: 760/1000(76%)
Task: 4,	 Epoch: 36/80,	 Avg.loss: 0.0008,	 Test Accuracy: 772/1000(77%)
Task: 4,	 Epoch: 37/80,	 Avg.loss: 0.0007,	 Test Accuracy: 776/1000(78%)
Task: 4,	 Epoch: 38/80,	 Avg.loss: 0.0008,	 Test Accuracy: 760/1000(76%)
Task: 4,	 Epoch: 39/80,	 Avg.loss: 0.0008,	 Test Accuracy: 760/1000(76%)
Task: 4,	 Epoch: 40/80,	 Avg.loss: 0.0007,	 Test Accuracy: 772/1000(77%)
Task: 4,	 Epoch: 41/80,	 Avg.loss: 0.0008,	 Test Accuracy: 762/1000(76%)
Task: 4,	 Epoch: 42/80,	 Avg.loss: 0.0007,	 Test Accuracy: 755/1000(76%)
Task: 4,	 Epoch: 43/80,	 Avg.loss: 0.0008,	 Test Accuracy: 745/1000(74%)
Task: 4,	 Epoch: 44/80,	 Avg.loss: 0.0008,	 Test Accuracy: 756/1000(76%)
Task: 4,	 Epoch: 45/80,	 Avg.loss: 0.0008,	 Test Accuracy: 764/1000(76%)
Task: 4,	 Epoch: 46/80,	 Avg.loss: 0.0008,	 Test Accuracy: 762/1000(76%)
Task: 4,	 Epoch: 47/80,	 Avg.loss: 0.0008,	 Test Accuracy: 752/1000(75%)
Task: 4,	 Epoch: 48/80,	 Avg.loss: 0.0008,	 Test Accuracy: 753/1000(75%)
Task: 4,	 Epoch: 49/80,	 Avg.loss: 0.0007,	 Test Accuracy: 781/1000(78%)
Task: 4,	 Epoch: 50/80,	 Avg.loss: 0.0007,	 Test Accuracy: 782/1000(78%)
Task: 4,	 Epoch: 51/80,	 Avg.loss: 0.0007,	 Test Accuracy: 780/1000(78%)
Task: 4,	 Epoch: 52/80,	 Avg.loss: 0.0007,	 Test Accuracy: 780/1000(78%)
Task: 4,	 Epoch: 53/80,	 Avg.loss: 0.0007,	 Test Accuracy: 783/1000(78%)
Task: 4,	 Epoch: 54/80,	 Avg.loss: 0.0007,	 Test Accuracy: 780/1000(78%)
Task: 4,	 Epoch: 55/80,	 Avg.loss: 0.0007,	 Test Accuracy: 775/1000(78%)
Task: 4,	 Epoch: 56/80,	 Avg.loss: 0.0007,	 Test Accuracy: 781/1000(78%)
Task: 4,	 Epoch: 57/80,	 Avg.loss: 0.0007,	 Test Accuracy: 779/1000(78%)
Task: 4,	 Epoch: 58/80,	 Avg.loss: 0.0007,	 Test Accuracy: 779/1000(78%)
Task: 4,	 Epoch: 59/80,	 Avg.loss: 0.0007,	 Test Accuracy: 780/1000(78%)
Task: 4,	 Epoch: 60/80,	 Avg.loss: 0.0007,	 Test Accuracy: 781/1000(78%)
Task: 4,	 Epoch: 61/80,	 Avg.loss: 0.0007,	 Test Accuracy: 781/1000(78%)
Task: 4,	 Epoch: 62/80,	 Avg.loss: 0.0007,	 Test Accuracy: 780/1000(78%)
Task: 4,	 Epoch: 63/80,	 Avg.loss: 0.0007,	 Test Accuracy: 781/1000(78%)
Task: 4,	 Epoch: 64/80,	 Avg.loss: 0.0007,	 Test Accuracy: 783/1000(78%)
Task: 4,	 Epoch: 65/80,	 Avg.loss: 0.0007,	 Test Accuracy: 783/1000(78%)
Task: 4,	 Epoch: 66/80,	 Avg.loss: 0.0007,	 Test Accuracy: 779/1000(78%)
Task: 4,	 Epoch: 67/80,	 Avg.loss: 0.0007,	 Test Accuracy: 782/1000(78%)
Task: 4,	 Epoch: 68/80,	 Avg.loss: 0.0007,	 Test Accuracy: 783/1000(78%)
Task: 4,	 Epoch: 69/80,	 Avg.loss: 0.0007,	 Test Accuracy: 780/1000(78%)
Task: 4,	 Epoch: 70/80,	 Avg.loss: 0.0007,	 Test Accuracy: 781/1000(78%)
Task: 4,	 Epoch: 71/80,	 Avg.loss: 0.0007,	 Test Accuracy: 778/1000(78%)
Task: 4,	 Epoch: 72/80,	 Avg.loss: 0.0007,	 Test Accuracy: 777/1000(78%)
Task: 4,	 Epoch: 73/80,	 Avg.loss: 0.0007,	 Test Accuracy: 778/1000(78%)
Task: 4,	 Epoch: 74/80,	 Avg.loss: 0.0007,	 Test Accuracy: 780/1000(78%)
Task: 4,	 Epoch: 75/80,	 Avg.loss: 0.0007,	 Test Accuracy: 777/1000(78%)
Task: 4,	 Epoch: 76/80,	 Avg.loss: 0.0007,	 Test Accuracy: 779/1000(78%)
Task: 4,	 Epoch: 77/80,	 Avg.loss: 0.0007,	 Test Accuracy: 784/1000(78%)
Task: 4,	 Epoch: 78/80,	 Avg.loss: 0.0007,	 Test Accuracy: 782/1000(78%)
Task: 4,	 Epoch: 79/80,	 Avg.loss: 0.0007,	 Test Accuracy: 783/1000(78%)
Trained Task:4, Loaded task:0, Accuracy:83.6%
Trained Task:4, Loaded task:1, Accuracy:72.9%
Trained Task:4, Loaded task:2, Accuracy:76.9%
Trained Task:4, Loaded task:3, Accuracy:67.6%
Trained Task:4, Loaded task:4, Accuracy:78.3%
Trained Task:4, Avg. Accuracy: 75.9 

List of avg. accuracy: [84.4, 79.0, 78.3, 77.0, 75.9]
Layer        : conv1_layer.2.weight
R.histogram  : tensor([7., 7., 3., 3., 5., 4., 0., 1., 1., 1.], device='cuda:0')
R_sum max/min: 78.8/4.2
F.num_zeros  : 0/9216
W.num_zeros  : 0/9216
O.num_zeros  : 0/9216
Layer        : conv2_layer.2.weight
R.histogram  : tensor([40., 10.,  4.,  3.,  3.,  2.,  0.,  1.,  0.,  1.], device='cuda:0')
R_sum max/min: 156.6/0.0
F.num_zeros  : 2880/36864
W.num_zeros  : 0/36864
O.num_zeros  : 20739/36864
Layer        : fc1_layer.1.weight
R.histogram  : tensor([438.,  47.,   8.,   7.,   5.,   5.,   1.,   0.,   0.,   1.],
       device='cuda:0')
R_sum max/min: 429.7/0.0
F.num_zeros  : 866115/2097152
W.num_zeros  : 0/2097152
O.num_zeros  : 1722842/2097152
Mask histogram
conv1_layer.2.weight: 	 tensor([   0.,    0.,  256.,    0.,  512., 2816., 4608.,    0.,    0.,    0.,
           0.], device='cuda:0')
conv2_layer.2.weight: 	 tensor([1856.,  256.,  320.,  256.,  192.,  512.,  704.,    0.,    0.,    0.,
           0.], device='cuda:0')
fc1_layer.1.weight: 	 tensor([203.,  45.,  32.,  43.,  46.,  56.,  87.,   0.,   0.,   0.,   0.],
       device='cuda:0')
Task: 5,	 Epoch: 0/80,	 Avg.loss: 0.0012,	 Test Accuracy: 579/1000(58%)
Task: 5,	 Epoch: 1/80,	 Avg.loss: 0.0011,	 Test Accuracy: 636/1000(64%)
Task: 5,	 Epoch: 2/80,	 Avg.loss: 0.0010,	 Test Accuracy: 645/1000(64%)
Task: 5,	 Epoch: 3/80,	 Avg.loss: 0.0009,	 Test Accuracy: 688/1000(69%)
Task: 5,	 Epoch: 4/80,	 Avg.loss: 0.0008,	 Test Accuracy: 716/1000(72%)
Task: 5,	 Epoch: 5/80,	 Avg.loss: 0.0010,	 Test Accuracy: 676/1000(68%)
Task: 5,	 Epoch: 6/80,	 Avg.loss: 0.0009,	 Test Accuracy: 706/1000(71%)
Task: 5,	 Epoch: 7/80,	 Avg.loss: 0.0009,	 Test Accuracy: 676/1000(68%)
Task: 5,	 Epoch: 8/80,	 Avg.loss: 0.0009,	 Test Accuracy: 703/1000(70%)
Task: 5,	 Epoch: 9/80,	 Avg.loss: 0.0008,	 Test Accuracy: 709/1000(71%)
Task: 5,	 Epoch: 10/80,	 Avg.loss: 0.0008,	 Test Accuracy: 707/1000(71%)
Task: 5,	 Epoch: 11/80,	 Avg.loss: 0.0009,	 Test Accuracy: 695/1000(70%)
Task: 5,	 Epoch: 12/80,	 Avg.loss: 0.0008,	 Test Accuracy: 714/1000(71%)
Task: 5,	 Epoch: 13/80,	 Avg.loss: 0.0008,	 Test Accuracy: 712/1000(71%)
Task: 5,	 Epoch: 14/80,	 Avg.loss: 0.0008,	 Test Accuracy: 731/1000(73%)
Task: 5,	 Epoch: 15/80,	 Avg.loss: 0.0009,	 Test Accuracy: 706/1000(71%)
Task: 5,	 Epoch: 16/80,	 Avg.loss: 0.0008,	 Test Accuracy: 722/1000(72%)
Task: 5,	 Epoch: 17/80,	 Avg.loss: 0.0008,	 Test Accuracy: 712/1000(71%)
Task: 5,	 Epoch: 18/80,	 Avg.loss: 0.0009,	 Test Accuracy: 701/1000(70%)
Task: 5,	 Epoch: 19/80,	 Avg.loss: 0.0008,	 Test Accuracy: 731/1000(73%)
Task: 5,	 Epoch: 20/80,	 Avg.loss: 0.0008,	 Test Accuracy: 725/1000(72%)
Task: 5,	 Epoch: 21/80,	 Avg.loss: 0.0008,	 Test Accuracy: 720/1000(72%)
Task: 5,	 Epoch: 22/80,	 Avg.loss: 0.0008,	 Test Accuracy: 720/1000(72%)
Task: 5,	 Epoch: 23/80,	 Avg.loss: 0.0008,	 Test Accuracy: 721/1000(72%)
Task: 5,	 Epoch: 24/80,	 Avg.loss: 0.0008,	 Test Accuracy: 735/1000(74%)
Task: 5,	 Epoch: 25/80,	 Avg.loss: 0.0008,	 Test Accuracy: 713/1000(71%)
Task: 5,	 Epoch: 26/80,	 Avg.loss: 0.0008,	 Test Accuracy: 738/1000(74%)
Task: 5,	 Epoch: 27/80,	 Avg.loss: 0.0008,	 Test Accuracy: 719/1000(72%)
Task: 5,	 Epoch: 28/80,	 Avg.loss: 0.0008,	 Test Accuracy: 717/1000(72%)
Task: 5,	 Epoch: 29/80,	 Avg.loss: 0.0008,	 Test Accuracy: 717/1000(72%)
Task: 5,	 Epoch: 30/80,	 Avg.loss: 0.0008,	 Test Accuracy: 729/1000(73%)
Task: 5,	 Epoch: 31/80,	 Avg.loss: 0.0007,	 Test Accuracy: 727/1000(73%)
Task: 5,	 Epoch: 32/80,	 Avg.loss: 0.0008,	 Test Accuracy: 725/1000(72%)
Task: 5,	 Epoch: 33/80,	 Avg.loss: 0.0007,	 Test Accuracy: 724/1000(72%)
Task: 5,	 Epoch: 34/80,	 Avg.loss: 0.0008,	 Test Accuracy: 729/1000(73%)
Task: 5,	 Epoch: 35/80,	 Avg.loss: 0.0007,	 Test Accuracy: 725/1000(72%)
Task: 5,	 Epoch: 36/80,	 Avg.loss: 0.0008,	 Test Accuracy: 727/1000(73%)
Task: 5,	 Epoch: 37/80,	 Avg.loss: 0.0008,	 Test Accuracy: 730/1000(73%)
Task: 5,	 Epoch: 38/80,	 Avg.loss: 0.0007,	 Test Accuracy: 733/1000(73%)
Task: 5,	 Epoch: 39/80,	 Avg.loss: 0.0008,	 Test Accuracy: 735/1000(74%)
Task: 5,	 Epoch: 40/80,	 Avg.loss: 0.0008,	 Test Accuracy: 729/1000(73%)
Task: 5,	 Epoch: 41/80,	 Avg.loss: 0.0008,	 Test Accuracy: 721/1000(72%)
Task: 5,	 Epoch: 42/80,	 Avg.loss: 0.0007,	 Test Accuracy: 737/1000(74%)
Task: 5,	 Epoch: 43/80,	 Avg.loss: 0.0008,	 Test Accuracy: 729/1000(73%)
Task: 5,	 Epoch: 44/80,	 Avg.loss: 0.0008,	 Test Accuracy: 738/1000(74%)
Task: 5,	 Epoch: 45/80,	 Avg.loss: 0.0008,	 Test Accuracy: 719/1000(72%)
Task: 5,	 Epoch: 46/80,	 Avg.loss: 0.0007,	 Test Accuracy: 749/1000(75%)
Task: 5,	 Epoch: 47/80,	 Avg.loss: 0.0008,	 Test Accuracy: 740/1000(74%)
Task: 5,	 Epoch: 48/80,	 Avg.loss: 0.0008,	 Test Accuracy: 726/1000(73%)
Task: 5,	 Epoch: 49/80,	 Avg.loss: 0.0007,	 Test Accuracy: 739/1000(74%)
Task: 5,	 Epoch: 50/80,	 Avg.loss: 0.0007,	 Test Accuracy: 750/1000(75%)
Task: 5,	 Epoch: 51/80,	 Avg.loss: 0.0007,	 Test Accuracy: 754/1000(75%)
Task: 5,	 Epoch: 52/80,	 Avg.loss: 0.0007,	 Test Accuracy: 755/1000(76%)
Task: 5,	 Epoch: 53/80,	 Avg.loss: 0.0007,	 Test Accuracy: 756/1000(76%)
Task: 5,	 Epoch: 54/80,	 Avg.loss: 0.0007,	 Test Accuracy: 762/1000(76%)
Task: 5,	 Epoch: 55/80,	 Avg.loss: 0.0007,	 Test Accuracy: 758/1000(76%)
Task: 5,	 Epoch: 56/80,	 Avg.loss: 0.0007,	 Test Accuracy: 762/1000(76%)
Task: 5,	 Epoch: 57/80,	 Avg.loss: 0.0007,	 Test Accuracy: 755/1000(76%)
Task: 5,	 Epoch: 58/80,	 Avg.loss: 0.0007,	 Test Accuracy: 758/1000(76%)
Task: 5,	 Epoch: 59/80,	 Avg.loss: 0.0007,	 Test Accuracy: 761/1000(76%)
Task: 5,	 Epoch: 60/80,	 Avg.loss: 0.0007,	 Test Accuracy: 755/1000(76%)
Task: 5,	 Epoch: 61/80,	 Avg.loss: 0.0007,	 Test Accuracy: 756/1000(76%)
Task: 5,	 Epoch: 62/80,	 Avg.loss: 0.0007,	 Test Accuracy: 756/1000(76%)
Task: 5,	 Epoch: 63/80,	 Avg.loss: 0.0007,	 Test Accuracy: 754/1000(75%)
Task: 5,	 Epoch: 64/80,	 Avg.loss: 0.0007,	 Test Accuracy: 756/1000(76%)
Task: 5,	 Epoch: 65/80,	 Avg.loss: 0.0007,	 Test Accuracy: 757/1000(76%)
Task: 5,	 Epoch: 66/80,	 Avg.loss: 0.0007,	 Test Accuracy: 761/1000(76%)
Task: 5,	 Epoch: 67/80,	 Avg.loss: 0.0007,	 Test Accuracy: 753/1000(75%)
Task: 5,	 Epoch: 68/80,	 Avg.loss: 0.0007,	 Test Accuracy: 762/1000(76%)
Task: 5,	 Epoch: 69/80,	 Avg.loss: 0.0007,	 Test Accuracy: 759/1000(76%)
Task: 5,	 Epoch: 70/80,	 Avg.loss: 0.0007,	 Test Accuracy: 757/1000(76%)
Task: 5,	 Epoch: 71/80,	 Avg.loss: 0.0007,	 Test Accuracy: 760/1000(76%)
Task: 5,	 Epoch: 72/80,	 Avg.loss: 0.0007,	 Test Accuracy: 759/1000(76%)
Task: 5,	 Epoch: 73/80,	 Avg.loss: 0.0007,	 Test Accuracy: 757/1000(76%)
Task: 5,	 Epoch: 74/80,	 Avg.loss: 0.0007,	 Test Accuracy: 754/1000(75%)
Task: 5,	 Epoch: 75/80,	 Avg.loss: 0.0007,	 Test Accuracy: 757/1000(76%)
Task: 5,	 Epoch: 76/80,	 Avg.loss: 0.0007,	 Test Accuracy: 759/1000(76%)
Task: 5,	 Epoch: 77/80,	 Avg.loss: 0.0007,	 Test Accuracy: 756/1000(76%)
Task: 5,	 Epoch: 78/80,	 Avg.loss: 0.0007,	 Test Accuracy: 751/1000(75%)
Task: 5,	 Epoch: 79/80,	 Avg.loss: 0.0007,	 Test Accuracy: 756/1000(76%)
Trained Task:5, Loaded task:0, Accuracy:83.3%
Trained Task:5, Loaded task:1, Accuracy:72.1%
Trained Task:5, Loaded task:2, Accuracy:76.2%
Trained Task:5, Loaded task:3, Accuracy:66.4%
Trained Task:5, Loaded task:4, Accuracy:77.7%
Trained Task:5, Loaded task:5, Accuracy:75.6%
Trained Task:5, Avg. Accuracy: 75.2 

List of avg. accuracy: [84.4, 79.0, 78.3, 77.0, 75.9, 75.2]
Layer        : conv1_layer.2.weight
R.histogram  : tensor([3., 8., 8., 1., 2., 6., 1., 2., 0., 1.], device='cuda:0')
R_sum max/min: 66.0/2.5
F.num_zeros  : 0/9216
W.num_zeros  : 0/9216
O.num_zeros  : 0/9216
Layer        : conv2_layer.2.weight
R.histogram  : tensor([35., 12.,  3.,  3.,  2.,  3.,  1.,  1.,  1.,  3.], device='cuda:0')
R_sum max/min: 99.8/0.0
F.num_zeros  : 2880/36864
W.num_zeros  : 0/36864
O.num_zeros  : 19587/36864
Layer        : fc1_layer.1.weight
R.histogram  : tensor([428.,  37.,  18.,  10.,   7.,   7.,   1.,   1.,   1.,   2.],
       device='cuda:0')
R_sum max/min: 560.0/0.0
F.num_zeros  : 873600/2097152
W.num_zeros  : 0/2097152
O.num_zeros  : 1690074/2097152
Mask histogram
conv1_layer.2.weight: 	 tensor([   0.,    0.,    0.,  256.,    0.,  768., 3072., 4096.,    0.,    0.,
           0.], device='cuda:0')
conv2_layer.2.weight: 	 tensor([1728.,  256.,  320.,  320.,  192.,  192.,  448.,  640.,    0.,    0.,
           0.], device='cuda:0')
fc1_layer.1.weight: 	 tensor([191.,  54.,  25.,  30.,  41.,  39.,  49.,  83.,   0.,   0.,   0.],
       device='cuda:0')
Task: 6,	 Epoch: 0/80,	 Avg.loss: 0.0012,	 Test Accuracy: 593/1000(59%)
Task: 6,	 Epoch: 1/80,	 Avg.loss: 0.0010,	 Test Accuracy: 640/1000(64%)
Task: 6,	 Epoch: 2/80,	 Avg.loss: 0.0010,	 Test Accuracy: 635/1000(64%)
Task: 6,	 Epoch: 3/80,	 Avg.loss: 0.0009,	 Test Accuracy: 694/1000(69%)
Task: 6,	 Epoch: 4/80,	 Avg.loss: 0.0010,	 Test Accuracy: 658/1000(66%)
Task: 6,	 Epoch: 5/80,	 Avg.loss: 0.0009,	 Test Accuracy: 700/1000(70%)
Task: 6,	 Epoch: 6/80,	 Avg.loss: 0.0009,	 Test Accuracy: 708/1000(71%)
Task: 6,	 Epoch: 7/80,	 Avg.loss: 0.0008,	 Test Accuracy: 701/1000(70%)
Task: 6,	 Epoch: 8/80,	 Avg.loss: 0.0008,	 Test Accuracy: 722/1000(72%)
Task: 6,	 Epoch: 9/80,	 Avg.loss: 0.0009,	 Test Accuracy: 701/1000(70%)
Task: 6,	 Epoch: 10/80,	 Avg.loss: 0.0008,	 Test Accuracy: 695/1000(70%)
Task: 6,	 Epoch: 11/80,	 Avg.loss: 0.0008,	 Test Accuracy: 706/1000(71%)
Task: 6,	 Epoch: 12/80,	 Avg.loss: 0.0009,	 Test Accuracy: 686/1000(69%)
Task: 6,	 Epoch: 13/80,	 Avg.loss: 0.0008,	 Test Accuracy: 721/1000(72%)
Task: 6,	 Epoch: 14/80,	 Avg.loss: 0.0008,	 Test Accuracy: 736/1000(74%)
Task: 6,	 Epoch: 15/80,	 Avg.loss: 0.0008,	 Test Accuracy: 721/1000(72%)
Task: 6,	 Epoch: 16/80,	 Avg.loss: 0.0008,	 Test Accuracy: 734/1000(73%)
Task: 6,	 Epoch: 17/80,	 Avg.loss: 0.0008,	 Test Accuracy: 697/1000(70%)
Task: 6,	 Epoch: 18/80,	 Avg.loss: 0.0008,	 Test Accuracy: 741/1000(74%)
Task: 6,	 Epoch: 19/80,	 Avg.loss: 0.0008,	 Test Accuracy: 732/1000(73%)
Task: 6,	 Epoch: 20/80,	 Avg.loss: 0.0008,	 Test Accuracy: 706/1000(71%)
Task: 6,	 Epoch: 21/80,	 Avg.loss: 0.0008,	 Test Accuracy: 729/1000(73%)
Task: 6,	 Epoch: 22/80,	 Avg.loss: 0.0008,	 Test Accuracy: 748/1000(75%)
Task: 6,	 Epoch: 23/80,	 Avg.loss: 0.0008,	 Test Accuracy: 742/1000(74%)
Task: 6,	 Epoch: 24/80,	 Avg.loss: 0.0008,	 Test Accuracy: 750/1000(75%)
Task: 6,	 Epoch: 25/80,	 Avg.loss: 0.0008,	 Test Accuracy: 725/1000(72%)
Task: 6,	 Epoch: 26/80,	 Avg.loss: 0.0008,	 Test Accuracy: 734/1000(73%)
Task: 6,	 Epoch: 27/80,	 Avg.loss: 0.0007,	 Test Accuracy: 753/1000(75%)
Task: 6,	 Epoch: 28/80,	 Avg.loss: 0.0008,	 Test Accuracy: 724/1000(72%)
Task: 6,	 Epoch: 29/80,	 Avg.loss: 0.0008,	 Test Accuracy: 720/1000(72%)
Task: 6,	 Epoch: 30/80,	 Avg.loss: 0.0008,	 Test Accuracy: 746/1000(75%)
Task: 6,	 Epoch: 31/80,	 Avg.loss: 0.0008,	 Test Accuracy: 738/1000(74%)
Task: 6,	 Epoch: 32/80,	 Avg.loss: 0.0008,	 Test Accuracy: 747/1000(75%)
Task: 6,	 Epoch: 33/80,	 Avg.loss: 0.0008,	 Test Accuracy: 731/1000(73%)
Task: 6,	 Epoch: 34/80,	 Avg.loss: 0.0008,	 Test Accuracy: 753/1000(75%)
Task: 6,	 Epoch: 35/80,	 Avg.loss: 0.0008,	 Test Accuracy: 750/1000(75%)
Task: 6,	 Epoch: 36/80,	 Avg.loss: 0.0007,	 Test Accuracy: 759/1000(76%)
Task: 6,	 Epoch: 37/80,	 Avg.loss: 0.0008,	 Test Accuracy: 741/1000(74%)
Task: 6,	 Epoch: 38/80,	 Avg.loss: 0.0008,	 Test Accuracy: 743/1000(74%)
Task: 6,	 Epoch: 39/80,	 Avg.loss: 0.0008,	 Test Accuracy: 748/1000(75%)
Task: 6,	 Epoch: 40/80,	 Avg.loss: 0.0007,	 Test Accuracy: 763/1000(76%)
Task: 6,	 Epoch: 41/80,	 Avg.loss: 0.0008,	 Test Accuracy: 753/1000(75%)
Task: 6,	 Epoch: 42/80,	 Avg.loss: 0.0008,	 Test Accuracy: 748/1000(75%)
Task: 6,	 Epoch: 43/80,	 Avg.loss: 0.0008,	 Test Accuracy: 745/1000(74%)
Task: 6,	 Epoch: 44/80,	 Avg.loss: 0.0008,	 Test Accuracy: 753/1000(75%)
Task: 6,	 Epoch: 45/80,	 Avg.loss: 0.0007,	 Test Accuracy: 767/1000(77%)
Task: 6,	 Epoch: 46/80,	 Avg.loss: 0.0008,	 Test Accuracy: 732/1000(73%)
Task: 6,	 Epoch: 47/80,	 Avg.loss: 0.0007,	 Test Accuracy: 764/1000(76%)
Task: 6,	 Epoch: 48/80,	 Avg.loss: 0.0008,	 Test Accuracy: 756/1000(76%)
Task: 6,	 Epoch: 49/80,	 Avg.loss: 0.0008,	 Test Accuracy: 761/1000(76%)
Task: 6,	 Epoch: 50/80,	 Avg.loss: 0.0007,	 Test Accuracy: 766/1000(77%)
Task: 6,	 Epoch: 51/80,	 Avg.loss: 0.0007,	 Test Accuracy: 769/1000(77%)
Task: 6,	 Epoch: 52/80,	 Avg.loss: 0.0007,	 Test Accuracy: 767/1000(77%)
Task: 6,	 Epoch: 53/80,	 Avg.loss: 0.0007,	 Test Accuracy: 771/1000(77%)
Task: 6,	 Epoch: 54/80,	 Avg.loss: 0.0007,	 Test Accuracy: 774/1000(77%)
Task: 6,	 Epoch: 55/80,	 Avg.loss: 0.0007,	 Test Accuracy: 772/1000(77%)
Task: 6,	 Epoch: 56/80,	 Avg.loss: 0.0007,	 Test Accuracy: 767/1000(77%)
Task: 6,	 Epoch: 57/80,	 Avg.loss: 0.0007,	 Test Accuracy: 768/1000(77%)
Task: 6,	 Epoch: 58/80,	 Avg.loss: 0.0007,	 Test Accuracy: 770/1000(77%)
Task: 6,	 Epoch: 59/80,	 Avg.loss: 0.0007,	 Test Accuracy: 773/1000(77%)
Task: 6,	 Epoch: 60/80,	 Avg.loss: 0.0007,	 Test Accuracy: 774/1000(77%)
Task: 6,	 Epoch: 61/80,	 Avg.loss: 0.0007,	 Test Accuracy: 769/1000(77%)
Task: 6,	 Epoch: 62/80,	 Avg.loss: 0.0007,	 Test Accuracy: 770/1000(77%)
Task: 6,	 Epoch: 63/80,	 Avg.loss: 0.0007,	 Test Accuracy: 771/1000(77%)
Task: 6,	 Epoch: 64/80,	 Avg.loss: 0.0007,	 Test Accuracy: 776/1000(78%)
Task: 6,	 Epoch: 65/80,	 Avg.loss: 0.0007,	 Test Accuracy: 777/1000(78%)
Task: 6,	 Epoch: 66/80,	 Avg.loss: 0.0007,	 Test Accuracy: 773/1000(77%)
Task: 6,	 Epoch: 67/80,	 Avg.loss: 0.0007,	 Test Accuracy: 771/1000(77%)
Task: 6,	 Epoch: 68/80,	 Avg.loss: 0.0007,	 Test Accuracy: 766/1000(77%)
Task: 6,	 Epoch: 69/80,	 Avg.loss: 0.0007,	 Test Accuracy: 771/1000(77%)
Task: 6,	 Epoch: 70/80,	 Avg.loss: 0.0007,	 Test Accuracy: 770/1000(77%)
Task: 6,	 Epoch: 71/80,	 Avg.loss: 0.0007,	 Test Accuracy: 764/1000(76%)
Task: 6,	 Epoch: 72/80,	 Avg.loss: 0.0007,	 Test Accuracy: 768/1000(77%)
Task: 6,	 Epoch: 73/80,	 Avg.loss: 0.0007,	 Test Accuracy: 773/1000(77%)
Task: 6,	 Epoch: 74/80,	 Avg.loss: 0.0007,	 Test Accuracy: 776/1000(78%)
Task: 6,	 Epoch: 75/80,	 Avg.loss: 0.0007,	 Test Accuracy: 770/1000(77%)
Task: 6,	 Epoch: 76/80,	 Avg.loss: 0.0007,	 Test Accuracy: 773/1000(77%)
Task: 6,	 Epoch: 77/80,	 Avg.loss: 0.0007,	 Test Accuracy: 774/1000(77%)
Task: 6,	 Epoch: 78/80,	 Avg.loss: 0.0007,	 Test Accuracy: 771/1000(77%)
Task: 6,	 Epoch: 79/80,	 Avg.loss: 0.0007,	 Test Accuracy: 772/1000(77%)
Trained Task:6, Loaded task:0, Accuracy:82.6%
Trained Task:6, Loaded task:1, Accuracy:72.2%
Trained Task:6, Loaded task:2, Accuracy:76.8%
Trained Task:6, Loaded task:3, Accuracy:67.0%
Trained Task:6, Loaded task:4, Accuracy:78.2%
Trained Task:6, Loaded task:5, Accuracy:75.1%
Trained Task:6, Loaded task:6, Accuracy:77.2%
Trained Task:6, Avg. Accuracy: 75.6 

List of avg. accuracy: [84.4, 79.0, 78.3, 77.0, 75.9, 75.2, 75.6]
Layer        : conv1_layer.2.weight
R.histogram  : tensor([3., 7., 7., 3., 5., 2., 2., 2., 0., 1.], device='cuda:0')
R_sum max/min: 73.9/1.5
F.num_zeros  : 0/9216
W.num_zeros  : 0/9216
O.num_zeros  : 0/9216
Layer        : conv2_layer.2.weight
R.histogram  : tensor([35., 11.,  5.,  5.,  1.,  4.,  1.,  0.,  1.,  1.], device='cuda:0')
R_sum max/min: 101.9/0.0
F.num_zeros  : 2880/36864
W.num_zeros  : 0/36864
O.num_zeros  : 18435/36864
Layer        : fc1_layer.1.weight
R.histogram  : tensor([422.,  38.,  20.,  12.,   6.,   3.,   3.,   3.,   4.,   1.],
       device='cuda:0')
R_sum max/min: 618.2/0.0
F.num_zeros  : 867999/2097152
W.num_zeros  : 0/2097152
O.num_zeros  : 1656380/2097152
Mask histogram
conv1_layer.2.weight: 	 tensor([   0.,    0.,    0.,    0.,  256.,  256., 1280., 2560., 3840.,    0.,
           0.], device='cuda:0')
conv2_layer.2.weight: 	 tensor([1600.,  256.,  320.,  320.,  256.,  192.,  256.,  256.,  640.,    0.,
           0.], device='cuda:0')
fc1_layer.1.weight: 	 tensor([185.,  49.,  28.,  26.,  32.,  34.,  33.,  47.,  78.,   0.,   0.],
       device='cuda:0')
Task: 7,	 Epoch: 0/80,	 Avg.loss: 0.0014,	 Test Accuracy: 511/1000(51%)
Task: 7,	 Epoch: 1/80,	 Avg.loss: 0.0012,	 Test Accuracy: 601/1000(60%)
Task: 7,	 Epoch: 2/80,	 Avg.loss: 0.0011,	 Test Accuracy: 618/1000(62%)
Task: 7,	 Epoch: 3/80,	 Avg.loss: 0.0011,	 Test Accuracy: 633/1000(63%)
Task: 7,	 Epoch: 4/80,	 Avg.loss: 0.0010,	 Test Accuracy: 634/1000(63%)
Task: 7,	 Epoch: 5/80,	 Avg.loss: 0.0010,	 Test Accuracy: 648/1000(65%)
Task: 7,	 Epoch: 6/80,	 Avg.loss: 0.0010,	 Test Accuracy: 661/1000(66%)
Task: 7,	 Epoch: 7/80,	 Avg.loss: 0.0010,	 Test Accuracy: 641/1000(64%)
Task: 7,	 Epoch: 8/80,	 Avg.loss: 0.0010,	 Test Accuracy: 677/1000(68%)
Task: 7,	 Epoch: 9/80,	 Avg.loss: 0.0010,	 Test Accuracy: 671/1000(67%)
Task: 7,	 Epoch: 10/80,	 Avg.loss: 0.0009,	 Test Accuracy: 677/1000(68%)
Task: 7,	 Epoch: 11/80,	 Avg.loss: 0.0010,	 Test Accuracy: 675/1000(68%)
Task: 7,	 Epoch: 12/80,	 Avg.loss: 0.0009,	 Test Accuracy: 686/1000(69%)
Task: 7,	 Epoch: 13/80,	 Avg.loss: 0.0009,	 Test Accuracy: 673/1000(67%)
Task: 7,	 Epoch: 14/80,	 Avg.loss: 0.0009,	 Test Accuracy: 670/1000(67%)
Task: 7,	 Epoch: 15/80,	 Avg.loss: 0.0009,	 Test Accuracy: 677/1000(68%)
Task: 7,	 Epoch: 16/80,	 Avg.loss: 0.0009,	 Test Accuracy: 693/1000(69%)
Task: 7,	 Epoch: 17/80,	 Avg.loss: 0.0009,	 Test Accuracy: 688/1000(69%)
Task: 7,	 Epoch: 18/80,	 Avg.loss: 0.0010,	 Test Accuracy: 681/1000(68%)
Task: 7,	 Epoch: 19/80,	 Avg.loss: 0.0009,	 Test Accuracy: 684/1000(68%)
Task: 7,	 Epoch: 20/80,	 Avg.loss: 0.0009,	 Test Accuracy: 693/1000(69%)
Task: 7,	 Epoch: 21/80,	 Avg.loss: 0.0010,	 Test Accuracy: 654/1000(65%)
Task: 7,	 Epoch: 22/80,	 Avg.loss: 0.0009,	 Test Accuracy: 696/1000(70%)
Task: 7,	 Epoch: 23/80,	 Avg.loss: 0.0009,	 Test Accuracy: 694/1000(69%)
Task: 7,	 Epoch: 24/80,	 Avg.loss: 0.0009,	 Test Accuracy: 691/1000(69%)
Task: 7,	 Epoch: 25/80,	 Avg.loss: 0.0009,	 Test Accuracy: 700/1000(70%)
Task: 7,	 Epoch: 26/80,	 Avg.loss: 0.0009,	 Test Accuracy: 697/1000(70%)
Task: 7,	 Epoch: 27/80,	 Avg.loss: 0.0009,	 Test Accuracy: 697/1000(70%)
Task: 7,	 Epoch: 28/80,	 Avg.loss: 0.0009,	 Test Accuracy: 694/1000(69%)
Task: 7,	 Epoch: 29/80,	 Avg.loss: 0.0009,	 Test Accuracy: 705/1000(70%)
Task: 7,	 Epoch: 30/80,	 Avg.loss: 0.0009,	 Test Accuracy: 702/1000(70%)
Task: 7,	 Epoch: 31/80,	 Avg.loss: 0.0009,	 Test Accuracy: 693/1000(69%)
Task: 7,	 Epoch: 32/80,	 Avg.loss: 0.0009,	 Test Accuracy: 694/1000(69%)
Task: 7,	 Epoch: 33/80,	 Avg.loss: 0.0009,	 Test Accuracy: 716/1000(72%)
Task: 7,	 Epoch: 34/80,	 Avg.loss: 0.0009,	 Test Accuracy: 702/1000(70%)
Task: 7,	 Epoch: 35/80,	 Avg.loss: 0.0009,	 Test Accuracy: 706/1000(71%)
Task: 7,	 Epoch: 36/80,	 Avg.loss: 0.0009,	 Test Accuracy: 696/1000(70%)
Task: 7,	 Epoch: 37/80,	 Avg.loss: 0.0009,	 Test Accuracy: 702/1000(70%)
Task: 7,	 Epoch: 38/80,	 Avg.loss: 0.0008,	 Test Accuracy: 706/1000(71%)
Task: 7,	 Epoch: 39/80,	 Avg.loss: 0.0009,	 Test Accuracy: 710/1000(71%)
Task: 7,	 Epoch: 40/80,	 Avg.loss: 0.0008,	 Test Accuracy: 718/1000(72%)
Task: 7,	 Epoch: 41/80,	 Avg.loss: 0.0009,	 Test Accuracy: 717/1000(72%)
Task: 7,	 Epoch: 42/80,	 Avg.loss: 0.0009,	 Test Accuracy: 701/1000(70%)
Task: 7,	 Epoch: 43/80,	 Avg.loss: 0.0009,	 Test Accuracy: 703/1000(70%)
Task: 7,	 Epoch: 44/80,	 Avg.loss: 0.0009,	 Test Accuracy: 701/1000(70%)
Task: 7,	 Epoch: 45/80,	 Avg.loss: 0.0009,	 Test Accuracy: 712/1000(71%)
Task: 7,	 Epoch: 46/80,	 Avg.loss: 0.0009,	 Test Accuracy: 694/1000(69%)
Task: 7,	 Epoch: 47/80,	 Avg.loss: 0.0009,	 Test Accuracy: 701/1000(70%)
Task: 7,	 Epoch: 48/80,	 Avg.loss: 0.0009,	 Test Accuracy: 715/1000(72%)
Task: 7,	 Epoch: 49/80,	 Avg.loss: 0.0009,	 Test Accuracy: 698/1000(70%)
Task: 7,	 Epoch: 50/80,	 Avg.loss: 0.0009,	 Test Accuracy: 708/1000(71%)
Task: 7,	 Epoch: 51/80,	 Avg.loss: 0.0008,	 Test Accuracy: 714/1000(71%)
Task: 7,	 Epoch: 52/80,	 Avg.loss: 0.0008,	 Test Accuracy: 717/1000(72%)
Task: 7,	 Epoch: 53/80,	 Avg.loss: 0.0008,	 Test Accuracy: 719/1000(72%)
Task: 7,	 Epoch: 54/80,	 Avg.loss: 0.0008,	 Test Accuracy: 721/1000(72%)
Task: 7,	 Epoch: 55/80,	 Avg.loss: 0.0008,	 Test Accuracy: 721/1000(72%)
Task: 7,	 Epoch: 56/80,	 Avg.loss: 0.0008,	 Test Accuracy: 717/1000(72%)
Task: 7,	 Epoch: 57/80,	 Avg.loss: 0.0008,	 Test Accuracy: 720/1000(72%)
Task: 7,	 Epoch: 58/80,	 Avg.loss: 0.0008,	 Test Accuracy: 716/1000(72%)
Task: 7,	 Epoch: 59/80,	 Avg.loss: 0.0008,	 Test Accuracy: 717/1000(72%)
Task: 7,	 Epoch: 60/80,	 Avg.loss: 0.0008,	 Test Accuracy: 715/1000(72%)
Task: 7,	 Epoch: 61/80,	 Avg.loss: 0.0008,	 Test Accuracy: 720/1000(72%)
Task: 7,	 Epoch: 62/80,	 Avg.loss: 0.0008,	 Test Accuracy: 719/1000(72%)
Task: 7,	 Epoch: 63/80,	 Avg.loss: 0.0008,	 Test Accuracy: 713/1000(71%)
Task: 7,	 Epoch: 64/80,	 Avg.loss: 0.0008,	 Test Accuracy: 722/1000(72%)
Task: 7,	 Epoch: 65/80,	 Avg.loss: 0.0008,	 Test Accuracy: 720/1000(72%)
Task: 7,	 Epoch: 66/80,	 Avg.loss: 0.0008,	 Test Accuracy: 720/1000(72%)
Task: 7,	 Epoch: 67/80,	 Avg.loss: 0.0008,	 Test Accuracy: 717/1000(72%)
Task: 7,	 Epoch: 68/80,	 Avg.loss: 0.0008,	 Test Accuracy: 720/1000(72%)
Task: 7,	 Epoch: 69/80,	 Avg.loss: 0.0008,	 Test Accuracy: 716/1000(72%)
Task: 7,	 Epoch: 70/80,	 Avg.loss: 0.0008,	 Test Accuracy: 716/1000(72%)
Task: 7,	 Epoch: 71/80,	 Avg.loss: 0.0008,	 Test Accuracy: 713/1000(71%)
Task: 7,	 Epoch: 72/80,	 Avg.loss: 0.0008,	 Test Accuracy: 716/1000(72%)
Task: 7,	 Epoch: 73/80,	 Avg.loss: 0.0008,	 Test Accuracy: 715/1000(72%)
Task: 7,	 Epoch: 74/80,	 Avg.loss: 0.0008,	 Test Accuracy: 711/1000(71%)
Task: 7,	 Epoch: 75/80,	 Avg.loss: 0.0008,	 Test Accuracy: 717/1000(72%)
Task: 7,	 Epoch: 76/80,	 Avg.loss: 0.0008,	 Test Accuracy: 714/1000(71%)
Task: 7,	 Epoch: 77/80,	 Avg.loss: 0.0009,	 Test Accuracy: 711/1000(71%)
Task: 7,	 Epoch: 78/80,	 Avg.loss: 0.0008,	 Test Accuracy: 718/1000(72%)
Task: 7,	 Epoch: 79/80,	 Avg.loss: 0.0008,	 Test Accuracy: 710/1000(71%)
Trained Task:7, Loaded task:0, Accuracy:82.7%
Trained Task:7, Loaded task:1, Accuracy:71.3%
Trained Task:7, Loaded task:2, Accuracy:76.3%
Trained Task:7, Loaded task:3, Accuracy:67.0%
Trained Task:7, Loaded task:4, Accuracy:77.7%
Trained Task:7, Loaded task:5, Accuracy:75.0%
Trained Task:7, Loaded task:6, Accuracy:76.6%
Trained Task:7, Loaded task:7, Accuracy:71.0%
Trained Task:7, Avg. Accuracy: 74.7 

List of avg. accuracy: [84.4, 79.0, 78.3, 77.0, 75.9, 75.2, 75.6, 74.7]
Layer        : conv1_layer.2.weight
R.histogram  : tensor([7., 5., 8., 2., 2., 2., 3., 1., 1., 1.], device='cuda:0')
R_sum max/min: 68.9/7.4
F.num_zeros  : 0/9216
W.num_zeros  : 0/9216
O.num_zeros  : 0/9216
Layer        : conv2_layer.2.weight
R.histogram  : tensor([33., 10.,  6.,  5.,  2.,  3.,  1.,  1.,  2.,  1.], device='cuda:0')
R_sum max/min: 118.8/0.0
F.num_zeros  : 2880/36864
W.num_zeros  : 0/36864
O.num_zeros  : 17283/36864
Layer        : fc1_layer.1.weight
R.histogram  : tensor([423.,  41.,  17.,  10.,  11.,   4.,   3.,   1.,   1.,   1.],
       device='cuda:0')
R_sum max/min: 637.1/0.0
F.num_zeros  : 887527/2097152
W.num_zeros  : 0/2097152
O.num_zeros  : 1627039/2097152
Mask histogram
conv1_layer.2.weight: 	 tensor([   0.,    0.,    0.,    0.,    0.,  256.,  768., 1280., 2048., 3840.,
           0.], device='cuda:0')
conv2_layer.2.weight: 	 tensor([1408.,  384.,  320.,  256.,  192.,  320.,  192.,  192.,  320.,  512.,
           0.], device='cuda:0')
fc1_layer.1.weight: 	 tensor([182.,  44.,  26.,  25.,  28.,  32.,  27.,  29.,  43.,  76.,   0.],
       device='cuda:0')
Task: 8,	 Epoch: 0/80,	 Avg.loss: 0.0012,	 Test Accuracy: 575/1000(58%)
Task: 8,	 Epoch: 1/80,	 Avg.loss: 0.0011,	 Test Accuracy: 620/1000(62%)
Task: 8,	 Epoch: 2/80,	 Avg.loss: 0.0010,	 Test Accuracy: 681/1000(68%)
Task: 8,	 Epoch: 3/80,	 Avg.loss: 0.0010,	 Test Accuracy: 665/1000(66%)
Task: 8,	 Epoch: 4/80,	 Avg.loss: 0.0011,	 Test Accuracy: 626/1000(63%)
Task: 8,	 Epoch: 5/80,	 Avg.loss: 0.0009,	 Test Accuracy: 690/1000(69%)
Task: 8,	 Epoch: 6/80,	 Avg.loss: 0.0009,	 Test Accuracy: 693/1000(69%)
Task: 8,	 Epoch: 7/80,	 Avg.loss: 0.0009,	 Test Accuracy: 721/1000(72%)
Task: 8,	 Epoch: 8/80,	 Avg.loss: 0.0009,	 Test Accuracy: 678/1000(68%)
Task: 8,	 Epoch: 9/80,	 Avg.loss: 0.0009,	 Test Accuracy: 696/1000(70%)
Task: 8,	 Epoch: 10/80,	 Avg.loss: 0.0009,	 Test Accuracy: 692/1000(69%)
Task: 8,	 Epoch: 11/80,	 Avg.loss: 0.0008,	 Test Accuracy: 727/1000(73%)
Task: 8,	 Epoch: 12/80,	 Avg.loss: 0.0008,	 Test Accuracy: 722/1000(72%)
Task: 8,	 Epoch: 13/80,	 Avg.loss: 0.0008,	 Test Accuracy: 733/1000(73%)
Task: 8,	 Epoch: 14/80,	 Avg.loss: 0.0008,	 Test Accuracy: 731/1000(73%)
Task: 8,	 Epoch: 15/80,	 Avg.loss: 0.0009,	 Test Accuracy: 710/1000(71%)
Task: 8,	 Epoch: 16/80,	 Avg.loss: 0.0008,	 Test Accuracy: 751/1000(75%)
Task: 8,	 Epoch: 17/80,	 Avg.loss: 0.0008,	 Test Accuracy: 731/1000(73%)
Task: 8,	 Epoch: 18/80,	 Avg.loss: 0.0008,	 Test Accuracy: 741/1000(74%)
Task: 8,	 Epoch: 19/80,	 Avg.loss: 0.0008,	 Test Accuracy: 748/1000(75%)
Task: 8,	 Epoch: 20/80,	 Avg.loss: 0.0008,	 Test Accuracy: 746/1000(75%)
Task: 8,	 Epoch: 21/80,	 Avg.loss: 0.0008,	 Test Accuracy: 746/1000(75%)
Task: 8,	 Epoch: 22/80,	 Avg.loss: 0.0008,	 Test Accuracy: 746/1000(75%)
Task: 8,	 Epoch: 23/80,	 Avg.loss: 0.0008,	 Test Accuracy: 748/1000(75%)
Task: 8,	 Epoch: 24/80,	 Avg.loss: 0.0008,	 Test Accuracy: 731/1000(73%)
Task: 8,	 Epoch: 25/80,	 Avg.loss: 0.0007,	 Test Accuracy: 756/1000(76%)
Task: 8,	 Epoch: 26/80,	 Avg.loss: 0.0008,	 Test Accuracy: 738/1000(74%)
Task: 8,	 Epoch: 27/80,	 Avg.loss: 0.0007,	 Test Accuracy: 759/1000(76%)
Task: 8,	 Epoch: 28/80,	 Avg.loss: 0.0008,	 Test Accuracy: 742/1000(74%)
Task: 8,	 Epoch: 29/80,	 Avg.loss: 0.0007,	 Test Accuracy: 777/1000(78%)
Task: 8,	 Epoch: 30/80,	 Avg.loss: 0.0007,	 Test Accuracy: 761/1000(76%)
Task: 8,	 Epoch: 31/80,	 Avg.loss: 0.0008,	 Test Accuracy: 749/1000(75%)
Task: 8,	 Epoch: 32/80,	 Avg.loss: 0.0008,	 Test Accuracy: 753/1000(75%)
Task: 8,	 Epoch: 33/80,	 Avg.loss: 0.0007,	 Test Accuracy: 756/1000(76%)
Task: 8,	 Epoch: 34/80,	 Avg.loss: 0.0007,	 Test Accuracy: 764/1000(76%)
Task: 8,	 Epoch: 35/80,	 Avg.loss: 0.0007,	 Test Accuracy: 750/1000(75%)
Task: 8,	 Epoch: 36/80,	 Avg.loss: 0.0007,	 Test Accuracy: 766/1000(77%)
Task: 8,	 Epoch: 37/80,	 Avg.loss: 0.0007,	 Test Accuracy: 770/1000(77%)
Task: 8,	 Epoch: 38/80,	 Avg.loss: 0.0008,	 Test Accuracy: 756/1000(76%)
Task: 8,	 Epoch: 39/80,	 Avg.loss: 0.0008,	 Test Accuracy: 747/1000(75%)
Task: 8,	 Epoch: 40/80,	 Avg.loss: 0.0007,	 Test Accuracy: 756/1000(76%)
Task: 8,	 Epoch: 41/80,	 Avg.loss: 0.0008,	 Test Accuracy: 748/1000(75%)
Task: 8,	 Epoch: 42/80,	 Avg.loss: 0.0007,	 Test Accuracy: 768/1000(77%)
Task: 8,	 Epoch: 43/80,	 Avg.loss: 0.0007,	 Test Accuracy: 767/1000(77%)
Task: 8,	 Epoch: 44/80,	 Avg.loss: 0.0007,	 Test Accuracy: 773/1000(77%)
Task: 8,	 Epoch: 45/80,	 Avg.loss: 0.0007,	 Test Accuracy: 759/1000(76%)
Task: 8,	 Epoch: 46/80,	 Avg.loss: 0.0007,	 Test Accuracy: 754/1000(75%)
Task: 8,	 Epoch: 47/80,	 Avg.loss: 0.0007,	 Test Accuracy: 749/1000(75%)
Task: 8,	 Epoch: 48/80,	 Avg.loss: 0.0007,	 Test Accuracy: 746/1000(75%)
Task: 8,	 Epoch: 49/80,	 Avg.loss: 0.0007,	 Test Accuracy: 761/1000(76%)
Task: 8,	 Epoch: 50/80,	 Avg.loss: 0.0007,	 Test Accuracy: 782/1000(78%)
Task: 8,	 Epoch: 51/80,	 Avg.loss: 0.0007,	 Test Accuracy: 785/1000(78%)
Task: 8,	 Epoch: 52/80,	 Avg.loss: 0.0007,	 Test Accuracy: 783/1000(78%)
Task: 8,	 Epoch: 53/80,	 Avg.loss: 0.0007,	 Test Accuracy: 783/1000(78%)
Task: 8,	 Epoch: 54/80,	 Avg.loss: 0.0007,	 Test Accuracy: 779/1000(78%)
Task: 8,	 Epoch: 55/80,	 Avg.loss: 0.0007,	 Test Accuracy: 784/1000(78%)
Task: 8,	 Epoch: 56/80,	 Avg.loss: 0.0007,	 Test Accuracy: 784/1000(78%)
Task: 8,	 Epoch: 57/80,	 Avg.loss: 0.0007,	 Test Accuracy: 776/1000(78%)
Task: 8,	 Epoch: 58/80,	 Avg.loss: 0.0007,	 Test Accuracy: 783/1000(78%)
Task: 8,	 Epoch: 59/80,	 Avg.loss: 0.0007,	 Test Accuracy: 778/1000(78%)
Task: 8,	 Epoch: 60/80,	 Avg.loss: 0.0007,	 Test Accuracy: 777/1000(78%)
Task: 8,	 Epoch: 61/80,	 Avg.loss: 0.0007,	 Test Accuracy: 781/1000(78%)
Task: 8,	 Epoch: 62/80,	 Avg.loss: 0.0007,	 Test Accuracy: 779/1000(78%)
Task: 8,	 Epoch: 63/80,	 Avg.loss: 0.0007,	 Test Accuracy: 780/1000(78%)
Task: 8,	 Epoch: 64/80,	 Avg.loss: 0.0007,	 Test Accuracy: 777/1000(78%)
Task: 8,	 Epoch: 65/80,	 Avg.loss: 0.0007,	 Test Accuracy: 781/1000(78%)
Task: 8,	 Epoch: 66/80,	 Avg.loss: 0.0007,	 Test Accuracy: 775/1000(78%)
Task: 8,	 Epoch: 67/80,	 Avg.loss: 0.0007,	 Test Accuracy: 779/1000(78%)
Task: 8,	 Epoch: 68/80,	 Avg.loss: 0.0007,	 Test Accuracy: 776/1000(78%)
Task: 8,	 Epoch: 69/80,	 Avg.loss: 0.0007,	 Test Accuracy: 780/1000(78%)
Task: 8,	 Epoch: 70/80,	 Avg.loss: 0.0007,	 Test Accuracy: 775/1000(78%)
Task: 8,	 Epoch: 71/80,	 Avg.loss: 0.0007,	 Test Accuracy: 780/1000(78%)
Task: 8,	 Epoch: 72/80,	 Avg.loss: 0.0007,	 Test Accuracy: 775/1000(78%)
Task: 8,	 Epoch: 73/80,	 Avg.loss: 0.0007,	 Test Accuracy: 777/1000(78%)
Task: 8,	 Epoch: 74/80,	 Avg.loss: 0.0007,	 Test Accuracy: 772/1000(77%)
Task: 8,	 Epoch: 75/80,	 Avg.loss: 0.0007,	 Test Accuracy: 778/1000(78%)
Task: 8,	 Epoch: 76/80,	 Avg.loss: 0.0007,	 Test Accuracy: 776/1000(78%)
Task: 8,	 Epoch: 77/80,	 Avg.loss: 0.0007,	 Test Accuracy: 775/1000(78%)
Task: 8,	 Epoch: 78/80,	 Avg.loss: 0.0007,	 Test Accuracy: 780/1000(78%)
Task: 8,	 Epoch: 79/80,	 Avg.loss: 0.0007,	 Test Accuracy: 777/1000(78%)
Trained Task:8, Loaded task:0, Accuracy:81.7%
Trained Task:8, Loaded task:1, Accuracy:71.0%
Trained Task:8, Loaded task:2, Accuracy:75.0%
Trained Task:8, Loaded task:3, Accuracy:66.9%
Trained Task:8, Loaded task:4, Accuracy:77.5%
Trained Task:8, Loaded task:5, Accuracy:75.3%
Trained Task:8, Loaded task:6, Accuracy:76.5%
Trained Task:8, Loaded task:7, Accuracy:71.3%
Trained Task:8, Loaded task:8, Accuracy:77.7%
Trained Task:8, Avg. Accuracy: 74.8 

List of avg. accuracy: [84.4, 79.0, 78.3, 77.0, 75.9, 75.2, 75.6, 74.7, 74.8]
Layer        : conv1_layer.2.weight
R.histogram  : tensor([8., 3., 5., 2., 6., 2., 0., 3., 1., 2.], device='cuda:0')
R_sum max/min: 57.0/3.6
F.num_zeros  : 0/9216
W.num_zeros  : 0/9216
O.num_zeros  : 0/9216
Layer        : conv2_layer.2.weight
R.histogram  : tensor([42.,  8.,  8.,  2.,  2.,  1.,  0.,  0.,  0.,  1.], device='cuda:0')
R_sum max/min: 119.3/0.0
F.num_zeros  : 2880/36864
W.num_zeros  : 0/36864
O.num_zeros  : 15555/36864
Layer        : fc1_layer.1.weight
R.histogram  : tensor([468.,  26.,   5.,   6.,   4.,   0.,   2.,   0.,   0.,   1.],
       device='cuda:0')
R_sum max/min: 629.7/0.0
F.num_zeros  : 893637/2097152
W.num_zeros  : 0/2097152
O.num_zeros  : 1587287/2097152
Mask histogram
conv1_layer.2.weight: 	 tensor([   0.,    0.,    0.,    0.,    0.,    0.,  256.,  768., 1280., 2560.,
        3328.], device='cuda:0')
conv2_layer.2.weight: 	 tensor([1280.,  320.,  448.,  192.,  192.,  448.,  128.,  128.,  256.,  192.,
         512.], device='cuda:0')
fc1_layer.1.weight: 	 tensor([174.,  46.,  22.,  26.,  28.,  27.,  22.,  23.,  34.,  40.,  70.],
       device='cuda:0')
Task: 9,	 Epoch: 0/80,	 Avg.loss: 0.0013,	 Test Accuracy: 591/1000(59%)
Task: 9,	 Epoch: 1/80,	 Avg.loss: 0.0010,	 Test Accuracy: 672/1000(67%)
Task: 9,	 Epoch: 2/80,	 Avg.loss: 0.0011,	 Test Accuracy: 647/1000(65%)
Task: 9,	 Epoch: 3/80,	 Avg.loss: 0.0009,	 Test Accuracy: 695/1000(70%)
Task: 9,	 Epoch: 4/80,	 Avg.loss: 0.0009,	 Test Accuracy: 687/1000(69%)
Task: 9,	 Epoch: 5/80,	 Avg.loss: 0.0008,	 Test Accuracy: 736/1000(74%)
Task: 9,	 Epoch: 6/80,	 Avg.loss: 0.0008,	 Test Accuracy: 737/1000(74%)
Task: 9,	 Epoch: 7/80,	 Avg.loss: 0.0008,	 Test Accuracy: 732/1000(73%)
Task: 9,	 Epoch: 8/80,	 Avg.loss: 0.0008,	 Test Accuracy: 735/1000(74%)
Task: 9,	 Epoch: 9/80,	 Avg.loss: 0.0008,	 Test Accuracy: 739/1000(74%)
Task: 9,	 Epoch: 10/80,	 Avg.loss: 0.0007,	 Test Accuracy: 771/1000(77%)
Task: 9,	 Epoch: 11/80,	 Avg.loss: 0.0007,	 Test Accuracy: 756/1000(76%)
Task: 9,	 Epoch: 12/80,	 Avg.loss: 0.0007,	 Test Accuracy: 769/1000(77%)
Task: 9,	 Epoch: 13/80,	 Avg.loss: 0.0007,	 Test Accuracy: 764/1000(76%)
Task: 9,	 Epoch: 14/80,	 Avg.loss: 0.0007,	 Test Accuracy: 769/1000(77%)
Task: 9,	 Epoch: 15/80,	 Avg.loss: 0.0007,	 Test Accuracy: 764/1000(76%)
Task: 9,	 Epoch: 16/80,	 Avg.loss: 0.0007,	 Test Accuracy: 757/1000(76%)
Task: 9,	 Epoch: 17/80,	 Avg.loss: 0.0008,	 Test Accuracy: 721/1000(72%)
Task: 9,	 Epoch: 18/80,	 Avg.loss: 0.0008,	 Test Accuracy: 726/1000(73%)
Task: 9,	 Epoch: 19/80,	 Avg.loss: 0.0007,	 Test Accuracy: 764/1000(76%)
Task: 9,	 Epoch: 20/80,	 Avg.loss: 0.0007,	 Test Accuracy: 763/1000(76%)
Task: 9,	 Epoch: 21/80,	 Avg.loss: 0.0007,	 Test Accuracy: 771/1000(77%)
Task: 9,	 Epoch: 22/80,	 Avg.loss: 0.0007,	 Test Accuracy: 766/1000(77%)
Task: 9,	 Epoch: 23/80,	 Avg.loss: 0.0008,	 Test Accuracy: 754/1000(75%)
Task: 9,	 Epoch: 24/80,	 Avg.loss: 0.0007,	 Test Accuracy: 778/1000(78%)
Task: 9,	 Epoch: 25/80,	 Avg.loss: 0.0007,	 Test Accuracy: 774/1000(77%)
Task: 9,	 Epoch: 26/80,	 Avg.loss: 0.0007,	 Test Accuracy: 777/1000(78%)
Task: 9,	 Epoch: 27/80,	 Avg.loss: 0.0007,	 Test Accuracy: 769/1000(77%)
Task: 9,	 Epoch: 28/80,	 Avg.loss: 0.0007,	 Test Accuracy: 776/1000(78%)
Task: 9,	 Epoch: 29/80,	 Avg.loss: 0.0007,	 Test Accuracy: 775/1000(78%)
Task: 9,	 Epoch: 30/80,	 Avg.loss: 0.0007,	 Test Accuracy: 772/1000(77%)
Task: 9,	 Epoch: 31/80,	 Avg.loss: 0.0007,	 Test Accuracy: 772/1000(77%)
Task: 9,	 Epoch: 32/80,	 Avg.loss: 0.0006,	 Test Accuracy: 795/1000(80%)
Task: 9,	 Epoch: 33/80,	 Avg.loss: 0.0007,	 Test Accuracy: 771/1000(77%)
Task: 9,	 Epoch: 34/80,	 Avg.loss: 0.0007,	 Test Accuracy: 779/1000(78%)
Task: 9,	 Epoch: 35/80,	 Avg.loss: 0.0007,	 Test Accuracy: 782/1000(78%)
Task: 9,	 Epoch: 36/80,	 Avg.loss: 0.0007,	 Test Accuracy: 772/1000(77%)
Task: 9,	 Epoch: 37/80,	 Avg.loss: 0.0007,	 Test Accuracy: 766/1000(77%)
Task: 9,	 Epoch: 38/80,	 Avg.loss: 0.0007,	 Test Accuracy: 769/1000(77%)
Task: 9,	 Epoch: 39/80,	 Avg.loss: 0.0007,	 Test Accuracy: 789/1000(79%)
Task: 9,	 Epoch: 40/80,	 Avg.loss: 0.0007,	 Test Accuracy: 791/1000(79%)
Task: 9,	 Epoch: 41/80,	 Avg.loss: 0.0008,	 Test Accuracy: 762/1000(76%)
Task: 9,	 Epoch: 42/80,	 Avg.loss: 0.0007,	 Test Accuracy: 791/1000(79%)
Task: 9,	 Epoch: 43/80,	 Avg.loss: 0.0007,	 Test Accuracy: 801/1000(80%)
Task: 9,	 Epoch: 44/80,	 Avg.loss: 0.0007,	 Test Accuracy: 782/1000(78%)
Task: 9,	 Epoch: 45/80,	 Avg.loss: 0.0007,	 Test Accuracy: 796/1000(80%)
Task: 9,	 Epoch: 46/80,	 Avg.loss: 0.0006,	 Test Accuracy: 797/1000(80%)
Task: 9,	 Epoch: 47/80,	 Avg.loss: 0.0007,	 Test Accuracy: 782/1000(78%)
Task: 9,	 Epoch: 48/80,	 Avg.loss: 0.0006,	 Test Accuracy: 802/1000(80%)
Task: 9,	 Epoch: 49/80,	 Avg.loss: 0.0007,	 Test Accuracy: 770/1000(77%)
Task: 9,	 Epoch: 50/80,	 Avg.loss: 0.0006,	 Test Accuracy: 807/1000(81%)
Task: 9,	 Epoch: 51/80,	 Avg.loss: 0.0006,	 Test Accuracy: 805/1000(81%)
Task: 9,	 Epoch: 52/80,	 Avg.loss: 0.0006,	 Test Accuracy: 810/1000(81%)
Task: 9,	 Epoch: 53/80,	 Avg.loss: 0.0006,	 Test Accuracy: 806/1000(81%)
Task: 9,	 Epoch: 54/80,	 Avg.loss: 0.0006,	 Test Accuracy: 807/1000(81%)
Task: 9,	 Epoch: 55/80,	 Avg.loss: 0.0006,	 Test Accuracy: 805/1000(81%)
Task: 9,	 Epoch: 56/80,	 Avg.loss: 0.0006,	 Test Accuracy: 803/1000(80%)
Task: 9,	 Epoch: 57/80,	 Avg.loss: 0.0006,	 Test Accuracy: 801/1000(80%)
Task: 9,	 Epoch: 58/80,	 Avg.loss: 0.0006,	 Test Accuracy: 804/1000(80%)
Task: 9,	 Epoch: 59/80,	 Avg.loss: 0.0006,	 Test Accuracy: 799/1000(80%)
Task: 9,	 Epoch: 60/80,	 Avg.loss: 0.0006,	 Test Accuracy: 801/1000(80%)
Task: 9,	 Epoch: 61/80,	 Avg.loss: 0.0006,	 Test Accuracy: 799/1000(80%)
Task: 9,	 Epoch: 62/80,	 Avg.loss: 0.0006,	 Test Accuracy: 804/1000(80%)
Task: 9,	 Epoch: 63/80,	 Avg.loss: 0.0006,	 Test Accuracy: 805/1000(81%)
Task: 9,	 Epoch: 64/80,	 Avg.loss: 0.0006,	 Test Accuracy: 801/1000(80%)
Task: 9,	 Epoch: 65/80,	 Avg.loss: 0.0006,	 Test Accuracy: 806/1000(81%)
Task: 9,	 Epoch: 66/80,	 Avg.loss: 0.0006,	 Test Accuracy: 807/1000(81%)
Task: 9,	 Epoch: 67/80,	 Avg.loss: 0.0006,	 Test Accuracy: 801/1000(80%)
Task: 9,	 Epoch: 68/80,	 Avg.loss: 0.0006,	 Test Accuracy: 802/1000(80%)
Task: 9,	 Epoch: 69/80,	 Avg.loss: 0.0006,	 Test Accuracy: 797/1000(80%)
Task: 9,	 Epoch: 70/80,	 Avg.loss: 0.0006,	 Test Accuracy: 799/1000(80%)
Task: 9,	 Epoch: 71/80,	 Avg.loss: 0.0006,	 Test Accuracy: 808/1000(81%)
Task: 9,	 Epoch: 72/80,	 Avg.loss: 0.0006,	 Test Accuracy: 806/1000(81%)
Task: 9,	 Epoch: 73/80,	 Avg.loss: 0.0006,	 Test Accuracy: 810/1000(81%)
Task: 9,	 Epoch: 74/80,	 Avg.loss: 0.0006,	 Test Accuracy: 804/1000(80%)
Task: 9,	 Epoch: 75/80,	 Avg.loss: 0.0006,	 Test Accuracy: 805/1000(81%)
Task: 9,	 Epoch: 76/80,	 Avg.loss: 0.0006,	 Test Accuracy: 805/1000(81%)
Task: 9,	 Epoch: 77/80,	 Avg.loss: 0.0006,	 Test Accuracy: 802/1000(80%)
Task: 9,	 Epoch: 78/80,	 Avg.loss: 0.0006,	 Test Accuracy: 804/1000(80%)
Task: 9,	 Epoch: 79/80,	 Avg.loss: 0.0006,	 Test Accuracy: 803/1000(80%)
Trained Task:9, Loaded task:0, Accuracy:81.0%
Trained Task:9, Loaded task:1, Accuracy:71.3%
Trained Task:9, Loaded task:2, Accuracy:74.8%
Trained Task:9, Loaded task:3, Accuracy:67.6%
Trained Task:9, Loaded task:4, Accuracy:77.2%
Trained Task:9, Loaded task:5, Accuracy:75.2%
Trained Task:9, Loaded task:6, Accuracy:76.9%
Trained Task:9, Loaded task:7, Accuracy:71.1%
Trained Task:9, Loaded task:8, Accuracy:77.5%
Trained Task:9, Loaded task:9, Accuracy:80.3%
Trained Task:9, Avg. Accuracy: 75.3 

List of avg. accuracy: [84.4, 79.0, 78.3, 77.0, 75.9, 75.2, 75.6, 74.7, 74.8, 75.3]
