Layer        : conv1_layer.0.weight
R.histogram  : tensor([10.,  9.,  4.,  4.,  1.,  1.,  2.,  0.,  0.,  1.], device='cuda:0')
R_sum max/min: 1722.9/239.9
F max  		: 0.42746004462242126
O masx 		: 0.0
Layer        : conv2_layer.0.weight
R.histogram  : tensor([8., 8., 2., 4., 4., 1., 4., 0., 0., 1.], device='cuda:0')
R_sum max/min: 8432.9/949.6
F max  		: 0.24077503383159637
O masx 		: 0.0
Layer        : conv3_layer.0.weight
R.histogram  : tensor([17., 24., 13.,  5.,  1.,  2.,  1.,  0.,  0.,  1.], device='cuda:0')
R_sum max/min: 11334.5/288.0
F max  		: 0.18310612440109253
O masx 		: 0.0
Layer        : conv4_layer.0.weight
R.histogram  : tensor([13., 18., 10.,  5.,  6.,  4.,  2.,  3.,  2.,  1.], device='cuda:0')
R_sum max/min: 13192.9/576.0
F max  		: 0.09822920709848404
O masx 		: 0.0
Layer        : fc1_layer.0.weight
R.histogram  : tensor([324.,  97.,  48.,  19.,  13.,   6.,   2.,   1.,   0.,   2.],
       device='cuda:0')
R_sum max/min: 94749.7/4096.0
F max  		: 0.0062052058055996895
O masx 		: 0.0
Mask histogram
conv1_layer.0.weight: 	 tensor([    0., 32768.,     0.,     0.,     0.,     0.,     0.,     0.,     0.,
            0.,     0.], device='cuda:0')
conv2_layer.0.weight: 	 tensor([   0., 8192.,    0.,    0.,    0.,    0.,    0.,    0.,    0.,    0.,
           0.], device='cuda:0')
conv3_layer.0.weight: 	 tensor([9984., 6400.,    0.,    0.,    0.,    0.,    0.,    0.,    0.,    0.,
           0.], device='cuda:0')
conv4_layer.0.weight: 	 tensor([2496., 1600.,    0.,    0.,    0.,    0.,    0.,    0.,    0.,    0.,
           0.], device='cuda:0')
fc1_layer.0.weight: 	 tensor([308., 204.,   0.,   0.,   0.,   0.,   0.,   0.,   0.,   0.,   0.],
       device='cuda:0')
Head Finetuning    :Task: 0,	 Epoch: 0/40,	 Avg.loss: 0.0018,	 Test Accuracy: 368/1000(37%)
Head Finetuning    :Task: 0,	 Epoch: 1/40,	 Avg.loss: 0.0015,	 Test Accuracy: 483/1000(48%)
Head Finetuning    :Task: 0,	 Epoch: 2/40,	 Avg.loss: 0.0014,	 Test Accuracy: 500/1000(50%)
Head Finetuning    :Task: 0,	 Epoch: 3/40,	 Avg.loss: 0.0014,	 Test Accuracy: 520/1000(52%)
Head Finetuning    :Task: 0,	 Epoch: 4/40,	 Avg.loss: 0.0013,	 Test Accuracy: 519/1000(52%)
Head Finetuning    :Task: 0,	 Epoch: 5/40,	 Avg.loss: 0.0013,	 Test Accuracy: 534/1000(53%)
Head Finetuning    :Task: 0,	 Epoch: 6/40,	 Avg.loss: 0.0013,	 Test Accuracy: 544/1000(54%)
Head Finetuning    :Task: 0,	 Epoch: 7/40,	 Avg.loss: 0.0012,	 Test Accuracy: 561/1000(56%)
Head Finetuning    :Task: 0,	 Epoch: 8/40,	 Avg.loss: 0.0012,	 Test Accuracy: 554/1000(55%)
Head Finetuning    :Task: 0,	 Epoch: 9/40,	 Avg.loss: 0.0012,	 Test Accuracy: 573/1000(57%)
Head Finetuning    :Task: 0,	 Epoch: 10/40,	 Avg.loss: 0.0012,	 Test Accuracy: 564/1000(56%)
Head Finetuning    :Task: 0,	 Epoch: 11/40,	 Avg.loss: 0.0012,	 Test Accuracy: 588/1000(59%)
Head Finetuning    :Task: 0,	 Epoch: 12/40,	 Avg.loss: 0.0012,	 Test Accuracy: 576/1000(58%)
Head Finetuning    :Task: 0,	 Epoch: 13/40,	 Avg.loss: 0.0012,	 Test Accuracy: 606/1000(61%)
Head Finetuning    :Task: 0,	 Epoch: 14/40,	 Avg.loss: 0.0012,	 Test Accuracy: 584/1000(58%)
Task: 0,	 Epoch: 0/40,	 Avg.loss: 0.0009,	 Test Accuracy: 676/1000(68%)
Task: 0,	 Epoch: 1/40,	 Avg.loss: 0.0008,	 Test Accuracy: 710/1000(71%)
Task: 0,	 Epoch: 2/40,	 Avg.loss: 0.0008,	 Test Accuracy: 742/1000(74%)
Task: 0,	 Epoch: 3/40,	 Avg.loss: 0.0007,	 Test Accuracy: 757/1000(76%)
Task: 0,	 Epoch: 4/40,	 Avg.loss: 0.0007,	 Test Accuracy: 778/1000(78%)
Task: 0,	 Epoch: 5/40,	 Avg.loss: 0.0006,	 Test Accuracy: 795/1000(80%)
Task: 0,	 Epoch: 6/40,	 Avg.loss: 0.0007,	 Test Accuracy: 780/1000(78%)
Task: 0,	 Epoch: 7/40,	 Avg.loss: 0.0007,	 Test Accuracy: 778/1000(78%)
Task: 0,	 Epoch: 8/40,	 Avg.loss: 0.0006,	 Test Accuracy: 794/1000(79%)
Task: 0,	 Epoch: 9/40,	 Avg.loss: 0.0006,	 Test Accuracy: 802/1000(80%)
Task: 0,	 Epoch: 10/40,	 Avg.loss: 0.0006,	 Test Accuracy: 778/1000(78%)
Task: 0,	 Epoch: 11/40,	 Avg.loss: 0.0006,	 Test Accuracy: 801/1000(80%)
Task: 0,	 Epoch: 12/40,	 Avg.loss: 0.0006,	 Test Accuracy: 812/1000(81%)
Task: 0,	 Epoch: 13/40,	 Avg.loss: 0.0006,	 Test Accuracy: 812/1000(81%)
Task: 0,	 Epoch: 14/40,	 Avg.loss: 0.0006,	 Test Accuracy: 809/1000(81%)
Task: 0,	 Epoch: 15/40,	 Avg.loss: 0.0006,	 Test Accuracy: 804/1000(80%)
Task: 0,	 Epoch: 16/40,	 Avg.loss: 0.0006,	 Test Accuracy: 801/1000(80%)
Task: 0,	 Epoch: 17/40,	 Avg.loss: 0.0006,	 Test Accuracy: 794/1000(79%)
Task: 0,	 Epoch: 18/40,	 Avg.loss: 0.0006,	 Test Accuracy: 806/1000(81%)
Task: 0,	 Epoch: 19/40,	 Avg.loss: 0.0006,	 Test Accuracy: 826/1000(83%)
Task: 0,	 Epoch: 20/40,	 Avg.loss: 0.0005,	 Test Accuracy: 830/1000(83%)
Task: 0,	 Epoch: 21/40,	 Avg.loss: 0.0005,	 Test Accuracy: 832/1000(83%)
Task: 0,	 Epoch: 22/40,	 Avg.loss: 0.0005,	 Test Accuracy: 835/1000(84%)
Task: 0,	 Epoch: 23/40,	 Avg.loss: 0.0005,	 Test Accuracy: 835/1000(84%)
Task: 0,	 Epoch: 24/40,	 Avg.loss: 0.0005,	 Test Accuracy: 836/1000(84%)
Task: 0,	 Epoch: 25/40,	 Avg.loss: 0.0005,	 Test Accuracy: 830/1000(83%)
Task: 0,	 Epoch: 26/40,	 Avg.loss: 0.0005,	 Test Accuracy: 830/1000(83%)
Task: 0,	 Epoch: 27/40,	 Avg.loss: 0.0006,	 Test Accuracy: 833/1000(83%)
Task: 0,	 Epoch: 28/40,	 Avg.loss: 0.0005,	 Test Accuracy: 829/1000(83%)
Task: 0,	 Epoch: 29/40,	 Avg.loss: 0.0005,	 Test Accuracy: 831/1000(83%)
Task: 0,	 Epoch: 30/40,	 Avg.loss: 0.0005,	 Test Accuracy: 832/1000(83%)
Task: 0,	 Epoch: 31/40,	 Avg.loss: 0.0006,	 Test Accuracy: 831/1000(83%)
Task: 0,	 Epoch: 32/40,	 Avg.loss: 0.0005,	 Test Accuracy: 836/1000(84%)
Task: 0,	 Epoch: 33/40,	 Avg.loss: 0.0006,	 Test Accuracy: 828/1000(83%)
Task: 0,	 Epoch: 34/40,	 Avg.loss: 0.0006,	 Test Accuracy: 840/1000(84%)
Task: 0,	 Epoch: 35/40,	 Avg.loss: 0.0006,	 Test Accuracy: 836/1000(84%)
Task: 0,	 Epoch: 36/40,	 Avg.loss: 0.0005,	 Test Accuracy: 838/1000(84%)
Task: 0,	 Epoch: 37/40,	 Avg.loss: 0.0006,	 Test Accuracy: 833/1000(83%)
Task: 0,	 Epoch: 38/40,	 Avg.loss: 0.0006,	 Test Accuracy: 838/1000(84%)
Task: 0,	 Epoch: 39/40,	 Avg.loss: 0.0006,	 Test Accuracy: 836/1000(84%)
Trained Task:0, Loaded task:0, Accuracy:83.6%
Trained Task:0, Avg. Accuracy: 83.6 

List of avg. accuracy: [83.6]
Layer        : conv1_layer.0.weight
R.histogram  : tensor([4., 3., 7., 5., 4., 2., 1., 3., 1., 2.], device='cuda:0')
R_sum max/min: 0.8/0.1
F max  		: 0.8745489120483398
O masx 		: 13.265120506286621
Layer        : conv2_layer.0.weight
R.histogram  : tensor([4., 8., 2., 9., 2., 0., 4., 2., 0., 1.], device='cuda:0')
R_sum max/min: 14.6/3.1
F max  		: 0.5895832180976868
O masx 		: 8.217009544372559
Layer        : conv3_layer.0.weight
R.histogram  : tensor([25.,  4.,  4.,  9.,  9.,  2.,  1.,  5.,  0.,  5.], device='cuda:0')
R_sum max/min: 2641.8/2.2
F max  		: 0.4361678957939148
O masx 		: 5.250818729400635
Layer        : conv4_layer.0.weight
R.histogram  : tensor([24., 20., 12.,  1.,  3.,  1.,  2.,  0.,  0.,  1.], device='cuda:0')
R_sum max/min: 10257.6/576.0
F max  		: 0.27491429448127747
O masx 		: 7.137155055999756
Layer        : fc1_layer.0.weight
R.histogram  : tensor([323.,  80.,  57.,  29.,  14.,   5.,   1.,   0.,   1.,   2.],
       device='cuda:0')
R_sum max/min: 25355.0/3174.4
F max  		: 0.020117532461881638
O masx 		: 0.3288080096244812
Mask histogram
conv1_layer.0.weight: 	 tensor([    0.,     0., 32768.,     0.,     0.,     0.,     0.,     0.,     0.,
            0.,     0.], device='cuda:0')
conv2_layer.0.weight: 	 tensor([   0.,    0., 8192.,    0.,    0.,    0.,    0.,    0.,    0.,    0.,
           0.], device='cuda:0')
conv3_layer.0.weight: 	 tensor([ 3584., 12800.,     0.,     0.,     0.,     0.,     0.,     0.,     0.,
            0.,     0.], device='cuda:0')
conv4_layer.0.weight: 	 tensor([1792., 1408.,  896.,    0.,    0.,    0.,    0.,    0.,    0.,    0.,
           0.], device='cuda:0')
fc1_layer.0.weight: 	 tensor([272.,  72., 168.,   0.,   0.,   0.,   0.,   0.,   0.,   0.,   0.],
       device='cuda:0')
Head Finetuning    :Task: 1,	 Epoch: 0/40,	 Avg.loss: 0.0024,	 Test Accuracy: 118/1000(12%)
Head Finetuning    :Task: 1,	 Epoch: 1/40,	 Avg.loss: 0.0023,	 Test Accuracy: 134/1000(13%)
Head Finetuning    :Task: 1,	 Epoch: 2/40,	 Avg.loss: 0.0023,	 Test Accuracy: 156/1000(16%)
Head Finetuning    :Task: 1,	 Epoch: 3/40,	 Avg.loss: 0.0023,	 Test Accuracy: 161/1000(16%)
Head Finetuning    :Task: 1,	 Epoch: 4/40,	 Avg.loss: 0.0023,	 Test Accuracy: 169/1000(17%)
Head Finetuning    :Task: 1,	 Epoch: 5/40,	 Avg.loss: 0.0022,	 Test Accuracy: 172/1000(17%)
Head Finetuning    :Task: 1,	 Epoch: 6/40,	 Avg.loss: 0.0022,	 Test Accuracy: 181/1000(18%)
Head Finetuning    :Task: 1,	 Epoch: 7/40,	 Avg.loss: 0.0022,	 Test Accuracy: 183/1000(18%)
Head Finetuning    :Task: 1,	 Epoch: 8/40,	 Avg.loss: 0.0022,	 Test Accuracy: 189/1000(19%)
Head Finetuning    :Task: 1,	 Epoch: 9/40,	 Avg.loss: 0.0022,	 Test Accuracy: 191/1000(19%)
Head Finetuning    :Task: 1,	 Epoch: 10/40,	 Avg.loss: 0.0022,	 Test Accuracy: 195/1000(20%)
Head Finetuning    :Task: 1,	 Epoch: 11/40,	 Avg.loss: 0.0022,	 Test Accuracy: 198/1000(20%)
Head Finetuning    :Task: 1,	 Epoch: 12/40,	 Avg.loss: 0.0022,	 Test Accuracy: 202/1000(20%)
Head Finetuning    :Task: 1,	 Epoch: 13/40,	 Avg.loss: 0.0022,	 Test Accuracy: 207/1000(21%)
Head Finetuning    :Task: 1,	 Epoch: 14/40,	 Avg.loss: 0.0022,	 Test Accuracy: 209/1000(21%)
Task: 1,	 Epoch: 0/40,	 Avg.loss: 0.0011,	 Test Accuracy: 600/1000(60%)
Task: 1,	 Epoch: 1/40,	 Avg.loss: 0.0010,	 Test Accuracy: 668/1000(67%)
Task: 1,	 Epoch: 2/40,	 Avg.loss: 0.0009,	 Test Accuracy: 685/1000(68%)
Task: 1,	 Epoch: 3/40,	 Avg.loss: 0.0009,	 Test Accuracy: 689/1000(69%)
Task: 1,	 Epoch: 4/40,	 Avg.loss: 0.0008,	 Test Accuracy: 710/1000(71%)
Task: 1,	 Epoch: 5/40,	 Avg.loss: 0.0008,	 Test Accuracy: 706/1000(71%)
Task: 1,	 Epoch: 6/40,	 Avg.loss: 0.0009,	 Test Accuracy: 707/1000(71%)
Task: 1,	 Epoch: 7/40,	 Avg.loss: 0.0008,	 Test Accuracy: 715/1000(72%)
Task: 1,	 Epoch: 8/40,	 Avg.loss: 0.0008,	 Test Accuracy: 732/1000(73%)
Task: 1,	 Epoch: 9/40,	 Avg.loss: 0.0009,	 Test Accuracy: 692/1000(69%)
Task: 1,	 Epoch: 10/40,	 Avg.loss: 0.0008,	 Test Accuracy: 743/1000(74%)
Task: 1,	 Epoch: 11/40,	 Avg.loss: 0.0008,	 Test Accuracy: 739/1000(74%)
Task: 1,	 Epoch: 12/40,	 Avg.loss: 0.0007,	 Test Accuracy: 739/1000(74%)
Task: 1,	 Epoch: 13/40,	 Avg.loss: 0.0008,	 Test Accuracy: 729/1000(73%)
Task: 1,	 Epoch: 14/40,	 Avg.loss: 0.0007,	 Test Accuracy: 754/1000(75%)
Task: 1,	 Epoch: 15/40,	 Avg.loss: 0.0008,	 Test Accuracy: 743/1000(74%)
Task: 1,	 Epoch: 16/40,	 Avg.loss: 0.0007,	 Test Accuracy: 745/1000(74%)
Task: 1,	 Epoch: 17/40,	 Avg.loss: 0.0008,	 Test Accuracy: 729/1000(73%)
Task: 1,	 Epoch: 18/40,	 Avg.loss: 0.0007,	 Test Accuracy: 747/1000(75%)
Task: 1,	 Epoch: 19/40,	 Avg.loss: 0.0008,	 Test Accuracy: 733/1000(73%)
Task: 1,	 Epoch: 20/40,	 Avg.loss: 0.0007,	 Test Accuracy: 766/1000(77%)
Task: 1,	 Epoch: 21/40,	 Avg.loss: 0.0007,	 Test Accuracy: 768/1000(77%)
Task: 1,	 Epoch: 22/40,	 Avg.loss: 0.0007,	 Test Accuracy: 772/1000(77%)
Task: 1,	 Epoch: 23/40,	 Avg.loss: 0.0007,	 Test Accuracy: 776/1000(78%)
Task: 1,	 Epoch: 24/40,	 Avg.loss: 0.0007,	 Test Accuracy: 777/1000(78%)
Task: 1,	 Epoch: 25/40,	 Avg.loss: 0.0007,	 Test Accuracy: 771/1000(77%)
Task: 1,	 Epoch: 26/40,	 Avg.loss: 0.0007,	 Test Accuracy: 773/1000(77%)
Task: 1,	 Epoch: 27/40,	 Avg.loss: 0.0007,	 Test Accuracy: 767/1000(77%)
Task: 1,	 Epoch: 28/40,	 Avg.loss: 0.0007,	 Test Accuracy: 767/1000(77%)
Task: 1,	 Epoch: 29/40,	 Avg.loss: 0.0007,	 Test Accuracy: 771/1000(77%)
Task: 1,	 Epoch: 30/40,	 Avg.loss: 0.0007,	 Test Accuracy: 773/1000(77%)
Task: 1,	 Epoch: 31/40,	 Avg.loss: 0.0007,	 Test Accuracy: 771/1000(77%)
Task: 1,	 Epoch: 32/40,	 Avg.loss: 0.0007,	 Test Accuracy: 773/1000(77%)
Task: 1,	 Epoch: 33/40,	 Avg.loss: 0.0007,	 Test Accuracy: 772/1000(77%)
Task: 1,	 Epoch: 34/40,	 Avg.loss: 0.0007,	 Test Accuracy: 779/1000(78%)
Task: 1,	 Epoch: 35/40,	 Avg.loss: 0.0007,	 Test Accuracy: 775/1000(78%)
Task: 1,	 Epoch: 36/40,	 Avg.loss: 0.0007,	 Test Accuracy: 771/1000(77%)
Task: 1,	 Epoch: 37/40,	 Avg.loss: 0.0007,	 Test Accuracy: 780/1000(78%)
Task: 1,	 Epoch: 38/40,	 Avg.loss: 0.0007,	 Test Accuracy: 772/1000(77%)
Task: 1,	 Epoch: 39/40,	 Avg.loss: 0.0007,	 Test Accuracy: 781/1000(78%)
Trained Task:1, Loaded task:0, Accuracy:83.4%
Trained Task:1, Loaded task:1, Accuracy:78.1%
Trained Task:1, Avg. Accuracy: 80.8 

List of avg. accuracy: [83.6, 80.8]
Layer        : conv1_layer.0.weight
R.histogram  : tensor([ 8., 12.,  7.,  2.,  0.,  1.,  0.,  0.,  1.,  1.], device='cuda:0')
R_sum max/min: 2.0/0.2
F max  		: 1.5936871767044067
O masx 		: 17.12848472595215
Layer        : conv2_layer.0.weight
R.histogram  : tensor([4., 3., 6., 3., 7., 4., 1., 2., 0., 2.], device='cuda:0')
R_sum max/min: 15.2/2.8
F max  		: 1.0791348218917847
O masx 		: 10.723844528198242
Layer        : conv3_layer.0.weight
R.histogram  : tensor([50.,  4.,  0.,  2.,  4.,  0.,  1.,  2.,  0.,  1.], device='cuda:0')
R_sum max/min: 2527.3/1.1
F max  		: 0.5526135563850403
O masx 		: 5.250818729400635
Layer        : conv4_layer.0.weight
R.histogram  : tensor([37., 20.,  4.,  0.,  0.,  1.,  0.,  1.,  0.,  1.], device='cuda:0')
R_sum max/min: 6636.9/323.9
F max  		: 0.6574882864952087
O masx 		: 7.137155055999756
Layer        : fc1_layer.0.weight
R.histogram  : tensor([ 36.,  62., 321.,  46.,  25.,   8.,   6.,   2.,   4.,   2.],
       device='cuda:0')
R_sum max/min: 10531.8/2033.5
F max  		: 0.03349858522415161
O masx 		: 0.33328500390052795
Mask histogram
conv1_layer.0.weight: 	 tensor([    0.,     0.,     0., 32768.,     0.,     0.,     0.,     0.,     0.,
            0.,     0.], device='cuda:0')
conv2_layer.0.weight: 	 tensor([   0.,    0.,    0., 8192.,    0.,    0.,    0.,    0.,    0.,    0.,
           0.], device='cuda:0')
conv3_layer.0.weight: 	 tensor([    0., 13568.,  2816.,     0.,     0.,     0.,     0.,     0.,     0.,
            0.,     0.], device='cuda:0')
conv4_layer.0.weight: 	 tensor([ 896., 1600., 1600.,    0.,    0.,    0.,    0.,    0.,    0.,    0.,
           0.], device='cuda:0')
fc1_layer.0.weight: 	 tensor([191., 104., 143.,  74.,   0.,   0.,   0.,   0.,   0.,   0.,   0.],
       device='cuda:0')
Head Finetuning    :Task: 2,	 Epoch: 0/40,	 Avg.loss: 0.0024,	 Test Accuracy: 135/1000(14%)
Head Finetuning    :Task: 2,	 Epoch: 1/40,	 Avg.loss: 0.0023,	 Test Accuracy: 133/1000(13%)
Head Finetuning    :Task: 2,	 Epoch: 2/40,	 Avg.loss: 0.0023,	 Test Accuracy: 136/1000(14%)
Head Finetuning    :Task: 2,	 Epoch: 3/40,	 Avg.loss: 0.0023,	 Test Accuracy: 141/1000(14%)
Head Finetuning    :Task: 2,	 Epoch: 4/40,	 Avg.loss: 0.0023,	 Test Accuracy: 146/1000(15%)
Head Finetuning    :Task: 2,	 Epoch: 5/40,	 Avg.loss: 0.0023,	 Test Accuracy: 149/1000(15%)
Head Finetuning    :Task: 2,	 Epoch: 6/40,	 Avg.loss: 0.0023,	 Test Accuracy: 156/1000(16%)
Head Finetuning    :Task: 2,	 Epoch: 7/40,	 Avg.loss: 0.0023,	 Test Accuracy: 161/1000(16%)
Head Finetuning    :Task: 2,	 Epoch: 8/40,	 Avg.loss: 0.0022,	 Test Accuracy: 170/1000(17%)
Head Finetuning    :Task: 2,	 Epoch: 9/40,	 Avg.loss: 0.0022,	 Test Accuracy: 179/1000(18%)
Head Finetuning    :Task: 2,	 Epoch: 10/40,	 Avg.loss: 0.0022,	 Test Accuracy: 184/1000(18%)
Head Finetuning    :Task: 2,	 Epoch: 11/40,	 Avg.loss: 0.0022,	 Test Accuracy: 187/1000(19%)
Head Finetuning    :Task: 2,	 Epoch: 12/40,	 Avg.loss: 0.0022,	 Test Accuracy: 192/1000(19%)
Head Finetuning    :Task: 2,	 Epoch: 13/40,	 Avg.loss: 0.0022,	 Test Accuracy: 195/1000(20%)
Head Finetuning    :Task: 2,	 Epoch: 14/40,	 Avg.loss: 0.0022,	 Test Accuracy: 198/1000(20%)
Task: 2,	 Epoch: 0/40,	 Avg.loss: 0.0012,	 Test Accuracy: 596/1000(60%)
Task: 2,	 Epoch: 1/40,	 Avg.loss: 0.0010,	 Test Accuracy: 679/1000(68%)
Task: 2,	 Epoch: 2/40,	 Avg.loss: 0.0008,	 Test Accuracy: 731/1000(73%)
Task: 2,	 Epoch: 3/40,	 Avg.loss: 0.0008,	 Test Accuracy: 744/1000(74%)
Task: 2,	 Epoch: 4/40,	 Avg.loss: 0.0008,	 Test Accuracy: 734/1000(73%)
Task: 2,	 Epoch: 5/40,	 Avg.loss: 0.0007,	 Test Accuracy: 766/1000(77%)
Task: 2,	 Epoch: 6/40,	 Avg.loss: 0.0007,	 Test Accuracy: 779/1000(78%)
Task: 2,	 Epoch: 7/40,	 Avg.loss: 0.0007,	 Test Accuracy: 774/1000(77%)
Task: 2,	 Epoch: 8/40,	 Avg.loss: 0.0007,	 Test Accuracy: 772/1000(77%)
Task: 2,	 Epoch: 9/40,	 Avg.loss: 0.0007,	 Test Accuracy: 787/1000(79%)
Task: 2,	 Epoch: 10/40,	 Avg.loss: 0.0006,	 Test Accuracy: 787/1000(79%)
Task: 2,	 Epoch: 11/40,	 Avg.loss: 0.0007,	 Test Accuracy: 778/1000(78%)
Task: 2,	 Epoch: 12/40,	 Avg.loss: 0.0007,	 Test Accuracy: 773/1000(77%)
Task: 2,	 Epoch: 13/40,	 Avg.loss: 0.0007,	 Test Accuracy: 772/1000(77%)
Task: 2,	 Epoch: 14/40,	 Avg.loss: 0.0007,	 Test Accuracy: 780/1000(78%)
Task: 2,	 Epoch: 15/40,	 Avg.loss: 0.0006,	 Test Accuracy: 791/1000(79%)
Task: 2,	 Epoch: 16/40,	 Avg.loss: 0.0006,	 Test Accuracy: 787/1000(79%)
Task: 2,	 Epoch: 17/40,	 Avg.loss: 0.0007,	 Test Accuracy: 783/1000(78%)
Task: 2,	 Epoch: 18/40,	 Avg.loss: 0.0006,	 Test Accuracy: 788/1000(79%)
Task: 2,	 Epoch: 19/40,	 Avg.loss: 0.0006,	 Test Accuracy: 788/1000(79%)
Task: 2,	 Epoch: 20/40,	 Avg.loss: 0.0006,	 Test Accuracy: 809/1000(81%)
Task: 2,	 Epoch: 21/40,	 Avg.loss: 0.0006,	 Test Accuracy: 809/1000(81%)
Task: 2,	 Epoch: 22/40,	 Avg.loss: 0.0006,	 Test Accuracy: 809/1000(81%)
Task: 2,	 Epoch: 23/40,	 Avg.loss: 0.0006,	 Test Accuracy: 809/1000(81%)
Task: 2,	 Epoch: 24/40,	 Avg.loss: 0.0006,	 Test Accuracy: 805/1000(81%)
Task: 2,	 Epoch: 25/40,	 Avg.loss: 0.0006,	 Test Accuracy: 811/1000(81%)
Task: 2,	 Epoch: 26/40,	 Avg.loss: 0.0006,	 Test Accuracy: 808/1000(81%)
Task: 2,	 Epoch: 27/40,	 Avg.loss: 0.0006,	 Test Accuracy: 811/1000(81%)
Task: 2,	 Epoch: 28/40,	 Avg.loss: 0.0006,	 Test Accuracy: 810/1000(81%)
Task: 2,	 Epoch: 29/40,	 Avg.loss: 0.0006,	 Test Accuracy: 810/1000(81%)
Task: 2,	 Epoch: 30/40,	 Avg.loss: 0.0006,	 Test Accuracy: 807/1000(81%)
Task: 2,	 Epoch: 31/40,	 Avg.loss: 0.0006,	 Test Accuracy: 809/1000(81%)
Task: 2,	 Epoch: 32/40,	 Avg.loss: 0.0006,	 Test Accuracy: 807/1000(81%)
Task: 2,	 Epoch: 33/40,	 Avg.loss: 0.0006,	 Test Accuracy: 811/1000(81%)
Task: 2,	 Epoch: 34/40,	 Avg.loss: 0.0006,	 Test Accuracy: 813/1000(81%)
Task: 2,	 Epoch: 35/40,	 Avg.loss: 0.0006,	 Test Accuracy: 805/1000(81%)
Task: 2,	 Epoch: 36/40,	 Avg.loss: 0.0006,	 Test Accuracy: 807/1000(81%)
Task: 2,	 Epoch: 37/40,	 Avg.loss: 0.0006,	 Test Accuracy: 802/1000(80%)
Task: 2,	 Epoch: 38/40,	 Avg.loss: 0.0006,	 Test Accuracy: 805/1000(81%)
Task: 2,	 Epoch: 39/40,	 Avg.loss: 0.0006,	 Test Accuracy: 802/1000(80%)
Trained Task:2, Loaded task:0, Accuracy:82.9%
Trained Task:2, Loaded task:1, Accuracy:77.6%
Trained Task:2, Loaded task:2, Accuracy:80.2%
Trained Task:2, Avg. Accuracy: 80.2 

List of avg. accuracy: [83.6, 80.8, 80.2]
Layer        : conv1_layer.0.weight
R.histogram  : tensor([4., 4., 4., 4., 6., 5., 3., 1., 0., 1.], device='cuda:0')
R_sum max/min: 1.3/0.3
F max  		: 3.1397104263305664
O masx 		: 21.28623390197754
Layer        : conv2_layer.0.weight
R.histogram  : tensor([7., 4., 5., 1., 6., 4., 3., 0., 1., 1.], device='cuda:0')
R_sum max/min: 25.5/3.9
F max  		: 2.3600053787231445
O masx 		: 13.927022933959961
Layer        : conv3_layer.0.weight
R.histogram  : tensor([53.,  7.,  1.,  0.,  0.,  0.,  0.,  0.,  0.,  3.], device='cuda:0')
R_sum max/min: 288.0/2.4
F max  		: 1.0590723752975464
O masx 		: 5.250818729400635
Layer        : conv4_layer.0.weight
R.histogram  : tensor([37., 15.,  4.,  3.,  2.,  0.,  1.,  1.,  0.,  1.], device='cuda:0')
R_sum max/min: 8247.1/239.2
F max  		: 0.8897882103919983
O masx 		: 7.137155055999756
Layer        : fc1_layer.0.weight
R.histogram  : tensor([ 48.,  62.,  62.,  42., 288.,   7.,   1.,   1.,   0.,   1.],
       device='cuda:0')
R_sum max/min: 7415.8/1141.0
F max  		: 0.08436346054077148
O masx 		: 0.33328500390052795
Mask histogram
conv1_layer.0.weight: 	 tensor([    0.,     0.,     0.,     0., 32768.,     0.,     0.,     0.,     0.,
            0.,     0.], device='cuda:0')
conv2_layer.0.weight: 	 tensor([   0.,    0.,    0.,    0., 8192.,    0.,    0.,    0.,    0.,    0.,
           0.], device='cuda:0')
conv3_layer.0.weight: 	 tensor([   0., 8448., 6656., 1280.,    0.,    0.,    0.,    0.,    0.,    0.,
           0.], device='cuda:0')
conv4_layer.0.weight: 	 tensor([ 640., 1216., 1536.,  704.,    0.,    0.,    0.,    0.,    0.,    0.,
           0.], device='cuda:0')
fc1_layer.0.weight: 	 tensor([ 67., 162., 195.,  88.,   0.,   0.,   0.,   0.,   0.,   0.,   0.],
       device='cuda:0')
Head Finetuning    :Task: 3,	 Epoch: 0/40,	 Avg.loss: 0.0023,	 Test Accuracy: 130/1000(13%)
Head Finetuning    :Task: 3,	 Epoch: 1/40,	 Avg.loss: 0.0023,	 Test Accuracy: 131/1000(13%)
Head Finetuning    :Task: 3,	 Epoch: 2/40,	 Avg.loss: 0.0023,	 Test Accuracy: 126/1000(13%)
Head Finetuning    :Task: 3,	 Epoch: 3/40,	 Avg.loss: 0.0023,	 Test Accuracy: 124/1000(12%)
Head Finetuning    :Task: 3,	 Epoch: 4/40,	 Avg.loss: 0.0023,	 Test Accuracy: 126/1000(13%)
Head Finetuning    :Task: 3,	 Epoch: 5/40,	 Avg.loss: 0.0023,	 Test Accuracy: 124/1000(12%)
Head Finetuning    :Task: 3,	 Epoch: 6/40,	 Avg.loss: 0.0023,	 Test Accuracy: 126/1000(13%)
Head Finetuning    :Task: 3,	 Epoch: 7/40,	 Avg.loss: 0.0023,	 Test Accuracy: 125/1000(13%)
Head Finetuning    :Task: 3,	 Epoch: 8/40,	 Avg.loss: 0.0023,	 Test Accuracy: 125/1000(13%)
Head Finetuning    :Task: 3,	 Epoch: 9/40,	 Avg.loss: 0.0023,	 Test Accuracy: 125/1000(13%)
Head Finetuning    :Task: 3,	 Epoch: 10/40,	 Avg.loss: 0.0023,	 Test Accuracy: 121/1000(12%)
Head Finetuning    :Task: 3,	 Epoch: 11/40,	 Avg.loss: 0.0023,	 Test Accuracy: 124/1000(12%)
Head Finetuning    :Task: 3,	 Epoch: 12/40,	 Avg.loss: 0.0023,	 Test Accuracy: 119/1000(12%)
Head Finetuning    :Task: 3,	 Epoch: 13/40,	 Avg.loss: 0.0023,	 Test Accuracy: 119/1000(12%)
Head Finetuning    :Task: 3,	 Epoch: 14/40,	 Avg.loss: 0.0023,	 Test Accuracy: 118/1000(12%)
Task: 3,	 Epoch: 0/40,	 Avg.loss: 0.0015,	 Test Accuracy: 487/1000(49%)
Task: 3,	 Epoch: 1/40,	 Avg.loss: 0.0014,	 Test Accuracy: 533/1000(53%)
Task: 3,	 Epoch: 2/40,	 Avg.loss: 0.0012,	 Test Accuracy: 584/1000(58%)
Task: 3,	 Epoch: 3/40,	 Avg.loss: 0.0012,	 Test Accuracy: 616/1000(62%)
Task: 3,	 Epoch: 4/40,	 Avg.loss: 0.0011,	 Test Accuracy: 618/1000(62%)
Task: 3,	 Epoch: 5/40,	 Avg.loss: 0.0011,	 Test Accuracy: 652/1000(65%)
Task: 3,	 Epoch: 6/40,	 Avg.loss: 0.0011,	 Test Accuracy: 622/1000(62%)
Task: 3,	 Epoch: 7/40,	 Avg.loss: 0.0011,	 Test Accuracy: 647/1000(65%)
Task: 3,	 Epoch: 8/40,	 Avg.loss: 0.0010,	 Test Accuracy: 673/1000(67%)
Task: 3,	 Epoch: 9/40,	 Avg.loss: 0.0010,	 Test Accuracy: 657/1000(66%)
Task: 3,	 Epoch: 10/40,	 Avg.loss: 0.0010,	 Test Accuracy: 665/1000(66%)
Task: 3,	 Epoch: 11/40,	 Avg.loss: 0.0010,	 Test Accuracy: 667/1000(67%)
Task: 3,	 Epoch: 12/40,	 Avg.loss: 0.0011,	 Test Accuracy: 637/1000(64%)
Task: 3,	 Epoch: 13/40,	 Avg.loss: 0.0010,	 Test Accuracy: 685/1000(68%)
Task: 3,	 Epoch: 14/40,	 Avg.loss: 0.0010,	 Test Accuracy: 686/1000(69%)
Task: 3,	 Epoch: 15/40,	 Avg.loss: 0.0010,	 Test Accuracy: 672/1000(67%)
Task: 3,	 Epoch: 16/40,	 Avg.loss: 0.0010,	 Test Accuracy: 672/1000(67%)
Task: 3,	 Epoch: 17/40,	 Avg.loss: 0.0010,	 Test Accuracy: 669/1000(67%)
Task: 3,	 Epoch: 18/40,	 Avg.loss: 0.0009,	 Test Accuracy: 686/1000(69%)
Task: 3,	 Epoch: 19/40,	 Avg.loss: 0.0009,	 Test Accuracy: 691/1000(69%)
Task: 3,	 Epoch: 20/40,	 Avg.loss: 0.0009,	 Test Accuracy: 707/1000(71%)
Task: 3,	 Epoch: 21/40,	 Avg.loss: 0.0009,	 Test Accuracy: 699/1000(70%)
Task: 3,	 Epoch: 22/40,	 Avg.loss: 0.0009,	 Test Accuracy: 701/1000(70%)
Task: 3,	 Epoch: 23/40,	 Avg.loss: 0.0009,	 Test Accuracy: 698/1000(70%)
Task: 3,	 Epoch: 24/40,	 Avg.loss: 0.0009,	 Test Accuracy: 698/1000(70%)
Task: 3,	 Epoch: 25/40,	 Avg.loss: 0.0009,	 Test Accuracy: 707/1000(71%)
Task: 3,	 Epoch: 26/40,	 Avg.loss: 0.0009,	 Test Accuracy: 697/1000(70%)
Task: 3,	 Epoch: 27/40,	 Avg.loss: 0.0009,	 Test Accuracy: 701/1000(70%)
Task: 3,	 Epoch: 28/40,	 Avg.loss: 0.0009,	 Test Accuracy: 699/1000(70%)
Task: 3,	 Epoch: 29/40,	 Avg.loss: 0.0009,	 Test Accuracy: 711/1000(71%)
Task: 3,	 Epoch: 30/40,	 Avg.loss: 0.0009,	 Test Accuracy: 705/1000(70%)
Task: 3,	 Epoch: 31/40,	 Avg.loss: 0.0009,	 Test Accuracy: 699/1000(70%)
Task: 3,	 Epoch: 32/40,	 Avg.loss: 0.0009,	 Test Accuracy: 693/1000(69%)
Task: 3,	 Epoch: 33/40,	 Avg.loss: 0.0009,	 Test Accuracy: 693/1000(69%)
Task: 3,	 Epoch: 34/40,	 Avg.loss: 0.0009,	 Test Accuracy: 706/1000(71%)
Task: 3,	 Epoch: 35/40,	 Avg.loss: 0.0009,	 Test Accuracy: 698/1000(70%)
Task: 3,	 Epoch: 36/40,	 Avg.loss: 0.0009,	 Test Accuracy: 703/1000(70%)
Task: 3,	 Epoch: 37/40,	 Avg.loss: 0.0009,	 Test Accuracy: 698/1000(70%)
Task: 3,	 Epoch: 38/40,	 Avg.loss: 0.0009,	 Test Accuracy: 707/1000(71%)
Task: 3,	 Epoch: 39/40,	 Avg.loss: 0.0009,	 Test Accuracy: 703/1000(70%)
Trained Task:3, Loaded task:0, Accuracy:83.5%
Trained Task:3, Loaded task:1, Accuracy:76.9%
Trained Task:3, Loaded task:2, Accuracy:79.2%
Trained Task:3, Loaded task:3, Accuracy:70.3%
Trained Task:3, Avg. Accuracy: 77.5 

List of avg. accuracy: [83.6, 80.8, 80.2, 77.5]
Layer        : conv1_layer.0.weight
R.histogram  : tensor([6., 4., 6., 6., 4., 0., 3., 1., 1., 1.], device='cuda:0')
R_sum max/min: 1.9/0.3
F max  		: 4.930464267730713
O masx 		: 23.555137634277344
Layer        : conv2_layer.0.weight
R.histogram  : tensor([3., 4., 1., 2., 5., 5., 3., 2., 4., 3.], device='cuda:0')
R_sum max/min: 21.6/5.0
F max  		: 4.1674418449401855
O masx 		: 16.777254104614258
Layer        : conv3_layer.0.weight
R.histogram  : tensor([55.,  6.,  0.,  0.,  0.,  0.,  0.,  0.,  0.,  3.], device='cuda:0')
R_sum max/min: 288.0/3.7
F max  		: 2.245516300201416
O masx 		: 5.250818729400635
Layer        : conv4_layer.0.weight
R.histogram  : tensor([37., 12.,  4.,  2.,  5.,  0.,  0.,  1.,  1.,  2.], device='cuda:0')
R_sum max/min: 7424.0/167.4
F max  		: 1.1978263854980469
O masx 		: 7.137155055999756
Layer        : fc1_layer.0.weight
R.histogram  : tensor([ 23.,  73.,  61.,  47.,  22., 275.,   6.,   3.,   0.,   2.],
       device='cuda:0')
R_sum max/min: 6321.6/1206.3
F max  		: 0.20561958849430084
O masx 		: 0.5279014706611633
Mask histogram
conv1_layer.0.weight: 	 tensor([    0.,     0.,     0.,     0.,     0., 32768.,     0.,     0.,     0.,
            0.,     0.], device='cuda:0')
conv2_layer.0.weight: 	 tensor([   0.,    0.,    0.,    0.,    0., 8192.,    0.,    0.,    0.,    0.,
           0.], device='cuda:0')
conv3_layer.0.weight: 	 tensor([   0., 6144., 5376., 4352.,  512.,    0.,    0.,    0.,    0.,    0.,
           0.], device='cuda:0')
conv4_layer.0.weight: 	 tensor([ 512.,  832., 1408., 1024.,  320.,    0.,    0.,    0.,    0.,    0.,
           0.], device='cuda:0')
fc1_layer.0.weight: 	 tensor([ 55.,  51., 253., 149.,   4.,   0.,   0.,   0.,   0.,   0.,   0.],
       device='cuda:0')
Head Finetuning    :Task: 4,	 Epoch: 0/40,	 Avg.loss: 0.0026,	 Test Accuracy: 90/1000(9%)
Head Finetuning    :Task: 4,	 Epoch: 1/40,	 Avg.loss: 0.0025,	 Test Accuracy: 95/1000(10%)
Head Finetuning    :Task: 4,	 Epoch: 2/40,	 Avg.loss: 0.0025,	 Test Accuracy: 96/1000(10%)
Head Finetuning    :Task: 4,	 Epoch: 3/40,	 Avg.loss: 0.0024,	 Test Accuracy: 101/1000(10%)
Head Finetuning    :Task: 4,	 Epoch: 4/40,	 Avg.loss: 0.0024,	 Test Accuracy: 103/1000(10%)
Head Finetuning    :Task: 4,	 Epoch: 5/40,	 Avg.loss: 0.0024,	 Test Accuracy: 110/1000(11%)
Head Finetuning    :Task: 4,	 Epoch: 6/40,	 Avg.loss: 0.0024,	 Test Accuracy: 115/1000(12%)
Head Finetuning    :Task: 4,	 Epoch: 7/40,	 Avg.loss: 0.0024,	 Test Accuracy: 120/1000(12%)
Head Finetuning    :Task: 4,	 Epoch: 8/40,	 Avg.loss: 0.0024,	 Test Accuracy: 122/1000(12%)
Head Finetuning    :Task: 4,	 Epoch: 9/40,	 Avg.loss: 0.0023,	 Test Accuracy: 126/1000(13%)
Head Finetuning    :Task: 4,	 Epoch: 10/40,	 Avg.loss: 0.0023,	 Test Accuracy: 131/1000(13%)
Head Finetuning    :Task: 4,	 Epoch: 11/40,	 Avg.loss: 0.0023,	 Test Accuracy: 128/1000(13%)
Head Finetuning    :Task: 4,	 Epoch: 12/40,	 Avg.loss: 0.0023,	 Test Accuracy: 129/1000(13%)
Head Finetuning    :Task: 4,	 Epoch: 13/40,	 Avg.loss: 0.0023,	 Test Accuracy: 134/1000(13%)
Head Finetuning    :Task: 4,	 Epoch: 14/40,	 Avg.loss: 0.0023,	 Test Accuracy: 135/1000(14%)
Task: 4,	 Epoch: 0/40,	 Avg.loss: 0.0013,	 Test Accuracy: 542/1000(54%)
Task: 4,	 Epoch: 1/40,	 Avg.loss: 0.0011,	 Test Accuracy: 627/1000(63%)
Task: 4,	 Epoch: 2/40,	 Avg.loss: 0.0011,	 Test Accuracy: 645/1000(64%)
Task: 4,	 Epoch: 3/40,	 Avg.loss: 0.0011,	 Test Accuracy: 646/1000(65%)
Task: 4,	 Epoch: 4/40,	 Avg.loss: 0.0011,	 Test Accuracy: 669/1000(67%)
Task: 4,	 Epoch: 5/40,	 Avg.loss: 0.0009,	 Test Accuracy: 691/1000(69%)
Task: 4,	 Epoch: 6/40,	 Avg.loss: 0.0009,	 Test Accuracy: 695/1000(70%)
Task: 4,	 Epoch: 7/40,	 Avg.loss: 0.0010,	 Test Accuracy: 703/1000(70%)
Task: 4,	 Epoch: 8/40,	 Avg.loss: 0.0009,	 Test Accuracy: 707/1000(71%)
Task: 4,	 Epoch: 9/40,	 Avg.loss: 0.0009,	 Test Accuracy: 733/1000(73%)
Task: 4,	 Epoch: 10/40,	 Avg.loss: 0.0009,	 Test Accuracy: 736/1000(74%)
Task: 4,	 Epoch: 11/40,	 Avg.loss: 0.0008,	 Test Accuracy: 741/1000(74%)
Task: 4,	 Epoch: 12/40,	 Avg.loss: 0.0009,	 Test Accuracy: 733/1000(73%)
Task: 4,	 Epoch: 13/40,	 Avg.loss: 0.0008,	 Test Accuracy: 744/1000(74%)
Task: 4,	 Epoch: 14/40,	 Avg.loss: 0.0009,	 Test Accuracy: 725/1000(72%)
Task: 4,	 Epoch: 15/40,	 Avg.loss: 0.0009,	 Test Accuracy: 718/1000(72%)
Task: 4,	 Epoch: 16/40,	 Avg.loss: 0.0009,	 Test Accuracy: 724/1000(72%)
Task: 4,	 Epoch: 17/40,	 Avg.loss: 0.0008,	 Test Accuracy: 751/1000(75%)
Task: 4,	 Epoch: 18/40,	 Avg.loss: 0.0008,	 Test Accuracy: 738/1000(74%)
Task: 4,	 Epoch: 19/40,	 Avg.loss: 0.0009,	 Test Accuracy: 748/1000(75%)
Task: 4,	 Epoch: 20/40,	 Avg.loss: 0.0008,	 Test Accuracy: 753/1000(75%)
Task: 4,	 Epoch: 21/40,	 Avg.loss: 0.0008,	 Test Accuracy: 758/1000(76%)
Task: 4,	 Epoch: 22/40,	 Avg.loss: 0.0008,	 Test Accuracy: 765/1000(76%)
Task: 4,	 Epoch: 23/40,	 Avg.loss: 0.0008,	 Test Accuracy: 763/1000(76%)
Task: 4,	 Epoch: 24/40,	 Avg.loss: 0.0008,	 Test Accuracy: 758/1000(76%)
Task: 4,	 Epoch: 25/40,	 Avg.loss: 0.0008,	 Test Accuracy: 764/1000(76%)
Task: 4,	 Epoch: 26/40,	 Avg.loss: 0.0008,	 Test Accuracy: 759/1000(76%)
Task: 4,	 Epoch: 27/40,	 Avg.loss: 0.0008,	 Test Accuracy: 761/1000(76%)
Task: 4,	 Epoch: 28/40,	 Avg.loss: 0.0008,	 Test Accuracy: 759/1000(76%)
Task: 4,	 Epoch: 29/40,	 Avg.loss: 0.0008,	 Test Accuracy: 765/1000(76%)
Task: 4,	 Epoch: 30/40,	 Avg.loss: 0.0008,	 Test Accuracy: 764/1000(76%)
Task: 4,	 Epoch: 31/40,	 Avg.loss: 0.0008,	 Test Accuracy: 753/1000(75%)
Task: 4,	 Epoch: 32/40,	 Avg.loss: 0.0008,	 Test Accuracy: 762/1000(76%)
Task: 4,	 Epoch: 33/40,	 Avg.loss: 0.0008,	 Test Accuracy: 766/1000(77%)
Task: 4,	 Epoch: 34/40,	 Avg.loss: 0.0008,	 Test Accuracy: 765/1000(76%)
Task: 4,	 Epoch: 35/40,	 Avg.loss: 0.0008,	 Test Accuracy: 766/1000(77%)
Task: 4,	 Epoch: 36/40,	 Avg.loss: 0.0008,	 Test Accuracy: 762/1000(76%)
Task: 4,	 Epoch: 37/40,	 Avg.loss: 0.0008,	 Test Accuracy: 763/1000(76%)
Task: 4,	 Epoch: 38/40,	 Avg.loss: 0.0008,	 Test Accuracy: 766/1000(77%)
Task: 4,	 Epoch: 39/40,	 Avg.loss: 0.0008,	 Test Accuracy: 759/1000(76%)
Trained Task:4, Loaded task:0, Accuracy:83.0%
Trained Task:4, Loaded task:1, Accuracy:75.2%
Trained Task:4, Loaded task:2, Accuracy:77.3%
Trained Task:4, Loaded task:3, Accuracy:68.3%
Trained Task:4, Loaded task:4, Accuracy:75.9%
Trained Task:4, Avg. Accuracy: 75.9 

List of avg. accuracy: [83.6, 80.8, 80.2, 77.5, 75.9]
Layer        : conv1_layer.0.weight
R.histogram  : tensor([6., 8., 6., 3., 2., 3., 3., 0., 0., 1.], device='cuda:0')
R_sum max/min: 2.5/0.5
F max  		: 8.188359260559082
O masx 		: 26.648792266845703
Layer        : conv2_layer.0.weight
R.histogram  : tensor([2., 4., 4., 3., 4., 3., 4., 1., 4., 3.], device='cuda:0')
R_sum max/min: 31.5/5.6
F max  		: 5.726379871368408
O masx 		: 18.914386749267578
Layer        : conv3_layer.0.weight
R.histogram  : tensor([52.,  8.,  2.,  0.,  0.,  0.,  0.,  0.,  0.,  2.], device='cuda:0')
R_sum max/min: 288.0/7.9
F max  		: 3.515727996826172
O masx 		: 7.074167728424072
Layer        : conv4_layer.0.weight
R.histogram  : tensor([39.,  9.,  5.,  2.,  4.,  2.,  1.,  0.,  1.,  1.], device='cuda:0')
R_sum max/min: 5931.9/87.6
F max  		: 2.3305141925811768
O masx 		: 7.137155055999756
Layer        : fc1_layer.0.weight
R.histogram  : tensor([ 45.,  90.,  68.,  29., 273.,   4.,   0.,   2.,   0.,   1.],
       device='cuda:0')
R_sum max/min: 8220.7/1209.9
F max  		: 0.2846488058567047
O masx 		: 0.5369271039962769
Mask histogram
conv1_layer.0.weight: 	 tensor([    0.,     0.,     0.,     0.,     0.,     0., 32768.,     0.,     0.,
            0.,     0.], device='cuda:0')
conv2_layer.0.weight: 	 tensor([   0.,    0.,    0.,    0.,    0.,    0., 8192.,    0.,    0.,    0.,
           0.], device='cuda:0')
conv3_layer.0.weight: 	 tensor([   0., 5120., 4096., 3840., 3072.,  256.,    0.,    0.,    0.,    0.,
           0.], device='cuda:0')
conv4_layer.0.weight: 	 tensor([ 384.,  704., 1344.,  704.,  704.,  256.,    0.,    0.,    0.,    0.,
           0.], device='cuda:0')
fc1_layer.0.weight: 	 tensor([ 55.,  39., 136., 217.,  63.,   2.,   0.,   0.,   0.,   0.,   0.],
       device='cuda:0')
Head Finetuning    :Task: 5,	 Epoch: 0/40,	 Avg.loss: 0.0037,	 Test Accuracy: 84/1000(8%)
Head Finetuning    :Task: 5,	 Epoch: 1/40,	 Avg.loss: 0.0034,	 Test Accuracy: 86/1000(9%)
Head Finetuning    :Task: 5,	 Epoch: 2/40,	 Avg.loss: 0.0032,	 Test Accuracy: 84/1000(8%)
Head Finetuning    :Task: 5,	 Epoch: 3/40,	 Avg.loss: 0.0031,	 Test Accuracy: 83/1000(8%)
Head Finetuning    :Task: 5,	 Epoch: 4/40,	 Avg.loss: 0.0029,	 Test Accuracy: 83/1000(8%)
Head Finetuning    :Task: 5,	 Epoch: 5/40,	 Avg.loss: 0.0028,	 Test Accuracy: 84/1000(8%)
Head Finetuning    :Task: 5,	 Epoch: 6/40,	 Avg.loss: 0.0027,	 Test Accuracy: 84/1000(8%)
Head Finetuning    :Task: 5,	 Epoch: 7/40,	 Avg.loss: 0.0027,	 Test Accuracy: 85/1000(8%)
Head Finetuning    :Task: 5,	 Epoch: 8/40,	 Avg.loss: 0.0026,	 Test Accuracy: 86/1000(9%)
Head Finetuning    :Task: 5,	 Epoch: 9/40,	 Avg.loss: 0.0026,	 Test Accuracy: 86/1000(9%)
Head Finetuning    :Task: 5,	 Epoch: 10/40,	 Avg.loss: 0.0025,	 Test Accuracy: 82/1000(8%)
Head Finetuning    :Task: 5,	 Epoch: 11/40,	 Avg.loss: 0.0025,	 Test Accuracy: 81/1000(8%)
Head Finetuning    :Task: 5,	 Epoch: 12/40,	 Avg.loss: 0.0024,	 Test Accuracy: 88/1000(9%)
Head Finetuning    :Task: 5,	 Epoch: 13/40,	 Avg.loss: 0.0024,	 Test Accuracy: 92/1000(9%)
Head Finetuning    :Task: 5,	 Epoch: 14/40,	 Avg.loss: 0.0024,	 Test Accuracy: 93/1000(9%)
Task: 5,	 Epoch: 0/40,	 Avg.loss: 0.0012,	 Test Accuracy: 565/1000(57%)
Task: 5,	 Epoch: 1/40,	 Avg.loss: 0.0011,	 Test Accuracy: 613/1000(61%)
Task: 5,	 Epoch: 2/40,	 Avg.loss: 0.0010,	 Test Accuracy: 640/1000(64%)
Task: 5,	 Epoch: 3/40,	 Avg.loss: 0.0010,	 Test Accuracy: 642/1000(64%)
Task: 5,	 Epoch: 4/40,	 Avg.loss: 0.0010,	 Test Accuracy: 649/1000(65%)
Task: 5,	 Epoch: 5/40,	 Avg.loss: 0.0009,	 Test Accuracy: 675/1000(68%)
Task: 5,	 Epoch: 6/40,	 Avg.loss: 0.0010,	 Test Accuracy: 646/1000(65%)
Task: 5,	 Epoch: 7/40,	 Avg.loss: 0.0009,	 Test Accuracy: 661/1000(66%)
Task: 5,	 Epoch: 8/40,	 Avg.loss: 0.0009,	 Test Accuracy: 698/1000(70%)
Task: 5,	 Epoch: 9/40,	 Avg.loss: 0.0008,	 Test Accuracy: 709/1000(71%)
Task: 5,	 Epoch: 10/40,	 Avg.loss: 0.0009,	 Test Accuracy: 691/1000(69%)
Task: 5,	 Epoch: 11/40,	 Avg.loss: 0.0009,	 Test Accuracy: 677/1000(68%)
Task: 5,	 Epoch: 12/40,	 Avg.loss: 0.0008,	 Test Accuracy: 693/1000(69%)
Task: 5,	 Epoch: 13/40,	 Avg.loss: 0.0008,	 Test Accuracy: 700/1000(70%)
Task: 5,	 Epoch: 14/40,	 Avg.loss: 0.0008,	 Test Accuracy: 717/1000(72%)
Task: 5,	 Epoch: 15/40,	 Avg.loss: 0.0008,	 Test Accuracy: 704/1000(70%)
Task: 5,	 Epoch: 16/40,	 Avg.loss: 0.0008,	 Test Accuracy: 702/1000(70%)
Task: 5,	 Epoch: 17/40,	 Avg.loss: 0.0009,	 Test Accuracy: 664/1000(66%)
Task: 5,	 Epoch: 18/40,	 Avg.loss: 0.0009,	 Test Accuracy: 696/1000(70%)
Task: 5,	 Epoch: 19/40,	 Avg.loss: 0.0008,	 Test Accuracy: 718/1000(72%)
Task: 5,	 Epoch: 20/40,	 Avg.loss: 0.0008,	 Test Accuracy: 722/1000(72%)
Task: 5,	 Epoch: 21/40,	 Avg.loss: 0.0008,	 Test Accuracy: 716/1000(72%)
Task: 5,	 Epoch: 22/40,	 Avg.loss: 0.0008,	 Test Accuracy: 725/1000(72%)
Task: 5,	 Epoch: 23/40,	 Avg.loss: 0.0008,	 Test Accuracy: 720/1000(72%)
Task: 5,	 Epoch: 24/40,	 Avg.loss: 0.0008,	 Test Accuracy: 719/1000(72%)
Task: 5,	 Epoch: 25/40,	 Avg.loss: 0.0008,	 Test Accuracy: 724/1000(72%)
Task: 5,	 Epoch: 26/40,	 Avg.loss: 0.0008,	 Test Accuracy: 722/1000(72%)
Task: 5,	 Epoch: 27/40,	 Avg.loss: 0.0008,	 Test Accuracy: 715/1000(72%)
Task: 5,	 Epoch: 28/40,	 Avg.loss: 0.0008,	 Test Accuracy: 726/1000(73%)
Task: 5,	 Epoch: 29/40,	 Avg.loss: 0.0008,	 Test Accuracy: 725/1000(72%)
Task: 5,	 Epoch: 30/40,	 Avg.loss: 0.0008,	 Test Accuracy: 728/1000(73%)
Task: 5,	 Epoch: 31/40,	 Avg.loss: 0.0008,	 Test Accuracy: 730/1000(73%)
Task: 5,	 Epoch: 32/40,	 Avg.loss: 0.0008,	 Test Accuracy: 722/1000(72%)
Task: 5,	 Epoch: 33/40,	 Avg.loss: 0.0008,	 Test Accuracy: 724/1000(72%)
Task: 5,	 Epoch: 34/40,	 Avg.loss: 0.0008,	 Test Accuracy: 726/1000(73%)
Task: 5,	 Epoch: 35/40,	 Avg.loss: 0.0008,	 Test Accuracy: 731/1000(73%)
Task: 5,	 Epoch: 36/40,	 Avg.loss: 0.0008,	 Test Accuracy: 724/1000(72%)
Task: 5,	 Epoch: 37/40,	 Avg.loss: 0.0008,	 Test Accuracy: 730/1000(73%)
Task: 5,	 Epoch: 38/40,	 Avg.loss: 0.0008,	 Test Accuracy: 722/1000(72%)
Task: 5,	 Epoch: 39/40,	 Avg.loss: 0.0008,	 Test Accuracy: 720/1000(72%)
Trained Task:5, Loaded task:0, Accuracy:82.5%
Trained Task:5, Loaded task:1, Accuracy:73.0%
Trained Task:5, Loaded task:2, Accuracy:76.3%
Trained Task:5, Loaded task:3, Accuracy:66.9%
Trained Task:5, Loaded task:4, Accuracy:75.9%
Trained Task:5, Loaded task:5, Accuracy:72.0%
Trained Task:5, Avg. Accuracy: 74.4 

List of avg. accuracy: [83.6, 80.8, 80.2, 77.5, 75.9, 74.4]
Layer        : conv1_layer.0.weight
R.histogram  : tensor([3., 9., 7., 5., 5., 2., 0., 0., 0., 1.], device='cuda:0')
R_sum max/min: 2.7/0.5
F max  		: 11.094983100891113
O masx 		: 29.691198348999023
Layer        : conv2_layer.0.weight
R.histogram  : tensor([4., 3., 6., 5., 5., 3., 2., 2., 0., 2.], device='cuda:0')
R_sum max/min: 37.9/9.4
F max  		: 8.881928443908691
O masx 		: 22.646026611328125
Layer        : conv3_layer.0.weight
R.histogram  : tensor([48., 14.,  0.,  0.,  0.,  0.,  0.,  0.,  0.,  2.], device='cuda:0')
R_sum max/min: 288.0/5.7
F max  		: 4.455202102661133
O masx 		: 9.772263526916504
Layer        : conv4_layer.0.weight
R.histogram  : tensor([40.,  5.,  5.,  8.,  2.,  0.,  1.,  2.,  0.,  1.], device='cuda:0')
R_sum max/min: 6017.5/113.3
F max  		: 2.422589063644409
O masx 		: 7.137155055999756
Layer        : fc1_layer.0.weight
R.histogram  : tensor([ 20.,  40.,  71.,  64.,  22., 276.,   8.,   6.,   2.,   3.],
       device='cuda:0')
R_sum max/min: 6644.3/954.2
F max  		: 0.30919158458709717
O masx 		: 0.6771472096443176
Mask histogram
conv1_layer.0.weight: 	 tensor([    0.,     0.,     0.,     0.,     0.,     0.,     0., 32768.,     0.,
            0.,     0.], device='cuda:0')
conv2_layer.0.weight: 	 tensor([   0.,    0.,    0.,    0.,    0.,    0.,    0., 8192.,    0.,    0.,
           0.], device='cuda:0')
conv3_layer.0.weight: 	 tensor([   0., 4352., 2304., 5376., 2048., 2304.,    0.,    0.,    0.,    0.,
           0.], device='cuda:0')
conv4_layer.0.weight: 	 tensor([ 384.,  576., 1216.,  640.,  384.,  640.,  256.,    0.,    0.,    0.,
           0.], device='cuda:0')
fc1_layer.0.weight: 	 tensor([ 55.,  37., 129.,  92., 140.,  57.,   2.,   0.,   0.,   0.,   0.],
       device='cuda:0')
Head Finetuning    :Task: 6,	 Epoch: 0/40,	 Avg.loss: 0.0041,	 Test Accuracy: 103/1000(10%)
Head Finetuning    :Task: 6,	 Epoch: 1/40,	 Avg.loss: 0.0037,	 Test Accuracy: 102/1000(10%)
Head Finetuning    :Task: 6,	 Epoch: 2/40,	 Avg.loss: 0.0035,	 Test Accuracy: 111/1000(11%)
Head Finetuning    :Task: 6,	 Epoch: 3/40,	 Avg.loss: 0.0033,	 Test Accuracy: 111/1000(11%)
Head Finetuning    :Task: 6,	 Epoch: 4/40,	 Avg.loss: 0.0032,	 Test Accuracy: 112/1000(11%)
Head Finetuning    :Task: 6,	 Epoch: 5/40,	 Avg.loss: 0.0031,	 Test Accuracy: 110/1000(11%)
Head Finetuning    :Task: 6,	 Epoch: 6/40,	 Avg.loss: 0.0030,	 Test Accuracy: 110/1000(11%)
Head Finetuning    :Task: 6,	 Epoch: 7/40,	 Avg.loss: 0.0029,	 Test Accuracy: 111/1000(11%)
Head Finetuning    :Task: 6,	 Epoch: 8/40,	 Avg.loss: 0.0028,	 Test Accuracy: 113/1000(11%)
Head Finetuning    :Task: 6,	 Epoch: 9/40,	 Avg.loss: 0.0027,	 Test Accuracy: 114/1000(11%)
Head Finetuning    :Task: 6,	 Epoch: 10/40,	 Avg.loss: 0.0027,	 Test Accuracy: 118/1000(12%)
Head Finetuning    :Task: 6,	 Epoch: 11/40,	 Avg.loss: 0.0026,	 Test Accuracy: 121/1000(12%)
Head Finetuning    :Task: 6,	 Epoch: 12/40,	 Avg.loss: 0.0026,	 Test Accuracy: 126/1000(13%)
Head Finetuning    :Task: 6,	 Epoch: 13/40,	 Avg.loss: 0.0025,	 Test Accuracy: 129/1000(13%)
Head Finetuning    :Task: 6,	 Epoch: 14/40,	 Avg.loss: 0.0025,	 Test Accuracy: 132/1000(13%)
Task: 6,	 Epoch: 0/40,	 Avg.loss: 0.0013,	 Test Accuracy: 515/1000(52%)
Task: 6,	 Epoch: 1/40,	 Avg.loss: 0.0011,	 Test Accuracy: 629/1000(63%)
Task: 6,	 Epoch: 2/40,	 Avg.loss: 0.0011,	 Test Accuracy: 604/1000(60%)
Task: 6,	 Epoch: 3/40,	 Avg.loss: 0.0011,	 Test Accuracy: 610/1000(61%)
Task: 6,	 Epoch: 4/40,	 Avg.loss: 0.0010,	 Test Accuracy: 659/1000(66%)
Task: 6,	 Epoch: 5/40,	 Avg.loss: 0.0010,	 Test Accuracy: 667/1000(67%)
Task: 6,	 Epoch: 6/40,	 Avg.loss: 0.0010,	 Test Accuracy: 665/1000(66%)
Task: 6,	 Epoch: 7/40,	 Avg.loss: 0.0010,	 Test Accuracy: 659/1000(66%)
Task: 6,	 Epoch: 8/40,	 Avg.loss: 0.0010,	 Test Accuracy: 666/1000(67%)
Task: 6,	 Epoch: 9/40,	 Avg.loss: 0.0011,	 Test Accuracy: 634/1000(63%)
Task: 6,	 Epoch: 10/40,	 Avg.loss: 0.0009,	 Test Accuracy: 677/1000(68%)
Task: 6,	 Epoch: 11/40,	 Avg.loss: 0.0009,	 Test Accuracy: 671/1000(67%)
Task: 6,	 Epoch: 12/40,	 Avg.loss: 0.0009,	 Test Accuracy: 670/1000(67%)
Task: 6,	 Epoch: 13/40,	 Avg.loss: 0.0009,	 Test Accuracy: 692/1000(69%)
Task: 6,	 Epoch: 14/40,	 Avg.loss: 0.0009,	 Test Accuracy: 677/1000(68%)
Task: 6,	 Epoch: 15/40,	 Avg.loss: 0.0009,	 Test Accuracy: 696/1000(70%)
Task: 6,	 Epoch: 16/40,	 Avg.loss: 0.0009,	 Test Accuracy: 693/1000(69%)
Task: 6,	 Epoch: 17/40,	 Avg.loss: 0.0009,	 Test Accuracy: 696/1000(70%)
Task: 6,	 Epoch: 18/40,	 Avg.loss: 0.0009,	 Test Accuracy: 683/1000(68%)
Task: 6,	 Epoch: 19/40,	 Avg.loss: 0.0009,	 Test Accuracy: 695/1000(70%)
Task: 6,	 Epoch: 20/40,	 Avg.loss: 0.0008,	 Test Accuracy: 701/1000(70%)
Task: 6,	 Epoch: 21/40,	 Avg.loss: 0.0008,	 Test Accuracy: 711/1000(71%)
Task: 6,	 Epoch: 22/40,	 Avg.loss: 0.0008,	 Test Accuracy: 710/1000(71%)
Task: 6,	 Epoch: 23/40,	 Avg.loss: 0.0008,	 Test Accuracy: 710/1000(71%)
Task: 6,	 Epoch: 24/40,	 Avg.loss: 0.0008,	 Test Accuracy: 711/1000(71%)
Task: 6,	 Epoch: 25/40,	 Avg.loss: 0.0008,	 Test Accuracy: 704/1000(70%)
Task: 6,	 Epoch: 26/40,	 Avg.loss: 0.0008,	 Test Accuracy: 709/1000(71%)
Task: 6,	 Epoch: 27/40,	 Avg.loss: 0.0008,	 Test Accuracy: 713/1000(71%)
Task: 6,	 Epoch: 28/40,	 Avg.loss: 0.0008,	 Test Accuracy: 714/1000(71%)
Task: 6,	 Epoch: 29/40,	 Avg.loss: 0.0008,	 Test Accuracy: 710/1000(71%)
Task: 6,	 Epoch: 30/40,	 Avg.loss: 0.0008,	 Test Accuracy: 710/1000(71%)
Task: 6,	 Epoch: 31/40,	 Avg.loss: 0.0008,	 Test Accuracy: 699/1000(70%)
Task: 6,	 Epoch: 32/40,	 Avg.loss: 0.0008,	 Test Accuracy: 711/1000(71%)
Task: 6,	 Epoch: 33/40,	 Avg.loss: 0.0008,	 Test Accuracy: 706/1000(71%)
Task: 6,	 Epoch: 34/40,	 Avg.loss: 0.0008,	 Test Accuracy: 704/1000(70%)
Task: 6,	 Epoch: 35/40,	 Avg.loss: 0.0008,	 Test Accuracy: 706/1000(71%)
Task: 6,	 Epoch: 36/40,	 Avg.loss: 0.0008,	 Test Accuracy: 709/1000(71%)
Task: 6,	 Epoch: 37/40,	 Avg.loss: 0.0008,	 Test Accuracy: 700/1000(70%)
Task: 6,	 Epoch: 38/40,	 Avg.loss: 0.0008,	 Test Accuracy: 706/1000(71%)
Task: 6,	 Epoch: 39/40,	 Avg.loss: 0.0008,	 Test Accuracy: 711/1000(71%)
Trained Task:6, Loaded task:0, Accuracy:81.9%
Trained Task:6, Loaded task:1, Accuracy:72.1%
Trained Task:6, Loaded task:2, Accuracy:75.0%
Trained Task:6, Loaded task:3, Accuracy:66.2%
Trained Task:6, Loaded task:4, Accuracy:75.8%
Trained Task:6, Loaded task:5, Accuracy:72.7%
Trained Task:6, Loaded task:6, Accuracy:71.1%
Trained Task:6, Avg. Accuracy: 73.5 

List of avg. accuracy: [83.6, 80.8, 80.2, 77.5, 75.9, 74.4, 73.5]
Layer        : conv1_layer.0.weight
R.histogram  : tensor([3., 6., 9., 3., 2., 5., 2., 0., 1., 1.], device='cuda:0')
R_sum max/min: 3.4/0.6
F max  		: 15.803544044494629
O masx 		: 33.463706970214844
Layer        : conv2_layer.0.weight
R.histogram  : tensor([3., 3., 5., 3., 5., 2., 4., 2., 3., 2.], device='cuda:0')
R_sum max/min: 43.6/7.9
F max  		: 11.486809730529785
O masx 		: 26.343835830688477
Layer        : conv3_layer.0.weight
R.histogram  : tensor([41., 20.,  1.,  0.,  0.,  0.,  0.,  0.,  0.,  2.], device='cuda:0')
R_sum max/min: 288.0/8.2
F max  		: 7.277320861816406
O masx 		: 9.772263526916504
Layer        : conv4_layer.0.weight
R.histogram  : tensor([37.,  8.,  7.,  2.,  6.,  0.,  0.,  2.,  1.,  1.], device='cuda:0')
R_sum max/min: 4806.6/106.4
F max  		: 3.6084256172180176
O masx 		: 7.137155055999756
Layer        : fc1_layer.0.weight
R.histogram  : tensor([ 27.,  48.,  67.,  58.,  24., 277.,   5.,   4.,   1.,   1.],
       device='cuda:0')
R_sum max/min: 6891.1/916.4
F max  		: 0.39449092745780945
O masx 		: 0.7249312400817871
Mask histogram
conv1_layer.0.weight: 	 tensor([    0.,     0.,     0.,     0.,     0.,     0.,     0.,     0., 32768.,
            0.,     0.], device='cuda:0')
conv2_layer.0.weight: 	 tensor([   0.,    0.,    0.,    0.,    0.,    0.,    0.,    0., 8192.,    0.,
           0.], device='cuda:0')
conv3_layer.0.weight: 	 tensor([   0., 3328., 2304., 4096., 3584., 1792., 1280.,    0.,    0.,    0.,
           0.], device='cuda:0')
conv4_layer.0.weight: 	 tensor([ 384.,  448., 1216.,  512.,  320.,  384.,  640.,  192.,    0.,    0.,
           0.], device='cuda:0')
fc1_layer.0.weight: 	 tensor([ 55.,  37., 112., 101.,  26., 124.,  55.,   2.,   0.,   0.,   0.],
       device='cuda:0')
Head Finetuning    :Task: 7,	 Epoch: 0/40,	 Avg.loss: 0.0033,	 Test Accuracy: 60/1000(6%)
Head Finetuning    :Task: 7,	 Epoch: 1/40,	 Avg.loss: 0.0031,	 Test Accuracy: 69/1000(7%)
Head Finetuning    :Task: 7,	 Epoch: 2/40,	 Avg.loss: 0.0030,	 Test Accuracy: 80/1000(8%)
Head Finetuning    :Task: 7,	 Epoch: 3/40,	 Avg.loss: 0.0029,	 Test Accuracy: 83/1000(8%)
Head Finetuning    :Task: 7,	 Epoch: 4/40,	 Avg.loss: 0.0028,	 Test Accuracy: 86/1000(9%)
Head Finetuning    :Task: 7,	 Epoch: 5/40,	 Avg.loss: 0.0027,	 Test Accuracy: 93/1000(9%)
Head Finetuning    :Task: 7,	 Epoch: 6/40,	 Avg.loss: 0.0027,	 Test Accuracy: 102/1000(10%)
Head Finetuning    :Task: 7,	 Epoch: 7/40,	 Avg.loss: 0.0026,	 Test Accuracy: 108/1000(11%)
Head Finetuning    :Task: 7,	 Epoch: 8/40,	 Avg.loss: 0.0026,	 Test Accuracy: 118/1000(12%)
Head Finetuning    :Task: 7,	 Epoch: 9/40,	 Avg.loss: 0.0026,	 Test Accuracy: 124/1000(12%)
Head Finetuning    :Task: 7,	 Epoch: 10/40,	 Avg.loss: 0.0025,	 Test Accuracy: 126/1000(13%)
Head Finetuning    :Task: 7,	 Epoch: 11/40,	 Avg.loss: 0.0025,	 Test Accuracy: 130/1000(13%)
Head Finetuning    :Task: 7,	 Epoch: 12/40,	 Avg.loss: 0.0025,	 Test Accuracy: 133/1000(13%)
Head Finetuning    :Task: 7,	 Epoch: 13/40,	 Avg.loss: 0.0025,	 Test Accuracy: 140/1000(14%)
Head Finetuning    :Task: 7,	 Epoch: 14/40,	 Avg.loss: 0.0024,	 Test Accuracy: 147/1000(15%)
Task: 7,	 Epoch: 0/40,	 Avg.loss: 0.0014,	 Test Accuracy: 488/1000(49%)
Task: 7,	 Epoch: 1/40,	 Avg.loss: 0.0012,	 Test Accuracy: 568/1000(57%)
Task: 7,	 Epoch: 2/40,	 Avg.loss: 0.0013,	 Test Accuracy: 534/1000(53%)
Task: 7,	 Epoch: 3/40,	 Avg.loss: 0.0011,	 Test Accuracy: 611/1000(61%)
Task: 7,	 Epoch: 4/40,	 Avg.loss: 0.0011,	 Test Accuracy: 624/1000(62%)
Task: 7,	 Epoch: 5/40,	 Avg.loss: 0.0011,	 Test Accuracy: 617/1000(62%)
Task: 7,	 Epoch: 6/40,	 Avg.loss: 0.0011,	 Test Accuracy: 633/1000(63%)
Task: 7,	 Epoch: 7/40,	 Avg.loss: 0.0011,	 Test Accuracy: 621/1000(62%)
Task: 7,	 Epoch: 8/40,	 Avg.loss: 0.0010,	 Test Accuracy: 654/1000(65%)
Task: 7,	 Epoch: 9/40,	 Avg.loss: 0.0010,	 Test Accuracy: 662/1000(66%)
Task: 7,	 Epoch: 10/40,	 Avg.loss: 0.0010,	 Test Accuracy: 645/1000(64%)
Task: 7,	 Epoch: 11/40,	 Avg.loss: 0.0011,	 Test Accuracy: 631/1000(63%)
Task: 7,	 Epoch: 12/40,	 Avg.loss: 0.0010,	 Test Accuracy: 657/1000(66%)
Task: 7,	 Epoch: 13/40,	 Avg.loss: 0.0010,	 Test Accuracy: 656/1000(66%)
Task: 7,	 Epoch: 14/40,	 Avg.loss: 0.0010,	 Test Accuracy: 658/1000(66%)
Task: 7,	 Epoch: 15/40,	 Avg.loss: 0.0010,	 Test Accuracy: 653/1000(65%)
Task: 7,	 Epoch: 16/40,	 Avg.loss: 0.0010,	 Test Accuracy: 657/1000(66%)
Task: 7,	 Epoch: 17/40,	 Avg.loss: 0.0009,	 Test Accuracy: 675/1000(68%)
Task: 7,	 Epoch: 18/40,	 Avg.loss: 0.0010,	 Test Accuracy: 653/1000(65%)
Task: 7,	 Epoch: 19/40,	 Avg.loss: 0.0011,	 Test Accuracy: 638/1000(64%)
Task: 7,	 Epoch: 20/40,	 Avg.loss: 0.0009,	 Test Accuracy: 686/1000(69%)
Task: 7,	 Epoch: 21/40,	 Avg.loss: 0.0009,	 Test Accuracy: 686/1000(69%)
Task: 7,	 Epoch: 22/40,	 Avg.loss: 0.0009,	 Test Accuracy: 690/1000(69%)
Task: 7,	 Epoch: 23/40,	 Avg.loss: 0.0009,	 Test Accuracy: 688/1000(69%)
Task: 7,	 Epoch: 24/40,	 Avg.loss: 0.0009,	 Test Accuracy: 685/1000(68%)
Task: 7,	 Epoch: 25/40,	 Avg.loss: 0.0009,	 Test Accuracy: 688/1000(69%)
Task: 7,	 Epoch: 26/40,	 Avg.loss: 0.0009,	 Test Accuracy: 687/1000(69%)
Task: 7,	 Epoch: 27/40,	 Avg.loss: 0.0009,	 Test Accuracy: 695/1000(70%)
Task: 7,	 Epoch: 28/40,	 Avg.loss: 0.0009,	 Test Accuracy: 690/1000(69%)
Task: 7,	 Epoch: 29/40,	 Avg.loss: 0.0009,	 Test Accuracy: 694/1000(69%)
Task: 7,	 Epoch: 30/40,	 Avg.loss: 0.0009,	 Test Accuracy: 691/1000(69%)
Task: 7,	 Epoch: 31/40,	 Avg.loss: 0.0009,	 Test Accuracy: 693/1000(69%)
Task: 7,	 Epoch: 32/40,	 Avg.loss: 0.0009,	 Test Accuracy: 696/1000(70%)
Task: 7,	 Epoch: 33/40,	 Avg.loss: 0.0009,	 Test Accuracy: 692/1000(69%)
Task: 7,	 Epoch: 34/40,	 Avg.loss: 0.0009,	 Test Accuracy: 690/1000(69%)
Task: 7,	 Epoch: 35/40,	 Avg.loss: 0.0009,	 Test Accuracy: 696/1000(70%)
Task: 7,	 Epoch: 36/40,	 Avg.loss: 0.0009,	 Test Accuracy: 695/1000(70%)
Task: 7,	 Epoch: 37/40,	 Avg.loss: 0.0009,	 Test Accuracy: 694/1000(69%)
Task: 7,	 Epoch: 38/40,	 Avg.loss: 0.0009,	 Test Accuracy: 690/1000(69%)
Task: 7,	 Epoch: 39/40,	 Avg.loss: 0.0009,	 Test Accuracy: 692/1000(69%)
Trained Task:7, Loaded task:0, Accuracy:82.3%
Trained Task:7, Loaded task:1, Accuracy:72.6%
Trained Task:7, Loaded task:2, Accuracy:74.6%
Trained Task:7, Loaded task:3, Accuracy:65.3%
Trained Task:7, Loaded task:4, Accuracy:76.7%
Trained Task:7, Loaded task:5, Accuracy:72.2%
Trained Task:7, Loaded task:6, Accuracy:70.7%
Trained Task:7, Loaded task:7, Accuracy:69.2%
Trained Task:7, Avg. Accuracy: 73.0 

List of avg. accuracy: [83.6, 80.8, 80.2, 77.5, 75.9, 74.4, 73.5, 73.0]
Layer        : conv1_layer.0.weight
R.histogram  : tensor([ 3., 10.,  3.,  5.,  4.,  2.,  3.,  1.,  0.,  1.], device='cuda:0')
R_sum max/min: 4.6/0.8
F max  		: 28.51629638671875
O masx 		: 37.71187210083008
Layer        : conv2_layer.0.weight
R.histogram  : tensor([8., 7., 8., 6., 2., 0., 0., 0., 0., 1.], device='cuda:0')
R_sum max/min: 97.3/11.9
F max  		: 17.57897186279297
O masx 		: 28.51813316345215
Layer        : conv3_layer.0.weight
R.histogram  : tensor([26., 28.,  6.,  2.,  0.,  0.,  0.,  0.,  0.,  2.], device='cuda:0')
R_sum max/min: 288.0/8.8
F max  		: 9.365800857543945
O masx 		: 12.221356391906738
Layer        : conv4_layer.0.weight
R.histogram  : tensor([30., 17.,  4.,  6.,  1.,  3.,  0.,  0.,  1.,  2.], device='cuda:0')
R_sum max/min: 3099.6/133.6
F max  		: 6.687233924865723
O masx 		: 7.137155055999756
Layer        : fc1_layer.0.weight
R.histogram  : tensor([ 52., 117.,  63., 272.,   6.,   1.,   0.,   0.,   0.,   1.],
       device='cuda:0')
R_sum max/min: 10715.2/943.4
F max  		: 0.8503854274749756
O masx 		: 0.9223678708076477
Mask histogram
conv1_layer.0.weight: 	 tensor([    0.,     0.,     0.,     0.,     0.,     0.,     0.,     0.,     0.,
        32768.,     0.], device='cuda:0')
conv2_layer.0.weight: 	 tensor([   0.,    0.,    0.,    0.,    0.,    0.,    0.,    0.,    0., 8192.,
           0.], device='cuda:0')
conv3_layer.0.weight: 	 tensor([   0., 2816., 1792., 2304., 4864., 3328.,  768.,  512.,    0.,    0.,
           0.], device='cuda:0')
conv4_layer.0.weight: 	 tensor([  64.,  576., 1344.,  512.,  192.,  256.,  512.,  640.,    0.,    0.,
           0.], device='cuda:0')
fc1_layer.0.weight: 	 tensor([ 54.,  33., 111.,  97.,  31.,   8., 122.,  54.,   2.,   0.,   0.],
       device='cuda:0')
Head Finetuning    :Task: 8,	 Epoch: 0/40,	 Avg.loss: 0.0031,	 Test Accuracy: 73/1000(7%)
Head Finetuning    :Task: 8,	 Epoch: 1/40,	 Avg.loss: 0.0029,	 Test Accuracy: 79/1000(8%)
Head Finetuning    :Task: 8,	 Epoch: 2/40,	 Avg.loss: 0.0028,	 Test Accuracy: 84/1000(8%)
Head Finetuning    :Task: 8,	 Epoch: 3/40,	 Avg.loss: 0.0027,	 Test Accuracy: 87/1000(9%)
Head Finetuning    :Task: 8,	 Epoch: 4/40,	 Avg.loss: 0.0027,	 Test Accuracy: 94/1000(9%)
Head Finetuning    :Task: 8,	 Epoch: 5/40,	 Avg.loss: 0.0027,	 Test Accuracy: 96/1000(10%)
Head Finetuning    :Task: 8,	 Epoch: 6/40,	 Avg.loss: 0.0026,	 Test Accuracy: 95/1000(10%)
Head Finetuning    :Task: 8,	 Epoch: 7/40,	 Avg.loss: 0.0026,	 Test Accuracy: 99/1000(10%)
Head Finetuning    :Task: 8,	 Epoch: 8/40,	 Avg.loss: 0.0026,	 Test Accuracy: 103/1000(10%)
Head Finetuning    :Task: 8,	 Epoch: 9/40,	 Avg.loss: 0.0026,	 Test Accuracy: 102/1000(10%)
Head Finetuning    :Task: 8,	 Epoch: 10/40,	 Avg.loss: 0.0026,	 Test Accuracy: 110/1000(11%)
Head Finetuning    :Task: 8,	 Epoch: 11/40,	 Avg.loss: 0.0025,	 Test Accuracy: 112/1000(11%)
Head Finetuning    :Task: 8,	 Epoch: 12/40,	 Avg.loss: 0.0025,	 Test Accuracy: 115/1000(12%)
Head Finetuning    :Task: 8,	 Epoch: 13/40,	 Avg.loss: 0.0025,	 Test Accuracy: 119/1000(12%)
Head Finetuning    :Task: 8,	 Epoch: 14/40,	 Avg.loss: 0.0025,	 Test Accuracy: 123/1000(12%)
Task: 8,	 Epoch: 0/40,	 Avg.loss: 0.0014,	 Test Accuracy: 502/1000(50%)
Task: 8,	 Epoch: 1/40,	 Avg.loss: 0.0014,	 Test Accuracy: 503/1000(50%)
Task: 8,	 Epoch: 2/40,	 Avg.loss: 0.0011,	 Test Accuracy: 604/1000(60%)
Task: 8,	 Epoch: 3/40,	 Avg.loss: 0.0011,	 Test Accuracy: 586/1000(59%)
Task: 8,	 Epoch: 4/40,	 Avg.loss: 0.0011,	 Test Accuracy: 615/1000(62%)
Task: 8,	 Epoch: 5/40,	 Avg.loss: 0.0011,	 Test Accuracy: 634/1000(63%)
Task: 8,	 Epoch: 6/40,	 Avg.loss: 0.0010,	 Test Accuracy: 672/1000(67%)
Task: 8,	 Epoch: 7/40,	 Avg.loss: 0.0014,	 Test Accuracy: 489/1000(49%)
Task: 8,	 Epoch: 8/40,	 Avg.loss: 0.0009,	 Test Accuracy: 682/1000(68%)
Task: 8,	 Epoch: 9/40,	 Avg.loss: 0.0010,	 Test Accuracy: 664/1000(66%)
Task: 8,	 Epoch: 10/40,	 Avg.loss: 0.0010,	 Test Accuracy: 672/1000(67%)
Task: 8,	 Epoch: 11/40,	 Avg.loss: 0.0009,	 Test Accuracy: 696/1000(70%)
Task: 8,	 Epoch: 12/40,	 Avg.loss: 0.0010,	 Test Accuracy: 681/1000(68%)
Task: 8,	 Epoch: 13/40,	 Avg.loss: 0.0009,	 Test Accuracy: 683/1000(68%)
Task: 8,	 Epoch: 14/40,	 Avg.loss: 0.0009,	 Test Accuracy: 708/1000(71%)
Task: 8,	 Epoch: 15/40,	 Avg.loss: 0.0009,	 Test Accuracy: 679/1000(68%)
Task: 8,	 Epoch: 16/40,	 Avg.loss: 0.0009,	 Test Accuracy: 698/1000(70%)
Task: 8,	 Epoch: 17/40,	 Avg.loss: 0.0009,	 Test Accuracy: 688/1000(69%)
Task: 8,	 Epoch: 18/40,	 Avg.loss: 0.0009,	 Test Accuracy: 696/1000(70%)
Task: 8,	 Epoch: 19/40,	 Avg.loss: 0.0009,	 Test Accuracy: 717/1000(72%)
Task: 8,	 Epoch: 20/40,	 Avg.loss: 0.0008,	 Test Accuracy: 725/1000(72%)
Task: 8,	 Epoch: 21/40,	 Avg.loss: 0.0008,	 Test Accuracy: 732/1000(73%)
Task: 8,	 Epoch: 22/40,	 Avg.loss: 0.0008,	 Test Accuracy: 722/1000(72%)
Task: 8,	 Epoch: 23/40,	 Avg.loss: 0.0008,	 Test Accuracy: 736/1000(74%)
Task: 8,	 Epoch: 24/40,	 Avg.loss: 0.0008,	 Test Accuracy: 727/1000(73%)
Task: 8,	 Epoch: 25/40,	 Avg.loss: 0.0008,	 Test Accuracy: 732/1000(73%)
Task: 8,	 Epoch: 26/40,	 Avg.loss: 0.0008,	 Test Accuracy: 728/1000(73%)
Task: 8,	 Epoch: 27/40,	 Avg.loss: 0.0008,	 Test Accuracy: 722/1000(72%)
Task: 8,	 Epoch: 28/40,	 Avg.loss: 0.0008,	 Test Accuracy: 725/1000(72%)
Task: 8,	 Epoch: 29/40,	 Avg.loss: 0.0008,	 Test Accuracy: 723/1000(72%)
Task: 8,	 Epoch: 30/40,	 Avg.loss: 0.0008,	 Test Accuracy: 724/1000(72%)
Task: 8,	 Epoch: 31/40,	 Avg.loss: 0.0008,	 Test Accuracy: 719/1000(72%)
Task: 8,	 Epoch: 32/40,	 Avg.loss: 0.0008,	 Test Accuracy: 724/1000(72%)
Task: 8,	 Epoch: 33/40,	 Avg.loss: 0.0008,	 Test Accuracy: 726/1000(73%)
Task: 8,	 Epoch: 34/40,	 Avg.loss: 0.0008,	 Test Accuracy: 726/1000(73%)
Task: 8,	 Epoch: 35/40,	 Avg.loss: 0.0008,	 Test Accuracy: 726/1000(73%)
Task: 8,	 Epoch: 36/40,	 Avg.loss: 0.0008,	 Test Accuracy: 725/1000(72%)
Task: 8,	 Epoch: 37/40,	 Avg.loss: 0.0008,	 Test Accuracy: 727/1000(73%)
Task: 8,	 Epoch: 38/40,	 Avg.loss: 0.0008,	 Test Accuracy: 726/1000(73%)
Task: 8,	 Epoch: 39/40,	 Avg.loss: 0.0008,	 Test Accuracy: 727/1000(73%)
Trained Task:8, Loaded task:0, Accuracy:82.3%
Trained Task:8, Loaded task:1, Accuracy:73.9%
Trained Task:8, Loaded task:2, Accuracy:74.6%
Trained Task:8, Loaded task:3, Accuracy:65.7%
Trained Task:8, Loaded task:4, Accuracy:76.0%
Trained Task:8, Loaded task:5, Accuracy:72.3%
Trained Task:8, Loaded task:6, Accuracy:70.5%
Trained Task:8, Loaded task:7, Accuracy:69.2%
Trained Task:8, Loaded task:8, Accuracy:72.7%
Trained Task:8, Avg. Accuracy: 73.0 

List of avg. accuracy: [83.6, 80.8, 80.2, 77.5, 75.9, 74.4, 73.5, 73.0, 73.0]
Layer        : conv1_layer.0.weight
R.histogram  : tensor([4., 4., 2., 6., 5., 1., 3., 0., 5., 2.], device='cuda:0')
R_sum max/min: 3.7/0.9
F max  		: 28.235397338867188
O masx 		: 39.47610092163086
Layer        : conv2_layer.0.weight
R.histogram  : tensor([ 6.,  4.,  2., 10.,  4.,  3.,  1.,  1.,  0.,  1.], device='cuda:0')
R_sum max/min: 66.2/12.8
F max  		: 15.836420059204102
O masx 		: 29.476240158081055
Layer        : conv3_layer.0.weight
R.histogram  : tensor([32., 26.,  4.,  0.,  0.,  0.,  0.,  0.,  0.,  2.], device='cuda:0')
R_sum max/min: 288.0/10.2
F max  		: 8.434534072875977
O masx 		: 12.221356391906738
Layer        : conv4_layer.0.weight
R.histogram  : tensor([23., 21.,  7.,  1.,  2.,  3.,  2.,  1.,  2.,  2.], device='cuda:0')
R_sum max/min: 2844.4/103.5
F max  		: 5.528004169464111
O masx 		: 7.137155055999756
Layer        : fc1_layer.0.weight
R.histogram  : tensor([ 10.,  35.,  55.,  53.,  43.,  34., 271.,   6.,   2.,   3.],
       device='cuda:0')
R_sum max/min: 5689.7/973.8
F max  		: 0.819381594657898
O masx 		: 0.9223678708076477
Mask histogram
conv1_layer.0.weight: 	 tensor([    0.,     0.,     0.,     0.,     0.,     0.,     0.,     0.,     0.,
            0., 32768.], device='cuda:0')
conv2_layer.0.weight: 	 tensor([   0.,    0.,    0.,    0.,    0.,    0.,    0.,    0.,    0.,    0.,
        8192.], device='cuda:0')
conv3_layer.0.weight: 	 tensor([   0., 2304., 2048., 1536., 3584., 4096., 2048.,  256.,  512.,    0.,
           0.], device='cuda:0')
conv4_layer.0.weight: 	 tensor([  64.,  320., 1408.,  640.,  192.,  128.,  320.,  576.,  448.,    0.,
           0.], device='cuda:0')
fc1_layer.0.weight: 	 tensor([ 53.,  32., 105., 100.,  29.,  12.,   3., 122.,  54.,   2.,   0.],
       device='cuda:0')
Head Finetuning    :Task: 9,	 Epoch: 0/40,	 Avg.loss: 0.0029,	 Test Accuracy: 116/1000(12%)
Head Finetuning    :Task: 9,	 Epoch: 1/40,	 Avg.loss: 0.0028,	 Test Accuracy: 127/1000(13%)
Head Finetuning    :Task: 9,	 Epoch: 2/40,	 Avg.loss: 0.0027,	 Test Accuracy: 130/1000(13%)
Head Finetuning    :Task: 9,	 Epoch: 3/40,	 Avg.loss: 0.0027,	 Test Accuracy: 134/1000(13%)
Head Finetuning    :Task: 9,	 Epoch: 4/40,	 Avg.loss: 0.0026,	 Test Accuracy: 134/1000(13%)
Head Finetuning    :Task: 9,	 Epoch: 5/40,	 Avg.loss: 0.0026,	 Test Accuracy: 136/1000(14%)
Head Finetuning    :Task: 9,	 Epoch: 6/40,	 Avg.loss: 0.0025,	 Test Accuracy: 142/1000(14%)
Head Finetuning    :Task: 9,	 Epoch: 7/40,	 Avg.loss: 0.0025,	 Test Accuracy: 144/1000(14%)
Head Finetuning    :Task: 9,	 Epoch: 8/40,	 Avg.loss: 0.0025,	 Test Accuracy: 147/1000(15%)
Head Finetuning    :Task: 9,	 Epoch: 9/40,	 Avg.loss: 0.0025,	 Test Accuracy: 150/1000(15%)
Head Finetuning    :Task: 9,	 Epoch: 10/40,	 Avg.loss: 0.0024,	 Test Accuracy: 155/1000(16%)
Head Finetuning    :Task: 9,	 Epoch: 11/40,	 Avg.loss: 0.0024,	 Test Accuracy: 159/1000(16%)
Head Finetuning    :Task: 9,	 Epoch: 12/40,	 Avg.loss: 0.0024,	 Test Accuracy: 160/1000(16%)
Head Finetuning    :Task: 9,	 Epoch: 13/40,	 Avg.loss: 0.0024,	 Test Accuracy: 161/1000(16%)
Head Finetuning    :Task: 9,	 Epoch: 14/40,	 Avg.loss: 0.0023,	 Test Accuracy: 161/1000(16%)
Task: 9,	 Epoch: 0/40,	 Avg.loss: 0.0014,	 Test Accuracy: 530/1000(53%)
Task: 9,	 Epoch: 1/40,	 Avg.loss: 0.0012,	 Test Accuracy: 591/1000(59%)
Task: 9,	 Epoch: 2/40,	 Avg.loss: 0.0011,	 Test Accuracy: 603/1000(60%)
Task: 9,	 Epoch: 3/40,	 Avg.loss: 0.0011,	 Test Accuracy: 626/1000(63%)
Task: 9,	 Epoch: 4/40,	 Avg.loss: 0.0011,	 Test Accuracy: 661/1000(66%)
Task: 9,	 Epoch: 5/40,	 Avg.loss: 0.0011,	 Test Accuracy: 647/1000(65%)
Task: 9,	 Epoch: 6/40,	 Avg.loss: 0.0010,	 Test Accuracy: 684/1000(68%)
Task: 9,	 Epoch: 7/40,	 Avg.loss: 0.0010,	 Test Accuracy: 684/1000(68%)
Task: 9,	 Epoch: 8/40,	 Avg.loss: 0.0010,	 Test Accuracy: 664/1000(66%)
Task: 9,	 Epoch: 9/40,	 Avg.loss: 0.0009,	 Test Accuracy: 716/1000(72%)
Task: 9,	 Epoch: 10/40,	 Avg.loss: 0.0009,	 Test Accuracy: 700/1000(70%)
Task: 9,	 Epoch: 11/40,	 Avg.loss: 0.0009,	 Test Accuracy: 715/1000(72%)
Task: 9,	 Epoch: 12/40,	 Avg.loss: 0.0009,	 Test Accuracy: 701/1000(70%)
Task: 9,	 Epoch: 13/40,	 Avg.loss: 0.0009,	 Test Accuracy: 718/1000(72%)
Task: 9,	 Epoch: 14/40,	 Avg.loss: 0.0010,	 Test Accuracy: 682/1000(68%)
Task: 9,	 Epoch: 15/40,	 Avg.loss: 0.0010,	 Test Accuracy: 687/1000(69%)
Task: 9,	 Epoch: 16/40,	 Avg.loss: 0.0009,	 Test Accuracy: 704/1000(70%)
Task: 9,	 Epoch: 17/40,	 Avg.loss: 0.0009,	 Test Accuracy: 721/1000(72%)
Task: 9,	 Epoch: 18/40,	 Avg.loss: 0.0008,	 Test Accuracy: 729/1000(73%)
Task: 9,	 Epoch: 19/40,	 Avg.loss: 0.0009,	 Test Accuracy: 724/1000(72%)
Task: 9,	 Epoch: 20/40,	 Avg.loss: 0.0008,	 Test Accuracy: 742/1000(74%)
Task: 9,	 Epoch: 21/40,	 Avg.loss: 0.0008,	 Test Accuracy: 742/1000(74%)
Task: 9,	 Epoch: 22/40,	 Avg.loss: 0.0008,	 Test Accuracy: 745/1000(74%)
Task: 9,	 Epoch: 23/40,	 Avg.loss: 0.0008,	 Test Accuracy: 741/1000(74%)
Task: 9,	 Epoch: 24/40,	 Avg.loss: 0.0008,	 Test Accuracy: 736/1000(74%)
Task: 9,	 Epoch: 25/40,	 Avg.loss: 0.0008,	 Test Accuracy: 744/1000(74%)
Task: 9,	 Epoch: 26/40,	 Avg.loss: 0.0008,	 Test Accuracy: 738/1000(74%)
Task: 9,	 Epoch: 27/40,	 Avg.loss: 0.0008,	 Test Accuracy: 739/1000(74%)
Task: 9,	 Epoch: 28/40,	 Avg.loss: 0.0008,	 Test Accuracy: 744/1000(74%)
Task: 9,	 Epoch: 29/40,	 Avg.loss: 0.0008,	 Test Accuracy: 743/1000(74%)
Task: 9,	 Epoch: 30/40,	 Avg.loss: 0.0008,	 Test Accuracy: 746/1000(75%)
Task: 9,	 Epoch: 31/40,	 Avg.loss: 0.0008,	 Test Accuracy: 748/1000(75%)
Task: 9,	 Epoch: 32/40,	 Avg.loss: 0.0008,	 Test Accuracy: 737/1000(74%)
Task: 9,	 Epoch: 33/40,	 Avg.loss: 0.0008,	 Test Accuracy: 739/1000(74%)
Task: 9,	 Epoch: 34/40,	 Avg.loss: 0.0008,	 Test Accuracy: 740/1000(74%)
Task: 9,	 Epoch: 35/40,	 Avg.loss: 0.0008,	 Test Accuracy: 743/1000(74%)
Task: 9,	 Epoch: 36/40,	 Avg.loss: 0.0008,	 Test Accuracy: 742/1000(74%)
Task: 9,	 Epoch: 37/40,	 Avg.loss: 0.0008,	 Test Accuracy: 747/1000(75%)
Task: 9,	 Epoch: 38/40,	 Avg.loss: 0.0008,	 Test Accuracy: 741/1000(74%)
Task: 9,	 Epoch: 39/40,	 Avg.loss: 0.0008,	 Test Accuracy: 749/1000(75%)
Trained Task:9, Loaded task:0, Accuracy:82.9%
Trained Task:9, Loaded task:1, Accuracy:73.2%
Trained Task:9, Loaded task:2, Accuracy:74.5%
Trained Task:9, Loaded task:3, Accuracy:66.0%
Trained Task:9, Loaded task:4, Accuracy:75.4%
Trained Task:9, Loaded task:5, Accuracy:72.1%
Trained Task:9, Loaded task:6, Accuracy:69.9%
Trained Task:9, Loaded task:7, Accuracy:66.0%
Trained Task:9, Loaded task:8, Accuracy:71.4%
Trained Task:9, Loaded task:9, Accuracy:74.9%
Trained Task:9, Avg. Accuracy: 72.6 

List of avg. accuracy: [83.6, 80.8, 80.2, 77.5, 75.9, 74.4, 73.5, 73.0, 73.0, 72.6]
PATH:     /home/sanghyun/Documents/CL/ISG/results/03-30-2021-18:47/
