Layer        : conv1_layer.0.weight
R.histogram  : tensor([10.,  9.,  3.,  3.,  3.,  1.,  2.,  0.,  0.,  1.], device='cuda:0')
R_sum max/min: 1737.0/219.9
F max  		: 0.4300879240036011
O masx 		: 0.0
Layer        : conv2_layer.0.weight
R.histogram  : tensor([8., 8., 2., 4., 3., 2., 4., 0., 0., 1.], device='cuda:0')
R_sum max/min: 8395.0/1008.0
F max  		: 0.23984794318675995
O masx 		: 0.0
Layer        : conv3_layer.0.weight
R.histogram  : tensor([16., 24., 14.,  4.,  2.,  2.,  1.,  0.,  0.,  1.], device='cuda:0')
R_sum max/min: 11543.1/288.0
F max  		: 0.17753730714321136
O masx 		: 0.0
Layer        : conv4_layer.0.weight
R.histogram  : tensor([14., 17., 10.,  5.,  6.,  4.,  2.,  2.,  3.,  1.], device='cuda:0')
R_sum max/min: 13078.3/576.0
F max  		: 0.09773328900337219
O masx 		: 0.0
Layer        : fc1_layer.0.weight
R.histogram  : tensor([318., 101.,  47.,  23.,  11.,   6.,   3.,   1.,   0.,   2.],
       device='cuda:0')
R_sum max/min: 90530.9/4096.0
F max  		: 0.006333993282169104
O masx 		: 0.0
Mask histogram
conv1_layer.0.weight: 	 tensor([    0., 32768.,     0.,     0.,     0.,     0.,     0.,     0.,     0.,
            0.,     0.], device='cuda:0')
conv2_layer.0.weight: 	 tensor([   0., 8192.,    0.,    0.,    0.,    0.,    0.,    0.,    0.,    0.,
           0.], device='cuda:0')
conv3_layer.0.weight: 	 tensor([8192., 8192.,    0.,    0.,    0.,    0.,    0.,    0.,    0.,    0.,
           0.], device='cuda:0')
conv4_layer.0.weight: 	 tensor([2048., 2048.,    0.,    0.,    0.,    0.,    0.,    0.,    0.,    0.,
           0.], device='cuda:0')
fc1_layer.0.weight: 	 tensor([256., 256.,   0.,   0.,   0.,   0.,   0.,   0.,   0.,   0.,   0.],
       device='cuda:0')
Head Finetuning    :Task: 0,	 Epoch: 0/40,	 Avg.loss: 0.0015,	 Test Accuracy: 467/1000(47%)
Head Finetuning    :Task: 0,	 Epoch: 1/40,	 Avg.loss: 0.0013,	 Test Accuracy: 550/1000(55%)
Head Finetuning    :Task: 0,	 Epoch: 2/40,	 Avg.loss: 0.0013,	 Test Accuracy: 539/1000(54%)
Head Finetuning    :Task: 0,	 Epoch: 3/40,	 Avg.loss: 0.0012,	 Test Accuracy: 587/1000(59%)
Head Finetuning    :Task: 0,	 Epoch: 4/40,	 Avg.loss: 0.0011,	 Test Accuracy: 609/1000(61%)
Head Finetuning    :Task: 0,	 Epoch: 5/40,	 Avg.loss: 0.0012,	 Test Accuracy: 592/1000(59%)
Head Finetuning    :Task: 0,	 Epoch: 6/40,	 Avg.loss: 0.0011,	 Test Accuracy: 607/1000(61%)
Head Finetuning    :Task: 0,	 Epoch: 7/40,	 Avg.loss: 0.0011,	 Test Accuracy: 617/1000(62%)
Head Finetuning    :Task: 0,	 Epoch: 8/40,	 Avg.loss: 0.0011,	 Test Accuracy: 624/1000(62%)
Head Finetuning    :Task: 0,	 Epoch: 9/40,	 Avg.loss: 0.0011,	 Test Accuracy: 628/1000(63%)
Head Finetuning    :Task: 0,	 Epoch: 10/40,	 Avg.loss: 0.0011,	 Test Accuracy: 621/1000(62%)
Head Finetuning    :Task: 0,	 Epoch: 11/40,	 Avg.loss: 0.0010,	 Test Accuracy: 647/1000(65%)
Head Finetuning    :Task: 0,	 Epoch: 12/40,	 Avg.loss: 0.0010,	 Test Accuracy: 638/1000(64%)
Head Finetuning    :Task: 0,	 Epoch: 13/40,	 Avg.loss: 0.0010,	 Test Accuracy: 644/1000(64%)
Head Finetuning    :Task: 0,	 Epoch: 14/40,	 Avg.loss: 0.0010,	 Test Accuracy: 636/1000(64%)
Task: 0,	 Epoch: 0/40,	 Avg.loss: 0.0009,	 Test Accuracy: 670/1000(67%)
Task: 0,	 Epoch: 1/40,	 Avg.loss: 0.0008,	 Test Accuracy: 704/1000(70%)
Task: 0,	 Epoch: 2/40,	 Avg.loss: 0.0008,	 Test Accuracy: 739/1000(74%)
Task: 0,	 Epoch: 3/40,	 Avg.loss: 0.0007,	 Test Accuracy: 757/1000(76%)
Task: 0,	 Epoch: 4/40,	 Avg.loss: 0.0007,	 Test Accuracy: 761/1000(76%)
Task: 0,	 Epoch: 5/40,	 Avg.loss: 0.0007,	 Test Accuracy: 759/1000(76%)
Task: 0,	 Epoch: 6/40,	 Avg.loss: 0.0007,	 Test Accuracy: 765/1000(76%)
Task: 0,	 Epoch: 7/40,	 Avg.loss: 0.0006,	 Test Accuracy: 787/1000(79%)
Task: 0,	 Epoch: 8/40,	 Avg.loss: 0.0006,	 Test Accuracy: 799/1000(80%)
Task: 0,	 Epoch: 9/40,	 Avg.loss: 0.0006,	 Test Accuracy: 819/1000(82%)
Task: 0,	 Epoch: 10/40,	 Avg.loss: 0.0006,	 Test Accuracy: 799/1000(80%)
Task: 0,	 Epoch: 11/40,	 Avg.loss: 0.0006,	 Test Accuracy: 814/1000(81%)
Task: 0,	 Epoch: 12/40,	 Avg.loss: 0.0006,	 Test Accuracy: 796/1000(80%)
Task: 0,	 Epoch: 13/40,	 Avg.loss: 0.0007,	 Test Accuracy: 798/1000(80%)
Task: 0,	 Epoch: 14/40,	 Avg.loss: 0.0006,	 Test Accuracy: 820/1000(82%)
Task: 0,	 Epoch: 15/40,	 Avg.loss: 0.0006,	 Test Accuracy: 808/1000(81%)
Task: 0,	 Epoch: 16/40,	 Avg.loss: 0.0007,	 Test Accuracy: 803/1000(80%)
Task: 0,	 Epoch: 17/40,	 Avg.loss: 0.0007,	 Test Accuracy: 814/1000(81%)
Task: 0,	 Epoch: 18/40,	 Avg.loss: 0.0006,	 Test Accuracy: 829/1000(83%)
Task: 0,	 Epoch: 19/40,	 Avg.loss: 0.0006,	 Test Accuracy: 825/1000(83%)
Task: 0,	 Epoch: 20/40,	 Avg.loss: 0.0006,	 Test Accuracy: 836/1000(84%)
Task: 0,	 Epoch: 21/40,	 Avg.loss: 0.0006,	 Test Accuracy: 833/1000(83%)
Task: 0,	 Epoch: 22/40,	 Avg.loss: 0.0006,	 Test Accuracy: 836/1000(84%)
Task: 0,	 Epoch: 23/40,	 Avg.loss: 0.0005,	 Test Accuracy: 833/1000(83%)
Task: 0,	 Epoch: 24/40,	 Avg.loss: 0.0006,	 Test Accuracy: 835/1000(84%)
Task: 0,	 Epoch: 25/40,	 Avg.loss: 0.0006,	 Test Accuracy: 834/1000(83%)
Task: 0,	 Epoch: 26/40,	 Avg.loss: 0.0006,	 Test Accuracy: 837/1000(84%)
Task: 0,	 Epoch: 27/40,	 Avg.loss: 0.0006,	 Test Accuracy: 838/1000(84%)
Task: 0,	 Epoch: 28/40,	 Avg.loss: 0.0006,	 Test Accuracy: 839/1000(84%)
Task: 0,	 Epoch: 29/40,	 Avg.loss: 0.0006,	 Test Accuracy: 830/1000(83%)
Task: 0,	 Epoch: 30/40,	 Avg.loss: 0.0006,	 Test Accuracy: 836/1000(84%)
Task: 0,	 Epoch: 31/40,	 Avg.loss: 0.0006,	 Test Accuracy: 842/1000(84%)
Task: 0,	 Epoch: 32/40,	 Avg.loss: 0.0006,	 Test Accuracy: 839/1000(84%)
Task: 0,	 Epoch: 33/40,	 Avg.loss: 0.0006,	 Test Accuracy: 841/1000(84%)
Task: 0,	 Epoch: 34/40,	 Avg.loss: 0.0006,	 Test Accuracy: 843/1000(84%)
Task: 0,	 Epoch: 35/40,	 Avg.loss: 0.0006,	 Test Accuracy: 838/1000(84%)
Task: 0,	 Epoch: 36/40,	 Avg.loss: 0.0006,	 Test Accuracy: 842/1000(84%)
Task: 0,	 Epoch: 37/40,	 Avg.loss: 0.0006,	 Test Accuracy: 836/1000(84%)
Task: 0,	 Epoch: 38/40,	 Avg.loss: 0.0006,	 Test Accuracy: 841/1000(84%)
Task: 0,	 Epoch: 39/40,	 Avg.loss: 0.0006,	 Test Accuracy: 836/1000(84%)
Trained Task:0, Loaded task:0, Accuracy:83.6%
Trained Task:0, Avg. Accuracy: 83.6 

List of avg. accuracy: [83.6]
Layer        : conv1_layer.0.weight
R.histogram  : tensor([ 4., 10.,  7.,  2.,  3.,  1.,  2.,  1.,  1.,  1.], device='cuda:0')
R_sum max/min: 0.9/0.1
F max  		: 0.9071332216262817
O masx 		: 16.837549209594727
Layer        : conv2_layer.0.weight
R.histogram  : tensor([5., 3., 6., 6., 4., 1., 2., 3., 0., 2.], device='cuda:0')
R_sum max/min: 12.3/2.1
F max  		: 0.7281169891357422
O masx 		: 10.741926193237305
Layer        : conv3_layer.0.weight
R.histogram  : tensor([36.,  1., 10.,  5.,  1.,  6.,  1.,  1.,  1.,  2.], device='cuda:0')
R_sum max/min: 3339.9/2.2
F max  		: 0.6225730776786804
O masx 		: 8.075155258178711
Layer        : conv4_layer.0.weight
R.histogram  : tensor([19., 20.,  8.,  6.,  3.,  2.,  1.,  3.,  1.,  1.], device='cuda:0')
R_sum max/min: 6805.5/388.0
F max  		: 0.38960787653923035
O masx 		: 8.076184272766113
Layer        : fc1_layer.0.weight
R.histogram  : tensor([325.,  77.,  49.,  26.,  20.,   6.,   5.,   1.,   1.,   2.],
       device='cuda:0')
R_sum max/min: 23555.1/2193.6
F max  		: 0.019114788621664047
O masx 		: 0.6680055856704712
Mask histogram
conv1_layer.0.weight: 	 tensor([    0.,     0., 32768.,     0.,     0.,     0.,     0.,     0.,     0.,
            0.,     0.], device='cuda:0')
conv2_layer.0.weight: 	 tensor([   0.,    0., 8192.,    0.,    0.,    0.,    0.,    0.,    0.,    0.,
           0.], device='cuda:0')
conv3_layer.0.weight: 	 tensor([    0., 16384.,     0.,     0.,     0.,     0.,     0.,     0.,     0.,
            0.,     0.], device='cuda:0')
conv4_layer.0.weight: 	 tensor([ 960., 2176.,  960.,    0.,    0.,    0.,    0.,    0.,    0.,    0.,
           0.], device='cuda:0')
fc1_layer.0.weight: 	 tensor([195., 122., 195.,   0.,   0.,   0.,   0.,   0.,   0.,   0.,   0.],
       device='cuda:0')
Head Finetuning    :Task: 1,	 Epoch: 0/40,	 Avg.loss: 0.0026,	 Test Accuracy: 98/1000(10%)
Head Finetuning    :Task: 1,	 Epoch: 1/40,	 Avg.loss: 0.0025,	 Test Accuracy: 109/1000(11%)
Head Finetuning    :Task: 1,	 Epoch: 2/40,	 Avg.loss: 0.0024,	 Test Accuracy: 108/1000(11%)
Head Finetuning    :Task: 1,	 Epoch: 3/40,	 Avg.loss: 0.0024,	 Test Accuracy: 114/1000(11%)
Head Finetuning    :Task: 1,	 Epoch: 4/40,	 Avg.loss: 0.0023,	 Test Accuracy: 119/1000(12%)
Head Finetuning    :Task: 1,	 Epoch: 5/40,	 Avg.loss: 0.0023,	 Test Accuracy: 125/1000(13%)
Head Finetuning    :Task: 1,	 Epoch: 6/40,	 Avg.loss: 0.0023,	 Test Accuracy: 130/1000(13%)
Head Finetuning    :Task: 1,	 Epoch: 7/40,	 Avg.loss: 0.0023,	 Test Accuracy: 137/1000(14%)
Head Finetuning    :Task: 1,	 Epoch: 8/40,	 Avg.loss: 0.0023,	 Test Accuracy: 144/1000(14%)
Head Finetuning    :Task: 1,	 Epoch: 9/40,	 Avg.loss: 0.0022,	 Test Accuracy: 151/1000(15%)
Head Finetuning    :Task: 1,	 Epoch: 10/40,	 Avg.loss: 0.0022,	 Test Accuracy: 156/1000(16%)
Head Finetuning    :Task: 1,	 Epoch: 11/40,	 Avg.loss: 0.0022,	 Test Accuracy: 165/1000(16%)
Head Finetuning    :Task: 1,	 Epoch: 12/40,	 Avg.loss: 0.0022,	 Test Accuracy: 171/1000(17%)
Head Finetuning    :Task: 1,	 Epoch: 13/40,	 Avg.loss: 0.0022,	 Test Accuracy: 175/1000(18%)
Head Finetuning    :Task: 1,	 Epoch: 14/40,	 Avg.loss: 0.0022,	 Test Accuracy: 182/1000(18%)
Task: 1,	 Epoch: 0/40,	 Avg.loss: 0.0012,	 Test Accuracy: 575/1000(58%)
Task: 1,	 Epoch: 1/40,	 Avg.loss: 0.0009,	 Test Accuracy: 680/1000(68%)
Task: 1,	 Epoch: 2/40,	 Avg.loss: 0.0008,	 Test Accuracy: 720/1000(72%)
Task: 1,	 Epoch: 3/40,	 Avg.loss: 0.0008,	 Test Accuracy: 715/1000(72%)
Task: 1,	 Epoch: 4/40,	 Avg.loss: 0.0008,	 Test Accuracy: 726/1000(73%)
Task: 1,	 Epoch: 5/40,	 Avg.loss: 0.0008,	 Test Accuracy: 739/1000(74%)
Task: 1,	 Epoch: 6/40,	 Avg.loss: 0.0008,	 Test Accuracy: 727/1000(73%)
Task: 1,	 Epoch: 7/40,	 Avg.loss: 0.0008,	 Test Accuracy: 737/1000(74%)
Task: 1,	 Epoch: 8/40,	 Avg.loss: 0.0008,	 Test Accuracy: 744/1000(74%)
Task: 1,	 Epoch: 9/40,	 Avg.loss: 0.0007,	 Test Accuracy: 747/1000(75%)
Task: 1,	 Epoch: 10/40,	 Avg.loss: 0.0008,	 Test Accuracy: 747/1000(75%)
Task: 1,	 Epoch: 11/40,	 Avg.loss: 0.0008,	 Test Accuracy: 742/1000(74%)
Task: 1,	 Epoch: 12/40,	 Avg.loss: 0.0007,	 Test Accuracy: 746/1000(75%)
Task: 1,	 Epoch: 13/40,	 Avg.loss: 0.0008,	 Test Accuracy: 731/1000(73%)
Task: 1,	 Epoch: 14/40,	 Avg.loss: 0.0007,	 Test Accuracy: 750/1000(75%)
Task: 1,	 Epoch: 15/40,	 Avg.loss: 0.0008,	 Test Accuracy: 757/1000(76%)
Task: 1,	 Epoch: 16/40,	 Avg.loss: 0.0008,	 Test Accuracy: 761/1000(76%)
Task: 1,	 Epoch: 17/40,	 Avg.loss: 0.0008,	 Test Accuracy: 771/1000(77%)
Task: 1,	 Epoch: 18/40,	 Avg.loss: 0.0007,	 Test Accuracy: 758/1000(76%)
Task: 1,	 Epoch: 19/40,	 Avg.loss: 0.0008,	 Test Accuracy: 755/1000(76%)
Task: 1,	 Epoch: 20/40,	 Avg.loss: 0.0007,	 Test Accuracy: 777/1000(78%)
Task: 1,	 Epoch: 21/40,	 Avg.loss: 0.0007,	 Test Accuracy: 779/1000(78%)
Task: 1,	 Epoch: 22/40,	 Avg.loss: 0.0007,	 Test Accuracy: 780/1000(78%)
Task: 1,	 Epoch: 23/40,	 Avg.loss: 0.0007,	 Test Accuracy: 777/1000(78%)
Task: 1,	 Epoch: 24/40,	 Avg.loss: 0.0007,	 Test Accuracy: 779/1000(78%)
Task: 1,	 Epoch: 25/40,	 Avg.loss: 0.0007,	 Test Accuracy: 774/1000(77%)
Task: 1,	 Epoch: 26/40,	 Avg.loss: 0.0007,	 Test Accuracy: 780/1000(78%)
Task: 1,	 Epoch: 27/40,	 Avg.loss: 0.0007,	 Test Accuracy: 781/1000(78%)
Task: 1,	 Epoch: 28/40,	 Avg.loss: 0.0007,	 Test Accuracy: 775/1000(78%)
Task: 1,	 Epoch: 29/40,	 Avg.loss: 0.0007,	 Test Accuracy: 780/1000(78%)
Task: 1,	 Epoch: 30/40,	 Avg.loss: 0.0007,	 Test Accuracy: 772/1000(77%)
Task: 1,	 Epoch: 31/40,	 Avg.loss: 0.0007,	 Test Accuracy: 769/1000(77%)
Task: 1,	 Epoch: 32/40,	 Avg.loss: 0.0007,	 Test Accuracy: 777/1000(78%)
Task: 1,	 Epoch: 33/40,	 Avg.loss: 0.0007,	 Test Accuracy: 774/1000(77%)
Task: 1,	 Epoch: 34/40,	 Avg.loss: 0.0007,	 Test Accuracy: 778/1000(78%)
Task: 1,	 Epoch: 35/40,	 Avg.loss: 0.0007,	 Test Accuracy: 773/1000(77%)
Task: 1,	 Epoch: 36/40,	 Avg.loss: 0.0007,	 Test Accuracy: 777/1000(78%)
Task: 1,	 Epoch: 37/40,	 Avg.loss: 0.0007,	 Test Accuracy: 774/1000(77%)
Task: 1,	 Epoch: 38/40,	 Avg.loss: 0.0007,	 Test Accuracy: 777/1000(78%)
Task: 1,	 Epoch: 39/40,	 Avg.loss: 0.0007,	 Test Accuracy: 777/1000(78%)
Trained Task:1, Loaded task:0, Accuracy:84.0%
Trained Task:1, Loaded task:1, Accuracy:77.7%
Trained Task:1, Avg. Accuracy: 80.9 

List of avg. accuracy: [83.6, 80.9]
Layer        : conv1_layer.0.weight
R.histogram  : tensor([9., 8., 4., 4., 5., 0., 0., 0., 1., 1.], device='cuda:0')
R_sum max/min: 2.4/0.2
F max  		: 2.9677231311798096
O masx 		: 20.605566024780273
Layer        : conv2_layer.0.weight
R.histogram  : tensor([3., 5., 8., 6., 2., 2., 2., 3., 0., 1.], device='cuda:0')
R_sum max/min: 15.3/3.4
F max  		: 1.5948081016540527
O masx 		: 13.354430198669434
Layer        : conv3_layer.0.weight
R.histogram  : tensor([59.,  4.,  0.,  0.,  0.,  0.,  0.,  0.,  0.,  1.], device='cuda:0')
R_sum max/min: 288.0/2.2
F max  		: 0.8408095240592957
O masx 		: 8.075155258178711
Layer        : conv4_layer.0.weight
R.histogram  : tensor([25., 24.,  8.,  4.,  1.,  0.,  1.,  0.,  0.,  1.], device='cuda:0')
R_sum max/min: 5281.5/22.2
F max  		: 1.0443724393844604
O masx 		: 8.076184272766113
Layer        : fc1_layer.0.weight
R.histogram  : tensor([108.,  76.,  42.,  17.,   9., 254.,   4.,   1.,   0.,   1.],
       device='cuda:0')
R_sum max/min: 7026.1/1144.0
F max  		: 0.06010296195745468
O masx 		: 0.6764761209487915
Mask histogram
conv1_layer.0.weight: 	 tensor([    0.,     0.,     0., 32768.,     0.,     0.,     0.,     0.,     0.,
            0.,     0.], device='cuda:0')
conv2_layer.0.weight: 	 tensor([   0.,    0.,    0., 8192.,    0.,    0.,    0.,    0.,    0.,    0.,
           0.], device='cuda:0')
conv3_layer.0.weight: 	 tensor([   0., 8192., 8192.,    0.,    0.,    0.,    0.,    0.,    0.,    0.,
           0.], device='cuda:0')
conv4_layer.0.weight: 	 tensor([ 384., 1280., 2432.,    0.,    0.,    0.,    0.,    0.,    0.,    0.,
           0.], device='cuda:0')
fc1_layer.0.weight: 	 tensor([  3., 251., 257.,   1.,   0.,   0.,   0.,   0.,   0.,   0.,   0.],
       device='cuda:0')
Head Finetuning    :Task: 2,	 Epoch: 0/40,	 Avg.loss: 0.0023,	 Test Accuracy: 88/1000(9%)
Head Finetuning    :Task: 2,	 Epoch: 1/40,	 Avg.loss: 0.0023,	 Test Accuracy: 89/1000(9%)
Head Finetuning    :Task: 2,	 Epoch: 2/40,	 Avg.loss: 0.0023,	 Test Accuracy: 93/1000(9%)
Head Finetuning    :Task: 2,	 Epoch: 3/40,	 Avg.loss: 0.0023,	 Test Accuracy: 96/1000(10%)
Head Finetuning    :Task: 2,	 Epoch: 4/40,	 Avg.loss: 0.0023,	 Test Accuracy: 99/1000(10%)
Head Finetuning    :Task: 2,	 Epoch: 5/40,	 Avg.loss: 0.0023,	 Test Accuracy: 103/1000(10%)
Head Finetuning    :Task: 2,	 Epoch: 6/40,	 Avg.loss: 0.0023,	 Test Accuracy: 105/1000(11%)
Head Finetuning    :Task: 2,	 Epoch: 7/40,	 Avg.loss: 0.0023,	 Test Accuracy: 107/1000(11%)
Head Finetuning    :Task: 2,	 Epoch: 8/40,	 Avg.loss: 0.0023,	 Test Accuracy: 107/1000(11%)
Head Finetuning    :Task: 2,	 Epoch: 9/40,	 Avg.loss: 0.0023,	 Test Accuracy: 129/1000(13%)
Head Finetuning    :Task: 2,	 Epoch: 10/40,	 Avg.loss: 0.0023,	 Test Accuracy: 132/1000(13%)
Head Finetuning    :Task: 2,	 Epoch: 11/40,	 Avg.loss: 0.0023,	 Test Accuracy: 129/1000(13%)
Head Finetuning    :Task: 2,	 Epoch: 12/40,	 Avg.loss: 0.0023,	 Test Accuracy: 132/1000(13%)
Head Finetuning    :Task: 2,	 Epoch: 13/40,	 Avg.loss: 0.0023,	 Test Accuracy: 136/1000(14%)
Head Finetuning    :Task: 2,	 Epoch: 14/40,	 Avg.loss: 0.0023,	 Test Accuracy: 137/1000(14%)
Task: 2,	 Epoch: 0/40,	 Avg.loss: 0.0013,	 Test Accuracy: 556/1000(56%)
Task: 2,	 Epoch: 1/40,	 Avg.loss: 0.0011,	 Test Accuracy: 627/1000(63%)
Task: 2,	 Epoch: 2/40,	 Avg.loss: 0.0010,	 Test Accuracy: 684/1000(68%)
Task: 2,	 Epoch: 3/40,	 Avg.loss: 0.0009,	 Test Accuracy: 715/1000(72%)
Task: 2,	 Epoch: 4/40,	 Avg.loss: 0.0008,	 Test Accuracy: 728/1000(73%)
Task: 2,	 Epoch: 5/40,	 Avg.loss: 0.0008,	 Test Accuracy: 722/1000(72%)
Task: 2,	 Epoch: 6/40,	 Avg.loss: 0.0009,	 Test Accuracy: 690/1000(69%)
Task: 2,	 Epoch: 7/40,	 Avg.loss: 0.0008,	 Test Accuracy: 741/1000(74%)
Task: 2,	 Epoch: 8/40,	 Avg.loss: 0.0008,	 Test Accuracy: 752/1000(75%)
Task: 2,	 Epoch: 9/40,	 Avg.loss: 0.0009,	 Test Accuracy: 724/1000(72%)
Task: 2,	 Epoch: 10/40,	 Avg.loss: 0.0008,	 Test Accuracy: 763/1000(76%)
Task: 2,	 Epoch: 11/40,	 Avg.loss: 0.0008,	 Test Accuracy: 751/1000(75%)
Task: 2,	 Epoch: 12/40,	 Avg.loss: 0.0008,	 Test Accuracy: 760/1000(76%)
Task: 2,	 Epoch: 13/40,	 Avg.loss: 0.0008,	 Test Accuracy: 765/1000(76%)
Task: 2,	 Epoch: 14/40,	 Avg.loss: 0.0008,	 Test Accuracy: 767/1000(77%)
Task: 2,	 Epoch: 15/40,	 Avg.loss: 0.0008,	 Test Accuracy: 750/1000(75%)
Task: 2,	 Epoch: 16/40,	 Avg.loss: 0.0007,	 Test Accuracy: 758/1000(76%)
Task: 2,	 Epoch: 17/40,	 Avg.loss: 0.0008,	 Test Accuracy: 767/1000(77%)
Task: 2,	 Epoch: 18/40,	 Avg.loss: 0.0008,	 Test Accuracy: 754/1000(75%)
Task: 2,	 Epoch: 19/40,	 Avg.loss: 0.0008,	 Test Accuracy: 763/1000(76%)
Task: 2,	 Epoch: 20/40,	 Avg.loss: 0.0007,	 Test Accuracy: 765/1000(76%)
Task: 2,	 Epoch: 21/40,	 Avg.loss: 0.0007,	 Test Accuracy: 765/1000(76%)
Task: 2,	 Epoch: 22/40,	 Avg.loss: 0.0007,	 Test Accuracy: 769/1000(77%)
Task: 2,	 Epoch: 23/40,	 Avg.loss: 0.0007,	 Test Accuracy: 769/1000(77%)
Task: 2,	 Epoch: 24/40,	 Avg.loss: 0.0007,	 Test Accuracy: 768/1000(77%)
Task: 2,	 Epoch: 25/40,	 Avg.loss: 0.0007,	 Test Accuracy: 774/1000(77%)
Task: 2,	 Epoch: 26/40,	 Avg.loss: 0.0007,	 Test Accuracy: 776/1000(78%)
Task: 2,	 Epoch: 27/40,	 Avg.loss: 0.0007,	 Test Accuracy: 766/1000(77%)
Task: 2,	 Epoch: 28/40,	 Avg.loss: 0.0007,	 Test Accuracy: 771/1000(77%)
Task: 2,	 Epoch: 29/40,	 Avg.loss: 0.0007,	 Test Accuracy: 770/1000(77%)
Task: 2,	 Epoch: 30/40,	 Avg.loss: 0.0007,	 Test Accuracy: 771/1000(77%)
Task: 2,	 Epoch: 31/40,	 Avg.loss: 0.0007,	 Test Accuracy: 770/1000(77%)
Task: 2,	 Epoch: 32/40,	 Avg.loss: 0.0007,	 Test Accuracy: 778/1000(78%)
Task: 2,	 Epoch: 33/40,	 Avg.loss: 0.0007,	 Test Accuracy: 774/1000(77%)
Task: 2,	 Epoch: 34/40,	 Avg.loss: 0.0007,	 Test Accuracy: 765/1000(76%)
Task: 2,	 Epoch: 35/40,	 Avg.loss: 0.0007,	 Test Accuracy: 774/1000(77%)
Task: 2,	 Epoch: 36/40,	 Avg.loss: 0.0007,	 Test Accuracy: 774/1000(77%)
Task: 2,	 Epoch: 37/40,	 Avg.loss: 0.0007,	 Test Accuracy: 766/1000(77%)
Task: 2,	 Epoch: 38/40,	 Avg.loss: 0.0007,	 Test Accuracy: 769/1000(77%)
Task: 2,	 Epoch: 39/40,	 Avg.loss: 0.0007,	 Test Accuracy: 766/1000(77%)
Trained Task:2, Loaded task:0, Accuracy:84.0%
Trained Task:2, Loaded task:1, Accuracy:76.7%
Trained Task:2, Loaded task:2, Accuracy:76.6%
Trained Task:2, Avg. Accuracy: 79.1 

List of avg. accuracy: [83.6, 80.9, 79.1]
Layer        : conv1_layer.0.weight
R.histogram  : tensor([3., 7., 5., 2., 8., 2., 0., 1., 2., 2.], device='cuda:0')
R_sum max/min: 1.2/0.2
F max  		: 2.5914881229400635
O masx 		: 24.44287109375
Layer        : conv2_layer.0.weight
R.histogram  : tensor([2., 3., 1., 8., 3., 3., 6., 1., 2., 3.], device='cuda:0')
R_sum max/min: 15.2/3.4
F max  		: 2.2261998653411865
O masx 		: 14.29373836517334
Layer        : conv3_layer.0.weight
R.histogram  : tensor([61.,  2.,  0.,  0.,  0.,  0.,  0.,  0.,  0.,  1.], device='cuda:0')
R_sum max/min: 288.0/1.6
F max  		: 1.0104379653930664
O masx 		: 8.075155258178711
Layer        : conv4_layer.0.weight
R.histogram  : tensor([25., 17.,  4.,  3.,  4.,  3.,  3.,  1.,  2.,  2.], device='cuda:0')
R_sum max/min: 4971.3/19.5
F max  		: 0.7896868586540222
O masx 		: 8.076184272766113
Layer        : fc1_layer.0.weight
R.histogram  : tensor([ 77., 142., 286.,   5.,   1.,   0.,   0.,   0.,   0.,   1.],
       device='cuda:0')
R_sum max/min: 15073.4/513.5
F max  		: 0.1136365458369255
O masx 		: 0.6764761209487915
Mask histogram
conv1_layer.0.weight: 	 tensor([    0.,     0.,     0.,     0., 32768.,     0.,     0.,     0.,     0.,
            0.,     0.], device='cuda:0')
conv2_layer.0.weight: 	 tensor([   0.,    0.,    0.,    0., 8192.,    0.,    0.,    0.,    0.,    0.,
           0.], device='cuda:0')
conv3_layer.0.weight: 	 tensor([   0., 6656., 3072., 6656.,    0.,    0.,    0.,    0.,    0.,    0.,
           0.], device='cuda:0')
conv4_layer.0.weight: 	 tensor([ 256.,  576., 2176., 1088.,    0.,    0.,    0.,    0.,    0.,    0.,
           0.], device='cuda:0')
fc1_layer.0.weight: 	 tensor([  3.,  64., 376.,  68.,   1.,   0.,   0.,   0.,   0.,   0.,   0.],
       device='cuda:0')
Head Finetuning    :Task: 3,	 Epoch: 0/40,	 Avg.loss: 0.0025,	 Test Accuracy: 92/1000(9%)
Head Finetuning    :Task: 3,	 Epoch: 1/40,	 Avg.loss: 0.0025,	 Test Accuracy: 92/1000(9%)
Head Finetuning    :Task: 3,	 Epoch: 2/40,	 Avg.loss: 0.0024,	 Test Accuracy: 95/1000(10%)
Head Finetuning    :Task: 3,	 Epoch: 3/40,	 Avg.loss: 0.0024,	 Test Accuracy: 101/1000(10%)
Head Finetuning    :Task: 3,	 Epoch: 4/40,	 Avg.loss: 0.0024,	 Test Accuracy: 106/1000(11%)
Head Finetuning    :Task: 3,	 Epoch: 5/40,	 Avg.loss: 0.0024,	 Test Accuracy: 105/1000(11%)
Head Finetuning    :Task: 3,	 Epoch: 6/40,	 Avg.loss: 0.0023,	 Test Accuracy: 109/1000(11%)
Head Finetuning    :Task: 3,	 Epoch: 7/40,	 Avg.loss: 0.0023,	 Test Accuracy: 109/1000(11%)
Head Finetuning    :Task: 3,	 Epoch: 8/40,	 Avg.loss: 0.0023,	 Test Accuracy: 119/1000(12%)
Head Finetuning    :Task: 3,	 Epoch: 9/40,	 Avg.loss: 0.0023,	 Test Accuracy: 122/1000(12%)
Head Finetuning    :Task: 3,	 Epoch: 10/40,	 Avg.loss: 0.0023,	 Test Accuracy: 126/1000(13%)
Head Finetuning    :Task: 3,	 Epoch: 11/40,	 Avg.loss: 0.0023,	 Test Accuracy: 129/1000(13%)
Head Finetuning    :Task: 3,	 Epoch: 12/40,	 Avg.loss: 0.0023,	 Test Accuracy: 135/1000(14%)
Head Finetuning    :Task: 3,	 Epoch: 13/40,	 Avg.loss: 0.0023,	 Test Accuracy: 138/1000(14%)
Head Finetuning    :Task: 3,	 Epoch: 14/40,	 Avg.loss: 0.0022,	 Test Accuracy: 142/1000(14%)
Task: 3,	 Epoch: 0/40,	 Avg.loss: 0.0013,	 Test Accuracy: 554/1000(55%)
Task: 3,	 Epoch: 1/40,	 Avg.loss: 0.0011,	 Test Accuracy: 620/1000(62%)
Task: 3,	 Epoch: 2/40,	 Avg.loss: 0.0011,	 Test Accuracy: 598/1000(60%)
Task: 3,	 Epoch: 3/40,	 Avg.loss: 0.0010,	 Test Accuracy: 648/1000(65%)
Task: 3,	 Epoch: 4/40,	 Avg.loss: 0.0010,	 Test Accuracy: 665/1000(66%)
Task: 3,	 Epoch: 5/40,	 Avg.loss: 0.0010,	 Test Accuracy: 667/1000(67%)
Task: 3,	 Epoch: 6/40,	 Avg.loss: 0.0010,	 Test Accuracy: 673/1000(67%)
Task: 3,	 Epoch: 7/40,	 Avg.loss: 0.0009,	 Test Accuracy: 683/1000(68%)
Task: 3,	 Epoch: 8/40,	 Avg.loss: 0.0009,	 Test Accuracy: 685/1000(68%)
Task: 3,	 Epoch: 9/40,	 Avg.loss: 0.0009,	 Test Accuracy: 687/1000(69%)
Task: 3,	 Epoch: 10/40,	 Avg.loss: 0.0009,	 Test Accuracy: 677/1000(68%)
Task: 3,	 Epoch: 11/40,	 Avg.loss: 0.0009,	 Test Accuracy: 715/1000(72%)
Task: 3,	 Epoch: 12/40,	 Avg.loss: 0.0008,	 Test Accuracy: 708/1000(71%)
Task: 3,	 Epoch: 13/40,	 Avg.loss: 0.0009,	 Test Accuracy: 700/1000(70%)
Task: 3,	 Epoch: 14/40,	 Avg.loss: 0.0009,	 Test Accuracy: 691/1000(69%)
Task: 3,	 Epoch: 15/40,	 Avg.loss: 0.0009,	 Test Accuracy: 704/1000(70%)
Task: 3,	 Epoch: 16/40,	 Avg.loss: 0.0009,	 Test Accuracy: 698/1000(70%)
Task: 3,	 Epoch: 17/40,	 Avg.loss: 0.0009,	 Test Accuracy: 704/1000(70%)
Task: 3,	 Epoch: 18/40,	 Avg.loss: 0.0009,	 Test Accuracy: 714/1000(71%)
Task: 3,	 Epoch: 19/40,	 Avg.loss: 0.0009,	 Test Accuracy: 701/1000(70%)
Task: 3,	 Epoch: 20/40,	 Avg.loss: 0.0008,	 Test Accuracy: 725/1000(72%)
Task: 3,	 Epoch: 21/40,	 Avg.loss: 0.0008,	 Test Accuracy: 729/1000(73%)
Task: 3,	 Epoch: 22/40,	 Avg.loss: 0.0008,	 Test Accuracy: 729/1000(73%)
Task: 3,	 Epoch: 23/40,	 Avg.loss: 0.0008,	 Test Accuracy: 725/1000(72%)
Task: 3,	 Epoch: 24/40,	 Avg.loss: 0.0008,	 Test Accuracy: 727/1000(73%)
Task: 3,	 Epoch: 25/40,	 Avg.loss: 0.0008,	 Test Accuracy: 727/1000(73%)
Task: 3,	 Epoch: 26/40,	 Avg.loss: 0.0008,	 Test Accuracy: 732/1000(73%)
Task: 3,	 Epoch: 27/40,	 Avg.loss: 0.0008,	 Test Accuracy: 731/1000(73%)
Task: 3,	 Epoch: 28/40,	 Avg.loss: 0.0008,	 Test Accuracy: 725/1000(72%)
Task: 3,	 Epoch: 29/40,	 Avg.loss: 0.0008,	 Test Accuracy: 738/1000(74%)
Task: 3,	 Epoch: 30/40,	 Avg.loss: 0.0008,	 Test Accuracy: 727/1000(73%)
Task: 3,	 Epoch: 31/40,	 Avg.loss: 0.0008,	 Test Accuracy: 728/1000(73%)
Task: 3,	 Epoch: 32/40,	 Avg.loss: 0.0008,	 Test Accuracy: 734/1000(73%)
Task: 3,	 Epoch: 33/40,	 Avg.loss: 0.0008,	 Test Accuracy: 732/1000(73%)
Task: 3,	 Epoch: 34/40,	 Avg.loss: 0.0008,	 Test Accuracy: 739/1000(74%)
Task: 3,	 Epoch: 35/40,	 Avg.loss: 0.0008,	 Test Accuracy: 736/1000(74%)
Task: 3,	 Epoch: 36/40,	 Avg.loss: 0.0008,	 Test Accuracy: 732/1000(73%)
Task: 3,	 Epoch: 37/40,	 Avg.loss: 0.0008,	 Test Accuracy: 730/1000(73%)
Task: 3,	 Epoch: 38/40,	 Avg.loss: 0.0008,	 Test Accuracy: 731/1000(73%)
Task: 3,	 Epoch: 39/40,	 Avg.loss: 0.0008,	 Test Accuracy: 730/1000(73%)
Trained Task:3, Loaded task:0, Accuracy:83.7%
Trained Task:3, Loaded task:1, Accuracy:76.4%
Trained Task:3, Loaded task:2, Accuracy:76.6%
Trained Task:3, Loaded task:3, Accuracy:73.0%
Trained Task:3, Avg. Accuracy: 77.4 

List of avg. accuracy: [83.6, 80.9, 79.1, 77.4]
Layer        : conv1_layer.0.weight
R.histogram  : tensor([4., 6., 0., 9., 2., 2., 2., 4., 0., 3.], device='cuda:0')
R_sum max/min: 1.4/0.3
F max  		: 3.9676120281219482
O masx 		: 26.879192352294922
Layer        : conv2_layer.0.weight
R.histogram  : tensor([1., 2., 5., 6., 4., 9., 2., 2., 0., 1.], device='cuda:0')
R_sum max/min: 18.2/2.8
F max  		: 2.847546339035034
O masx 		: 16.069393157958984
Layer        : conv3_layer.0.weight
R.histogram  : tensor([63.,  0.,  0.,  0.,  0.,  0.,  0.,  0.,  0.,  1.], device='cuda:0')
R_sum max/min: 288.0/2.1
F max  		: 1.407882571220398
O masx 		: 8.075155258178711
Layer        : conv4_layer.0.weight
R.histogram  : tensor([29., 12.,  6.,  1.,  6.,  4.,  3.,  1.,  0.,  2.], device='cuda:0')
R_sum max/min: 4878.1/15.7
F max  		: 1.011670470237732
O masx 		: 8.076184272766113
Layer        : fc1_layer.0.weight
R.histogram  : tensor([ 64., 133., 295.,  13.,   5.,   1.,   0.,   0.,   0.,   1.],
       device='cuda:0')
R_sum max/min: 12947.4/460.8
F max  		: 0.11525542289018631
O masx 		: 0.815447986125946
Mask histogram
conv1_layer.0.weight: 	 tensor([    0.,     0.,     0.,     0.,     0., 32768.,     0.,     0.,     0.,
            0.,     0.], device='cuda:0')
conv2_layer.0.weight: 	 tensor([   0.,    0.,    0.,    0.,    0., 8192.,    0.,    0.,    0.,    0.,
           0.], device='cuda:0')
conv3_layer.0.weight: 	 tensor([   0., 5888., 1792., 3328., 5376.,    0.,    0.,    0.,    0.,    0.,
           0.], device='cuda:0')
conv4_layer.0.weight: 	 tensor([   0.,  576., 1984.,  448., 1088.,    0.,    0.,    0.,    0.,    0.,
           0.], device='cuda:0')
fc1_layer.0.weight: 	 tensor([  3.,  55., 190., 211.,  53.,   0.,   0.,   0.,   0.,   0.,   0.],
       device='cuda:0')
Head Finetuning    :Task: 4,	 Epoch: 0/40,	 Avg.loss: 0.0027,	 Test Accuracy: 71/1000(7%)
Head Finetuning    :Task: 4,	 Epoch: 1/40,	 Avg.loss: 0.0026,	 Test Accuracy: 77/1000(8%)
Head Finetuning    :Task: 4,	 Epoch: 2/40,	 Avg.loss: 0.0025,	 Test Accuracy: 81/1000(8%)
Head Finetuning    :Task: 4,	 Epoch: 3/40,	 Avg.loss: 0.0025,	 Test Accuracy: 87/1000(9%)
Head Finetuning    :Task: 4,	 Epoch: 4/40,	 Avg.loss: 0.0025,	 Test Accuracy: 91/1000(9%)
Head Finetuning    :Task: 4,	 Epoch: 5/40,	 Avg.loss: 0.0024,	 Test Accuracy: 96/1000(10%)
Head Finetuning    :Task: 4,	 Epoch: 6/40,	 Avg.loss: 0.0024,	 Test Accuracy: 102/1000(10%)
Head Finetuning    :Task: 4,	 Epoch: 7/40,	 Avg.loss: 0.0024,	 Test Accuracy: 110/1000(11%)
Head Finetuning    :Task: 4,	 Epoch: 8/40,	 Avg.loss: 0.0024,	 Test Accuracy: 114/1000(11%)
Head Finetuning    :Task: 4,	 Epoch: 9/40,	 Avg.loss: 0.0024,	 Test Accuracy: 119/1000(12%)
Head Finetuning    :Task: 4,	 Epoch: 10/40,	 Avg.loss: 0.0023,	 Test Accuracy: 125/1000(13%)
Head Finetuning    :Task: 4,	 Epoch: 11/40,	 Avg.loss: 0.0023,	 Test Accuracy: 128/1000(13%)
Head Finetuning    :Task: 4,	 Epoch: 12/40,	 Avg.loss: 0.0023,	 Test Accuracy: 137/1000(14%)
Head Finetuning    :Task: 4,	 Epoch: 13/40,	 Avg.loss: 0.0023,	 Test Accuracy: 143/1000(14%)
Head Finetuning    :Task: 4,	 Epoch: 14/40,	 Avg.loss: 0.0023,	 Test Accuracy: 147/1000(15%)
Task: 4,	 Epoch: 0/40,	 Avg.loss: 0.0013,	 Test Accuracy: 599/1000(60%)
Task: 4,	 Epoch: 1/40,	 Avg.loss: 0.0010,	 Test Accuracy: 670/1000(67%)
Task: 4,	 Epoch: 2/40,	 Avg.loss: 0.0010,	 Test Accuracy: 691/1000(69%)
Task: 4,	 Epoch: 3/40,	 Avg.loss: 0.0010,	 Test Accuracy: 662/1000(66%)
Task: 4,	 Epoch: 4/40,	 Avg.loss: 0.0010,	 Test Accuracy: 679/1000(68%)
Task: 4,	 Epoch: 5/40,	 Avg.loss: 0.0010,	 Test Accuracy: 685/1000(68%)
Task: 4,	 Epoch: 6/40,	 Avg.loss: 0.0009,	 Test Accuracy: 712/1000(71%)
Task: 4,	 Epoch: 7/40,	 Avg.loss: 0.0009,	 Test Accuracy: 702/1000(70%)
Task: 4,	 Epoch: 8/40,	 Avg.loss: 0.0009,	 Test Accuracy: 708/1000(71%)
Task: 4,	 Epoch: 9/40,	 Avg.loss: 0.0009,	 Test Accuracy: 715/1000(72%)
Task: 4,	 Epoch: 10/40,	 Avg.loss: 0.0008,	 Test Accuracy: 712/1000(71%)
Task: 4,	 Epoch: 11/40,	 Avg.loss: 0.0009,	 Test Accuracy: 705/1000(70%)
Task: 4,	 Epoch: 12/40,	 Avg.loss: 0.0009,	 Test Accuracy: 707/1000(71%)
Task: 4,	 Epoch: 13/40,	 Avg.loss: 0.0008,	 Test Accuracy: 723/1000(72%)
Task: 4,	 Epoch: 14/40,	 Avg.loss: 0.0008,	 Test Accuracy: 739/1000(74%)
Task: 4,	 Epoch: 15/40,	 Avg.loss: 0.0008,	 Test Accuracy: 722/1000(72%)
Task: 4,	 Epoch: 16/40,	 Avg.loss: 0.0008,	 Test Accuracy: 727/1000(73%)
Task: 4,	 Epoch: 17/40,	 Avg.loss: 0.0008,	 Test Accuracy: 729/1000(73%)
Task: 4,	 Epoch: 18/40,	 Avg.loss: 0.0009,	 Test Accuracy: 708/1000(71%)
Task: 4,	 Epoch: 19/40,	 Avg.loss: 0.0009,	 Test Accuracy: 710/1000(71%)
Task: 4,	 Epoch: 20/40,	 Avg.loss: 0.0008,	 Test Accuracy: 740/1000(74%)
Task: 4,	 Epoch: 21/40,	 Avg.loss: 0.0008,	 Test Accuracy: 740/1000(74%)
Task: 4,	 Epoch: 22/40,	 Avg.loss: 0.0008,	 Test Accuracy: 747/1000(75%)
Task: 4,	 Epoch: 23/40,	 Avg.loss: 0.0008,	 Test Accuracy: 747/1000(75%)
Task: 4,	 Epoch: 24/40,	 Avg.loss: 0.0008,	 Test Accuracy: 740/1000(74%)
Task: 4,	 Epoch: 25/40,	 Avg.loss: 0.0008,	 Test Accuracy: 742/1000(74%)
Task: 4,	 Epoch: 26/40,	 Avg.loss: 0.0008,	 Test Accuracy: 737/1000(74%)
Task: 4,	 Epoch: 27/40,	 Avg.loss: 0.0008,	 Test Accuracy: 743/1000(74%)
Task: 4,	 Epoch: 28/40,	 Avg.loss: 0.0008,	 Test Accuracy: 750/1000(75%)
Task: 4,	 Epoch: 29/40,	 Avg.loss: 0.0008,	 Test Accuracy: 744/1000(74%)
Task: 4,	 Epoch: 30/40,	 Avg.loss: 0.0008,	 Test Accuracy: 747/1000(75%)
Task: 4,	 Epoch: 31/40,	 Avg.loss: 0.0008,	 Test Accuracy: 745/1000(74%)
Task: 4,	 Epoch: 32/40,	 Avg.loss: 0.0008,	 Test Accuracy: 736/1000(74%)
Task: 4,	 Epoch: 33/40,	 Avg.loss: 0.0008,	 Test Accuracy: 747/1000(75%)
Task: 4,	 Epoch: 34/40,	 Avg.loss: 0.0008,	 Test Accuracy: 741/1000(74%)
Task: 4,	 Epoch: 35/40,	 Avg.loss: 0.0008,	 Test Accuracy: 743/1000(74%)
Task: 4,	 Epoch: 36/40,	 Avg.loss: 0.0008,	 Test Accuracy: 745/1000(74%)
Task: 4,	 Epoch: 37/40,	 Avg.loss: 0.0008,	 Test Accuracy: 746/1000(75%)
Task: 4,	 Epoch: 38/40,	 Avg.loss: 0.0008,	 Test Accuracy: 746/1000(75%)
Task: 4,	 Epoch: 39/40,	 Avg.loss: 0.0008,	 Test Accuracy: 746/1000(75%)
Trained Task:4, Loaded task:0, Accuracy:83.9%
Trained Task:4, Loaded task:1, Accuracy:76.2%
Trained Task:4, Loaded task:2, Accuracy:76.9%
Trained Task:4, Loaded task:3, Accuracy:72.8%
Trained Task:4, Loaded task:4, Accuracy:74.6%
Trained Task:4, Avg. Accuracy: 76.9 

List of avg. accuracy: [83.6, 80.9, 79.1, 77.4, 76.9]
Layer        : conv1_layer.0.weight
R.histogram  : tensor([6., 6., 8., 2., 5., 1., 0., 3., 0., 1.], device='cuda:0')
R_sum max/min: 2.3/0.4
F max  		: 6.472389221191406
O masx 		: 29.221405029296875
Layer        : conv2_layer.0.weight
R.histogram  : tensor([3., 5., 1., 5., 5., 6., 0., 2., 4., 1.], device='cuda:0')
R_sum max/min: 22.8/5.2
F max  		: 4.142877578735352
O masx 		: 20.630571365356445
Layer        : conv3_layer.0.weight
R.histogram  : tensor([62.,  1.,  0.,  0.,  0.,  0.,  0.,  0.,  0.,  1.], device='cuda:0')
R_sum max/min: 288.0/3.8
F max  		: 1.9411340951919556
O masx 		: 9.03504467010498
Layer        : conv4_layer.0.weight
R.histogram  : tensor([31., 11.,  3.,  3.,  3.,  4.,  4.,  2.,  0.,  3.], device='cuda:0')
R_sum max/min: 4517.0/17.4
F max  		: 1.413769006729126
O masx 		: 8.076184272766113
Layer        : fc1_layer.0.weight
R.histogram  : tensor([ 54., 104.,  77., 263.,  10.,   2.,   1.,   0.,   0.,   1.],
       device='cuda:0')
R_sum max/min: 10157.1/480.4
F max  		: 0.15850643813610077
O masx 		: 0.815447986125946
Mask histogram
conv1_layer.0.weight: 	 tensor([    0.,     0.,     0.,     0.,     0.,     0., 32768.,     0.,     0.,
            0.,     0.], device='cuda:0')
conv2_layer.0.weight: 	 tensor([   0.,    0.,    0.,    0.,    0.,    0., 8192.,    0.,    0.,    0.,
           0.], device='cuda:0')
conv3_layer.0.weight: 	 tensor([   0., 5120., 1536., 2304., 3072., 4352.,    0.,    0.,    0.,    0.,
           0.], device='cuda:0')
conv4_layer.0.weight: 	 tensor([   0.,  256., 2112.,  192.,  448., 1088.,    0.,    0.,    0.,    0.,
           0.], device='cuda:0')
fc1_layer.0.weight: 	 tensor([  1.,  53., 175.,  51., 180.,  52.,   0.,   0.,   0.,   0.,   0.],
       device='cuda:0')
Head Finetuning    :Task: 5,	 Epoch: 0/40,	 Avg.loss: 0.0026,	 Test Accuracy: 149/1000(15%)
Head Finetuning    :Task: 5,	 Epoch: 1/40,	 Avg.loss: 0.0025,	 Test Accuracy: 151/1000(15%)
Head Finetuning    :Task: 5,	 Epoch: 2/40,	 Avg.loss: 0.0025,	 Test Accuracy: 150/1000(15%)
Head Finetuning    :Task: 5,	 Epoch: 3/40,	 Avg.loss: 0.0024,	 Test Accuracy: 157/1000(16%)
Head Finetuning    :Task: 5,	 Epoch: 4/40,	 Avg.loss: 0.0024,	 Test Accuracy: 164/1000(16%)
Head Finetuning    :Task: 5,	 Epoch: 5/40,	 Avg.loss: 0.0024,	 Test Accuracy: 169/1000(17%)
Head Finetuning    :Task: 5,	 Epoch: 6/40,	 Avg.loss: 0.0023,	 Test Accuracy: 173/1000(17%)
Head Finetuning    :Task: 5,	 Epoch: 7/40,	 Avg.loss: 0.0023,	 Test Accuracy: 176/1000(18%)
Head Finetuning    :Task: 5,	 Epoch: 8/40,	 Avg.loss: 0.0023,	 Test Accuracy: 179/1000(18%)
Head Finetuning    :Task: 5,	 Epoch: 9/40,	 Avg.loss: 0.0023,	 Test Accuracy: 180/1000(18%)
Head Finetuning    :Task: 5,	 Epoch: 10/40,	 Avg.loss: 0.0023,	 Test Accuracy: 181/1000(18%)
Head Finetuning    :Task: 5,	 Epoch: 11/40,	 Avg.loss: 0.0023,	 Test Accuracy: 183/1000(18%)
Head Finetuning    :Task: 5,	 Epoch: 12/40,	 Avg.loss: 0.0023,	 Test Accuracy: 185/1000(18%)
Head Finetuning    :Task: 5,	 Epoch: 13/40,	 Avg.loss: 0.0023,	 Test Accuracy: 188/1000(19%)
Head Finetuning    :Task: 5,	 Epoch: 14/40,	 Avg.loss: 0.0022,	 Test Accuracy: 191/1000(19%)
Task: 5,	 Epoch: 0/40,	 Avg.loss: 0.0012,	 Test Accuracy: 585/1000(59%)
Task: 5,	 Epoch: 1/40,	 Avg.loss: 0.0010,	 Test Accuracy: 651/1000(65%)
Task: 5,	 Epoch: 2/40,	 Avg.loss: 0.0010,	 Test Accuracy: 649/1000(65%)
Task: 5,	 Epoch: 3/40,	 Avg.loss: 0.0011,	 Test Accuracy: 605/1000(61%)
Task: 5,	 Epoch: 4/40,	 Avg.loss: 0.0010,	 Test Accuracy: 651/1000(65%)
Task: 5,	 Epoch: 5/40,	 Avg.loss: 0.0010,	 Test Accuracy: 630/1000(63%)
Task: 5,	 Epoch: 6/40,	 Avg.loss: 0.0010,	 Test Accuracy: 625/1000(63%)
Task: 5,	 Epoch: 7/40,	 Avg.loss: 0.0009,	 Test Accuracy: 664/1000(66%)
Task: 5,	 Epoch: 8/40,	 Avg.loss: 0.0009,	 Test Accuracy: 671/1000(67%)
Task: 5,	 Epoch: 9/40,	 Avg.loss: 0.0009,	 Test Accuracy: 679/1000(68%)
Task: 5,	 Epoch: 10/40,	 Avg.loss: 0.0009,	 Test Accuracy: 679/1000(68%)
Task: 5,	 Epoch: 11/40,	 Avg.loss: 0.0009,	 Test Accuracy: 662/1000(66%)
Task: 5,	 Epoch: 12/40,	 Avg.loss: 0.0009,	 Test Accuracy: 681/1000(68%)
Task: 5,	 Epoch: 13/40,	 Avg.loss: 0.0009,	 Test Accuracy: 680/1000(68%)
Task: 5,	 Epoch: 14/40,	 Avg.loss: 0.0009,	 Test Accuracy: 674/1000(67%)
Task: 5,	 Epoch: 15/40,	 Avg.loss: 0.0008,	 Test Accuracy: 688/1000(69%)
Task: 5,	 Epoch: 16/40,	 Avg.loss: 0.0008,	 Test Accuracy: 696/1000(70%)
Task: 5,	 Epoch: 17/40,	 Avg.loss: 0.0009,	 Test Accuracy: 672/1000(67%)
Task: 5,	 Epoch: 18/40,	 Avg.loss: 0.0009,	 Test Accuracy: 687/1000(69%)
Task: 5,	 Epoch: 19/40,	 Avg.loss: 0.0008,	 Test Accuracy: 685/1000(68%)
Task: 5,	 Epoch: 20/40,	 Avg.loss: 0.0008,	 Test Accuracy: 706/1000(71%)
Task: 5,	 Epoch: 21/40,	 Avg.loss: 0.0008,	 Test Accuracy: 712/1000(71%)
Task: 5,	 Epoch: 22/40,	 Avg.loss: 0.0008,	 Test Accuracy: 707/1000(71%)
Task: 5,	 Epoch: 23/40,	 Avg.loss: 0.0008,	 Test Accuracy: 702/1000(70%)
Task: 5,	 Epoch: 24/40,	 Avg.loss: 0.0008,	 Test Accuracy: 705/1000(70%)
Task: 5,	 Epoch: 25/40,	 Avg.loss: 0.0008,	 Test Accuracy: 702/1000(70%)
Task: 5,	 Epoch: 26/40,	 Avg.loss: 0.0008,	 Test Accuracy: 711/1000(71%)
Task: 5,	 Epoch: 27/40,	 Avg.loss: 0.0008,	 Test Accuracy: 702/1000(70%)
Task: 5,	 Epoch: 28/40,	 Avg.loss: 0.0008,	 Test Accuracy: 697/1000(70%)
Task: 5,	 Epoch: 29/40,	 Avg.loss: 0.0008,	 Test Accuracy: 702/1000(70%)
Task: 5,	 Epoch: 30/40,	 Avg.loss: 0.0008,	 Test Accuracy: 699/1000(70%)
Task: 5,	 Epoch: 31/40,	 Avg.loss: 0.0008,	 Test Accuracy: 703/1000(70%)
Task: 5,	 Epoch: 32/40,	 Avg.loss: 0.0008,	 Test Accuracy: 707/1000(71%)
Task: 5,	 Epoch: 33/40,	 Avg.loss: 0.0008,	 Test Accuracy: 709/1000(71%)
Task: 5,	 Epoch: 34/40,	 Avg.loss: 0.0008,	 Test Accuracy: 710/1000(71%)
Task: 5,	 Epoch: 35/40,	 Avg.loss: 0.0008,	 Test Accuracy: 707/1000(71%)
Task: 5,	 Epoch: 36/40,	 Avg.loss: 0.0008,	 Test Accuracy: 710/1000(71%)
Task: 5,	 Epoch: 37/40,	 Avg.loss: 0.0008,	 Test Accuracy: 711/1000(71%)
Task: 5,	 Epoch: 38/40,	 Avg.loss: 0.0008,	 Test Accuracy: 703/1000(70%)
Task: 5,	 Epoch: 39/40,	 Avg.loss: 0.0008,	 Test Accuracy: 707/1000(71%)
Trained Task:5, Loaded task:0, Accuracy:84.2%
Trained Task:5, Loaded task:1, Accuracy:75.8%
Trained Task:5, Loaded task:2, Accuracy:77.4%
Trained Task:5, Loaded task:3, Accuracy:72.6%
Trained Task:5, Loaded task:4, Accuracy:73.7%
Trained Task:5, Loaded task:5, Accuracy:70.7%
Trained Task:5, Avg. Accuracy: 75.7 

List of avg. accuracy: [83.6, 80.9, 79.1, 77.4, 76.9, 75.7]
Layer        : conv1_layer.0.weight
R.histogram  : tensor([6., 8., 6., 4., 3., 2., 1., 1., 0., 1.], device='cuda:0')
R_sum max/min: 2.7/0.4
F max  		: 7.487757205963135
O masx 		: 31.16718864440918
Layer        : conv2_layer.0.weight
R.histogram  : tensor([4., 3., 3., 4., 5., 4., 4., 1., 3., 1.], device='cuda:0')
R_sum max/min: 27.6/4.5
F max  		: 5.569791793823242
O masx 		: 23.690570831298828
Layer        : conv3_layer.0.weight
R.histogram  : tensor([59.,  4.,  0.,  0.,  0.,  0.,  0.,  0.,  0.,  1.], device='cuda:0')
R_sum max/min: 288.0/4.1
F max  		: 2.8233509063720703
O masx 		: 11.291423797607422
Layer        : conv4_layer.0.weight
R.histogram  : tensor([35., 15.,  6.,  4.,  1.,  1.,  0.,  0.,  1.,  1.], device='cuda:0')
R_sum max/min: 4691.4/30.6
F max  		: 2.8229293823242188
O masx 		: 8.076184272766113
Layer        : fc1_layer.0.weight
R.histogram  : tensor([ 31.,  71.,  88.,  51.,  19., 246.,   3.,   0.,   1.,   2.],
       device='cuda:0')
R_sum max/min: 7564.8/436.3
F max  		: 0.21231091022491455
O masx 		: 0.815447986125946
Mask histogram
conv1_layer.0.weight: 	 tensor([    0.,     0.,     0.,     0.,     0.,     0.,     0., 32768.,     0.,
            0.,     0.], device='cuda:0')
conv2_layer.0.weight: 	 tensor([   0.,    0.,    0.,    0.,    0.,    0.,    0., 8192.,    0.,    0.,
           0.], device='cuda:0')
conv3_layer.0.weight: 	 tensor([   0., 3840., 2048., 2048., 2304., 2816., 3328.,    0.,    0.,    0.,
           0.], device='cuda:0')
conv4_layer.0.weight: 	 tensor([   0.,  128., 1856.,  448.,  128.,  576.,  960.,    0.,    0.,    0.,
           0.], device='cuda:0')
fc1_layer.0.weight: 	 tensor([  0.,  49., 168.,  54.,  11., 179.,  51.,   0.,   0.,   0.,   0.],
       device='cuda:0')
Head Finetuning    :Task: 6,	 Epoch: 0/40,	 Avg.loss: 0.0027,	 Test Accuracy: 182/1000(18%)
Head Finetuning    :Task: 6,	 Epoch: 1/40,	 Avg.loss: 0.0026,	 Test Accuracy: 185/1000(18%)
Head Finetuning    :Task: 6,	 Epoch: 2/40,	 Avg.loss: 0.0026,	 Test Accuracy: 190/1000(19%)
Head Finetuning    :Task: 6,	 Epoch: 3/40,	 Avg.loss: 0.0025,	 Test Accuracy: 197/1000(20%)
Head Finetuning    :Task: 6,	 Epoch: 4/40,	 Avg.loss: 0.0025,	 Test Accuracy: 199/1000(20%)
Head Finetuning    :Task: 6,	 Epoch: 5/40,	 Avg.loss: 0.0025,	 Test Accuracy: 202/1000(20%)
Head Finetuning    :Task: 6,	 Epoch: 6/40,	 Avg.loss: 0.0024,	 Test Accuracy: 203/1000(20%)
Head Finetuning    :Task: 6,	 Epoch: 7/40,	 Avg.loss: 0.0024,	 Test Accuracy: 200/1000(20%)
Head Finetuning    :Task: 6,	 Epoch: 8/40,	 Avg.loss: 0.0024,	 Test Accuracy: 202/1000(20%)
Head Finetuning    :Task: 6,	 Epoch: 9/40,	 Avg.loss: 0.0024,	 Test Accuracy: 202/1000(20%)
Head Finetuning    :Task: 6,	 Epoch: 10/40,	 Avg.loss: 0.0023,	 Test Accuracy: 206/1000(21%)
Head Finetuning    :Task: 6,	 Epoch: 11/40,	 Avg.loss: 0.0023,	 Test Accuracy: 205/1000(21%)
Head Finetuning    :Task: 6,	 Epoch: 12/40,	 Avg.loss: 0.0023,	 Test Accuracy: 206/1000(21%)
Head Finetuning    :Task: 6,	 Epoch: 13/40,	 Avg.loss: 0.0023,	 Test Accuracy: 207/1000(21%)
Head Finetuning    :Task: 6,	 Epoch: 14/40,	 Avg.loss: 0.0023,	 Test Accuracy: 207/1000(21%)
Task: 6,	 Epoch: 0/40,	 Avg.loss: 0.0012,	 Test Accuracy: 580/1000(58%)
Task: 6,	 Epoch: 1/40,	 Avg.loss: 0.0011,	 Test Accuracy: 620/1000(62%)
Task: 6,	 Epoch: 2/40,	 Avg.loss: 0.0010,	 Test Accuracy: 647/1000(65%)
Task: 6,	 Epoch: 3/40,	 Avg.loss: 0.0010,	 Test Accuracy: 665/1000(66%)
Task: 6,	 Epoch: 4/40,	 Avg.loss: 0.0010,	 Test Accuracy: 634/1000(63%)
Task: 6,	 Epoch: 5/40,	 Avg.loss: 0.0009,	 Test Accuracy: 681/1000(68%)
Task: 6,	 Epoch: 6/40,	 Avg.loss: 0.0009,	 Test Accuracy: 698/1000(70%)
Task: 6,	 Epoch: 7/40,	 Avg.loss: 0.0009,	 Test Accuracy: 700/1000(70%)
Task: 6,	 Epoch: 8/40,	 Avg.loss: 0.0009,	 Test Accuracy: 680/1000(68%)
Task: 6,	 Epoch: 9/40,	 Avg.loss: 0.0009,	 Test Accuracy: 685/1000(68%)
Task: 6,	 Epoch: 10/40,	 Avg.loss: 0.0009,	 Test Accuracy: 668/1000(67%)
Task: 6,	 Epoch: 11/40,	 Avg.loss: 0.0009,	 Test Accuracy: 695/1000(70%)
Task: 6,	 Epoch: 12/40,	 Avg.loss: 0.0009,	 Test Accuracy: 701/1000(70%)
Task: 6,	 Epoch: 13/40,	 Avg.loss: 0.0009,	 Test Accuracy: 715/1000(72%)
Task: 6,	 Epoch: 14/40,	 Avg.loss: 0.0009,	 Test Accuracy: 690/1000(69%)
Task: 6,	 Epoch: 15/40,	 Avg.loss: 0.0009,	 Test Accuracy: 698/1000(70%)
Task: 6,	 Epoch: 16/40,	 Avg.loss: 0.0009,	 Test Accuracy: 688/1000(69%)
Task: 6,	 Epoch: 17/40,	 Avg.loss: 0.0008,	 Test Accuracy: 715/1000(72%)
Task: 6,	 Epoch: 18/40,	 Avg.loss: 0.0009,	 Test Accuracy: 698/1000(70%)
Task: 6,	 Epoch: 19/40,	 Avg.loss: 0.0009,	 Test Accuracy: 686/1000(69%)
Task: 6,	 Epoch: 20/40,	 Avg.loss: 0.0008,	 Test Accuracy: 707/1000(71%)
Task: 6,	 Epoch: 21/40,	 Avg.loss: 0.0008,	 Test Accuracy: 719/1000(72%)
Task: 6,	 Epoch: 22/40,	 Avg.loss: 0.0008,	 Test Accuracy: 725/1000(72%)
Task: 6,	 Epoch: 23/40,	 Avg.loss: 0.0008,	 Test Accuracy: 722/1000(72%)
Task: 6,	 Epoch: 24/40,	 Avg.loss: 0.0008,	 Test Accuracy: 719/1000(72%)
Task: 6,	 Epoch: 25/40,	 Avg.loss: 0.0008,	 Test Accuracy: 722/1000(72%)
Task: 6,	 Epoch: 26/40,	 Avg.loss: 0.0008,	 Test Accuracy: 722/1000(72%)
Task: 6,	 Epoch: 27/40,	 Avg.loss: 0.0008,	 Test Accuracy: 723/1000(72%)
Task: 6,	 Epoch: 28/40,	 Avg.loss: 0.0008,	 Test Accuracy: 726/1000(73%)
Task: 6,	 Epoch: 29/40,	 Avg.loss: 0.0008,	 Test Accuracy: 724/1000(72%)
Task: 6,	 Epoch: 30/40,	 Avg.loss: 0.0008,	 Test Accuracy: 726/1000(73%)
Task: 6,	 Epoch: 31/40,	 Avg.loss: 0.0008,	 Test Accuracy: 725/1000(72%)
Task: 6,	 Epoch: 32/40,	 Avg.loss: 0.0008,	 Test Accuracy: 722/1000(72%)
Task: 6,	 Epoch: 33/40,	 Avg.loss: 0.0008,	 Test Accuracy: 724/1000(72%)
Task: 6,	 Epoch: 34/40,	 Avg.loss: 0.0008,	 Test Accuracy: 725/1000(72%)
Task: 6,	 Epoch: 35/40,	 Avg.loss: 0.0008,	 Test Accuracy: 726/1000(73%)
Task: 6,	 Epoch: 36/40,	 Avg.loss: 0.0008,	 Test Accuracy: 721/1000(72%)
Task: 6,	 Epoch: 37/40,	 Avg.loss: 0.0008,	 Test Accuracy: 723/1000(72%)
Task: 6,	 Epoch: 38/40,	 Avg.loss: 0.0008,	 Test Accuracy: 719/1000(72%)
Task: 6,	 Epoch: 39/40,	 Avg.loss: 0.0008,	 Test Accuracy: 731/1000(73%)
Trained Task:6, Loaded task:0, Accuracy:83.6%
Trained Task:6, Loaded task:1, Accuracy:75.7%
Trained Task:6, Loaded task:2, Accuracy:77.5%
Trained Task:6, Loaded task:3, Accuracy:72.6%
Trained Task:6, Loaded task:4, Accuracy:73.6%
Trained Task:6, Loaded task:5, Accuracy:70.7%
Trained Task:6, Loaded task:6, Accuracy:73.1%
Trained Task:6, Avg. Accuracy: 75.3 

List of avg. accuracy: [83.6, 80.9, 79.1, 77.4, 76.9, 75.7, 75.3]
Layer        : conv1_layer.0.weight
R.histogram  : tensor([9., 4., 6., 5., 4., 1., 2., 0., 0., 1.], device='cuda:0')
R_sum max/min: 3.2/0.8
F max  		: 12.712691307067871
O masx 		: 35.32603454589844
Layer        : conv2_layer.0.weight
R.histogram  : tensor([4., 2., 5., 8., 3., 3., 4., 0., 1., 2.], device='cuda:0')
R_sum max/min: 42.5/7.1
F max  		: 9.744376182556152
O masx 		: 26.19149398803711
Layer        : conv3_layer.0.weight
R.histogram  : tensor([56.,  6.,  1.,  0.,  0.,  0.,  0.,  0.,  0.,  1.], device='cuda:0')
R_sum max/min: 288.0/8.0
F max  		: 5.357003688812256
O masx 		: 11.822290420532227
Layer        : conv4_layer.0.weight
R.histogram  : tensor([31., 13.,  8.,  4.,  2.,  0.,  2.,  2.,  1.,  1.], device='cuda:0')
R_sum max/min: 3070.4/30.7
F max  		: 4.361874580383301
O masx 		: 8.076184272766113
Layer        : fc1_layer.0.weight
R.histogram  : tensor([ 43.,  98.,  93.,  21., 251.,   2.,   2.,   1.,   0.,   1.],
       device='cuda:0')
R_sum max/min: 8678.7/528.3
F max  		: 0.307350754737854
O masx 		: 0.815447986125946
Mask histogram
conv1_layer.0.weight: 	 tensor([    0.,     0.,     0.,     0.,     0.,     0.,     0.,     0., 32768.,
            0.,     0.], device='cuda:0')
conv2_layer.0.weight: 	 tensor([   0.,    0.,    0.,    0.,    0.,    0.,    0.,    0., 8192.,    0.,
           0.], device='cuda:0')
conv3_layer.0.weight: 	 tensor([   0., 3072., 1280., 2304., 2816., 2816., 1024., 3072.,    0.,    0.,
           0.], device='cuda:0')
conv4_layer.0.weight: 	 tensor([   0.,   64., 1792.,  192.,  384.,  192.,  640.,  832.,    0.,    0.,
           0.], device='cuda:0')
fc1_layer.0.weight: 	 tensor([  0.,  48., 157.,  61.,   7.,  10., 178.,  51.,   0.,   0.,   0.],
       device='cuda:0')
Head Finetuning    :Task: 7,	 Epoch: 0/40,	 Avg.loss: 0.0028,	 Test Accuracy: 108/1000(11%)
Head Finetuning    :Task: 7,	 Epoch: 1/40,	 Avg.loss: 0.0027,	 Test Accuracy: 113/1000(11%)
Head Finetuning    :Task: 7,	 Epoch: 2/40,	 Avg.loss: 0.0026,	 Test Accuracy: 113/1000(11%)
Head Finetuning    :Task: 7,	 Epoch: 3/40,	 Avg.loss: 0.0025,	 Test Accuracy: 110/1000(11%)
Head Finetuning    :Task: 7,	 Epoch: 4/40,	 Avg.loss: 0.0025,	 Test Accuracy: 109/1000(11%)
Head Finetuning    :Task: 7,	 Epoch: 5/40,	 Avg.loss: 0.0024,	 Test Accuracy: 111/1000(11%)
Head Finetuning    :Task: 7,	 Epoch: 6/40,	 Avg.loss: 0.0024,	 Test Accuracy: 111/1000(11%)
Head Finetuning    :Task: 7,	 Epoch: 7/40,	 Avg.loss: 0.0024,	 Test Accuracy: 107/1000(11%)
Head Finetuning    :Task: 7,	 Epoch: 8/40,	 Avg.loss: 0.0024,	 Test Accuracy: 110/1000(11%)
Head Finetuning    :Task: 7,	 Epoch: 9/40,	 Avg.loss: 0.0023,	 Test Accuracy: 118/1000(12%)
Head Finetuning    :Task: 7,	 Epoch: 10/40,	 Avg.loss: 0.0023,	 Test Accuracy: 115/1000(12%)
Head Finetuning    :Task: 7,	 Epoch: 11/40,	 Avg.loss: 0.0023,	 Test Accuracy: 124/1000(12%)
Head Finetuning    :Task: 7,	 Epoch: 12/40,	 Avg.loss: 0.0023,	 Test Accuracy: 132/1000(13%)
Head Finetuning    :Task: 7,	 Epoch: 13/40,	 Avg.loss: 0.0023,	 Test Accuracy: 139/1000(14%)
Head Finetuning    :Task: 7,	 Epoch: 14/40,	 Avg.loss: 0.0023,	 Test Accuracy: 143/1000(14%)
Task: 7,	 Epoch: 0/40,	 Avg.loss: 0.0013,	 Test Accuracy: 520/1000(52%)
Task: 7,	 Epoch: 1/40,	 Avg.loss: 0.0013,	 Test Accuracy: 542/1000(54%)
Task: 7,	 Epoch: 2/40,	 Avg.loss: 0.0012,	 Test Accuracy: 556/1000(56%)
Task: 7,	 Epoch: 3/40,	 Avg.loss: 0.0012,	 Test Accuracy: 591/1000(59%)
Task: 7,	 Epoch: 4/40,	 Avg.loss: 0.0011,	 Test Accuracy: 618/1000(62%)
Task: 7,	 Epoch: 5/40,	 Avg.loss: 0.0011,	 Test Accuracy: 602/1000(60%)
Task: 7,	 Epoch: 6/40,	 Avg.loss: 0.0011,	 Test Accuracy: 637/1000(64%)
Task: 7,	 Epoch: 7/40,	 Avg.loss: 0.0011,	 Test Accuracy: 633/1000(63%)
Task: 7,	 Epoch: 8/40,	 Avg.loss: 0.0010,	 Test Accuracy: 637/1000(64%)
Task: 7,	 Epoch: 9/40,	 Avg.loss: 0.0010,	 Test Accuracy: 638/1000(64%)
Task: 7,	 Epoch: 10/40,	 Avg.loss: 0.0011,	 Test Accuracy: 631/1000(63%)
Task: 7,	 Epoch: 11/40,	 Avg.loss: 0.0011,	 Test Accuracy: 615/1000(62%)
Task: 7,	 Epoch: 12/40,	 Avg.loss: 0.0011,	 Test Accuracy: 642/1000(64%)
Task: 7,	 Epoch: 13/40,	 Avg.loss: 0.0010,	 Test Accuracy: 642/1000(64%)
Task: 7,	 Epoch: 14/40,	 Avg.loss: 0.0011,	 Test Accuracy: 630/1000(63%)
Task: 7,	 Epoch: 15/40,	 Avg.loss: 0.0010,	 Test Accuracy: 659/1000(66%)
Task: 7,	 Epoch: 16/40,	 Avg.loss: 0.0010,	 Test Accuracy: 652/1000(65%)
Task: 7,	 Epoch: 17/40,	 Avg.loss: 0.0010,	 Test Accuracy: 654/1000(65%)
Task: 7,	 Epoch: 18/40,	 Avg.loss: 0.0010,	 Test Accuracy: 660/1000(66%)
Task: 7,	 Epoch: 19/40,	 Avg.loss: 0.0010,	 Test Accuracy: 661/1000(66%)
Task: 7,	 Epoch: 20/40,	 Avg.loss: 0.0009,	 Test Accuracy: 674/1000(67%)
Task: 7,	 Epoch: 21/40,	 Avg.loss: 0.0009,	 Test Accuracy: 675/1000(68%)
Task: 7,	 Epoch: 22/40,	 Avg.loss: 0.0009,	 Test Accuracy: 679/1000(68%)
Task: 7,	 Epoch: 23/40,	 Avg.loss: 0.0009,	 Test Accuracy: 675/1000(68%)
Task: 7,	 Epoch: 24/40,	 Avg.loss: 0.0009,	 Test Accuracy: 676/1000(68%)
Task: 7,	 Epoch: 25/40,	 Avg.loss: 0.0009,	 Test Accuracy: 679/1000(68%)
Task: 7,	 Epoch: 26/40,	 Avg.loss: 0.0009,	 Test Accuracy: 680/1000(68%)
Task: 7,	 Epoch: 27/40,	 Avg.loss: 0.0009,	 Test Accuracy: 673/1000(67%)
Task: 7,	 Epoch: 28/40,	 Avg.loss: 0.0009,	 Test Accuracy: 672/1000(67%)
Task: 7,	 Epoch: 29/40,	 Avg.loss: 0.0009,	 Test Accuracy: 677/1000(68%)
Task: 7,	 Epoch: 30/40,	 Avg.loss: 0.0009,	 Test Accuracy: 673/1000(67%)
Task: 7,	 Epoch: 31/40,	 Avg.loss: 0.0009,	 Test Accuracy: 676/1000(68%)
Task: 7,	 Epoch: 32/40,	 Avg.loss: 0.0009,	 Test Accuracy: 674/1000(67%)
Task: 7,	 Epoch: 33/40,	 Avg.loss: 0.0009,	 Test Accuracy: 673/1000(67%)
Task: 7,	 Epoch: 34/40,	 Avg.loss: 0.0009,	 Test Accuracy: 681/1000(68%)
Task: 7,	 Epoch: 35/40,	 Avg.loss: 0.0009,	 Test Accuracy: 679/1000(68%)
Task: 7,	 Epoch: 36/40,	 Avg.loss: 0.0009,	 Test Accuracy: 676/1000(68%)
Task: 7,	 Epoch: 37/40,	 Avg.loss: 0.0009,	 Test Accuracy: 680/1000(68%)
Task: 7,	 Epoch: 38/40,	 Avg.loss: 0.0009,	 Test Accuracy: 676/1000(68%)
Task: 7,	 Epoch: 39/40,	 Avg.loss: 0.0009,	 Test Accuracy: 673/1000(67%)
Trained Task:7, Loaded task:0, Accuracy:84.1%
Trained Task:7, Loaded task:1, Accuracy:76.3%
Trained Task:7, Loaded task:2, Accuracy:77.8%
Trained Task:7, Loaded task:3, Accuracy:73.1%
Trained Task:7, Loaded task:4, Accuracy:74.2%
Trained Task:7, Loaded task:5, Accuracy:69.8%
Trained Task:7, Loaded task:6, Accuracy:72.6%
Trained Task:7, Loaded task:7, Accuracy:67.3%
Trained Task:7, Avg. Accuracy: 74.4 

List of avg. accuracy: [83.6, 80.9, 79.1, 77.4, 76.9, 75.7, 75.3, 74.4]
Layer        : conv1_layer.0.weight
R.histogram  : tensor([4., 4., 3., 5., 6., 1., 3., 2., 2., 2.], device='cuda:0')
R_sum max/min: 3.3/0.9
F max  		: 20.00568389892578
O masx 		: 37.87103271484375
Layer        : conv2_layer.0.weight
R.histogram  : tensor([2., 1., 6., 5., 8., 4., 3., 0., 2., 1.], device='cuda:0')
R_sum max/min: 55.0/8.3
F max  		: 13.055683135986328
O masx 		: 28.27229118347168
Layer        : conv3_layer.0.weight
R.histogram  : tensor([45., 15.,  2.,  1.,  0.,  0.,  0.,  0.,  0.,  1.], device='cuda:0')
R_sum max/min: 288.0/11.7
F max  		: 11.045106887817383
O masx 		: 13.680887222290039
Layer        : conv4_layer.0.weight
R.histogram  : tensor([31., 17.,  6.,  2.,  1.,  3.,  0.,  2.,  1.,  1.], device='cuda:0')
R_sum max/min: 3064.2/37.3
F max  		: 5.594383716583252
O masx 		: 8.076184272766113
Layer        : fc1_layer.0.weight
R.histogram  : tensor([ 44.,  83.,  90.,  32.,  13., 244.,   2.,   2.,   1.,   1.],
       device='cuda:0')
R_sum max/min: 7125.3/822.2
F max  		: 0.5616062879562378
O masx 		: 0.8639678359031677
Mask histogram
conv1_layer.0.weight: 	 tensor([    0.,     0.,     0.,     0.,     0.,     0.,     0.,     0.,     0.,
        32768.,     0.], device='cuda:0')
conv2_layer.0.weight: 	 tensor([   0.,    0.,    0.,    0.,    0.,    0.,    0.,    0.,    0., 8192.,
           0.], device='cuda:0')
conv3_layer.0.weight: 	 tensor([   0., 1792., 1792., 2048., 2304., 3072., 2304.,  768., 2304.,    0.,
           0.], device='cuda:0')
conv4_layer.0.weight: 	 tensor([   0.,   64., 1728.,  128.,  128.,  448.,  128.,  768.,  704.,    0.,
           0.], device='cuda:0')
fc1_layer.0.weight: 	 tensor([  0.,  47., 147.,  69.,   6.,   6.,   8., 178.,  51.,   0.,   0.],
       device='cuda:0')
Head Finetuning    :Task: 8,	 Epoch: 0/40,	 Avg.loss: 0.0032,	 Test Accuracy: 115/1000(12%)
Head Finetuning    :Task: 8,	 Epoch: 1/40,	 Avg.loss: 0.0030,	 Test Accuracy: 125/1000(13%)
Head Finetuning    :Task: 8,	 Epoch: 2/40,	 Avg.loss: 0.0029,	 Test Accuracy: 125/1000(13%)
Head Finetuning    :Task: 8,	 Epoch: 3/40,	 Avg.loss: 0.0028,	 Test Accuracy: 118/1000(12%)
Head Finetuning    :Task: 8,	 Epoch: 4/40,	 Avg.loss: 0.0028,	 Test Accuracy: 117/1000(12%)
Head Finetuning    :Task: 8,	 Epoch: 5/40,	 Avg.loss: 0.0027,	 Test Accuracy: 114/1000(11%)
Head Finetuning    :Task: 8,	 Epoch: 6/40,	 Avg.loss: 0.0027,	 Test Accuracy: 115/1000(12%)
Head Finetuning    :Task: 8,	 Epoch: 7/40,	 Avg.loss: 0.0026,	 Test Accuracy: 116/1000(12%)
Head Finetuning    :Task: 8,	 Epoch: 8/40,	 Avg.loss: 0.0026,	 Test Accuracy: 115/1000(12%)
Head Finetuning    :Task: 8,	 Epoch: 9/40,	 Avg.loss: 0.0026,	 Test Accuracy: 115/1000(12%)
Head Finetuning    :Task: 8,	 Epoch: 10/40,	 Avg.loss: 0.0025,	 Test Accuracy: 123/1000(12%)
Head Finetuning    :Task: 8,	 Epoch: 11/40,	 Avg.loss: 0.0025,	 Test Accuracy: 126/1000(13%)
Head Finetuning    :Task: 8,	 Epoch: 12/40,	 Avg.loss: 0.0025,	 Test Accuracy: 125/1000(13%)
Head Finetuning    :Task: 8,	 Epoch: 13/40,	 Avg.loss: 0.0025,	 Test Accuracy: 121/1000(12%)
Head Finetuning    :Task: 8,	 Epoch: 14/40,	 Avg.loss: 0.0025,	 Test Accuracy: 119/1000(12%)
Task: 8,	 Epoch: 0/40,	 Avg.loss: 0.0014,	 Test Accuracy: 493/1000(49%)
Task: 8,	 Epoch: 1/40,	 Avg.loss: 0.0013,	 Test Accuracy: 550/1000(55%)
Task: 8,	 Epoch: 2/40,	 Avg.loss: 0.0011,	 Test Accuracy: 618/1000(62%)
Task: 8,	 Epoch: 3/40,	 Avg.loss: 0.0010,	 Test Accuracy: 652/1000(65%)
Task: 8,	 Epoch: 4/40,	 Avg.loss: 0.0010,	 Test Accuracy: 669/1000(67%)
Task: 8,	 Epoch: 5/40,	 Avg.loss: 0.0011,	 Test Accuracy: 637/1000(64%)
Task: 8,	 Epoch: 6/40,	 Avg.loss: 0.0009,	 Test Accuracy: 692/1000(69%)
Task: 8,	 Epoch: 7/40,	 Avg.loss: 0.0010,	 Test Accuracy: 675/1000(68%)
Task: 8,	 Epoch: 8/40,	 Avg.loss: 0.0009,	 Test Accuracy: 696/1000(70%)
Task: 8,	 Epoch: 9/40,	 Avg.loss: 0.0009,	 Test Accuracy: 683/1000(68%)
Task: 8,	 Epoch: 10/40,	 Avg.loss: 0.0009,	 Test Accuracy: 683/1000(68%)
Task: 8,	 Epoch: 11/40,	 Avg.loss: 0.0009,	 Test Accuracy: 691/1000(69%)
Task: 8,	 Epoch: 12/40,	 Avg.loss: 0.0009,	 Test Accuracy: 714/1000(71%)
Task: 8,	 Epoch: 13/40,	 Avg.loss: 0.0010,	 Test Accuracy: 671/1000(67%)
Task: 8,	 Epoch: 14/40,	 Avg.loss: 0.0010,	 Test Accuracy: 679/1000(68%)
Task: 8,	 Epoch: 15/40,	 Avg.loss: 0.0010,	 Test Accuracy: 649/1000(65%)
Task: 8,	 Epoch: 16/40,	 Avg.loss: 0.0009,	 Test Accuracy: 673/1000(67%)
Task: 8,	 Epoch: 17/40,	 Avg.loss: 0.0008,	 Test Accuracy: 724/1000(72%)
Task: 8,	 Epoch: 18/40,	 Avg.loss: 0.0009,	 Test Accuracy: 705/1000(70%)
Task: 8,	 Epoch: 19/40,	 Avg.loss: 0.0008,	 Test Accuracy: 716/1000(72%)
Task: 8,	 Epoch: 20/40,	 Avg.loss: 0.0008,	 Test Accuracy: 728/1000(73%)
Task: 8,	 Epoch: 21/40,	 Avg.loss: 0.0008,	 Test Accuracy: 719/1000(72%)
Task: 8,	 Epoch: 22/40,	 Avg.loss: 0.0008,	 Test Accuracy: 720/1000(72%)
Task: 8,	 Epoch: 23/40,	 Avg.loss: 0.0008,	 Test Accuracy: 722/1000(72%)
Task: 8,	 Epoch: 24/40,	 Avg.loss: 0.0008,	 Test Accuracy: 724/1000(72%)
Task: 8,	 Epoch: 25/40,	 Avg.loss: 0.0008,	 Test Accuracy: 721/1000(72%)
Task: 8,	 Epoch: 26/40,	 Avg.loss: 0.0008,	 Test Accuracy: 727/1000(73%)
Task: 8,	 Epoch: 27/40,	 Avg.loss: 0.0008,	 Test Accuracy: 729/1000(73%)
Task: 8,	 Epoch: 28/40,	 Avg.loss: 0.0008,	 Test Accuracy: 716/1000(72%)
Task: 8,	 Epoch: 29/40,	 Avg.loss: 0.0008,	 Test Accuracy: 720/1000(72%)
Task: 8,	 Epoch: 30/40,	 Avg.loss: 0.0008,	 Test Accuracy: 721/1000(72%)
Task: 8,	 Epoch: 31/40,	 Avg.loss: 0.0008,	 Test Accuracy: 726/1000(73%)
Task: 8,	 Epoch: 32/40,	 Avg.loss: 0.0008,	 Test Accuracy: 734/1000(73%)
Task: 8,	 Epoch: 33/40,	 Avg.loss: 0.0008,	 Test Accuracy: 729/1000(73%)
Task: 8,	 Epoch: 34/40,	 Avg.loss: 0.0008,	 Test Accuracy: 726/1000(73%)
Task: 8,	 Epoch: 35/40,	 Avg.loss: 0.0008,	 Test Accuracy: 722/1000(72%)
Task: 8,	 Epoch: 36/40,	 Avg.loss: 0.0008,	 Test Accuracy: 729/1000(73%)
Task: 8,	 Epoch: 37/40,	 Avg.loss: 0.0008,	 Test Accuracy: 727/1000(73%)
Task: 8,	 Epoch: 38/40,	 Avg.loss: 0.0008,	 Test Accuracy: 731/1000(73%)
Task: 8,	 Epoch: 39/40,	 Avg.loss: 0.0008,	 Test Accuracy: 728/1000(73%)
Trained Task:8, Loaded task:0, Accuracy:83.9%
Trained Task:8, Loaded task:1, Accuracy:75.9%
Trained Task:8, Loaded task:2, Accuracy:77.2%
Trained Task:8, Loaded task:3, Accuracy:73.0%
Trained Task:8, Loaded task:4, Accuracy:73.2%
Trained Task:8, Loaded task:5, Accuracy:70.6%
Trained Task:8, Loaded task:6, Accuracy:72.1%
Trained Task:8, Loaded task:7, Accuracy:67.9%
Trained Task:8, Loaded task:8, Accuracy:72.8%
Trained Task:8, Avg. Accuracy: 74.1 

List of avg. accuracy: [83.6, 80.9, 79.1, 77.4, 76.9, 75.7, 75.3, 74.4, 74.1]
Layer        : conv1_layer.0.weight
R.histogram  : tensor([6., 6., 7., 4., 3., 2., 1., 1., 1., 1.], device='cuda:0')
R_sum max/min: 5.8/1.5
F max  		: 21.203054428100586
O masx 		: 40.26418685913086
Layer        : conv2_layer.0.weight
R.histogram  : tensor([3., 1., 4., 9., 5., 3., 1., 1., 3., 2.], device='cuda:0')
R_sum max/min: 59.8/11.2
F max  		: 15.072776794433594
O masx 		: 29.494918823242188
Layer        : conv3_layer.0.weight
R.histogram  : tensor([42., 14.,  3.,  3.,  0.,  1.,  0.,  0.,  0.,  1.], device='cuda:0')
R_sum max/min: 288.0/14.5
F max  		: 9.87541675567627
O masx 		: 14.54310131072998
Layer        : conv4_layer.0.weight
R.histogram  : tensor([26., 13.,  8.,  4.,  3.,  3.,  2.,  1.,  1.,  3.], device='cuda:0')
R_sum max/min: 1658.1/51.9
F max  		: 7.861570835113525
O masx 		: 8.076184272766113
Layer        : fc1_layer.0.weight
R.histogram  : tensor([  9.,  73.,  67.,  73.,  27.,  12., 246.,   2.,   0.,   3.],
       device='cuda:0')
R_sum max/min: 5818.0/729.5
F max  		: 0.7719557881355286
O masx 		: 0.8944580554962158
Mask histogram
conv1_layer.0.weight: 	 tensor([    0.,     0.,     0.,     0.,     0.,     0.,     0.,     0.,     0.,
            0., 32768.], device='cuda:0')
conv2_layer.0.weight: 	 tensor([   0.,    0.,    0.,    0.,    0.,    0.,    0.,    0.,    0.,    0.,
        8192.], device='cuda:0')
conv3_layer.0.weight: 	 tensor([   0., 1536.,  512., 2560., 2048., 3840., 1792., 1536.,  256., 2304.,
           0.], device='cuda:0')
conv4_layer.0.weight: 	 tensor([   0.,    0., 1536.,  384.,   64.,  128.,  384.,  320.,  704.,  576.,
           0.], device='cuda:0')
fc1_layer.0.weight: 	 tensor([  0.,  45., 144.,  69.,   8.,   5.,   4.,   8., 178.,  51.,   0.],
       device='cuda:0')
Head Finetuning    :Task: 9,	 Epoch: 0/40,	 Avg.loss: 0.0038,	 Test Accuracy: 97/1000(10%)
Head Finetuning    :Task: 9,	 Epoch: 1/40,	 Avg.loss: 0.0035,	 Test Accuracy: 95/1000(10%)
Head Finetuning    :Task: 9,	 Epoch: 2/40,	 Avg.loss: 0.0033,	 Test Accuracy: 93/1000(9%)
Head Finetuning    :Task: 9,	 Epoch: 3/40,	 Avg.loss: 0.0031,	 Test Accuracy: 99/1000(10%)
Head Finetuning    :Task: 9,	 Epoch: 4/40,	 Avg.loss: 0.0030,	 Test Accuracy: 104/1000(10%)
Head Finetuning    :Task: 9,	 Epoch: 5/40,	 Avg.loss: 0.0029,	 Test Accuracy: 111/1000(11%)
Head Finetuning    :Task: 9,	 Epoch: 6/40,	 Avg.loss: 0.0028,	 Test Accuracy: 120/1000(12%)
Head Finetuning    :Task: 9,	 Epoch: 7/40,	 Avg.loss: 0.0028,	 Test Accuracy: 120/1000(12%)
Head Finetuning    :Task: 9,	 Epoch: 8/40,	 Avg.loss: 0.0027,	 Test Accuracy: 119/1000(12%)
Head Finetuning    :Task: 9,	 Epoch: 9/40,	 Avg.loss: 0.0027,	 Test Accuracy: 124/1000(12%)
Head Finetuning    :Task: 9,	 Epoch: 10/40,	 Avg.loss: 0.0026,	 Test Accuracy: 130/1000(13%)
Head Finetuning    :Task: 9,	 Epoch: 11/40,	 Avg.loss: 0.0026,	 Test Accuracy: 135/1000(14%)
Head Finetuning    :Task: 9,	 Epoch: 12/40,	 Avg.loss: 0.0026,	 Test Accuracy: 133/1000(13%)
Head Finetuning    :Task: 9,	 Epoch: 13/40,	 Avg.loss: 0.0026,	 Test Accuracy: 135/1000(14%)
Head Finetuning    :Task: 9,	 Epoch: 14/40,	 Avg.loss: 0.0025,	 Test Accuracy: 140/1000(14%)
Task: 9,	 Epoch: 0/40,	 Avg.loss: 0.0013,	 Test Accuracy: 544/1000(54%)
Task: 9,	 Epoch: 1/40,	 Avg.loss: 0.0012,	 Test Accuracy: 607/1000(61%)
Task: 9,	 Epoch: 2/40,	 Avg.loss: 0.0012,	 Test Accuracy: 588/1000(59%)
Task: 9,	 Epoch: 3/40,	 Avg.loss: 0.0012,	 Test Accuracy: 601/1000(60%)
Task: 9,	 Epoch: 4/40,	 Avg.loss: 0.0010,	 Test Accuracy: 638/1000(64%)
Task: 9,	 Epoch: 5/40,	 Avg.loss: 0.0011,	 Test Accuracy: 649/1000(65%)
Task: 9,	 Epoch: 6/40,	 Avg.loss: 0.0011,	 Test Accuracy: 631/1000(63%)
Task: 9,	 Epoch: 7/40,	 Avg.loss: 0.0012,	 Test Accuracy: 620/1000(62%)
Task: 9,	 Epoch: 8/40,	 Avg.loss: 0.0010,	 Test Accuracy: 661/1000(66%)
Task: 9,	 Epoch: 9/40,	 Avg.loss: 0.0010,	 Test Accuracy: 657/1000(66%)
Task: 9,	 Epoch: 10/40,	 Avg.loss: 0.0010,	 Test Accuracy: 666/1000(67%)
Task: 9,	 Epoch: 11/40,	 Avg.loss: 0.0010,	 Test Accuracy: 668/1000(67%)
Task: 9,	 Epoch: 12/40,	 Avg.loss: 0.0010,	 Test Accuracy: 668/1000(67%)
Task: 9,	 Epoch: 13/40,	 Avg.loss: 0.0010,	 Test Accuracy: 668/1000(67%)
Task: 9,	 Epoch: 14/40,	 Avg.loss: 0.0010,	 Test Accuracy: 675/1000(68%)
Task: 9,	 Epoch: 15/40,	 Avg.loss: 0.0010,	 Test Accuracy: 670/1000(67%)
Task: 9,	 Epoch: 16/40,	 Avg.loss: 0.0010,	 Test Accuracy: 656/1000(66%)
Task: 9,	 Epoch: 17/40,	 Avg.loss: 0.0009,	 Test Accuracy: 684/1000(68%)
Task: 9,	 Epoch: 18/40,	 Avg.loss: 0.0011,	 Test Accuracy: 629/1000(63%)
Task: 9,	 Epoch: 19/40,	 Avg.loss: 0.0009,	 Test Accuracy: 681/1000(68%)
Task: 9,	 Epoch: 20/40,	 Avg.loss: 0.0009,	 Test Accuracy: 703/1000(70%)
Task: 9,	 Epoch: 21/40,	 Avg.loss: 0.0009,	 Test Accuracy: 698/1000(70%)
Task: 9,	 Epoch: 22/40,	 Avg.loss: 0.0009,	 Test Accuracy: 698/1000(70%)
Task: 9,	 Epoch: 23/40,	 Avg.loss: 0.0009,	 Test Accuracy: 700/1000(70%)
Task: 9,	 Epoch: 24/40,	 Avg.loss: 0.0009,	 Test Accuracy: 705/1000(70%)
Task: 9,	 Epoch: 25/40,	 Avg.loss: 0.0009,	 Test Accuracy: 705/1000(70%)
Task: 9,	 Epoch: 26/40,	 Avg.loss: 0.0009,	 Test Accuracy: 704/1000(70%)
Task: 9,	 Epoch: 27/40,	 Avg.loss: 0.0009,	 Test Accuracy: 700/1000(70%)
Task: 9,	 Epoch: 28/40,	 Avg.loss: 0.0009,	 Test Accuracy: 706/1000(71%)
Task: 9,	 Epoch: 29/40,	 Avg.loss: 0.0009,	 Test Accuracy: 699/1000(70%)
Task: 9,	 Epoch: 30/40,	 Avg.loss: 0.0009,	 Test Accuracy: 700/1000(70%)
Task: 9,	 Epoch: 31/40,	 Avg.loss: 0.0009,	 Test Accuracy: 706/1000(71%)
Task: 9,	 Epoch: 32/40,	 Avg.loss: 0.0009,	 Test Accuracy: 704/1000(70%)
Task: 9,	 Epoch: 33/40,	 Avg.loss: 0.0009,	 Test Accuracy: 698/1000(70%)
Task: 9,	 Epoch: 34/40,	 Avg.loss: 0.0009,	 Test Accuracy: 698/1000(70%)
Task: 9,	 Epoch: 35/40,	 Avg.loss: 0.0009,	 Test Accuracy: 701/1000(70%)
Task: 9,	 Epoch: 36/40,	 Avg.loss: 0.0009,	 Test Accuracy: 701/1000(70%)
Task: 9,	 Epoch: 37/40,	 Avg.loss: 0.0009,	 Test Accuracy: 703/1000(70%)
Task: 9,	 Epoch: 38/40,	 Avg.loss: 0.0009,	 Test Accuracy: 701/1000(70%)
Task: 9,	 Epoch: 39/40,	 Avg.loss: 0.0009,	 Test Accuracy: 704/1000(70%)
Trained Task:9, Loaded task:0, Accuracy:84.5%
Trained Task:9, Loaded task:1, Accuracy:75.4%
Trained Task:9, Loaded task:2, Accuracy:76.9%
Trained Task:9, Loaded task:3, Accuracy:73.1%
Trained Task:9, Loaded task:4, Accuracy:72.5%
Trained Task:9, Loaded task:5, Accuracy:69.5%
Trained Task:9, Loaded task:6, Accuracy:72.7%
Trained Task:9, Loaded task:7, Accuracy:67.2%
Trained Task:9, Loaded task:8, Accuracy:71.8%
Trained Task:9, Loaded task:9, Accuracy:70.4%
Trained Task:9, Avg. Accuracy: 73.4 

List of avg. accuracy: [83.6, 80.9, 79.1, 77.4, 76.9, 75.7, 75.3, 74.4, 74.1, 73.4]
PATH:     /home/sanghyun/Documents/CL/ISG/results/03-30-2021-18:26/
