Layer        : conv1_layer.0.weight
R.histogram  : tensor([10.,  8.,  4.,  4.,  2.,  1.,  2.,  0.,  0.,  1.], device='cuda:0')
R_sum max/min: 1720.5/212.7
F max  		: 0.43087276816368103
O masx 		: 0.0
Layer        : conv2_layer.0.weight
R.histogram  : tensor([7., 9., 2., 4., 3., 2., 4., 0., 0., 1.], device='cuda:0')
R_sum max/min: 8492.4/933.9
F max  		: 0.23633742332458496
O masx 		: 0.0
Layer        : conv3_layer.0.weight
R.histogram  : tensor([17., 24., 13.,  5.,  2.,  0.,  2.,  0.,  0.,  1.], device='cuda:0')
R_sum max/min: 11529.3/288.0
F max  		: 0.17740070819854736
O masx 		: 0.0
Layer        : conv4_layer.0.weight
R.histogram  : tensor([13., 18., 10.,  5.,  6.,  4.,  2.,  3.,  2.,  1.], device='cuda:0')
R_sum max/min: 13030.5/576.0
F max  		: 0.09745416790246964
O masx 		: 0.0
Layer        : fc1_layer.0.weight
R.histogram  : tensor([318., 102.,  47.,  21.,  12.,   7.,   2.,   1.,   0.,   2.],
       device='cuda:0')
R_sum max/min: 98270.8/4096.0
F max  		: 0.00582728860899806
O masx 		: 0.0
Mask histogram
conv1_layer.0.weight: 	 tensor([    0., 32768.,     0.,     0.,     0.,     0.,     0.,     0.,     0.,
            0.,     0.], device='cuda:0')
conv2_layer.0.weight: 	 tensor([   0., 8192.,    0.,    0.,    0.,    0.,    0.,    0.,    0.,    0.,
           0.], device='cuda:0')
conv3_layer.0.weight: 	 tensor([ 3328., 13056.,     0.,     0.,     0.,     0.,     0.,     0.,     0.,
            0.,     0.], device='cuda:0')
conv4_layer.0.weight: 	 tensor([ 832., 3264.,    0.,    0.,    0.,    0.,    0.,    0.,    0.,    0.,
           0.], device='cuda:0')
fc1_layer.0.weight: 	 tensor([103., 409.,   0.,   0.,   0.,   0.,   0.,   0.,   0.,   0.,   0.],
       device='cuda:0')
Head Finetuning    :Task: 0,	 Epoch: 0/40,	 Avg.loss: 0.0014,	 Test Accuracy: 555/1000(56%)
Head Finetuning    :Task: 0,	 Epoch: 1/40,	 Avg.loss: 0.0011,	 Test Accuracy: 621/1000(62%)
Head Finetuning    :Task: 0,	 Epoch: 2/40,	 Avg.loss: 0.0010,	 Test Accuracy: 640/1000(64%)
Head Finetuning    :Task: 0,	 Epoch: 3/40,	 Avg.loss: 0.0010,	 Test Accuracy: 664/1000(66%)
Head Finetuning    :Task: 0,	 Epoch: 4/40,	 Avg.loss: 0.0009,	 Test Accuracy: 667/1000(67%)
Head Finetuning    :Task: 0,	 Epoch: 5/40,	 Avg.loss: 0.0009,	 Test Accuracy: 675/1000(68%)
Head Finetuning    :Task: 0,	 Epoch: 6/40,	 Avg.loss: 0.0009,	 Test Accuracy: 679/1000(68%)
Head Finetuning    :Task: 0,	 Epoch: 7/40,	 Avg.loss: 0.0009,	 Test Accuracy: 682/1000(68%)
Head Finetuning    :Task: 0,	 Epoch: 8/40,	 Avg.loss: 0.0009,	 Test Accuracy: 692/1000(69%)
Head Finetuning    :Task: 0,	 Epoch: 9/40,	 Avg.loss: 0.0009,	 Test Accuracy: 697/1000(70%)
Head Finetuning    :Task: 0,	 Epoch: 10/40,	 Avg.loss: 0.0009,	 Test Accuracy: 698/1000(70%)
Head Finetuning    :Task: 0,	 Epoch: 11/40,	 Avg.loss: 0.0009,	 Test Accuracy: 708/1000(71%)
Head Finetuning    :Task: 0,	 Epoch: 12/40,	 Avg.loss: 0.0009,	 Test Accuracy: 706/1000(71%)
Head Finetuning    :Task: 0,	 Epoch: 13/40,	 Avg.loss: 0.0009,	 Test Accuracy: 696/1000(70%)
Head Finetuning    :Task: 0,	 Epoch: 14/40,	 Avg.loss: 0.0009,	 Test Accuracy: 705/1000(70%)
Task: 0,	 Epoch: 0/40,	 Avg.loss: 0.0008,	 Test Accuracy: 730/1000(73%)
Task: 0,	 Epoch: 1/40,	 Avg.loss: 0.0008,	 Test Accuracy: 741/1000(74%)
Task: 0,	 Epoch: 2/40,	 Avg.loss: 0.0007,	 Test Accuracy: 759/1000(76%)
Task: 0,	 Epoch: 3/40,	 Avg.loss: 0.0006,	 Test Accuracy: 801/1000(80%)
Task: 0,	 Epoch: 4/40,	 Avg.loss: 0.0006,	 Test Accuracy: 782/1000(78%)
Task: 0,	 Epoch: 5/40,	 Avg.loss: 0.0006,	 Test Accuracy: 821/1000(82%)
Task: 0,	 Epoch: 6/40,	 Avg.loss: 0.0006,	 Test Accuracy: 827/1000(83%)
Task: 0,	 Epoch: 7/40,	 Avg.loss: 0.0006,	 Test Accuracy: 808/1000(81%)
Task: 0,	 Epoch: 8/40,	 Avg.loss: 0.0006,	 Test Accuracy: 823/1000(82%)
Task: 0,	 Epoch: 9/40,	 Avg.loss: 0.0006,	 Test Accuracy: 824/1000(82%)
Task: 0,	 Epoch: 10/40,	 Avg.loss: 0.0006,	 Test Accuracy: 824/1000(82%)
Task: 0,	 Epoch: 11/40,	 Avg.loss: 0.0005,	 Test Accuracy: 852/1000(85%)
Task: 0,	 Epoch: 12/40,	 Avg.loss: 0.0006,	 Test Accuracy: 817/1000(82%)
Task: 0,	 Epoch: 13/40,	 Avg.loss: 0.0006,	 Test Accuracy: 830/1000(83%)
Task: 0,	 Epoch: 14/40,	 Avg.loss: 0.0006,	 Test Accuracy: 839/1000(84%)
Task: 0,	 Epoch: 15/40,	 Avg.loss: 0.0006,	 Test Accuracy: 830/1000(83%)
Task: 0,	 Epoch: 16/40,	 Avg.loss: 0.0006,	 Test Accuracy: 831/1000(83%)
Task: 0,	 Epoch: 17/40,	 Avg.loss: 0.0006,	 Test Accuracy: 831/1000(83%)
Task: 0,	 Epoch: 18/40,	 Avg.loss: 0.0006,	 Test Accuracy: 844/1000(84%)
Task: 0,	 Epoch: 19/40,	 Avg.loss: 0.0006,	 Test Accuracy: 833/1000(83%)
Task: 0,	 Epoch: 20/40,	 Avg.loss: 0.0006,	 Test Accuracy: 835/1000(84%)
Task: 0,	 Epoch: 21/40,	 Avg.loss: 0.0006,	 Test Accuracy: 845/1000(85%)
Task: 0,	 Epoch: 22/40,	 Avg.loss: 0.0006,	 Test Accuracy: 840/1000(84%)
Task: 0,	 Epoch: 23/40,	 Avg.loss: 0.0006,	 Test Accuracy: 848/1000(85%)
Task: 0,	 Epoch: 24/40,	 Avg.loss: 0.0006,	 Test Accuracy: 853/1000(85%)
Task: 0,	 Epoch: 25/40,	 Avg.loss: 0.0006,	 Test Accuracy: 848/1000(85%)
Task: 0,	 Epoch: 26/40,	 Avg.loss: 0.0006,	 Test Accuracy: 848/1000(85%)
Task: 0,	 Epoch: 27/40,	 Avg.loss: 0.0006,	 Test Accuracy: 850/1000(85%)
Task: 0,	 Epoch: 28/40,	 Avg.loss: 0.0006,	 Test Accuracy: 853/1000(85%)
Task: 0,	 Epoch: 29/40,	 Avg.loss: 0.0006,	 Test Accuracy: 850/1000(85%)
Task: 0,	 Epoch: 30/40,	 Avg.loss: 0.0006,	 Test Accuracy: 850/1000(85%)
Task: 0,	 Epoch: 31/40,	 Avg.loss: 0.0006,	 Test Accuracy: 849/1000(85%)
Task: 0,	 Epoch: 32/40,	 Avg.loss: 0.0006,	 Test Accuracy: 851/1000(85%)
Task: 0,	 Epoch: 33/40,	 Avg.loss: 0.0006,	 Test Accuracy: 845/1000(85%)
Task: 0,	 Epoch: 34/40,	 Avg.loss: 0.0006,	 Test Accuracy: 847/1000(85%)
Task: 0,	 Epoch: 35/40,	 Avg.loss: 0.0006,	 Test Accuracy: 848/1000(85%)
Task: 0,	 Epoch: 36/40,	 Avg.loss: 0.0006,	 Test Accuracy: 853/1000(85%)
Task: 0,	 Epoch: 37/40,	 Avg.loss: 0.0006,	 Test Accuracy: 848/1000(85%)
Task: 0,	 Epoch: 38/40,	 Avg.loss: 0.0006,	 Test Accuracy: 847/1000(85%)
Task: 0,	 Epoch: 39/40,	 Avg.loss: 0.0006,	 Test Accuracy: 851/1000(85%)
Trained Task:0, Loaded task:0, Accuracy:85.1%
Trained Task:0, Avg. Accuracy: 85.1 

List of avg. accuracy: [85.1]
Layer        : conv1_layer.0.weight
R.histogram  : tensor([5., 5., 4., 5., 3., 4., 1., 3., 1., 1.], device='cuda:0')
R_sum max/min: 0.6/0.2
F max  		: 1.5125235319137573
O masx 		: 25.792461395263672
Layer        : conv2_layer.0.weight
R.histogram  : tensor([5., 2., 4., 5., 4., 6., 1., 0., 1., 4.], device='cuda:0')
R_sum max/min: 9.4/2.8
F max  		: 0.9293829202651978
O masx 		: 12.579666137695312
Layer        : conv3_layer.0.weight
R.histogram  : tensor([54.,  1.,  2.,  1.,  2.,  3.,  0.,  0.,  0.,  1.], device='cuda:0')
R_sum max/min: 3015.5/2.1
F max  		: 0.5908220410346985
O masx 		: 7.362739562988281
Layer        : conv4_layer.0.weight
R.histogram  : tensor([16., 20., 12.,  4.,  5.,  0.,  1.,  0.,  4.,  2.], device='cuda:0')
R_sum max/min: 2387.3/202.8
F max  		: 0.3586239218711853
O masx 		: 7.487633228302002
Layer        : fc1_layer.0.weight
R.histogram  : tensor([ 57.,  67.,  60.,  34.,  18.,  15.,  11., 248.,   1.,   1.],
       device='cuda:0')
R_sum max/min: 5111.3/923.4
F max  		: 0.025080930441617966
O masx 		: 0.6300592422485352
Mask histogram
conv1_layer.0.weight: 	 tensor([    0.,     0., 32768.,     0.,     0.,     0.,     0.,     0.,     0.,
            0.,     0.], device='cuda:0')
conv2_layer.0.weight: 	 tensor([   0.,    0., 8192.,    0.,    0.,    0.,    0.,    0.,    0.,    0.,
           0.], device='cuda:0')
conv3_layer.0.weight: 	 tensor([   0., 6656., 9728.,    0.,    0.,    0.,    0.,    0.,    0.,    0.,
           0.], device='cuda:0')
conv4_layer.0.weight: 	 tensor([   0., 1664., 2432.,    0.,    0.,    0.,    0.,    0.,    0.,    0.,
           0.], device='cuda:0')
fc1_layer.0.weight: 	 tensor([  0., 206., 306.,   0.,   0.,   0.,   0.,   0.,   0.,   0.,   0.],
       device='cuda:0')
Head Finetuning    :Task: 1,	 Epoch: 0/40,	 Avg.loss: 0.0027,	 Test Accuracy: 122/1000(12%)
Head Finetuning    :Task: 1,	 Epoch: 1/40,	 Avg.loss: 0.0026,	 Test Accuracy: 139/1000(14%)
Head Finetuning    :Task: 1,	 Epoch: 2/40,	 Avg.loss: 0.0025,	 Test Accuracy: 155/1000(16%)
Head Finetuning    :Task: 1,	 Epoch: 3/40,	 Avg.loss: 0.0024,	 Test Accuracy: 182/1000(18%)
Head Finetuning    :Task: 1,	 Epoch: 4/40,	 Avg.loss: 0.0023,	 Test Accuracy: 192/1000(19%)
Head Finetuning    :Task: 1,	 Epoch: 5/40,	 Avg.loss: 0.0023,	 Test Accuracy: 202/1000(20%)
Head Finetuning    :Task: 1,	 Epoch: 6/40,	 Avg.loss: 0.0022,	 Test Accuracy: 212/1000(21%)
Head Finetuning    :Task: 1,	 Epoch: 7/40,	 Avg.loss: 0.0022,	 Test Accuracy: 225/1000(23%)
Head Finetuning    :Task: 1,	 Epoch: 8/40,	 Avg.loss: 0.0021,	 Test Accuracy: 237/1000(24%)
Head Finetuning    :Task: 1,	 Epoch: 9/40,	 Avg.loss: 0.0021,	 Test Accuracy: 245/1000(25%)
Head Finetuning    :Task: 1,	 Epoch: 10/40,	 Avg.loss: 0.0021,	 Test Accuracy: 255/1000(26%)
Head Finetuning    :Task: 1,	 Epoch: 11/40,	 Avg.loss: 0.0020,	 Test Accuracy: 264/1000(26%)
Head Finetuning    :Task: 1,	 Epoch: 12/40,	 Avg.loss: 0.0020,	 Test Accuracy: 269/1000(27%)
Head Finetuning    :Task: 1,	 Epoch: 13/40,	 Avg.loss: 0.0020,	 Test Accuracy: 285/1000(29%)
Head Finetuning    :Task: 1,	 Epoch: 14/40,	 Avg.loss: 0.0020,	 Test Accuracy: 291/1000(29%)
Task: 1,	 Epoch: 0/40,	 Avg.loss: 0.0012,	 Test Accuracy: 602/1000(60%)
Task: 1,	 Epoch: 1/40,	 Avg.loss: 0.0009,	 Test Accuracy: 709/1000(71%)
Task: 1,	 Epoch: 2/40,	 Avg.loss: 0.0009,	 Test Accuracy: 679/1000(68%)
Task: 1,	 Epoch: 3/40,	 Avg.loss: 0.0008,	 Test Accuracy: 717/1000(72%)
Task: 1,	 Epoch: 4/40,	 Avg.loss: 0.0008,	 Test Accuracy: 715/1000(72%)
Task: 1,	 Epoch: 5/40,	 Avg.loss: 0.0008,	 Test Accuracy: 719/1000(72%)
Task: 1,	 Epoch: 6/40,	 Avg.loss: 0.0008,	 Test Accuracy: 722/1000(72%)
Task: 1,	 Epoch: 7/40,	 Avg.loss: 0.0008,	 Test Accuracy: 705/1000(70%)
Task: 1,	 Epoch: 8/40,	 Avg.loss: 0.0008,	 Test Accuracy: 738/1000(74%)
Task: 1,	 Epoch: 9/40,	 Avg.loss: 0.0007,	 Test Accuracy: 737/1000(74%)
Task: 1,	 Epoch: 10/40,	 Avg.loss: 0.0008,	 Test Accuracy: 737/1000(74%)
Task: 1,	 Epoch: 11/40,	 Avg.loss: 0.0008,	 Test Accuracy: 746/1000(75%)
Task: 1,	 Epoch: 12/40,	 Avg.loss: 0.0007,	 Test Accuracy: 757/1000(76%)
Task: 1,	 Epoch: 13/40,	 Avg.loss: 0.0007,	 Test Accuracy: 754/1000(75%)
Task: 1,	 Epoch: 14/40,	 Avg.loss: 0.0007,	 Test Accuracy: 769/1000(77%)
Task: 1,	 Epoch: 15/40,	 Avg.loss: 0.0008,	 Test Accuracy: 748/1000(75%)
Task: 1,	 Epoch: 16/40,	 Avg.loss: 0.0007,	 Test Accuracy: 752/1000(75%)
Task: 1,	 Epoch: 17/40,	 Avg.loss: 0.0007,	 Test Accuracy: 760/1000(76%)
Task: 1,	 Epoch: 18/40,	 Avg.loss: 0.0007,	 Test Accuracy: 766/1000(77%)
Task: 1,	 Epoch: 19/40,	 Avg.loss: 0.0008,	 Test Accuracy: 745/1000(74%)
Task: 1,	 Epoch: 20/40,	 Avg.loss: 0.0007,	 Test Accuracy: 779/1000(78%)
Task: 1,	 Epoch: 21/40,	 Avg.loss: 0.0007,	 Test Accuracy: 778/1000(78%)
Task: 1,	 Epoch: 22/40,	 Avg.loss: 0.0007,	 Test Accuracy: 780/1000(78%)
Task: 1,	 Epoch: 23/40,	 Avg.loss: 0.0007,	 Test Accuracy: 785/1000(78%)
Task: 1,	 Epoch: 24/40,	 Avg.loss: 0.0007,	 Test Accuracy: 781/1000(78%)
Task: 1,	 Epoch: 25/40,	 Avg.loss: 0.0007,	 Test Accuracy: 785/1000(78%)
Task: 1,	 Epoch: 26/40,	 Avg.loss: 0.0007,	 Test Accuracy: 779/1000(78%)
Task: 1,	 Epoch: 27/40,	 Avg.loss: 0.0007,	 Test Accuracy: 776/1000(78%)
Task: 1,	 Epoch: 28/40,	 Avg.loss: 0.0007,	 Test Accuracy: 789/1000(79%)
Task: 1,	 Epoch: 29/40,	 Avg.loss: 0.0007,	 Test Accuracy: 779/1000(78%)
Task: 1,	 Epoch: 30/40,	 Avg.loss: 0.0007,	 Test Accuracy: 787/1000(79%)
Task: 1,	 Epoch: 31/40,	 Avg.loss: 0.0007,	 Test Accuracy: 784/1000(78%)
Task: 1,	 Epoch: 32/40,	 Avg.loss: 0.0007,	 Test Accuracy: 779/1000(78%)
Task: 1,	 Epoch: 33/40,	 Avg.loss: 0.0007,	 Test Accuracy: 775/1000(78%)
Task: 1,	 Epoch: 34/40,	 Avg.loss: 0.0007,	 Test Accuracy: 782/1000(78%)
Task: 1,	 Epoch: 35/40,	 Avg.loss: 0.0007,	 Test Accuracy: 783/1000(78%)
Task: 1,	 Epoch: 36/40,	 Avg.loss: 0.0007,	 Test Accuracy: 780/1000(78%)
Task: 1,	 Epoch: 37/40,	 Avg.loss: 0.0007,	 Test Accuracy: 783/1000(78%)
Task: 1,	 Epoch: 38/40,	 Avg.loss: 0.0007,	 Test Accuracy: 777/1000(78%)
Task: 1,	 Epoch: 39/40,	 Avg.loss: 0.0007,	 Test Accuracy: 777/1000(78%)
Trained Task:1, Loaded task:0, Accuracy:84.6%
Trained Task:1, Loaded task:1, Accuracy:77.7%
Trained Task:1, Avg. Accuracy: 81.2 

List of avg. accuracy: [85.1, 81.2]
Layer        : conv1_layer.0.weight
R.histogram  : tensor([3., 9., 8., 6., 3., 1., 1., 0., 0., 1.], device='cuda:0')
R_sum max/min: 1.5/0.1
F max  		: 4.002799034118652
O masx 		: 27.885690689086914
Layer        : conv2_layer.0.weight
R.histogram  : tensor([ 4., 13.,  9.,  3.,  2.,  0.,  0.,  0.,  0.,  1.], device='cuda:0')
R_sum max/min: 19.4/3.3
F max  		: 1.5698107481002808
O masx 		: 15.128567695617676
Layer        : conv3_layer.0.weight
R.histogram  : tensor([58.,  4.,  0.,  0.,  0.,  0.,  0.,  0.,  0.,  2.], device='cuda:0')
R_sum max/min: 288.0/1.9
F max  		: 0.8223642110824585
O masx 		: 8.958197593688965
Layer        : conv4_layer.0.weight
R.histogram  : tensor([38., 12.,  7.,  2.,  1.,  1.,  1.,  0.,  1.,  1.], device='cuda:0')
R_sum max/min: 2172.3/24.3
F max  		: 0.5318087339401245
O masx 		: 7.487633228302002
Layer        : fc1_layer.0.weight
R.histogram  : tensor([162.,  11.,  38.,  27.,  17.,  10.,   2.,   4.,   0., 241.],
       device='cuda:0')
R_sum max/min: 4096.7/298.0
F max  		: 0.06441706418991089
O masx 		: 0.6300592422485352
Mask histogram
conv1_layer.0.weight: 	 tensor([    0.,     0.,     0., 32768.,     0.,     0.,     0.,     0.,     0.,
            0.,     0.], device='cuda:0')
conv2_layer.0.weight: 	 tensor([   0.,    0.,    0., 8192.,    0.,    0.,    0.,    0.,    0.,    0.,
           0.], device='cuda:0')
conv3_layer.0.weight: 	 tensor([   0., 1280., 7424., 7680.,    0.,    0.,    0.,    0.,    0.,    0.,
           0.], device='cuda:0')
conv4_layer.0.weight: 	 tensor([   0.,    0., 2496., 1600.,    0.,    0.,    0.,    0.,    0.,    0.,
           0.], device='cuda:0')
fc1_layer.0.weight: 	 tensor([  0.,   0., 309., 203.,   0.,   0.,   0.,   0.,   0.,   0.,   0.],
       device='cuda:0')
Head Finetuning    :Task: 2,	 Epoch: 0/40,	 Avg.loss: 0.0031,	 Test Accuracy: 99/1000(10%)
Head Finetuning    :Task: 2,	 Epoch: 1/40,	 Avg.loss: 0.0029,	 Test Accuracy: 99/1000(10%)
Head Finetuning    :Task: 2,	 Epoch: 2/40,	 Avg.loss: 0.0028,	 Test Accuracy: 109/1000(11%)
Head Finetuning    :Task: 2,	 Epoch: 3/40,	 Avg.loss: 0.0027,	 Test Accuracy: 115/1000(12%)
Head Finetuning    :Task: 2,	 Epoch: 4/40,	 Avg.loss: 0.0026,	 Test Accuracy: 123/1000(12%)
Head Finetuning    :Task: 2,	 Epoch: 5/40,	 Avg.loss: 0.0025,	 Test Accuracy: 126/1000(13%)
Head Finetuning    :Task: 2,	 Epoch: 6/40,	 Avg.loss: 0.0025,	 Test Accuracy: 131/1000(13%)
Head Finetuning    :Task: 2,	 Epoch: 7/40,	 Avg.loss: 0.0025,	 Test Accuracy: 139/1000(14%)
Head Finetuning    :Task: 2,	 Epoch: 8/40,	 Avg.loss: 0.0024,	 Test Accuracy: 150/1000(15%)
Head Finetuning    :Task: 2,	 Epoch: 9/40,	 Avg.loss: 0.0024,	 Test Accuracy: 160/1000(16%)
Head Finetuning    :Task: 2,	 Epoch: 10/40,	 Avg.loss: 0.0023,	 Test Accuracy: 167/1000(17%)
Head Finetuning    :Task: 2,	 Epoch: 11/40,	 Avg.loss: 0.0023,	 Test Accuracy: 174/1000(17%)
Head Finetuning    :Task: 2,	 Epoch: 12/40,	 Avg.loss: 0.0023,	 Test Accuracy: 183/1000(18%)
Head Finetuning    :Task: 2,	 Epoch: 13/40,	 Avg.loss: 0.0023,	 Test Accuracy: 198/1000(20%)
Head Finetuning    :Task: 2,	 Epoch: 14/40,	 Avg.loss: 0.0022,	 Test Accuracy: 209/1000(21%)
Task: 2,	 Epoch: 0/40,	 Avg.loss: 0.0010,	 Test Accuracy: 677/1000(68%)
Task: 2,	 Epoch: 1/40,	 Avg.loss: 0.0010,	 Test Accuracy: 697/1000(70%)
Task: 2,	 Epoch: 2/40,	 Avg.loss: 0.0009,	 Test Accuracy: 717/1000(72%)
Task: 2,	 Epoch: 3/40,	 Avg.loss: 0.0009,	 Test Accuracy: 744/1000(74%)
Task: 2,	 Epoch: 4/40,	 Avg.loss: 0.0008,	 Test Accuracy: 743/1000(74%)
Task: 2,	 Epoch: 5/40,	 Avg.loss: 0.0009,	 Test Accuracy: 727/1000(73%)
Task: 2,	 Epoch: 6/40,	 Avg.loss: 0.0008,	 Test Accuracy: 737/1000(74%)
Task: 2,	 Epoch: 7/40,	 Avg.loss: 0.0008,	 Test Accuracy: 731/1000(73%)
Task: 2,	 Epoch: 8/40,	 Avg.loss: 0.0008,	 Test Accuracy: 747/1000(75%)
Task: 2,	 Epoch: 9/40,	 Avg.loss: 0.0008,	 Test Accuracy: 739/1000(74%)
Task: 2,	 Epoch: 10/40,	 Avg.loss: 0.0008,	 Test Accuracy: 757/1000(76%)
Task: 2,	 Epoch: 11/40,	 Avg.loss: 0.0008,	 Test Accuracy: 735/1000(74%)
Task: 2,	 Epoch: 12/40,	 Avg.loss: 0.0008,	 Test Accuracy: 752/1000(75%)
Task: 2,	 Epoch: 13/40,	 Avg.loss: 0.0008,	 Test Accuracy: 741/1000(74%)
Task: 2,	 Epoch: 14/40,	 Avg.loss: 0.0008,	 Test Accuracy: 749/1000(75%)
Task: 2,	 Epoch: 15/40,	 Avg.loss: 0.0008,	 Test Accuracy: 757/1000(76%)
Task: 2,	 Epoch: 16/40,	 Avg.loss: 0.0008,	 Test Accuracy: 757/1000(76%)
Task: 2,	 Epoch: 17/40,	 Avg.loss: 0.0008,	 Test Accuracy: 746/1000(75%)
Task: 2,	 Epoch: 18/40,	 Avg.loss: 0.0007,	 Test Accuracy: 782/1000(78%)
Task: 2,	 Epoch: 19/40,	 Avg.loss: 0.0008,	 Test Accuracy: 767/1000(77%)
Task: 2,	 Epoch: 20/40,	 Avg.loss: 0.0007,	 Test Accuracy: 781/1000(78%)
Task: 2,	 Epoch: 21/40,	 Avg.loss: 0.0007,	 Test Accuracy: 783/1000(78%)
Task: 2,	 Epoch: 22/40,	 Avg.loss: 0.0007,	 Test Accuracy: 782/1000(78%)
Task: 2,	 Epoch: 23/40,	 Avg.loss: 0.0007,	 Test Accuracy: 784/1000(78%)
Task: 2,	 Epoch: 24/40,	 Avg.loss: 0.0007,	 Test Accuracy: 783/1000(78%)
Task: 2,	 Epoch: 25/40,	 Avg.loss: 0.0007,	 Test Accuracy: 788/1000(79%)
Task: 2,	 Epoch: 26/40,	 Avg.loss: 0.0007,	 Test Accuracy: 788/1000(79%)
Task: 2,	 Epoch: 27/40,	 Avg.loss: 0.0007,	 Test Accuracy: 786/1000(79%)
Task: 2,	 Epoch: 28/40,	 Avg.loss: 0.0007,	 Test Accuracy: 787/1000(79%)
Task: 2,	 Epoch: 29/40,	 Avg.loss: 0.0007,	 Test Accuracy: 787/1000(79%)
Task: 2,	 Epoch: 30/40,	 Avg.loss: 0.0007,	 Test Accuracy: 786/1000(79%)
Task: 2,	 Epoch: 31/40,	 Avg.loss: 0.0007,	 Test Accuracy: 780/1000(78%)
Task: 2,	 Epoch: 32/40,	 Avg.loss: 0.0007,	 Test Accuracy: 783/1000(78%)
Task: 2,	 Epoch: 33/40,	 Avg.loss: 0.0007,	 Test Accuracy: 789/1000(79%)
Task: 2,	 Epoch: 34/40,	 Avg.loss: 0.0007,	 Test Accuracy: 783/1000(78%)
Task: 2,	 Epoch: 35/40,	 Avg.loss: 0.0007,	 Test Accuracy: 790/1000(79%)
Task: 2,	 Epoch: 36/40,	 Avg.loss: 0.0007,	 Test Accuracy: 785/1000(78%)
Task: 2,	 Epoch: 37/40,	 Avg.loss: 0.0007,	 Test Accuracy: 789/1000(79%)
Task: 2,	 Epoch: 38/40,	 Avg.loss: 0.0007,	 Test Accuracy: 787/1000(79%)
Task: 2,	 Epoch: 39/40,	 Avg.loss: 0.0007,	 Test Accuracy: 785/1000(78%)
Trained Task:2, Loaded task:0, Accuracy:85.4%
Trained Task:2, Loaded task:1, Accuracy:77.7%
Trained Task:2, Loaded task:2, Accuracy:78.5%
Trained Task:2, Avg. Accuracy: 80.5 

List of avg. accuracy: [85.1, 81.2, 80.5]
Layer        : conv1_layer.0.weight
R.histogram  : tensor([2., 3., 7., 4., 3., 4., 3., 2., 2., 2.], device='cuda:0')
R_sum max/min: 0.9/0.2
F max  		: 3.293468952178955
O masx 		: 37.27906036376953
Layer        : conv2_layer.0.weight
R.histogram  : tensor([2., 2., 6., 4., 4., 4., 3., 1., 3., 3.], device='cuda:0')
R_sum max/min: 14.8/3.2
F max  		: 2.376469850540161
O masx 		: 17.55694007873535
Layer        : conv3_layer.0.weight
R.histogram  : tensor([62.,  0.,  0.,  0.,  0.,  0.,  0.,  0.,  0.,  2.], device='cuda:0')
R_sum max/min: 288.0/2.3
F max  		: 1.3271993398666382
O masx 		: 8.958197593688965
Layer        : conv4_layer.0.weight
R.histogram  : tensor([51.,  0.,  1.,  1.,  8.,  1.,  1.,  0.,  0.,  1.], device='cuda:0')
R_sum max/min: 1233.0/25.0
F max  		: 0.9280287623405457
O masx 		: 7.487633228302002
Layer        : fc1_layer.0.weight
R.histogram  : tensor([258.,  10.,   3.,   2.,   0.,   0.,   0.,   0.,   2., 237.],
       device='cuda:0')
R_sum max/min: 4096.1/294.0
F max  		: 0.06741254031658173
O masx 		: 0.7008768916130066
Mask histogram
conv1_layer.0.weight: 	 tensor([    0.,     0.,     0.,     0., 32768.,     0.,     0.,     0.,     0.,
            0.,     0.], device='cuda:0')
conv2_layer.0.weight: 	 tensor([   0.,    0.,    0.,    0., 8192.,    0.,    0.,    0.,    0.,    0.,
           0.], device='cuda:0')
conv3_layer.0.weight: 	 tensor([   0.,  768., 1024., 8960., 5632.,    0.,    0.,    0.,    0.,    0.,
           0.], device='cuda:0')
conv4_layer.0.weight: 	 tensor([   0.,    0.,  320., 2688., 1088.,    0.,    0.,    0.,    0.,    0.,
           0.], device='cuda:0')
fc1_layer.0.weight: 	 tensor([  0.,   0.,  82., 248., 182.,   0.,   0.,   0.,   0.,   0.,   0.],
       device='cuda:0')
Head Finetuning    :Task: 3,	 Epoch: 0/40,	 Avg.loss: 0.0033,	 Test Accuracy: 90/1000(9%)
Head Finetuning    :Task: 3,	 Epoch: 1/40,	 Avg.loss: 0.0030,	 Test Accuracy: 97/1000(10%)
Head Finetuning    :Task: 3,	 Epoch: 2/40,	 Avg.loss: 0.0028,	 Test Accuracy: 112/1000(11%)
Head Finetuning    :Task: 3,	 Epoch: 3/40,	 Avg.loss: 0.0027,	 Test Accuracy: 134/1000(13%)
Head Finetuning    :Task: 3,	 Epoch: 4/40,	 Avg.loss: 0.0026,	 Test Accuracy: 160/1000(16%)
Head Finetuning    :Task: 3,	 Epoch: 5/40,	 Avg.loss: 0.0025,	 Test Accuracy: 175/1000(18%)
Head Finetuning    :Task: 3,	 Epoch: 6/40,	 Avg.loss: 0.0025,	 Test Accuracy: 191/1000(19%)
Head Finetuning    :Task: 3,	 Epoch: 7/40,	 Avg.loss: 0.0024,	 Test Accuracy: 204/1000(20%)
Head Finetuning    :Task: 3,	 Epoch: 8/40,	 Avg.loss: 0.0023,	 Test Accuracy: 218/1000(22%)
Head Finetuning    :Task: 3,	 Epoch: 9/40,	 Avg.loss: 0.0023,	 Test Accuracy: 228/1000(23%)
Head Finetuning    :Task: 3,	 Epoch: 10/40,	 Avg.loss: 0.0023,	 Test Accuracy: 239/1000(24%)
Head Finetuning    :Task: 3,	 Epoch: 11/40,	 Avg.loss: 0.0022,	 Test Accuracy: 251/1000(25%)
Head Finetuning    :Task: 3,	 Epoch: 12/40,	 Avg.loss: 0.0022,	 Test Accuracy: 260/1000(26%)
Head Finetuning    :Task: 3,	 Epoch: 13/40,	 Avg.loss: 0.0021,	 Test Accuracy: 274/1000(27%)
Head Finetuning    :Task: 3,	 Epoch: 14/40,	 Avg.loss: 0.0021,	 Test Accuracy: 277/1000(28%)
Task: 3,	 Epoch: 0/40,	 Avg.loss: 0.0012,	 Test Accuracy: 602/1000(60%)
Task: 3,	 Epoch: 1/40,	 Avg.loss: 0.0013,	 Test Accuracy: 579/1000(58%)
Task: 3,	 Epoch: 2/40,	 Avg.loss: 0.0011,	 Test Accuracy: 647/1000(65%)
Task: 3,	 Epoch: 3/40,	 Avg.loss: 0.0010,	 Test Accuracy: 651/1000(65%)
Task: 3,	 Epoch: 4/40,	 Avg.loss: 0.0011,	 Test Accuracy: 634/1000(63%)
Task: 3,	 Epoch: 5/40,	 Avg.loss: 0.0010,	 Test Accuracy: 659/1000(66%)
Task: 3,	 Epoch: 6/40,	 Avg.loss: 0.0010,	 Test Accuracy: 678/1000(68%)
Task: 3,	 Epoch: 7/40,	 Avg.loss: 0.0010,	 Test Accuracy: 655/1000(66%)
Task: 3,	 Epoch: 8/40,	 Avg.loss: 0.0010,	 Test Accuracy: 670/1000(67%)
Task: 3,	 Epoch: 9/40,	 Avg.loss: 0.0010,	 Test Accuracy: 688/1000(69%)
Task: 3,	 Epoch: 10/40,	 Avg.loss: 0.0009,	 Test Accuracy: 697/1000(70%)
Task: 3,	 Epoch: 11/40,	 Avg.loss: 0.0009,	 Test Accuracy: 684/1000(68%)
Task: 3,	 Epoch: 12/40,	 Avg.loss: 0.0009,	 Test Accuracy: 706/1000(71%)
Task: 3,	 Epoch: 13/40,	 Avg.loss: 0.0009,	 Test Accuracy: 689/1000(69%)
Task: 3,	 Epoch: 14/40,	 Avg.loss: 0.0009,	 Test Accuracy: 704/1000(70%)
Task: 3,	 Epoch: 15/40,	 Avg.loss: 0.0010,	 Test Accuracy: 681/1000(68%)
Task: 3,	 Epoch: 16/40,	 Avg.loss: 0.0009,	 Test Accuracy: 683/1000(68%)
Task: 3,	 Epoch: 17/40,	 Avg.loss: 0.0009,	 Test Accuracy: 710/1000(71%)
Task: 3,	 Epoch: 18/40,	 Avg.loss: 0.0009,	 Test Accuracy: 692/1000(69%)
Task: 3,	 Epoch: 19/40,	 Avg.loss: 0.0010,	 Test Accuracy: 682/1000(68%)
Task: 3,	 Epoch: 20/40,	 Avg.loss: 0.0009,	 Test Accuracy: 734/1000(73%)
Task: 3,	 Epoch: 21/40,	 Avg.loss: 0.0008,	 Test Accuracy: 732/1000(73%)
Task: 3,	 Epoch: 22/40,	 Avg.loss: 0.0008,	 Test Accuracy: 730/1000(73%)
Task: 3,	 Epoch: 23/40,	 Avg.loss: 0.0008,	 Test Accuracy: 734/1000(73%)
Task: 3,	 Epoch: 24/40,	 Avg.loss: 0.0008,	 Test Accuracy: 727/1000(73%)
Task: 3,	 Epoch: 25/40,	 Avg.loss: 0.0008,	 Test Accuracy: 733/1000(73%)
Task: 3,	 Epoch: 26/40,	 Avg.loss: 0.0008,	 Test Accuracy: 736/1000(74%)
Task: 3,	 Epoch: 27/40,	 Avg.loss: 0.0008,	 Test Accuracy: 737/1000(74%)
Task: 3,	 Epoch: 28/40,	 Avg.loss: 0.0008,	 Test Accuracy: 737/1000(74%)
Task: 3,	 Epoch: 29/40,	 Avg.loss: 0.0008,	 Test Accuracy: 736/1000(74%)
Task: 3,	 Epoch: 30/40,	 Avg.loss: 0.0008,	 Test Accuracy: 731/1000(73%)
Task: 3,	 Epoch: 31/40,	 Avg.loss: 0.0008,	 Test Accuracy: 723/1000(72%)
Task: 3,	 Epoch: 32/40,	 Avg.loss: 0.0008,	 Test Accuracy: 727/1000(73%)
Task: 3,	 Epoch: 33/40,	 Avg.loss: 0.0008,	 Test Accuracy: 729/1000(73%)
Task: 3,	 Epoch: 34/40,	 Avg.loss: 0.0008,	 Test Accuracy: 737/1000(74%)
Task: 3,	 Epoch: 35/40,	 Avg.loss: 0.0008,	 Test Accuracy: 734/1000(73%)
Task: 3,	 Epoch: 36/40,	 Avg.loss: 0.0008,	 Test Accuracy: 738/1000(74%)
Task: 3,	 Epoch: 37/40,	 Avg.loss: 0.0008,	 Test Accuracy: 731/1000(73%)
Task: 3,	 Epoch: 38/40,	 Avg.loss: 0.0008,	 Test Accuracy: 737/1000(74%)
Task: 3,	 Epoch: 39/40,	 Avg.loss: 0.0008,	 Test Accuracy: 736/1000(74%)
Trained Task:3, Loaded task:0, Accuracy:85.4%
Trained Task:3, Loaded task:1, Accuracy:76.6%
Trained Task:3, Loaded task:2, Accuracy:78.0%
Trained Task:3, Loaded task:3, Accuracy:73.6%
Trained Task:3, Avg. Accuracy: 78.4 

List of avg. accuracy: [85.1, 81.2, 80.5, 78.4]
Layer        : conv1_layer.0.weight
R.histogram  : tensor([4., 1., 5., 8., 5., 4., 2., 2., 0., 1.], device='cuda:0')
R_sum max/min: 0.9/0.2
F max  		: 4.011107444763184
O masx 		: 39.567718505859375
Layer        : conv2_layer.0.weight
R.histogram  : tensor([1., 4., 6., 3., 9., 2., 2., 2., 2., 1.], device='cuda:0')
R_sum max/min: 16.7/2.7
F max  		: 2.9287619590759277
O masx 		: 19.604389190673828
Layer        : conv3_layer.0.weight
R.histogram  : tensor([62.,  0.,  0.,  0.,  0.,  0.,  0.,  0.,  0.,  2.], device='cuda:0')
R_sum max/min: 288.0/3.1
F max  		: 1.8339271545410156
O masx 		: 8.958197593688965
Layer        : conv4_layer.0.weight
R.histogram  : tensor([51.,  0.,  0.,  1.,  0.,  3.,  1.,  4.,  0.,  4.], device='cuda:0')
R_sum max/min: 576.0/24.6
F max  		: 1.170870065689087
O masx 		: 7.487633228302002
Layer        : fc1_layer.0.weight
R.histogram  : tensor([266.,   4.,   5.,   5.,   0.,   0.,   1.,   1., 229.,   1.],
       device='cuda:0')
R_sum max/min: 4698.8/316.7
F max  		: 0.1171213835477829
O masx 		: 0.7008768916130066
Mask histogram
conv1_layer.0.weight: 	 tensor([    0.,     0.,     0.,     0.,     0., 32768.,     0.,     0.,     0.,
            0.,     0.], device='cuda:0')
conv2_layer.0.weight: 	 tensor([   0.,    0.,    0.,    0.,    0., 8192.,    0.,    0.,    0.,    0.,
           0.], device='cuda:0')
conv3_layer.0.weight: 	 tensor([   0.,  512.,  512., 2816., 7424., 5120.,    0.,    0.,    0.,    0.,
           0.], device='cuda:0')
conv4_layer.0.weight: 	 tensor([   0.,    0.,   64.,  896., 2176.,  960.,    0.,    0.,    0.,    0.,
           0.], device='cuda:0')
fc1_layer.0.weight: 	 tensor([  0.,   0.,  55.,  71., 208., 178.,   0.,   0.,   0.,   0.,   0.],
       device='cuda:0')
Head Finetuning    :Task: 4,	 Epoch: 0/40,	 Avg.loss: 0.0033,	 Test Accuracy: 122/1000(12%)
Head Finetuning    :Task: 4,	 Epoch: 1/40,	 Avg.loss: 0.0030,	 Test Accuracy: 124/1000(12%)
Head Finetuning    :Task: 4,	 Epoch: 2/40,	 Avg.loss: 0.0029,	 Test Accuracy: 138/1000(14%)
Head Finetuning    :Task: 4,	 Epoch: 3/40,	 Avg.loss: 0.0027,	 Test Accuracy: 154/1000(15%)
Head Finetuning    :Task: 4,	 Epoch: 4/40,	 Avg.loss: 0.0026,	 Test Accuracy: 165/1000(16%)
Head Finetuning    :Task: 4,	 Epoch: 5/40,	 Avg.loss: 0.0025,	 Test Accuracy: 177/1000(18%)
Head Finetuning    :Task: 4,	 Epoch: 6/40,	 Avg.loss: 0.0025,	 Test Accuracy: 194/1000(19%)
Head Finetuning    :Task: 4,	 Epoch: 7/40,	 Avg.loss: 0.0024,	 Test Accuracy: 208/1000(21%)
Head Finetuning    :Task: 4,	 Epoch: 8/40,	 Avg.loss: 0.0023,	 Test Accuracy: 223/1000(22%)
Head Finetuning    :Task: 4,	 Epoch: 9/40,	 Avg.loss: 0.0023,	 Test Accuracy: 235/1000(24%)
Head Finetuning    :Task: 4,	 Epoch: 10/40,	 Avg.loss: 0.0022,	 Test Accuracy: 250/1000(25%)
Head Finetuning    :Task: 4,	 Epoch: 11/40,	 Avg.loss: 0.0022,	 Test Accuracy: 264/1000(26%)
Head Finetuning    :Task: 4,	 Epoch: 12/40,	 Avg.loss: 0.0021,	 Test Accuracy: 281/1000(28%)
Head Finetuning    :Task: 4,	 Epoch: 13/40,	 Avg.loss: 0.0021,	 Test Accuracy: 295/1000(30%)
Head Finetuning    :Task: 4,	 Epoch: 14/40,	 Avg.loss: 0.0021,	 Test Accuracy: 303/1000(30%)
Task: 4,	 Epoch: 0/40,	 Avg.loss: 0.0013,	 Test Accuracy: 580/1000(58%)
Task: 4,	 Epoch: 1/40,	 Avg.loss: 0.0010,	 Test Accuracy: 657/1000(66%)
Task: 4,	 Epoch: 2/40,	 Avg.loss: 0.0009,	 Test Accuracy: 705/1000(70%)
Task: 4,	 Epoch: 3/40,	 Avg.loss: 0.0010,	 Test Accuracy: 676/1000(68%)
Task: 4,	 Epoch: 4/40,	 Avg.loss: 0.0009,	 Test Accuracy: 722/1000(72%)
Task: 4,	 Epoch: 5/40,	 Avg.loss: 0.0009,	 Test Accuracy: 710/1000(71%)
Task: 4,	 Epoch: 6/40,	 Avg.loss: 0.0010,	 Test Accuracy: 698/1000(70%)
Task: 4,	 Epoch: 7/40,	 Avg.loss: 0.0009,	 Test Accuracy: 714/1000(71%)
Task: 4,	 Epoch: 8/40,	 Avg.loss: 0.0010,	 Test Accuracy: 682/1000(68%)
Task: 4,	 Epoch: 9/40,	 Avg.loss: 0.0009,	 Test Accuracy: 730/1000(73%)
Task: 4,	 Epoch: 10/40,	 Avg.loss: 0.0009,	 Test Accuracy: 720/1000(72%)
Task: 4,	 Epoch: 11/40,	 Avg.loss: 0.0008,	 Test Accuracy: 722/1000(72%)
Task: 4,	 Epoch: 12/40,	 Avg.loss: 0.0009,	 Test Accuracy: 712/1000(71%)
Task: 4,	 Epoch: 13/40,	 Avg.loss: 0.0008,	 Test Accuracy: 749/1000(75%)
Task: 4,	 Epoch: 14/40,	 Avg.loss: 0.0009,	 Test Accuracy: 731/1000(73%)
Task: 4,	 Epoch: 15/40,	 Avg.loss: 0.0008,	 Test Accuracy: 725/1000(72%)
Task: 4,	 Epoch: 16/40,	 Avg.loss: 0.0008,	 Test Accuracy: 754/1000(75%)
Task: 4,	 Epoch: 17/40,	 Avg.loss: 0.0008,	 Test Accuracy: 727/1000(73%)
Task: 4,	 Epoch: 18/40,	 Avg.loss: 0.0008,	 Test Accuracy: 724/1000(72%)
Task: 4,	 Epoch: 19/40,	 Avg.loss: 0.0008,	 Test Accuracy: 750/1000(75%)
Task: 4,	 Epoch: 20/40,	 Avg.loss: 0.0008,	 Test Accuracy: 763/1000(76%)
Task: 4,	 Epoch: 21/40,	 Avg.loss: 0.0008,	 Test Accuracy: 763/1000(76%)
Task: 4,	 Epoch: 22/40,	 Avg.loss: 0.0007,	 Test Accuracy: 766/1000(77%)
Task: 4,	 Epoch: 23/40,	 Avg.loss: 0.0008,	 Test Accuracy: 762/1000(76%)
Task: 4,	 Epoch: 24/40,	 Avg.loss: 0.0007,	 Test Accuracy: 764/1000(76%)
Task: 4,	 Epoch: 25/40,	 Avg.loss: 0.0007,	 Test Accuracy: 763/1000(76%)
Task: 4,	 Epoch: 26/40,	 Avg.loss: 0.0008,	 Test Accuracy: 762/1000(76%)
Task: 4,	 Epoch: 27/40,	 Avg.loss: 0.0007,	 Test Accuracy: 762/1000(76%)
Task: 4,	 Epoch: 28/40,	 Avg.loss: 0.0007,	 Test Accuracy: 769/1000(77%)
Task: 4,	 Epoch: 29/40,	 Avg.loss: 0.0007,	 Test Accuracy: 768/1000(77%)
Task: 4,	 Epoch: 30/40,	 Avg.loss: 0.0008,	 Test Accuracy: 756/1000(76%)
Task: 4,	 Epoch: 31/40,	 Avg.loss: 0.0007,	 Test Accuracy: 763/1000(76%)
Task: 4,	 Epoch: 32/40,	 Avg.loss: 0.0007,	 Test Accuracy: 765/1000(76%)
Task: 4,	 Epoch: 33/40,	 Avg.loss: 0.0008,	 Test Accuracy: 763/1000(76%)
Task: 4,	 Epoch: 34/40,	 Avg.loss: 0.0008,	 Test Accuracy: 765/1000(76%)
Task: 4,	 Epoch: 35/40,	 Avg.loss: 0.0008,	 Test Accuracy: 767/1000(77%)
Task: 4,	 Epoch: 36/40,	 Avg.loss: 0.0008,	 Test Accuracy: 761/1000(76%)
Task: 4,	 Epoch: 37/40,	 Avg.loss: 0.0007,	 Test Accuracy: 769/1000(77%)
Task: 4,	 Epoch: 38/40,	 Avg.loss: 0.0007,	 Test Accuracy: 774/1000(77%)
Task: 4,	 Epoch: 39/40,	 Avg.loss: 0.0007,	 Test Accuracy: 766/1000(77%)
Trained Task:4, Loaded task:0, Accuracy:84.5%
Trained Task:4, Loaded task:1, Accuracy:76.5%
Trained Task:4, Loaded task:2, Accuracy:77.9%
Trained Task:4, Loaded task:3, Accuracy:73.8%
Trained Task:4, Loaded task:4, Accuracy:76.6%
Trained Task:4, Avg. Accuracy: 77.9 

List of avg. accuracy: [85.1, 81.2, 80.5, 78.4, 77.9]
Layer        : conv1_layer.0.weight
R.histogram  : tensor([ 2.,  5., 11.,  6.,  3.,  3.,  0.,  1.,  0.,  1.], device='cuda:0')
R_sum max/min: 1.1/0.2
F max  		: 5.449855804443359
O masx 		: 41.52147674560547
Layer        : conv2_layer.0.weight
R.histogram  : tensor([3., 1., 2., 7., 8., 3., 1., 4., 2., 1.], device='cuda:0')
R_sum max/min: 15.0/3.0
F max  		: 3.322333812713623
O masx 		: 20.838647842407227
Layer        : conv3_layer.0.weight
R.histogram  : tensor([62.,  0.,  0.,  0.,  0.,  0.,  0.,  0.,  0.,  2.], device='cuda:0')
R_sum max/min: 288.0/2.9
F max  		: 1.5424898862838745
O masx 		: 9.437894821166992
Layer        : conv4_layer.0.weight
R.histogram  : tensor([51.,  2.,  0.,  3.,  3.,  0.,  0.,  0.,  4.,  1.], device='cuda:0')
R_sum max/min: 639.8/25.4
F max  		: 1.1447054147720337
O masx 		: 7.487633228302002
Layer        : fc1_layer.0.weight
R.histogram  : tensor([269.,   4.,   7.,   3.,   1.,   1.,   1., 225.,   0.,   1.],
       device='cuda:0')
R_sum max/min: 5414.1/301.3
F max  		: 0.08145280182361603
O masx 		: 0.7200726866722107
Mask histogram
conv1_layer.0.weight: 	 tensor([    0.,     0.,     0.,     0.,     0.,     0., 32768.,     0.,     0.,
            0.,     0.], device='cuda:0')
conv2_layer.0.weight: 	 tensor([   0.,    0.,    0.,    0.,    0.,    0., 8192.,    0.,    0.,    0.,
           0.], device='cuda:0')
conv3_layer.0.weight: 	 tensor([   0.,  512.,  256., 1280., 3072., 6400., 4864.,    0.,    0.,    0.,
           0.], device='cuda:0')
conv4_layer.0.weight: 	 tensor([   0.,    0.,   64.,  448.,  640., 2112.,  832.,    0.,    0.,    0.,
           0.], device='cuda:0')
fc1_layer.0.weight: 	 tensor([  0.,   0.,  36.,  59.,  54., 189., 174.,   0.,   0.,   0.,   0.],
       device='cuda:0')
Head Finetuning    :Task: 5,	 Epoch: 0/40,	 Avg.loss: 0.0039,	 Test Accuracy: 97/1000(10%)
Head Finetuning    :Task: 5,	 Epoch: 1/40,	 Avg.loss: 0.0035,	 Test Accuracy: 97/1000(10%)
Head Finetuning    :Task: 5,	 Epoch: 2/40,	 Avg.loss: 0.0033,	 Test Accuracy: 105/1000(11%)
Head Finetuning    :Task: 5,	 Epoch: 3/40,	 Avg.loss: 0.0031,	 Test Accuracy: 117/1000(12%)
Head Finetuning    :Task: 5,	 Epoch: 4/40,	 Avg.loss: 0.0029,	 Test Accuracy: 131/1000(13%)
Head Finetuning    :Task: 5,	 Epoch: 5/40,	 Avg.loss: 0.0028,	 Test Accuracy: 145/1000(15%)
Head Finetuning    :Task: 5,	 Epoch: 6/40,	 Avg.loss: 0.0027,	 Test Accuracy: 151/1000(15%)
Head Finetuning    :Task: 5,	 Epoch: 7/40,	 Avg.loss: 0.0026,	 Test Accuracy: 161/1000(16%)
Head Finetuning    :Task: 5,	 Epoch: 8/40,	 Avg.loss: 0.0025,	 Test Accuracy: 174/1000(17%)
Head Finetuning    :Task: 5,	 Epoch: 9/40,	 Avg.loss: 0.0025,	 Test Accuracy: 198/1000(20%)
Head Finetuning    :Task: 5,	 Epoch: 10/40,	 Avg.loss: 0.0024,	 Test Accuracy: 211/1000(21%)
Head Finetuning    :Task: 5,	 Epoch: 11/40,	 Avg.loss: 0.0023,	 Test Accuracy: 225/1000(23%)
Head Finetuning    :Task: 5,	 Epoch: 12/40,	 Avg.loss: 0.0023,	 Test Accuracy: 237/1000(24%)
Head Finetuning    :Task: 5,	 Epoch: 13/40,	 Avg.loss: 0.0022,	 Test Accuracy: 246/1000(25%)
Head Finetuning    :Task: 5,	 Epoch: 14/40,	 Avg.loss: 0.0022,	 Test Accuracy: 251/1000(25%)
Task: 5,	 Epoch: 0/40,	 Avg.loss: 0.0011,	 Test Accuracy: 620/1000(62%)
Task: 5,	 Epoch: 1/40,	 Avg.loss: 0.0009,	 Test Accuracy: 682/1000(68%)
Task: 5,	 Epoch: 2/40,	 Avg.loss: 0.0010,	 Test Accuracy: 655/1000(66%)
Task: 5,	 Epoch: 3/40,	 Avg.loss: 0.0009,	 Test Accuracy: 671/1000(67%)
Task: 5,	 Epoch: 4/40,	 Avg.loss: 0.0008,	 Test Accuracy: 707/1000(71%)
Task: 5,	 Epoch: 5/40,	 Avg.loss: 0.0009,	 Test Accuracy: 703/1000(70%)
Task: 5,	 Epoch: 6/40,	 Avg.loss: 0.0008,	 Test Accuracy: 707/1000(71%)
Task: 5,	 Epoch: 7/40,	 Avg.loss: 0.0008,	 Test Accuracy: 712/1000(71%)
Task: 5,	 Epoch: 8/40,	 Avg.loss: 0.0008,	 Test Accuracy: 708/1000(71%)
Task: 5,	 Epoch: 9/40,	 Avg.loss: 0.0008,	 Test Accuracy: 727/1000(73%)
Task: 5,	 Epoch: 10/40,	 Avg.loss: 0.0008,	 Test Accuracy: 712/1000(71%)
Task: 5,	 Epoch: 11/40,	 Avg.loss: 0.0008,	 Test Accuracy: 736/1000(74%)
Task: 5,	 Epoch: 12/40,	 Avg.loss: 0.0008,	 Test Accuracy: 737/1000(74%)
Task: 5,	 Epoch: 13/40,	 Avg.loss: 0.0008,	 Test Accuracy: 722/1000(72%)
Task: 5,	 Epoch: 14/40,	 Avg.loss: 0.0008,	 Test Accuracy: 693/1000(69%)
Task: 5,	 Epoch: 15/40,	 Avg.loss: 0.0008,	 Test Accuracy: 729/1000(73%)
Task: 5,	 Epoch: 16/40,	 Avg.loss: 0.0008,	 Test Accuracy: 732/1000(73%)
Task: 5,	 Epoch: 17/40,	 Avg.loss: 0.0008,	 Test Accuracy: 743/1000(74%)
Task: 5,	 Epoch: 18/40,	 Avg.loss: 0.0007,	 Test Accuracy: 739/1000(74%)
Task: 5,	 Epoch: 19/40,	 Avg.loss: 0.0008,	 Test Accuracy: 727/1000(73%)
Task: 5,	 Epoch: 20/40,	 Avg.loss: 0.0007,	 Test Accuracy: 765/1000(76%)
Task: 5,	 Epoch: 21/40,	 Avg.loss: 0.0007,	 Test Accuracy: 755/1000(76%)
Task: 5,	 Epoch: 22/40,	 Avg.loss: 0.0007,	 Test Accuracy: 758/1000(76%)
Task: 5,	 Epoch: 23/40,	 Avg.loss: 0.0007,	 Test Accuracy: 762/1000(76%)
Task: 5,	 Epoch: 24/40,	 Avg.loss: 0.0007,	 Test Accuracy: 767/1000(77%)
Task: 5,	 Epoch: 25/40,	 Avg.loss: 0.0007,	 Test Accuracy: 761/1000(76%)
Task: 5,	 Epoch: 26/40,	 Avg.loss: 0.0007,	 Test Accuracy: 757/1000(76%)
Task: 5,	 Epoch: 27/40,	 Avg.loss: 0.0007,	 Test Accuracy: 759/1000(76%)
Task: 5,	 Epoch: 28/40,	 Avg.loss: 0.0007,	 Test Accuracy: 760/1000(76%)
Task: 5,	 Epoch: 29/40,	 Avg.loss: 0.0007,	 Test Accuracy: 767/1000(77%)
Task: 5,	 Epoch: 30/40,	 Avg.loss: 0.0007,	 Test Accuracy: 758/1000(76%)
Task: 5,	 Epoch: 31/40,	 Avg.loss: 0.0007,	 Test Accuracy: 762/1000(76%)
Task: 5,	 Epoch: 32/40,	 Avg.loss: 0.0007,	 Test Accuracy: 764/1000(76%)
Task: 5,	 Epoch: 33/40,	 Avg.loss: 0.0007,	 Test Accuracy: 758/1000(76%)
Task: 5,	 Epoch: 34/40,	 Avg.loss: 0.0007,	 Test Accuracy: 765/1000(76%)
Task: 5,	 Epoch: 35/40,	 Avg.loss: 0.0007,	 Test Accuracy: 763/1000(76%)
Task: 5,	 Epoch: 36/40,	 Avg.loss: 0.0007,	 Test Accuracy: 770/1000(77%)
Task: 5,	 Epoch: 37/40,	 Avg.loss: 0.0007,	 Test Accuracy: 770/1000(77%)
Task: 5,	 Epoch: 38/40,	 Avg.loss: 0.0007,	 Test Accuracy: 761/1000(76%)
Task: 5,	 Epoch: 39/40,	 Avg.loss: 0.0007,	 Test Accuracy: 760/1000(76%)
Trained Task:5, Loaded task:0, Accuracy:84.4%
Trained Task:5, Loaded task:1, Accuracy:75.2%
Trained Task:5, Loaded task:2, Accuracy:75.2%
Trained Task:5, Loaded task:3, Accuracy:71.4%
Trained Task:5, Loaded task:4, Accuracy:74.7%
Trained Task:5, Loaded task:5, Accuracy:76.0%
Trained Task:5, Avg. Accuracy: 76.2 

List of avg. accuracy: [85.1, 81.2, 80.5, 78.4, 77.9, 76.2]
Layer        : conv1_layer.0.weight
R.histogram  : tensor([3., 5., 6., 6., 4., 2., 2., 1., 1., 2.], device='cuda:0')
R_sum max/min: 0.9/0.2
F max  		: 5.4162373542785645
O masx 		: 45.53328323364258
Layer        : conv2_layer.0.weight
R.histogram  : tensor([2., 3., 5., 5., 4., 2., 5., 2., 0., 4.], device='cuda:0')
R_sum max/min: 12.8/3.6
F max  		: 3.3190250396728516
O masx 		: 21.49231719970703
Layer        : conv3_layer.0.weight
R.histogram  : tensor([62.,  1.,  0.,  0.,  0.,  0.,  0.,  0.,  0.,  1.], device='cuda:0')
R_sum max/min: 288.0/3.5
F max  		: 2.1068367958068848
O masx 		: 13.81945514678955
Layer        : conv4_layer.0.weight
R.histogram  : tensor([52.,  1.,  2.,  3.,  1.,  0.,  1.,  0.,  0.,  4.], device='cuda:0')
R_sum max/min: 576.0/18.9
F max  		: 1.4330140352249146
O masx 		: 7.938667297363281
Layer        : fc1_layer.0.weight
R.histogram  : tensor([269.,   3.,   4.,   4.,   3.,   2.,   0.,   0.,   0., 227.],
       device='cuda:0')
R_sum max/min: 4209.4/299.3
F max  		: 0.09399273246526718
O masx 		: 0.7200726866722107
Mask histogram
conv1_layer.0.weight: 	 tensor([    0.,     0.,     0.,     0.,     0.,     0.,     0., 32768.,     0.,
            0.,     0.], device='cuda:0')
conv2_layer.0.weight: 	 tensor([   0.,    0.,    0.,    0.,    0.,    0.,    0., 8192.,    0.,    0.,
           0.], device='cuda:0')
conv3_layer.0.weight: 	 tensor([   0.,  512.,  256.,  768., 1024., 3072., 6656., 4096.,    0.,    0.,
           0.], device='cuda:0')
conv4_layer.0.weight: 	 tensor([   0.,    0.,    0.,   64.,  768.,  640., 1984.,  640.,    0.,    0.,
           0.], device='cuda:0')
fc1_layer.0.weight: 	 tensor([  0.,   0.,  18.,  46.,  60.,  47., 173., 168.,   0.,   0.,   0.],
       device='cuda:0')
Head Finetuning    :Task: 6,	 Epoch: 0/40,	 Avg.loss: 0.0036,	 Test Accuracy: 143/1000(14%)
Head Finetuning    :Task: 6,	 Epoch: 1/40,	 Avg.loss: 0.0032,	 Test Accuracy: 163/1000(16%)
Head Finetuning    :Task: 6,	 Epoch: 2/40,	 Avg.loss: 0.0029,	 Test Accuracy: 173/1000(17%)
Head Finetuning    :Task: 6,	 Epoch: 3/40,	 Avg.loss: 0.0027,	 Test Accuracy: 187/1000(19%)
Head Finetuning    :Task: 6,	 Epoch: 4/40,	 Avg.loss: 0.0026,	 Test Accuracy: 206/1000(21%)
Head Finetuning    :Task: 6,	 Epoch: 5/40,	 Avg.loss: 0.0025,	 Test Accuracy: 218/1000(22%)
Head Finetuning    :Task: 6,	 Epoch: 6/40,	 Avg.loss: 0.0024,	 Test Accuracy: 234/1000(23%)
Head Finetuning    :Task: 6,	 Epoch: 7/40,	 Avg.loss: 0.0023,	 Test Accuracy: 243/1000(24%)
Head Finetuning    :Task: 6,	 Epoch: 8/40,	 Avg.loss: 0.0022,	 Test Accuracy: 258/1000(26%)
Head Finetuning    :Task: 6,	 Epoch: 9/40,	 Avg.loss: 0.0022,	 Test Accuracy: 272/1000(27%)
Head Finetuning    :Task: 6,	 Epoch: 10/40,	 Avg.loss: 0.0021,	 Test Accuracy: 280/1000(28%)
Head Finetuning    :Task: 6,	 Epoch: 11/40,	 Avg.loss: 0.0021,	 Test Accuracy: 289/1000(29%)
Head Finetuning    :Task: 6,	 Epoch: 12/40,	 Avg.loss: 0.0021,	 Test Accuracy: 304/1000(30%)
Head Finetuning    :Task: 6,	 Epoch: 13/40,	 Avg.loss: 0.0020,	 Test Accuracy: 309/1000(31%)
Head Finetuning    :Task: 6,	 Epoch: 14/40,	 Avg.loss: 0.0020,	 Test Accuracy: 332/1000(33%)
Task: 6,	 Epoch: 0/40,	 Avg.loss: 0.0011,	 Test Accuracy: 619/1000(62%)
Task: 6,	 Epoch: 1/40,	 Avg.loss: 0.0010,	 Test Accuracy: 647/1000(65%)
Task: 6,	 Epoch: 2/40,	 Avg.loss: 0.0009,	 Test Accuracy: 679/1000(68%)
Task: 6,	 Epoch: 3/40,	 Avg.loss: 0.0009,	 Test Accuracy: 689/1000(69%)
Task: 6,	 Epoch: 4/40,	 Avg.loss: 0.0009,	 Test Accuracy: 693/1000(69%)
Task: 6,	 Epoch: 5/40,	 Avg.loss: 0.0009,	 Test Accuracy: 689/1000(69%)
Task: 6,	 Epoch: 6/40,	 Avg.loss: 0.0009,	 Test Accuracy: 672/1000(67%)
Task: 6,	 Epoch: 7/40,	 Avg.loss: 0.0009,	 Test Accuracy: 702/1000(70%)
Task: 6,	 Epoch: 8/40,	 Avg.loss: 0.0009,	 Test Accuracy: 698/1000(70%)
Task: 6,	 Epoch: 9/40,	 Avg.loss: 0.0009,	 Test Accuracy: 687/1000(69%)
Task: 6,	 Epoch: 10/40,	 Avg.loss: 0.0008,	 Test Accuracy: 719/1000(72%)
Task: 6,	 Epoch: 11/40,	 Avg.loss: 0.0009,	 Test Accuracy: 693/1000(69%)
Task: 6,	 Epoch: 12/40,	 Avg.loss: 0.0008,	 Test Accuracy: 724/1000(72%)
Task: 6,	 Epoch: 13/40,	 Avg.loss: 0.0008,	 Test Accuracy: 700/1000(70%)
Task: 6,	 Epoch: 14/40,	 Avg.loss: 0.0008,	 Test Accuracy: 716/1000(72%)
Task: 6,	 Epoch: 15/40,	 Avg.loss: 0.0008,	 Test Accuracy: 726/1000(73%)
Task: 6,	 Epoch: 16/40,	 Avg.loss: 0.0008,	 Test Accuracy: 729/1000(73%)
Task: 6,	 Epoch: 17/40,	 Avg.loss: 0.0008,	 Test Accuracy: 727/1000(73%)
Task: 6,	 Epoch: 18/40,	 Avg.loss: 0.0008,	 Test Accuracy: 730/1000(73%)
Task: 6,	 Epoch: 19/40,	 Avg.loss: 0.0008,	 Test Accuracy: 733/1000(73%)
Task: 6,	 Epoch: 20/40,	 Avg.loss: 0.0008,	 Test Accuracy: 738/1000(74%)
Task: 6,	 Epoch: 21/40,	 Avg.loss: 0.0007,	 Test Accuracy: 745/1000(74%)
Task: 6,	 Epoch: 22/40,	 Avg.loss: 0.0007,	 Test Accuracy: 744/1000(74%)
Task: 6,	 Epoch: 23/40,	 Avg.loss: 0.0007,	 Test Accuracy: 748/1000(75%)
Task: 6,	 Epoch: 24/40,	 Avg.loss: 0.0007,	 Test Accuracy: 742/1000(74%)
Task: 6,	 Epoch: 25/40,	 Avg.loss: 0.0007,	 Test Accuracy: 747/1000(75%)
Task: 6,	 Epoch: 26/40,	 Avg.loss: 0.0007,	 Test Accuracy: 750/1000(75%)
Task: 6,	 Epoch: 27/40,	 Avg.loss: 0.0008,	 Test Accuracy: 746/1000(75%)
Task: 6,	 Epoch: 28/40,	 Avg.loss: 0.0007,	 Test Accuracy: 744/1000(74%)
Task: 6,	 Epoch: 29/40,	 Avg.loss: 0.0007,	 Test Accuracy: 749/1000(75%)
Task: 6,	 Epoch: 30/40,	 Avg.loss: 0.0007,	 Test Accuracy: 746/1000(75%)
Task: 6,	 Epoch: 31/40,	 Avg.loss: 0.0007,	 Test Accuracy: 747/1000(75%)
Task: 6,	 Epoch: 32/40,	 Avg.loss: 0.0007,	 Test Accuracy: 742/1000(74%)
Task: 6,	 Epoch: 33/40,	 Avg.loss: 0.0007,	 Test Accuracy: 754/1000(75%)
Task: 6,	 Epoch: 34/40,	 Avg.loss: 0.0007,	 Test Accuracy: 750/1000(75%)
Task: 6,	 Epoch: 35/40,	 Avg.loss: 0.0007,	 Test Accuracy: 750/1000(75%)
Task: 6,	 Epoch: 36/40,	 Avg.loss: 0.0007,	 Test Accuracy: 750/1000(75%)
Task: 6,	 Epoch: 37/40,	 Avg.loss: 0.0007,	 Test Accuracy: 748/1000(75%)
Task: 6,	 Epoch: 38/40,	 Avg.loss: 0.0007,	 Test Accuracy: 753/1000(75%)
Task: 6,	 Epoch: 39/40,	 Avg.loss: 0.0007,	 Test Accuracy: 749/1000(75%)
Trained Task:6, Loaded task:0, Accuracy:84.8%
Trained Task:6, Loaded task:1, Accuracy:74.8%
Trained Task:6, Loaded task:2, Accuracy:74.7%
Trained Task:6, Loaded task:3, Accuracy:71.7%
Trained Task:6, Loaded task:4, Accuracy:72.9%
Trained Task:6, Loaded task:5, Accuracy:75.9%
Trained Task:6, Loaded task:6, Accuracy:74.9%
Trained Task:6, Avg. Accuracy: 75.7 

List of avg. accuracy: [85.1, 81.2, 80.5, 78.4, 77.9, 76.2, 75.7]
Layer        : conv1_layer.0.weight
R.histogram  : tensor([3., 3., 8., 5., 5., 3., 2., 0., 2., 1.], device='cuda:0')
R_sum max/min: 0.9/0.1
F max  		: 5.790656089782715
O masx 		: 47.080047607421875
Layer        : conv2_layer.0.weight
R.histogram  : tensor([ 3.,  2.,  2., 10.,  3.,  2.,  1.,  5.,  1.,  3.], device='cuda:0')
R_sum max/min: 12.2/3.3
F max  		: 3.559730291366577
O masx 		: 23.6696720123291
Layer        : conv3_layer.0.weight
R.histogram  : tensor([63.,  0.,  0.,  0.,  0.,  0.,  0.,  0.,  0.,  1.], device='cuda:0')
R_sum max/min: 288.0/4.0
F max  		: 2.164351224899292
O masx 		: 14.99583625793457
Layer        : conv4_layer.0.weight
R.histogram  : tensor([52.,  0.,  4.,  2.,  1.,  0.,  0.,  1.,  0.,  4.], device='cuda:0')
R_sum max/min: 576.0/17.7
F max  		: 1.4429097175598145
O masx 		: 8.338469505310059
Layer        : fc1_layer.0.weight
R.histogram  : tensor([283.,   2.,   1.,   0.,   0.,   0.,   0.,   0.,   0., 226.],
       device='cuda:0')
R_sum max/min: 4096.0/305.1
F max  		: 0.07439064234495163
O masx 		: 0.7568942904472351
Mask histogram
conv1_layer.0.weight: 	 tensor([    0.,     0.,     0.,     0.,     0.,     0.,     0.,     0., 32768.,
            0.,     0.], device='cuda:0')
conv2_layer.0.weight: 	 tensor([   0.,    0.,    0.,    0.,    0.,    0.,    0.,    0., 8192.,    0.,
           0.], device='cuda:0')
conv3_layer.0.weight: 	 tensor([   0.,  512.,  256.,  256., 1024., 1280., 3072., 6144., 3840.,    0.,
           0.], device='cuda:0')
conv4_layer.0.weight: 	 tensor([   0.,    0.,    0.,   64.,  320.,  704.,  576., 1792.,  640.,    0.,
           0.], device='cuda:0')
fc1_layer.0.weight: 	 tensor([  0.,   0.,  15.,  37.,  35.,  50.,  49., 161., 165.,   0.,   0.],
       device='cuda:0')
Head Finetuning    :Task: 7,	 Epoch: 0/40,	 Avg.loss: 0.0033,	 Test Accuracy: 174/1000(17%)
Head Finetuning    :Task: 7,	 Epoch: 1/40,	 Avg.loss: 0.0030,	 Test Accuracy: 186/1000(19%)
Head Finetuning    :Task: 7,	 Epoch: 2/40,	 Avg.loss: 0.0028,	 Test Accuracy: 203/1000(20%)
Head Finetuning    :Task: 7,	 Epoch: 3/40,	 Avg.loss: 0.0027,	 Test Accuracy: 219/1000(22%)
Head Finetuning    :Task: 7,	 Epoch: 4/40,	 Avg.loss: 0.0026,	 Test Accuracy: 229/1000(23%)
Head Finetuning    :Task: 7,	 Epoch: 5/40,	 Avg.loss: 0.0025,	 Test Accuracy: 239/1000(24%)
Head Finetuning    :Task: 7,	 Epoch: 6/40,	 Avg.loss: 0.0024,	 Test Accuracy: 260/1000(26%)
Head Finetuning    :Task: 7,	 Epoch: 7/40,	 Avg.loss: 0.0024,	 Test Accuracy: 265/1000(27%)
Head Finetuning    :Task: 7,	 Epoch: 8/40,	 Avg.loss: 0.0023,	 Test Accuracy: 277/1000(28%)
Head Finetuning    :Task: 7,	 Epoch: 9/40,	 Avg.loss: 0.0022,	 Test Accuracy: 284/1000(28%)
Head Finetuning    :Task: 7,	 Epoch: 10/40,	 Avg.loss: 0.0022,	 Test Accuracy: 295/1000(30%)
Head Finetuning    :Task: 7,	 Epoch: 11/40,	 Avg.loss: 0.0022,	 Test Accuracy: 306/1000(31%)
Head Finetuning    :Task: 7,	 Epoch: 12/40,	 Avg.loss: 0.0021,	 Test Accuracy: 320/1000(32%)
Head Finetuning    :Task: 7,	 Epoch: 13/40,	 Avg.loss: 0.0021,	 Test Accuracy: 327/1000(33%)
Head Finetuning    :Task: 7,	 Epoch: 14/40,	 Avg.loss: 0.0020,	 Test Accuracy: 334/1000(33%)
Task: 7,	 Epoch: 0/40,	 Avg.loss: 0.0013,	 Test Accuracy: 572/1000(57%)
Task: 7,	 Epoch: 1/40,	 Avg.loss: 0.0011,	 Test Accuracy: 616/1000(62%)
Task: 7,	 Epoch: 2/40,	 Avg.loss: 0.0011,	 Test Accuracy: 609/1000(61%)
Task: 7,	 Epoch: 3/40,	 Avg.loss: 0.0010,	 Test Accuracy: 643/1000(64%)
Task: 7,	 Epoch: 4/40,	 Avg.loss: 0.0011,	 Test Accuracy: 645/1000(64%)
Task: 7,	 Epoch: 5/40,	 Avg.loss: 0.0011,	 Test Accuracy: 613/1000(61%)
Task: 7,	 Epoch: 6/40,	 Avg.loss: 0.0010,	 Test Accuracy: 661/1000(66%)
Task: 7,	 Epoch: 7/40,	 Avg.loss: 0.0010,	 Test Accuracy: 673/1000(67%)
Task: 7,	 Epoch: 8/40,	 Avg.loss: 0.0010,	 Test Accuracy: 655/1000(66%)
Task: 7,	 Epoch: 9/40,	 Avg.loss: 0.0010,	 Test Accuracy: 680/1000(68%)
Task: 7,	 Epoch: 10/40,	 Avg.loss: 0.0010,	 Test Accuracy: 668/1000(67%)
Task: 7,	 Epoch: 11/40,	 Avg.loss: 0.0009,	 Test Accuracy: 674/1000(67%)
Task: 7,	 Epoch: 12/40,	 Avg.loss: 0.0009,	 Test Accuracy: 684/1000(68%)
Task: 7,	 Epoch: 13/40,	 Avg.loss: 0.0010,	 Test Accuracy: 670/1000(67%)
Task: 7,	 Epoch: 14/40,	 Avg.loss: 0.0009,	 Test Accuracy: 699/1000(70%)
Task: 7,	 Epoch: 15/40,	 Avg.loss: 0.0010,	 Test Accuracy: 681/1000(68%)
Task: 7,	 Epoch: 16/40,	 Avg.loss: 0.0009,	 Test Accuracy: 681/1000(68%)
Task: 7,	 Epoch: 17/40,	 Avg.loss: 0.0009,	 Test Accuracy: 678/1000(68%)
Task: 7,	 Epoch: 18/40,	 Avg.loss: 0.0010,	 Test Accuracy: 663/1000(66%)
Task: 7,	 Epoch: 19/40,	 Avg.loss: 0.0009,	 Test Accuracy: 691/1000(69%)
Task: 7,	 Epoch: 20/40,	 Avg.loss: 0.0009,	 Test Accuracy: 703/1000(70%)
Task: 7,	 Epoch: 21/40,	 Avg.loss: 0.0009,	 Test Accuracy: 702/1000(70%)
Task: 7,	 Epoch: 22/40,	 Avg.loss: 0.0009,	 Test Accuracy: 706/1000(71%)
Task: 7,	 Epoch: 23/40,	 Avg.loss: 0.0009,	 Test Accuracy: 705/1000(70%)
Task: 7,	 Epoch: 24/40,	 Avg.loss: 0.0009,	 Test Accuracy: 703/1000(70%)
Task: 7,	 Epoch: 25/40,	 Avg.loss: 0.0009,	 Test Accuracy: 706/1000(71%)
Task: 7,	 Epoch: 26/40,	 Avg.loss: 0.0009,	 Test Accuracy: 707/1000(71%)
Task: 7,	 Epoch: 27/40,	 Avg.loss: 0.0009,	 Test Accuracy: 704/1000(70%)
Task: 7,	 Epoch: 28/40,	 Avg.loss: 0.0009,	 Test Accuracy: 709/1000(71%)
Task: 7,	 Epoch: 29/40,	 Avg.loss: 0.0009,	 Test Accuracy: 702/1000(70%)
Task: 7,	 Epoch: 30/40,	 Avg.loss: 0.0009,	 Test Accuracy: 706/1000(71%)
Task: 7,	 Epoch: 31/40,	 Avg.loss: 0.0008,	 Test Accuracy: 710/1000(71%)
Task: 7,	 Epoch: 32/40,	 Avg.loss: 0.0009,	 Test Accuracy: 707/1000(71%)
Task: 7,	 Epoch: 33/40,	 Avg.loss: 0.0008,	 Test Accuracy: 703/1000(70%)
Task: 7,	 Epoch: 34/40,	 Avg.loss: 0.0009,	 Test Accuracy: 702/1000(70%)
Task: 7,	 Epoch: 35/40,	 Avg.loss: 0.0008,	 Test Accuracy: 697/1000(70%)
Task: 7,	 Epoch: 36/40,	 Avg.loss: 0.0008,	 Test Accuracy: 707/1000(71%)
Task: 7,	 Epoch: 37/40,	 Avg.loss: 0.0008,	 Test Accuracy: 706/1000(71%)
Task: 7,	 Epoch: 38/40,	 Avg.loss: 0.0008,	 Test Accuracy: 710/1000(71%)
Task: 7,	 Epoch: 39/40,	 Avg.loss: 0.0008,	 Test Accuracy: 705/1000(70%)
Trained Task:7, Loaded task:0, Accuracy:84.0%
Trained Task:7, Loaded task:1, Accuracy:73.8%
Trained Task:7, Loaded task:2, Accuracy:74.5%
Trained Task:7, Loaded task:3, Accuracy:71.3%
Trained Task:7, Loaded task:4, Accuracy:71.0%
Trained Task:7, Loaded task:5, Accuracy:73.8%
Trained Task:7, Loaded task:6, Accuracy:75.0%
Trained Task:7, Loaded task:7, Accuracy:70.5%
Trained Task:7, Avg. Accuracy: 74.2 

List of avg. accuracy: [85.1, 81.2, 80.5, 78.4, 77.9, 76.2, 75.7, 74.2]
Layer        : conv1_layer.0.weight
R.histogram  : tensor([2., 5., 2., 4., 5., 3., 2., 3., 1., 5.], device='cuda:0')
R_sum max/min: 0.8/0.2
F max  		: 7.062802314758301
O masx 		: 49.178340911865234
Layer        : conv2_layer.0.weight
R.histogram  : tensor([4., 2., 5., 5., 6., 3., 2., 0., 2., 3.], device='cuda:0')
R_sum max/min: 13.8/3.9
F max  		: 4.372241020202637
O masx 		: 25.110639572143555
Layer        : conv3_layer.0.weight
R.histogram  : tensor([62.,  1.,  0.,  0.,  0.,  0.,  0.,  0.,  0.,  1.], device='cuda:0')
R_sum max/min: 288.0/3.0
F max  		: 2.890200138092041
O masx 		: 15.931676864624023
Layer        : conv4_layer.0.weight
R.histogram  : tensor([52.,  2.,  1.,  2.,  1.,  1.,  0.,  0.,  1.,  4.], device='cuda:0')
R_sum max/min: 576.0/15.2
F max  		: 1.6835393905639648
O masx 		: 8.338469505310059
Layer        : fc1_layer.0.weight
R.histogram  : tensor([280.,   4.,   3.,   2.,   2.,   1.,   0.,   0.,   0., 220.],
       device='cuda:0')
R_sum max/min: 4096.0/308.4
F max  		: 0.11639457941055298
O masx 		: 0.7659085988998413
Mask histogram
conv1_layer.0.weight: 	 tensor([    0.,     0.,     0.,     0.,     0.,     0.,     0.,     0.,     0.,
        32768.,     0.], device='cuda:0')
conv2_layer.0.weight: 	 tensor([   0.,    0.,    0.,    0.,    0.,    0.,    0.,    0.,    0., 8192.,
           0.], device='cuda:0')
conv3_layer.0.weight: 	 tensor([   0.,  256.,  256.,  256.,  256., 1280., 1536., 4096., 5376., 3072.,
           0.], device='cuda:0')
conv4_layer.0.weight: 	 tensor([   0.,    0.,    0.,    0.,  192.,  320.,  832.,  512., 1728.,  512.,
           0.], device='cuda:0')
fc1_layer.0.weight: 	 tensor([  0.,   0.,   5.,  33.,  32.,  41.,  44.,  43., 152., 162.,   0.],
       device='cuda:0')
Head Finetuning    :Task: 8,	 Epoch: 0/40,	 Avg.loss: 0.0037,	 Test Accuracy: 96/1000(10%)
Head Finetuning    :Task: 8,	 Epoch: 1/40,	 Avg.loss: 0.0033,	 Test Accuracy: 118/1000(12%)
Head Finetuning    :Task: 8,	 Epoch: 2/40,	 Avg.loss: 0.0031,	 Test Accuracy: 133/1000(13%)
Head Finetuning    :Task: 8,	 Epoch: 3/40,	 Avg.loss: 0.0029,	 Test Accuracy: 155/1000(16%)
Head Finetuning    :Task: 8,	 Epoch: 4/40,	 Avg.loss: 0.0028,	 Test Accuracy: 169/1000(17%)
Head Finetuning    :Task: 8,	 Epoch: 5/40,	 Avg.loss: 0.0027,	 Test Accuracy: 185/1000(18%)
Head Finetuning    :Task: 8,	 Epoch: 6/40,	 Avg.loss: 0.0026,	 Test Accuracy: 200/1000(20%)
Head Finetuning    :Task: 8,	 Epoch: 7/40,	 Avg.loss: 0.0025,	 Test Accuracy: 215/1000(22%)
Head Finetuning    :Task: 8,	 Epoch: 8/40,	 Avg.loss: 0.0025,	 Test Accuracy: 219/1000(22%)
Head Finetuning    :Task: 8,	 Epoch: 9/40,	 Avg.loss: 0.0024,	 Test Accuracy: 232/1000(23%)
Head Finetuning    :Task: 8,	 Epoch: 10/40,	 Avg.loss: 0.0023,	 Test Accuracy: 244/1000(24%)
Head Finetuning    :Task: 8,	 Epoch: 11/40,	 Avg.loss: 0.0023,	 Test Accuracy: 258/1000(26%)
Head Finetuning    :Task: 8,	 Epoch: 12/40,	 Avg.loss: 0.0022,	 Test Accuracy: 272/1000(27%)
Head Finetuning    :Task: 8,	 Epoch: 13/40,	 Avg.loss: 0.0022,	 Test Accuracy: 290/1000(29%)
Head Finetuning    :Task: 8,	 Epoch: 14/40,	 Avg.loss: 0.0021,	 Test Accuracy: 301/1000(30%)
Task: 8,	 Epoch: 0/40,	 Avg.loss: 0.0011,	 Test Accuracy: 604/1000(60%)
Task: 8,	 Epoch: 1/40,	 Avg.loss: 0.0011,	 Test Accuracy: 617/1000(62%)
Task: 8,	 Epoch: 2/40,	 Avg.loss: 0.0010,	 Test Accuracy: 669/1000(67%)
Task: 8,	 Epoch: 3/40,	 Avg.loss: 0.0010,	 Test Accuracy: 639/1000(64%)
Task: 8,	 Epoch: 4/40,	 Avg.loss: 0.0009,	 Test Accuracy: 684/1000(68%)
Task: 8,	 Epoch: 5/40,	 Avg.loss: 0.0010,	 Test Accuracy: 647/1000(65%)
Task: 8,	 Epoch: 6/40,	 Avg.loss: 0.0009,	 Test Accuracy: 684/1000(68%)
Task: 8,	 Epoch: 7/40,	 Avg.loss: 0.0011,	 Test Accuracy: 644/1000(64%)
Task: 8,	 Epoch: 8/40,	 Avg.loss: 0.0010,	 Test Accuracy: 677/1000(68%)
Task: 8,	 Epoch: 9/40,	 Avg.loss: 0.0009,	 Test Accuracy: 681/1000(68%)
Task: 8,	 Epoch: 10/40,	 Avg.loss: 0.0010,	 Test Accuracy: 682/1000(68%)
Task: 8,	 Epoch: 11/40,	 Avg.loss: 0.0009,	 Test Accuracy: 697/1000(70%)
Task: 8,	 Epoch: 12/40,	 Avg.loss: 0.0009,	 Test Accuracy: 695/1000(70%)
Task: 8,	 Epoch: 13/40,	 Avg.loss: 0.0009,	 Test Accuracy: 701/1000(70%)
Task: 8,	 Epoch: 14/40,	 Avg.loss: 0.0009,	 Test Accuracy: 696/1000(70%)
Task: 8,	 Epoch: 15/40,	 Avg.loss: 0.0010,	 Test Accuracy: 667/1000(67%)
Task: 8,	 Epoch: 16/40,	 Avg.loss: 0.0009,	 Test Accuracy: 713/1000(71%)
Task: 8,	 Epoch: 17/40,	 Avg.loss: 0.0008,	 Test Accuracy: 730/1000(73%)
Task: 8,	 Epoch: 18/40,	 Avg.loss: 0.0009,	 Test Accuracy: 728/1000(73%)
Task: 8,	 Epoch: 19/40,	 Avg.loss: 0.0008,	 Test Accuracy: 737/1000(74%)
Task: 8,	 Epoch: 20/40,	 Avg.loss: 0.0008,	 Test Accuracy: 732/1000(73%)
Task: 8,	 Epoch: 21/40,	 Avg.loss: 0.0008,	 Test Accuracy: 727/1000(73%)
Task: 8,	 Epoch: 22/40,	 Avg.loss: 0.0008,	 Test Accuracy: 734/1000(73%)
Task: 8,	 Epoch: 23/40,	 Avg.loss: 0.0008,	 Test Accuracy: 731/1000(73%)
Task: 8,	 Epoch: 24/40,	 Avg.loss: 0.0008,	 Test Accuracy: 734/1000(73%)
Task: 8,	 Epoch: 25/40,	 Avg.loss: 0.0008,	 Test Accuracy: 731/1000(73%)
Task: 8,	 Epoch: 26/40,	 Avg.loss: 0.0008,	 Test Accuracy: 739/1000(74%)
Task: 8,	 Epoch: 27/40,	 Avg.loss: 0.0008,	 Test Accuracy: 730/1000(73%)
Task: 8,	 Epoch: 28/40,	 Avg.loss: 0.0008,	 Test Accuracy: 728/1000(73%)
Task: 8,	 Epoch: 29/40,	 Avg.loss: 0.0008,	 Test Accuracy: 735/1000(74%)
Task: 8,	 Epoch: 30/40,	 Avg.loss: 0.0008,	 Test Accuracy: 740/1000(74%)
Task: 8,	 Epoch: 31/40,	 Avg.loss: 0.0008,	 Test Accuracy: 730/1000(73%)
Task: 8,	 Epoch: 32/40,	 Avg.loss: 0.0008,	 Test Accuracy: 736/1000(74%)
Task: 8,	 Epoch: 33/40,	 Avg.loss: 0.0008,	 Test Accuracy: 737/1000(74%)
Task: 8,	 Epoch: 34/40,	 Avg.loss: 0.0008,	 Test Accuracy: 735/1000(74%)
Task: 8,	 Epoch: 35/40,	 Avg.loss: 0.0008,	 Test Accuracy: 735/1000(74%)
Task: 8,	 Epoch: 36/40,	 Avg.loss: 0.0008,	 Test Accuracy: 733/1000(73%)
Task: 8,	 Epoch: 37/40,	 Avg.loss: 0.0008,	 Test Accuracy: 737/1000(74%)
Task: 8,	 Epoch: 38/40,	 Avg.loss: 0.0008,	 Test Accuracy: 734/1000(73%)
Task: 8,	 Epoch: 39/40,	 Avg.loss: 0.0008,	 Test Accuracy: 744/1000(74%)
Trained Task:8, Loaded task:0, Accuracy:83.9%
Trained Task:8, Loaded task:1, Accuracy:73.7%
Trained Task:8, Loaded task:2, Accuracy:75.2%
Trained Task:8, Loaded task:3, Accuracy:70.1%
Trained Task:8, Loaded task:4, Accuracy:72.1%
Trained Task:8, Loaded task:5, Accuracy:75.1%
Trained Task:8, Loaded task:6, Accuracy:75.0%
Trained Task:8, Loaded task:7, Accuracy:69.3%
Trained Task:8, Loaded task:8, Accuracy:74.4%
Trained Task:8, Avg. Accuracy: 74.3 

List of avg. accuracy: [85.1, 81.2, 80.5, 78.4, 77.9, 76.2, 75.7, 74.2, 74.3]
Layer        : conv1_layer.0.weight
R.histogram  : tensor([2., 4., 4., 2., 9., 5., 3., 1., 0., 2.], device='cuda:0')
R_sum max/min: 0.9/0.2
F max  		: 7.6440815925598145
O masx 		: 50.342254638671875
Layer        : conv2_layer.0.weight
R.histogram  : tensor([2., 5., 6., 2., 5., 2., 8., 0., 0., 2.], device='cuda:0')
R_sum max/min: 13.2/3.8
F max  		: 3.9928362369537354
O masx 		: 26.705520629882812
Layer        : conv3_layer.0.weight
R.histogram  : tensor([63.,  0.,  0.,  0.,  0.,  0.,  0.,  0.,  0.,  1.], device='cuda:0')
R_sum max/min: 288.0/3.2
F max  		: 2.172969341278076
O masx 		: 16.747295379638672
Layer        : conv4_layer.0.weight
R.histogram  : tensor([54.,  1.,  3.,  1.,  0.,  1.,  0.,  0.,  0.,  4.], device='cuda:0')
R_sum max/min: 576.0/16.6
F max  		: 1.417184829711914
O masx 		: 9.18454647064209
Layer        : fc1_layer.0.weight
R.histogram  : tensor([284.,   5.,   1.,   1.,   0.,   0.,   0.,   0.,   0., 221.],
       device='cuda:0')
R_sum max/min: 4096.0/300.9
F max  		: 0.09070070832967758
O masx 		: 0.7858223915100098
Mask histogram
conv1_layer.0.weight: 	 tensor([    0.,     0.,     0.,     0.,     0.,     0.,     0.,     0.,     0.,
            0., 32768.], device='cuda:0')
conv2_layer.0.weight: 	 tensor([   0.,    0.,    0.,    0.,    0.,    0.,    0.,    0.,    0.,    0.,
        8192.], device='cuda:0')
conv3_layer.0.weight: 	 tensor([   0.,  256.,    0.,  512.,  256.,  768.,  768., 2304., 3328., 5376.,
        2816.], device='cuda:0')
conv4_layer.0.weight: 	 tensor([   0.,    0.,    0.,    0.,   64.,  256.,  512.,  640.,  512., 1664.,
         448.], device='cuda:0')
fc1_layer.0.weight: 	 tensor([  0.,   0.,   3.,  26.,  31.,  28.,  43.,  31.,  42., 149., 159.],
       device='cuda:0')
Head Finetuning    :Task: 9,	 Epoch: 0/40,	 Avg.loss: 0.0034,	 Test Accuracy: 142/1000(14%)
Head Finetuning    :Task: 9,	 Epoch: 1/40,	 Avg.loss: 0.0030,	 Test Accuracy: 162/1000(16%)
Head Finetuning    :Task: 9,	 Epoch: 2/40,	 Avg.loss: 0.0027,	 Test Accuracy: 186/1000(19%)
Head Finetuning    :Task: 9,	 Epoch: 3/40,	 Avg.loss: 0.0026,	 Test Accuracy: 202/1000(20%)
Head Finetuning    :Task: 9,	 Epoch: 4/40,	 Avg.loss: 0.0024,	 Test Accuracy: 226/1000(23%)
Head Finetuning    :Task: 9,	 Epoch: 5/40,	 Avg.loss: 0.0023,	 Test Accuracy: 245/1000(25%)
Head Finetuning    :Task: 9,	 Epoch: 6/40,	 Avg.loss: 0.0023,	 Test Accuracy: 262/1000(26%)
Head Finetuning    :Task: 9,	 Epoch: 7/40,	 Avg.loss: 0.0022,	 Test Accuracy: 277/1000(28%)
Head Finetuning    :Task: 9,	 Epoch: 8/40,	 Avg.loss: 0.0021,	 Test Accuracy: 292/1000(29%)
Head Finetuning    :Task: 9,	 Epoch: 9/40,	 Avg.loss: 0.0020,	 Test Accuracy: 306/1000(31%)
Head Finetuning    :Task: 9,	 Epoch: 10/40,	 Avg.loss: 0.0020,	 Test Accuracy: 329/1000(33%)
Head Finetuning    :Task: 9,	 Epoch: 11/40,	 Avg.loss: 0.0019,	 Test Accuracy: 353/1000(35%)
Head Finetuning    :Task: 9,	 Epoch: 12/40,	 Avg.loss: 0.0019,	 Test Accuracy: 364/1000(36%)
Head Finetuning    :Task: 9,	 Epoch: 13/40,	 Avg.loss: 0.0018,	 Test Accuracy: 371/1000(37%)
Head Finetuning    :Task: 9,	 Epoch: 14/40,	 Avg.loss: 0.0018,	 Test Accuracy: 381/1000(38%)
Task: 9,	 Epoch: 0/40,	 Avg.loss: 0.0011,	 Test Accuracy: 641/1000(64%)
Task: 9,	 Epoch: 1/40,	 Avg.loss: 0.0011,	 Test Accuracy: 661/1000(66%)
Task: 9,	 Epoch: 2/40,	 Avg.loss: 0.0009,	 Test Accuracy: 694/1000(69%)
Task: 9,	 Epoch: 3/40,	 Avg.loss: 0.0009,	 Test Accuracy: 706/1000(71%)
Task: 9,	 Epoch: 4/40,	 Avg.loss: 0.0009,	 Test Accuracy: 699/1000(70%)
Task: 9,	 Epoch: 5/40,	 Avg.loss: 0.0008,	 Test Accuracy: 715/1000(72%)
Task: 9,	 Epoch: 6/40,	 Avg.loss: 0.0008,	 Test Accuracy: 723/1000(72%)
Task: 9,	 Epoch: 7/40,	 Avg.loss: 0.0008,	 Test Accuracy: 728/1000(73%)
Task: 9,	 Epoch: 8/40,	 Avg.loss: 0.0008,	 Test Accuracy: 732/1000(73%)
Task: 9,	 Epoch: 9/40,	 Avg.loss: 0.0008,	 Test Accuracy: 745/1000(74%)
Task: 9,	 Epoch: 10/40,	 Avg.loss: 0.0008,	 Test Accuracy: 715/1000(72%)
Task: 9,	 Epoch: 11/40,	 Avg.loss: 0.0008,	 Test Accuracy: 709/1000(71%)
Task: 9,	 Epoch: 12/40,	 Avg.loss: 0.0009,	 Test Accuracy: 694/1000(69%)
Task: 9,	 Epoch: 13/40,	 Avg.loss: 0.0008,	 Test Accuracy: 744/1000(74%)
Task: 9,	 Epoch: 14/40,	 Avg.loss: 0.0008,	 Test Accuracy: 716/1000(72%)
Task: 9,	 Epoch: 15/40,	 Avg.loss: 0.0008,	 Test Accuracy: 740/1000(74%)
Task: 9,	 Epoch: 16/40,	 Avg.loss: 0.0007,	 Test Accuracy: 752/1000(75%)
Task: 9,	 Epoch: 17/40,	 Avg.loss: 0.0008,	 Test Accuracy: 751/1000(75%)
Task: 9,	 Epoch: 18/40,	 Avg.loss: 0.0008,	 Test Accuracy: 751/1000(75%)
Task: 9,	 Epoch: 19/40,	 Avg.loss: 0.0008,	 Test Accuracy: 742/1000(74%)
Task: 9,	 Epoch: 20/40,	 Avg.loss: 0.0007,	 Test Accuracy: 762/1000(76%)
Task: 9,	 Epoch: 21/40,	 Avg.loss: 0.0007,	 Test Accuracy: 766/1000(77%)
Task: 9,	 Epoch: 22/40,	 Avg.loss: 0.0007,	 Test Accuracy: 768/1000(77%)
Task: 9,	 Epoch: 23/40,	 Avg.loss: 0.0007,	 Test Accuracy: 774/1000(77%)
Task: 9,	 Epoch: 24/40,	 Avg.loss: 0.0007,	 Test Accuracy: 770/1000(77%)
Task: 9,	 Epoch: 25/40,	 Avg.loss: 0.0007,	 Test Accuracy: 768/1000(77%)
Task: 9,	 Epoch: 26/40,	 Avg.loss: 0.0007,	 Test Accuracy: 768/1000(77%)
Task: 9,	 Epoch: 27/40,	 Avg.loss: 0.0007,	 Test Accuracy: 769/1000(77%)
Task: 9,	 Epoch: 28/40,	 Avg.loss: 0.0007,	 Test Accuracy: 769/1000(77%)
Task: 9,	 Epoch: 29/40,	 Avg.loss: 0.0007,	 Test Accuracy: 778/1000(78%)
Task: 9,	 Epoch: 30/40,	 Avg.loss: 0.0007,	 Test Accuracy: 774/1000(77%)
Task: 9,	 Epoch: 31/40,	 Avg.loss: 0.0007,	 Test Accuracy: 772/1000(77%)
Task: 9,	 Epoch: 32/40,	 Avg.loss: 0.0007,	 Test Accuracy: 768/1000(77%)
Task: 9,	 Epoch: 33/40,	 Avg.loss: 0.0007,	 Test Accuracy: 769/1000(77%)
Task: 9,	 Epoch: 34/40,	 Avg.loss: 0.0007,	 Test Accuracy: 772/1000(77%)
Task: 9,	 Epoch: 35/40,	 Avg.loss: 0.0007,	 Test Accuracy: 774/1000(77%)
Task: 9,	 Epoch: 36/40,	 Avg.loss: 0.0007,	 Test Accuracy: 772/1000(77%)
Task: 9,	 Epoch: 37/40,	 Avg.loss: 0.0007,	 Test Accuracy: 771/1000(77%)
Task: 9,	 Epoch: 38/40,	 Avg.loss: 0.0007,	 Test Accuracy: 769/1000(77%)
Task: 9,	 Epoch: 39/40,	 Avg.loss: 0.0007,	 Test Accuracy: 766/1000(77%)
Trained Task:9, Loaded task:0, Accuracy:83.9%
Trained Task:9, Loaded task:1, Accuracy:74.4%
Trained Task:9, Loaded task:2, Accuracy:75.0%
Trained Task:9, Loaded task:3, Accuracy:69.9%
Trained Task:9, Loaded task:4, Accuracy:73.1%
Trained Task:9, Loaded task:5, Accuracy:75.7%
Trained Task:9, Loaded task:6, Accuracy:74.3%
Trained Task:9, Loaded task:7, Accuracy:68.9%
Trained Task:9, Loaded task:8, Accuracy:74.1%
Trained Task:9, Loaded task:9, Accuracy:76.6%
Trained Task:9, Avg. Accuracy: 74.6 

List of avg. accuracy: [85.1, 81.2, 80.5, 78.4, 77.9, 76.2, 75.7, 74.2, 74.3, 74.6]
PATH:     /home/sanghyun/Documents/CL/ISG/results/03-30-2021-17:25/
