Layer        : conv1_layer.2.weight
R.histogram  : tensor([4., 7., 4., 6., 3., 0., 3., 2., 0., 3.], device='cuda:0')
R_sum max/min: 53.4/1.2
F.num_zeros  : 0/9216
W.num_zeros  : 0/9216
O.num_zeros  : 0/9216
Layer        : conv2_layer.2.weight
R.histogram  : tensor([11., 12.,  9.,  8.,  6.,  2.,  5.,  2.,  4.,  5.], device='cuda:0')
R_sum max/min: 56.9/0.0
F.num_zeros  : 4217/36864
W.num_zeros  : 0/36864
O.num_zeros  : 0/36864
Layer        : fc1_layer.1.weight
R.histogram  : tensor([295., 134.,  53.,  18.,   3.,   3.,   2.,   2.,   1.,   1.],
       device='cuda:0')
R_sum max/min: 639.6/0.0
F.num_zeros  : 919270/2097152
W.num_zeros  : 0/2097152
O.num_zeros  : 0/2097152
Mask histogram
conv1_layer.2.weight: 	 tensor([   0., 8192.,    0.,    0.,    0.,    0.,    0.,    0.,    0.,    0.,
           0.], device='cuda:0')
conv2_layer.2.weight: 	 tensor([2496., 1600.,    0.,    0.,    0.,    0.,    0.,    0.,    0.,    0.,
           0.], device='cuda:0')
fc1_layer.1.weight: 	 tensor([308., 204.,   0.,   0.,   0.,   0.,   0.,   0.,   0.,   0.,   0.],
       device='cuda:0')
False
