Mask histogram
conv1_layer.0.weight: 
 tensor([26281.,  6487.,     0.,     0.,     0.,     0.,     0.,     0.,     0.,
            0.,     0.], device='cuda:0')
conv2_layer.0.weight: 
 tensor([6495., 1697.,    0.,    0.,    0.,    0.,    0.,    0.,    0.,    0.,
           0.], device='cuda:0')
conv3_layer.0.weight: 
 tensor([13082.,  3302.,     0.,     0.,     0.,     0.,     0.,     0.,     0.,
            0.,     0.], device='cuda:0')
conv4_layer.0.weight: 
 tensor([3353.,  743.,    0.,    0.,    0.,    0.,    0.,    0.,    0.,    0.,
           0.], device='cuda:0')
fc1_layer.0.weight: 
 tensor([405., 107.,   0.,   0.,   0.,   0.,   0.,   0.,   0.,   0.,   0.],
       device='cuda:0')
Head Finetuning    :Task: 0,	 Epoch: 0/40,	 Avg.loss: 0.0023,	 Test Accuracy: 122/1000(12%)
Head Finetuning    :Task: 0,	 Epoch: 1/40,	 Avg.loss: 0.0023,	 Test Accuracy: 126/1000(13%)
Head Finetuning    :Task: 0,	 Epoch: 2/40,	 Avg.loss: 0.0023,	 Test Accuracy: 161/1000(16%)
Head Finetuning    :Task: 0,	 Epoch: 3/40,	 Avg.loss: 0.0023,	 Test Accuracy: 186/1000(19%)
Head Finetuning    :Task: 0,	 Epoch: 4/40,	 Avg.loss: 0.0023,	 Test Accuracy: 192/1000(19%)
Head Finetuning    :Task: 0,	 Epoch: 5/40,	 Avg.loss: 0.0023,	 Test Accuracy: 222/1000(22%)
Head Finetuning    :Task: 0,	 Epoch: 6/40,	 Avg.loss: 0.0023,	 Test Accuracy: 207/1000(21%)
Head Finetuning    :Task: 0,	 Epoch: 7/40,	 Avg.loss: 0.0023,	 Test Accuracy: 231/1000(23%)
Head Finetuning    :Task: 0,	 Epoch: 8/40,	 Avg.loss: 0.0023,	 Test Accuracy: 239/1000(24%)
Head Finetuning    :Task: 0,	 Epoch: 9/40,	 Avg.loss: 0.0023,	 Test Accuracy: 238/1000(24%)
Head Finetuning    :Task: 0,	 Epoch: 10/40,	 Avg.loss: 0.0023,	 Test Accuracy: 232/1000(23%)
Head Finetuning    :Task: 0,	 Epoch: 11/40,	 Avg.loss: 0.0023,	 Test Accuracy: 248/1000(25%)
Head Finetuning    :Task: 0,	 Epoch: 12/40,	 Avg.loss: 0.0023,	 Test Accuracy: 242/1000(24%)
Head Finetuning    :Task: 0,	 Epoch: 13/40,	 Avg.loss: 0.0023,	 Test Accuracy: 236/1000(24%)
Head Finetuning    :Task: 0,	 Epoch: 14/40,	 Avg.loss: 0.0023,	 Test Accuracy: 254/1000(25%)
Task: 0,	 Epoch: 0/40,	 Avg.loss: 0.0015,	 Test Accuracy: 471/1000(47%)
Task: 0,	 Epoch: 1/40,	 Avg.loss: 0.0014,	 Test Accuracy: 504/1000(50%)
Task: 0,	 Epoch: 2/40,	 Avg.loss: 0.0013,	 Test Accuracy: 546/1000(55%)
Task: 0,	 Epoch: 3/40,	 Avg.loss: 0.0012,	 Test Accuracy: 575/1000(58%)
Task: 0,	 Epoch: 4/40,	 Avg.loss: 0.0012,	 Test Accuracy: 603/1000(60%)
Task: 0,	 Epoch: 5/40,	 Avg.loss: 0.0012,	 Test Accuracy: 591/1000(59%)
Task: 0,	 Epoch: 6/40,	 Avg.loss: 0.0011,	 Test Accuracy: 598/1000(60%)
Task: 0,	 Epoch: 7/40,	 Avg.loss: 0.0011,	 Test Accuracy: 606/1000(61%)
Task: 0,	 Epoch: 8/40,	 Avg.loss: 0.0011,	 Test Accuracy: 615/1000(62%)
Task: 0,	 Epoch: 9/40,	 Avg.loss: 0.0010,	 Test Accuracy: 641/1000(64%)
Task: 0,	 Epoch: 10/40,	 Avg.loss: 0.0010,	 Test Accuracy: 656/1000(66%)
Task: 0,	 Epoch: 11/40,	 Avg.loss: 0.0010,	 Test Accuracy: 633/1000(63%)
Task: 0,	 Epoch: 12/40,	 Avg.loss: 0.0010,	 Test Accuracy: 658/1000(66%)
Task: 0,	 Epoch: 13/40,	 Avg.loss: 0.0009,	 Test Accuracy: 673/1000(67%)
Task: 0,	 Epoch: 14/40,	 Avg.loss: 0.0010,	 Test Accuracy: 664/1000(66%)
Task: 0,	 Epoch: 15/40,	 Avg.loss: 0.0010,	 Test Accuracy: 646/1000(65%)
Task: 0,	 Epoch: 16/40,	 Avg.loss: 0.0009,	 Test Accuracy: 679/1000(68%)
Task: 0,	 Epoch: 17/40,	 Avg.loss: 0.0009,	 Test Accuracy: 671/1000(67%)
Task: 0,	 Epoch: 18/40,	 Avg.loss: 0.0009,	 Test Accuracy: 688/1000(69%)
Task: 0,	 Epoch: 19/40,	 Avg.loss: 0.0009,	 Test Accuracy: 680/1000(68%)
Task: 0,	 Epoch: 20/40,	 Avg.loss: 0.0009,	 Test Accuracy: 690/1000(69%)
Task: 0,	 Epoch: 21/40,	 Avg.loss: 0.0009,	 Test Accuracy: 686/1000(69%)
Task: 0,	 Epoch: 22/40,	 Avg.loss: 0.0009,	 Test Accuracy: 691/1000(69%)
Task: 0,	 Epoch: 23/40,	 Avg.loss: 0.0009,	 Test Accuracy: 696/1000(70%)
Task: 0,	 Epoch: 24/40,	 Avg.loss: 0.0009,	 Test Accuracy: 686/1000(69%)
Task: 0,	 Epoch: 25/40,	 Avg.loss: 0.0009,	 Test Accuracy: 692/1000(69%)
Task: 0,	 Epoch: 26/40,	 Avg.loss: 0.0009,	 Test Accuracy: 690/1000(69%)
Task: 0,	 Epoch: 27/40,	 Avg.loss: 0.0009,	 Test Accuracy: 698/1000(70%)
Task: 0,	 Epoch: 28/40,	 Avg.loss: 0.0009,	 Test Accuracy: 692/1000(69%)
Task: 0,	 Epoch: 29/40,	 Avg.loss: 0.0009,	 Test Accuracy: 697/1000(70%)
Task: 0,	 Epoch: 30/40,	 Avg.loss: 0.0009,	 Test Accuracy: 699/1000(70%)
Task: 0,	 Epoch: 31/40,	 Avg.loss: 0.0009,	 Test Accuracy: 697/1000(70%)
Task: 0,	 Epoch: 32/40,	 Avg.loss: 0.0009,	 Test Accuracy: 701/1000(70%)
Task: 0,	 Epoch: 33/40,	 Avg.loss: 0.0009,	 Test Accuracy: 696/1000(70%)
Task: 0,	 Epoch: 34/40,	 Avg.loss: 0.0009,	 Test Accuracy: 695/1000(70%)
Task: 0,	 Epoch: 35/40,	 Avg.loss: 0.0009,	 Test Accuracy: 697/1000(70%)
Task: 0,	 Epoch: 36/40,	 Avg.loss: 0.0009,	 Test Accuracy: 704/1000(70%)
Task: 0,	 Epoch: 37/40,	 Avg.loss: 0.0009,	 Test Accuracy: 699/1000(70%)
Task: 0,	 Epoch: 38/40,	 Avg.loss: 0.0009,	 Test Accuracy: 703/1000(70%)
Task: 0,	 Epoch: 39/40,	 Avg.loss: 0.0009,	 Test Accuracy: 702/1000(70%)
Trained Task:0, Loaded task:0, Accuracy:70.2%
Trained Task:0, Avg. Accuracy: 70.2 

List of avg. accuracy: [70.2]
Mask histogram
conv1_layer.0.weight: 
 tensor([20997., 10477.,  1294.,     0.,     0.,     0.,     0.,     0.,     0.,
            0.,     0.], device='cuda:0')
conv2_layer.0.weight: 
 tensor([5250., 2598.,  344.,    0.,    0.,    0.,    0.,    0.,    0.,    0.,
           0.], device='cuda:0')
conv3_layer.0.weight: 
 tensor([10382.,  5359.,   643.,     0.,     0.,     0.,     0.,     0.,     0.,
            0.,     0.], device='cuda:0')
conv4_layer.0.weight: 
 tensor([2692., 1264.,  140.,    0.,    0.,    0.,    0.,    0.,    0.,    0.,
           0.], device='cuda:0')
fc1_layer.0.weight: 
 tensor([331., 162.,  19.,   0.,   0.,   0.,   0.,   0.,   0.,   0.,   0.],
       device='cuda:0')
Head Finetuning    :Task: 1,	 Epoch: 0/40,	 Avg.loss: 0.0023,	 Test Accuracy: 118/1000(12%)
Head Finetuning    :Task: 1,	 Epoch: 1/40,	 Avg.loss: 0.0023,	 Test Accuracy: 124/1000(12%)
Head Finetuning    :Task: 1,	 Epoch: 2/40,	 Avg.loss: 0.0023,	 Test Accuracy: 127/1000(13%)
Head Finetuning    :Task: 1,	 Epoch: 3/40,	 Avg.loss: 0.0023,	 Test Accuracy: 133/1000(13%)
Head Finetuning    :Task: 1,	 Epoch: 4/40,	 Avg.loss: 0.0023,	 Test Accuracy: 137/1000(14%)
Head Finetuning    :Task: 1,	 Epoch: 5/40,	 Avg.loss: 0.0023,	 Test Accuracy: 136/1000(14%)
Head Finetuning    :Task: 1,	 Epoch: 6/40,	 Avg.loss: 0.0023,	 Test Accuracy: 136/1000(14%)
Head Finetuning    :Task: 1,	 Epoch: 7/40,	 Avg.loss: 0.0023,	 Test Accuracy: 138/1000(14%)
Head Finetuning    :Task: 1,	 Epoch: 8/40,	 Avg.loss: 0.0023,	 Test Accuracy: 138/1000(14%)
Head Finetuning    :Task: 1,	 Epoch: 9/40,	 Avg.loss: 0.0023,	 Test Accuracy: 146/1000(15%)
Head Finetuning    :Task: 1,	 Epoch: 10/40,	 Avg.loss: 0.0023,	 Test Accuracy: 147/1000(15%)
Head Finetuning    :Task: 1,	 Epoch: 11/40,	 Avg.loss: 0.0023,	 Test Accuracy: 149/1000(15%)
Head Finetuning    :Task: 1,	 Epoch: 12/40,	 Avg.loss: 0.0023,	 Test Accuracy: 155/1000(16%)
Head Finetuning    :Task: 1,	 Epoch: 13/40,	 Avg.loss: 0.0023,	 Test Accuracy: 158/1000(16%)
Head Finetuning    :Task: 1,	 Epoch: 14/40,	 Avg.loss: 0.0023,	 Test Accuracy: 160/1000(16%)
Task: 1,	 Epoch: 0/40,	 Avg.loss: 0.0017,	 Test Accuracy: 336/1000(34%)
Task: 1,	 Epoch: 1/40,	 Avg.loss: 0.0016,	 Test Accuracy: 463/1000(46%)
Task: 1,	 Epoch: 2/40,	 Avg.loss: 0.0015,	 Test Accuracy: 460/1000(46%)
Task: 1,	 Epoch: 3/40,	 Avg.loss: 0.0014,	 Test Accuracy: 490/1000(49%)
Task: 1,	 Epoch: 4/40,	 Avg.loss: 0.0014,	 Test Accuracy: 531/1000(53%)
Task: 1,	 Epoch: 5/40,	 Avg.loss: 0.0014,	 Test Accuracy: 528/1000(53%)
Task: 1,	 Epoch: 6/40,	 Avg.loss: 0.0013,	 Test Accuracy: 522/1000(52%)
Task: 1,	 Epoch: 7/40,	 Avg.loss: 0.0013,	 Test Accuracy: 538/1000(54%)
Task: 1,	 Epoch: 8/40,	 Avg.loss: 0.0013,	 Test Accuracy: 544/1000(54%)
Task: 1,	 Epoch: 9/40,	 Avg.loss: 0.0013,	 Test Accuracy: 557/1000(56%)
Task: 1,	 Epoch: 10/40,	 Avg.loss: 0.0013,	 Test Accuracy: 553/1000(55%)
Task: 1,	 Epoch: 11/40,	 Avg.loss: 0.0013,	 Test Accuracy: 574/1000(57%)
Task: 1,	 Epoch: 12/40,	 Avg.loss: 0.0013,	 Test Accuracy: 551/1000(55%)
Task: 1,	 Epoch: 13/40,	 Avg.loss: 0.0013,	 Test Accuracy: 582/1000(58%)
Task: 1,	 Epoch: 14/40,	 Avg.loss: 0.0013,	 Test Accuracy: 572/1000(57%)
Task: 1,	 Epoch: 15/40,	 Avg.loss: 0.0013,	 Test Accuracy: 574/1000(57%)
Task: 1,	 Epoch: 16/40,	 Avg.loss: 0.0013,	 Test Accuracy: 574/1000(57%)
Task: 1,	 Epoch: 17/40,	 Avg.loss: 0.0013,	 Test Accuracy: 567/1000(57%)
Task: 1,	 Epoch: 18/40,	 Avg.loss: 0.0012,	 Test Accuracy: 582/1000(58%)
Task: 1,	 Epoch: 19/40,	 Avg.loss: 0.0012,	 Test Accuracy: 563/1000(56%)
Task: 1,	 Epoch: 20/40,	 Avg.loss: 0.0012,	 Test Accuracy: 583/1000(58%)
Task: 1,	 Epoch: 21/40,	 Avg.loss: 0.0012,	 Test Accuracy: 592/1000(59%)
Task: 1,	 Epoch: 22/40,	 Avg.loss: 0.0012,	 Test Accuracy: 594/1000(59%)
Task: 1,	 Epoch: 23/40,	 Avg.loss: 0.0012,	 Test Accuracy: 594/1000(59%)
Task: 1,	 Epoch: 24/40,	 Avg.loss: 0.0012,	 Test Accuracy: 593/1000(59%)
Task: 1,	 Epoch: 25/40,	 Avg.loss: 0.0012,	 Test Accuracy: 596/1000(60%)
Task: 1,	 Epoch: 26/40,	 Avg.loss: 0.0012,	 Test Accuracy: 592/1000(59%)
Task: 1,	 Epoch: 27/40,	 Avg.loss: 0.0012,	 Test Accuracy: 595/1000(60%)
Task: 1,	 Epoch: 28/40,	 Avg.loss: 0.0012,	 Test Accuracy: 598/1000(60%)
Task: 1,	 Epoch: 29/40,	 Avg.loss: 0.0012,	 Test Accuracy: 599/1000(60%)
Task: 1,	 Epoch: 30/40,	 Avg.loss: 0.0012,	 Test Accuracy: 593/1000(59%)
Task: 1,	 Epoch: 31/40,	 Avg.loss: 0.0012,	 Test Accuracy: 596/1000(60%)
Task: 1,	 Epoch: 32/40,	 Avg.loss: 0.0012,	 Test Accuracy: 596/1000(60%)
Task: 1,	 Epoch: 33/40,	 Avg.loss: 0.0012,	 Test Accuracy: 599/1000(60%)
Task: 1,	 Epoch: 34/40,	 Avg.loss: 0.0012,	 Test Accuracy: 593/1000(59%)
Task: 1,	 Epoch: 35/40,	 Avg.loss: 0.0012,	 Test Accuracy: 598/1000(60%)
Task: 1,	 Epoch: 36/40,	 Avg.loss: 0.0012,	 Test Accuracy: 590/1000(59%)
Task: 1,	 Epoch: 37/40,	 Avg.loss: 0.0012,	 Test Accuracy: 602/1000(60%)
Task: 1,	 Epoch: 38/40,	 Avg.loss: 0.0012,	 Test Accuracy: 605/1000(61%)
Task: 1,	 Epoch: 39/40,	 Avg.loss: 0.0012,	 Test Accuracy: 604/1000(60%)
Trained Task:1, Loaded task:0, Accuracy:68.9%
