fwt.jpg
sat.jpg
MAS_SIM1_reg0.1_PTB.csv
bwt.jpg
MAS_SIM1_reg0.1_ACC.csv
MAS_SIM1_reg0.1_BWT.csv
MAS_SIM1_reg0.1_FWT.csv
ptb.jpg
acc.jpg
ipk.jpg
MAS_SIM1_reg0.1_IPK.csv
MAS_SIM1_reg0.1_SAT.csv
fwt.jpg
sat.jpg
MAS_SIM1_reg0.1_PTB.csv
bwt.jpg
MAS_SIM1_reg0.1_ACC.csv
MAS_SIM1_reg0.1_BWT.csv
MAS_SIM1_reg0.1_FWT.csv
ptb.jpg
acc.jpg
ipk.jpg
MAS_SIM1_reg0.1_IPK.csv
MAS_SIM1_reg0.1_SAT.csv
fwt.jpg
sat.jpg
MAS_SIM1_reg0.1_PTB.csv
bwt.jpg
MAS_SIM1_reg0.1_ACC.csv
MAS_SIM1_reg0.1_BWT.csv
MAS_SIM1_reg0.1_FWT.csv
ptb.jpg
acc.jpg
ipk.jpg
MAS_SIM1_reg0.1_IPK.csv
MAS_SIM1_reg0.1_SAT.csv
fwt.jpg
sat.jpg
MAS_SIM1_reg0.1_PTB.csv
bwt.jpg
MAS_SIM1_reg0.1_ACC.csv
MAS_SIM1_reg0.1_BWT.csv
MAS_SIM1_reg0.1_FWT.csv
ptb.jpg
acc.jpg
ipk.jpg
MAS_SIM1_reg0.1_IPK.csv
MAS_SIM1_reg0.1_SAT.csv
fwt.jpg
sat.jpg
MAS_SIM1_reg0.1_PTB.csv
bwt.jpg
MAS_SIM1_reg0.1_ACC.csv
MAS_SIM1_reg0.1_BWT.csv
MAS_SIM1_reg0.1_FWT.csv
ptb.jpg
acc.jpg
ipk.jpg
MAS_SIM1_reg0.1_IPK.csv
MAS_SIM1_reg0.1_SAT.csv
fwt.jpg
sat.jpg
MAS_SIM1_reg0.1_PTB.csv
bwt.jpg
MAS_SIM1_reg0.1_ACC.csv
MAS_SIM1_reg0.1_BWT.csv
MAS_SIM1_reg0.1_FWT.csv
ptb.jpg
acc.jpg
ipk.jpg
MAS_SIM1_reg0.1_IPK.csv
MAS_SIM1_reg0.1_SAT.csv
Layer        : conv1_layer.2.weight
R.histogram  : tensor([4., 6., 6., 5., 2., 1., 3., 1., 1., 3.], device='cuda:0')
R_sum max/min: 20.4/0.4
F max  		: 0.38586172461509705
O masx 		: 0.0
Layer        : conv2_layer.2.weight
R.histogram  : tensor([10., 12.,  9.,  9.,  6.,  2.,  5.,  1.,  7.,  3.], device='cuda:0')
R_sum max/min: 10.6/0.0
F max  		: 0.17807140946388245
O masx 		: 0.0
Layer        : fc1_layer.1.weight
R.histogram  : tensor([301., 135.,  48.,  17.,   4.,   2.,   2.,   1.,   1.,   1.],
       device='cuda:0')
R_sum max/min: 6.7/0.0
F max  		: 0.009651435539126396
O masx 		: 0.0
Mask histogram
conv1_layer.2.weight: 	 tensor([   0., 8192.,    0.,    0.,    0.,    0.,    0.,    0.,    0.,    0.,
           0.], device='cuda:0')
conv2_layer.2.weight: 	 tensor([2496., 1600.,    0.,    0.,    0.,    0.,    0.,    0.,    0.,    0.,
           0.], device='cuda:0')
fc1_layer.1.weight: 	 tensor([308., 204.,   0.,   0.,   0.,   0.,   0.,   0.,   0.,   0.,   0.],
       device='cuda:0')
fc_head.weight
fc_head.bias
