fwt.jpg
sat.jpg
MAS_SIM1_reg0.1_PTB.csv
bwt.jpg
MAS_SIM1_reg0.1_ACC.csv
MAS_SIM1_reg0.1_BWT.csv
MAS_SIM1_reg0.1_FWT.csv
ptb.jpg
acc.jpg
ipk.jpg
MAS_SIM1_reg0.1_IPK.csv
MAS_SIM1_reg0.1_SAT.csv
fwt.jpg
sat.jpg
MAS_SIM1_reg0.1_PTB.csv
bwt.jpg
MAS_SIM1_reg0.1_ACC.csv
MAS_SIM1_reg0.1_BWT.csv
MAS_SIM1_reg0.1_FWT.csv
ptb.jpg
acc.jpg
ipk.jpg
MAS_SIM1_reg0.1_IPK.csv
MAS_SIM1_reg0.1_SAT.csv
fwt.jpg
sat.jpg
MAS_SIM1_reg0.1_PTB.csv
bwt.jpg
MAS_SIM1_reg0.1_ACC.csv
MAS_SIM1_reg0.1_BWT.csv
MAS_SIM1_reg0.1_FWT.csv
ptb.jpg
acc.jpg
ipk.jpg
MAS_SIM1_reg0.1_IPK.csv
MAS_SIM1_reg0.1_SAT.csv
fwt.jpg
sat.jpg
MAS_SIM1_reg0.1_PTB.csv
bwt.jpg
MAS_SIM1_reg0.1_ACC.csv
MAS_SIM1_reg0.1_BWT.csv
MAS_SIM1_reg0.1_FWT.csv
ptb.jpg
acc.jpg
ipk.jpg
MAS_SIM1_reg0.1_IPK.csv
MAS_SIM1_reg0.1_SAT.csv
fwt.jpg
sat.jpg
MAS_SIM1_reg0.1_PTB.csv
bwt.jpg
MAS_SIM1_reg0.1_ACC.csv
MAS_SIM1_reg0.1_BWT.csv
MAS_SIM1_reg0.1_FWT.csv
ptb.jpg
acc.jpg
ipk.jpg
MAS_SIM1_reg0.1_IPK.csv
MAS_SIM1_reg0.1_SAT.csv
fwt.jpg
sat.jpg
MAS_SIM1_reg0.1_PTB.csv
bwt.jpg
MAS_SIM1_reg0.1_ACC.csv
MAS_SIM1_reg0.1_BWT.csv
MAS_SIM1_reg0.1_FWT.csv
ptb.jpg
acc.jpg
ipk.jpg
MAS_SIM1_reg0.1_IPK.csv
MAS_SIM1_reg0.1_SAT.csv
Layer        : conv1_layer.2.weight
R.histogram  : tensor([5., 6., 4., 6., 2., 1., 3., 1., 1., 3.], device='cuda:0')
R_sum max/min: 821.5/300.7
F max  		: 0.4119279384613037
O masx 		: 0.0
Layer        : conv2_layer.2.weight
R.histogram  : tensor([11., 14.,  7., 10.,  4.,  2.,  6.,  3.,  4.,  3.], device='cuda:0')
R_sum max/min: 1158.1/576.0
F max  		: 0.20863106846809387
O masx 		: 0.0
Layer        : fc1_layer.1.weight
R.histogram  : tensor([303., 134.,  48.,  17.,   2.,   3.,   2.,   1.,   1.,   1.],
       device='cuda:0')
R_sum max/min: 10612.7/4096.0
F max  		: 0.01116841658949852
O masx 		: 0.0
Mask histogram
conv1_layer.2.weight: 	 tensor([   0., 8192.,    0.,    0.,    0.,    0.,    0.,    0.,    0.,    0.,
           0.], device='cuda:0')
conv2_layer.2.weight: 	 tensor([2496., 1600.,    0.,    0.,    0.,    0.,    0.,    0.,    0.,    0.,
           0.], device='cuda:0')
fc1_layer.1.weight: 	 tensor([308., 204.,   0.,   0.,   0.,   0.,   0.,   0.,   0.,   0.,   0.],
       device='cuda:0')
Head Finetuning    :Task: 0,	 Epoch: 0/40,	 Avg.loss: 0.0014,	 Test Accuracy: 513/1000(51%)
Head Finetuning    :Task: 0,	 Epoch: 1/40,	 Avg.loss: 0.0012,	 Test Accuracy: 595/1000(60%)
Head Finetuning    :Task: 0,	 Epoch: 2/40,	 Avg.loss: 0.0011,	 Test Accuracy: 629/1000(63%)
Head Finetuning    :Task: 0,	 Epoch: 3/40,	 Avg.loss: 0.0010,	 Test Accuracy: 642/1000(64%)
Head Finetuning    :Task: 0,	 Epoch: 4/40,	 Avg.loss: 0.0010,	 Test Accuracy: 644/1000(64%)
Head Finetuning    :Task: 0,	 Epoch: 5/40,	 Avg.loss: 0.0010,	 Test Accuracy: 662/1000(66%)
Head Finetuning    :Task: 0,	 Epoch: 6/40,	 Avg.loss: 0.0010,	 Test Accuracy: 662/1000(66%)
Head Finetuning    :Task: 0,	 Epoch: 7/40,	 Avg.loss: 0.0010,	 Test Accuracy: 664/1000(66%)
Head Finetuning    :Task: 0,	 Epoch: 8/40,	 Avg.loss: 0.0010,	 Test Accuracy: 663/1000(66%)
Head Finetuning    :Task: 0,	 Epoch: 9/40,	 Avg.loss: 0.0009,	 Test Accuracy: 666/1000(67%)
Head Finetuning    :Task: 0,	 Epoch: 10/40,	 Avg.loss: 0.0009,	 Test Accuracy: 687/1000(69%)
Head Finetuning    :Task: 0,	 Epoch: 11/40,	 Avg.loss: 0.0009,	 Test Accuracy: 678/1000(68%)
Head Finetuning    :Task: 0,	 Epoch: 12/40,	 Avg.loss: 0.0009,	 Test Accuracy: 680/1000(68%)
Head Finetuning    :Task: 0,	 Epoch: 13/40,	 Avg.loss: 0.0009,	 Test Accuracy: 683/1000(68%)
Head Finetuning    :Task: 0,	 Epoch: 14/40,	 Avg.loss: 0.0009,	 Test Accuracy: 683/1000(68%)
Head Finetuning    :Task: 0,	 Epoch: 15/40,	 Avg.loss: 0.0009,	 Test Accuracy: 687/1000(69%)
Head Finetuning    :Task: 0,	 Epoch: 16/40,	 Avg.loss: 0.0009,	 Test Accuracy: 691/1000(69%)
Head Finetuning    :Task: 0,	 Epoch: 17/40,	 Avg.loss: 0.0009,	 Test Accuracy: 684/1000(68%)
Head Finetuning    :Task: 0,	 Epoch: 18/40,	 Avg.loss: 0.0009,	 Test Accuracy: 691/1000(69%)
Head Finetuning    :Task: 0,	 Epoch: 19/40,	 Avg.loss: 0.0009,	 Test Accuracy: 686/1000(69%)
Task: 0,	 Epoch: 0/40,	 Avg.loss: 0.0010,	 Test Accuracy: 708/1000(71%)
Task: 0,	 Epoch: 1/40,	 Avg.loss: 0.0007,	 Test Accuracy: 755/1000(76%)
Task: 0,	 Epoch: 2/40,	 Avg.loss: 0.0006,	 Test Accuracy: 791/1000(79%)
Task: 0,	 Epoch: 3/40,	 Avg.loss: 0.0007,	 Test Accuracy: 790/1000(79%)
Task: 0,	 Epoch: 4/40,	 Avg.loss: 0.0006,	 Test Accuracy: 810/1000(81%)
Task: 0,	 Epoch: 5/40,	 Avg.loss: 0.0006,	 Test Accuracy: 810/1000(81%)
Task: 0,	 Epoch: 6/40,	 Avg.loss: 0.0006,	 Test Accuracy: 818/1000(82%)
Task: 0,	 Epoch: 7/40,	 Avg.loss: 0.0005,	 Test Accuracy: 827/1000(83%)
Task: 0,	 Epoch: 8/40,	 Avg.loss: 0.0006,	 Test Accuracy: 825/1000(83%)
Task: 0,	 Epoch: 9/40,	 Avg.loss: 0.0006,	 Test Accuracy: 821/1000(82%)
Task: 0,	 Epoch: 10/40,	 Avg.loss: 0.0006,	 Test Accuracy: 824/1000(82%)
Task: 0,	 Epoch: 11/40,	 Avg.loss: 0.0006,	 Test Accuracy: 815/1000(82%)
Task: 0,	 Epoch: 12/40,	 Avg.loss: 0.0006,	 Test Accuracy: 832/1000(83%)
Task: 0,	 Epoch: 13/40,	 Avg.loss: 0.0006,	 Test Accuracy: 826/1000(83%)
Task: 0,	 Epoch: 14/40,	 Avg.loss: 0.0006,	 Test Accuracy: 827/1000(83%)
Task: 0,	 Epoch: 15/40,	 Avg.loss: 0.0006,	 Test Accuracy: 831/1000(83%)
Task: 0,	 Epoch: 16/40,	 Avg.loss: 0.0005,	 Test Accuracy: 834/1000(83%)
Task: 0,	 Epoch: 17/40,	 Avg.loss: 0.0005,	 Test Accuracy: 849/1000(85%)
Task: 0,	 Epoch: 18/40,	 Avg.loss: 0.0006,	 Test Accuracy: 827/1000(83%)
Task: 0,	 Epoch: 19/40,	 Avg.loss: 0.0005,	 Test Accuracy: 838/1000(84%)
Task: 0,	 Epoch: 20/40,	 Avg.loss: 0.0005,	 Test Accuracy: 861/1000(86%)
Task: 0,	 Epoch: 21/40,	 Avg.loss: 0.0005,	 Test Accuracy: 860/1000(86%)
Task: 0,	 Epoch: 22/40,	 Avg.loss: 0.0005,	 Test Accuracy: 857/1000(86%)
Task: 0,	 Epoch: 23/40,	 Avg.loss: 0.0005,	 Test Accuracy: 856/1000(86%)
Task: 0,	 Epoch: 24/40,	 Avg.loss: 0.0005,	 Test Accuracy: 860/1000(86%)
Task: 0,	 Epoch: 25/40,	 Avg.loss: 0.0005,	 Test Accuracy: 865/1000(87%)
Task: 0,	 Epoch: 26/40,	 Avg.loss: 0.0005,	 Test Accuracy: 862/1000(86%)
Task: 0,	 Epoch: 27/40,	 Avg.loss: 0.0005,	 Test Accuracy: 859/1000(86%)
Task: 0,	 Epoch: 28/40,	 Avg.loss: 0.0005,	 Test Accuracy: 866/1000(87%)
Task: 0,	 Epoch: 29/40,	 Avg.loss: 0.0005,	 Test Accuracy: 861/1000(86%)
Task: 0,	 Epoch: 30/40,	 Avg.loss: 0.0005,	 Test Accuracy: 863/1000(86%)
Task: 0,	 Epoch: 31/40,	 Avg.loss: 0.0005,	 Test Accuracy: 859/1000(86%)
Task: 0,	 Epoch: 32/40,	 Avg.loss: 0.0005,	 Test Accuracy: 862/1000(86%)
Task: 0,	 Epoch: 33/40,	 Avg.loss: 0.0005,	 Test Accuracy: 862/1000(86%)
Task: 0,	 Epoch: 34/40,	 Avg.loss: 0.0005,	 Test Accuracy: 858/1000(86%)
Task: 0,	 Epoch: 35/40,	 Avg.loss: 0.0005,	 Test Accuracy: 864/1000(86%)
Task: 0,	 Epoch: 36/40,	 Avg.loss: 0.0005,	 Test Accuracy: 857/1000(86%)
Task: 0,	 Epoch: 37/40,	 Avg.loss: 0.0005,	 Test Accuracy: 857/1000(86%)
Task: 0,	 Epoch: 38/40,	 Avg.loss: 0.0005,	 Test Accuracy: 856/1000(86%)
Task: 0,	 Epoch: 39/40,	 Avg.loss: 0.0005,	 Test Accuracy: 860/1000(86%)
