Layer        : conv1_layer.2.weight
Sum Omega    : 9216.0
W.num_zeros  : 0/9216
F.num_zeros  : 288/9216
O.num_zeros  : 0/9216
Max Fisher   : 1.0
Max Omega    : 1.0
Min Fisher   : 0.0
Min Omega    : 1.0
Max Relevance: 0.6000000238418579
Layer        : conv2_layer.2.weight
Sum Omega    : 36864.0
W.num_zeros  : 0/36864
F.num_zeros  : 9015/36864
O.num_zeros  : 0/36864
Max Fisher   : 1.0
Max Omega    : 1.0
Min Fisher   : 0.0
Min Omega    : 1.0
Max Relevance: 0.6000000238418579
Layer        : fc1_layer.0.weight
Sum Omega    : 2097152.0
W.num_zeros  : 0/2097152
F.num_zeros  : 1274235/2097152
O.num_zeros  : 0/2097152
Max Fisher   : 1.0
Max Omega    : 1.0
Min Fisher   : 0.0
Min Omega    : 1.0
Max Relevance: 0.6000000238418579
Mask histogram conv1_layer.2.weight: 	 tensor([   0., 8192.,    0.,    0.,    0.,    0.,    0.,    0.,    0.,    0.],
       device='cuda:0')
Mask histogram conv2_layer.2.weight: 	 tensor([   0., 4096.,    0.,    0.,    0.,    0.,    0.,    0.,    0.,    0.],
       device='cuda:0')
Mask histogram fc1_layer.0.weight: 	 tensor([256., 256.,   0.,   0.,   0.,   0.,   0.,   0.,   0.,   0.],
       device='cuda:0')
Task: 0,	 Epoch: 0/80,	 Avg.loss: 0.0010,	 Accuracy: 664/1000(66%)
Task: 0,	 Epoch: 1/80,	 Avg.loss: 0.0008,	 Accuracy: 752/1000(75%)
Task: 0,	 Epoch: 2/80,	 Avg.loss: 0.0007,	 Accuracy: 782/1000(78%)
Task: 0,	 Epoch: 3/80,	 Avg.loss: 0.0006,	 Accuracy: 797/1000(80%)
Task: 0,	 Epoch: 4/80,	 Avg.loss: 0.0006,	 Accuracy: 787/1000(79%)
Task: 0,	 Epoch: 5/80,	 Avg.loss: 0.0006,	 Accuracy: 815/1000(82%)
Task: 0,	 Epoch: 6/80,	 Avg.loss: 0.0006,	 Accuracy: 802/1000(80%)
Task: 0,	 Epoch: 7/80,	 Avg.loss: 0.0006,	 Accuracy: 811/1000(81%)
Task: 0,	 Epoch: 8/80,	 Avg.loss: 0.0005,	 Accuracy: 816/1000(82%)
Task: 0,	 Epoch: 9/80,	 Avg.loss: 0.0006,	 Accuracy: 820/1000(82%)
Task: 0,	 Epoch: 10/80,	 Avg.loss: 0.0005,	 Accuracy: 822/1000(82%)
Task: 0,	 Epoch: 11/80,	 Avg.loss: 0.0005,	 Accuracy: 818/1000(82%)
Task: 0,	 Epoch: 12/80,	 Avg.loss: 0.0006,	 Accuracy: 822/1000(82%)
Task: 0,	 Epoch: 13/80,	 Avg.loss: 0.0006,	 Accuracy: 824/1000(82%)
Task: 0,	 Epoch: 14/80,	 Avg.loss: 0.0006,	 Accuracy: 817/1000(82%)
Task: 0,	 Epoch: 15/80,	 Avg.loss: 0.0006,	 Accuracy: 808/1000(81%)
Task: 0,	 Epoch: 16/80,	 Avg.loss: 0.0005,	 Accuracy: 819/1000(82%)
Task: 0,	 Epoch: 17/80,	 Avg.loss: 0.0005,	 Accuracy: 833/1000(83%)
Task: 0,	 Epoch: 18/80,	 Avg.loss: 0.0006,	 Accuracy: 825/1000(83%)
Task: 0,	 Epoch: 19/80,	 Avg.loss: 0.0005,	 Accuracy: 839/1000(84%)
Task: 0,	 Epoch: 20/80,	 Avg.loss: 0.0006,	 Accuracy: 833/1000(83%)
Task: 0,	 Epoch: 21/80,	 Avg.loss: 0.0006,	 Accuracy: 828/1000(83%)
Task: 0,	 Epoch: 22/80,	 Avg.loss: 0.0006,	 Accuracy: 831/1000(83%)
Task: 0,	 Epoch: 23/80,	 Avg.loss: 0.0006,	 Accuracy: 848/1000(85%)
Task: 0,	 Epoch: 24/80,	 Avg.loss: 0.0006,	 Accuracy: 827/1000(83%)
Task: 0,	 Epoch: 25/80,	 Avg.loss: 0.0006,	 Accuracy: 838/1000(84%)
Task: 0,	 Epoch: 26/80,	 Avg.loss: 0.0006,	 Accuracy: 833/1000(83%)
Task: 0,	 Epoch: 27/80,	 Avg.loss: 0.0007,	 Accuracy: 816/1000(82%)
Task: 0,	 Epoch: 28/80,	 Avg.loss: 0.0006,	 Accuracy: 843/1000(84%)
Task: 0,	 Epoch: 29/80,	 Avg.loss: 0.0006,	 Accuracy: 849/1000(85%)
Task: 0,	 Epoch: 30/80,	 Avg.loss: 0.0006,	 Accuracy: 833/1000(83%)
Task: 0,	 Epoch: 31/80,	 Avg.loss: 0.0006,	 Accuracy: 852/1000(85%)
Task: 0,	 Epoch: 32/80,	 Avg.loss: 0.0006,	 Accuracy: 832/1000(83%)
Task: 0,	 Epoch: 33/80,	 Avg.loss: 0.0006,	 Accuracy: 841/1000(84%)
Task: 0,	 Epoch: 34/80,	 Avg.loss: 0.0006,	 Accuracy: 833/1000(83%)
Task: 0,	 Epoch: 35/80,	 Avg.loss: 0.0006,	 Accuracy: 849/1000(85%)
Task: 0,	 Epoch: 36/80,	 Avg.loss: 0.0006,	 Accuracy: 843/1000(84%)
Task: 0,	 Epoch: 37/80,	 Avg.loss: 0.0007,	 Accuracy: 842/1000(84%)
Task: 0,	 Epoch: 38/80,	 Avg.loss: 0.0006,	 Accuracy: 839/1000(84%)
Task: 0,	 Epoch: 39/80,	 Avg.loss: 0.0007,	 Accuracy: 833/1000(83%)
Task: 0,	 Epoch: 40/80,	 Avg.loss: 0.0006,	 Accuracy: 846/1000(85%)
Task: 0,	 Epoch: 41/80,	 Avg.loss: 0.0006,	 Accuracy: 853/1000(85%)
Task: 0,	 Epoch: 42/80,	 Avg.loss: 0.0006,	 Accuracy: 854/1000(85%)
Task: 0,	 Epoch: 43/80,	 Avg.loss: 0.0006,	 Accuracy: 856/1000(86%)
Task: 0,	 Epoch: 44/80,	 Avg.loss: 0.0006,	 Accuracy: 860/1000(86%)
Task: 0,	 Epoch: 45/80,	 Avg.loss: 0.0006,	 Accuracy: 872/1000(87%)
Task: 0,	 Epoch: 46/80,	 Avg.loss: 0.0007,	 Accuracy: 854/1000(85%)
Task: 0,	 Epoch: 47/80,	 Avg.loss: 0.0007,	 Accuracy: 857/1000(86%)
Task: 0,	 Epoch: 48/80,	 Avg.loss: 0.0007,	 Accuracy: 856/1000(86%)
Task: 0,	 Epoch: 49/80,	 Avg.loss: 0.0006,	 Accuracy: 856/1000(86%)
Task: 0,	 Epoch: 50/80,	 Avg.loss: 0.0006,	 Accuracy: 863/1000(86%)
Task: 0,	 Epoch: 51/80,	 Avg.loss: 0.0006,	 Accuracy: 866/1000(87%)
Task: 0,	 Epoch: 52/80,	 Avg.loss: 0.0006,	 Accuracy: 867/1000(87%)
Task: 0,	 Epoch: 53/80,	 Avg.loss: 0.0006,	 Accuracy: 866/1000(87%)
Task: 0,	 Epoch: 54/80,	 Avg.loss: 0.0006,	 Accuracy: 870/1000(87%)
Task: 0,	 Epoch: 55/80,	 Avg.loss: 0.0006,	 Accuracy: 864/1000(86%)
Task: 0,	 Epoch: 56/80,	 Avg.loss: 0.0006,	 Accuracy: 869/1000(87%)
Task: 0,	 Epoch: 57/80,	 Avg.loss: 0.0006,	 Accuracy: 862/1000(86%)
Task: 0,	 Epoch: 58/80,	 Avg.loss: 0.0006,	 Accuracy: 868/1000(87%)
Task: 0,	 Epoch: 59/80,	 Avg.loss: 0.0006,	 Accuracy: 860/1000(86%)
Task: 0,	 Epoch: 60/80,	 Avg.loss: 0.0006,	 Accuracy: 867/1000(87%)
Task: 0,	 Epoch: 61/80,	 Avg.loss: 0.0006,	 Accuracy: 867/1000(87%)
Task: 0,	 Epoch: 62/80,	 Avg.loss: 0.0006,	 Accuracy: 863/1000(86%)
Task: 0,	 Epoch: 63/80,	 Avg.loss: 0.0006,	 Accuracy: 864/1000(86%)
Task: 0,	 Epoch: 64/80,	 Avg.loss: 0.0006,	 Accuracy: 866/1000(87%)
Task: 0,	 Epoch: 65/80,	 Avg.loss: 0.0006,	 Accuracy: 860/1000(86%)
Task: 0,	 Epoch: 66/80,	 Avg.loss: 0.0006,	 Accuracy: 864/1000(86%)
Task: 0,	 Epoch: 67/80,	 Avg.loss: 0.0006,	 Accuracy: 870/1000(87%)
Task: 0,	 Epoch: 68/80,	 Avg.loss: 0.0006,	 Accuracy: 859/1000(86%)
Task: 0,	 Epoch: 69/80,	 Avg.loss: 0.0006,	 Accuracy: 868/1000(87%)
Task: 0,	 Epoch: 70/80,	 Avg.loss: 0.0006,	 Accuracy: 866/1000(87%)
Task: 0,	 Epoch: 71/80,	 Avg.loss: 0.0006,	 Accuracy: 865/1000(87%)
Task: 0,	 Epoch: 72/80,	 Avg.loss: 0.0006,	 Accuracy: 865/1000(87%)
Task: 0,	 Epoch: 73/80,	 Avg.loss: 0.0007,	 Accuracy: 866/1000(87%)
Task: 0,	 Epoch: 74/80,	 Avg.loss: 0.0006,	 Accuracy: 871/1000(87%)
Task: 0,	 Epoch: 75/80,	 Avg.loss: 0.0006,	 Accuracy: 863/1000(86%)
Task: 0,	 Epoch: 76/80,	 Avg.loss: 0.0007,	 Accuracy: 863/1000(86%)
Task: 0,	 Epoch: 77/80,	 Avg.loss: 0.0006,	 Accuracy: 861/1000(86%)
Task: 0,	 Epoch: 78/80,	 Avg.loss: 0.0007,	 Accuracy: 870/1000(87%)
Task: 0,	 Epoch: 79/80,	 Avg.loss: 0.0007,	 Accuracy: 866/1000(87%)
Task: 0,	 Epoch: -1/80,	 Avg.loss: 0.0007,	 Accuracy: 866/1000(87%)
Trained Task:0, Loaded task:0, Accuracy:86.6%
Trained Task:0, Avg. Accuracy: 86.6 

Layer        : conv1_layer.2.weight
Sum Omega    : 582.2481689453125
W.num_zeros  : 0/9216
F.num_zeros  : 288/9216
O.num_zeros  : 288/9216
Max Fisher   : 1.0
Max Omega    : 1.0
Min Fisher   : 0.0
Min Omega    : 0.0
Max Relevance: 0.7642536163330078
Layer        : conv2_layer.2.weight
Sum Omega    : 2003.5601806640625
W.num_zeros  : 0/36864
F.num_zeros  : 9061/36864
O.num_zeros  : 9060/36864
Max Fisher   : 1.0
Max Omega    : 1.0
Min Fisher   : 0.0
Min Omega    : 0.0
Max Relevance: 0.6000000238418579
Layer        : fc1_layer.0.weight
Sum Omega    : 36836.703125
W.num_zeros  : 0/2097152
F.num_zeros  : 1256732/2097152
O.num_zeros  : 1310525/2097152
Max Fisher   : 1.0
Max Omega    : 1.0
Min Fisher   : 0.0
Min Omega    : 0.0
Max Relevance: 0.9846082329750061
Mask histogram conv1_layer.2.weight: 	 tensor([   0.,    0., 8192.,    0.,    0.,    0.,    0.,    0.,    0.,    0.],
       device='cuda:0')
Mask histogram conv2_layer.2.weight: 	 tensor([   0.,    0., 4096.,    0.,    0.,    0.,    0.,    0.,    0.,    0.],
       device='cuda:0')
Mask histogram fc1_layer.0.weight: 	 tensor([213.,  86., 213.,   0.,   0.,   0.,   0.,   0.,   0.,   0.],
       device='cuda:0')
Task: 1,	 Epoch: 0/80,	 Avg.loss: 0.0010,	 Accuracy: 672/1000(67%)
Task: 1,	 Epoch: 1/80,	 Avg.loss: 0.0010,	 Accuracy: 661/1000(66%)
Task: 1,	 Epoch: 2/80,	 Avg.loss: 0.0009,	 Accuracy: 694/1000(69%)
Task: 1,	 Epoch: 3/80,	 Avg.loss: 0.0010,	 Accuracy: 689/1000(69%)
Task: 1,	 Epoch: 4/80,	 Avg.loss: 0.0009,	 Accuracy: 703/1000(70%)
Task: 1,	 Epoch: 5/80,	 Avg.loss: 0.0009,	 Accuracy: 695/1000(70%)
Task: 1,	 Epoch: 6/80,	 Avg.loss: 0.0008,	 Accuracy: 720/1000(72%)
Task: 1,	 Epoch: 7/80,	 Avg.loss: 0.0009,	 Accuracy: 712/1000(71%)
Task: 1,	 Epoch: 8/80,	 Avg.loss: 0.0008,	 Accuracy: 719/1000(72%)
Task: 1,	 Epoch: 9/80,	 Avg.loss: 0.0008,	 Accuracy: 729/1000(73%)
Task: 1,	 Epoch: 10/80,	 Avg.loss: 0.0009,	 Accuracy: 696/1000(70%)
Task: 1,	 Epoch: 11/80,	 Avg.loss: 0.0008,	 Accuracy: 729/1000(73%)
Task: 1,	 Epoch: 12/80,	 Avg.loss: 0.0009,	 Accuracy: 719/1000(72%)
Task: 1,	 Epoch: 13/80,	 Avg.loss: 0.0008,	 Accuracy: 725/1000(72%)
Task: 1,	 Epoch: 14/80,	 Avg.loss: 0.0008,	 Accuracy: 734/1000(73%)
Task: 1,	 Epoch: 15/80,	 Avg.loss: 0.0008,	 Accuracy: 758/1000(76%)
Task: 1,	 Epoch: 16/80,	 Avg.loss: 0.0008,	 Accuracy: 748/1000(75%)
Task: 1,	 Epoch: 17/80,	 Avg.loss: 0.0008,	 Accuracy: 749/1000(75%)
Task: 1,	 Epoch: 18/80,	 Avg.loss: 0.0007,	 Accuracy: 752/1000(75%)
Task: 1,	 Epoch: 19/80,	 Avg.loss: 0.0008,	 Accuracy: 740/1000(74%)
Task: 1,	 Epoch: 20/80,	 Avg.loss: 0.0008,	 Accuracy: 733/1000(73%)
Task: 1,	 Epoch: 21/80,	 Avg.loss: 0.0008,	 Accuracy: 725/1000(72%)
Task: 1,	 Epoch: 22/80,	 Avg.loss: 0.0007,	 Accuracy: 756/1000(76%)
Task: 1,	 Epoch: 23/80,	 Avg.loss: 0.0007,	 Accuracy: 753/1000(75%)
Task: 1,	 Epoch: 24/80,	 Avg.loss: 0.0007,	 Accuracy: 756/1000(76%)
Task: 1,	 Epoch: 25/80,	 Avg.loss: 0.0008,	 Accuracy: 746/1000(75%)
Task: 1,	 Epoch: 26/80,	 Avg.loss: 0.0007,	 Accuracy: 755/1000(76%)
Task: 1,	 Epoch: 27/80,	 Avg.loss: 0.0007,	 Accuracy: 760/1000(76%)
Task: 1,	 Epoch: 28/80,	 Avg.loss: 0.0008,	 Accuracy: 750/1000(75%)
Task: 1,	 Epoch: 29/80,	 Avg.loss: 0.0007,	 Accuracy: 750/1000(75%)
Task: 1,	 Epoch: 30/80,	 Avg.loss: 0.0008,	 Accuracy: 757/1000(76%)
Task: 1,	 Epoch: 31/80,	 Avg.loss: 0.0008,	 Accuracy: 746/1000(75%)
Task: 1,	 Epoch: 32/80,	 Avg.loss: 0.0008,	 Accuracy: 758/1000(76%)
Task: 1,	 Epoch: 33/80,	 Avg.loss: 0.0007,	 Accuracy: 753/1000(75%)
Task: 1,	 Epoch: 34/80,	 Avg.loss: 0.0007,	 Accuracy: 766/1000(77%)
Task: 1,	 Epoch: 35/80,	 Avg.loss: 0.0007,	 Accuracy: 758/1000(76%)
Task: 1,	 Epoch: 36/80,	 Avg.loss: 0.0007,	 Accuracy: 764/1000(76%)
Task: 1,	 Epoch: 37/80,	 Avg.loss: 0.0007,	 Accuracy: 769/1000(77%)
Task: 1,	 Epoch: 38/80,	 Avg.loss: 0.0008,	 Accuracy: 740/1000(74%)
Task: 1,	 Epoch: 39/80,	 Avg.loss: 0.0007,	 Accuracy: 762/1000(76%)
Task: 1,	 Epoch: 40/80,	 Avg.loss: 0.0007,	 Accuracy: 755/1000(76%)
Task: 1,	 Epoch: 41/80,	 Avg.loss: 0.0007,	 Accuracy: 773/1000(77%)
Task: 1,	 Epoch: 42/80,	 Avg.loss: 0.0008,	 Accuracy: 757/1000(76%)
Task: 1,	 Epoch: 43/80,	 Avg.loss: 0.0007,	 Accuracy: 762/1000(76%)
Task: 1,	 Epoch: 44/80,	 Avg.loss: 0.0007,	 Accuracy: 763/1000(76%)
Task: 1,	 Epoch: 45/80,	 Avg.loss: 0.0007,	 Accuracy: 765/1000(76%)
Task: 1,	 Epoch: 46/80,	 Avg.loss: 0.0008,	 Accuracy: 747/1000(75%)
Task: 1,	 Epoch: 47/80,	 Avg.loss: 0.0007,	 Accuracy: 758/1000(76%)
Task: 1,	 Epoch: 48/80,	 Avg.loss: 0.0007,	 Accuracy: 766/1000(77%)
Task: 1,	 Epoch: 49/80,	 Avg.loss: 0.0007,	 Accuracy: 773/1000(77%)
Task: 1,	 Epoch: 50/80,	 Avg.loss: 0.0007,	 Accuracy: 772/1000(77%)
Task: 1,	 Epoch: 51/80,	 Avg.loss: 0.0007,	 Accuracy: 769/1000(77%)
Task: 1,	 Epoch: 52/80,	 Avg.loss: 0.0007,	 Accuracy: 776/1000(78%)
Task: 1,	 Epoch: 53/80,	 Avg.loss: 0.0007,	 Accuracy: 773/1000(77%)
Task: 1,	 Epoch: 54/80,	 Avg.loss: 0.0007,	 Accuracy: 775/1000(78%)
Task: 1,	 Epoch: 55/80,	 Avg.loss: 0.0007,	 Accuracy: 781/1000(78%)
Task: 1,	 Epoch: 56/80,	 Avg.loss: 0.0007,	 Accuracy: 774/1000(77%)
Task: 1,	 Epoch: 57/80,	 Avg.loss: 0.0007,	 Accuracy: 773/1000(77%)
Task: 1,	 Epoch: 58/80,	 Avg.loss: 0.0007,	 Accuracy: 777/1000(78%)
Task: 1,	 Epoch: 59/80,	 Avg.loss: 0.0007,	 Accuracy: 777/1000(78%)
Task: 1,	 Epoch: 60/80,	 Avg.loss: 0.0007,	 Accuracy: 776/1000(78%)
Task: 1,	 Epoch: 61/80,	 Avg.loss: 0.0007,	 Accuracy: 781/1000(78%)
Task: 1,	 Epoch: 62/80,	 Avg.loss: 0.0007,	 Accuracy: 774/1000(77%)
Task: 1,	 Epoch: 63/80,	 Avg.loss: 0.0007,	 Accuracy: 772/1000(77%)
Task: 1,	 Epoch: 64/80,	 Avg.loss: 0.0007,	 Accuracy: 771/1000(77%)
Task: 1,	 Epoch: 65/80,	 Avg.loss: 0.0007,	 Accuracy: 770/1000(77%)
Task: 1,	 Epoch: 66/80,	 Avg.loss: 0.0007,	 Accuracy: 776/1000(78%)
Task: 1,	 Epoch: 67/80,	 Avg.loss: 0.0007,	 Accuracy: 779/1000(78%)
Task: 1,	 Epoch: 68/80,	 Avg.loss: 0.0007,	 Accuracy: 781/1000(78%)
Task: 1,	 Epoch: 69/80,	 Avg.loss: 0.0007,	 Accuracy: 777/1000(78%)
Task: 1,	 Epoch: 70/80,	 Avg.loss: 0.0007,	 Accuracy: 777/1000(78%)
Task: 1,	 Epoch: 71/80,	 Avg.loss: 0.0007,	 Accuracy: 777/1000(78%)
Task: 1,	 Epoch: 72/80,	 Avg.loss: 0.0007,	 Accuracy: 777/1000(78%)
Task: 1,	 Epoch: 73/80,	 Avg.loss: 0.0007,	 Accuracy: 772/1000(77%)
Task: 1,	 Epoch: 74/80,	 Avg.loss: 0.0007,	 Accuracy: 773/1000(77%)
Task: 1,	 Epoch: 75/80,	 Avg.loss: 0.0007,	 Accuracy: 772/1000(77%)
Task: 1,	 Epoch: 76/80,	 Avg.loss: 0.0007,	 Accuracy: 779/1000(78%)
Task: 1,	 Epoch: 77/80,	 Avg.loss: 0.0007,	 Accuracy: 779/1000(78%)
Task: 1,	 Epoch: 78/80,	 Avg.loss: 0.0007,	 Accuracy: 771/1000(77%)
Task: 1,	 Epoch: 79/80,	 Avg.loss: 0.0007,	 Accuracy: 773/1000(77%)
Task: 0,	 Epoch: -1/80,	 Avg.loss: 0.0008,	 Accuracy: 844/1000(84%)
Trained Task:1, Loaded task:0, Accuracy:84.4%
Task: 1,	 Epoch: -1/80,	 Avg.loss: 0.0007,	 Accuracy: 773/1000(77%)
Trained Task:1, Loaded task:1, Accuracy:77.3%
Trained Task:1, Avg. Accuracy: 80.9 

Layer        : conv1_layer.2.weight
Sum Omega    : 607.8017578125
W.num_zeros  : 0/9216
F.num_zeros  : 288/9216
O.num_zeros  : 288/9216
Max Fisher   : 1.0
Max Omega    : 1.0
Min Fisher   : 0.0
Min Omega    : 0.0
Max Relevance: 0.7349293828010559
Layer        : conv2_layer.2.weight
Sum Omega    : 2058.1650390625
W.num_zeros  : 0/36864
F.num_zeros  : 8525/36864
O.num_zeros  : 8560/36864
Max Fisher   : 1.0
Max Omega    : 1.0
Min Fisher   : 0.0
Min Omega    : 0.0
Max Relevance: 0.7555250525474548
Layer        : fc1_layer.0.weight
Sum Omega    : 36751.0546875
W.num_zeros  : 0/2097152
F.num_zeros  : 1233439/2097152
O.num_zeros  : 1241018/2097152
Max Fisher   : 1.0
Max Omega    : 1.0
Min Fisher   : 0.0
Min Omega    : 0.0
Max Relevance: 0.9024583697319031
Mask histogram conv1_layer.2.weight: 	 tensor([   0.,    0.,    0., 8192.,    0.,    0.,    0.,    0.,    0.,    0.],
       device='cuda:0')
Mask histogram conv2_layer.2.weight: 	 tensor([   0.,    0.,    0., 4096.,    0.,    0.,    0.,    0.,    0.,    0.],
       device='cuda:0')
Mask histogram fc1_layer.0.weight: 	 tensor([113., 141., 147., 111.,   0.,   0.,   0.,   0.,   0.,   0.],
       device='cuda:0')
Task: 2,	 Epoch: 0/80,	 Avg.loss: 0.0011,	 Accuracy: 647/1000(65%)
Task: 2,	 Epoch: 1/80,	 Avg.loss: 0.0011,	 Accuracy: 644/1000(64%)
Task: 2,	 Epoch: 2/80,	 Avg.loss: 0.0009,	 Accuracy: 715/1000(72%)
Task: 2,	 Epoch: 3/80,	 Avg.loss: 0.0009,	 Accuracy: 709/1000(71%)
Task: 2,	 Epoch: 4/80,	 Avg.loss: 0.0010,	 Accuracy: 703/1000(70%)
Task: 2,	 Epoch: 5/80,	 Avg.loss: 0.0009,	 Accuracy: 718/1000(72%)
Task: 2,	 Epoch: 6/80,	 Avg.loss: 0.0009,	 Accuracy: 706/1000(71%)
Task: 2,	 Epoch: 7/80,	 Avg.loss: 0.0010,	 Accuracy: 672/1000(67%)
Task: 2,	 Epoch: 8/80,	 Avg.loss: 0.0009,	 Accuracy: 725/1000(72%)
Task: 2,	 Epoch: 9/80,	 Avg.loss: 0.0009,	 Accuracy: 719/1000(72%)
Task: 2,	 Epoch: 10/80,	 Avg.loss: 0.0008,	 Accuracy: 731/1000(73%)
Task: 2,	 Epoch: 11/80,	 Avg.loss: 0.0009,	 Accuracy: 722/1000(72%)
Task: 2,	 Epoch: 12/80,	 Avg.loss: 0.0009,	 Accuracy: 734/1000(73%)
Task: 2,	 Epoch: 13/80,	 Avg.loss: 0.0009,	 Accuracy: 719/1000(72%)
Task: 2,	 Epoch: 14/80,	 Avg.loss: 0.0009,	 Accuracy: 718/1000(72%)
Task: 2,	 Epoch: 15/80,	 Avg.loss: 0.0009,	 Accuracy: 707/1000(71%)
Task: 2,	 Epoch: 16/80,	 Avg.loss: 0.0008,	 Accuracy: 725/1000(72%)
Task: 2,	 Epoch: 17/80,	 Avg.loss: 0.0008,	 Accuracy: 742/1000(74%)
Task: 2,	 Epoch: 18/80,	 Avg.loss: 0.0009,	 Accuracy: 721/1000(72%)
Task: 2,	 Epoch: 19/80,	 Avg.loss: 0.0009,	 Accuracy: 733/1000(73%)
Task: 2,	 Epoch: 20/80,	 Avg.loss: 0.0008,	 Accuracy: 733/1000(73%)
Task: 2,	 Epoch: 21/80,	 Avg.loss: 0.0008,	 Accuracy: 730/1000(73%)
Task: 2,	 Epoch: 22/80,	 Avg.loss: 0.0008,	 Accuracy: 724/1000(72%)
Task: 2,	 Epoch: 23/80,	 Avg.loss: 0.0008,	 Accuracy: 753/1000(75%)
Task: 2,	 Epoch: 24/80,	 Avg.loss: 0.0008,	 Accuracy: 734/1000(73%)
Task: 2,	 Epoch: 25/80,	 Avg.loss: 0.0008,	 Accuracy: 740/1000(74%)
Task: 2,	 Epoch: 26/80,	 Avg.loss: 0.0008,	 Accuracy: 740/1000(74%)
Task: 2,	 Epoch: 27/80,	 Avg.loss: 0.0008,	 Accuracy: 741/1000(74%)
Task: 2,	 Epoch: 28/80,	 Avg.loss: 0.0008,	 Accuracy: 742/1000(74%)
Task: 2,	 Epoch: 29/80,	 Avg.loss: 0.0008,	 Accuracy: 744/1000(74%)
Task: 2,	 Epoch: 30/80,	 Avg.loss: 0.0008,	 Accuracy: 741/1000(74%)
Task: 2,	 Epoch: 31/80,	 Avg.loss: 0.0008,	 Accuracy: 743/1000(74%)
Task: 2,	 Epoch: 32/80,	 Avg.loss: 0.0008,	 Accuracy: 729/1000(73%)
Task: 2,	 Epoch: 33/80,	 Avg.loss: 0.0008,	 Accuracy: 750/1000(75%)
Task: 2,	 Epoch: 34/80,	 Avg.loss: 0.0009,	 Accuracy: 733/1000(73%)
Task: 2,	 Epoch: 35/80,	 Avg.loss: 0.0008,	 Accuracy: 743/1000(74%)
Task: 2,	 Epoch: 36/80,	 Avg.loss: 0.0008,	 Accuracy: 745/1000(74%)
Task: 2,	 Epoch: 37/80,	 Avg.loss: 0.0008,	 Accuracy: 750/1000(75%)
Task: 2,	 Epoch: 38/80,	 Avg.loss: 0.0008,	 Accuracy: 752/1000(75%)
Task: 2,	 Epoch: 39/80,	 Avg.loss: 0.0008,	 Accuracy: 753/1000(75%)
Task: 2,	 Epoch: 40/80,	 Avg.loss: 0.0008,	 Accuracy: 753/1000(75%)
Task: 2,	 Epoch: 41/80,	 Avg.loss: 0.0008,	 Accuracy: 750/1000(75%)
Task: 2,	 Epoch: 42/80,	 Avg.loss: 0.0008,	 Accuracy: 745/1000(74%)
Task: 2,	 Epoch: 43/80,	 Avg.loss: 0.0009,	 Accuracy: 718/1000(72%)
Task: 2,	 Epoch: 44/80,	 Avg.loss: 0.0008,	 Accuracy: 750/1000(75%)
Task: 2,	 Epoch: 45/80,	 Avg.loss: 0.0008,	 Accuracy: 752/1000(75%)
Task: 2,	 Epoch: 46/80,	 Avg.loss: 0.0008,	 Accuracy: 752/1000(75%)
Task: 2,	 Epoch: 47/80,	 Avg.loss: 0.0008,	 Accuracy: 753/1000(75%)
Task: 2,	 Epoch: 48/80,	 Avg.loss: 0.0008,	 Accuracy: 761/1000(76%)
Task: 2,	 Epoch: 49/80,	 Avg.loss: 0.0008,	 Accuracy: 747/1000(75%)
Task: 2,	 Epoch: 50/80,	 Avg.loss: 0.0008,	 Accuracy: 765/1000(76%)
Task: 2,	 Epoch: 51/80,	 Avg.loss: 0.0008,	 Accuracy: 763/1000(76%)
Task: 2,	 Epoch: 52/80,	 Avg.loss: 0.0008,	 Accuracy: 766/1000(77%)
Task: 2,	 Epoch: 53/80,	 Avg.loss: 0.0007,	 Accuracy: 768/1000(77%)
Task: 2,	 Epoch: 54/80,	 Avg.loss: 0.0008,	 Accuracy: 766/1000(77%)
Task: 2,	 Epoch: 55/80,	 Avg.loss: 0.0008,	 Accuracy: 762/1000(76%)
Task: 2,	 Epoch: 56/80,	 Avg.loss: 0.0008,	 Accuracy: 769/1000(77%)
Task: 2,	 Epoch: 57/80,	 Avg.loss: 0.0008,	 Accuracy: 767/1000(77%)
Task: 2,	 Epoch: 58/80,	 Avg.loss: 0.0007,	 Accuracy: 767/1000(77%)
Task: 2,	 Epoch: 59/80,	 Avg.loss: 0.0008,	 Accuracy: 769/1000(77%)
Task: 2,	 Epoch: 60/80,	 Avg.loss: 0.0008,	 Accuracy: 762/1000(76%)
Task: 2,	 Epoch: 61/80,	 Avg.loss: 0.0008,	 Accuracy: 762/1000(76%)
Task: 2,	 Epoch: 62/80,	 Avg.loss: 0.0008,	 Accuracy: 762/1000(76%)
Task: 2,	 Epoch: 63/80,	 Avg.loss: 0.0007,	 Accuracy: 764/1000(76%)
Task: 2,	 Epoch: 64/80,	 Avg.loss: 0.0007,	 Accuracy: 762/1000(76%)
Task: 2,	 Epoch: 65/80,	 Avg.loss: 0.0008,	 Accuracy: 760/1000(76%)
Task: 2,	 Epoch: 66/80,	 Avg.loss: 0.0007,	 Accuracy: 768/1000(77%)
Task: 2,	 Epoch: 67/80,	 Avg.loss: 0.0007,	 Accuracy: 765/1000(76%)
Task: 2,	 Epoch: 68/80,	 Avg.loss: 0.0008,	 Accuracy: 768/1000(77%)
Task: 2,	 Epoch: 69/80,	 Avg.loss: 0.0007,	 Accuracy: 765/1000(76%)
Task: 2,	 Epoch: 70/80,	 Avg.loss: 0.0007,	 Accuracy: 768/1000(77%)
Task: 2,	 Epoch: 71/80,	 Avg.loss: 0.0008,	 Accuracy: 761/1000(76%)
Task: 2,	 Epoch: 72/80,	 Avg.loss: 0.0007,	 Accuracy: 767/1000(77%)
Task: 2,	 Epoch: 73/80,	 Avg.loss: 0.0008,	 Accuracy: 762/1000(76%)
Task: 2,	 Epoch: 74/80,	 Avg.loss: 0.0008,	 Accuracy: 762/1000(76%)
Task: 2,	 Epoch: 75/80,	 Avg.loss: 0.0008,	 Accuracy: 763/1000(76%)
Task: 2,	 Epoch: 76/80,	 Avg.loss: 0.0008,	 Accuracy: 763/1000(76%)
Task: 2,	 Epoch: 77/80,	 Avg.loss: 0.0008,	 Accuracy: 761/1000(76%)
Task: 2,	 Epoch: 78/80,	 Avg.loss: 0.0007,	 Accuracy: 765/1000(76%)
Task: 2,	 Epoch: 79/80,	 Avg.loss: 0.0007,	 Accuracy: 768/1000(77%)
Task: 0,	 Epoch: -1/80,	 Avg.loss: 0.0008,	 Accuracy: 851/1000(85%)
Trained Task:2, Loaded task:0, Accuracy:85.1%
Task: 1,	 Epoch: -1/80,	 Avg.loss: 0.0007,	 Accuracy: 780/1000(78%)
Trained Task:2, Loaded task:1, Accuracy:78.0%
Task: 2,	 Epoch: -1/80,	 Avg.loss: 0.0007,	 Accuracy: 768/1000(77%)
Trained Task:2, Loaded task:2, Accuracy:76.8%
Trained Task:2, Avg. Accuracy: 80.0 

Layer        : conv1_layer.2.weight
Sum Omega    : 651.6621704101562
W.num_zeros  : 0/9216
F.num_zeros  : 288/9216
O.num_zeros  : 288/9216
Max Fisher   : 1.0
Max Omega    : 1.0
Min Fisher   : 0.0
Min Omega    : 0.0
Max Relevance: 0.6473996043205261
Layer        : conv2_layer.2.weight
Sum Omega    : 2159.443603515625
W.num_zeros  : 0/36864
F.num_zeros  : 8562/36864
O.num_zeros  : 8516/36864
Max Fisher   : 1.0
Max Omega    : 1.0
Min Fisher   : 0.0
Min Omega    : 0.0
Max Relevance: 0.6000000238418579
Layer        : fc1_layer.0.weight
Sum Omega    : 31123.310546875
W.num_zeros  : 0/2097152
F.num_zeros  : 1229458/2097152
O.num_zeros  : 1230908/2097152
Max Fisher   : 1.0
Max Omega    : 1.0
Min Fisher   : 0.0
Min Omega    : 0.0
Max Relevance: 0.9820430278778076
Mask histogram conv1_layer.2.weight: 	 tensor([   0.,    0.,    0.,    0., 8192.,    0.,    0.,    0.,    0.,    0.],
       device='cuda:0')
Mask histogram conv2_layer.2.weight: 	 tensor([   0.,    0.,    0.,    0., 4096.,    0.,    0.,    0.,    0.,    0.],
       device='cuda:0')
Mask histogram fc1_layer.0.weight: 	 tensor([113.,  76., 121., 102., 100.,   0.,   0.,   0.,   0.,   0.],
       device='cuda:0')
Task: 3,	 Epoch: 0/80,	 Avg.loss: 0.0012,	 Accuracy: 619/1000(62%)
Task: 3,	 Epoch: 1/80,	 Avg.loss: 0.0010,	 Accuracy: 662/1000(66%)
Task: 3,	 Epoch: 2/80,	 Avg.loss: 0.0010,	 Accuracy: 675/1000(68%)
Task: 3,	 Epoch: 3/80,	 Avg.loss: 0.0009,	 Accuracy: 688/1000(69%)
Task: 3,	 Epoch: 4/80,	 Avg.loss: 0.0010,	 Accuracy: 654/1000(65%)
Task: 3,	 Epoch: 5/80,	 Avg.loss: 0.0010,	 Accuracy: 679/1000(68%)
Task: 3,	 Epoch: 6/80,	 Avg.loss: 0.0009,	 Accuracy: 708/1000(71%)
Task: 3,	 Epoch: 7/80,	 Avg.loss: 0.0009,	 Accuracy: 690/1000(69%)
Task: 3,	 Epoch: 8/80,	 Avg.loss: 0.0009,	 Accuracy: 705/1000(70%)
Task: 3,	 Epoch: 9/80,	 Avg.loss: 0.0009,	 Accuracy: 710/1000(71%)
Task: 3,	 Epoch: 10/80,	 Avg.loss: 0.0009,	 Accuracy: 715/1000(72%)
Task: 3,	 Epoch: 11/80,	 Avg.loss: 0.0008,	 Accuracy: 728/1000(73%)
Task: 3,	 Epoch: 12/80,	 Avg.loss: 0.0008,	 Accuracy: 730/1000(73%)
Task: 3,	 Epoch: 13/80,	 Avg.loss: 0.0009,	 Accuracy: 711/1000(71%)
Task: 3,	 Epoch: 14/80,	 Avg.loss: 0.0009,	 Accuracy: 700/1000(70%)
Task: 3,	 Epoch: 15/80,	 Avg.loss: 0.0009,	 Accuracy: 715/1000(72%)
Task: 3,	 Epoch: 16/80,	 Avg.loss: 0.0009,	 Accuracy: 699/1000(70%)
Task: 3,	 Epoch: 17/80,	 Avg.loss: 0.0009,	 Accuracy: 701/1000(70%)
Task: 3,	 Epoch: 18/80,	 Avg.loss: 0.0009,	 Accuracy: 705/1000(70%)
Task: 3,	 Epoch: 19/80,	 Avg.loss: 0.0009,	 Accuracy: 699/1000(70%)
Task: 3,	 Epoch: 20/80,	 Avg.loss: 0.0009,	 Accuracy: 716/1000(72%)
Task: 3,	 Epoch: 21/80,	 Avg.loss: 0.0008,	 Accuracy: 724/1000(72%)
Task: 3,	 Epoch: 22/80,	 Avg.loss: 0.0008,	 Accuracy: 719/1000(72%)
Task: 3,	 Epoch: 23/80,	 Avg.loss: 0.0008,	 Accuracy: 704/1000(70%)
Task: 3,	 Epoch: 24/80,	 Avg.loss: 0.0009,	 Accuracy: 704/1000(70%)
Task: 3,	 Epoch: 25/80,	 Avg.loss: 0.0008,	 Accuracy: 732/1000(73%)
Task: 3,	 Epoch: 26/80,	 Avg.loss: 0.0008,	 Accuracy: 722/1000(72%)
Task: 3,	 Epoch: 27/80,	 Avg.loss: 0.0008,	 Accuracy: 714/1000(71%)
Task: 3,	 Epoch: 28/80,	 Avg.loss: 0.0008,	 Accuracy: 719/1000(72%)
Task: 3,	 Epoch: 29/80,	 Avg.loss: 0.0008,	 Accuracy: 730/1000(73%)
Task: 3,	 Epoch: 30/80,	 Avg.loss: 0.0008,	 Accuracy: 724/1000(72%)
Task: 3,	 Epoch: 31/80,	 Avg.loss: 0.0009,	 Accuracy: 718/1000(72%)
Task: 3,	 Epoch: 32/80,	 Avg.loss: 0.0009,	 Accuracy: 713/1000(71%)
Task: 3,	 Epoch: 33/80,	 Avg.loss: 0.0009,	 Accuracy: 712/1000(71%)
Task: 3,	 Epoch: 34/80,	 Avg.loss: 0.0009,	 Accuracy: 698/1000(70%)
Task: 3,	 Epoch: 35/80,	 Avg.loss: 0.0009,	 Accuracy: 714/1000(71%)
Task: 3,	 Epoch: 36/80,	 Avg.loss: 0.0008,	 Accuracy: 722/1000(72%)
Task: 3,	 Epoch: 37/80,	 Avg.loss: 0.0009,	 Accuracy: 723/1000(72%)
Task: 3,	 Epoch: 38/80,	 Avg.loss: 0.0009,	 Accuracy: 703/1000(70%)
Task: 3,	 Epoch: 39/80,	 Avg.loss: 0.0009,	 Accuracy: 713/1000(71%)
Task: 3,	 Epoch: 40/80,	 Avg.loss: 0.0009,	 Accuracy: 701/1000(70%)
Task: 3,	 Epoch: 41/80,	 Avg.loss: 0.0008,	 Accuracy: 722/1000(72%)
Task: 3,	 Epoch: 42/80,	 Avg.loss: 0.0009,	 Accuracy: 716/1000(72%)
Task: 3,	 Epoch: 43/80,	 Avg.loss: 0.0009,	 Accuracy: 713/1000(71%)
Task: 3,	 Epoch: 44/80,	 Avg.loss: 0.0009,	 Accuracy: 713/1000(71%)
Task: 3,	 Epoch: 45/80,	 Avg.loss: 0.0009,	 Accuracy: 722/1000(72%)
Task: 3,	 Epoch: 46/80,	 Avg.loss: 0.0009,	 Accuracy: 702/1000(70%)
Task: 3,	 Epoch: 47/80,	 Avg.loss: 0.0009,	 Accuracy: 725/1000(72%)
Task: 3,	 Epoch: 48/80,	 Avg.loss: 0.0008,	 Accuracy: 741/1000(74%)
Task: 3,	 Epoch: 49/80,	 Avg.loss: 0.0009,	 Accuracy: 709/1000(71%)
Task: 3,	 Epoch: 50/80,	 Avg.loss: 0.0008,	 Accuracy: 742/1000(74%)
Task: 3,	 Epoch: 51/80,	 Avg.loss: 0.0008,	 Accuracy: 739/1000(74%)
Task: 3,	 Epoch: 52/80,	 Avg.loss: 0.0008,	 Accuracy: 749/1000(75%)
Task: 3,	 Epoch: 53/80,	 Avg.loss: 0.0008,	 Accuracy: 749/1000(75%)
Task: 3,	 Epoch: 54/80,	 Avg.loss: 0.0008,	 Accuracy: 756/1000(76%)
Task: 3,	 Epoch: 55/80,	 Avg.loss: 0.0008,	 Accuracy: 758/1000(76%)
Task: 3,	 Epoch: 56/80,	 Avg.loss: 0.0008,	 Accuracy: 753/1000(75%)
Task: 3,	 Epoch: 57/80,	 Avg.loss: 0.0008,	 Accuracy: 748/1000(75%)
Task: 3,	 Epoch: 58/80,	 Avg.loss: 0.0008,	 Accuracy: 755/1000(76%)
Task: 3,	 Epoch: 59/80,	 Avg.loss: 0.0008,	 Accuracy: 756/1000(76%)
Task: 3,	 Epoch: 60/80,	 Avg.loss: 0.0008,	 Accuracy: 764/1000(76%)
Task: 3,	 Epoch: 61/80,	 Avg.loss: 0.0008,	 Accuracy: 750/1000(75%)
Task: 3,	 Epoch: 62/80,	 Avg.loss: 0.0008,	 Accuracy: 757/1000(76%)
Task: 3,	 Epoch: 63/80,	 Avg.loss: 0.0008,	 Accuracy: 755/1000(76%)
Task: 3,	 Epoch: 64/80,	 Avg.loss: 0.0008,	 Accuracy: 751/1000(75%)
Task: 3,	 Epoch: 65/80,	 Avg.loss: 0.0008,	 Accuracy: 750/1000(75%)
Task: 3,	 Epoch: 66/80,	 Avg.loss: 0.0008,	 Accuracy: 756/1000(76%)
Task: 3,	 Epoch: 67/80,	 Avg.loss: 0.0008,	 Accuracy: 754/1000(75%)
Task: 3,	 Epoch: 68/80,	 Avg.loss: 0.0008,	 Accuracy: 755/1000(76%)
Task: 3,	 Epoch: 69/80,	 Avg.loss: 0.0008,	 Accuracy: 753/1000(75%)
Task: 3,	 Epoch: 70/80,	 Avg.loss: 0.0008,	 Accuracy: 752/1000(75%)
Task: 3,	 Epoch: 71/80,	 Avg.loss: 0.0008,	 Accuracy: 747/1000(75%)
Task: 3,	 Epoch: 72/80,	 Avg.loss: 0.0008,	 Accuracy: 756/1000(76%)
Task: 3,	 Epoch: 73/80,	 Avg.loss: 0.0008,	 Accuracy: 752/1000(75%)
Task: 3,	 Epoch: 74/80,	 Avg.loss: 0.0008,	 Accuracy: 747/1000(75%)
Task: 3,	 Epoch: 75/80,	 Avg.loss: 0.0008,	 Accuracy: 755/1000(76%)
Task: 3,	 Epoch: 76/80,	 Avg.loss: 0.0008,	 Accuracy: 753/1000(75%)
Task: 3,	 Epoch: 77/80,	 Avg.loss: 0.0008,	 Accuracy: 759/1000(76%)
Task: 3,	 Epoch: 78/80,	 Avg.loss: 0.0008,	 Accuracy: 752/1000(75%)
Task: 3,	 Epoch: 79/80,	 Avg.loss: 0.0008,	 Accuracy: 754/1000(75%)
Task: 0,	 Epoch: -1/80,	 Avg.loss: 0.0008,	 Accuracy: 850/1000(85%)
Trained Task:3, Loaded task:0, Accuracy:85.0%
Task: 1,	 Epoch: -1/80,	 Avg.loss: 0.0008,	 Accuracy: 743/1000(74%)
Trained Task:3, Loaded task:1, Accuracy:74.3%
Task: 2,	 Epoch: -1/80,	 Avg.loss: 0.0009,	 Accuracy: 734/1000(73%)
Trained Task:3, Loaded task:2, Accuracy:73.4%
Task: 3,	 Epoch: -1/80,	 Avg.loss: 0.0008,	 Accuracy: 754/1000(75%)
Trained Task:3, Loaded task:3, Accuracy:75.4%
Trained Task:3, Avg. Accuracy: 77.0 

Layer        : conv1_layer.2.weight
Sum Omega    : 655.132080078125
W.num_zeros  : 0/9216
F.num_zeros  : 288/9216
O.num_zeros  : 288/9216
Max Fisher   : 1.0
Max Omega    : 1.0
Min Fisher   : 0.0
Min Omega    : 0.0
Max Relevance: 0.8605369329452515
Layer        : conv2_layer.2.weight
Sum Omega    : 2126.2314453125
W.num_zeros  : 0/36864
F.num_zeros  : 7983/36864
O.num_zeros  : 7940/36864
Max Fisher   : 1.0
Max Omega    : 1.0
Min Fisher   : 0.0
Min Omega    : 0.0
Max Relevance: 0.8300666213035583
Layer        : fc1_layer.0.weight
Sum Omega    : 32681.18359375
W.num_zeros  : 0/2097152
F.num_zeros  : 1211214/2097152
O.num_zeros  : 1218945/2097152
Max Fisher   : 1.0
Max Omega    : 1.0
Min Fisher   : 0.0
Min Omega    : 0.0
Max Relevance: 0.9606245160102844
Mask histogram conv1_layer.2.weight: 	 tensor([   0.,    0.,    0.,    0.,    0., 8192.,    0.,    0.,    0.,    0.],
       device='cuda:0')
Mask histogram conv2_layer.2.weight: 	 tensor([   0.,    0.,    0.,    0.,    0., 4096.,    0.,    0.,    0.,    0.],
       device='cuda:0')
Mask histogram fc1_layer.0.weight: 	 tensor([104.,  40., 102., 105.,  84.,  77.,   0.,   0.,   0.,   0.],
       device='cuda:0')
Task: 4,	 Epoch: 0/80,	 Avg.loss: 0.0011,	 Accuracy: 621/1000(62%)
Task: 4,	 Epoch: 1/80,	 Avg.loss: 0.0010,	 Accuracy: 684/1000(68%)
Task: 4,	 Epoch: 2/80,	 Avg.loss: 0.0009,	 Accuracy: 687/1000(69%)
Task: 4,	 Epoch: 3/80,	 Avg.loss: 0.0008,	 Accuracy: 732/1000(73%)
Task: 4,	 Epoch: 4/80,	 Avg.loss: 0.0008,	 Accuracy: 727/1000(73%)
Task: 4,	 Epoch: 5/80,	 Avg.loss: 0.0008,	 Accuracy: 733/1000(73%)
Task: 4,	 Epoch: 6/80,	 Avg.loss: 0.0008,	 Accuracy: 740/1000(74%)
Task: 4,	 Epoch: 7/80,	 Avg.loss: 0.0008,	 Accuracy: 751/1000(75%)
Task: 4,	 Epoch: 8/80,	 Avg.loss: 0.0008,	 Accuracy: 757/1000(76%)
Task: 4,	 Epoch: 9/80,	 Avg.loss: 0.0007,	 Accuracy: 753/1000(75%)
Task: 4,	 Epoch: 10/80,	 Avg.loss: 0.0008,	 Accuracy: 754/1000(75%)
Task: 4,	 Epoch: 11/80,	 Avg.loss: 0.0007,	 Accuracy: 753/1000(75%)
Task: 4,	 Epoch: 12/80,	 Avg.loss: 0.0008,	 Accuracy: 745/1000(74%)
Task: 4,	 Epoch: 13/80,	 Avg.loss: 0.0007,	 Accuracy: 757/1000(76%)
Task: 4,	 Epoch: 14/80,	 Avg.loss: 0.0007,	 Accuracy: 753/1000(75%)
Task: 4,	 Epoch: 15/80,	 Avg.loss: 0.0008,	 Accuracy: 769/1000(77%)
Task: 4,	 Epoch: 16/80,	 Avg.loss: 0.0007,	 Accuracy: 748/1000(75%)
Task: 4,	 Epoch: 17/80,	 Avg.loss: 0.0007,	 Accuracy: 753/1000(75%)
Task: 4,	 Epoch: 18/80,	 Avg.loss: 0.0007,	 Accuracy: 752/1000(75%)
Task: 4,	 Epoch: 19/80,	 Avg.loss: 0.0007,	 Accuracy: 756/1000(76%)
Task: 4,	 Epoch: 20/80,	 Avg.loss: 0.0008,	 Accuracy: 743/1000(74%)
Task: 4,	 Epoch: 21/80,	 Avg.loss: 0.0007,	 Accuracy: 759/1000(76%)
Task: 4,	 Epoch: 22/80,	 Avg.loss: 0.0007,	 Accuracy: 755/1000(76%)
Task: 4,	 Epoch: 23/80,	 Avg.loss: 0.0007,	 Accuracy: 760/1000(76%)
Task: 4,	 Epoch: 24/80,	 Avg.loss: 0.0007,	 Accuracy: 757/1000(76%)
Task: 4,	 Epoch: 25/80,	 Avg.loss: 0.0007,	 Accuracy: 745/1000(74%)
Task: 4,	 Epoch: 26/80,	 Avg.loss: 0.0008,	 Accuracy: 741/1000(74%)
Task: 4,	 Epoch: 27/80,	 Avg.loss: 0.0007,	 Accuracy: 767/1000(77%)
Task: 4,	 Epoch: 28/80,	 Avg.loss: 0.0007,	 Accuracy: 751/1000(75%)
Task: 4,	 Epoch: 29/80,	 Avg.loss: 0.0007,	 Accuracy: 758/1000(76%)
Task: 4,	 Epoch: 30/80,	 Avg.loss: 0.0007,	 Accuracy: 766/1000(77%)
Task: 4,	 Epoch: 31/80,	 Avg.loss: 0.0007,	 Accuracy: 763/1000(76%)
Task: 4,	 Epoch: 32/80,	 Avg.loss: 0.0007,	 Accuracy: 754/1000(75%)
Task: 4,	 Epoch: 33/80,	 Avg.loss: 0.0008,	 Accuracy: 765/1000(76%)
Task: 4,	 Epoch: 34/80,	 Avg.loss: 0.0007,	 Accuracy: 756/1000(76%)
Task: 4,	 Epoch: 35/80,	 Avg.loss: 0.0007,	 Accuracy: 764/1000(76%)
Task: 4,	 Epoch: 36/80,	 Avg.loss: 0.0007,	 Accuracy: 769/1000(77%)
Task: 4,	 Epoch: 37/80,	 Avg.loss: 0.0008,	 Accuracy: 743/1000(74%)
Task: 4,	 Epoch: 38/80,	 Avg.loss: 0.0007,	 Accuracy: 756/1000(76%)
Task: 4,	 Epoch: 39/80,	 Avg.loss: 0.0007,	 Accuracy: 769/1000(77%)
Task: 4,	 Epoch: 40/80,	 Avg.loss: 0.0007,	 Accuracy: 766/1000(77%)
Task: 4,	 Epoch: 41/80,	 Avg.loss: 0.0007,	 Accuracy: 770/1000(77%)
Task: 4,	 Epoch: 42/80,	 Avg.loss: 0.0007,	 Accuracy: 768/1000(77%)
Task: 4,	 Epoch: 43/80,	 Avg.loss: 0.0007,	 Accuracy: 759/1000(76%)
Task: 4,	 Epoch: 44/80,	 Avg.loss: 0.0007,	 Accuracy: 770/1000(77%)
Task: 4,	 Epoch: 45/80,	 Avg.loss: 0.0008,	 Accuracy: 756/1000(76%)
Task: 4,	 Epoch: 46/80,	 Avg.loss: 0.0007,	 Accuracy: 757/1000(76%)
Task: 4,	 Epoch: 47/80,	 Avg.loss: 0.0007,	 Accuracy: 772/1000(77%)
Task: 4,	 Epoch: 48/80,	 Avg.loss: 0.0007,	 Accuracy: 757/1000(76%)
Task: 4,	 Epoch: 49/80,	 Avg.loss: 0.0007,	 Accuracy: 756/1000(76%)
Task: 4,	 Epoch: 50/80,	 Avg.loss: 0.0007,	 Accuracy: 782/1000(78%)
Task: 4,	 Epoch: 51/80,	 Avg.loss: 0.0007,	 Accuracy: 786/1000(79%)
Task: 4,	 Epoch: 52/80,	 Avg.loss: 0.0007,	 Accuracy: 783/1000(78%)
Task: 4,	 Epoch: 53/80,	 Avg.loss: 0.0007,	 Accuracy: 794/1000(79%)
Task: 4,	 Epoch: 54/80,	 Avg.loss: 0.0007,	 Accuracy: 788/1000(79%)
Task: 4,	 Epoch: 55/80,	 Avg.loss: 0.0007,	 Accuracy: 793/1000(79%)
Task: 4,	 Epoch: 56/80,	 Avg.loss: 0.0007,	 Accuracy: 790/1000(79%)
Task: 4,	 Epoch: 57/80,	 Avg.loss: 0.0007,	 Accuracy: 789/1000(79%)
Task: 4,	 Epoch: 58/80,	 Avg.loss: 0.0007,	 Accuracy: 787/1000(79%)
Task: 4,	 Epoch: 59/80,	 Avg.loss: 0.0007,	 Accuracy: 790/1000(79%)
Task: 4,	 Epoch: 60/80,	 Avg.loss: 0.0007,	 Accuracy: 789/1000(79%)
Task: 4,	 Epoch: 61/80,	 Avg.loss: 0.0007,	 Accuracy: 786/1000(79%)
Task: 4,	 Epoch: 62/80,	 Avg.loss: 0.0007,	 Accuracy: 786/1000(79%)
Task: 4,	 Epoch: 63/80,	 Avg.loss: 0.0007,	 Accuracy: 790/1000(79%)
Task: 4,	 Epoch: 64/80,	 Avg.loss: 0.0007,	 Accuracy: 781/1000(78%)
Task: 4,	 Epoch: 65/80,	 Avg.loss: 0.0007,	 Accuracy: 785/1000(78%)
Task: 4,	 Epoch: 66/80,	 Avg.loss: 0.0007,	 Accuracy: 787/1000(79%)
Task: 4,	 Epoch: 67/80,	 Avg.loss: 0.0007,	 Accuracy: 786/1000(79%)
Task: 4,	 Epoch: 68/80,	 Avg.loss: 0.0007,	 Accuracy: 790/1000(79%)
Task: 4,	 Epoch: 69/80,	 Avg.loss: 0.0007,	 Accuracy: 786/1000(79%)
Task: 4,	 Epoch: 70/80,	 Avg.loss: 0.0007,	 Accuracy: 781/1000(78%)
Task: 4,	 Epoch: 71/80,	 Avg.loss: 0.0007,	 Accuracy: 795/1000(80%)
Task: 4,	 Epoch: 72/80,	 Avg.loss: 0.0007,	 Accuracy: 791/1000(79%)
Task: 4,	 Epoch: 73/80,	 Avg.loss: 0.0007,	 Accuracy: 794/1000(79%)
Task: 4,	 Epoch: 74/80,	 Avg.loss: 0.0007,	 Accuracy: 798/1000(80%)
Task: 4,	 Epoch: 75/80,	 Avg.loss: 0.0007,	 Accuracy: 789/1000(79%)
Task: 4,	 Epoch: 76/80,	 Avg.loss: 0.0007,	 Accuracy: 780/1000(78%)
Task: 4,	 Epoch: 77/80,	 Avg.loss: 0.0007,	 Accuracy: 792/1000(79%)
Task: 4,	 Epoch: 78/80,	 Avg.loss: 0.0007,	 Accuracy: 788/1000(79%)
Task: 4,	 Epoch: 79/80,	 Avg.loss: 0.0007,	 Accuracy: 798/1000(80%)
Task: 0,	 Epoch: -1/80,	 Avg.loss: 0.0012,	 Accuracy: 814/1000(81%)
Trained Task:4, Loaded task:0, Accuracy:81.4%
Task: 1,	 Epoch: -1/80,	 Avg.loss: 0.0009,	 Accuracy: 734/1000(73%)
Trained Task:4, Loaded task:1, Accuracy:73.4%
Task: 2,	 Epoch: -1/80,	 Avg.loss: 0.0010,	 Accuracy: 718/1000(72%)
Trained Task:4, Loaded task:2, Accuracy:71.8%
Task: 3,	 Epoch: -1/80,	 Avg.loss: 0.0008,	 Accuracy: 745/1000(74%)
Trained Task:4, Loaded task:3, Accuracy:74.5%
Task: 4,	 Epoch: -1/80,	 Avg.loss: 0.0007,	 Accuracy: 798/1000(80%)
Trained Task:4, Loaded task:4, Accuracy:79.8%
Trained Task:4, Avg. Accuracy: 76.2 

Layer        : conv1_layer.2.weight
Sum Omega    : 687.863525390625
W.num_zeros  : 0/9216
F.num_zeros  : 288/9216
O.num_zeros  : 288/9216
Max Fisher   : 1.0
Max Omega    : 1.0
Min Fisher   : 0.0
Min Omega    : 0.0
Max Relevance: 0.8569150567054749
Layer        : conv2_layer.2.weight
Sum Omega    : 2262.30712890625
W.num_zeros  : 0/36864
F.num_zeros  : 7488/36864
O.num_zeros  : 7488/36864
Max Fisher   : 1.0
Max Omega    : 1.0
Min Fisher   : 0.0
Min Omega    : 0.0
Max Relevance: 0.9359888434410095
Layer        : fc1_layer.0.weight
Sum Omega    : 35895.27734375
W.num_zeros  : 0/2097152
F.num_zeros  : 1193078/2097152
O.num_zeros  : 1207007/2097152
Max Fisher   : 1.0
Max Omega    : 1.0
Min Fisher   : 0.0
Min Omega    : 0.0
Max Relevance: 0.9635743498802185
Mask histogram conv1_layer.2.weight: 	 tensor([   0.,    0.,    0.,    0.,    0.,    0., 8192.,    0.,    0.,    0.],
       device='cuda:0')
Mask histogram conv2_layer.2.weight: 	 tensor([   0.,    0.,    0.,    0.,    0.,    0., 4096.,    0.,    0.,    0.],
       device='cuda:0')
Mask histogram fc1_layer.0.weight: 	 tensor([104.,  34.,  80.,  53.,  95.,  73.,  73.,   0.,   0.,   0.],
       device='cuda:0')
Task: 5,	 Epoch: 0/80,	 Avg.loss: 0.0012,	 Accuracy: 619/1000(62%)
Task: 5,	 Epoch: 1/80,	 Avg.loss: 0.0010,	 Accuracy: 671/1000(67%)
Task: 5,	 Epoch: 2/80,	 Avg.loss: 0.0009,	 Accuracy: 701/1000(70%)
Task: 5,	 Epoch: 3/80,	 Avg.loss: 0.0009,	 Accuracy: 698/1000(70%)
Task: 5,	 Epoch: 4/80,	 Avg.loss: 0.0008,	 Accuracy: 710/1000(71%)
Task: 5,	 Epoch: 5/80,	 Avg.loss: 0.0009,	 Accuracy: 696/1000(70%)
Task: 5,	 Epoch: 6/80,	 Avg.loss: 0.0008,	 Accuracy: 708/1000(71%)
Task: 5,	 Epoch: 7/80,	 Avg.loss: 0.0008,	 Accuracy: 721/1000(72%)
Task: 5,	 Epoch: 8/80,	 Avg.loss: 0.0008,	 Accuracy: 723/1000(72%)
Task: 5,	 Epoch: 9/80,	 Avg.loss: 0.0008,	 Accuracy: 727/1000(73%)
Task: 5,	 Epoch: 10/80,	 Avg.loss: 0.0008,	 Accuracy: 723/1000(72%)
Task: 5,	 Epoch: 11/80,	 Avg.loss: 0.0008,	 Accuracy: 720/1000(72%)
Task: 5,	 Epoch: 12/80,	 Avg.loss: 0.0007,	 Accuracy: 753/1000(75%)
Task: 5,	 Epoch: 13/80,	 Avg.loss: 0.0008,	 Accuracy: 737/1000(74%)
Task: 5,	 Epoch: 14/80,	 Avg.loss: 0.0007,	 Accuracy: 743/1000(74%)
Task: 5,	 Epoch: 15/80,	 Avg.loss: 0.0007,	 Accuracy: 746/1000(75%)
Task: 5,	 Epoch: 16/80,	 Avg.loss: 0.0008,	 Accuracy: 738/1000(74%)
Task: 5,	 Epoch: 17/80,	 Avg.loss: 0.0007,	 Accuracy: 729/1000(73%)
Task: 5,	 Epoch: 18/80,	 Avg.loss: 0.0007,	 Accuracy: 747/1000(75%)
Task: 5,	 Epoch: 19/80,	 Avg.loss: 0.0007,	 Accuracy: 734/1000(73%)
Task: 5,	 Epoch: 20/80,	 Avg.loss: 0.0008,	 Accuracy: 726/1000(73%)
Task: 5,	 Epoch: 21/80,	 Avg.loss: 0.0008,	 Accuracy: 720/1000(72%)
Task: 5,	 Epoch: 22/80,	 Avg.loss: 0.0007,	 Accuracy: 738/1000(74%)
Task: 5,	 Epoch: 23/80,	 Avg.loss: 0.0008,	 Accuracy: 736/1000(74%)
Task: 5,	 Epoch: 24/80,	 Avg.loss: 0.0007,	 Accuracy: 734/1000(73%)
Task: 5,	 Epoch: 25/80,	 Avg.loss: 0.0007,	 Accuracy: 742/1000(74%)
Task: 5,	 Epoch: 26/80,	 Avg.loss: 0.0007,	 Accuracy: 729/1000(73%)
Task: 5,	 Epoch: 27/80,	 Avg.loss: 0.0007,	 Accuracy: 749/1000(75%)
Task: 5,	 Epoch: 28/80,	 Avg.loss: 0.0007,	 Accuracy: 733/1000(73%)
Task: 5,	 Epoch: 29/80,	 Avg.loss: 0.0007,	 Accuracy: 729/1000(73%)
Task: 5,	 Epoch: 30/80,	 Avg.loss: 0.0007,	 Accuracy: 733/1000(73%)
Task: 5,	 Epoch: 31/80,	 Avg.loss: 0.0008,	 Accuracy: 708/1000(71%)
Task: 5,	 Epoch: 32/80,	 Avg.loss: 0.0007,	 Accuracy: 748/1000(75%)
Task: 5,	 Epoch: 33/80,	 Avg.loss: 0.0007,	 Accuracy: 739/1000(74%)
Task: 5,	 Epoch: 34/80,	 Avg.loss: 0.0007,	 Accuracy: 727/1000(73%)
Task: 5,	 Epoch: 35/80,	 Avg.loss: 0.0007,	 Accuracy: 747/1000(75%)
Task: 5,	 Epoch: 36/80,	 Avg.loss: 0.0007,	 Accuracy: 733/1000(73%)
Task: 5,	 Epoch: 37/80,	 Avg.loss: 0.0007,	 Accuracy: 745/1000(74%)
Task: 5,	 Epoch: 38/80,	 Avg.loss: 0.0007,	 Accuracy: 731/1000(73%)
Task: 5,	 Epoch: 39/80,	 Avg.loss: 0.0007,	 Accuracy: 730/1000(73%)
Task: 5,	 Epoch: 40/80,	 Avg.loss: 0.0007,	 Accuracy: 748/1000(75%)
Task: 5,	 Epoch: 41/80,	 Avg.loss: 0.0007,	 Accuracy: 751/1000(75%)
Task: 5,	 Epoch: 42/80,	 Avg.loss: 0.0007,	 Accuracy: 748/1000(75%)
Task: 5,	 Epoch: 43/80,	 Avg.loss: 0.0007,	 Accuracy: 756/1000(76%)
Task: 5,	 Epoch: 44/80,	 Avg.loss: 0.0007,	 Accuracy: 755/1000(76%)
Task: 5,	 Epoch: 45/80,	 Avg.loss: 0.0007,	 Accuracy: 748/1000(75%)
Task: 5,	 Epoch: 46/80,	 Avg.loss: 0.0007,	 Accuracy: 750/1000(75%)
Task: 5,	 Epoch: 47/80,	 Avg.loss: 0.0007,	 Accuracy: 747/1000(75%)
Task: 5,	 Epoch: 48/80,	 Avg.loss: 0.0007,	 Accuracy: 746/1000(75%)
Task: 5,	 Epoch: 49/80,	 Avg.loss: 0.0007,	 Accuracy: 750/1000(75%)
Task: 5,	 Epoch: 50/80,	 Avg.loss: 0.0007,	 Accuracy: 751/1000(75%)
Task: 5,	 Epoch: 51/80,	 Avg.loss: 0.0007,	 Accuracy: 749/1000(75%)
Task: 5,	 Epoch: 52/80,	 Avg.loss: 0.0007,	 Accuracy: 755/1000(76%)
Task: 5,	 Epoch: 53/80,	 Avg.loss: 0.0007,	 Accuracy: 757/1000(76%)
Task: 5,	 Epoch: 54/80,	 Avg.loss: 0.0007,	 Accuracy: 755/1000(76%)
Task: 5,	 Epoch: 55/80,	 Avg.loss: 0.0006,	 Accuracy: 758/1000(76%)
Task: 5,	 Epoch: 56/80,	 Avg.loss: 0.0007,	 Accuracy: 752/1000(75%)
Task: 5,	 Epoch: 57/80,	 Avg.loss: 0.0006,	 Accuracy: 754/1000(75%)
Task: 5,	 Epoch: 58/80,	 Avg.loss: 0.0006,	 Accuracy: 749/1000(75%)
Task: 5,	 Epoch: 59/80,	 Avg.loss: 0.0006,	 Accuracy: 763/1000(76%)
Task: 5,	 Epoch: 60/80,	 Avg.loss: 0.0006,	 Accuracy: 761/1000(76%)
Task: 5,	 Epoch: 61/80,	 Avg.loss: 0.0006,	 Accuracy: 760/1000(76%)
Task: 5,	 Epoch: 62/80,	 Avg.loss: 0.0006,	 Accuracy: 762/1000(76%)
Task: 5,	 Epoch: 63/80,	 Avg.loss: 0.0007,	 Accuracy: 754/1000(75%)
Task: 5,	 Epoch: 64/80,	 Avg.loss: 0.0006,	 Accuracy: 758/1000(76%)
Task: 5,	 Epoch: 65/80,	 Avg.loss: 0.0007,	 Accuracy: 759/1000(76%)
Task: 5,	 Epoch: 66/80,	 Avg.loss: 0.0007,	 Accuracy: 763/1000(76%)
Task: 5,	 Epoch: 67/80,	 Avg.loss: 0.0006,	 Accuracy: 752/1000(75%)
Task: 5,	 Epoch: 68/80,	 Avg.loss: 0.0007,	 Accuracy: 754/1000(75%)
Task: 5,	 Epoch: 69/80,	 Avg.loss: 0.0006,	 Accuracy: 755/1000(76%)
Task: 5,	 Epoch: 70/80,	 Avg.loss: 0.0007,	 Accuracy: 759/1000(76%)
Task: 5,	 Epoch: 71/80,	 Avg.loss: 0.0006,	 Accuracy: 757/1000(76%)
Task: 5,	 Epoch: 72/80,	 Avg.loss: 0.0006,	 Accuracy: 758/1000(76%)
Task: 5,	 Epoch: 73/80,	 Avg.loss: 0.0006,	 Accuracy: 756/1000(76%)
Task: 5,	 Epoch: 74/80,	 Avg.loss: 0.0007,	 Accuracy: 758/1000(76%)
Task: 5,	 Epoch: 75/80,	 Avg.loss: 0.0007,	 Accuracy: 753/1000(75%)
Task: 5,	 Epoch: 76/80,	 Avg.loss: 0.0007,	 Accuracy: 758/1000(76%)
Task: 5,	 Epoch: 77/80,	 Avg.loss: 0.0006,	 Accuracy: 758/1000(76%)
Task: 5,	 Epoch: 78/80,	 Avg.loss: 0.0006,	 Accuracy: 758/1000(76%)
Task: 5,	 Epoch: 79/80,	 Avg.loss: 0.0006,	 Accuracy: 757/1000(76%)
Task: 0,	 Epoch: -1/80,	 Avg.loss: 0.0012,	 Accuracy: 820/1000(82%)
Trained Task:5, Loaded task:0, Accuracy:82.0%
Task: 1,	 Epoch: -1/80,	 Avg.loss: 0.0010,	 Accuracy: 728/1000(73%)
Trained Task:5, Loaded task:1, Accuracy:72.8%
Task: 2,	 Epoch: -1/80,	 Avg.loss: 0.0010,	 Accuracy: 720/1000(72%)
Trained Task:5, Loaded task:2, Accuracy:72.0%
Task: 3,	 Epoch: -1/80,	 Avg.loss: 0.0009,	 Accuracy: 736/1000(74%)
Trained Task:5, Loaded task:3, Accuracy:73.6%
Task: 4,	 Epoch: -1/80,	 Avg.loss: 0.0007,	 Accuracy: 791/1000(79%)
Trained Task:5, Loaded task:4, Accuracy:79.1%
Task: 5,	 Epoch: -1/80,	 Avg.loss: 0.0006,	 Accuracy: 757/1000(76%)
Trained Task:5, Loaded task:5, Accuracy:75.7%
Trained Task:5, Avg. Accuracy: 75.9 

Layer        : conv1_layer.2.weight
Sum Omega    : 704.3607788085938
W.num_zeros  : 0/9216
F.num_zeros  : 288/9216
O.num_zeros  : 288/9216
Max Fisher   : 1.0
Max Omega    : 1.0
Min Fisher   : 0.0
Min Omega    : 0.0
Max Relevance: 0.7626888751983643
Layer        : conv2_layer.2.weight
Sum Omega    : 2297.940185546875
W.num_zeros  : 0/36864
F.num_zeros  : 7488/36864
O.num_zeros  : 7488/36864
Max Fisher   : 1.0
Max Omega    : 1.0
Min Fisher   : 0.0
Min Omega    : 0.0
Max Relevance: 0.8630387187004089
Layer        : fc1_layer.0.weight
Sum Omega    : 34107.41796875
W.num_zeros  : 0/2097152
F.num_zeros  : 1187214/2097152
O.num_zeros  : 1199026/2097152
Max Fisher   : 1.0
Max Omega    : 1.0
Min Fisher   : 0.0
Min Omega    : 0.0
Max Relevance: 0.9415480494499207
Mask histogram conv1_layer.2.weight: 	 tensor([   0.,    0.,    0.,    0.,    0.,    0.,    0., 8192.,    0.,    0.],
       device='cuda:0')
Mask histogram conv2_layer.2.weight: 	 tensor([   0.,    0.,    0.,    0.,    0.,    0.,    0., 4096.,    0.,    0.],
       device='cuda:0')
Mask histogram fc1_layer.0.weight: 	 tensor([103.,  28.,  75.,  39.,  42.,  90.,  66.,  69.,   0.,   0.],
       device='cuda:0')
Task: 6,	 Epoch: 0/80,	 Avg.loss: 0.0011,	 Accuracy: 638/1000(64%)
Task: 6,	 Epoch: 1/80,	 Avg.loss: 0.0010,	 Accuracy: 666/1000(67%)
Task: 6,	 Epoch: 2/80,	 Avg.loss: 0.0009,	 Accuracy: 694/1000(69%)
Task: 6,	 Epoch: 3/80,	 Avg.loss: 0.0010,	 Accuracy: 676/1000(68%)
Task: 6,	 Epoch: 4/80,	 Avg.loss: 0.0008,	 Accuracy: 703/1000(70%)
Task: 6,	 Epoch: 5/80,	 Avg.loss: 0.0009,	 Accuracy: 674/1000(67%)
Task: 6,	 Epoch: 6/80,	 Avg.loss: 0.0009,	 Accuracy: 695/1000(70%)
Task: 6,	 Epoch: 7/80,	 Avg.loss: 0.0008,	 Accuracy: 719/1000(72%)
Task: 6,	 Epoch: 8/80,	 Avg.loss: 0.0008,	 Accuracy: 709/1000(71%)
Task: 6,	 Epoch: 9/80,	 Avg.loss: 0.0008,	 Accuracy: 713/1000(71%)
Task: 6,	 Epoch: 10/80,	 Avg.loss: 0.0008,	 Accuracy: 704/1000(70%)
Task: 6,	 Epoch: 11/80,	 Avg.loss: 0.0008,	 Accuracy: 700/1000(70%)
Task: 6,	 Epoch: 12/80,	 Avg.loss: 0.0008,	 Accuracy: 731/1000(73%)
Task: 6,	 Epoch: 13/80,	 Avg.loss: 0.0008,	 Accuracy: 722/1000(72%)
Task: 6,	 Epoch: 14/80,	 Avg.loss: 0.0008,	 Accuracy: 723/1000(72%)
Task: 6,	 Epoch: 15/80,	 Avg.loss: 0.0008,	 Accuracy: 711/1000(71%)
Task: 6,	 Epoch: 16/80,	 Avg.loss: 0.0008,	 Accuracy: 709/1000(71%)
Task: 6,	 Epoch: 17/80,	 Avg.loss: 0.0008,	 Accuracy: 711/1000(71%)
Task: 6,	 Epoch: 18/80,	 Avg.loss: 0.0008,	 Accuracy: 691/1000(69%)
Task: 6,	 Epoch: 19/80,	 Avg.loss: 0.0008,	 Accuracy: 720/1000(72%)
Task: 6,	 Epoch: 20/80,	 Avg.loss: 0.0008,	 Accuracy: 729/1000(73%)
Task: 6,	 Epoch: 21/80,	 Avg.loss: 0.0009,	 Accuracy: 703/1000(70%)
Task: 6,	 Epoch: 22/80,	 Avg.loss: 0.0008,	 Accuracy: 710/1000(71%)
Task: 6,	 Epoch: 23/80,	 Avg.loss: 0.0008,	 Accuracy: 724/1000(72%)
Task: 6,	 Epoch: 24/80,	 Avg.loss: 0.0008,	 Accuracy: 733/1000(73%)
Task: 6,	 Epoch: 25/80,	 Avg.loss: 0.0008,	 Accuracy: 726/1000(73%)
Task: 6,	 Epoch: 26/80,	 Avg.loss: 0.0008,	 Accuracy: 726/1000(73%)
Task: 6,	 Epoch: 27/80,	 Avg.loss: 0.0008,	 Accuracy: 737/1000(74%)
Task: 6,	 Epoch: 28/80,	 Avg.loss: 0.0008,	 Accuracy: 713/1000(71%)
Task: 6,	 Epoch: 29/80,	 Avg.loss: 0.0008,	 Accuracy: 735/1000(74%)
Task: 6,	 Epoch: 30/80,	 Avg.loss: 0.0008,	 Accuracy: 714/1000(71%)
Task: 6,	 Epoch: 31/80,	 Avg.loss: 0.0008,	 Accuracy: 724/1000(72%)
Task: 6,	 Epoch: 32/80,	 Avg.loss: 0.0008,	 Accuracy: 734/1000(73%)
Task: 6,	 Epoch: 33/80,	 Avg.loss: 0.0008,	 Accuracy: 720/1000(72%)
Task: 6,	 Epoch: 34/80,	 Avg.loss: 0.0008,	 Accuracy: 734/1000(73%)
Task: 6,	 Epoch: 35/80,	 Avg.loss: 0.0009,	 Accuracy: 700/1000(70%)
Task: 6,	 Epoch: 36/80,	 Avg.loss: 0.0008,	 Accuracy: 733/1000(73%)
Task: 6,	 Epoch: 37/80,	 Avg.loss: 0.0008,	 Accuracy: 720/1000(72%)
Task: 6,	 Epoch: 38/80,	 Avg.loss: 0.0008,	 Accuracy: 730/1000(73%)
Task: 6,	 Epoch: 39/80,	 Avg.loss: 0.0008,	 Accuracy: 737/1000(74%)
Task: 6,	 Epoch: 40/80,	 Avg.loss: 0.0008,	 Accuracy: 735/1000(74%)
Task: 6,	 Epoch: 41/80,	 Avg.loss: 0.0008,	 Accuracy: 702/1000(70%)
Task: 6,	 Epoch: 42/80,	 Avg.loss: 0.0008,	 Accuracy: 728/1000(73%)
Task: 6,	 Epoch: 43/80,	 Avg.loss: 0.0008,	 Accuracy: 730/1000(73%)
Task: 6,	 Epoch: 44/80,	 Avg.loss: 0.0008,	 Accuracy: 732/1000(73%)
Task: 6,	 Epoch: 45/80,	 Avg.loss: 0.0008,	 Accuracy: 709/1000(71%)
Task: 6,	 Epoch: 46/80,	 Avg.loss: 0.0008,	 Accuracy: 716/1000(72%)
Task: 6,	 Epoch: 47/80,	 Avg.loss: 0.0008,	 Accuracy: 703/1000(70%)
Task: 6,	 Epoch: 48/80,	 Avg.loss: 0.0008,	 Accuracy: 724/1000(72%)
Task: 6,	 Epoch: 49/80,	 Avg.loss: 0.0008,	 Accuracy: 734/1000(73%)
Task: 6,	 Epoch: 50/80,	 Avg.loss: 0.0007,	 Accuracy: 743/1000(74%)
Task: 6,	 Epoch: 51/80,	 Avg.loss: 0.0008,	 Accuracy: 741/1000(74%)
Task: 6,	 Epoch: 52/80,	 Avg.loss: 0.0007,	 Accuracy: 737/1000(74%)
Task: 6,	 Epoch: 53/80,	 Avg.loss: 0.0007,	 Accuracy: 744/1000(74%)
Task: 6,	 Epoch: 54/80,	 Avg.loss: 0.0008,	 Accuracy: 741/1000(74%)
Task: 6,	 Epoch: 55/80,	 Avg.loss: 0.0007,	 Accuracy: 743/1000(74%)
Task: 6,	 Epoch: 56/80,	 Avg.loss: 0.0007,	 Accuracy: 743/1000(74%)
Task: 6,	 Epoch: 57/80,	 Avg.loss: 0.0007,	 Accuracy: 741/1000(74%)
Task: 6,	 Epoch: 58/80,	 Avg.loss: 0.0007,	 Accuracy: 740/1000(74%)
Task: 6,	 Epoch: 59/80,	 Avg.loss: 0.0007,	 Accuracy: 742/1000(74%)
Task: 6,	 Epoch: 60/80,	 Avg.loss: 0.0007,	 Accuracy: 745/1000(74%)
Task: 6,	 Epoch: 61/80,	 Avg.loss: 0.0007,	 Accuracy: 739/1000(74%)
Task: 6,	 Epoch: 62/80,	 Avg.loss: 0.0007,	 Accuracy: 742/1000(74%)
Task: 6,	 Epoch: 63/80,	 Avg.loss: 0.0007,	 Accuracy: 745/1000(74%)
Task: 6,	 Epoch: 64/80,	 Avg.loss: 0.0007,	 Accuracy: 749/1000(75%)
Task: 6,	 Epoch: 65/80,	 Avg.loss: 0.0007,	 Accuracy: 745/1000(74%)
Task: 6,	 Epoch: 66/80,	 Avg.loss: 0.0007,	 Accuracy: 739/1000(74%)
Task: 6,	 Epoch: 67/80,	 Avg.loss: 0.0007,	 Accuracy: 743/1000(74%)
Task: 6,	 Epoch: 68/80,	 Avg.loss: 0.0007,	 Accuracy: 736/1000(74%)
Task: 6,	 Epoch: 69/80,	 Avg.loss: 0.0007,	 Accuracy: 743/1000(74%)
Task: 6,	 Epoch: 70/80,	 Avg.loss: 0.0007,	 Accuracy: 744/1000(74%)
Task: 6,	 Epoch: 71/80,	 Avg.loss: 0.0007,	 Accuracy: 740/1000(74%)
Task: 6,	 Epoch: 72/80,	 Avg.loss: 0.0007,	 Accuracy: 740/1000(74%)
Task: 6,	 Epoch: 73/80,	 Avg.loss: 0.0007,	 Accuracy: 736/1000(74%)
Task: 6,	 Epoch: 74/80,	 Avg.loss: 0.0007,	 Accuracy: 739/1000(74%)
Task: 6,	 Epoch: 75/80,	 Avg.loss: 0.0007,	 Accuracy: 735/1000(74%)
Task: 6,	 Epoch: 76/80,	 Avg.loss: 0.0007,	 Accuracy: 737/1000(74%)
Task: 6,	 Epoch: 77/80,	 Avg.loss: 0.0007,	 Accuracy: 733/1000(73%)
Task: 6,	 Epoch: 78/80,	 Avg.loss: 0.0007,	 Accuracy: 746/1000(75%)
Task: 6,	 Epoch: 79/80,	 Avg.loss: 0.0007,	 Accuracy: 745/1000(74%)
Task: 0,	 Epoch: -1/80,	 Avg.loss: 0.0011,	 Accuracy: 822/1000(82%)
Trained Task:6, Loaded task:0, Accuracy:82.2%
Task: 1,	 Epoch: -1/80,	 Avg.loss: 0.0010,	 Accuracy: 721/1000(72%)
Trained Task:6, Loaded task:1, Accuracy:72.1%
Task: 2,	 Epoch: -1/80,	 Avg.loss: 0.0010,	 Accuracy: 716/1000(72%)
Trained Task:6, Loaded task:2, Accuracy:71.6%
Task: 3,	 Epoch: -1/80,	 Avg.loss: 0.0009,	 Accuracy: 734/1000(73%)
Trained Task:6, Loaded task:3, Accuracy:73.4%
Task: 4,	 Epoch: -1/80,	 Avg.loss: 0.0007,	 Accuracy: 795/1000(80%)
Trained Task:6, Loaded task:4, Accuracy:79.5%
Task: 5,	 Epoch: -1/80,	 Avg.loss: 0.0007,	 Accuracy: 762/1000(76%)
Trained Task:6, Loaded task:5, Accuracy:76.2%
Task: 6,	 Epoch: -1/80,	 Avg.loss: 0.0007,	 Accuracy: 745/1000(74%)
Trained Task:6, Loaded task:6, Accuracy:74.5%
Trained Task:6, Avg. Accuracy: 75.6 

Layer        : conv1_layer.2.weight
Sum Omega    : 721.3245849609375
W.num_zeros  : 0/9216
F.num_zeros  : 288/9216
O.num_zeros  : 288/9216
Max Fisher   : 1.0
Max Omega    : 1.0
Min Fisher   : 0.0
Min Omega    : 0.0
Max Relevance: 0.8667552471160889
Layer        : conv2_layer.2.weight
Sum Omega    : 2317.250732421875
W.num_zeros  : 0/36864
F.num_zeros  : 7488/36864
O.num_zeros  : 7488/36864
Max Fisher   : 1.0
Max Omega    : 1.0
Min Fisher   : 0.0
Min Omega    : 0.0
Max Relevance: 0.8250452876091003
Layer        : fc1_layer.0.weight
Sum Omega    : 34943.046875
W.num_zeros  : 0/2097152
F.num_zeros  : 1187811/2097152
O.num_zeros  : 1194888/2097152
Max Fisher   : 1.0
Max Omega    : 1.0
Min Fisher   : 0.0
Min Omega    : 0.0
Max Relevance: 0.8807748556137085
Mask histogram conv1_layer.2.weight: 	 tensor([   0.,    0.,    0.,    0.,    0.,    0.,    0.,    0., 8192.,    0.],
       device='cuda:0')
Mask histogram conv2_layer.2.weight: 	 tensor([   0.,    0.,    0.,    0.,    0.,    0.,    0.,    0., 4096.,    0.],
       device='cuda:0')
Mask histogram fc1_layer.0.weight: 	 tensor([103.,  24.,  64.,  43.,  33.,  33.,  81.,  64.,  67.,   0.],
       device='cuda:0')
Task: 7,	 Epoch: 0/80,	 Avg.loss: 0.0012,	 Accuracy: 613/1000(61%)
Task: 7,	 Epoch: 1/80,	 Avg.loss: 0.0010,	 Accuracy: 660/1000(66%)
Task: 7,	 Epoch: 2/80,	 Avg.loss: 0.0010,	 Accuracy: 663/1000(66%)
Task: 7,	 Epoch: 3/80,	 Avg.loss: 0.0010,	 Accuracy: 675/1000(68%)
Task: 7,	 Epoch: 4/80,	 Avg.loss: 0.0010,	 Accuracy: 674/1000(67%)
Task: 7,	 Epoch: 5/80,	 Avg.loss: 0.0010,	 Accuracy: 658/1000(66%)
Task: 7,	 Epoch: 6/80,	 Avg.loss: 0.0009,	 Accuracy: 691/1000(69%)
Task: 7,	 Epoch: 7/80,	 Avg.loss: 0.0009,	 Accuracy: 703/1000(70%)
Task: 7,	 Epoch: 8/80,	 Avg.loss: 0.0009,	 Accuracy: 705/1000(70%)
Task: 7,	 Epoch: 9/80,	 Avg.loss: 0.0009,	 Accuracy: 669/1000(67%)
Task: 7,	 Epoch: 10/80,	 Avg.loss: 0.0009,	 Accuracy: 684/1000(68%)
Task: 7,	 Epoch: 11/80,	 Avg.loss: 0.0009,	 Accuracy: 681/1000(68%)
Task: 7,	 Epoch: 12/80,	 Avg.loss: 0.0009,	 Accuracy: 685/1000(68%)
Task: 7,	 Epoch: 13/80,	 Avg.loss: 0.0009,	 Accuracy: 689/1000(69%)
Task: 7,	 Epoch: 14/80,	 Avg.loss: 0.0009,	 Accuracy: 687/1000(69%)
Task: 7,	 Epoch: 15/80,	 Avg.loss: 0.0008,	 Accuracy: 714/1000(71%)
Task: 7,	 Epoch: 16/80,	 Avg.loss: 0.0008,	 Accuracy: 708/1000(71%)
Task: 7,	 Epoch: 17/80,	 Avg.loss: 0.0009,	 Accuracy: 688/1000(69%)
Task: 7,	 Epoch: 18/80,	 Avg.loss: 0.0009,	 Accuracy: 696/1000(70%)
Task: 7,	 Epoch: 19/80,	 Avg.loss: 0.0009,	 Accuracy: 696/1000(70%)
Task: 7,	 Epoch: 20/80,	 Avg.loss: 0.0009,	 Accuracy: 705/1000(70%)
Task: 7,	 Epoch: 21/80,	 Avg.loss: 0.0009,	 Accuracy: 685/1000(68%)
Task: 7,	 Epoch: 22/80,	 Avg.loss: 0.0009,	 Accuracy: 691/1000(69%)
Task: 7,	 Epoch: 23/80,	 Avg.loss: 0.0008,	 Accuracy: 714/1000(71%)
Task: 7,	 Epoch: 24/80,	 Avg.loss: 0.0008,	 Accuracy: 718/1000(72%)
Task: 7,	 Epoch: 25/80,	 Avg.loss: 0.0009,	 Accuracy: 705/1000(70%)
Task: 7,	 Epoch: 26/80,	 Avg.loss: 0.0009,	 Accuracy: 709/1000(71%)
Task: 7,	 Epoch: 27/80,	 Avg.loss: 0.0010,	 Accuracy: 668/1000(67%)
Task: 7,	 Epoch: 28/80,	 Avg.loss: 0.0009,	 Accuracy: 693/1000(69%)
Task: 7,	 Epoch: 29/80,	 Avg.loss: 0.0009,	 Accuracy: 712/1000(71%)
Task: 7,	 Epoch: 30/80,	 Avg.loss: 0.0009,	 Accuracy: 698/1000(70%)
Task: 7,	 Epoch: 31/80,	 Avg.loss: 0.0009,	 Accuracy: 687/1000(69%)
Task: 7,	 Epoch: 32/80,	 Avg.loss: 0.0009,	 Accuracy: 690/1000(69%)
Task: 7,	 Epoch: 33/80,	 Avg.loss: 0.0009,	 Accuracy: 695/1000(70%)
Task: 7,	 Epoch: 34/80,	 Avg.loss: 0.0008,	 Accuracy: 707/1000(71%)
Task: 7,	 Epoch: 35/80,	 Avg.loss: 0.0009,	 Accuracy: 706/1000(71%)
Task: 7,	 Epoch: 36/80,	 Avg.loss: 0.0010,	 Accuracy: 682/1000(68%)
Task: 7,	 Epoch: 37/80,	 Avg.loss: 0.0009,	 Accuracy: 703/1000(70%)
Task: 7,	 Epoch: 38/80,	 Avg.loss: 0.0009,	 Accuracy: 710/1000(71%)
Task: 7,	 Epoch: 39/80,	 Avg.loss: 0.0009,	 Accuracy: 711/1000(71%)
Task: 7,	 Epoch: 40/80,	 Avg.loss: 0.0009,	 Accuracy: 693/1000(69%)
Task: 7,	 Epoch: 41/80,	 Avg.loss: 0.0009,	 Accuracy: 706/1000(71%)
Task: 7,	 Epoch: 42/80,	 Avg.loss: 0.0009,	 Accuracy: 717/1000(72%)
Task: 7,	 Epoch: 43/80,	 Avg.loss: 0.0009,	 Accuracy: 699/1000(70%)
Task: 7,	 Epoch: 44/80,	 Avg.loss: 0.0009,	 Accuracy: 703/1000(70%)
Task: 7,	 Epoch: 45/80,	 Avg.loss: 0.0009,	 Accuracy: 690/1000(69%)
Task: 7,	 Epoch: 46/80,	 Avg.loss: 0.0009,	 Accuracy: 699/1000(70%)
Task: 7,	 Epoch: 47/80,	 Avg.loss: 0.0009,	 Accuracy: 702/1000(70%)
Task: 7,	 Epoch: 48/80,	 Avg.loss: 0.0009,	 Accuracy: 698/1000(70%)
Task: 7,	 Epoch: 49/80,	 Avg.loss: 0.0009,	 Accuracy: 701/1000(70%)
Task: 7,	 Epoch: 50/80,	 Avg.loss: 0.0008,	 Accuracy: 718/1000(72%)
Task: 7,	 Epoch: 51/80,	 Avg.loss: 0.0008,	 Accuracy: 721/1000(72%)
Task: 7,	 Epoch: 52/80,	 Avg.loss: 0.0008,	 Accuracy: 714/1000(71%)
Task: 7,	 Epoch: 53/80,	 Avg.loss: 0.0008,	 Accuracy: 718/1000(72%)
Task: 7,	 Epoch: 54/80,	 Avg.loss: 0.0008,	 Accuracy: 718/1000(72%)
Task: 7,	 Epoch: 55/80,	 Avg.loss: 0.0008,	 Accuracy: 718/1000(72%)
Task: 7,	 Epoch: 56/80,	 Avg.loss: 0.0008,	 Accuracy: 714/1000(71%)
Task: 7,	 Epoch: 57/80,	 Avg.loss: 0.0008,	 Accuracy: 717/1000(72%)
Task: 7,	 Epoch: 58/80,	 Avg.loss: 0.0008,	 Accuracy: 716/1000(72%)
Task: 7,	 Epoch: 59/80,	 Avg.loss: 0.0008,	 Accuracy: 719/1000(72%)
Task: 7,	 Epoch: 60/80,	 Avg.loss: 0.0008,	 Accuracy: 715/1000(72%)
Task: 7,	 Epoch: 61/80,	 Avg.loss: 0.0008,	 Accuracy: 713/1000(71%)
Task: 7,	 Epoch: 62/80,	 Avg.loss: 0.0008,	 Accuracy: 713/1000(71%)
Task: 7,	 Epoch: 63/80,	 Avg.loss: 0.0008,	 Accuracy: 712/1000(71%)
Task: 7,	 Epoch: 64/80,	 Avg.loss: 0.0008,	 Accuracy: 712/1000(71%)
Task: 7,	 Epoch: 65/80,	 Avg.loss: 0.0008,	 Accuracy: 718/1000(72%)
Task: 7,	 Epoch: 66/80,	 Avg.loss: 0.0008,	 Accuracy: 716/1000(72%)
Task: 7,	 Epoch: 67/80,	 Avg.loss: 0.0008,	 Accuracy: 715/1000(72%)
Task: 7,	 Epoch: 68/80,	 Avg.loss: 0.0008,	 Accuracy: 714/1000(71%)
Task: 7,	 Epoch: 69/80,	 Avg.loss: 0.0008,	 Accuracy: 719/1000(72%)
Task: 7,	 Epoch: 70/80,	 Avg.loss: 0.0008,	 Accuracy: 716/1000(72%)
Task: 7,	 Epoch: 71/80,	 Avg.loss: 0.0008,	 Accuracy: 713/1000(71%)
Task: 7,	 Epoch: 72/80,	 Avg.loss: 0.0008,	 Accuracy: 718/1000(72%)
Task: 7,	 Epoch: 73/80,	 Avg.loss: 0.0008,	 Accuracy: 717/1000(72%)
Task: 7,	 Epoch: 74/80,	 Avg.loss: 0.0008,	 Accuracy: 718/1000(72%)
Task: 7,	 Epoch: 75/80,	 Avg.loss: 0.0008,	 Accuracy: 715/1000(72%)
Task: 7,	 Epoch: 76/80,	 Avg.loss: 0.0008,	 Accuracy: 719/1000(72%)
Task: 7,	 Epoch: 77/80,	 Avg.loss: 0.0008,	 Accuracy: 717/1000(72%)
Task: 7,	 Epoch: 78/80,	 Avg.loss: 0.0008,	 Accuracy: 716/1000(72%)
Task: 7,	 Epoch: 79/80,	 Avg.loss: 0.0008,	 Accuracy: 723/1000(72%)
Task: 0,	 Epoch: -1/80,	 Avg.loss: 0.0012,	 Accuracy: 826/1000(83%)
Trained Task:7, Loaded task:0, Accuracy:82.6%
Task: 1,	 Epoch: -1/80,	 Avg.loss: 0.0011,	 Accuracy: 721/1000(72%)
Trained Task:7, Loaded task:1, Accuracy:72.1%
Task: 2,	 Epoch: -1/80,	 Avg.loss: 0.0010,	 Accuracy: 696/1000(70%)
Trained Task:7, Loaded task:2, Accuracy:69.6%
Task: 3,	 Epoch: -1/80,	 Avg.loss: 0.0009,	 Accuracy: 739/1000(74%)
Trained Task:7, Loaded task:3, Accuracy:73.9%
Task: 4,	 Epoch: -1/80,	 Avg.loss: 0.0007,	 Accuracy: 793/1000(79%)
Trained Task:7, Loaded task:4, Accuracy:79.3%
Task: 5,	 Epoch: -1/80,	 Avg.loss: 0.0007,	 Accuracy: 758/1000(76%)
Trained Task:7, Loaded task:5, Accuracy:75.8%
Task: 6,	 Epoch: -1/80,	 Avg.loss: 0.0007,	 Accuracy: 741/1000(74%)
Trained Task:7, Loaded task:6, Accuracy:74.1%
Task: 7,	 Epoch: -1/80,	 Avg.loss: 0.0008,	 Accuracy: 723/1000(72%)
Trained Task:7, Loaded task:7, Accuracy:72.3%
Trained Task:7, Avg. Accuracy: 75.0 

Layer        : conv1_layer.2.weight
Sum Omega    : 759.3780517578125
W.num_zeros  : 0/9216
F.num_zeros  : 288/9216
O.num_zeros  : 288/9216
Max Fisher   : 1.0
Max Omega    : 1.0
Min Fisher   : 0.0
Min Omega    : 0.0
Max Relevance: 0.8634518384933472
Layer        : conv2_layer.2.weight
Sum Omega    : 2286.33447265625
W.num_zeros  : 0/36864
F.num_zeros  : 7488/36864
O.num_zeros  : 7488/36864
Max Fisher   : 1.0
Max Omega    : 1.0
Min Fisher   : 0.0
Min Omega    : 0.0
Max Relevance: 0.8495794534683228
Layer        : fc1_layer.0.weight
Sum Omega    : 35443.97265625
W.num_zeros  : 0/2097152
F.num_zeros  : 1184214/2097152
O.num_zeros  : 1187752/2097152
Max Fisher   : 1.0
Max Omega    : 1.0
Min Fisher   : 0.0
Min Omega    : 0.0
Max Relevance: 0.8758160471916199
Mask histogram conv1_layer.2.weight: 	 tensor([   0.,    0.,    0.,    0.,    0.,    0.,    0.,    0.,    0., 8192.],
       device='cuda:0')
Mask histogram conv2_layer.2.weight: 	 tensor([   0.,    0.,    0.,    0.,    0.,    0.,    0.,    0.,    0., 4096.],
       device='cuda:0')
Mask histogram fc1_layer.0.weight: 	 tensor([103.,  22.,  59.,  38.,  29.,  29.,  29.,  75.,  62.,  66.],
       device='cuda:0')
Task: 8,	 Epoch: 0/80,	 Avg.loss: 0.0013,	 Accuracy: 592/1000(59%)
Task: 8,	 Epoch: 1/80,	 Avg.loss: 0.0011,	 Accuracy: 660/1000(66%)
Task: 8,	 Epoch: 2/80,	 Avg.loss: 0.0009,	 Accuracy: 699/1000(70%)
Task: 8,	 Epoch: 3/80,	 Avg.loss: 0.0009,	 Accuracy: 712/1000(71%)
Task: 8,	 Epoch: 4/80,	 Avg.loss: 0.0009,	 Accuracy: 708/1000(71%)
Task: 8,	 Epoch: 5/80,	 Avg.loss: 0.0008,	 Accuracy: 741/1000(74%)
Task: 8,	 Epoch: 6/80,	 Avg.loss: 0.0008,	 Accuracy: 737/1000(74%)
Task: 8,	 Epoch: 7/80,	 Avg.loss: 0.0008,	 Accuracy: 728/1000(73%)
Task: 8,	 Epoch: 8/80,	 Avg.loss: 0.0009,	 Accuracy: 706/1000(71%)
Task: 8,	 Epoch: 9/80,	 Avg.loss: 0.0008,	 Accuracy: 723/1000(72%)
Task: 8,	 Epoch: 10/80,	 Avg.loss: 0.0008,	 Accuracy: 725/1000(72%)
Task: 8,	 Epoch: 11/80,	 Avg.loss: 0.0008,	 Accuracy: 725/1000(72%)
Task: 8,	 Epoch: 12/80,	 Avg.loss: 0.0008,	 Accuracy: 731/1000(73%)
Task: 8,	 Epoch: 13/80,	 Avg.loss: 0.0008,	 Accuracy: 738/1000(74%)
Task: 8,	 Epoch: 14/80,	 Avg.loss: 0.0008,	 Accuracy: 716/1000(72%)
Task: 8,	 Epoch: 15/80,	 Avg.loss: 0.0008,	 Accuracy: 711/1000(71%)
Task: 8,	 Epoch: 16/80,	 Avg.loss: 0.0008,	 Accuracy: 728/1000(73%)
Task: 8,	 Epoch: 17/80,	 Avg.loss: 0.0008,	 Accuracy: 733/1000(73%)
Task: 8,	 Epoch: 18/80,	 Avg.loss: 0.0009,	 Accuracy: 706/1000(71%)
Task: 8,	 Epoch: 19/80,	 Avg.loss: 0.0008,	 Accuracy: 725/1000(72%)
Task: 8,	 Epoch: 20/80,	 Avg.loss: 0.0008,	 Accuracy: 708/1000(71%)
Task: 8,	 Epoch: 21/80,	 Avg.loss: 0.0008,	 Accuracy: 729/1000(73%)
Task: 8,	 Epoch: 22/80,	 Avg.loss: 0.0008,	 Accuracy: 722/1000(72%)
Task: 8,	 Epoch: 23/80,	 Avg.loss: 0.0009,	 Accuracy: 704/1000(70%)
Task: 8,	 Epoch: 24/80,	 Avg.loss: 0.0008,	 Accuracy: 707/1000(71%)
Task: 8,	 Epoch: 25/80,	 Avg.loss: 0.0009,	 Accuracy: 694/1000(69%)
Task: 8,	 Epoch: 26/80,	 Avg.loss: 0.0008,	 Accuracy: 728/1000(73%)
Task: 8,	 Epoch: 27/80,	 Avg.loss: 0.0008,	 Accuracy: 719/1000(72%)
Task: 8,	 Epoch: 28/80,	 Avg.loss: 0.0007,	 Accuracy: 747/1000(75%)
Task: 8,	 Epoch: 29/80,	 Avg.loss: 0.0008,	 Accuracy: 730/1000(73%)
Task: 8,	 Epoch: 30/80,	 Avg.loss: 0.0008,	 Accuracy: 735/1000(74%)
Task: 8,	 Epoch: 31/80,	 Avg.loss: 0.0008,	 Accuracy: 722/1000(72%)
Task: 8,	 Epoch: 32/80,	 Avg.loss: 0.0008,	 Accuracy: 736/1000(74%)
Task: 8,	 Epoch: 33/80,	 Avg.loss: 0.0009,	 Accuracy: 707/1000(71%)
Task: 8,	 Epoch: 34/80,	 Avg.loss: 0.0008,	 Accuracy: 736/1000(74%)
Task: 8,	 Epoch: 35/80,	 Avg.loss: 0.0008,	 Accuracy: 701/1000(70%)
Task: 8,	 Epoch: 36/80,	 Avg.loss: 0.0008,	 Accuracy: 738/1000(74%)
Task: 8,	 Epoch: 37/80,	 Avg.loss: 0.0008,	 Accuracy: 740/1000(74%)
Task: 8,	 Epoch: 38/80,	 Avg.loss: 0.0008,	 Accuracy: 728/1000(73%)
Task: 8,	 Epoch: 39/80,	 Avg.loss: 0.0008,	 Accuracy: 720/1000(72%)
Task: 8,	 Epoch: 40/80,	 Avg.loss: 0.0008,	 Accuracy: 706/1000(71%)
Task: 8,	 Epoch: 41/80,	 Avg.loss: 0.0009,	 Accuracy: 702/1000(70%)
Task: 8,	 Epoch: 42/80,	 Avg.loss: 0.0008,	 Accuracy: 723/1000(72%)
Task: 8,	 Epoch: 43/80,	 Avg.loss: 0.0008,	 Accuracy: 724/1000(72%)
Task: 8,	 Epoch: 44/80,	 Avg.loss: 0.0008,	 Accuracy: 724/1000(72%)
Task: 8,	 Epoch: 45/80,	 Avg.loss: 0.0008,	 Accuracy: 736/1000(74%)
Task: 8,	 Epoch: 46/80,	 Avg.loss: 0.0009,	 Accuracy: 709/1000(71%)
Task: 8,	 Epoch: 47/80,	 Avg.loss: 0.0008,	 Accuracy: 729/1000(73%)
Task: 8,	 Epoch: 48/80,	 Avg.loss: 0.0008,	 Accuracy: 728/1000(73%)
Task: 8,	 Epoch: 49/80,	 Avg.loss: 0.0009,	 Accuracy: 700/1000(70%)
Task: 8,	 Epoch: 50/80,	 Avg.loss: 0.0007,	 Accuracy: 738/1000(74%)
Task: 8,	 Epoch: 51/80,	 Avg.loss: 0.0007,	 Accuracy: 750/1000(75%)
Task: 8,	 Epoch: 52/80,	 Avg.loss: 0.0007,	 Accuracy: 743/1000(74%)
Task: 8,	 Epoch: 53/80,	 Avg.loss: 0.0007,	 Accuracy: 746/1000(75%)
Task: 8,	 Epoch: 54/80,	 Avg.loss: 0.0007,	 Accuracy: 747/1000(75%)
Task: 8,	 Epoch: 55/80,	 Avg.loss: 0.0007,	 Accuracy: 747/1000(75%)
Task: 8,	 Epoch: 56/80,	 Avg.loss: 0.0007,	 Accuracy: 749/1000(75%)
Task: 8,	 Epoch: 57/80,	 Avg.loss: 0.0007,	 Accuracy: 747/1000(75%)
Task: 8,	 Epoch: 58/80,	 Avg.loss: 0.0007,	 Accuracy: 745/1000(74%)
Task: 8,	 Epoch: 59/80,	 Avg.loss: 0.0007,	 Accuracy: 758/1000(76%)
Task: 8,	 Epoch: 60/80,	 Avg.loss: 0.0007,	 Accuracy: 751/1000(75%)
Task: 8,	 Epoch: 61/80,	 Avg.loss: 0.0007,	 Accuracy: 747/1000(75%)
Task: 8,	 Epoch: 62/80,	 Avg.loss: 0.0007,	 Accuracy: 753/1000(75%)
Task: 8,	 Epoch: 63/80,	 Avg.loss: 0.0007,	 Accuracy: 750/1000(75%)
Task: 8,	 Epoch: 64/80,	 Avg.loss: 0.0007,	 Accuracy: 748/1000(75%)
Task: 8,	 Epoch: 65/80,	 Avg.loss: 0.0007,	 Accuracy: 749/1000(75%)
Task: 8,	 Epoch: 66/80,	 Avg.loss: 0.0007,	 Accuracy: 749/1000(75%)
Task: 8,	 Epoch: 67/80,	 Avg.loss: 0.0007,	 Accuracy: 744/1000(74%)
Task: 8,	 Epoch: 68/80,	 Avg.loss: 0.0007,	 Accuracy: 751/1000(75%)
Task: 8,	 Epoch: 69/80,	 Avg.loss: 0.0007,	 Accuracy: 745/1000(74%)
Task: 8,	 Epoch: 70/80,	 Avg.loss: 0.0007,	 Accuracy: 742/1000(74%)
Task: 8,	 Epoch: 71/80,	 Avg.loss: 0.0007,	 Accuracy: 746/1000(75%)
Task: 8,	 Epoch: 72/80,	 Avg.loss: 0.0007,	 Accuracy: 747/1000(75%)
Task: 8,	 Epoch: 73/80,	 Avg.loss: 0.0007,	 Accuracy: 744/1000(74%)
Task: 8,	 Epoch: 74/80,	 Avg.loss: 0.0007,	 Accuracy: 745/1000(74%)
Task: 8,	 Epoch: 75/80,	 Avg.loss: 0.0007,	 Accuracy: 752/1000(75%)
Task: 8,	 Epoch: 76/80,	 Avg.loss: 0.0007,	 Accuracy: 746/1000(75%)
Task: 8,	 Epoch: 77/80,	 Avg.loss: 0.0007,	 Accuracy: 751/1000(75%)
Task: 8,	 Epoch: 78/80,	 Avg.loss: 0.0007,	 Accuracy: 747/1000(75%)
Task: 8,	 Epoch: 79/80,	 Avg.loss: 0.0007,	 Accuracy: 751/1000(75%)
Task: 0,	 Epoch: -1/80,	 Avg.loss: 0.0012,	 Accuracy: 823/1000(82%)
Trained Task:8, Loaded task:0, Accuracy:82.3%
Task: 1,	 Epoch: -1/80,	 Avg.loss: 0.0011,	 Accuracy: 718/1000(72%)
Trained Task:8, Loaded task:1, Accuracy:71.8%
Task: 2,	 Epoch: -1/80,	 Avg.loss: 0.0010,	 Accuracy: 700/1000(70%)
Trained Task:8, Loaded task:2, Accuracy:70.0%
Task: 3,	 Epoch: -1/80,	 Avg.loss: 0.0009,	 Accuracy: 732/1000(73%)
Trained Task:8, Loaded task:3, Accuracy:73.2%
Task: 4,	 Epoch: -1/80,	 Avg.loss: 0.0007,	 Accuracy: 787/1000(79%)
Trained Task:8, Loaded task:4, Accuracy:78.7%
Task: 5,	 Epoch: -1/80,	 Avg.loss: 0.0007,	 Accuracy: 762/1000(76%)
Trained Task:8, Loaded task:5, Accuracy:76.2%
Task: 6,	 Epoch: -1/80,	 Avg.loss: 0.0007,	 Accuracy: 746/1000(75%)
Trained Task:8, Loaded task:6, Accuracy:74.6%
Task: 7,	 Epoch: -1/80,	 Avg.loss: 0.0008,	 Accuracy: 722/1000(72%)
Trained Task:8, Loaded task:7, Accuracy:72.2%
Task: 8,	 Epoch: -1/80,	 Avg.loss: 0.0007,	 Accuracy: 751/1000(75%)
Trained Task:8, Loaded task:8, Accuracy:75.1%
Trained Task:8, Avg. Accuracy: 74.9 

Layer        : conv1_layer.2.weight
Sum Omega    : 772.16552734375
W.num_zeros  : 0/9216
F.num_zeros  : 288/9216
O.num_zeros  : 288/9216
Max Fisher   : 1.0
Max Omega    : 1.0
Min Fisher   : 0.0
Min Omega    : 0.0
Max Relevance: 0.7626911401748657
Layer        : conv2_layer.2.weight
Sum Omega    : 2359.970947265625
W.num_zeros  : 0/36864
F.num_zeros  : 7488/36864
O.num_zeros  : 7488/36864
Max Fisher   : 1.0
Max Omega    : 1.0
Min Fisher   : 0.0
Min Omega    : 0.0
Max Relevance: 0.819462239742279
Layer        : fc1_layer.0.weight
Sum Omega    : 35661.78515625
W.num_zeros  : 0/2097152
F.num_zeros  : 1183435/2097152
O.num_zeros  : 1186541/2097152
Max Fisher   : 1.0
Max Omega    : 1.0
Min Fisher   : 0.0
Min Omega    : 0.0
Max Relevance: 0.8762355446815491
Mask histogram conv1_layer.2.weight: 	 tensor([   0.,    0.,    0.,    0.,    0.,    0.,    0.,    0.,    0., 8192.],
       device='cuda:0')
Mask histogram conv2_layer.2.weight: 	 tensor([   0.,    0.,    0.,    0.,    0.,    0.,    0.,    0.,    0., 4096.],
       device='cuda:0')
Mask histogram fc1_layer.0.weight: 	 tensor([103.,  20.,  58.,  23.,  37.,  25.,  28.,  17.,  78., 123.],
       device='cuda:0')
Task: 9,	 Epoch: 0/80,	 Avg.loss: 0.0010,	 Accuracy: 693/1000(69%)
Task: 9,	 Epoch: 1/80,	 Avg.loss: 0.0009,	 Accuracy: 736/1000(74%)
Task: 9,	 Epoch: 2/80,	 Avg.loss: 0.0009,	 Accuracy: 720/1000(72%)
Task: 9,	 Epoch: 3/80,	 Avg.loss: 0.0007,	 Accuracy: 765/1000(76%)
Task: 9,	 Epoch: 4/80,	 Avg.loss: 0.0007,	 Accuracy: 763/1000(76%)
Task: 9,	 Epoch: 5/80,	 Avg.loss: 0.0007,	 Accuracy: 761/1000(76%)
Task: 9,	 Epoch: 6/80,	 Avg.loss: 0.0007,	 Accuracy: 776/1000(78%)
Task: 9,	 Epoch: 7/80,	 Avg.loss: 0.0007,	 Accuracy: 780/1000(78%)
Task: 9,	 Epoch: 8/80,	 Avg.loss: 0.0007,	 Accuracy: 789/1000(79%)
Task: 9,	 Epoch: 9/80,	 Avg.loss: 0.0006,	 Accuracy: 790/1000(79%)
Task: 9,	 Epoch: 10/80,	 Avg.loss: 0.0007,	 Accuracy: 780/1000(78%)
Task: 9,	 Epoch: 11/80,	 Avg.loss: 0.0007,	 Accuracy: 778/1000(78%)
Task: 9,	 Epoch: 12/80,	 Avg.loss: 0.0006,	 Accuracy: 798/1000(80%)
Task: 9,	 Epoch: 13/80,	 Avg.loss: 0.0006,	 Accuracy: 790/1000(79%)
Task: 9,	 Epoch: 14/80,	 Avg.loss: 0.0006,	 Accuracy: 798/1000(80%)
Task: 9,	 Epoch: 15/80,	 Avg.loss: 0.0007,	 Accuracy: 799/1000(80%)
Task: 9,	 Epoch: 16/80,	 Avg.loss: 0.0007,	 Accuracy: 771/1000(77%)
Task: 9,	 Epoch: 17/80,	 Avg.loss: 0.0007,	 Accuracy: 795/1000(80%)
Task: 9,	 Epoch: 18/80,	 Avg.loss: 0.0007,	 Accuracy: 782/1000(78%)
Task: 9,	 Epoch: 19/80,	 Avg.loss: 0.0007,	 Accuracy: 771/1000(77%)
Task: 9,	 Epoch: 20/80,	 Avg.loss: 0.0007,	 Accuracy: 780/1000(78%)
Task: 9,	 Epoch: 21/80,	 Avg.loss: 0.0007,	 Accuracy: 789/1000(79%)
Task: 9,	 Epoch: 22/80,	 Avg.loss: 0.0007,	 Accuracy: 783/1000(78%)
Task: 9,	 Epoch: 23/80,	 Avg.loss: 0.0006,	 Accuracy: 795/1000(80%)
Task: 9,	 Epoch: 24/80,	 Avg.loss: 0.0007,	 Accuracy: 796/1000(80%)
Task: 9,	 Epoch: 25/80,	 Avg.loss: 0.0006,	 Accuracy: 794/1000(79%)
Task: 9,	 Epoch: 26/80,	 Avg.loss: 0.0006,	 Accuracy: 796/1000(80%)
Task: 9,	 Epoch: 27/80,	 Avg.loss: 0.0007,	 Accuracy: 792/1000(79%)
Task: 9,	 Epoch: 28/80,	 Avg.loss: 0.0007,	 Accuracy: 801/1000(80%)
Task: 9,	 Epoch: 29/80,	 Avg.loss: 0.0006,	 Accuracy: 802/1000(80%)
Task: 9,	 Epoch: 30/80,	 Avg.loss: 0.0006,	 Accuracy: 799/1000(80%)
Task: 9,	 Epoch: 31/80,	 Avg.loss: 0.0007,	 Accuracy: 795/1000(80%)
Task: 9,	 Epoch: 32/80,	 Avg.loss: 0.0006,	 Accuracy: 799/1000(80%)
Task: 9,	 Epoch: 33/80,	 Avg.loss: 0.0007,	 Accuracy: 790/1000(79%)
Task: 9,	 Epoch: 34/80,	 Avg.loss: 0.0007,	 Accuracy: 788/1000(79%)
Task: 9,	 Epoch: 35/80,	 Avg.loss: 0.0006,	 Accuracy: 797/1000(80%)
Task: 9,	 Epoch: 36/80,	 Avg.loss: 0.0006,	 Accuracy: 808/1000(81%)
Task: 9,	 Epoch: 37/80,	 Avg.loss: 0.0007,	 Accuracy: 784/1000(78%)
Task: 9,	 Epoch: 38/80,	 Avg.loss: 0.0006,	 Accuracy: 798/1000(80%)
Task: 9,	 Epoch: 39/80,	 Avg.loss: 0.0007,	 Accuracy: 770/1000(77%)
Task: 9,	 Epoch: 40/80,	 Avg.loss: 0.0007,	 Accuracy: 788/1000(79%)
Task: 9,	 Epoch: 41/80,	 Avg.loss: 0.0007,	 Accuracy: 783/1000(78%)
Task: 9,	 Epoch: 42/80,	 Avg.loss: 0.0007,	 Accuracy: 770/1000(77%)
Task: 9,	 Epoch: 43/80,	 Avg.loss: 0.0007,	 Accuracy: 787/1000(79%)
Task: 9,	 Epoch: 44/80,	 Avg.loss: 0.0007,	 Accuracy: 791/1000(79%)
Task: 9,	 Epoch: 45/80,	 Avg.loss: 0.0006,	 Accuracy: 803/1000(80%)
Task: 9,	 Epoch: 46/80,	 Avg.loss: 0.0007,	 Accuracy: 768/1000(77%)
Task: 9,	 Epoch: 47/80,	 Avg.loss: 0.0007,	 Accuracy: 786/1000(79%)
Task: 9,	 Epoch: 48/80,	 Avg.loss: 0.0007,	 Accuracy: 798/1000(80%)
Task: 9,	 Epoch: 49/80,	 Avg.loss: 0.0006,	 Accuracy: 808/1000(81%)
Task: 9,	 Epoch: 50/80,	 Avg.loss: 0.0006,	 Accuracy: 819/1000(82%)
Task: 9,	 Epoch: 51/80,	 Avg.loss: 0.0006,	 Accuracy: 818/1000(82%)
Task: 9,	 Epoch: 52/80,	 Avg.loss: 0.0006,	 Accuracy: 821/1000(82%)
Task: 9,	 Epoch: 53/80,	 Avg.loss: 0.0006,	 Accuracy: 821/1000(82%)
Task: 9,	 Epoch: 54/80,	 Avg.loss: 0.0006,	 Accuracy: 818/1000(82%)
Task: 9,	 Epoch: 55/80,	 Avg.loss: 0.0006,	 Accuracy: 819/1000(82%)
Task: 9,	 Epoch: 56/80,	 Avg.loss: 0.0006,	 Accuracy: 822/1000(82%)
Task: 9,	 Epoch: 57/80,	 Avg.loss: 0.0006,	 Accuracy: 816/1000(82%)
Task: 9,	 Epoch: 58/80,	 Avg.loss: 0.0006,	 Accuracy: 817/1000(82%)
Task: 9,	 Epoch: 59/80,	 Avg.loss: 0.0006,	 Accuracy: 818/1000(82%)
Task: 9,	 Epoch: 60/80,	 Avg.loss: 0.0006,	 Accuracy: 818/1000(82%)
Task: 9,	 Epoch: 61/80,	 Avg.loss: 0.0006,	 Accuracy: 823/1000(82%)
Task: 9,	 Epoch: 62/80,	 Avg.loss: 0.0006,	 Accuracy: 820/1000(82%)
Task: 9,	 Epoch: 63/80,	 Avg.loss: 0.0006,	 Accuracy: 822/1000(82%)
Task: 9,	 Epoch: 64/80,	 Avg.loss: 0.0006,	 Accuracy: 824/1000(82%)
Task: 9,	 Epoch: 65/80,	 Avg.loss: 0.0006,	 Accuracy: 821/1000(82%)
Task: 9,	 Epoch: 66/80,	 Avg.loss: 0.0006,	 Accuracy: 823/1000(82%)
Task: 9,	 Epoch: 67/80,	 Avg.loss: 0.0006,	 Accuracy: 816/1000(82%)
Task: 9,	 Epoch: 68/80,	 Avg.loss: 0.0006,	 Accuracy: 819/1000(82%)
Task: 9,	 Epoch: 69/80,	 Avg.loss: 0.0006,	 Accuracy: 826/1000(83%)
Task: 9,	 Epoch: 70/80,	 Avg.loss: 0.0006,	 Accuracy: 825/1000(83%)
Task: 9,	 Epoch: 71/80,	 Avg.loss: 0.0006,	 Accuracy: 815/1000(82%)
Task: 9,	 Epoch: 72/80,	 Avg.loss: 0.0006,	 Accuracy: 815/1000(82%)
Task: 9,	 Epoch: 73/80,	 Avg.loss: 0.0006,	 Accuracy: 818/1000(82%)
Task: 9,	 Epoch: 74/80,	 Avg.loss: 0.0006,	 Accuracy: 817/1000(82%)
Task: 9,	 Epoch: 75/80,	 Avg.loss: 0.0006,	 Accuracy: 816/1000(82%)
Task: 9,	 Epoch: 76/80,	 Avg.loss: 0.0006,	 Accuracy: 816/1000(82%)
Task: 9,	 Epoch: 77/80,	 Avg.loss: 0.0006,	 Accuracy: 821/1000(82%)
Task: 9,	 Epoch: 78/80,	 Avg.loss: 0.0006,	 Accuracy: 818/1000(82%)
Task: 9,	 Epoch: 79/80,	 Avg.loss: 0.0006,	 Accuracy: 820/1000(82%)
Task: 0,	 Epoch: -1/80,	 Avg.loss: 0.0012,	 Accuracy: 819/1000(82%)
Trained Task:9, Loaded task:0, Accuracy:81.9%
Task: 1,	 Epoch: -1/80,	 Avg.loss: 0.0011,	 Accuracy: 719/1000(72%)
Trained Task:9, Loaded task:1, Accuracy:71.9%
Task: 2,	 Epoch: -1/80,	 Avg.loss: 0.0010,	 Accuracy: 698/1000(70%)
Trained Task:9, Loaded task:2, Accuracy:69.8%
Task: 3,	 Epoch: -1/80,	 Avg.loss: 0.0009,	 Accuracy: 731/1000(73%)
Trained Task:9, Loaded task:3, Accuracy:73.1%
Task: 4,	 Epoch: -1/80,	 Avg.loss: 0.0007,	 Accuracy: 788/1000(79%)
Trained Task:9, Loaded task:4, Accuracy:78.8%
Task: 5,	 Epoch: -1/80,	 Avg.loss: 0.0007,	 Accuracy: 761/1000(76%)
Trained Task:9, Loaded task:5, Accuracy:76.1%
Task: 6,	 Epoch: -1/80,	 Avg.loss: 0.0007,	 Accuracy: 743/1000(74%)
Trained Task:9, Loaded task:6, Accuracy:74.3%
Task: 7,	 Epoch: -1/80,	 Avg.loss: 0.0008,	 Accuracy: 718/1000(72%)
Trained Task:9, Loaded task:7, Accuracy:71.8%
Task: 8,	 Epoch: -1/80,	 Avg.loss: 0.0007,	 Accuracy: 750/1000(75%)
Trained Task:9, Loaded task:8, Accuracy:75.0%
Task: 9,	 Epoch: -1/80,	 Avg.loss: 0.0006,	 Accuracy: 820/1000(82%)
Trained Task:9, Loaded task:9, Accuracy:82.0%
Trained Task:9, Avg. Accuracy: 75.5 

List of avg. accuracy: [86.6, 80.9, 80.0, 77.0, 76.2, 75.9, 75.6, 75.0, 74.9, 75.5]
