Layer        : conv1_layer.2.weight
Sum Omega    : 9216.0
W.num_zeros  : 0/9216
F.num_zeros  : 288/9216
O.num_zeros  : 0/9216
Max Fisher   : 1.0
Max Omega    : 1.0
Min Fisher   : 0.0
Min Omega    : 1.0
Max Relevance: 0.800000011920929
Layer        : conv2_layer.2.weight
Sum Omega    : 36864.0
W.num_zeros  : 0/36864
F.num_zeros  : 9020/36864
O.num_zeros  : 0/36864
Max Fisher   : 1.0
Max Omega    : 1.0
Min Fisher   : 0.0
Min Omega    : 1.0
Max Relevance: 0.800000011920929
Layer        : fc1_layer.0.weight
Sum Omega    : 2097152.0
W.num_zeros  : 0/2097152
F.num_zeros  : 1276325/2097152
O.num_zeros  : 0/2097152
Max Fisher   : 1.0
Max Omega    : 1.0
Min Fisher   : 0.0
Min Omega    : 1.0
Max Relevance: 0.800000011920929
Mask histogram conv1_layer.2.weight: 	 tensor([   0., 8192.,    0.,    0.,    0.,    0.,    0.,    0.,    0.,    0.],
       device='cuda:0')
Mask histogram conv2_layer.2.weight: 	 tensor([   0., 4096.,    0.,    0.,    0.,    0.,    0.,    0.,    0.,    0.],
       device='cuda:0')
Mask histogram fc1_layer.0.weight: 	 tensor([256., 256.,   0.,   0.,   0.,   0.,   0.,   0.,   0.,   0.],
       device='cuda:0')
Task: 0,	 Epoch: 0/80,	 Avg.loss: 0.0010,	 Accuracy: 658/1000(66%)
Task: 0,	 Epoch: 1/80,	 Avg.loss: 0.0008,	 Accuracy: 737/1000(74%)
Task: 0,	 Epoch: 2/80,	 Avg.loss: 0.0006,	 Accuracy: 774/1000(77%)
Task: 0,	 Epoch: 3/80,	 Avg.loss: 0.0006,	 Accuracy: 791/1000(79%)
Task: 0,	 Epoch: 4/80,	 Avg.loss: 0.0006,	 Accuracy: 804/1000(80%)
Task: 0,	 Epoch: 5/80,	 Avg.loss: 0.0006,	 Accuracy: 791/1000(79%)
Task: 0,	 Epoch: 6/80,	 Avg.loss: 0.0006,	 Accuracy: 818/1000(82%)
Task: 0,	 Epoch: 7/80,	 Avg.loss: 0.0005,	 Accuracy: 847/1000(85%)
Task: 0,	 Epoch: 8/80,	 Avg.loss: 0.0005,	 Accuracy: 845/1000(85%)
Task: 0,	 Epoch: 9/80,	 Avg.loss: 0.0005,	 Accuracy: 829/1000(83%)
Task: 0,	 Epoch: 10/80,	 Avg.loss: 0.0005,	 Accuracy: 836/1000(84%)
Task: 0,	 Epoch: 11/80,	 Avg.loss: 0.0005,	 Accuracy: 844/1000(84%)
Task: 0,	 Epoch: 12/80,	 Avg.loss: 0.0005,	 Accuracy: 846/1000(85%)
Task: 0,	 Epoch: 13/80,	 Avg.loss: 0.0005,	 Accuracy: 860/1000(86%)
Task: 0,	 Epoch: 14/80,	 Avg.loss: 0.0005,	 Accuracy: 841/1000(84%)
Task: 0,	 Epoch: 15/80,	 Avg.loss: 0.0005,	 Accuracy: 849/1000(85%)
Task: 0,	 Epoch: 16/80,	 Avg.loss: 0.0005,	 Accuracy: 842/1000(84%)
Task: 0,	 Epoch: 17/80,	 Avg.loss: 0.0005,	 Accuracy: 847/1000(85%)
Task: 0,	 Epoch: 18/80,	 Avg.loss: 0.0005,	 Accuracy: 844/1000(84%)
Task: 0,	 Epoch: 19/80,	 Avg.loss: 0.0005,	 Accuracy: 844/1000(84%)
Task: 0,	 Epoch: 20/80,	 Avg.loss: 0.0006,	 Accuracy: 843/1000(84%)
Task: 0,	 Epoch: 21/80,	 Avg.loss: 0.0005,	 Accuracy: 847/1000(85%)
Task: 0,	 Epoch: 22/80,	 Avg.loss: 0.0006,	 Accuracy: 837/1000(84%)
Task: 0,	 Epoch: 23/80,	 Avg.loss: 0.0006,	 Accuracy: 846/1000(85%)
Task: 0,	 Epoch: 24/80,	 Avg.loss: 0.0006,	 Accuracy: 845/1000(85%)
Task: 0,	 Epoch: 25/80,	 Avg.loss: 0.0006,	 Accuracy: 842/1000(84%)
Task: 0,	 Epoch: 26/80,	 Avg.loss: 0.0006,	 Accuracy: 849/1000(85%)
Task: 0,	 Epoch: 27/80,	 Avg.loss: 0.0006,	 Accuracy: 842/1000(84%)
Task: 0,	 Epoch: 28/80,	 Avg.loss: 0.0005,	 Accuracy: 855/1000(86%)
Task: 0,	 Epoch: 29/80,	 Avg.loss: 0.0006,	 Accuracy: 854/1000(85%)
Task: 0,	 Epoch: 30/80,	 Avg.loss: 0.0006,	 Accuracy: 854/1000(85%)
Task: 0,	 Epoch: 31/80,	 Avg.loss: 0.0006,	 Accuracy: 862/1000(86%)
Task: 0,	 Epoch: 32/80,	 Avg.loss: 0.0006,	 Accuracy: 854/1000(85%)
Task: 0,	 Epoch: 33/80,	 Avg.loss: 0.0006,	 Accuracy: 860/1000(86%)
Task: 0,	 Epoch: 34/80,	 Avg.loss: 0.0006,	 Accuracy: 860/1000(86%)
Task: 0,	 Epoch: 35/80,	 Avg.loss: 0.0007,	 Accuracy: 852/1000(85%)
Task: 0,	 Epoch: 36/80,	 Avg.loss: 0.0007,	 Accuracy: 851/1000(85%)
Task: 0,	 Epoch: 37/80,	 Avg.loss: 0.0006,	 Accuracy: 863/1000(86%)
Task: 0,	 Epoch: 38/80,	 Avg.loss: 0.0006,	 Accuracy: 866/1000(87%)
Task: 0,	 Epoch: 39/80,	 Avg.loss: 0.0007,	 Accuracy: 857/1000(86%)
Task: 0,	 Epoch: 40/80,	 Avg.loss: 0.0007,	 Accuracy: 848/1000(85%)
Task: 0,	 Epoch: 41/80,	 Avg.loss: 0.0007,	 Accuracy: 851/1000(85%)
Task: 0,	 Epoch: 42/80,	 Avg.loss: 0.0006,	 Accuracy: 854/1000(85%)
Task: 0,	 Epoch: 43/80,	 Avg.loss: 0.0007,	 Accuracy: 845/1000(85%)
Task: 0,	 Epoch: 44/80,	 Avg.loss: 0.0007,	 Accuracy: 841/1000(84%)
Task: 0,	 Epoch: 45/80,	 Avg.loss: 0.0007,	 Accuracy: 853/1000(85%)
Task: 0,	 Epoch: 46/80,	 Avg.loss: 0.0007,	 Accuracy: 846/1000(85%)
Task: 0,	 Epoch: 47/80,	 Avg.loss: 0.0006,	 Accuracy: 862/1000(86%)
Task: 0,	 Epoch: 48/80,	 Avg.loss: 0.0007,	 Accuracy: 863/1000(86%)
Task: 0,	 Epoch: 49/80,	 Avg.loss: 0.0006,	 Accuracy: 866/1000(87%)
Task: 0,	 Epoch: 50/80,	 Avg.loss: 0.0006,	 Accuracy: 864/1000(86%)
Task: 0,	 Epoch: 51/80,	 Avg.loss: 0.0006,	 Accuracy: 868/1000(87%)
Task: 0,	 Epoch: 52/80,	 Avg.loss: 0.0006,	 Accuracy: 867/1000(87%)
Task: 0,	 Epoch: 53/80,	 Avg.loss: 0.0006,	 Accuracy: 874/1000(87%)
Task: 0,	 Epoch: 54/80,	 Avg.loss: 0.0006,	 Accuracy: 875/1000(88%)
Task: 0,	 Epoch: 55/80,	 Avg.loss: 0.0006,	 Accuracy: 873/1000(87%)
Task: 0,	 Epoch: 56/80,	 Avg.loss: 0.0006,	 Accuracy: 872/1000(87%)
Task: 0,	 Epoch: 57/80,	 Avg.loss: 0.0006,	 Accuracy: 870/1000(87%)
Task: 0,	 Epoch: 58/80,	 Avg.loss: 0.0006,	 Accuracy: 870/1000(87%)
Task: 0,	 Epoch: 59/80,	 Avg.loss: 0.0006,	 Accuracy: 871/1000(87%)
Task: 0,	 Epoch: 60/80,	 Avg.loss: 0.0006,	 Accuracy: 876/1000(88%)
Task: 0,	 Epoch: 61/80,	 Avg.loss: 0.0006,	 Accuracy: 872/1000(87%)
Task: 0,	 Epoch: 62/80,	 Avg.loss: 0.0006,	 Accuracy: 870/1000(87%)
Task: 0,	 Epoch: 63/80,	 Avg.loss: 0.0006,	 Accuracy: 870/1000(87%)
Task: 0,	 Epoch: 64/80,	 Avg.loss: 0.0006,	 Accuracy: 865/1000(87%)
Task: 0,	 Epoch: 65/80,	 Avg.loss: 0.0006,	 Accuracy: 873/1000(87%)
Task: 0,	 Epoch: 66/80,	 Avg.loss: 0.0006,	 Accuracy: 869/1000(87%)
Task: 0,	 Epoch: 67/80,	 Avg.loss: 0.0007,	 Accuracy: 877/1000(88%)
Task: 0,	 Epoch: 68/80,	 Avg.loss: 0.0007,	 Accuracy: 876/1000(88%)
Task: 0,	 Epoch: 69/80,	 Avg.loss: 0.0007,	 Accuracy: 873/1000(87%)
Task: 0,	 Epoch: 70/80,	 Avg.loss: 0.0007,	 Accuracy: 874/1000(87%)
Task: 0,	 Epoch: 71/80,	 Avg.loss: 0.0007,	 Accuracy: 875/1000(88%)
Task: 0,	 Epoch: 72/80,	 Avg.loss: 0.0007,	 Accuracy: 871/1000(87%)
Task: 0,	 Epoch: 73/80,	 Avg.loss: 0.0007,	 Accuracy: 870/1000(87%)
Task: 0,	 Epoch: 74/80,	 Avg.loss: 0.0007,	 Accuracy: 874/1000(87%)
Task: 0,	 Epoch: 75/80,	 Avg.loss: 0.0007,	 Accuracy: 872/1000(87%)
Task: 0,	 Epoch: 76/80,	 Avg.loss: 0.0007,	 Accuracy: 873/1000(87%)
Task: 0,	 Epoch: 77/80,	 Avg.loss: 0.0007,	 Accuracy: 874/1000(87%)
Task: 0,	 Epoch: 78/80,	 Avg.loss: 0.0007,	 Accuracy: 872/1000(87%)
Task: 0,	 Epoch: 79/80,	 Avg.loss: 0.0007,	 Accuracy: 873/1000(87%)
Task: 0,	 Epoch: -1/80,	 Avg.loss: 0.0007,	 Accuracy: 873/1000(87%)
Trained Task:0, Loaded task:0, Accuracy:87.3%
Trained Task:0, Avg. Accuracy: 87.3 

Layer        : conv1_layer.2.weight
Sum Omega    : 730.0936279296875
W.num_zeros  : 0/9216
F.num_zeros  : 288/9216
O.num_zeros  : 288/9216
Max Fisher   : 1.0
Max Omega    : 1.0
Min Fisher   : 0.0
Min Omega    : 0.0
Max Relevance: 0.800000011920929
Layer        : conv2_layer.2.weight
Sum Omega    : 1837.797119140625
W.num_zeros  : 0/36864
F.num_zeros  : 8640/36864
O.num_zeros  : 8640/36864
Max Fisher   : 1.0
Max Omega    : 1.0
Min Fisher   : 0.0
Min Omega    : 0.0
Max Relevance: 0.8619287014007568
Layer        : fc1_layer.0.weight
Sum Omega    : 36608.1953125
W.num_zeros  : 0/2097152
F.num_zeros  : 1234601/2097152
O.num_zeros  : 1295277/2097152
Max Fisher   : 1.0
Max Omega    : 1.0
Min Fisher   : 0.0
Min Omega    : 0.0
Max Relevance: 0.9285903573036194
Mask histogram conv1_layer.2.weight: 	 tensor([   0.,    0., 8192.,    0.,    0.,    0.,    0.,    0.,    0.,    0.],
       device='cuda:0')
Mask histogram conv2_layer.2.weight: 	 tensor([   0.,    0., 4096.,    0.,    0.,    0.,    0.,    0.,    0.,    0.],
       device='cuda:0')
Mask histogram fc1_layer.0.weight: 	 tensor([248.,  16., 248.,   0.,   0.,   0.,   0.,   0.,   0.,   0.],
       device='cuda:0')
Task: 1,	 Epoch: 0/80,	 Avg.loss: 0.0011,	 Accuracy: 672/1000(67%)
Task: 1,	 Epoch: 1/80,	 Avg.loss: 0.0011,	 Accuracy: 660/1000(66%)
Task: 1,	 Epoch: 2/80,	 Avg.loss: 0.0010,	 Accuracy: 695/1000(70%)
Task: 1,	 Epoch: 3/80,	 Avg.loss: 0.0011,	 Accuracy: 663/1000(66%)
Task: 1,	 Epoch: 4/80,	 Avg.loss: 0.0009,	 Accuracy: 721/1000(72%)
Task: 1,	 Epoch: 5/80,	 Avg.loss: 0.0009,	 Accuracy: 720/1000(72%)
Task: 1,	 Epoch: 6/80,	 Avg.loss: 0.0008,	 Accuracy: 726/1000(73%)
Task: 1,	 Epoch: 7/80,	 Avg.loss: 0.0008,	 Accuracy: 719/1000(72%)
Task: 1,	 Epoch: 8/80,	 Avg.loss: 0.0008,	 Accuracy: 725/1000(72%)
Task: 1,	 Epoch: 9/80,	 Avg.loss: 0.0008,	 Accuracy: 718/1000(72%)
Task: 1,	 Epoch: 10/80,	 Avg.loss: 0.0009,	 Accuracy: 716/1000(72%)
Task: 1,	 Epoch: 11/80,	 Avg.loss: 0.0008,	 Accuracy: 732/1000(73%)
Task: 1,	 Epoch: 12/80,	 Avg.loss: 0.0008,	 Accuracy: 731/1000(73%)
Task: 1,	 Epoch: 13/80,	 Avg.loss: 0.0008,	 Accuracy: 729/1000(73%)
Task: 1,	 Epoch: 14/80,	 Avg.loss: 0.0009,	 Accuracy: 730/1000(73%)
Task: 1,	 Epoch: 15/80,	 Avg.loss: 0.0009,	 Accuracy: 729/1000(73%)
Task: 1,	 Epoch: 16/80,	 Avg.loss: 0.0008,	 Accuracy: 744/1000(74%)
Task: 1,	 Epoch: 17/80,	 Avg.loss: 0.0008,	 Accuracy: 736/1000(74%)
Task: 1,	 Epoch: 18/80,	 Avg.loss: 0.0008,	 Accuracy: 731/1000(73%)
Task: 1,	 Epoch: 19/80,	 Avg.loss: 0.0009,	 Accuracy: 719/1000(72%)
Task: 1,	 Epoch: 20/80,	 Avg.loss: 0.0008,	 Accuracy: 744/1000(74%)
Task: 1,	 Epoch: 21/80,	 Avg.loss: 0.0008,	 Accuracy: 740/1000(74%)
Task: 1,	 Epoch: 22/80,	 Avg.loss: 0.0009,	 Accuracy: 717/1000(72%)
Task: 1,	 Epoch: 23/80,	 Avg.loss: 0.0008,	 Accuracy: 752/1000(75%)
Task: 1,	 Epoch: 24/80,	 Avg.loss: 0.0008,	 Accuracy: 753/1000(75%)
Task: 1,	 Epoch: 25/80,	 Avg.loss: 0.0008,	 Accuracy: 732/1000(73%)
Task: 1,	 Epoch: 26/80,	 Avg.loss: 0.0008,	 Accuracy: 752/1000(75%)
Task: 1,	 Epoch: 27/80,	 Avg.loss: 0.0008,	 Accuracy: 751/1000(75%)
Task: 1,	 Epoch: 28/80,	 Avg.loss: 0.0008,	 Accuracy: 754/1000(75%)
Task: 1,	 Epoch: 29/80,	 Avg.loss: 0.0008,	 Accuracy: 721/1000(72%)
Task: 1,	 Epoch: 30/80,	 Avg.loss: 0.0008,	 Accuracy: 742/1000(74%)
Task: 1,	 Epoch: 31/80,	 Avg.loss: 0.0008,	 Accuracy: 752/1000(75%)
Task: 1,	 Epoch: 32/80,	 Avg.loss: 0.0008,	 Accuracy: 745/1000(74%)
Task: 1,	 Epoch: 33/80,	 Avg.loss: 0.0008,	 Accuracy: 737/1000(74%)
Task: 1,	 Epoch: 34/80,	 Avg.loss: 0.0008,	 Accuracy: 741/1000(74%)
Task: 1,	 Epoch: 35/80,	 Avg.loss: 0.0008,	 Accuracy: 751/1000(75%)
Task: 1,	 Epoch: 36/80,	 Avg.loss: 0.0008,	 Accuracy: 754/1000(75%)
Task: 1,	 Epoch: 37/80,	 Avg.loss: 0.0008,	 Accuracy: 748/1000(75%)
Task: 1,	 Epoch: 38/80,	 Avg.loss: 0.0008,	 Accuracy: 741/1000(74%)
Task: 1,	 Epoch: 39/80,	 Avg.loss: 0.0008,	 Accuracy: 754/1000(75%)
Task: 1,	 Epoch: 40/80,	 Avg.loss: 0.0008,	 Accuracy: 753/1000(75%)
Task: 1,	 Epoch: 41/80,	 Avg.loss: 0.0008,	 Accuracy: 748/1000(75%)
Task: 1,	 Epoch: 42/80,	 Avg.loss: 0.0008,	 Accuracy: 763/1000(76%)
Task: 1,	 Epoch: 43/80,	 Avg.loss: 0.0008,	 Accuracy: 761/1000(76%)
Task: 1,	 Epoch: 44/80,	 Avg.loss: 0.0008,	 Accuracy: 749/1000(75%)
Task: 1,	 Epoch: 45/80,	 Avg.loss: 0.0008,	 Accuracy: 738/1000(74%)
Task: 1,	 Epoch: 46/80,	 Avg.loss: 0.0008,	 Accuracy: 761/1000(76%)
Task: 1,	 Epoch: 47/80,	 Avg.loss: 0.0008,	 Accuracy: 754/1000(75%)
Task: 1,	 Epoch: 48/80,	 Avg.loss: 0.0008,	 Accuracy: 761/1000(76%)
Task: 1,	 Epoch: 49/80,	 Avg.loss: 0.0008,	 Accuracy: 743/1000(74%)
Task: 1,	 Epoch: 50/80,	 Avg.loss: 0.0008,	 Accuracy: 774/1000(77%)
Task: 1,	 Epoch: 51/80,	 Avg.loss: 0.0007,	 Accuracy: 769/1000(77%)
Task: 1,	 Epoch: 52/80,	 Avg.loss: 0.0008,	 Accuracy: 771/1000(77%)
Task: 1,	 Epoch: 53/80,	 Avg.loss: 0.0007,	 Accuracy: 774/1000(77%)
Task: 1,	 Epoch: 54/80,	 Avg.loss: 0.0007,	 Accuracy: 774/1000(77%)
Task: 1,	 Epoch: 55/80,	 Avg.loss: 0.0007,	 Accuracy: 771/1000(77%)
Task: 1,	 Epoch: 56/80,	 Avg.loss: 0.0007,	 Accuracy: 769/1000(77%)
Task: 1,	 Epoch: 57/80,	 Avg.loss: 0.0007,	 Accuracy: 766/1000(77%)
Task: 1,	 Epoch: 58/80,	 Avg.loss: 0.0007,	 Accuracy: 765/1000(76%)
Task: 1,	 Epoch: 59/80,	 Avg.loss: 0.0007,	 Accuracy: 767/1000(77%)
Task: 1,	 Epoch: 60/80,	 Avg.loss: 0.0007,	 Accuracy: 777/1000(78%)
Task: 1,	 Epoch: 61/80,	 Avg.loss: 0.0007,	 Accuracy: 776/1000(78%)
Task: 1,	 Epoch: 62/80,	 Avg.loss: 0.0007,	 Accuracy: 776/1000(78%)
Task: 1,	 Epoch: 63/80,	 Avg.loss: 0.0007,	 Accuracy: 774/1000(77%)
Task: 1,	 Epoch: 64/80,	 Avg.loss: 0.0007,	 Accuracy: 774/1000(77%)
Task: 1,	 Epoch: 65/80,	 Avg.loss: 0.0007,	 Accuracy: 781/1000(78%)
Task: 1,	 Epoch: 66/80,	 Avg.loss: 0.0007,	 Accuracy: 775/1000(78%)
Task: 1,	 Epoch: 67/80,	 Avg.loss: 0.0007,	 Accuracy: 776/1000(78%)
Task: 1,	 Epoch: 68/80,	 Avg.loss: 0.0007,	 Accuracy: 771/1000(77%)
Task: 1,	 Epoch: 69/80,	 Avg.loss: 0.0007,	 Accuracy: 778/1000(78%)
Task: 1,	 Epoch: 70/80,	 Avg.loss: 0.0007,	 Accuracy: 772/1000(77%)
Task: 1,	 Epoch: 71/80,	 Avg.loss: 0.0007,	 Accuracy: 781/1000(78%)
Task: 1,	 Epoch: 72/80,	 Avg.loss: 0.0007,	 Accuracy: 773/1000(77%)
Task: 1,	 Epoch: 73/80,	 Avg.loss: 0.0007,	 Accuracy: 774/1000(77%)
Task: 1,	 Epoch: 74/80,	 Avg.loss: 0.0007,	 Accuracy: 776/1000(78%)
Task: 1,	 Epoch: 75/80,	 Avg.loss: 0.0007,	 Accuracy: 780/1000(78%)
Task: 1,	 Epoch: 76/80,	 Avg.loss: 0.0007,	 Accuracy: 772/1000(77%)
Task: 1,	 Epoch: 77/80,	 Avg.loss: 0.0007,	 Accuracy: 775/1000(78%)
Task: 1,	 Epoch: 78/80,	 Avg.loss: 0.0007,	 Accuracy: 775/1000(78%)
Task: 1,	 Epoch: 79/80,	 Avg.loss: 0.0007,	 Accuracy: 781/1000(78%)
Task: 0,	 Epoch: -1/80,	 Avg.loss: 0.0007,	 Accuracy: 874/1000(87%)
Trained Task:1, Loaded task:0, Accuracy:87.4%
Task: 1,	 Epoch: -1/80,	 Avg.loss: 0.0007,	 Accuracy: 781/1000(78%)
Trained Task:1, Loaded task:1, Accuracy:78.1%
Trained Task:1, Avg. Accuracy: 82.8 

Layer        : conv1_layer.2.weight
Sum Omega    : 756.4027709960938
W.num_zeros  : 0/9216
F.num_zeros  : 288/9216
O.num_zeros  : 288/9216
Max Fisher   : 1.0
Max Omega    : 1.0
Min Fisher   : 0.0
Min Omega    : 0.0
Max Relevance: 0.800000011920929
Layer        : conv2_layer.2.weight
Sum Omega    : 1831.397216796875
W.num_zeros  : 0/36864
F.num_zeros  : 8640/36864
O.num_zeros  : 8640/36864
Max Fisher   : 1.0
Max Omega    : 1.0
Min Fisher   : 0.0
Min Omega    : 0.0
Max Relevance: 0.800000011920929
Layer        : fc1_layer.0.weight
Sum Omega    : 42616.953125
W.num_zeros  : 0/2097152
F.num_zeros  : 1234382/2097152
O.num_zeros  : 1270151/2097152
Max Fisher   : 1.0
Max Omega    : 1.0
Min Fisher   : 0.0
Min Omega    : 0.0
Max Relevance: 0.9165250658988953
Mask histogram conv1_layer.2.weight: 	 tensor([   0.,    0.,    0., 8192.,    0.,    0.,    0.,    0.,    0.,    0.],
       device='cuda:0')
Mask histogram conv2_layer.2.weight: 	 tensor([   0.,    0.,    0., 4096.,    0.,    0.,    0.,    0.,    0.,    0.],
       device='cuda:0')
Mask histogram fc1_layer.0.weight: 	 tensor([246.,   7.,  16., 243.,   0.,   0.,   0.,   0.,   0.,   0.],
       device='cuda:0')
Task: 2,	 Epoch: 0/80,	 Avg.loss: 0.0011,	 Accuracy: 651/1000(65%)
Task: 2,	 Epoch: 1/80,	 Avg.loss: 0.0010,	 Accuracy: 698/1000(70%)
Task: 2,	 Epoch: 2/80,	 Avg.loss: 0.0009,	 Accuracy: 705/1000(70%)
Task: 2,	 Epoch: 3/80,	 Avg.loss: 0.0009,	 Accuracy: 690/1000(69%)
Task: 2,	 Epoch: 4/80,	 Avg.loss: 0.0008,	 Accuracy: 739/1000(74%)
Task: 2,	 Epoch: 5/80,	 Avg.loss: 0.0008,	 Accuracy: 738/1000(74%)
Task: 2,	 Epoch: 6/80,	 Avg.loss: 0.0008,	 Accuracy: 730/1000(73%)
Task: 2,	 Epoch: 7/80,	 Avg.loss: 0.0008,	 Accuracy: 724/1000(72%)
Task: 2,	 Epoch: 8/80,	 Avg.loss: 0.0008,	 Accuracy: 749/1000(75%)
Task: 2,	 Epoch: 9/80,	 Avg.loss: 0.0007,	 Accuracy: 758/1000(76%)
Task: 2,	 Epoch: 10/80,	 Avg.loss: 0.0008,	 Accuracy: 749/1000(75%)
Task: 2,	 Epoch: 11/80,	 Avg.loss: 0.0008,	 Accuracy: 753/1000(75%)
Task: 2,	 Epoch: 12/80,	 Avg.loss: 0.0008,	 Accuracy: 752/1000(75%)
Task: 2,	 Epoch: 13/80,	 Avg.loss: 0.0007,	 Accuracy: 770/1000(77%)
Task: 2,	 Epoch: 14/80,	 Avg.loss: 0.0007,	 Accuracy: 765/1000(76%)
Task: 2,	 Epoch: 15/80,	 Avg.loss: 0.0008,	 Accuracy: 757/1000(76%)
Task: 2,	 Epoch: 16/80,	 Avg.loss: 0.0008,	 Accuracy: 752/1000(75%)
Task: 2,	 Epoch: 17/80,	 Avg.loss: 0.0007,	 Accuracy: 756/1000(76%)
Task: 2,	 Epoch: 18/80,	 Avg.loss: 0.0008,	 Accuracy: 753/1000(75%)
Task: 2,	 Epoch: 19/80,	 Avg.loss: 0.0008,	 Accuracy: 757/1000(76%)
Task: 2,	 Epoch: 20/80,	 Avg.loss: 0.0008,	 Accuracy: 751/1000(75%)
Task: 2,	 Epoch: 21/80,	 Avg.loss: 0.0008,	 Accuracy: 759/1000(76%)
Task: 2,	 Epoch: 22/80,	 Avg.loss: 0.0007,	 Accuracy: 773/1000(77%)
Task: 2,	 Epoch: 23/80,	 Avg.loss: 0.0007,	 Accuracy: 780/1000(78%)
Task: 2,	 Epoch: 24/80,	 Avg.loss: 0.0007,	 Accuracy: 767/1000(77%)
Task: 2,	 Epoch: 25/80,	 Avg.loss: 0.0007,	 Accuracy: 767/1000(77%)
Task: 2,	 Epoch: 26/80,	 Avg.loss: 0.0007,	 Accuracy: 760/1000(76%)
Task: 2,	 Epoch: 27/80,	 Avg.loss: 0.0007,	 Accuracy: 762/1000(76%)
Task: 2,	 Epoch: 28/80,	 Avg.loss: 0.0007,	 Accuracy: 768/1000(77%)
Task: 2,	 Epoch: 29/80,	 Avg.loss: 0.0008,	 Accuracy: 758/1000(76%)
Task: 2,	 Epoch: 30/80,	 Avg.loss: 0.0008,	 Accuracy: 761/1000(76%)
Task: 2,	 Epoch: 31/80,	 Avg.loss: 0.0008,	 Accuracy: 741/1000(74%)
Task: 2,	 Epoch: 32/80,	 Avg.loss: 0.0007,	 Accuracy: 776/1000(78%)
Task: 2,	 Epoch: 33/80,	 Avg.loss: 0.0008,	 Accuracy: 751/1000(75%)
Task: 2,	 Epoch: 34/80,	 Avg.loss: 0.0008,	 Accuracy: 760/1000(76%)
Task: 2,	 Epoch: 35/80,	 Avg.loss: 0.0007,	 Accuracy: 759/1000(76%)
Task: 2,	 Epoch: 36/80,	 Avg.loss: 0.0007,	 Accuracy: 766/1000(77%)
Task: 2,	 Epoch: 37/80,	 Avg.loss: 0.0007,	 Accuracy: 758/1000(76%)
Task: 2,	 Epoch: 38/80,	 Avg.loss: 0.0007,	 Accuracy: 769/1000(77%)
Task: 2,	 Epoch: 39/80,	 Avg.loss: 0.0008,	 Accuracy: 747/1000(75%)
Task: 2,	 Epoch: 40/80,	 Avg.loss: 0.0007,	 Accuracy: 761/1000(76%)
Task: 2,	 Epoch: 41/80,	 Avg.loss: 0.0007,	 Accuracy: 771/1000(77%)
Task: 2,	 Epoch: 42/80,	 Avg.loss: 0.0008,	 Accuracy: 764/1000(76%)
Task: 2,	 Epoch: 43/80,	 Avg.loss: 0.0007,	 Accuracy: 765/1000(76%)
Task: 2,	 Epoch: 44/80,	 Avg.loss: 0.0008,	 Accuracy: 764/1000(76%)
Task: 2,	 Epoch: 45/80,	 Avg.loss: 0.0008,	 Accuracy: 760/1000(76%)
Task: 2,	 Epoch: 46/80,	 Avg.loss: 0.0008,	 Accuracy: 755/1000(76%)
Task: 2,	 Epoch: 47/80,	 Avg.loss: 0.0007,	 Accuracy: 762/1000(76%)
Task: 2,	 Epoch: 48/80,	 Avg.loss: 0.0007,	 Accuracy: 761/1000(76%)
Task: 2,	 Epoch: 49/80,	 Avg.loss: 0.0007,	 Accuracy: 755/1000(76%)
Task: 2,	 Epoch: 50/80,	 Avg.loss: 0.0007,	 Accuracy: 770/1000(77%)
Task: 2,	 Epoch: 51/80,	 Avg.loss: 0.0007,	 Accuracy: 767/1000(77%)
Task: 2,	 Epoch: 52/80,	 Avg.loss: 0.0007,	 Accuracy: 771/1000(77%)
Task: 2,	 Epoch: 53/80,	 Avg.loss: 0.0007,	 Accuracy: 762/1000(76%)
Task: 2,	 Epoch: 54/80,	 Avg.loss: 0.0007,	 Accuracy: 769/1000(77%)
Task: 2,	 Epoch: 55/80,	 Avg.loss: 0.0007,	 Accuracy: 766/1000(77%)
Task: 2,	 Epoch: 56/80,	 Avg.loss: 0.0007,	 Accuracy: 771/1000(77%)
Task: 2,	 Epoch: 57/80,	 Avg.loss: 0.0007,	 Accuracy: 771/1000(77%)
Task: 2,	 Epoch: 58/80,	 Avg.loss: 0.0007,	 Accuracy: 768/1000(77%)
Task: 2,	 Epoch: 59/80,	 Avg.loss: 0.0007,	 Accuracy: 764/1000(76%)
Task: 2,	 Epoch: 60/80,	 Avg.loss: 0.0007,	 Accuracy: 772/1000(77%)
Task: 2,	 Epoch: 61/80,	 Avg.loss: 0.0007,	 Accuracy: 765/1000(76%)
Task: 2,	 Epoch: 62/80,	 Avg.loss: 0.0007,	 Accuracy: 766/1000(77%)
Task: 2,	 Epoch: 63/80,	 Avg.loss: 0.0007,	 Accuracy: 766/1000(77%)
Task: 2,	 Epoch: 64/80,	 Avg.loss: 0.0007,	 Accuracy: 770/1000(77%)
Task: 2,	 Epoch: 65/80,	 Avg.loss: 0.0007,	 Accuracy: 766/1000(77%)
Task: 2,	 Epoch: 66/80,	 Avg.loss: 0.0007,	 Accuracy: 775/1000(78%)
Task: 2,	 Epoch: 67/80,	 Avg.loss: 0.0007,	 Accuracy: 770/1000(77%)
Task: 2,	 Epoch: 68/80,	 Avg.loss: 0.0007,	 Accuracy: 769/1000(77%)
Task: 2,	 Epoch: 69/80,	 Avg.loss: 0.0007,	 Accuracy: 772/1000(77%)
Task: 2,	 Epoch: 70/80,	 Avg.loss: 0.0007,	 Accuracy: 773/1000(77%)
Task: 2,	 Epoch: 71/80,	 Avg.loss: 0.0007,	 Accuracy: 775/1000(78%)
Task: 2,	 Epoch: 72/80,	 Avg.loss: 0.0007,	 Accuracy: 770/1000(77%)
Task: 2,	 Epoch: 73/80,	 Avg.loss: 0.0007,	 Accuracy: 771/1000(77%)
Task: 2,	 Epoch: 74/80,	 Avg.loss: 0.0007,	 Accuracy: 767/1000(77%)
Task: 2,	 Epoch: 75/80,	 Avg.loss: 0.0007,	 Accuracy: 774/1000(77%)
Task: 2,	 Epoch: 76/80,	 Avg.loss: 0.0007,	 Accuracy: 770/1000(77%)
Task: 2,	 Epoch: 77/80,	 Avg.loss: 0.0007,	 Accuracy: 775/1000(78%)
Task: 2,	 Epoch: 78/80,	 Avg.loss: 0.0007,	 Accuracy: 774/1000(77%)
Task: 2,	 Epoch: 79/80,	 Avg.loss: 0.0007,	 Accuracy: 774/1000(77%)
Task: 0,	 Epoch: -1/80,	 Avg.loss: 0.0007,	 Accuracy: 871/1000(87%)
Trained Task:2, Loaded task:0, Accuracy:87.1%
Task: 1,	 Epoch: -1/80,	 Avg.loss: 0.0007,	 Accuracy: 778/1000(78%)
Trained Task:2, Loaded task:1, Accuracy:77.8%
Task: 2,	 Epoch: -1/80,	 Avg.loss: 0.0007,	 Accuracy: 774/1000(77%)
Trained Task:2, Loaded task:2, Accuracy:77.4%
Trained Task:2, Avg. Accuracy: 80.8 

Layer        : conv1_layer.2.weight
Sum Omega    : 791.3660278320312
W.num_zeros  : 0/9216
F.num_zeros  : 288/9216
O.num_zeros  : 288/9216
Max Fisher   : 1.0
Max Omega    : 1.0
Min Fisher   : 0.0
Min Omega    : 0.0
Max Relevance: 0.800000011920929
Layer        : conv2_layer.2.weight
Sum Omega    : 1768.235595703125
W.num_zeros  : 0/36864
F.num_zeros  : 8640/36864
O.num_zeros  : 8640/36864
Max Fisher   : 1.0
Max Omega    : 1.0
Min Fisher   : 0.0
Min Omega    : 0.0
Max Relevance: 0.8546947836875916
Layer        : fc1_layer.0.weight
Sum Omega    : 47066.2109375
W.num_zeros  : 0/2097152
F.num_zeros  : 1237550/2097152
O.num_zeros  : 1263876/2097152
Max Fisher   : 1.0
Max Omega    : 1.0
Min Fisher   : 0.0
Min Omega    : 0.0
Max Relevance: 0.9665059447288513
Mask histogram conv1_layer.2.weight: 	 tensor([   0.,    0.,    0.,    0., 8192.,    0.,    0.,    0.,    0.,    0.],
       device='cuda:0')
Mask histogram conv2_layer.2.weight: 	 tensor([   0.,    0.,    0.,    0., 4096.,    0.,    0.,    0.,    0.,    0.],
       device='cuda:0')
Mask histogram fc1_layer.0.weight: 	 tensor([243.,   5.,  10.,  17., 237.,   0.,   0.,   0.,   0.,   0.],
       device='cuda:0')
Task: 3,	 Epoch: 0/80,	 Avg.loss: 0.0012,	 Accuracy: 612/1000(61%)
Task: 3,	 Epoch: 1/80,	 Avg.loss: 0.0012,	 Accuracy: 630/1000(63%)
Task: 3,	 Epoch: 2/80,	 Avg.loss: 0.0010,	 Accuracy: 689/1000(69%)
Task: 3,	 Epoch: 3/80,	 Avg.loss: 0.0009,	 Accuracy: 699/1000(70%)
Task: 3,	 Epoch: 4/80,	 Avg.loss: 0.0009,	 Accuracy: 694/1000(69%)
Task: 3,	 Epoch: 5/80,	 Avg.loss: 0.0009,	 Accuracy: 702/1000(70%)
Task: 3,	 Epoch: 6/80,	 Avg.loss: 0.0009,	 Accuracy: 706/1000(71%)
Task: 3,	 Epoch: 7/80,	 Avg.loss: 0.0009,	 Accuracy: 707/1000(71%)
Task: 3,	 Epoch: 8/80,	 Avg.loss: 0.0009,	 Accuracy: 712/1000(71%)
Task: 3,	 Epoch: 9/80,	 Avg.loss: 0.0009,	 Accuracy: 720/1000(72%)
Task: 3,	 Epoch: 10/80,	 Avg.loss: 0.0009,	 Accuracy: 720/1000(72%)
Task: 3,	 Epoch: 11/80,	 Avg.loss: 0.0009,	 Accuracy: 726/1000(73%)
Task: 3,	 Epoch: 12/80,	 Avg.loss: 0.0009,	 Accuracy: 706/1000(71%)
Task: 3,	 Epoch: 13/80,	 Avg.loss: 0.0009,	 Accuracy: 716/1000(72%)
Task: 3,	 Epoch: 14/80,	 Avg.loss: 0.0009,	 Accuracy: 711/1000(71%)
Task: 3,	 Epoch: 15/80,	 Avg.loss: 0.0009,	 Accuracy: 705/1000(70%)
Task: 3,	 Epoch: 16/80,	 Avg.loss: 0.0009,	 Accuracy: 722/1000(72%)
Task: 3,	 Epoch: 17/80,	 Avg.loss: 0.0009,	 Accuracy: 714/1000(71%)
Task: 3,	 Epoch: 18/80,	 Avg.loss: 0.0009,	 Accuracy: 699/1000(70%)
Task: 3,	 Epoch: 19/80,	 Avg.loss: 0.0009,	 Accuracy: 730/1000(73%)
Task: 3,	 Epoch: 20/80,	 Avg.loss: 0.0009,	 Accuracy: 728/1000(73%)
Task: 3,	 Epoch: 21/80,	 Avg.loss: 0.0009,	 Accuracy: 741/1000(74%)
Task: 3,	 Epoch: 22/80,	 Avg.loss: 0.0009,	 Accuracy: 718/1000(72%)
Task: 3,	 Epoch: 23/80,	 Avg.loss: 0.0009,	 Accuracy: 731/1000(73%)
Task: 3,	 Epoch: 24/80,	 Avg.loss: 0.0009,	 Accuracy: 719/1000(72%)
Task: 3,	 Epoch: 25/80,	 Avg.loss: 0.0009,	 Accuracy: 717/1000(72%)
Task: 3,	 Epoch: 26/80,	 Avg.loss: 0.0009,	 Accuracy: 727/1000(73%)
Task: 3,	 Epoch: 27/80,	 Avg.loss: 0.0009,	 Accuracy: 713/1000(71%)
Task: 3,	 Epoch: 28/80,	 Avg.loss: 0.0008,	 Accuracy: 735/1000(74%)
Task: 3,	 Epoch: 29/80,	 Avg.loss: 0.0009,	 Accuracy: 731/1000(73%)
Task: 3,	 Epoch: 30/80,	 Avg.loss: 0.0009,	 Accuracy: 727/1000(73%)
Task: 3,	 Epoch: 31/80,	 Avg.loss: 0.0010,	 Accuracy: 720/1000(72%)
Task: 3,	 Epoch: 32/80,	 Avg.loss: 0.0009,	 Accuracy: 728/1000(73%)
Task: 3,	 Epoch: 33/80,	 Avg.loss: 0.0009,	 Accuracy: 723/1000(72%)
Task: 3,	 Epoch: 34/80,	 Avg.loss: 0.0009,	 Accuracy: 734/1000(73%)
Task: 3,	 Epoch: 35/80,	 Avg.loss: 0.0009,	 Accuracy: 735/1000(74%)
Task: 3,	 Epoch: 36/80,	 Avg.loss: 0.0009,	 Accuracy: 716/1000(72%)
Task: 3,	 Epoch: 37/80,	 Avg.loss: 0.0009,	 Accuracy: 718/1000(72%)
Task: 3,	 Epoch: 38/80,	 Avg.loss: 0.0009,	 Accuracy: 722/1000(72%)
Task: 3,	 Epoch: 39/80,	 Avg.loss: 0.0009,	 Accuracy: 717/1000(72%)
Task: 3,	 Epoch: 40/80,	 Avg.loss: 0.0009,	 Accuracy: 711/1000(71%)
Task: 3,	 Epoch: 41/80,	 Avg.loss: 0.0009,	 Accuracy: 730/1000(73%)
Task: 3,	 Epoch: 42/80,	 Avg.loss: 0.0009,	 Accuracy: 720/1000(72%)
Task: 3,	 Epoch: 43/80,	 Avg.loss: 0.0009,	 Accuracy: 718/1000(72%)
Task: 3,	 Epoch: 44/80,	 Avg.loss: 0.0009,	 Accuracy: 741/1000(74%)
Task: 3,	 Epoch: 45/80,	 Avg.loss: 0.0009,	 Accuracy: 716/1000(72%)
Task: 3,	 Epoch: 46/80,	 Avg.loss: 0.0009,	 Accuracy: 721/1000(72%)
Task: 3,	 Epoch: 47/80,	 Avg.loss: 0.0009,	 Accuracy: 737/1000(74%)
Task: 3,	 Epoch: 48/80,	 Avg.loss: 0.0009,	 Accuracy: 730/1000(73%)
Task: 3,	 Epoch: 49/80,	 Avg.loss: 0.0009,	 Accuracy: 729/1000(73%)
Task: 3,	 Epoch: 50/80,	 Avg.loss: 0.0008,	 Accuracy: 750/1000(75%)
Task: 3,	 Epoch: 51/80,	 Avg.loss: 0.0008,	 Accuracy: 757/1000(76%)
Task: 3,	 Epoch: 52/80,	 Avg.loss: 0.0008,	 Accuracy: 751/1000(75%)
Task: 3,	 Epoch: 53/80,	 Avg.loss: 0.0008,	 Accuracy: 755/1000(76%)
Task: 3,	 Epoch: 54/80,	 Avg.loss: 0.0008,	 Accuracy: 762/1000(76%)
Task: 3,	 Epoch: 55/80,	 Avg.loss: 0.0008,	 Accuracy: 758/1000(76%)
Task: 3,	 Epoch: 56/80,	 Avg.loss: 0.0008,	 Accuracy: 750/1000(75%)
Task: 3,	 Epoch: 57/80,	 Avg.loss: 0.0008,	 Accuracy: 750/1000(75%)
Task: 3,	 Epoch: 58/80,	 Avg.loss: 0.0008,	 Accuracy: 744/1000(74%)
Task: 3,	 Epoch: 59/80,	 Avg.loss: 0.0008,	 Accuracy: 748/1000(75%)
Task: 3,	 Epoch: 60/80,	 Avg.loss: 0.0008,	 Accuracy: 742/1000(74%)
Task: 3,	 Epoch: 61/80,	 Avg.loss: 0.0008,	 Accuracy: 753/1000(75%)
Task: 3,	 Epoch: 62/80,	 Avg.loss: 0.0008,	 Accuracy: 749/1000(75%)
Task: 3,	 Epoch: 63/80,	 Avg.loss: 0.0008,	 Accuracy: 753/1000(75%)
Task: 3,	 Epoch: 64/80,	 Avg.loss: 0.0008,	 Accuracy: 755/1000(76%)
Task: 3,	 Epoch: 65/80,	 Avg.loss: 0.0008,	 Accuracy: 754/1000(75%)
Task: 3,	 Epoch: 66/80,	 Avg.loss: 0.0008,	 Accuracy: 751/1000(75%)
Task: 3,	 Epoch: 67/80,	 Avg.loss: 0.0008,	 Accuracy: 755/1000(76%)
Task: 3,	 Epoch: 68/80,	 Avg.loss: 0.0008,	 Accuracy: 752/1000(75%)
Task: 3,	 Epoch: 69/80,	 Avg.loss: 0.0008,	 Accuracy: 752/1000(75%)
Task: 3,	 Epoch: 70/80,	 Avg.loss: 0.0008,	 Accuracy: 755/1000(76%)
Task: 3,	 Epoch: 71/80,	 Avg.loss: 0.0008,	 Accuracy: 756/1000(76%)
Task: 3,	 Epoch: 72/80,	 Avg.loss: 0.0008,	 Accuracy: 750/1000(75%)
Task: 3,	 Epoch: 73/80,	 Avg.loss: 0.0008,	 Accuracy: 753/1000(75%)
Task: 3,	 Epoch: 74/80,	 Avg.loss: 0.0008,	 Accuracy: 753/1000(75%)
Task: 3,	 Epoch: 75/80,	 Avg.loss: 0.0008,	 Accuracy: 753/1000(75%)
Task: 3,	 Epoch: 76/80,	 Avg.loss: 0.0008,	 Accuracy: 756/1000(76%)
Task: 3,	 Epoch: 77/80,	 Avg.loss: 0.0008,	 Accuracy: 752/1000(75%)
Task: 3,	 Epoch: 78/80,	 Avg.loss: 0.0008,	 Accuracy: 756/1000(76%)
Task: 3,	 Epoch: 79/80,	 Avg.loss: 0.0008,	 Accuracy: 751/1000(75%)
Task: 0,	 Epoch: -1/80,	 Avg.loss: 0.0007,	 Accuracy: 867/1000(87%)
Trained Task:3, Loaded task:0, Accuracy:86.7%
Task: 1,	 Epoch: -1/80,	 Avg.loss: 0.0007,	 Accuracy: 778/1000(78%)
Trained Task:3, Loaded task:1, Accuracy:77.8%
Task: 2,	 Epoch: -1/80,	 Avg.loss: 0.0007,	 Accuracy: 775/1000(78%)
Trained Task:3, Loaded task:2, Accuracy:77.5%
Task: 3,	 Epoch: -1/80,	 Avg.loss: 0.0008,	 Accuracy: 751/1000(75%)
Trained Task:3, Loaded task:3, Accuracy:75.1%
Trained Task:3, Avg. Accuracy: 79.3 

Layer        : conv1_layer.2.weight
Sum Omega    : 772.6151733398438
W.num_zeros  : 0/9216
F.num_zeros  : 288/9216
O.num_zeros  : 288/9216
Max Fisher   : 1.0
Max Omega    : 1.0
Min Fisher   : 0.0
Min Omega    : 0.0
Max Relevance: 0.8766603469848633
Layer        : conv2_layer.2.weight
Sum Omega    : 1823.4256591796875
W.num_zeros  : 0/36864
F.num_zeros  : 8640/36864
O.num_zeros  : 8640/36864
Max Fisher   : 1.0
Max Omega    : 1.0
Min Fisher   : 0.0
Min Omega    : 0.0
Max Relevance: 0.8896406888961792
Layer        : fc1_layer.0.weight
Sum Omega    : 50469.8203125
W.num_zeros  : 0/2097152
F.num_zeros  : 1237864/2097152
O.num_zeros  : 1257598/2097152
Max Fisher   : 1.0
Max Omega    : 1.0
Min Fisher   : 0.0
Min Omega    : 0.0
Max Relevance: 0.9359716176986694
Mask histogram conv1_layer.2.weight: 	 tensor([   0.,    0.,    0.,    0.,    0., 8192.,    0.,    0.,    0.,    0.],
       device='cuda:0')
Mask histogram conv2_layer.2.weight: 	 tensor([   0.,    0.,    0.,    0.,    0., 4096.,    0.,    0.,    0.,    0.],
       device='cuda:0')
Mask histogram fc1_layer.0.weight: 	 tensor([243.,   3.,   6.,   8.,  19., 233.,   0.,   0.,   0.,   0.],
       device='cuda:0')
Task: 4,	 Epoch: 0/80,	 Avg.loss: 0.0010,	 Accuracy: 678/1000(68%)
Task: 4,	 Epoch: 1/80,	 Avg.loss: 0.0009,	 Accuracy: 718/1000(72%)
Task: 4,	 Epoch: 2/80,	 Avg.loss: 0.0009,	 Accuracy: 730/1000(73%)
Task: 4,	 Epoch: 3/80,	 Avg.loss: 0.0008,	 Accuracy: 763/1000(76%)
Task: 4,	 Epoch: 4/80,	 Avg.loss: 0.0008,	 Accuracy: 756/1000(76%)
Task: 4,	 Epoch: 5/80,	 Avg.loss: 0.0008,	 Accuracy: 760/1000(76%)
Task: 4,	 Epoch: 6/80,	 Avg.loss: 0.0007,	 Accuracy: 770/1000(77%)
Task: 4,	 Epoch: 7/80,	 Avg.loss: 0.0008,	 Accuracy: 761/1000(76%)
Task: 4,	 Epoch: 8/80,	 Avg.loss: 0.0008,	 Accuracy: 764/1000(76%)
Task: 4,	 Epoch: 9/80,	 Avg.loss: 0.0008,	 Accuracy: 747/1000(75%)
Task: 4,	 Epoch: 10/80,	 Avg.loss: 0.0007,	 Accuracy: 772/1000(77%)
Task: 4,	 Epoch: 11/80,	 Avg.loss: 0.0008,	 Accuracy: 765/1000(76%)
Task: 4,	 Epoch: 12/80,	 Avg.loss: 0.0008,	 Accuracy: 755/1000(76%)
Task: 4,	 Epoch: 13/80,	 Avg.loss: 0.0007,	 Accuracy: 765/1000(76%)
Task: 4,	 Epoch: 14/80,	 Avg.loss: 0.0007,	 Accuracy: 773/1000(77%)
Task: 4,	 Epoch: 15/80,	 Avg.loss: 0.0007,	 Accuracy: 775/1000(78%)
Task: 4,	 Epoch: 16/80,	 Avg.loss: 0.0007,	 Accuracy: 779/1000(78%)
Task: 4,	 Epoch: 17/80,	 Avg.loss: 0.0008,	 Accuracy: 767/1000(77%)
Task: 4,	 Epoch: 18/80,	 Avg.loss: 0.0007,	 Accuracy: 774/1000(77%)
Task: 4,	 Epoch: 19/80,	 Avg.loss: 0.0007,	 Accuracy: 789/1000(79%)
Task: 4,	 Epoch: 20/80,	 Avg.loss: 0.0009,	 Accuracy: 715/1000(72%)
Task: 4,	 Epoch: 21/80,	 Avg.loss: 0.0008,	 Accuracy: 771/1000(77%)
Task: 4,	 Epoch: 22/80,	 Avg.loss: 0.0007,	 Accuracy: 777/1000(78%)
Task: 4,	 Epoch: 23/80,	 Avg.loss: 0.0008,	 Accuracy: 756/1000(76%)
Task: 4,	 Epoch: 24/80,	 Avg.loss: 0.0007,	 Accuracy: 781/1000(78%)
Task: 4,	 Epoch: 25/80,	 Avg.loss: 0.0007,	 Accuracy: 769/1000(77%)
Task: 4,	 Epoch: 26/80,	 Avg.loss: 0.0007,	 Accuracy: 773/1000(77%)
Task: 4,	 Epoch: 27/80,	 Avg.loss: 0.0007,	 Accuracy: 784/1000(78%)
Task: 4,	 Epoch: 28/80,	 Avg.loss: 0.0007,	 Accuracy: 780/1000(78%)
Task: 4,	 Epoch: 29/80,	 Avg.loss: 0.0007,	 Accuracy: 783/1000(78%)
Task: 4,	 Epoch: 30/80,	 Avg.loss: 0.0007,	 Accuracy: 769/1000(77%)
Task: 4,	 Epoch: 31/80,	 Avg.loss: 0.0007,	 Accuracy: 780/1000(78%)
Task: 4,	 Epoch: 32/80,	 Avg.loss: 0.0007,	 Accuracy: 778/1000(78%)
Task: 4,	 Epoch: 33/80,	 Avg.loss: 0.0007,	 Accuracy: 768/1000(77%)
Task: 4,	 Epoch: 34/80,	 Avg.loss: 0.0008,	 Accuracy: 767/1000(77%)
Task: 4,	 Epoch: 35/80,	 Avg.loss: 0.0007,	 Accuracy: 773/1000(77%)
Task: 4,	 Epoch: 36/80,	 Avg.loss: 0.0007,	 Accuracy: 774/1000(77%)
Task: 4,	 Epoch: 37/80,	 Avg.loss: 0.0007,	 Accuracy: 775/1000(78%)
Task: 4,	 Epoch: 38/80,	 Avg.loss: 0.0007,	 Accuracy: 779/1000(78%)
Task: 4,	 Epoch: 39/80,	 Avg.loss: 0.0007,	 Accuracy: 785/1000(78%)
Task: 4,	 Epoch: 40/80,	 Avg.loss: 0.0007,	 Accuracy: 786/1000(79%)
Task: 4,	 Epoch: 41/80,	 Avg.loss: 0.0007,	 Accuracy: 785/1000(78%)
Task: 4,	 Epoch: 42/80,	 Avg.loss: 0.0007,	 Accuracy: 784/1000(78%)
Task: 4,	 Epoch: 43/80,	 Avg.loss: 0.0007,	 Accuracy: 780/1000(78%)
Task: 4,	 Epoch: 44/80,	 Avg.loss: 0.0007,	 Accuracy: 768/1000(77%)
Task: 4,	 Epoch: 45/80,	 Avg.loss: 0.0007,	 Accuracy: 772/1000(77%)
Task: 4,	 Epoch: 46/80,	 Avg.loss: 0.0007,	 Accuracy: 779/1000(78%)
Task: 4,	 Epoch: 47/80,	 Avg.loss: 0.0007,	 Accuracy: 775/1000(78%)
Task: 4,	 Epoch: 48/80,	 Avg.loss: 0.0007,	 Accuracy: 782/1000(78%)
Task: 4,	 Epoch: 49/80,	 Avg.loss: 0.0007,	 Accuracy: 780/1000(78%)
Task: 4,	 Epoch: 50/80,	 Avg.loss: 0.0007,	 Accuracy: 795/1000(80%)
Task: 4,	 Epoch: 51/80,	 Avg.loss: 0.0007,	 Accuracy: 787/1000(79%)
Task: 4,	 Epoch: 52/80,	 Avg.loss: 0.0007,	 Accuracy: 795/1000(80%)
Task: 4,	 Epoch: 53/80,	 Avg.loss: 0.0007,	 Accuracy: 797/1000(80%)
Task: 4,	 Epoch: 54/80,	 Avg.loss: 0.0007,	 Accuracy: 792/1000(79%)
Task: 4,	 Epoch: 55/80,	 Avg.loss: 0.0007,	 Accuracy: 799/1000(80%)
Task: 4,	 Epoch: 56/80,	 Avg.loss: 0.0007,	 Accuracy: 800/1000(80%)
Task: 4,	 Epoch: 57/80,	 Avg.loss: 0.0007,	 Accuracy: 795/1000(80%)
Task: 4,	 Epoch: 58/80,	 Avg.loss: 0.0007,	 Accuracy: 794/1000(79%)
Task: 4,	 Epoch: 59/80,	 Avg.loss: 0.0007,	 Accuracy: 798/1000(80%)
Task: 4,	 Epoch: 60/80,	 Avg.loss: 0.0007,	 Accuracy: 800/1000(80%)
Task: 4,	 Epoch: 61/80,	 Avg.loss: 0.0007,	 Accuracy: 791/1000(79%)
Task: 4,	 Epoch: 62/80,	 Avg.loss: 0.0007,	 Accuracy: 796/1000(80%)
Task: 4,	 Epoch: 63/80,	 Avg.loss: 0.0007,	 Accuracy: 800/1000(80%)
Task: 4,	 Epoch: 64/80,	 Avg.loss: 0.0007,	 Accuracy: 799/1000(80%)
Task: 4,	 Epoch: 65/80,	 Avg.loss: 0.0007,	 Accuracy: 798/1000(80%)
Task: 4,	 Epoch: 66/80,	 Avg.loss: 0.0007,	 Accuracy: 796/1000(80%)
Task: 4,	 Epoch: 67/80,	 Avg.loss: 0.0007,	 Accuracy: 800/1000(80%)
Task: 4,	 Epoch: 68/80,	 Avg.loss: 0.0007,	 Accuracy: 792/1000(79%)
Task: 4,	 Epoch: 69/80,	 Avg.loss: 0.0007,	 Accuracy: 795/1000(80%)
Task: 4,	 Epoch: 70/80,	 Avg.loss: 0.0007,	 Accuracy: 785/1000(78%)
Task: 4,	 Epoch: 71/80,	 Avg.loss: 0.0007,	 Accuracy: 799/1000(80%)
Task: 4,	 Epoch: 72/80,	 Avg.loss: 0.0007,	 Accuracy: 793/1000(79%)
Task: 4,	 Epoch: 73/80,	 Avg.loss: 0.0007,	 Accuracy: 796/1000(80%)
Task: 4,	 Epoch: 74/80,	 Avg.loss: 0.0007,	 Accuracy: 795/1000(80%)
Task: 4,	 Epoch: 75/80,	 Avg.loss: 0.0007,	 Accuracy: 800/1000(80%)
Task: 4,	 Epoch: 76/80,	 Avg.loss: 0.0007,	 Accuracy: 797/1000(80%)
Task: 4,	 Epoch: 77/80,	 Avg.loss: 0.0007,	 Accuracy: 797/1000(80%)
Task: 4,	 Epoch: 78/80,	 Avg.loss: 0.0007,	 Accuracy: 796/1000(80%)
Task: 4,	 Epoch: 79/80,	 Avg.loss: 0.0007,	 Accuracy: 800/1000(80%)
Task: 0,	 Epoch: -1/80,	 Avg.loss: 0.0008,	 Accuracy: 859/1000(86%)
Trained Task:4, Loaded task:0, Accuracy:85.9%
Task: 1,	 Epoch: -1/80,	 Avg.loss: 0.0008,	 Accuracy: 750/1000(75%)
Trained Task:4, Loaded task:1, Accuracy:75.0%
Task: 2,	 Epoch: -1/80,	 Avg.loss: 0.0008,	 Accuracy: 762/1000(76%)
Trained Task:4, Loaded task:2, Accuracy:76.2%
Task: 3,	 Epoch: -1/80,	 Avg.loss: 0.0010,	 Accuracy: 698/1000(70%)
Trained Task:4, Loaded task:3, Accuracy:69.8%
Task: 4,	 Epoch: -1/80,	 Avg.loss: 0.0007,	 Accuracy: 800/1000(80%)
Trained Task:4, Loaded task:4, Accuracy:80.0%
Trained Task:4, Avg. Accuracy: 77.4 

Layer        : conv1_layer.2.weight
Sum Omega    : 761.12548828125
W.num_zeros  : 0/9216
F.num_zeros  : 288/9216
O.num_zeros  : 288/9216
Max Fisher   : 1.0
Max Omega    : 1.0
Min Fisher   : 0.0
Min Omega    : 0.0
Max Relevance: 0.8105305433273315
Layer        : conv2_layer.2.weight
Sum Omega    : 1844.171875
W.num_zeros  : 0/36864
F.num_zeros  : 8064/36864
O.num_zeros  : 8064/36864
Max Fisher   : 1.0
Max Omega    : 1.0
Min Fisher   : 0.0
Min Omega    : 0.0
Max Relevance: 0.9830009937286377
Layer        : fc1_layer.0.weight
Sum Omega    : 50909.0625
W.num_zeros  : 0/2097152
F.num_zeros  : 1216519/2097152
O.num_zeros  : 1241213/2097152
Max Fisher   : 1.0
Max Omega    : 1.0
Min Fisher   : 0.0
Min Omega    : 0.0
Max Relevance: 0.992056667804718
Mask histogram conv1_layer.2.weight: 	 tensor([   0.,    0.,    0.,    0.,    0.,    0., 8192.,    0.,    0.,    0.],
       device='cuda:0')
Mask histogram conv2_layer.2.weight: 	 tensor([   0.,    0.,    0.,    0.,    0.,    0., 4096.,    0.,    0.,    0.],
       device='cuda:0')
Mask histogram fc1_layer.0.weight: 	 tensor([178.,  66.,   6.,   6.,  13.,  70., 173.,   0.,   0.,   0.],
       device='cuda:0')
Task: 5,	 Epoch: 0/80,	 Avg.loss: 0.0010,	 Accuracy: 661/1000(66%)
Task: 5,	 Epoch: 1/80,	 Avg.loss: 0.0008,	 Accuracy: 697/1000(70%)
Task: 5,	 Epoch: 2/80,	 Avg.loss: 0.0009,	 Accuracy: 712/1000(71%)
Task: 5,	 Epoch: 3/80,	 Avg.loss: 0.0009,	 Accuracy: 692/1000(69%)
Task: 5,	 Epoch: 4/80,	 Avg.loss: 0.0007,	 Accuracy: 736/1000(74%)
Task: 5,	 Epoch: 5/80,	 Avg.loss: 0.0008,	 Accuracy: 741/1000(74%)
Task: 5,	 Epoch: 6/80,	 Avg.loss: 0.0007,	 Accuracy: 759/1000(76%)
Task: 5,	 Epoch: 7/80,	 Avg.loss: 0.0008,	 Accuracy: 747/1000(75%)
Task: 5,	 Epoch: 8/80,	 Avg.loss: 0.0007,	 Accuracy: 748/1000(75%)
Task: 5,	 Epoch: 9/80,	 Avg.loss: 0.0007,	 Accuracy: 755/1000(76%)
Task: 5,	 Epoch: 10/80,	 Avg.loss: 0.0007,	 Accuracy: 751/1000(75%)
Task: 5,	 Epoch: 11/80,	 Avg.loss: 0.0008,	 Accuracy: 726/1000(73%)
Task: 5,	 Epoch: 12/80,	 Avg.loss: 0.0007,	 Accuracy: 765/1000(76%)
Task: 5,	 Epoch: 13/80,	 Avg.loss: 0.0007,	 Accuracy: 753/1000(75%)
Task: 5,	 Epoch: 14/80,	 Avg.loss: 0.0008,	 Accuracy: 750/1000(75%)
Task: 5,	 Epoch: 15/80,	 Avg.loss: 0.0007,	 Accuracy: 741/1000(74%)
Task: 5,	 Epoch: 16/80,	 Avg.loss: 0.0007,	 Accuracy: 759/1000(76%)
Task: 5,	 Epoch: 17/80,	 Avg.loss: 0.0007,	 Accuracy: 749/1000(75%)
Task: 5,	 Epoch: 18/80,	 Avg.loss: 0.0007,	 Accuracy: 744/1000(74%)
Task: 5,	 Epoch: 19/80,	 Avg.loss: 0.0007,	 Accuracy: 757/1000(76%)
Task: 5,	 Epoch: 20/80,	 Avg.loss: 0.0008,	 Accuracy: 740/1000(74%)
Task: 5,	 Epoch: 21/80,	 Avg.loss: 0.0008,	 Accuracy: 745/1000(74%)
Task: 5,	 Epoch: 22/80,	 Avg.loss: 0.0007,	 Accuracy: 766/1000(77%)
Task: 5,	 Epoch: 23/80,	 Avg.loss: 0.0007,	 Accuracy: 763/1000(76%)
Task: 5,	 Epoch: 24/80,	 Avg.loss: 0.0008,	 Accuracy: 750/1000(75%)
Task: 5,	 Epoch: 25/80,	 Avg.loss: 0.0007,	 Accuracy: 769/1000(77%)
Task: 5,	 Epoch: 26/80,	 Avg.loss: 0.0008,	 Accuracy: 749/1000(75%)
Task: 5,	 Epoch: 27/80,	 Avg.loss: 0.0007,	 Accuracy: 769/1000(77%)
Task: 5,	 Epoch: 28/80,	 Avg.loss: 0.0007,	 Accuracy: 762/1000(76%)
Task: 5,	 Epoch: 29/80,	 Avg.loss: 0.0007,	 Accuracy: 753/1000(75%)
Task: 5,	 Epoch: 30/80,	 Avg.loss: 0.0007,	 Accuracy: 766/1000(77%)
Task: 5,	 Epoch: 31/80,	 Avg.loss: 0.0007,	 Accuracy: 746/1000(75%)
Task: 5,	 Epoch: 32/80,	 Avg.loss: 0.0008,	 Accuracy: 750/1000(75%)
Task: 5,	 Epoch: 33/80,	 Avg.loss: 0.0007,	 Accuracy: 757/1000(76%)
Task: 5,	 Epoch: 34/80,	 Avg.loss: 0.0007,	 Accuracy: 746/1000(75%)
Task: 5,	 Epoch: 35/80,	 Avg.loss: 0.0007,	 Accuracy: 771/1000(77%)
Task: 5,	 Epoch: 36/80,	 Avg.loss: 0.0007,	 Accuracy: 777/1000(78%)
Task: 5,	 Epoch: 37/80,	 Avg.loss: 0.0007,	 Accuracy: 763/1000(76%)
Task: 5,	 Epoch: 38/80,	 Avg.loss: 0.0007,	 Accuracy: 760/1000(76%)
Task: 5,	 Epoch: 39/80,	 Avg.loss: 0.0007,	 Accuracy: 778/1000(78%)
Task: 5,	 Epoch: 40/80,	 Avg.loss: 0.0007,	 Accuracy: 763/1000(76%)
Task: 5,	 Epoch: 41/80,	 Avg.loss: 0.0007,	 Accuracy: 772/1000(77%)
Task: 5,	 Epoch: 42/80,	 Avg.loss: 0.0007,	 Accuracy: 770/1000(77%)
Task: 5,	 Epoch: 43/80,	 Avg.loss: 0.0008,	 Accuracy: 749/1000(75%)
Task: 5,	 Epoch: 44/80,	 Avg.loss: 0.0007,	 Accuracy: 766/1000(77%)
Task: 5,	 Epoch: 45/80,	 Avg.loss: 0.0007,	 Accuracy: 779/1000(78%)
Task: 5,	 Epoch: 46/80,	 Avg.loss: 0.0007,	 Accuracy: 762/1000(76%)
Task: 5,	 Epoch: 47/80,	 Avg.loss: 0.0007,	 Accuracy: 784/1000(78%)
Task: 5,	 Epoch: 48/80,	 Avg.loss: 0.0007,	 Accuracy: 768/1000(77%)
Task: 5,	 Epoch: 49/80,	 Avg.loss: 0.0007,	 Accuracy: 778/1000(78%)
Task: 5,	 Epoch: 50/80,	 Avg.loss: 0.0007,	 Accuracy: 786/1000(79%)
Task: 5,	 Epoch: 51/80,	 Avg.loss: 0.0007,	 Accuracy: 791/1000(79%)
Task: 5,	 Epoch: 52/80,	 Avg.loss: 0.0007,	 Accuracy: 789/1000(79%)
Task: 5,	 Epoch: 53/80,	 Avg.loss: 0.0007,	 Accuracy: 789/1000(79%)
Task: 5,	 Epoch: 54/80,	 Avg.loss: 0.0007,	 Accuracy: 790/1000(79%)
Task: 5,	 Epoch: 55/80,	 Avg.loss: 0.0007,	 Accuracy: 789/1000(79%)
Task: 5,	 Epoch: 56/80,	 Avg.loss: 0.0007,	 Accuracy: 788/1000(79%)
Task: 5,	 Epoch: 57/80,	 Avg.loss: 0.0007,	 Accuracy: 787/1000(79%)
Task: 5,	 Epoch: 58/80,	 Avg.loss: 0.0007,	 Accuracy: 789/1000(79%)
Task: 5,	 Epoch: 59/80,	 Avg.loss: 0.0007,	 Accuracy: 784/1000(78%)
Task: 5,	 Epoch: 60/80,	 Avg.loss: 0.0007,	 Accuracy: 788/1000(79%)
Task: 5,	 Epoch: 61/80,	 Avg.loss: 0.0007,	 Accuracy: 787/1000(79%)
Task: 5,	 Epoch: 62/80,	 Avg.loss: 0.0007,	 Accuracy: 788/1000(79%)
Task: 5,	 Epoch: 63/80,	 Avg.loss: 0.0007,	 Accuracy: 784/1000(78%)
Task: 5,	 Epoch: 64/80,	 Avg.loss: 0.0007,	 Accuracy: 785/1000(78%)
Task: 5,	 Epoch: 65/80,	 Avg.loss: 0.0007,	 Accuracy: 785/1000(78%)
Task: 5,	 Epoch: 66/80,	 Avg.loss: 0.0007,	 Accuracy: 789/1000(79%)
Task: 5,	 Epoch: 67/80,	 Avg.loss: 0.0007,	 Accuracy: 775/1000(78%)
Task: 5,	 Epoch: 68/80,	 Avg.loss: 0.0007,	 Accuracy: 788/1000(79%)
Task: 5,	 Epoch: 69/80,	 Avg.loss: 0.0007,	 Accuracy: 784/1000(78%)
Task: 5,	 Epoch: 70/80,	 Avg.loss: 0.0007,	 Accuracy: 785/1000(78%)
Task: 5,	 Epoch: 71/80,	 Avg.loss: 0.0007,	 Accuracy: 783/1000(78%)
Task: 5,	 Epoch: 72/80,	 Avg.loss: 0.0007,	 Accuracy: 779/1000(78%)
Task: 5,	 Epoch: 73/80,	 Avg.loss: 0.0007,	 Accuracy: 784/1000(78%)
Task: 5,	 Epoch: 74/80,	 Avg.loss: 0.0007,	 Accuracy: 781/1000(78%)
Task: 5,	 Epoch: 75/80,	 Avg.loss: 0.0007,	 Accuracy: 786/1000(79%)
Task: 5,	 Epoch: 76/80,	 Avg.loss: 0.0007,	 Accuracy: 785/1000(78%)
Task: 5,	 Epoch: 77/80,	 Avg.loss: 0.0007,	 Accuracy: 782/1000(78%)
Task: 5,	 Epoch: 78/80,	 Avg.loss: 0.0007,	 Accuracy: 780/1000(78%)
Task: 5,	 Epoch: 79/80,	 Avg.loss: 0.0007,	 Accuracy: 782/1000(78%)
Task: 0,	 Epoch: -1/80,	 Avg.loss: 0.0008,	 Accuracy: 859/1000(86%)
Trained Task:5, Loaded task:0, Accuracy:85.9%
Task: 1,	 Epoch: -1/80,	 Avg.loss: 0.0008,	 Accuracy: 748/1000(75%)
Trained Task:5, Loaded task:1, Accuracy:74.8%
Task: 2,	 Epoch: -1/80,	 Avg.loss: 0.0008,	 Accuracy: 763/1000(76%)
Trained Task:5, Loaded task:2, Accuracy:76.3%
Task: 3,	 Epoch: -1/80,	 Avg.loss: 0.0010,	 Accuracy: 702/1000(70%)
Trained Task:5, Loaded task:3, Accuracy:70.2%
Task: 4,	 Epoch: -1/80,	 Avg.loss: 0.0007,	 Accuracy: 797/1000(80%)
Trained Task:5, Loaded task:4, Accuracy:79.7%
Task: 5,	 Epoch: -1/80,	 Avg.loss: 0.0007,	 Accuracy: 782/1000(78%)
Trained Task:5, Loaded task:5, Accuracy:78.2%
Trained Task:5, Avg. Accuracy: 77.5 

Layer        : conv1_layer.2.weight
Sum Omega    : 749.5851440429688
W.num_zeros  : 0/9216
F.num_zeros  : 288/9216
O.num_zeros  : 288/9216
Max Fisher   : 1.0
Max Omega    : 1.0
Min Fisher   : 0.0
Min Omega    : 0.0
Max Relevance: 0.8112118244171143
Layer        : conv2_layer.2.weight
Sum Omega    : 2000.502685546875
W.num_zeros  : 0/36864
F.num_zeros  : 8064/36864
O.num_zeros  : 8064/36864
Max Fisher   : 1.0
Max Omega    : 1.0
Min Fisher   : 0.0
Min Omega    : 0.0
Max Relevance: 0.9714676141738892
Layer        : fc1_layer.0.weight
Sum Omega    : 35776.828125
W.num_zeros  : 0/2097152
F.num_zeros  : 1217535/2097152
O.num_zeros  : 1218749/2097152
Max Fisher   : 1.0
Max Omega    : 1.0
Min Fisher   : 0.0
Min Omega    : 0.0
Max Relevance: 0.9782068133354187
Mask histogram conv1_layer.2.weight: 	 tensor([   0.,    0.,    0.,    0.,    0.,    0.,    0., 8192.,    0.,    0.],
       device='cuda:0')
Mask histogram conv2_layer.2.weight: 	 tensor([   0.,    0.,    0.,    0.,    0.,    0.,    0., 4096.,    0.,    0.],
       device='cuda:0')
Mask histogram fc1_layer.0.weight: 	 tensor([175.,  59.,  14.,   5.,   5.,  24.,  60., 170.,   0.,   0.],
       device='cuda:0')
Task: 6,	 Epoch: 0/80,	 Avg.loss: 0.0011,	 Accuracy: 635/1000(64%)
Task: 6,	 Epoch: 1/80,	 Avg.loss: 0.0010,	 Accuracy: 696/1000(70%)
Task: 6,	 Epoch: 2/80,	 Avg.loss: 0.0009,	 Accuracy: 696/1000(70%)
Task: 6,	 Epoch: 3/80,	 Avg.loss: 0.0009,	 Accuracy: 701/1000(70%)
Task: 6,	 Epoch: 4/80,	 Avg.loss: 0.0008,	 Accuracy: 706/1000(71%)
Task: 6,	 Epoch: 5/80,	 Avg.loss: 0.0009,	 Accuracy: 688/1000(69%)
Task: 6,	 Epoch: 6/80,	 Avg.loss: 0.0008,	 Accuracy: 705/1000(70%)
Task: 6,	 Epoch: 7/80,	 Avg.loss: 0.0008,	 Accuracy: 695/1000(70%)
Task: 6,	 Epoch: 8/80,	 Avg.loss: 0.0008,	 Accuracy: 706/1000(71%)
Task: 6,	 Epoch: 9/80,	 Avg.loss: 0.0008,	 Accuracy: 730/1000(73%)
Task: 6,	 Epoch: 10/80,	 Avg.loss: 0.0008,	 Accuracy: 717/1000(72%)
Task: 6,	 Epoch: 11/80,	 Avg.loss: 0.0008,	 Accuracy: 729/1000(73%)
Task: 6,	 Epoch: 12/80,	 Avg.loss: 0.0008,	 Accuracy: 729/1000(73%)
Task: 6,	 Epoch: 13/80,	 Avg.loss: 0.0008,	 Accuracy: 733/1000(73%)
Task: 6,	 Epoch: 14/80,	 Avg.loss: 0.0008,	 Accuracy: 730/1000(73%)
Task: 6,	 Epoch: 15/80,	 Avg.loss: 0.0008,	 Accuracy: 707/1000(71%)
Task: 6,	 Epoch: 16/80,	 Avg.loss: 0.0008,	 Accuracy: 727/1000(73%)
Task: 6,	 Epoch: 17/80,	 Avg.loss: 0.0008,	 Accuracy: 718/1000(72%)
Task: 6,	 Epoch: 18/80,	 Avg.loss: 0.0008,	 Accuracy: 735/1000(74%)
Task: 6,	 Epoch: 19/80,	 Avg.loss: 0.0008,	 Accuracy: 714/1000(71%)
Task: 6,	 Epoch: 20/80,	 Avg.loss: 0.0008,	 Accuracy: 726/1000(73%)
Task: 6,	 Epoch: 21/80,	 Avg.loss: 0.0008,	 Accuracy: 719/1000(72%)
Task: 6,	 Epoch: 22/80,	 Avg.loss: 0.0008,	 Accuracy: 722/1000(72%)
Task: 6,	 Epoch: 23/80,	 Avg.loss: 0.0008,	 Accuracy: 713/1000(71%)
Task: 6,	 Epoch: 24/80,	 Avg.loss: 0.0008,	 Accuracy: 710/1000(71%)
Task: 6,	 Epoch: 25/80,	 Avg.loss: 0.0008,	 Accuracy: 718/1000(72%)
Task: 6,	 Epoch: 26/80,	 Avg.loss: 0.0008,	 Accuracy: 716/1000(72%)
Task: 6,	 Epoch: 27/80,	 Avg.loss: 0.0008,	 Accuracy: 714/1000(71%)
Task: 6,	 Epoch: 28/80,	 Avg.loss: 0.0008,	 Accuracy: 729/1000(73%)
Task: 6,	 Epoch: 29/80,	 Avg.loss: 0.0008,	 Accuracy: 720/1000(72%)
Task: 6,	 Epoch: 30/80,	 Avg.loss: 0.0008,	 Accuracy: 724/1000(72%)
Task: 6,	 Epoch: 31/80,	 Avg.loss: 0.0008,	 Accuracy: 722/1000(72%)
Task: 6,	 Epoch: 32/80,	 Avg.loss: 0.0008,	 Accuracy: 738/1000(74%)
Task: 6,	 Epoch: 33/80,	 Avg.loss: 0.0008,	 Accuracy: 726/1000(73%)
Task: 6,	 Epoch: 34/80,	 Avg.loss: 0.0008,	 Accuracy: 720/1000(72%)
Task: 6,	 Epoch: 35/80,	 Avg.loss: 0.0008,	 Accuracy: 739/1000(74%)
Task: 6,	 Epoch: 36/80,	 Avg.loss: 0.0008,	 Accuracy: 729/1000(73%)
Task: 6,	 Epoch: 37/80,	 Avg.loss: 0.0008,	 Accuracy: 732/1000(73%)
Task: 6,	 Epoch: 38/80,	 Avg.loss: 0.0008,	 Accuracy: 717/1000(72%)
Task: 6,	 Epoch: 39/80,	 Avg.loss: 0.0008,	 Accuracy: 716/1000(72%)
Task: 6,	 Epoch: 40/80,	 Avg.loss: 0.0008,	 Accuracy: 719/1000(72%)
Task: 6,	 Epoch: 41/80,	 Avg.loss: 0.0008,	 Accuracy: 712/1000(71%)
Task: 6,	 Epoch: 42/80,	 Avg.loss: 0.0008,	 Accuracy: 726/1000(73%)
Task: 6,	 Epoch: 43/80,	 Avg.loss: 0.0008,	 Accuracy: 727/1000(73%)
Task: 6,	 Epoch: 44/80,	 Avg.loss: 0.0008,	 Accuracy: 716/1000(72%)
Task: 6,	 Epoch: 45/80,	 Avg.loss: 0.0008,	 Accuracy: 744/1000(74%)
Task: 6,	 Epoch: 46/80,	 Avg.loss: 0.0008,	 Accuracy: 738/1000(74%)
Task: 6,	 Epoch: 47/80,	 Avg.loss: 0.0008,	 Accuracy: 727/1000(73%)
Task: 6,	 Epoch: 48/80,	 Avg.loss: 0.0008,	 Accuracy: 730/1000(73%)
Task: 6,	 Epoch: 49/80,	 Avg.loss: 0.0008,	 Accuracy: 709/1000(71%)
Task: 6,	 Epoch: 50/80,	 Avg.loss: 0.0008,	 Accuracy: 735/1000(74%)
Task: 6,	 Epoch: 51/80,	 Avg.loss: 0.0008,	 Accuracy: 738/1000(74%)
Task: 6,	 Epoch: 52/80,	 Avg.loss: 0.0007,	 Accuracy: 740/1000(74%)
Task: 6,	 Epoch: 53/80,	 Avg.loss: 0.0007,	 Accuracy: 738/1000(74%)
Task: 6,	 Epoch: 54/80,	 Avg.loss: 0.0008,	 Accuracy: 736/1000(74%)
Task: 6,	 Epoch: 55/80,	 Avg.loss: 0.0007,	 Accuracy: 734/1000(73%)
Task: 6,	 Epoch: 56/80,	 Avg.loss: 0.0007,	 Accuracy: 736/1000(74%)
Task: 6,	 Epoch: 57/80,	 Avg.loss: 0.0007,	 Accuracy: 736/1000(74%)
Task: 6,	 Epoch: 58/80,	 Avg.loss: 0.0007,	 Accuracy: 728/1000(73%)
Task: 6,	 Epoch: 59/80,	 Avg.loss: 0.0007,	 Accuracy: 733/1000(73%)
Task: 6,	 Epoch: 60/80,	 Avg.loss: 0.0007,	 Accuracy: 734/1000(73%)
Task: 6,	 Epoch: 61/80,	 Avg.loss: 0.0007,	 Accuracy: 735/1000(74%)
Task: 6,	 Epoch: 62/80,	 Avg.loss: 0.0007,	 Accuracy: 742/1000(74%)
Task: 6,	 Epoch: 63/80,	 Avg.loss: 0.0007,	 Accuracy: 739/1000(74%)
Task: 6,	 Epoch: 64/80,	 Avg.loss: 0.0007,	 Accuracy: 737/1000(74%)
Task: 6,	 Epoch: 65/80,	 Avg.loss: 0.0007,	 Accuracy: 737/1000(74%)
Task: 6,	 Epoch: 66/80,	 Avg.loss: 0.0007,	 Accuracy: 733/1000(73%)
Task: 6,	 Epoch: 67/80,	 Avg.loss: 0.0007,	 Accuracy: 736/1000(74%)
Task: 6,	 Epoch: 68/80,	 Avg.loss: 0.0007,	 Accuracy: 735/1000(74%)
Task: 6,	 Epoch: 69/80,	 Avg.loss: 0.0007,	 Accuracy: 742/1000(74%)
Task: 6,	 Epoch: 70/80,	 Avg.loss: 0.0007,	 Accuracy: 736/1000(74%)
Task: 6,	 Epoch: 71/80,	 Avg.loss: 0.0007,	 Accuracy: 736/1000(74%)
Task: 6,	 Epoch: 72/80,	 Avg.loss: 0.0007,	 Accuracy: 740/1000(74%)
Task: 6,	 Epoch: 73/80,	 Avg.loss: 0.0007,	 Accuracy: 740/1000(74%)
Task: 6,	 Epoch: 74/80,	 Avg.loss: 0.0007,	 Accuracy: 737/1000(74%)
Task: 6,	 Epoch: 75/80,	 Avg.loss: 0.0007,	 Accuracy: 743/1000(74%)
Task: 6,	 Epoch: 76/80,	 Avg.loss: 0.0007,	 Accuracy: 739/1000(74%)
Task: 6,	 Epoch: 77/80,	 Avg.loss: 0.0007,	 Accuracy: 741/1000(74%)
Task: 6,	 Epoch: 78/80,	 Avg.loss: 0.0007,	 Accuracy: 738/1000(74%)
Task: 6,	 Epoch: 79/80,	 Avg.loss: 0.0007,	 Accuracy: 741/1000(74%)
Task: 0,	 Epoch: -1/80,	 Avg.loss: 0.0008,	 Accuracy: 853/1000(85%)
Trained Task:6, Loaded task:0, Accuracy:85.3%
Task: 1,	 Epoch: -1/80,	 Avg.loss: 0.0008,	 Accuracy: 748/1000(75%)
Trained Task:6, Loaded task:1, Accuracy:74.8%
Task: 2,	 Epoch: -1/80,	 Avg.loss: 0.0008,	 Accuracy: 757/1000(76%)
Trained Task:6, Loaded task:2, Accuracy:75.7%
Task: 3,	 Epoch: -1/80,	 Avg.loss: 0.0010,	 Accuracy: 694/1000(69%)
Trained Task:6, Loaded task:3, Accuracy:69.4%
Task: 4,	 Epoch: -1/80,	 Avg.loss: 0.0007,	 Accuracy: 802/1000(80%)
Trained Task:6, Loaded task:4, Accuracy:80.2%
Task: 5,	 Epoch: -1/80,	 Avg.loss: 0.0007,	 Accuracy: 784/1000(78%)
Trained Task:6, Loaded task:5, Accuracy:78.4%
Task: 6,	 Epoch: -1/80,	 Avg.loss: 0.0007,	 Accuracy: 741/1000(74%)
Trained Task:6, Loaded task:6, Accuracy:74.1%
Trained Task:6, Avg. Accuracy: 76.8 

Layer        : conv1_layer.2.weight
Sum Omega    : 775.0081176757812
W.num_zeros  : 0/9216
F.num_zeros  : 288/9216
O.num_zeros  : 288/9216
Max Fisher   : 1.0
Max Omega    : 1.0
Min Fisher   : 0.0
Min Omega    : 0.0
Max Relevance: 0.8402054309844971
Layer        : conv2_layer.2.weight
Sum Omega    : 2081.012451171875
W.num_zeros  : 0/36864
F.num_zeros  : 8064/36864
O.num_zeros  : 8064/36864
Max Fisher   : 1.0
Max Omega    : 1.0
Min Fisher   : 0.0
Min Omega    : 0.0
Max Relevance: 0.9537849426269531
Layer        : fc1_layer.0.weight
Sum Omega    : 37867.796875
W.num_zeros  : 0/2097152
F.num_zeros  : 1216566/2097152
O.num_zeros  : 1215101/2097152
Max Fisher   : 1.0
Max Omega    : 1.0
Min Fisher   : 0.0
Min Omega    : 0.0
Max Relevance: 0.9705806970596313
Mask histogram conv1_layer.2.weight: 	 tensor([   0.,    0.,    0.,    0.,    0.,    0.,    0.,    0., 8192.,    0.],
       device='cuda:0')
Mask histogram conv2_layer.2.weight: 	 tensor([   0.,    0.,    0.,    0.,    0.,    0.,    0.,    0., 4096.,    0.],
       device='cuda:0')
Mask histogram fc1_layer.0.weight: 	 tensor([175.,  51.,  13.,  10.,   6.,  13.,  25.,  50., 169.,   0.],
       device='cuda:0')
Task: 7,	 Epoch: 0/80,	 Avg.loss: 0.0012,	 Accuracy: 642/1000(64%)
Task: 7,	 Epoch: 1/80,	 Avg.loss: 0.0011,	 Accuracy: 670/1000(67%)
Task: 7,	 Epoch: 2/80,	 Avg.loss: 0.0010,	 Accuracy: 689/1000(69%)
Task: 7,	 Epoch: 3/80,	 Avg.loss: 0.0010,	 Accuracy: 682/1000(68%)
Task: 7,	 Epoch: 4/80,	 Avg.loss: 0.0009,	 Accuracy: 696/1000(70%)
Task: 7,	 Epoch: 5/80,	 Avg.loss: 0.0009,	 Accuracy: 709/1000(71%)
Task: 7,	 Epoch: 6/80,	 Avg.loss: 0.0009,	 Accuracy: 711/1000(71%)
Task: 7,	 Epoch: 7/80,	 Avg.loss: 0.0009,	 Accuracy: 682/1000(68%)
Task: 7,	 Epoch: 8/80,	 Avg.loss: 0.0009,	 Accuracy: 689/1000(69%)
Task: 7,	 Epoch: 9/80,	 Avg.loss: 0.0010,	 Accuracy: 677/1000(68%)
Task: 7,	 Epoch: 10/80,	 Avg.loss: 0.0009,	 Accuracy: 692/1000(69%)
Task: 7,	 Epoch: 11/80,	 Avg.loss: 0.0009,	 Accuracy: 697/1000(70%)
Task: 7,	 Epoch: 12/80,	 Avg.loss: 0.0009,	 Accuracy: 697/1000(70%)
Task: 7,	 Epoch: 13/80,	 Avg.loss: 0.0009,	 Accuracy: 713/1000(71%)
Task: 7,	 Epoch: 14/80,	 Avg.loss: 0.0009,	 Accuracy: 697/1000(70%)
Task: 7,	 Epoch: 15/80,	 Avg.loss: 0.0009,	 Accuracy: 729/1000(73%)
Task: 7,	 Epoch: 16/80,	 Avg.loss: 0.0009,	 Accuracy: 681/1000(68%)
Task: 7,	 Epoch: 17/80,	 Avg.loss: 0.0009,	 Accuracy: 717/1000(72%)
Task: 7,	 Epoch: 18/80,	 Avg.loss: 0.0008,	 Accuracy: 724/1000(72%)
Task: 7,	 Epoch: 19/80,	 Avg.loss: 0.0009,	 Accuracy: 702/1000(70%)
Task: 7,	 Epoch: 20/80,	 Avg.loss: 0.0009,	 Accuracy: 701/1000(70%)
Task: 7,	 Epoch: 21/80,	 Avg.loss: 0.0009,	 Accuracy: 710/1000(71%)
Task: 7,	 Epoch: 22/80,	 Avg.loss: 0.0009,	 Accuracy: 705/1000(70%)
Task: 7,	 Epoch: 23/80,	 Avg.loss: 0.0009,	 Accuracy: 717/1000(72%)
Task: 7,	 Epoch: 24/80,	 Avg.loss: 0.0009,	 Accuracy: 709/1000(71%)
Task: 7,	 Epoch: 25/80,	 Avg.loss: 0.0008,	 Accuracy: 729/1000(73%)
Task: 7,	 Epoch: 26/80,	 Avg.loss: 0.0009,	 Accuracy: 697/1000(70%)
Task: 7,	 Epoch: 27/80,	 Avg.loss: 0.0009,	 Accuracy: 722/1000(72%)
Task: 7,	 Epoch: 28/80,	 Avg.loss: 0.0008,	 Accuracy: 728/1000(73%)
Task: 7,	 Epoch: 29/80,	 Avg.loss: 0.0009,	 Accuracy: 708/1000(71%)
Task: 7,	 Epoch: 30/80,	 Avg.loss: 0.0009,	 Accuracy: 715/1000(72%)
Task: 7,	 Epoch: 31/80,	 Avg.loss: 0.0009,	 Accuracy: 717/1000(72%)
Task: 7,	 Epoch: 32/80,	 Avg.loss: 0.0009,	 Accuracy: 721/1000(72%)
Task: 7,	 Epoch: 33/80,	 Avg.loss: 0.0008,	 Accuracy: 726/1000(73%)
Task: 7,	 Epoch: 34/80,	 Avg.loss: 0.0009,	 Accuracy: 713/1000(71%)
Task: 7,	 Epoch: 35/80,	 Avg.loss: 0.0009,	 Accuracy: 722/1000(72%)
Task: 7,	 Epoch: 36/80,	 Avg.loss: 0.0009,	 Accuracy: 719/1000(72%)
Task: 7,	 Epoch: 37/80,	 Avg.loss: 0.0008,	 Accuracy: 710/1000(71%)
Task: 7,	 Epoch: 38/80,	 Avg.loss: 0.0009,	 Accuracy: 726/1000(73%)
Task: 7,	 Epoch: 39/80,	 Avg.loss: 0.0009,	 Accuracy: 719/1000(72%)
Task: 7,	 Epoch: 40/80,	 Avg.loss: 0.0009,	 Accuracy: 719/1000(72%)
Task: 7,	 Epoch: 41/80,	 Avg.loss: 0.0008,	 Accuracy: 735/1000(74%)
Task: 7,	 Epoch: 42/80,	 Avg.loss: 0.0008,	 Accuracy: 720/1000(72%)
Task: 7,	 Epoch: 43/80,	 Avg.loss: 0.0009,	 Accuracy: 711/1000(71%)
Task: 7,	 Epoch: 44/80,	 Avg.loss: 0.0009,	 Accuracy: 713/1000(71%)
Task: 7,	 Epoch: 45/80,	 Avg.loss: 0.0009,	 Accuracy: 722/1000(72%)
Task: 7,	 Epoch: 46/80,	 Avg.loss: 0.0008,	 Accuracy: 724/1000(72%)
Task: 7,	 Epoch: 47/80,	 Avg.loss: 0.0009,	 Accuracy: 709/1000(71%)
Task: 7,	 Epoch: 48/80,	 Avg.loss: 0.0008,	 Accuracy: 722/1000(72%)
Task: 7,	 Epoch: 49/80,	 Avg.loss: 0.0009,	 Accuracy: 701/1000(70%)
Task: 7,	 Epoch: 50/80,	 Avg.loss: 0.0008,	 Accuracy: 737/1000(74%)
Task: 7,	 Epoch: 51/80,	 Avg.loss: 0.0008,	 Accuracy: 735/1000(74%)
Task: 7,	 Epoch: 52/80,	 Avg.loss: 0.0008,	 Accuracy: 739/1000(74%)
Task: 7,	 Epoch: 53/80,	 Avg.loss: 0.0008,	 Accuracy: 732/1000(73%)
Task: 7,	 Epoch: 54/80,	 Avg.loss: 0.0008,	 Accuracy: 740/1000(74%)
Task: 7,	 Epoch: 55/80,	 Avg.loss: 0.0008,	 Accuracy: 736/1000(74%)
Task: 7,	 Epoch: 56/80,	 Avg.loss: 0.0008,	 Accuracy: 734/1000(73%)
Task: 7,	 Epoch: 57/80,	 Avg.loss: 0.0008,	 Accuracy: 738/1000(74%)
Task: 7,	 Epoch: 58/80,	 Avg.loss: 0.0008,	 Accuracy: 738/1000(74%)
Task: 7,	 Epoch: 59/80,	 Avg.loss: 0.0008,	 Accuracy: 742/1000(74%)
Task: 7,	 Epoch: 60/80,	 Avg.loss: 0.0008,	 Accuracy: 740/1000(74%)
Task: 7,	 Epoch: 61/80,	 Avg.loss: 0.0008,	 Accuracy: 738/1000(74%)
Task: 7,	 Epoch: 62/80,	 Avg.loss: 0.0008,	 Accuracy: 740/1000(74%)
Task: 7,	 Epoch: 63/80,	 Avg.loss: 0.0008,	 Accuracy: 739/1000(74%)
Task: 7,	 Epoch: 64/80,	 Avg.loss: 0.0008,	 Accuracy: 737/1000(74%)
Task: 7,	 Epoch: 65/80,	 Avg.loss: 0.0008,	 Accuracy: 741/1000(74%)
Task: 7,	 Epoch: 66/80,	 Avg.loss: 0.0008,	 Accuracy: 736/1000(74%)
Task: 7,	 Epoch: 67/80,	 Avg.loss: 0.0008,	 Accuracy: 742/1000(74%)
Task: 7,	 Epoch: 68/80,	 Avg.loss: 0.0008,	 Accuracy: 744/1000(74%)
Task: 7,	 Epoch: 69/80,	 Avg.loss: 0.0008,	 Accuracy: 742/1000(74%)
Task: 7,	 Epoch: 70/80,	 Avg.loss: 0.0008,	 Accuracy: 746/1000(75%)
Task: 7,	 Epoch: 71/80,	 Avg.loss: 0.0008,	 Accuracy: 740/1000(74%)
Task: 7,	 Epoch: 72/80,	 Avg.loss: 0.0008,	 Accuracy: 745/1000(74%)
Task: 7,	 Epoch: 73/80,	 Avg.loss: 0.0008,	 Accuracy: 746/1000(75%)
Task: 7,	 Epoch: 74/80,	 Avg.loss: 0.0008,	 Accuracy: 745/1000(74%)
Task: 7,	 Epoch: 75/80,	 Avg.loss: 0.0008,	 Accuracy: 748/1000(75%)
Task: 7,	 Epoch: 76/80,	 Avg.loss: 0.0008,	 Accuracy: 747/1000(75%)
Task: 7,	 Epoch: 77/80,	 Avg.loss: 0.0008,	 Accuracy: 747/1000(75%)
Task: 7,	 Epoch: 78/80,	 Avg.loss: 0.0008,	 Accuracy: 747/1000(75%)
Task: 7,	 Epoch: 79/80,	 Avg.loss: 0.0008,	 Accuracy: 746/1000(75%)
Task: 0,	 Epoch: -1/80,	 Avg.loss: 0.0008,	 Accuracy: 860/1000(86%)
Trained Task:7, Loaded task:0, Accuracy:86.0%
Task: 1,	 Epoch: -1/80,	 Avg.loss: 0.0008,	 Accuracy: 756/1000(76%)
Trained Task:7, Loaded task:1, Accuracy:75.6%
Task: 2,	 Epoch: -1/80,	 Avg.loss: 0.0008,	 Accuracy: 755/1000(76%)
Trained Task:7, Loaded task:2, Accuracy:75.5%
Task: 3,	 Epoch: -1/80,	 Avg.loss: 0.0010,	 Accuracy: 710/1000(71%)
Trained Task:7, Loaded task:3, Accuracy:71.0%
Task: 4,	 Epoch: -1/80,	 Avg.loss: 0.0007,	 Accuracy: 799/1000(80%)
Trained Task:7, Loaded task:4, Accuracy:79.9%
Task: 5,	 Epoch: -1/80,	 Avg.loss: 0.0007,	 Accuracy: 781/1000(78%)
Trained Task:7, Loaded task:5, Accuracy:78.1%
Task: 6,	 Epoch: -1/80,	 Avg.loss: 0.0007,	 Accuracy: 736/1000(74%)
Trained Task:7, Loaded task:6, Accuracy:73.6%
Task: 7,	 Epoch: -1/80,	 Avg.loss: 0.0008,	 Accuracy: 746/1000(75%)
Trained Task:7, Loaded task:7, Accuracy:74.6%
Trained Task:7, Avg. Accuracy: 76.8 

Layer        : conv1_layer.2.weight
Sum Omega    : 793.885009765625
W.num_zeros  : 0/9216
F.num_zeros  : 288/9216
O.num_zeros  : 288/9216
Max Fisher   : 1.0
Max Omega    : 1.0
Min Fisher   : 0.0
Min Omega    : 0.0
Max Relevance: 0.8555260896682739
Layer        : conv2_layer.2.weight
Sum Omega    : 2100.8310546875
W.num_zeros  : 0/36864
F.num_zeros  : 8064/36864
O.num_zeros  : 8064/36864
Max Fisher   : 1.0
Max Omega    : 1.0
Min Fisher   : 0.0
Min Omega    : 0.0
Max Relevance: 0.9259428977966309
Layer        : fc1_layer.0.weight
Sum Omega    : 40207.2890625
W.num_zeros  : 0/2097152
F.num_zeros  : 1213054/2097152
O.num_zeros  : 1211901/2097152
Max Fisher   : 1.0
Max Omega    : 1.0
Min Fisher   : 0.0
Min Omega    : 0.0
Max Relevance: 0.9318844079971313
Mask histogram conv1_layer.2.weight: 	 tensor([   0.,    0.,    0.,    0.,    0.,    0.,    0.,    0.,    0., 8192.],
       device='cuda:0')
Mask histogram conv2_layer.2.weight: 	 tensor([   0.,    0.,    0.,    0.,    0.,    0.,    0.,    0.,    0., 4096.],
       device='cuda:0')
Mask histogram fc1_layer.0.weight: 	 tensor([175.,  51.,  11.,   3.,  12.,   9.,   9.,  30.,  43., 169.],
       device='cuda:0')
Task: 8,	 Epoch: 0/80,	 Avg.loss: 0.0011,	 Accuracy: 650/1000(65%)
Task: 8,	 Epoch: 1/80,	 Avg.loss: 0.0009,	 Accuracy: 706/1000(71%)
Task: 8,	 Epoch: 2/80,	 Avg.loss: 0.0009,	 Accuracy: 718/1000(72%)
Task: 8,	 Epoch: 3/80,	 Avg.loss: 0.0008,	 Accuracy: 736/1000(74%)
Task: 8,	 Epoch: 4/80,	 Avg.loss: 0.0009,	 Accuracy: 717/1000(72%)
Task: 8,	 Epoch: 5/80,	 Avg.loss: 0.0008,	 Accuracy: 740/1000(74%)
Task: 8,	 Epoch: 6/80,	 Avg.loss: 0.0008,	 Accuracy: 745/1000(74%)
Task: 8,	 Epoch: 7/80,	 Avg.loss: 0.0007,	 Accuracy: 749/1000(75%)
Task: 8,	 Epoch: 8/80,	 Avg.loss: 0.0007,	 Accuracy: 762/1000(76%)
Task: 8,	 Epoch: 9/80,	 Avg.loss: 0.0007,	 Accuracy: 758/1000(76%)
Task: 8,	 Epoch: 10/80,	 Avg.loss: 0.0007,	 Accuracy: 764/1000(76%)
Task: 8,	 Epoch: 11/80,	 Avg.loss: 0.0007,	 Accuracy: 759/1000(76%)
Task: 8,	 Epoch: 12/80,	 Avg.loss: 0.0007,	 Accuracy: 754/1000(75%)
Task: 8,	 Epoch: 13/80,	 Avg.loss: 0.0007,	 Accuracy: 775/1000(78%)
Task: 8,	 Epoch: 14/80,	 Avg.loss: 0.0007,	 Accuracy: 761/1000(76%)
Task: 8,	 Epoch: 15/80,	 Avg.loss: 0.0007,	 Accuracy: 770/1000(77%)
Task: 8,	 Epoch: 16/80,	 Avg.loss: 0.0007,	 Accuracy: 758/1000(76%)
Task: 8,	 Epoch: 17/80,	 Avg.loss: 0.0007,	 Accuracy: 755/1000(76%)
Task: 8,	 Epoch: 18/80,	 Avg.loss: 0.0007,	 Accuracy: 767/1000(77%)
Task: 8,	 Epoch: 19/80,	 Avg.loss: 0.0007,	 Accuracy: 764/1000(76%)
Task: 8,	 Epoch: 20/80,	 Avg.loss: 0.0007,	 Accuracy: 778/1000(78%)
Task: 8,	 Epoch: 21/80,	 Avg.loss: 0.0008,	 Accuracy: 742/1000(74%)
Task: 8,	 Epoch: 22/80,	 Avg.loss: 0.0007,	 Accuracy: 772/1000(77%)
Task: 8,	 Epoch: 23/80,	 Avg.loss: 0.0008,	 Accuracy: 750/1000(75%)
Task: 8,	 Epoch: 24/80,	 Avg.loss: 0.0007,	 Accuracy: 759/1000(76%)
Task: 8,	 Epoch: 25/80,	 Avg.loss: 0.0007,	 Accuracy: 766/1000(77%)
Task: 8,	 Epoch: 26/80,	 Avg.loss: 0.0008,	 Accuracy: 742/1000(74%)
Task: 8,	 Epoch: 27/80,	 Avg.loss: 0.0007,	 Accuracy: 774/1000(77%)
Task: 8,	 Epoch: 28/80,	 Avg.loss: 0.0007,	 Accuracy: 756/1000(76%)
Task: 8,	 Epoch: 29/80,	 Avg.loss: 0.0007,	 Accuracy: 776/1000(78%)
Task: 8,	 Epoch: 30/80,	 Avg.loss: 0.0008,	 Accuracy: 745/1000(74%)
Task: 8,	 Epoch: 31/80,	 Avg.loss: 0.0007,	 Accuracy: 766/1000(77%)
Task: 8,	 Epoch: 32/80,	 Avg.loss: 0.0008,	 Accuracy: 751/1000(75%)
Task: 8,	 Epoch: 33/80,	 Avg.loss: 0.0007,	 Accuracy: 776/1000(78%)
Task: 8,	 Epoch: 34/80,	 Avg.loss: 0.0007,	 Accuracy: 769/1000(77%)
Task: 8,	 Epoch: 35/80,	 Avg.loss: 0.0007,	 Accuracy: 750/1000(75%)
Task: 8,	 Epoch: 36/80,	 Avg.loss: 0.0007,	 Accuracy: 766/1000(77%)
Task: 8,	 Epoch: 37/80,	 Avg.loss: 0.0007,	 Accuracy: 776/1000(78%)
Task: 8,	 Epoch: 38/80,	 Avg.loss: 0.0007,	 Accuracy: 774/1000(77%)
Task: 8,	 Epoch: 39/80,	 Avg.loss: 0.0007,	 Accuracy: 756/1000(76%)
Task: 8,	 Epoch: 40/80,	 Avg.loss: 0.0007,	 Accuracy: 743/1000(74%)
Task: 8,	 Epoch: 41/80,	 Avg.loss: 0.0007,	 Accuracy: 765/1000(76%)
Task: 8,	 Epoch: 42/80,	 Avg.loss: 0.0007,	 Accuracy: 771/1000(77%)
Task: 8,	 Epoch: 43/80,	 Avg.loss: 0.0007,	 Accuracy: 764/1000(76%)
Task: 8,	 Epoch: 44/80,	 Avg.loss: 0.0007,	 Accuracy: 765/1000(76%)
Task: 8,	 Epoch: 45/80,	 Avg.loss: 0.0007,	 Accuracy: 760/1000(76%)
Task: 8,	 Epoch: 46/80,	 Avg.loss: 0.0007,	 Accuracy: 770/1000(77%)
Task: 8,	 Epoch: 47/80,	 Avg.loss: 0.0007,	 Accuracy: 775/1000(78%)
Task: 8,	 Epoch: 48/80,	 Avg.loss: 0.0007,	 Accuracy: 769/1000(77%)
Task: 8,	 Epoch: 49/80,	 Avg.loss: 0.0007,	 Accuracy: 781/1000(78%)
Task: 8,	 Epoch: 50/80,	 Avg.loss: 0.0006,	 Accuracy: 790/1000(79%)
Task: 8,	 Epoch: 51/80,	 Avg.loss: 0.0006,	 Accuracy: 787/1000(79%)
Task: 8,	 Epoch: 52/80,	 Avg.loss: 0.0006,	 Accuracy: 782/1000(78%)
Task: 8,	 Epoch: 53/80,	 Avg.loss: 0.0006,	 Accuracy: 785/1000(78%)
Task: 8,	 Epoch: 54/80,	 Avg.loss: 0.0006,	 Accuracy: 787/1000(79%)
Task: 8,	 Epoch: 55/80,	 Avg.loss: 0.0006,	 Accuracy: 782/1000(78%)
Task: 8,	 Epoch: 56/80,	 Avg.loss: 0.0006,	 Accuracy: 791/1000(79%)
Task: 8,	 Epoch: 57/80,	 Avg.loss: 0.0006,	 Accuracy: 786/1000(79%)
Task: 8,	 Epoch: 58/80,	 Avg.loss: 0.0006,	 Accuracy: 789/1000(79%)
Task: 8,	 Epoch: 59/80,	 Avg.loss: 0.0006,	 Accuracy: 789/1000(79%)
Task: 8,	 Epoch: 60/80,	 Avg.loss: 0.0006,	 Accuracy: 784/1000(78%)
Task: 8,	 Epoch: 61/80,	 Avg.loss: 0.0006,	 Accuracy: 780/1000(78%)
Task: 8,	 Epoch: 62/80,	 Avg.loss: 0.0006,	 Accuracy: 786/1000(79%)
Task: 8,	 Epoch: 63/80,	 Avg.loss: 0.0006,	 Accuracy: 787/1000(79%)
Task: 8,	 Epoch: 64/80,	 Avg.loss: 0.0006,	 Accuracy: 780/1000(78%)
Task: 8,	 Epoch: 65/80,	 Avg.loss: 0.0006,	 Accuracy: 781/1000(78%)
Task: 8,	 Epoch: 66/80,	 Avg.loss: 0.0006,	 Accuracy: 788/1000(79%)
Task: 8,	 Epoch: 67/80,	 Avg.loss: 0.0006,	 Accuracy: 790/1000(79%)
Task: 8,	 Epoch: 68/80,	 Avg.loss: 0.0006,	 Accuracy: 793/1000(79%)
Task: 8,	 Epoch: 69/80,	 Avg.loss: 0.0006,	 Accuracy: 789/1000(79%)
Task: 8,	 Epoch: 70/80,	 Avg.loss: 0.0006,	 Accuracy: 780/1000(78%)
Task: 8,	 Epoch: 71/80,	 Avg.loss: 0.0006,	 Accuracy: 788/1000(79%)
Task: 8,	 Epoch: 72/80,	 Avg.loss: 0.0006,	 Accuracy: 784/1000(78%)
Task: 8,	 Epoch: 73/80,	 Avg.loss: 0.0006,	 Accuracy: 782/1000(78%)
Task: 8,	 Epoch: 74/80,	 Avg.loss: 0.0006,	 Accuracy: 784/1000(78%)
Task: 8,	 Epoch: 75/80,	 Avg.loss: 0.0007,	 Accuracy: 777/1000(78%)
Task: 8,	 Epoch: 76/80,	 Avg.loss: 0.0006,	 Accuracy: 782/1000(78%)
Task: 8,	 Epoch: 77/80,	 Avg.loss: 0.0006,	 Accuracy: 788/1000(79%)
Task: 8,	 Epoch: 78/80,	 Avg.loss: 0.0006,	 Accuracy: 789/1000(79%)
Task: 8,	 Epoch: 79/80,	 Avg.loss: 0.0006,	 Accuracy: 785/1000(78%)
Task: 0,	 Epoch: -1/80,	 Avg.loss: 0.0009,	 Accuracy: 861/1000(86%)
Trained Task:8, Loaded task:0, Accuracy:86.1%
Task: 1,	 Epoch: -1/80,	 Avg.loss: 0.0009,	 Accuracy: 752/1000(75%)
Trained Task:8, Loaded task:1, Accuracy:75.2%
Task: 2,	 Epoch: -1/80,	 Avg.loss: 0.0008,	 Accuracy: 758/1000(76%)
Trained Task:8, Loaded task:2, Accuracy:75.8%
Task: 3,	 Epoch: -1/80,	 Avg.loss: 0.0010,	 Accuracy: 726/1000(73%)
Trained Task:8, Loaded task:3, Accuracy:72.6%
Task: 4,	 Epoch: -1/80,	 Avg.loss: 0.0007,	 Accuracy: 800/1000(80%)
Trained Task:8, Loaded task:4, Accuracy:80.0%
Task: 5,	 Epoch: -1/80,	 Avg.loss: 0.0007,	 Accuracy: 782/1000(78%)
Trained Task:8, Loaded task:5, Accuracy:78.2%
Task: 6,	 Epoch: -1/80,	 Avg.loss: 0.0008,	 Accuracy: 739/1000(74%)
Trained Task:8, Loaded task:6, Accuracy:73.9%
Task: 7,	 Epoch: -1/80,	 Avg.loss: 0.0008,	 Accuracy: 746/1000(75%)
Trained Task:8, Loaded task:7, Accuracy:74.6%
Task: 8,	 Epoch: -1/80,	 Avg.loss: 0.0006,	 Accuracy: 785/1000(78%)
Trained Task:8, Loaded task:8, Accuracy:78.5%
Trained Task:8, Avg. Accuracy: 77.2 

Layer        : conv1_layer.2.weight
Sum Omega    : 805.5404052734375
W.num_zeros  : 0/9216
F.num_zeros  : 288/9216
O.num_zeros  : 288/9216
Max Fisher   : 1.0
Max Omega    : 1.0
Min Fisher   : 0.0
Min Omega    : 0.0
Max Relevance: 0.800000011920929
Layer        : conv2_layer.2.weight
Sum Omega    : 2152.9716796875
W.num_zeros  : 0/36864
F.num_zeros  : 8064/36864
O.num_zeros  : 8064/36864
Max Fisher   : 1.0
Max Omega    : 1.0
Min Fisher   : 0.0
Min Omega    : 0.0
Max Relevance: 0.9330055713653564
Layer        : fc1_layer.0.weight
Sum Omega    : 39151.8515625
W.num_zeros  : 0/2097152
F.num_zeros  : 1208058/2097152
O.num_zeros  : 1208637/2097152
Max Fisher   : 1.0
Max Omega    : 1.0
Min Fisher   : 0.0
Min Omega    : 0.0
Max Relevance: 0.9304453134536743
Mask histogram conv1_layer.2.weight: 	 tensor([   0.,    0.,    0.,    0.,    0.,    0.,    0.,    0.,    0., 8192.],
       device='cuda:0')
Mask histogram conv2_layer.2.weight: 	 tensor([   0.,    0.,    0.,    0.,    0.,    0.,    0.,    0.,    0., 4096.],
       device='cuda:0')
Mask histogram fc1_layer.0.weight: 	 tensor([175.,  50.,  10.,   3.,   7.,  13.,   7.,   9.,  28., 210.],
       device='cuda:0')
Task: 9,	 Epoch: 0/80,	 Avg.loss: 0.0010,	 Accuracy: 707/1000(71%)
Task: 9,	 Epoch: 1/80,	 Avg.loss: 0.0009,	 Accuracy: 730/1000(73%)
Task: 9,	 Epoch: 2/80,	 Avg.loss: 0.0007,	 Accuracy: 771/1000(77%)
Task: 9,	 Epoch: 3/80,	 Avg.loss: 0.0007,	 Accuracy: 780/1000(78%)
Task: 9,	 Epoch: 4/80,	 Avg.loss: 0.0007,	 Accuracy: 786/1000(79%)
Task: 9,	 Epoch: 5/80,	 Avg.loss: 0.0006,	 Accuracy: 790/1000(79%)
Task: 9,	 Epoch: 6/80,	 Avg.loss: 0.0007,	 Accuracy: 768/1000(77%)
Task: 9,	 Epoch: 7/80,	 Avg.loss: 0.0006,	 Accuracy: 789/1000(79%)
Task: 9,	 Epoch: 8/80,	 Avg.loss: 0.0007,	 Accuracy: 777/1000(78%)
Task: 9,	 Epoch: 9/80,	 Avg.loss: 0.0007,	 Accuracy: 798/1000(80%)
Task: 9,	 Epoch: 10/80,	 Avg.loss: 0.0007,	 Accuracy: 792/1000(79%)
Task: 9,	 Epoch: 11/80,	 Avg.loss: 0.0006,	 Accuracy: 800/1000(80%)
Task: 9,	 Epoch: 12/80,	 Avg.loss: 0.0006,	 Accuracy: 797/1000(80%)
Task: 9,	 Epoch: 13/80,	 Avg.loss: 0.0007,	 Accuracy: 782/1000(78%)
Task: 9,	 Epoch: 14/80,	 Avg.loss: 0.0006,	 Accuracy: 793/1000(79%)
Task: 9,	 Epoch: 15/80,	 Avg.loss: 0.0006,	 Accuracy: 809/1000(81%)
Task: 9,	 Epoch: 16/80,	 Avg.loss: 0.0006,	 Accuracy: 792/1000(79%)
Task: 9,	 Epoch: 17/80,	 Avg.loss: 0.0006,	 Accuracy: 803/1000(80%)
Task: 9,	 Epoch: 18/80,	 Avg.loss: 0.0007,	 Accuracy: 786/1000(79%)
Task: 9,	 Epoch: 19/80,	 Avg.loss: 0.0006,	 Accuracy: 795/1000(80%)
Task: 9,	 Epoch: 20/80,	 Avg.loss: 0.0006,	 Accuracy: 802/1000(80%)
Task: 9,	 Epoch: 21/80,	 Avg.loss: 0.0006,	 Accuracy: 797/1000(80%)
Task: 9,	 Epoch: 22/80,	 Avg.loss: 0.0006,	 Accuracy: 799/1000(80%)
Task: 9,	 Epoch: 23/80,	 Avg.loss: 0.0006,	 Accuracy: 791/1000(79%)
Task: 9,	 Epoch: 24/80,	 Avg.loss: 0.0006,	 Accuracy: 805/1000(81%)
Task: 9,	 Epoch: 25/80,	 Avg.loss: 0.0006,	 Accuracy: 798/1000(80%)
Task: 9,	 Epoch: 26/80,	 Avg.loss: 0.0007,	 Accuracy: 802/1000(80%)
Task: 9,	 Epoch: 27/80,	 Avg.loss: 0.0006,	 Accuracy: 821/1000(82%)
Task: 9,	 Epoch: 28/80,	 Avg.loss: 0.0006,	 Accuracy: 813/1000(81%)
Task: 9,	 Epoch: 29/80,	 Avg.loss: 0.0007,	 Accuracy: 800/1000(80%)
Task: 9,	 Epoch: 30/80,	 Avg.loss: 0.0006,	 Accuracy: 812/1000(81%)
Task: 9,	 Epoch: 31/80,	 Avg.loss: 0.0006,	 Accuracy: 814/1000(81%)
Task: 9,	 Epoch: 32/80,	 Avg.loss: 0.0007,	 Accuracy: 797/1000(80%)
Task: 9,	 Epoch: 33/80,	 Avg.loss: 0.0006,	 Accuracy: 803/1000(80%)
Task: 9,	 Epoch: 34/80,	 Avg.loss: 0.0007,	 Accuracy: 792/1000(79%)
Task: 9,	 Epoch: 35/80,	 Avg.loss: 0.0006,	 Accuracy: 816/1000(82%)
Task: 9,	 Epoch: 36/80,	 Avg.loss: 0.0006,	 Accuracy: 810/1000(81%)
Task: 9,	 Epoch: 37/80,	 Avg.loss: 0.0006,	 Accuracy: 812/1000(81%)
Task: 9,	 Epoch: 38/80,	 Avg.loss: 0.0006,	 Accuracy: 823/1000(82%)
Task: 9,	 Epoch: 39/80,	 Avg.loss: 0.0007,	 Accuracy: 795/1000(80%)
Task: 9,	 Epoch: 40/80,	 Avg.loss: 0.0006,	 Accuracy: 813/1000(81%)
Task: 9,	 Epoch: 41/80,	 Avg.loss: 0.0006,	 Accuracy: 804/1000(80%)
Task: 9,	 Epoch: 42/80,	 Avg.loss: 0.0006,	 Accuracy: 805/1000(81%)
Task: 9,	 Epoch: 43/80,	 Avg.loss: 0.0007,	 Accuracy: 790/1000(79%)
Task: 9,	 Epoch: 44/80,	 Avg.loss: 0.0006,	 Accuracy: 815/1000(82%)
Task: 9,	 Epoch: 45/80,	 Avg.loss: 0.0006,	 Accuracy: 811/1000(81%)
Task: 9,	 Epoch: 46/80,	 Avg.loss: 0.0006,	 Accuracy: 814/1000(81%)
Task: 9,	 Epoch: 47/80,	 Avg.loss: 0.0006,	 Accuracy: 801/1000(80%)
Task: 9,	 Epoch: 48/80,	 Avg.loss: 0.0006,	 Accuracy: 809/1000(81%)
Task: 9,	 Epoch: 49/80,	 Avg.loss: 0.0006,	 Accuracy: 818/1000(82%)
Task: 9,	 Epoch: 50/80,	 Avg.loss: 0.0006,	 Accuracy: 830/1000(83%)
Task: 9,	 Epoch: 51/80,	 Avg.loss: 0.0006,	 Accuracy: 826/1000(83%)
Task: 9,	 Epoch: 52/80,	 Avg.loss: 0.0006,	 Accuracy: 826/1000(83%)
Task: 9,	 Epoch: 53/80,	 Avg.loss: 0.0006,	 Accuracy: 821/1000(82%)
Task: 9,	 Epoch: 54/80,	 Avg.loss: 0.0006,	 Accuracy: 825/1000(83%)
Task: 9,	 Epoch: 55/80,	 Avg.loss: 0.0006,	 Accuracy: 827/1000(83%)
Task: 9,	 Epoch: 56/80,	 Avg.loss: 0.0006,	 Accuracy: 821/1000(82%)
Task: 9,	 Epoch: 57/80,	 Avg.loss: 0.0006,	 Accuracy: 829/1000(83%)
Task: 9,	 Epoch: 58/80,	 Avg.loss: 0.0006,	 Accuracy: 825/1000(83%)
Task: 9,	 Epoch: 59/80,	 Avg.loss: 0.0006,	 Accuracy: 830/1000(83%)
Task: 9,	 Epoch: 60/80,	 Avg.loss: 0.0006,	 Accuracy: 822/1000(82%)
Task: 9,	 Epoch: 61/80,	 Avg.loss: 0.0006,	 Accuracy: 826/1000(83%)
Task: 9,	 Epoch: 62/80,	 Avg.loss: 0.0006,	 Accuracy: 822/1000(82%)
Task: 9,	 Epoch: 63/80,	 Avg.loss: 0.0006,	 Accuracy: 822/1000(82%)
Task: 9,	 Epoch: 64/80,	 Avg.loss: 0.0006,	 Accuracy: 821/1000(82%)
Task: 9,	 Epoch: 65/80,	 Avg.loss: 0.0005,	 Accuracy: 824/1000(82%)
Task: 9,	 Epoch: 66/80,	 Avg.loss: 0.0006,	 Accuracy: 825/1000(83%)
Task: 9,	 Epoch: 67/80,	 Avg.loss: 0.0006,	 Accuracy: 821/1000(82%)
Task: 9,	 Epoch: 68/80,	 Avg.loss: 0.0006,	 Accuracy: 825/1000(83%)
Task: 9,	 Epoch: 69/80,	 Avg.loss: 0.0006,	 Accuracy: 822/1000(82%)
Task: 9,	 Epoch: 70/80,	 Avg.loss: 0.0006,	 Accuracy: 822/1000(82%)
Task: 9,	 Epoch: 71/80,	 Avg.loss: 0.0005,	 Accuracy: 824/1000(82%)
Task: 9,	 Epoch: 72/80,	 Avg.loss: 0.0006,	 Accuracy: 828/1000(83%)
Task: 9,	 Epoch: 73/80,	 Avg.loss: 0.0006,	 Accuracy: 826/1000(83%)
Task: 9,	 Epoch: 74/80,	 Avg.loss: 0.0006,	 Accuracy: 825/1000(83%)
Task: 9,	 Epoch: 75/80,	 Avg.loss: 0.0006,	 Accuracy: 829/1000(83%)
Task: 9,	 Epoch: 76/80,	 Avg.loss: 0.0006,	 Accuracy: 822/1000(82%)
Task: 9,	 Epoch: 77/80,	 Avg.loss: 0.0006,	 Accuracy: 821/1000(82%)
Task: 9,	 Epoch: 78/80,	 Avg.loss: 0.0006,	 Accuracy: 826/1000(83%)
Task: 9,	 Epoch: 79/80,	 Avg.loss: 0.0006,	 Accuracy: 818/1000(82%)
Task: 0,	 Epoch: -1/80,	 Avg.loss: 0.0009,	 Accuracy: 856/1000(86%)
Trained Task:9, Loaded task:0, Accuracy:85.6%
Task: 1,	 Epoch: -1/80,	 Avg.loss: 0.0011,	 Accuracy: 711/1000(71%)
Trained Task:9, Loaded task:1, Accuracy:71.1%
Task: 2,	 Epoch: -1/80,	 Avg.loss: 0.0009,	 Accuracy: 746/1000(75%)
Trained Task:9, Loaded task:2, Accuracy:74.6%
Task: 3,	 Epoch: -1/80,	 Avg.loss: 0.0010,	 Accuracy: 706/1000(71%)
Trained Task:9, Loaded task:3, Accuracy:70.6%
Task: 4,	 Epoch: -1/80,	 Avg.loss: 0.0008,	 Accuracy: 774/1000(77%)
Trained Task:9, Loaded task:4, Accuracy:77.4%
Task: 5,	 Epoch: -1/80,	 Avg.loss: 0.0009,	 Accuracy: 728/1000(73%)
Trained Task:9, Loaded task:5, Accuracy:72.8%
Task: 6,	 Epoch: -1/80,	 Avg.loss: 0.0009,	 Accuracy: 703/1000(70%)
Trained Task:9, Loaded task:6, Accuracy:70.3%
Task: 7,	 Epoch: -1/80,	 Avg.loss: 0.0010,	 Accuracy: 683/1000(68%)
Trained Task:9, Loaded task:7, Accuracy:68.3%
Task: 8,	 Epoch: -1/80,	 Avg.loss: 0.0007,	 Accuracy: 767/1000(77%)
Trained Task:9, Loaded task:8, Accuracy:76.7%
Task: 9,	 Epoch: -1/80,	 Avg.loss: 0.0006,	 Accuracy: 818/1000(82%)
Trained Task:9, Loaded task:9, Accuracy:81.8%
Trained Task:9, Avg. Accuracy: 74.9 

List of avg. accuracy: [87.3, 82.8, 80.8, 79.3, 77.4, 77.5, 76.8, 76.8, 77.2, 74.9]
