Layer        : conv1_layer.2.weight
Sum Omega    : 9216.0
W.num_zeros  : 0/9216
F.num_zeros  : 288/9216
O.num_zeros  : 0/9216
Max Fisher   : 1.0
Max Omega    : 1.0
Min Fisher   : 0.0
Min Omega    : 1.0
Max Relevance: 0.0
Layer        : conv2_layer.2.weight
Sum Omega    : 36864.0
W.num_zeros  : 0/36864
F.num_zeros  : 8892/36864
O.num_zeros  : 0/36864
Max Fisher   : 1.0
Max Omega    : 1.0
Min Fisher   : 0.0
Min Omega    : 1.0
Max Relevance: 0.0
Layer        : fc1_layer.0.weight
Sum Omega    : 2097152.0
W.num_zeros  : 0/2097152
F.num_zeros  : 1274461/2097152
O.num_zeros  : 0/2097152
Max Fisher   : 1.0
Max Omega    : 1.0
Min Fisher   : 0.0
Min Omega    : 1.0
Max Relevance: 0.0
Mask histogram conv1_layer.2.weight: 	 tensor([   0., 8192.,    0.,    0.,    0.,    0.,    0.,    0.,    0.,    0.],
       device='cuda:0')
Mask histogram conv2_layer.2.weight: 	 tensor([   0., 4096.,    0.,    0.,    0.,    0.,    0.,    0.,    0.,    0.],
       device='cuda:0')
Mask histogram fc1_layer.0.weight: 	 tensor([256., 256.,   0.,   0.,   0.,   0.,   0.,   0.,   0.,   0.],
       device='cuda:0')
Task: 0,	 Epoch: 0/80,	 Avg.loss: 0.0010,	 Accuracy: 656/1000(66%)
Task: 0,	 Epoch: 1/80,	 Avg.loss: 0.0007,	 Accuracy: 752/1000(75%)
Task: 0,	 Epoch: 2/80,	 Avg.loss: 0.0007,	 Accuracy: 766/1000(77%)
Task: 0,	 Epoch: 3/80,	 Avg.loss: 0.0006,	 Accuracy: 794/1000(79%)
Task: 0,	 Epoch: 4/80,	 Avg.loss: 0.0006,	 Accuracy: 794/1000(79%)
Task: 0,	 Epoch: 5/80,	 Avg.loss: 0.0006,	 Accuracy: 808/1000(81%)
Task: 0,	 Epoch: 6/80,	 Avg.loss: 0.0006,	 Accuracy: 815/1000(82%)
Task: 0,	 Epoch: 7/80,	 Avg.loss: 0.0006,	 Accuracy: 825/1000(83%)
Task: 0,	 Epoch: 8/80,	 Avg.loss: 0.0006,	 Accuracy: 831/1000(83%)
Task: 0,	 Epoch: 9/80,	 Avg.loss: 0.0006,	 Accuracy: 794/1000(79%)
Task: 0,	 Epoch: 10/80,	 Avg.loss: 0.0005,	 Accuracy: 848/1000(85%)
Task: 0,	 Epoch: 11/80,	 Avg.loss: 0.0006,	 Accuracy: 831/1000(83%)
Task: 0,	 Epoch: 12/80,	 Avg.loss: 0.0006,	 Accuracy: 832/1000(83%)
Task: 0,	 Epoch: 13/80,	 Avg.loss: 0.0006,	 Accuracy: 831/1000(83%)
Task: 0,	 Epoch: 14/80,	 Avg.loss: 0.0005,	 Accuracy: 816/1000(82%)
Task: 0,	 Epoch: 15/80,	 Avg.loss: 0.0005,	 Accuracy: 837/1000(84%)
Task: 0,	 Epoch: 16/80,	 Avg.loss: 0.0006,	 Accuracy: 834/1000(83%)
Task: 0,	 Epoch: 17/80,	 Avg.loss: 0.0006,	 Accuracy: 838/1000(84%)
Task: 0,	 Epoch: 18/80,	 Avg.loss: 0.0005,	 Accuracy: 855/1000(86%)
Task: 0,	 Epoch: 19/80,	 Avg.loss: 0.0006,	 Accuracy: 851/1000(85%)
Task: 0,	 Epoch: 20/80,	 Avg.loss: 0.0006,	 Accuracy: 844/1000(84%)
Task: 0,	 Epoch: 21/80,	 Avg.loss: 0.0006,	 Accuracy: 845/1000(85%)
Task: 0,	 Epoch: 22/80,	 Avg.loss: 0.0006,	 Accuracy: 814/1000(81%)
Task: 0,	 Epoch: 23/80,	 Avg.loss: 0.0006,	 Accuracy: 825/1000(83%)
Task: 0,	 Epoch: 24/80,	 Avg.loss: 0.0006,	 Accuracy: 843/1000(84%)
Task: 0,	 Epoch: 25/80,	 Avg.loss: 0.0006,	 Accuracy: 839/1000(84%)
Task: 0,	 Epoch: 26/80,	 Avg.loss: 0.0006,	 Accuracy: 849/1000(85%)
Task: 0,	 Epoch: 27/80,	 Avg.loss: 0.0006,	 Accuracy: 841/1000(84%)
Task: 0,	 Epoch: 28/80,	 Avg.loss: 0.0006,	 Accuracy: 845/1000(85%)
Task: 0,	 Epoch: 29/80,	 Avg.loss: 0.0006,	 Accuracy: 846/1000(85%)
Task: 0,	 Epoch: 30/80,	 Avg.loss: 0.0006,	 Accuracy: 848/1000(85%)
Task: 0,	 Epoch: 31/80,	 Avg.loss: 0.0006,	 Accuracy: 844/1000(84%)
Task: 0,	 Epoch: 32/80,	 Avg.loss: 0.0007,	 Accuracy: 839/1000(84%)
Task: 0,	 Epoch: 33/80,	 Avg.loss: 0.0008,	 Accuracy: 834/1000(83%)
Task: 0,	 Epoch: 34/80,	 Avg.loss: 0.0006,	 Accuracy: 854/1000(85%)
Task: 0,	 Epoch: 35/80,	 Avg.loss: 0.0007,	 Accuracy: 841/1000(84%)
Task: 0,	 Epoch: 36/80,	 Avg.loss: 0.0007,	 Accuracy: 850/1000(85%)
Task: 0,	 Epoch: 37/80,	 Avg.loss: 0.0007,	 Accuracy: 842/1000(84%)
Task: 0,	 Epoch: 38/80,	 Avg.loss: 0.0006,	 Accuracy: 848/1000(85%)
Task: 0,	 Epoch: 39/80,	 Avg.loss: 0.0007,	 Accuracy: 841/1000(84%)
Task: 0,	 Epoch: 40/80,	 Avg.loss: 0.0007,	 Accuracy: 846/1000(85%)
Task: 0,	 Epoch: 41/80,	 Avg.loss: 0.0009,	 Accuracy: 813/1000(81%)
Task: 0,	 Epoch: 42/80,	 Avg.loss: 0.0007,	 Accuracy: 835/1000(84%)
Task: 0,	 Epoch: 43/80,	 Avg.loss: 0.0007,	 Accuracy: 850/1000(85%)
Task: 0,	 Epoch: 44/80,	 Avg.loss: 0.0007,	 Accuracy: 860/1000(86%)
Task: 0,	 Epoch: 45/80,	 Avg.loss: 0.0007,	 Accuracy: 847/1000(85%)
Task: 0,	 Epoch: 46/80,	 Avg.loss: 0.0007,	 Accuracy: 847/1000(85%)
Task: 0,	 Epoch: 47/80,	 Avg.loss: 0.0007,	 Accuracy: 857/1000(86%)
Task: 0,	 Epoch: 48/80,	 Avg.loss: 0.0007,	 Accuracy: 858/1000(86%)
Task: 0,	 Epoch: 49/80,	 Avg.loss: 0.0008,	 Accuracy: 846/1000(85%)
Task: 0,	 Epoch: 50/80,	 Avg.loss: 0.0007,	 Accuracy: 856/1000(86%)
Task: 0,	 Epoch: 51/80,	 Avg.loss: 0.0007,	 Accuracy: 857/1000(86%)
Task: 0,	 Epoch: 52/80,	 Avg.loss: 0.0007,	 Accuracy: 855/1000(86%)
Task: 0,	 Epoch: 53/80,	 Avg.loss: 0.0007,	 Accuracy: 857/1000(86%)
Task: 0,	 Epoch: 54/80,	 Avg.loss: 0.0007,	 Accuracy: 855/1000(86%)
Task: 0,	 Epoch: 55/80,	 Avg.loss: 0.0007,	 Accuracy: 864/1000(86%)
Task: 0,	 Epoch: 56/80,	 Avg.loss: 0.0007,	 Accuracy: 861/1000(86%)
Task: 0,	 Epoch: 57/80,	 Avg.loss: 0.0007,	 Accuracy: 860/1000(86%)
Task: 0,	 Epoch: 58/80,	 Avg.loss: 0.0007,	 Accuracy: 857/1000(86%)
Task: 0,	 Epoch: 59/80,	 Avg.loss: 0.0007,	 Accuracy: 858/1000(86%)
Task: 0,	 Epoch: 60/80,	 Avg.loss: 0.0007,	 Accuracy: 858/1000(86%)
Task: 0,	 Epoch: 61/80,	 Avg.loss: 0.0007,	 Accuracy: 861/1000(86%)
Task: 0,	 Epoch: 62/80,	 Avg.loss: 0.0007,	 Accuracy: 866/1000(87%)
Task: 0,	 Epoch: 63/80,	 Avg.loss: 0.0007,	 Accuracy: 858/1000(86%)
Task: 0,	 Epoch: 64/80,	 Avg.loss: 0.0007,	 Accuracy: 866/1000(87%)
Task: 0,	 Epoch: 65/80,	 Avg.loss: 0.0007,	 Accuracy: 864/1000(86%)
Task: 0,	 Epoch: 66/80,	 Avg.loss: 0.0007,	 Accuracy: 863/1000(86%)
Task: 0,	 Epoch: 67/80,	 Avg.loss: 0.0007,	 Accuracy: 860/1000(86%)
Task: 0,	 Epoch: 68/80,	 Avg.loss: 0.0007,	 Accuracy: 863/1000(86%)
Task: 0,	 Epoch: 69/80,	 Avg.loss: 0.0007,	 Accuracy: 861/1000(86%)
Task: 0,	 Epoch: 70/80,	 Avg.loss: 0.0007,	 Accuracy: 866/1000(87%)
Task: 0,	 Epoch: 71/80,	 Avg.loss: 0.0007,	 Accuracy: 856/1000(86%)
Task: 0,	 Epoch: 72/80,	 Avg.loss: 0.0007,	 Accuracy: 859/1000(86%)
Task: 0,	 Epoch: 73/80,	 Avg.loss: 0.0007,	 Accuracy: 862/1000(86%)
Task: 0,	 Epoch: 74/80,	 Avg.loss: 0.0007,	 Accuracy: 863/1000(86%)
Task: 0,	 Epoch: 75/80,	 Avg.loss: 0.0007,	 Accuracy: 864/1000(86%)
Task: 0,	 Epoch: 76/80,	 Avg.loss: 0.0007,	 Accuracy: 856/1000(86%)
Task: 0,	 Epoch: 77/80,	 Avg.loss: 0.0007,	 Accuracy: 856/1000(86%)
Task: 0,	 Epoch: 78/80,	 Avg.loss: 0.0007,	 Accuracy: 854/1000(85%)
Task: 0,	 Epoch: 79/80,	 Avg.loss: 0.0007,	 Accuracy: 860/1000(86%)
Task: 0,	 Epoch: -1/80,	 Avg.loss: 0.0007,	 Accuracy: 860/1000(86%)
Trained Task:0, Loaded task:0, Accuracy:86.0%
Trained Task:0, Avg. Accuracy: 86.0 

Layer        : conv1_layer.2.weight
Sum Omega    : 816.7772216796875
W.num_zeros  : 0/9216
F.num_zeros  : 288/9216
O.num_zeros  : 288/9216
Max Fisher   : 1.0
Max Omega    : 1.0
Min Fisher   : 0.0
Min Omega    : 0.0
Max Relevance: 0.23198670148849487
Layer        : conv2_layer.2.weight
Sum Omega    : 2389.5029296875
W.num_zeros  : 0/36864
F.num_zeros  : 9216/36864
O.num_zeros  : 9216/36864
Max Fisher   : 1.0
Max Omega    : 1.0
Min Fisher   : 0.0
Min Omega    : 0.0
Max Relevance: 0.4259495735168457
Layer        : fc1_layer.0.weight
Sum Omega    : 49518.22265625
W.num_zeros  : 0/2097152
F.num_zeros  : 1249362/2097152
O.num_zeros  : 1311146/2097152
Max Fisher   : 1.0
Max Omega    : 1.0
Min Fisher   : 0.0
Min Omega    : 0.0
Max Relevance: 0.5756163597106934
Mask histogram conv1_layer.2.weight: 	 tensor([   0.,    0., 8192.,    0.,    0.,    0.,    0.,    0.,    0.,    0.],
       device='cuda:0')
Mask histogram conv2_layer.2.weight: 	 tensor([   0.,    0., 4096.,    0.,    0.,    0.,    0.,    0.,    0.,    0.],
       device='cuda:0')
Mask histogram fc1_layer.0.weight: 	 tensor([ 50., 412.,  50.,   0.,   0.,   0.,   0.,   0.,   0.,   0.],
       device='cuda:0')
Task: 1,	 Epoch: 0/80,	 Avg.loss: 0.0011,	 Accuracy: 623/1000(62%)
Task: 1,	 Epoch: 1/80,	 Avg.loss: 0.0010,	 Accuracy: 637/1000(64%)
Task: 1,	 Epoch: 2/80,	 Avg.loss: 0.0009,	 Accuracy: 659/1000(66%)
Task: 1,	 Epoch: 3/80,	 Avg.loss: 0.0009,	 Accuracy: 685/1000(68%)
Task: 1,	 Epoch: 4/80,	 Avg.loss: 0.0009,	 Accuracy: 687/1000(69%)
Task: 1,	 Epoch: 5/80,	 Avg.loss: 0.0009,	 Accuracy: 682/1000(68%)
Task: 1,	 Epoch: 6/80,	 Avg.loss: 0.0009,	 Accuracy: 688/1000(69%)
Task: 1,	 Epoch: 7/80,	 Avg.loss: 0.0010,	 Accuracy: 663/1000(66%)
Task: 1,	 Epoch: 8/80,	 Avg.loss: 0.0009,	 Accuracy: 700/1000(70%)
Task: 1,	 Epoch: 9/80,	 Avg.loss: 0.0008,	 Accuracy: 705/1000(70%)
Task: 1,	 Epoch: 10/80,	 Avg.loss: 0.0008,	 Accuracy: 712/1000(71%)
Task: 1,	 Epoch: 11/80,	 Avg.loss: 0.0009,	 Accuracy: 718/1000(72%)
Task: 1,	 Epoch: 12/80,	 Avg.loss: 0.0009,	 Accuracy: 713/1000(71%)
Task: 1,	 Epoch: 13/80,	 Avg.loss: 0.0009,	 Accuracy: 695/1000(70%)
Task: 1,	 Epoch: 14/80,	 Avg.loss: 0.0008,	 Accuracy: 709/1000(71%)
Task: 1,	 Epoch: 15/80,	 Avg.loss: 0.0009,	 Accuracy: 718/1000(72%)
Task: 1,	 Epoch: 16/80,	 Avg.loss: 0.0008,	 Accuracy: 737/1000(74%)
Task: 1,	 Epoch: 17/80,	 Avg.loss: 0.0008,	 Accuracy: 730/1000(73%)
Task: 1,	 Epoch: 18/80,	 Avg.loss: 0.0008,	 Accuracy: 736/1000(74%)
Task: 1,	 Epoch: 19/80,	 Avg.loss: 0.0009,	 Accuracy: 712/1000(71%)
Task: 1,	 Epoch: 20/80,	 Avg.loss: 0.0008,	 Accuracy: 739/1000(74%)
Task: 1,	 Epoch: 21/80,	 Avg.loss: 0.0008,	 Accuracy: 729/1000(73%)
Task: 1,	 Epoch: 22/80,	 Avg.loss: 0.0008,	 Accuracy: 731/1000(73%)
Task: 1,	 Epoch: 23/80,	 Avg.loss: 0.0008,	 Accuracy: 723/1000(72%)
Task: 1,	 Epoch: 24/80,	 Avg.loss: 0.0008,	 Accuracy: 725/1000(72%)
Task: 1,	 Epoch: 25/80,	 Avg.loss: 0.0008,	 Accuracy: 745/1000(74%)
Task: 1,	 Epoch: 26/80,	 Avg.loss: 0.0008,	 Accuracy: 736/1000(74%)
Task: 1,	 Epoch: 27/80,	 Avg.loss: 0.0008,	 Accuracy: 742/1000(74%)
Task: 1,	 Epoch: 28/80,	 Avg.loss: 0.0008,	 Accuracy: 740/1000(74%)
Task: 1,	 Epoch: 29/80,	 Avg.loss: 0.0008,	 Accuracy: 743/1000(74%)
Task: 1,	 Epoch: 30/80,	 Avg.loss: 0.0008,	 Accuracy: 743/1000(74%)
Task: 1,	 Epoch: 31/80,	 Avg.loss: 0.0009,	 Accuracy: 741/1000(74%)
Task: 1,	 Epoch: 32/80,	 Avg.loss: 0.0008,	 Accuracy: 746/1000(75%)
Task: 1,	 Epoch: 33/80,	 Avg.loss: 0.0008,	 Accuracy: 749/1000(75%)
Task: 1,	 Epoch: 34/80,	 Avg.loss: 0.0008,	 Accuracy: 754/1000(75%)
Task: 1,	 Epoch: 35/80,	 Avg.loss: 0.0008,	 Accuracy: 749/1000(75%)
Task: 1,	 Epoch: 36/80,	 Avg.loss: 0.0008,	 Accuracy: 736/1000(74%)
Task: 1,	 Epoch: 37/80,	 Avg.loss: 0.0008,	 Accuracy: 744/1000(74%)
Task: 1,	 Epoch: 38/80,	 Avg.loss: 0.0008,	 Accuracy: 747/1000(75%)
Task: 1,	 Epoch: 39/80,	 Avg.loss: 0.0008,	 Accuracy: 753/1000(75%)
Task: 1,	 Epoch: 40/80,	 Avg.loss: 0.0008,	 Accuracy: 752/1000(75%)
Task: 1,	 Epoch: 41/80,	 Avg.loss: 0.0008,	 Accuracy: 743/1000(74%)
Task: 1,	 Epoch: 42/80,	 Avg.loss: 0.0008,	 Accuracy: 746/1000(75%)
Task: 1,	 Epoch: 43/80,	 Avg.loss: 0.0008,	 Accuracy: 757/1000(76%)
Task: 1,	 Epoch: 44/80,	 Avg.loss: 0.0008,	 Accuracy: 753/1000(75%)
Task: 1,	 Epoch: 45/80,	 Avg.loss: 0.0008,	 Accuracy: 755/1000(76%)
Task: 1,	 Epoch: 46/80,	 Avg.loss: 0.0008,	 Accuracy: 742/1000(74%)
Task: 1,	 Epoch: 47/80,	 Avg.loss: 0.0009,	 Accuracy: 741/1000(74%)
Task: 1,	 Epoch: 48/80,	 Avg.loss: 0.0008,	 Accuracy: 741/1000(74%)
Task: 1,	 Epoch: 49/80,	 Avg.loss: 0.0008,	 Accuracy: 759/1000(76%)
Task: 1,	 Epoch: 50/80,	 Avg.loss: 0.0008,	 Accuracy: 762/1000(76%)
Task: 1,	 Epoch: 51/80,	 Avg.loss: 0.0008,	 Accuracy: 760/1000(76%)
Task: 1,	 Epoch: 52/80,	 Avg.loss: 0.0008,	 Accuracy: 763/1000(76%)
Task: 1,	 Epoch: 53/80,	 Avg.loss: 0.0008,	 Accuracy: 762/1000(76%)
Task: 1,	 Epoch: 54/80,	 Avg.loss: 0.0008,	 Accuracy: 757/1000(76%)
Task: 1,	 Epoch: 55/80,	 Avg.loss: 0.0008,	 Accuracy: 758/1000(76%)
Task: 1,	 Epoch: 56/80,	 Avg.loss: 0.0008,	 Accuracy: 758/1000(76%)
Task: 1,	 Epoch: 57/80,	 Avg.loss: 0.0008,	 Accuracy: 761/1000(76%)
Task: 1,	 Epoch: 58/80,	 Avg.loss: 0.0008,	 Accuracy: 764/1000(76%)
Task: 1,	 Epoch: 59/80,	 Avg.loss: 0.0008,	 Accuracy: 760/1000(76%)
Task: 1,	 Epoch: 60/80,	 Avg.loss: 0.0008,	 Accuracy: 756/1000(76%)
Task: 1,	 Epoch: 61/80,	 Avg.loss: 0.0008,	 Accuracy: 758/1000(76%)
Task: 1,	 Epoch: 62/80,	 Avg.loss: 0.0008,	 Accuracy: 757/1000(76%)
Task: 1,	 Epoch: 63/80,	 Avg.loss: 0.0008,	 Accuracy: 761/1000(76%)
Task: 1,	 Epoch: 64/80,	 Avg.loss: 0.0008,	 Accuracy: 762/1000(76%)
Task: 1,	 Epoch: 65/80,	 Avg.loss: 0.0008,	 Accuracy: 760/1000(76%)
Task: 1,	 Epoch: 66/80,	 Avg.loss: 0.0008,	 Accuracy: 758/1000(76%)
Task: 1,	 Epoch: 67/80,	 Avg.loss: 0.0008,	 Accuracy: 757/1000(76%)
Task: 1,	 Epoch: 68/80,	 Avg.loss: 0.0008,	 Accuracy: 762/1000(76%)
Task: 1,	 Epoch: 69/80,	 Avg.loss: 0.0008,	 Accuracy: 764/1000(76%)
Task: 1,	 Epoch: 70/80,	 Avg.loss: 0.0008,	 Accuracy: 762/1000(76%)
Task: 1,	 Epoch: 71/80,	 Avg.loss: 0.0008,	 Accuracy: 762/1000(76%)
Task: 1,	 Epoch: 72/80,	 Avg.loss: 0.0008,	 Accuracy: 762/1000(76%)
Task: 1,	 Epoch: 73/80,	 Avg.loss: 0.0008,	 Accuracy: 760/1000(76%)
Task: 1,	 Epoch: 74/80,	 Avg.loss: 0.0008,	 Accuracy: 759/1000(76%)
Task: 1,	 Epoch: 75/80,	 Avg.loss: 0.0008,	 Accuracy: 758/1000(76%)
Task: 1,	 Epoch: 76/80,	 Avg.loss: 0.0008,	 Accuracy: 757/1000(76%)
Task: 1,	 Epoch: 77/80,	 Avg.loss: 0.0008,	 Accuracy: 765/1000(76%)
Task: 1,	 Epoch: 78/80,	 Avg.loss: 0.0008,	 Accuracy: 761/1000(76%)
Task: 1,	 Epoch: 79/80,	 Avg.loss: 0.0008,	 Accuracy: 763/1000(76%)
Task: 0,	 Epoch: -1/80,	 Avg.loss: 0.0008,	 Accuracy: 858/1000(86%)
Trained Task:1, Loaded task:0, Accuracy:85.8%
Task: 1,	 Epoch: -1/80,	 Avg.loss: 0.0008,	 Accuracy: 763/1000(76%)
Trained Task:1, Loaded task:1, Accuracy:76.3%
Trained Task:1, Avg. Accuracy: 81.1 

Layer        : conv1_layer.2.weight
Sum Omega    : 817.403076171875
W.num_zeros  : 0/9216
F.num_zeros  : 288/9216
O.num_zeros  : 288/9216
Max Fisher   : 1.0
Max Omega    : 1.0
Min Fisher   : 0.0
Min Omega    : 0.0
Max Relevance: 0.6896194219589233
Layer        : conv2_layer.2.weight
Sum Omega    : 2724.130859375
W.num_zeros  : 0/36864
F.num_zeros  : 8640/36864
O.num_zeros  : 8640/36864
Max Fisher   : 1.0
Max Omega    : 1.0
Min Fisher   : 0.0
Min Omega    : 0.0
Max Relevance: 0.7430328726768494
Layer        : fc1_layer.0.weight
Sum Omega    : 18086.986328125
W.num_zeros  : 0/2097152
F.num_zeros  : 1216004/2097152
O.num_zeros  : 1228705/2097152
Max Fisher   : 1.0
Max Omega    : 1.0
Min Fisher   : 0.0
Min Omega    : 0.0
Max Relevance: 0.9469054937362671
Mask histogram conv1_layer.2.weight: 	 tensor([   0.,    0.,    0., 8192.,    0.,    0.,    0.,    0.,    0.,    0.],
       device='cuda:0')
Mask histogram conv2_layer.2.weight: 	 tensor([   0.,    0.,    0., 4096.,    0.,    0.,    0.,    0.,    0.,    0.],
       device='cuda:0')
Mask histogram fc1_layer.0.weight: 	 tensor([ 50., 197., 224.,  41.,   0.,   0.,   0.,   0.,   0.,   0.],
       device='cuda:0')
Task: 2,	 Epoch: 0/80,	 Avg.loss: 0.0011,	 Accuracy: 654/1000(65%)
Task: 2,	 Epoch: 1/80,	 Avg.loss: 0.0010,	 Accuracy: 706/1000(71%)
Task: 2,	 Epoch: 2/80,	 Avg.loss: 0.0009,	 Accuracy: 700/1000(70%)
Task: 2,	 Epoch: 3/80,	 Avg.loss: 0.0009,	 Accuracy: 713/1000(71%)
Task: 2,	 Epoch: 4/80,	 Avg.loss: 0.0009,	 Accuracy: 726/1000(73%)
Task: 2,	 Epoch: 5/80,	 Avg.loss: 0.0009,	 Accuracy: 750/1000(75%)
Task: 2,	 Epoch: 6/80,	 Avg.loss: 0.0008,	 Accuracy: 750/1000(75%)
Task: 2,	 Epoch: 7/80,	 Avg.loss: 0.0008,	 Accuracy: 737/1000(74%)
Task: 2,	 Epoch: 8/80,	 Avg.loss: 0.0008,	 Accuracy: 746/1000(75%)
Task: 2,	 Epoch: 9/80,	 Avg.loss: 0.0008,	 Accuracy: 739/1000(74%)
Task: 2,	 Epoch: 10/80,	 Avg.loss: 0.0008,	 Accuracy: 748/1000(75%)
Task: 2,	 Epoch: 11/80,	 Avg.loss: 0.0008,	 Accuracy: 753/1000(75%)
Task: 2,	 Epoch: 12/80,	 Avg.loss: 0.0008,	 Accuracy: 746/1000(75%)
Task: 2,	 Epoch: 13/80,	 Avg.loss: 0.0008,	 Accuracy: 745/1000(74%)
Task: 2,	 Epoch: 14/80,	 Avg.loss: 0.0008,	 Accuracy: 754/1000(75%)
Task: 2,	 Epoch: 15/80,	 Avg.loss: 0.0008,	 Accuracy: 777/1000(78%)
Task: 2,	 Epoch: 16/80,	 Avg.loss: 0.0008,	 Accuracy: 763/1000(76%)
Task: 2,	 Epoch: 17/80,	 Avg.loss: 0.0008,	 Accuracy: 770/1000(77%)
Task: 2,	 Epoch: 18/80,	 Avg.loss: 0.0008,	 Accuracy: 766/1000(77%)
Task: 2,	 Epoch: 19/80,	 Avg.loss: 0.0008,	 Accuracy: 766/1000(77%)
Task: 2,	 Epoch: 20/80,	 Avg.loss: 0.0008,	 Accuracy: 781/1000(78%)
Task: 2,	 Epoch: 21/80,	 Avg.loss: 0.0008,	 Accuracy: 779/1000(78%)
Task: 2,	 Epoch: 22/80,	 Avg.loss: 0.0008,	 Accuracy: 758/1000(76%)
Task: 2,	 Epoch: 23/80,	 Avg.loss: 0.0008,	 Accuracy: 775/1000(78%)
Task: 2,	 Epoch: 24/80,	 Avg.loss: 0.0008,	 Accuracy: 768/1000(77%)
Task: 2,	 Epoch: 25/80,	 Avg.loss: 0.0008,	 Accuracy: 771/1000(77%)
Task: 2,	 Epoch: 26/80,	 Avg.loss: 0.0008,	 Accuracy: 768/1000(77%)
Task: 2,	 Epoch: 27/80,	 Avg.loss: 0.0008,	 Accuracy: 756/1000(76%)
Task: 2,	 Epoch: 28/80,	 Avg.loss: 0.0009,	 Accuracy: 767/1000(77%)
Task: 2,	 Epoch: 29/80,	 Avg.loss: 0.0008,	 Accuracy: 768/1000(77%)
Task: 2,	 Epoch: 30/80,	 Avg.loss: 0.0008,	 Accuracy: 764/1000(76%)
Task: 2,	 Epoch: 31/80,	 Avg.loss: 0.0008,	 Accuracy: 760/1000(76%)
Task: 2,	 Epoch: 32/80,	 Avg.loss: 0.0008,	 Accuracy: 780/1000(78%)
Task: 2,	 Epoch: 33/80,	 Avg.loss: 0.0008,	 Accuracy: 774/1000(77%)
Task: 2,	 Epoch: 34/80,	 Avg.loss: 0.0008,	 Accuracy: 764/1000(76%)
Task: 2,	 Epoch: 35/80,	 Avg.loss: 0.0008,	 Accuracy: 774/1000(77%)
Task: 2,	 Epoch: 36/80,	 Avg.loss: 0.0008,	 Accuracy: 762/1000(76%)
Task: 2,	 Epoch: 37/80,	 Avg.loss: 0.0008,	 Accuracy: 764/1000(76%)
Task: 2,	 Epoch: 38/80,	 Avg.loss: 0.0008,	 Accuracy: 769/1000(77%)
Task: 2,	 Epoch: 39/80,	 Avg.loss: 0.0008,	 Accuracy: 766/1000(77%)
Task: 2,	 Epoch: 40/80,	 Avg.loss: 0.0008,	 Accuracy: 760/1000(76%)
Task: 2,	 Epoch: 41/80,	 Avg.loss: 0.0008,	 Accuracy: 779/1000(78%)
Task: 2,	 Epoch: 42/80,	 Avg.loss: 0.0008,	 Accuracy: 771/1000(77%)
Task: 2,	 Epoch: 43/80,	 Avg.loss: 0.0008,	 Accuracy: 755/1000(76%)
Task: 2,	 Epoch: 44/80,	 Avg.loss: 0.0007,	 Accuracy: 778/1000(78%)
Task: 2,	 Epoch: 45/80,	 Avg.loss: 0.0008,	 Accuracy: 778/1000(78%)
Task: 2,	 Epoch: 46/80,	 Avg.loss: 0.0008,	 Accuracy: 783/1000(78%)
Task: 2,	 Epoch: 47/80,	 Avg.loss: 0.0008,	 Accuracy: 782/1000(78%)
Task: 2,	 Epoch: 48/80,	 Avg.loss: 0.0008,	 Accuracy: 769/1000(77%)
Task: 2,	 Epoch: 49/80,	 Avg.loss: 0.0008,	 Accuracy: 779/1000(78%)
Task: 2,	 Epoch: 50/80,	 Avg.loss: 0.0007,	 Accuracy: 788/1000(79%)
Task: 2,	 Epoch: 51/80,	 Avg.loss: 0.0007,	 Accuracy: 790/1000(79%)
Task: 2,	 Epoch: 52/80,	 Avg.loss: 0.0007,	 Accuracy: 793/1000(79%)
Task: 2,	 Epoch: 53/80,	 Avg.loss: 0.0007,	 Accuracy: 788/1000(79%)
Task: 2,	 Epoch: 54/80,	 Avg.loss: 0.0007,	 Accuracy: 790/1000(79%)
Task: 2,	 Epoch: 55/80,	 Avg.loss: 0.0007,	 Accuracy: 791/1000(79%)
Task: 2,	 Epoch: 56/80,	 Avg.loss: 0.0007,	 Accuracy: 790/1000(79%)
Task: 2,	 Epoch: 57/80,	 Avg.loss: 0.0007,	 Accuracy: 790/1000(79%)
Task: 2,	 Epoch: 58/80,	 Avg.loss: 0.0007,	 Accuracy: 786/1000(79%)
Task: 2,	 Epoch: 59/80,	 Avg.loss: 0.0007,	 Accuracy: 788/1000(79%)
Task: 2,	 Epoch: 60/80,	 Avg.loss: 0.0007,	 Accuracy: 792/1000(79%)
Task: 2,	 Epoch: 61/80,	 Avg.loss: 0.0007,	 Accuracy: 793/1000(79%)
Task: 2,	 Epoch: 62/80,	 Avg.loss: 0.0007,	 Accuracy: 790/1000(79%)
Task: 2,	 Epoch: 63/80,	 Avg.loss: 0.0007,	 Accuracy: 792/1000(79%)
Task: 2,	 Epoch: 64/80,	 Avg.loss: 0.0007,	 Accuracy: 793/1000(79%)
Task: 2,	 Epoch: 65/80,	 Avg.loss: 0.0007,	 Accuracy: 791/1000(79%)
Task: 2,	 Epoch: 66/80,	 Avg.loss: 0.0007,	 Accuracy: 788/1000(79%)
Task: 2,	 Epoch: 67/80,	 Avg.loss: 0.0007,	 Accuracy: 786/1000(79%)
Task: 2,	 Epoch: 68/80,	 Avg.loss: 0.0007,	 Accuracy: 782/1000(78%)
Task: 2,	 Epoch: 69/80,	 Avg.loss: 0.0007,	 Accuracy: 789/1000(79%)
Task: 2,	 Epoch: 70/80,	 Avg.loss: 0.0007,	 Accuracy: 787/1000(79%)
Task: 2,	 Epoch: 71/80,	 Avg.loss: 0.0007,	 Accuracy: 789/1000(79%)
Task: 2,	 Epoch: 72/80,	 Avg.loss: 0.0007,	 Accuracy: 785/1000(78%)
Task: 2,	 Epoch: 73/80,	 Avg.loss: 0.0007,	 Accuracy: 786/1000(79%)
Task: 2,	 Epoch: 74/80,	 Avg.loss: 0.0007,	 Accuracy: 789/1000(79%)
Task: 2,	 Epoch: 75/80,	 Avg.loss: 0.0007,	 Accuracy: 791/1000(79%)
Task: 2,	 Epoch: 76/80,	 Avg.loss: 0.0007,	 Accuracy: 788/1000(79%)
Task: 2,	 Epoch: 77/80,	 Avg.loss: 0.0007,	 Accuracy: 787/1000(79%)
Task: 2,	 Epoch: 78/80,	 Avg.loss: 0.0007,	 Accuracy: 790/1000(79%)
Task: 2,	 Epoch: 79/80,	 Avg.loss: 0.0007,	 Accuracy: 788/1000(79%)
Task: 0,	 Epoch: -1/80,	 Avg.loss: 0.0008,	 Accuracy: 845/1000(85%)
Trained Task:2, Loaded task:0, Accuracy:84.5%
Task: 1,	 Epoch: -1/80,	 Avg.loss: 0.0008,	 Accuracy: 760/1000(76%)
Trained Task:2, Loaded task:1, Accuracy:76.0%
Task: 2,	 Epoch: -1/80,	 Avg.loss: 0.0007,	 Accuracy: 788/1000(79%)
Trained Task:2, Loaded task:2, Accuracy:78.8%
Trained Task:2, Avg. Accuracy: 79.8 

Layer        : conv1_layer.2.weight
Sum Omega    : 887.2093505859375
W.num_zeros  : 0/9216
F.num_zeros  : 288/9216
O.num_zeros  : 288/9216
Max Fisher   : 1.0
Max Omega    : 1.0
Min Fisher   : 0.0
Min Omega    : 0.0
Max Relevance: 0.6815025210380554
Layer        : conv2_layer.2.weight
Sum Omega    : 2714.4794921875
W.num_zeros  : 0/36864
F.num_zeros  : 8640/36864
O.num_zeros  : 8640/36864
Max Fisher   : 1.0
Max Omega    : 1.0
Min Fisher   : 0.0
Min Omega    : 0.0
Max Relevance: 0.5907825231552124
Layer        : fc1_layer.0.weight
Sum Omega    : 20935.96484375
W.num_zeros  : 0/2097152
F.num_zeros  : 1209723/2097152
O.num_zeros  : 1216540/2097152
Max Fisher   : 1.0
Max Omega    : 1.0
Min Fisher   : 0.0
Min Omega    : 0.0
Max Relevance: 0.8615307807922363
Mask histogram conv1_layer.2.weight: 	 tensor([   0.,    0.,    0.,    0., 8192.,    0.,    0.,    0.,    0.,    0.],
       device='cuda:0')
Mask histogram conv2_layer.2.weight: 	 tensor([   0.,    0.,    0.,    0., 4096.,    0.,    0.,    0.,    0.,    0.],
       device='cuda:0')
Mask histogram fc1_layer.0.weight: 	 tensor([ 45., 128., 154., 152.,  33.,   0.,   0.,   0.,   0.,   0.],
       device='cuda:0')
Task: 3,	 Epoch: 0/80,	 Avg.loss: 0.0013,	 Accuracy: 553/1000(55%)
Task: 3,	 Epoch: 1/80,	 Avg.loss: 0.0011,	 Accuracy: 628/1000(63%)
Task: 3,	 Epoch: 2/80,	 Avg.loss: 0.0011,	 Accuracy: 633/1000(63%)
Task: 3,	 Epoch: 3/80,	 Avg.loss: 0.0011,	 Accuracy: 650/1000(65%)
Task: 3,	 Epoch: 4/80,	 Avg.loss: 0.0010,	 Accuracy: 646/1000(65%)
Task: 3,	 Epoch: 5/80,	 Avg.loss: 0.0010,	 Accuracy: 664/1000(66%)
Task: 3,	 Epoch: 6/80,	 Avg.loss: 0.0011,	 Accuracy: 621/1000(62%)
Task: 3,	 Epoch: 7/80,	 Avg.loss: 0.0010,	 Accuracy: 677/1000(68%)
Task: 3,	 Epoch: 8/80,	 Avg.loss: 0.0009,	 Accuracy: 692/1000(69%)
Task: 3,	 Epoch: 9/80,	 Avg.loss: 0.0009,	 Accuracy: 698/1000(70%)
Task: 3,	 Epoch: 10/80,	 Avg.loss: 0.0010,	 Accuracy: 657/1000(66%)
Task: 3,	 Epoch: 11/80,	 Avg.loss: 0.0009,	 Accuracy: 689/1000(69%)
Task: 3,	 Epoch: 12/80,	 Avg.loss: 0.0009,	 Accuracy: 716/1000(72%)
Task: 3,	 Epoch: 13/80,	 Avg.loss: 0.0009,	 Accuracy: 702/1000(70%)
Task: 3,	 Epoch: 14/80,	 Avg.loss: 0.0009,	 Accuracy: 717/1000(72%)
Task: 3,	 Epoch: 15/80,	 Avg.loss: 0.0008,	 Accuracy: 724/1000(72%)
Task: 3,	 Epoch: 16/80,	 Avg.loss: 0.0008,	 Accuracy: 734/1000(73%)
Task: 3,	 Epoch: 17/80,	 Avg.loss: 0.0008,	 Accuracy: 733/1000(73%)
Task: 3,	 Epoch: 18/80,	 Avg.loss: 0.0008,	 Accuracy: 737/1000(74%)
Task: 3,	 Epoch: 19/80,	 Avg.loss: 0.0008,	 Accuracy: 733/1000(73%)
Task: 3,	 Epoch: 20/80,	 Avg.loss: 0.0008,	 Accuracy: 725/1000(72%)
Task: 3,	 Epoch: 21/80,	 Avg.loss: 0.0009,	 Accuracy: 703/1000(70%)
Task: 3,	 Epoch: 22/80,	 Avg.loss: 0.0008,	 Accuracy: 741/1000(74%)
Task: 3,	 Epoch: 23/80,	 Avg.loss: 0.0009,	 Accuracy: 721/1000(72%)
Task: 3,	 Epoch: 24/80,	 Avg.loss: 0.0009,	 Accuracy: 718/1000(72%)
Task: 3,	 Epoch: 25/80,	 Avg.loss: 0.0008,	 Accuracy: 727/1000(73%)
Task: 3,	 Epoch: 26/80,	 Avg.loss: 0.0008,	 Accuracy: 743/1000(74%)
Task: 3,	 Epoch: 27/80,	 Avg.loss: 0.0008,	 Accuracy: 750/1000(75%)
Task: 3,	 Epoch: 28/80,	 Avg.loss: 0.0009,	 Accuracy: 721/1000(72%)
Task: 3,	 Epoch: 29/80,	 Avg.loss: 0.0009,	 Accuracy: 730/1000(73%)
Task: 3,	 Epoch: 30/80,	 Avg.loss: 0.0008,	 Accuracy: 741/1000(74%)
Task: 3,	 Epoch: 31/80,	 Avg.loss: 0.0008,	 Accuracy: 735/1000(74%)
Task: 3,	 Epoch: 32/80,	 Avg.loss: 0.0009,	 Accuracy: 692/1000(69%)
Task: 3,	 Epoch: 33/80,	 Avg.loss: 0.0008,	 Accuracy: 732/1000(73%)
Task: 3,	 Epoch: 34/80,	 Avg.loss: 0.0008,	 Accuracy: 734/1000(73%)
Task: 3,	 Epoch: 35/80,	 Avg.loss: 0.0008,	 Accuracy: 735/1000(74%)
Task: 3,	 Epoch: 36/80,	 Avg.loss: 0.0008,	 Accuracy: 739/1000(74%)
Task: 3,	 Epoch: 37/80,	 Avg.loss: 0.0008,	 Accuracy: 730/1000(73%)
Task: 3,	 Epoch: 38/80,	 Avg.loss: 0.0008,	 Accuracy: 736/1000(74%)
Task: 3,	 Epoch: 39/80,	 Avg.loss: 0.0009,	 Accuracy: 727/1000(73%)
Task: 3,	 Epoch: 40/80,	 Avg.loss: 0.0009,	 Accuracy: 738/1000(74%)
Task: 3,	 Epoch: 41/80,	 Avg.loss: 0.0008,	 Accuracy: 744/1000(74%)
Task: 3,	 Epoch: 42/80,	 Avg.loss: 0.0008,	 Accuracy: 737/1000(74%)
Task: 3,	 Epoch: 43/80,	 Avg.loss: 0.0009,	 Accuracy: 729/1000(73%)
Task: 3,	 Epoch: 44/80,	 Avg.loss: 0.0008,	 Accuracy: 754/1000(75%)
Task: 3,	 Epoch: 45/80,	 Avg.loss: 0.0008,	 Accuracy: 736/1000(74%)
Task: 3,	 Epoch: 46/80,	 Avg.loss: 0.0008,	 Accuracy: 722/1000(72%)
Task: 3,	 Epoch: 47/80,	 Avg.loss: 0.0009,	 Accuracy: 724/1000(72%)
Task: 3,	 Epoch: 48/80,	 Avg.loss: 0.0008,	 Accuracy: 743/1000(74%)
Task: 3,	 Epoch: 49/80,	 Avg.loss: 0.0008,	 Accuracy: 734/1000(73%)
Task: 3,	 Epoch: 50/80,	 Avg.loss: 0.0008,	 Accuracy: 754/1000(75%)
Task: 3,	 Epoch: 51/80,	 Avg.loss: 0.0008,	 Accuracy: 760/1000(76%)
Task: 3,	 Epoch: 52/80,	 Avg.loss: 0.0008,	 Accuracy: 755/1000(76%)
Task: 3,	 Epoch: 53/80,	 Avg.loss: 0.0008,	 Accuracy: 755/1000(76%)
Task: 3,	 Epoch: 54/80,	 Avg.loss: 0.0008,	 Accuracy: 751/1000(75%)
Task: 3,	 Epoch: 55/80,	 Avg.loss: 0.0008,	 Accuracy: 756/1000(76%)
Task: 3,	 Epoch: 56/80,	 Avg.loss: 0.0008,	 Accuracy: 755/1000(76%)
Task: 3,	 Epoch: 57/80,	 Avg.loss: 0.0008,	 Accuracy: 756/1000(76%)
Task: 3,	 Epoch: 58/80,	 Avg.loss: 0.0008,	 Accuracy: 757/1000(76%)
Task: 3,	 Epoch: 59/80,	 Avg.loss: 0.0008,	 Accuracy: 758/1000(76%)
Task: 3,	 Epoch: 60/80,	 Avg.loss: 0.0008,	 Accuracy: 756/1000(76%)
Task: 3,	 Epoch: 61/80,	 Avg.loss: 0.0008,	 Accuracy: 761/1000(76%)
Task: 3,	 Epoch: 62/80,	 Avg.loss: 0.0008,	 Accuracy: 758/1000(76%)
Task: 3,	 Epoch: 63/80,	 Avg.loss: 0.0008,	 Accuracy: 763/1000(76%)
Task: 3,	 Epoch: 64/80,	 Avg.loss: 0.0008,	 Accuracy: 756/1000(76%)
Task: 3,	 Epoch: 65/80,	 Avg.loss: 0.0008,	 Accuracy: 752/1000(75%)
Task: 3,	 Epoch: 66/80,	 Avg.loss: 0.0008,	 Accuracy: 758/1000(76%)
Task: 3,	 Epoch: 67/80,	 Avg.loss: 0.0008,	 Accuracy: 755/1000(76%)
Task: 3,	 Epoch: 68/80,	 Avg.loss: 0.0008,	 Accuracy: 756/1000(76%)
Task: 3,	 Epoch: 69/80,	 Avg.loss: 0.0008,	 Accuracy: 761/1000(76%)
Task: 3,	 Epoch: 70/80,	 Avg.loss: 0.0008,	 Accuracy: 759/1000(76%)
Task: 3,	 Epoch: 71/80,	 Avg.loss: 0.0008,	 Accuracy: 760/1000(76%)
Task: 3,	 Epoch: 72/80,	 Avg.loss: 0.0008,	 Accuracy: 754/1000(75%)
Task: 3,	 Epoch: 73/80,	 Avg.loss: 0.0008,	 Accuracy: 760/1000(76%)
Task: 3,	 Epoch: 74/80,	 Avg.loss: 0.0008,	 Accuracy: 759/1000(76%)
Task: 3,	 Epoch: 75/80,	 Avg.loss: 0.0008,	 Accuracy: 757/1000(76%)
Task: 3,	 Epoch: 76/80,	 Avg.loss: 0.0008,	 Accuracy: 757/1000(76%)
Task: 3,	 Epoch: 77/80,	 Avg.loss: 0.0008,	 Accuracy: 760/1000(76%)
Task: 3,	 Epoch: 78/80,	 Avg.loss: 0.0008,	 Accuracy: 758/1000(76%)
Task: 3,	 Epoch: 79/80,	 Avg.loss: 0.0008,	 Accuracy: 761/1000(76%)
Task: 0,	 Epoch: -1/80,	 Avg.loss: 0.0010,	 Accuracy: 832/1000(83%)
Trained Task:3, Loaded task:0, Accuracy:83.2%
Task: 1,	 Epoch: -1/80,	 Avg.loss: 0.0010,	 Accuracy: 718/1000(72%)
Trained Task:3, Loaded task:1, Accuracy:71.8%
Task: 2,	 Epoch: -1/80,	 Avg.loss: 0.0009,	 Accuracy: 752/1000(75%)
Trained Task:3, Loaded task:2, Accuracy:75.2%
Task: 3,	 Epoch: -1/80,	 Avg.loss: 0.0008,	 Accuracy: 761/1000(76%)
Trained Task:3, Loaded task:3, Accuracy:76.1%
Trained Task:3, Avg. Accuracy: 76.6 

Layer        : conv1_layer.2.weight
Sum Omega    : 887.5979614257812
W.num_zeros  : 0/9216
F.num_zeros  : 288/9216
O.num_zeros  : 288/9216
Max Fisher   : 1.0
Max Omega    : 1.0
Min Fisher   : 0.0
Min Omega    : 0.0
Max Relevance: 0.5296841859817505
Layer        : conv2_layer.2.weight
Sum Omega    : 2903.847900390625
W.num_zeros  : 0/36864
F.num_zeros  : 8017/36864
O.num_zeros  : 8064/36864
Max Fisher   : 1.0
Max Omega    : 1.0
Min Fisher   : 0.0
Min Omega    : 0.0
Max Relevance: 0.8836595416069031
Layer        : fc1_layer.0.weight
Sum Omega    : 19428.83203125
W.num_zeros  : 0/2097152
F.num_zeros  : 1178235/2097152
O.num_zeros  : 1198044/2097152
Max Fisher   : 1.0
Max Omega    : 1.0
Min Fisher   : 0.0
Min Omega    : 0.0
Max Relevance: 0.9259045720100403
Mask histogram conv1_layer.2.weight: 	 tensor([   0.,    0.,    0.,    0.,    0., 8192.,    0.,    0.,    0.,    0.],
       device='cuda:0')
Mask histogram conv2_layer.2.weight: 	 tensor([   0.,    0.,    0.,    0.,    0., 4096.,    0.,    0.,    0.,    0.],
       device='cuda:0')
Mask histogram fc1_layer.0.weight: 	 tensor([  7., 160.,  96.,  87., 143.,  19.,   0.,   0.,   0.,   0.],
       device='cuda:0')
Task: 4,	 Epoch: 0/80,	 Avg.loss: 0.0012,	 Accuracy: 602/1000(60%)
Task: 4,	 Epoch: 1/80,	 Avg.loss: 0.0011,	 Accuracy: 630/1000(63%)
Task: 4,	 Epoch: 2/80,	 Avg.loss: 0.0010,	 Accuracy: 658/1000(66%)
Task: 4,	 Epoch: 3/80,	 Avg.loss: 0.0010,	 Accuracy: 663/1000(66%)
Task: 4,	 Epoch: 4/80,	 Avg.loss: 0.0010,	 Accuracy: 675/1000(68%)
Task: 4,	 Epoch: 5/80,	 Avg.loss: 0.0009,	 Accuracy: 674/1000(67%)
Task: 4,	 Epoch: 6/80,	 Avg.loss: 0.0009,	 Accuracy: 676/1000(68%)
Task: 4,	 Epoch: 7/80,	 Avg.loss: 0.0009,	 Accuracy: 685/1000(68%)
Task: 4,	 Epoch: 8/80,	 Avg.loss: 0.0009,	 Accuracy: 690/1000(69%)
Task: 4,	 Epoch: 9/80,	 Avg.loss: 0.0009,	 Accuracy: 679/1000(68%)
Task: 4,	 Epoch: 10/80,	 Avg.loss: 0.0009,	 Accuracy: 709/1000(71%)
Task: 4,	 Epoch: 11/80,	 Avg.loss: 0.0009,	 Accuracy: 700/1000(70%)
Task: 4,	 Epoch: 12/80,	 Avg.loss: 0.0009,	 Accuracy: 714/1000(71%)
Task: 4,	 Epoch: 13/80,	 Avg.loss: 0.0009,	 Accuracy: 685/1000(68%)
Task: 4,	 Epoch: 14/80,	 Avg.loss: 0.0009,	 Accuracy: 699/1000(70%)
Task: 4,	 Epoch: 15/80,	 Avg.loss: 0.0009,	 Accuracy: 703/1000(70%)
Task: 4,	 Epoch: 16/80,	 Avg.loss: 0.0008,	 Accuracy: 731/1000(73%)
Task: 4,	 Epoch: 17/80,	 Avg.loss: 0.0008,	 Accuracy: 736/1000(74%)
Task: 4,	 Epoch: 18/80,	 Avg.loss: 0.0009,	 Accuracy: 698/1000(70%)
Task: 4,	 Epoch: 19/80,	 Avg.loss: 0.0009,	 Accuracy: 725/1000(72%)
Task: 4,	 Epoch: 20/80,	 Avg.loss: 0.0008,	 Accuracy: 731/1000(73%)
Task: 4,	 Epoch: 21/80,	 Avg.loss: 0.0008,	 Accuracy: 726/1000(73%)
Task: 4,	 Epoch: 22/80,	 Avg.loss: 0.0008,	 Accuracy: 720/1000(72%)
Task: 4,	 Epoch: 23/80,	 Avg.loss: 0.0008,	 Accuracy: 732/1000(73%)
Task: 4,	 Epoch: 24/80,	 Avg.loss: 0.0008,	 Accuracy: 731/1000(73%)
Task: 4,	 Epoch: 25/80,	 Avg.loss: 0.0009,	 Accuracy: 707/1000(71%)
Task: 4,	 Epoch: 26/80,	 Avg.loss: 0.0008,	 Accuracy: 742/1000(74%)
Task: 4,	 Epoch: 27/80,	 Avg.loss: 0.0008,	 Accuracy: 732/1000(73%)
Task: 4,	 Epoch: 28/80,	 Avg.loss: 0.0008,	 Accuracy: 740/1000(74%)
Task: 4,	 Epoch: 29/80,	 Avg.loss: 0.0008,	 Accuracy: 731/1000(73%)
Task: 4,	 Epoch: 30/80,	 Avg.loss: 0.0008,	 Accuracy: 739/1000(74%)
Task: 4,	 Epoch: 31/80,	 Avg.loss: 0.0008,	 Accuracy: 742/1000(74%)
Task: 4,	 Epoch: 32/80,	 Avg.loss: 0.0008,	 Accuracy: 749/1000(75%)
Task: 4,	 Epoch: 33/80,	 Avg.loss: 0.0008,	 Accuracy: 742/1000(74%)
Task: 4,	 Epoch: 34/80,	 Avg.loss: 0.0008,	 Accuracy: 743/1000(74%)
Task: 4,	 Epoch: 35/80,	 Avg.loss: 0.0008,	 Accuracy: 745/1000(74%)
Task: 4,	 Epoch: 36/80,	 Avg.loss: 0.0008,	 Accuracy: 721/1000(72%)
Task: 4,	 Epoch: 37/80,	 Avg.loss: 0.0009,	 Accuracy: 713/1000(71%)
Task: 4,	 Epoch: 38/80,	 Avg.loss: 0.0008,	 Accuracy: 730/1000(73%)
Task: 4,	 Epoch: 39/80,	 Avg.loss: 0.0008,	 Accuracy: 740/1000(74%)
Task: 4,	 Epoch: 40/80,	 Avg.loss: 0.0008,	 Accuracy: 725/1000(72%)
Task: 4,	 Epoch: 41/80,	 Avg.loss: 0.0009,	 Accuracy: 723/1000(72%)
Task: 4,	 Epoch: 42/80,	 Avg.loss: 0.0008,	 Accuracy: 730/1000(73%)
Task: 4,	 Epoch: 43/80,	 Avg.loss: 0.0009,	 Accuracy: 729/1000(73%)
Task: 4,	 Epoch: 44/80,	 Avg.loss: 0.0008,	 Accuracy: 745/1000(74%)
Task: 4,	 Epoch: 45/80,	 Avg.loss: 0.0008,	 Accuracy: 745/1000(74%)
Task: 4,	 Epoch: 46/80,	 Avg.loss: 0.0008,	 Accuracy: 746/1000(75%)
Task: 4,	 Epoch: 47/80,	 Avg.loss: 0.0008,	 Accuracy: 736/1000(74%)
Task: 4,	 Epoch: 48/80,	 Avg.loss: 0.0008,	 Accuracy: 744/1000(74%)
Task: 4,	 Epoch: 49/80,	 Avg.loss: 0.0008,	 Accuracy: 738/1000(74%)
Task: 4,	 Epoch: 50/80,	 Avg.loss: 0.0008,	 Accuracy: 757/1000(76%)
Task: 4,	 Epoch: 51/80,	 Avg.loss: 0.0008,	 Accuracy: 754/1000(75%)
Task: 4,	 Epoch: 52/80,	 Avg.loss: 0.0008,	 Accuracy: 756/1000(76%)
Task: 4,	 Epoch: 53/80,	 Avg.loss: 0.0008,	 Accuracy: 752/1000(75%)
Task: 4,	 Epoch: 54/80,	 Avg.loss: 0.0008,	 Accuracy: 749/1000(75%)
Task: 4,	 Epoch: 55/80,	 Avg.loss: 0.0008,	 Accuracy: 758/1000(76%)
Task: 4,	 Epoch: 56/80,	 Avg.loss: 0.0008,	 Accuracy: 762/1000(76%)
Task: 4,	 Epoch: 57/80,	 Avg.loss: 0.0008,	 Accuracy: 755/1000(76%)
Task: 4,	 Epoch: 58/80,	 Avg.loss: 0.0008,	 Accuracy: 753/1000(75%)
Task: 4,	 Epoch: 59/80,	 Avg.loss: 0.0008,	 Accuracy: 757/1000(76%)
Task: 4,	 Epoch: 60/80,	 Avg.loss: 0.0008,	 Accuracy: 760/1000(76%)
Task: 4,	 Epoch: 61/80,	 Avg.loss: 0.0008,	 Accuracy: 765/1000(76%)
Task: 4,	 Epoch: 62/80,	 Avg.loss: 0.0008,	 Accuracy: 758/1000(76%)
Task: 4,	 Epoch: 63/80,	 Avg.loss: 0.0008,	 Accuracy: 755/1000(76%)
Task: 4,	 Epoch: 64/80,	 Avg.loss: 0.0008,	 Accuracy: 761/1000(76%)
Task: 4,	 Epoch: 65/80,	 Avg.loss: 0.0008,	 Accuracy: 760/1000(76%)
Task: 4,	 Epoch: 66/80,	 Avg.loss: 0.0008,	 Accuracy: 761/1000(76%)
Task: 4,	 Epoch: 67/80,	 Avg.loss: 0.0008,	 Accuracy: 762/1000(76%)
Task: 4,	 Epoch: 68/80,	 Avg.loss: 0.0008,	 Accuracy: 763/1000(76%)
Task: 4,	 Epoch: 69/80,	 Avg.loss: 0.0008,	 Accuracy: 757/1000(76%)
Task: 4,	 Epoch: 70/80,	 Avg.loss: 0.0008,	 Accuracy: 766/1000(77%)
Task: 4,	 Epoch: 71/80,	 Avg.loss: 0.0008,	 Accuracy: 761/1000(76%)
Task: 4,	 Epoch: 72/80,	 Avg.loss: 0.0008,	 Accuracy: 758/1000(76%)
Task: 4,	 Epoch: 73/80,	 Avg.loss: 0.0008,	 Accuracy: 753/1000(75%)
Task: 4,	 Epoch: 74/80,	 Avg.loss: 0.0008,	 Accuracy: 758/1000(76%)
Task: 4,	 Epoch: 75/80,	 Avg.loss: 0.0008,	 Accuracy: 761/1000(76%)
Task: 4,	 Epoch: 76/80,	 Avg.loss: 0.0008,	 Accuracy: 765/1000(76%)
Task: 4,	 Epoch: 77/80,	 Avg.loss: 0.0008,	 Accuracy: 761/1000(76%)
Task: 4,	 Epoch: 78/80,	 Avg.loss: 0.0008,	 Accuracy: 757/1000(76%)
Task: 4,	 Epoch: 79/80,	 Avg.loss: 0.0007,	 Accuracy: 757/1000(76%)
Task: 0,	 Epoch: -1/80,	 Avg.loss: 0.0011,	 Accuracy: 823/1000(82%)
Trained Task:4, Loaded task:0, Accuracy:82.3%
Task: 1,	 Epoch: -1/80,	 Avg.loss: 0.0010,	 Accuracy: 730/1000(73%)
Trained Task:4, Loaded task:1, Accuracy:73.0%
Task: 2,	 Epoch: -1/80,	 Avg.loss: 0.0010,	 Accuracy: 735/1000(74%)
Trained Task:4, Loaded task:2, Accuracy:73.5%
Task: 3,	 Epoch: -1/80,	 Avg.loss: 0.0008,	 Accuracy: 741/1000(74%)
Trained Task:4, Loaded task:3, Accuracy:74.1%
Task: 4,	 Epoch: -1/80,	 Avg.loss: 0.0007,	 Accuracy: 757/1000(76%)
Trained Task:4, Loaded task:4, Accuracy:75.7%
Trained Task:4, Avg. Accuracy: 75.7 

Layer        : conv1_layer.2.weight
Sum Omega    : 893.79052734375
W.num_zeros  : 0/9216
F.num_zeros  : 288/9216
O.num_zeros  : 288/9216
Max Fisher   : 1.0
Max Omega    : 1.0
Min Fisher   : 0.0
Min Omega    : 0.0
Max Relevance: 0.5291428565979004
Layer        : conv2_layer.2.weight
Sum Omega    : 2914.80224609375
W.num_zeros  : 0/36864
F.num_zeros  : 7488/36864
O.num_zeros  : 7488/36864
Max Fisher   : 1.0
Max Omega    : 1.0
Min Fisher   : 0.0
Min Omega    : 0.0
Max Relevance: 0.7686291337013245
Layer        : fc1_layer.0.weight
Sum Omega    : 20689.9921875
W.num_zeros  : 0/2097152
F.num_zeros  : 1153913/2097152
O.num_zeros  : 1188572/2097152
Max Fisher   : 1.0
Max Omega    : 1.0
Min Fisher   : 0.0
Min Omega    : 0.0
Max Relevance: 0.8092465996742249
Mask histogram conv1_layer.2.weight: 	 tensor([   0.,    0.,    0.,    0.,    0.,    0., 8192.,    0.,    0.,    0.],
       device='cuda:0')
Mask histogram conv2_layer.2.weight: 	 tensor([   0.,    0.,    0.,    0.,    0.,    0., 4096.,    0.,    0.,    0.],
       device='cuda:0')
Mask histogram fc1_layer.0.weight: 	 tensor([  0., 124., 130.,  33.,  84., 129.,  12.,   0.,   0.,   0.],
       device='cuda:0')
Task: 5,	 Epoch: 0/80,	 Avg.loss: 0.0012,	 Accuracy: 518/1000(52%)
Task: 5,	 Epoch: 1/80,	 Avg.loss: 0.0011,	 Accuracy: 568/1000(57%)
Task: 5,	 Epoch: 2/80,	 Avg.loss: 0.0010,	 Accuracy: 612/1000(61%)
Task: 5,	 Epoch: 3/80,	 Avg.loss: 0.0010,	 Accuracy: 635/1000(64%)
Task: 5,	 Epoch: 4/80,	 Avg.loss: 0.0010,	 Accuracy: 637/1000(64%)
Task: 5,	 Epoch: 5/80,	 Avg.loss: 0.0010,	 Accuracy: 641/1000(64%)
Task: 5,	 Epoch: 6/80,	 Avg.loss: 0.0010,	 Accuracy: 603/1000(60%)
Task: 5,	 Epoch: 7/80,	 Avg.loss: 0.0009,	 Accuracy: 647/1000(65%)
Task: 5,	 Epoch: 8/80,	 Avg.loss: 0.0010,	 Accuracy: 628/1000(63%)
Task: 5,	 Epoch: 9/80,	 Avg.loss: 0.0009,	 Accuracy: 649/1000(65%)
Task: 5,	 Epoch: 10/80,	 Avg.loss: 0.0009,	 Accuracy: 653/1000(65%)
Task: 5,	 Epoch: 11/80,	 Avg.loss: 0.0009,	 Accuracy: 634/1000(63%)
Task: 5,	 Epoch: 12/80,	 Avg.loss: 0.0009,	 Accuracy: 663/1000(66%)
Task: 5,	 Epoch: 13/80,	 Avg.loss: 0.0009,	 Accuracy: 660/1000(66%)
Task: 5,	 Epoch: 14/80,	 Avg.loss: 0.0009,	 Accuracy: 657/1000(66%)
Task: 5,	 Epoch: 15/80,	 Avg.loss: 0.0009,	 Accuracy: 664/1000(66%)
Task: 5,	 Epoch: 16/80,	 Avg.loss: 0.0009,	 Accuracy: 671/1000(67%)
Task: 5,	 Epoch: 17/80,	 Avg.loss: 0.0009,	 Accuracy: 666/1000(67%)
Task: 5,	 Epoch: 18/80,	 Avg.loss: 0.0009,	 Accuracy: 653/1000(65%)
Task: 5,	 Epoch: 19/80,	 Avg.loss: 0.0009,	 Accuracy: 656/1000(66%)
Task: 5,	 Epoch: 20/80,	 Avg.loss: 0.0009,	 Accuracy: 667/1000(67%)
Task: 5,	 Epoch: 21/80,	 Avg.loss: 0.0009,	 Accuracy: 675/1000(68%)
Task: 5,	 Epoch: 22/80,	 Avg.loss: 0.0009,	 Accuracy: 664/1000(66%)
Task: 5,	 Epoch: 23/80,	 Avg.loss: 0.0009,	 Accuracy: 678/1000(68%)
Task: 5,	 Epoch: 24/80,	 Avg.loss: 0.0009,	 Accuracy: 665/1000(66%)
Task: 5,	 Epoch: 25/80,	 Avg.loss: 0.0009,	 Accuracy: 656/1000(66%)
Task: 5,	 Epoch: 26/80,	 Avg.loss: 0.0010,	 Accuracy: 654/1000(65%)
Task: 5,	 Epoch: 27/80,	 Avg.loss: 0.0009,	 Accuracy: 669/1000(67%)
Task: 5,	 Epoch: 28/80,	 Avg.loss: 0.0009,	 Accuracy: 655/1000(66%)
Task: 5,	 Epoch: 29/80,	 Avg.loss: 0.0009,	 Accuracy: 671/1000(67%)
Task: 5,	 Epoch: 30/80,	 Avg.loss: 0.0009,	 Accuracy: 659/1000(66%)
Task: 5,	 Epoch: 31/80,	 Avg.loss: 0.0009,	 Accuracy: 677/1000(68%)
Task: 5,	 Epoch: 32/80,	 Avg.loss: 0.0009,	 Accuracy: 680/1000(68%)
Task: 5,	 Epoch: 33/80,	 Avg.loss: 0.0008,	 Accuracy: 695/1000(70%)
Task: 5,	 Epoch: 34/80,	 Avg.loss: 0.0009,	 Accuracy: 678/1000(68%)
Task: 5,	 Epoch: 35/80,	 Avg.loss: 0.0010,	 Accuracy: 659/1000(66%)
Task: 5,	 Epoch: 36/80,	 Avg.loss: 0.0008,	 Accuracy: 685/1000(68%)
Task: 5,	 Epoch: 37/80,	 Avg.loss: 0.0009,	 Accuracy: 667/1000(67%)
Task: 5,	 Epoch: 38/80,	 Avg.loss: 0.0009,	 Accuracy: 689/1000(69%)
Task: 5,	 Epoch: 39/80,	 Avg.loss: 0.0009,	 Accuracy: 673/1000(67%)
Task: 5,	 Epoch: 40/80,	 Avg.loss: 0.0009,	 Accuracy: 671/1000(67%)
Task: 5,	 Epoch: 41/80,	 Avg.loss: 0.0009,	 Accuracy: 670/1000(67%)
Task: 5,	 Epoch: 42/80,	 Avg.loss: 0.0009,	 Accuracy: 676/1000(68%)
Task: 5,	 Epoch: 43/80,	 Avg.loss: 0.0009,	 Accuracy: 674/1000(67%)
Task: 5,	 Epoch: 44/80,	 Avg.loss: 0.0009,	 Accuracy: 684/1000(68%)
Task: 5,	 Epoch: 45/80,	 Avg.loss: 0.0009,	 Accuracy: 683/1000(68%)
Task: 5,	 Epoch: 46/80,	 Avg.loss: 0.0008,	 Accuracy: 684/1000(68%)
Task: 5,	 Epoch: 47/80,	 Avg.loss: 0.0009,	 Accuracy: 674/1000(67%)
Task: 5,	 Epoch: 48/80,	 Avg.loss: 0.0009,	 Accuracy: 684/1000(68%)
Task: 5,	 Epoch: 49/80,	 Avg.loss: 0.0009,	 Accuracy: 685/1000(68%)
Task: 5,	 Epoch: 50/80,	 Avg.loss: 0.0008,	 Accuracy: 687/1000(69%)
Task: 5,	 Epoch: 51/80,	 Avg.loss: 0.0008,	 Accuracy: 688/1000(69%)
Task: 5,	 Epoch: 52/80,	 Avg.loss: 0.0008,	 Accuracy: 683/1000(68%)
Task: 5,	 Epoch: 53/80,	 Avg.loss: 0.0008,	 Accuracy: 695/1000(70%)
Task: 5,	 Epoch: 54/80,	 Avg.loss: 0.0008,	 Accuracy: 696/1000(70%)
Task: 5,	 Epoch: 55/80,	 Avg.loss: 0.0008,	 Accuracy: 687/1000(69%)
Task: 5,	 Epoch: 56/80,	 Avg.loss: 0.0008,	 Accuracy: 693/1000(69%)
Task: 5,	 Epoch: 57/80,	 Avg.loss: 0.0008,	 Accuracy: 696/1000(70%)
Task: 5,	 Epoch: 58/80,	 Avg.loss: 0.0008,	 Accuracy: 691/1000(69%)
Task: 5,	 Epoch: 59/80,	 Avg.loss: 0.0008,	 Accuracy: 689/1000(69%)
Task: 5,	 Epoch: 60/80,	 Avg.loss: 0.0008,	 Accuracy: 693/1000(69%)
Task: 5,	 Epoch: 61/80,	 Avg.loss: 0.0008,	 Accuracy: 698/1000(70%)
Task: 5,	 Epoch: 62/80,	 Avg.loss: 0.0008,	 Accuracy: 690/1000(69%)
Task: 5,	 Epoch: 63/80,	 Avg.loss: 0.0008,	 Accuracy: 691/1000(69%)
Task: 5,	 Epoch: 64/80,	 Avg.loss: 0.0008,	 Accuracy: 691/1000(69%)
Task: 5,	 Epoch: 65/80,	 Avg.loss: 0.0008,	 Accuracy: 697/1000(70%)
Task: 5,	 Epoch: 66/80,	 Avg.loss: 0.0008,	 Accuracy: 695/1000(70%)
Task: 5,	 Epoch: 67/80,	 Avg.loss: 0.0008,	 Accuracy: 697/1000(70%)
Task: 5,	 Epoch: 68/80,	 Avg.loss: 0.0008,	 Accuracy: 683/1000(68%)
Task: 5,	 Epoch: 69/80,	 Avg.loss: 0.0008,	 Accuracy: 696/1000(70%)
Task: 5,	 Epoch: 70/80,	 Avg.loss: 0.0008,	 Accuracy: 693/1000(69%)
Task: 5,	 Epoch: 71/80,	 Avg.loss: 0.0008,	 Accuracy: 691/1000(69%)
Task: 5,	 Epoch: 72/80,	 Avg.loss: 0.0008,	 Accuracy: 694/1000(69%)
Task: 5,	 Epoch: 73/80,	 Avg.loss: 0.0008,	 Accuracy: 696/1000(70%)
Task: 5,	 Epoch: 74/80,	 Avg.loss: 0.0008,	 Accuracy: 698/1000(70%)
Task: 5,	 Epoch: 75/80,	 Avg.loss: 0.0008,	 Accuracy: 696/1000(70%)
Task: 5,	 Epoch: 76/80,	 Avg.loss: 0.0008,	 Accuracy: 698/1000(70%)
Task: 5,	 Epoch: 77/80,	 Avg.loss: 0.0008,	 Accuracy: 690/1000(69%)
Task: 5,	 Epoch: 78/80,	 Avg.loss: 0.0008,	 Accuracy: 699/1000(70%)
Task: 5,	 Epoch: 79/80,	 Avg.loss: 0.0008,	 Accuracy: 689/1000(69%)
Task: 0,	 Epoch: -1/80,	 Avg.loss: 0.0015,	 Accuracy: 785/1000(78%)
Trained Task:5, Loaded task:0, Accuracy:78.5%
Task: 1,	 Epoch: -1/80,	 Avg.loss: 0.0011,	 Accuracy: 702/1000(70%)
Trained Task:5, Loaded task:1, Accuracy:70.2%
Task: 2,	 Epoch: -1/80,	 Avg.loss: 0.0014,	 Accuracy: 672/1000(67%)
Trained Task:5, Loaded task:2, Accuracy:67.2%
Task: 3,	 Epoch: -1/80,	 Avg.loss: 0.0009,	 Accuracy: 713/1000(71%)
Trained Task:5, Loaded task:3, Accuracy:71.3%
Task: 4,	 Epoch: -1/80,	 Avg.loss: 0.0008,	 Accuracy: 741/1000(74%)
Trained Task:5, Loaded task:4, Accuracy:74.1%
Task: 5,	 Epoch: -1/80,	 Avg.loss: 0.0008,	 Accuracy: 689/1000(69%)
Trained Task:5, Loaded task:5, Accuracy:68.9%
Trained Task:5, Avg. Accuracy: 71.7 

Layer        : conv1_layer.2.weight
Sum Omega    : 913.4527587890625
W.num_zeros  : 0/9216
F.num_zeros  : 288/9216
O.num_zeros  : 288/9216
Max Fisher   : 1.0
Max Omega    : 1.0
Min Fisher   : 0.0
Min Omega    : 0.0
Max Relevance: 0.5851911306381226
Layer        : conv2_layer.2.weight
Sum Omega    : 3111.4013671875
W.num_zeros  : 0/36864
F.num_zeros  : 7488/36864
O.num_zeros  : 7488/36864
Max Fisher   : 1.0
Max Omega    : 1.0
Min Fisher   : 0.0
Min Omega    : 0.0
Max Relevance: 0.579848051071167
Layer        : fc1_layer.0.weight
Sum Omega    : 22295.43359375
W.num_zeros  : 0/2097152
F.num_zeros  : 1150654/2097152
O.num_zeros  : 1184085/2097152
Max Fisher   : 1.0
Max Omega    : 1.0
Min Fisher   : 0.0
Min Omega    : 0.0
Max Relevance: 0.6824169158935547
Mask histogram conv1_layer.2.weight: 	 tensor([   0.,    0.,    0.,    0.,    0.,    0.,    0., 8192.,    0.,    0.],
       device='cuda:0')
Mask histogram conv2_layer.2.weight: 	 tensor([   0.,    0.,    0.,    0.,    0.,    0.,    0., 4096.,    0.,    0.],
       device='cuda:0')
Mask histogram fc1_layer.0.weight: 	 tensor([  0., 114.,  96.,  68.,  30.,  73., 120.,  11.,   0.,   0.],
       device='cuda:0')
Task: 6,	 Epoch: 0/80,	 Avg.loss: 0.0012,	 Accuracy: 587/1000(59%)
Task: 6,	 Epoch: 1/80,	 Avg.loss: 0.0011,	 Accuracy: 634/1000(63%)
Task: 6,	 Epoch: 2/80,	 Avg.loss: 0.0010,	 Accuracy: 650/1000(65%)
Task: 6,	 Epoch: 3/80,	 Avg.loss: 0.0010,	 Accuracy: 654/1000(65%)
Task: 6,	 Epoch: 4/80,	 Avg.loss: 0.0010,	 Accuracy: 652/1000(65%)
Task: 6,	 Epoch: 5/80,	 Avg.loss: 0.0010,	 Accuracy: 659/1000(66%)
Task: 6,	 Epoch: 6/80,	 Avg.loss: 0.0009,	 Accuracy: 664/1000(66%)
Task: 6,	 Epoch: 7/80,	 Avg.loss: 0.0010,	 Accuracy: 670/1000(67%)
Task: 6,	 Epoch: 8/80,	 Avg.loss: 0.0009,	 Accuracy: 670/1000(67%)
Task: 6,	 Epoch: 9/80,	 Avg.loss: 0.0009,	 Accuracy: 677/1000(68%)
Task: 6,	 Epoch: 10/80,	 Avg.loss: 0.0009,	 Accuracy: 680/1000(68%)
Task: 6,	 Epoch: 11/80,	 Avg.loss: 0.0010,	 Accuracy: 663/1000(66%)
Task: 6,	 Epoch: 12/80,	 Avg.loss: 0.0009,	 Accuracy: 688/1000(69%)
Task: 6,	 Epoch: 13/80,	 Avg.loss: 0.0009,	 Accuracy: 687/1000(69%)
Task: 6,	 Epoch: 14/80,	 Avg.loss: 0.0009,	 Accuracy: 694/1000(69%)
Task: 6,	 Epoch: 15/80,	 Avg.loss: 0.0009,	 Accuracy: 691/1000(69%)
Task: 6,	 Epoch: 16/80,	 Avg.loss: 0.0009,	 Accuracy: 697/1000(70%)
Task: 6,	 Epoch: 17/80,	 Avg.loss: 0.0009,	 Accuracy: 699/1000(70%)
Task: 6,	 Epoch: 18/80,	 Avg.loss: 0.0009,	 Accuracy: 695/1000(70%)
Task: 6,	 Epoch: 19/80,	 Avg.loss: 0.0009,	 Accuracy: 692/1000(69%)
Task: 6,	 Epoch: 20/80,	 Avg.loss: 0.0009,	 Accuracy: 702/1000(70%)
Task: 6,	 Epoch: 21/80,	 Avg.loss: 0.0009,	 Accuracy: 702/1000(70%)
Task: 6,	 Epoch: 22/80,	 Avg.loss: 0.0009,	 Accuracy: 697/1000(70%)
Task: 6,	 Epoch: 23/80,	 Avg.loss: 0.0009,	 Accuracy: 693/1000(69%)
Task: 6,	 Epoch: 24/80,	 Avg.loss: 0.0009,	 Accuracy: 693/1000(69%)
Task: 6,	 Epoch: 25/80,	 Avg.loss: 0.0009,	 Accuracy: 710/1000(71%)
Task: 6,	 Epoch: 26/80,	 Avg.loss: 0.0009,	 Accuracy: 697/1000(70%)
Task: 6,	 Epoch: 27/80,	 Avg.loss: 0.0009,	 Accuracy: 704/1000(70%)
Task: 6,	 Epoch: 28/80,	 Avg.loss: 0.0009,	 Accuracy: 710/1000(71%)
Task: 6,	 Epoch: 29/80,	 Avg.loss: 0.0009,	 Accuracy: 704/1000(70%)
Task: 6,	 Epoch: 30/80,	 Avg.loss: 0.0009,	 Accuracy: 700/1000(70%)
Task: 6,	 Epoch: 31/80,	 Avg.loss: 0.0009,	 Accuracy: 685/1000(68%)
Task: 6,	 Epoch: 32/80,	 Avg.loss: 0.0009,	 Accuracy: 708/1000(71%)
Task: 6,	 Epoch: 33/80,	 Avg.loss: 0.0009,	 Accuracy: 711/1000(71%)
Task: 6,	 Epoch: 34/80,	 Avg.loss: 0.0009,	 Accuracy: 698/1000(70%)
Task: 6,	 Epoch: 35/80,	 Avg.loss: 0.0009,	 Accuracy: 702/1000(70%)
Task: 6,	 Epoch: 36/80,	 Avg.loss: 0.0009,	 Accuracy: 696/1000(70%)
Task: 6,	 Epoch: 37/80,	 Avg.loss: 0.0009,	 Accuracy: 705/1000(70%)
Task: 6,	 Epoch: 38/80,	 Avg.loss: 0.0009,	 Accuracy: 672/1000(67%)
Task: 6,	 Epoch: 39/80,	 Avg.loss: 0.0009,	 Accuracy: 683/1000(68%)
Task: 6,	 Epoch: 40/80,	 Avg.loss: 0.0009,	 Accuracy: 701/1000(70%)
Task: 6,	 Epoch: 41/80,	 Avg.loss: 0.0009,	 Accuracy: 699/1000(70%)
Task: 6,	 Epoch: 42/80,	 Avg.loss: 0.0009,	 Accuracy: 713/1000(71%)
Task: 6,	 Epoch: 43/80,	 Avg.loss: 0.0009,	 Accuracy: 703/1000(70%)
Task: 6,	 Epoch: 44/80,	 Avg.loss: 0.0009,	 Accuracy: 680/1000(68%)
Task: 6,	 Epoch: 45/80,	 Avg.loss: 0.0009,	 Accuracy: 697/1000(70%)
Task: 6,	 Epoch: 46/80,	 Avg.loss: 0.0009,	 Accuracy: 697/1000(70%)
Task: 6,	 Epoch: 47/80,	 Avg.loss: 0.0009,	 Accuracy: 693/1000(69%)
Task: 6,	 Epoch: 48/80,	 Avg.loss: 0.0009,	 Accuracy: 699/1000(70%)
Task: 6,	 Epoch: 49/80,	 Avg.loss: 0.0009,	 Accuracy: 697/1000(70%)
Task: 6,	 Epoch: 50/80,	 Avg.loss: 0.0009,	 Accuracy: 704/1000(70%)
Task: 6,	 Epoch: 51/80,	 Avg.loss: 0.0008,	 Accuracy: 705/1000(70%)
Task: 6,	 Epoch: 52/80,	 Avg.loss: 0.0008,	 Accuracy: 702/1000(70%)
Task: 6,	 Epoch: 53/80,	 Avg.loss: 0.0008,	 Accuracy: 706/1000(71%)
Task: 6,	 Epoch: 54/80,	 Avg.loss: 0.0009,	 Accuracy: 703/1000(70%)
Task: 6,	 Epoch: 55/80,	 Avg.loss: 0.0008,	 Accuracy: 707/1000(71%)
Task: 6,	 Epoch: 56/80,	 Avg.loss: 0.0008,	 Accuracy: 708/1000(71%)
Task: 6,	 Epoch: 57/80,	 Avg.loss: 0.0008,	 Accuracy: 712/1000(71%)
Task: 6,	 Epoch: 58/80,	 Avg.loss: 0.0008,	 Accuracy: 710/1000(71%)
Task: 6,	 Epoch: 59/80,	 Avg.loss: 0.0008,	 Accuracy: 713/1000(71%)
Task: 6,	 Epoch: 60/80,	 Avg.loss: 0.0008,	 Accuracy: 710/1000(71%)
Task: 6,	 Epoch: 61/80,	 Avg.loss: 0.0008,	 Accuracy: 714/1000(71%)
Task: 6,	 Epoch: 62/80,	 Avg.loss: 0.0008,	 Accuracy: 711/1000(71%)
Task: 6,	 Epoch: 63/80,	 Avg.loss: 0.0008,	 Accuracy: 711/1000(71%)
Task: 6,	 Epoch: 64/80,	 Avg.loss: 0.0008,	 Accuracy: 711/1000(71%)
Task: 6,	 Epoch: 65/80,	 Avg.loss: 0.0008,	 Accuracy: 714/1000(71%)
Task: 6,	 Epoch: 66/80,	 Avg.loss: 0.0008,	 Accuracy: 716/1000(72%)
Task: 6,	 Epoch: 67/80,	 Avg.loss: 0.0008,	 Accuracy: 712/1000(71%)
Task: 6,	 Epoch: 68/80,	 Avg.loss: 0.0008,	 Accuracy: 718/1000(72%)
Task: 6,	 Epoch: 69/80,	 Avg.loss: 0.0008,	 Accuracy: 706/1000(71%)
Task: 6,	 Epoch: 70/80,	 Avg.loss: 0.0008,	 Accuracy: 716/1000(72%)
Task: 6,	 Epoch: 71/80,	 Avg.loss: 0.0008,	 Accuracy: 705/1000(70%)
Task: 6,	 Epoch: 72/80,	 Avg.loss: 0.0008,	 Accuracy: 716/1000(72%)
Task: 6,	 Epoch: 73/80,	 Avg.loss: 0.0008,	 Accuracy: 713/1000(71%)
Task: 6,	 Epoch: 74/80,	 Avg.loss: 0.0008,	 Accuracy: 714/1000(71%)
Task: 6,	 Epoch: 75/80,	 Avg.loss: 0.0008,	 Accuracy: 705/1000(70%)
Task: 6,	 Epoch: 76/80,	 Avg.loss: 0.0008,	 Accuracy: 709/1000(71%)
Task: 6,	 Epoch: 77/80,	 Avg.loss: 0.0008,	 Accuracy: 716/1000(72%)
Task: 6,	 Epoch: 78/80,	 Avg.loss: 0.0008,	 Accuracy: 715/1000(72%)
Task: 6,	 Epoch: 79/80,	 Avg.loss: 0.0008,	 Accuracy: 711/1000(71%)
Task: 0,	 Epoch: -1/80,	 Avg.loss: 0.0016,	 Accuracy: 776/1000(78%)
Trained Task:6, Loaded task:0, Accuracy:77.6%
Task: 1,	 Epoch: -1/80,	 Avg.loss: 0.0013,	 Accuracy: 687/1000(69%)
Trained Task:6, Loaded task:1, Accuracy:68.7%
Task: 2,	 Epoch: -1/80,	 Avg.loss: 0.0014,	 Accuracy: 667/1000(67%)
Trained Task:6, Loaded task:2, Accuracy:66.7%
Task: 3,	 Epoch: -1/80,	 Avg.loss: 0.0009,	 Accuracy: 704/1000(70%)
Trained Task:6, Loaded task:3, Accuracy:70.4%
Task: 4,	 Epoch: -1/80,	 Avg.loss: 0.0008,	 Accuracy: 735/1000(74%)
Trained Task:6, Loaded task:4, Accuracy:73.5%
Task: 5,	 Epoch: -1/80,	 Avg.loss: 0.0009,	 Accuracy: 670/1000(67%)
Trained Task:6, Loaded task:5, Accuracy:67.0%
Task: 6,	 Epoch: -1/80,	 Avg.loss: 0.0008,	 Accuracy: 711/1000(71%)
Trained Task:6, Loaded task:6, Accuracy:71.1%
Trained Task:6, Avg. Accuracy: 70.7 

Layer        : conv1_layer.2.weight
Sum Omega    : 921.6392822265625
W.num_zeros  : 0/9216
F.num_zeros  : 288/9216
O.num_zeros  : 288/9216
Max Fisher   : 1.0
Max Omega    : 1.0
Min Fisher   : 0.0
Min Omega    : 0.0
Max Relevance: 0.5431064367294312
Layer        : conv2_layer.2.weight
Sum Omega    : 3231.353515625
W.num_zeros  : 0/36864
F.num_zeros  : 7488/36864
O.num_zeros  : 7488/36864
Max Fisher   : 1.0
Max Omega    : 1.0
Min Fisher   : 0.0
Min Omega    : 0.0
Max Relevance: 0.555915892124176
Layer        : fc1_layer.0.weight
Sum Omega    : 23654.234375
W.num_zeros  : 0/2097152
F.num_zeros  : 1147372/2097152
O.num_zeros  : 1179599/2097152
Max Fisher   : 1.0
Max Omega    : 1.0
Min Fisher   : 0.0
Min Omega    : 0.0
Max Relevance: 0.5370600819587708
Mask histogram conv1_layer.2.weight: 	 tensor([   0.,    0.,    0.,    0.,    0.,    0.,    0.,    0., 8192.,    0.],
       device='cuda:0')
Mask histogram conv2_layer.2.weight: 	 tensor([   0.,    0.,    0.,    0.,    0.,    0.,    0.,    0., 4096.,    0.],
       device='cuda:0')
Mask histogram fc1_layer.0.weight: 	 tensor([  0., 103.,  95.,  38.,  65.,  21.,  62., 120.,   8.,   0.],
       device='cuda:0')
Task: 7,	 Epoch: 0/80,	 Avg.loss: 0.0013,	 Accuracy: 558/1000(56%)
Task: 7,	 Epoch: 1/80,	 Avg.loss: 0.0012,	 Accuracy: 594/1000(59%)
Task: 7,	 Epoch: 2/80,	 Avg.loss: 0.0011,	 Accuracy: 607/1000(61%)
Task: 7,	 Epoch: 3/80,	 Avg.loss: 0.0011,	 Accuracy: 647/1000(65%)
Task: 7,	 Epoch: 4/80,	 Avg.loss: 0.0011,	 Accuracy: 608/1000(61%)
Task: 7,	 Epoch: 5/80,	 Avg.loss: 0.0011,	 Accuracy: 622/1000(62%)
Task: 7,	 Epoch: 6/80,	 Avg.loss: 0.0011,	 Accuracy: 608/1000(61%)
Task: 7,	 Epoch: 7/80,	 Avg.loss: 0.0011,	 Accuracy: 636/1000(64%)
Task: 7,	 Epoch: 8/80,	 Avg.loss: 0.0011,	 Accuracy: 609/1000(61%)
Task: 7,	 Epoch: 9/80,	 Avg.loss: 0.0011,	 Accuracy: 635/1000(64%)
Task: 7,	 Epoch: 10/80,	 Avg.loss: 0.0010,	 Accuracy: 638/1000(64%)
Task: 7,	 Epoch: 11/80,	 Avg.loss: 0.0011,	 Accuracy: 612/1000(61%)
Task: 7,	 Epoch: 12/80,	 Avg.loss: 0.0010,	 Accuracy: 640/1000(64%)
Task: 7,	 Epoch: 13/80,	 Avg.loss: 0.0010,	 Accuracy: 641/1000(64%)
Task: 7,	 Epoch: 14/80,	 Avg.loss: 0.0010,	 Accuracy: 626/1000(63%)
Task: 7,	 Epoch: 15/80,	 Avg.loss: 0.0010,	 Accuracy: 631/1000(63%)
Task: 7,	 Epoch: 16/80,	 Avg.loss: 0.0010,	 Accuracy: 653/1000(65%)
Task: 7,	 Epoch: 17/80,	 Avg.loss: 0.0011,	 Accuracy: 622/1000(62%)
Task: 7,	 Epoch: 18/80,	 Avg.loss: 0.0010,	 Accuracy: 636/1000(64%)
Task: 7,	 Epoch: 19/80,	 Avg.loss: 0.0010,	 Accuracy: 650/1000(65%)
Task: 7,	 Epoch: 20/80,	 Avg.loss: 0.0010,	 Accuracy: 635/1000(64%)
Task: 7,	 Epoch: 21/80,	 Avg.loss: 0.0010,	 Accuracy: 641/1000(64%)
Task: 7,	 Epoch: 22/80,	 Avg.loss: 0.0010,	 Accuracy: 623/1000(62%)
Task: 7,	 Epoch: 23/80,	 Avg.loss: 0.0010,	 Accuracy: 642/1000(64%)
Task: 7,	 Epoch: 24/80,	 Avg.loss: 0.0010,	 Accuracy: 635/1000(64%)
Task: 7,	 Epoch: 25/80,	 Avg.loss: 0.0010,	 Accuracy: 662/1000(66%)
Task: 7,	 Epoch: 26/80,	 Avg.loss: 0.0010,	 Accuracy: 647/1000(65%)
Task: 7,	 Epoch: 27/80,	 Avg.loss: 0.0010,	 Accuracy: 646/1000(65%)
Task: 7,	 Epoch: 28/80,	 Avg.loss: 0.0010,	 Accuracy: 651/1000(65%)
Task: 7,	 Epoch: 29/80,	 Avg.loss: 0.0010,	 Accuracy: 641/1000(64%)
Task: 7,	 Epoch: 30/80,	 Avg.loss: 0.0010,	 Accuracy: 648/1000(65%)
Task: 7,	 Epoch: 31/80,	 Avg.loss: 0.0010,	 Accuracy: 650/1000(65%)
Task: 7,	 Epoch: 32/80,	 Avg.loss: 0.0010,	 Accuracy: 641/1000(64%)
Task: 7,	 Epoch: 33/80,	 Avg.loss: 0.0011,	 Accuracy: 616/1000(62%)
Task: 7,	 Epoch: 34/80,	 Avg.loss: 0.0010,	 Accuracy: 642/1000(64%)
Task: 7,	 Epoch: 35/80,	 Avg.loss: 0.0010,	 Accuracy: 656/1000(66%)
Task: 7,	 Epoch: 36/80,	 Avg.loss: 0.0010,	 Accuracy: 652/1000(65%)
Task: 7,	 Epoch: 37/80,	 Avg.loss: 0.0011,	 Accuracy: 648/1000(65%)
Task: 7,	 Epoch: 38/80,	 Avg.loss: 0.0010,	 Accuracy: 642/1000(64%)
Task: 7,	 Epoch: 39/80,	 Avg.loss: 0.0010,	 Accuracy: 643/1000(64%)
Task: 7,	 Epoch: 40/80,	 Avg.loss: 0.0010,	 Accuracy: 661/1000(66%)
Task: 7,	 Epoch: 41/80,	 Avg.loss: 0.0010,	 Accuracy: 647/1000(65%)
Task: 7,	 Epoch: 42/80,	 Avg.loss: 0.0010,	 Accuracy: 640/1000(64%)
Task: 7,	 Epoch: 43/80,	 Avg.loss: 0.0010,	 Accuracy: 648/1000(65%)
Task: 7,	 Epoch: 44/80,	 Avg.loss: 0.0010,	 Accuracy: 663/1000(66%)
Task: 7,	 Epoch: 45/80,	 Avg.loss: 0.0010,	 Accuracy: 645/1000(64%)
Task: 7,	 Epoch: 46/80,	 Avg.loss: 0.0010,	 Accuracy: 633/1000(63%)
Task: 7,	 Epoch: 47/80,	 Avg.loss: 0.0010,	 Accuracy: 639/1000(64%)
Task: 7,	 Epoch: 48/80,	 Avg.loss: 0.0010,	 Accuracy: 644/1000(64%)
Task: 7,	 Epoch: 49/80,	 Avg.loss: 0.0010,	 Accuracy: 639/1000(64%)
Task: 7,	 Epoch: 50/80,	 Avg.loss: 0.0010,	 Accuracy: 662/1000(66%)
Task: 7,	 Epoch: 51/80,	 Avg.loss: 0.0010,	 Accuracy: 655/1000(66%)
Task: 7,	 Epoch: 52/80,	 Avg.loss: 0.0010,	 Accuracy: 657/1000(66%)
Task: 7,	 Epoch: 53/80,	 Avg.loss: 0.0010,	 Accuracy: 657/1000(66%)
Task: 7,	 Epoch: 54/80,	 Avg.loss: 0.0010,	 Accuracy: 654/1000(65%)
Task: 7,	 Epoch: 55/80,	 Avg.loss: 0.0010,	 Accuracy: 657/1000(66%)
Task: 7,	 Epoch: 56/80,	 Avg.loss: 0.0010,	 Accuracy: 658/1000(66%)
Task: 7,	 Epoch: 57/80,	 Avg.loss: 0.0010,	 Accuracy: 655/1000(66%)
Task: 7,	 Epoch: 58/80,	 Avg.loss: 0.0010,	 Accuracy: 661/1000(66%)
Task: 7,	 Epoch: 59/80,	 Avg.loss: 0.0010,	 Accuracy: 655/1000(66%)
Task: 7,	 Epoch: 60/80,	 Avg.loss: 0.0010,	 Accuracy: 654/1000(65%)
Task: 7,	 Epoch: 61/80,	 Avg.loss: 0.0010,	 Accuracy: 661/1000(66%)
Task: 7,	 Epoch: 62/80,	 Avg.loss: 0.0010,	 Accuracy: 658/1000(66%)
Task: 7,	 Epoch: 63/80,	 Avg.loss: 0.0010,	 Accuracy: 655/1000(66%)
Task: 7,	 Epoch: 64/80,	 Avg.loss: 0.0010,	 Accuracy: 660/1000(66%)
Task: 7,	 Epoch: 65/80,	 Avg.loss: 0.0010,	 Accuracy: 655/1000(66%)
Task: 7,	 Epoch: 66/80,	 Avg.loss: 0.0010,	 Accuracy: 657/1000(66%)
Task: 7,	 Epoch: 67/80,	 Avg.loss: 0.0010,	 Accuracy: 665/1000(66%)
Task: 7,	 Epoch: 68/80,	 Avg.loss: 0.0010,	 Accuracy: 658/1000(66%)
Task: 7,	 Epoch: 69/80,	 Avg.loss: 0.0010,	 Accuracy: 657/1000(66%)
Task: 7,	 Epoch: 70/80,	 Avg.loss: 0.0010,	 Accuracy: 652/1000(65%)
Task: 7,	 Epoch: 71/80,	 Avg.loss: 0.0010,	 Accuracy: 662/1000(66%)
Task: 7,	 Epoch: 72/80,	 Avg.loss: 0.0010,	 Accuracy: 667/1000(67%)
Task: 7,	 Epoch: 73/80,	 Avg.loss: 0.0010,	 Accuracy: 660/1000(66%)
Task: 7,	 Epoch: 74/80,	 Avg.loss: 0.0010,	 Accuracy: 659/1000(66%)
Task: 7,	 Epoch: 75/80,	 Avg.loss: 0.0010,	 Accuracy: 654/1000(65%)
Task: 7,	 Epoch: 76/80,	 Avg.loss: 0.0010,	 Accuracy: 666/1000(67%)
Task: 7,	 Epoch: 77/80,	 Avg.loss: 0.0010,	 Accuracy: 658/1000(66%)
Task: 7,	 Epoch: 78/80,	 Avg.loss: 0.0010,	 Accuracy: 659/1000(66%)
Task: 7,	 Epoch: 79/80,	 Avg.loss: 0.0010,	 Accuracy: 656/1000(66%)
Task: 0,	 Epoch: -1/80,	 Avg.loss: 0.0018,	 Accuracy: 774/1000(77%)
Trained Task:7, Loaded task:0, Accuracy:77.4%
Task: 1,	 Epoch: -1/80,	 Avg.loss: 0.0014,	 Accuracy: 681/1000(68%)
Trained Task:7, Loaded task:1, Accuracy:68.1%
Task: 2,	 Epoch: -1/80,	 Avg.loss: 0.0017,	 Accuracy: 619/1000(62%)
Trained Task:7, Loaded task:2, Accuracy:61.9%
Task: 3,	 Epoch: -1/80,	 Avg.loss: 0.0010,	 Accuracy: 698/1000(70%)
Trained Task:7, Loaded task:3, Accuracy:69.8%
Task: 4,	 Epoch: -1/80,	 Avg.loss: 0.0009,	 Accuracy: 728/1000(73%)
Trained Task:7, Loaded task:4, Accuracy:72.8%
Task: 5,	 Epoch: -1/80,	 Avg.loss: 0.0009,	 Accuracy: 675/1000(68%)
Trained Task:7, Loaded task:5, Accuracy:67.5%
Task: 6,	 Epoch: -1/80,	 Avg.loss: 0.0008,	 Accuracy: 715/1000(72%)
Trained Task:7, Loaded task:6, Accuracy:71.5%
Task: 7,	 Epoch: -1/80,	 Avg.loss: 0.0010,	 Accuracy: 656/1000(66%)
Trained Task:7, Loaded task:7, Accuracy:65.6%
Trained Task:7, Avg. Accuracy: 69.3 

Layer        : conv1_layer.2.weight
Sum Omega    : 946.5570068359375
W.num_zeros  : 0/9216
F.num_zeros  : 288/9216
O.num_zeros  : 288/9216
Max Fisher   : 1.0
Max Omega    : 1.0
Min Fisher   : 0.0
Min Omega    : 0.0
Max Relevance: 0.475702166557312
Layer        : conv2_layer.2.weight
Sum Omega    : 3340.83544921875
W.num_zeros  : 0/36864
F.num_zeros  : 7488/36864
O.num_zeros  : 7488/36864
Max Fisher   : 1.0
Max Omega    : 1.0
Min Fisher   : 0.0
Min Omega    : 0.0
Max Relevance: 0.3914574384689331
Layer        : fc1_layer.0.weight
Sum Omega    : 24549.46484375
W.num_zeros  : 0/2097152
F.num_zeros  : 1147363/2097152
O.num_zeros  : 1177091/2097152
Max Fisher   : 1.0
Max Omega    : 1.0
Min Fisher   : 0.0
Min Omega    : 0.0
Max Relevance: 0.7186388969421387
Mask histogram conv1_layer.2.weight: 	 tensor([   0.,    0.,    0.,    0.,    0.,    0.,    0.,    0.,    0., 8192.],
       device='cuda:0')
Mask histogram conv2_layer.2.weight: 	 tensor([   0.,    0.,    0.,    0.,    0.,    0.,    0.,    0.,    0., 4096.],
       device='cuda:0')
Mask histogram fc1_layer.0.weight: 	 tensor([  0.,  97.,  92.,  35.,  35.,  55.,  11.,  64., 118.,   5.],
       device='cuda:0')
Task: 8,	 Epoch: 0/80,	 Avg.loss: 0.0013,	 Accuracy: 549/1000(55%)
Task: 8,	 Epoch: 1/80,	 Avg.loss: 0.0011,	 Accuracy: 605/1000(61%)
Task: 8,	 Epoch: 2/80,	 Avg.loss: 0.0010,	 Accuracy: 655/1000(66%)
Task: 8,	 Epoch: 3/80,	 Avg.loss: 0.0010,	 Accuracy: 634/1000(63%)
Task: 8,	 Epoch: 4/80,	 Avg.loss: 0.0009,	 Accuracy: 676/1000(68%)
Task: 8,	 Epoch: 5/80,	 Avg.loss: 0.0009,	 Accuracy: 681/1000(68%)
Task: 8,	 Epoch: 6/80,	 Avg.loss: 0.0011,	 Accuracy: 651/1000(65%)
Task: 8,	 Epoch: 7/80,	 Avg.loss: 0.0009,	 Accuracy: 698/1000(70%)
Task: 8,	 Epoch: 8/80,	 Avg.loss: 0.0009,	 Accuracy: 662/1000(66%)
Task: 8,	 Epoch: 9/80,	 Avg.loss: 0.0009,	 Accuracy: 674/1000(67%)
Task: 8,	 Epoch: 10/80,	 Avg.loss: 0.0009,	 Accuracy: 678/1000(68%)
Task: 8,	 Epoch: 11/80,	 Avg.loss: 0.0009,	 Accuracy: 701/1000(70%)
Task: 8,	 Epoch: 12/80,	 Avg.loss: 0.0009,	 Accuracy: 701/1000(70%)
Task: 8,	 Epoch: 13/80,	 Avg.loss: 0.0010,	 Accuracy: 670/1000(67%)
Task: 8,	 Epoch: 14/80,	 Avg.loss: 0.0009,	 Accuracy: 665/1000(66%)
Task: 8,	 Epoch: 15/80,	 Avg.loss: 0.0009,	 Accuracy: 700/1000(70%)
Task: 8,	 Epoch: 16/80,	 Avg.loss: 0.0009,	 Accuracy: 696/1000(70%)
Task: 8,	 Epoch: 17/80,	 Avg.loss: 0.0009,	 Accuracy: 703/1000(70%)
Task: 8,	 Epoch: 18/80,	 Avg.loss: 0.0009,	 Accuracy: 685/1000(68%)
Task: 8,	 Epoch: 19/80,	 Avg.loss: 0.0009,	 Accuracy: 665/1000(66%)
Task: 8,	 Epoch: 20/80,	 Avg.loss: 0.0009,	 Accuracy: 671/1000(67%)
Task: 8,	 Epoch: 21/80,	 Avg.loss: 0.0009,	 Accuracy: 696/1000(70%)
Task: 8,	 Epoch: 22/80,	 Avg.loss: 0.0009,	 Accuracy: 692/1000(69%)
Task: 8,	 Epoch: 23/80,	 Avg.loss: 0.0008,	 Accuracy: 708/1000(71%)
Task: 8,	 Epoch: 24/80,	 Avg.loss: 0.0009,	 Accuracy: 671/1000(67%)
Task: 8,	 Epoch: 25/80,	 Avg.loss: 0.0009,	 Accuracy: 682/1000(68%)
Task: 8,	 Epoch: 26/80,	 Avg.loss: 0.0009,	 Accuracy: 690/1000(69%)
Task: 8,	 Epoch: 27/80,	 Avg.loss: 0.0009,	 Accuracy: 678/1000(68%)
Task: 8,	 Epoch: 28/80,	 Avg.loss: 0.0009,	 Accuracy: 674/1000(67%)
Task: 8,	 Epoch: 29/80,	 Avg.loss: 0.0009,	 Accuracy: 704/1000(70%)
Task: 8,	 Epoch: 30/80,	 Avg.loss: 0.0009,	 Accuracy: 711/1000(71%)
Task: 8,	 Epoch: 31/80,	 Avg.loss: 0.0009,	 Accuracy: 693/1000(69%)
Task: 8,	 Epoch: 32/80,	 Avg.loss: 0.0009,	 Accuracy: 705/1000(70%)
Task: 8,	 Epoch: 33/80,	 Avg.loss: 0.0009,	 Accuracy: 696/1000(70%)
Task: 8,	 Epoch: 34/80,	 Avg.loss: 0.0009,	 Accuracy: 704/1000(70%)
Task: 8,	 Epoch: 35/80,	 Avg.loss: 0.0008,	 Accuracy: 697/1000(70%)
Task: 8,	 Epoch: 36/80,	 Avg.loss: 0.0008,	 Accuracy: 709/1000(71%)
Task: 8,	 Epoch: 37/80,	 Avg.loss: 0.0009,	 Accuracy: 696/1000(70%)
Task: 8,	 Epoch: 38/80,	 Avg.loss: 0.0009,	 Accuracy: 696/1000(70%)
Task: 8,	 Epoch: 39/80,	 Avg.loss: 0.0009,	 Accuracy: 700/1000(70%)
Task: 8,	 Epoch: 40/80,	 Avg.loss: 0.0009,	 Accuracy: 698/1000(70%)
Task: 8,	 Epoch: 41/80,	 Avg.loss: 0.0008,	 Accuracy: 708/1000(71%)
Task: 8,	 Epoch: 42/80,	 Avg.loss: 0.0009,	 Accuracy: 707/1000(71%)
Task: 8,	 Epoch: 43/80,	 Avg.loss: 0.0008,	 Accuracy: 707/1000(71%)
Task: 8,	 Epoch: 44/80,	 Avg.loss: 0.0008,	 Accuracy: 708/1000(71%)
Task: 8,	 Epoch: 45/80,	 Avg.loss: 0.0008,	 Accuracy: 709/1000(71%)
Task: 8,	 Epoch: 46/80,	 Avg.loss: 0.0009,	 Accuracy: 679/1000(68%)
Task: 8,	 Epoch: 47/80,	 Avg.loss: 0.0008,	 Accuracy: 715/1000(72%)
Task: 8,	 Epoch: 48/80,	 Avg.loss: 0.0008,	 Accuracy: 709/1000(71%)
Task: 8,	 Epoch: 49/80,	 Avg.loss: 0.0009,	 Accuracy: 697/1000(70%)
Task: 8,	 Epoch: 50/80,	 Avg.loss: 0.0008,	 Accuracy: 716/1000(72%)
Task: 8,	 Epoch: 51/80,	 Avg.loss: 0.0008,	 Accuracy: 709/1000(71%)
Task: 8,	 Epoch: 52/80,	 Avg.loss: 0.0008,	 Accuracy: 720/1000(72%)
Task: 8,	 Epoch: 53/80,	 Avg.loss: 0.0008,	 Accuracy: 720/1000(72%)
Task: 8,	 Epoch: 54/80,	 Avg.loss: 0.0008,	 Accuracy: 722/1000(72%)
Task: 8,	 Epoch: 55/80,	 Avg.loss: 0.0008,	 Accuracy: 710/1000(71%)
Task: 8,	 Epoch: 56/80,	 Avg.loss: 0.0008,	 Accuracy: 718/1000(72%)
Task: 8,	 Epoch: 57/80,	 Avg.loss: 0.0008,	 Accuracy: 707/1000(71%)
Task: 8,	 Epoch: 58/80,	 Avg.loss: 0.0008,	 Accuracy: 727/1000(73%)
Task: 8,	 Epoch: 59/80,	 Avg.loss: 0.0008,	 Accuracy: 712/1000(71%)
Task: 8,	 Epoch: 60/80,	 Avg.loss: 0.0008,	 Accuracy: 713/1000(71%)
Task: 8,	 Epoch: 61/80,	 Avg.loss: 0.0008,	 Accuracy: 718/1000(72%)
Task: 8,	 Epoch: 62/80,	 Avg.loss: 0.0008,	 Accuracy: 717/1000(72%)
Task: 8,	 Epoch: 63/80,	 Avg.loss: 0.0008,	 Accuracy: 713/1000(71%)
Task: 8,	 Epoch: 64/80,	 Avg.loss: 0.0008,	 Accuracy: 722/1000(72%)
Task: 8,	 Epoch: 65/80,	 Avg.loss: 0.0008,	 Accuracy: 713/1000(71%)
Task: 8,	 Epoch: 66/80,	 Avg.loss: 0.0008,	 Accuracy: 721/1000(72%)
Task: 8,	 Epoch: 67/80,	 Avg.loss: 0.0008,	 Accuracy: 716/1000(72%)
Task: 8,	 Epoch: 68/80,	 Avg.loss: 0.0008,	 Accuracy: 712/1000(71%)
Task: 8,	 Epoch: 69/80,	 Avg.loss: 0.0008,	 Accuracy: 714/1000(71%)
Task: 8,	 Epoch: 70/80,	 Avg.loss: 0.0008,	 Accuracy: 707/1000(71%)
Task: 8,	 Epoch: 71/80,	 Avg.loss: 0.0008,	 Accuracy: 721/1000(72%)
Task: 8,	 Epoch: 72/80,	 Avg.loss: 0.0008,	 Accuracy: 718/1000(72%)
Task: 8,	 Epoch: 73/80,	 Avg.loss: 0.0008,	 Accuracy: 711/1000(71%)
Task: 8,	 Epoch: 74/80,	 Avg.loss: 0.0008,	 Accuracy: 711/1000(71%)
Task: 8,	 Epoch: 75/80,	 Avg.loss: 0.0008,	 Accuracy: 713/1000(71%)
Task: 8,	 Epoch: 76/80,	 Avg.loss: 0.0008,	 Accuracy: 709/1000(71%)
Task: 8,	 Epoch: 77/80,	 Avg.loss: 0.0008,	 Accuracy: 714/1000(71%)
Task: 8,	 Epoch: 78/80,	 Avg.loss: 0.0008,	 Accuracy: 718/1000(72%)
Task: 8,	 Epoch: 79/80,	 Avg.loss: 0.0008,	 Accuracy: 718/1000(72%)
Task: 0,	 Epoch: -1/80,	 Avg.loss: 0.0020,	 Accuracy: 765/1000(76%)
Trained Task:8, Loaded task:0, Accuracy:76.5%
Task: 1,	 Epoch: -1/80,	 Avg.loss: 0.0015,	 Accuracy: 677/1000(68%)
Trained Task:8, Loaded task:1, Accuracy:67.7%
Task: 2,	 Epoch: -1/80,	 Avg.loss: 0.0019,	 Accuracy: 596/1000(60%)
Trained Task:8, Loaded task:2, Accuracy:59.6%
Task: 3,	 Epoch: -1/80,	 Avg.loss: 0.0010,	 Accuracy: 693/1000(69%)
Trained Task:8, Loaded task:3, Accuracy:69.3%
Task: 4,	 Epoch: -1/80,	 Avg.loss: 0.0009,	 Accuracy: 706/1000(71%)
Trained Task:8, Loaded task:4, Accuracy:70.6%
Task: 5,	 Epoch: -1/80,	 Avg.loss: 0.0010,	 Accuracy: 654/1000(65%)
Trained Task:8, Loaded task:5, Accuracy:65.4%
Task: 6,	 Epoch: -1/80,	 Avg.loss: 0.0009,	 Accuracy: 705/1000(70%)
Trained Task:8, Loaded task:6, Accuracy:70.5%
Task: 7,	 Epoch: -1/80,	 Avg.loss: 0.0010,	 Accuracy: 656/1000(66%)
Trained Task:8, Loaded task:7, Accuracy:65.6%
Task: 8,	 Epoch: -1/80,	 Avg.loss: 0.0008,	 Accuracy: 718/1000(72%)
Trained Task:8, Loaded task:8, Accuracy:71.8%
Trained Task:8, Avg. Accuracy: 68.6 

Layer        : conv1_layer.2.weight
Sum Omega    : 938.8822021484375
W.num_zeros  : 0/9216
F.num_zeros  : 288/9216
O.num_zeros  : 288/9216
Max Fisher   : 1.0
Max Omega    : 1.0
Min Fisher   : 0.0
Min Omega    : 0.0
Max Relevance: 0.42663830518722534
Layer        : conv2_layer.2.weight
Sum Omega    : 3417.69921875
W.num_zeros  : 0/36864
F.num_zeros  : 7488/36864
O.num_zeros  : 7488/36864
Max Fisher   : 1.0
Max Omega    : 1.0
Min Fisher   : 0.0
Min Omega    : 0.0
Max Relevance: 0.3223406672477722
Layer        : fc1_layer.0.weight
Sum Omega    : 25563.173828125
W.num_zeros  : 0/2097152
F.num_zeros  : 1140820/2097152
O.num_zeros  : 1169278/2097152
Max Fisher   : 1.0
Max Omega    : 1.0
Min Fisher   : 0.0
Min Omega    : 0.0
Max Relevance: 0.6845197677612305
Mask histogram conv1_layer.2.weight: 	 tensor([   0.,    0.,    0.,    0.,    0.,    0.,    0.,    0.,    0., 8192.],
       device='cuda:0')
Mask histogram conv2_layer.2.weight: 	 tensor([   0.,    0.,    0.,    0.,    0.,    0.,    0.,    0.,    0., 4096.],
       device='cuda:0')
Mask histogram fc1_layer.0.weight: 	 tensor([  0.,  92.,  88.,  34.,  34.,  25.,  46.,  14.,  58., 121.],
       device='cuda:0')
Task: 9,	 Epoch: 0/80,	 Avg.loss: 0.0012,	 Accuracy: 588/1000(59%)
Task: 9,	 Epoch: 1/80,	 Avg.loss: 0.0010,	 Accuracy: 661/1000(66%)
Task: 9,	 Epoch: 2/80,	 Avg.loss: 0.0010,	 Accuracy: 650/1000(65%)
Task: 9,	 Epoch: 3/80,	 Avg.loss: 0.0010,	 Accuracy: 672/1000(67%)
Task: 9,	 Epoch: 4/80,	 Avg.loss: 0.0010,	 Accuracy: 642/1000(64%)
Task: 9,	 Epoch: 5/80,	 Avg.loss: 0.0010,	 Accuracy: 680/1000(68%)
Task: 9,	 Epoch: 6/80,	 Avg.loss: 0.0009,	 Accuracy: 671/1000(67%)
Task: 9,	 Epoch: 7/80,	 Avg.loss: 0.0010,	 Accuracy: 661/1000(66%)
Task: 9,	 Epoch: 8/80,	 Avg.loss: 0.0009,	 Accuracy: 697/1000(70%)
Task: 9,	 Epoch: 9/80,	 Avg.loss: 0.0010,	 Accuracy: 683/1000(68%)
Task: 9,	 Epoch: 10/80,	 Avg.loss: 0.0009,	 Accuracy: 681/1000(68%)
Task: 9,	 Epoch: 11/80,	 Avg.loss: 0.0009,	 Accuracy: 681/1000(68%)
Task: 9,	 Epoch: 12/80,	 Avg.loss: 0.0009,	 Accuracy: 693/1000(69%)
Task: 9,	 Epoch: 13/80,	 Avg.loss: 0.0009,	 Accuracy: 698/1000(70%)
Task: 9,	 Epoch: 14/80,	 Avg.loss: 0.0009,	 Accuracy: 694/1000(69%)
Task: 9,	 Epoch: 15/80,	 Avg.loss: 0.0009,	 Accuracy: 694/1000(69%)
Task: 9,	 Epoch: 16/80,	 Avg.loss: 0.0008,	 Accuracy: 711/1000(71%)
Task: 9,	 Epoch: 17/80,	 Avg.loss: 0.0008,	 Accuracy: 720/1000(72%)
Task: 9,	 Epoch: 18/80,	 Avg.loss: 0.0008,	 Accuracy: 707/1000(71%)
Task: 9,	 Epoch: 19/80,	 Avg.loss: 0.0008,	 Accuracy: 710/1000(71%)
Task: 9,	 Epoch: 20/80,	 Avg.loss: 0.0009,	 Accuracy: 693/1000(69%)
Task: 9,	 Epoch: 21/80,	 Avg.loss: 0.0008,	 Accuracy: 716/1000(72%)
Task: 9,	 Epoch: 22/80,	 Avg.loss: 0.0008,	 Accuracy: 711/1000(71%)
Task: 9,	 Epoch: 23/80,	 Avg.loss: 0.0008,	 Accuracy: 709/1000(71%)
Task: 9,	 Epoch: 24/80,	 Avg.loss: 0.0008,	 Accuracy: 723/1000(72%)
Task: 9,	 Epoch: 25/80,	 Avg.loss: 0.0008,	 Accuracy: 720/1000(72%)
Task: 9,	 Epoch: 26/80,	 Avg.loss: 0.0008,	 Accuracy: 734/1000(73%)
Task: 9,	 Epoch: 27/80,	 Avg.loss: 0.0008,	 Accuracy: 729/1000(73%)
Task: 9,	 Epoch: 28/80,	 Avg.loss: 0.0008,	 Accuracy: 714/1000(71%)
Task: 9,	 Epoch: 29/80,	 Avg.loss: 0.0008,	 Accuracy: 720/1000(72%)
Task: 9,	 Epoch: 30/80,	 Avg.loss: 0.0008,	 Accuracy: 725/1000(72%)
Task: 9,	 Epoch: 31/80,	 Avg.loss: 0.0008,	 Accuracy: 727/1000(73%)
Task: 9,	 Epoch: 32/80,	 Avg.loss: 0.0008,	 Accuracy: 740/1000(74%)
Task: 9,	 Epoch: 33/80,	 Avg.loss: 0.0008,	 Accuracy: 735/1000(74%)
Task: 9,	 Epoch: 34/80,	 Avg.loss: 0.0008,	 Accuracy: 723/1000(72%)
Task: 9,	 Epoch: 35/80,	 Avg.loss: 0.0008,	 Accuracy: 735/1000(74%)
Task: 9,	 Epoch: 36/80,	 Avg.loss: 0.0009,	 Accuracy: 698/1000(70%)
Task: 9,	 Epoch: 37/80,	 Avg.loss: 0.0008,	 Accuracy: 731/1000(73%)
Task: 9,	 Epoch: 38/80,	 Avg.loss: 0.0008,	 Accuracy: 734/1000(73%)
Task: 9,	 Epoch: 39/80,	 Avg.loss: 0.0008,	 Accuracy: 718/1000(72%)
Task: 9,	 Epoch: 40/80,	 Avg.loss: 0.0008,	 Accuracy: 733/1000(73%)
Task: 9,	 Epoch: 41/80,	 Avg.loss: 0.0008,	 Accuracy: 734/1000(73%)
Task: 9,	 Epoch: 42/80,	 Avg.loss: 0.0008,	 Accuracy: 740/1000(74%)
Task: 9,	 Epoch: 43/80,	 Avg.loss: 0.0008,	 Accuracy: 730/1000(73%)
Task: 9,	 Epoch: 44/80,	 Avg.loss: 0.0008,	 Accuracy: 741/1000(74%)
Task: 9,	 Epoch: 45/80,	 Avg.loss: 0.0008,	 Accuracy: 725/1000(72%)
Task: 9,	 Epoch: 46/80,	 Avg.loss: 0.0008,	 Accuracy: 737/1000(74%)
Task: 9,	 Epoch: 47/80,	 Avg.loss: 0.0008,	 Accuracy: 737/1000(74%)
Task: 9,	 Epoch: 48/80,	 Avg.loss: 0.0008,	 Accuracy: 731/1000(73%)
Task: 9,	 Epoch: 49/80,	 Avg.loss: 0.0009,	 Accuracy: 707/1000(71%)
Task: 9,	 Epoch: 50/80,	 Avg.loss: 0.0008,	 Accuracy: 750/1000(75%)
Task: 9,	 Epoch: 51/80,	 Avg.loss: 0.0008,	 Accuracy: 744/1000(74%)
Task: 9,	 Epoch: 52/80,	 Avg.loss: 0.0008,	 Accuracy: 750/1000(75%)
Task: 9,	 Epoch: 53/80,	 Avg.loss: 0.0008,	 Accuracy: 744/1000(74%)
Task: 9,	 Epoch: 54/80,	 Avg.loss: 0.0008,	 Accuracy: 748/1000(75%)
Task: 9,	 Epoch: 55/80,	 Avg.loss: 0.0008,	 Accuracy: 744/1000(74%)
Task: 9,	 Epoch: 56/80,	 Avg.loss: 0.0008,	 Accuracy: 746/1000(75%)
Task: 9,	 Epoch: 57/80,	 Avg.loss: 0.0008,	 Accuracy: 745/1000(74%)
Task: 9,	 Epoch: 58/80,	 Avg.loss: 0.0008,	 Accuracy: 741/1000(74%)
Task: 9,	 Epoch: 59/80,	 Avg.loss: 0.0008,	 Accuracy: 744/1000(74%)
Task: 9,	 Epoch: 60/80,	 Avg.loss: 0.0008,	 Accuracy: 742/1000(74%)
Task: 9,	 Epoch: 61/80,	 Avg.loss: 0.0008,	 Accuracy: 750/1000(75%)
Task: 9,	 Epoch: 62/80,	 Avg.loss: 0.0008,	 Accuracy: 743/1000(74%)
Task: 9,	 Epoch: 63/80,	 Avg.loss: 0.0008,	 Accuracy: 747/1000(75%)
Task: 9,	 Epoch: 64/80,	 Avg.loss: 0.0008,	 Accuracy: 740/1000(74%)
Task: 9,	 Epoch: 65/80,	 Avg.loss: 0.0008,	 Accuracy: 750/1000(75%)
Task: 9,	 Epoch: 66/80,	 Avg.loss: 0.0008,	 Accuracy: 743/1000(74%)
Task: 9,	 Epoch: 67/80,	 Avg.loss: 0.0008,	 Accuracy: 750/1000(75%)
Task: 9,	 Epoch: 68/80,	 Avg.loss: 0.0008,	 Accuracy: 747/1000(75%)
Task: 9,	 Epoch: 69/80,	 Avg.loss: 0.0008,	 Accuracy: 742/1000(74%)
Task: 9,	 Epoch: 70/80,	 Avg.loss: 0.0008,	 Accuracy: 747/1000(75%)
Task: 9,	 Epoch: 71/80,	 Avg.loss: 0.0008,	 Accuracy: 746/1000(75%)
Task: 9,	 Epoch: 72/80,	 Avg.loss: 0.0008,	 Accuracy: 746/1000(75%)
Task: 9,	 Epoch: 73/80,	 Avg.loss: 0.0008,	 Accuracy: 745/1000(74%)
Task: 9,	 Epoch: 74/80,	 Avg.loss: 0.0008,	 Accuracy: 745/1000(74%)
Task: 9,	 Epoch: 75/80,	 Avg.loss: 0.0008,	 Accuracy: 743/1000(74%)
Task: 9,	 Epoch: 76/80,	 Avg.loss: 0.0008,	 Accuracy: 745/1000(74%)
Task: 9,	 Epoch: 77/80,	 Avg.loss: 0.0008,	 Accuracy: 747/1000(75%)
Task: 9,	 Epoch: 78/80,	 Avg.loss: 0.0008,	 Accuracy: 738/1000(74%)
Task: 9,	 Epoch: 79/80,	 Avg.loss: 0.0008,	 Accuracy: 748/1000(75%)
Task: 0,	 Epoch: -1/80,	 Avg.loss: 0.0029,	 Accuracy: 738/1000(74%)
Trained Task:9, Loaded task:0, Accuracy:73.8%
Task: 1,	 Epoch: -1/80,	 Avg.loss: 0.0022,	 Accuracy: 598/1000(60%)
Trained Task:9, Loaded task:1, Accuracy:59.8%
Task: 2,	 Epoch: -1/80,	 Avg.loss: 0.0022,	 Accuracy: 567/1000(57%)
Trained Task:9, Loaded task:2, Accuracy:56.7%
Task: 3,	 Epoch: -1/80,	 Avg.loss: 0.0010,	 Accuracy: 702/1000(70%)
Trained Task:9, Loaded task:3, Accuracy:70.2%
Task: 4,	 Epoch: -1/80,	 Avg.loss: 0.0009,	 Accuracy: 713/1000(71%)
Trained Task:9, Loaded task:4, Accuracy:71.3%
Task: 5,	 Epoch: -1/80,	 Avg.loss: 0.0011,	 Accuracy: 627/1000(63%)
Trained Task:9, Loaded task:5, Accuracy:62.7%
Task: 6,	 Epoch: -1/80,	 Avg.loss: 0.0009,	 Accuracy: 702/1000(70%)
Trained Task:9, Loaded task:6, Accuracy:70.2%
Task: 7,	 Epoch: -1/80,	 Avg.loss: 0.0010,	 Accuracy: 656/1000(66%)
Trained Task:9, Loaded task:7, Accuracy:65.6%
Task: 8,	 Epoch: -1/80,	 Avg.loss: 0.0008,	 Accuracy: 693/1000(69%)
Trained Task:9, Loaded task:8, Accuracy:69.3%
Task: 9,	 Epoch: -1/80,	 Avg.loss: 0.0008,	 Accuracy: 748/1000(75%)
Trained Task:9, Loaded task:9, Accuracy:74.8%
Trained Task:9, Avg. Accuracy: 67.4 

List of avg. accuracy: [86.0, 81.1, 79.8, 76.6, 75.7, 71.7, 70.7, 69.3, 68.6, 67.4]
