Mask histogram conv1_layer.2.weight: 	 tensor([   0., 8192.,    0.,    0.,    0.,    0.,    0.,    0.,    0.,    0.],
       device='cuda:0')
Mask histogram conv2_layer.2.weight: 	 tensor([2474., 1622.,    0.,    0.,    0.,    0.,    0.,    0.,    0.,    0.],
       device='cuda:0')
Mask histogram fc1_layer.0.weight: 	 tensor([306., 206.,   0.,   0.,   0.,   0.,   0.,   0.,   0.,   0.],
       device='cuda:0')
Task: 0,	 Epoch: 0/80,	 Avg.loss: 0.0013,	 Accuracy: 540/1000(54%)
Task: 0,	 Epoch: 1/80,	 Avg.loss: 0.0010,	 Accuracy: 648/1000(65%)
Task: 0,	 Epoch: 2/80,	 Avg.loss: 0.0008,	 Accuracy: 708/1000(71%)
Task: 0,	 Epoch: 3/80,	 Avg.loss: 0.0008,	 Accuracy: 737/1000(74%)
Task: 0,	 Epoch: 4/80,	 Avg.loss: 0.0007,	 Accuracy: 754/1000(75%)
Task: 0,	 Epoch: 5/80,	 Avg.loss: 0.0007,	 Accuracy: 767/1000(77%)
Task: 0,	 Epoch: 6/80,	 Avg.loss: 0.0007,	 Accuracy: 783/1000(78%)
Task: 0,	 Epoch: 7/80,	 Avg.loss: 0.0006,	 Accuracy: 779/1000(78%)
Task: 0,	 Epoch: 8/80,	 Avg.loss: 0.0006,	 Accuracy: 775/1000(78%)
Task: 0,	 Epoch: 9/80,	 Avg.loss: 0.0006,	 Accuracy: 792/1000(79%)
Task: 0,	 Epoch: 10/80,	 Avg.loss: 0.0007,	 Accuracy: 779/1000(78%)
Task: 0,	 Epoch: 11/80,	 Avg.loss: 0.0006,	 Accuracy: 813/1000(81%)
Task: 0,	 Epoch: 12/80,	 Avg.loss: 0.0006,	 Accuracy: 801/1000(80%)
Task: 0,	 Epoch: 13/80,	 Avg.loss: 0.0006,	 Accuracy: 828/1000(83%)
Task: 0,	 Epoch: 14/80,	 Avg.loss: 0.0006,	 Accuracy: 800/1000(80%)
Task: 0,	 Epoch: 15/80,	 Avg.loss: 0.0006,	 Accuracy: 818/1000(82%)
Task: 0,	 Epoch: 16/80,	 Avg.loss: 0.0006,	 Accuracy: 812/1000(81%)
Task: 0,	 Epoch: 17/80,	 Avg.loss: 0.0006,	 Accuracy: 812/1000(81%)
Task: 0,	 Epoch: 18/80,	 Avg.loss: 0.0006,	 Accuracy: 818/1000(82%)
Task: 0,	 Epoch: 19/80,	 Avg.loss: 0.0006,	 Accuracy: 809/1000(81%)
Task: 0,	 Epoch: 20/80,	 Avg.loss: 0.0006,	 Accuracy: 832/1000(83%)
Task: 0,	 Epoch: 21/80,	 Avg.loss: 0.0006,	 Accuracy: 821/1000(82%)
Task: 0,	 Epoch: 22/80,	 Avg.loss: 0.0006,	 Accuracy: 820/1000(82%)
Task: 0,	 Epoch: 23/80,	 Avg.loss: 0.0006,	 Accuracy: 827/1000(83%)
Task: 0,	 Epoch: 24/80,	 Avg.loss: 0.0006,	 Accuracy: 824/1000(82%)
Task: 0,	 Epoch: 25/80,	 Avg.loss: 0.0006,	 Accuracy: 832/1000(83%)
Task: 0,	 Epoch: 26/80,	 Avg.loss: 0.0006,	 Accuracy: 837/1000(84%)
Task: 0,	 Epoch: 27/80,	 Avg.loss: 0.0006,	 Accuracy: 822/1000(82%)
Task: 0,	 Epoch: 28/80,	 Avg.loss: 0.0006,	 Accuracy: 835/1000(84%)
Task: 0,	 Epoch: 29/80,	 Avg.loss: 0.0006,	 Accuracy: 830/1000(83%)
Task: 0,	 Epoch: 30/80,	 Avg.loss: 0.0006,	 Accuracy: 831/1000(83%)
Task: 0,	 Epoch: 31/80,	 Avg.loss: 0.0006,	 Accuracy: 821/1000(82%)
Task: 0,	 Epoch: 32/80,	 Avg.loss: 0.0006,	 Accuracy: 836/1000(84%)
Task: 0,	 Epoch: 33/80,	 Avg.loss: 0.0006,	 Accuracy: 824/1000(82%)
Task: 0,	 Epoch: 34/80,	 Avg.loss: 0.0006,	 Accuracy: 818/1000(82%)
Task: 0,	 Epoch: 35/80,	 Avg.loss: 0.0006,	 Accuracy: 833/1000(83%)
Task: 0,	 Epoch: 36/80,	 Avg.loss: 0.0006,	 Accuracy: 833/1000(83%)
Task: 0,	 Epoch: 37/80,	 Avg.loss: 0.0006,	 Accuracy: 847/1000(85%)
Task: 0,	 Epoch: 38/80,	 Avg.loss: 0.0006,	 Accuracy: 834/1000(83%)
Task: 0,	 Epoch: 39/80,	 Avg.loss: 0.0006,	 Accuracy: 828/1000(83%)
Task: 0,	 Epoch: 40/80,	 Avg.loss: 0.0006,	 Accuracy: 827/1000(83%)
Task: 0,	 Epoch: 41/80,	 Avg.loss: 0.0006,	 Accuracy: 843/1000(84%)
Task: 0,	 Epoch: 42/80,	 Avg.loss: 0.0007,	 Accuracy: 810/1000(81%)
Task: 0,	 Epoch: 43/80,	 Avg.loss: 0.0007,	 Accuracy: 816/1000(82%)
Task: 0,	 Epoch: 44/80,	 Avg.loss: 0.0007,	 Accuracy: 820/1000(82%)
Task: 0,	 Epoch: 45/80,	 Avg.loss: 0.0006,	 Accuracy: 841/1000(84%)
Task: 0,	 Epoch: 46/80,	 Avg.loss: 0.0007,	 Accuracy: 834/1000(83%)
Task: 0,	 Epoch: 47/80,	 Avg.loss: 0.0006,	 Accuracy: 840/1000(84%)
Task: 0,	 Epoch: 48/80,	 Avg.loss: 0.0006,	 Accuracy: 835/1000(84%)
Task: 0,	 Epoch: 49/80,	 Avg.loss: 0.0007,	 Accuracy: 820/1000(82%)
Task: 0,	 Epoch: 50/80,	 Avg.loss: 0.0006,	 Accuracy: 842/1000(84%)
Task: 0,	 Epoch: 51/80,	 Avg.loss: 0.0006,	 Accuracy: 846/1000(85%)
Task: 0,	 Epoch: 52/80,	 Avg.loss: 0.0006,	 Accuracy: 841/1000(84%)
Task: 0,	 Epoch: 53/80,	 Avg.loss: 0.0006,	 Accuracy: 847/1000(85%)
Task: 0,	 Epoch: 54/80,	 Avg.loss: 0.0006,	 Accuracy: 846/1000(85%)
Task: 0,	 Epoch: 55/80,	 Avg.loss: 0.0006,	 Accuracy: 846/1000(85%)
Task: 0,	 Epoch: 56/80,	 Avg.loss: 0.0006,	 Accuracy: 841/1000(84%)
Task: 0,	 Epoch: 57/80,	 Avg.loss: 0.0006,	 Accuracy: 846/1000(85%)
Task: 0,	 Epoch: 58/80,	 Avg.loss: 0.0006,	 Accuracy: 848/1000(85%)
Task: 0,	 Epoch: 59/80,	 Avg.loss: 0.0006,	 Accuracy: 842/1000(84%)
Task: 0,	 Epoch: 60/80,	 Avg.loss: 0.0006,	 Accuracy: 845/1000(85%)
Task: 0,	 Epoch: 61/80,	 Avg.loss: 0.0006,	 Accuracy: 850/1000(85%)
Task: 0,	 Epoch: 62/80,	 Avg.loss: 0.0006,	 Accuracy: 853/1000(85%)
Task: 0,	 Epoch: 63/80,	 Avg.loss: 0.0006,	 Accuracy: 850/1000(85%)
Task: 0,	 Epoch: 64/80,	 Avg.loss: 0.0006,	 Accuracy: 837/1000(84%)
Task: 0,	 Epoch: 65/80,	 Avg.loss: 0.0006,	 Accuracy: 850/1000(85%)
Task: 0,	 Epoch: 66/80,	 Avg.loss: 0.0006,	 Accuracy: 846/1000(85%)
Task: 0,	 Epoch: 67/80,	 Avg.loss: 0.0006,	 Accuracy: 845/1000(85%)
Task: 0,	 Epoch: 68/80,	 Avg.loss: 0.0006,	 Accuracy: 851/1000(85%)
Task: 0,	 Epoch: 69/80,	 Avg.loss: 0.0006,	 Accuracy: 844/1000(84%)
Task: 0,	 Epoch: 70/80,	 Avg.loss: 0.0006,	 Accuracy: 842/1000(84%)
Task: 0,	 Epoch: 71/80,	 Avg.loss: 0.0006,	 Accuracy: 852/1000(85%)
Task: 0,	 Epoch: 72/80,	 Avg.loss: 0.0006,	 Accuracy: 849/1000(85%)
Task: 0,	 Epoch: 73/80,	 Avg.loss: 0.0006,	 Accuracy: 849/1000(85%)
Task: 0,	 Epoch: 74/80,	 Avg.loss: 0.0006,	 Accuracy: 846/1000(85%)
Task: 0,	 Epoch: 75/80,	 Avg.loss: 0.0006,	 Accuracy: 845/1000(85%)
Task: 0,	 Epoch: 76/80,	 Avg.loss: 0.0006,	 Accuracy: 845/1000(85%)
Task: 0,	 Epoch: 77/80,	 Avg.loss: 0.0006,	 Accuracy: 852/1000(85%)
Task: 0,	 Epoch: 78/80,	 Avg.loss: 0.0006,	 Accuracy: 849/1000(85%)
Task: 0,	 Epoch: 79/80,	 Avg.loss: 0.0006,	 Accuracy: 847/1000(85%)
Task: 0,	 Epoch: -1/80,	 Avg.loss: 0.0006,	 Accuracy: 847/1000(85%)
Trained Task:0, Loaded task:0, Accuracy:84.7%
Trained Task:0, Avg. Accuracy: 84.7 

List of avg. accuracy: [84.7]
Mask histogram conv1_layer.2.weight: 	 tensor([   0.,    0., 8192.,    0.,    0.,    0.,    0.,    0.,    0.,    0.],
       device='cuda:0')
Mask histogram conv2_layer.2.weight: 	 tensor([1457., 1973.,  666.,    0.,    0.,    0.,    0.,    0.,    0.,    0.],
       device='cuda:0')
Mask histogram fc1_layer.0.weight: 	 tensor([198., 240.,  74.,   0.,   0.,   0.,   0.,   0.,   0.,   0.],
       device='cuda:0')
Task: 1,	 Epoch: 0/80,	 Avg.loss: 0.0010,	 Accuracy: 638/1000(64%)
Task: 1,	 Epoch: 1/80,	 Avg.loss: 0.0009,	 Accuracy: 680/1000(68%)
Task: 1,	 Epoch: 2/80,	 Avg.loss: 0.0009,	 Accuracy: 692/1000(69%)
Task: 1,	 Epoch: 3/80,	 Avg.loss: 0.0009,	 Accuracy: 706/1000(71%)
Task: 1,	 Epoch: 4/80,	 Avg.loss: 0.0008,	 Accuracy: 720/1000(72%)
Task: 1,	 Epoch: 5/80,	 Avg.loss: 0.0008,	 Accuracy: 730/1000(73%)
Task: 1,	 Epoch: 6/80,	 Avg.loss: 0.0008,	 Accuracy: 712/1000(71%)
Task: 1,	 Epoch: 7/80,	 Avg.loss: 0.0008,	 Accuracy: 727/1000(73%)
Task: 1,	 Epoch: 8/80,	 Avg.loss: 0.0008,	 Accuracy: 727/1000(73%)
Task: 1,	 Epoch: 9/80,	 Avg.loss: 0.0008,	 Accuracy: 719/1000(72%)
Task: 1,	 Epoch: 10/80,	 Avg.loss: 0.0008,	 Accuracy: 735/1000(74%)
Task: 1,	 Epoch: 11/80,	 Avg.loss: 0.0008,	 Accuracy: 741/1000(74%)
Task: 1,	 Epoch: 12/80,	 Avg.loss: 0.0008,	 Accuracy: 744/1000(74%)
Task: 1,	 Epoch: 13/80,	 Avg.loss: 0.0008,	 Accuracy: 738/1000(74%)
Task: 1,	 Epoch: 14/80,	 Avg.loss: 0.0008,	 Accuracy: 743/1000(74%)
Task: 1,	 Epoch: 15/80,	 Avg.loss: 0.0008,	 Accuracy: 734/1000(73%)
Task: 1,	 Epoch: 16/80,	 Avg.loss: 0.0008,	 Accuracy: 725/1000(72%)
Task: 1,	 Epoch: 17/80,	 Avg.loss: 0.0008,	 Accuracy: 732/1000(73%)
Task: 1,	 Epoch: 18/80,	 Avg.loss: 0.0008,	 Accuracy: 758/1000(76%)
Task: 1,	 Epoch: 19/80,	 Avg.loss: 0.0008,	 Accuracy: 753/1000(75%)
Task: 1,	 Epoch: 20/80,	 Avg.loss: 0.0008,	 Accuracy: 752/1000(75%)
Task: 1,	 Epoch: 21/80,	 Avg.loss: 0.0008,	 Accuracy: 740/1000(74%)
Task: 1,	 Epoch: 22/80,	 Avg.loss: 0.0008,	 Accuracy: 742/1000(74%)
Task: 1,	 Epoch: 23/80,	 Avg.loss: 0.0008,	 Accuracy: 753/1000(75%)
Task: 1,	 Epoch: 24/80,	 Avg.loss: 0.0008,	 Accuracy: 739/1000(74%)
Task: 1,	 Epoch: 25/80,	 Avg.loss: 0.0008,	 Accuracy: 748/1000(75%)
Task: 1,	 Epoch: 26/80,	 Avg.loss: 0.0008,	 Accuracy: 744/1000(74%)
Task: 1,	 Epoch: 27/80,	 Avg.loss: 0.0008,	 Accuracy: 752/1000(75%)
Task: 1,	 Epoch: 28/80,	 Avg.loss: 0.0008,	 Accuracy: 750/1000(75%)
Task: 1,	 Epoch: 29/80,	 Avg.loss: 0.0008,	 Accuracy: 760/1000(76%)
Task: 1,	 Epoch: 30/80,	 Avg.loss: 0.0008,	 Accuracy: 751/1000(75%)
Task: 1,	 Epoch: 31/80,	 Avg.loss: 0.0008,	 Accuracy: 747/1000(75%)
Task: 1,	 Epoch: 32/80,	 Avg.loss: 0.0008,	 Accuracy: 743/1000(74%)
Task: 1,	 Epoch: 33/80,	 Avg.loss: 0.0008,	 Accuracy: 758/1000(76%)
Task: 1,	 Epoch: 34/80,	 Avg.loss: 0.0008,	 Accuracy: 752/1000(75%)
Task: 1,	 Epoch: 35/80,	 Avg.loss: 0.0008,	 Accuracy: 765/1000(76%)
Task: 1,	 Epoch: 36/80,	 Avg.loss: 0.0008,	 Accuracy: 755/1000(76%)
Task: 1,	 Epoch: 37/80,	 Avg.loss: 0.0008,	 Accuracy: 742/1000(74%)
Task: 1,	 Epoch: 38/80,	 Avg.loss: 0.0008,	 Accuracy: 755/1000(76%)
Task: 1,	 Epoch: 39/80,	 Avg.loss: 0.0008,	 Accuracy: 762/1000(76%)
Task: 1,	 Epoch: 40/80,	 Avg.loss: 0.0008,	 Accuracy: 754/1000(75%)
Task: 1,	 Epoch: 41/80,	 Avg.loss: 0.0008,	 Accuracy: 756/1000(76%)
Task: 1,	 Epoch: 42/80,	 Avg.loss: 0.0008,	 Accuracy: 746/1000(75%)
Task: 1,	 Epoch: 43/80,	 Avg.loss: 0.0008,	 Accuracy: 745/1000(74%)
Task: 1,	 Epoch: 44/80,	 Avg.loss: 0.0008,	 Accuracy: 746/1000(75%)
Task: 1,	 Epoch: 45/80,	 Avg.loss: 0.0009,	 Accuracy: 751/1000(75%)
Task: 1,	 Epoch: 46/80,	 Avg.loss: 0.0008,	 Accuracy: 755/1000(76%)
Task: 1,	 Epoch: 47/80,	 Avg.loss: 0.0008,	 Accuracy: 752/1000(75%)
Task: 1,	 Epoch: 48/80,	 Avg.loss: 0.0008,	 Accuracy: 759/1000(76%)
Task: 1,	 Epoch: 49/80,	 Avg.loss: 0.0008,	 Accuracy: 761/1000(76%)
Task: 1,	 Epoch: 50/80,	 Avg.loss: 0.0008,	 Accuracy: 760/1000(76%)
Task: 1,	 Epoch: 51/80,	 Avg.loss: 0.0008,	 Accuracy: 754/1000(75%)
Task: 1,	 Epoch: 52/80,	 Avg.loss: 0.0008,	 Accuracy: 753/1000(75%)
Task: 1,	 Epoch: 53/80,	 Avg.loss: 0.0008,	 Accuracy: 764/1000(76%)
Task: 1,	 Epoch: 54/80,	 Avg.loss: 0.0008,	 Accuracy: 764/1000(76%)
Task: 1,	 Epoch: 55/80,	 Avg.loss: 0.0008,	 Accuracy: 764/1000(76%)
Task: 1,	 Epoch: 56/80,	 Avg.loss: 0.0008,	 Accuracy: 761/1000(76%)
Task: 1,	 Epoch: 57/80,	 Avg.loss: 0.0008,	 Accuracy: 764/1000(76%)
Task: 1,	 Epoch: 58/80,	 Avg.loss: 0.0008,	 Accuracy: 754/1000(75%)
Task: 1,	 Epoch: 59/80,	 Avg.loss: 0.0008,	 Accuracy: 763/1000(76%)
Task: 1,	 Epoch: 60/80,	 Avg.loss: 0.0008,	 Accuracy: 756/1000(76%)
Task: 1,	 Epoch: 61/80,	 Avg.loss: 0.0008,	 Accuracy: 760/1000(76%)
Task: 1,	 Epoch: 62/80,	 Avg.loss: 0.0008,	 Accuracy: 758/1000(76%)
Task: 1,	 Epoch: 63/80,	 Avg.loss: 0.0008,	 Accuracy: 755/1000(76%)
Task: 1,	 Epoch: 64/80,	 Avg.loss: 0.0008,	 Accuracy: 765/1000(76%)
Task: 1,	 Epoch: 65/80,	 Avg.loss: 0.0008,	 Accuracy: 758/1000(76%)
Task: 1,	 Epoch: 66/80,	 Avg.loss: 0.0008,	 Accuracy: 766/1000(77%)
Task: 1,	 Epoch: 67/80,	 Avg.loss: 0.0008,	 Accuracy: 762/1000(76%)
Task: 1,	 Epoch: 68/80,	 Avg.loss: 0.0008,	 Accuracy: 762/1000(76%)
Task: 1,	 Epoch: 69/80,	 Avg.loss: 0.0008,	 Accuracy: 761/1000(76%)
Task: 1,	 Epoch: 70/80,	 Avg.loss: 0.0008,	 Accuracy: 758/1000(76%)
Task: 1,	 Epoch: 71/80,	 Avg.loss: 0.0008,	 Accuracy: 764/1000(76%)
Task: 1,	 Epoch: 72/80,	 Avg.loss: 0.0008,	 Accuracy: 758/1000(76%)
Task: 1,	 Epoch: 73/80,	 Avg.loss: 0.0008,	 Accuracy: 761/1000(76%)
Task: 1,	 Epoch: 74/80,	 Avg.loss: 0.0008,	 Accuracy: 766/1000(77%)
Task: 1,	 Epoch: 75/80,	 Avg.loss: 0.0008,	 Accuracy: 764/1000(76%)
Task: 1,	 Epoch: 76/80,	 Avg.loss: 0.0008,	 Accuracy: 763/1000(76%)
Task: 1,	 Epoch: 77/80,	 Avg.loss: 0.0008,	 Accuracy: 761/1000(76%)
Task: 1,	 Epoch: 78/80,	 Avg.loss: 0.0008,	 Accuracy: 767/1000(77%)
Task: 1,	 Epoch: 79/80,	 Avg.loss: 0.0008,	 Accuracy: 767/1000(77%)
Task: 0,	 Epoch: -1/80,	 Avg.loss: 0.0006,	 Accuracy: 844/1000(84%)
Trained Task:1, Loaded task:0, Accuracy:84.4%
Task: 1,	 Epoch: -1/80,	 Avg.loss: 0.0008,	 Accuracy: 767/1000(77%)
Trained Task:1, Loaded task:1, Accuracy:76.7%
Trained Task:1, Avg. Accuracy: 80.6 

List of avg. accuracy: [84.7, 80.6]
Mask histogram conv1_layer.2.weight: 	 tensor([   0.,    0.,    0., 8192.,    0.,    0.,    0.,    0.,    0.,    0.],
       device='cuda:0')
Mask histogram conv2_layer.2.weight: 	 tensor([ 885., 1730., 1208.,  273.,    0.,    0.,    0.,    0.,    0.,    0.],
       device='cuda:0')
Mask histogram fc1_layer.0.weight: 	 tensor([134., 205., 147.,  26.,   0.,   0.,   0.,   0.,   0.,   0.],
       device='cuda:0')
Task: 2,	 Epoch: 0/80,	 Avg.loss: 0.0010,	 Accuracy: 660/1000(66%)
Task: 2,	 Epoch: 1/80,	 Avg.loss: 0.0009,	 Accuracy: 721/1000(72%)
Task: 2,	 Epoch: 2/80,	 Avg.loss: 0.0008,	 Accuracy: 739/1000(74%)
Task: 2,	 Epoch: 3/80,	 Avg.loss: 0.0008,	 Accuracy: 764/1000(76%)
Task: 2,	 Epoch: 4/80,	 Avg.loss: 0.0007,	 Accuracy: 761/1000(76%)
Task: 2,	 Epoch: 5/80,	 Avg.loss: 0.0007,	 Accuracy: 769/1000(77%)
Task: 2,	 Epoch: 6/80,	 Avg.loss: 0.0007,	 Accuracy: 774/1000(77%)
Task: 2,	 Epoch: 7/80,	 Avg.loss: 0.0007,	 Accuracy: 776/1000(78%)
Task: 2,	 Epoch: 8/80,	 Avg.loss: 0.0007,	 Accuracy: 771/1000(77%)
Task: 2,	 Epoch: 9/80,	 Avg.loss: 0.0007,	 Accuracy: 782/1000(78%)
Task: 2,	 Epoch: 10/80,	 Avg.loss: 0.0006,	 Accuracy: 792/1000(79%)
Task: 2,	 Epoch: 11/80,	 Avg.loss: 0.0007,	 Accuracy: 780/1000(78%)
Task: 2,	 Epoch: 12/80,	 Avg.loss: 0.0007,	 Accuracy: 783/1000(78%)
Task: 2,	 Epoch: 13/80,	 Avg.loss: 0.0007,	 Accuracy: 784/1000(78%)
Task: 2,	 Epoch: 14/80,	 Avg.loss: 0.0006,	 Accuracy: 785/1000(78%)
Task: 2,	 Epoch: 15/80,	 Avg.loss: 0.0007,	 Accuracy: 782/1000(78%)
Task: 2,	 Epoch: 16/80,	 Avg.loss: 0.0007,	 Accuracy: 790/1000(79%)
Task: 2,	 Epoch: 17/80,	 Avg.loss: 0.0007,	 Accuracy: 767/1000(77%)
Task: 2,	 Epoch: 18/80,	 Avg.loss: 0.0007,	 Accuracy: 792/1000(79%)
Task: 2,	 Epoch: 19/80,	 Avg.loss: 0.0007,	 Accuracy: 791/1000(79%)
Task: 2,	 Epoch: 20/80,	 Avg.loss: 0.0006,	 Accuracy: 782/1000(78%)
Task: 2,	 Epoch: 21/80,	 Avg.loss: 0.0006,	 Accuracy: 796/1000(80%)
Task: 2,	 Epoch: 22/80,	 Avg.loss: 0.0006,	 Accuracy: 791/1000(79%)
Task: 2,	 Epoch: 23/80,	 Avg.loss: 0.0007,	 Accuracy: 785/1000(78%)
Task: 2,	 Epoch: 24/80,	 Avg.loss: 0.0007,	 Accuracy: 791/1000(79%)
Task: 2,	 Epoch: 25/80,	 Avg.loss: 0.0006,	 Accuracy: 796/1000(80%)
Task: 2,	 Epoch: 26/80,	 Avg.loss: 0.0007,	 Accuracy: 795/1000(80%)
Task: 2,	 Epoch: 27/80,	 Avg.loss: 0.0007,	 Accuracy: 801/1000(80%)
Task: 2,	 Epoch: 28/80,	 Avg.loss: 0.0006,	 Accuracy: 801/1000(80%)
Task: 2,	 Epoch: 29/80,	 Avg.loss: 0.0007,	 Accuracy: 802/1000(80%)
Task: 2,	 Epoch: 30/80,	 Avg.loss: 0.0007,	 Accuracy: 798/1000(80%)
Task: 2,	 Epoch: 31/80,	 Avg.loss: 0.0007,	 Accuracy: 794/1000(79%)
Task: 2,	 Epoch: 32/80,	 Avg.loss: 0.0007,	 Accuracy: 794/1000(79%)
Task: 2,	 Epoch: 33/80,	 Avg.loss: 0.0006,	 Accuracy: 804/1000(80%)
Task: 2,	 Epoch: 34/80,	 Avg.loss: 0.0007,	 Accuracy: 787/1000(79%)
Task: 2,	 Epoch: 35/80,	 Avg.loss: 0.0006,	 Accuracy: 812/1000(81%)
Task: 2,	 Epoch: 36/80,	 Avg.loss: 0.0006,	 Accuracy: 808/1000(81%)
Task: 2,	 Epoch: 37/80,	 Avg.loss: 0.0007,	 Accuracy: 793/1000(79%)
Task: 2,	 Epoch: 38/80,	 Avg.loss: 0.0006,	 Accuracy: 812/1000(81%)
Task: 2,	 Epoch: 39/80,	 Avg.loss: 0.0007,	 Accuracy: 805/1000(81%)
Task: 2,	 Epoch: 40/80,	 Avg.loss: 0.0007,	 Accuracy: 802/1000(80%)
Task: 2,	 Epoch: 41/80,	 Avg.loss: 0.0006,	 Accuracy: 797/1000(80%)
Task: 2,	 Epoch: 42/80,	 Avg.loss: 0.0007,	 Accuracy: 800/1000(80%)
Task: 2,	 Epoch: 43/80,	 Avg.loss: 0.0007,	 Accuracy: 805/1000(81%)
Task: 2,	 Epoch: 44/80,	 Avg.loss: 0.0007,	 Accuracy: 786/1000(79%)
Task: 2,	 Epoch: 45/80,	 Avg.loss: 0.0007,	 Accuracy: 797/1000(80%)
Task: 2,	 Epoch: 46/80,	 Avg.loss: 0.0007,	 Accuracy: 803/1000(80%)
Task: 2,	 Epoch: 47/80,	 Avg.loss: 0.0007,	 Accuracy: 805/1000(81%)
Task: 2,	 Epoch: 48/80,	 Avg.loss: 0.0007,	 Accuracy: 791/1000(79%)
Task: 2,	 Epoch: 49/80,	 Avg.loss: 0.0007,	 Accuracy: 797/1000(80%)
Task: 2,	 Epoch: 50/80,	 Avg.loss: 0.0006,	 Accuracy: 811/1000(81%)
Task: 2,	 Epoch: 51/80,	 Avg.loss: 0.0006,	 Accuracy: 807/1000(81%)
Task: 2,	 Epoch: 52/80,	 Avg.loss: 0.0006,	 Accuracy: 811/1000(81%)
Task: 2,	 Epoch: 53/80,	 Avg.loss: 0.0006,	 Accuracy: 810/1000(81%)
Task: 2,	 Epoch: 54/80,	 Avg.loss: 0.0006,	 Accuracy: 807/1000(81%)
Task: 2,	 Epoch: 55/80,	 Avg.loss: 0.0006,	 Accuracy: 813/1000(81%)
Task: 2,	 Epoch: 56/80,	 Avg.loss: 0.0006,	 Accuracy: 806/1000(81%)
Task: 2,	 Epoch: 57/80,	 Avg.loss: 0.0006,	 Accuracy: 806/1000(81%)
Task: 2,	 Epoch: 58/80,	 Avg.loss: 0.0006,	 Accuracy: 807/1000(81%)
Task: 2,	 Epoch: 59/80,	 Avg.loss: 0.0006,	 Accuracy: 808/1000(81%)
Task: 2,	 Epoch: 60/80,	 Avg.loss: 0.0006,	 Accuracy: 811/1000(81%)
Task: 2,	 Epoch: 61/80,	 Avg.loss: 0.0006,	 Accuracy: 813/1000(81%)
Task: 2,	 Epoch: 62/80,	 Avg.loss: 0.0006,	 Accuracy: 808/1000(81%)
Task: 2,	 Epoch: 63/80,	 Avg.loss: 0.0006,	 Accuracy: 812/1000(81%)
Task: 2,	 Epoch: 64/80,	 Avg.loss: 0.0006,	 Accuracy: 806/1000(81%)
Task: 2,	 Epoch: 65/80,	 Avg.loss: 0.0006,	 Accuracy: 811/1000(81%)
Task: 2,	 Epoch: 66/80,	 Avg.loss: 0.0006,	 Accuracy: 806/1000(81%)
Task: 2,	 Epoch: 67/80,	 Avg.loss: 0.0006,	 Accuracy: 803/1000(80%)
Task: 2,	 Epoch: 68/80,	 Avg.loss: 0.0007,	 Accuracy: 813/1000(81%)
Task: 2,	 Epoch: 69/80,	 Avg.loss: 0.0006,	 Accuracy: 806/1000(81%)
Task: 2,	 Epoch: 70/80,	 Avg.loss: 0.0006,	 Accuracy: 812/1000(81%)
Task: 2,	 Epoch: 71/80,	 Avg.loss: 0.0006,	 Accuracy: 813/1000(81%)
Task: 2,	 Epoch: 72/80,	 Avg.loss: 0.0007,	 Accuracy: 805/1000(81%)
Task: 2,	 Epoch: 73/80,	 Avg.loss: 0.0007,	 Accuracy: 809/1000(81%)
Task: 2,	 Epoch: 74/80,	 Avg.loss: 0.0006,	 Accuracy: 813/1000(81%)
Task: 2,	 Epoch: 75/80,	 Avg.loss: 0.0006,	 Accuracy: 814/1000(81%)
Task: 2,	 Epoch: 76/80,	 Avg.loss: 0.0007,	 Accuracy: 810/1000(81%)
Task: 2,	 Epoch: 77/80,	 Avg.loss: 0.0007,	 Accuracy: 806/1000(81%)
Task: 2,	 Epoch: 78/80,	 Avg.loss: 0.0007,	 Accuracy: 811/1000(81%)
Task: 2,	 Epoch: 79/80,	 Avg.loss: 0.0006,	 Accuracy: 816/1000(82%)
Task: 0,	 Epoch: -1/80,	 Avg.loss: 0.0007,	 Accuracy: 842/1000(84%)
Trained Task:2, Loaded task:0, Accuracy:84.2%
Task: 1,	 Epoch: -1/80,	 Avg.loss: 0.0008,	 Accuracy: 766/1000(77%)
Trained Task:2, Loaded task:1, Accuracy:76.6%
Task: 2,	 Epoch: -1/80,	 Avg.loss: 0.0006,	 Accuracy: 816/1000(82%)
Trained Task:2, Loaded task:2, Accuracy:81.6%
Trained Task:2, Avg. Accuracy: 80.8 

List of avg. accuracy: [84.7, 80.6, 80.8]
Mask histogram conv1_layer.2.weight: 	 tensor([   0.,    0.,    0.,    0., 8192.,    0.,    0.,    0.,    0.,    0.],
       device='cuda:0')
Mask histogram conv2_layer.2.weight: 	 tensor([ 540., 1382., 1426.,  637.,  111.,    0.,    0.,    0.,    0.,    0.],
       device='cuda:0')
Mask histogram fc1_layer.0.weight: 	 tensor([ 79., 181., 166.,  78.,   8.,   0.,   0.,   0.,   0.,   0.],
       device='cuda:0')
Task: 3,	 Epoch: 0/80,	 Avg.loss: 0.0011,	 Accuracy: 595/1000(60%)
Task: 3,	 Epoch: 1/80,	 Avg.loss: 0.0010,	 Accuracy: 662/1000(66%)
Task: 3,	 Epoch: 2/80,	 Avg.loss: 0.0010,	 Accuracy: 684/1000(68%)
Task: 3,	 Epoch: 3/80,	 Avg.loss: 0.0009,	 Accuracy: 691/1000(69%)
Task: 3,	 Epoch: 4/80,	 Avg.loss: 0.0009,	 Accuracy: 700/1000(70%)
Task: 3,	 Epoch: 5/80,	 Avg.loss: 0.0009,	 Accuracy: 718/1000(72%)
Task: 3,	 Epoch: 6/80,	 Avg.loss: 0.0008,	 Accuracy: 726/1000(73%)
Task: 3,	 Epoch: 7/80,	 Avg.loss: 0.0008,	 Accuracy: 729/1000(73%)
Task: 3,	 Epoch: 8/80,	 Avg.loss: 0.0008,	 Accuracy: 732/1000(73%)
Task: 3,	 Epoch: 9/80,	 Avg.loss: 0.0008,	 Accuracy: 748/1000(75%)
Task: 3,	 Epoch: 10/80,	 Avg.loss: 0.0009,	 Accuracy: 737/1000(74%)
Task: 3,	 Epoch: 11/80,	 Avg.loss: 0.0008,	 Accuracy: 743/1000(74%)
Task: 3,	 Epoch: 12/80,	 Avg.loss: 0.0008,	 Accuracy: 751/1000(75%)
Task: 3,	 Epoch: 13/80,	 Avg.loss: 0.0008,	 Accuracy: 746/1000(75%)
Task: 3,	 Epoch: 14/80,	 Avg.loss: 0.0008,	 Accuracy: 746/1000(75%)
Task: 3,	 Epoch: 15/80,	 Avg.loss: 0.0008,	 Accuracy: 744/1000(74%)
Task: 3,	 Epoch: 16/80,	 Avg.loss: 0.0008,	 Accuracy: 749/1000(75%)
Task: 3,	 Epoch: 17/80,	 Avg.loss: 0.0008,	 Accuracy: 743/1000(74%)
Task: 3,	 Epoch: 18/80,	 Avg.loss: 0.0009,	 Accuracy: 738/1000(74%)
Task: 3,	 Epoch: 19/80,	 Avg.loss: 0.0008,	 Accuracy: 749/1000(75%)
Task: 3,	 Epoch: 20/80,	 Avg.loss: 0.0008,	 Accuracy: 740/1000(74%)
Task: 3,	 Epoch: 21/80,	 Avg.loss: 0.0008,	 Accuracy: 749/1000(75%)
Task: 3,	 Epoch: 22/80,	 Avg.loss: 0.0008,	 Accuracy: 752/1000(75%)
Task: 3,	 Epoch: 23/80,	 Avg.loss: 0.0008,	 Accuracy: 751/1000(75%)
Task: 3,	 Epoch: 24/80,	 Avg.loss: 0.0008,	 Accuracy: 749/1000(75%)
Task: 3,	 Epoch: 25/80,	 Avg.loss: 0.0008,	 Accuracy: 748/1000(75%)
Task: 3,	 Epoch: 26/80,	 Avg.loss: 0.0008,	 Accuracy: 748/1000(75%)
Task: 3,	 Epoch: 27/80,	 Avg.loss: 0.0008,	 Accuracy: 767/1000(77%)
Task: 3,	 Epoch: 28/80,	 Avg.loss: 0.0008,	 Accuracy: 768/1000(77%)
Task: 3,	 Epoch: 29/80,	 Avg.loss: 0.0008,	 Accuracy: 764/1000(76%)
Task: 3,	 Epoch: 30/80,	 Avg.loss: 0.0008,	 Accuracy: 744/1000(74%)
Task: 3,	 Epoch: 31/80,	 Avg.loss: 0.0008,	 Accuracy: 766/1000(77%)
Task: 3,	 Epoch: 32/80,	 Avg.loss: 0.0008,	 Accuracy: 767/1000(77%)
Task: 3,	 Epoch: 33/80,	 Avg.loss: 0.0008,	 Accuracy: 753/1000(75%)
Task: 3,	 Epoch: 34/80,	 Avg.loss: 0.0008,	 Accuracy: 756/1000(76%)
Task: 3,	 Epoch: 35/80,	 Avg.loss: 0.0008,	 Accuracy: 749/1000(75%)
Task: 3,	 Epoch: 36/80,	 Avg.loss: 0.0008,	 Accuracy: 763/1000(76%)
Task: 3,	 Epoch: 37/80,	 Avg.loss: 0.0008,	 Accuracy: 763/1000(76%)
Task: 3,	 Epoch: 38/80,	 Avg.loss: 0.0008,	 Accuracy: 747/1000(75%)
Task: 3,	 Epoch: 39/80,	 Avg.loss: 0.0008,	 Accuracy: 757/1000(76%)
Task: 3,	 Epoch: 40/80,	 Avg.loss: 0.0008,	 Accuracy: 763/1000(76%)
Task: 3,	 Epoch: 41/80,	 Avg.loss: 0.0008,	 Accuracy: 760/1000(76%)
Task: 3,	 Epoch: 42/80,	 Avg.loss: 0.0008,	 Accuracy: 761/1000(76%)
Task: 3,	 Epoch: 43/80,	 Avg.loss: 0.0008,	 Accuracy: 747/1000(75%)
Task: 3,	 Epoch: 44/80,	 Avg.loss: 0.0008,	 Accuracy: 751/1000(75%)
Task: 3,	 Epoch: 45/80,	 Avg.loss: 0.0008,	 Accuracy: 765/1000(76%)
Task: 3,	 Epoch: 46/80,	 Avg.loss: 0.0008,	 Accuracy: 760/1000(76%)
Task: 3,	 Epoch: 47/80,	 Avg.loss: 0.0008,	 Accuracy: 758/1000(76%)
Task: 3,	 Epoch: 48/80,	 Avg.loss: 0.0008,	 Accuracy: 741/1000(74%)
Task: 3,	 Epoch: 49/80,	 Avg.loss: 0.0008,	 Accuracy: 772/1000(77%)
Task: 3,	 Epoch: 50/80,	 Avg.loss: 0.0008,	 Accuracy: 776/1000(78%)
Task: 3,	 Epoch: 51/80,	 Avg.loss: 0.0008,	 Accuracy: 779/1000(78%)
Task: 3,	 Epoch: 52/80,	 Avg.loss: 0.0007,	 Accuracy: 774/1000(77%)
Task: 3,	 Epoch: 53/80,	 Avg.loss: 0.0008,	 Accuracy: 775/1000(78%)
Task: 3,	 Epoch: 54/80,	 Avg.loss: 0.0007,	 Accuracy: 776/1000(78%)
Task: 3,	 Epoch: 55/80,	 Avg.loss: 0.0008,	 Accuracy: 776/1000(78%)
Task: 3,	 Epoch: 56/80,	 Avg.loss: 0.0007,	 Accuracy: 779/1000(78%)
Task: 3,	 Epoch: 57/80,	 Avg.loss: 0.0008,	 Accuracy: 773/1000(77%)
Task: 3,	 Epoch: 58/80,	 Avg.loss: 0.0008,	 Accuracy: 776/1000(78%)
Task: 3,	 Epoch: 59/80,	 Avg.loss: 0.0008,	 Accuracy: 773/1000(77%)
Task: 3,	 Epoch: 60/80,	 Avg.loss: 0.0008,	 Accuracy: 777/1000(78%)
Task: 3,	 Epoch: 61/80,	 Avg.loss: 0.0007,	 Accuracy: 777/1000(78%)
Task: 3,	 Epoch: 62/80,	 Avg.loss: 0.0008,	 Accuracy: 778/1000(78%)
Task: 3,	 Epoch: 63/80,	 Avg.loss: 0.0008,	 Accuracy: 766/1000(77%)
Task: 3,	 Epoch: 64/80,	 Avg.loss: 0.0008,	 Accuracy: 775/1000(78%)
Task: 3,	 Epoch: 65/80,	 Avg.loss: 0.0008,	 Accuracy: 768/1000(77%)
Task: 3,	 Epoch: 66/80,	 Avg.loss: 0.0008,	 Accuracy: 777/1000(78%)
Task: 3,	 Epoch: 67/80,	 Avg.loss: 0.0008,	 Accuracy: 778/1000(78%)
Task: 3,	 Epoch: 68/80,	 Avg.loss: 0.0008,	 Accuracy: 777/1000(78%)
Task: 3,	 Epoch: 69/80,	 Avg.loss: 0.0008,	 Accuracy: 771/1000(77%)
Task: 3,	 Epoch: 70/80,	 Avg.loss: 0.0008,	 Accuracy: 777/1000(78%)
Task: 3,	 Epoch: 71/80,	 Avg.loss: 0.0008,	 Accuracy: 784/1000(78%)
Task: 3,	 Epoch: 72/80,	 Avg.loss: 0.0008,	 Accuracy: 775/1000(78%)
Task: 3,	 Epoch: 73/80,	 Avg.loss: 0.0008,	 Accuracy: 776/1000(78%)
Task: 3,	 Epoch: 74/80,	 Avg.loss: 0.0008,	 Accuracy: 770/1000(77%)
Task: 3,	 Epoch: 75/80,	 Avg.loss: 0.0008,	 Accuracy: 779/1000(78%)
Task: 3,	 Epoch: 76/80,	 Avg.loss: 0.0008,	 Accuracy: 777/1000(78%)
Task: 3,	 Epoch: 77/80,	 Avg.loss: 0.0008,	 Accuracy: 771/1000(77%)
Task: 3,	 Epoch: 78/80,	 Avg.loss: 0.0008,	 Accuracy: 779/1000(78%)
Task: 3,	 Epoch: 79/80,	 Avg.loss: 0.0008,	 Accuracy: 777/1000(78%)
Task: 0,	 Epoch: -1/80,	 Avg.loss: 0.0007,	 Accuracy: 837/1000(84%)
Trained Task:3, Loaded task:0, Accuracy:83.7%
Task: 1,	 Epoch: -1/80,	 Avg.loss: 0.0008,	 Accuracy: 761/1000(76%)
Trained Task:3, Loaded task:1, Accuracy:76.1%
Task: 2,	 Epoch: -1/80,	 Avg.loss: 0.0007,	 Accuracy: 803/1000(80%)
Trained Task:3, Loaded task:2, Accuracy:80.3%
Task: 3,	 Epoch: -1/80,	 Avg.loss: 0.0008,	 Accuracy: 777/1000(78%)
Trained Task:3, Loaded task:3, Accuracy:77.7%
Trained Task:3, Avg. Accuracy: 79.5 

List of avg. accuracy: [84.7, 80.6, 80.8, 79.5]
Mask histogram conv1_layer.2.weight: 	 tensor([   0.,    0.,    0.,    0.,    0., 8192.,    0.,    0.,    0.,    0.],
       device='cuda:0')
Mask histogram conv2_layer.2.weight: 	 tensor([ 330., 1022., 1401.,  985.,  316.,   42.,    0.,    0.,    0.,    0.],
       device='cuda:0')
Mask histogram fc1_layer.0.weight: 	 tensor([ 49., 140., 155., 122.,  43.,   3.,   0.,   0.,   0.,   0.],
       device='cuda:0')
Task: 4,	 Epoch: 0/80,	 Avg.loss: 0.0009,	 Accuracy: 695/1000(70%)
Task: 4,	 Epoch: 1/80,	 Avg.loss: 0.0009,	 Accuracy: 723/1000(72%)
Task: 4,	 Epoch: 2/80,	 Avg.loss: 0.0008,	 Accuracy: 742/1000(74%)
Task: 4,	 Epoch: 3/80,	 Avg.loss: 0.0008,	 Accuracy: 745/1000(74%)
Task: 4,	 Epoch: 4/80,	 Avg.loss: 0.0007,	 Accuracy: 756/1000(76%)
Task: 4,	 Epoch: 5/80,	 Avg.loss: 0.0008,	 Accuracy: 766/1000(77%)
Task: 4,	 Epoch: 6/80,	 Avg.loss: 0.0007,	 Accuracy: 785/1000(78%)
Task: 4,	 Epoch: 7/80,	 Avg.loss: 0.0007,	 Accuracy: 774/1000(77%)
Task: 4,	 Epoch: 8/80,	 Avg.loss: 0.0007,	 Accuracy: 774/1000(77%)
Task: 4,	 Epoch: 9/80,	 Avg.loss: 0.0007,	 Accuracy: 771/1000(77%)
Task: 4,	 Epoch: 10/80,	 Avg.loss: 0.0007,	 Accuracy: 784/1000(78%)
Task: 4,	 Epoch: 11/80,	 Avg.loss: 0.0007,	 Accuracy: 778/1000(78%)
Task: 4,	 Epoch: 12/80,	 Avg.loss: 0.0007,	 Accuracy: 782/1000(78%)
Task: 4,	 Epoch: 13/80,	 Avg.loss: 0.0007,	 Accuracy: 767/1000(77%)
Task: 4,	 Epoch: 14/80,	 Avg.loss: 0.0007,	 Accuracy: 778/1000(78%)
Task: 4,	 Epoch: 15/80,	 Avg.loss: 0.0007,	 Accuracy: 777/1000(78%)
Task: 4,	 Epoch: 16/80,	 Avg.loss: 0.0006,	 Accuracy: 804/1000(80%)
Task: 4,	 Epoch: 17/80,	 Avg.loss: 0.0007,	 Accuracy: 795/1000(80%)
Task: 4,	 Epoch: 18/80,	 Avg.loss: 0.0007,	 Accuracy: 775/1000(78%)
Task: 4,	 Epoch: 19/80,	 Avg.loss: 0.0007,	 Accuracy: 789/1000(79%)
Task: 4,	 Epoch: 20/80,	 Avg.loss: 0.0007,	 Accuracy: 792/1000(79%)
Task: 4,	 Epoch: 21/80,	 Avg.loss: 0.0007,	 Accuracy: 789/1000(79%)
Task: 4,	 Epoch: 22/80,	 Avg.loss: 0.0007,	 Accuracy: 791/1000(79%)
Task: 4,	 Epoch: 23/80,	 Avg.loss: 0.0007,	 Accuracy: 802/1000(80%)
Task: 4,	 Epoch: 24/80,	 Avg.loss: 0.0007,	 Accuracy: 811/1000(81%)
Task: 4,	 Epoch: 25/80,	 Avg.loss: 0.0007,	 Accuracy: 811/1000(81%)
Task: 4,	 Epoch: 26/80,	 Avg.loss: 0.0007,	 Accuracy: 799/1000(80%)
Task: 4,	 Epoch: 27/80,	 Avg.loss: 0.0007,	 Accuracy: 800/1000(80%)
Task: 4,	 Epoch: 28/80,	 Avg.loss: 0.0007,	 Accuracy: 801/1000(80%)
Task: 4,	 Epoch: 29/80,	 Avg.loss: 0.0007,	 Accuracy: 786/1000(79%)
Task: 4,	 Epoch: 30/80,	 Avg.loss: 0.0007,	 Accuracy: 805/1000(81%)
Task: 4,	 Epoch: 31/80,	 Avg.loss: 0.0007,	 Accuracy: 799/1000(80%)
Task: 4,	 Epoch: 32/80,	 Avg.loss: 0.0007,	 Accuracy: 804/1000(80%)
Task: 4,	 Epoch: 33/80,	 Avg.loss: 0.0006,	 Accuracy: 801/1000(80%)
Task: 4,	 Epoch: 34/80,	 Avg.loss: 0.0007,	 Accuracy: 799/1000(80%)
Task: 4,	 Epoch: 35/80,	 Avg.loss: 0.0007,	 Accuracy: 809/1000(81%)
Task: 4,	 Epoch: 36/80,	 Avg.loss: 0.0007,	 Accuracy: 810/1000(81%)
Task: 4,	 Epoch: 37/80,	 Avg.loss: 0.0007,	 Accuracy: 803/1000(80%)
Task: 4,	 Epoch: 38/80,	 Avg.loss: 0.0007,	 Accuracy: 807/1000(81%)
Task: 4,	 Epoch: 39/80,	 Avg.loss: 0.0007,	 Accuracy: 809/1000(81%)
Task: 4,	 Epoch: 40/80,	 Avg.loss: 0.0007,	 Accuracy: 801/1000(80%)
Task: 4,	 Epoch: 41/80,	 Avg.loss: 0.0006,	 Accuracy: 806/1000(81%)
Task: 4,	 Epoch: 42/80,	 Avg.loss: 0.0007,	 Accuracy: 796/1000(80%)
Task: 4,	 Epoch: 43/80,	 Avg.loss: 0.0007,	 Accuracy: 802/1000(80%)
Task: 4,	 Epoch: 44/80,	 Avg.loss: 0.0007,	 Accuracy: 812/1000(81%)
Task: 4,	 Epoch: 45/80,	 Avg.loss: 0.0007,	 Accuracy: 808/1000(81%)
Task: 4,	 Epoch: 46/80,	 Avg.loss: 0.0007,	 Accuracy: 798/1000(80%)
Task: 4,	 Epoch: 47/80,	 Avg.loss: 0.0007,	 Accuracy: 815/1000(82%)
Task: 4,	 Epoch: 48/80,	 Avg.loss: 0.0007,	 Accuracy: 789/1000(79%)
Task: 4,	 Epoch: 49/80,	 Avg.loss: 0.0007,	 Accuracy: 805/1000(81%)
Task: 4,	 Epoch: 50/80,	 Avg.loss: 0.0007,	 Accuracy: 807/1000(81%)
Task: 4,	 Epoch: 51/80,	 Avg.loss: 0.0007,	 Accuracy: 813/1000(81%)
Task: 4,	 Epoch: 52/80,	 Avg.loss: 0.0006,	 Accuracy: 815/1000(82%)
Task: 4,	 Epoch: 53/80,	 Avg.loss: 0.0007,	 Accuracy: 809/1000(81%)
Task: 4,	 Epoch: 54/80,	 Avg.loss: 0.0007,	 Accuracy: 814/1000(81%)
Task: 4,	 Epoch: 55/80,	 Avg.loss: 0.0007,	 Accuracy: 810/1000(81%)
Task: 4,	 Epoch: 56/80,	 Avg.loss: 0.0007,	 Accuracy: 811/1000(81%)
Task: 4,	 Epoch: 57/80,	 Avg.loss: 0.0007,	 Accuracy: 813/1000(81%)
Task: 4,	 Epoch: 58/80,	 Avg.loss: 0.0007,	 Accuracy: 817/1000(82%)
Task: 4,	 Epoch: 59/80,	 Avg.loss: 0.0007,	 Accuracy: 805/1000(81%)
Task: 4,	 Epoch: 60/80,	 Avg.loss: 0.0007,	 Accuracy: 811/1000(81%)
Task: 4,	 Epoch: 61/80,	 Avg.loss: 0.0007,	 Accuracy: 808/1000(81%)
Task: 4,	 Epoch: 62/80,	 Avg.loss: 0.0007,	 Accuracy: 808/1000(81%)
Task: 4,	 Epoch: 63/80,	 Avg.loss: 0.0006,	 Accuracy: 814/1000(81%)
Task: 4,	 Epoch: 64/80,	 Avg.loss: 0.0007,	 Accuracy: 809/1000(81%)
Task: 4,	 Epoch: 65/80,	 Avg.loss: 0.0007,	 Accuracy: 808/1000(81%)
Task: 4,	 Epoch: 66/80,	 Avg.loss: 0.0007,	 Accuracy: 813/1000(81%)
Task: 4,	 Epoch: 67/80,	 Avg.loss: 0.0007,	 Accuracy: 816/1000(82%)
Task: 4,	 Epoch: 68/80,	 Avg.loss: 0.0007,	 Accuracy: 813/1000(81%)
Task: 4,	 Epoch: 69/80,	 Avg.loss: 0.0007,	 Accuracy: 810/1000(81%)
Task: 4,	 Epoch: 70/80,	 Avg.loss: 0.0007,	 Accuracy: 810/1000(81%)
Task: 4,	 Epoch: 71/80,	 Avg.loss: 0.0007,	 Accuracy: 814/1000(81%)
Task: 4,	 Epoch: 72/80,	 Avg.loss: 0.0007,	 Accuracy: 815/1000(82%)
Task: 4,	 Epoch: 73/80,	 Avg.loss: 0.0007,	 Accuracy: 817/1000(82%)
Task: 4,	 Epoch: 74/80,	 Avg.loss: 0.0007,	 Accuracy: 805/1000(81%)
Task: 4,	 Epoch: 75/80,	 Avg.loss: 0.0007,	 Accuracy: 812/1000(81%)
Task: 4,	 Epoch: 76/80,	 Avg.loss: 0.0007,	 Accuracy: 809/1000(81%)
Task: 4,	 Epoch: 77/80,	 Avg.loss: 0.0007,	 Accuracy: 806/1000(81%)
Task: 4,	 Epoch: 78/80,	 Avg.loss: 0.0007,	 Accuracy: 808/1000(81%)
Task: 4,	 Epoch: 79/80,	 Avg.loss: 0.0007,	 Accuracy: 811/1000(81%)
Task: 0,	 Epoch: -1/80,	 Avg.loss: 0.0007,	 Accuracy: 835/1000(84%)
Trained Task:4, Loaded task:0, Accuracy:83.5%
Task: 1,	 Epoch: -1/80,	 Avg.loss: 0.0008,	 Accuracy: 767/1000(77%)
Trained Task:4, Loaded task:1, Accuracy:76.7%
Task: 2,	 Epoch: -1/80,	 Avg.loss: 0.0007,	 Accuracy: 803/1000(80%)
Trained Task:4, Loaded task:2, Accuracy:80.3%
Task: 3,	 Epoch: -1/80,	 Avg.loss: 0.0008,	 Accuracy: 778/1000(78%)
Trained Task:4, Loaded task:3, Accuracy:77.8%
Task: 4,	 Epoch: -1/80,	 Avg.loss: 0.0007,	 Accuracy: 811/1000(81%)
Trained Task:4, Loaded task:4, Accuracy:81.1%
Trained Task:4, Avg. Accuracy: 79.9 

List of avg. accuracy: [84.7, 80.6, 80.8, 79.5, 79.9]
Mask histogram conv1_layer.2.weight: 	 tensor([   0.,    0.,    0.,    0.,    0.,    0., 8192.,    0.,    0.,    0.],
       device='cuda:0')
Mask histogram conv2_layer.2.weight: 	 tensor([ 208.,  696., 1294., 1128.,  610.,  143.,   17.,    0.,    0.,    0.],
       device='cuda:0')
Mask histogram fc1_layer.0.weight: 	 tensor([ 27., 106., 153., 126.,  82.,  18.,   0.,   0.,   0.,   0.],
       device='cuda:0')
Task: 5,	 Epoch: 0/80,	 Avg.loss: 0.0010,	 Accuracy: 639/1000(64%)
Task: 5,	 Epoch: 1/80,	 Avg.loss: 0.0009,	 Accuracy: 687/1000(69%)
Task: 5,	 Epoch: 2/80,	 Avg.loss: 0.0008,	 Accuracy: 714/1000(71%)
Task: 5,	 Epoch: 3/80,	 Avg.loss: 0.0008,	 Accuracy: 712/1000(71%)
Task: 5,	 Epoch: 4/80,	 Avg.loss: 0.0008,	 Accuracy: 719/1000(72%)
Task: 5,	 Epoch: 5/80,	 Avg.loss: 0.0008,	 Accuracy: 724/1000(72%)
Task: 5,	 Epoch: 6/80,	 Avg.loss: 0.0007,	 Accuracy: 742/1000(74%)
Task: 5,	 Epoch: 7/80,	 Avg.loss: 0.0007,	 Accuracy: 740/1000(74%)
Task: 5,	 Epoch: 8/80,	 Avg.loss: 0.0007,	 Accuracy: 742/1000(74%)
Task: 5,	 Epoch: 9/80,	 Avg.loss: 0.0007,	 Accuracy: 748/1000(75%)
Task: 5,	 Epoch: 10/80,	 Avg.loss: 0.0007,	 Accuracy: 750/1000(75%)
Task: 5,	 Epoch: 11/80,	 Avg.loss: 0.0008,	 Accuracy: 729/1000(73%)
Task: 5,	 Epoch: 12/80,	 Avg.loss: 0.0007,	 Accuracy: 753/1000(75%)
Task: 5,	 Epoch: 13/80,	 Avg.loss: 0.0007,	 Accuracy: 752/1000(75%)
Task: 5,	 Epoch: 14/80,	 Avg.loss: 0.0008,	 Accuracy: 727/1000(73%)
Task: 5,	 Epoch: 15/80,	 Avg.loss: 0.0007,	 Accuracy: 748/1000(75%)
Task: 5,	 Epoch: 16/80,	 Avg.loss: 0.0007,	 Accuracy: 747/1000(75%)
Task: 5,	 Epoch: 17/80,	 Avg.loss: 0.0007,	 Accuracy: 736/1000(74%)
Task: 5,	 Epoch: 18/80,	 Avg.loss: 0.0007,	 Accuracy: 763/1000(76%)
Task: 5,	 Epoch: 19/80,	 Avg.loss: 0.0007,	 Accuracy: 764/1000(76%)
Task: 5,	 Epoch: 20/80,	 Avg.loss: 0.0007,	 Accuracy: 768/1000(77%)
Task: 5,	 Epoch: 21/80,	 Avg.loss: 0.0007,	 Accuracy: 751/1000(75%)
Task: 5,	 Epoch: 22/80,	 Avg.loss: 0.0007,	 Accuracy: 762/1000(76%)
Task: 5,	 Epoch: 23/80,	 Avg.loss: 0.0007,	 Accuracy: 771/1000(77%)
Task: 5,	 Epoch: 24/80,	 Avg.loss: 0.0007,	 Accuracy: 765/1000(76%)
Task: 5,	 Epoch: 25/80,	 Avg.loss: 0.0007,	 Accuracy: 770/1000(77%)
Task: 5,	 Epoch: 26/80,	 Avg.loss: 0.0007,	 Accuracy: 763/1000(76%)
Task: 5,	 Epoch: 27/80,	 Avg.loss: 0.0007,	 Accuracy: 770/1000(77%)
Task: 5,	 Epoch: 28/80,	 Avg.loss: 0.0007,	 Accuracy: 769/1000(77%)
Task: 5,	 Epoch: 29/80,	 Avg.loss: 0.0007,	 Accuracy: 759/1000(76%)
Task: 5,	 Epoch: 30/80,	 Avg.loss: 0.0007,	 Accuracy: 771/1000(77%)
Task: 5,	 Epoch: 31/80,	 Avg.loss: 0.0007,	 Accuracy: 777/1000(78%)
Task: 5,	 Epoch: 32/80,	 Avg.loss: 0.0007,	 Accuracy: 769/1000(77%)
Task: 5,	 Epoch: 33/80,	 Avg.loss: 0.0007,	 Accuracy: 759/1000(76%)
Task: 5,	 Epoch: 34/80,	 Avg.loss: 0.0007,	 Accuracy: 779/1000(78%)
Task: 5,	 Epoch: 35/80,	 Avg.loss: 0.0007,	 Accuracy: 762/1000(76%)
Task: 5,	 Epoch: 36/80,	 Avg.loss: 0.0007,	 Accuracy: 785/1000(78%)
Task: 5,	 Epoch: 37/80,	 Avg.loss: 0.0007,	 Accuracy: 760/1000(76%)
Task: 5,	 Epoch: 38/80,	 Avg.loss: 0.0007,	 Accuracy: 778/1000(78%)
Task: 5,	 Epoch: 39/80,	 Avg.loss: 0.0007,	 Accuracy: 783/1000(78%)
Task: 5,	 Epoch: 40/80,	 Avg.loss: 0.0007,	 Accuracy: 770/1000(77%)
Task: 5,	 Epoch: 41/80,	 Avg.loss: 0.0007,	 Accuracy: 762/1000(76%)
Task: 5,	 Epoch: 42/80,	 Avg.loss: 0.0007,	 Accuracy: 779/1000(78%)
Task: 5,	 Epoch: 43/80,	 Avg.loss: 0.0007,	 Accuracy: 770/1000(77%)
Task: 5,	 Epoch: 44/80,	 Avg.loss: 0.0007,	 Accuracy: 774/1000(77%)
Task: 5,	 Epoch: 45/80,	 Avg.loss: 0.0007,	 Accuracy: 777/1000(78%)
Task: 5,	 Epoch: 46/80,	 Avg.loss: 0.0007,	 Accuracy: 786/1000(79%)
Task: 5,	 Epoch: 47/80,	 Avg.loss: 0.0007,	 Accuracy: 781/1000(78%)
Task: 5,	 Epoch: 48/80,	 Avg.loss: 0.0007,	 Accuracy: 770/1000(77%)
Task: 5,	 Epoch: 49/80,	 Avg.loss: 0.0007,	 Accuracy: 764/1000(76%)
Task: 5,	 Epoch: 50/80,	 Avg.loss: 0.0007,	 Accuracy: 779/1000(78%)
Task: 5,	 Epoch: 51/80,	 Avg.loss: 0.0007,	 Accuracy: 783/1000(78%)
Task: 5,	 Epoch: 52/80,	 Avg.loss: 0.0007,	 Accuracy: 783/1000(78%)
Task: 5,	 Epoch: 53/80,	 Avg.loss: 0.0007,	 Accuracy: 778/1000(78%)
Task: 5,	 Epoch: 54/80,	 Avg.loss: 0.0007,	 Accuracy: 783/1000(78%)
Task: 5,	 Epoch: 55/80,	 Avg.loss: 0.0007,	 Accuracy: 784/1000(78%)
Task: 5,	 Epoch: 56/80,	 Avg.loss: 0.0007,	 Accuracy: 792/1000(79%)
Task: 5,	 Epoch: 57/80,	 Avg.loss: 0.0007,	 Accuracy: 787/1000(79%)
Task: 5,	 Epoch: 58/80,	 Avg.loss: 0.0007,	 Accuracy: 792/1000(79%)
Task: 5,	 Epoch: 59/80,	 Avg.loss: 0.0007,	 Accuracy: 787/1000(79%)
Task: 5,	 Epoch: 60/80,	 Avg.loss: 0.0007,	 Accuracy: 785/1000(78%)
Task: 5,	 Epoch: 61/80,	 Avg.loss: 0.0007,	 Accuracy: 785/1000(78%)
Task: 5,	 Epoch: 62/80,	 Avg.loss: 0.0007,	 Accuracy: 790/1000(79%)
Task: 5,	 Epoch: 63/80,	 Avg.loss: 0.0007,	 Accuracy: 782/1000(78%)
Task: 5,	 Epoch: 64/80,	 Avg.loss: 0.0007,	 Accuracy: 784/1000(78%)
Task: 5,	 Epoch: 65/80,	 Avg.loss: 0.0007,	 Accuracy: 785/1000(78%)
Task: 5,	 Epoch: 66/80,	 Avg.loss: 0.0007,	 Accuracy: 785/1000(78%)
Task: 5,	 Epoch: 67/80,	 Avg.loss: 0.0007,	 Accuracy: 787/1000(79%)
Task: 5,	 Epoch: 68/80,	 Avg.loss: 0.0007,	 Accuracy: 792/1000(79%)
Task: 5,	 Epoch: 69/80,	 Avg.loss: 0.0007,	 Accuracy: 785/1000(78%)
Task: 5,	 Epoch: 70/80,	 Avg.loss: 0.0007,	 Accuracy: 786/1000(79%)
Task: 5,	 Epoch: 71/80,	 Avg.loss: 0.0007,	 Accuracy: 785/1000(78%)
Task: 5,	 Epoch: 72/80,	 Avg.loss: 0.0007,	 Accuracy: 783/1000(78%)
Task: 5,	 Epoch: 73/80,	 Avg.loss: 0.0007,	 Accuracy: 784/1000(78%)
Task: 5,	 Epoch: 74/80,	 Avg.loss: 0.0007,	 Accuracy: 785/1000(78%)
Task: 5,	 Epoch: 75/80,	 Avg.loss: 0.0007,	 Accuracy: 790/1000(79%)
Task: 5,	 Epoch: 76/80,	 Avg.loss: 0.0007,	 Accuracy: 783/1000(78%)
Task: 5,	 Epoch: 77/80,	 Avg.loss: 0.0007,	 Accuracy: 788/1000(79%)
Task: 5,	 Epoch: 78/80,	 Avg.loss: 0.0007,	 Accuracy: 781/1000(78%)
Task: 5,	 Epoch: 79/80,	 Avg.loss: 0.0007,	 Accuracy: 779/1000(78%)
Task: 0,	 Epoch: -1/80,	 Avg.loss: 0.0007,	 Accuracy: 832/1000(83%)
Trained Task:5, Loaded task:0, Accuracy:83.2%
Task: 1,	 Epoch: -1/80,	 Avg.loss: 0.0008,	 Accuracy: 766/1000(77%)
Trained Task:5, Loaded task:1, Accuracy:76.6%
Task: 2,	 Epoch: -1/80,	 Avg.loss: 0.0007,	 Accuracy: 803/1000(80%)
Trained Task:5, Loaded task:2, Accuracy:80.3%
Task: 3,	 Epoch: -1/80,	 Avg.loss: 0.0008,	 Accuracy: 776/1000(78%)
Trained Task:5, Loaded task:3, Accuracy:77.6%
Task: 4,	 Epoch: -1/80,	 Avg.loss: 0.0007,	 Accuracy: 810/1000(81%)
Trained Task:5, Loaded task:4, Accuracy:81.0%
Task: 5,	 Epoch: -1/80,	 Avg.loss: 0.0007,	 Accuracy: 779/1000(78%)
Trained Task:5, Loaded task:5, Accuracy:77.9%
Trained Task:5, Avg. Accuracy: 79.4 

List of avg. accuracy: [84.7, 80.6, 80.8, 79.5, 79.9, 79.4]
Mask histogram conv1_layer.2.weight: 	 tensor([   0.,    0.,    0.,    0.,    0.,    0.,    0., 8192.,    0.,    0.],
       device='cuda:0')
Mask histogram conv2_layer.2.weight: 	 tensor([ 113.,  504., 1028., 1239.,  812.,  323.,   70.,    7.,    0.,    0.],
       device='cuda:0')
Mask histogram fc1_layer.0.weight: 	 tensor([ 15.,  72., 135., 135., 103.,  45.,   7.,   0.,   0.,   0.],
       device='cuda:0')
Task: 6,	 Epoch: 0/80,	 Avg.loss: 0.0011,	 Accuracy: 626/1000(63%)
Task: 6,	 Epoch: 1/80,	 Avg.loss: 0.0010,	 Accuracy: 671/1000(67%)
Task: 6,	 Epoch: 2/80,	 Avg.loss: 0.0009,	 Accuracy: 682/1000(68%)
Task: 6,	 Epoch: 3/80,	 Avg.loss: 0.0009,	 Accuracy: 703/1000(70%)
Task: 6,	 Epoch: 4/80,	 Avg.loss: 0.0008,	 Accuracy: 714/1000(71%)
Task: 6,	 Epoch: 5/80,	 Avg.loss: 0.0008,	 Accuracy: 720/1000(72%)
Task: 6,	 Epoch: 6/80,	 Avg.loss: 0.0008,	 Accuracy: 734/1000(73%)
Task: 6,	 Epoch: 7/80,	 Avg.loss: 0.0008,	 Accuracy: 732/1000(73%)
Task: 6,	 Epoch: 8/80,	 Avg.loss: 0.0008,	 Accuracy: 732/1000(73%)
Task: 6,	 Epoch: 9/80,	 Avg.loss: 0.0008,	 Accuracy: 714/1000(71%)
Task: 6,	 Epoch: 10/80,	 Avg.loss: 0.0008,	 Accuracy: 729/1000(73%)
Task: 6,	 Epoch: 11/80,	 Avg.loss: 0.0008,	 Accuracy: 729/1000(73%)
Task: 6,	 Epoch: 12/80,	 Avg.loss: 0.0008,	 Accuracy: 729/1000(73%)
Task: 6,	 Epoch: 13/80,	 Avg.loss: 0.0007,	 Accuracy: 735/1000(74%)
Task: 6,	 Epoch: 14/80,	 Avg.loss: 0.0008,	 Accuracy: 723/1000(72%)
Task: 6,	 Epoch: 15/80,	 Avg.loss: 0.0007,	 Accuracy: 747/1000(75%)
Task: 6,	 Epoch: 16/80,	 Avg.loss: 0.0008,	 Accuracy: 733/1000(73%)
Task: 6,	 Epoch: 17/80,	 Avg.loss: 0.0008,	 Accuracy: 721/1000(72%)
Task: 6,	 Epoch: 18/80,	 Avg.loss: 0.0008,	 Accuracy: 726/1000(73%)
Task: 6,	 Epoch: 19/80,	 Avg.loss: 0.0008,	 Accuracy: 748/1000(75%)
Task: 6,	 Epoch: 20/80,	 Avg.loss: 0.0007,	 Accuracy: 748/1000(75%)
Task: 6,	 Epoch: 21/80,	 Avg.loss: 0.0007,	 Accuracy: 751/1000(75%)
Task: 6,	 Epoch: 22/80,	 Avg.loss: 0.0007,	 Accuracy: 741/1000(74%)
Task: 6,	 Epoch: 23/80,	 Avg.loss: 0.0007,	 Accuracy: 757/1000(76%)
Task: 6,	 Epoch: 24/80,	 Avg.loss: 0.0007,	 Accuracy: 746/1000(75%)
Task: 6,	 Epoch: 25/80,	 Avg.loss: 0.0007,	 Accuracy: 746/1000(75%)
Task: 6,	 Epoch: 26/80,	 Avg.loss: 0.0007,	 Accuracy: 752/1000(75%)
Task: 6,	 Epoch: 27/80,	 Avg.loss: 0.0007,	 Accuracy: 743/1000(74%)
Task: 6,	 Epoch: 28/80,	 Avg.loss: 0.0007,	 Accuracy: 743/1000(74%)
Task: 6,	 Epoch: 29/80,	 Avg.loss: 0.0007,	 Accuracy: 736/1000(74%)
Task: 6,	 Epoch: 30/80,	 Avg.loss: 0.0008,	 Accuracy: 752/1000(75%)
Task: 6,	 Epoch: 31/80,	 Avg.loss: 0.0007,	 Accuracy: 745/1000(74%)
Task: 6,	 Epoch: 32/80,	 Avg.loss: 0.0007,	 Accuracy: 747/1000(75%)
Task: 6,	 Epoch: 33/80,	 Avg.loss: 0.0007,	 Accuracy: 746/1000(75%)
Task: 6,	 Epoch: 34/80,	 Avg.loss: 0.0008,	 Accuracy: 740/1000(74%)
Task: 6,	 Epoch: 35/80,	 Avg.loss: 0.0007,	 Accuracy: 749/1000(75%)
Task: 6,	 Epoch: 36/80,	 Avg.loss: 0.0007,	 Accuracy: 760/1000(76%)
Task: 6,	 Epoch: 37/80,	 Avg.loss: 0.0007,	 Accuracy: 761/1000(76%)
Task: 6,	 Epoch: 38/80,	 Avg.loss: 0.0007,	 Accuracy: 732/1000(73%)
Task: 6,	 Epoch: 39/80,	 Avg.loss: 0.0007,	 Accuracy: 749/1000(75%)
Task: 6,	 Epoch: 40/80,	 Avg.loss: 0.0008,	 Accuracy: 747/1000(75%)
Task: 6,	 Epoch: 41/80,	 Avg.loss: 0.0007,	 Accuracy: 751/1000(75%)
Task: 6,	 Epoch: 42/80,	 Avg.loss: 0.0007,	 Accuracy: 760/1000(76%)
Task: 6,	 Epoch: 43/80,	 Avg.loss: 0.0007,	 Accuracy: 758/1000(76%)
Task: 6,	 Epoch: 44/80,	 Avg.loss: 0.0008,	 Accuracy: 755/1000(76%)
Task: 6,	 Epoch: 45/80,	 Avg.loss: 0.0007,	 Accuracy: 754/1000(75%)
Task: 6,	 Epoch: 46/80,	 Avg.loss: 0.0007,	 Accuracy: 751/1000(75%)
Task: 6,	 Epoch: 47/80,	 Avg.loss: 0.0007,	 Accuracy: 746/1000(75%)
Task: 6,	 Epoch: 48/80,	 Avg.loss: 0.0007,	 Accuracy: 748/1000(75%)
Task: 6,	 Epoch: 49/80,	 Avg.loss: 0.0007,	 Accuracy: 747/1000(75%)
Task: 6,	 Epoch: 50/80,	 Avg.loss: 0.0007,	 Accuracy: 757/1000(76%)
Task: 6,	 Epoch: 51/80,	 Avg.loss: 0.0007,	 Accuracy: 764/1000(76%)
Task: 6,	 Epoch: 52/80,	 Avg.loss: 0.0007,	 Accuracy: 760/1000(76%)
Task: 6,	 Epoch: 53/80,	 Avg.loss: 0.0007,	 Accuracy: 761/1000(76%)
Task: 6,	 Epoch: 54/80,	 Avg.loss: 0.0007,	 Accuracy: 762/1000(76%)
Task: 6,	 Epoch: 55/80,	 Avg.loss: 0.0007,	 Accuracy: 761/1000(76%)
Task: 6,	 Epoch: 56/80,	 Avg.loss: 0.0007,	 Accuracy: 762/1000(76%)
Task: 6,	 Epoch: 57/80,	 Avg.loss: 0.0007,	 Accuracy: 759/1000(76%)
Task: 6,	 Epoch: 58/80,	 Avg.loss: 0.0007,	 Accuracy: 768/1000(77%)
Task: 6,	 Epoch: 59/80,	 Avg.loss: 0.0007,	 Accuracy: 762/1000(76%)
Task: 6,	 Epoch: 60/80,	 Avg.loss: 0.0007,	 Accuracy: 763/1000(76%)
Task: 6,	 Epoch: 61/80,	 Avg.loss: 0.0007,	 Accuracy: 762/1000(76%)
Task: 6,	 Epoch: 62/80,	 Avg.loss: 0.0007,	 Accuracy: 767/1000(77%)
Task: 6,	 Epoch: 63/80,	 Avg.loss: 0.0007,	 Accuracy: 760/1000(76%)
Task: 6,	 Epoch: 64/80,	 Avg.loss: 0.0007,	 Accuracy: 760/1000(76%)
Task: 6,	 Epoch: 65/80,	 Avg.loss: 0.0007,	 Accuracy: 762/1000(76%)
Task: 6,	 Epoch: 66/80,	 Avg.loss: 0.0007,	 Accuracy: 758/1000(76%)
Task: 6,	 Epoch: 67/80,	 Avg.loss: 0.0007,	 Accuracy: 760/1000(76%)
Task: 6,	 Epoch: 68/80,	 Avg.loss: 0.0007,	 Accuracy: 762/1000(76%)
Task: 6,	 Epoch: 69/80,	 Avg.loss: 0.0007,	 Accuracy: 757/1000(76%)
Task: 6,	 Epoch: 70/80,	 Avg.loss: 0.0007,	 Accuracy: 766/1000(77%)
Task: 6,	 Epoch: 71/80,	 Avg.loss: 0.0007,	 Accuracy: 763/1000(76%)
Task: 6,	 Epoch: 72/80,	 Avg.loss: 0.0007,	 Accuracy: 761/1000(76%)
Task: 6,	 Epoch: 73/80,	 Avg.loss: 0.0007,	 Accuracy: 760/1000(76%)
Task: 6,	 Epoch: 74/80,	 Avg.loss: 0.0007,	 Accuracy: 764/1000(76%)
Task: 6,	 Epoch: 75/80,	 Avg.loss: 0.0007,	 Accuracy: 762/1000(76%)
Task: 6,	 Epoch: 76/80,	 Avg.loss: 0.0007,	 Accuracy: 763/1000(76%)
Task: 6,	 Epoch: 77/80,	 Avg.loss: 0.0007,	 Accuracy: 764/1000(76%)
Task: 6,	 Epoch: 78/80,	 Avg.loss: 0.0007,	 Accuracy: 761/1000(76%)
Task: 6,	 Epoch: 79/80,	 Avg.loss: 0.0007,	 Accuracy: 761/1000(76%)
Task: 0,	 Epoch: -1/80,	 Avg.loss: 0.0008,	 Accuracy: 838/1000(84%)
Trained Task:6, Loaded task:0, Accuracy:83.8%
Task: 1,	 Epoch: -1/80,	 Avg.loss: 0.0008,	 Accuracy: 763/1000(76%)
Trained Task:6, Loaded task:1, Accuracy:76.3%
Task: 2,	 Epoch: -1/80,	 Avg.loss: 0.0007,	 Accuracy: 803/1000(80%)
Trained Task:6, Loaded task:2, Accuracy:80.3%
Task: 3,	 Epoch: -1/80,	 Avg.loss: 0.0008,	 Accuracy: 776/1000(78%)
Trained Task:6, Loaded task:3, Accuracy:77.6%
Task: 4,	 Epoch: -1/80,	 Avg.loss: 0.0007,	 Accuracy: 809/1000(81%)
Trained Task:6, Loaded task:4, Accuracy:80.9%
Task: 5,	 Epoch: -1/80,	 Avg.loss: 0.0007,	 Accuracy: 782/1000(78%)
Trained Task:6, Loaded task:5, Accuracy:78.2%
Task: 6,	 Epoch: -1/80,	 Avg.loss: 0.0007,	 Accuracy: 761/1000(76%)
Trained Task:6, Loaded task:6, Accuracy:76.1%
Trained Task:6, Avg. Accuracy: 79.0 

List of avg. accuracy: [84.7, 80.6, 80.8, 79.5, 79.9, 79.4, 79.0]
Mask histogram conv1_layer.2.weight: 	 tensor([   0.,    0.,    0.,    0.,    0.,    0.,    0.,    0., 8192.,    0.],
       device='cuda:0')
Mask histogram conv2_layer.2.weight: 	 tensor([  72.,  343.,  810., 1132., 1001.,  533.,  166.,   35.,    4.,    0.],
       device='cuda:0')
Mask histogram fc1_layer.0.weight: 	 tensor([  8.,  51., 103., 146., 111.,  66.,  25.,   2.,   0.,   0.],
       device='cuda:0')
Task: 7,	 Epoch: 0/80,	 Avg.loss: 0.0011,	 Accuracy: 638/1000(64%)
Task: 7,	 Epoch: 1/80,	 Avg.loss: 0.0010,	 Accuracy: 658/1000(66%)
Task: 7,	 Epoch: 2/80,	 Avg.loss: 0.0010,	 Accuracy: 695/1000(70%)
Task: 7,	 Epoch: 3/80,	 Avg.loss: 0.0010,	 Accuracy: 671/1000(67%)
Task: 7,	 Epoch: 4/80,	 Avg.loss: 0.0009,	 Accuracy: 703/1000(70%)
Task: 7,	 Epoch: 5/80,	 Avg.loss: 0.0009,	 Accuracy: 710/1000(71%)
Task: 7,	 Epoch: 6/80,	 Avg.loss: 0.0009,	 Accuracy: 718/1000(72%)
Task: 7,	 Epoch: 7/80,	 Avg.loss: 0.0009,	 Accuracy: 710/1000(71%)
Task: 7,	 Epoch: 8/80,	 Avg.loss: 0.0009,	 Accuracy: 703/1000(70%)
Task: 7,	 Epoch: 9/80,	 Avg.loss: 0.0009,	 Accuracy: 736/1000(74%)
Task: 7,	 Epoch: 10/80,	 Avg.loss: 0.0009,	 Accuracy: 722/1000(72%)
Task: 7,	 Epoch: 11/80,	 Avg.loss: 0.0009,	 Accuracy: 719/1000(72%)
Task: 7,	 Epoch: 12/80,	 Avg.loss: 0.0009,	 Accuracy: 738/1000(74%)
Task: 7,	 Epoch: 13/80,	 Avg.loss: 0.0009,	 Accuracy: 721/1000(72%)
Task: 7,	 Epoch: 14/80,	 Avg.loss: 0.0008,	 Accuracy: 744/1000(74%)
Task: 7,	 Epoch: 15/80,	 Avg.loss: 0.0009,	 Accuracy: 724/1000(72%)
Task: 7,	 Epoch: 16/80,	 Avg.loss: 0.0008,	 Accuracy: 725/1000(72%)
Task: 7,	 Epoch: 17/80,	 Avg.loss: 0.0008,	 Accuracy: 730/1000(73%)
Task: 7,	 Epoch: 18/80,	 Avg.loss: 0.0008,	 Accuracy: 734/1000(73%)
Task: 7,	 Epoch: 19/80,	 Avg.loss: 0.0009,	 Accuracy: 724/1000(72%)
Task: 7,	 Epoch: 20/80,	 Avg.loss: 0.0008,	 Accuracy: 748/1000(75%)
Task: 7,	 Epoch: 21/80,	 Avg.loss: 0.0009,	 Accuracy: 742/1000(74%)
Task: 7,	 Epoch: 22/80,	 Avg.loss: 0.0008,	 Accuracy: 737/1000(74%)
Task: 7,	 Epoch: 23/80,	 Avg.loss: 0.0009,	 Accuracy: 746/1000(75%)
Task: 7,	 Epoch: 24/80,	 Avg.loss: 0.0008,	 Accuracy: 746/1000(75%)
Task: 7,	 Epoch: 25/80,	 Avg.loss: 0.0009,	 Accuracy: 725/1000(72%)
Task: 7,	 Epoch: 26/80,	 Avg.loss: 0.0008,	 Accuracy: 746/1000(75%)
Task: 7,	 Epoch: 27/80,	 Avg.loss: 0.0008,	 Accuracy: 752/1000(75%)
Task: 7,	 Epoch: 28/80,	 Avg.loss: 0.0009,	 Accuracy: 719/1000(72%)
Task: 7,	 Epoch: 29/80,	 Avg.loss: 0.0008,	 Accuracy: 731/1000(73%)
Task: 7,	 Epoch: 30/80,	 Avg.loss: 0.0008,	 Accuracy: 739/1000(74%)
Task: 7,	 Epoch: 31/80,	 Avg.loss: 0.0008,	 Accuracy: 742/1000(74%)
Task: 7,	 Epoch: 32/80,	 Avg.loss: 0.0009,	 Accuracy: 730/1000(73%)
Task: 7,	 Epoch: 33/80,	 Avg.loss: 0.0008,	 Accuracy: 747/1000(75%)
Task: 7,	 Epoch: 34/80,	 Avg.loss: 0.0008,	 Accuracy: 728/1000(73%)
Task: 7,	 Epoch: 35/80,	 Avg.loss: 0.0008,	 Accuracy: 747/1000(75%)
Task: 7,	 Epoch: 36/80,	 Avg.loss: 0.0008,	 Accuracy: 749/1000(75%)
Task: 7,	 Epoch: 37/80,	 Avg.loss: 0.0008,	 Accuracy: 726/1000(73%)
Task: 7,	 Epoch: 38/80,	 Avg.loss: 0.0008,	 Accuracy: 738/1000(74%)
Task: 7,	 Epoch: 39/80,	 Avg.loss: 0.0008,	 Accuracy: 747/1000(75%)
Task: 7,	 Epoch: 40/80,	 Avg.loss: 0.0008,	 Accuracy: 750/1000(75%)
Task: 7,	 Epoch: 41/80,	 Avg.loss: 0.0008,	 Accuracy: 748/1000(75%)
Task: 7,	 Epoch: 42/80,	 Avg.loss: 0.0008,	 Accuracy: 758/1000(76%)
Task: 7,	 Epoch: 43/80,	 Avg.loss: 0.0008,	 Accuracy: 740/1000(74%)
Task: 7,	 Epoch: 44/80,	 Avg.loss: 0.0008,	 Accuracy: 739/1000(74%)
Task: 7,	 Epoch: 45/80,	 Avg.loss: 0.0009,	 Accuracy: 719/1000(72%)
Task: 7,	 Epoch: 46/80,	 Avg.loss: 0.0008,	 Accuracy: 749/1000(75%)
Task: 7,	 Epoch: 47/80,	 Avg.loss: 0.0008,	 Accuracy: 755/1000(76%)
Task: 7,	 Epoch: 48/80,	 Avg.loss: 0.0008,	 Accuracy: 738/1000(74%)
Task: 7,	 Epoch: 49/80,	 Avg.loss: 0.0008,	 Accuracy: 746/1000(75%)
Task: 7,	 Epoch: 50/80,	 Avg.loss: 0.0008,	 Accuracy: 747/1000(75%)
Task: 7,	 Epoch: 51/80,	 Avg.loss: 0.0008,	 Accuracy: 749/1000(75%)
Task: 7,	 Epoch: 52/80,	 Avg.loss: 0.0008,	 Accuracy: 748/1000(75%)
Task: 7,	 Epoch: 53/80,	 Avg.loss: 0.0008,	 Accuracy: 750/1000(75%)
Task: 7,	 Epoch: 54/80,	 Avg.loss: 0.0008,	 Accuracy: 747/1000(75%)
Task: 7,	 Epoch: 55/80,	 Avg.loss: 0.0008,	 Accuracy: 739/1000(74%)
Task: 7,	 Epoch: 56/80,	 Avg.loss: 0.0008,	 Accuracy: 745/1000(74%)
Task: 7,	 Epoch: 57/80,	 Avg.loss: 0.0008,	 Accuracy: 748/1000(75%)
Task: 7,	 Epoch: 58/80,	 Avg.loss: 0.0008,	 Accuracy: 749/1000(75%)
Task: 7,	 Epoch: 59/80,	 Avg.loss: 0.0008,	 Accuracy: 746/1000(75%)
Task: 7,	 Epoch: 60/80,	 Avg.loss: 0.0008,	 Accuracy: 748/1000(75%)
Task: 7,	 Epoch: 61/80,	 Avg.loss: 0.0008,	 Accuracy: 749/1000(75%)
Task: 7,	 Epoch: 62/80,	 Avg.loss: 0.0008,	 Accuracy: 746/1000(75%)
Task: 7,	 Epoch: 63/80,	 Avg.loss: 0.0008,	 Accuracy: 746/1000(75%)
Task: 7,	 Epoch: 64/80,	 Avg.loss: 0.0008,	 Accuracy: 742/1000(74%)
Task: 7,	 Epoch: 65/80,	 Avg.loss: 0.0008,	 Accuracy: 747/1000(75%)
Task: 7,	 Epoch: 66/80,	 Avg.loss: 0.0008,	 Accuracy: 744/1000(74%)
Task: 7,	 Epoch: 67/80,	 Avg.loss: 0.0008,	 Accuracy: 741/1000(74%)
Task: 7,	 Epoch: 68/80,	 Avg.loss: 0.0008,	 Accuracy: 743/1000(74%)
Task: 7,	 Epoch: 69/80,	 Avg.loss: 0.0008,	 Accuracy: 750/1000(75%)
Task: 7,	 Epoch: 70/80,	 Avg.loss: 0.0008,	 Accuracy: 744/1000(74%)
Task: 7,	 Epoch: 71/80,	 Avg.loss: 0.0008,	 Accuracy: 745/1000(74%)
Task: 7,	 Epoch: 72/80,	 Avg.loss: 0.0008,	 Accuracy: 740/1000(74%)
Task: 7,	 Epoch: 73/80,	 Avg.loss: 0.0008,	 Accuracy: 741/1000(74%)
Task: 7,	 Epoch: 74/80,	 Avg.loss: 0.0008,	 Accuracy: 745/1000(74%)
Task: 7,	 Epoch: 75/80,	 Avg.loss: 0.0008,	 Accuracy: 748/1000(75%)
Task: 7,	 Epoch: 76/80,	 Avg.loss: 0.0008,	 Accuracy: 746/1000(75%)
Task: 7,	 Epoch: 77/80,	 Avg.loss: 0.0008,	 Accuracy: 746/1000(75%)
Task: 7,	 Epoch: 78/80,	 Avg.loss: 0.0008,	 Accuracy: 748/1000(75%)
Task: 7,	 Epoch: 79/80,	 Avg.loss: 0.0008,	 Accuracy: 744/1000(74%)
Task: 0,	 Epoch: -1/80,	 Avg.loss: 0.0008,	 Accuracy: 831/1000(83%)
Trained Task:7, Loaded task:0, Accuracy:83.1%
Task: 1,	 Epoch: -1/80,	 Avg.loss: 0.0008,	 Accuracy: 765/1000(76%)
Trained Task:7, Loaded task:1, Accuracy:76.5%
Task: 2,	 Epoch: -1/80,	 Avg.loss: 0.0007,	 Accuracy: 796/1000(80%)
Trained Task:7, Loaded task:2, Accuracy:79.6%
Task: 3,	 Epoch: -1/80,	 Avg.loss: 0.0008,	 Accuracy: 782/1000(78%)
Trained Task:7, Loaded task:3, Accuracy:78.2%
Task: 4,	 Epoch: -1/80,	 Avg.loss: 0.0007,	 Accuracy: 806/1000(81%)
Trained Task:7, Loaded task:4, Accuracy:80.6%
Task: 5,	 Epoch: -1/80,	 Avg.loss: 0.0007,	 Accuracy: 782/1000(78%)
Trained Task:7, Loaded task:5, Accuracy:78.2%
Task: 6,	 Epoch: -1/80,	 Avg.loss: 0.0007,	 Accuracy: 762/1000(76%)
Trained Task:7, Loaded task:6, Accuracy:76.2%
Task: 7,	 Epoch: -1/80,	 Avg.loss: 0.0008,	 Accuracy: 744/1000(74%)
Trained Task:7, Loaded task:7, Accuracy:74.4%
Trained Task:7, Avg. Accuracy: 78.4 

List of avg. accuracy: [84.7, 80.6, 80.8, 79.5, 79.9, 79.4, 79.0, 78.4]
Mask histogram conv1_layer.2.weight: 	 tensor([   0.,    0.,    0.,    0.,    0.,    0.,    0.,    0.,    0., 8192.],
       device='cuda:0')
Mask histogram conv2_layer.2.weight: 	 tensor([  38.,  241.,  608., 1035., 1028.,  727.,  303.,   99.,   15.,    2.],
       device='cuda:0')
Mask histogram fc1_layer.0.weight: 	 tensor([  4.,  29.,  88., 127., 130.,  76.,  45.,  11.,   2.,   0.],
       device='cuda:0')
Task: 8,	 Epoch: 0/80,	 Avg.loss: 0.0010,	 Accuracy: 672/1000(67%)
Task: 8,	 Epoch: 1/80,	 Avg.loss: 0.0009,	 Accuracy: 679/1000(68%)
Task: 8,	 Epoch: 2/80,	 Avg.loss: 0.0009,	 Accuracy: 684/1000(68%)
Task: 8,	 Epoch: 3/80,	 Avg.loss: 0.0008,	 Accuracy: 719/1000(72%)
Task: 8,	 Epoch: 4/80,	 Avg.loss: 0.0008,	 Accuracy: 725/1000(72%)
Task: 8,	 Epoch: 5/80,	 Avg.loss: 0.0008,	 Accuracy: 718/1000(72%)
Task: 8,	 Epoch: 6/80,	 Avg.loss: 0.0008,	 Accuracy: 739/1000(74%)
Task: 8,	 Epoch: 7/80,	 Avg.loss: 0.0007,	 Accuracy: 742/1000(74%)
Task: 8,	 Epoch: 8/80,	 Avg.loss: 0.0007,	 Accuracy: 755/1000(76%)
Task: 8,	 Epoch: 9/80,	 Avg.loss: 0.0007,	 Accuracy: 747/1000(75%)
Task: 8,	 Epoch: 10/80,	 Avg.loss: 0.0007,	 Accuracy: 765/1000(76%)
Task: 8,	 Epoch: 11/80,	 Avg.loss: 0.0008,	 Accuracy: 748/1000(75%)
Task: 8,	 Epoch: 12/80,	 Avg.loss: 0.0008,	 Accuracy: 728/1000(73%)
Task: 8,	 Epoch: 13/80,	 Avg.loss: 0.0007,	 Accuracy: 754/1000(75%)
Task: 8,	 Epoch: 14/80,	 Avg.loss: 0.0007,	 Accuracy: 741/1000(74%)
Task: 8,	 Epoch: 15/80,	 Avg.loss: 0.0007,	 Accuracy: 754/1000(75%)
Task: 8,	 Epoch: 16/80,	 Avg.loss: 0.0007,	 Accuracy: 746/1000(75%)
Task: 8,	 Epoch: 17/80,	 Avg.loss: 0.0007,	 Accuracy: 762/1000(76%)
Task: 8,	 Epoch: 18/80,	 Avg.loss: 0.0007,	 Accuracy: 754/1000(75%)
Task: 8,	 Epoch: 19/80,	 Avg.loss: 0.0007,	 Accuracy: 762/1000(76%)
Task: 8,	 Epoch: 20/80,	 Avg.loss: 0.0007,	 Accuracy: 764/1000(76%)
Task: 8,	 Epoch: 21/80,	 Avg.loss: 0.0007,	 Accuracy: 771/1000(77%)
Task: 8,	 Epoch: 22/80,	 Avg.loss: 0.0008,	 Accuracy: 750/1000(75%)
Task: 8,	 Epoch: 23/80,	 Avg.loss: 0.0007,	 Accuracy: 759/1000(76%)
Task: 8,	 Epoch: 24/80,	 Avg.loss: 0.0007,	 Accuracy: 773/1000(77%)
Task: 8,	 Epoch: 25/80,	 Avg.loss: 0.0007,	 Accuracy: 775/1000(78%)
Task: 8,	 Epoch: 26/80,	 Avg.loss: 0.0007,	 Accuracy: 760/1000(76%)
Task: 8,	 Epoch: 27/80,	 Avg.loss: 0.0007,	 Accuracy: 772/1000(77%)
Task: 8,	 Epoch: 28/80,	 Avg.loss: 0.0007,	 Accuracy: 772/1000(77%)
Task: 8,	 Epoch: 29/80,	 Avg.loss: 0.0007,	 Accuracy: 750/1000(75%)
Task: 8,	 Epoch: 30/80,	 Avg.loss: 0.0007,	 Accuracy: 758/1000(76%)
Task: 8,	 Epoch: 31/80,	 Avg.loss: 0.0007,	 Accuracy: 758/1000(76%)
Task: 8,	 Epoch: 32/80,	 Avg.loss: 0.0007,	 Accuracy: 774/1000(77%)
Task: 8,	 Epoch: 33/80,	 Avg.loss: 0.0007,	 Accuracy: 769/1000(77%)
Task: 8,	 Epoch: 34/80,	 Avg.loss: 0.0007,	 Accuracy: 764/1000(76%)
Task: 8,	 Epoch: 35/80,	 Avg.loss: 0.0007,	 Accuracy: 779/1000(78%)
Task: 8,	 Epoch: 36/80,	 Avg.loss: 0.0007,	 Accuracy: 773/1000(77%)
Task: 8,	 Epoch: 37/80,	 Avg.loss: 0.0007,	 Accuracy: 761/1000(76%)
Task: 8,	 Epoch: 38/80,	 Avg.loss: 0.0007,	 Accuracy: 767/1000(77%)
Task: 8,	 Epoch: 39/80,	 Avg.loss: 0.0007,	 Accuracy: 772/1000(77%)
Task: 8,	 Epoch: 40/80,	 Avg.loss: 0.0007,	 Accuracy: 773/1000(77%)
Task: 8,	 Epoch: 41/80,	 Avg.loss: 0.0006,	 Accuracy: 774/1000(77%)
Task: 8,	 Epoch: 42/80,	 Avg.loss: 0.0007,	 Accuracy: 774/1000(77%)
Task: 8,	 Epoch: 43/80,	 Avg.loss: 0.0007,	 Accuracy: 778/1000(78%)
Task: 8,	 Epoch: 44/80,	 Avg.loss: 0.0007,	 Accuracy: 770/1000(77%)
Task: 8,	 Epoch: 45/80,	 Avg.loss: 0.0007,	 Accuracy: 779/1000(78%)
Task: 8,	 Epoch: 46/80,	 Avg.loss: 0.0007,	 Accuracy: 781/1000(78%)
Task: 8,	 Epoch: 47/80,	 Avg.loss: 0.0007,	 Accuracy: 775/1000(78%)
Task: 8,	 Epoch: 48/80,	 Avg.loss: 0.0007,	 Accuracy: 771/1000(77%)
Task: 8,	 Epoch: 49/80,	 Avg.loss: 0.0007,	 Accuracy: 775/1000(78%)
Task: 8,	 Epoch: 50/80,	 Avg.loss: 0.0007,	 Accuracy: 780/1000(78%)
Task: 8,	 Epoch: 51/80,	 Avg.loss: 0.0007,	 Accuracy: 777/1000(78%)
Task: 8,	 Epoch: 52/80,	 Avg.loss: 0.0007,	 Accuracy: 780/1000(78%)
Task: 8,	 Epoch: 53/80,	 Avg.loss: 0.0007,	 Accuracy: 781/1000(78%)
Task: 8,	 Epoch: 54/80,	 Avg.loss: 0.0007,	 Accuracy: 782/1000(78%)
Task: 8,	 Epoch: 55/80,	 Avg.loss: 0.0007,	 Accuracy: 781/1000(78%)
Task: 8,	 Epoch: 56/80,	 Avg.loss: 0.0007,	 Accuracy: 780/1000(78%)
Task: 8,	 Epoch: 57/80,	 Avg.loss: 0.0007,	 Accuracy: 776/1000(78%)
Task: 8,	 Epoch: 58/80,	 Avg.loss: 0.0007,	 Accuracy: 781/1000(78%)
Task: 8,	 Epoch: 59/80,	 Avg.loss: 0.0007,	 Accuracy: 781/1000(78%)
Task: 8,	 Epoch: 60/80,	 Avg.loss: 0.0007,	 Accuracy: 782/1000(78%)
Task: 8,	 Epoch: 61/80,	 Avg.loss: 0.0007,	 Accuracy: 777/1000(78%)
Task: 8,	 Epoch: 62/80,	 Avg.loss: 0.0007,	 Accuracy: 780/1000(78%)
Task: 8,	 Epoch: 63/80,	 Avg.loss: 0.0007,	 Accuracy: 776/1000(78%)
Task: 8,	 Epoch: 64/80,	 Avg.loss: 0.0007,	 Accuracy: 775/1000(78%)
Task: 8,	 Epoch: 65/80,	 Avg.loss: 0.0007,	 Accuracy: 786/1000(79%)
Task: 8,	 Epoch: 66/80,	 Avg.loss: 0.0007,	 Accuracy: 778/1000(78%)
Task: 8,	 Epoch: 67/80,	 Avg.loss: 0.0007,	 Accuracy: 784/1000(78%)
Task: 8,	 Epoch: 68/80,	 Avg.loss: 0.0007,	 Accuracy: 782/1000(78%)
Task: 8,	 Epoch: 69/80,	 Avg.loss: 0.0007,	 Accuracy: 781/1000(78%)
Task: 8,	 Epoch: 70/80,	 Avg.loss: 0.0007,	 Accuracy: 776/1000(78%)
Task: 8,	 Epoch: 71/80,	 Avg.loss: 0.0007,	 Accuracy: 776/1000(78%)
Task: 8,	 Epoch: 72/80,	 Avg.loss: 0.0007,	 Accuracy: 785/1000(78%)
Task: 8,	 Epoch: 73/80,	 Avg.loss: 0.0007,	 Accuracy: 779/1000(78%)
Task: 8,	 Epoch: 74/80,	 Avg.loss: 0.0007,	 Accuracy: 787/1000(79%)
Task: 8,	 Epoch: 75/80,	 Avg.loss: 0.0007,	 Accuracy: 779/1000(78%)
Task: 8,	 Epoch: 76/80,	 Avg.loss: 0.0007,	 Accuracy: 775/1000(78%)
Task: 8,	 Epoch: 77/80,	 Avg.loss: 0.0007,	 Accuracy: 782/1000(78%)
Task: 8,	 Epoch: 78/80,	 Avg.loss: 0.0006,	 Accuracy: 783/1000(78%)
Task: 8,	 Epoch: 79/80,	 Avg.loss: 0.0007,	 Accuracy: 787/1000(79%)
Task: 0,	 Epoch: -1/80,	 Avg.loss: 0.0008,	 Accuracy: 832/1000(83%)
Trained Task:8, Loaded task:0, Accuracy:83.2%
Task: 1,	 Epoch: -1/80,	 Avg.loss: 0.0008,	 Accuracy: 766/1000(77%)
Trained Task:8, Loaded task:1, Accuracy:76.6%
Task: 2,	 Epoch: -1/80,	 Avg.loss: 0.0007,	 Accuracy: 797/1000(80%)
Trained Task:8, Loaded task:2, Accuracy:79.7%
Task: 3,	 Epoch: -1/80,	 Avg.loss: 0.0008,	 Accuracy: 776/1000(78%)
Trained Task:8, Loaded task:3, Accuracy:77.6%
Task: 4,	 Epoch: -1/80,	 Avg.loss: 0.0007,	 Accuracy: 810/1000(81%)
Trained Task:8, Loaded task:4, Accuracy:81.0%
Task: 5,	 Epoch: -1/80,	 Avg.loss: 0.0007,	 Accuracy: 780/1000(78%)
Trained Task:8, Loaded task:5, Accuracy:78.0%
Task: 6,	 Epoch: -1/80,	 Avg.loss: 0.0007,	 Accuracy: 759/1000(76%)
Trained Task:8, Loaded task:6, Accuracy:75.9%
Task: 7,	 Epoch: -1/80,	 Avg.loss: 0.0008,	 Accuracy: 743/1000(74%)
Trained Task:8, Loaded task:7, Accuracy:74.3%
Task: 8,	 Epoch: -1/80,	 Avg.loss: 0.0007,	 Accuracy: 787/1000(79%)
Trained Task:8, Loaded task:8, Accuracy:78.7%
Trained Task:8, Avg. Accuracy: 78.3 

List of avg. accuracy: [84.7, 80.6, 80.8, 79.5, 79.9, 79.4, 79.0, 78.4, 78.3]
Mask histogram conv1_layer.2.weight: 	 tensor([   0.,    0.,    0.,    0.,    0.,    0.,    0.,    0.,    0., 8192.],
       device='cuda:0')
Mask histogram conv2_layer.2.weight: 	 tensor([  23.,  167.,  450.,  875., 1028.,  841.,  462.,  189.,   51.,   10.],
       device='cuda:0')
Mask histogram fc1_layer.0.weight: 	 tensor([  3.,  11.,  81., 101., 135.,  91.,  61.,  22.,   5.,   2.],
       device='cuda:0')
Task: 9,	 Epoch: 0/80,	 Avg.loss: 0.0009,	 Accuracy: 710/1000(71%)
Task: 9,	 Epoch: 1/80,	 Avg.loss: 0.0008,	 Accuracy: 738/1000(74%)
Task: 9,	 Epoch: 2/80,	 Avg.loss: 0.0007,	 Accuracy: 767/1000(77%)
Task: 9,	 Epoch: 3/80,	 Avg.loss: 0.0008,	 Accuracy: 738/1000(74%)
Task: 9,	 Epoch: 4/80,	 Avg.loss: 0.0007,	 Accuracy: 774/1000(77%)
Task: 9,	 Epoch: 5/80,	 Avg.loss: 0.0006,	 Accuracy: 799/1000(80%)
Task: 9,	 Epoch: 6/80,	 Avg.loss: 0.0007,	 Accuracy: 796/1000(80%)
Task: 9,	 Epoch: 7/80,	 Avg.loss: 0.0007,	 Accuracy: 792/1000(79%)
Task: 9,	 Epoch: 8/80,	 Avg.loss: 0.0006,	 Accuracy: 806/1000(81%)
Task: 9,	 Epoch: 9/80,	 Avg.loss: 0.0006,	 Accuracy: 794/1000(79%)
Task: 9,	 Epoch: 10/80,	 Avg.loss: 0.0007,	 Accuracy: 785/1000(78%)
Task: 9,	 Epoch: 11/80,	 Avg.loss: 0.0007,	 Accuracy: 790/1000(79%)
Task: 9,	 Epoch: 12/80,	 Avg.loss: 0.0006,	 Accuracy: 788/1000(79%)
Task: 9,	 Epoch: 13/80,	 Avg.loss: 0.0006,	 Accuracy: 800/1000(80%)
Task: 9,	 Epoch: 14/80,	 Avg.loss: 0.0006,	 Accuracy: 804/1000(80%)
Task: 9,	 Epoch: 15/80,	 Avg.loss: 0.0007,	 Accuracy: 783/1000(78%)
Task: 9,	 Epoch: 16/80,	 Avg.loss: 0.0006,	 Accuracy: 807/1000(81%)
Task: 9,	 Epoch: 17/80,	 Avg.loss: 0.0007,	 Accuracy: 787/1000(79%)
Task: 9,	 Epoch: 18/80,	 Avg.loss: 0.0006,	 Accuracy: 812/1000(81%)
Task: 9,	 Epoch: 19/80,	 Avg.loss: 0.0006,	 Accuracy: 819/1000(82%)
Task: 9,	 Epoch: 20/80,	 Avg.loss: 0.0006,	 Accuracy: 813/1000(81%)
Task: 9,	 Epoch: 21/80,	 Avg.loss: 0.0006,	 Accuracy: 816/1000(82%)
Task: 9,	 Epoch: 22/80,	 Avg.loss: 0.0006,	 Accuracy: 813/1000(81%)
Task: 9,	 Epoch: 23/80,	 Avg.loss: 0.0006,	 Accuracy: 817/1000(82%)
Task: 9,	 Epoch: 24/80,	 Avg.loss: 0.0006,	 Accuracy: 813/1000(81%)
Task: 9,	 Epoch: 25/80,	 Avg.loss: 0.0006,	 Accuracy: 806/1000(81%)
Task: 9,	 Epoch: 26/80,	 Avg.loss: 0.0006,	 Accuracy: 811/1000(81%)
Task: 9,	 Epoch: 27/80,	 Avg.loss: 0.0006,	 Accuracy: 813/1000(81%)
Task: 9,	 Epoch: 28/80,	 Avg.loss: 0.0006,	 Accuracy: 821/1000(82%)
Task: 9,	 Epoch: 29/80,	 Avg.loss: 0.0006,	 Accuracy: 809/1000(81%)
Task: 9,	 Epoch: 30/80,	 Avg.loss: 0.0006,	 Accuracy: 818/1000(82%)
Task: 9,	 Epoch: 31/80,	 Avg.loss: 0.0006,	 Accuracy: 821/1000(82%)
Task: 9,	 Epoch: 32/80,	 Avg.loss: 0.0006,	 Accuracy: 808/1000(81%)
Task: 9,	 Epoch: 33/80,	 Avg.loss: 0.0006,	 Accuracy: 800/1000(80%)
Task: 9,	 Epoch: 34/80,	 Avg.loss: 0.0006,	 Accuracy: 814/1000(81%)
Task: 9,	 Epoch: 35/80,	 Avg.loss: 0.0006,	 Accuracy: 806/1000(81%)
Task: 9,	 Epoch: 36/80,	 Avg.loss: 0.0006,	 Accuracy: 815/1000(82%)
Task: 9,	 Epoch: 37/80,	 Avg.loss: 0.0006,	 Accuracy: 814/1000(81%)
Task: 9,	 Epoch: 38/80,	 Avg.loss: 0.0006,	 Accuracy: 811/1000(81%)
Task: 9,	 Epoch: 39/80,	 Avg.loss: 0.0006,	 Accuracy: 809/1000(81%)
Task: 9,	 Epoch: 40/80,	 Avg.loss: 0.0006,	 Accuracy: 812/1000(81%)
Task: 9,	 Epoch: 41/80,	 Avg.loss: 0.0006,	 Accuracy: 824/1000(82%)
Task: 9,	 Epoch: 42/80,	 Avg.loss: 0.0006,	 Accuracy: 823/1000(82%)
Task: 9,	 Epoch: 43/80,	 Avg.loss: 0.0006,	 Accuracy: 812/1000(81%)
Task: 9,	 Epoch: 44/80,	 Avg.loss: 0.0006,	 Accuracy: 813/1000(81%)
Task: 9,	 Epoch: 45/80,	 Avg.loss: 0.0006,	 Accuracy: 820/1000(82%)
Task: 9,	 Epoch: 46/80,	 Avg.loss: 0.0006,	 Accuracy: 803/1000(80%)
Task: 9,	 Epoch: 47/80,	 Avg.loss: 0.0006,	 Accuracy: 810/1000(81%)
Task: 9,	 Epoch: 48/80,	 Avg.loss: 0.0006,	 Accuracy: 813/1000(81%)
Task: 9,	 Epoch: 49/80,	 Avg.loss: 0.0006,	 Accuracy: 815/1000(82%)
Task: 9,	 Epoch: 50/80,	 Avg.loss: 0.0006,	 Accuracy: 823/1000(82%)
Task: 9,	 Epoch: 51/80,	 Avg.loss: 0.0006,	 Accuracy: 825/1000(83%)
Task: 9,	 Epoch: 52/80,	 Avg.loss: 0.0006,	 Accuracy: 824/1000(82%)
Task: 9,	 Epoch: 53/80,	 Avg.loss: 0.0006,	 Accuracy: 824/1000(82%)
Task: 9,	 Epoch: 54/80,	 Avg.loss: 0.0006,	 Accuracy: 821/1000(82%)
Task: 9,	 Epoch: 55/80,	 Avg.loss: 0.0006,	 Accuracy: 827/1000(83%)
Task: 9,	 Epoch: 56/80,	 Avg.loss: 0.0006,	 Accuracy: 824/1000(82%)
Task: 9,	 Epoch: 57/80,	 Avg.loss: 0.0006,	 Accuracy: 821/1000(82%)
Task: 9,	 Epoch: 58/80,	 Avg.loss: 0.0006,	 Accuracy: 823/1000(82%)
Task: 9,	 Epoch: 59/80,	 Avg.loss: 0.0006,	 Accuracy: 821/1000(82%)
Task: 9,	 Epoch: 60/80,	 Avg.loss: 0.0006,	 Accuracy: 821/1000(82%)
Task: 9,	 Epoch: 61/80,	 Avg.loss: 0.0006,	 Accuracy: 824/1000(82%)
Task: 9,	 Epoch: 62/80,	 Avg.loss: 0.0006,	 Accuracy: 822/1000(82%)
Task: 9,	 Epoch: 63/80,	 Avg.loss: 0.0006,	 Accuracy: 817/1000(82%)
Task: 9,	 Epoch: 64/80,	 Avg.loss: 0.0006,	 Accuracy: 823/1000(82%)
Task: 9,	 Epoch: 65/80,	 Avg.loss: 0.0006,	 Accuracy: 823/1000(82%)
Task: 9,	 Epoch: 66/80,	 Avg.loss: 0.0006,	 Accuracy: 820/1000(82%)
Task: 9,	 Epoch: 67/80,	 Avg.loss: 0.0006,	 Accuracy: 815/1000(82%)
Task: 9,	 Epoch: 68/80,	 Avg.loss: 0.0006,	 Accuracy: 820/1000(82%)
Task: 9,	 Epoch: 69/80,	 Avg.loss: 0.0006,	 Accuracy: 818/1000(82%)
Task: 9,	 Epoch: 70/80,	 Avg.loss: 0.0006,	 Accuracy: 821/1000(82%)
Task: 9,	 Epoch: 71/80,	 Avg.loss: 0.0006,	 Accuracy: 820/1000(82%)
Task: 9,	 Epoch: 72/80,	 Avg.loss: 0.0006,	 Accuracy: 819/1000(82%)
Task: 9,	 Epoch: 73/80,	 Avg.loss: 0.0006,	 Accuracy: 817/1000(82%)
Task: 9,	 Epoch: 74/80,	 Avg.loss: 0.0006,	 Accuracy: 826/1000(83%)
Task: 9,	 Epoch: 75/80,	 Avg.loss: 0.0006,	 Accuracy: 819/1000(82%)
Task: 9,	 Epoch: 76/80,	 Avg.loss: 0.0006,	 Accuracy: 819/1000(82%)
Task: 9,	 Epoch: 77/80,	 Avg.loss: 0.0006,	 Accuracy: 824/1000(82%)
Task: 9,	 Epoch: 78/80,	 Avg.loss: 0.0006,	 Accuracy: 819/1000(82%)
Task: 9,	 Epoch: 79/80,	 Avg.loss: 0.0006,	 Accuracy: 818/1000(82%)
Task: 0,	 Epoch: -1/80,	 Avg.loss: 0.0008,	 Accuracy: 831/1000(83%)
Trained Task:9, Loaded task:0, Accuracy:83.1%
Task: 1,	 Epoch: -1/80,	 Avg.loss: 0.0008,	 Accuracy: 768/1000(77%)
Trained Task:9, Loaded task:1, Accuracy:76.8%
Task: 2,	 Epoch: -1/80,	 Avg.loss: 0.0007,	 Accuracy: 795/1000(80%)
Trained Task:9, Loaded task:2, Accuracy:79.5%
Task: 3,	 Epoch: -1/80,	 Avg.loss: 0.0008,	 Accuracy: 777/1000(78%)
Trained Task:9, Loaded task:3, Accuracy:77.7%
Task: 4,	 Epoch: -1/80,	 Avg.loss: 0.0007,	 Accuracy: 812/1000(81%)
Trained Task:9, Loaded task:4, Accuracy:81.2%
Task: 5,	 Epoch: -1/80,	 Avg.loss: 0.0007,	 Accuracy: 782/1000(78%)
Trained Task:9, Loaded task:5, Accuracy:78.2%
Task: 6,	 Epoch: -1/80,	 Avg.loss: 0.0007,	 Accuracy: 760/1000(76%)
Trained Task:9, Loaded task:6, Accuracy:76.0%
Task: 7,	 Epoch: -1/80,	 Avg.loss: 0.0008,	 Accuracy: 744/1000(74%)
Trained Task:9, Loaded task:7, Accuracy:74.4%
Task: 8,	 Epoch: -1/80,	 Avg.loss: 0.0007,	 Accuracy: 782/1000(78%)
Trained Task:9, Loaded task:8, Accuracy:78.2%
Task: 9,	 Epoch: -1/80,	 Avg.loss: 0.0006,	 Accuracy: 818/1000(82%)
Trained Task:9, Loaded task:9, Accuracy:81.8%
Trained Task:9, Avg. Accuracy: 78.7 

List of avg. accuracy: [84.7, 80.6, 80.8, 79.5, 79.9, 79.4, 79.0, 78.4, 78.3, 78.7]
