Files already downloaded and verified
Files already downloaded and verified
Task: -1,	 Epoch: 0/100,	 Avg.loss: 0.0012,	 Accuracy: 5566/10000(56%)
Task: -1,	 Epoch: 1/100,	 Avg.loss: 0.0009,	 Accuracy: 6710/10000(67%)
Task: -1,	 Epoch: 2/100,	 Avg.loss: 0.0008,	 Accuracy: 7056/10000(71%)
Task: -1,	 Epoch: 3/100,	 Avg.loss: 0.0008,	 Accuracy: 7209/10000(72%)
Task: -1,	 Epoch: 4/100,	 Avg.loss: 0.0007,	 Accuracy: 7550/10000(76%)
Task: -1,	 Epoch: 5/100,	 Avg.loss: 0.0007,	 Accuracy: 7701/10000(77%)
Task: -1,	 Epoch: 6/100,	 Avg.loss: 0.0006,	 Accuracy: 7876/10000(79%)
Task: -1,	 Epoch: 7/100,	 Avg.loss: 0.0006,	 Accuracy: 7918/10000(79%)
Task: -1,	 Epoch: 8/100,	 Avg.loss: 0.0006,	 Accuracy: 7912/10000(79%)
Task: -1,	 Epoch: 9/100,	 Avg.loss: 0.0006,	 Accuracy: 8063/10000(81%)
Task: -1,	 Epoch: 10/100,	 Avg.loss: 0.0006,	 Accuracy: 8118/10000(81%)
Task: -1,	 Epoch: 11/100,	 Avg.loss: 0.0005,	 Accuracy: 8150/10000(82%)
Task: -1,	 Epoch: 12/100,	 Avg.loss: 0.0005,	 Accuracy: 8142/10000(81%)
Task: -1,	 Epoch: 13/100,	 Avg.loss: 0.0005,	 Accuracy: 8260/10000(83%)
Task: -1,	 Epoch: 14/100,	 Avg.loss: 0.0005,	 Accuracy: 8258/10000(83%)
Task: -1,	 Epoch: 15/100,	 Avg.loss: 0.0005,	 Accuracy: 8294/10000(83%)
Task: -1,	 Epoch: 16/100,	 Avg.loss: 0.0005,	 Accuracy: 8237/10000(82%)
Task: -1,	 Epoch: 17/100,	 Avg.loss: 0.0005,	 Accuracy: 8318/10000(83%)
Task: -1,	 Epoch: 18/100,	 Avg.loss: 0.0005,	 Accuracy: 8248/10000(82%)
Task: -1,	 Epoch: 19/100,	 Avg.loss: 0.0005,	 Accuracy: 8286/10000(83%)
Task: -1,	 Epoch: 20/100,	 Avg.loss: 0.0005,	 Accuracy: 8377/10000(84%)
Files already downloaded and verified
Files already downloaded and verified
Saving  mask (task#:0)
Mask histogram conv1_layer.2.weight: 	 tensor([   0., 8192.,    0.,    0.,    0.,    0.,    0.,    0.,    0.,    0.],
       device='cuda:0')
Mask histogram conv2_layer.2.weight: 	 tensor([2048., 2048.,    0.,    0.,    0.,    0.,    0.,    0.,    0.,    0.],
       device='cuda:0')
Mask histogram fc1_layer.0.weight: 	 tensor([  0., 512.,   0.,   0.,   0.,   0.,   0.,   0.,   0.,   0.],
       device='cuda:0')
Task: 0,	 Epoch: 0/100,	 Avg.loss: 0.0011,	 Accuracy: 639/1000(64%)
Task: 0,	 Epoch: 1/100,	 Avg.loss: 0.0008,	 Accuracy: 725/1000(72%)
Task: 0,	 Epoch: 2/100,	 Avg.loss: 0.0007,	 Accuracy: 755/1000(76%)
Task: 0,	 Epoch: 3/100,	 Avg.loss: 0.0006,	 Accuracy: 784/1000(78%)
Task: 0,	 Epoch: 4/100,	 Avg.loss: 0.0007,	 Accuracy: 773/1000(77%)
Task: 0,	 Epoch: 5/100,	 Avg.loss: 0.0006,	 Accuracy: 807/1000(81%)
Task: 0,	 Epoch: 6/100,	 Avg.loss: 0.0007,	 Accuracy: 780/1000(78%)
Task: 0,	 Epoch: 7/100,	 Avg.loss: 0.0006,	 Accuracy: 808/1000(81%)
Task: 0,	 Epoch: 8/100,	 Avg.loss: 0.0005,	 Accuracy: 810/1000(81%)
Task: 0,	 Epoch: 9/100,	 Avg.loss: 0.0005,	 Accuracy: 810/1000(81%)
Task: 0,	 Epoch: 10/100,	 Avg.loss: 0.0006,	 Accuracy: 792/1000(79%)
Task: 0,	 Epoch: 11/100,	 Avg.loss: 0.0006,	 Accuracy: 815/1000(82%)
Task: 0,	 Epoch: 12/100,	 Avg.loss: 0.0006,	 Accuracy: 814/1000(81%)
Task: 0,	 Epoch: 13/100,	 Avg.loss: 0.0006,	 Accuracy: 826/1000(83%)
Task: 0,	 Epoch: 14/100,	 Avg.loss: 0.0007,	 Accuracy: 802/1000(80%)
Task: 0,	 Epoch: 15/100,	 Avg.loss: 0.0005,	 Accuracy: 816/1000(82%)
Task: 0,	 Epoch: 16/100,	 Avg.loss: 0.0006,	 Accuracy: 822/1000(82%)
Task: 0,	 Epoch: 17/100,	 Avg.loss: 0.0006,	 Accuracy: 826/1000(83%)
Task: 0,	 Epoch: 18/100,	 Avg.loss: 0.0006,	 Accuracy: 811/1000(81%)
Task: 0,	 Epoch: 19/100,	 Avg.loss: 0.0006,	 Accuracy: 821/1000(82%)
Task: 0,	 Epoch: 20/100,	 Avg.loss: 0.0006,	 Accuracy: 819/1000(82%)
Task: 0,	 Epoch: 21/100,	 Avg.loss: 0.0005,	 Accuracy: 836/1000(84%)
Task: 0,	 Epoch: 22/100,	 Avg.loss: 0.0005,	 Accuracy: 837/1000(84%)
Task: 0,	 Epoch: 23/100,	 Avg.loss: 0.0006,	 Accuracy: 831/1000(83%)
Task: 0,	 Epoch: 24/100,	 Avg.loss: 0.0005,	 Accuracy: 844/1000(84%)
Task: 0,	 Epoch: 25/100,	 Avg.loss: 0.0006,	 Accuracy: 835/1000(84%)
Task: 0,	 Epoch: 26/100,	 Avg.loss: 0.0006,	 Accuracy: 836/1000(84%)
Task: 0,	 Epoch: 27/100,	 Avg.loss: 0.0006,	 Accuracy: 833/1000(83%)
Task: 0,	 Epoch: 28/100,	 Avg.loss: 0.0006,	 Accuracy: 837/1000(84%)
Task: 0,	 Epoch: 29/100,	 Avg.loss: 0.0006,	 Accuracy: 829/1000(83%)
Task: 0,	 Epoch: 30/100,	 Avg.loss: 0.0006,	 Accuracy: 834/1000(83%)
Task: 0,	 Epoch: 31/100,	 Avg.loss: 0.0005,	 Accuracy: 844/1000(84%)
Task: 0,	 Epoch: 32/100,	 Avg.loss: 0.0006,	 Accuracy: 834/1000(83%)
Task: 0,	 Epoch: 33/100,	 Avg.loss: 0.0006,	 Accuracy: 842/1000(84%)
Task: 0,	 Epoch: 34/100,	 Avg.loss: 0.0006,	 Accuracy: 834/1000(83%)
Task: 0,	 Epoch: 35/100,	 Avg.loss: 0.0006,	 Accuracy: 846/1000(85%)
Task: 0,	 Epoch: 36/100,	 Avg.loss: 0.0006,	 Accuracy: 845/1000(85%)
Task: 0,	 Epoch: 37/100,	 Avg.loss: 0.0007,	 Accuracy: 835/1000(84%)
Task: 0,	 Epoch: 38/100,	 Avg.loss: 0.0006,	 Accuracy: 830/1000(83%)
Task: 0,	 Epoch: 39/100,	 Avg.loss: 0.0006,	 Accuracy: 835/1000(84%)
Task: 0,	 Epoch: 40/100,	 Avg.loss: 0.0006,	 Accuracy: 833/1000(83%)
Task: 0,	 Epoch: 41/100,	 Avg.loss: 0.0007,	 Accuracy: 844/1000(84%)
Task: 0,	 Epoch: 42/100,	 Avg.loss: 0.0007,	 Accuracy: 830/1000(83%)
Task: 0,	 Epoch: 43/100,	 Avg.loss: 0.0007,	 Accuracy: 835/1000(84%)
Task: 0,	 Epoch: 44/100,	 Avg.loss: 0.0006,	 Accuracy: 841/1000(84%)
Task: 0,	 Epoch: 45/100,	 Avg.loss: 0.0006,	 Accuracy: 845/1000(85%)
Task: 0,	 Epoch: 46/100,	 Avg.loss: 0.0006,	 Accuracy: 842/1000(84%)
Task: 0,	 Epoch: 47/100,	 Avg.loss: 0.0006,	 Accuracy: 850/1000(85%)
Task: 0,	 Epoch: 48/100,	 Avg.loss: 0.0007,	 Accuracy: 854/1000(85%)
Task: 0,	 Epoch: 49/100,	 Avg.loss: 0.0008,	 Accuracy: 826/1000(83%)
Task: 0,	 Epoch: 50/100,	 Avg.loss: 0.0007,	 Accuracy: 845/1000(85%)
Task: 0,	 Epoch: 51/100,	 Avg.loss: 0.0007,	 Accuracy: 836/1000(84%)
Task: 0,	 Epoch: 52/100,	 Avg.loss: 0.0007,	 Accuracy: 840/1000(84%)
Task: 0,	 Epoch: 53/100,	 Avg.loss: 0.0006,	 Accuracy: 841/1000(84%)
Task: 0,	 Epoch: 54/100,	 Avg.loss: 0.0006,	 Accuracy: 849/1000(85%)
Task: 0,	 Epoch: 55/100,	 Avg.loss: 0.0006,	 Accuracy: 853/1000(85%)
Task: 0,	 Epoch: 56/100,	 Avg.loss: 0.0007,	 Accuracy: 866/1000(87%)
Task: 0,	 Epoch: 57/100,	 Avg.loss: 0.0008,	 Accuracy: 823/1000(82%)
Task: 0,	 Epoch: 58/100,	 Avg.loss: 0.0007,	 Accuracy: 838/1000(84%)
Task: 0,	 Epoch: 59/100,	 Avg.loss: 0.0007,	 Accuracy: 855/1000(86%)
Task: 0,	 Epoch: 60/100,	 Avg.loss: 0.0007,	 Accuracy: 858/1000(86%)
Task: 0,	 Epoch: 61/100,	 Avg.loss: 0.0007,	 Accuracy: 859/1000(86%)
Task: 0,	 Epoch: 62/100,	 Avg.loss: 0.0007,	 Accuracy: 861/1000(86%)
Task: 0,	 Epoch: 63/100,	 Avg.loss: 0.0006,	 Accuracy: 859/1000(86%)
Task: 0,	 Epoch: 64/100,	 Avg.loss: 0.0007,	 Accuracy: 857/1000(86%)
Task: 0,	 Epoch: 65/100,	 Avg.loss: 0.0007,	 Accuracy: 862/1000(86%)
Task: 0,	 Epoch: 66/100,	 Avg.loss: 0.0007,	 Accuracy: 865/1000(87%)
Task: 0,	 Epoch: 67/100,	 Avg.loss: 0.0007,	 Accuracy: 861/1000(86%)
Task: 0,	 Epoch: 68/100,	 Avg.loss: 0.0007,	 Accuracy: 861/1000(86%)
Task: 0,	 Epoch: 69/100,	 Avg.loss: 0.0007,	 Accuracy: 859/1000(86%)
Task: 0,	 Epoch: 70/100,	 Avg.loss: 0.0007,	 Accuracy: 861/1000(86%)
Task: 0,	 Epoch: 71/100,	 Avg.loss: 0.0007,	 Accuracy: 857/1000(86%)
Task: 0,	 Epoch: 72/100,	 Avg.loss: 0.0007,	 Accuracy: 864/1000(86%)
Task: 0,	 Epoch: 73/100,	 Avg.loss: 0.0007,	 Accuracy: 864/1000(86%)
Task: 0,	 Epoch: 74/100,	 Avg.loss: 0.0007,	 Accuracy: 862/1000(86%)
Task: 0,	 Epoch: 75/100,	 Avg.loss: 0.0007,	 Accuracy: 861/1000(86%)
Task: 0,	 Epoch: 76/100,	 Avg.loss: 0.0007,	 Accuracy: 860/1000(86%)
Task: 0,	 Epoch: 77/100,	 Avg.loss: 0.0007,	 Accuracy: 860/1000(86%)
Task: 0,	 Epoch: 78/100,	 Avg.loss: 0.0007,	 Accuracy: 862/1000(86%)
Task: 0,	 Epoch: 79/100,	 Avg.loss: 0.0007,	 Accuracy: 866/1000(87%)
Task: 0,	 Epoch: 80/100,	 Avg.loss: 0.0007,	 Accuracy: 861/1000(86%)
Task: 0,	 Epoch: 81/100,	 Avg.loss: 0.0007,	 Accuracy: 862/1000(86%)
Task: 0,	 Epoch: 82/100,	 Avg.loss: 0.0007,	 Accuracy: 857/1000(86%)
Task: 0,	 Epoch: 83/100,	 Avg.loss: 0.0007,	 Accuracy: 860/1000(86%)
Task: 0,	 Epoch: 84/100,	 Avg.loss: 0.0007,	 Accuracy: 859/1000(86%)
Task: 0,	 Epoch: 85/100,	 Avg.loss: 0.0007,	 Accuracy: 858/1000(86%)
Task: 0,	 Epoch: 86/100,	 Avg.loss: 0.0007,	 Accuracy: 860/1000(86%)
Task: 0,	 Epoch: 87/100,	 Avg.loss: 0.0007,	 Accuracy: 859/1000(86%)
Task: 0,	 Epoch: 88/100,	 Avg.loss: 0.0007,	 Accuracy: 859/1000(86%)
Task: 0,	 Epoch: 89/100,	 Avg.loss: 0.0007,	 Accuracy: 862/1000(86%)
Task: 0,	 Epoch: 90/100,	 Avg.loss: 0.0007,	 Accuracy: 858/1000(86%)
Task: 0,	 Epoch: 91/100,	 Avg.loss: 0.0007,	 Accuracy: 865/1000(87%)
Task: 0,	 Epoch: 92/100,	 Avg.loss: 0.0007,	 Accuracy: 859/1000(86%)
Task: 0,	 Epoch: 93/100,	 Avg.loss: 0.0007,	 Accuracy: 858/1000(86%)
Task: 0,	 Epoch: 94/100,	 Avg.loss: 0.0008,	 Accuracy: 859/1000(86%)
Task: 0,	 Epoch: 95/100,	 Avg.loss: 0.0007,	 Accuracy: 856/1000(86%)
Task: 0,	 Epoch: 96/100,	 Avg.loss: 0.0007,	 Accuracy: 865/1000(87%)
Task: 0,	 Epoch: 97/100,	 Avg.loss: 0.0007,	 Accuracy: 857/1000(86%)
Task: 0,	 Epoch: 98/100,	 Avg.loss: 0.0007,	 Accuracy: 861/1000(86%)
Task: 0,	 Epoch: 99/100,	 Avg.loss: 0.0008,	 Accuracy: 857/1000(86%)
Saving head (task#: 0)
Computing MAS
Loading head (task#:0)
Loading mask (task#:0)
Files already downloaded and verified
Files already downloaded and verified
Task: 0,	 Epoch: -1/100,	 Avg.loss: 0.0008,	 Accuracy: 857/1000(86%)
Trained Task:0, Loaded task:0, Accuracy:85.7%
Files already downloaded and verified
Files already downloaded and verified
Layer        : conv1_layer.2.weight
Sum Omega    : 21884.90234375
Max Fisher   : 1.6230629682540894
Max Omega    : 22.243000030517578
Max Relevance: 0.014821574091911316
Mask active  : 8192.0/8192

Layer        : conv2_layer.2.weight
Sum Omega    : 14951.353515625
Max Fisher   : 0.9197257161140442
Max Omega    : 9.411133766174316
Max Relevance: 0.431706964969635
Mask active  : 2048.0/4096

Layer        : fc1_layer.0.weight
Sum Omega    : 21139.552734375
Max Fisher   : 0.05605887249112129
Max Omega    : 1.8766591548919678
Max Relevance: 0.028849348425865173
Mask active  : 512.0/512

Saving  mask (task#:1)
Mask histogram conv1_layer.2.weight: 	 tensor([   0.,    0., 8192.,    0.,    0.,    0.,    0.,    0.,    0.,    0.],
       device='cuda:0')
Mask histogram conv2_layer.2.weight: 	 tensor([ 192., 3712.,  192.,    0.,    0.,    0.,    0.,    0.,    0.,    0.],
       device='cuda:0')
Mask histogram fc1_layer.0.weight: 	 tensor([  0.,   0., 512.,   0.,   0.,   0.,   0.,   0.,   0.,   0.],
       device='cuda:0')
Task: 1,	 Epoch: 0/100,	 Avg.loss: 0.0010,	 Accuracy: 672/1000(67%)
Task: 1,	 Epoch: 1/100,	 Avg.loss: 0.0009,	 Accuracy: 692/1000(69%)
Task: 1,	 Epoch: 2/100,	 Avg.loss: 0.0009,	 Accuracy: 707/1000(71%)
Task: 1,	 Epoch: 3/100,	 Avg.loss: 0.0009,	 Accuracy: 701/1000(70%)
Task: 1,	 Epoch: 4/100,	 Avg.loss: 0.0008,	 Accuracy: 736/1000(74%)
Task: 1,	 Epoch: 5/100,	 Avg.loss: 0.0008,	 Accuracy: 724/1000(72%)
Task: 1,	 Epoch: 6/100,	 Avg.loss: 0.0008,	 Accuracy: 757/1000(76%)
Task: 1,	 Epoch: 7/100,	 Avg.loss: 0.0007,	 Accuracy: 764/1000(76%)
Task: 1,	 Epoch: 8/100,	 Avg.loss: 0.0008,	 Accuracy: 757/1000(76%)
Task: 1,	 Epoch: 9/100,	 Avg.loss: 0.0007,	 Accuracy: 781/1000(78%)
Task: 1,	 Epoch: 10/100,	 Avg.loss: 0.0007,	 Accuracy: 785/1000(78%)
Task: 1,	 Epoch: 11/100,	 Avg.loss: 0.0007,	 Accuracy: 765/1000(76%)
Task: 1,	 Epoch: 12/100,	 Avg.loss: 0.0008,	 Accuracy: 787/1000(79%)
Task: 1,	 Epoch: 13/100,	 Avg.loss: 0.0007,	 Accuracy: 772/1000(77%)
Task: 1,	 Epoch: 14/100,	 Avg.loss: 0.0007,	 Accuracy: 784/1000(78%)
Task: 1,	 Epoch: 15/100,	 Avg.loss: 0.0007,	 Accuracy: 782/1000(78%)
Task: 1,	 Epoch: 16/100,	 Avg.loss: 0.0008,	 Accuracy: 758/1000(76%)
Task: 1,	 Epoch: 17/100,	 Avg.loss: 0.0008,	 Accuracy: 777/1000(78%)
Task: 1,	 Epoch: 18/100,	 Avg.loss: 0.0007,	 Accuracy: 784/1000(78%)
Task: 1,	 Epoch: 19/100,	 Avg.loss: 0.0007,	 Accuracy: 785/1000(78%)
Task: 1,	 Epoch: 20/100,	 Avg.loss: 0.0007,	 Accuracy: 798/1000(80%)
Task: 1,	 Epoch: 21/100,	 Avg.loss: 0.0007,	 Accuracy: 789/1000(79%)
Task: 1,	 Epoch: 22/100,	 Avg.loss: 0.0008,	 Accuracy: 785/1000(78%)
Task: 1,	 Epoch: 23/100,	 Avg.loss: 0.0007,	 Accuracy: 815/1000(82%)
Task: 1,	 Epoch: 24/100,	 Avg.loss: 0.0008,	 Accuracy: 800/1000(80%)
Task: 1,	 Epoch: 25/100,	 Avg.loss: 0.0008,	 Accuracy: 794/1000(79%)
Task: 1,	 Epoch: 26/100,	 Avg.loss: 0.0008,	 Accuracy: 789/1000(79%)
Task: 1,	 Epoch: 27/100,	 Avg.loss: 0.0008,	 Accuracy: 792/1000(79%)
Task: 1,	 Epoch: 28/100,	 Avg.loss: 0.0008,	 Accuracy: 796/1000(80%)
Task: 1,	 Epoch: 29/100,	 Avg.loss: 0.0008,	 Accuracy: 805/1000(81%)
Task: 1,	 Epoch: 30/100,	 Avg.loss: 0.0008,	 Accuracy: 801/1000(80%)
Task: 1,	 Epoch: 31/100,	 Avg.loss: 0.0008,	 Accuracy: 796/1000(80%)
Task: 1,	 Epoch: 32/100,	 Avg.loss: 0.0008,	 Accuracy: 796/1000(80%)
Task: 1,	 Epoch: 33/100,	 Avg.loss: 0.0009,	 Accuracy: 795/1000(80%)
Task: 1,	 Epoch: 34/100,	 Avg.loss: 0.0009,	 Accuracy: 805/1000(81%)
Task: 1,	 Epoch: 35/100,	 Avg.loss: 0.0009,	 Accuracy: 790/1000(79%)
Task: 1,	 Epoch: 36/100,	 Avg.loss: 0.0009,	 Accuracy: 785/1000(78%)
Task: 1,	 Epoch: 37/100,	 Avg.loss: 0.0008,	 Accuracy: 796/1000(80%)
Task: 1,	 Epoch: 38/100,	 Avg.loss: 0.0009,	 Accuracy: 801/1000(80%)
Task: 1,	 Epoch: 39/100,	 Avg.loss: 0.0009,	 Accuracy: 786/1000(79%)
Task: 1,	 Epoch: 40/100,	 Avg.loss: 0.0009,	 Accuracy: 792/1000(79%)
Task: 1,	 Epoch: 41/100,	 Avg.loss: 0.0009,	 Accuracy: 801/1000(80%)
Task: 1,	 Epoch: 42/100,	 Avg.loss: 0.0009,	 Accuracy: 802/1000(80%)
Task: 1,	 Epoch: 43/100,	 Avg.loss: 0.0010,	 Accuracy: 799/1000(80%)
Task: 1,	 Epoch: 44/100,	 Avg.loss: 0.0009,	 Accuracy: 800/1000(80%)
Task: 1,	 Epoch: 45/100,	 Avg.loss: 0.0010,	 Accuracy: 799/1000(80%)
Task: 1,	 Epoch: 46/100,	 Avg.loss: 0.0010,	 Accuracy: 795/1000(80%)
Task: 1,	 Epoch: 47/100,	 Avg.loss: 0.0010,	 Accuracy: 769/1000(77%)
Task: 1,	 Epoch: 48/100,	 Avg.loss: 0.0010,	 Accuracy: 789/1000(79%)
Task: 1,	 Epoch: 49/100,	 Avg.loss: 0.0010,	 Accuracy: 785/1000(78%)
Task: 1,	 Epoch: 50/100,	 Avg.loss: 0.0010,	 Accuracy: 782/1000(78%)
Task: 1,	 Epoch: 51/100,	 Avg.loss: 0.0010,	 Accuracy: 801/1000(80%)
Task: 1,	 Epoch: 52/100,	 Avg.loss: 0.0010,	 Accuracy: 806/1000(81%)
Task: 1,	 Epoch: 53/100,	 Avg.loss: 0.0010,	 Accuracy: 791/1000(79%)
Task: 1,	 Epoch: 54/100,	 Avg.loss: 0.0010,	 Accuracy: 792/1000(79%)
Task: 1,	 Epoch: 55/100,	 Avg.loss: 0.0010,	 Accuracy: 797/1000(80%)
Task: 1,	 Epoch: 56/100,	 Avg.loss: 0.0010,	 Accuracy: 798/1000(80%)
Task: 1,	 Epoch: 57/100,	 Avg.loss: 0.0010,	 Accuracy: 801/1000(80%)
Task: 1,	 Epoch: 58/100,	 Avg.loss: 0.0011,	 Accuracy: 777/1000(78%)
Task: 1,	 Epoch: 59/100,	 Avg.loss: 0.0010,	 Accuracy: 791/1000(79%)
Task: 1,	 Epoch: 60/100,	 Avg.loss: 0.0010,	 Accuracy: 793/1000(79%)
Task: 1,	 Epoch: 61/100,	 Avg.loss: 0.0010,	 Accuracy: 793/1000(79%)
Task: 1,	 Epoch: 62/100,	 Avg.loss: 0.0010,	 Accuracy: 795/1000(80%)
Task: 1,	 Epoch: 63/100,	 Avg.loss: 0.0010,	 Accuracy: 793/1000(79%)
Task: 1,	 Epoch: 64/100,	 Avg.loss: 0.0010,	 Accuracy: 796/1000(80%)
Task: 1,	 Epoch: 65/100,	 Avg.loss: 0.0010,	 Accuracy: 800/1000(80%)
Task: 1,	 Epoch: 66/100,	 Avg.loss: 0.0010,	 Accuracy: 797/1000(80%)
Task: 1,	 Epoch: 67/100,	 Avg.loss: 0.0010,	 Accuracy: 798/1000(80%)
Task: 1,	 Epoch: 68/100,	 Avg.loss: 0.0010,	 Accuracy: 797/1000(80%)
Task: 1,	 Epoch: 69/100,	 Avg.loss: 0.0010,	 Accuracy: 795/1000(80%)
Task: 1,	 Epoch: 70/100,	 Avg.loss: 0.0010,	 Accuracy: 798/1000(80%)
Task: 1,	 Epoch: 71/100,	 Avg.loss: 0.0010,	 Accuracy: 794/1000(79%)
Task: 1,	 Epoch: 72/100,	 Avg.loss: 0.0010,	 Accuracy: 798/1000(80%)
Task: 1,	 Epoch: 73/100,	 Avg.loss: 0.0010,	 Accuracy: 799/1000(80%)
Task: 1,	 Epoch: 74/100,	 Avg.loss: 0.0010,	 Accuracy: 798/1000(80%)
Task: 1,	 Epoch: 75/100,	 Avg.loss: 0.0010,	 Accuracy: 797/1000(80%)
Task: 1,	 Epoch: 76/100,	 Avg.loss: 0.0010,	 Accuracy: 793/1000(79%)
Task: 1,	 Epoch: 77/100,	 Avg.loss: 0.0010,	 Accuracy: 799/1000(80%)
Task: 1,	 Epoch: 78/100,	 Avg.loss: 0.0010,	 Accuracy: 803/1000(80%)
Task: 1,	 Epoch: 79/100,	 Avg.loss: 0.0010,	 Accuracy: 803/1000(80%)
Task: 1,	 Epoch: 80/100,	 Avg.loss: 0.0010,	 Accuracy: 798/1000(80%)
Task: 1,	 Epoch: 81/100,	 Avg.loss: 0.0010,	 Accuracy: 796/1000(80%)
Task: 1,	 Epoch: 82/100,	 Avg.loss: 0.0010,	 Accuracy: 796/1000(80%)
Task: 1,	 Epoch: 83/100,	 Avg.loss: 0.0010,	 Accuracy: 800/1000(80%)
Task: 1,	 Epoch: 84/100,	 Avg.loss: 0.0010,	 Accuracy: 793/1000(79%)
Task: 1,	 Epoch: 85/100,	 Avg.loss: 0.0010,	 Accuracy: 799/1000(80%)
Task: 1,	 Epoch: 86/100,	 Avg.loss: 0.0011,	 Accuracy: 795/1000(80%)
Task: 1,	 Epoch: 87/100,	 Avg.loss: 0.0010,	 Accuracy: 802/1000(80%)
Task: 1,	 Epoch: 88/100,	 Avg.loss: 0.0011,	 Accuracy: 801/1000(80%)
Task: 1,	 Epoch: 89/100,	 Avg.loss: 0.0011,	 Accuracy: 801/1000(80%)
Task: 1,	 Epoch: 90/100,	 Avg.loss: 0.0011,	 Accuracy: 803/1000(80%)
Task: 1,	 Epoch: 91/100,	 Avg.loss: 0.0011,	 Accuracy: 798/1000(80%)
Task: 1,	 Epoch: 92/100,	 Avg.loss: 0.0011,	 Accuracy: 795/1000(80%)
Task: 1,	 Epoch: 93/100,	 Avg.loss: 0.0011,	 Accuracy: 800/1000(80%)
Task: 1,	 Epoch: 94/100,	 Avg.loss: 0.0011,	 Accuracy: 801/1000(80%)
Task: 1,	 Epoch: 95/100,	 Avg.loss: 0.0011,	 Accuracy: 793/1000(79%)
Task: 1,	 Epoch: 96/100,	 Avg.loss: 0.0011,	 Accuracy: 801/1000(80%)
Task: 1,	 Epoch: 97/100,	 Avg.loss: 0.0011,	 Accuracy: 800/1000(80%)
Task: 1,	 Epoch: 98/100,	 Avg.loss: 0.0011,	 Accuracy: 796/1000(80%)
Task: 1,	 Epoch: 99/100,	 Avg.loss: 0.0011,	 Accuracy: 801/1000(80%)
Saving head (task#: 1)
Computing MAS
Loading head (task#:0)
Loading mask (task#:0)
Files already downloaded and verified
Files already downloaded and verified
Task: 0,	 Epoch: -1/100,	 Avg.loss: 0.0008,	 Accuracy: 857/1000(86%)
Trained Task:1, Loaded task:0, Accuracy:85.7%
Loading head (task#:1)
Loading mask (task#:1)
Files already downloaded and verified
Files already downloaded and verified
Task: 1,	 Epoch: -1/100,	 Avg.loss: 0.0011,	 Accuracy: 801/1000(80%)
Trained Task:1, Loaded task:1, Accuracy:80.1%
Files already downloaded and verified
Files already downloaded and verified
Layer        : conv1_layer.2.weight
Sum Omega    : 34275.16796875
Max Fisher   : 1.8245000839233398
Max Omega    : 33.6363639831543
Max Relevance: -0.010621655732393265
Mask active  : 8192.0/8192

Layer        : conv2_layer.2.weight
Sum Omega    : 24284.7578125
Max Fisher   : 0.7770445346832275
Max Omega    : 9.411133766174316
Max Relevance: 9.22739491215907e-05
Mask active  : 2048.0/4096

Layer        : fc1_layer.0.weight
Sum Omega    : 37181.0546875
Max Fisher   : 0.0656198188662529
Max Omega    : 1.8766591548919678
Max Relevance: 0.04107337445020676
Mask active  : 512.0/512

Saving  mask (task#:2)
Mask histogram conv1_layer.2.weight: 	 tensor([   0.,    0.,    0., 8192.,    0.,    0.,    0.,    0.,    0.,    0.],
       device='cuda:0')
Mask histogram conv2_layer.2.weight: 	 tensor([   0., 2240., 1664.,  192.,    0.,    0.,    0.,    0.,    0.,    0.],
       device='cuda:0')
Mask histogram fc1_layer.0.weight: 	 tensor([  0.,   0.,   0., 512.,   0.,   0.,   0.,   0.,   0.,   0.],
       device='cuda:0')
Task: 2,	 Epoch: 0/100,	 Avg.loss: 0.0013,	 Accuracy: 612/1000(61%)
Task: 2,	 Epoch: 1/100,	 Avg.loss: 0.0010,	 Accuracy: 707/1000(71%)
Task: 2,	 Epoch: 2/100,	 Avg.loss: 0.0009,	 Accuracy: 721/1000(72%)
Task: 2,	 Epoch: 3/100,	 Avg.loss: 0.0009,	 Accuracy: 718/1000(72%)
Task: 2,	 Epoch: 4/100,	 Avg.loss: 0.0009,	 Accuracy: 745/1000(74%)
Task: 2,	 Epoch: 5/100,	 Avg.loss: 0.0009,	 Accuracy: 731/1000(73%)
Task: 2,	 Epoch: 6/100,	 Avg.loss: 0.0008,	 Accuracy: 751/1000(75%)
Task: 2,	 Epoch: 7/100,	 Avg.loss: 0.0009,	 Accuracy: 731/1000(73%)
Task: 2,	 Epoch: 8/100,	 Avg.loss: 0.0009,	 Accuracy: 731/1000(73%)
Task: 2,	 Epoch: 9/100,	 Avg.loss: 0.0008,	 Accuracy: 753/1000(75%)
Task: 2,	 Epoch: 10/100,	 Avg.loss: 0.0008,	 Accuracy: 764/1000(76%)
Task: 2,	 Epoch: 11/100,	 Avg.loss: 0.0008,	 Accuracy: 768/1000(77%)
Task: 2,	 Epoch: 12/100,	 Avg.loss: 0.0008,	 Accuracy: 743/1000(74%)
Task: 2,	 Epoch: 13/100,	 Avg.loss: 0.0008,	 Accuracy: 763/1000(76%)
Task: 2,	 Epoch: 14/100,	 Avg.loss: 0.0008,	 Accuracy: 775/1000(78%)
Task: 2,	 Epoch: 15/100,	 Avg.loss: 0.0008,	 Accuracy: 765/1000(76%)
Task: 2,	 Epoch: 16/100,	 Avg.loss: 0.0008,	 Accuracy: 769/1000(77%)
Task: 2,	 Epoch: 17/100,	 Avg.loss: 0.0008,	 Accuracy: 758/1000(76%)
Task: 2,	 Epoch: 18/100,	 Avg.loss: 0.0008,	 Accuracy: 765/1000(76%)
Task: 2,	 Epoch: 19/100,	 Avg.loss: 0.0008,	 Accuracy: 760/1000(76%)
Task: 2,	 Epoch: 20/100,	 Avg.loss: 0.0008,	 Accuracy: 764/1000(76%)
Task: 2,	 Epoch: 21/100,	 Avg.loss: 0.0008,	 Accuracy: 759/1000(76%)
Task: 2,	 Epoch: 22/100,	 Avg.loss: 0.0007,	 Accuracy: 774/1000(77%)
Task: 2,	 Epoch: 23/100,	 Avg.loss: 0.0008,	 Accuracy: 763/1000(76%)
Task: 2,	 Epoch: 24/100,	 Avg.loss: 0.0008,	 Accuracy: 762/1000(76%)
Task: 2,	 Epoch: 25/100,	 Avg.loss: 0.0007,	 Accuracy: 769/1000(77%)
Task: 2,	 Epoch: 26/100,	 Avg.loss: 0.0008,	 Accuracy: 782/1000(78%)
Task: 2,	 Epoch: 27/100,	 Avg.loss: 0.0007,	 Accuracy: 779/1000(78%)
Task: 2,	 Epoch: 28/100,	 Avg.loss: 0.0008,	 Accuracy: 760/1000(76%)
Task: 2,	 Epoch: 29/100,	 Avg.loss: 0.0008,	 Accuracy: 776/1000(78%)
Task: 2,	 Epoch: 30/100,	 Avg.loss: 0.0008,	 Accuracy: 783/1000(78%)
Task: 2,	 Epoch: 31/100,	 Avg.loss: 0.0008,	 Accuracy: 768/1000(77%)
Task: 2,	 Epoch: 32/100,	 Avg.loss: 0.0008,	 Accuracy: 780/1000(78%)
Task: 2,	 Epoch: 33/100,	 Avg.loss: 0.0008,	 Accuracy: 755/1000(76%)
Task: 2,	 Epoch: 34/100,	 Avg.loss: 0.0008,	 Accuracy: 783/1000(78%)
Task: 2,	 Epoch: 35/100,	 Avg.loss: 0.0008,	 Accuracy: 774/1000(77%)
Task: 2,	 Epoch: 36/100,	 Avg.loss: 0.0008,	 Accuracy: 771/1000(77%)
Task: 2,	 Epoch: 37/100,	 Avg.loss: 0.0008,	 Accuracy: 775/1000(78%)
Task: 2,	 Epoch: 38/100,	 Avg.loss: 0.0008,	 Accuracy: 780/1000(78%)
Task: 2,	 Epoch: 39/100,	 Avg.loss: 0.0008,	 Accuracy: 784/1000(78%)
Task: 2,	 Epoch: 40/100,	 Avg.loss: 0.0007,	 Accuracy: 798/1000(80%)
Task: 2,	 Epoch: 41/100,	 Avg.loss: 0.0009,	 Accuracy: 740/1000(74%)
Task: 2,	 Epoch: 42/100,	 Avg.loss: 0.0008,	 Accuracy: 785/1000(78%)
Task: 2,	 Epoch: 43/100,	 Avg.loss: 0.0008,	 Accuracy: 782/1000(78%)
Task: 2,	 Epoch: 44/100,	 Avg.loss: 0.0008,	 Accuracy: 782/1000(78%)
Task: 2,	 Epoch: 45/100,	 Avg.loss: 0.0008,	 Accuracy: 787/1000(79%)
Task: 2,	 Epoch: 46/100,	 Avg.loss: 0.0008,	 Accuracy: 783/1000(78%)
Task: 2,	 Epoch: 47/100,	 Avg.loss: 0.0008,	 Accuracy: 784/1000(78%)
Task: 2,	 Epoch: 48/100,	 Avg.loss: 0.0008,	 Accuracy: 776/1000(78%)
Task: 2,	 Epoch: 49/100,	 Avg.loss: 0.0008,	 Accuracy: 788/1000(79%)
Task: 2,	 Epoch: 50/100,	 Avg.loss: 0.0008,	 Accuracy: 791/1000(79%)
Task: 2,	 Epoch: 51/100,	 Avg.loss: 0.0008,	 Accuracy: 780/1000(78%)
Task: 2,	 Epoch: 52/100,	 Avg.loss: 0.0008,	 Accuracy: 780/1000(78%)
Task: 2,	 Epoch: 53/100,	 Avg.loss: 0.0008,	 Accuracy: 783/1000(78%)
Task: 2,	 Epoch: 54/100,	 Avg.loss: 0.0008,	 Accuracy: 783/1000(78%)
Task: 2,	 Epoch: 55/100,	 Avg.loss: 0.0008,	 Accuracy: 787/1000(79%)
Task: 2,	 Epoch: 56/100,	 Avg.loss: 0.0008,	 Accuracy: 787/1000(79%)
Task: 2,	 Epoch: 57/100,	 Avg.loss: 0.0008,	 Accuracy: 792/1000(79%)
Task: 2,	 Epoch: 58/100,	 Avg.loss: 0.0008,	 Accuracy: 797/1000(80%)
Task: 2,	 Epoch: 59/100,	 Avg.loss: 0.0008,	 Accuracy: 783/1000(78%)
Task: 2,	 Epoch: 60/100,	 Avg.loss: 0.0007,	 Accuracy: 802/1000(80%)
Task: 2,	 Epoch: 61/100,	 Avg.loss: 0.0007,	 Accuracy: 803/1000(80%)
Task: 2,	 Epoch: 62/100,	 Avg.loss: 0.0007,	 Accuracy: 803/1000(80%)
Task: 2,	 Epoch: 63/100,	 Avg.loss: 0.0007,	 Accuracy: 811/1000(81%)
Task: 2,	 Epoch: 64/100,	 Avg.loss: 0.0007,	 Accuracy: 803/1000(80%)
Task: 2,	 Epoch: 65/100,	 Avg.loss: 0.0007,	 Accuracy: 801/1000(80%)
Task: 2,	 Epoch: 66/100,	 Avg.loss: 0.0007,	 Accuracy: 806/1000(81%)
Task: 2,	 Epoch: 67/100,	 Avg.loss: 0.0007,	 Accuracy: 805/1000(81%)
Task: 2,	 Epoch: 68/100,	 Avg.loss: 0.0007,	 Accuracy: 808/1000(81%)
Task: 2,	 Epoch: 69/100,	 Avg.loss: 0.0007,	 Accuracy: 803/1000(80%)
Task: 2,	 Epoch: 70/100,	 Avg.loss: 0.0007,	 Accuracy: 804/1000(80%)
Task: 2,	 Epoch: 71/100,	 Avg.loss: 0.0007,	 Accuracy: 807/1000(81%)
Task: 2,	 Epoch: 72/100,	 Avg.loss: 0.0007,	 Accuracy: 804/1000(80%)
Task: 2,	 Epoch: 73/100,	 Avg.loss: 0.0007,	 Accuracy: 803/1000(80%)
Task: 2,	 Epoch: 74/100,	 Avg.loss: 0.0007,	 Accuracy: 802/1000(80%)
Task: 2,	 Epoch: 75/100,	 Avg.loss: 0.0007,	 Accuracy: 807/1000(81%)
Task: 2,	 Epoch: 76/100,	 Avg.loss: 0.0007,	 Accuracy: 804/1000(80%)
Task: 2,	 Epoch: 77/100,	 Avg.loss: 0.0007,	 Accuracy: 803/1000(80%)
Task: 2,	 Epoch: 78/100,	 Avg.loss: 0.0007,	 Accuracy: 806/1000(81%)
Task: 2,	 Epoch: 79/100,	 Avg.loss: 0.0007,	 Accuracy: 810/1000(81%)
Task: 2,	 Epoch: 80/100,	 Avg.loss: 0.0007,	 Accuracy: 805/1000(81%)
Task: 2,	 Epoch: 81/100,	 Avg.loss: 0.0007,	 Accuracy: 798/1000(80%)
Task: 2,	 Epoch: 82/100,	 Avg.loss: 0.0007,	 Accuracy: 806/1000(81%)
Task: 2,	 Epoch: 83/100,	 Avg.loss: 0.0007,	 Accuracy: 803/1000(80%)
Task: 2,	 Epoch: 84/100,	 Avg.loss: 0.0007,	 Accuracy: 800/1000(80%)
Task: 2,	 Epoch: 85/100,	 Avg.loss: 0.0007,	 Accuracy: 804/1000(80%)
Task: 2,	 Epoch: 86/100,	 Avg.loss: 0.0007,	 Accuracy: 799/1000(80%)
Task: 2,	 Epoch: 87/100,	 Avg.loss: 0.0007,	 Accuracy: 805/1000(81%)
Task: 2,	 Epoch: 88/100,	 Avg.loss: 0.0007,	 Accuracy: 802/1000(80%)
Task: 2,	 Epoch: 89/100,	 Avg.loss: 0.0007,	 Accuracy: 809/1000(81%)
Task: 2,	 Epoch: 90/100,	 Avg.loss: 0.0007,	 Accuracy: 807/1000(81%)
Task: 2,	 Epoch: 91/100,	 Avg.loss: 0.0007,	 Accuracy: 799/1000(80%)
Task: 2,	 Epoch: 92/100,	 Avg.loss: 0.0007,	 Accuracy: 799/1000(80%)
Task: 2,	 Epoch: 93/100,	 Avg.loss: 0.0007,	 Accuracy: 802/1000(80%)
Task: 2,	 Epoch: 94/100,	 Avg.loss: 0.0007,	 Accuracy: 802/1000(80%)
Task: 2,	 Epoch: 95/100,	 Avg.loss: 0.0007,	 Accuracy: 809/1000(81%)
Task: 2,	 Epoch: 96/100,	 Avg.loss: 0.0007,	 Accuracy: 802/1000(80%)
Task: 2,	 Epoch: 97/100,	 Avg.loss: 0.0007,	 Accuracy: 803/1000(80%)
Task: 2,	 Epoch: 98/100,	 Avg.loss: 0.0007,	 Accuracy: 805/1000(81%)
Task: 2,	 Epoch: 99/100,	 Avg.loss: 0.0007,	 Accuracy: 802/1000(80%)
Saving head (task#: 2)
Computing MAS
Loading head (task#:0)
Loading mask (task#:0)
Files already downloaded and verified
Files already downloaded and verified
Task: 0,	 Epoch: -1/100,	 Avg.loss: 0.0008,	 Accuracy: 855/1000(86%)
Trained Task:2, Loaded task:0, Accuracy:85.5%
Loading head (task#:1)
Loading mask (task#:1)
Files already downloaded and verified
Files already downloaded and verified
Task: 1,	 Epoch: -1/100,	 Avg.loss: 0.0011,	 Accuracy: 798/1000(80%)
Trained Task:2, Loaded task:1, Accuracy:79.8%
Loading head (task#:2)
Loading mask (task#:2)
Files already downloaded and verified
Files already downloaded and verified
Task: 2,	 Epoch: -1/100,	 Avg.loss: 0.0007,	 Accuracy: 802/1000(80%)
Trained Task:2, Loaded task:2, Accuracy:80.2%
Files already downloaded and verified
Files already downloaded and verified
Layer        : conv1_layer.2.weight
Sum Omega    : 38926.6796875
Max Fisher   : 2.125621795654297
Max Omega    : 34.89125061035156
Max Relevance: -0.01295353751629591
Mask active  : 8192.0/8192

Layer        : conv2_layer.2.weight
Sum Omega    : 27417.74609375
Max Fisher   : 0.8246224522590637
Max Omega    : 9.411133766174316
Max Relevance: 0.0
Mask active  : 2048.0/4096

Layer        : fc1_layer.0.weight
Sum Omega    : 43552.47265625
Max Fisher   : 0.0833616629242897
Max Omega    : 1.8766591548919678
Max Relevance: 0.05700623616576195
Mask active  : 512.0/512

Saving  mask (task#:3)
Mask histogram conv1_layer.2.weight: 	 tensor([   0.,    0.,    0.,    0., 8192.,    0.,    0.,    0.,    0.,    0.],
       device='cuda:0')
Mask histogram conv2_layer.2.weight: 	 tensor([   0., 1408., 1472., 1024.,  192.,    0.,    0.,    0.,    0.,    0.],
       device='cuda:0')
Mask histogram fc1_layer.0.weight: 	 tensor([  0.,   0.,   0.,   0., 512.,   0.,   0.,   0.,   0.,   0.],
       device='cuda:0')
Task: 3,	 Epoch: 0/100,	 Avg.loss: 0.0012,	 Accuracy: 595/1000(60%)
Task: 3,	 Epoch: 1/100,	 Avg.loss: 0.0010,	 Accuracy: 663/1000(66%)
Task: 3,	 Epoch: 2/100,	 Avg.loss: 0.0010,	 Accuracy: 652/1000(65%)
Task: 3,	 Epoch: 3/100,	 Avg.loss: 0.0009,	 Accuracy: 673/1000(67%)
Task: 3,	 Epoch: 4/100,	 Avg.loss: 0.0009,	 Accuracy: 698/1000(70%)
Task: 3,	 Epoch: 5/100,	 Avg.loss: 0.0009,	 Accuracy: 687/1000(69%)
Task: 3,	 Epoch: 6/100,	 Avg.loss: 0.0009,	 Accuracy: 704/1000(70%)
Task: 3,	 Epoch: 7/100,	 Avg.loss: 0.0009,	 Accuracy: 687/1000(69%)
Task: 3,	 Epoch: 8/100,	 Avg.loss: 0.0009,	 Accuracy: 700/1000(70%)
Task: 3,	 Epoch: 9/100,	 Avg.loss: 0.0009,	 Accuracy: 696/1000(70%)
Task: 3,	 Epoch: 10/100,	 Avg.loss: 0.0009,	 Accuracy: 709/1000(71%)
Task: 3,	 Epoch: 11/100,	 Avg.loss: 0.0008,	 Accuracy: 716/1000(72%)
Task: 3,	 Epoch: 12/100,	 Avg.loss: 0.0009,	 Accuracy: 720/1000(72%)
Task: 3,	 Epoch: 13/100,	 Avg.loss: 0.0009,	 Accuracy: 711/1000(71%)
Task: 3,	 Epoch: 14/100,	 Avg.loss: 0.0008,	 Accuracy: 717/1000(72%)
Task: 3,	 Epoch: 15/100,	 Avg.loss: 0.0009,	 Accuracy: 704/1000(70%)
Task: 3,	 Epoch: 16/100,	 Avg.loss: 0.0009,	 Accuracy: 712/1000(71%)
Task: 3,	 Epoch: 17/100,	 Avg.loss: 0.0009,	 Accuracy: 718/1000(72%)
Task: 3,	 Epoch: 18/100,	 Avg.loss: 0.0009,	 Accuracy: 712/1000(71%)
Task: 3,	 Epoch: 19/100,	 Avg.loss: 0.0008,	 Accuracy: 733/1000(73%)
Task: 3,	 Epoch: 20/100,	 Avg.loss: 0.0009,	 Accuracy: 711/1000(71%)
Task: 3,	 Epoch: 21/100,	 Avg.loss: 0.0009,	 Accuracy: 713/1000(71%)
Task: 3,	 Epoch: 22/100,	 Avg.loss: 0.0008,	 Accuracy: 723/1000(72%)
Task: 3,	 Epoch: 23/100,	 Avg.loss: 0.0008,	 Accuracy: 734/1000(73%)
Task: 3,	 Epoch: 24/100,	 Avg.loss: 0.0008,	 Accuracy: 731/1000(73%)
Task: 3,	 Epoch: 25/100,	 Avg.loss: 0.0008,	 Accuracy: 722/1000(72%)
Task: 3,	 Epoch: 26/100,	 Avg.loss: 0.0008,	 Accuracy: 730/1000(73%)
Task: 3,	 Epoch: 27/100,	 Avg.loss: 0.0009,	 Accuracy: 713/1000(71%)
Task: 3,	 Epoch: 28/100,	 Avg.loss: 0.0009,	 Accuracy: 711/1000(71%)
Task: 3,	 Epoch: 29/100,	 Avg.loss: 0.0009,	 Accuracy: 704/1000(70%)
Task: 3,	 Epoch: 30/100,	 Avg.loss: 0.0009,	 Accuracy: 709/1000(71%)
Task: 3,	 Epoch: 31/100,	 Avg.loss: 0.0009,	 Accuracy: 719/1000(72%)
Task: 3,	 Epoch: 32/100,	 Avg.loss: 0.0009,	 Accuracy: 734/1000(73%)
Task: 3,	 Epoch: 33/100,	 Avg.loss: 0.0009,	 Accuracy: 701/1000(70%)
Task: 3,	 Epoch: 34/100,	 Avg.loss: 0.0008,	 Accuracy: 722/1000(72%)
Task: 3,	 Epoch: 35/100,	 Avg.loss: 0.0009,	 Accuracy: 711/1000(71%)
Task: 3,	 Epoch: 36/100,	 Avg.loss: 0.0009,	 Accuracy: 721/1000(72%)
Task: 3,	 Epoch: 37/100,	 Avg.loss: 0.0008,	 Accuracy: 734/1000(73%)
Task: 3,	 Epoch: 38/100,	 Avg.loss: 0.0009,	 Accuracy: 721/1000(72%)
Task: 3,	 Epoch: 39/100,	 Avg.loss: 0.0009,	 Accuracy: 731/1000(73%)
Task: 3,	 Epoch: 40/100,	 Avg.loss: 0.0009,	 Accuracy: 717/1000(72%)
Task: 3,	 Epoch: 41/100,	 Avg.loss: 0.0010,	 Accuracy: 702/1000(70%)
Task: 3,	 Epoch: 42/100,	 Avg.loss: 0.0009,	 Accuracy: 729/1000(73%)
Task: 3,	 Epoch: 43/100,	 Avg.loss: 0.0009,	 Accuracy: 716/1000(72%)
Task: 3,	 Epoch: 44/100,	 Avg.loss: 0.0009,	 Accuracy: 713/1000(71%)
Task: 3,	 Epoch: 45/100,	 Avg.loss: 0.0009,	 Accuracy: 708/1000(71%)
Task: 3,	 Epoch: 46/100,	 Avg.loss: 0.0009,	 Accuracy: 721/1000(72%)
Task: 3,	 Epoch: 47/100,	 Avg.loss: 0.0009,	 Accuracy: 719/1000(72%)
Task: 3,	 Epoch: 48/100,	 Avg.loss: 0.0009,	 Accuracy: 721/1000(72%)
Task: 3,	 Epoch: 49/100,	 Avg.loss: 0.0009,	 Accuracy: 726/1000(73%)
Task: 3,	 Epoch: 50/100,	 Avg.loss: 0.0009,	 Accuracy: 732/1000(73%)
Task: 3,	 Epoch: 51/100,	 Avg.loss: 0.0009,	 Accuracy: 720/1000(72%)
Task: 3,	 Epoch: 52/100,	 Avg.loss: 0.0009,	 Accuracy: 696/1000(70%)
Task: 3,	 Epoch: 53/100,	 Avg.loss: 0.0009,	 Accuracy: 713/1000(71%)
Task: 3,	 Epoch: 54/100,	 Avg.loss: 0.0009,	 Accuracy: 726/1000(73%)
Task: 3,	 Epoch: 55/100,	 Avg.loss: 0.0009,	 Accuracy: 721/1000(72%)
Task: 3,	 Epoch: 56/100,	 Avg.loss: 0.0009,	 Accuracy: 728/1000(73%)
Task: 3,	 Epoch: 57/100,	 Avg.loss: 0.0009,	 Accuracy: 708/1000(71%)
Task: 3,	 Epoch: 58/100,	 Avg.loss: 0.0009,	 Accuracy: 721/1000(72%)
Task: 3,	 Epoch: 59/100,	 Avg.loss: 0.0009,	 Accuracy: 722/1000(72%)
Task: 3,	 Epoch: 60/100,	 Avg.loss: 0.0008,	 Accuracy: 732/1000(73%)
Task: 3,	 Epoch: 61/100,	 Avg.loss: 0.0008,	 Accuracy: 734/1000(73%)
Task: 3,	 Epoch: 62/100,	 Avg.loss: 0.0008,	 Accuracy: 730/1000(73%)
Task: 3,	 Epoch: 63/100,	 Avg.loss: 0.0008,	 Accuracy: 733/1000(73%)
Task: 3,	 Epoch: 64/100,	 Avg.loss: 0.0008,	 Accuracy: 731/1000(73%)
Task: 3,	 Epoch: 65/100,	 Avg.loss: 0.0008,	 Accuracy: 736/1000(74%)
Task: 3,	 Epoch: 66/100,	 Avg.loss: 0.0008,	 Accuracy: 725/1000(72%)
Task: 3,	 Epoch: 67/100,	 Avg.loss: 0.0008,	 Accuracy: 729/1000(73%)
Task: 3,	 Epoch: 68/100,	 Avg.loss: 0.0008,	 Accuracy: 731/1000(73%)
Task: 3,	 Epoch: 69/100,	 Avg.loss: 0.0008,	 Accuracy: 733/1000(73%)
Task: 3,	 Epoch: 70/100,	 Avg.loss: 0.0008,	 Accuracy: 734/1000(73%)
Task: 3,	 Epoch: 71/100,	 Avg.loss: 0.0008,	 Accuracy: 737/1000(74%)
Task: 3,	 Epoch: 72/100,	 Avg.loss: 0.0008,	 Accuracy: 733/1000(73%)
Task: 3,	 Epoch: 73/100,	 Avg.loss: 0.0008,	 Accuracy: 738/1000(74%)
Task: 3,	 Epoch: 74/100,	 Avg.loss: 0.0008,	 Accuracy: 740/1000(74%)
Task: 3,	 Epoch: 75/100,	 Avg.loss: 0.0008,	 Accuracy: 732/1000(73%)
Task: 3,	 Epoch: 76/100,	 Avg.loss: 0.0008,	 Accuracy: 741/1000(74%)
Task: 3,	 Epoch: 77/100,	 Avg.loss: 0.0008,	 Accuracy: 740/1000(74%)
Task: 3,	 Epoch: 78/100,	 Avg.loss: 0.0008,	 Accuracy: 730/1000(73%)
Task: 3,	 Epoch: 79/100,	 Avg.loss: 0.0008,	 Accuracy: 736/1000(74%)
Task: 3,	 Epoch: 80/100,	 Avg.loss: 0.0008,	 Accuracy: 734/1000(73%)
Task: 3,	 Epoch: 81/100,	 Avg.loss: 0.0008,	 Accuracy: 741/1000(74%)
Task: 3,	 Epoch: 82/100,	 Avg.loss: 0.0008,	 Accuracy: 736/1000(74%)
Task: 3,	 Epoch: 83/100,	 Avg.loss: 0.0008,	 Accuracy: 733/1000(73%)
Task: 3,	 Epoch: 84/100,	 Avg.loss: 0.0008,	 Accuracy: 737/1000(74%)
Task: 3,	 Epoch: 85/100,	 Avg.loss: 0.0008,	 Accuracy: 741/1000(74%)
Task: 3,	 Epoch: 86/100,	 Avg.loss: 0.0008,	 Accuracy: 738/1000(74%)
Task: 3,	 Epoch: 87/100,	 Avg.loss: 0.0008,	 Accuracy: 739/1000(74%)
Task: 3,	 Epoch: 88/100,	 Avg.loss: 0.0008,	 Accuracy: 738/1000(74%)
Task: 3,	 Epoch: 89/100,	 Avg.loss: 0.0008,	 Accuracy: 737/1000(74%)
Task: 3,	 Epoch: 90/100,	 Avg.loss: 0.0008,	 Accuracy: 740/1000(74%)
Task: 3,	 Epoch: 91/100,	 Avg.loss: 0.0008,	 Accuracy: 738/1000(74%)
Task: 3,	 Epoch: 92/100,	 Avg.loss: 0.0008,	 Accuracy: 744/1000(74%)
Task: 3,	 Epoch: 93/100,	 Avg.loss: 0.0008,	 Accuracy: 735/1000(74%)
Task: 3,	 Epoch: 94/100,	 Avg.loss: 0.0008,	 Accuracy: 737/1000(74%)
Task: 3,	 Epoch: 95/100,	 Avg.loss: 0.0008,	 Accuracy: 740/1000(74%)
Task: 3,	 Epoch: 96/100,	 Avg.loss: 0.0008,	 Accuracy: 734/1000(73%)
Task: 3,	 Epoch: 97/100,	 Avg.loss: 0.0009,	 Accuracy: 734/1000(73%)
Task: 3,	 Epoch: 98/100,	 Avg.loss: 0.0008,	 Accuracy: 742/1000(74%)
Task: 3,	 Epoch: 99/100,	 Avg.loss: 0.0009,	 Accuracy: 739/1000(74%)
Saving head (task#: 3)
Computing MAS
Loading head (task#:0)
Loading mask (task#:0)
Files already downloaded and verified
Files already downloaded and verified
Task: 0,	 Epoch: -1/100,	 Avg.loss: 0.0009,	 Accuracy: 852/1000(85%)
Trained Task:3, Loaded task:0, Accuracy:85.2%
Loading head (task#:1)
Loading mask (task#:1)
Files already downloaded and verified
Files already downloaded and verified
Task: 1,	 Epoch: -1/100,	 Avg.loss: 0.0011,	 Accuracy: 801/1000(80%)
Trained Task:3, Loaded task:1, Accuracy:80.1%
Loading head (task#:2)
Loading mask (task#:2)
Files already downloaded and verified
Files already downloaded and verified
Task: 2,	 Epoch: -1/100,	 Avg.loss: 0.0007,	 Accuracy: 802/1000(80%)
Trained Task:3, Loaded task:2, Accuracy:80.2%
Loading head (task#:3)
Loading mask (task#:3)
Files already downloaded and verified
Files already downloaded and verified
Task: 3,	 Epoch: -1/100,	 Avg.loss: 0.0009,	 Accuracy: 739/1000(74%)
Trained Task:3, Loaded task:3, Accuracy:73.9%
Files already downloaded and verified
Files already downloaded and verified
Layer        : conv1_layer.2.weight
Sum Omega    : 42490.08203125
Max Fisher   : 2.204393148422241
Max Omega    : 37.32606506347656
Max Relevance: -0.01480424776673317
Mask active  : 8192.0/8192

Layer        : conv2_layer.2.weight
Sum Omega    : 29967.78125
Max Fisher   : 1.0460981130599976
Max Omega    : 9.411133766174316
Max Relevance: 0.027172952890396118
Mask active  : 2048.0/4096

Layer        : fc1_layer.0.weight
Sum Omega    : 48365.1953125
Max Fisher   : 0.09213510155677795
Max Omega    : 1.8766591548919678
Max Relevance: 0.057345837354660034
Mask active  : 512.0/512

Saving  mask (task#:4)
Mask histogram conv1_layer.2.weight: 	 tensor([   0.,    0.,    0.,    0.,    0., 8192.,    0.,    0.,    0.,    0.],
       device='cuda:0')
Mask histogram conv2_layer.2.weight: 	 tensor([   0., 1152., 1088.,  704.,  960.,  192.,    0.,    0.,    0.,    0.],
       device='cuda:0')
Mask histogram fc1_layer.0.weight: 	 tensor([  0.,   0.,   0.,   0.,   0., 512.,   0.,   0.,   0.,   0.],
       device='cuda:0')
Task: 4,	 Epoch: 0/100,	 Avg.loss: 0.0011,	 Accuracy: 642/1000(64%)
Task: 4,	 Epoch: 1/100,	 Avg.loss: 0.0009,	 Accuracy: 691/1000(69%)
Task: 4,	 Epoch: 2/100,	 Avg.loss: 0.0009,	 Accuracy: 689/1000(69%)
Task: 4,	 Epoch: 3/100,	 Avg.loss: 0.0010,	 Accuracy: 695/1000(70%)
Task: 4,	 Epoch: 4/100,	 Avg.loss: 0.0008,	 Accuracy: 714/1000(71%)
Task: 4,	 Epoch: 5/100,	 Avg.loss: 0.0008,	 Accuracy: 717/1000(72%)
Task: 4,	 Epoch: 6/100,	 Avg.loss: 0.0009,	 Accuracy: 720/1000(72%)
Task: 4,	 Epoch: 7/100,	 Avg.loss: 0.0009,	 Accuracy: 710/1000(71%)
Task: 4,	 Epoch: 8/100,	 Avg.loss: 0.0008,	 Accuracy: 720/1000(72%)
Task: 4,	 Epoch: 9/100,	 Avg.loss: 0.0008,	 Accuracy: 739/1000(74%)
Task: 4,	 Epoch: 10/100,	 Avg.loss: 0.0009,	 Accuracy: 681/1000(68%)
Task: 4,	 Epoch: 11/100,	 Avg.loss: 0.0008,	 Accuracy: 729/1000(73%)
Task: 4,	 Epoch: 12/100,	 Avg.loss: 0.0008,	 Accuracy: 738/1000(74%)
Task: 4,	 Epoch: 13/100,	 Avg.loss: 0.0008,	 Accuracy: 735/1000(74%)
Task: 4,	 Epoch: 14/100,	 Avg.loss: 0.0008,	 Accuracy: 731/1000(73%)
Task: 4,	 Epoch: 15/100,	 Avg.loss: 0.0007,	 Accuracy: 748/1000(75%)
Task: 4,	 Epoch: 16/100,	 Avg.loss: 0.0008,	 Accuracy: 733/1000(73%)
Task: 4,	 Epoch: 17/100,	 Avg.loss: 0.0008,	 Accuracy: 732/1000(73%)
Task: 4,	 Epoch: 18/100,	 Avg.loss: 0.0008,	 Accuracy: 746/1000(75%)
Task: 4,	 Epoch: 19/100,	 Avg.loss: 0.0007,	 Accuracy: 750/1000(75%)
Task: 4,	 Epoch: 20/100,	 Avg.loss: 0.0008,	 Accuracy: 729/1000(73%)
Task: 4,	 Epoch: 21/100,	 Avg.loss: 0.0008,	 Accuracy: 736/1000(74%)
Task: 4,	 Epoch: 22/100,	 Avg.loss: 0.0008,	 Accuracy: 750/1000(75%)
Task: 4,	 Epoch: 23/100,	 Avg.loss: 0.0008,	 Accuracy: 753/1000(75%)
Task: 4,	 Epoch: 24/100,	 Avg.loss: 0.0007,	 Accuracy: 755/1000(76%)
Task: 4,	 Epoch: 25/100,	 Avg.loss: 0.0008,	 Accuracy: 739/1000(74%)
Task: 4,	 Epoch: 26/100,	 Avg.loss: 0.0007,	 Accuracy: 756/1000(76%)
Task: 4,	 Epoch: 27/100,	 Avg.loss: 0.0008,	 Accuracy: 726/1000(73%)
Task: 4,	 Epoch: 28/100,	 Avg.loss: 0.0007,	 Accuracy: 758/1000(76%)
Task: 4,	 Epoch: 29/100,	 Avg.loss: 0.0008,	 Accuracy: 741/1000(74%)
Task: 4,	 Epoch: 30/100,	 Avg.loss: 0.0007,	 Accuracy: 763/1000(76%)
Task: 4,	 Epoch: 31/100,	 Avg.loss: 0.0007,	 Accuracy: 758/1000(76%)
Task: 4,	 Epoch: 32/100,	 Avg.loss: 0.0007,	 Accuracy: 750/1000(75%)
Task: 4,	 Epoch: 33/100,	 Avg.loss: 0.0007,	 Accuracy: 757/1000(76%)
Task: 4,	 Epoch: 34/100,	 Avg.loss: 0.0008,	 Accuracy: 756/1000(76%)
Task: 4,	 Epoch: 35/100,	 Avg.loss: 0.0007,	 Accuracy: 770/1000(77%)
Task: 4,	 Epoch: 36/100,	 Avg.loss: 0.0007,	 Accuracy: 759/1000(76%)
Task: 4,	 Epoch: 37/100,	 Avg.loss: 0.0008,	 Accuracy: 750/1000(75%)
Task: 4,	 Epoch: 38/100,	 Avg.loss: 0.0007,	 Accuracy: 783/1000(78%)
Task: 4,	 Epoch: 39/100,	 Avg.loss: 0.0007,	 Accuracy: 761/1000(76%)
Task: 4,	 Epoch: 40/100,	 Avg.loss: 0.0008,	 Accuracy: 755/1000(76%)
Task: 4,	 Epoch: 41/100,	 Avg.loss: 0.0009,	 Accuracy: 717/1000(72%)
Task: 4,	 Epoch: 42/100,	 Avg.loss: 0.0007,	 Accuracy: 758/1000(76%)
Task: 4,	 Epoch: 43/100,	 Avg.loss: 0.0007,	 Accuracy: 771/1000(77%)
Task: 4,	 Epoch: 44/100,	 Avg.loss: 0.0008,	 Accuracy: 739/1000(74%)
Task: 4,	 Epoch: 45/100,	 Avg.loss: 0.0007,	 Accuracy: 766/1000(77%)
Task: 4,	 Epoch: 46/100,	 Avg.loss: 0.0007,	 Accuracy: 771/1000(77%)
Task: 4,	 Epoch: 47/100,	 Avg.loss: 0.0007,	 Accuracy: 767/1000(77%)
Task: 4,	 Epoch: 48/100,	 Avg.loss: 0.0007,	 Accuracy: 759/1000(76%)
Task: 4,	 Epoch: 49/100,	 Avg.loss: 0.0007,	 Accuracy: 774/1000(77%)
Task: 4,	 Epoch: 50/100,	 Avg.loss: 0.0007,	 Accuracy: 766/1000(77%)
Task: 4,	 Epoch: 51/100,	 Avg.loss: 0.0007,	 Accuracy: 763/1000(76%)
Task: 4,	 Epoch: 52/100,	 Avg.loss: 0.0007,	 Accuracy: 764/1000(76%)
Task: 4,	 Epoch: 53/100,	 Avg.loss: 0.0008,	 Accuracy: 745/1000(74%)
Task: 4,	 Epoch: 54/100,	 Avg.loss: 0.0007,	 Accuracy: 761/1000(76%)
Task: 4,	 Epoch: 55/100,	 Avg.loss: 0.0007,	 Accuracy: 768/1000(77%)
Task: 4,	 Epoch: 56/100,	 Avg.loss: 0.0008,	 Accuracy: 756/1000(76%)
Task: 4,	 Epoch: 57/100,	 Avg.loss: 0.0007,	 Accuracy: 775/1000(78%)
Task: 4,	 Epoch: 58/100,	 Avg.loss: 0.0007,	 Accuracy: 775/1000(78%)
Task: 4,	 Epoch: 59/100,	 Avg.loss: 0.0008,	 Accuracy: 734/1000(73%)
Task: 4,	 Epoch: 60/100,	 Avg.loss: 0.0007,	 Accuracy: 779/1000(78%)
Task: 4,	 Epoch: 61/100,	 Avg.loss: 0.0007,	 Accuracy: 780/1000(78%)
Task: 4,	 Epoch: 62/100,	 Avg.loss: 0.0007,	 Accuracy: 777/1000(78%)
Task: 4,	 Epoch: 63/100,	 Avg.loss: 0.0007,	 Accuracy: 780/1000(78%)
Task: 4,	 Epoch: 64/100,	 Avg.loss: 0.0007,	 Accuracy: 778/1000(78%)
Task: 4,	 Epoch: 65/100,	 Avg.loss: 0.0007,	 Accuracy: 779/1000(78%)
Task: 4,	 Epoch: 66/100,	 Avg.loss: 0.0007,	 Accuracy: 784/1000(78%)
Task: 4,	 Epoch: 67/100,	 Avg.loss: 0.0007,	 Accuracy: 781/1000(78%)
Task: 4,	 Epoch: 68/100,	 Avg.loss: 0.0007,	 Accuracy: 792/1000(79%)
Task: 4,	 Epoch: 69/100,	 Avg.loss: 0.0007,	 Accuracy: 789/1000(79%)
Task: 4,	 Epoch: 70/100,	 Avg.loss: 0.0007,	 Accuracy: 792/1000(79%)
Task: 4,	 Epoch: 71/100,	 Avg.loss: 0.0007,	 Accuracy: 780/1000(78%)
Task: 4,	 Epoch: 72/100,	 Avg.loss: 0.0007,	 Accuracy: 783/1000(78%)
Task: 4,	 Epoch: 73/100,	 Avg.loss: 0.0007,	 Accuracy: 789/1000(79%)
Task: 4,	 Epoch: 74/100,	 Avg.loss: 0.0007,	 Accuracy: 790/1000(79%)
Task: 4,	 Epoch: 75/100,	 Avg.loss: 0.0007,	 Accuracy: 784/1000(78%)
Task: 4,	 Epoch: 76/100,	 Avg.loss: 0.0007,	 Accuracy: 787/1000(79%)
Task: 4,	 Epoch: 77/100,	 Avg.loss: 0.0007,	 Accuracy: 794/1000(79%)
Task: 4,	 Epoch: 78/100,	 Avg.loss: 0.0007,	 Accuracy: 792/1000(79%)
Task: 4,	 Epoch: 79/100,	 Avg.loss: 0.0007,	 Accuracy: 794/1000(79%)
Task: 4,	 Epoch: 80/100,	 Avg.loss: 0.0007,	 Accuracy: 784/1000(78%)
Task: 4,	 Epoch: 81/100,	 Avg.loss: 0.0007,	 Accuracy: 788/1000(79%)
Task: 4,	 Epoch: 82/100,	 Avg.loss: 0.0007,	 Accuracy: 784/1000(78%)
Task: 4,	 Epoch: 83/100,	 Avg.loss: 0.0007,	 Accuracy: 793/1000(79%)
Task: 4,	 Epoch: 84/100,	 Avg.loss: 0.0007,	 Accuracy: 785/1000(78%)
Task: 4,	 Epoch: 85/100,	 Avg.loss: 0.0007,	 Accuracy: 785/1000(78%)
Task: 4,	 Epoch: 86/100,	 Avg.loss: 0.0007,	 Accuracy: 785/1000(78%)
Task: 4,	 Epoch: 87/100,	 Avg.loss: 0.0007,	 Accuracy: 782/1000(78%)
Task: 4,	 Epoch: 88/100,	 Avg.loss: 0.0007,	 Accuracy: 787/1000(79%)
Task: 4,	 Epoch: 89/100,	 Avg.loss: 0.0007,	 Accuracy: 786/1000(79%)
Task: 4,	 Epoch: 90/100,	 Avg.loss: 0.0007,	 Accuracy: 786/1000(79%)
Task: 4,	 Epoch: 91/100,	 Avg.loss: 0.0007,	 Accuracy: 787/1000(79%)
Task: 4,	 Epoch: 92/100,	 Avg.loss: 0.0007,	 Accuracy: 789/1000(79%)
Task: 4,	 Epoch: 93/100,	 Avg.loss: 0.0007,	 Accuracy: 796/1000(80%)
Task: 4,	 Epoch: 94/100,	 Avg.loss: 0.0007,	 Accuracy: 796/1000(80%)
Task: 4,	 Epoch: 95/100,	 Avg.loss: 0.0007,	 Accuracy: 790/1000(79%)
Task: 4,	 Epoch: 96/100,	 Avg.loss: 0.0007,	 Accuracy: 794/1000(79%)
Task: 4,	 Epoch: 97/100,	 Avg.loss: 0.0007,	 Accuracy: 792/1000(79%)
Task: 4,	 Epoch: 98/100,	 Avg.loss: 0.0007,	 Accuracy: 789/1000(79%)
Task: 4,	 Epoch: 99/100,	 Avg.loss: 0.0007,	 Accuracy: 789/1000(79%)
Saving head (task#: 4)
Computing MAS
Loading head (task#:0)
Loading mask (task#:0)
Files already downloaded and verified
Files already downloaded and verified
Task: 0,	 Epoch: -1/100,	 Avg.loss: 0.0009,	 Accuracy: 857/1000(86%)
Trained Task:4, Loaded task:0, Accuracy:85.7%
Loading head (task#:1)
Loading mask (task#:1)
Files already downloaded and verified
Files already downloaded and verified
Task: 1,	 Epoch: -1/100,	 Avg.loss: 0.0012,	 Accuracy: 800/1000(80%)
Trained Task:4, Loaded task:1, Accuracy:80.0%
Loading head (task#:2)
Loading mask (task#:2)
Files already downloaded and verified
Files already downloaded and verified
Task: 2,	 Epoch: -1/100,	 Avg.loss: 0.0008,	 Accuracy: 793/1000(79%)
Trained Task:4, Loaded task:2, Accuracy:79.3%
Loading head (task#:3)
Loading mask (task#:3)
Files already downloaded and verified
Files already downloaded and verified
Task: 3,	 Epoch: -1/100,	 Avg.loss: 0.0009,	 Accuracy: 739/1000(74%)
Trained Task:4, Loaded task:3, Accuracy:73.9%
Loading head (task#:4)
Loading mask (task#:4)
Files already downloaded and verified
Files already downloaded and verified
Task: 4,	 Epoch: -1/100,	 Avg.loss: 0.0007,	 Accuracy: 789/1000(79%)
Trained Task:4, Loaded task:4, Accuracy:78.9%
Files already downloaded and verified
Files already downloaded and verified
Layer        : conv1_layer.2.weight
Sum Omega    : 47146.3125
Max Fisher   : 2.91890025138855
Max Omega    : 42.065650939941406
Max Relevance: -0.017215808853507042
Mask active  : 8192.0/8192

Layer        : conv2_layer.2.weight
Sum Omega    : 32809.265625
Max Fisher   : 0.7820249199867249
Max Omega    : 9.411133766174316
Max Relevance: 0.0
Mask active  : 2048.0/4096

Layer        : fc1_layer.0.weight
Sum Omega    : 54165.81640625
Max Fisher   : 0.11780215799808502
Max Omega    : 1.8766591548919678
Max Relevance: 0.0939573124051094
Mask active  : 512.0/512

Saving  mask (task#:5)
Mask histogram conv1_layer.2.weight: 	 tensor([   0.,    0.,    0.,    0.,    0.,    0., 8192.,    0.,    0.,    0.],
       device='cuda:0')
Mask histogram conv2_layer.2.weight: 	 tensor([  0., 896., 768., 960., 576., 704., 192.,   0.,   0.,   0.],
       device='cuda:0')
Mask histogram fc1_layer.0.weight: 	 tensor([  0.,   0.,   0.,   0.,   0.,   0., 512.,   0.,   0.,   0.],
       device='cuda:0')
Task: 5,	 Epoch: 0/100,	 Avg.loss: 0.0011,	 Accuracy: 637/1000(64%)
Task: 5,	 Epoch: 1/100,	 Avg.loss: 0.0010,	 Accuracy: 650/1000(65%)
Task: 5,	 Epoch: 2/100,	 Avg.loss: 0.0009,	 Accuracy: 681/1000(68%)
Task: 5,	 Epoch: 3/100,	 Avg.loss: 0.0009,	 Accuracy: 691/1000(69%)
Task: 5,	 Epoch: 4/100,	 Avg.loss: 0.0009,	 Accuracy: 696/1000(70%)
Task: 5,	 Epoch: 5/100,	 Avg.loss: 0.0009,	 Accuracy: 697/1000(70%)
Task: 5,	 Epoch: 6/100,	 Avg.loss: 0.0009,	 Accuracy: 692/1000(69%)
Task: 5,	 Epoch: 7/100,	 Avg.loss: 0.0008,	 Accuracy: 723/1000(72%)
Task: 5,	 Epoch: 8/100,	 Avg.loss: 0.0008,	 Accuracy: 707/1000(71%)
Task: 5,	 Epoch: 9/100,	 Avg.loss: 0.0009,	 Accuracy: 713/1000(71%)
Task: 5,	 Epoch: 10/100,	 Avg.loss: 0.0009,	 Accuracy: 704/1000(70%)
Task: 5,	 Epoch: 11/100,	 Avg.loss: 0.0008,	 Accuracy: 726/1000(73%)
Task: 5,	 Epoch: 12/100,	 Avg.loss: 0.0008,	 Accuracy: 724/1000(72%)
Task: 5,	 Epoch: 13/100,	 Avg.loss: 0.0008,	 Accuracy: 714/1000(71%)
Task: 5,	 Epoch: 14/100,	 Avg.loss: 0.0008,	 Accuracy: 727/1000(73%)
Task: 5,	 Epoch: 15/100,	 Avg.loss: 0.0008,	 Accuracy: 738/1000(74%)
Task: 5,	 Epoch: 16/100,	 Avg.loss: 0.0008,	 Accuracy: 720/1000(72%)
Task: 5,	 Epoch: 17/100,	 Avg.loss: 0.0008,	 Accuracy: 741/1000(74%)
Task: 5,	 Epoch: 18/100,	 Avg.loss: 0.0009,	 Accuracy: 716/1000(72%)
Task: 5,	 Epoch: 19/100,	 Avg.loss: 0.0008,	 Accuracy: 722/1000(72%)
Task: 5,	 Epoch: 20/100,	 Avg.loss: 0.0008,	 Accuracy: 731/1000(73%)
Task: 5,	 Epoch: 21/100,	 Avg.loss: 0.0008,	 Accuracy: 760/1000(76%)
Task: 5,	 Epoch: 22/100,	 Avg.loss: 0.0008,	 Accuracy: 739/1000(74%)
Task: 5,	 Epoch: 23/100,	 Avg.loss: 0.0008,	 Accuracy: 736/1000(74%)
Task: 5,	 Epoch: 24/100,	 Avg.loss: 0.0008,	 Accuracy: 743/1000(74%)
Task: 5,	 Epoch: 25/100,	 Avg.loss: 0.0008,	 Accuracy: 745/1000(74%)
Task: 5,	 Epoch: 26/100,	 Avg.loss: 0.0007,	 Accuracy: 743/1000(74%)
Task: 5,	 Epoch: 27/100,	 Avg.loss: 0.0009,	 Accuracy: 720/1000(72%)
Task: 5,	 Epoch: 28/100,	 Avg.loss: 0.0008,	 Accuracy: 729/1000(73%)
Task: 5,	 Epoch: 29/100,	 Avg.loss: 0.0008,	 Accuracy: 734/1000(73%)
Task: 5,	 Epoch: 30/100,	 Avg.loss: 0.0008,	 Accuracy: 746/1000(75%)
Task: 5,	 Epoch: 31/100,	 Avg.loss: 0.0008,	 Accuracy: 734/1000(73%)
Task: 5,	 Epoch: 32/100,	 Avg.loss: 0.0008,	 Accuracy: 741/1000(74%)
Task: 5,	 Epoch: 33/100,	 Avg.loss: 0.0008,	 Accuracy: 736/1000(74%)
Task: 5,	 Epoch: 34/100,	 Avg.loss: 0.0008,	 Accuracy: 733/1000(73%)
Task: 5,	 Epoch: 35/100,	 Avg.loss: 0.0008,	 Accuracy: 735/1000(74%)
Task: 5,	 Epoch: 36/100,	 Avg.loss: 0.0007,	 Accuracy: 757/1000(76%)
Task: 5,	 Epoch: 37/100,	 Avg.loss: 0.0007,	 Accuracy: 769/1000(77%)
Task: 5,	 Epoch: 38/100,	 Avg.loss: 0.0008,	 Accuracy: 748/1000(75%)
Task: 5,	 Epoch: 39/100,	 Avg.loss: 0.0008,	 Accuracy: 729/1000(73%)
Task: 5,	 Epoch: 40/100,	 Avg.loss: 0.0008,	 Accuracy: 738/1000(74%)
Task: 5,	 Epoch: 41/100,	 Avg.loss: 0.0008,	 Accuracy: 765/1000(76%)
Task: 5,	 Epoch: 42/100,	 Avg.loss: 0.0008,	 Accuracy: 741/1000(74%)
Task: 5,	 Epoch: 43/100,	 Avg.loss: 0.0008,	 Accuracy: 745/1000(74%)
Task: 5,	 Epoch: 44/100,	 Avg.loss: 0.0008,	 Accuracy: 754/1000(75%)
Task: 5,	 Epoch: 45/100,	 Avg.loss: 0.0008,	 Accuracy: 742/1000(74%)
Task: 5,	 Epoch: 46/100,	 Avg.loss: 0.0008,	 Accuracy: 764/1000(76%)
Task: 5,	 Epoch: 47/100,	 Avg.loss: 0.0007,	 Accuracy: 759/1000(76%)
Task: 5,	 Epoch: 48/100,	 Avg.loss: 0.0008,	 Accuracy: 741/1000(74%)
Task: 5,	 Epoch: 49/100,	 Avg.loss: 0.0008,	 Accuracy: 740/1000(74%)
Task: 5,	 Epoch: 50/100,	 Avg.loss: 0.0008,	 Accuracy: 744/1000(74%)
Task: 5,	 Epoch: 51/100,	 Avg.loss: 0.0008,	 Accuracy: 746/1000(75%)
Task: 5,	 Epoch: 52/100,	 Avg.loss: 0.0008,	 Accuracy: 741/1000(74%)
Task: 5,	 Epoch: 53/100,	 Avg.loss: 0.0008,	 Accuracy: 751/1000(75%)
Task: 5,	 Epoch: 54/100,	 Avg.loss: 0.0008,	 Accuracy: 765/1000(76%)
Task: 5,	 Epoch: 55/100,	 Avg.loss: 0.0008,	 Accuracy: 753/1000(75%)
Task: 5,	 Epoch: 56/100,	 Avg.loss: 0.0009,	 Accuracy: 718/1000(72%)
Task: 5,	 Epoch: 57/100,	 Avg.loss: 0.0008,	 Accuracy: 747/1000(75%)
Task: 5,	 Epoch: 58/100,	 Avg.loss: 0.0008,	 Accuracy: 748/1000(75%)
Task: 5,	 Epoch: 59/100,	 Avg.loss: 0.0008,	 Accuracy: 741/1000(74%)
Task: 5,	 Epoch: 60/100,	 Avg.loss: 0.0008,	 Accuracy: 773/1000(77%)
Task: 5,	 Epoch: 61/100,	 Avg.loss: 0.0008,	 Accuracy: 762/1000(76%)
Task: 5,	 Epoch: 62/100,	 Avg.loss: 0.0008,	 Accuracy: 762/1000(76%)
Task: 5,	 Epoch: 63/100,	 Avg.loss: 0.0008,	 Accuracy: 769/1000(77%)
Task: 5,	 Epoch: 64/100,	 Avg.loss: 0.0008,	 Accuracy: 771/1000(77%)
Task: 5,	 Epoch: 65/100,	 Avg.loss: 0.0008,	 Accuracy: 768/1000(77%)
Task: 5,	 Epoch: 66/100,	 Avg.loss: 0.0008,	 Accuracy: 767/1000(77%)
Task: 5,	 Epoch: 67/100,	 Avg.loss: 0.0007,	 Accuracy: 771/1000(77%)
Task: 5,	 Epoch: 68/100,	 Avg.loss: 0.0008,	 Accuracy: 761/1000(76%)
Task: 5,	 Epoch: 69/100,	 Avg.loss: 0.0008,	 Accuracy: 760/1000(76%)
Task: 5,	 Epoch: 70/100,	 Avg.loss: 0.0008,	 Accuracy: 768/1000(77%)
Task: 5,	 Epoch: 71/100,	 Avg.loss: 0.0008,	 Accuracy: 764/1000(76%)
Task: 5,	 Epoch: 72/100,	 Avg.loss: 0.0008,	 Accuracy: 767/1000(77%)
Task: 5,	 Epoch: 73/100,	 Avg.loss: 0.0008,	 Accuracy: 758/1000(76%)
Task: 5,	 Epoch: 74/100,	 Avg.loss: 0.0008,	 Accuracy: 759/1000(76%)
Task: 5,	 Epoch: 75/100,	 Avg.loss: 0.0008,	 Accuracy: 765/1000(76%)
Task: 5,	 Epoch: 76/100,	 Avg.loss: 0.0008,	 Accuracy: 758/1000(76%)
Task: 5,	 Epoch: 77/100,	 Avg.loss: 0.0008,	 Accuracy: 759/1000(76%)
Task: 5,	 Epoch: 78/100,	 Avg.loss: 0.0008,	 Accuracy: 764/1000(76%)
Task: 5,	 Epoch: 79/100,	 Avg.loss: 0.0008,	 Accuracy: 761/1000(76%)
Task: 5,	 Epoch: 80/100,	 Avg.loss: 0.0008,	 Accuracy: 759/1000(76%)
Task: 5,	 Epoch: 81/100,	 Avg.loss: 0.0008,	 Accuracy: 765/1000(76%)
Task: 5,	 Epoch: 82/100,	 Avg.loss: 0.0008,	 Accuracy: 765/1000(76%)
Task: 5,	 Epoch: 83/100,	 Avg.loss: 0.0007,	 Accuracy: 769/1000(77%)
Task: 5,	 Epoch: 84/100,	 Avg.loss: 0.0007,	 Accuracy: 767/1000(77%)
Task: 5,	 Epoch: 85/100,	 Avg.loss: 0.0008,	 Accuracy: 772/1000(77%)
Task: 5,	 Epoch: 86/100,	 Avg.loss: 0.0007,	 Accuracy: 769/1000(77%)
Task: 5,	 Epoch: 87/100,	 Avg.loss: 0.0008,	 Accuracy: 766/1000(77%)
Task: 5,	 Epoch: 88/100,	 Avg.loss: 0.0008,	 Accuracy: 764/1000(76%)
Task: 5,	 Epoch: 89/100,	 Avg.loss: 0.0008,	 Accuracy: 765/1000(76%)
Task: 5,	 Epoch: 90/100,	 Avg.loss: 0.0008,	 Accuracy: 761/1000(76%)
Task: 5,	 Epoch: 91/100,	 Avg.loss: 0.0008,	 Accuracy: 757/1000(76%)
Task: 5,	 Epoch: 92/100,	 Avg.loss: 0.0008,	 Accuracy: 760/1000(76%)
Task: 5,	 Epoch: 93/100,	 Avg.loss: 0.0008,	 Accuracy: 768/1000(77%)
Task: 5,	 Epoch: 94/100,	 Avg.loss: 0.0007,	 Accuracy: 771/1000(77%)
Task: 5,	 Epoch: 95/100,	 Avg.loss: 0.0008,	 Accuracy: 770/1000(77%)
Task: 5,	 Epoch: 96/100,	 Avg.loss: 0.0008,	 Accuracy: 766/1000(77%)
Task: 5,	 Epoch: 97/100,	 Avg.loss: 0.0008,	 Accuracy: 769/1000(77%)
Task: 5,	 Epoch: 98/100,	 Avg.loss: 0.0008,	 Accuracy: 765/1000(76%)
Task: 5,	 Epoch: 99/100,	 Avg.loss: 0.0008,	 Accuracy: 771/1000(77%)
Saving head (task#: 5)
Computing MAS
Loading head (task#:0)
Loading mask (task#:0)
Files already downloaded and verified
Files already downloaded and verified
Task: 0,	 Epoch: -1/100,	 Avg.loss: 0.0009,	 Accuracy: 855/1000(86%)
Trained Task:5, Loaded task:0, Accuracy:85.5%
Loading head (task#:1)
Loading mask (task#:1)
Files already downloaded and verified
Files already downloaded and verified
Task: 1,	 Epoch: -1/100,	 Avg.loss: 0.0012,	 Accuracy: 797/1000(80%)
Trained Task:5, Loaded task:1, Accuracy:79.7%
Loading head (task#:2)
Loading mask (task#:2)
Files already downloaded and verified
Files already downloaded and verified
Task: 2,	 Epoch: -1/100,	 Avg.loss: 0.0008,	 Accuracy: 789/1000(79%)
Trained Task:5, Loaded task:2, Accuracy:78.9%
Loading head (task#:3)
Loading mask (task#:3)
Files already downloaded and verified
Files already downloaded and verified
Task: 3,	 Epoch: -1/100,	 Avg.loss: 0.0009,	 Accuracy: 736/1000(74%)
Trained Task:5, Loaded task:3, Accuracy:73.6%
Loading head (task#:4)
Loading mask (task#:4)
Files already downloaded and verified
Files already downloaded and verified
Task: 4,	 Epoch: -1/100,	 Avg.loss: 0.0007,	 Accuracy: 800/1000(80%)
Trained Task:5, Loaded task:4, Accuracy:80.0%
Loading head (task#:5)
Loading mask (task#:5)
Files already downloaded and verified
Files already downloaded and verified
Task: 5,	 Epoch: -1/100,	 Avg.loss: 0.0008,	 Accuracy: 771/1000(77%)
Trained Task:5, Loaded task:5, Accuracy:77.1%
Files already downloaded and verified
Files already downloaded and verified
Layer        : conv1_layer.2.weight
Sum Omega    : 52562.78125
Max Fisher   : 2.862661361694336
Max Omega    : 43.242671966552734
Max Relevance: -0.01890675164759159
Mask active  : 8192.0/8192

Layer        : conv2_layer.2.weight
Sum Omega    : 36868.02734375
Max Fisher   : 1.0421409606933594
Max Omega    : 9.411133766174316
Max Relevance: 0.0
Mask active  : 2048.0/4096

Layer        : fc1_layer.0.weight
Sum Omega    : 61400.3359375
Max Fisher   : 0.11222542822360992
Max Omega    : 1.8766591548919678
Max Relevance: 0.06845266371965408
Mask active  : 512.0/512

Saving  mask (task#:6)
Mask histogram conv1_layer.2.weight: 	 tensor([   0.,    0.,    0.,    0.,    0.,    0.,    0., 8192.,    0.,    0.],
       device='cuda:0')
Mask histogram conv2_layer.2.weight: 	 tensor([  0., 896., 448., 832., 576., 512., 640., 192.,   0.,   0.],
       device='cuda:0')
Mask histogram fc1_layer.0.weight: 	 tensor([  0.,   0.,   0.,   0.,   0.,   0.,   0., 512.,   0.,   0.],
       device='cuda:0')
Task: 6,	 Epoch: 0/100,	 Avg.loss: 0.0010,	 Accuracy: 656/1000(66%)
Task: 6,	 Epoch: 1/100,	 Avg.loss: 0.0010,	 Accuracy: 667/1000(67%)
Task: 6,	 Epoch: 2/100,	 Avg.loss: 0.0009,	 Accuracy: 678/1000(68%)
Task: 6,	 Epoch: 3/100,	 Avg.loss: 0.0009,	 Accuracy: 656/1000(66%)
Task: 6,	 Epoch: 4/100,	 Avg.loss: 0.0009,	 Accuracy: 677/1000(68%)
Task: 6,	 Epoch: 5/100,	 Avg.loss: 0.0008,	 Accuracy: 705/1000(70%)
Task: 6,	 Epoch: 6/100,	 Avg.loss: 0.0008,	 Accuracy: 713/1000(71%)
Task: 6,	 Epoch: 7/100,	 Avg.loss: 0.0008,	 Accuracy: 712/1000(71%)
Task: 6,	 Epoch: 8/100,	 Avg.loss: 0.0008,	 Accuracy: 706/1000(71%)
Task: 6,	 Epoch: 9/100,	 Avg.loss: 0.0008,	 Accuracy: 735/1000(74%)
Task: 6,	 Epoch: 10/100,	 Avg.loss: 0.0008,	 Accuracy: 725/1000(72%)
Task: 6,	 Epoch: 11/100,	 Avg.loss: 0.0007,	 Accuracy: 723/1000(72%)
Task: 6,	 Epoch: 12/100,	 Avg.loss: 0.0008,	 Accuracy: 724/1000(72%)
Task: 6,	 Epoch: 13/100,	 Avg.loss: 0.0008,	 Accuracy: 722/1000(72%)
Task: 6,	 Epoch: 14/100,	 Avg.loss: 0.0008,	 Accuracy: 714/1000(71%)
Task: 6,	 Epoch: 15/100,	 Avg.loss: 0.0008,	 Accuracy: 714/1000(71%)
Task: 6,	 Epoch: 16/100,	 Avg.loss: 0.0008,	 Accuracy: 725/1000(72%)
Task: 6,	 Epoch: 17/100,	 Avg.loss: 0.0008,	 Accuracy: 729/1000(73%)
Task: 6,	 Epoch: 18/100,	 Avg.loss: 0.0008,	 Accuracy: 697/1000(70%)
Task: 6,	 Epoch: 19/100,	 Avg.loss: 0.0008,	 Accuracy: 740/1000(74%)
Task: 6,	 Epoch: 20/100,	 Avg.loss: 0.0008,	 Accuracy: 718/1000(72%)
Task: 6,	 Epoch: 21/100,	 Avg.loss: 0.0007,	 Accuracy: 737/1000(74%)
Task: 6,	 Epoch: 22/100,	 Avg.loss: 0.0008,	 Accuracy: 727/1000(73%)
Task: 6,	 Epoch: 23/100,	 Avg.loss: 0.0007,	 Accuracy: 741/1000(74%)
Task: 6,	 Epoch: 24/100,	 Avg.loss: 0.0007,	 Accuracy: 736/1000(74%)
Task: 6,	 Epoch: 25/100,	 Avg.loss: 0.0008,	 Accuracy: 714/1000(71%)
Task: 6,	 Epoch: 26/100,	 Avg.loss: 0.0007,	 Accuracy: 749/1000(75%)
Task: 6,	 Epoch: 27/100,	 Avg.loss: 0.0007,	 Accuracy: 744/1000(74%)
Task: 6,	 Epoch: 28/100,	 Avg.loss: 0.0008,	 Accuracy: 725/1000(72%)
Task: 6,	 Epoch: 29/100,	 Avg.loss: 0.0008,	 Accuracy: 724/1000(72%)
Task: 6,	 Epoch: 30/100,	 Avg.loss: 0.0007,	 Accuracy: 731/1000(73%)
Task: 6,	 Epoch: 31/100,	 Avg.loss: 0.0007,	 Accuracy: 738/1000(74%)
Task: 6,	 Epoch: 32/100,	 Avg.loss: 0.0007,	 Accuracy: 736/1000(74%)
Task: 6,	 Epoch: 33/100,	 Avg.loss: 0.0007,	 Accuracy: 737/1000(74%)
Task: 6,	 Epoch: 34/100,	 Avg.loss: 0.0008,	 Accuracy: 731/1000(73%)
Task: 6,	 Epoch: 35/100,	 Avg.loss: 0.0007,	 Accuracy: 742/1000(74%)
Task: 6,	 Epoch: 36/100,	 Avg.loss: 0.0007,	 Accuracy: 740/1000(74%)
Task: 6,	 Epoch: 37/100,	 Avg.loss: 0.0007,	 Accuracy: 729/1000(73%)
Task: 6,	 Epoch: 38/100,	 Avg.loss: 0.0007,	 Accuracy: 749/1000(75%)
Task: 6,	 Epoch: 39/100,	 Avg.loss: 0.0008,	 Accuracy: 728/1000(73%)
Task: 6,	 Epoch: 40/100,	 Avg.loss: 0.0007,	 Accuracy: 734/1000(73%)
Task: 6,	 Epoch: 41/100,	 Avg.loss: 0.0008,	 Accuracy: 739/1000(74%)
Task: 6,	 Epoch: 42/100,	 Avg.loss: 0.0008,	 Accuracy: 729/1000(73%)
Task: 6,	 Epoch: 43/100,	 Avg.loss: 0.0007,	 Accuracy: 739/1000(74%)
Task: 6,	 Epoch: 44/100,	 Avg.loss: 0.0007,	 Accuracy: 733/1000(73%)
Task: 6,	 Epoch: 45/100,	 Avg.loss: 0.0009,	 Accuracy: 702/1000(70%)
Task: 6,	 Epoch: 46/100,	 Avg.loss: 0.0008,	 Accuracy: 727/1000(73%)
Task: 6,	 Epoch: 47/100,	 Avg.loss: 0.0008,	 Accuracy: 724/1000(72%)
Task: 6,	 Epoch: 48/100,	 Avg.loss: 0.0007,	 Accuracy: 734/1000(73%)
Task: 6,	 Epoch: 49/100,	 Avg.loss: 0.0008,	 Accuracy: 729/1000(73%)
Task: 6,	 Epoch: 50/100,	 Avg.loss: 0.0007,	 Accuracy: 742/1000(74%)
Task: 6,	 Epoch: 51/100,	 Avg.loss: 0.0007,	 Accuracy: 739/1000(74%)
Task: 6,	 Epoch: 52/100,	 Avg.loss: 0.0007,	 Accuracy: 743/1000(74%)
Task: 6,	 Epoch: 53/100,	 Avg.loss: 0.0007,	 Accuracy: 738/1000(74%)
Task: 6,	 Epoch: 54/100,	 Avg.loss: 0.0007,	 Accuracy: 727/1000(73%)
Task: 6,	 Epoch: 55/100,	 Avg.loss: 0.0007,	 Accuracy: 731/1000(73%)
Task: 6,	 Epoch: 56/100,	 Avg.loss: 0.0008,	 Accuracy: 723/1000(72%)
Task: 6,	 Epoch: 57/100,	 Avg.loss: 0.0007,	 Accuracy: 744/1000(74%)
Task: 6,	 Epoch: 58/100,	 Avg.loss: 0.0008,	 Accuracy: 728/1000(73%)
Task: 6,	 Epoch: 59/100,	 Avg.loss: 0.0007,	 Accuracy: 723/1000(72%)
Task: 6,	 Epoch: 60/100,	 Avg.loss: 0.0007,	 Accuracy: 735/1000(74%)
Task: 6,	 Epoch: 61/100,	 Avg.loss: 0.0007,	 Accuracy: 740/1000(74%)
Task: 6,	 Epoch: 62/100,	 Avg.loss: 0.0007,	 Accuracy: 740/1000(74%)
Task: 6,	 Epoch: 63/100,	 Avg.loss: 0.0007,	 Accuracy: 747/1000(75%)
Task: 6,	 Epoch: 64/100,	 Avg.loss: 0.0007,	 Accuracy: 744/1000(74%)
Task: 6,	 Epoch: 65/100,	 Avg.loss: 0.0007,	 Accuracy: 743/1000(74%)
Task: 6,	 Epoch: 66/100,	 Avg.loss: 0.0007,	 Accuracy: 749/1000(75%)
Task: 6,	 Epoch: 67/100,	 Avg.loss: 0.0007,	 Accuracy: 744/1000(74%)
Task: 6,	 Epoch: 68/100,	 Avg.loss: 0.0007,	 Accuracy: 747/1000(75%)
Task: 6,	 Epoch: 69/100,	 Avg.loss: 0.0007,	 Accuracy: 742/1000(74%)
Task: 6,	 Epoch: 70/100,	 Avg.loss: 0.0007,	 Accuracy: 747/1000(75%)
Task: 6,	 Epoch: 71/100,	 Avg.loss: 0.0007,	 Accuracy: 748/1000(75%)
Task: 6,	 Epoch: 72/100,	 Avg.loss: 0.0007,	 Accuracy: 745/1000(74%)
Task: 6,	 Epoch: 73/100,	 Avg.loss: 0.0007,	 Accuracy: 743/1000(74%)
Task: 6,	 Epoch: 74/100,	 Avg.loss: 0.0007,	 Accuracy: 748/1000(75%)
Task: 6,	 Epoch: 75/100,	 Avg.loss: 0.0007,	 Accuracy: 744/1000(74%)
Task: 6,	 Epoch: 76/100,	 Avg.loss: 0.0007,	 Accuracy: 747/1000(75%)
Task: 6,	 Epoch: 77/100,	 Avg.loss: 0.0007,	 Accuracy: 742/1000(74%)
Task: 6,	 Epoch: 78/100,	 Avg.loss: 0.0007,	 Accuracy: 745/1000(74%)
Task: 6,	 Epoch: 79/100,	 Avg.loss: 0.0007,	 Accuracy: 748/1000(75%)
Task: 6,	 Epoch: 80/100,	 Avg.loss: 0.0007,	 Accuracy: 749/1000(75%)
Task: 6,	 Epoch: 81/100,	 Avg.loss: 0.0007,	 Accuracy: 745/1000(74%)
Task: 6,	 Epoch: 82/100,	 Avg.loss: 0.0007,	 Accuracy: 741/1000(74%)
Task: 6,	 Epoch: 83/100,	 Avg.loss: 0.0007,	 Accuracy: 750/1000(75%)
Task: 6,	 Epoch: 84/100,	 Avg.loss: 0.0007,	 Accuracy: 747/1000(75%)
Task: 6,	 Epoch: 85/100,	 Avg.loss: 0.0007,	 Accuracy: 746/1000(75%)
Task: 6,	 Epoch: 86/100,	 Avg.loss: 0.0007,	 Accuracy: 747/1000(75%)
Task: 6,	 Epoch: 87/100,	 Avg.loss: 0.0007,	 Accuracy: 748/1000(75%)
Task: 6,	 Epoch: 88/100,	 Avg.loss: 0.0007,	 Accuracy: 757/1000(76%)
Task: 6,	 Epoch: 89/100,	 Avg.loss: 0.0007,	 Accuracy: 750/1000(75%)
Task: 6,	 Epoch: 90/100,	 Avg.loss: 0.0007,	 Accuracy: 748/1000(75%)
Task: 6,	 Epoch: 91/100,	 Avg.loss: 0.0007,	 Accuracy: 752/1000(75%)
Task: 6,	 Epoch: 92/100,	 Avg.loss: 0.0007,	 Accuracy: 747/1000(75%)
Task: 6,	 Epoch: 93/100,	 Avg.loss: 0.0007,	 Accuracy: 746/1000(75%)
Task: 6,	 Epoch: 94/100,	 Avg.loss: 0.0007,	 Accuracy: 749/1000(75%)
Task: 6,	 Epoch: 95/100,	 Avg.loss: 0.0007,	 Accuracy: 751/1000(75%)
Task: 6,	 Epoch: 96/100,	 Avg.loss: 0.0007,	 Accuracy: 748/1000(75%)
Task: 6,	 Epoch: 97/100,	 Avg.loss: 0.0007,	 Accuracy: 743/1000(74%)
Task: 6,	 Epoch: 98/100,	 Avg.loss: 0.0007,	 Accuracy: 758/1000(76%)
Task: 6,	 Epoch: 99/100,	 Avg.loss: 0.0007,	 Accuracy: 754/1000(75%)
Saving head (task#: 6)
Computing MAS
Loading head (task#:0)
Loading mask (task#:0)
Files already downloaded and verified
Files already downloaded and verified
Task: 0,	 Epoch: -1/100,	 Avg.loss: 0.0009,	 Accuracy: 859/1000(86%)
Trained Task:6, Loaded task:0, Accuracy:85.9%
Loading head (task#:1)
Loading mask (task#:1)
Files already downloaded and verified
Files already downloaded and verified
Task: 1,	 Epoch: -1/100,	 Avg.loss: 0.0013,	 Accuracy: 795/1000(80%)
Trained Task:6, Loaded task:1, Accuracy:79.5%
Loading head (task#:2)
Loading mask (task#:2)
Files already downloaded and verified
Files already downloaded and verified
Task: 2,	 Epoch: -1/100,	 Avg.loss: 0.0009,	 Accuracy: 777/1000(78%)
Trained Task:6, Loaded task:2, Accuracy:77.7%
Loading head (task#:3)
Loading mask (task#:3)
Files already downloaded and verified
Files already downloaded and verified
Task: 3,	 Epoch: -1/100,	 Avg.loss: 0.0009,	 Accuracy: 710/1000(71%)
Trained Task:6, Loaded task:3, Accuracy:71.0%
Loading head (task#:4)
Loading mask (task#:4)
Files already downloaded and verified
Files already downloaded and verified
Task: 4,	 Epoch: -1/100,	 Avg.loss: 0.0007,	 Accuracy: 792/1000(79%)
Trained Task:6, Loaded task:4, Accuracy:79.2%
Loading head (task#:5)
Loading mask (task#:5)
Files already downloaded and verified
Files already downloaded and verified
Task: 5,	 Epoch: -1/100,	 Avg.loss: 0.0008,	 Accuracy: 770/1000(77%)
Trained Task:6, Loaded task:5, Accuracy:77.0%
Loading head (task#:6)
Loading mask (task#:6)
Files already downloaded and verified
Files already downloaded and verified
Task: 6,	 Epoch: -1/100,	 Avg.loss: 0.0007,	 Accuracy: 754/1000(75%)
Trained Task:6, Loaded task:6, Accuracy:75.4%
Files already downloaded and verified
Files already downloaded and verified
Layer        : conv1_layer.2.weight
Sum Omega    : 57174.203125
Max Fisher   : 3.3203625679016113
Max Omega    : 45.25755310058594
Max Relevance: -0.02056005783379078
Mask active  : 8192.0/8192

Layer        : conv2_layer.2.weight
Sum Omega    : 39770.39453125
Max Fisher   : 1.2051018476486206
Max Omega    : 9.411133766174316
Max Relevance: 0.04928657412528992
Mask active  : 2048.0/4096

Layer        : fc1_layer.0.weight
Sum Omega    : 67406.40625
Max Fisher   : 0.07991796731948853
Max Omega    : 1.8766591548919678
Max Relevance: 0.06353675574064255
Mask active  : 512.0/512

Saving  mask (task#:7)
Mask histogram conv1_layer.2.weight: 	 tensor([   0.,    0.,    0.,    0.,    0.,    0.,    0.,    0., 8192.,    0.],
       device='cuda:0')
Mask histogram conv2_layer.2.weight: 	 tensor([  0., 704., 384., 768., 704., 320., 512., 512., 192.,   0.],
       device='cuda:0')
Mask histogram fc1_layer.0.weight: 	 tensor([  0.,   0.,   0.,   0.,   0.,   0.,   0.,   0., 512.,   0.],
       device='cuda:0')
Task: 7,	 Epoch: 0/100,	 Avg.loss: 0.0011,	 Accuracy: 622/1000(62%)
Task: 7,	 Epoch: 1/100,	 Avg.loss: 0.0011,	 Accuracy: 638/1000(64%)
Task: 7,	 Epoch: 2/100,	 Avg.loss: 0.0011,	 Accuracy: 643/1000(64%)
Task: 7,	 Epoch: 3/100,	 Avg.loss: 0.0010,	 Accuracy: 647/1000(65%)
Task: 7,	 Epoch: 4/100,	 Avg.loss: 0.0010,	 Accuracy: 665/1000(66%)
Task: 7,	 Epoch: 5/100,	 Avg.loss: 0.0009,	 Accuracy: 684/1000(68%)
Task: 7,	 Epoch: 6/100,	 Avg.loss: 0.0009,	 Accuracy: 692/1000(69%)
Task: 7,	 Epoch: 7/100,	 Avg.loss: 0.0010,	 Accuracy: 682/1000(68%)
Task: 7,	 Epoch: 8/100,	 Avg.loss: 0.0009,	 Accuracy: 692/1000(69%)
Task: 7,	 Epoch: 9/100,	 Avg.loss: 0.0010,	 Accuracy: 685/1000(68%)
Task: 7,	 Epoch: 10/100,	 Avg.loss: 0.0009,	 Accuracy: 681/1000(68%)
Task: 7,	 Epoch: 11/100,	 Avg.loss: 0.0009,	 Accuracy: 703/1000(70%)
Task: 7,	 Epoch: 12/100,	 Avg.loss: 0.0009,	 Accuracy: 679/1000(68%)
Task: 7,	 Epoch: 13/100,	 Avg.loss: 0.0009,	 Accuracy: 676/1000(68%)
Task: 7,	 Epoch: 14/100,	 Avg.loss: 0.0010,	 Accuracy: 676/1000(68%)
Task: 7,	 Epoch: 15/100,	 Avg.loss: 0.0010,	 Accuracy: 665/1000(66%)
Task: 7,	 Epoch: 16/100,	 Avg.loss: 0.0009,	 Accuracy: 680/1000(68%)
Task: 7,	 Epoch: 17/100,	 Avg.loss: 0.0010,	 Accuracy: 673/1000(67%)
Task: 7,	 Epoch: 18/100,	 Avg.loss: 0.0009,	 Accuracy: 712/1000(71%)
Task: 7,	 Epoch: 19/100,	 Avg.loss: 0.0010,	 Accuracy: 667/1000(67%)
Task: 7,	 Epoch: 20/100,	 Avg.loss: 0.0010,	 Accuracy: 679/1000(68%)
Task: 7,	 Epoch: 21/100,	 Avg.loss: 0.0010,	 Accuracy: 676/1000(68%)
Task: 7,	 Epoch: 22/100,	 Avg.loss: 0.0009,	 Accuracy: 703/1000(70%)
Task: 7,	 Epoch: 23/100,	 Avg.loss: 0.0009,	 Accuracy: 689/1000(69%)
Task: 7,	 Epoch: 24/100,	 Avg.loss: 0.0009,	 Accuracy: 693/1000(69%)
Task: 7,	 Epoch: 25/100,	 Avg.loss: 0.0010,	 Accuracy: 687/1000(69%)
Task: 7,	 Epoch: 26/100,	 Avg.loss: 0.0009,	 Accuracy: 689/1000(69%)
Task: 7,	 Epoch: 27/100,	 Avg.loss: 0.0009,	 Accuracy: 702/1000(70%)
Task: 7,	 Epoch: 28/100,	 Avg.loss: 0.0009,	 Accuracy: 693/1000(69%)
Task: 7,	 Epoch: 29/100,	 Avg.loss: 0.0009,	 Accuracy: 696/1000(70%)
Task: 7,	 Epoch: 30/100,	 Avg.loss: 0.0009,	 Accuracy: 682/1000(68%)
Task: 7,	 Epoch: 31/100,	 Avg.loss: 0.0009,	 Accuracy: 680/1000(68%)
Task: 7,	 Epoch: 32/100,	 Avg.loss: 0.0009,	 Accuracy: 697/1000(70%)
Task: 7,	 Epoch: 33/100,	 Avg.loss: 0.0009,	 Accuracy: 688/1000(69%)
Task: 7,	 Epoch: 34/100,	 Avg.loss: 0.0009,	 Accuracy: 694/1000(69%)
Task: 7,	 Epoch: 35/100,	 Avg.loss: 0.0009,	 Accuracy: 694/1000(69%)
Task: 7,	 Epoch: 36/100,	 Avg.loss: 0.0009,	 Accuracy: 691/1000(69%)
Task: 7,	 Epoch: 37/100,	 Avg.loss: 0.0010,	 Accuracy: 682/1000(68%)
Task: 7,	 Epoch: 38/100,	 Avg.loss: 0.0009,	 Accuracy: 679/1000(68%)
Task: 7,	 Epoch: 39/100,	 Avg.loss: 0.0010,	 Accuracy: 691/1000(69%)
Task: 7,	 Epoch: 40/100,	 Avg.loss: 0.0010,	 Accuracy: 681/1000(68%)
Task: 7,	 Epoch: 41/100,	 Avg.loss: 0.0009,	 Accuracy: 688/1000(69%)
Task: 7,	 Epoch: 42/100,	 Avg.loss: 0.0009,	 Accuracy: 694/1000(69%)
Task: 7,	 Epoch: 43/100,	 Avg.loss: 0.0009,	 Accuracy: 694/1000(69%)
Task: 7,	 Epoch: 44/100,	 Avg.loss: 0.0009,	 Accuracy: 686/1000(69%)
Task: 7,	 Epoch: 45/100,	 Avg.loss: 0.0009,	 Accuracy: 700/1000(70%)
Task: 7,	 Epoch: 46/100,	 Avg.loss: 0.0010,	 Accuracy: 674/1000(67%)
Task: 7,	 Epoch: 47/100,	 Avg.loss: 0.0009,	 Accuracy: 694/1000(69%)
Task: 7,	 Epoch: 48/100,	 Avg.loss: 0.0009,	 Accuracy: 683/1000(68%)
Task: 7,	 Epoch: 49/100,	 Avg.loss: 0.0009,	 Accuracy: 700/1000(70%)
Task: 7,	 Epoch: 50/100,	 Avg.loss: 0.0010,	 Accuracy: 683/1000(68%)
Task: 7,	 Epoch: 51/100,	 Avg.loss: 0.0009,	 Accuracy: 682/1000(68%)
Task: 7,	 Epoch: 52/100,	 Avg.loss: 0.0009,	 Accuracy: 694/1000(69%)
Task: 7,	 Epoch: 53/100,	 Avg.loss: 0.0009,	 Accuracy: 693/1000(69%)
Task: 7,	 Epoch: 54/100,	 Avg.loss: 0.0010,	 Accuracy: 681/1000(68%)
Task: 7,	 Epoch: 55/100,	 Avg.loss: 0.0009,	 Accuracy: 700/1000(70%)
Task: 7,	 Epoch: 56/100,	 Avg.loss: 0.0010,	 Accuracy: 675/1000(68%)
Task: 7,	 Epoch: 57/100,	 Avg.loss: 0.0010,	 Accuracy: 678/1000(68%)
Task: 7,	 Epoch: 58/100,	 Avg.loss: 0.0009,	 Accuracy: 681/1000(68%)
Task: 7,	 Epoch: 59/100,	 Avg.loss: 0.0009,	 Accuracy: 686/1000(69%)
Task: 7,	 Epoch: 60/100,	 Avg.loss: 0.0009,	 Accuracy: 699/1000(70%)
Task: 7,	 Epoch: 61/100,	 Avg.loss: 0.0009,	 Accuracy: 693/1000(69%)
Task: 7,	 Epoch: 62/100,	 Avg.loss: 0.0009,	 Accuracy: 695/1000(70%)
Task: 7,	 Epoch: 63/100,	 Avg.loss: 0.0009,	 Accuracy: 686/1000(69%)
Task: 7,	 Epoch: 64/100,	 Avg.loss: 0.0009,	 Accuracy: 698/1000(70%)
Task: 7,	 Epoch: 65/100,	 Avg.loss: 0.0009,	 Accuracy: 694/1000(69%)
Task: 7,	 Epoch: 66/100,	 Avg.loss: 0.0009,	 Accuracy: 697/1000(70%)
Task: 7,	 Epoch: 67/100,	 Avg.loss: 0.0009,	 Accuracy: 703/1000(70%)
Task: 7,	 Epoch: 68/100,	 Avg.loss: 0.0009,	 Accuracy: 694/1000(69%)
Task: 7,	 Epoch: 69/100,	 Avg.loss: 0.0009,	 Accuracy: 692/1000(69%)
Task: 7,	 Epoch: 70/100,	 Avg.loss: 0.0009,	 Accuracy: 693/1000(69%)
Task: 7,	 Epoch: 71/100,	 Avg.loss: 0.0009,	 Accuracy: 700/1000(70%)
Task: 7,	 Epoch: 72/100,	 Avg.loss: 0.0009,	 Accuracy: 696/1000(70%)
Task: 7,	 Epoch: 73/100,	 Avg.loss: 0.0009,	 Accuracy: 693/1000(69%)
Task: 7,	 Epoch: 74/100,	 Avg.loss: 0.0009,	 Accuracy: 700/1000(70%)
Task: 7,	 Epoch: 75/100,	 Avg.loss: 0.0009,	 Accuracy: 701/1000(70%)
Task: 7,	 Epoch: 76/100,	 Avg.loss: 0.0009,	 Accuracy: 697/1000(70%)
Task: 7,	 Epoch: 77/100,	 Avg.loss: 0.0009,	 Accuracy: 698/1000(70%)
Task: 7,	 Epoch: 78/100,	 Avg.loss: 0.0009,	 Accuracy: 699/1000(70%)
Task: 7,	 Epoch: 79/100,	 Avg.loss: 0.0009,	 Accuracy: 697/1000(70%)
Task: 7,	 Epoch: 80/100,	 Avg.loss: 0.0009,	 Accuracy: 694/1000(69%)
Task: 7,	 Epoch: 81/100,	 Avg.loss: 0.0009,	 Accuracy: 689/1000(69%)
Task: 7,	 Epoch: 82/100,	 Avg.loss: 0.0009,	 Accuracy: 697/1000(70%)
Task: 7,	 Epoch: 83/100,	 Avg.loss: 0.0009,	 Accuracy: 693/1000(69%)
Task: 7,	 Epoch: 84/100,	 Avg.loss: 0.0009,	 Accuracy: 695/1000(70%)
Task: 7,	 Epoch: 85/100,	 Avg.loss: 0.0009,	 Accuracy: 692/1000(69%)
Task: 7,	 Epoch: 86/100,	 Avg.loss: 0.0009,	 Accuracy: 696/1000(70%)
Task: 7,	 Epoch: 87/100,	 Avg.loss: 0.0009,	 Accuracy: 696/1000(70%)
Task: 7,	 Epoch: 88/100,	 Avg.loss: 0.0009,	 Accuracy: 699/1000(70%)
Task: 7,	 Epoch: 89/100,	 Avg.loss: 0.0009,	 Accuracy: 694/1000(69%)
Task: 7,	 Epoch: 90/100,	 Avg.loss: 0.0009,	 Accuracy: 700/1000(70%)
Task: 7,	 Epoch: 91/100,	 Avg.loss: 0.0009,	 Accuracy: 695/1000(70%)
Task: 7,	 Epoch: 92/100,	 Avg.loss: 0.0009,	 Accuracy: 697/1000(70%)
Task: 7,	 Epoch: 93/100,	 Avg.loss: 0.0009,	 Accuracy: 692/1000(69%)
Task: 7,	 Epoch: 94/100,	 Avg.loss: 0.0009,	 Accuracy: 702/1000(70%)
Task: 7,	 Epoch: 95/100,	 Avg.loss: 0.0009,	 Accuracy: 696/1000(70%)
Task: 7,	 Epoch: 96/100,	 Avg.loss: 0.0009,	 Accuracy: 699/1000(70%)
Task: 7,	 Epoch: 97/100,	 Avg.loss: 0.0009,	 Accuracy: 699/1000(70%)
Task: 7,	 Epoch: 98/100,	 Avg.loss: 0.0009,	 Accuracy: 699/1000(70%)
Task: 7,	 Epoch: 99/100,	 Avg.loss: 0.0009,	 Accuracy: 696/1000(70%)
Saving head (task#: 7)
Computing MAS
Loading head (task#:0)
Loading mask (task#:0)
Files already downloaded and verified
Files already downloaded and verified
Task: 0,	 Epoch: -1/100,	 Avg.loss: 0.0010,	 Accuracy: 850/1000(85%)
Trained Task:7, Loaded task:0, Accuracy:85.0%
Loading head (task#:1)
Loading mask (task#:1)
Files already downloaded and verified
Files already downloaded and verified
Task: 1,	 Epoch: -1/100,	 Avg.loss: 0.0013,	 Accuracy: 796/1000(80%)
Trained Task:7, Loaded task:1, Accuracy:79.6%
Loading head (task#:2)
Loading mask (task#:2)
Files already downloaded and verified
Files already downloaded and verified
Task: 2,	 Epoch: -1/100,	 Avg.loss: 0.0009,	 Accuracy: 773/1000(77%)
Trained Task:7, Loaded task:2, Accuracy:77.3%
Loading head (task#:3)
Loading mask (task#:3)
Files already downloaded and verified
Files already downloaded and verified
Task: 3,	 Epoch: -1/100,	 Avg.loss: 0.0010,	 Accuracy: 709/1000(71%)
Trained Task:7, Loaded task:3, Accuracy:70.9%
Loading head (task#:4)
Loading mask (task#:4)
Files already downloaded and verified
Files already downloaded and verified
Task: 4,	 Epoch: -1/100,	 Avg.loss: 0.0008,	 Accuracy: 760/1000(76%)
Trained Task:7, Loaded task:4, Accuracy:76.0%
Loading head (task#:5)
Loading mask (task#:5)
Files already downloaded and verified
Files already downloaded and verified
Task: 5,	 Epoch: -1/100,	 Avg.loss: 0.0008,	 Accuracy: 769/1000(77%)
Trained Task:7, Loaded task:5, Accuracy:76.9%
Loading head (task#:6)
Loading mask (task#:6)
Files already downloaded and verified
Files already downloaded and verified
Task: 6,	 Epoch: -1/100,	 Avg.loss: 0.0007,	 Accuracy: 746/1000(75%)
Trained Task:7, Loaded task:6, Accuracy:74.6%
Loading head (task#:7)
Loading mask (task#:7)
Files already downloaded and verified
Files already downloaded and verified
Task: 7,	 Epoch: -1/100,	 Avg.loss: 0.0009,	 Accuracy: 696/1000(70%)
Trained Task:7, Loaded task:7, Accuracy:69.6%
Files already downloaded and verified
Files already downloaded and verified
Layer        : conv1_layer.2.weight
Sum Omega    : 60525.48046875
Max Fisher   : 4.355162620544434
Max Omega    : 46.437278747558594
Max Relevance: -0.02163446694612503
Mask active  : 8192.0/8192

Layer        : conv2_layer.2.weight
Sum Omega    : 42094.5703125
Max Fisher   : 1.908309817314148
Max Omega    : 9.411133766174316
Max Relevance: 0.016508817672729492
Mask active  : 2048.0/4096

Layer        : fc1_layer.0.weight
Sum Omega    : 72908.578125
Max Fisher   : 0.1688205450773239
Max Omega    : 1.9208476543426514
Max Relevance: 0.10109125822782516
Mask active  : 512.0/512

Saving  mask (task#:8)
Mask histogram conv1_layer.2.weight: 	 tensor([   0.,    0.,    0.,    0.,    0.,    0.,    0.,    0.,    0., 8192.],
       device='cuda:0')
Mask histogram conv2_layer.2.weight: 	 tensor([   0.,  512.,  320.,  512., 1024.,  384.,  448.,  320.,  384.,  192.],
       device='cuda:0')
Mask histogram fc1_layer.0.weight: 	 tensor([  0.,   0.,   0.,   0.,   0.,   0.,   0.,   0.,   0., 512.],
       device='cuda:0')
Task: 8,	 Epoch: 0/100,	 Avg.loss: 0.0013,	 Accuracy: 608/1000(61%)
Task: 8,	 Epoch: 1/100,	 Avg.loss: 0.0010,	 Accuracy: 682/1000(68%)
Task: 8,	 Epoch: 2/100,	 Avg.loss: 0.0010,	 Accuracy: 674/1000(67%)
Task: 8,	 Epoch: 3/100,	 Avg.loss: 0.0010,	 Accuracy: 670/1000(67%)
Task: 8,	 Epoch: 4/100,	 Avg.loss: 0.0009,	 Accuracy: 708/1000(71%)
Task: 8,	 Epoch: 5/100,	 Avg.loss: 0.0008,	 Accuracy: 716/1000(72%)
Task: 8,	 Epoch: 6/100,	 Avg.loss: 0.0009,	 Accuracy: 712/1000(71%)
Task: 8,	 Epoch: 7/100,	 Avg.loss: 0.0008,	 Accuracy: 734/1000(73%)
Task: 8,	 Epoch: 8/100,	 Avg.loss: 0.0008,	 Accuracy: 721/1000(72%)
Task: 8,	 Epoch: 9/100,	 Avg.loss: 0.0009,	 Accuracy: 694/1000(69%)
Task: 8,	 Epoch: 10/100,	 Avg.loss: 0.0008,	 Accuracy: 722/1000(72%)
Task: 8,	 Epoch: 11/100,	 Avg.loss: 0.0009,	 Accuracy: 719/1000(72%)
Task: 8,	 Epoch: 12/100,	 Avg.loss: 0.0008,	 Accuracy: 755/1000(76%)
Task: 8,	 Epoch: 13/100,	 Avg.loss: 0.0008,	 Accuracy: 722/1000(72%)
Task: 8,	 Epoch: 14/100,	 Avg.loss: 0.0010,	 Accuracy: 676/1000(68%)
Task: 8,	 Epoch: 15/100,	 Avg.loss: 0.0008,	 Accuracy: 723/1000(72%)
Task: 8,	 Epoch: 16/100,	 Avg.loss: 0.0008,	 Accuracy: 729/1000(73%)
Task: 8,	 Epoch: 17/100,	 Avg.loss: 0.0008,	 Accuracy: 742/1000(74%)
Task: 8,	 Epoch: 18/100,	 Avg.loss: 0.0008,	 Accuracy: 727/1000(73%)
Task: 8,	 Epoch: 19/100,	 Avg.loss: 0.0008,	 Accuracy: 738/1000(74%)
Task: 8,	 Epoch: 20/100,	 Avg.loss: 0.0008,	 Accuracy: 733/1000(73%)
Task: 8,	 Epoch: 21/100,	 Avg.loss: 0.0008,	 Accuracy: 735/1000(74%)
Task: 8,	 Epoch: 22/100,	 Avg.loss: 0.0009,	 Accuracy: 721/1000(72%)
Task: 8,	 Epoch: 23/100,	 Avg.loss: 0.0008,	 Accuracy: 732/1000(73%)
Task: 8,	 Epoch: 24/100,	 Avg.loss: 0.0008,	 Accuracy: 739/1000(74%)
Task: 8,	 Epoch: 25/100,	 Avg.loss: 0.0009,	 Accuracy: 728/1000(73%)
Task: 8,	 Epoch: 26/100,	 Avg.loss: 0.0009,	 Accuracy: 713/1000(71%)
Task: 8,	 Epoch: 27/100,	 Avg.loss: 0.0008,	 Accuracy: 751/1000(75%)
Task: 8,	 Epoch: 28/100,	 Avg.loss: 0.0008,	 Accuracy: 726/1000(73%)
Task: 8,	 Epoch: 29/100,	 Avg.loss: 0.0010,	 Accuracy: 686/1000(69%)
Task: 8,	 Epoch: 30/100,	 Avg.loss: 0.0008,	 Accuracy: 741/1000(74%)
Task: 8,	 Epoch: 31/100,	 Avg.loss: 0.0009,	 Accuracy: 721/1000(72%)
Task: 8,	 Epoch: 32/100,	 Avg.loss: 0.0008,	 Accuracy: 748/1000(75%)
Task: 8,	 Epoch: 33/100,	 Avg.loss: 0.0008,	 Accuracy: 736/1000(74%)
Task: 8,	 Epoch: 34/100,	 Avg.loss: 0.0009,	 Accuracy: 706/1000(71%)
Task: 8,	 Epoch: 35/100,	 Avg.loss: 0.0008,	 Accuracy: 746/1000(75%)
Task: 8,	 Epoch: 36/100,	 Avg.loss: 0.0008,	 Accuracy: 742/1000(74%)
Task: 8,	 Epoch: 37/100,	 Avg.loss: 0.0008,	 Accuracy: 741/1000(74%)
Task: 8,	 Epoch: 38/100,	 Avg.loss: 0.0008,	 Accuracy: 739/1000(74%)
Task: 8,	 Epoch: 39/100,	 Avg.loss: 0.0009,	 Accuracy: 733/1000(73%)
Task: 8,	 Epoch: 40/100,	 Avg.loss: 0.0008,	 Accuracy: 734/1000(73%)
Task: 8,	 Epoch: 41/100,	 Avg.loss: 0.0008,	 Accuracy: 735/1000(74%)
Task: 8,	 Epoch: 42/100,	 Avg.loss: 0.0008,	 Accuracy: 726/1000(73%)
Task: 8,	 Epoch: 43/100,	 Avg.loss: 0.0009,	 Accuracy: 721/1000(72%)
Task: 8,	 Epoch: 44/100,	 Avg.loss: 0.0008,	 Accuracy: 739/1000(74%)
Task: 8,	 Epoch: 45/100,	 Avg.loss: 0.0008,	 Accuracy: 751/1000(75%)
Task: 8,	 Epoch: 46/100,	 Avg.loss: 0.0008,	 Accuracy: 743/1000(74%)
Task: 8,	 Epoch: 47/100,	 Avg.loss: 0.0008,	 Accuracy: 729/1000(73%)
Task: 8,	 Epoch: 48/100,	 Avg.loss: 0.0008,	 Accuracy: 741/1000(74%)
Task: 8,	 Epoch: 49/100,	 Avg.loss: 0.0009,	 Accuracy: 725/1000(72%)
Task: 8,	 Epoch: 50/100,	 Avg.loss: 0.0009,	 Accuracy: 717/1000(72%)
Task: 8,	 Epoch: 51/100,	 Avg.loss: 0.0008,	 Accuracy: 745/1000(74%)
Task: 8,	 Epoch: 52/100,	 Avg.loss: 0.0009,	 Accuracy: 726/1000(73%)
Task: 8,	 Epoch: 53/100,	 Avg.loss: 0.0008,	 Accuracy: 734/1000(73%)
Task: 8,	 Epoch: 54/100,	 Avg.loss: 0.0009,	 Accuracy: 734/1000(73%)
Task: 8,	 Epoch: 55/100,	 Avg.loss: 0.0008,	 Accuracy: 743/1000(74%)
Task: 8,	 Epoch: 56/100,	 Avg.loss: 0.0008,	 Accuracy: 757/1000(76%)
Task: 8,	 Epoch: 57/100,	 Avg.loss: 0.0008,	 Accuracy: 745/1000(74%)
Task: 8,	 Epoch: 58/100,	 Avg.loss: 0.0009,	 Accuracy: 738/1000(74%)
Task: 8,	 Epoch: 59/100,	 Avg.loss: 0.0009,	 Accuracy: 737/1000(74%)
Task: 8,	 Epoch: 60/100,	 Avg.loss: 0.0008,	 Accuracy: 754/1000(75%)
Task: 8,	 Epoch: 61/100,	 Avg.loss: 0.0008,	 Accuracy: 759/1000(76%)
Task: 8,	 Epoch: 62/100,	 Avg.loss: 0.0008,	 Accuracy: 754/1000(75%)
Task: 8,	 Epoch: 63/100,	 Avg.loss: 0.0008,	 Accuracy: 756/1000(76%)
Task: 8,	 Epoch: 64/100,	 Avg.loss: 0.0008,	 Accuracy: 755/1000(76%)
Task: 8,	 Epoch: 65/100,	 Avg.loss: 0.0008,	 Accuracy: 758/1000(76%)
Task: 8,	 Epoch: 66/100,	 Avg.loss: 0.0008,	 Accuracy: 758/1000(76%)
Task: 8,	 Epoch: 67/100,	 Avg.loss: 0.0008,	 Accuracy: 755/1000(76%)
Task: 8,	 Epoch: 68/100,	 Avg.loss: 0.0008,	 Accuracy: 759/1000(76%)
Task: 8,	 Epoch: 69/100,	 Avg.loss: 0.0008,	 Accuracy: 749/1000(75%)
Task: 8,	 Epoch: 70/100,	 Avg.loss: 0.0008,	 Accuracy: 763/1000(76%)
Task: 8,	 Epoch: 71/100,	 Avg.loss: 0.0008,	 Accuracy: 752/1000(75%)
Task: 8,	 Epoch: 72/100,	 Avg.loss: 0.0008,	 Accuracy: 753/1000(75%)
Task: 8,	 Epoch: 73/100,	 Avg.loss: 0.0008,	 Accuracy: 762/1000(76%)
Task: 8,	 Epoch: 74/100,	 Avg.loss: 0.0008,	 Accuracy: 758/1000(76%)
Task: 8,	 Epoch: 75/100,	 Avg.loss: 0.0008,	 Accuracy: 753/1000(75%)
Task: 8,	 Epoch: 76/100,	 Avg.loss: 0.0008,	 Accuracy: 759/1000(76%)
Task: 8,	 Epoch: 77/100,	 Avg.loss: 0.0008,	 Accuracy: 757/1000(76%)
Task: 8,	 Epoch: 78/100,	 Avg.loss: 0.0008,	 Accuracy: 752/1000(75%)
Task: 8,	 Epoch: 79/100,	 Avg.loss: 0.0008,	 Accuracy: 754/1000(75%)
Task: 8,	 Epoch: 80/100,	 Avg.loss: 0.0008,	 Accuracy: 755/1000(76%)
Task: 8,	 Epoch: 81/100,	 Avg.loss: 0.0008,	 Accuracy: 764/1000(76%)
Task: 8,	 Epoch: 82/100,	 Avg.loss: 0.0008,	 Accuracy: 756/1000(76%)
Task: 8,	 Epoch: 83/100,	 Avg.loss: 0.0008,	 Accuracy: 757/1000(76%)
Task: 8,	 Epoch: 84/100,	 Avg.loss: 0.0008,	 Accuracy: 765/1000(76%)
Task: 8,	 Epoch: 85/100,	 Avg.loss: 0.0008,	 Accuracy: 754/1000(75%)
Task: 8,	 Epoch: 86/100,	 Avg.loss: 0.0008,	 Accuracy: 761/1000(76%)
Task: 8,	 Epoch: 87/100,	 Avg.loss: 0.0008,	 Accuracy: 761/1000(76%)
Task: 8,	 Epoch: 88/100,	 Avg.loss: 0.0008,	 Accuracy: 759/1000(76%)
Task: 8,	 Epoch: 89/100,	 Avg.loss: 0.0008,	 Accuracy: 763/1000(76%)
Task: 8,	 Epoch: 90/100,	 Avg.loss: 0.0008,	 Accuracy: 759/1000(76%)
Task: 8,	 Epoch: 91/100,	 Avg.loss: 0.0008,	 Accuracy: 750/1000(75%)
Task: 8,	 Epoch: 92/100,	 Avg.loss: 0.0008,	 Accuracy: 758/1000(76%)
Task: 8,	 Epoch: 93/100,	 Avg.loss: 0.0008,	 Accuracy: 753/1000(75%)
Task: 8,	 Epoch: 94/100,	 Avg.loss: 0.0008,	 Accuracy: 759/1000(76%)
Task: 8,	 Epoch: 95/100,	 Avg.loss: 0.0008,	 Accuracy: 761/1000(76%)
Task: 8,	 Epoch: 96/100,	 Avg.loss: 0.0008,	 Accuracy: 762/1000(76%)
Task: 8,	 Epoch: 97/100,	 Avg.loss: 0.0008,	 Accuracy: 759/1000(76%)
Task: 8,	 Epoch: 98/100,	 Avg.loss: 0.0008,	 Accuracy: 751/1000(75%)
Task: 8,	 Epoch: 99/100,	 Avg.loss: 0.0008,	 Accuracy: 756/1000(76%)
Saving head (task#: 8)
Computing MAS
Loading head (task#:0)
Loading mask (task#:0)
Files already downloaded and verified
Files already downloaded and verified
Task: 0,	 Epoch: -1/100,	 Avg.loss: 0.0011,	 Accuracy: 831/1000(83%)
Trained Task:8, Loaded task:0, Accuracy:83.1%
Loading head (task#:1)
Loading mask (task#:1)
Files already downloaded and verified
Files already downloaded and verified
Task: 1,	 Epoch: -1/100,	 Avg.loss: 0.0013,	 Accuracy: 800/1000(80%)
Trained Task:8, Loaded task:1, Accuracy:80.0%
Loading head (task#:2)
Loading mask (task#:2)
Files already downloaded and verified
Files already downloaded and verified
Task: 2,	 Epoch: -1/100,	 Avg.loss: 0.0009,	 Accuracy: 770/1000(77%)
Trained Task:8, Loaded task:2, Accuracy:77.0%
Loading head (task#:3)
Loading mask (task#:3)
Files already downloaded and verified
Files already downloaded and verified
Task: 3,	 Epoch: -1/100,	 Avg.loss: 0.0010,	 Accuracy: 700/1000(70%)
Trained Task:8, Loaded task:3, Accuracy:70.0%
Loading head (task#:4)
Loading mask (task#:4)
Files already downloaded and verified
Files already downloaded and verified
Task: 4,	 Epoch: -1/100,	 Avg.loss: 0.0008,	 Accuracy: 764/1000(76%)
Trained Task:8, Loaded task:4, Accuracy:76.4%
Loading head (task#:5)
Loading mask (task#:5)
Files already downloaded and verified
Files already downloaded and verified
Task: 5,	 Epoch: -1/100,	 Avg.loss: 0.0008,	 Accuracy: 775/1000(78%)
Trained Task:8, Loaded task:5, Accuracy:77.5%
Loading head (task#:6)
Loading mask (task#:6)
Files already downloaded and verified
Files already downloaded and verified
Task: 6,	 Epoch: -1/100,	 Avg.loss: 0.0007,	 Accuracy: 746/1000(75%)
Trained Task:8, Loaded task:6, Accuracy:74.6%
Loading head (task#:7)
Loading mask (task#:7)
Files already downloaded and verified
Files already downloaded and verified
Task: 7,	 Epoch: -1/100,	 Avg.loss: 0.0009,	 Accuracy: 698/1000(70%)
Trained Task:8, Loaded task:7, Accuracy:69.8%
Loading head (task#:8)
Loading mask (task#:8)
Files already downloaded and verified
Files already downloaded and verified
Task: 8,	 Epoch: -1/100,	 Avg.loss: 0.0008,	 Accuracy: 756/1000(76%)
Trained Task:8, Loaded task:8, Accuracy:75.6%
Files already downloaded and verified
Files already downloaded and verified
Layer        : conv1_layer.2.weight
Sum Omega    : 63867.94140625
Max Fisher   : 3.2563889026641846
Max Omega    : 47.64413833618164
Max Relevance: -0.024599246680736542
Mask active  : 8192.0/8192

Layer        : conv2_layer.2.weight
Sum Omega    : 44378.046875
Max Fisher   : 1.1799997091293335
Max Omega    : 10.9116849899292
Max Relevance: 0.0
Mask active  : 2048.0/4096

Layer        : fc1_layer.0.weight
Sum Omega    : 77737.4375
Max Fisher   : 0.12629422545433044
Max Omega    : 1.974647879600525
Max Relevance: 0.08670546859502792
Mask active  : 512.0/512

Saving  mask (task#:9)
Mask histogram conv1_layer.2.weight: 	 tensor([   0.,    0.,    0.,    0.,    0.,    0.,    0.,    0.,    0., 8192.],
       device='cuda:0')
Mask histogram conv2_layer.2.weight: 	 tensor([  0., 448., 320., 448., 640., 640., 512., 256., 256., 576.],
       device='cuda:0')
Mask histogram fc1_layer.0.weight: 	 tensor([  0.,   0.,   0.,   0.,   0.,   0.,   0.,   0.,   0., 512.],
       device='cuda:0')
Task: 9,	 Epoch: 0/100,	 Avg.loss: 0.0011,	 Accuracy: 666/1000(67%)
Task: 9,	 Epoch: 1/100,	 Avg.loss: 0.0009,	 Accuracy: 712/1000(71%)
Task: 9,	 Epoch: 2/100,	 Avg.loss: 0.0009,	 Accuracy: 717/1000(72%)
Task: 9,	 Epoch: 3/100,	 Avg.loss: 0.0008,	 Accuracy: 751/1000(75%)
Task: 9,	 Epoch: 4/100,	 Avg.loss: 0.0008,	 Accuracy: 744/1000(74%)
Task: 9,	 Epoch: 5/100,	 Avg.loss: 0.0008,	 Accuracy: 751/1000(75%)
Task: 9,	 Epoch: 6/100,	 Avg.loss: 0.0007,	 Accuracy: 754/1000(75%)
Task: 9,	 Epoch: 7/100,	 Avg.loss: 0.0007,	 Accuracy: 759/1000(76%)
Task: 9,	 Epoch: 8/100,	 Avg.loss: 0.0007,	 Accuracy: 772/1000(77%)
Task: 9,	 Epoch: 9/100,	 Avg.loss: 0.0007,	 Accuracy: 765/1000(76%)
Task: 9,	 Epoch: 10/100,	 Avg.loss: 0.0007,	 Accuracy: 768/1000(77%)
Task: 9,	 Epoch: 11/100,	 Avg.loss: 0.0008,	 Accuracy: 737/1000(74%)
Task: 9,	 Epoch: 12/100,	 Avg.loss: 0.0007,	 Accuracy: 759/1000(76%)
Task: 9,	 Epoch: 13/100,	 Avg.loss: 0.0007,	 Accuracy: 763/1000(76%)
Task: 9,	 Epoch: 14/100,	 Avg.loss: 0.0007,	 Accuracy: 755/1000(76%)
Task: 9,	 Epoch: 15/100,	 Avg.loss: 0.0007,	 Accuracy: 774/1000(77%)
Task: 9,	 Epoch: 16/100,	 Avg.loss: 0.0007,	 Accuracy: 761/1000(76%)
Task: 9,	 Epoch: 17/100,	 Avg.loss: 0.0007,	 Accuracy: 755/1000(76%)
Task: 9,	 Epoch: 18/100,	 Avg.loss: 0.0007,	 Accuracy: 782/1000(78%)
Task: 9,	 Epoch: 19/100,	 Avg.loss: 0.0007,	 Accuracy: 777/1000(78%)
Task: 9,	 Epoch: 20/100,	 Avg.loss: 0.0007,	 Accuracy: 769/1000(77%)
Task: 9,	 Epoch: 21/100,	 Avg.loss: 0.0007,	 Accuracy: 777/1000(78%)
Task: 9,	 Epoch: 22/100,	 Avg.loss: 0.0007,	 Accuracy: 763/1000(76%)
Task: 9,	 Epoch: 23/100,	 Avg.loss: 0.0007,	 Accuracy: 766/1000(77%)
Task: 9,	 Epoch: 24/100,	 Avg.loss: 0.0007,	 Accuracy: 769/1000(77%)
Task: 9,	 Epoch: 25/100,	 Avg.loss: 0.0007,	 Accuracy: 752/1000(75%)
Task: 9,	 Epoch: 26/100,	 Avg.loss: 0.0007,	 Accuracy: 778/1000(78%)
Task: 9,	 Epoch: 27/100,	 Avg.loss: 0.0007,	 Accuracy: 757/1000(76%)
Task: 9,	 Epoch: 28/100,	 Avg.loss: 0.0007,	 Accuracy: 757/1000(76%)
Task: 9,	 Epoch: 29/100,	 Avg.loss: 0.0007,	 Accuracy: 762/1000(76%)
Task: 9,	 Epoch: 30/100,	 Avg.loss: 0.0007,	 Accuracy: 776/1000(78%)
Task: 9,	 Epoch: 31/100,	 Avg.loss: 0.0007,	 Accuracy: 777/1000(78%)
Task: 9,	 Epoch: 32/100,	 Avg.loss: 0.0007,	 Accuracy: 777/1000(78%)
Task: 9,	 Epoch: 33/100,	 Avg.loss: 0.0007,	 Accuracy: 773/1000(77%)
Task: 9,	 Epoch: 34/100,	 Avg.loss: 0.0007,	 Accuracy: 767/1000(77%)
Task: 9,	 Epoch: 35/100,	 Avg.loss: 0.0007,	 Accuracy: 760/1000(76%)
Task: 9,	 Epoch: 36/100,	 Avg.loss: 0.0007,	 Accuracy: 771/1000(77%)
Task: 9,	 Epoch: 37/100,	 Avg.loss: 0.0007,	 Accuracy: 787/1000(79%)
Task: 9,	 Epoch: 38/100,	 Avg.loss: 0.0008,	 Accuracy: 758/1000(76%)
Task: 9,	 Epoch: 39/100,	 Avg.loss: 0.0007,	 Accuracy: 765/1000(76%)
Task: 9,	 Epoch: 40/100,	 Avg.loss: 0.0007,	 Accuracy: 777/1000(78%)
Task: 9,	 Epoch: 41/100,	 Avg.loss: 0.0007,	 Accuracy: 759/1000(76%)
Task: 9,	 Epoch: 42/100,	 Avg.loss: 0.0007,	 Accuracy: 772/1000(77%)
Task: 9,	 Epoch: 43/100,	 Avg.loss: 0.0007,	 Accuracy: 768/1000(77%)
Task: 9,	 Epoch: 44/100,	 Avg.loss: 0.0007,	 Accuracy: 753/1000(75%)
Task: 9,	 Epoch: 45/100,	 Avg.loss: 0.0007,	 Accuracy: 777/1000(78%)
Task: 9,	 Epoch: 46/100,	 Avg.loss: 0.0007,	 Accuracy: 771/1000(77%)
Task: 9,	 Epoch: 47/100,	 Avg.loss: 0.0007,	 Accuracy: 760/1000(76%)
Task: 9,	 Epoch: 48/100,	 Avg.loss: 0.0007,	 Accuracy: 768/1000(77%)
Task: 9,	 Epoch: 49/100,	 Avg.loss: 0.0007,	 Accuracy: 759/1000(76%)
Task: 9,	 Epoch: 50/100,	 Avg.loss: 0.0007,	 Accuracy: 743/1000(74%)
Task: 9,	 Epoch: 51/100,	 Avg.loss: 0.0007,	 Accuracy: 777/1000(78%)
Task: 9,	 Epoch: 52/100,	 Avg.loss: 0.0007,	 Accuracy: 749/1000(75%)
Task: 9,	 Epoch: 53/100,	 Avg.loss: 0.0007,	 Accuracy: 762/1000(76%)
Task: 9,	 Epoch: 54/100,	 Avg.loss: 0.0007,	 Accuracy: 756/1000(76%)
Task: 9,	 Epoch: 55/100,	 Avg.loss: 0.0007,	 Accuracy: 768/1000(77%)
Task: 9,	 Epoch: 56/100,	 Avg.loss: 0.0007,	 Accuracy: 767/1000(77%)
Task: 9,	 Epoch: 57/100,	 Avg.loss: 0.0008,	 Accuracy: 754/1000(75%)
Task: 9,	 Epoch: 58/100,	 Avg.loss: 0.0007,	 Accuracy: 766/1000(77%)
Task: 9,	 Epoch: 59/100,	 Avg.loss: 0.0007,	 Accuracy: 769/1000(77%)
Task: 9,	 Epoch: 60/100,	 Avg.loss: 0.0007,	 Accuracy: 783/1000(78%)
Task: 9,	 Epoch: 61/100,	 Avg.loss: 0.0007,	 Accuracy: 777/1000(78%)
Task: 9,	 Epoch: 62/100,	 Avg.loss: 0.0007,	 Accuracy: 775/1000(78%)
Task: 9,	 Epoch: 63/100,	 Avg.loss: 0.0006,	 Accuracy: 783/1000(78%)
Task: 9,	 Epoch: 64/100,	 Avg.loss: 0.0006,	 Accuracy: 783/1000(78%)
Task: 9,	 Epoch: 65/100,	 Avg.loss: 0.0006,	 Accuracy: 787/1000(79%)
Task: 9,	 Epoch: 66/100,	 Avg.loss: 0.0006,	 Accuracy: 779/1000(78%)
Task: 9,	 Epoch: 67/100,	 Avg.loss: 0.0006,	 Accuracy: 785/1000(78%)
Task: 9,	 Epoch: 68/100,	 Avg.loss: 0.0006,	 Accuracy: 785/1000(78%)
Task: 9,	 Epoch: 69/100,	 Avg.loss: 0.0006,	 Accuracy: 787/1000(79%)
Task: 9,	 Epoch: 70/100,	 Avg.loss: 0.0006,	 Accuracy: 782/1000(78%)
Task: 9,	 Epoch: 71/100,	 Avg.loss: 0.0006,	 Accuracy: 781/1000(78%)
Task: 9,	 Epoch: 72/100,	 Avg.loss: 0.0007,	 Accuracy: 784/1000(78%)
Task: 9,	 Epoch: 73/100,	 Avg.loss: 0.0007,	 Accuracy: 781/1000(78%)
Task: 9,	 Epoch: 74/100,	 Avg.loss: 0.0006,	 Accuracy: 784/1000(78%)
Task: 9,	 Epoch: 75/100,	 Avg.loss: 0.0006,	 Accuracy: 791/1000(79%)
Task: 9,	 Epoch: 76/100,	 Avg.loss: 0.0006,	 Accuracy: 783/1000(78%)
Task: 9,	 Epoch: 77/100,	 Avg.loss: 0.0006,	 Accuracy: 791/1000(79%)
Task: 9,	 Epoch: 78/100,	 Avg.loss: 0.0006,	 Accuracy: 780/1000(78%)
Task: 9,	 Epoch: 79/100,	 Avg.loss: 0.0006,	 Accuracy: 784/1000(78%)
Task: 9,	 Epoch: 80/100,	 Avg.loss: 0.0006,	 Accuracy: 785/1000(78%)
Task: 9,	 Epoch: 81/100,	 Avg.loss: 0.0006,	 Accuracy: 790/1000(79%)
Task: 9,	 Epoch: 82/100,	 Avg.loss: 0.0006,	 Accuracy: 787/1000(79%)
Task: 9,	 Epoch: 83/100,	 Avg.loss: 0.0006,	 Accuracy: 790/1000(79%)
Task: 9,	 Epoch: 84/100,	 Avg.loss: 0.0006,	 Accuracy: 788/1000(79%)
Task: 9,	 Epoch: 85/100,	 Avg.loss: 0.0006,	 Accuracy: 776/1000(78%)
Task: 9,	 Epoch: 86/100,	 Avg.loss: 0.0006,	 Accuracy: 780/1000(78%)
Task: 9,	 Epoch: 87/100,	 Avg.loss: 0.0006,	 Accuracy: 786/1000(79%)
Task: 9,	 Epoch: 88/100,	 Avg.loss: 0.0006,	 Accuracy: 788/1000(79%)
Task: 9,	 Epoch: 89/100,	 Avg.loss: 0.0006,	 Accuracy: 789/1000(79%)
Task: 9,	 Epoch: 90/100,	 Avg.loss: 0.0006,	 Accuracy: 786/1000(79%)
Task: 9,	 Epoch: 91/100,	 Avg.loss: 0.0006,	 Accuracy: 789/1000(79%)
Task: 9,	 Epoch: 92/100,	 Avg.loss: 0.0006,	 Accuracy: 779/1000(78%)
Task: 9,	 Epoch: 93/100,	 Avg.loss: 0.0007,	 Accuracy: 777/1000(78%)
Task: 9,	 Epoch: 94/100,	 Avg.loss: 0.0006,	 Accuracy: 786/1000(79%)
Task: 9,	 Epoch: 95/100,	 Avg.loss: 0.0006,	 Accuracy: 788/1000(79%)
Task: 9,	 Epoch: 96/100,	 Avg.loss: 0.0006,	 Accuracy: 776/1000(78%)
Task: 9,	 Epoch: 97/100,	 Avg.loss: 0.0006,	 Accuracy: 781/1000(78%)
Task: 9,	 Epoch: 98/100,	 Avg.loss: 0.0006,	 Accuracy: 783/1000(78%)
Task: 9,	 Epoch: 99/100,	 Avg.loss: 0.0006,	 Accuracy: 781/1000(78%)
Saving head (task#: 9)
Computing MAS
Loading head (task#:0)
Loading mask (task#:0)
Files already downloaded and verified
Files already downloaded and verified
Task: 0,	 Epoch: -1/100,	 Avg.loss: 0.0011,	 Accuracy: 831/1000(83%)
Trained Task:9, Loaded task:0, Accuracy:83.1%
Loading head (task#:1)
Loading mask (task#:1)
Files already downloaded and verified
Files already downloaded and verified
Task: 1,	 Epoch: -1/100,	 Avg.loss: 0.0013,	 Accuracy: 799/1000(80%)
Trained Task:9, Loaded task:1, Accuracy:79.9%
Loading head (task#:2)
Loading mask (task#:2)
Files already downloaded and verified
Files already downloaded and verified
Task: 2,	 Epoch: -1/100,	 Avg.loss: 0.0009,	 Accuracy: 770/1000(77%)
Trained Task:9, Loaded task:2, Accuracy:77.0%
Loading head (task#:3)
Loading mask (task#:3)
Files already downloaded and verified
Files already downloaded and verified
Task: 3,	 Epoch: -1/100,	 Avg.loss: 0.0010,	 Accuracy: 697/1000(70%)
Trained Task:9, Loaded task:3, Accuracy:69.7%
Loading head (task#:4)
Loading mask (task#:4)
Files already downloaded and verified
Files already downloaded and verified
Task: 4,	 Epoch: -1/100,	 Avg.loss: 0.0008,	 Accuracy: 759/1000(76%)
Trained Task:9, Loaded task:4, Accuracy:75.9%
Loading head (task#:5)
Loading mask (task#:5)
Files already downloaded and verified
Files already downloaded and verified
Task: 5,	 Epoch: -1/100,	 Avg.loss: 0.0008,	 Accuracy: 766/1000(77%)
Trained Task:9, Loaded task:5, Accuracy:76.6%
Loading head (task#:6)
Loading mask (task#:6)
Files already downloaded and verified
Files already downloaded and verified
Task: 6,	 Epoch: -1/100,	 Avg.loss: 0.0007,	 Accuracy: 747/1000(75%)
Trained Task:9, Loaded task:6, Accuracy:74.7%
Loading head (task#:7)
Loading mask (task#:7)
Files already downloaded and verified
Files already downloaded and verified
Task: 7,	 Epoch: -1/100,	 Avg.loss: 0.0009,	 Accuracy: 695/1000(70%)
Trained Task:9, Loaded task:7, Accuracy:69.5%
Loading head (task#:8)
Loading mask (task#:8)
Files already downloaded and verified
Files already downloaded and verified
Task: 8,	 Epoch: -1/100,	 Avg.loss: 0.0008,	 Accuracy: 755/1000(76%)
Trained Task:9, Loaded task:8, Accuracy:75.5%
Loading head (task#:9)
Loading mask (task#:9)
Files already downloaded and verified
Files already downloaded and verified
Task: 9,	 Epoch: -1/100,	 Avg.loss: 0.0006,	 Accuracy: 781/1000(78%)
Trained Task:9, Loaded task:9, Accuracy:78.1%
