Layer        : conv1_layer.2.weight
R.histogram  : tensor([6., 8., 1., 5., 3., 6., 1., 0., 1., 1.], device='cuda:0')
R_sum max/min: 59.6/0.0
F.num_zeros  : 288/9216
W.num_zeros  : 0/9216
O.num_zeros  : 0/9216
Layer        : conv2_layer.2.weight
R.histogram  : tensor([22., 11., 11.,  7.,  2.,  4.,  0.,  2.,  3.,  2.], device='cuda:0')
R_sum max/min: 97.9/0.0
F.num_zeros  : 9035/36864
W.num_zeros  : 0/36864
O.num_zeros  : 0/36864
Layer        : fc1_layer.0.weight
R.histogram  : tensor([323.,  98.,  55.,  20.,   7.,   4.,   2.,   1.,   1.,   1.],
       device='cuda:0')
R_sum max/min: 478.9/0.0
F.num_zeros  : 1274833/2097152
W.num_zeros  : 0/2097152
O.num_zeros  : 0/2097152
Mask histogram conv1_layer.2.weight: 	 tensor([1536., 6656.,    0.,    0.,    0.,    0.,    0.,    0.,    0.,    0.],
       device='cuda:0')
Mask histogram conv2_layer.2.weight: 	 tensor([1408., 2688.,    0.,    0.,    0.,    0.,    0.,    0.,    0.,    0.],
       device='cuda:0')
Mask histogram fc1_layer.0.weight: 	 tensor([323., 189.,   0.,   0.,   0.,   0.,   0.,   0.,   0.,   0.],
       device='cuda:0')
Task: 0,	 Epoch: 0/80,	 Avg.loss: 0.0011,	 Accuracy: 617/1000(62%)
Task: 0,	 Epoch: 1/80,	 Avg.loss: 0.0009,	 Accuracy: 705/1000(70%)
Task: 0,	 Epoch: 2/80,	 Avg.loss: 0.0008,	 Accuracy: 725/1000(72%)
Task: 0,	 Epoch: 3/80,	 Avg.loss: 0.0007,	 Accuracy: 751/1000(75%)
Task: 0,	 Epoch: 4/80,	 Avg.loss: 0.0006,	 Accuracy: 764/1000(76%)
Task: 0,	 Epoch: 5/80,	 Avg.loss: 0.0006,	 Accuracy: 780/1000(78%)
Task: 0,	 Epoch: 6/80,	 Avg.loss: 0.0006,	 Accuracy: 791/1000(79%)
Task: 0,	 Epoch: 7/80,	 Avg.loss: 0.0006,	 Accuracy: 788/1000(79%)
Task: 0,	 Epoch: 8/80,	 Avg.loss: 0.0006,	 Accuracy: 800/1000(80%)
Task: 0,	 Epoch: 9/80,	 Avg.loss: 0.0006,	 Accuracy: 806/1000(81%)
Task: 0,	 Epoch: 10/80,	 Avg.loss: 0.0006,	 Accuracy: 813/1000(81%)
Task: 0,	 Epoch: 11/80,	 Avg.loss: 0.0006,	 Accuracy: 817/1000(82%)
Task: 0,	 Epoch: 12/80,	 Avg.loss: 0.0006,	 Accuracy: 810/1000(81%)
Task: 0,	 Epoch: 13/80,	 Avg.loss: 0.0006,	 Accuracy: 813/1000(81%)
Task: 0,	 Epoch: 14/80,	 Avg.loss: 0.0006,	 Accuracy: 807/1000(81%)
Task: 0,	 Epoch: 15/80,	 Avg.loss: 0.0005,	 Accuracy: 832/1000(83%)
Task: 0,	 Epoch: 16/80,	 Avg.loss: 0.0005,	 Accuracy: 842/1000(84%)
Task: 0,	 Epoch: 17/80,	 Avg.loss: 0.0006,	 Accuracy: 825/1000(83%)
Task: 0,	 Epoch: 18/80,	 Avg.loss: 0.0005,	 Accuracy: 844/1000(84%)
Task: 0,	 Epoch: 19/80,	 Avg.loss: 0.0006,	 Accuracy: 839/1000(84%)
Task: 0,	 Epoch: 20/80,	 Avg.loss: 0.0006,	 Accuracy: 829/1000(83%)
Task: 0,	 Epoch: 21/80,	 Avg.loss: 0.0006,	 Accuracy: 822/1000(82%)
Task: 0,	 Epoch: 22/80,	 Avg.loss: 0.0006,	 Accuracy: 817/1000(82%)
Task: 0,	 Epoch: 23/80,	 Avg.loss: 0.0006,	 Accuracy: 819/1000(82%)
Task: 0,	 Epoch: 24/80,	 Avg.loss: 0.0006,	 Accuracy: 838/1000(84%)
Task: 0,	 Epoch: 25/80,	 Avg.loss: 0.0006,	 Accuracy: 832/1000(83%)
Task: 0,	 Epoch: 26/80,	 Avg.loss: 0.0006,	 Accuracy: 852/1000(85%)
Task: 0,	 Epoch: 27/80,	 Avg.loss: 0.0006,	 Accuracy: 827/1000(83%)
Task: 0,	 Epoch: 28/80,	 Avg.loss: 0.0006,	 Accuracy: 855/1000(86%)
Task: 0,	 Epoch: 29/80,	 Avg.loss: 0.0006,	 Accuracy: 843/1000(84%)
Task: 0,	 Epoch: 30/80,	 Avg.loss: 0.0006,	 Accuracy: 854/1000(85%)
Task: 0,	 Epoch: 31/80,	 Avg.loss: 0.0006,	 Accuracy: 843/1000(84%)
Task: 0,	 Epoch: 32/80,	 Avg.loss: 0.0006,	 Accuracy: 848/1000(85%)
Task: 0,	 Epoch: 33/80,	 Avg.loss: 0.0007,	 Accuracy: 839/1000(84%)
Task: 0,	 Epoch: 34/80,	 Avg.loss: 0.0006,	 Accuracy: 849/1000(85%)
Task: 0,	 Epoch: 35/80,	 Avg.loss: 0.0007,	 Accuracy: 837/1000(84%)
Task: 0,	 Epoch: 36/80,	 Avg.loss: 0.0007,	 Accuracy: 834/1000(83%)
Task: 0,	 Epoch: 37/80,	 Avg.loss: 0.0007,	 Accuracy: 834/1000(83%)
Task: 0,	 Epoch: 38/80,	 Avg.loss: 0.0007,	 Accuracy: 820/1000(82%)
Task: 0,	 Epoch: 39/80,	 Avg.loss: 0.0006,	 Accuracy: 852/1000(85%)
Task: 0,	 Epoch: 40/80,	 Avg.loss: 0.0007,	 Accuracy: 837/1000(84%)
Task: 0,	 Epoch: 41/80,	 Avg.loss: 0.0007,	 Accuracy: 828/1000(83%)
Task: 0,	 Epoch: 42/80,	 Avg.loss: 0.0006,	 Accuracy: 836/1000(84%)
Task: 0,	 Epoch: 43/80,	 Avg.loss: 0.0006,	 Accuracy: 843/1000(84%)
Task: 0,	 Epoch: 44/80,	 Avg.loss: 0.0006,	 Accuracy: 846/1000(85%)
Task: 0,	 Epoch: 45/80,	 Avg.loss: 0.0006,	 Accuracy: 863/1000(86%)
Task: 0,	 Epoch: 46/80,	 Avg.loss: 0.0007,	 Accuracy: 841/1000(84%)
Task: 0,	 Epoch: 47/80,	 Avg.loss: 0.0006,	 Accuracy: 853/1000(85%)
Task: 0,	 Epoch: 48/80,	 Avg.loss: 0.0007,	 Accuracy: 848/1000(85%)
Task: 0,	 Epoch: 49/80,	 Avg.loss: 0.0008,	 Accuracy: 839/1000(84%)
Task: 0,	 Epoch: 50/80,	 Avg.loss: 0.0007,	 Accuracy: 850/1000(85%)
Task: 0,	 Epoch: 51/80,	 Avg.loss: 0.0007,	 Accuracy: 851/1000(85%)
Task: 0,	 Epoch: 52/80,	 Avg.loss: 0.0007,	 Accuracy: 856/1000(86%)
Task: 0,	 Epoch: 53/80,	 Avg.loss: 0.0007,	 Accuracy: 861/1000(86%)
Task: 0,	 Epoch: 54/80,	 Avg.loss: 0.0007,	 Accuracy: 858/1000(86%)
Task: 0,	 Epoch: 55/80,	 Avg.loss: 0.0007,	 Accuracy: 859/1000(86%)
Task: 0,	 Epoch: 56/80,	 Avg.loss: 0.0007,	 Accuracy: 855/1000(86%)
Task: 0,	 Epoch: 57/80,	 Avg.loss: 0.0007,	 Accuracy: 861/1000(86%)
Task: 0,	 Epoch: 58/80,	 Avg.loss: 0.0007,	 Accuracy: 861/1000(86%)
Task: 0,	 Epoch: 59/80,	 Avg.loss: 0.0007,	 Accuracy: 856/1000(86%)
Task: 0,	 Epoch: 60/80,	 Avg.loss: 0.0007,	 Accuracy: 861/1000(86%)
Task: 0,	 Epoch: 61/80,	 Avg.loss: 0.0007,	 Accuracy: 867/1000(87%)
Task: 0,	 Epoch: 62/80,	 Avg.loss: 0.0007,	 Accuracy: 864/1000(86%)
Task: 0,	 Epoch: 63/80,	 Avg.loss: 0.0007,	 Accuracy: 861/1000(86%)
Task: 0,	 Epoch: 64/80,	 Avg.loss: 0.0007,	 Accuracy: 859/1000(86%)
Task: 0,	 Epoch: 65/80,	 Avg.loss: 0.0007,	 Accuracy: 865/1000(87%)
Task: 0,	 Epoch: 66/80,	 Avg.loss: 0.0007,	 Accuracy: 860/1000(86%)
Task: 0,	 Epoch: 67/80,	 Avg.loss: 0.0007,	 Accuracy: 862/1000(86%)
Task: 0,	 Epoch: 68/80,	 Avg.loss: 0.0007,	 Accuracy: 863/1000(86%)
Task: 0,	 Epoch: 69/80,	 Avg.loss: 0.0007,	 Accuracy: 863/1000(86%)
Task: 0,	 Epoch: 70/80,	 Avg.loss: 0.0007,	 Accuracy: 861/1000(86%)
Task: 0,	 Epoch: 71/80,	 Avg.loss: 0.0007,	 Accuracy: 861/1000(86%)
Task: 0,	 Epoch: 72/80,	 Avg.loss: 0.0007,	 Accuracy: 859/1000(86%)
Task: 0,	 Epoch: 73/80,	 Avg.loss: 0.0007,	 Accuracy: 861/1000(86%)
Task: 0,	 Epoch: 74/80,	 Avg.loss: 0.0007,	 Accuracy: 866/1000(87%)
Task: 0,	 Epoch: 75/80,	 Avg.loss: 0.0007,	 Accuracy: 861/1000(86%)
Task: 0,	 Epoch: 76/80,	 Avg.loss: 0.0007,	 Accuracy: 857/1000(86%)
Task: 0,	 Epoch: 77/80,	 Avg.loss: 0.0007,	 Accuracy: 858/1000(86%)
Task: 0,	 Epoch: 78/80,	 Avg.loss: 0.0007,	 Accuracy: 858/1000(86%)
Task: 0,	 Epoch: 79/80,	 Avg.loss: 0.0007,	 Accuracy: 855/1000(86%)
Task: 0,	 Epoch: -1/80,	 Avg.loss: 0.0007,	 Accuracy: 855/1000(86%)
Trained Task:0, Loaded task:0, Accuracy:85.5%
Trained Task:0, Avg. Accuracy: 85.5 

List of avg. accuracy: [85.5]
Layer        : conv1_layer.2.weight
R.histogram  : tensor([5., 7., 5., 2., 3., 2., 5., 0., 1., 2.], device='cuda:0')
R_sum max/min: 61.5/0.0
F.num_zeros  : 288/9216
W.num_zeros  : 0/9216
O.num_zeros  : 1728/9216
Layer        : conv2_layer.2.weight
R.histogram  : tensor([28., 17.,  6.,  4.,  2.,  2.,  1.,  2.,  1.,  1.], device='cuda:0')
R_sum max/min: 142.7/0.0
F.num_zeros  : 9106/36864
W.num_zeros  : 0/36864
O.num_zeros  : 12672/36864
Layer        : fc1_layer.0.weight
R.histogram  : tensor([365.,  60.,  33.,  25.,  10.,   9.,   2.,   5.,   2.,   1.],
       device='cuda:0')
R_sum max/min: 556.2/0.0
F.num_zeros  : 1284085/2097152
W.num_zeros  : 0/2097152
O.num_zeros  : 1589153/2097152
Mask histogram conv1_layer.2.weight: 	 tensor([ 256., 2304., 5632.,    0.,    0.,    0.,    0.,    0.,    0.,    0.],
       device='cuda:0')
Mask histogram conv2_layer.2.weight: 	 tensor([1344.,  512., 2240.,    0.,    0.,    0.,    0.,    0.,    0.,    0.],
       device='cuda:0')
Mask histogram fc1_layer.0.weight: 	 tensor([319.,  50., 143.,   0.,   0.,   0.,   0.,   0.,   0.,   0.],
       device='cuda:0')
Task: 1,	 Epoch: 0/80,	 Avg.loss: 0.0011,	 Accuracy: 617/1000(62%)
Task: 1,	 Epoch: 1/80,	 Avg.loss: 0.0010,	 Accuracy: 626/1000(63%)
Task: 1,	 Epoch: 2/80,	 Avg.loss: 0.0009,	 Accuracy: 671/1000(67%)
Task: 1,	 Epoch: 3/80,	 Avg.loss: 0.0009,	 Accuracy: 661/1000(66%)
Task: 1,	 Epoch: 4/80,	 Avg.loss: 0.0009,	 Accuracy: 692/1000(69%)
Task: 1,	 Epoch: 5/80,	 Avg.loss: 0.0009,	 Accuracy: 663/1000(66%)
Task: 1,	 Epoch: 6/80,	 Avg.loss: 0.0009,	 Accuracy: 681/1000(68%)
Task: 1,	 Epoch: 7/80,	 Avg.loss: 0.0008,	 Accuracy: 699/1000(70%)
Task: 1,	 Epoch: 8/80,	 Avg.loss: 0.0008,	 Accuracy: 698/1000(70%)
Task: 1,	 Epoch: 9/80,	 Avg.loss: 0.0008,	 Accuracy: 696/1000(70%)
Task: 1,	 Epoch: 10/80,	 Avg.loss: 0.0008,	 Accuracy: 712/1000(71%)
Task: 1,	 Epoch: 11/80,	 Avg.loss: 0.0008,	 Accuracy: 715/1000(72%)
Task: 1,	 Epoch: 12/80,	 Avg.loss: 0.0008,	 Accuracy: 724/1000(72%)
Task: 1,	 Epoch: 13/80,	 Avg.loss: 0.0008,	 Accuracy: 712/1000(71%)
Task: 1,	 Epoch: 14/80,	 Avg.loss: 0.0009,	 Accuracy: 696/1000(70%)
Task: 1,	 Epoch: 15/80,	 Avg.loss: 0.0008,	 Accuracy: 716/1000(72%)
Task: 1,	 Epoch: 16/80,	 Avg.loss: 0.0008,	 Accuracy: 711/1000(71%)
Task: 1,	 Epoch: 17/80,	 Avg.loss: 0.0008,	 Accuracy: 725/1000(72%)
Task: 1,	 Epoch: 18/80,	 Avg.loss: 0.0008,	 Accuracy: 713/1000(71%)
Task: 1,	 Epoch: 19/80,	 Avg.loss: 0.0009,	 Accuracy: 700/1000(70%)
Task: 1,	 Epoch: 20/80,	 Avg.loss: 0.0008,	 Accuracy: 709/1000(71%)
Task: 1,	 Epoch: 21/80,	 Avg.loss: 0.0008,	 Accuracy: 730/1000(73%)
Task: 1,	 Epoch: 22/80,	 Avg.loss: 0.0008,	 Accuracy: 715/1000(72%)
Task: 1,	 Epoch: 23/80,	 Avg.loss: 0.0008,	 Accuracy: 723/1000(72%)
Task: 1,	 Epoch: 24/80,	 Avg.loss: 0.0008,	 Accuracy: 732/1000(73%)
Task: 1,	 Epoch: 25/80,	 Avg.loss: 0.0008,	 Accuracy: 720/1000(72%)
Task: 1,	 Epoch: 26/80,	 Avg.loss: 0.0008,	 Accuracy: 714/1000(71%)
Task: 1,	 Epoch: 27/80,	 Avg.loss: 0.0008,	 Accuracy: 743/1000(74%)
Task: 1,	 Epoch: 28/80,	 Avg.loss: 0.0008,	 Accuracy: 751/1000(75%)
Task: 1,	 Epoch: 29/80,	 Avg.loss: 0.0008,	 Accuracy: 740/1000(74%)
Task: 1,	 Epoch: 30/80,	 Avg.loss: 0.0008,	 Accuracy: 734/1000(73%)
Task: 1,	 Epoch: 31/80,	 Avg.loss: 0.0008,	 Accuracy: 730/1000(73%)
Task: 1,	 Epoch: 32/80,	 Avg.loss: 0.0007,	 Accuracy: 747/1000(75%)
Task: 1,	 Epoch: 33/80,	 Avg.loss: 0.0007,	 Accuracy: 745/1000(74%)
Task: 1,	 Epoch: 34/80,	 Avg.loss: 0.0007,	 Accuracy: 753/1000(75%)
Task: 1,	 Epoch: 35/80,	 Avg.loss: 0.0008,	 Accuracy: 724/1000(72%)
Task: 1,	 Epoch: 36/80,	 Avg.loss: 0.0008,	 Accuracy: 726/1000(73%)
Task: 1,	 Epoch: 37/80,	 Avg.loss: 0.0008,	 Accuracy: 741/1000(74%)
Task: 1,	 Epoch: 38/80,	 Avg.loss: 0.0008,	 Accuracy: 746/1000(75%)
Task: 1,	 Epoch: 39/80,	 Avg.loss: 0.0008,	 Accuracy: 750/1000(75%)
Task: 1,	 Epoch: 40/80,	 Avg.loss: 0.0008,	 Accuracy: 740/1000(74%)
Task: 1,	 Epoch: 41/80,	 Avg.loss: 0.0009,	 Accuracy: 688/1000(69%)
Task: 1,	 Epoch: 42/80,	 Avg.loss: 0.0008,	 Accuracy: 731/1000(73%)
Task: 1,	 Epoch: 43/80,	 Avg.loss: 0.0007,	 Accuracy: 734/1000(73%)
Task: 1,	 Epoch: 44/80,	 Avg.loss: 0.0008,	 Accuracy: 728/1000(73%)
Task: 1,	 Epoch: 45/80,	 Avg.loss: 0.0008,	 Accuracy: 751/1000(75%)
Task: 1,	 Epoch: 46/80,	 Avg.loss: 0.0007,	 Accuracy: 751/1000(75%)
Task: 1,	 Epoch: 47/80,	 Avg.loss: 0.0008,	 Accuracy: 737/1000(74%)
Task: 1,	 Epoch: 48/80,	 Avg.loss: 0.0007,	 Accuracy: 756/1000(76%)
Task: 1,	 Epoch: 49/80,	 Avg.loss: 0.0008,	 Accuracy: 747/1000(75%)
Task: 1,	 Epoch: 50/80,	 Avg.loss: 0.0007,	 Accuracy: 759/1000(76%)
Task: 1,	 Epoch: 51/80,	 Avg.loss: 0.0007,	 Accuracy: 766/1000(77%)
Task: 1,	 Epoch: 52/80,	 Avg.loss: 0.0007,	 Accuracy: 764/1000(76%)
Task: 1,	 Epoch: 53/80,	 Avg.loss: 0.0007,	 Accuracy: 761/1000(76%)
Task: 1,	 Epoch: 54/80,	 Avg.loss: 0.0007,	 Accuracy: 765/1000(76%)
Task: 1,	 Epoch: 55/80,	 Avg.loss: 0.0007,	 Accuracy: 758/1000(76%)
Task: 1,	 Epoch: 56/80,	 Avg.loss: 0.0007,	 Accuracy: 763/1000(76%)
Task: 1,	 Epoch: 57/80,	 Avg.loss: 0.0007,	 Accuracy: 769/1000(77%)
Task: 1,	 Epoch: 58/80,	 Avg.loss: 0.0007,	 Accuracy: 762/1000(76%)
Task: 1,	 Epoch: 59/80,	 Avg.loss: 0.0007,	 Accuracy: 769/1000(77%)
Task: 1,	 Epoch: 60/80,	 Avg.loss: 0.0007,	 Accuracy: 762/1000(76%)
Task: 1,	 Epoch: 61/80,	 Avg.loss: 0.0007,	 Accuracy: 763/1000(76%)
Task: 1,	 Epoch: 62/80,	 Avg.loss: 0.0007,	 Accuracy: 768/1000(77%)
Task: 1,	 Epoch: 63/80,	 Avg.loss: 0.0007,	 Accuracy: 767/1000(77%)
Task: 1,	 Epoch: 64/80,	 Avg.loss: 0.0007,	 Accuracy: 767/1000(77%)
Task: 1,	 Epoch: 65/80,	 Avg.loss: 0.0007,	 Accuracy: 767/1000(77%)
Task: 1,	 Epoch: 66/80,	 Avg.loss: 0.0007,	 Accuracy: 763/1000(76%)
Task: 1,	 Epoch: 67/80,	 Avg.loss: 0.0007,	 Accuracy: 762/1000(76%)
Task: 1,	 Epoch: 68/80,	 Avg.loss: 0.0007,	 Accuracy: 763/1000(76%)
Task: 1,	 Epoch: 69/80,	 Avg.loss: 0.0007,	 Accuracy: 769/1000(77%)
Task: 1,	 Epoch: 70/80,	 Avg.loss: 0.0007,	 Accuracy: 760/1000(76%)
Task: 1,	 Epoch: 71/80,	 Avg.loss: 0.0007,	 Accuracy: 763/1000(76%)
Task: 1,	 Epoch: 72/80,	 Avg.loss: 0.0007,	 Accuracy: 759/1000(76%)
Task: 1,	 Epoch: 73/80,	 Avg.loss: 0.0007,	 Accuracy: 758/1000(76%)
Task: 1,	 Epoch: 74/80,	 Avg.loss: 0.0007,	 Accuracy: 758/1000(76%)
Task: 1,	 Epoch: 75/80,	 Avg.loss: 0.0007,	 Accuracy: 763/1000(76%)
Task: 1,	 Epoch: 76/80,	 Avg.loss: 0.0007,	 Accuracy: 770/1000(77%)
Task: 1,	 Epoch: 77/80,	 Avg.loss: 0.0007,	 Accuracy: 771/1000(77%)
Task: 1,	 Epoch: 78/80,	 Avg.loss: 0.0007,	 Accuracy: 768/1000(77%)
Task: 1,	 Epoch: 79/80,	 Avg.loss: 0.0007,	 Accuracy: 764/1000(76%)
Task: 0,	 Epoch: -1/80,	 Avg.loss: 0.0007,	 Accuracy: 855/1000(86%)
Trained Task:1, Loaded task:0, Accuracy:85.5%
Task: 1,	 Epoch: -1/80,	 Avg.loss: 0.0007,	 Accuracy: 764/1000(76%)
Trained Task:1, Loaded task:1, Accuracy:76.4%
Trained Task:1, Avg. Accuracy: 81.0 

List of avg. accuracy: [85.5, 81.0]
Layer        : conv1_layer.2.weight
R.histogram  : tensor([ 6., 11.,  1., 11.,  1.,  1.,  0.,  0.,  0.,  1.], device='cuda:0')
R_sum max/min: 92.1/0.0
F.num_zeros  : 288/9216
W.num_zeros  : 0/9216
O.num_zeros  : 288/9216
Layer        : conv2_layer.2.weight
R.histogram  : tensor([35., 12.,  5.,  4.,  3.,  2.,  0.,  2.,  0.,  1.], device='cuda:0')
R_sum max/min: 117.1/0.0
F.num_zeros  : 9147/36864
W.num_zeros  : 0/36864
O.num_zeros  : 12096/36864
Layer        : fc1_layer.0.weight
R.histogram  : tensor([392.,  50.,  32.,  12.,  16.,   6.,   1.,   2.,   0.,   1.],
       device='cuda:0')
R_sum max/min: 306.5/0.0
F.num_zeros  : 1280542/2097152
W.num_zeros  : 0/2097152
O.num_zeros  : 1570784/2097152
Mask histogram conv1_layer.2.weight: 	 tensor([ 256.,  512., 2560., 4864.,    0.,    0.,    0.,    0.,    0.,    0.],
       device='cuda:0')
Mask histogram conv2_layer.2.weight: 	 tensor([1344.,  256.,  896., 1600.,    0.,    0.,    0.,    0.,    0.,    0.],
       device='cuda:0')
Mask histogram fc1_layer.0.weight: 	 tensor([315.,  42.,  51., 104.,   0.,   0.,   0.,   0.,   0.,   0.],
       device='cuda:0')
Task: 2,	 Epoch: 0/80,	 Avg.loss: 0.0011,	 Accuracy: 643/1000(64%)
Task: 2,	 Epoch: 1/80,	 Avg.loss: 0.0011,	 Accuracy: 657/1000(66%)
Task: 2,	 Epoch: 2/80,	 Avg.loss: 0.0009,	 Accuracy: 697/1000(70%)
Task: 2,	 Epoch: 3/80,	 Avg.loss: 0.0009,	 Accuracy: 700/1000(70%)
Task: 2,	 Epoch: 4/80,	 Avg.loss: 0.0009,	 Accuracy: 704/1000(70%)
Task: 2,	 Epoch: 5/80,	 Avg.loss: 0.0009,	 Accuracy: 725/1000(72%)
Task: 2,	 Epoch: 6/80,	 Avg.loss: 0.0010,	 Accuracy: 689/1000(69%)
Task: 2,	 Epoch: 7/80,	 Avg.loss: 0.0009,	 Accuracy: 722/1000(72%)
Task: 2,	 Epoch: 8/80,	 Avg.loss: 0.0008,	 Accuracy: 730/1000(73%)
Task: 2,	 Epoch: 9/80,	 Avg.loss: 0.0008,	 Accuracy: 738/1000(74%)
Task: 2,	 Epoch: 10/80,	 Avg.loss: 0.0008,	 Accuracy: 761/1000(76%)
Task: 2,	 Epoch: 11/80,	 Avg.loss: 0.0009,	 Accuracy: 742/1000(74%)
Task: 2,	 Epoch: 12/80,	 Avg.loss: 0.0009,	 Accuracy: 716/1000(72%)
Task: 2,	 Epoch: 13/80,	 Avg.loss: 0.0009,	 Accuracy: 715/1000(72%)
Task: 2,	 Epoch: 14/80,	 Avg.loss: 0.0008,	 Accuracy: 743/1000(74%)
Task: 2,	 Epoch: 15/80,	 Avg.loss: 0.0008,	 Accuracy: 739/1000(74%)
Task: 2,	 Epoch: 16/80,	 Avg.loss: 0.0008,	 Accuracy: 740/1000(74%)
Task: 2,	 Epoch: 17/80,	 Avg.loss: 0.0008,	 Accuracy: 732/1000(73%)
Task: 2,	 Epoch: 18/80,	 Avg.loss: 0.0008,	 Accuracy: 753/1000(75%)
Task: 2,	 Epoch: 19/80,	 Avg.loss: 0.0009,	 Accuracy: 734/1000(73%)
Task: 2,	 Epoch: 20/80,	 Avg.loss: 0.0008,	 Accuracy: 735/1000(74%)
Task: 2,	 Epoch: 21/80,	 Avg.loss: 0.0008,	 Accuracy: 758/1000(76%)
Task: 2,	 Epoch: 22/80,	 Avg.loss: 0.0009,	 Accuracy: 723/1000(72%)
Task: 2,	 Epoch: 23/80,	 Avg.loss: 0.0008,	 Accuracy: 744/1000(74%)
Task: 2,	 Epoch: 24/80,	 Avg.loss: 0.0008,	 Accuracy: 725/1000(72%)
Task: 2,	 Epoch: 25/80,	 Avg.loss: 0.0008,	 Accuracy: 745/1000(74%)
Task: 2,	 Epoch: 26/80,	 Avg.loss: 0.0008,	 Accuracy: 749/1000(75%)
Task: 2,	 Epoch: 27/80,	 Avg.loss: 0.0008,	 Accuracy: 736/1000(74%)
Task: 2,	 Epoch: 28/80,	 Avg.loss: 0.0008,	 Accuracy: 739/1000(74%)
Task: 2,	 Epoch: 29/80,	 Avg.loss: 0.0008,	 Accuracy: 757/1000(76%)
Task: 2,	 Epoch: 30/80,	 Avg.loss: 0.0008,	 Accuracy: 749/1000(75%)
Task: 2,	 Epoch: 31/80,	 Avg.loss: 0.0008,	 Accuracy: 763/1000(76%)
Task: 2,	 Epoch: 32/80,	 Avg.loss: 0.0008,	 Accuracy: 750/1000(75%)
Task: 2,	 Epoch: 33/80,	 Avg.loss: 0.0008,	 Accuracy: 746/1000(75%)
Task: 2,	 Epoch: 34/80,	 Avg.loss: 0.0008,	 Accuracy: 740/1000(74%)
Task: 2,	 Epoch: 35/80,	 Avg.loss: 0.0008,	 Accuracy: 743/1000(74%)
Task: 2,	 Epoch: 36/80,	 Avg.loss: 0.0008,	 Accuracy: 750/1000(75%)
Task: 2,	 Epoch: 37/80,	 Avg.loss: 0.0008,	 Accuracy: 754/1000(75%)
Task: 2,	 Epoch: 38/80,	 Avg.loss: 0.0008,	 Accuracy: 757/1000(76%)
Task: 2,	 Epoch: 39/80,	 Avg.loss: 0.0009,	 Accuracy: 730/1000(73%)
Task: 2,	 Epoch: 40/80,	 Avg.loss: 0.0008,	 Accuracy: 754/1000(75%)
Task: 2,	 Epoch: 41/80,	 Avg.loss: 0.0008,	 Accuracy: 743/1000(74%)
Task: 2,	 Epoch: 42/80,	 Avg.loss: 0.0008,	 Accuracy: 746/1000(75%)
Task: 2,	 Epoch: 43/80,	 Avg.loss: 0.0008,	 Accuracy: 747/1000(75%)
Task: 2,	 Epoch: 44/80,	 Avg.loss: 0.0008,	 Accuracy: 746/1000(75%)
Task: 2,	 Epoch: 45/80,	 Avg.loss: 0.0009,	 Accuracy: 727/1000(73%)
Task: 2,	 Epoch: 46/80,	 Avg.loss: 0.0008,	 Accuracy: 747/1000(75%)
Task: 2,	 Epoch: 47/80,	 Avg.loss: 0.0008,	 Accuracy: 737/1000(74%)
Task: 2,	 Epoch: 48/80,	 Avg.loss: 0.0008,	 Accuracy: 741/1000(74%)
Task: 2,	 Epoch: 49/80,	 Avg.loss: 0.0008,	 Accuracy: 736/1000(74%)
Task: 2,	 Epoch: 50/80,	 Avg.loss: 0.0008,	 Accuracy: 755/1000(76%)
Task: 2,	 Epoch: 51/80,	 Avg.loss: 0.0008,	 Accuracy: 752/1000(75%)
Task: 2,	 Epoch: 52/80,	 Avg.loss: 0.0008,	 Accuracy: 748/1000(75%)
Task: 2,	 Epoch: 53/80,	 Avg.loss: 0.0008,	 Accuracy: 751/1000(75%)
Task: 2,	 Epoch: 54/80,	 Avg.loss: 0.0008,	 Accuracy: 751/1000(75%)
Task: 2,	 Epoch: 55/80,	 Avg.loss: 0.0008,	 Accuracy: 758/1000(76%)
Task: 2,	 Epoch: 56/80,	 Avg.loss: 0.0008,	 Accuracy: 761/1000(76%)
Task: 2,	 Epoch: 57/80,	 Avg.loss: 0.0008,	 Accuracy: 749/1000(75%)
Task: 2,	 Epoch: 58/80,	 Avg.loss: 0.0008,	 Accuracy: 753/1000(75%)
Task: 2,	 Epoch: 59/80,	 Avg.loss: 0.0008,	 Accuracy: 747/1000(75%)
Task: 2,	 Epoch: 60/80,	 Avg.loss: 0.0008,	 Accuracy: 752/1000(75%)
Task: 2,	 Epoch: 61/80,	 Avg.loss: 0.0007,	 Accuracy: 751/1000(75%)
Task: 2,	 Epoch: 62/80,	 Avg.loss: 0.0008,	 Accuracy: 755/1000(76%)
Task: 2,	 Epoch: 63/80,	 Avg.loss: 0.0008,	 Accuracy: 758/1000(76%)
Task: 2,	 Epoch: 64/80,	 Avg.loss: 0.0008,	 Accuracy: 752/1000(75%)
Task: 2,	 Epoch: 65/80,	 Avg.loss: 0.0008,	 Accuracy: 752/1000(75%)
Task: 2,	 Epoch: 66/80,	 Avg.loss: 0.0008,	 Accuracy: 757/1000(76%)
Task: 2,	 Epoch: 67/80,	 Avg.loss: 0.0008,	 Accuracy: 750/1000(75%)
Task: 2,	 Epoch: 68/80,	 Avg.loss: 0.0008,	 Accuracy: 754/1000(75%)
Task: 2,	 Epoch: 69/80,	 Avg.loss: 0.0008,	 Accuracy: 746/1000(75%)
Task: 2,	 Epoch: 70/80,	 Avg.loss: 0.0008,	 Accuracy: 757/1000(76%)
Task: 2,	 Epoch: 71/80,	 Avg.loss: 0.0008,	 Accuracy: 753/1000(75%)
Task: 2,	 Epoch: 72/80,	 Avg.loss: 0.0008,	 Accuracy: 757/1000(76%)
Task: 2,	 Epoch: 73/80,	 Avg.loss: 0.0008,	 Accuracy: 746/1000(75%)
Task: 2,	 Epoch: 74/80,	 Avg.loss: 0.0008,	 Accuracy: 752/1000(75%)
Task: 2,	 Epoch: 75/80,	 Avg.loss: 0.0008,	 Accuracy: 748/1000(75%)
Task: 2,	 Epoch: 76/80,	 Avg.loss: 0.0008,	 Accuracy: 748/1000(75%)
Task: 2,	 Epoch: 77/80,	 Avg.loss: 0.0008,	 Accuracy: 751/1000(75%)
Task: 2,	 Epoch: 78/80,	 Avg.loss: 0.0008,	 Accuracy: 747/1000(75%)
Task: 2,	 Epoch: 79/80,	 Avg.loss: 0.0008,	 Accuracy: 749/1000(75%)
Task: 0,	 Epoch: -1/80,	 Avg.loss: 0.0007,	 Accuracy: 862/1000(86%)
Trained Task:2, Loaded task:0, Accuracy:86.2%
Task: 1,	 Epoch: -1/80,	 Avg.loss: 0.0007,	 Accuracy: 761/1000(76%)
Trained Task:2, Loaded task:1, Accuracy:76.1%
Task: 2,	 Epoch: -1/80,	 Avg.loss: 0.0008,	 Accuracy: 749/1000(75%)
Trained Task:2, Loaded task:2, Accuracy:74.9%
Trained Task:2, Avg. Accuracy: 79.1 

List of avg. accuracy: [85.5, 81.0, 79.1]
Layer        : conv1_layer.2.weight
R.histogram  : tensor([10.,  6.,  3.,  6.,  5.,  1.,  0.,  0.,  0.,  1.], device='cuda:0')
R_sum max/min: 82.3/0.0
F.num_zeros  : 288/9216
W.num_zeros  : 0/9216
O.num_zeros  : 288/9216
Layer        : conv2_layer.2.weight
R.histogram  : tensor([39.,  8.,  6.,  5.,  2.,  2.,  1.,  0.,  0.,  1.], device='cuda:0')
R_sum max/min: 124.9/0.0
F.num_zeros  : 9136/36864
W.num_zeros  : 0/36864
O.num_zeros  : 12096/36864
Layer        : fc1_layer.0.weight
R.histogram  : tensor([400.,  53.,  37.,  12.,   6.,   1.,   2.,   0.,   0.,   1.],
       device='cuda:0')
R_sum max/min: 343.2/0.0
F.num_zeros  : 1282360/2097152
W.num_zeros  : 0/2097152
O.num_zeros  : 1562080/2097152
Mask histogram conv1_layer.2.weight: 	 tensor([ 256.,  512., 1280., 1792., 4352.,    0.,    0.,    0.,    0.,    0.],
       device='cuda:0')
Mask histogram conv2_layer.2.weight: 	 tensor([1344.,  256.,  512.,  768., 1216.,    0.,    0.,    0.,    0.,    0.],
       device='cuda:0')
Mask histogram fc1_layer.0.weight: 	 tensor([315.,  37.,  42.,  25.,  93.,   0.,   0.,   0.,   0.,   0.],
       device='cuda:0')
Task: 3,	 Epoch: 0/80,	 Avg.loss: 0.0014,	 Accuracy: 528/1000(53%)
Task: 3,	 Epoch: 1/80,	 Avg.loss: 0.0013,	 Accuracy: 516/1000(52%)
Task: 3,	 Epoch: 2/80,	 Avg.loss: 0.0012,	 Accuracy: 565/1000(57%)
Task: 3,	 Epoch: 3/80,	 Avg.loss: 0.0012,	 Accuracy: 573/1000(57%)
Task: 3,	 Epoch: 4/80,	 Avg.loss: 0.0012,	 Accuracy: 586/1000(59%)
Task: 3,	 Epoch: 5/80,	 Avg.loss: 0.0012,	 Accuracy: 578/1000(58%)
Task: 3,	 Epoch: 6/80,	 Avg.loss: 0.0011,	 Accuracy: 608/1000(61%)
Task: 3,	 Epoch: 7/80,	 Avg.loss: 0.0011,	 Accuracy: 605/1000(61%)
Task: 3,	 Epoch: 8/80,	 Avg.loss: 0.0011,	 Accuracy: 607/1000(61%)
Task: 3,	 Epoch: 9/80,	 Avg.loss: 0.0011,	 Accuracy: 612/1000(61%)
Task: 3,	 Epoch: 10/80,	 Avg.loss: 0.0011,	 Accuracy: 608/1000(61%)
Task: 3,	 Epoch: 11/80,	 Avg.loss: 0.0011,	 Accuracy: 611/1000(61%)
Task: 3,	 Epoch: 12/80,	 Avg.loss: 0.0011,	 Accuracy: 613/1000(61%)
Task: 3,	 Epoch: 13/80,	 Avg.loss: 0.0011,	 Accuracy: 625/1000(63%)
Task: 3,	 Epoch: 14/80,	 Avg.loss: 0.0011,	 Accuracy: 626/1000(63%)
Task: 3,	 Epoch: 15/80,	 Avg.loss: 0.0011,	 Accuracy: 609/1000(61%)
Task: 3,	 Epoch: 16/80,	 Avg.loss: 0.0010,	 Accuracy: 618/1000(62%)
Task: 3,	 Epoch: 17/80,	 Avg.loss: 0.0011,	 Accuracy: 623/1000(62%)
Task: 3,	 Epoch: 18/80,	 Avg.loss: 0.0010,	 Accuracy: 630/1000(63%)
Task: 3,	 Epoch: 19/80,	 Avg.loss: 0.0011,	 Accuracy: 604/1000(60%)
Task: 3,	 Epoch: 20/80,	 Avg.loss: 0.0011,	 Accuracy: 605/1000(61%)
Task: 3,	 Epoch: 21/80,	 Avg.loss: 0.0011,	 Accuracy: 617/1000(62%)
Task: 3,	 Epoch: 22/80,	 Avg.loss: 0.0011,	 Accuracy: 619/1000(62%)
Task: 3,	 Epoch: 23/80,	 Avg.loss: 0.0011,	 Accuracy: 602/1000(60%)
Task: 3,	 Epoch: 24/80,	 Avg.loss: 0.0011,	 Accuracy: 619/1000(62%)
Task: 3,	 Epoch: 25/80,	 Avg.loss: 0.0010,	 Accuracy: 620/1000(62%)
Task: 3,	 Epoch: 26/80,	 Avg.loss: 0.0011,	 Accuracy: 616/1000(62%)
Task: 3,	 Epoch: 27/80,	 Avg.loss: 0.0011,	 Accuracy: 622/1000(62%)
Task: 3,	 Epoch: 28/80,	 Avg.loss: 0.0010,	 Accuracy: 647/1000(65%)
Task: 3,	 Epoch: 29/80,	 Avg.loss: 0.0011,	 Accuracy: 628/1000(63%)
Task: 3,	 Epoch: 30/80,	 Avg.loss: 0.0010,	 Accuracy: 640/1000(64%)
Task: 3,	 Epoch: 31/80,	 Avg.loss: 0.0011,	 Accuracy: 628/1000(63%)
Task: 3,	 Epoch: 32/80,	 Avg.loss: 0.0011,	 Accuracy: 626/1000(63%)
Task: 3,	 Epoch: 33/80,	 Avg.loss: 0.0011,	 Accuracy: 620/1000(62%)
Task: 3,	 Epoch: 34/80,	 Avg.loss: 0.0010,	 Accuracy: 629/1000(63%)
Task: 3,	 Epoch: 35/80,	 Avg.loss: 0.0011,	 Accuracy: 605/1000(61%)
Task: 3,	 Epoch: 36/80,	 Avg.loss: 0.0011,	 Accuracy: 602/1000(60%)
Task: 3,	 Epoch: 37/80,	 Avg.loss: 0.0010,	 Accuracy: 625/1000(63%)
Task: 3,	 Epoch: 38/80,	 Avg.loss: 0.0011,	 Accuracy: 614/1000(61%)
Task: 3,	 Epoch: 39/80,	 Avg.loss: 0.0010,	 Accuracy: 636/1000(64%)
Task: 3,	 Epoch: 40/80,	 Avg.loss: 0.0010,	 Accuracy: 637/1000(64%)
Task: 3,	 Epoch: 41/80,	 Avg.loss: 0.0011,	 Accuracy: 615/1000(62%)
Task: 3,	 Epoch: 42/80,	 Avg.loss: 0.0011,	 Accuracy: 606/1000(61%)
Task: 3,	 Epoch: 43/80,	 Avg.loss: 0.0011,	 Accuracy: 624/1000(62%)
Task: 3,	 Epoch: 44/80,	 Avg.loss: 0.0011,	 Accuracy: 622/1000(62%)
Task: 3,	 Epoch: 45/80,	 Avg.loss: 0.0011,	 Accuracy: 628/1000(63%)
Task: 3,	 Epoch: 46/80,	 Avg.loss: 0.0010,	 Accuracy: 636/1000(64%)
Task: 3,	 Epoch: 47/80,	 Avg.loss: 0.0011,	 Accuracy: 625/1000(63%)
Task: 3,	 Epoch: 48/80,	 Avg.loss: 0.0010,	 Accuracy: 623/1000(62%)
Task: 3,	 Epoch: 49/80,	 Avg.loss: 0.0011,	 Accuracy: 619/1000(62%)
Task: 3,	 Epoch: 50/80,	 Avg.loss: 0.0010,	 Accuracy: 646/1000(65%)
Task: 3,	 Epoch: 51/80,	 Avg.loss: 0.0010,	 Accuracy: 637/1000(64%)
Task: 3,	 Epoch: 52/80,	 Avg.loss: 0.0010,	 Accuracy: 643/1000(64%)
Task: 3,	 Epoch: 53/80,	 Avg.loss: 0.0010,	 Accuracy: 639/1000(64%)
Task: 3,	 Epoch: 54/80,	 Avg.loss: 0.0010,	 Accuracy: 641/1000(64%)
Task: 3,	 Epoch: 55/80,	 Avg.loss: 0.0010,	 Accuracy: 639/1000(64%)
Task: 3,	 Epoch: 56/80,	 Avg.loss: 0.0010,	 Accuracy: 638/1000(64%)
Task: 3,	 Epoch: 57/80,	 Avg.loss: 0.0010,	 Accuracy: 644/1000(64%)
Task: 3,	 Epoch: 58/80,	 Avg.loss: 0.0010,	 Accuracy: 640/1000(64%)
Task: 3,	 Epoch: 59/80,	 Avg.loss: 0.0010,	 Accuracy: 638/1000(64%)
Task: 3,	 Epoch: 60/80,	 Avg.loss: 0.0010,	 Accuracy: 644/1000(64%)
Task: 3,	 Epoch: 61/80,	 Avg.loss: 0.0010,	 Accuracy: 640/1000(64%)
Task: 3,	 Epoch: 62/80,	 Avg.loss: 0.0010,	 Accuracy: 642/1000(64%)
Task: 3,	 Epoch: 63/80,	 Avg.loss: 0.0010,	 Accuracy: 636/1000(64%)
Task: 3,	 Epoch: 64/80,	 Avg.loss: 0.0010,	 Accuracy: 645/1000(64%)
Task: 3,	 Epoch: 65/80,	 Avg.loss: 0.0010,	 Accuracy: 642/1000(64%)
Task: 3,	 Epoch: 66/80,	 Avg.loss: 0.0010,	 Accuracy: 650/1000(65%)
Task: 3,	 Epoch: 67/80,	 Avg.loss: 0.0010,	 Accuracy: 634/1000(63%)
Task: 3,	 Epoch: 68/80,	 Avg.loss: 0.0010,	 Accuracy: 641/1000(64%)
Task: 3,	 Epoch: 69/80,	 Avg.loss: 0.0010,	 Accuracy: 640/1000(64%)
Task: 3,	 Epoch: 70/80,	 Avg.loss: 0.0010,	 Accuracy: 637/1000(64%)
Task: 3,	 Epoch: 71/80,	 Avg.loss: 0.0010,	 Accuracy: 640/1000(64%)
Task: 3,	 Epoch: 72/80,	 Avg.loss: 0.0010,	 Accuracy: 639/1000(64%)
Task: 3,	 Epoch: 73/80,	 Avg.loss: 0.0010,	 Accuracy: 645/1000(64%)
Task: 3,	 Epoch: 74/80,	 Avg.loss: 0.0010,	 Accuracy: 640/1000(64%)
Task: 3,	 Epoch: 75/80,	 Avg.loss: 0.0010,	 Accuracy: 635/1000(64%)
Task: 3,	 Epoch: 76/80,	 Avg.loss: 0.0010,	 Accuracy: 640/1000(64%)
Task: 3,	 Epoch: 77/80,	 Avg.loss: 0.0010,	 Accuracy: 637/1000(64%)
Task: 3,	 Epoch: 78/80,	 Avg.loss: 0.0010,	 Accuracy: 647/1000(65%)
Task: 3,	 Epoch: 79/80,	 Avg.loss: 0.0010,	 Accuracy: 642/1000(64%)
Task: 0,	 Epoch: -1/80,	 Avg.loss: 0.0007,	 Accuracy: 858/1000(86%)
Trained Task:3, Loaded task:0, Accuracy:85.8%
Task: 1,	 Epoch: -1/80,	 Avg.loss: 0.0008,	 Accuracy: 750/1000(75%)
Trained Task:3, Loaded task:1, Accuracy:75.0%
Task: 2,	 Epoch: -1/80,	 Avg.loss: 0.0008,	 Accuracy: 755/1000(76%)
Trained Task:3, Loaded task:2, Accuracy:75.5%
Task: 3,	 Epoch: -1/80,	 Avg.loss: 0.0010,	 Accuracy: 642/1000(64%)
Trained Task:3, Loaded task:3, Accuracy:64.2%
Trained Task:3, Avg. Accuracy: 75.1 

List of avg. accuracy: [85.5, 81.0, 79.1, 75.1]
Layer        : conv1_layer.2.weight
R.histogram  : tensor([7., 5., 4., 6., 5., 3., 1., 0., 0., 1.], device='cuda:0')
R_sum max/min: 90.2/0.0
F.num_zeros  : 288/9216
W.num_zeros  : 0/9216
O.num_zeros  : 288/9216
Layer        : conv2_layer.2.weight
R.histogram  : tensor([37.,  3., 10.,  4.,  4.,  2.,  0.,  1.,  1.,  2.], device='cuda:0')
R_sum max/min: 115.5/0.0
F.num_zeros  : 9166/36864
W.num_zeros  : 0/36864
O.num_zeros  : 12096/36864
Layer        : fc1_layer.0.weight
R.histogram  : tensor([397.,  48.,  39.,  13.,   6.,   4.,   3.,   1.,   0.,   1.],
       device='cuda:0')
R_sum max/min: 334.6/0.0
F.num_zeros  : 1282176/2097152
W.num_zeros  : 0/2097152
O.num_zeros  : 1561503/2097152
Mask histogram conv1_layer.2.weight: 	 tensor([ 256.,  512.,  768.,  768., 1536., 4352.,    0.,    0.,    0.,    0.],
       device='cuda:0')
Mask histogram conv2_layer.2.weight: 	 tensor([1344.,  256.,  512.,  256.,  512., 1216.,    0.,    0.,    0.,    0.],
       device='cuda:0')
Mask histogram fc1_layer.0.weight: 	 tensor([315.,  37.,  35.,  14.,  21.,  90.,   0.,   0.,   0.,   0.],
       device='cuda:0')
Task: 4,	 Epoch: 0/80,	 Avg.loss: 0.0013,	 Accuracy: 577/1000(58%)
Task: 4,	 Epoch: 1/80,	 Avg.loss: 0.0011,	 Accuracy: 670/1000(67%)
Task: 4,	 Epoch: 2/80,	 Avg.loss: 0.0009,	 Accuracy: 681/1000(68%)
Task: 4,	 Epoch: 3/80,	 Avg.loss: 0.0009,	 Accuracy: 723/1000(72%)
Task: 4,	 Epoch: 4/80,	 Avg.loss: 0.0009,	 Accuracy: 700/1000(70%)
Task: 4,	 Epoch: 5/80,	 Avg.loss: 0.0009,	 Accuracy: 716/1000(72%)
Task: 4,	 Epoch: 6/80,	 Avg.loss: 0.0009,	 Accuracy: 705/1000(70%)
Task: 4,	 Epoch: 7/80,	 Avg.loss: 0.0009,	 Accuracy: 696/1000(70%)
Task: 4,	 Epoch: 8/80,	 Avg.loss: 0.0009,	 Accuracy: 719/1000(72%)
Task: 4,	 Epoch: 9/80,	 Avg.loss: 0.0009,	 Accuracy: 719/1000(72%)
Task: 4,	 Epoch: 10/80,	 Avg.loss: 0.0008,	 Accuracy: 734/1000(73%)
Task: 4,	 Epoch: 11/80,	 Avg.loss: 0.0008,	 Accuracy: 707/1000(71%)
Task: 4,	 Epoch: 12/80,	 Avg.loss: 0.0009,	 Accuracy: 685/1000(68%)
Task: 4,	 Epoch: 13/80,	 Avg.loss: 0.0009,	 Accuracy: 700/1000(70%)
Task: 4,	 Epoch: 14/80,	 Avg.loss: 0.0009,	 Accuracy: 717/1000(72%)
Task: 4,	 Epoch: 15/80,	 Avg.loss: 0.0008,	 Accuracy: 722/1000(72%)
Task: 4,	 Epoch: 16/80,	 Avg.loss: 0.0008,	 Accuracy: 715/1000(72%)
Task: 4,	 Epoch: 17/80,	 Avg.loss: 0.0008,	 Accuracy: 730/1000(73%)
Task: 4,	 Epoch: 18/80,	 Avg.loss: 0.0008,	 Accuracy: 734/1000(73%)
Task: 4,	 Epoch: 19/80,	 Avg.loss: 0.0009,	 Accuracy: 684/1000(68%)
Task: 4,	 Epoch: 20/80,	 Avg.loss: 0.0008,	 Accuracy: 723/1000(72%)
Task: 4,	 Epoch: 21/80,	 Avg.loss: 0.0009,	 Accuracy: 698/1000(70%)
Task: 4,	 Epoch: 22/80,	 Avg.loss: 0.0008,	 Accuracy: 722/1000(72%)
Task: 4,	 Epoch: 23/80,	 Avg.loss: 0.0009,	 Accuracy: 723/1000(72%)
Task: 4,	 Epoch: 24/80,	 Avg.loss: 0.0008,	 Accuracy: 733/1000(73%)
Task: 4,	 Epoch: 25/80,	 Avg.loss: 0.0009,	 Accuracy: 720/1000(72%)
Task: 4,	 Epoch: 26/80,	 Avg.loss: 0.0008,	 Accuracy: 736/1000(74%)
Task: 4,	 Epoch: 27/80,	 Avg.loss: 0.0008,	 Accuracy: 746/1000(75%)
Task: 4,	 Epoch: 28/80,	 Avg.loss: 0.0009,	 Accuracy: 723/1000(72%)
Task: 4,	 Epoch: 29/80,	 Avg.loss: 0.0008,	 Accuracy: 732/1000(73%)
Task: 4,	 Epoch: 30/80,	 Avg.loss: 0.0008,	 Accuracy: 746/1000(75%)
Task: 4,	 Epoch: 31/80,	 Avg.loss: 0.0008,	 Accuracy: 729/1000(73%)
Task: 4,	 Epoch: 32/80,	 Avg.loss: 0.0008,	 Accuracy: 723/1000(72%)
Task: 4,	 Epoch: 33/80,	 Avg.loss: 0.0008,	 Accuracy: 729/1000(73%)
Task: 4,	 Epoch: 34/80,	 Avg.loss: 0.0009,	 Accuracy: 714/1000(71%)
Task: 4,	 Epoch: 35/80,	 Avg.loss: 0.0008,	 Accuracy: 747/1000(75%)
Task: 4,	 Epoch: 36/80,	 Avg.loss: 0.0008,	 Accuracy: 716/1000(72%)
Task: 4,	 Epoch: 37/80,	 Avg.loss: 0.0008,	 Accuracy: 730/1000(73%)
Task: 4,	 Epoch: 38/80,	 Avg.loss: 0.0008,	 Accuracy: 744/1000(74%)
Task: 4,	 Epoch: 39/80,	 Avg.loss: 0.0009,	 Accuracy: 704/1000(70%)
Task: 4,	 Epoch: 40/80,	 Avg.loss: 0.0008,	 Accuracy: 736/1000(74%)
Task: 4,	 Epoch: 41/80,	 Avg.loss: 0.0008,	 Accuracy: 722/1000(72%)
Task: 4,	 Epoch: 42/80,	 Avg.loss: 0.0008,	 Accuracy: 730/1000(73%)
Task: 4,	 Epoch: 43/80,	 Avg.loss: 0.0008,	 Accuracy: 710/1000(71%)
Task: 4,	 Epoch: 44/80,	 Avg.loss: 0.0009,	 Accuracy: 721/1000(72%)
Task: 4,	 Epoch: 45/80,	 Avg.loss: 0.0008,	 Accuracy: 723/1000(72%)
Task: 4,	 Epoch: 46/80,	 Avg.loss: 0.0008,	 Accuracy: 726/1000(73%)
Task: 4,	 Epoch: 47/80,	 Avg.loss: 0.0008,	 Accuracy: 721/1000(72%)
Task: 4,	 Epoch: 48/80,	 Avg.loss: 0.0008,	 Accuracy: 729/1000(73%)
Task: 4,	 Epoch: 49/80,	 Avg.loss: 0.0008,	 Accuracy: 727/1000(73%)
Task: 4,	 Epoch: 50/80,	 Avg.loss: 0.0008,	 Accuracy: 745/1000(74%)
Task: 4,	 Epoch: 51/80,	 Avg.loss: 0.0008,	 Accuracy: 742/1000(74%)
Task: 4,	 Epoch: 52/80,	 Avg.loss: 0.0008,	 Accuracy: 744/1000(74%)
Task: 4,	 Epoch: 53/80,	 Avg.loss: 0.0008,	 Accuracy: 748/1000(75%)
Task: 4,	 Epoch: 54/80,	 Avg.loss: 0.0008,	 Accuracy: 747/1000(75%)
Task: 4,	 Epoch: 55/80,	 Avg.loss: 0.0008,	 Accuracy: 747/1000(75%)
Task: 4,	 Epoch: 56/80,	 Avg.loss: 0.0008,	 Accuracy: 750/1000(75%)
Task: 4,	 Epoch: 57/80,	 Avg.loss: 0.0008,	 Accuracy: 738/1000(74%)
Task: 4,	 Epoch: 58/80,	 Avg.loss: 0.0008,	 Accuracy: 743/1000(74%)
Task: 4,	 Epoch: 59/80,	 Avg.loss: 0.0008,	 Accuracy: 741/1000(74%)
Task: 4,	 Epoch: 60/80,	 Avg.loss: 0.0008,	 Accuracy: 744/1000(74%)
Task: 4,	 Epoch: 61/80,	 Avg.loss: 0.0008,	 Accuracy: 749/1000(75%)
Task: 4,	 Epoch: 62/80,	 Avg.loss: 0.0008,	 Accuracy: 739/1000(74%)
Task: 4,	 Epoch: 63/80,	 Avg.loss: 0.0008,	 Accuracy: 743/1000(74%)
Task: 4,	 Epoch: 64/80,	 Avg.loss: 0.0008,	 Accuracy: 744/1000(74%)
Task: 4,	 Epoch: 65/80,	 Avg.loss: 0.0008,	 Accuracy: 740/1000(74%)
Task: 4,	 Epoch: 66/80,	 Avg.loss: 0.0008,	 Accuracy: 751/1000(75%)
Task: 4,	 Epoch: 67/80,	 Avg.loss: 0.0008,	 Accuracy: 753/1000(75%)
Task: 4,	 Epoch: 68/80,	 Avg.loss: 0.0008,	 Accuracy: 749/1000(75%)
Task: 4,	 Epoch: 69/80,	 Avg.loss: 0.0008,	 Accuracy: 754/1000(75%)
Task: 4,	 Epoch: 70/80,	 Avg.loss: 0.0008,	 Accuracy: 746/1000(75%)
Task: 4,	 Epoch: 71/80,	 Avg.loss: 0.0008,	 Accuracy: 749/1000(75%)
Task: 4,	 Epoch: 72/80,	 Avg.loss: 0.0008,	 Accuracy: 752/1000(75%)
Task: 4,	 Epoch: 73/80,	 Avg.loss: 0.0008,	 Accuracy: 743/1000(74%)
Task: 4,	 Epoch: 74/80,	 Avg.loss: 0.0008,	 Accuracy: 747/1000(75%)
Task: 4,	 Epoch: 75/80,	 Avg.loss: 0.0008,	 Accuracy: 746/1000(75%)
Task: 4,	 Epoch: 76/80,	 Avg.loss: 0.0008,	 Accuracy: 749/1000(75%)
Task: 4,	 Epoch: 77/80,	 Avg.loss: 0.0008,	 Accuracy: 756/1000(76%)
Task: 4,	 Epoch: 78/80,	 Avg.loss: 0.0008,	 Accuracy: 748/1000(75%)
Task: 4,	 Epoch: 79/80,	 Avg.loss: 0.0008,	 Accuracy: 749/1000(75%)
Task: 0,	 Epoch: -1/80,	 Avg.loss: 0.0008,	 Accuracy: 851/1000(85%)
Trained Task:4, Loaded task:0, Accuracy:85.1%
Task: 1,	 Epoch: -1/80,	 Avg.loss: 0.0008,	 Accuracy: 754/1000(75%)
Trained Task:4, Loaded task:1, Accuracy:75.4%
Task: 2,	 Epoch: -1/80,	 Avg.loss: 0.0008,	 Accuracy: 759/1000(76%)
Trained Task:4, Loaded task:2, Accuracy:75.9%
Task: 3,	 Epoch: -1/80,	 Avg.loss: 0.0010,	 Accuracy: 648/1000(65%)
Trained Task:4, Loaded task:3, Accuracy:64.8%
Task: 4,	 Epoch: -1/80,	 Avg.loss: 0.0008,	 Accuracy: 749/1000(75%)
Trained Task:4, Loaded task:4, Accuracy:74.9%
Trained Task:4, Avg. Accuracy: 75.2 

List of avg. accuracy: [85.5, 81.0, 79.1, 75.1, 75.2]
Layer        : conv1_layer.2.weight
R.histogram  : tensor([8., 7., 2., 7., 6., 0., 1., 0., 0., 1.], device='cuda:0')
R_sum max/min: 90.3/0.0
F.num_zeros  : 288/9216
W.num_zeros  : 0/9216
O.num_zeros  : 288/9216
Layer        : conv2_layer.2.weight
R.histogram  : tensor([38.,  6., 10.,  3.,  2.,  1.,  2.,  1.,  0.,  1.], device='cuda:0')
R_sum max/min: 116.6/0.0
F.num_zeros  : 8946/36864
W.num_zeros  : 0/36864
O.num_zeros  : 12096/36864
Layer        : fc1_layer.0.weight
R.histogram  : tensor([400.,  61.,  36.,   5.,   6.,   2.,   1.,   0.,   0.,   1.],
       device='cuda:0')
R_sum max/min: 331.9/0.0
F.num_zeros  : 1280690/2097152
W.num_zeros  : 0/2097152
O.num_zeros  : 1561503/2097152
Mask histogram conv1_layer.2.weight: 	 tensor([ 256.,  512.,  768.,  512.,  256., 1536., 4352.,    0.,    0.,    0.],
       device='cuda:0')
Mask histogram conv2_layer.2.weight: 	 tensor([1344.,  256.,  512.,  192.,  128.,  512., 1152.,    0.,    0.,    0.],
       device='cuda:0')
Mask histogram fc1_layer.0.weight: 	 tensor([315.,  37.,  32.,  10.,  11.,  22.,  85.,   0.,   0.,   0.],
       device='cuda:0')
Task: 5,	 Epoch: 0/80,	 Avg.loss: 0.0012,	 Accuracy: 561/1000(56%)
Task: 5,	 Epoch: 1/80,	 Avg.loss: 0.0010,	 Accuracy: 638/1000(64%)
Task: 5,	 Epoch: 2/80,	 Avg.loss: 0.0010,	 Accuracy: 642/1000(64%)
Task: 5,	 Epoch: 3/80,	 Avg.loss: 0.0010,	 Accuracy: 650/1000(65%)
Task: 5,	 Epoch: 4/80,	 Avg.loss: 0.0010,	 Accuracy: 662/1000(66%)
Task: 5,	 Epoch: 5/80,	 Avg.loss: 0.0009,	 Accuracy: 676/1000(68%)
Task: 5,	 Epoch: 6/80,	 Avg.loss: 0.0009,	 Accuracy: 684/1000(68%)
Task: 5,	 Epoch: 7/80,	 Avg.loss: 0.0009,	 Accuracy: 684/1000(68%)
Task: 5,	 Epoch: 8/80,	 Avg.loss: 0.0009,	 Accuracy: 678/1000(68%)
Task: 5,	 Epoch: 9/80,	 Avg.loss: 0.0009,	 Accuracy: 667/1000(67%)
Task: 5,	 Epoch: 10/80,	 Avg.loss: 0.0009,	 Accuracy: 703/1000(70%)
Task: 5,	 Epoch: 11/80,	 Avg.loss: 0.0009,	 Accuracy: 694/1000(69%)
Task: 5,	 Epoch: 12/80,	 Avg.loss: 0.0009,	 Accuracy: 688/1000(69%)
Task: 5,	 Epoch: 13/80,	 Avg.loss: 0.0009,	 Accuracy: 673/1000(67%)
Task: 5,	 Epoch: 14/80,	 Avg.loss: 0.0008,	 Accuracy: 692/1000(69%)
Task: 5,	 Epoch: 15/80,	 Avg.loss: 0.0008,	 Accuracy: 703/1000(70%)
Task: 5,	 Epoch: 16/80,	 Avg.loss: 0.0008,	 Accuracy: 692/1000(69%)
Task: 5,	 Epoch: 17/80,	 Avg.loss: 0.0009,	 Accuracy: 705/1000(70%)
Task: 5,	 Epoch: 18/80,	 Avg.loss: 0.0009,	 Accuracy: 687/1000(69%)
Task: 5,	 Epoch: 19/80,	 Avg.loss: 0.0009,	 Accuracy: 686/1000(69%)
Task: 5,	 Epoch: 20/80,	 Avg.loss: 0.0009,	 Accuracy: 675/1000(68%)
Task: 5,	 Epoch: 21/80,	 Avg.loss: 0.0009,	 Accuracy: 701/1000(70%)
Task: 5,	 Epoch: 22/80,	 Avg.loss: 0.0009,	 Accuracy: 699/1000(70%)
Task: 5,	 Epoch: 23/80,	 Avg.loss: 0.0009,	 Accuracy: 695/1000(70%)
Task: 5,	 Epoch: 24/80,	 Avg.loss: 0.0009,	 Accuracy: 703/1000(70%)
Task: 5,	 Epoch: 25/80,	 Avg.loss: 0.0008,	 Accuracy: 711/1000(71%)
Task: 5,	 Epoch: 26/80,	 Avg.loss: 0.0008,	 Accuracy: 703/1000(70%)
Task: 5,	 Epoch: 27/80,	 Avg.loss: 0.0009,	 Accuracy: 712/1000(71%)
Task: 5,	 Epoch: 28/80,	 Avg.loss: 0.0009,	 Accuracy: 683/1000(68%)
Task: 5,	 Epoch: 29/80,	 Avg.loss: 0.0009,	 Accuracy: 702/1000(70%)
Task: 5,	 Epoch: 30/80,	 Avg.loss: 0.0009,	 Accuracy: 667/1000(67%)
Task: 5,	 Epoch: 31/80,	 Avg.loss: 0.0010,	 Accuracy: 676/1000(68%)
Task: 5,	 Epoch: 32/80,	 Avg.loss: 0.0009,	 Accuracy: 705/1000(70%)
Task: 5,	 Epoch: 33/80,	 Avg.loss: 0.0009,	 Accuracy: 694/1000(69%)
Task: 5,	 Epoch: 34/80,	 Avg.loss: 0.0009,	 Accuracy: 704/1000(70%)
Task: 5,	 Epoch: 35/80,	 Avg.loss: 0.0009,	 Accuracy: 708/1000(71%)
Task: 5,	 Epoch: 36/80,	 Avg.loss: 0.0008,	 Accuracy: 719/1000(72%)
Task: 5,	 Epoch: 37/80,	 Avg.loss: 0.0009,	 Accuracy: 686/1000(69%)
Task: 5,	 Epoch: 38/80,	 Avg.loss: 0.0009,	 Accuracy: 715/1000(72%)
Task: 5,	 Epoch: 39/80,	 Avg.loss: 0.0009,	 Accuracy: 710/1000(71%)
Task: 5,	 Epoch: 40/80,	 Avg.loss: 0.0009,	 Accuracy: 705/1000(70%)
Task: 5,	 Epoch: 41/80,	 Avg.loss: 0.0009,	 Accuracy: 699/1000(70%)
Task: 5,	 Epoch: 42/80,	 Avg.loss: 0.0008,	 Accuracy: 695/1000(70%)
Task: 5,	 Epoch: 43/80,	 Avg.loss: 0.0008,	 Accuracy: 689/1000(69%)
Task: 5,	 Epoch: 44/80,	 Avg.loss: 0.0009,	 Accuracy: 698/1000(70%)
Task: 5,	 Epoch: 45/80,	 Avg.loss: 0.0009,	 Accuracy: 700/1000(70%)
Task: 5,	 Epoch: 46/80,	 Avg.loss: 0.0008,	 Accuracy: 699/1000(70%)
Task: 5,	 Epoch: 47/80,	 Avg.loss: 0.0009,	 Accuracy: 681/1000(68%)
Task: 5,	 Epoch: 48/80,	 Avg.loss: 0.0009,	 Accuracy: 694/1000(69%)
Task: 5,	 Epoch: 49/80,	 Avg.loss: 0.0009,	 Accuracy: 679/1000(68%)
Task: 5,	 Epoch: 50/80,	 Avg.loss: 0.0008,	 Accuracy: 699/1000(70%)
Task: 5,	 Epoch: 51/80,	 Avg.loss: 0.0008,	 Accuracy: 706/1000(71%)
Task: 5,	 Epoch: 52/80,	 Avg.loss: 0.0008,	 Accuracy: 707/1000(71%)
Task: 5,	 Epoch: 53/80,	 Avg.loss: 0.0008,	 Accuracy: 709/1000(71%)
Task: 5,	 Epoch: 54/80,	 Avg.loss: 0.0008,	 Accuracy: 698/1000(70%)
Task: 5,	 Epoch: 55/80,	 Avg.loss: 0.0008,	 Accuracy: 703/1000(70%)
Task: 5,	 Epoch: 56/80,	 Avg.loss: 0.0008,	 Accuracy: 708/1000(71%)
Task: 5,	 Epoch: 57/80,	 Avg.loss: 0.0008,	 Accuracy: 704/1000(70%)
Task: 5,	 Epoch: 58/80,	 Avg.loss: 0.0008,	 Accuracy: 697/1000(70%)
Task: 5,	 Epoch: 59/80,	 Avg.loss: 0.0008,	 Accuracy: 700/1000(70%)
Task: 5,	 Epoch: 60/80,	 Avg.loss: 0.0008,	 Accuracy: 705/1000(70%)
Task: 5,	 Epoch: 61/80,	 Avg.loss: 0.0008,	 Accuracy: 709/1000(71%)
Task: 5,	 Epoch: 62/80,	 Avg.loss: 0.0008,	 Accuracy: 700/1000(70%)
Task: 5,	 Epoch: 63/80,	 Avg.loss: 0.0008,	 Accuracy: 703/1000(70%)
Task: 5,	 Epoch: 64/80,	 Avg.loss: 0.0008,	 Accuracy: 696/1000(70%)
Task: 5,	 Epoch: 65/80,	 Avg.loss: 0.0008,	 Accuracy: 702/1000(70%)
Task: 5,	 Epoch: 66/80,	 Avg.loss: 0.0008,	 Accuracy: 700/1000(70%)
Task: 5,	 Epoch: 67/80,	 Avg.loss: 0.0008,	 Accuracy: 701/1000(70%)
Task: 5,	 Epoch: 68/80,	 Avg.loss: 0.0008,	 Accuracy: 705/1000(70%)
Task: 5,	 Epoch: 69/80,	 Avg.loss: 0.0008,	 Accuracy: 700/1000(70%)
Task: 5,	 Epoch: 70/80,	 Avg.loss: 0.0008,	 Accuracy: 704/1000(70%)
Task: 5,	 Epoch: 71/80,	 Avg.loss: 0.0008,	 Accuracy: 700/1000(70%)
Task: 5,	 Epoch: 72/80,	 Avg.loss: 0.0008,	 Accuracy: 710/1000(71%)
Task: 5,	 Epoch: 73/80,	 Avg.loss: 0.0008,	 Accuracy: 707/1000(71%)
Task: 5,	 Epoch: 74/80,	 Avg.loss: 0.0008,	 Accuracy: 708/1000(71%)
Task: 5,	 Epoch: 75/80,	 Avg.loss: 0.0008,	 Accuracy: 707/1000(71%)
Task: 5,	 Epoch: 76/80,	 Avg.loss: 0.0008,	 Accuracy: 702/1000(70%)
Task: 5,	 Epoch: 77/80,	 Avg.loss: 0.0008,	 Accuracy: 704/1000(70%)
Task: 5,	 Epoch: 78/80,	 Avg.loss: 0.0008,	 Accuracy: 702/1000(70%)
Task: 5,	 Epoch: 79/80,	 Avg.loss: 0.0008,	 Accuracy: 700/1000(70%)
Task: 0,	 Epoch: -1/80,	 Avg.loss: 0.0008,	 Accuracy: 840/1000(84%)
Trained Task:5, Loaded task:0, Accuracy:84.0%
Task: 1,	 Epoch: -1/80,	 Avg.loss: 0.0008,	 Accuracy: 748/1000(75%)
Trained Task:5, Loaded task:1, Accuracy:74.8%
Task: 2,	 Epoch: -1/80,	 Avg.loss: 0.0008,	 Accuracy: 752/1000(75%)
Trained Task:5, Loaded task:2, Accuracy:75.2%
Task: 3,	 Epoch: -1/80,	 Avg.loss: 0.0010,	 Accuracy: 654/1000(65%)
Trained Task:5, Loaded task:3, Accuracy:65.4%
Task: 4,	 Epoch: -1/80,	 Avg.loss: 0.0008,	 Accuracy: 745/1000(74%)
Trained Task:5, Loaded task:4, Accuracy:74.5%
Task: 5,	 Epoch: -1/80,	 Avg.loss: 0.0008,	 Accuracy: 700/1000(70%)
Trained Task:5, Loaded task:5, Accuracy:70.0%
Trained Task:5, Avg. Accuracy: 74.0 

List of avg. accuracy: [85.5, 81.0, 79.1, 75.1, 75.2, 74.0]
Layer        : conv1_layer.2.weight
R.histogram  : tensor([6., 6., 3., 6., 4., 2., 3., 1., 0., 1.], device='cuda:0')
R_sum max/min: 79.0/0.0
F.num_zeros  : 288/9216
W.num_zeros  : 0/9216
O.num_zeros  : 288/9216
Layer        : conv2_layer.2.weight
R.histogram  : tensor([38., 10.,  4.,  3.,  4.,  1.,  3.,  0.,  0.,  1.], device='cuda:0')
R_sum max/min: 128.5/0.0
F.num_zeros  : 9240/36864
W.num_zeros  : 0/36864
O.num_zeros  : 12096/36864
Layer        : fc1_layer.0.weight
R.histogram  : tensor([388.,  52.,  40.,  21.,   3.,   4.,   3.,   0.,   0.,   1.],
       device='cuda:0')
R_sum max/min: 331.7/0.0
F.num_zeros  : 1287097/2097152
W.num_zeros  : 0/2097152
O.num_zeros  : 1561503/2097152
Mask histogram conv1_layer.2.weight: 	 tensor([ 256.,  512.,  512.,  256.,  512.,  512., 1280., 4352.,    0.,    0.],
       device='cuda:0')
Mask histogram conv2_layer.2.weight: 	 tensor([1344.,  256.,  448.,  192.,  128.,  192.,  448., 1088.,    0.,    0.],
       device='cuda:0')
Mask histogram fc1_layer.0.weight: 	 tensor([313.,  37.,  30.,  12.,   3.,  12.,  21.,  84.,   0.,   0.],
       device='cuda:0')
Task: 6,	 Epoch: 0/80,	 Avg.loss: 0.0013,	 Accuracy: 571/1000(57%)
Task: 6,	 Epoch: 1/80,	 Avg.loss: 0.0012,	 Accuracy: 599/1000(60%)
Task: 6,	 Epoch: 2/80,	 Avg.loss: 0.0011,	 Accuracy: 625/1000(63%)
Task: 6,	 Epoch: 3/80,	 Avg.loss: 0.0010,	 Accuracy: 650/1000(65%)
Task: 6,	 Epoch: 4/80,	 Avg.loss: 0.0010,	 Accuracy: 657/1000(66%)
Task: 6,	 Epoch: 5/80,	 Avg.loss: 0.0009,	 Accuracy: 669/1000(67%)
Task: 6,	 Epoch: 6/80,	 Avg.loss: 0.0009,	 Accuracy: 676/1000(68%)
Task: 6,	 Epoch: 7/80,	 Avg.loss: 0.0009,	 Accuracy: 671/1000(67%)
Task: 6,	 Epoch: 8/80,	 Avg.loss: 0.0009,	 Accuracy: 677/1000(68%)
Task: 6,	 Epoch: 9/80,	 Avg.loss: 0.0009,	 Accuracy: 683/1000(68%)
Task: 6,	 Epoch: 10/80,	 Avg.loss: 0.0009,	 Accuracy: 675/1000(68%)
Task: 6,	 Epoch: 11/80,	 Avg.loss: 0.0009,	 Accuracy: 669/1000(67%)
Task: 6,	 Epoch: 12/80,	 Avg.loss: 0.0009,	 Accuracy: 682/1000(68%)
Task: 6,	 Epoch: 13/80,	 Avg.loss: 0.0009,	 Accuracy: 694/1000(69%)
Task: 6,	 Epoch: 14/80,	 Avg.loss: 0.0009,	 Accuracy: 682/1000(68%)
Task: 6,	 Epoch: 15/80,	 Avg.loss: 0.0009,	 Accuracy: 683/1000(68%)
Task: 6,	 Epoch: 16/80,	 Avg.loss: 0.0009,	 Accuracy: 671/1000(67%)
Task: 6,	 Epoch: 17/80,	 Avg.loss: 0.0009,	 Accuracy: 684/1000(68%)
Task: 6,	 Epoch: 18/80,	 Avg.loss: 0.0009,	 Accuracy: 699/1000(70%)
Task: 6,	 Epoch: 19/80,	 Avg.loss: 0.0009,	 Accuracy: 672/1000(67%)
Task: 6,	 Epoch: 20/80,	 Avg.loss: 0.0010,	 Accuracy: 649/1000(65%)
Task: 6,	 Epoch: 21/80,	 Avg.loss: 0.0009,	 Accuracy: 686/1000(69%)
Task: 6,	 Epoch: 22/80,	 Avg.loss: 0.0009,	 Accuracy: 702/1000(70%)
Task: 6,	 Epoch: 23/80,	 Avg.loss: 0.0009,	 Accuracy: 683/1000(68%)
Task: 6,	 Epoch: 24/80,	 Avg.loss: 0.0009,	 Accuracy: 700/1000(70%)
Task: 6,	 Epoch: 25/80,	 Avg.loss: 0.0009,	 Accuracy: 683/1000(68%)
Task: 6,	 Epoch: 26/80,	 Avg.loss: 0.0009,	 Accuracy: 698/1000(70%)
Task: 6,	 Epoch: 27/80,	 Avg.loss: 0.0009,	 Accuracy: 664/1000(66%)
Task: 6,	 Epoch: 28/80,	 Avg.loss: 0.0009,	 Accuracy: 682/1000(68%)
Task: 6,	 Epoch: 29/80,	 Avg.loss: 0.0009,	 Accuracy: 682/1000(68%)
Task: 6,	 Epoch: 30/80,	 Avg.loss: 0.0009,	 Accuracy: 681/1000(68%)
Task: 6,	 Epoch: 31/80,	 Avg.loss: 0.0009,	 Accuracy: 686/1000(69%)
Task: 6,	 Epoch: 32/80,	 Avg.loss: 0.0009,	 Accuracy: 673/1000(67%)
Task: 6,	 Epoch: 33/80,	 Avg.loss: 0.0009,	 Accuracy: 690/1000(69%)
Task: 6,	 Epoch: 34/80,	 Avg.loss: 0.0009,	 Accuracy: 693/1000(69%)
Task: 6,	 Epoch: 35/80,	 Avg.loss: 0.0009,	 Accuracy: 681/1000(68%)
Task: 6,	 Epoch: 36/80,	 Avg.loss: 0.0009,	 Accuracy: 698/1000(70%)
Task: 6,	 Epoch: 37/80,	 Avg.loss: 0.0009,	 Accuracy: 681/1000(68%)
Task: 6,	 Epoch: 38/80,	 Avg.loss: 0.0009,	 Accuracy: 690/1000(69%)
Task: 6,	 Epoch: 39/80,	 Avg.loss: 0.0009,	 Accuracy: 694/1000(69%)
Task: 6,	 Epoch: 40/80,	 Avg.loss: 0.0009,	 Accuracy: 688/1000(69%)
Task: 6,	 Epoch: 41/80,	 Avg.loss: 0.0009,	 Accuracy: 688/1000(69%)
Task: 6,	 Epoch: 42/80,	 Avg.loss: 0.0008,	 Accuracy: 704/1000(70%)
Task: 6,	 Epoch: 43/80,	 Avg.loss: 0.0009,	 Accuracy: 666/1000(67%)
Task: 6,	 Epoch: 44/80,	 Avg.loss: 0.0009,	 Accuracy: 674/1000(67%)
Task: 6,	 Epoch: 45/80,	 Avg.loss: 0.0009,	 Accuracy: 681/1000(68%)
Task: 6,	 Epoch: 46/80,	 Avg.loss: 0.0009,	 Accuracy: 684/1000(68%)
Task: 6,	 Epoch: 47/80,	 Avg.loss: 0.0009,	 Accuracy: 684/1000(68%)
Task: 6,	 Epoch: 48/80,	 Avg.loss: 0.0009,	 Accuracy: 684/1000(68%)
Task: 6,	 Epoch: 49/80,	 Avg.loss: 0.0010,	 Accuracy: 653/1000(65%)
Task: 6,	 Epoch: 50/80,	 Avg.loss: 0.0008,	 Accuracy: 698/1000(70%)
Task: 6,	 Epoch: 51/80,	 Avg.loss: 0.0008,	 Accuracy: 689/1000(69%)
Task: 6,	 Epoch: 52/80,	 Avg.loss: 0.0008,	 Accuracy: 697/1000(70%)
Task: 6,	 Epoch: 53/80,	 Avg.loss: 0.0008,	 Accuracy: 695/1000(70%)
Task: 6,	 Epoch: 54/80,	 Avg.loss: 0.0008,	 Accuracy: 691/1000(69%)
Task: 6,	 Epoch: 55/80,	 Avg.loss: 0.0008,	 Accuracy: 690/1000(69%)
Task: 6,	 Epoch: 56/80,	 Avg.loss: 0.0008,	 Accuracy: 701/1000(70%)
Task: 6,	 Epoch: 57/80,	 Avg.loss: 0.0008,	 Accuracy: 698/1000(70%)
Task: 6,	 Epoch: 58/80,	 Avg.loss: 0.0008,	 Accuracy: 692/1000(69%)
Task: 6,	 Epoch: 59/80,	 Avg.loss: 0.0008,	 Accuracy: 696/1000(70%)
Task: 6,	 Epoch: 60/80,	 Avg.loss: 0.0008,	 Accuracy: 695/1000(70%)
Task: 6,	 Epoch: 61/80,	 Avg.loss: 0.0008,	 Accuracy: 690/1000(69%)
Task: 6,	 Epoch: 62/80,	 Avg.loss: 0.0008,	 Accuracy: 694/1000(69%)
Task: 6,	 Epoch: 63/80,	 Avg.loss: 0.0008,	 Accuracy: 696/1000(70%)
Task: 6,	 Epoch: 64/80,	 Avg.loss: 0.0008,	 Accuracy: 695/1000(70%)
Task: 6,	 Epoch: 65/80,	 Avg.loss: 0.0008,	 Accuracy: 693/1000(69%)
Task: 6,	 Epoch: 66/80,	 Avg.loss: 0.0008,	 Accuracy: 697/1000(70%)
Task: 6,	 Epoch: 67/80,	 Avg.loss: 0.0008,	 Accuracy: 698/1000(70%)
Task: 6,	 Epoch: 68/80,	 Avg.loss: 0.0008,	 Accuracy: 708/1000(71%)
Task: 6,	 Epoch: 69/80,	 Avg.loss: 0.0008,	 Accuracy: 700/1000(70%)
Task: 6,	 Epoch: 70/80,	 Avg.loss: 0.0008,	 Accuracy: 698/1000(70%)
Task: 6,	 Epoch: 71/80,	 Avg.loss: 0.0008,	 Accuracy: 698/1000(70%)
Task: 6,	 Epoch: 72/80,	 Avg.loss: 0.0008,	 Accuracy: 690/1000(69%)
Task: 6,	 Epoch: 73/80,	 Avg.loss: 0.0008,	 Accuracy: 701/1000(70%)
Task: 6,	 Epoch: 74/80,	 Avg.loss: 0.0008,	 Accuracy: 700/1000(70%)
Task: 6,	 Epoch: 75/80,	 Avg.loss: 0.0008,	 Accuracy: 697/1000(70%)
Task: 6,	 Epoch: 76/80,	 Avg.loss: 0.0008,	 Accuracy: 696/1000(70%)
Task: 6,	 Epoch: 77/80,	 Avg.loss: 0.0008,	 Accuracy: 691/1000(69%)
Task: 6,	 Epoch: 78/80,	 Avg.loss: 0.0008,	 Accuracy: 701/1000(70%)
Task: 6,	 Epoch: 79/80,	 Avg.loss: 0.0008,	 Accuracy: 699/1000(70%)
Task: 0,	 Epoch: -1/80,	 Avg.loss: 0.0008,	 Accuracy: 843/1000(84%)
Trained Task:6, Loaded task:0, Accuracy:84.3%
Task: 1,	 Epoch: -1/80,	 Avg.loss: 0.0008,	 Accuracy: 744/1000(74%)
Trained Task:6, Loaded task:1, Accuracy:74.4%
Task: 2,	 Epoch: -1/80,	 Avg.loss: 0.0008,	 Accuracy: 756/1000(76%)
Trained Task:6, Loaded task:2, Accuracy:75.6%
Task: 3,	 Epoch: -1/80,	 Avg.loss: 0.0010,	 Accuracy: 649/1000(65%)
Trained Task:6, Loaded task:3, Accuracy:64.9%
Task: 4,	 Epoch: -1/80,	 Avg.loss: 0.0008,	 Accuracy: 738/1000(74%)
Trained Task:6, Loaded task:4, Accuracy:73.8%
Task: 5,	 Epoch: -1/80,	 Avg.loss: 0.0008,	 Accuracy: 709/1000(71%)
Trained Task:6, Loaded task:5, Accuracy:70.9%
Task: 6,	 Epoch: -1/80,	 Avg.loss: 0.0008,	 Accuracy: 699/1000(70%)
Trained Task:6, Loaded task:6, Accuracy:69.9%
Trained Task:6, Avg. Accuracy: 73.4 

List of avg. accuracy: [85.5, 81.0, 79.1, 75.1, 75.2, 74.0, 73.4]
Layer        : conv1_layer.2.weight
R.histogram  : tensor([4., 8., 0., 5., 5., 4., 2., 1., 1., 2.], device='cuda:0')
R_sum max/min: 67.2/0.0
F.num_zeros  : 288/9216
W.num_zeros  : 0/9216
O.num_zeros  : 288/9216
Layer        : conv2_layer.2.weight
R.histogram  : tensor([39.,  6.,  7.,  3.,  4.,  2.,  0.,  2.,  0.,  1.], device='cuda:0')
R_sum max/min: 136.7/0.0
F.num_zeros  : 9169/36864
W.num_zeros  : 0/36864
O.num_zeros  : 12096/36864
Layer        : fc1_layer.0.weight
R.histogram  : tensor([386.,  54.,  38.,  18.,   6.,   6.,   3.,   0.,   0.,   1.],
       device='cuda:0')
R_sum max/min: 372.5/0.0
F.num_zeros  : 1287066/2097152
W.num_zeros  : 0/2097152
O.num_zeros  : 1560242/2097152
Mask histogram conv1_layer.2.weight: 	 tensor([ 256.,  512.,  256.,  256.,  256.,  512.,  512., 1280., 4352.,    0.],
       device='cuda:0')
Mask histogram conv2_layer.2.weight: 	 tensor([1344.,  256.,  448.,  128.,  192.,  128.,  128.,  384., 1088.,    0.],
       device='cuda:0')
Mask histogram fc1_layer.0.weight: 	 tensor([313.,  35.,  31.,   9.,   5.,   2.,  12.,  21.,  84.,   0.],
       device='cuda:0')
Task: 7,	 Epoch: 0/80,	 Avg.loss: 0.0014,	 Accuracy: 529/1000(53%)
Task: 7,	 Epoch: 1/80,	 Avg.loss: 0.0011,	 Accuracy: 604/1000(60%)
Task: 7,	 Epoch: 2/80,	 Avg.loss: 0.0011,	 Accuracy: 617/1000(62%)
Task: 7,	 Epoch: 3/80,	 Avg.loss: 0.0010,	 Accuracy: 659/1000(66%)
Task: 7,	 Epoch: 4/80,	 Avg.loss: 0.0010,	 Accuracy: 659/1000(66%)
Task: 7,	 Epoch: 5/80,	 Avg.loss: 0.0010,	 Accuracy: 663/1000(66%)
Task: 7,	 Epoch: 6/80,	 Avg.loss: 0.0010,	 Accuracy: 664/1000(66%)
Task: 7,	 Epoch: 7/80,	 Avg.loss: 0.0009,	 Accuracy: 688/1000(69%)
Task: 7,	 Epoch: 8/80,	 Avg.loss: 0.0010,	 Accuracy: 684/1000(68%)
Task: 7,	 Epoch: 9/80,	 Avg.loss: 0.0009,	 Accuracy: 668/1000(67%)
Task: 7,	 Epoch: 10/80,	 Avg.loss: 0.0009,	 Accuracy: 670/1000(67%)
Task: 7,	 Epoch: 11/80,	 Avg.loss: 0.0010,	 Accuracy: 659/1000(66%)
Task: 7,	 Epoch: 12/80,	 Avg.loss: 0.0010,	 Accuracy: 649/1000(65%)
Task: 7,	 Epoch: 13/80,	 Avg.loss: 0.0010,	 Accuracy: 643/1000(64%)
Task: 7,	 Epoch: 14/80,	 Avg.loss: 0.0010,	 Accuracy: 660/1000(66%)
Task: 7,	 Epoch: 15/80,	 Avg.loss: 0.0010,	 Accuracy: 658/1000(66%)
Task: 7,	 Epoch: 16/80,	 Avg.loss: 0.0009,	 Accuracy: 665/1000(66%)
Task: 7,	 Epoch: 17/80,	 Avg.loss: 0.0009,	 Accuracy: 669/1000(67%)
Task: 7,	 Epoch: 18/80,	 Avg.loss: 0.0009,	 Accuracy: 664/1000(66%)
Task: 7,	 Epoch: 19/80,	 Avg.loss: 0.0009,	 Accuracy: 679/1000(68%)
Task: 7,	 Epoch: 20/80,	 Avg.loss: 0.0010,	 Accuracy: 666/1000(67%)
Task: 7,	 Epoch: 21/80,	 Avg.loss: 0.0010,	 Accuracy: 662/1000(66%)
Task: 7,	 Epoch: 22/80,	 Avg.loss: 0.0009,	 Accuracy: 675/1000(68%)
Task: 7,	 Epoch: 23/80,	 Avg.loss: 0.0010,	 Accuracy: 676/1000(68%)
Task: 7,	 Epoch: 24/80,	 Avg.loss: 0.0010,	 Accuracy: 677/1000(68%)
Task: 7,	 Epoch: 25/80,	 Avg.loss: 0.0009,	 Accuracy: 682/1000(68%)
Task: 7,	 Epoch: 26/80,	 Avg.loss: 0.0010,	 Accuracy: 656/1000(66%)
Task: 7,	 Epoch: 27/80,	 Avg.loss: 0.0010,	 Accuracy: 663/1000(66%)
Task: 7,	 Epoch: 28/80,	 Avg.loss: 0.0009,	 Accuracy: 695/1000(70%)
Task: 7,	 Epoch: 29/80,	 Avg.loss: 0.0009,	 Accuracy: 683/1000(68%)
Task: 7,	 Epoch: 30/80,	 Avg.loss: 0.0009,	 Accuracy: 682/1000(68%)
Task: 7,	 Epoch: 31/80,	 Avg.loss: 0.0009,	 Accuracy: 664/1000(66%)
Task: 7,	 Epoch: 32/80,	 Avg.loss: 0.0010,	 Accuracy: 675/1000(68%)
Task: 7,	 Epoch: 33/80,	 Avg.loss: 0.0009,	 Accuracy: 686/1000(69%)
Task: 7,	 Epoch: 34/80,	 Avg.loss: 0.0009,	 Accuracy: 690/1000(69%)
Task: 7,	 Epoch: 35/80,	 Avg.loss: 0.0010,	 Accuracy: 675/1000(68%)
Task: 7,	 Epoch: 36/80,	 Avg.loss: 0.0010,	 Accuracy: 669/1000(67%)
Task: 7,	 Epoch: 37/80,	 Avg.loss: 0.0010,	 Accuracy: 656/1000(66%)
Task: 7,	 Epoch: 38/80,	 Avg.loss: 0.0010,	 Accuracy: 669/1000(67%)
Task: 7,	 Epoch: 39/80,	 Avg.loss: 0.0009,	 Accuracy: 691/1000(69%)
Task: 7,	 Epoch: 40/80,	 Avg.loss: 0.0009,	 Accuracy: 691/1000(69%)
Task: 7,	 Epoch: 41/80,	 Avg.loss: 0.0010,	 Accuracy: 678/1000(68%)
Task: 7,	 Epoch: 42/80,	 Avg.loss: 0.0009,	 Accuracy: 676/1000(68%)
Task: 7,	 Epoch: 43/80,	 Avg.loss: 0.0009,	 Accuracy: 681/1000(68%)
Task: 7,	 Epoch: 44/80,	 Avg.loss: 0.0009,	 Accuracy: 668/1000(67%)
Task: 7,	 Epoch: 45/80,	 Avg.loss: 0.0009,	 Accuracy: 680/1000(68%)
Task: 7,	 Epoch: 46/80,	 Avg.loss: 0.0009,	 Accuracy: 685/1000(68%)
Task: 7,	 Epoch: 47/80,	 Avg.loss: 0.0010,	 Accuracy: 666/1000(67%)
Task: 7,	 Epoch: 48/80,	 Avg.loss: 0.0010,	 Accuracy: 659/1000(66%)
Task: 7,	 Epoch: 49/80,	 Avg.loss: 0.0009,	 Accuracy: 679/1000(68%)
Task: 7,	 Epoch: 50/80,	 Avg.loss: 0.0009,	 Accuracy: 704/1000(70%)
Task: 7,	 Epoch: 51/80,	 Avg.loss: 0.0009,	 Accuracy: 702/1000(70%)
Task: 7,	 Epoch: 52/80,	 Avg.loss: 0.0009,	 Accuracy: 699/1000(70%)
Task: 7,	 Epoch: 53/80,	 Avg.loss: 0.0009,	 Accuracy: 702/1000(70%)
Task: 7,	 Epoch: 54/80,	 Avg.loss: 0.0009,	 Accuracy: 700/1000(70%)
Task: 7,	 Epoch: 55/80,	 Avg.loss: 0.0009,	 Accuracy: 698/1000(70%)
Task: 7,	 Epoch: 56/80,	 Avg.loss: 0.0009,	 Accuracy: 702/1000(70%)
Task: 7,	 Epoch: 57/80,	 Avg.loss: 0.0009,	 Accuracy: 705/1000(70%)
Task: 7,	 Epoch: 58/80,	 Avg.loss: 0.0009,	 Accuracy: 697/1000(70%)
Task: 7,	 Epoch: 59/80,	 Avg.loss: 0.0009,	 Accuracy: 690/1000(69%)
Task: 7,	 Epoch: 60/80,	 Avg.loss: 0.0009,	 Accuracy: 701/1000(70%)
Task: 7,	 Epoch: 61/80,	 Avg.loss: 0.0009,	 Accuracy: 694/1000(69%)
Task: 7,	 Epoch: 62/80,	 Avg.loss: 0.0009,	 Accuracy: 697/1000(70%)
Task: 7,	 Epoch: 63/80,	 Avg.loss: 0.0009,	 Accuracy: 689/1000(69%)
Task: 7,	 Epoch: 64/80,	 Avg.loss: 0.0009,	 Accuracy: 695/1000(70%)
Task: 7,	 Epoch: 65/80,	 Avg.loss: 0.0009,	 Accuracy: 688/1000(69%)
Task: 7,	 Epoch: 66/80,	 Avg.loss: 0.0009,	 Accuracy: 702/1000(70%)
Task: 7,	 Epoch: 67/80,	 Avg.loss: 0.0009,	 Accuracy: 689/1000(69%)
Task: 7,	 Epoch: 68/80,	 Avg.loss: 0.0009,	 Accuracy: 694/1000(69%)
Task: 7,	 Epoch: 69/80,	 Avg.loss: 0.0009,	 Accuracy: 694/1000(69%)
Task: 7,	 Epoch: 70/80,	 Avg.loss: 0.0009,	 Accuracy: 696/1000(70%)
Task: 7,	 Epoch: 71/80,	 Avg.loss: 0.0009,	 Accuracy: 700/1000(70%)
Task: 7,	 Epoch: 72/80,	 Avg.loss: 0.0009,	 Accuracy: 697/1000(70%)
Task: 7,	 Epoch: 73/80,	 Avg.loss: 0.0009,	 Accuracy: 699/1000(70%)
Task: 7,	 Epoch: 74/80,	 Avg.loss: 0.0009,	 Accuracy: 694/1000(69%)
Task: 7,	 Epoch: 75/80,	 Avg.loss: 0.0009,	 Accuracy: 699/1000(70%)
Task: 7,	 Epoch: 76/80,	 Avg.loss: 0.0009,	 Accuracy: 702/1000(70%)
Task: 7,	 Epoch: 77/80,	 Avg.loss: 0.0009,	 Accuracy: 696/1000(70%)
Task: 7,	 Epoch: 78/80,	 Avg.loss: 0.0009,	 Accuracy: 696/1000(70%)
Task: 7,	 Epoch: 79/80,	 Avg.loss: 0.0009,	 Accuracy: 688/1000(69%)
Task: 0,	 Epoch: -1/80,	 Avg.loss: 0.0009,	 Accuracy: 841/1000(84%)
Trained Task:7, Loaded task:0, Accuracy:84.1%
Task: 1,	 Epoch: -1/80,	 Avg.loss: 0.0009,	 Accuracy: 735/1000(74%)
Trained Task:7, Loaded task:1, Accuracy:73.5%
Task: 2,	 Epoch: -1/80,	 Avg.loss: 0.0008,	 Accuracy: 754/1000(75%)
Trained Task:7, Loaded task:2, Accuracy:75.4%
Task: 3,	 Epoch: -1/80,	 Avg.loss: 0.0010,	 Accuracy: 644/1000(64%)
Trained Task:7, Loaded task:3, Accuracy:64.4%
Task: 4,	 Epoch: -1/80,	 Avg.loss: 0.0008,	 Accuracy: 737/1000(74%)
Trained Task:7, Loaded task:4, Accuracy:73.7%
Task: 5,	 Epoch: -1/80,	 Avg.loss: 0.0008,	 Accuracy: 705/1000(70%)
Trained Task:7, Loaded task:5, Accuracy:70.5%
Task: 6,	 Epoch: -1/80,	 Avg.loss: 0.0008,	 Accuracy: 700/1000(70%)
Trained Task:7, Loaded task:6, Accuracy:70.0%
Task: 7,	 Epoch: -1/80,	 Avg.loss: 0.0009,	 Accuracy: 688/1000(69%)
Trained Task:7, Loaded task:7, Accuracy:68.8%
Trained Task:7, Avg. Accuracy: 72.6 

List of avg. accuracy: [85.5, 81.0, 79.1, 75.1, 75.2, 74.0, 73.4, 72.6]
Layer        : conv1_layer.2.weight
R.histogram  : tensor([4., 8., 5., 4., 5., 1., 3., 1., 0., 1.], device='cuda:0')
R_sum max/min: 83.9/0.0
F.num_zeros  : 288/9216
W.num_zeros  : 0/9216
O.num_zeros  : 288/9216
Layer        : conv2_layer.2.weight
R.histogram  : tensor([31.,  9.,  7.,  6.,  4.,  2.,  1.,  1.,  2.,  1.], device='cuda:0')
R_sum max/min: 126.9/0.0
F.num_zeros  : 9029/36864
W.num_zeros  : 0/36864
O.num_zeros  : 12096/36864
Layer        : fc1_layer.0.weight
R.histogram  : tensor([403.,  50.,  34.,  14.,   2.,   5.,   2.,   1.,   0.,   1.],
       device='cuda:0')
R_sum max/min: 462.4/0.0
F.num_zeros  : 1290662/2097152
W.num_zeros  : 0/2097152
O.num_zeros  : 1560114/2097152
Mask histogram conv1_layer.2.weight: 	 tensor([ 256.,  512.,    0.,  256.,  256.,  512.,  256.,  512., 1280., 4352.],
       device='cuda:0')
Mask histogram conv2_layer.2.weight: 	 tensor([1344.,  128.,  320.,  384.,   64.,  192.,   64.,  128.,  448., 1024.],
       device='cuda:0')
Mask histogram fc1_layer.0.weight: 	 tensor([313.,  35.,  27.,  11.,   6.,   2.,   7.,  12.,  19.,  80.],
       device='cuda:0')
Task: 8,	 Epoch: 0/80,	 Avg.loss: 0.0012,	 Accuracy: 600/1000(60%)
Task: 8,	 Epoch: 1/80,	 Avg.loss: 0.0011,	 Accuracy: 644/1000(64%)
Task: 8,	 Epoch: 2/80,	 Avg.loss: 0.0012,	 Accuracy: 590/1000(59%)
Task: 8,	 Epoch: 3/80,	 Avg.loss: 0.0009,	 Accuracy: 695/1000(70%)
Task: 8,	 Epoch: 4/80,	 Avg.loss: 0.0009,	 Accuracy: 698/1000(70%)
Task: 8,	 Epoch: 5/80,	 Avg.loss: 0.0009,	 Accuracy: 691/1000(69%)
Task: 8,	 Epoch: 6/80,	 Avg.loss: 0.0010,	 Accuracy: 673/1000(67%)
Task: 8,	 Epoch: 7/80,	 Avg.loss: 0.0009,	 Accuracy: 698/1000(70%)
Task: 8,	 Epoch: 8/80,	 Avg.loss: 0.0008,	 Accuracy: 721/1000(72%)
Task: 8,	 Epoch: 9/80,	 Avg.loss: 0.0009,	 Accuracy: 698/1000(70%)
Task: 8,	 Epoch: 10/80,	 Avg.loss: 0.0008,	 Accuracy: 707/1000(71%)
Task: 8,	 Epoch: 11/80,	 Avg.loss: 0.0009,	 Accuracy: 706/1000(71%)
Task: 8,	 Epoch: 12/80,	 Avg.loss: 0.0009,	 Accuracy: 702/1000(70%)
Task: 8,	 Epoch: 13/80,	 Avg.loss: 0.0009,	 Accuracy: 709/1000(71%)
Task: 8,	 Epoch: 14/80,	 Avg.loss: 0.0009,	 Accuracy: 678/1000(68%)
Task: 8,	 Epoch: 15/80,	 Avg.loss: 0.0008,	 Accuracy: 715/1000(72%)
Task: 8,	 Epoch: 16/80,	 Avg.loss: 0.0009,	 Accuracy: 684/1000(68%)
Task: 8,	 Epoch: 17/80,	 Avg.loss: 0.0008,	 Accuracy: 696/1000(70%)
Task: 8,	 Epoch: 18/80,	 Avg.loss: 0.0009,	 Accuracy: 697/1000(70%)
Task: 8,	 Epoch: 19/80,	 Avg.loss: 0.0008,	 Accuracy: 717/1000(72%)
Task: 8,	 Epoch: 20/80,	 Avg.loss: 0.0009,	 Accuracy: 690/1000(69%)
Task: 8,	 Epoch: 21/80,	 Avg.loss: 0.0008,	 Accuracy: 728/1000(73%)
Task: 8,	 Epoch: 22/80,	 Avg.loss: 0.0008,	 Accuracy: 714/1000(71%)
Task: 8,	 Epoch: 23/80,	 Avg.loss: 0.0009,	 Accuracy: 696/1000(70%)
Task: 8,	 Epoch: 24/80,	 Avg.loss: 0.0009,	 Accuracy: 697/1000(70%)
Task: 8,	 Epoch: 25/80,	 Avg.loss: 0.0008,	 Accuracy: 719/1000(72%)
Task: 8,	 Epoch: 26/80,	 Avg.loss: 0.0009,	 Accuracy: 707/1000(71%)
Task: 8,	 Epoch: 27/80,	 Avg.loss: 0.0009,	 Accuracy: 702/1000(70%)
Task: 8,	 Epoch: 28/80,	 Avg.loss: 0.0009,	 Accuracy: 699/1000(70%)
Task: 8,	 Epoch: 29/80,	 Avg.loss: 0.0008,	 Accuracy: 717/1000(72%)
Task: 8,	 Epoch: 30/80,	 Avg.loss: 0.0009,	 Accuracy: 700/1000(70%)
Task: 8,	 Epoch: 31/80,	 Avg.loss: 0.0008,	 Accuracy: 717/1000(72%)
Task: 8,	 Epoch: 32/80,	 Avg.loss: 0.0009,	 Accuracy: 700/1000(70%)
Task: 8,	 Epoch: 33/80,	 Avg.loss: 0.0008,	 Accuracy: 723/1000(72%)
Task: 8,	 Epoch: 34/80,	 Avg.loss: 0.0009,	 Accuracy: 705/1000(70%)
Task: 8,	 Epoch: 35/80,	 Avg.loss: 0.0009,	 Accuracy: 705/1000(70%)
Task: 8,	 Epoch: 36/80,	 Avg.loss: 0.0008,	 Accuracy: 717/1000(72%)
Task: 8,	 Epoch: 37/80,	 Avg.loss: 0.0008,	 Accuracy: 717/1000(72%)
Task: 8,	 Epoch: 38/80,	 Avg.loss: 0.0009,	 Accuracy: 704/1000(70%)
Task: 8,	 Epoch: 39/80,	 Avg.loss: 0.0008,	 Accuracy: 741/1000(74%)
Task: 8,	 Epoch: 40/80,	 Avg.loss: 0.0008,	 Accuracy: 715/1000(72%)
Task: 8,	 Epoch: 41/80,	 Avg.loss: 0.0009,	 Accuracy: 704/1000(70%)
Task: 8,	 Epoch: 42/80,	 Avg.loss: 0.0008,	 Accuracy: 722/1000(72%)
Task: 8,	 Epoch: 43/80,	 Avg.loss: 0.0008,	 Accuracy: 702/1000(70%)
Task: 8,	 Epoch: 44/80,	 Avg.loss: 0.0008,	 Accuracy: 704/1000(70%)
Task: 8,	 Epoch: 45/80,	 Avg.loss: 0.0009,	 Accuracy: 704/1000(70%)
Task: 8,	 Epoch: 46/80,	 Avg.loss: 0.0009,	 Accuracy: 695/1000(70%)
Task: 8,	 Epoch: 47/80,	 Avg.loss: 0.0008,	 Accuracy: 717/1000(72%)
Task: 8,	 Epoch: 48/80,	 Avg.loss: 0.0009,	 Accuracy: 699/1000(70%)
Task: 8,	 Epoch: 49/80,	 Avg.loss: 0.0008,	 Accuracy: 731/1000(73%)
Task: 8,	 Epoch: 50/80,	 Avg.loss: 0.0008,	 Accuracy: 729/1000(73%)
Task: 8,	 Epoch: 51/80,	 Avg.loss: 0.0008,	 Accuracy: 736/1000(74%)
Task: 8,	 Epoch: 52/80,	 Avg.loss: 0.0008,	 Accuracy: 735/1000(74%)
Task: 8,	 Epoch: 53/80,	 Avg.loss: 0.0008,	 Accuracy: 736/1000(74%)
Task: 8,	 Epoch: 54/80,	 Avg.loss: 0.0008,	 Accuracy: 733/1000(73%)
Task: 8,	 Epoch: 55/80,	 Avg.loss: 0.0008,	 Accuracy: 731/1000(73%)
Task: 8,	 Epoch: 56/80,	 Avg.loss: 0.0008,	 Accuracy: 739/1000(74%)
Task: 8,	 Epoch: 57/80,	 Avg.loss: 0.0008,	 Accuracy: 732/1000(73%)
Task: 8,	 Epoch: 58/80,	 Avg.loss: 0.0008,	 Accuracy: 732/1000(73%)
Task: 8,	 Epoch: 59/80,	 Avg.loss: 0.0008,	 Accuracy: 735/1000(74%)
Task: 8,	 Epoch: 60/80,	 Avg.loss: 0.0008,	 Accuracy: 739/1000(74%)
Task: 8,	 Epoch: 61/80,	 Avg.loss: 0.0008,	 Accuracy: 735/1000(74%)
Task: 8,	 Epoch: 62/80,	 Avg.loss: 0.0008,	 Accuracy: 731/1000(73%)
Task: 8,	 Epoch: 63/80,	 Avg.loss: 0.0008,	 Accuracy: 729/1000(73%)
Task: 8,	 Epoch: 64/80,	 Avg.loss: 0.0008,	 Accuracy: 737/1000(74%)
Task: 8,	 Epoch: 65/80,	 Avg.loss: 0.0008,	 Accuracy: 731/1000(73%)
Task: 8,	 Epoch: 66/80,	 Avg.loss: 0.0008,	 Accuracy: 733/1000(73%)
Task: 8,	 Epoch: 67/80,	 Avg.loss: 0.0008,	 Accuracy: 726/1000(73%)
Task: 8,	 Epoch: 68/80,	 Avg.loss: 0.0008,	 Accuracy: 727/1000(73%)
Task: 8,	 Epoch: 69/80,	 Avg.loss: 0.0008,	 Accuracy: 727/1000(73%)
Task: 8,	 Epoch: 70/80,	 Avg.loss: 0.0008,	 Accuracy: 729/1000(73%)
Task: 8,	 Epoch: 71/80,	 Avg.loss: 0.0008,	 Accuracy: 731/1000(73%)
Task: 8,	 Epoch: 72/80,	 Avg.loss: 0.0008,	 Accuracy: 730/1000(73%)
Task: 8,	 Epoch: 73/80,	 Avg.loss: 0.0008,	 Accuracy: 730/1000(73%)
Task: 8,	 Epoch: 74/80,	 Avg.loss: 0.0008,	 Accuracy: 733/1000(73%)
Task: 8,	 Epoch: 75/80,	 Avg.loss: 0.0008,	 Accuracy: 738/1000(74%)
Task: 8,	 Epoch: 76/80,	 Avg.loss: 0.0008,	 Accuracy: 731/1000(73%)
Task: 8,	 Epoch: 77/80,	 Avg.loss: 0.0008,	 Accuracy: 737/1000(74%)
Task: 8,	 Epoch: 78/80,	 Avg.loss: 0.0008,	 Accuracy: 740/1000(74%)
Task: 8,	 Epoch: 79/80,	 Avg.loss: 0.0008,	 Accuracy: 735/1000(74%)
Task: 0,	 Epoch: -1/80,	 Avg.loss: 0.0010,	 Accuracy: 835/1000(84%)
Trained Task:8, Loaded task:0, Accuracy:83.5%
Task: 1,	 Epoch: -1/80,	 Avg.loss: 0.0009,	 Accuracy: 735/1000(74%)
Trained Task:8, Loaded task:1, Accuracy:73.5%
Task: 2,	 Epoch: -1/80,	 Avg.loss: 0.0008,	 Accuracy: 759/1000(76%)
Trained Task:8, Loaded task:2, Accuracy:75.9%
Task: 3,	 Epoch: -1/80,	 Avg.loss: 0.0010,	 Accuracy: 650/1000(65%)
Trained Task:8, Loaded task:3, Accuracy:65.0%
Task: 4,	 Epoch: -1/80,	 Avg.loss: 0.0008,	 Accuracy: 736/1000(74%)
Trained Task:8, Loaded task:4, Accuracy:73.6%
Task: 5,	 Epoch: -1/80,	 Avg.loss: 0.0009,	 Accuracy: 694/1000(69%)
Trained Task:8, Loaded task:5, Accuracy:69.4%
Task: 6,	 Epoch: -1/80,	 Avg.loss: 0.0008,	 Accuracy: 698/1000(70%)
Trained Task:8, Loaded task:6, Accuracy:69.8%
Task: 7,	 Epoch: -1/80,	 Avg.loss: 0.0009,	 Accuracy: 686/1000(69%)
Trained Task:8, Loaded task:7, Accuracy:68.6%
Task: 8,	 Epoch: -1/80,	 Avg.loss: 0.0008,	 Accuracy: 735/1000(74%)
Trained Task:8, Loaded task:8, Accuracy:73.5%
Trained Task:8, Avg. Accuracy: 72.5 

List of avg. accuracy: [85.5, 81.0, 79.1, 75.1, 75.2, 74.0, 73.4, 72.6, 72.5]
Layer        : conv1_layer.2.weight
R.histogram  : tensor([8., 5., 3., 3., 5., 4., 3., 0., 0., 1.], device='cuda:0')
R_sum max/min: 83.3/0.0
F.num_zeros  : 288/9216
W.num_zeros  : 0/9216
O.num_zeros  : 288/9216
Layer        : conv2_layer.2.weight
R.histogram  : tensor([30., 12.,  6.,  4.,  4.,  2.,  3.,  0.,  1.,  2.], device='cuda:0')
R_sum max/min: 134.5/0.0
F.num_zeros  : 9132/36864
W.num_zeros  : 0/36864
O.num_zeros  : 12096/36864
Layer        : fc1_layer.0.weight
R.histogram  : tensor([394.,  56.,  36.,  14.,   3.,   6.,   1.,   1.,   0.,   1.],
       device='cuda:0')
R_sum max/min: 390.1/0.0
F.num_zeros  : 1288443/2097152
W.num_zeros  : 0/2097152
O.num_zeros  : 1558322/2097152
Mask histogram conv1_layer.2.weight: 	 tensor([ 256.,  512.,    0.,  256.,  256.,  256.,  256.,  512.,  512., 5376.],
       device='cuda:0')
Mask histogram conv2_layer.2.weight: 	 tensor([1344.,  128.,  192.,  320.,  192.,  128.,  128.,   64.,  128., 1472.],
       device='cuda:0')
Mask histogram fc1_layer.0.weight: 	 tensor([313.,  35.,  26.,  11.,   7.,   0.,   5.,   4.,  12.,  99.],
       device='cuda:0')
Task: 9,	 Epoch: 0/80,	 Avg.loss: 0.0011,	 Accuracy: 648/1000(65%)
Task: 9,	 Epoch: 1/80,	 Avg.loss: 0.0009,	 Accuracy: 691/1000(69%)
Task: 9,	 Epoch: 2/80,	 Avg.loss: 0.0008,	 Accuracy: 732/1000(73%)
Task: 9,	 Epoch: 3/80,	 Avg.loss: 0.0009,	 Accuracy: 727/1000(73%)
Task: 9,	 Epoch: 4/80,	 Avg.loss: 0.0008,	 Accuracy: 730/1000(73%)
Task: 9,	 Epoch: 5/80,	 Avg.loss: 0.0008,	 Accuracy: 722/1000(72%)
Task: 9,	 Epoch: 6/80,	 Avg.loss: 0.0007,	 Accuracy: 758/1000(76%)
Task: 9,	 Epoch: 7/80,	 Avg.loss: 0.0008,	 Accuracy: 737/1000(74%)
Task: 9,	 Epoch: 8/80,	 Avg.loss: 0.0009,	 Accuracy: 744/1000(74%)
Task: 9,	 Epoch: 9/80,	 Avg.loss: 0.0007,	 Accuracy: 774/1000(77%)
Task: 9,	 Epoch: 10/80,	 Avg.loss: 0.0008,	 Accuracy: 733/1000(73%)
Task: 9,	 Epoch: 11/80,	 Avg.loss: 0.0008,	 Accuracy: 744/1000(74%)
Task: 9,	 Epoch: 12/80,	 Avg.loss: 0.0007,	 Accuracy: 769/1000(77%)
Task: 9,	 Epoch: 13/80,	 Avg.loss: 0.0008,	 Accuracy: 763/1000(76%)
Task: 9,	 Epoch: 14/80,	 Avg.loss: 0.0007,	 Accuracy: 779/1000(78%)
Task: 9,	 Epoch: 15/80,	 Avg.loss: 0.0007,	 Accuracy: 771/1000(77%)
Task: 9,	 Epoch: 16/80,	 Avg.loss: 0.0007,	 Accuracy: 772/1000(77%)
Task: 9,	 Epoch: 17/80,	 Avg.loss: 0.0007,	 Accuracy: 768/1000(77%)
Task: 9,	 Epoch: 18/80,	 Avg.loss: 0.0008,	 Accuracy: 746/1000(75%)
Task: 9,	 Epoch: 19/80,	 Avg.loss: 0.0008,	 Accuracy: 745/1000(74%)
Task: 9,	 Epoch: 20/80,	 Avg.loss: 0.0007,	 Accuracy: 762/1000(76%)
Task: 9,	 Epoch: 21/80,	 Avg.loss: 0.0007,	 Accuracy: 763/1000(76%)
Task: 9,	 Epoch: 22/80,	 Avg.loss: 0.0007,	 Accuracy: 776/1000(78%)
Task: 9,	 Epoch: 23/80,	 Avg.loss: 0.0007,	 Accuracy: 771/1000(77%)
Task: 9,	 Epoch: 24/80,	 Avg.loss: 0.0007,	 Accuracy: 776/1000(78%)
Task: 9,	 Epoch: 25/80,	 Avg.loss: 0.0007,	 Accuracy: 772/1000(77%)
Task: 9,	 Epoch: 26/80,	 Avg.loss: 0.0007,	 Accuracy: 783/1000(78%)
Task: 9,	 Epoch: 27/80,	 Avg.loss: 0.0008,	 Accuracy: 756/1000(76%)
Task: 9,	 Epoch: 28/80,	 Avg.loss: 0.0007,	 Accuracy: 768/1000(77%)
Task: 9,	 Epoch: 29/80,	 Avg.loss: 0.0007,	 Accuracy: 766/1000(77%)
Task: 9,	 Epoch: 30/80,	 Avg.loss: 0.0007,	 Accuracy: 788/1000(79%)
Task: 9,	 Epoch: 31/80,	 Avg.loss: 0.0008,	 Accuracy: 747/1000(75%)
Task: 9,	 Epoch: 32/80,	 Avg.loss: 0.0007,	 Accuracy: 770/1000(77%)
Task: 9,	 Epoch: 33/80,	 Avg.loss: 0.0007,	 Accuracy: 763/1000(76%)
Task: 9,	 Epoch: 34/80,	 Avg.loss: 0.0007,	 Accuracy: 773/1000(77%)
Task: 9,	 Epoch: 35/80,	 Avg.loss: 0.0009,	 Accuracy: 711/1000(71%)
Task: 9,	 Epoch: 36/80,	 Avg.loss: 0.0008,	 Accuracy: 740/1000(74%)
Task: 9,	 Epoch: 37/80,	 Avg.loss: 0.0007,	 Accuracy: 776/1000(78%)
Task: 9,	 Epoch: 38/80,	 Avg.loss: 0.0007,	 Accuracy: 790/1000(79%)
Task: 9,	 Epoch: 39/80,	 Avg.loss: 0.0008,	 Accuracy: 754/1000(75%)
Task: 9,	 Epoch: 40/80,	 Avg.loss: 0.0007,	 Accuracy: 765/1000(76%)
Task: 9,	 Epoch: 41/80,	 Avg.loss: 0.0007,	 Accuracy: 772/1000(77%)
Task: 9,	 Epoch: 42/80,	 Avg.loss: 0.0007,	 Accuracy: 769/1000(77%)
Task: 9,	 Epoch: 43/80,	 Avg.loss: 0.0007,	 Accuracy: 767/1000(77%)
Task: 9,	 Epoch: 44/80,	 Avg.loss: 0.0007,	 Accuracy: 779/1000(78%)
Task: 9,	 Epoch: 45/80,	 Avg.loss: 0.0008,	 Accuracy: 754/1000(75%)
Task: 9,	 Epoch: 46/80,	 Avg.loss: 0.0007,	 Accuracy: 770/1000(77%)
Task: 9,	 Epoch: 47/80,	 Avg.loss: 0.0008,	 Accuracy: 753/1000(75%)
Task: 9,	 Epoch: 48/80,	 Avg.loss: 0.0007,	 Accuracy: 770/1000(77%)
Task: 9,	 Epoch: 49/80,	 Avg.loss: 0.0008,	 Accuracy: 747/1000(75%)
Task: 9,	 Epoch: 50/80,	 Avg.loss: 0.0007,	 Accuracy: 780/1000(78%)
Task: 9,	 Epoch: 51/80,	 Avg.loss: 0.0007,	 Accuracy: 786/1000(79%)
Task: 9,	 Epoch: 52/80,	 Avg.loss: 0.0007,	 Accuracy: 785/1000(78%)
Task: 9,	 Epoch: 53/80,	 Avg.loss: 0.0007,	 Accuracy: 784/1000(78%)
Task: 9,	 Epoch: 54/80,	 Avg.loss: 0.0007,	 Accuracy: 779/1000(78%)
Task: 9,	 Epoch: 55/80,	 Avg.loss: 0.0007,	 Accuracy: 782/1000(78%)
Task: 9,	 Epoch: 56/80,	 Avg.loss: 0.0007,	 Accuracy: 787/1000(79%)
Task: 9,	 Epoch: 57/80,	 Avg.loss: 0.0007,	 Accuracy: 785/1000(78%)
Task: 9,	 Epoch: 58/80,	 Avg.loss: 0.0007,	 Accuracy: 789/1000(79%)
Task: 9,	 Epoch: 59/80,	 Avg.loss: 0.0007,	 Accuracy: 784/1000(78%)
Task: 9,	 Epoch: 60/80,	 Avg.loss: 0.0007,	 Accuracy: 778/1000(78%)
Task: 9,	 Epoch: 61/80,	 Avg.loss: 0.0007,	 Accuracy: 779/1000(78%)
Task: 9,	 Epoch: 62/80,	 Avg.loss: 0.0007,	 Accuracy: 778/1000(78%)
Task: 9,	 Epoch: 63/80,	 Avg.loss: 0.0007,	 Accuracy: 796/1000(80%)
Task: 9,	 Epoch: 64/80,	 Avg.loss: 0.0007,	 Accuracy: 788/1000(79%)
Task: 9,	 Epoch: 65/80,	 Avg.loss: 0.0007,	 Accuracy: 789/1000(79%)
Task: 9,	 Epoch: 66/80,	 Avg.loss: 0.0007,	 Accuracy: 790/1000(79%)
Task: 9,	 Epoch: 67/80,	 Avg.loss: 0.0007,	 Accuracy: 787/1000(79%)
Task: 9,	 Epoch: 68/80,	 Avg.loss: 0.0007,	 Accuracy: 784/1000(78%)
Task: 9,	 Epoch: 69/80,	 Avg.loss: 0.0007,	 Accuracy: 782/1000(78%)
Task: 9,	 Epoch: 70/80,	 Avg.loss: 0.0007,	 Accuracy: 789/1000(79%)
Task: 9,	 Epoch: 71/80,	 Avg.loss: 0.0007,	 Accuracy: 782/1000(78%)
Task: 9,	 Epoch: 72/80,	 Avg.loss: 0.0007,	 Accuracy: 788/1000(79%)
Task: 9,	 Epoch: 73/80,	 Avg.loss: 0.0007,	 Accuracy: 782/1000(78%)
Task: 9,	 Epoch: 74/80,	 Avg.loss: 0.0007,	 Accuracy: 782/1000(78%)
Task: 9,	 Epoch: 75/80,	 Avg.loss: 0.0007,	 Accuracy: 786/1000(79%)
Task: 9,	 Epoch: 76/80,	 Avg.loss: 0.0007,	 Accuracy: 773/1000(77%)
Task: 9,	 Epoch: 77/80,	 Avg.loss: 0.0007,	 Accuracy: 787/1000(79%)
Task: 9,	 Epoch: 78/80,	 Avg.loss: 0.0007,	 Accuracy: 781/1000(78%)
Task: 9,	 Epoch: 79/80,	 Avg.loss: 0.0007,	 Accuracy: 779/1000(78%)
Task: 0,	 Epoch: -1/80,	 Avg.loss: 0.0010,	 Accuracy: 831/1000(83%)
Trained Task:9, Loaded task:0, Accuracy:83.1%
Task: 1,	 Epoch: -1/80,	 Avg.loss: 0.0009,	 Accuracy: 728/1000(73%)
Trained Task:9, Loaded task:1, Accuracy:72.8%
Task: 2,	 Epoch: -1/80,	 Avg.loss: 0.0008,	 Accuracy: 760/1000(76%)
Trained Task:9, Loaded task:2, Accuracy:76.0%
Task: 3,	 Epoch: -1/80,	 Avg.loss: 0.0010,	 Accuracy: 646/1000(65%)
Trained Task:9, Loaded task:3, Accuracy:64.6%
Task: 4,	 Epoch: -1/80,	 Avg.loss: 0.0008,	 Accuracy: 739/1000(74%)
Trained Task:9, Loaded task:4, Accuracy:73.9%
Task: 5,	 Epoch: -1/80,	 Avg.loss: 0.0009,	 Accuracy: 701/1000(70%)
Trained Task:9, Loaded task:5, Accuracy:70.1%
Task: 6,	 Epoch: -1/80,	 Avg.loss: 0.0008,	 Accuracy: 701/1000(70%)
Trained Task:9, Loaded task:6, Accuracy:70.1%
Task: 7,	 Epoch: -1/80,	 Avg.loss: 0.0009,	 Accuracy: 688/1000(69%)
Trained Task:9, Loaded task:7, Accuracy:68.8%
Task: 8,	 Epoch: -1/80,	 Avg.loss: 0.0008,	 Accuracy: 740/1000(74%)
Trained Task:9, Loaded task:8, Accuracy:74.0%
Task: 9,	 Epoch: -1/80,	 Avg.loss: 0.0007,	 Accuracy: 779/1000(78%)
Trained Task:9, Loaded task:9, Accuracy:77.9%
Trained Task:9, Avg. Accuracy: 73.1 

List of avg. accuracy: [85.5, 81.0, 79.1, 75.1, 75.2, 74.0, 73.4, 72.6, 72.5, 73.1]
