Layer        : conv1_layer.2.weight
R.histogram  : tensor([5., 6., 4., 6., 2., 1., 3., 2., 1., 2.], device='cuda:0')
R_sum max/min: 53.9/1.3
F.num_zeros  : 0/9216
W.num_zeros  : 0/9216
O.num_zeros  : 0/9216
Layer        : conv2_layer.2.weight
R.histogram  : tensor([11., 14.,  8.,  9.,  5.,  2.,  5.,  3.,  5.,  2.], device='cuda:0')
R_sum max/min: 57.6/0.0
F.num_zeros  : 4083/36864
W.num_zeros  : 0/36864
O.num_zeros  : 0/36864
Layer        : fc1_layer.1.weight
R.histogram  : tensor([302., 132.,  51.,  16.,   2.,   4.,   2.,   0.,   2.,   1.],
       device='cuda:0')
R_sum max/min: 588.2/0.0
F.num_zeros  : 918694/2097152
W.num_zeros  : 0/2097152
O.num_zeros  : 0/2097152
Mask histogram
conv1_layer.2.weight: 	 tensor([   0., 8192.,    0.,    0.,    0.,    0.,    0.,    0.,    0.,    0.,
           0.], device='cuda:0')
conv2_layer.2.weight: 	 tensor([2496., 1600.,    0.,    0.,    0.,    0.,    0.,    0.,    0.,    0.,
           0.], device='cuda:0')
fc1_layer.1.weight: 	 tensor([308., 204.,   0.,   0.,   0.,   0.,   0.,   0.,   0.,   0.,   0.],
       device='cuda:0')
Head Finetuning    :Task: 0,	 Epoch: 0/40,	 Avg.loss: 0.0014,	 Test Accuracy: 529/1000(53%)
Head Finetuning    :Task: 0,	 Epoch: 1/40,	 Avg.loss: 0.0012,	 Test Accuracy: 608/1000(61%)
Head Finetuning    :Task: 0,	 Epoch: 2/40,	 Avg.loss: 0.0011,	 Test Accuracy: 621/1000(62%)
Head Finetuning    :Task: 0,	 Epoch: 3/40,	 Avg.loss: 0.0011,	 Test Accuracy: 634/1000(63%)
Head Finetuning    :Task: 0,	 Epoch: 4/40,	 Avg.loss: 0.0010,	 Test Accuracy: 661/1000(66%)
Head Finetuning    :Task: 0,	 Epoch: 5/40,	 Avg.loss: 0.0010,	 Test Accuracy: 657/1000(66%)
Head Finetuning    :Task: 0,	 Epoch: 6/40,	 Avg.loss: 0.0010,	 Test Accuracy: 666/1000(67%)
Head Finetuning    :Task: 0,	 Epoch: 7/40,	 Avg.loss: 0.0010,	 Test Accuracy: 667/1000(67%)
Head Finetuning    :Task: 0,	 Epoch: 8/40,	 Avg.loss: 0.0010,	 Test Accuracy: 672/1000(67%)
Head Finetuning    :Task: 0,	 Epoch: 9/40,	 Avg.loss: 0.0010,	 Test Accuracy: 667/1000(67%)
Head Finetuning    :Task: 0,	 Epoch: 10/40,	 Avg.loss: 0.0010,	 Test Accuracy: 674/1000(67%)
Head Finetuning    :Task: 0,	 Epoch: 11/40,	 Avg.loss: 0.0010,	 Test Accuracy: 673/1000(67%)
Head Finetuning    :Task: 0,	 Epoch: 12/40,	 Avg.loss: 0.0010,	 Test Accuracy: 674/1000(67%)
