Mask histogram
conv1_layer.0.weight: 
 tensor([    0, 32768,     0,     0,     0,     0,     0,     0,     0,     0,
            0], device='cuda:0', dtype=torch.int32)
conv2_layer.0.weight: 
 tensor([   0, 8192,    0,    0,    0,    0,    0,    0,    0,    0,    0],
       device='cuda:0', dtype=torch.int32)
conv3_layer.0.weight: 
 tensor([    0, 16384,     0,     0,     0,     0,     0,     0,     0,     0,
            0], device='cuda:0', dtype=torch.int32)
conv4_layer.0.weight: 
 tensor([2461, 1635,    0,    0,    0,    0,    0,    0,    0,    0,    0],
       device='cuda:0', dtype=torch.int32)
fc1_layer.0.weight: 
 tensor([308, 204,   0,   0,   0,   0,   0,   0,   0,   0,   0],
       device='cuda:0', dtype=torch.int32)
Head Finetuning    :Task: 0,	 Epoch: 0/40,	 Avg.loss: 0.0019,	 Test Accuracy: 466/1000(47%)
Head Finetuning    :Task: 0,	 Epoch: 1/40,	 Avg.loss: 0.0017,	 Test Accuracy: 531/1000(53%)
Head Finetuning    :Task: 0,	 Epoch: 2/40,	 Avg.loss: 0.0016,	 Test Accuracy: 560/1000(56%)
Head Finetuning    :Task: 0,	 Epoch: 3/40,	 Avg.loss: 0.0015,	 Test Accuracy: 567/1000(57%)
Head Finetuning    :Task: 0,	 Epoch: 4/40,	 Avg.loss: 0.0014,	 Test Accuracy: 579/1000(58%)
Head Finetuning    :Task: 0,	 Epoch: 5/40,	 Avg.loss: 0.0014,	 Test Accuracy: 583/1000(58%)
Head Finetuning    :Task: 0,	 Epoch: 6/40,	 Avg.loss: 0.0013,	 Test Accuracy: 595/1000(60%)
Head Finetuning    :Task: 0,	 Epoch: 7/40,	 Avg.loss: 0.0013,	 Test Accuracy: 594/1000(59%)
Head Finetuning    :Task: 0,	 Epoch: 8/40,	 Avg.loss: 0.0013,	 Test Accuracy: 601/1000(60%)
Head Finetuning    :Task: 0,	 Epoch: 9/40,	 Avg.loss: 0.0013,	 Test Accuracy: 602/1000(60%)
Head Finetuning    :Task: 0,	 Epoch: 10/40,	 Avg.loss: 0.0012,	 Test Accuracy: 608/1000(61%)
Head Finetuning    :Task: 0,	 Epoch: 11/40,	 Avg.loss: 0.0012,	 Test Accuracy: 611/1000(61%)
Head Finetuning    :Task: 0,	 Epoch: 12/40,	 Avg.loss: 0.0012,	 Test Accuracy: 607/1000(61%)
Head Finetuning    :Task: 0,	 Epoch: 13/40,	 Avg.loss: 0.0012,	 Test Accuracy: 608/1000(61%)
Head Finetuning    :Task: 0,	 Epoch: 14/40,	 Avg.loss: 0.0012,	 Test Accuracy: 612/1000(61%)
Task: 0,	 Epoch: 0/40,	 Avg.loss: 0.0023,	 Test Accuracy: 132/1000(13%)
Task: 0,	 Epoch: 0/40,	 Avg.loss: 0.0019,	 Test Accuracy: 322/1000(32%)
Task: 0,	 Epoch: 0/40,	 Avg.loss: 0.0016,	 Test Accuracy: 439/1000(44%)
Task: 0,	 Epoch: 0/40,	 Avg.loss: 0.0015,	 Test Accuracy: 498/1000(50%)
Task: 0,	 Epoch: 0/40,	 Avg.loss: 0.0013,	 Test Accuracy: 542/1000(54%)
Task: 0,	 Epoch: 0/40,	 Avg.loss: 0.0012,	 Test Accuracy: 586/1000(59%)
Task: 0,	 Epoch: 0/40,	 Avg.loss: 0.0011,	 Test Accuracy: 607/1000(61%)
Task: 0,	 Epoch: 0/40,	 Avg.loss: 0.0011,	 Test Accuracy: 632/1000(63%)
Task: 0,	 Epoch: 1/40,	 Avg.loss: 0.0009,	 Test Accuracy: 693/1000(69%)
Task: 0,	 Epoch: 2/40,	 Avg.loss: 0.0009,	 Test Accuracy: 666/1000(67%)
Task: 0,	 Epoch: 3/40,	 Avg.loss: 0.0007,	 Test Accuracy: 758/1000(76%)
Task: 0,	 Epoch: 4/40,	 Avg.loss: 0.0007,	 Test Accuracy: 769/1000(77%)
Task: 0,	 Epoch: 5/40,	 Avg.loss: 0.0007,	 Test Accuracy: 765/1000(76%)
Task: 0,	 Epoch: 6/40,	 Avg.loss: 0.0006,	 Test Accuracy: 783/1000(78%)
Task: 0,	 Epoch: 7/40,	 Avg.loss: 0.0008,	 Test Accuracy: 744/1000(74%)
Task: 0,	 Epoch: 8/40,	 Avg.loss: 0.0007,	 Test Accuracy: 782/1000(78%)
Task: 0,	 Epoch: 9/40,	 Avg.loss: 0.0006,	 Test Accuracy: 802/1000(80%)
Task: 0,	 Epoch: 10/40,	 Avg.loss: 0.0005,	 Test Accuracy: 824/1000(82%)
Task: 0,	 Epoch: 11/40,	 Avg.loss: 0.0006,	 Test Accuracy: 796/1000(80%)
Task: 0,	 Epoch: 12/40,	 Avg.loss: 0.0006,	 Test Accuracy: 799/1000(80%)
Task: 0,	 Epoch: 13/40,	 Avg.loss: 0.0007,	 Test Accuracy: 803/1000(80%)
Task: 0,	 Epoch: 14/40,	 Avg.loss: 0.0006,	 Test Accuracy: 805/1000(81%)
Task: 0,	 Epoch: 15/40,	 Avg.loss: 0.0006,	 Test Accuracy: 823/1000(82%)
Task: 0,	 Epoch: 16/40,	 Avg.loss: 0.0006,	 Test Accuracy: 808/1000(81%)
Task: 0,	 Epoch: 17/40,	 Avg.loss: 0.0006,	 Test Accuracy: 813/1000(81%)
Task: 0,	 Epoch: 18/40,	 Avg.loss: 0.0008,	 Test Accuracy: 786/1000(79%)
Task: 0,	 Epoch: 19/40,	 Avg.loss: 0.0005,	 Test Accuracy: 838/1000(84%)
Task: 0,	 Epoch: 20/40,	 Avg.loss: 0.0005,	 Test Accuracy: 837/1000(84%)
Task: 0,	 Epoch: 21/40,	 Avg.loss: 0.0005,	 Test Accuracy: 831/1000(83%)
Task: 0,	 Epoch: 22/40,	 Avg.loss: 0.0005,	 Test Accuracy: 836/1000(84%)
Task: 0,	 Epoch: 23/40,	 Avg.loss: 0.0005,	 Test Accuracy: 836/1000(84%)
Task: 0,	 Epoch: 24/40,	 Avg.loss: 0.0005,	 Test Accuracy: 834/1000(83%)
Task: 0,	 Epoch: 25/40,	 Avg.loss: 0.0005,	 Test Accuracy: 836/1000(84%)
Task: 0,	 Epoch: 26/40,	 Avg.loss: 0.0005,	 Test Accuracy: 834/1000(83%)
Task: 0,	 Epoch: 27/40,	 Avg.loss: 0.0005,	 Test Accuracy: 838/1000(84%)
Task: 0,	 Epoch: 28/40,	 Avg.loss: 0.0005,	 Test Accuracy: 837/1000(84%)
Task: 0,	 Epoch: 29/40,	 Avg.loss: 0.0005,	 Test Accuracy: 842/1000(84%)
Task: 0,	 Epoch: 30/40,	 Avg.loss: 0.0005,	 Test Accuracy: 839/1000(84%)
Task: 0,	 Epoch: 31/40,	 Avg.loss: 0.0005,	 Test Accuracy: 835/1000(84%)
Task: 0,	 Epoch: 32/40,	 Avg.loss: 0.0005,	 Test Accuracy: 836/1000(84%)
Task: 0,	 Epoch: 33/40,	 Avg.loss: 0.0005,	 Test Accuracy: 841/1000(84%)
Task: 0,	 Epoch: 34/40,	 Avg.loss: 0.0005,	 Test Accuracy: 836/1000(84%)
Task: 0,	 Epoch: 35/40,	 Avg.loss: 0.0005,	 Test Accuracy: 839/1000(84%)
Task: 0,	 Epoch: 36/40,	 Avg.loss: 0.0005,	 Test Accuracy: 836/1000(84%)
Task: 0,	 Epoch: 37/40,	 Avg.loss: 0.0005,	 Test Accuracy: 837/1000(84%)
Task: 0,	 Epoch: 38/40,	 Avg.loss: 0.0005,	 Test Accuracy: 836/1000(84%)
Task: 0,	 Epoch: 39/40,	 Avg.loss: 0.0005,	 Test Accuracy: 837/1000(84%)
Trained Task:0, Loaded task:0, Accuracy:83.7%
Trained Task:0, Avg. Accuracy: 83.7 

List of avg. accuracy: [83.7]
Mask histogram
conv1_layer.0.weight: 
 tensor([    0,     0, 32768,     0,     0,     0,     0,     0,     0,     0,
            0], device='cuda:0', dtype=torch.int32)
conv2_layer.0.weight: 
 tensor([   0,    0, 8192,    0,    0,    0,    0,    0,    0,    0,    0],
       device='cuda:0', dtype=torch.int32)
conv3_layer.0.weight: 
 tensor([    0,     0, 16384,     0,     0,     0,     0,     0,     0,     0,
            0], device='cuda:0', dtype=torch.int32)
conv4_layer.0.weight: 
 tensor([1525, 1910,  661,    0,    0,    0,    0,    0,    0,    0,    0],
       device='cuda:0', dtype=torch.int32)
fc1_layer.0.weight: 
 tensor([186, 242,  84,   0,   0,   0,   0,   0,   0,   0,   0],
       device='cuda:0', dtype=torch.int32)
Head Finetuning    :Task: 1,	 Epoch: 0/40,	 Avg.loss: 0.0025,	 Test Accuracy: 109/1000(11%)
Head Finetuning    :Task: 1,	 Epoch: 1/40,	 Avg.loss: 0.0024,	 Test Accuracy: 122/1000(12%)
Head Finetuning    :Task: 1,	 Epoch: 2/40,	 Avg.loss: 0.0024,	 Test Accuracy: 136/1000(14%)
Head Finetuning    :Task: 1,	 Epoch: 3/40,	 Avg.loss: 0.0024,	 Test Accuracy: 152/1000(15%)
Head Finetuning    :Task: 1,	 Epoch: 4/40,	 Avg.loss: 0.0023,	 Test Accuracy: 155/1000(16%)
Head Finetuning    :Task: 1,	 Epoch: 5/40,	 Avg.loss: 0.0023,	 Test Accuracy: 171/1000(17%)
Head Finetuning    :Task: 1,	 Epoch: 6/40,	 Avg.loss: 0.0023,	 Test Accuracy: 180/1000(18%)
Head Finetuning    :Task: 1,	 Epoch: 7/40,	 Avg.loss: 0.0023,	 Test Accuracy: 189/1000(19%)
Head Finetuning    :Task: 1,	 Epoch: 8/40,	 Avg.loss: 0.0022,	 Test Accuracy: 193/1000(19%)
Head Finetuning    :Task: 1,	 Epoch: 9/40,	 Avg.loss: 0.0022,	 Test Accuracy: 200/1000(20%)
Head Finetuning    :Task: 1,	 Epoch: 10/40,	 Avg.loss: 0.0022,	 Test Accuracy: 205/1000(21%)
Head Finetuning    :Task: 1,	 Epoch: 11/40,	 Avg.loss: 0.0022,	 Test Accuracy: 209/1000(21%)
Head Finetuning    :Task: 1,	 Epoch: 12/40,	 Avg.loss: 0.0022,	 Test Accuracy: 216/1000(22%)
Head Finetuning    :Task: 1,	 Epoch: 13/40,	 Avg.loss: 0.0022,	 Test Accuracy: 218/1000(22%)
Head Finetuning    :Task: 1,	 Epoch: 14/40,	 Avg.loss: 0.0021,	 Test Accuracy: 225/1000(23%)
Task: 1,	 Epoch: 0/40,	 Avg.loss: 0.0024,	 Test Accuracy: 127/1000(13%)
Task: 1,	 Epoch: 0/40,	 Avg.loss: 0.0018,	 Test Accuracy: 393/1000(39%)
Task: 1,	 Epoch: 0/40,	 Avg.loss: 0.0013,	 Test Accuracy: 531/1000(53%)
Task: 1,	 Epoch: 0/40,	 Avg.loss: 0.0013,	 Test Accuracy: 551/1000(55%)
Task: 1,	 Epoch: 0/40,	 Avg.loss: 0.0012,	 Test Accuracy: 591/1000(59%)
Task: 1,	 Epoch: 0/40,	 Avg.loss: 0.0011,	 Test Accuracy: 619/1000(62%)
Task: 1,	 Epoch: 0/40,	 Avg.loss: 0.0011,	 Test Accuracy: 622/1000(62%)
Task: 1,	 Epoch: 0/40,	 Avg.loss: 0.0011,	 Test Accuracy: 637/1000(64%)
Task: 1,	 Epoch: 1/40,	 Avg.loss: 0.0009,	 Test Accuracy: 681/1000(68%)
Task: 1,	 Epoch: 2/40,	 Avg.loss: 0.0009,	 Test Accuracy: 721/1000(72%)
Task: 1,	 Epoch: 3/40,	 Avg.loss: 0.0010,	 Test Accuracy: 670/1000(67%)
Task: 1,	 Epoch: 4/40,	 Avg.loss: 0.0008,	 Test Accuracy: 727/1000(73%)
Task: 1,	 Epoch: 5/40,	 Avg.loss: 0.0009,	 Test Accuracy: 709/1000(71%)
Task: 1,	 Epoch: 6/40,	 Avg.loss: 0.0009,	 Test Accuracy: 699/1000(70%)
Task: 1,	 Epoch: 7/40,	 Avg.loss: 0.0008,	 Test Accuracy: 733/1000(73%)
Task: 1,	 Epoch: 8/40,	 Avg.loss: 0.0007,	 Test Accuracy: 753/1000(75%)
Task: 1,	 Epoch: 9/40,	 Avg.loss: 0.0008,	 Test Accuracy: 732/1000(73%)
Task: 1,	 Epoch: 10/40,	 Avg.loss: 0.0009,	 Test Accuracy: 714/1000(71%)
Task: 1,	 Epoch: 11/40,	 Avg.loss: 0.0008,	 Test Accuracy: 731/1000(73%)
Task: 1,	 Epoch: 12/40,	 Avg.loss: 0.0008,	 Test Accuracy: 728/1000(73%)
Task: 1,	 Epoch: 13/40,	 Avg.loss: 0.0008,	 Test Accuracy: 744/1000(74%)
Task: 1,	 Epoch: 14/40,	 Avg.loss: 0.0008,	 Test Accuracy: 753/1000(75%)
Task: 1,	 Epoch: 15/40,	 Avg.loss: 0.0008,	 Test Accuracy: 742/1000(74%)
Task: 1,	 Epoch: 16/40,	 Avg.loss: 0.0008,	 Test Accuracy: 749/1000(75%)
Task: 1,	 Epoch: 17/40,	 Avg.loss: 0.0008,	 Test Accuracy: 738/1000(74%)
Task: 1,	 Epoch: 18/40,	 Avg.loss: 0.0008,	 Test Accuracy: 743/1000(74%)
Task: 1,	 Epoch: 19/40,	 Avg.loss: 0.0008,	 Test Accuracy: 744/1000(74%)
Task: 1,	 Epoch: 20/40,	 Avg.loss: 0.0007,	 Test Accuracy: 763/1000(76%)
Task: 1,	 Epoch: 21/40,	 Avg.loss: 0.0007,	 Test Accuracy: 759/1000(76%)
Task: 1,	 Epoch: 22/40,	 Avg.loss: 0.0007,	 Test Accuracy: 765/1000(76%)
Task: 1,	 Epoch: 23/40,	 Avg.loss: 0.0007,	 Test Accuracy: 766/1000(77%)
Task: 1,	 Epoch: 24/40,	 Avg.loss: 0.0007,	 Test Accuracy: 766/1000(77%)
Task: 1,	 Epoch: 25/40,	 Avg.loss: 0.0007,	 Test Accuracy: 766/1000(77%)
Task: 1,	 Epoch: 26/40,	 Avg.loss: 0.0007,	 Test Accuracy: 760/1000(76%)
Task: 1,	 Epoch: 27/40,	 Avg.loss: 0.0007,	 Test Accuracy: 758/1000(76%)
Task: 1,	 Epoch: 28/40,	 Avg.loss: 0.0007,	 Test Accuracy: 765/1000(76%)
Task: 1,	 Epoch: 29/40,	 Avg.loss: 0.0007,	 Test Accuracy: 764/1000(76%)
Task: 1,	 Epoch: 30/40,	 Avg.loss: 0.0007,	 Test Accuracy: 763/1000(76%)
Task: 1,	 Epoch: 31/40,	 Avg.loss: 0.0007,	 Test Accuracy: 766/1000(77%)
Task: 1,	 Epoch: 32/40,	 Avg.loss: 0.0007,	 Test Accuracy: 760/1000(76%)
Task: 1,	 Epoch: 33/40,	 Avg.loss: 0.0007,	 Test Accuracy: 762/1000(76%)
Task: 1,	 Epoch: 34/40,	 Avg.loss: 0.0007,	 Test Accuracy: 758/1000(76%)
Task: 1,	 Epoch: 35/40,	 Avg.loss: 0.0007,	 Test Accuracy: 759/1000(76%)
Task: 1,	 Epoch: 36/40,	 Avg.loss: 0.0007,	 Test Accuracy: 762/1000(76%)
Task: 1,	 Epoch: 37/40,	 Avg.loss: 0.0007,	 Test Accuracy: 761/1000(76%)
Task: 1,	 Epoch: 38/40,	 Avg.loss: 0.0007,	 Test Accuracy: 758/1000(76%)
Task: 1,	 Epoch: 39/40,	 Avg.loss: 0.0007,	 Test Accuracy: 766/1000(77%)
Trained Task:1, Loaded task:0, Accuracy:84.3%
Trained Task:1, Loaded task:1, Accuracy:76.6%
Trained Task:1, Avg. Accuracy: 80.5 

List of avg. accuracy: [83.7, 80.5]
Mask histogram
conv1_layer.0.weight: 
 tensor([    0,     0,     0, 32768,     0,     0,     0,     0,     0,     0,
            0], device='cuda:0', dtype=torch.int32)
conv2_layer.0.weight: 
 tensor([   0,    0,    0, 8192,    0,    0,    0,    0,    0,    0,    0],
       device='cuda:0', dtype=torch.int32)
conv3_layer.0.weight: 
 tensor([    0,     0,     0, 16384,     0,     0,     0,     0,     0,     0,
            0], device='cuda:0', dtype=torch.int32)
conv4_layer.0.weight: 
 tensor([ 917, 1775, 1140,  264,    0,    0,    0,    0,    0,    0,    0],
       device='cuda:0', dtype=torch.int32)
fc1_layer.0.weight: 
 tensor([115, 216, 142,  39,   0,   0,   0,   0,   0,   0,   0],
       device='cuda:0', dtype=torch.int32)
Head Finetuning    :Task: 2,	 Epoch: 0/40,	 Avg.loss: 0.0024,	 Test Accuracy: 155/1000(16%)
Head Finetuning    :Task: 2,	 Epoch: 1/40,	 Avg.loss: 0.0023,	 Test Accuracy: 171/1000(17%)
Head Finetuning    :Task: 2,	 Epoch: 2/40,	 Avg.loss: 0.0022,	 Test Accuracy: 190/1000(19%)
Head Finetuning    :Task: 2,	 Epoch: 3/40,	 Avg.loss: 0.0022,	 Test Accuracy: 206/1000(21%)
Head Finetuning    :Task: 2,	 Epoch: 4/40,	 Avg.loss: 0.0022,	 Test Accuracy: 224/1000(22%)
Head Finetuning    :Task: 2,	 Epoch: 5/40,	 Avg.loss: 0.0021,	 Test Accuracy: 238/1000(24%)
Head Finetuning    :Task: 2,	 Epoch: 6/40,	 Avg.loss: 0.0021,	 Test Accuracy: 253/1000(25%)
Head Finetuning    :Task: 2,	 Epoch: 7/40,	 Avg.loss: 0.0021,	 Test Accuracy: 267/1000(27%)
Head Finetuning    :Task: 2,	 Epoch: 8/40,	 Avg.loss: 0.0021,	 Test Accuracy: 281/1000(28%)
Head Finetuning    :Task: 2,	 Epoch: 9/40,	 Avg.loss: 0.0020,	 Test Accuracy: 290/1000(29%)
Head Finetuning    :Task: 2,	 Epoch: 10/40,	 Avg.loss: 0.0020,	 Test Accuracy: 295/1000(30%)
Head Finetuning    :Task: 2,	 Epoch: 11/40,	 Avg.loss: 0.0020,	 Test Accuracy: 305/1000(31%)
Head Finetuning    :Task: 2,	 Epoch: 12/40,	 Avg.loss: 0.0020,	 Test Accuracy: 311/1000(31%)
Head Finetuning    :Task: 2,	 Epoch: 13/40,	 Avg.loss: 0.0020,	 Test Accuracy: 316/1000(32%)
Head Finetuning    :Task: 2,	 Epoch: 14/40,	 Avg.loss: 0.0020,	 Test Accuracy: 322/1000(32%)
Task: 2,	 Epoch: 0/40,	 Avg.loss: 0.0023,	 Test Accuracy: 189/1000(19%)
Task: 2,	 Epoch: 0/40,	 Avg.loss: 0.0015,	 Test Accuracy: 505/1000(51%)
Task: 2,	 Epoch: 0/40,	 Avg.loss: 0.0011,	 Test Accuracy: 636/1000(64%)
Task: 2,	 Epoch: 0/40,	 Avg.loss: 0.0010,	 Test Accuracy: 663/1000(66%)
Task: 2,	 Epoch: 0/40,	 Avg.loss: 0.0010,	 Test Accuracy: 654/1000(65%)
Task: 2,	 Epoch: 0/40,	 Avg.loss: 0.0009,	 Test Accuracy: 698/1000(70%)
Task: 2,	 Epoch: 0/40,	 Avg.loss: 0.0009,	 Test Accuracy: 710/1000(71%)
Task: 2,	 Epoch: 0/40,	 Avg.loss: 0.0008,	 Test Accuracy: 718/1000(72%)
Task: 2,	 Epoch: 1/40,	 Avg.loss: 0.0008,	 Test Accuracy: 743/1000(74%)
Task: 2,	 Epoch: 2/40,	 Avg.loss: 0.0007,	 Test Accuracy: 751/1000(75%)
Task: 2,	 Epoch: 3/40,	 Avg.loss: 0.0008,	 Test Accuracy: 744/1000(74%)
Task: 2,	 Epoch: 4/40,	 Avg.loss: 0.0007,	 Test Accuracy: 784/1000(78%)
Task: 2,	 Epoch: 5/40,	 Avg.loss: 0.0007,	 Test Accuracy: 776/1000(78%)
Task: 2,	 Epoch: 6/40,	 Avg.loss: 0.0007,	 Test Accuracy: 765/1000(76%)
Task: 2,	 Epoch: 7/40,	 Avg.loss: 0.0007,	 Test Accuracy: 776/1000(78%)
Task: 2,	 Epoch: 8/40,	 Avg.loss: 0.0007,	 Test Accuracy: 772/1000(77%)
Task: 2,	 Epoch: 9/40,	 Avg.loss: 0.0007,	 Test Accuracy: 788/1000(79%)
Task: 2,	 Epoch: 10/40,	 Avg.loss: 0.0007,	 Test Accuracy: 768/1000(77%)
Task: 2,	 Epoch: 11/40,	 Avg.loss: 0.0007,	 Test Accuracy: 787/1000(79%)
Task: 2,	 Epoch: 12/40,	 Avg.loss: 0.0007,	 Test Accuracy: 785/1000(78%)
Task: 2,	 Epoch: 13/40,	 Avg.loss: 0.0007,	 Test Accuracy: 804/1000(80%)
Task: 2,	 Epoch: 14/40,	 Avg.loss: 0.0006,	 Test Accuracy: 800/1000(80%)
Task: 2,	 Epoch: 15/40,	 Avg.loss: 0.0007,	 Test Accuracy: 791/1000(79%)
Task: 2,	 Epoch: 16/40,	 Avg.loss: 0.0007,	 Test Accuracy: 785/1000(78%)
Task: 2,	 Epoch: 17/40,	 Avg.loss: 0.0007,	 Test Accuracy: 792/1000(79%)
Task: 2,	 Epoch: 18/40,	 Avg.loss: 0.0007,	 Test Accuracy: 772/1000(77%)
Task: 2,	 Epoch: 19/40,	 Avg.loss: 0.0007,	 Test Accuracy: 789/1000(79%)
Task: 2,	 Epoch: 20/40,	 Avg.loss: 0.0007,	 Test Accuracy: 815/1000(82%)
Task: 2,	 Epoch: 21/40,	 Avg.loss: 0.0007,	 Test Accuracy: 819/1000(82%)
Task: 2,	 Epoch: 22/40,	 Avg.loss: 0.0007,	 Test Accuracy: 813/1000(81%)
Task: 2,	 Epoch: 23/40,	 Avg.loss: 0.0007,	 Test Accuracy: 811/1000(81%)
Task: 2,	 Epoch: 24/40,	 Avg.loss: 0.0007,	 Test Accuracy: 810/1000(81%)
Task: 2,	 Epoch: 25/40,	 Avg.loss: 0.0007,	 Test Accuracy: 804/1000(80%)
Task: 2,	 Epoch: 26/40,	 Avg.loss: 0.0007,	 Test Accuracy: 811/1000(81%)
Task: 2,	 Epoch: 27/40,	 Avg.loss: 0.0007,	 Test Accuracy: 804/1000(80%)
Task: 2,	 Epoch: 28/40,	 Avg.loss: 0.0007,	 Test Accuracy: 813/1000(81%)
Task: 2,	 Epoch: 29/40,	 Avg.loss: 0.0007,	 Test Accuracy: 811/1000(81%)
Task: 2,	 Epoch: 30/40,	 Avg.loss: 0.0007,	 Test Accuracy: 809/1000(81%)
Task: 2,	 Epoch: 31/40,	 Avg.loss: 0.0007,	 Test Accuracy: 814/1000(81%)
Task: 2,	 Epoch: 32/40,	 Avg.loss: 0.0007,	 Test Accuracy: 813/1000(81%)
Task: 2,	 Epoch: 33/40,	 Avg.loss: 0.0007,	 Test Accuracy: 808/1000(81%)
Task: 2,	 Epoch: 34/40,	 Avg.loss: 0.0007,	 Test Accuracy: 804/1000(80%)
Task: 2,	 Epoch: 35/40,	 Avg.loss: 0.0007,	 Test Accuracy: 804/1000(80%)
Task: 2,	 Epoch: 36/40,	 Avg.loss: 0.0007,	 Test Accuracy: 812/1000(81%)
Task: 2,	 Epoch: 37/40,	 Avg.loss: 0.0007,	 Test Accuracy: 808/1000(81%)
Task: 2,	 Epoch: 38/40,	 Avg.loss: 0.0007,	 Test Accuracy: 813/1000(81%)
Task: 2,	 Epoch: 39/40,	 Avg.loss: 0.0007,	 Test Accuracy: 810/1000(81%)
Trained Task:2, Loaded task:0, Accuracy:84.1%
Trained Task:2, Loaded task:1, Accuracy:76.0%
Trained Task:2, Loaded task:2, Accuracy:81.0%
Trained Task:2, Avg. Accuracy: 80.4 

List of avg. accuracy: [83.7, 80.5, 80.4]
Mask histogram
conv1_layer.0.weight: 
 tensor([    0,     0,     0,     0, 32768,     0,     0,     0,     0,     0,
            0], device='cuda:0', dtype=torch.int32)
conv2_layer.0.weight: 
 tensor([   0,    0,    0,    0, 8192,    0,    0,    0,    0,    0,    0],
       device='cuda:0', dtype=torch.int32)
conv3_layer.0.weight: 
 tensor([    0,     0,     0,     0, 16384,     0,     0,     0,     0,     0,
            0], device='cuda:0', dtype=torch.int32)
conv4_layer.0.weight: 
 tensor([ 544, 1449, 1404,  587,  112,    0,    0,    0,    0,    0,    0],
       device='cuda:0', dtype=torch.int32)
fc1_layer.0.weight: 
 tensor([ 63, 183, 175,  76,  15,   0,   0,   0,   0,   0,   0],
       device='cuda:0', dtype=torch.int32)
Head Finetuning    :Task: 3,	 Epoch: 0/40,	 Avg.loss: 0.0025,	 Test Accuracy: 152/1000(15%)
Head Finetuning    :Task: 3,	 Epoch: 1/40,	 Avg.loss: 0.0024,	 Test Accuracy: 159/1000(16%)
Head Finetuning    :Task: 3,	 Epoch: 2/40,	 Avg.loss: 0.0024,	 Test Accuracy: 171/1000(17%)
Head Finetuning    :Task: 3,	 Epoch: 3/40,	 Avg.loss: 0.0023,	 Test Accuracy: 182/1000(18%)
Head Finetuning    :Task: 3,	 Epoch: 4/40,	 Avg.loss: 0.0023,	 Test Accuracy: 195/1000(20%)
Head Finetuning    :Task: 3,	 Epoch: 5/40,	 Avg.loss: 0.0023,	 Test Accuracy: 207/1000(21%)
Head Finetuning    :Task: 3,	 Epoch: 6/40,	 Avg.loss: 0.0022,	 Test Accuracy: 215/1000(22%)
Head Finetuning    :Task: 3,	 Epoch: 7/40,	 Avg.loss: 0.0022,	 Test Accuracy: 225/1000(23%)
Head Finetuning    :Task: 3,	 Epoch: 8/40,	 Avg.loss: 0.0022,	 Test Accuracy: 230/1000(23%)
Head Finetuning    :Task: 3,	 Epoch: 9/40,	 Avg.loss: 0.0022,	 Test Accuracy: 241/1000(24%)
Head Finetuning    :Task: 3,	 Epoch: 10/40,	 Avg.loss: 0.0022,	 Test Accuracy: 246/1000(25%)
Head Finetuning    :Task: 3,	 Epoch: 11/40,	 Avg.loss: 0.0021,	 Test Accuracy: 251/1000(25%)
Head Finetuning    :Task: 3,	 Epoch: 12/40,	 Avg.loss: 0.0021,	 Test Accuracy: 258/1000(26%)
Head Finetuning    :Task: 3,	 Epoch: 13/40,	 Avg.loss: 0.0021,	 Test Accuracy: 261/1000(26%)
Head Finetuning    :Task: 3,	 Epoch: 14/40,	 Avg.loss: 0.0021,	 Test Accuracy: 267/1000(27%)
Task: 3,	 Epoch: 0/40,	 Avg.loss: 0.0024,	 Test Accuracy: 171/1000(17%)
Task: 3,	 Epoch: 0/40,	 Avg.loss: 0.0016,	 Test Accuracy: 453/1000(45%)
Task: 3,	 Epoch: 0/40,	 Avg.loss: 0.0014,	 Test Accuracy: 521/1000(52%)
Task: 3,	 Epoch: 0/40,	 Avg.loss: 0.0012,	 Test Accuracy: 592/1000(59%)
Task: 3,	 Epoch: 0/40,	 Avg.loss: 0.0012,	 Test Accuracy: 576/1000(58%)
Task: 3,	 Epoch: 0/40,	 Avg.loss: 0.0011,	 Test Accuracy: 639/1000(64%)
Task: 3,	 Epoch: 0/40,	 Avg.loss: 0.0010,	 Test Accuracy: 662/1000(66%)
Task: 3,	 Epoch: 0/40,	 Avg.loss: 0.0011,	 Test Accuracy: 654/1000(65%)
Task: 3,	 Epoch: 1/40,	 Avg.loss: 0.0009,	 Test Accuracy: 699/1000(70%)
Task: 3,	 Epoch: 2/40,	 Avg.loss: 0.0009,	 Test Accuracy: 708/1000(71%)
Task: 3,	 Epoch: 3/40,	 Avg.loss: 0.0008,	 Test Accuracy: 713/1000(71%)
Task: 3,	 Epoch: 4/40,	 Avg.loss: 0.0008,	 Test Accuracy: 745/1000(74%)
Task: 3,	 Epoch: 5/40,	 Avg.loss: 0.0008,	 Test Accuracy: 729/1000(73%)
Task: 3,	 Epoch: 6/40,	 Avg.loss: 0.0008,	 Test Accuracy: 732/1000(73%)
Task: 3,	 Epoch: 7/40,	 Avg.loss: 0.0008,	 Test Accuracy: 742/1000(74%)
Task: 3,	 Epoch: 8/40,	 Avg.loss: 0.0008,	 Test Accuracy: 741/1000(74%)
Task: 3,	 Epoch: 9/40,	 Avg.loss: 0.0008,	 Test Accuracy: 731/1000(73%)
Task: 3,	 Epoch: 10/40,	 Avg.loss: 0.0008,	 Test Accuracy: 734/1000(73%)
Task: 3,	 Epoch: 11/40,	 Avg.loss: 0.0007,	 Test Accuracy: 770/1000(77%)
Task: 3,	 Epoch: 12/40,	 Avg.loss: 0.0008,	 Test Accuracy: 753/1000(75%)
Task: 3,	 Epoch: 13/40,	 Avg.loss: 0.0007,	 Test Accuracy: 753/1000(75%)
Task: 3,	 Epoch: 14/40,	 Avg.loss: 0.0008,	 Test Accuracy: 749/1000(75%)
Task: 3,	 Epoch: 15/40,	 Avg.loss: 0.0008,	 Test Accuracy: 745/1000(74%)
Task: 3,	 Epoch: 16/40,	 Avg.loss: 0.0008,	 Test Accuracy: 756/1000(76%)
Task: 3,	 Epoch: 17/40,	 Avg.loss: 0.0008,	 Test Accuracy: 747/1000(75%)
Task: 3,	 Epoch: 18/40,	 Avg.loss: 0.0008,	 Test Accuracy: 759/1000(76%)
Task: 3,	 Epoch: 19/40,	 Avg.loss: 0.0008,	 Test Accuracy: 750/1000(75%)
Task: 3,	 Epoch: 20/40,	 Avg.loss: 0.0007,	 Test Accuracy: 760/1000(76%)
Task: 3,	 Epoch: 21/40,	 Avg.loss: 0.0007,	 Test Accuracy: 772/1000(77%)
Task: 3,	 Epoch: 22/40,	 Avg.loss: 0.0007,	 Test Accuracy: 775/1000(78%)
Task: 3,	 Epoch: 23/40,	 Avg.loss: 0.0007,	 Test Accuracy: 769/1000(77%)
Task: 3,	 Epoch: 24/40,	 Avg.loss: 0.0007,	 Test Accuracy: 770/1000(77%)
Task: 3,	 Epoch: 25/40,	 Avg.loss: 0.0007,	 Test Accuracy: 769/1000(77%)
Task: 3,	 Epoch: 26/40,	 Avg.loss: 0.0007,	 Test Accuracy: 779/1000(78%)
Task: 3,	 Epoch: 27/40,	 Avg.loss: 0.0007,	 Test Accuracy: 775/1000(78%)
Task: 3,	 Epoch: 28/40,	 Avg.loss: 0.0007,	 Test Accuracy: 780/1000(78%)
Task: 3,	 Epoch: 29/40,	 Avg.loss: 0.0007,	 Test Accuracy: 775/1000(78%)
Task: 3,	 Epoch: 30/40,	 Avg.loss: 0.0007,	 Test Accuracy: 778/1000(78%)
Task: 3,	 Epoch: 31/40,	 Avg.loss: 0.0007,	 Test Accuracy: 780/1000(78%)
Task: 3,	 Epoch: 32/40,	 Avg.loss: 0.0007,	 Test Accuracy: 779/1000(78%)
Task: 3,	 Epoch: 33/40,	 Avg.loss: 0.0007,	 Test Accuracy: 773/1000(77%)
Task: 3,	 Epoch: 34/40,	 Avg.loss: 0.0007,	 Test Accuracy: 781/1000(78%)
Task: 3,	 Epoch: 35/40,	 Avg.loss: 0.0007,	 Test Accuracy: 780/1000(78%)
Task: 3,	 Epoch: 36/40,	 Avg.loss: 0.0007,	 Test Accuracy: 771/1000(77%)
Task: 3,	 Epoch: 37/40,	 Avg.loss: 0.0007,	 Test Accuracy: 774/1000(77%)
Task: 3,	 Epoch: 38/40,	 Avg.loss: 0.0007,	 Test Accuracy: 780/1000(78%)
Task: 3,	 Epoch: 39/40,	 Avg.loss: 0.0007,	 Test Accuracy: 782/1000(78%)
Trained Task:3, Loaded task:0, Accuracy:85.2%
Trained Task:3, Loaded task:1, Accuracy:75.6%
Trained Task:3, Loaded task:2, Accuracy:81.2%
Trained Task:3, Loaded task:3, Accuracy:78.2%
Trained Task:3, Avg. Accuracy: 80.1 

List of avg. accuracy: [83.7, 80.5, 80.4, 80.1]
Mask histogram
conv1_layer.0.weight: 
 tensor([    0,     0,     0,     0,     0, 32768,     0,     0,     0,     0,
            0], device='cuda:0', dtype=torch.int32)
conv2_layer.0.weight: 
 tensor([   0,    0,    0,    0,    0, 8192,    0,    0,    0,    0,    0],
       device='cuda:0', dtype=torch.int32)
conv3_layer.0.weight: 
 tensor([    0,     0,     0,     0,     0, 16384,     0,     0,     0,     0,
            0], device='cuda:0', dtype=torch.int32)
conv4_layer.0.weight: 
 tensor([ 339, 1083, 1415,  903,  313,   43,    0,    0,    0,    0,    0],
       device='cuda:0', dtype=torch.int32)
fc1_layer.0.weight: 
 tensor([ 35, 133, 186, 112,  43,   3,   0,   0,   0,   0,   0],
       device='cuda:0', dtype=torch.int32)
Head Finetuning    :Task: 4,	 Epoch: 0/40,	 Avg.loss: 0.0028,	 Test Accuracy: 84/1000(8%)
Head Finetuning    :Task: 4,	 Epoch: 1/40,	 Avg.loss: 0.0027,	 Test Accuracy: 95/1000(10%)
Head Finetuning    :Task: 4,	 Epoch: 2/40,	 Avg.loss: 0.0027,	 Test Accuracy: 104/1000(10%)
Head Finetuning    :Task: 4,	 Epoch: 3/40,	 Avg.loss: 0.0026,	 Test Accuracy: 120/1000(12%)
Head Finetuning    :Task: 4,	 Epoch: 4/40,	 Avg.loss: 0.0025,	 Test Accuracy: 127/1000(13%)
Head Finetuning    :Task: 4,	 Epoch: 5/40,	 Avg.loss: 0.0025,	 Test Accuracy: 139/1000(14%)
Head Finetuning    :Task: 4,	 Epoch: 6/40,	 Avg.loss: 0.0024,	 Test Accuracy: 151/1000(15%)
Head Finetuning    :Task: 4,	 Epoch: 7/40,	 Avg.loss: 0.0024,	 Test Accuracy: 161/1000(16%)
Head Finetuning    :Task: 4,	 Epoch: 8/40,	 Avg.loss: 0.0024,	 Test Accuracy: 167/1000(17%)
Head Finetuning    :Task: 4,	 Epoch: 9/40,	 Avg.loss: 0.0023,	 Test Accuracy: 179/1000(18%)
Head Finetuning    :Task: 4,	 Epoch: 10/40,	 Avg.loss: 0.0023,	 Test Accuracy: 193/1000(19%)
Head Finetuning    :Task: 4,	 Epoch: 11/40,	 Avg.loss: 0.0023,	 Test Accuracy: 205/1000(21%)
Head Finetuning    :Task: 4,	 Epoch: 12/40,	 Avg.loss: 0.0022,	 Test Accuracy: 215/1000(22%)
Head Finetuning    :Task: 4,	 Epoch: 13/40,	 Avg.loss: 0.0022,	 Test Accuracy: 224/1000(22%)
Head Finetuning    :Task: 4,	 Epoch: 14/40,	 Avg.loss: 0.0022,	 Test Accuracy: 232/1000(23%)
Task: 4,	 Epoch: 0/40,	 Avg.loss: 0.0027,	 Test Accuracy: 99/1000(10%)
Task: 4,	 Epoch: 0/40,	 Avg.loss: 0.0017,	 Test Accuracy: 429/1000(43%)
Task: 4,	 Epoch: 0/40,	 Avg.loss: 0.0014,	 Test Accuracy: 566/1000(57%)
Task: 4,	 Epoch: 0/40,	 Avg.loss: 0.0012,	 Test Accuracy: 618/1000(62%)
Task: 4,	 Epoch: 0/40,	 Avg.loss: 0.0012,	 Test Accuracy: 631/1000(63%)
Task: 4,	 Epoch: 0/40,	 Avg.loss: 0.0010,	 Test Accuracy: 666/1000(67%)
Task: 4,	 Epoch: 0/40,	 Avg.loss: 0.0010,	 Test Accuracy: 668/1000(67%)
Task: 4,	 Epoch: 0/40,	 Avg.loss: 0.0009,	 Test Accuracy: 709/1000(71%)
Task: 4,	 Epoch: 1/40,	 Avg.loss: 0.0008,	 Test Accuracy: 748/1000(75%)
Task: 4,	 Epoch: 2/40,	 Avg.loss: 0.0008,	 Test Accuracy: 739/1000(74%)
Task: 4,	 Epoch: 3/40,	 Avg.loss: 0.0008,	 Test Accuracy: 745/1000(74%)
Task: 4,	 Epoch: 4/40,	 Avg.loss: 0.0008,	 Test Accuracy: 748/1000(75%)
Task: 4,	 Epoch: 5/40,	 Avg.loss: 0.0008,	 Test Accuracy: 749/1000(75%)
Task: 4,	 Epoch: 6/40,	 Avg.loss: 0.0007,	 Test Accuracy: 770/1000(77%)
Task: 4,	 Epoch: 7/40,	 Avg.loss: 0.0007,	 Test Accuracy: 770/1000(77%)
Task: 4,	 Epoch: 8/40,	 Avg.loss: 0.0007,	 Test Accuracy: 777/1000(78%)
Task: 4,	 Epoch: 9/40,	 Avg.loss: 0.0009,	 Test Accuracy: 736/1000(74%)
Task: 4,	 Epoch: 10/40,	 Avg.loss: 0.0007,	 Test Accuracy: 761/1000(76%)
Task: 4,	 Epoch: 11/40,	 Avg.loss: 0.0007,	 Test Accuracy: 774/1000(77%)
Task: 4,	 Epoch: 12/40,	 Avg.loss: 0.0007,	 Test Accuracy: 775/1000(78%)
Task: 4,	 Epoch: 13/40,	 Avg.loss: 0.0007,	 Test Accuracy: 780/1000(78%)
Task: 4,	 Epoch: 14/40,	 Avg.loss: 0.0007,	 Test Accuracy: 765/1000(76%)
Task: 4,	 Epoch: 15/40,	 Avg.loss: 0.0007,	 Test Accuracy: 762/1000(76%)
Task: 4,	 Epoch: 16/40,	 Avg.loss: 0.0007,	 Test Accuracy: 777/1000(78%)
Task: 4,	 Epoch: 17/40,	 Avg.loss: 0.0007,	 Test Accuracy: 752/1000(75%)
Task: 4,	 Epoch: 18/40,	 Avg.loss: 0.0007,	 Test Accuracy: 764/1000(76%)
Task: 4,	 Epoch: 19/40,	 Avg.loss: 0.0007,	 Test Accuracy: 768/1000(77%)
Task: 4,	 Epoch: 20/40,	 Avg.loss: 0.0007,	 Test Accuracy: 790/1000(79%)
Task: 4,	 Epoch: 21/40,	 Avg.loss: 0.0006,	 Test Accuracy: 789/1000(79%)
Task: 4,	 Epoch: 22/40,	 Avg.loss: 0.0006,	 Test Accuracy: 789/1000(79%)
Task: 4,	 Epoch: 23/40,	 Avg.loss: 0.0007,	 Test Accuracy: 789/1000(79%)
Task: 4,	 Epoch: 24/40,	 Avg.loss: 0.0006,	 Test Accuracy: 796/1000(80%)
Task: 4,	 Epoch: 25/40,	 Avg.loss: 0.0006,	 Test Accuracy: 795/1000(80%)
Task: 4,	 Epoch: 26/40,	 Avg.loss: 0.0007,	 Test Accuracy: 787/1000(79%)
Task: 4,	 Epoch: 27/40,	 Avg.loss: 0.0006,	 Test Accuracy: 796/1000(80%)
Task: 4,	 Epoch: 28/40,	 Avg.loss: 0.0006,	 Test Accuracy: 797/1000(80%)
Task: 4,	 Epoch: 29/40,	 Avg.loss: 0.0007,	 Test Accuracy: 793/1000(79%)
Task: 4,	 Epoch: 30/40,	 Avg.loss: 0.0006,	 Test Accuracy: 799/1000(80%)
Task: 4,	 Epoch: 31/40,	 Avg.loss: 0.0007,	 Test Accuracy: 790/1000(79%)
Task: 4,	 Epoch: 32/40,	 Avg.loss: 0.0006,	 Test Accuracy: 799/1000(80%)
Task: 4,	 Epoch: 33/40,	 Avg.loss: 0.0006,	 Test Accuracy: 796/1000(80%)
Task: 4,	 Epoch: 34/40,	 Avg.loss: 0.0006,	 Test Accuracy: 800/1000(80%)
Task: 4,	 Epoch: 35/40,	 Avg.loss: 0.0007,	 Test Accuracy: 788/1000(79%)
Task: 4,	 Epoch: 36/40,	 Avg.loss: 0.0007,	 Test Accuracy: 794/1000(79%)
Task: 4,	 Epoch: 37/40,	 Avg.loss: 0.0007,	 Test Accuracy: 791/1000(79%)
Task: 4,	 Epoch: 38/40,	 Avg.loss: 0.0007,	 Test Accuracy: 790/1000(79%)
Task: 4,	 Epoch: 39/40,	 Avg.loss: 0.0007,	 Test Accuracy: 797/1000(80%)
Trained Task:4, Loaded task:0, Accuracy:84.8%
Trained Task:4, Loaded task:1, Accuracy:75.6%
Trained Task:4, Loaded task:2, Accuracy:80.6%
Trained Task:4, Loaded task:3, Accuracy:77.1%
Trained Task:4, Loaded task:4, Accuracy:79.7%
Trained Task:4, Avg. Accuracy: 79.6 

List of avg. accuracy: [83.7, 80.5, 80.4, 80.1, 79.6]
Mask histogram
conv1_layer.0.weight: 
 tensor([    0,     0,     0,     0,     0,     0, 32768,     0,     0,     0,
            0], device='cuda:0', dtype=torch.int32)
conv2_layer.0.weight: 
 tensor([   0,    0,    0,    0,    0,    0, 8192,    0,    0,    0,    0],
       device='cuda:0', dtype=torch.int32)
conv3_layer.0.weight: 
 tensor([    0,     0,     0,     0,     0,     0, 16384,     0,     0,     0,
            0], device='cuda:0', dtype=torch.int32)
conv4_layer.0.weight: 
 tensor([ 197,  783, 1278, 1133,  540,  153,   12,    0,    0,    0,    0],
       device='cuda:0', dtype=torch.int32)
fc1_layer.0.weight: 
 tensor([ 22,  91, 160, 146,  74,  18,   1,   0,   0,   0,   0],
       device='cuda:0', dtype=torch.int32)
Head Finetuning    :Task: 5,	 Epoch: 0/40,	 Avg.loss: 0.0028,	 Test Accuracy: 129/1000(13%)
Head Finetuning    :Task: 5,	 Epoch: 1/40,	 Avg.loss: 0.0027,	 Test Accuracy: 140/1000(14%)
Head Finetuning    :Task: 5,	 Epoch: 2/40,	 Avg.loss: 0.0026,	 Test Accuracy: 151/1000(15%)
Head Finetuning    :Task: 5,	 Epoch: 3/40,	 Avg.loss: 0.0025,	 Test Accuracy: 161/1000(16%)
Head Finetuning    :Task: 5,	 Epoch: 4/40,	 Avg.loss: 0.0025,	 Test Accuracy: 165/1000(16%)
Head Finetuning    :Task: 5,	 Epoch: 5/40,	 Avg.loss: 0.0024,	 Test Accuracy: 190/1000(19%)
Head Finetuning    :Task: 5,	 Epoch: 6/40,	 Avg.loss: 0.0024,	 Test Accuracy: 200/1000(20%)
Head Finetuning    :Task: 5,	 Epoch: 7/40,	 Avg.loss: 0.0023,	 Test Accuracy: 208/1000(21%)
Head Finetuning    :Task: 5,	 Epoch: 8/40,	 Avg.loss: 0.0023,	 Test Accuracy: 218/1000(22%)
Head Finetuning    :Task: 5,	 Epoch: 9/40,	 Avg.loss: 0.0022,	 Test Accuracy: 228/1000(23%)
Head Finetuning    :Task: 5,	 Epoch: 10/40,	 Avg.loss: 0.0022,	 Test Accuracy: 239/1000(24%)
Head Finetuning    :Task: 5,	 Epoch: 11/40,	 Avg.loss: 0.0022,	 Test Accuracy: 247/1000(25%)
Head Finetuning    :Task: 5,	 Epoch: 12/40,	 Avg.loss: 0.0022,	 Test Accuracy: 256/1000(26%)
Head Finetuning    :Task: 5,	 Epoch: 13/40,	 Avg.loss: 0.0021,	 Test Accuracy: 263/1000(26%)
Head Finetuning    :Task: 5,	 Epoch: 14/40,	 Avg.loss: 0.0021,	 Test Accuracy: 269/1000(27%)
Task: 5,	 Epoch: 0/40,	 Avg.loss: 0.0025,	 Test Accuracy: 156/1000(16%)
Task: 5,	 Epoch: 0/40,	 Avg.loss: 0.0016,	 Test Accuracy: 437/1000(44%)
Task: 5,	 Epoch: 0/40,	 Avg.loss: 0.0012,	 Test Accuracy: 553/1000(55%)
Task: 5,	 Epoch: 0/40,	 Avg.loss: 0.0011,	 Test Accuracy: 610/1000(61%)
Task: 5,	 Epoch: 0/40,	 Avg.loss: 0.0010,	 Test Accuracy: 617/1000(62%)
Task: 5,	 Epoch: 0/40,	 Avg.loss: 0.0010,	 Test Accuracy: 653/1000(65%)
Task: 5,	 Epoch: 0/40,	 Avg.loss: 0.0009,	 Test Accuracy: 673/1000(67%)
Task: 5,	 Epoch: 0/40,	 Avg.loss: 0.0011,	 Test Accuracy: 601/1000(60%)
Task: 5,	 Epoch: 1/40,	 Avg.loss: 0.0010,	 Test Accuracy: 626/1000(63%)
Task: 5,	 Epoch: 2/40,	 Avg.loss: 0.0008,	 Test Accuracy: 732/1000(73%)
Task: 5,	 Epoch: 3/40,	 Avg.loss: 0.0007,	 Test Accuracy: 741/1000(74%)
Task: 5,	 Epoch: 4/40,	 Avg.loss: 0.0007,	 Test Accuracy: 723/1000(72%)
Task: 5,	 Epoch: 5/40,	 Avg.loss: 0.0008,	 Test Accuracy: 718/1000(72%)
Task: 5,	 Epoch: 6/40,	 Avg.loss: 0.0007,	 Test Accuracy: 747/1000(75%)
Task: 5,	 Epoch: 7/40,	 Avg.loss: 0.0007,	 Test Accuracy: 763/1000(76%)
Task: 5,	 Epoch: 8/40,	 Avg.loss: 0.0007,	 Test Accuracy: 755/1000(76%)
Task: 5,	 Epoch: 9/40,	 Avg.loss: 0.0007,	 Test Accuracy: 740/1000(74%)
Task: 5,	 Epoch: 10/40,	 Avg.loss: 0.0007,	 Test Accuracy: 722/1000(72%)
Task: 5,	 Epoch: 11/40,	 Avg.loss: 0.0007,	 Test Accuracy: 760/1000(76%)
Task: 5,	 Epoch: 12/40,	 Avg.loss: 0.0007,	 Test Accuracy: 761/1000(76%)
Task: 5,	 Epoch: 13/40,	 Avg.loss: 0.0006,	 Test Accuracy: 755/1000(76%)
Task: 5,	 Epoch: 14/40,	 Avg.loss: 0.0006,	 Test Accuracy: 780/1000(78%)
Task: 5,	 Epoch: 15/40,	 Avg.loss: 0.0007,	 Test Accuracy: 760/1000(76%)
Task: 5,	 Epoch: 16/40,	 Avg.loss: 0.0006,	 Test Accuracy: 782/1000(78%)
Task: 5,	 Epoch: 17/40,	 Avg.loss: 0.0007,	 Test Accuracy: 762/1000(76%)
Task: 5,	 Epoch: 18/40,	 Avg.loss: 0.0007,	 Test Accuracy: 764/1000(76%)
Task: 5,	 Epoch: 19/40,	 Avg.loss: 0.0006,	 Test Accuracy: 782/1000(78%)
Task: 5,	 Epoch: 20/40,	 Avg.loss: 0.0006,	 Test Accuracy: 781/1000(78%)
Task: 5,	 Epoch: 21/40,	 Avg.loss: 0.0006,	 Test Accuracy: 786/1000(79%)
Task: 5,	 Epoch: 22/40,	 Avg.loss: 0.0006,	 Test Accuracy: 778/1000(78%)
Task: 5,	 Epoch: 23/40,	 Avg.loss: 0.0006,	 Test Accuracy: 782/1000(78%)
Task: 5,	 Epoch: 24/40,	 Avg.loss: 0.0006,	 Test Accuracy: 782/1000(78%)
Task: 5,	 Epoch: 25/40,	 Avg.loss: 0.0006,	 Test Accuracy: 779/1000(78%)
Task: 5,	 Epoch: 26/40,	 Avg.loss: 0.0006,	 Test Accuracy: 783/1000(78%)
Task: 5,	 Epoch: 27/40,	 Avg.loss: 0.0006,	 Test Accuracy: 781/1000(78%)
Task: 5,	 Epoch: 28/40,	 Avg.loss: 0.0006,	 Test Accuracy: 788/1000(79%)
Task: 5,	 Epoch: 29/40,	 Avg.loss: 0.0006,	 Test Accuracy: 783/1000(78%)
Task: 5,	 Epoch: 30/40,	 Avg.loss: 0.0006,	 Test Accuracy: 787/1000(79%)
Task: 5,	 Epoch: 31/40,	 Avg.loss: 0.0006,	 Test Accuracy: 783/1000(78%)
Task: 5,	 Epoch: 32/40,	 Avg.loss: 0.0006,	 Test Accuracy: 783/1000(78%)
Task: 5,	 Epoch: 33/40,	 Avg.loss: 0.0006,	 Test Accuracy: 785/1000(78%)
Task: 5,	 Epoch: 34/40,	 Avg.loss: 0.0006,	 Test Accuracy: 789/1000(79%)
Task: 5,	 Epoch: 35/40,	 Avg.loss: 0.0006,	 Test Accuracy: 786/1000(79%)
Task: 5,	 Epoch: 36/40,	 Avg.loss: 0.0006,	 Test Accuracy: 785/1000(78%)
Task: 5,	 Epoch: 37/40,	 Avg.loss: 0.0006,	 Test Accuracy: 784/1000(78%)
Task: 5,	 Epoch: 38/40,	 Avg.loss: 0.0006,	 Test Accuracy: 788/1000(79%)
Task: 5,	 Epoch: 39/40,	 Avg.loss: 0.0006,	 Test Accuracy: 782/1000(78%)
Trained Task:5, Loaded task:0, Accuracy:84.2%
Trained Task:5, Loaded task:1, Accuracy:75.8%
Trained Task:5, Loaded task:2, Accuracy:80.0%
Trained Task:5, Loaded task:3, Accuracy:77.4%
Trained Task:5, Loaded task:4, Accuracy:78.9%
Trained Task:5, Loaded task:5, Accuracy:78.2%
Trained Task:5, Avg. Accuracy: 79.1 

List of avg. accuracy: [83.7, 80.5, 80.4, 80.1, 79.6, 79.1]
Mask histogram
conv1_layer.0.weight: 
 tensor([    0,     0,     0,     0,     0,     0,     0, 32768,     0,     0,
            0], device='cuda:0', dtype=torch.int32)
conv2_layer.0.weight: 
 tensor([   0,    0,    0,    0,    0,    0,    0, 8192,    0,    0,    0],
       device='cuda:0', dtype=torch.int32)
conv3_layer.0.weight: 
 tensor([    0,     0,     0,     0,     0,     0,     0, 16384,     0,     0,
            0], device='cuda:0', dtype=torch.int32)
conv4_layer.0.weight: 
 tensor([ 117,  563, 1063, 1208,  777,  288,   75,    5,    0,    0,    0],
       device='cuda:0', dtype=torch.int32)
fc1_layer.0.weight: 
 tensor([ 13,  54, 135, 152, 113,  38,   7,   0,   0,   0,   0],
       device='cuda:0', dtype=torch.int32)
Head Finetuning    :Task: 6,	 Epoch: 0/40,	 Avg.loss: 0.0027,	 Test Accuracy: 154/1000(15%)
Head Finetuning    :Task: 6,	 Epoch: 1/40,	 Avg.loss: 0.0025,	 Test Accuracy: 171/1000(17%)
Head Finetuning    :Task: 6,	 Epoch: 2/40,	 Avg.loss: 0.0024,	 Test Accuracy: 196/1000(20%)
Head Finetuning    :Task: 6,	 Epoch: 3/40,	 Avg.loss: 0.0023,	 Test Accuracy: 216/1000(22%)
Head Finetuning    :Task: 6,	 Epoch: 4/40,	 Avg.loss: 0.0023,	 Test Accuracy: 231/1000(23%)
Head Finetuning    :Task: 6,	 Epoch: 5/40,	 Avg.loss: 0.0022,	 Test Accuracy: 241/1000(24%)
Head Finetuning    :Task: 6,	 Epoch: 6/40,	 Avg.loss: 0.0022,	 Test Accuracy: 256/1000(26%)
Head Finetuning    :Task: 6,	 Epoch: 7/40,	 Avg.loss: 0.0021,	 Test Accuracy: 273/1000(27%)
Head Finetuning    :Task: 6,	 Epoch: 8/40,	 Avg.loss: 0.0021,	 Test Accuracy: 282/1000(28%)
Head Finetuning    :Task: 6,	 Epoch: 9/40,	 Avg.loss: 0.0020,	 Test Accuracy: 295/1000(30%)
Head Finetuning    :Task: 6,	 Epoch: 10/40,	 Avg.loss: 0.0020,	 Test Accuracy: 316/1000(32%)
Head Finetuning    :Task: 6,	 Epoch: 11/40,	 Avg.loss: 0.0020,	 Test Accuracy: 328/1000(33%)
Head Finetuning    :Task: 6,	 Epoch: 12/40,	 Avg.loss: 0.0019,	 Test Accuracy: 337/1000(34%)
Head Finetuning    :Task: 6,	 Epoch: 13/40,	 Avg.loss: 0.0019,	 Test Accuracy: 345/1000(34%)
Head Finetuning    :Task: 6,	 Epoch: 14/40,	 Avg.loss: 0.0019,	 Test Accuracy: 352/1000(35%)
Task: 6,	 Epoch: 0/40,	 Avg.loss: 0.0025,	 Test Accuracy: 189/1000(19%)
Task: 6,	 Epoch: 0/40,	 Avg.loss: 0.0014,	 Test Accuracy: 532/1000(53%)
Task: 6,	 Epoch: 0/40,	 Avg.loss: 0.0012,	 Test Accuracy: 573/1000(57%)
Task: 6,	 Epoch: 0/40,	 Avg.loss: 0.0011,	 Test Accuracy: 622/1000(62%)
Task: 6,	 Epoch: 0/40,	 Avg.loss: 0.0010,	 Test Accuracy: 619/1000(62%)
Task: 6,	 Epoch: 0/40,	 Avg.loss: 0.0009,	 Test Accuracy: 671/1000(67%)
Task: 6,	 Epoch: 0/40,	 Avg.loss: 0.0009,	 Test Accuracy: 680/1000(68%)
Task: 6,	 Epoch: 0/40,	 Avg.loss: 0.0010,	 Test Accuracy: 650/1000(65%)
Task: 6,	 Epoch: 1/40,	 Avg.loss: 0.0008,	 Test Accuracy: 686/1000(69%)
Task: 6,	 Epoch: 2/40,	 Avg.loss: 0.0008,	 Test Accuracy: 705/1000(70%)
Task: 6,	 Epoch: 3/40,	 Avg.loss: 0.0008,	 Test Accuracy: 709/1000(71%)
Task: 6,	 Epoch: 4/40,	 Avg.loss: 0.0008,	 Test Accuracy: 705/1000(70%)
Task: 6,	 Epoch: 5/40,	 Avg.loss: 0.0008,	 Test Accuracy: 735/1000(74%)
Task: 6,	 Epoch: 6/40,	 Avg.loss: 0.0007,	 Test Accuracy: 742/1000(74%)
Task: 6,	 Epoch: 7/40,	 Avg.loss: 0.0007,	 Test Accuracy: 731/1000(73%)
Task: 6,	 Epoch: 8/40,	 Avg.loss: 0.0007,	 Test Accuracy: 737/1000(74%)
Task: 6,	 Epoch: 9/40,	 Avg.loss: 0.0008,	 Test Accuracy: 727/1000(73%)
Task: 6,	 Epoch: 10/40,	 Avg.loss: 0.0008,	 Test Accuracy: 728/1000(73%)
Task: 6,	 Epoch: 11/40,	 Avg.loss: 0.0007,	 Test Accuracy: 745/1000(74%)
Task: 6,	 Epoch: 12/40,	 Avg.loss: 0.0007,	 Test Accuracy: 730/1000(73%)
Task: 6,	 Epoch: 13/40,	 Avg.loss: 0.0007,	 Test Accuracy: 747/1000(75%)
Task: 6,	 Epoch: 14/40,	 Avg.loss: 0.0007,	 Test Accuracy: 757/1000(76%)
Task: 6,	 Epoch: 15/40,	 Avg.loss: 0.0007,	 Test Accuracy: 737/1000(74%)
Task: 6,	 Epoch: 16/40,	 Avg.loss: 0.0007,	 Test Accuracy: 754/1000(75%)
Task: 6,	 Epoch: 17/40,	 Avg.loss: 0.0007,	 Test Accuracy: 753/1000(75%)
Task: 6,	 Epoch: 18/40,	 Avg.loss: 0.0007,	 Test Accuracy: 748/1000(75%)
Task: 6,	 Epoch: 19/40,	 Avg.loss: 0.0007,	 Test Accuracy: 765/1000(76%)
Task: 6,	 Epoch: 20/40,	 Avg.loss: 0.0007,	 Test Accuracy: 763/1000(76%)
Task: 6,	 Epoch: 21/40,	 Avg.loss: 0.0006,	 Test Accuracy: 775/1000(78%)
Task: 6,	 Epoch: 22/40,	 Avg.loss: 0.0006,	 Test Accuracy: 781/1000(78%)
Task: 6,	 Epoch: 23/40,	 Avg.loss: 0.0007,	 Test Accuracy: 775/1000(78%)
Task: 6,	 Epoch: 24/40,	 Avg.loss: 0.0007,	 Test Accuracy: 778/1000(78%)
Task: 6,	 Epoch: 25/40,	 Avg.loss: 0.0007,	 Test Accuracy: 772/1000(77%)
Task: 6,	 Epoch: 26/40,	 Avg.loss: 0.0007,	 Test Accuracy: 775/1000(78%)
Task: 6,	 Epoch: 27/40,	 Avg.loss: 0.0007,	 Test Accuracy: 778/1000(78%)
Task: 6,	 Epoch: 28/40,	 Avg.loss: 0.0007,	 Test Accuracy: 775/1000(78%)
Task: 6,	 Epoch: 29/40,	 Avg.loss: 0.0007,	 Test Accuracy: 771/1000(77%)
Task: 6,	 Epoch: 30/40,	 Avg.loss: 0.0007,	 Test Accuracy: 776/1000(78%)
Task: 6,	 Epoch: 31/40,	 Avg.loss: 0.0007,	 Test Accuracy: 772/1000(77%)
Task: 6,	 Epoch: 32/40,	 Avg.loss: 0.0006,	 Test Accuracy: 780/1000(78%)
Task: 6,	 Epoch: 33/40,	 Avg.loss: 0.0007,	 Test Accuracy: 776/1000(78%)
Task: 6,	 Epoch: 34/40,	 Avg.loss: 0.0007,	 Test Accuracy: 773/1000(77%)
Task: 6,	 Epoch: 35/40,	 Avg.loss: 0.0007,	 Test Accuracy: 781/1000(78%)
Task: 6,	 Epoch: 36/40,	 Avg.loss: 0.0007,	 Test Accuracy: 781/1000(78%)
Task: 6,	 Epoch: 37/40,	 Avg.loss: 0.0007,	 Test Accuracy: 768/1000(77%)
Task: 6,	 Epoch: 38/40,	 Avg.loss: 0.0007,	 Test Accuracy: 766/1000(77%)
Task: 6,	 Epoch: 39/40,	 Avg.loss: 0.0007,	 Test Accuracy: 770/1000(77%)
Trained Task:6, Loaded task:0, Accuracy:84.0%
Trained Task:6, Loaded task:1, Accuracy:76.1%
Trained Task:6, Loaded task:2, Accuracy:80.0%
Trained Task:6, Loaded task:3, Accuracy:76.9%
Trained Task:6, Loaded task:4, Accuracy:79.1%
Trained Task:6, Loaded task:5, Accuracy:78.2%
Trained Task:6, Loaded task:6, Accuracy:77.0%
Trained Task:6, Avg. Accuracy: 78.8 

List of avg. accuracy: [83.7, 80.5, 80.4, 80.1, 79.6, 79.1, 78.8]
Mask histogram
conv1_layer.0.weight: 
 tensor([    0,     0,     0,     0,     0,     0,     0,     0, 32768,     0,
            0], device='cuda:0', dtype=torch.int32)
conv2_layer.0.weight: 
 tensor([   0,    0,    0,    0,    0,    0,    0,    0, 8192,    0,    0],
       device='cuda:0', dtype=torch.int32)
conv3_layer.0.weight: 
 tensor([    0,     0,     0,     0,     0,     0,     0,     0, 16384,     0,
            0], device='cuda:0', dtype=torch.int32)
conv4_layer.0.weight: 
 tensor([  74,  381,  883, 1128,  923,  519,  155,   31,    2,    0,    0],
       device='cuda:0', dtype=torch.int32)
fc1_layer.0.weight: 
 tensor([ 10,  34,  96, 153, 127,  67,  22,   3,   0,   0,   0],
       device='cuda:0', dtype=torch.int32)
Head Finetuning    :Task: 7,	 Epoch: 0/40,	 Avg.loss: 0.0031,	 Test Accuracy: 121/1000(12%)
Head Finetuning    :Task: 7,	 Epoch: 1/40,	 Avg.loss: 0.0030,	 Test Accuracy: 125/1000(13%)
Head Finetuning    :Task: 7,	 Epoch: 2/40,	 Avg.loss: 0.0028,	 Test Accuracy: 128/1000(13%)
Head Finetuning    :Task: 7,	 Epoch: 3/40,	 Avg.loss: 0.0027,	 Test Accuracy: 131/1000(13%)
Head Finetuning    :Task: 7,	 Epoch: 4/40,	 Avg.loss: 0.0027,	 Test Accuracy: 133/1000(13%)
Head Finetuning    :Task: 7,	 Epoch: 5/40,	 Avg.loss: 0.0026,	 Test Accuracy: 140/1000(14%)
Head Finetuning    :Task: 7,	 Epoch: 6/40,	 Avg.loss: 0.0025,	 Test Accuracy: 145/1000(15%)
Head Finetuning    :Task: 7,	 Epoch: 7/40,	 Avg.loss: 0.0025,	 Test Accuracy: 151/1000(15%)
Head Finetuning    :Task: 7,	 Epoch: 8/40,	 Avg.loss: 0.0024,	 Test Accuracy: 155/1000(16%)
Head Finetuning    :Task: 7,	 Epoch: 9/40,	 Avg.loss: 0.0024,	 Test Accuracy: 163/1000(16%)
Head Finetuning    :Task: 7,	 Epoch: 10/40,	 Avg.loss: 0.0024,	 Test Accuracy: 164/1000(16%)
Head Finetuning    :Task: 7,	 Epoch: 11/40,	 Avg.loss: 0.0023,	 Test Accuracy: 169/1000(17%)
Head Finetuning    :Task: 7,	 Epoch: 12/40,	 Avg.loss: 0.0023,	 Test Accuracy: 173/1000(17%)
Head Finetuning    :Task: 7,	 Epoch: 13/40,	 Avg.loss: 0.0022,	 Test Accuracy: 183/1000(18%)
Head Finetuning    :Task: 7,	 Epoch: 14/40,	 Avg.loss: 0.0022,	 Test Accuracy: 182/1000(18%)
Task: 7,	 Epoch: 0/40,	 Avg.loss: 0.0028,	 Test Accuracy: 115/1000(12%)
Task: 7,	 Epoch: 0/40,	 Avg.loss: 0.0018,	 Test Accuracy: 392/1000(39%)
Task: 7,	 Epoch: 0/40,	 Avg.loss: 0.0014,	 Test Accuracy: 497/1000(50%)
Task: 7,	 Epoch: 0/40,	 Avg.loss: 0.0013,	 Test Accuracy: 543/1000(54%)
Task: 7,	 Epoch: 0/40,	 Avg.loss: 0.0013,	 Test Accuracy: 560/1000(56%)
Task: 7,	 Epoch: 0/40,	 Avg.loss: 0.0012,	 Test Accuracy: 586/1000(59%)
Task: 7,	 Epoch: 0/40,	 Avg.loss: 0.0011,	 Test Accuracy: 624/1000(62%)
Task: 7,	 Epoch: 0/40,	 Avg.loss: 0.0011,	 Test Accuracy: 608/1000(61%)
Task: 7,	 Epoch: 1/40,	 Avg.loss: 0.0011,	 Test Accuracy: 636/1000(64%)
Task: 7,	 Epoch: 2/40,	 Avg.loss: 0.0010,	 Test Accuracy: 651/1000(65%)
Task: 7,	 Epoch: 3/40,	 Avg.loss: 0.0010,	 Test Accuracy: 646/1000(65%)
Task: 7,	 Epoch: 4/40,	 Avg.loss: 0.0009,	 Test Accuracy: 683/1000(68%)
Task: 7,	 Epoch: 5/40,	 Avg.loss: 0.0010,	 Test Accuracy: 676/1000(68%)
Task: 7,	 Epoch: 6/40,	 Avg.loss: 0.0009,	 Test Accuracy: 691/1000(69%)
Task: 7,	 Epoch: 7/40,	 Avg.loss: 0.0009,	 Test Accuracy: 707/1000(71%)
Task: 7,	 Epoch: 8/40,	 Avg.loss: 0.0009,	 Test Accuracy: 677/1000(68%)
Task: 7,	 Epoch: 9/40,	 Avg.loss: 0.0009,	 Test Accuracy: 711/1000(71%)
Task: 7,	 Epoch: 10/40,	 Avg.loss: 0.0009,	 Test Accuracy: 686/1000(69%)
Task: 7,	 Epoch: 11/40,	 Avg.loss: 0.0009,	 Test Accuracy: 696/1000(70%)
Task: 7,	 Epoch: 12/40,	 Avg.loss: 0.0009,	 Test Accuracy: 704/1000(70%)
Task: 7,	 Epoch: 13/40,	 Avg.loss: 0.0009,	 Test Accuracy: 695/1000(70%)
Task: 7,	 Epoch: 14/40,	 Avg.loss: 0.0009,	 Test Accuracy: 697/1000(70%)
Task: 7,	 Epoch: 15/40,	 Avg.loss: 0.0009,	 Test Accuracy: 704/1000(70%)
Task: 7,	 Epoch: 16/40,	 Avg.loss: 0.0009,	 Test Accuracy: 704/1000(70%)
Task: 7,	 Epoch: 17/40,	 Avg.loss: 0.0009,	 Test Accuracy: 711/1000(71%)
Task: 7,	 Epoch: 18/40,	 Avg.loss: 0.0008,	 Test Accuracy: 717/1000(72%)
Task: 7,	 Epoch: 19/40,	 Avg.loss: 0.0008,	 Test Accuracy: 714/1000(71%)
Task: 7,	 Epoch: 20/40,	 Avg.loss: 0.0008,	 Test Accuracy: 725/1000(72%)
Task: 7,	 Epoch: 21/40,	 Avg.loss: 0.0008,	 Test Accuracy: 724/1000(72%)
Task: 7,	 Epoch: 22/40,	 Avg.loss: 0.0008,	 Test Accuracy: 717/1000(72%)
Task: 7,	 Epoch: 23/40,	 Avg.loss: 0.0008,	 Test Accuracy: 722/1000(72%)
Task: 7,	 Epoch: 24/40,	 Avg.loss: 0.0008,	 Test Accuracy: 721/1000(72%)
Task: 7,	 Epoch: 25/40,	 Avg.loss: 0.0008,	 Test Accuracy: 727/1000(73%)
Task: 7,	 Epoch: 26/40,	 Avg.loss: 0.0008,	 Test Accuracy: 725/1000(72%)
Task: 7,	 Epoch: 27/40,	 Avg.loss: 0.0008,	 Test Accuracy: 719/1000(72%)
Task: 7,	 Epoch: 28/40,	 Avg.loss: 0.0008,	 Test Accuracy: 722/1000(72%)
Task: 7,	 Epoch: 29/40,	 Avg.loss: 0.0008,	 Test Accuracy: 726/1000(73%)
Task: 7,	 Epoch: 30/40,	 Avg.loss: 0.0008,	 Test Accuracy: 728/1000(73%)
Task: 7,	 Epoch: 31/40,	 Avg.loss: 0.0008,	 Test Accuracy: 724/1000(72%)
Task: 7,	 Epoch: 32/40,	 Avg.loss: 0.0008,	 Test Accuracy: 725/1000(72%)
Task: 7,	 Epoch: 33/40,	 Avg.loss: 0.0008,	 Test Accuracy: 728/1000(73%)
Task: 7,	 Epoch: 34/40,	 Avg.loss: 0.0008,	 Test Accuracy: 729/1000(73%)
Task: 7,	 Epoch: 35/40,	 Avg.loss: 0.0008,	 Test Accuracy: 728/1000(73%)
Task: 7,	 Epoch: 36/40,	 Avg.loss: 0.0008,	 Test Accuracy: 736/1000(74%)
Task: 7,	 Epoch: 37/40,	 Avg.loss: 0.0008,	 Test Accuracy: 729/1000(73%)
Task: 7,	 Epoch: 38/40,	 Avg.loss: 0.0008,	 Test Accuracy: 731/1000(73%)
Task: 7,	 Epoch: 39/40,	 Avg.loss: 0.0008,	 Test Accuracy: 723/1000(72%)
Trained Task:7, Loaded task:0, Accuracy:84.5%
Trained Task:7, Loaded task:1, Accuracy:76.1%
Trained Task:7, Loaded task:2, Accuracy:79.8%
Trained Task:7, Loaded task:3, Accuracy:76.8%
Trained Task:7, Loaded task:4, Accuracy:79.4%
Trained Task:7, Loaded task:5, Accuracy:78.7%
Trained Task:7, Loaded task:6, Accuracy:77.5%
Trained Task:7, Loaded task:7, Accuracy:72.3%
Trained Task:7, Avg. Accuracy: 78.1 

List of avg. accuracy: [83.7, 80.5, 80.4, 80.1, 79.6, 79.1, 78.8, 78.1]
Mask histogram
conv1_layer.0.weight: 
 tensor([    0,     0,     0,     0,     0,     0,     0,     0,     0, 32768,
            0], device='cuda:0', dtype=torch.int32)
conv2_layer.0.weight: 
 tensor([   0,    0,    0,    0,    0,    0,    0,    0,    0, 8192,    0],
       device='cuda:0', dtype=torch.int32)
conv3_layer.0.weight: 
 tensor([    0,     0,     0,     0,     0,     0,     0,     0,     0, 16384,
            0], device='cuda:0', dtype=torch.int32)
conv4_layer.0.weight: 
 tensor([  47,  252,  671, 1063,  977,  704,  282,   86,   14,    0,    0],
       device='cuda:0', dtype=torch.int32)
fc1_layer.0.weight: 
 tensor([  7,  22,  76, 128, 134,  94,  43,   7,   1,   0,   0],
       device='cuda:0', dtype=torch.int32)
Head Finetuning    :Task: 8,	 Epoch: 0/40,	 Avg.loss: 0.0028,	 Test Accuracy: 89/1000(9%)
Head Finetuning    :Task: 8,	 Epoch: 1/40,	 Avg.loss: 0.0027,	 Test Accuracy: 111/1000(11%)
Head Finetuning    :Task: 8,	 Epoch: 2/40,	 Avg.loss: 0.0026,	 Test Accuracy: 123/1000(12%)
Head Finetuning    :Task: 8,	 Epoch: 3/40,	 Avg.loss: 0.0025,	 Test Accuracy: 136/1000(14%)
Head Finetuning    :Task: 8,	 Epoch: 4/40,	 Avg.loss: 0.0025,	 Test Accuracy: 145/1000(15%)
Head Finetuning    :Task: 8,	 Epoch: 5/40,	 Avg.loss: 0.0024,	 Test Accuracy: 161/1000(16%)
Head Finetuning    :Task: 8,	 Epoch: 6/40,	 Avg.loss: 0.0024,	 Test Accuracy: 170/1000(17%)
Head Finetuning    :Task: 8,	 Epoch: 7/40,	 Avg.loss: 0.0024,	 Test Accuracy: 179/1000(18%)
Head Finetuning    :Task: 8,	 Epoch: 8/40,	 Avg.loss: 0.0023,	 Test Accuracy: 191/1000(19%)
Head Finetuning    :Task: 8,	 Epoch: 9/40,	 Avg.loss: 0.0023,	 Test Accuracy: 199/1000(20%)
Head Finetuning    :Task: 8,	 Epoch: 10/40,	 Avg.loss: 0.0023,	 Test Accuracy: 205/1000(21%)
Head Finetuning    :Task: 8,	 Epoch: 11/40,	 Avg.loss: 0.0022,	 Test Accuracy: 214/1000(21%)
Head Finetuning    :Task: 8,	 Epoch: 12/40,	 Avg.loss: 0.0022,	 Test Accuracy: 217/1000(22%)
Head Finetuning    :Task: 8,	 Epoch: 13/40,	 Avg.loss: 0.0022,	 Test Accuracy: 222/1000(22%)
Head Finetuning    :Task: 8,	 Epoch: 14/40,	 Avg.loss: 0.0022,	 Test Accuracy: 229/1000(23%)
Task: 8,	 Epoch: 0/40,	 Avg.loss: 0.0026,	 Test Accuracy: 119/1000(12%)
Task: 8,	 Epoch: 0/40,	 Avg.loss: 0.0017,	 Test Accuracy: 392/1000(39%)
Task: 8,	 Epoch: 0/40,	 Avg.loss: 0.0013,	 Test Accuracy: 555/1000(56%)
Task: 8,	 Epoch: 0/40,	 Avg.loss: 0.0012,	 Test Accuracy: 590/1000(59%)
Task: 8,	 Epoch: 0/40,	 Avg.loss: 0.0011,	 Test Accuracy: 634/1000(63%)
Task: 8,	 Epoch: 0/40,	 Avg.loss: 0.0011,	 Test Accuracy: 646/1000(65%)
Task: 8,	 Epoch: 0/40,	 Avg.loss: 0.0010,	 Test Accuracy: 654/1000(65%)
Task: 8,	 Epoch: 0/40,	 Avg.loss: 0.0011,	 Test Accuracy: 635/1000(64%)
Task: 8,	 Epoch: 1/40,	 Avg.loss: 0.0009,	 Test Accuracy: 686/1000(69%)
Task: 8,	 Epoch: 2/40,	 Avg.loss: 0.0010,	 Test Accuracy: 678/1000(68%)
Task: 8,	 Epoch: 3/40,	 Avg.loss: 0.0009,	 Test Accuracy: 698/1000(70%)
Task: 8,	 Epoch: 4/40,	 Avg.loss: 0.0008,	 Test Accuracy: 722/1000(72%)
Task: 8,	 Epoch: 5/40,	 Avg.loss: 0.0008,	 Test Accuracy: 732/1000(73%)
Task: 8,	 Epoch: 6/40,	 Avg.loss: 0.0008,	 Test Accuracy: 742/1000(74%)
Task: 8,	 Epoch: 7/40,	 Avg.loss: 0.0008,	 Test Accuracy: 736/1000(74%)
Task: 8,	 Epoch: 8/40,	 Avg.loss: 0.0008,	 Test Accuracy: 753/1000(75%)
Task: 8,	 Epoch: 9/40,	 Avg.loss: 0.0009,	 Test Accuracy: 694/1000(69%)
Task: 8,	 Epoch: 10/40,	 Avg.loss: 0.0008,	 Test Accuracy: 741/1000(74%)
Task: 8,	 Epoch: 11/40,	 Avg.loss: 0.0008,	 Test Accuracy: 727/1000(73%)
Task: 8,	 Epoch: 12/40,	 Avg.loss: 0.0007,	 Test Accuracy: 757/1000(76%)
Task: 8,	 Epoch: 13/40,	 Avg.loss: 0.0007,	 Test Accuracy: 745/1000(74%)
Task: 8,	 Epoch: 14/40,	 Avg.loss: 0.0008,	 Test Accuracy: 742/1000(74%)
Task: 8,	 Epoch: 15/40,	 Avg.loss: 0.0007,	 Test Accuracy: 760/1000(76%)
Task: 8,	 Epoch: 16/40,	 Avg.loss: 0.0007,	 Test Accuracy: 766/1000(77%)
Task: 8,	 Epoch: 17/40,	 Avg.loss: 0.0007,	 Test Accuracy: 766/1000(77%)
Task: 8,	 Epoch: 18/40,	 Avg.loss: 0.0007,	 Test Accuracy: 752/1000(75%)
Task: 8,	 Epoch: 19/40,	 Avg.loss: 0.0007,	 Test Accuracy: 750/1000(75%)
Task: 8,	 Epoch: 20/40,	 Avg.loss: 0.0007,	 Test Accuracy: 761/1000(76%)
Task: 8,	 Epoch: 21/40,	 Avg.loss: 0.0007,	 Test Accuracy: 763/1000(76%)
Task: 8,	 Epoch: 22/40,	 Avg.loss: 0.0007,	 Test Accuracy: 761/1000(76%)
Task: 8,	 Epoch: 23/40,	 Avg.loss: 0.0007,	 Test Accuracy: 765/1000(76%)
Task: 8,	 Epoch: 24/40,	 Avg.loss: 0.0007,	 Test Accuracy: 766/1000(77%)
Task: 8,	 Epoch: 25/40,	 Avg.loss: 0.0007,	 Test Accuracy: 763/1000(76%)
Task: 8,	 Epoch: 26/40,	 Avg.loss: 0.0007,	 Test Accuracy: 769/1000(77%)
Task: 8,	 Epoch: 27/40,	 Avg.loss: 0.0007,	 Test Accuracy: 773/1000(77%)
Task: 8,	 Epoch: 28/40,	 Avg.loss: 0.0007,	 Test Accuracy: 768/1000(77%)
Task: 8,	 Epoch: 29/40,	 Avg.loss: 0.0007,	 Test Accuracy: 768/1000(77%)
Task: 8,	 Epoch: 30/40,	 Avg.loss: 0.0007,	 Test Accuracy: 765/1000(76%)
Task: 8,	 Epoch: 31/40,	 Avg.loss: 0.0007,	 Test Accuracy: 768/1000(77%)
Task: 8,	 Epoch: 32/40,	 Avg.loss: 0.0007,	 Test Accuracy: 770/1000(77%)
Task: 8,	 Epoch: 33/40,	 Avg.loss: 0.0007,	 Test Accuracy: 769/1000(77%)
Task: 8,	 Epoch: 34/40,	 Avg.loss: 0.0007,	 Test Accuracy: 767/1000(77%)
Task: 8,	 Epoch: 35/40,	 Avg.loss: 0.0007,	 Test Accuracy: 773/1000(77%)
Task: 8,	 Epoch: 36/40,	 Avg.loss: 0.0007,	 Test Accuracy: 765/1000(76%)
Task: 8,	 Epoch: 37/40,	 Avg.loss: 0.0007,	 Test Accuracy: 765/1000(76%)
Task: 8,	 Epoch: 38/40,	 Avg.loss: 0.0007,	 Test Accuracy: 778/1000(78%)
Task: 8,	 Epoch: 39/40,	 Avg.loss: 0.0007,	 Test Accuracy: 765/1000(76%)
Trained Task:8, Loaded task:0, Accuracy:83.8%
Trained Task:8, Loaded task:1, Accuracy:75.3%
Trained Task:8, Loaded task:2, Accuracy:79.7%
Trained Task:8, Loaded task:3, Accuracy:77.1%
Trained Task:8, Loaded task:4, Accuracy:79.3%
Trained Task:8, Loaded task:5, Accuracy:79.0%
Trained Task:8, Loaded task:6, Accuracy:78.2%
Trained Task:8, Loaded task:7, Accuracy:73.1%
Trained Task:8, Loaded task:8, Accuracy:76.5%
Trained Task:8, Avg. Accuracy: 78.0 

List of avg. accuracy: [83.7, 80.5, 80.4, 80.1, 79.6, 79.1, 78.8, 78.1, 78.0]
Mask histogram
conv1_layer.0.weight: 
 tensor([    0,     0,     0,     0,     0,     0,     0,     0,     0,     0,
        32768], device='cuda:0', dtype=torch.int32)
conv2_layer.0.weight: 
 tensor([   0,    0,    0,    0,    0,    0,    0,    0,    0,    0, 8192],
       device='cuda:0', dtype=torch.int32)
conv3_layer.0.weight: 
 tensor([    0,     0,     0,     0,     0,     0,     0,     0,     0,     0,
        16384], device='cuda:0', dtype=torch.int32)
conv4_layer.0.weight: 
 tensor([ 29, 186, 484, 903, 999, 836, 450, 158,  45,   6,   0],
       device='cuda:0', dtype=torch.int32)
fc1_layer.0.weight: 
 tensor([  5,  16,  60, 100, 130, 110,  69,  17,   4,   1,   0],
       device='cuda:0', dtype=torch.int32)
Head Finetuning    :Task: 9,	 Epoch: 0/40,	 Avg.loss: 0.0027,	 Test Accuracy: 158/1000(16%)
Head Finetuning    :Task: 9,	 Epoch: 1/40,	 Avg.loss: 0.0026,	 Test Accuracy: 172/1000(17%)
Head Finetuning    :Task: 9,	 Epoch: 2/40,	 Avg.loss: 0.0025,	 Test Accuracy: 181/1000(18%)
Head Finetuning    :Task: 9,	 Epoch: 3/40,	 Avg.loss: 0.0024,	 Test Accuracy: 193/1000(19%)
Head Finetuning    :Task: 9,	 Epoch: 4/40,	 Avg.loss: 0.0024,	 Test Accuracy: 203/1000(20%)
Head Finetuning    :Task: 9,	 Epoch: 5/40,	 Avg.loss: 0.0023,	 Test Accuracy: 217/1000(22%)
Head Finetuning    :Task: 9,	 Epoch: 6/40,	 Avg.loss: 0.0023,	 Test Accuracy: 221/1000(22%)
Head Finetuning    :Task: 9,	 Epoch: 7/40,	 Avg.loss: 0.0023,	 Test Accuracy: 227/1000(23%)
Head Finetuning    :Task: 9,	 Epoch: 8/40,	 Avg.loss: 0.0022,	 Test Accuracy: 239/1000(24%)
Head Finetuning    :Task: 9,	 Epoch: 9/40,	 Avg.loss: 0.0022,	 Test Accuracy: 251/1000(25%)
Head Finetuning    :Task: 9,	 Epoch: 10/40,	 Avg.loss: 0.0022,	 Test Accuracy: 255/1000(26%)
Head Finetuning    :Task: 9,	 Epoch: 11/40,	 Avg.loss: 0.0021,	 Test Accuracy: 262/1000(26%)
Head Finetuning    :Task: 9,	 Epoch: 12/40,	 Avg.loss: 0.0021,	 Test Accuracy: 270/1000(27%)
Head Finetuning    :Task: 9,	 Epoch: 13/40,	 Avg.loss: 0.0021,	 Test Accuracy: 275/1000(28%)
Head Finetuning    :Task: 9,	 Epoch: 14/40,	 Avg.loss: 0.0020,	 Test Accuracy: 280/1000(28%)
Task: 9,	 Epoch: 0/40,	 Avg.loss: 0.0025,	 Test Accuracy: 182/1000(18%)
Task: 9,	 Epoch: 0/40,	 Avg.loss: 0.0014,	 Test Accuracy: 500/1000(50%)
Task: 9,	 Epoch: 0/40,	 Avg.loss: 0.0012,	 Test Accuracy: 616/1000(62%)
Task: 9,	 Epoch: 0/40,	 Avg.loss: 0.0011,	 Test Accuracy: 640/1000(64%)
Task: 9,	 Epoch: 0/40,	 Avg.loss: 0.0010,	 Test Accuracy: 686/1000(69%)
Task: 9,	 Epoch: 0/40,	 Avg.loss: 0.0009,	 Test Accuracy: 702/1000(70%)
Task: 9,	 Epoch: 0/40,	 Avg.loss: 0.0010,	 Test Accuracy: 682/1000(68%)
Task: 9,	 Epoch: 0/40,	 Avg.loss: 0.0009,	 Test Accuracy: 718/1000(72%)
Task: 9,	 Epoch: 1/40,	 Avg.loss: 0.0007,	 Test Accuracy: 748/1000(75%)
Task: 9,	 Epoch: 2/40,	 Avg.loss: 0.0007,	 Test Accuracy: 772/1000(77%)
Task: 9,	 Epoch: 3/40,	 Avg.loss: 0.0009,	 Test Accuracy: 715/1000(72%)
Task: 9,	 Epoch: 4/40,	 Avg.loss: 0.0007,	 Test Accuracy: 762/1000(76%)
Task: 9,	 Epoch: 5/40,	 Avg.loss: 0.0007,	 Test Accuracy: 753/1000(75%)
Task: 9,	 Epoch: 6/40,	 Avg.loss: 0.0007,	 Test Accuracy: 774/1000(77%)
Task: 9,	 Epoch: 7/40,	 Avg.loss: 0.0006,	 Test Accuracy: 792/1000(79%)
Task: 9,	 Epoch: 8/40,	 Avg.loss: 0.0007,	 Test Accuracy: 768/1000(77%)
Task: 9,	 Epoch: 9/40,	 Avg.loss: 0.0006,	 Test Accuracy: 780/1000(78%)
Task: 9,	 Epoch: 10/40,	 Avg.loss: 0.0006,	 Test Accuracy: 787/1000(79%)
Task: 9,	 Epoch: 11/40,	 Avg.loss: 0.0006,	 Test Accuracy: 796/1000(80%)
Task: 9,	 Epoch: 12/40,	 Avg.loss: 0.0006,	 Test Accuracy: 797/1000(80%)
Task: 9,	 Epoch: 13/40,	 Avg.loss: 0.0006,	 Test Accuracy: 810/1000(81%)
Task: 9,	 Epoch: 14/40,	 Avg.loss: 0.0007,	 Test Accuracy: 778/1000(78%)
Task: 9,	 Epoch: 15/40,	 Avg.loss: 0.0006,	 Test Accuracy: 802/1000(80%)
Task: 9,	 Epoch: 16/40,	 Avg.loss: 0.0006,	 Test Accuracy: 800/1000(80%)
Task: 9,	 Epoch: 17/40,	 Avg.loss: 0.0006,	 Test Accuracy: 815/1000(82%)
Task: 9,	 Epoch: 18/40,	 Avg.loss: 0.0006,	 Test Accuracy: 801/1000(80%)
Task: 9,	 Epoch: 19/40,	 Avg.loss: 0.0006,	 Test Accuracy: 803/1000(80%)
Task: 9,	 Epoch: 20/40,	 Avg.loss: 0.0006,	 Test Accuracy: 829/1000(83%)
Task: 9,	 Epoch: 21/40,	 Avg.loss: 0.0006,	 Test Accuracy: 817/1000(82%)
Task: 9,	 Epoch: 22/40,	 Avg.loss: 0.0006,	 Test Accuracy: 826/1000(83%)
Task: 9,	 Epoch: 23/40,	 Avg.loss: 0.0006,	 Test Accuracy: 816/1000(82%)
Task: 9,	 Epoch: 24/40,	 Avg.loss: 0.0006,	 Test Accuracy: 821/1000(82%)
Task: 9,	 Epoch: 25/40,	 Avg.loss: 0.0006,	 Test Accuracy: 826/1000(83%)
Task: 9,	 Epoch: 26/40,	 Avg.loss: 0.0006,	 Test Accuracy: 823/1000(82%)
Task: 9,	 Epoch: 27/40,	 Avg.loss: 0.0006,	 Test Accuracy: 813/1000(81%)
Task: 9,	 Epoch: 28/40,	 Avg.loss: 0.0006,	 Test Accuracy: 821/1000(82%)
Task: 9,	 Epoch: 29/40,	 Avg.loss: 0.0006,	 Test Accuracy: 820/1000(82%)
Task: 9,	 Epoch: 30/40,	 Avg.loss: 0.0006,	 Test Accuracy: 820/1000(82%)
Task: 9,	 Epoch: 31/40,	 Avg.loss: 0.0006,	 Test Accuracy: 829/1000(83%)
Task: 9,	 Epoch: 32/40,	 Avg.loss: 0.0006,	 Test Accuracy: 823/1000(82%)
Task: 9,	 Epoch: 33/40,	 Avg.loss: 0.0006,	 Test Accuracy: 823/1000(82%)
Task: 9,	 Epoch: 34/40,	 Avg.loss: 0.0006,	 Test Accuracy: 822/1000(82%)
Task: 9,	 Epoch: 35/40,	 Avg.loss: 0.0006,	 Test Accuracy: 820/1000(82%)
Task: 9,	 Epoch: 36/40,	 Avg.loss: 0.0006,	 Test Accuracy: 826/1000(83%)
Task: 9,	 Epoch: 37/40,	 Avg.loss: 0.0006,	 Test Accuracy: 825/1000(83%)
Task: 9,	 Epoch: 38/40,	 Avg.loss: 0.0006,	 Test Accuracy: 816/1000(82%)
Task: 9,	 Epoch: 39/40,	 Avg.loss: 0.0006,	 Test Accuracy: 819/1000(82%)
Trained Task:9, Loaded task:0, Accuracy:83.6%
Trained Task:9, Loaded task:1, Accuracy:75.5%
Trained Task:9, Loaded task:2, Accuracy:79.2%
Trained Task:9, Loaded task:3, Accuracy:76.8%
Trained Task:9, Loaded task:4, Accuracy:79.1%
Trained Task:9, Loaded task:5, Accuracy:77.9%
Trained Task:9, Loaded task:6, Accuracy:78.0%
Trained Task:9, Loaded task:7, Accuracy:73.6%
Trained Task:9, Loaded task:8, Accuracy:76.8%
Trained Task:9, Loaded task:9, Accuracy:81.9%
Trained Task:9, Avg. Accuracy: 78.2 

List of avg. accuracy: [83.7, 80.5, 80.4, 80.1, 79.6, 79.1, 78.8, 78.1, 78.0, 78.2]
