Layer        : conv1_layer.2.weight
R.histogram  : tensor([4., 7., 6., 4., 2., 1., 3., 2., 0., 3.], device='cuda:0')
R_sum max/min: 836.5/300.4
F max  		: 0.40156275033950806
O masx 		: 0.0
Layer        : conv2_layer.2.weight
R.histogram  : tensor([11., 10., 11.,  8.,  6.,  3.,  3.,  2.,  5.,  5.], device='cuda:0')
R_sum max/min: 1161.6/576.0
F max  		: 0.1963609904050827
O masx 		: 0.0
Layer        : fc1_layer.1.weight
R.histogram  : tensor([299., 131.,  51.,  21.,   1.,   3.,   2.,   1.,   2.,   1.],
       device='cuda:0')
R_sum max/min: 10697.1/4096.0
F max  		: 0.010757440701127052
O masx 		: 0.0
Mask histogram
conv1_layer.2.weight: 	 tensor([   0., 8192.,    0.,    0.,    0.,    0.,    0.,    0.,    0.,    0.,
           0.], device='cuda:0')
conv2_layer.2.weight: 	 tensor([2496., 1600.,    0.,    0.,    0.,    0.,    0.,    0.,    0.,    0.,
           0.], device='cuda:0')
fc1_layer.1.weight: 	 tensor([308., 204.,   0.,   0.,   0.,   0.,   0.,   0.,   0.,   0.,   0.],
       device='cuda:0')
Head Finetuning    :Task: 0,	 Epoch: 0/40,	 Avg.loss: 0.0013,	 Test Accuracy: 547/1000(55%)
Head Finetuning    :Task: 0,	 Epoch: 1/40,	 Avg.loss: 0.0011,	 Test Accuracy: 611/1000(61%)
Head Finetuning    :Task: 0,	 Epoch: 2/40,	 Avg.loss: 0.0011,	 Test Accuracy: 646/1000(65%)
Head Finetuning    :Task: 0,	 Epoch: 3/40,	 Avg.loss: 0.0010,	 Test Accuracy: 648/1000(65%)
Head Finetuning    :Task: 0,	 Epoch: 4/40,	 Avg.loss: 0.0010,	 Test Accuracy: 669/1000(67%)
Head Finetuning    :Task: 0,	 Epoch: 5/40,	 Avg.loss: 0.0010,	 Test Accuracy: 667/1000(67%)
Head Finetuning    :Task: 0,	 Epoch: 6/40,	 Avg.loss: 0.0010,	 Test Accuracy: 674/1000(67%)
Head Finetuning    :Task: 0,	 Epoch: 7/40,	 Avg.loss: 0.0010,	 Test Accuracy: 680/1000(68%)
Head Finetuning    :Task: 0,	 Epoch: 8/40,	 Avg.loss: 0.0009,	 Test Accuracy: 684/1000(68%)
Head Finetuning    :Task: 0,	 Epoch: 9/40,	 Avg.loss: 0.0009,	 Test Accuracy: 684/1000(68%)
Head Finetuning    :Task: 0,	 Epoch: 10/40,	 Avg.loss: 0.0010,	 Test Accuracy: 678/1000(68%)
Head Finetuning    :Task: 0,	 Epoch: 11/40,	 Avg.loss: 0.0009,	 Test Accuracy: 675/1000(68%)
Head Finetuning    :Task: 0,	 Epoch: 12/40,	 Avg.loss: 0.0009,	 Test Accuracy: 678/1000(68%)
Head Finetuning    :Task: 0,	 Epoch: 13/40,	 Avg.loss: 0.0009,	 Test Accuracy: 684/1000(68%)
Head Finetuning    :Task: 0,	 Epoch: 14/40,	 Avg.loss: 0.0009,	 Test Accuracy: 688/1000(69%)
Head Finetuning    :Task: 0,	 Epoch: 15/40,	 Avg.loss: 0.0009,	 Test Accuracy: 688/1000(69%)
Head Finetuning    :Task: 0,	 Epoch: 16/40,	 Avg.loss: 0.0009,	 Test Accuracy: 686/1000(69%)
Head Finetuning    :Task: 0,	 Epoch: 17/40,	 Avg.loss: 0.0009,	 Test Accuracy: 680/1000(68%)
Head Finetuning    :Task: 0,	 Epoch: 18/40,	 Avg.loss: 0.0009,	 Test Accuracy: 687/1000(69%)
Head Finetuning    :Task: 0,	 Epoch: 19/40,	 Avg.loss: 0.0009,	 Test Accuracy: 681/1000(68%)
Task: 0,	 Epoch: 0/40,	 Avg.loss: 0.0009,	 Test Accuracy: 684/1000(68%)
Task: 0,	 Epoch: 1/40,	 Avg.loss: 0.0008,	 Test Accuracy: 730/1000(73%)
Task: 0,	 Epoch: 2/40,	 Avg.loss: 0.0006,	 Test Accuracy: 774/1000(77%)
Task: 0,	 Epoch: 3/40,	 Avg.loss: 0.0008,	 Test Accuracy: 754/1000(75%)
Task: 0,	 Epoch: 4/40,	 Avg.loss: 0.0006,	 Test Accuracy: 793/1000(79%)
Task: 0,	 Epoch: 5/40,	 Avg.loss: 0.0006,	 Test Accuracy: 802/1000(80%)
Task: 0,	 Epoch: 6/40,	 Avg.loss: 0.0006,	 Test Accuracy: 814/1000(81%)
Task: 0,	 Epoch: 7/40,	 Avg.loss: 0.0006,	 Test Accuracy: 799/1000(80%)
Task: 0,	 Epoch: 8/40,	 Avg.loss: 0.0005,	 Test Accuracy: 834/1000(83%)
Task: 0,	 Epoch: 9/40,	 Avg.loss: 0.0005,	 Test Accuracy: 838/1000(84%)
Task: 0,	 Epoch: 10/40,	 Avg.loss: 0.0005,	 Test Accuracy: 833/1000(83%)
Task: 0,	 Epoch: 11/40,	 Avg.loss: 0.0006,	 Test Accuracy: 821/1000(82%)
Task: 0,	 Epoch: 12/40,	 Avg.loss: 0.0005,	 Test Accuracy: 833/1000(83%)
Task: 0,	 Epoch: 13/40,	 Avg.loss: 0.0005,	 Test Accuracy: 837/1000(84%)
Task: 0,	 Epoch: 14/40,	 Avg.loss: 0.0005,	 Test Accuracy: 845/1000(85%)
Task: 0,	 Epoch: 15/40,	 Avg.loss: 0.0005,	 Test Accuracy: 841/1000(84%)
Task: 0,	 Epoch: 16/40,	 Avg.loss: 0.0005,	 Test Accuracy: 846/1000(85%)
Task: 0,	 Epoch: 17/40,	 Avg.loss: 0.0005,	 Test Accuracy: 831/1000(83%)
Task: 0,	 Epoch: 18/40,	 Avg.loss: 0.0005,	 Test Accuracy: 848/1000(85%)
Task: 0,	 Epoch: 19/40,	 Avg.loss: 0.0005,	 Test Accuracy: 840/1000(84%)
Task: 0,	 Epoch: 20/40,	 Avg.loss: 0.0005,	 Test Accuracy: 850/1000(85%)
Task: 0,	 Epoch: 21/40,	 Avg.loss: 0.0005,	 Test Accuracy: 855/1000(86%)
Task: 0,	 Epoch: 22/40,	 Avg.loss: 0.0005,	 Test Accuracy: 852/1000(85%)
Task: 0,	 Epoch: 23/40,	 Avg.loss: 0.0005,	 Test Accuracy: 858/1000(86%)
Task: 0,	 Epoch: 24/40,	 Avg.loss: 0.0005,	 Test Accuracy: 863/1000(86%)
Task: 0,	 Epoch: 25/40,	 Avg.loss: 0.0005,	 Test Accuracy: 854/1000(85%)
Task: 0,	 Epoch: 26/40,	 Avg.loss: 0.0005,	 Test Accuracy: 856/1000(86%)
Task: 0,	 Epoch: 27/40,	 Avg.loss: 0.0005,	 Test Accuracy: 851/1000(85%)
Task: 0,	 Epoch: 28/40,	 Avg.loss: 0.0005,	 Test Accuracy: 854/1000(85%)
Task: 0,	 Epoch: 29/40,	 Avg.loss: 0.0005,	 Test Accuracy: 850/1000(85%)
Task: 0,	 Epoch: 30/40,	 Avg.loss: 0.0005,	 Test Accuracy: 854/1000(85%)
Task: 0,	 Epoch: 31/40,	 Avg.loss: 0.0005,	 Test Accuracy: 850/1000(85%)
Task: 0,	 Epoch: 32/40,	 Avg.loss: 0.0005,	 Test Accuracy: 853/1000(85%)
Task: 0,	 Epoch: 33/40,	 Avg.loss: 0.0005,	 Test Accuracy: 855/1000(86%)
Task: 0,	 Epoch: 34/40,	 Avg.loss: 0.0005,	 Test Accuracy: 860/1000(86%)
Task: 0,	 Epoch: 35/40,	 Avg.loss: 0.0005,	 Test Accuracy: 855/1000(86%)
Task: 0,	 Epoch: 36/40,	 Avg.loss: 0.0005,	 Test Accuracy: 863/1000(86%)
Task: 0,	 Epoch: 37/40,	 Avg.loss: 0.0005,	 Test Accuracy: 856/1000(86%)
Task: 0,	 Epoch: 38/40,	 Avg.loss: 0.0005,	 Test Accuracy: 853/1000(85%)
Task: 0,	 Epoch: 39/40,	 Avg.loss: 0.0005,	 Test Accuracy: 852/1000(85%)
****************************************
tensor([[[[ 7.9775,  7.6602,  6.7278],
          [ 6.9823,  6.6471,  5.3786],
          [ 4.6578,  4.4549,  3.8771]],

         [[ 5.0450,  5.0318,  4.7260],
          [ 3.5552,  3.5698,  3.0560],
          [ 1.7213,  1.7375,  1.8811]],

         [[ 2.9762,  3.0437,  3.1937],
          [ 1.8911,  1.9650,  2.0382],
          [ 2.0410,  1.8324,  1.7914]]],


        [[[ 1.2275,  0.8181,  0.8573],
          [ 1.0557,  1.3847,  0.9277],
          [ 1.0014,  0.9789,  2.7859]],

         [[ 0.6200,  2.0492,  1.7745],
          [ 2.6090,  3.0998,  1.5453],
          [ 2.4940,  1.5300,  1.0679]],

         [[ 0.7575,  2.1988,  2.1083],
          [ 2.5649,  3.2422,  1.9523],
          [ 2.5569,  1.7974,  0.9095]]],


        [[[ 1.1467,  0.9869,  0.9040],
          [ 1.0935,  1.6274,  1.1806],
          [ 1.7285,  2.7849,  2.1611]],

         [[ 1.3403,  1.2543,  1.2859],
          [ 1.0341,  1.1053,  0.8629],
          [ 1.0665,  1.6290,  1.1089]],

         [[ 1.5755,  1.4076,  1.5106],
          [ 1.1282,  1.1611,  0.9480],
          [ 1.1102,  1.5333,  1.1272]]],


        [[[ 1.5412,  1.1574,  1.0568],
          [ 1.8887,  1.1816,  1.5093],
          [ 2.7944,  1.4894,  1.4735]],

         [[ 4.0623,  3.6690,  2.9663],
          [ 3.7814,  2.5173,  1.7729],
          [ 3.7070,  2.2692,  1.6779]],

         [[ 2.1942,  1.8839,  1.5469],
          [ 1.9800,  1.7876,  2.1124],
          [ 2.0222,  1.8074,  2.2347]]],


        [[[ 3.2839,  2.1425,  5.7404],
          [ 4.4859,  2.8595,  7.5369],
          [ 1.3709,  5.0176,  8.7503]],

         [[ 5.0919,  0.9170,  4.2531],
          [ 6.0539,  1.4716,  6.2382],
          [ 2.5075,  3.7834,  7.5253]],

         [[ 4.9767,  0.9916,  4.0747],
          [ 5.7253,  1.5594,  6.0393],
          [ 2.2760,  3.7451,  7.2502]]],


        [[[ 1.4878,  1.3515,  1.0964],
          [ 2.4119,  3.0182,  1.0606],
          [ 3.8269,  3.1180,  1.5328]],

         [[ 4.7471,  6.6186,  5.8742],
          [ 7.2840,  7.9980,  5.0703],
          [ 7.9804,  7.1488,  3.0997]],

         [[ 5.2965,  6.8352,  6.0839],
          [ 7.2758,  7.8730,  5.2711],
          [ 7.5950,  6.8836,  3.3547]]],


        [[[ 1.8207,  1.1492,  1.0560],
          [ 1.1322,  1.7142,  1.8350],
          [ 1.2230,  1.3247,  1.3204]],

         [[ 2.2882,  1.2619,  0.9997],
          [ 1.1426,  1.6109,  2.0909],
          [ 1.3466,  1.1744,  1.3212]],

         [[ 2.0794,  1.2797,  1.2050],
          [ 1.0503,  1.6984,  2.3396],
          [ 1.1708,  1.1734,  1.4796]]],


        [[[ 1.9975,  3.5577,  5.0862],
          [ 3.4427,  5.3115,  6.6743],
          [ 1.6762,  1.4621,  2.9979]],

         [[ 8.9952,  7.7462,  6.3953],
          [ 7.4704,  6.0689,  4.8158],
          [10.4651,  9.4732,  7.6130]],

         [[ 9.7038,  8.7479,  7.4517],
          [ 8.2699,  7.1605,  5.9834],
          [11.0814, 10.3671,  8.5175]]],


        [[[ 0.6431,  1.0238,  1.9829],
          [ 0.6304,  1.1335,  0.8994],
          [ 1.7298,  3.1535,  2.6242]],

         [[ 0.8182,  1.3805,  2.4475],
          [ 0.5913,  1.0732,  0.7839],
          [ 1.6489,  3.1398,  2.4833]],

         [[ 0.9166,  1.3375,  2.3538],
          [ 0.6507,  1.2147,  0.9582],
          [ 1.7511,  3.2488,  2.6093]]],


        [[[ 2.8647,  3.1182,  3.9797],
          [ 1.8277,  1.7538,  2.1750],
          [ 1.9031,  2.6120,  3.8467]],

         [[ 1.8706,  2.0162,  2.2684],
          [ 3.3468,  3.2117,  1.6964],
          [ 1.8625,  1.5113,  2.0420]],

         [[ 2.8433,  2.7350,  2.0347],
          [ 5.5654,  5.6645,  3.7723],
          [ 3.3161,  2.5083,  1.8039]]],


        [[[ 5.0645,  6.7231,  8.1311],
          [ 4.6540,  5.9508,  8.2030],
          [ 3.7442,  4.1212,  6.8316]],

         [[ 5.0770,  6.4258,  7.4289],
          [ 3.7663,  4.7530,  6.8178],
          [ 2.2065,  2.2679,  4.8183]],

         [[ 4.6948,  5.9464,  6.8385],
          [ 3.0126,  4.0482,  6.1849],
          [ 1.6415,  1.8926,  4.3478]]],


        [[[ 4.7191,  3.1856,  0.8466],
          [ 4.1685,  2.0058,  2.1597],
          [ 2.8050,  0.8713,  4.0585]],

         [[ 3.1712,  1.6826,  1.6148],
          [ 2.8574,  0.9560,  3.7618],
          [ 1.9160,  1.1613,  5.4749]],

         [[ 1.5432,  1.1077,  2.6223],
          [ 1.5468,  1.3543,  4.5429],
          [ 1.3961,  1.9471,  5.9233]]],


        [[[ 5.9929, 10.6728, 14.3919],
          [ 2.0348,  3.8278,  9.9339],
          [ 1.8451,  6.2213, 11.2553]],

         [[ 7.6076,  3.8773,  3.3297],
          [13.8512,  9.8203,  3.7481],
          [11.2148,  5.8914,  2.9438]],

         [[ 7.7439,  3.7969,  2.9298],
          [13.7146, 10.1655,  3.9687],
          [10.9416,  6.1200,  2.6223]]],


        [[[ 4.0608,  4.0562,  2.2509],
          [ 6.3906,  6.7550,  2.8477],
          [ 7.4211,  7.0292,  2.1321]],

         [[ 1.9834,  2.2777,  1.9792],
          [ 3.6635,  4.6140,  2.0884],
          [ 4.4443,  4.4263,  2.1731]],

         [[ 1.9540,  2.0281,  2.3785],
          [ 2.7391,  3.3855,  2.2330],
          [ 3.1712,  3.2250,  3.0374]]],


        [[[ 6.2934,  3.0558,  1.8974],
          [ 2.9179,  1.7212,  5.4476],
          [ 3.1809,  1.1270,  2.4501]],

         [[ 6.7058,  3.3391,  1.9574],
          [ 3.5071,  1.3710,  5.2258],
          [ 3.9701,  1.2601,  2.0647]],

         [[ 7.5537,  4.3254,  1.3286],
          [ 4.6978,  1.2311,  3.7496],
          [ 5.2532,  2.2309,  1.3570]]],


        [[[ 1.5545,  0.8797,  1.3472],
          [ 1.2626,  1.0014,  1.9321],
          [ 1.7106,  1.6509,  2.2070]],

         [[ 1.1388,  0.6233,  0.8295],
          [ 0.9918,  0.7580,  1.4779],
          [ 1.6152,  1.5761,  1.8672]],

         [[ 0.7552,  0.9592,  0.7554],
          [ 0.7510,  0.6622,  0.8223],
          [ 1.0788,  0.9936,  1.0917]]],


        [[[ 4.7379,  3.1985,  6.2512],
          [ 2.7069,  8.5286, 11.2972],
          [ 3.9338, 12.0592, 14.1703]],

         [[ 2.7705,  5.7740,  9.7014],
          [ 3.7477, 11.5689, 14.6314],
          [ 6.1602, 14.8581, 17.1981]],

         [[ 3.9400,  4.0625,  7.3044],
          [ 2.6899,  8.8153, 11.8031],
          [ 4.2874, 11.9117, 14.2164]]],


        [[[ 8.0479,  6.7262,  5.0042],
          [ 5.9058,  3.0557,  2.5049],
          [ 4.3716,  2.2347,  4.7009]],

         [[ 8.2681,  9.8907, 11.8639],
          [10.8030, 14.8345, 18.0599],
          [11.9803, 17.2313, 20.8032]],

         [[ 9.5205, 10.8883, 12.4690],
          [12.0976, 15.6277, 18.3651],
          [13.2122, 17.8350, 20.8882]]],


        [[[11.4137,  9.4673,  5.2757],
          [10.5295,  8.2467,  2.3649],
          [ 8.6766,  5.6021,  2.4082]],

         [[ 8.7830,  6.3272,  2.1659],
          [ 7.1627,  4.1420,  4.1121],
          [ 4.7060,  1.7981,  7.0926]],

         [[ 7.6948,  4.9215,  1.8461],
          [ 6.0293,  2.9260,  5.3498],
          [ 3.8125,  1.6158,  8.2118]]],


        [[[11.7491, 10.4449,  9.7632],
          [11.8316, 10.2603,  9.5681],
          [10.2596,  8.1047,  7.4657]],

         [[ 7.0110,  5.3059,  4.1147],
          [ 6.6536,  4.8575,  3.8389],
          [ 4.8825,  2.9988,  2.4834]],

         [[ 7.7095,  5.5161,  3.8777],
          [ 7.0566,  4.9062,  3.5339],
          [ 4.9742,  2.9417,  2.3846]]],


        [[[ 1.5757,  1.8911,  1.6920],
          [ 1.6147,  2.0213,  1.5928],
          [ 1.3205,  1.6027,  1.4103]],

         [[ 1.5912,  2.1201,  2.2099],
          [ 1.8020,  2.4768,  2.1728],
          [ 1.4718,  2.2236,  1.9248]],

         [[ 1.8575,  2.4602,  2.6071],
          [ 2.1479,  2.7954,  2.5225],
          [ 1.8830,  2.6788,  2.3690]]],


        [[[ 2.7510,  2.7708,  2.4670],
          [ 2.1929,  2.6625,  2.4556],
          [ 1.4847,  1.5555,  1.7685]],

         [[ 2.9688,  3.3868,  2.8757],
          [ 2.6190,  3.4874,  3.1685],
          [ 1.7113,  1.3971,  1.4188]],

         [[ 2.7994,  3.0462,  2.5208],
          [ 2.6323,  3.3830,  3.0278],
          [ 2.0195,  1.6402,  1.5968]]],


        [[[ 5.0211,  5.6911,  5.3212],
          [ 4.3098,  5.4356,  4.8435],
          [ 0.6195,  0.8813,  1.2216]],

         [[ 4.3368,  5.0935,  4.7691],
          [ 3.5944,  4.8562,  4.3069],
          [ 1.1621,  0.7422,  0.8702]],

         [[ 4.0578,  4.8777,  4.5853],
          [ 3.4269,  4.7312,  4.1634],
          [ 0.8887,  0.8074,  1.0301]]],


        [[[ 6.5979, 10.2710, 11.4539],
          [ 6.6720, 10.8030, 11.8285],
          [ 1.2350,  2.1058,  4.8047]],

         [[ 4.6657,  7.7228,  8.6909],
          [ 4.6877,  8.1298,  8.9325],
          [ 2.1165,  1.8590,  2.2052]],

         [[ 3.3976,  5.6388,  6.3976],
          [ 3.5455,  6.1580,  6.6429],
          [ 2.9060,  2.7487,  1.8489]]],


        [[[ 3.1056,  3.0873,  2.1470],
          [ 2.3721,  2.1781,  1.8746],
          [ 2.6980,  2.3051,  2.1730]],

         [[ 2.5990,  2.5046,  2.9491],
          [ 2.4414,  2.4306,  2.2532],
          [ 2.3284,  2.4794,  2.1230]],

         [[ 2.5473,  2.4102,  2.6413],
          [ 2.3246,  3.2170,  2.5876],
          [ 3.7038,  4.3594,  3.7588]]],


        [[[ 2.6104,  5.8297,  8.1817],
          [ 2.7531,  7.5947,  8.2746],
          [ 2.7013,  3.5512,  3.9421]],

         [[ 6.6299,  2.3655,  2.3427],
          [ 6.9242,  2.0951,  2.2921],
          [ 9.7861,  5.8444,  5.8917]],

         [[ 8.2604,  3.7618,  2.7730],
          [ 8.6225,  3.2634,  3.4989],
          [11.5111,  8.0482,  8.5136]]],


        [[[ 2.1220,  2.3862,  2.9440],
          [ 3.0171,  4.4130,  4.5095],
          [ 2.7278,  2.6378,  2.7686]],

         [[ 2.2001,  2.1731,  2.4512],
          [ 2.5585,  3.4611,  3.1457],
          [ 1.6406,  1.8533,  2.0701]],

         [[ 1.6949,  1.6576,  1.7769],
          [ 1.8589,  2.1134,  2.0057],
          [ 1.7321,  2.2941,  2.7516]]],


        [[[ 5.4222,  4.8573,  3.0484],
          [ 4.3812,  2.8355,  1.6313],
          [ 2.4239,  1.5436,  4.2565]],

         [[ 2.9112,  3.6162,  4.9622],
          [ 2.7429,  4.2477,  6.8779],
          [ 3.2572,  5.2823,  9.3161]],

         [[ 2.6118,  3.2914,  4.8913],
          [ 2.4149,  3.8878,  6.5156],
          [ 2.8860,  4.7674,  8.4912]]],


        [[[ 4.9494,  3.0406,  1.1712],
          [ 4.7804,  2.4989,  1.1860],
          [ 3.4720,  1.3186,  1.1546]],

         [[ 5.1128,  3.4765,  0.8472],
          [ 4.3882,  2.4220,  0.8306],
          [ 2.7502,  0.9436,  0.9467]],

         [[ 2.9304,  1.6846,  1.4338],
          [ 2.3013,  1.1908,  1.8946],
          [ 1.3385,  1.5824,  2.2580]]],


        [[[ 5.6430,  6.1307,  7.3710],
          [ 3.3707,  4.1077,  7.7621],
          [ 1.3892,  1.3910,  5.6278]],

         [[ 3.6194,  4.3916,  6.0109],
          [ 1.5036,  2.2364,  6.1509],
          [ 2.9588,  2.4287,  3.3579]],

         [[ 3.7070,  4.8288,  6.6641],
          [ 1.5110,  2.4786,  6.4657],
          [ 2.8327,  2.2401,  3.1892]]],


        [[[ 1.9719,  3.1124,  2.1213],
          [ 3.0565,  5.5564,  3.4841],
          [ 3.7468,  5.5115,  3.0904]],

         [[ 3.2277,  5.2797,  3.7451],
          [ 5.0660,  7.9009,  5.2561],
          [ 5.5343,  7.4537,  4.3162]],

         [[ 1.9215,  3.0458,  1.9003],
          [ 2.4941,  4.7711,  2.5925],
          [ 2.5261,  4.0478,  2.0579]]],


        [[[ 3.5140,  2.0153,  5.8498],
          [ 5.1213,  2.5720,  5.2104],
          [ 6.6396,  2.8106,  5.2253]],

         [[ 5.0514,  2.2810,  5.7362],
          [ 7.0111,  3.2142,  4.8493],
          [ 8.2656,  3.1715,  5.1982]],

         [[ 5.6168,  2.5377,  5.1481],
          [ 7.5775,  3.6004,  4.3415],
          [ 8.5997,  3.5024,  4.5321]]]], device='cuda:0')
****************************************
tensor([[[[0., 0., 0.],
          [0., 0., 0.],
          [0., 0., 0.]],

         [[0., 0., 0.],
          [0., 0., 0.],
          [0., 0., 0.]],

         [[0., 0., 0.],
          [0., 0., 0.],
          [0., 0., 0.]]],


        [[[0., 0., 0.],
          [0., 0., 0.],
          [0., 0., 0.]],

         [[0., 0., 0.],
          [0., 0., 0.],
          [0., 0., 0.]],

         [[0., 0., 0.],
          [0., 0., 0.],
          [0., 0., 0.]]],


        [[[0., 0., 0.],
          [0., 0., 0.],
          [0., 0., 0.]],

         [[0., 0., 0.],
          [0., 0., 0.],
          [0., 0., 0.]],

         [[0., 0., 0.],
          [0., 0., 0.],
          [0., 0., 0.]]],


        [[[0., 0., 0.],
          [0., 0., 0.],
          [0., 0., 0.]],

         [[0., 0., 0.],
          [0., 0., 0.],
          [0., 0., 0.]],

         [[0., 0., 0.],
          [0., 0., 0.],
          [0., 0., 0.]]],


        [[[0., 0., 0.],
          [0., 0., 0.],
          [0., 0., 0.]],

         [[0., 0., 0.],
          [0., 0., 0.],
          [0., 0., 0.]],

         [[0., 0., 0.],
          [0., 0., 0.],
          [0., 0., 0.]]],


        [[[0., 0., 0.],
          [0., 0., 0.],
          [0., 0., 0.]],

         [[0., 0., 0.],
          [0., 0., 0.],
          [0., 0., 0.]],

         [[0., 0., 0.],
          [0., 0., 0.],
          [0., 0., 0.]]],


        [[[0., 0., 0.],
          [0., 0., 0.],
          [0., 0., 0.]],

         [[0., 0., 0.],
          [0., 0., 0.],
          [0., 0., 0.]],

         [[0., 0., 0.],
          [0., 0., 0.],
          [0., 0., 0.]]],


        [[[0., 0., 0.],
          [0., 0., 0.],
          [0., 0., 0.]],

         [[0., 0., 0.],
          [0., 0., 0.],
          [0., 0., 0.]],

         [[0., 0., 0.],
          [0., 0., 0.],
          [0., 0., 0.]]],


        [[[0., 0., 0.],
          [0., 0., 0.],
          [0., 0., 0.]],

         [[0., 0., 0.],
          [0., 0., 0.],
          [0., 0., 0.]],

         [[0., 0., 0.],
          [0., 0., 0.],
          [0., 0., 0.]]],


        [[[0., 0., 0.],
          [0., 0., 0.],
          [0., 0., 0.]],

         [[0., 0., 0.],
          [0., 0., 0.],
          [0., 0., 0.]],

         [[0., 0., 0.],
          [0., 0., 0.],
          [0., 0., 0.]]],


        [[[0., 0., 0.],
          [0., 0., 0.],
          [0., 0., 0.]],

         [[0., 0., 0.],
          [0., 0., 0.],
          [0., 0., 0.]],

         [[0., 0., 0.],
          [0., 0., 0.],
          [0., 0., 0.]]],


        [[[0., 0., 0.],
          [0., 0., 0.],
          [0., 0., 0.]],

         [[0., 0., 0.],
          [0., 0., 0.],
          [0., 0., 0.]],

         [[0., 0., 0.],
          [0., 0., 0.],
          [0., 0., 0.]]],


        [[[0., 0., 0.],
          [0., 0., 0.],
          [0., 0., 0.]],

         [[0., 0., 0.],
          [0., 0., 0.],
          [0., 0., 0.]],

         [[0., 0., 0.],
          [0., 0., 0.],
          [0., 0., 0.]]],


        [[[0., 0., 0.],
          [0., 0., 0.],
          [0., 0., 0.]],

         [[0., 0., 0.],
          [0., 0., 0.],
          [0., 0., 0.]],

         [[0., 0., 0.],
          [0., 0., 0.],
          [0., 0., 0.]]],


        [[[0., 0., 0.],
          [0., 0., 0.],
          [0., 0., 0.]],

         [[0., 0., 0.],
          [0., 0., 0.],
          [0., 0., 0.]],

         [[0., 0., 0.],
          [0., 0., 0.],
          [0., 0., 0.]]],


        [[[0., 0., 0.],
          [0., 0., 0.],
          [0., 0., 0.]],

         [[0., 0., 0.],
          [0., 0., 0.],
          [0., 0., 0.]],

         [[0., 0., 0.],
          [0., 0., 0.],
          [0., 0., 0.]]],


        [[[0., 0., 0.],
          [0., 0., 0.],
          [0., 0., 0.]],

         [[0., 0., 0.],
          [0., 0., 0.],
          [0., 0., 0.]],

         [[0., 0., 0.],
          [0., 0., 0.],
          [0., 0., 0.]]],


        [[[0., 0., 0.],
          [0., 0., 0.],
          [0., 0., 0.]],

         [[0., 0., 0.],
          [0., 0., 0.],
          [0., 0., 0.]],

         [[0., 0., 0.],
          [0., 0., 0.],
          [0., 0., 0.]]],


        [[[0., 0., 0.],
          [0., 0., 0.],
          [0., 0., 0.]],

         [[0., 0., 0.],
          [0., 0., 0.],
          [0., 0., 0.]],

         [[0., 0., 0.],
          [0., 0., 0.],
          [0., 0., 0.]]],


        [[[0., 0., 0.],
          [0., 0., 0.],
          [0., 0., 0.]],

         [[0., 0., 0.],
          [0., 0., 0.],
          [0., 0., 0.]],

         [[0., 0., 0.],
          [0., 0., 0.],
          [0., 0., 0.]]],


        [[[0., 0., 0.],
          [0., 0., 0.],
          [0., 0., 0.]],

         [[0., 0., 0.],
          [0., 0., 0.],
          [0., 0., 0.]],

         [[0., 0., 0.],
          [0., 0., 0.],
          [0., 0., 0.]]],


        [[[0., 0., 0.],
          [0., 0., 0.],
          [0., 0., 0.]],

         [[0., 0., 0.],
          [0., 0., 0.],
          [0., 0., 0.]],

         [[0., 0., 0.],
          [0., 0., 0.],
          [0., 0., 0.]]],


        [[[0., 0., 0.],
          [0., 0., 0.],
          [0., 0., 0.]],

         [[0., 0., 0.],
          [0., 0., 0.],
          [0., 0., 0.]],

         [[0., 0., 0.],
          [0., 0., 0.],
          [0., 0., 0.]]],


        [[[0., 0., 0.],
          [0., 0., 0.],
          [0., 0., 0.]],

         [[0., 0., 0.],
          [0., 0., 0.],
          [0., 0., 0.]],

         [[0., 0., 0.],
          [0., 0., 0.],
          [0., 0., 0.]]],


        [[[0., 0., 0.],
          [0., 0., 0.],
          [0., 0., 0.]],

         [[0., 0., 0.],
          [0., 0., 0.],
          [0., 0., 0.]],

         [[0., 0., 0.],
          [0., 0., 0.],
          [0., 0., 0.]]],


        [[[0., 0., 0.],
          [0., 0., 0.],
          [0., 0., 0.]],

         [[0., 0., 0.],
          [0., 0., 0.],
          [0., 0., 0.]],

         [[0., 0., 0.],
          [0., 0., 0.],
          [0., 0., 0.]]],


        [[[0., 0., 0.],
          [0., 0., 0.],
          [0., 0., 0.]],

         [[0., 0., 0.],
          [0., 0., 0.],
          [0., 0., 0.]],

         [[0., 0., 0.],
          [0., 0., 0.],
          [0., 0., 0.]]],


        [[[0., 0., 0.],
          [0., 0., 0.],
          [0., 0., 0.]],

         [[0., 0., 0.],
          [0., 0., 0.],
          [0., 0., 0.]],

         [[0., 0., 0.],
          [0., 0., 0.],
          [0., 0., 0.]]],


        [[[0., 0., 0.],
          [0., 0., 0.],
          [0., 0., 0.]],

         [[0., 0., 0.],
          [0., 0., 0.],
          [0., 0., 0.]],

         [[0., 0., 0.],
          [0., 0., 0.],
          [0., 0., 0.]]],


        [[[0., 0., 0.],
          [0., 0., 0.],
          [0., 0., 0.]],

         [[0., 0., 0.],
          [0., 0., 0.],
          [0., 0., 0.]],

         [[0., 0., 0.],
          [0., 0., 0.],
          [0., 0., 0.]]],


        [[[0., 0., 0.],
          [0., 0., 0.],
          [0., 0., 0.]],

         [[0., 0., 0.],
          [0., 0., 0.],
          [0., 0., 0.]],

         [[0., 0., 0.],
          [0., 0., 0.],
          [0., 0., 0.]]],


        [[[0., 0., 0.],
          [0., 0., 0.],
          [0., 0., 0.]],

         [[0., 0., 0.],
          [0., 0., 0.],
          [0., 0., 0.]],

         [[0., 0., 0.],
          [0., 0., 0.],
          [0., 0., 0.]]]], device='cuda:0')
****************************************
tensor([ 3.9743,  4.9441,  3.1304,  5.7434,  7.9571,  4.8970,  2.0294,  8.0742,
         3.0291,  8.6117,  1.4122,  6.0323, 14.1210,  3.0703,  9.4803,  1.1909,
         9.9136, 15.8732,  3.6928, 13.4871,  1.6950,  4.8381,  4.2897,  9.5495,
        10.0703,  6.6688,  1.4627,  6.0635,  1.3515,  9.6483,  4.0643,  4.0847],
       device='cuda:0')
****************************************
tensor([0., 0., 0., 0., 0., 0., 0., 0., 0., 0., 0., 0., 0., 0., 0., 0., 0., 0., 0., 0., 0., 0., 0., 0.,
        0., 0., 0., 0., 0., 0., 0., 0.], device='cuda:0')
****************************************
tensor([[[[0.2178, 0.2748, 0.4849],
          [0.2015, 0.2865, 0.5616],
          [0.2279, 0.2903, 0.5308]],

         [[0.0100, 0.0293, 0.1748],
          [0.0300, 0.1214, 0.3372],
          [0.1244, 0.2463, 0.4977]],

         [[0.3648, 0.2457, 0.1804],
          [0.2859, 0.2498, 0.1858],
          [0.3236, 0.3430, 0.2770]],

         ...,

         [[0.0402, 0.0977, 0.4966],
          [0.0724, 0.1210, 0.3439],
          [0.1020, 0.0971, 0.2011]],

         [[0.2837, 0.2442, 0.3437],
          [0.2543, 0.2607, 0.4242],
          [0.2565, 0.3186, 0.5170]],

         [[5.0881, 6.3433, 4.4019],
          [5.0939, 6.3582, 4.3287],
          [4.7243, 5.9640, 4.2647]]],


        [[[0.1272, 0.0913, 0.1948],
          [0.2196, 0.1381, 0.1883],
          [0.3574, 0.4577, 0.4268]],

         [[0.1393, 0.1242, 0.1964],
          [0.0540, 0.2247, 0.4558],
          [0.1358, 0.4118, 0.3281]],

         [[0.5548, 0.8527, 0.3247],
          [0.1114, 0.4811, 0.4390],
          [0.0548, 0.2166, 0.2968]],

         ...,

         [[0.0920, 0.0345, 0.2283],
          [0.3927, 0.5006, 0.3621],
          [0.4630, 0.7596, 0.5513]],

         [[0.2596, 0.3343, 0.4398],
          [0.1400, 0.1499, 0.3371],
          [0.1466, 0.1602, 0.2981]],

         [[1.5125, 3.4058, 2.5132],
          [1.3199, 1.8349, 2.2107],
          [1.3067, 1.2506, 1.4212]]],


        [[[2.0034, 1.9387, 1.9588],
          [2.1336, 2.2020, 2.1715],
          [2.0420, 2.3289, 2.3386]],

         [[0.0951, 0.4202, 0.4011],
          [0.0611, 0.4162, 0.3503],
          [0.1721, 0.4369, 0.3228]],

         [[0.7299, 0.2338, 0.3968],
          [0.5871, 0.1131, 0.2844],
          [0.6662, 0.1645, 0.2792]],

         ...,

         [[0.3393, 0.8330, 0.4116],
          [0.2489, 0.7816, 0.5654],
          [0.2733, 0.4528, 0.4732]],

         [[0.4001, 0.5651, 0.4499],
          [0.4316, 0.5747, 0.4181],
          [0.4862, 0.7245, 0.4893]],

         [[0.9119, 1.1903, 0.9729],
          [1.1240, 1.2900, 1.0548],
          [1.1607, 1.5511, 1.1579]]],


        ...,


        [[[1.7790, 1.9361, 1.6146],
          [1.4287, 1.2408, 1.4338],
          [2.6432, 3.0478, 2.7358]],

         [[0.5548, 0.2583, 0.1452],
          [0.1384, 0.3295, 0.6329],
          [0.7244, 1.4423, 1.0044]],

         [[1.0941, 0.9456, 0.8569],
          [0.1742, 0.1359, 0.2109],
          [0.3118, 0.2506, 0.5025]],

         ...,

         [[0.2814, 0.2864, 0.5452],
          [1.4081, 1.3976, 1.4253],
          [2.2415, 2.6885, 2.0531]],

         [[0.8568, 0.8460, 0.7560],
          [0.8268, 0.7643, 0.7234],
          [0.7695, 0.7375, 0.7003]],

         [[2.5582, 3.3793, 3.4059],
          [3.0852, 2.9512, 2.8023],
          [1.9602, 1.4539, 1.7181]]],


        [[[1.5252, 0.7400, 0.3047],
          [1.2937, 0.5590, 0.2809],
          [1.2385, 0.5913, 0.3067]],

         [[1.1142, 0.2430, 0.0753],
          [0.3535, 0.0937, 0.1167],
          [0.1766, 0.1022, 0.1565]],

         [[0.2756, 0.6291, 1.1098],
          [0.2379, 0.2979, 0.8506],
          [0.1962, 0.1935, 0.7767]],

         ...,

         [[0.8085, 0.1852, 0.1832],
          [0.4049, 0.1178, 0.1900],
          [0.5053, 0.3232, 0.3544]],

         [[0.3973, 0.2563, 0.2852],
          [0.2871, 0.1363, 0.2004],
          [0.2338, 0.1084, 0.1843]],

         [[0.2273, 1.5467, 5.1681],
          [0.3299, 1.4947, 4.8680],
          [0.7412, 1.6499, 4.5922]]],


        [[[1.5701, 1.4838, 0.8267],
          [1.7795, 0.9463, 0.4838],
          [1.9508, 1.5377, 1.1299]],

         [[2.6722, 0.7357, 0.1889],
          [1.0627, 0.1301, 0.2516],
          [0.4786, 0.2965, 0.7430]],

         [[2.4852, 3.9226, 2.3976],
          [1.1946, 2.1892, 0.8361],
          [0.4138, 0.7699, 0.2599]],

         ...,

         [[1.7577, 0.1342, 0.1166],
          [1.8237, 0.7150, 0.6274],
          [1.0563, 1.1396, 1.3034]],

         [[1.2979, 1.2778, 1.1438],
          [1.0067, 0.6223, 0.6475],
          [1.0158, 0.5159, 0.6591]],

         [[1.3703, 3.3205, 4.9066],
          [1.5049, 3.3117, 5.2870],
          [2.1647, 2.1476, 3.4586]]]], device='cuda:0')
****************************************
tensor([[[[0., 0., 0.],
          [0., 0., 0.],
          [0., 0., 0.]],

         [[0., 0., 0.],
          [0., 0., 0.],
          [0., 0., 0.]],

         [[0., 0., 0.],
          [0., 0., 0.],
          [0., 0., 0.]],

         ...,

         [[0., 0., 0.],
          [0., 0., 0.],
          [0., 0., 0.]],

         [[0., 0., 0.],
          [0., 0., 0.],
          [0., 0., 0.]],

         [[0., 0., 0.],
          [0., 0., 0.],
          [0., 0., 0.]]],


        [[[0., 0., 0.],
          [0., 0., 0.],
          [0., 0., 0.]],

         [[0., 0., 0.],
          [0., 0., 0.],
          [0., 0., 0.]],

         [[0., 0., 0.],
          [0., 0., 0.],
          [0., 0., 0.]],

         ...,

         [[0., 0., 0.],
          [0., 0., 0.],
          [0., 0., 0.]],

         [[0., 0., 0.],
          [0., 0., 0.],
          [0., 0., 0.]],

         [[0., 0., 0.],
          [0., 0., 0.],
          [0., 0., 0.]]],


        [[[0., 0., 0.],
          [0., 0., 0.],
          [0., 0., 0.]],

         [[0., 0., 0.],
          [0., 0., 0.],
          [0., 0., 0.]],

         [[0., 0., 0.],
          [0., 0., 0.],
          [0., 0., 0.]],

         ...,

         [[0., 0., 0.],
          [0., 0., 0.],
          [0., 0., 0.]],

         [[0., 0., 0.],
          [0., 0., 0.],
          [0., 0., 0.]],

         [[0., 0., 0.],
          [0., 0., 0.],
          [0., 0., 0.]]],


        ...,


        [[[0., 0., 0.],
          [0., 0., 0.],
          [0., 0., 0.]],

         [[0., 0., 0.],
          [0., 0., 0.],
          [0., 0., 0.]],

         [[0., 0., 0.],
          [0., 0., 0.],
          [0., 0., 0.]],

         ...,

         [[0., 0., 0.],
          [0., 0., 0.],
          [0., 0., 0.]],

         [[0., 0., 0.],
          [0., 0., 0.],
          [0., 0., 0.]],

         [[0., 0., 0.],
          [0., 0., 0.],
          [0., 0., 0.]]],


        [[[0., 0., 0.],
          [0., 0., 0.],
          [0., 0., 0.]],

         [[0., 0., 0.],
          [0., 0., 0.],
          [0., 0., 0.]],

         [[0., 0., 0.],
          [0., 0., 0.],
          [0., 0., 0.]],

         ...,

         [[0., 0., 0.],
          [0., 0., 0.],
          [0., 0., 0.]],

         [[0., 0., 0.],
          [0., 0., 0.],
          [0., 0., 0.]],

         [[0., 0., 0.],
          [0., 0., 0.],
          [0., 0., 0.]]],


        [[[0., 0., 0.],
          [0., 0., 0.],
          [0., 0., 0.]],

         [[0., 0., 0.],
          [0., 0., 0.],
          [0., 0., 0.]],

         [[0., 0., 0.],
          [0., 0., 0.],
          [0., 0., 0.]],

         ...,

         [[0., 0., 0.],
          [0., 0., 0.],
          [0., 0., 0.]],

         [[0., 0., 0.],
          [0., 0., 0.],
          [0., 0., 0.]],

         [[0., 0., 0.],
          [0., 0., 0.],
          [0., 0., 0.]]]], device='cuda:0')
****************************************
tensor([ 9.4505,  5.5594,  3.2042,  2.4004,  1.2573,  8.5638,  1.8141,  1.3152,
         5.2326,  5.1441,  4.6112,  2.3401,  0.5221,  7.3862,  4.9332,  1.6582,
         4.9758,  4.4767,  4.0155,  7.4234,  1.7659,  3.3697,  3.3568,  3.5940,
        15.4860,  3.1366,  3.9884,  4.4242,  4.3009, 10.9581, 16.0562, 11.3628],
       device='cuda:0')
****************************************
tensor([0., 0., 0., 0., 0., 0., 0., 0., 0., 0., 0., 0., 0., 0., 0., 0., 0., 0., 0., 0., 0., 0., 0., 0.,
        0., 0., 0., 0., 0., 0., 0., 0.], device='cuda:0')
****************************************
tensor([[[[0.9859, 0.7493, 0.3233],
          [1.1262, 0.6807, 0.2218],
          [1.1163, 0.5720, 0.1801]],

         [[0.3837, 0.3041, 0.1303],
          [0.5308, 0.3044, 0.1056],
          [0.6435, 0.4586, 0.1163]],

         [[0.7801, 0.6351, 0.3757],
          [0.7911, 0.6642, 0.3784],
          [0.6949, 0.6212, 0.4330]],

         ...,

         [[0.6729, 0.5356, 0.4617],
          [0.7425, 0.6221, 0.5376],
          [0.7238, 0.8221, 0.6906]],

         [[0.9298, 0.7648, 0.5234],
          [0.8818, 0.7132, 0.5880],
          [0.7863, 0.6723, 0.6205]],

         [[0.9932, 0.9933, 0.3685],
          [0.7623, 0.7427, 0.2936],
          [0.7295, 0.8626, 0.5011]]],


        [[[0.5320, 0.2616, 0.1000],
          [0.4222, 0.1641, 0.1007],
          [0.3371, 0.1079, 0.1706]],

         [[0.0653, 0.0690, 0.0390],
          [0.0913, 0.0497, 0.0321],
          [0.1338, 0.0664, 0.0583]],

         [[0.1005, 0.0878, 0.1689],
          [0.1098, 0.1121, 0.2158],
          [0.1081, 0.1205, 0.2039]],

         ...,

         [[0.1018, 0.0826, 0.0760],
          [0.2238, 0.1576, 0.1241],
          [0.2630, 0.2927, 0.3542]],

         [[0.1442, 0.1173, 0.2634],
          [0.1080, 0.1261, 0.2557],
          [0.0766, 0.1436, 0.2201]],

         [[0.0724, 0.0907, 0.1045],
          [0.0566, 0.1029, 0.1295],
          [0.1124, 0.2018, 0.3296]]],


        [[[0.1098, 0.1390, 0.1500],
          [0.1433, 0.1350, 0.1379],
          [0.1412, 0.1515, 0.1201]],

         [[0.1242, 0.1363, 0.1417],
          [0.1221, 0.1824, 0.1904],
          [0.1174, 0.1655, 0.2202]],

         [[0.2052, 0.4812, 0.5742],
          [0.1961, 0.4685, 0.5573],
          [0.2315, 0.4830, 0.5082]],

         ...,

         [[0.1550, 0.1696, 0.2800],
          [0.1911, 0.1286, 0.1551],
          [0.2072, 0.1947, 0.2337]],

         [[0.1238, 0.1237, 0.1228],
          [0.1167, 0.1452, 0.1363],
          [0.1073, 0.1558, 0.1408]],

         [[0.3539, 0.2266, 0.1566],
          [0.2429, 0.2757, 0.1347],
          [0.2360, 0.2343, 0.1308]]],


        ...,


        [[[0.5486, 0.9624, 1.6043],
          [0.4975, 1.1496, 1.7830],
          [0.6139, 1.3828, 1.8799]],

         [[0.6053, 0.7288, 0.9258],
          [0.3972, 0.5497, 0.8468],
          [0.3824, 0.6979, 1.0769]],

         [[1.5663, 1.7062, 1.5856],
          [1.7336, 1.8169, 1.5519],
          [1.7681, 1.7333, 1.4210]],

         ...,

         [[1.3047, 1.3006, 1.2867],
          [1.4189, 1.3496, 1.2843],
          [1.8530, 1.7395, 1.7615]],

         [[1.0381, 1.3602, 1.1621],
          [1.3270, 1.6005, 1.2753],
          [1.5542, 1.6764, 1.2203]],

         [[1.9165, 1.6635, 1.3267],
          [1.9446, 1.4605, 0.8489],
          [2.0690, 1.2000, 0.6185]]],


        [[[0.2646, 0.2977, 0.2233],
          [0.2879, 0.2948, 0.1807],
          [0.2386, 0.1853, 0.0986]],

         [[0.1185, 0.0671, 0.0893],
          [0.1845, 0.1293, 0.1090],
          [0.1676, 0.2143, 0.1906]],

         [[0.0929, 0.1129, 0.0938],
          [0.1392, 0.1579, 0.1371],
          [0.1555, 0.1674, 0.1673]],

         ...,

         [[0.1094, 0.1070, 0.1370],
          [0.0874, 0.0978, 0.0945],
          [0.1332, 0.1278, 0.1053]],

         [[0.2396, 0.2161, 0.1069],
          [0.2374, 0.1880, 0.1398],
          [0.2138, 0.1830, 0.2023]],

         [[0.1475, 0.2048, 0.2861],
          [0.3592, 0.5066, 0.5167],
          [0.6449, 0.7088, 0.5014]]],


        [[[0.5713, 0.5993, 0.6509],
          [0.4376, 0.4868, 0.6251],
          [0.3132, 0.4334, 0.5822]],

         [[0.0943, 0.1046, 0.1078],
          [0.0634, 0.0844, 0.0958],
          [0.0420, 0.0741, 0.0831]],

         [[0.1109, 0.1747, 0.1292],
          [0.1036, 0.1797, 0.1337],
          [0.0806, 0.1263, 0.0875]],

         ...,

         [[0.3117, 0.3358, 0.3441],
          [0.2359, 0.2233, 0.3003],
          [0.2103, 0.2015, 0.2570]],

         [[0.4524, 0.6350, 0.4493],
          [0.4531, 0.6672, 0.4193],
          [0.4405, 0.6035, 0.3395]],

         [[0.1837, 0.3107, 0.2965],
          [0.3103, 0.4560, 0.4191],
          [0.2496, 0.2836, 0.1975]]]], device='cuda:0')
****************************************
tensor([[[[0., 0., 0.],
          [0., 0., 0.],
          [0., 0., 0.]],

         [[0., 0., 0.],
          [0., 0., 0.],
          [0., 0., 0.]],

         [[0., 0., 0.],
          [0., 0., 0.],
          [0., 0., 0.]],

         ...,

         [[0., 0., 0.],
          [0., 0., 0.],
          [0., 0., 0.]],

         [[0., 0., 0.],
          [0., 0., 0.],
          [0., 0., 0.]],

         [[0., 0., 0.],
          [0., 0., 0.],
          [0., 0., 0.]]],


        [[[0., 0., 0.],
          [0., 0., 0.],
          [0., 0., 0.]],

         [[0., 0., 0.],
          [0., 0., 0.],
          [0., 0., 0.]],

         [[0., 0., 0.],
          [0., 0., 0.],
          [0., 0., 0.]],

         ...,

         [[0., 0., 0.],
          [0., 0., 0.],
          [0., 0., 0.]],

         [[0., 0., 0.],
          [0., 0., 0.],
          [0., 0., 0.]],

         [[0., 0., 0.],
          [0., 0., 0.],
          [0., 0., 0.]]],


        [[[0., 0., 0.],
          [0., 0., 0.],
          [0., 0., 0.]],

         [[0., 0., 0.],
          [0., 0., 0.],
          [0., 0., 0.]],

         [[0., 0., 0.],
          [0., 0., 0.],
          [0., 0., 0.]],

         ...,

         [[0., 0., 0.],
          [0., 0., 0.],
          [0., 0., 0.]],

         [[0., 0., 0.],
          [0., 0., 0.],
          [0., 0., 0.]],

         [[0., 0., 0.],
          [0., 0., 0.],
          [0., 0., 0.]]],


        ...,


        [[[0., 0., 0.],
          [0., 0., 0.],
          [0., 0., 0.]],

         [[0., 0., 0.],
          [0., 0., 0.],
          [0., 0., 0.]],

         [[0., 0., 0.],
          [0., 0., 0.],
          [0., 0., 0.]],

         ...,

         [[0., 0., 0.],
          [0., 0., 0.],
          [0., 0., 0.]],

         [[0., 0., 0.],
          [0., 0., 0.],
          [0., 0., 0.]],

         [[0., 0., 0.],
          [0., 0., 0.],
          [0., 0., 0.]]],


        [[[0., 0., 0.],
          [0., 0., 0.],
          [0., 0., 0.]],

         [[0., 0., 0.],
          [0., 0., 0.],
          [0., 0., 0.]],

         [[0., 0., 0.],
          [0., 0., 0.],
          [0., 0., 0.]],

         ...,

         [[0., 0., 0.],
          [0., 0., 0.],
          [0., 0., 0.]],

         [[0., 0., 0.],
          [0., 0., 0.],
          [0., 0., 0.]],

         [[0., 0., 0.],
          [0., 0., 0.],
          [0., 0., 0.]]],


        [[[0., 0., 0.],
          [0., 0., 0.],
          [0., 0., 0.]],

         [[0., 0., 0.],
          [0., 0., 0.],
          [0., 0., 0.]],

         [[0., 0., 0.],
          [0., 0., 0.],
          [0., 0., 0.]],

         ...,

         [[0., 0., 0.],
          [0., 0., 0.],
          [0., 0., 0.]],

         [[0., 0., 0.],
          [0., 0., 0.],
          [0., 0., 0.]],

         [[0., 0., 0.],
          [0., 0., 0.],
          [0., 0., 0.]]]], device='cuda:0')
****************************************
tensor([ 5.1418,  1.9888,  0.6023,  2.6462,  1.2121,  1.2457,  2.1836,  1.1698,
         2.4999,  4.8777,  2.3001,  5.1880,  2.5626,  2.2650,  1.9779,  1.2532,
         1.2270,  3.3036,  3.7573,  4.4065,  2.8712,  3.1786,  1.6479,  1.9289,
         1.8459,  1.4062,  7.0893,  0.9890,  5.7550,  1.3637,  5.3589,  1.8012,
         0.5823,  1.7625,  1.2171,  1.8578,  6.4222,  0.7118,  0.9797,  4.2761,
         0.4411,  2.0753,  3.4065,  4.2886,  0.5572,  5.0772,  2.2915,  1.3933,
         0.3695,  4.1599,  1.6308,  2.7618,  2.7674,  1.8817,  3.0326,  3.8097,
         1.5252,  3.9325,  5.9354,  2.3043,  0.0000, 14.1457,  0.8690,  2.5519],
       device='cuda:0')
****************************************
tensor([0., 0., 0., 0., 0., 0., 0., 0., 0., 0., 0., 0., 0., 0., 0., 0., 0., 0., 0., 0., 0., 0., 0., 0.,
        0., 0., 0., 0., 0., 0., 0., 0., 0., 0., 0., 0., 0., 0., 0., 0., 0., 0., 0., 0., 0., 0., 0., 0.,
        0., 0., 0., 0., 0., 0., 0., 0., 0., 0., 0., 0., 0., 0., 0., 0.],
       device='cuda:0')
****************************************
tensor([[[[0.0000, 0.0000, 0.0000],
          [0.0000, 0.0000, 0.0000],
          [0.0000, 0.0000, 0.0000]],

         [[0.0000, 0.0000, 0.0000],
          [0.0000, 0.0000, 0.0000],
          [0.0000, 0.0000, 0.0000]],

         [[0.0000, 0.0000, 0.0000],
          [0.0000, 0.0000, 0.0000],
          [0.0000, 0.0000, 0.0000]],

         ...,

         [[0.0000, 0.0000, 0.0000],
          [0.0000, 0.0000, 0.0000],
          [0.0000, 0.0000, 0.0000]],

         [[0.0000, 0.0000, 0.0000],
          [0.0000, 0.0000, 0.0000],
          [0.0000, 0.0000, 0.0000]],

         [[0.0000, 0.0000, 0.0000],
          [0.0000, 0.0000, 0.0000],
          [0.0000, 0.0000, 0.0000]]],


        [[[0.0000, 0.0000, 0.0000],
          [0.0000, 0.0000, 0.0000],
          [0.0000, 0.0000, 0.0000]],

         [[0.0000, 0.0000, 0.0000],
          [0.0000, 0.0000, 0.0000],
          [0.0000, 0.0000, 0.0000]],

         [[0.0000, 0.0000, 0.0000],
          [0.0000, 0.0000, 0.0000],
          [0.0000, 0.0000, 0.0000]],

         ...,

         [[0.0000, 0.0000, 0.0000],
          [0.0000, 0.0000, 0.0000],
          [0.0000, 0.0000, 0.0000]],

         [[0.0000, 0.0000, 0.0000],
          [0.0000, 0.0000, 0.0000],
          [0.0000, 0.0000, 0.0000]],

         [[0.0000, 0.0000, 0.0000],
          [0.0000, 0.0000, 0.0000],
          [0.0000, 0.0000, 0.0000]]],


        [[[0.1456, 0.0347, 0.0423],
          [0.1343, 0.0255, 0.0194],
          [0.0808, 0.0289, 0.0189]],

         [[0.0238, 0.0292, 0.0856],
          [0.0235, 0.0400, 0.0815],
          [0.0343, 0.0529, 0.0871]],

         [[1.0029, 0.9811, 0.7991],
          [0.7090, 0.6378, 0.4920],
          [0.5082, 0.4002, 0.2999]],

         ...,

         [[0.6285, 0.7258, 0.7174],
          [0.5362, 0.6104, 0.6154],
          [0.5735, 0.6426, 0.6992]],

         [[0.1653, 0.2444, 0.5716],
          [0.3177, 0.4197, 0.8991],
          [0.3731, 0.6311, 1.0302]],

         [[0.1458, 0.1620, 0.1410],
          [0.1676, 0.1984, 0.1972],
          [0.3004, 0.3070, 0.2971]]],


        ...,


        [[[0.0000, 0.0000, 0.0000],
          [0.0000, 0.0000, 0.0000],
          [0.0000, 0.0000, 0.0000]],

         [[0.0000, 0.0000, 0.0000],
          [0.0000, 0.0000, 0.0000],
          [0.0000, 0.0000, 0.0000]],

         [[0.0000, 0.0000, 0.0000],
          [0.0000, 0.0000, 0.0000],
          [0.0000, 0.0000, 0.0000]],

         ...,

         [[0.0000, 0.0000, 0.0000],
          [0.0000, 0.0000, 0.0000],
          [0.0000, 0.0000, 0.0000]],

         [[0.0000, 0.0000, 0.0000],
          [0.0000, 0.0000, 0.0000],
          [0.0000, 0.0000, 0.0000]],

         [[0.0000, 0.0000, 0.0000],
          [0.0000, 0.0000, 0.0000],
          [0.0000, 0.0000, 0.0000]]],


        [[[0.0000, 0.0000, 0.0000],
          [0.0000, 0.0000, 0.0000],
          [0.0000, 0.0000, 0.0000]],

         [[0.0000, 0.0000, 0.0000],
          [0.0000, 0.0000, 0.0000],
          [0.0000, 0.0000, 0.0000]],

         [[0.0000, 0.0000, 0.0000],
          [0.0000, 0.0000, 0.0000],
          [0.0000, 0.0000, 0.0000]],

         ...,

         [[0.0000, 0.0000, 0.0000],
          [0.0000, 0.0000, 0.0000],
          [0.0000, 0.0000, 0.0000]],

         [[0.0000, 0.0000, 0.0000],
          [0.0000, 0.0000, 0.0000],
          [0.0000, 0.0000, 0.0000]],

         [[0.0000, 0.0000, 0.0000],
          [0.0000, 0.0000, 0.0000],
          [0.0000, 0.0000, 0.0000]]],


        [[[0.7542, 0.5930, 0.1342],
          [0.9997, 0.6277, 0.1021],
          [1.1708, 0.7072, 0.1069]],

         [[0.1719, 0.1011, 0.0829],
          [0.2224, 0.1060, 0.0945],
          [0.2810, 0.1515, 0.1159]],

         [[0.9974, 0.4650, 0.4254],
          [1.3074, 0.6441, 0.5408],
          [1.4558, 0.8322, 0.6477]],

         ...,

         [[1.2418, 0.6854, 0.8060],
          [1.1302, 0.6384, 0.8476],
          [0.8531, 0.4909, 0.7692]],

         [[0.6073, 0.2781, 0.2794],
          [0.6007, 0.2528, 0.2011],
          [0.8233, 0.4302, 0.3275]],

         [[0.2621, 0.3435, 0.5872],
          [0.2971, 0.3093, 0.5172],
          [0.3692, 0.2862, 0.4742]]]], device='cuda:0')
****************************************
tensor([[[[0., 0., 0.],
          [0., 0., 0.],
          [0., 0., 0.]],

         [[0., 0., 0.],
          [0., 0., 0.],
          [0., 0., 0.]],

         [[0., 0., 0.],
          [0., 0., 0.],
          [0., 0., 0.]],

         ...,

         [[0., 0., 0.],
          [0., 0., 0.],
          [0., 0., 0.]],

         [[0., 0., 0.],
          [0., 0., 0.],
          [0., 0., 0.]],

         [[0., 0., 0.],
          [0., 0., 0.],
          [0., 0., 0.]]],


        [[[0., 0., 0.],
          [0., 0., 0.],
          [0., 0., 0.]],

         [[0., 0., 0.],
          [0., 0., 0.],
          [0., 0., 0.]],

         [[0., 0., 0.],
          [0., 0., 0.],
          [0., 0., 0.]],

         ...,

         [[0., 0., 0.],
          [0., 0., 0.],
          [0., 0., 0.]],

         [[0., 0., 0.],
          [0., 0., 0.],
          [0., 0., 0.]],

         [[0., 0., 0.],
          [0., 0., 0.],
          [0., 0., 0.]]],


        [[[0., 0., 0.],
          [0., 0., 0.],
          [0., 0., 0.]],

         [[0., 0., 0.],
          [0., 0., 0.],
          [0., 0., 0.]],

         [[0., 0., 0.],
          [0., 0., 0.],
          [0., 0., 0.]],

         ...,

         [[0., 0., 0.],
          [0., 0., 0.],
          [0., 0., 0.]],

         [[0., 0., 0.],
          [0., 0., 0.],
          [0., 0., 0.]],

         [[0., 0., 0.],
          [0., 0., 0.],
          [0., 0., 0.]]],


        ...,


        [[[0., 0., 0.],
          [0., 0., 0.],
          [0., 0., 0.]],

         [[0., 0., 0.],
          [0., 0., 0.],
          [0., 0., 0.]],

         [[0., 0., 0.],
          [0., 0., 0.],
          [0., 0., 0.]],

         ...,

         [[0., 0., 0.],
          [0., 0., 0.],
          [0., 0., 0.]],

         [[0., 0., 0.],
          [0., 0., 0.],
          [0., 0., 0.]],

         [[0., 0., 0.],
          [0., 0., 0.],
          [0., 0., 0.]]],


        [[[0., 0., 0.],
          [0., 0., 0.],
          [0., 0., 0.]],

         [[0., 0., 0.],
          [0., 0., 0.],
          [0., 0., 0.]],

         [[0., 0., 0.],
          [0., 0., 0.],
          [0., 0., 0.]],

         ...,

         [[0., 0., 0.],
          [0., 0., 0.],
          [0., 0., 0.]],

         [[0., 0., 0.],
          [0., 0., 0.],
          [0., 0., 0.]],

         [[0., 0., 0.],
          [0., 0., 0.],
          [0., 0., 0.]]],


        [[[0., 0., 0.],
          [0., 0., 0.],
          [0., 0., 0.]],

         [[0., 0., 0.],
          [0., 0., 0.],
          [0., 0., 0.]],

         [[0., 0., 0.],
          [0., 0., 0.],
          [0., 0., 0.]],

         ...,

         [[0., 0., 0.],
          [0., 0., 0.],
          [0., 0., 0.]],

         [[0., 0., 0.],
          [0., 0., 0.],
          [0., 0., 0.]],

         [[0., 0., 0.],
          [0., 0., 0.],
          [0., 0., 0.]]]], device='cuda:0')
****************************************
tensor([0.0000, 0.0000, 3.4079, 0.0000, 0.0000, 4.9184, 1.0412, 0.0000, 2.2288,
        0.0000, 0.7108, 0.0000, 0.0000, 0.0000, 0.0000, 7.9452, 0.2658, 0.0000,
        0.0000, 1.7108, 0.0000, 0.0000, 0.0000, 0.0000, 2.3541, 0.0000, 4.3928,
        0.0000, 0.0000, 0.5172, 0.5490, 1.3730, 0.0000, 0.0000, 0.0000, 3.2684,
        1.8464, 0.0000, 0.0000, 1.9334, 8.7883, 0.3841, 4.1506, 1.8834, 1.3526,
        0.0000, 0.0000, 0.0000, 0.0000, 0.0000, 3.1683, 0.0000, 1.8189, 0.0000,
        0.0000, 0.0000, 0.0000, 0.0000, 0.0000, 5.3769, 0.0000, 0.0000, 0.0000,
        4.8022], device='cuda:0')
****************************************
tensor([0., 0., 0., 0., 0., 0., 0., 0., 0., 0., 0., 0., 0., 0., 0., 0., 0., 0., 0., 0., 0., 0., 0., 0.,
        0., 0., 0., 0., 0., 0., 0., 0., 0., 0., 0., 0., 0., 0., 0., 0., 0., 0., 0., 0., 0., 0., 0., 0.,
        0., 0., 0., 0., 0., 0., 0., 0., 0., 0., 0., 0., 0., 0., 0., 0.],
       device='cuda:0')
****************************************
tensor([[0.0000e+00, 0.0000e+00, 0.0000e+00,  ..., 6.5104e-04, 8.9446e-04,
         6.4590e-05],
        [0.0000e+00, 0.0000e+00, 0.0000e+00,  ..., 0.0000e+00, 0.0000e+00,
         0.0000e+00],
        [0.0000e+00, 0.0000e+00, 0.0000e+00,  ..., 3.2013e-03, 1.1653e-03,
         8.7333e-05],
        ...,
        [0.0000e+00, 0.0000e+00, 0.0000e+00,  ..., 0.0000e+00, 0.0000e+00,
         0.0000e+00],
        [0.0000e+00, 0.0000e+00, 0.0000e+00,  ..., 2.3602e-03, 1.6424e-03,
         3.5690e-04],
        [0.0000e+00, 0.0000e+00, 0.0000e+00,  ..., 0.0000e+00, 0.0000e+00,
         0.0000e+00]], device='cuda:0')
****************************************
tensor([[0., 0., 0.,  ..., 0., 0., 0.],
        [0., 0., 0.,  ..., 0., 0., 0.],
        [0., 0., 0.,  ..., 0., 0., 0.],
        ...,
        [0., 0., 0.,  ..., 0., 0., 0.],
        [0., 0., 0.,  ..., 0., 0., 0.],
        [0., 0., 0.,  ..., 0., 0., 0.]], device='cuda:0')
****************************************
tensor([1.5344e-02, 0.0000e+00, 6.7965e-02, 0.0000e+00, 4.2668e-02, 0.0000e+00,
        1.5258e-01, 0.0000e+00, 0.0000e+00, 5.6475e-02, 1.8454e-02, 0.0000e+00,
        0.0000e+00, 6.9584e-02, 0.0000e+00, 2.8029e-02, 1.4180e-01, 0.0000e+00,
        1.1720e-01, 0.0000e+00, 0.0000e+00, 0.0000e+00, 4.6312e-02, 0.0000e+00,
        1.0752e-01, 0.0000e+00, 0.0000e+00, 0.0000e+00, 1.8579e-01, 0.0000e+00,
        0.0000e+00, 0.0000e+00, 1.3131e-01, 1.1938e-01, 0.0000e+00, 7.3653e-02,
        3.8286e-02, 0.0000e+00, 1.5566e-01, 0.0000e+00, 0.0000e+00, 0.0000e+00,
        0.0000e+00, 0.0000e+00, 0.0000e+00, 0.0000e+00, 4.3397e-02, 0.0000e+00,
        0.0000e+00, 0.0000e+00, 4.7526e-02, 8.1017e-02, 2.2690e-02, 0.0000e+00,
        0.0000e+00, 0.0000e+00, 3.4217e-02, 0.0000e+00, 0.0000e+00, 3.8273e-02,
        9.1297e-02, 0.0000e+00, 8.8875e-02, 0.0000e+00, 2.8558e-02, 0.0000e+00,
        0.0000e+00, 6.3762e-02, 8.5490e-03, 5.5627e-02, 0.0000e+00, 0.0000e+00,
        0.0000e+00, 1.5476e-02, 0.0000e+00, 0.0000e+00, 6.9817e-02, 0.0000e+00,
        8.4807e-03, 0.0000e+00, 8.3944e-02, 8.2209e-02, 0.0000e+00, 0.0000e+00,
        6.1606e-02, 9.6619e-02, 6.1308e-02, 0.0000e+00, 0.0000e+00, 1.2883e-02,
        8.4396e-02, 0.0000e+00, 0.0000e+00, 0.0000e+00, 0.0000e+00, 0.0000e+00,
        8.7596e-02, 1.2684e-01, 0.0000e+00, 0.0000e+00, 9.2782e-03, 0.0000e+00,
        9.7738e-02, 2.2124e-01, 0.0000e+00, 2.3534e-02, 1.1547e-01, 0.0000e+00,
        0.0000e+00, 0.0000e+00, 0.0000e+00, 0.0000e+00, 1.3768e-02, 0.0000e+00,
        6.1749e-02, 1.1621e-01, 3.9116e-02, 4.5462e-02, 0.0000e+00, 8.9843e-02,
        0.0000e+00, 0.0000e+00, 0.0000e+00, 0.0000e+00, 0.0000e+00, 1.6803e-01,
        9.6244e-02, 0.0000e+00, 0.0000e+00, 6.8241e-02, 0.0000e+00, 0.0000e+00,
        0.0000e+00, 2.3759e-02, 9.8581e-02, 0.0000e+00, 1.1873e-01, 3.3284e-02,
        1.1828e-01, 6.5005e-02, 0.0000e+00, 2.0763e-01, 7.0996e-02, 0.0000e+00,
        5.5358e-02, 0.0000e+00, 1.0707e-01, 3.3790e-02, 0.0000e+00, 0.0000e+00,
        5.7008e-02, 0.0000e+00, 0.0000e+00, 0.0000e+00, 0.0000e+00, 0.0000e+00,
        2.2257e-01, 7.7898e-02, 5.4970e-02, 1.7829e-02, 0.0000e+00, 0.0000e+00,
        0.0000e+00, 0.0000e+00, 0.0000e+00, 2.3657e-02, 0.0000e+00, 5.5179e-02,
        0.0000e+00, 7.7712e-02, 0.0000e+00, 0.0000e+00, 0.0000e+00, 0.0000e+00,
        0.0000e+00, 7.0146e-02, 0.0000e+00, 1.4127e-02, 0.0000e+00, 0.0000e+00,
        0.0000e+00, 1.4333e-02, 7.3738e-02, 1.2282e-01, 0.0000e+00, 0.0000e+00,
        0.0000e+00, 4.4910e-02, 6.6938e-02, 0.0000e+00, 8.4487e-02, 5.1970e-02,
        0.0000e+00, 0.0000e+00, 0.0000e+00, 0.0000e+00, 0.0000e+00, 2.5285e-02,
        0.0000e+00, 0.0000e+00, 0.0000e+00, 7.3534e-02, 0.0000e+00, 1.7024e-01,
        0.0000e+00, 3.5967e-02, 7.3314e-02, 0.0000e+00, 0.0000e+00, 0.0000e+00,
        9.6529e-02, 0.0000e+00, 0.0000e+00, 0.0000e+00, 5.2288e-02, 0.0000e+00,
        0.0000e+00, 0.0000e+00, 7.6577e-02, 0.0000e+00, 8.0853e-02, 0.0000e+00,
        0.0000e+00, 6.4887e-02, 0.0000e+00, 0.0000e+00, 1.2393e-01, 9.0259e-02,
        5.1076e-02, 0.0000e+00, 1.0226e-01, 0.0000e+00, 0.0000e+00, 7.5323e-02,
        0.0000e+00, 9.9977e-02, 0.0000e+00, 0.0000e+00, 5.2518e-02, 1.1937e-01,
        0.0000e+00, 0.0000e+00, 0.0000e+00, 0.0000e+00, 0.0000e+00, 0.0000e+00,
        1.2448e-01, 1.0307e-01, 1.2053e-01, 0.0000e+00, 0.0000e+00, 0.0000e+00,
        0.0000e+00, 4.5144e-02, 0.0000e+00, 0.0000e+00, 0.0000e+00, 1.4382e-04,
        5.8983e-02, 0.0000e+00, 0.0000e+00, 0.0000e+00, 5.4323e-02, 0.0000e+00,
        7.8965e-03, 5.5535e-02, 9.7363e-02, 0.0000e+00, 0.0000e+00, 6.5691e-02,
        0.0000e+00, 5.1726e-02, 2.6152e-02, 0.0000e+00, 1.2186e-01, 0.0000e+00,
        0.0000e+00, 0.0000e+00, 0.0000e+00, 3.0404e-02, 0.0000e+00, 4.9642e-02,
        1.6275e-02, 0.0000e+00, 0.0000e+00, 0.0000e+00, 0.0000e+00, 8.1034e-02,
        0.0000e+00, 0.0000e+00, 0.0000e+00, 0.0000e+00, 2.1746e-02, 0.0000e+00,
        1.0655e-01, 0.0000e+00, 0.0000e+00, 1.8517e-01, 2.1915e-02, 1.0418e-01,
        0.0000e+00, 0.0000e+00, 0.0000e+00, 0.0000e+00, 2.3307e-02, 7.4141e-02,
        0.0000e+00, 0.0000e+00, 5.6531e-02, 7.3936e-02, 0.0000e+00, 0.0000e+00,
        0.0000e+00, 1.4879e-02, 0.0000e+00, 5.7717e-02, 1.3323e-02, 0.0000e+00,
        0.0000e+00, 6.4194e-02, 0.0000e+00, 2.4936e-02, 1.4253e-01, 1.3091e-01,
        0.0000e+00, 0.0000e+00, 0.0000e+00, 5.9889e-02, 3.2120e-02, 4.6151e-02,
        0.0000e+00, 0.0000e+00, 1.6876e-02, 0.0000e+00, 0.0000e+00, 0.0000e+00,
        1.0649e-02, 0.0000e+00, 0.0000e+00, 0.0000e+00, 0.0000e+00, 4.0286e-02,
        4.9301e-02, 1.3751e-01, 0.0000e+00, 2.3431e-01, 8.7772e-02, 6.3320e-02,
        7.1071e-02, 0.0000e+00, 1.1531e-01, 0.0000e+00, 1.4287e-02, 0.0000e+00,
        0.0000e+00, 1.9828e-02, 9.1162e-02, 0.0000e+00, 6.6500e-02, 3.1412e-02,
        0.0000e+00, 0.0000e+00, 1.3959e-01, 0.0000e+00, 5.6106e-03, 0.0000e+00,
        3.4018e-02, 0.0000e+00, 0.0000e+00, 0.0000e+00, 1.2838e-01, 0.0000e+00,
        0.0000e+00, 0.0000e+00, 0.0000e+00, 0.0000e+00, 3.9993e-02, 3.8121e-02,
        4.5888e-02, 0.0000e+00, 0.0000e+00, 0.0000e+00, 0.0000e+00, 1.1226e-01,
        0.0000e+00, 0.0000e+00, 0.0000e+00, 0.0000e+00, 0.0000e+00, 0.0000e+00,
        0.0000e+00, 0.0000e+00, 0.0000e+00, 8.9357e-02, 0.0000e+00, 0.0000e+00,
        0.0000e+00, 0.0000e+00, 0.0000e+00, 0.0000e+00, 0.0000e+00, 5.5002e-02,
        1.0228e-01, 0.0000e+00, 9.8451e-02, 0.0000e+00, 1.4961e-01, 0.0000e+00,
        0.0000e+00, 0.0000e+00, 9.1871e-02, 0.0000e+00, 1.3567e-02, 0.0000e+00,
        0.0000e+00, 0.0000e+00, 0.0000e+00, 0.0000e+00, 0.0000e+00, 0.0000e+00,
        6.1454e-02, 0.0000e+00, 3.4117e-02, 0.0000e+00, 0.0000e+00, 0.0000e+00,
        6.5670e-02, 0.0000e+00, 0.0000e+00, 0.0000e+00, 0.0000e+00, 1.8068e-02,
        0.0000e+00, 0.0000e+00, 0.0000e+00, 2.1251e-02, 0.0000e+00, 1.1815e-01,
        0.0000e+00, 0.0000e+00, 0.0000e+00, 1.3166e-01, 1.7818e-01, 0.0000e+00,
        2.5164e-01, 0.0000e+00, 0.0000e+00, 0.0000e+00, 1.6092e-01, 6.1232e-02,
        1.2628e-02, 0.0000e+00, 0.0000e+00, 0.0000e+00, 0.0000e+00, 0.0000e+00,
        0.0000e+00, 0.0000e+00, 0.0000e+00, 0.0000e+00, 1.0638e-01, 0.0000e+00,
        0.0000e+00, 4.4532e-02, 1.4753e-01, 0.0000e+00, 0.0000e+00, 1.3110e-02,
        0.0000e+00, 6.9973e-02, 0.0000e+00, 8.1380e-02, 0.0000e+00, 8.2247e-02,
        0.0000e+00, 7.7333e-02, 0.0000e+00, 0.0000e+00, 5.1949e-02, 0.0000e+00,
        1.6870e-01, 0.0000e+00, 0.0000e+00, 0.0000e+00, 0.0000e+00, 9.5353e-02,
        0.0000e+00, 0.0000e+00, 0.0000e+00, 2.4359e-02, 0.0000e+00, 0.0000e+00,
        0.0000e+00, 7.8877e-02, 0.0000e+00, 1.7847e-01, 2.9345e-02, 0.0000e+00,
        1.0499e-01, 0.0000e+00, 1.4431e-01, 0.0000e+00, 1.1613e-01, 0.0000e+00,
        1.0572e-01, 1.2262e-01, 0.0000e+00, 4.8564e-02, 3.5686e-02, 0.0000e+00,
        4.0887e-02, 0.0000e+00], device='cuda:0')
****************************************
tensor([0., 0., 0., 0., 0., 0., 0., 0., 0., 0., 0., 0., 0., 0., 0., 0., 0., 0., 0., 0., 0., 0., 0., 0.,
        0., 0., 0., 0., 0., 0., 0., 0., 0., 0., 0., 0., 0., 0., 0., 0., 0., 0., 0., 0., 0., 0., 0., 0.,
        0., 0., 0., 0., 0., 0., 0., 0., 0., 0., 0., 0., 0., 0., 0., 0., 0., 0., 0., 0., 0., 0., 0., 0.,
        0., 0., 0., 0., 0., 0., 0., 0., 0., 0., 0., 0., 0., 0., 0., 0., 0., 0., 0., 0., 0., 0., 0., 0.,
        0., 0., 0., 0., 0., 0., 0., 0., 0., 0., 0., 0., 0., 0., 0., 0., 0., 0., 0., 0., 0., 0., 0., 0.,
        0., 0., 0., 0., 0., 0., 0., 0., 0., 0., 0., 0., 0., 0., 0., 0., 0., 0., 0., 0., 0., 0., 0., 0.,
        0., 0., 0., 0., 0., 0., 0., 0., 0., 0., 0., 0., 0., 0., 0., 0., 0., 0., 0., 0., 0., 0., 0., 0.,
        0., 0., 0., 0., 0., 0., 0., 0., 0., 0., 0., 0., 0., 0., 0., 0., 0., 0., 0., 0., 0., 0., 0., 0.,
        0., 0., 0., 0., 0., 0., 0., 0., 0., 0., 0., 0., 0., 0., 0., 0., 0., 0., 0., 0., 0., 0., 0., 0.,
        0., 0., 0., 0., 0., 0., 0., 0., 0., 0., 0., 0., 0., 0., 0., 0., 0., 0., 0., 0., 0., 0., 0., 0.,
        0., 0., 0., 0., 0., 0., 0., 0., 0., 0., 0., 0., 0., 0., 0., 0., 0., 0., 0., 0., 0., 0., 0., 0.,
        0., 0., 0., 0., 0., 0., 0., 0., 0., 0., 0., 0., 0., 0., 0., 0., 0., 0., 0., 0., 0., 0., 0., 0.,
        0., 0., 0., 0., 0., 0., 0., 0., 0., 0., 0., 0., 0., 0., 0., 0., 0., 0., 0., 0., 0., 0., 0., 0.,
        0., 0., 0., 0., 0., 0., 0., 0., 0., 0., 0., 0., 0., 0., 0., 0., 0., 0., 0., 0., 0., 0., 0., 0.,
        0., 0., 0., 0., 0., 0., 0., 0., 0., 0., 0., 0., 0., 0., 0., 0., 0., 0., 0., 0., 0., 0., 0., 0.,
        0., 0., 0., 0., 0., 0., 0., 0., 0., 0., 0., 0., 0., 0., 0., 0., 0., 0., 0., 0., 0., 0., 0., 0.,
        0., 0., 0., 0., 0., 0., 0., 0., 0., 0., 0., 0., 0., 0., 0., 0., 0., 0., 0., 0., 0., 0., 0., 0.,
        0., 0., 0., 0., 0., 0., 0., 0., 0., 0., 0., 0., 0., 0., 0., 0., 0., 0., 0., 0., 0., 0., 0., 0.,
        0., 0., 0., 0., 0., 0., 0., 0., 0., 0., 0., 0., 0., 0., 0., 0., 0., 0., 0., 0., 0., 0., 0., 0.,
        0., 0., 0., 0., 0., 0., 0., 0., 0., 0., 0., 0., 0., 0., 0., 0., 0., 0., 0., 0., 0., 0., 0., 0.,
        0., 0., 0., 0., 0., 0., 0., 0., 0., 0., 0., 0., 0., 0., 0., 0., 0., 0., 0., 0., 0., 0., 0., 0.,
        0., 0., 0., 0., 0., 0., 0., 0.], device='cuda:0')
Trained Task:0, Loaded task:0, Accuracy:85.2%
Trained Task:0, Avg. Accuracy: 85.2 

List of avg. accuracy: [85.2]
Layer        : conv1_layer.2.weight
R.histogram  : tensor([ 3.,  5.,  5., 10.,  2.,  1.,  5.,  0.,  0.,  1.], device='cuda:0')
R_sum max/min: 195.1/53.8
F max  		: 1.0745928287506104
O masx 		: 9.478647232055664
Layer        : conv2_layer.2.weight
R.histogram  : tensor([15., 10.,  0.,  0.,  0., 11., 17.,  9.,  0.,  2.], device='cuda:0')
R_sum max/min: 1009.0/83.2
F max  		: 0.41041719913482666
O masx 		: 4.270254611968994
Layer        : fc1_layer.1.weight
R.histogram  : tensor([ 43.,  70.,  47.,  25., 250.,  50.,  22.,   3.,   0.,   2.],
       device='cuda:0')
R_sum max/min: 5720.2/2892.9
F max  		: 0.02628900483250618
O masx 		: 0.39600199460983276
Mask histogram
conv1_layer.2.weight: 	 tensor([   0.,    0., 8192.,    0.,    0.,    0.,    0.,    0.,    0.,    0.,
           0.], device='cuda:0')
conv2_layer.2.weight: 	 tensor([ 896., 3200.,    0.,    0.,    0.,    0.,    0.,    0.,    0.,    0.,
           0.], device='cuda:0')
fc1_layer.1.weight: 	 tensor([119., 378.,  15.,   0.,   0.,   0.,   0.,   0.,   0.,   0.,   0.],
       device='cuda:0')
Head Finetuning    :Task: 1,	 Epoch: 0/40,	 Avg.loss: 0.0024,	 Test Accuracy: 104/1000(10%)
Head Finetuning    :Task: 1,	 Epoch: 1/40,	 Avg.loss: 0.0024,	 Test Accuracy: 105/1000(11%)
Head Finetuning    :Task: 1,	 Epoch: 2/40,	 Avg.loss: 0.0024,	 Test Accuracy: 105/1000(11%)
Head Finetuning    :Task: 1,	 Epoch: 3/40,	 Avg.loss: 0.0023,	 Test Accuracy: 116/1000(12%)
Head Finetuning    :Task: 1,	 Epoch: 4/40,	 Avg.loss: 0.0023,	 Test Accuracy: 129/1000(13%)
Head Finetuning    :Task: 1,	 Epoch: 5/40,	 Avg.loss: 0.0023,	 Test Accuracy: 136/1000(14%)
Head Finetuning    :Task: 1,	 Epoch: 6/40,	 Avg.loss: 0.0023,	 Test Accuracy: 143/1000(14%)
Head Finetuning    :Task: 1,	 Epoch: 7/40,	 Avg.loss: 0.0023,	 Test Accuracy: 148/1000(15%)
Head Finetuning    :Task: 1,	 Epoch: 8/40,	 Avg.loss: 0.0022,	 Test Accuracy: 162/1000(16%)
Head Finetuning    :Task: 1,	 Epoch: 9/40,	 Avg.loss: 0.0022,	 Test Accuracy: 166/1000(17%)
Head Finetuning    :Task: 1,	 Epoch: 10/40,	 Avg.loss: 0.0022,	 Test Accuracy: 170/1000(17%)
Head Finetuning    :Task: 1,	 Epoch: 11/40,	 Avg.loss: 0.0022,	 Test Accuracy: 174/1000(17%)
Head Finetuning    :Task: 1,	 Epoch: 12/40,	 Avg.loss: 0.0022,	 Test Accuracy: 178/1000(18%)
Head Finetuning    :Task: 1,	 Epoch: 13/40,	 Avg.loss: 0.0022,	 Test Accuracy: 185/1000(18%)
Head Finetuning    :Task: 1,	 Epoch: 14/40,	 Avg.loss: 0.0022,	 Test Accuracy: 188/1000(19%)
Head Finetuning    :Task: 1,	 Epoch: 15/40,	 Avg.loss: 0.0022,	 Test Accuracy: 190/1000(19%)
Head Finetuning    :Task: 1,	 Epoch: 16/40,	 Avg.loss: 0.0022,	 Test Accuracy: 191/1000(19%)
Head Finetuning    :Task: 1,	 Epoch: 17/40,	 Avg.loss: 0.0022,	 Test Accuracy: 191/1000(19%)
Head Finetuning    :Task: 1,	 Epoch: 18/40,	 Avg.loss: 0.0022,	 Test Accuracy: 196/1000(20%)
Head Finetuning    :Task: 1,	 Epoch: 19/40,	 Avg.loss: 0.0022,	 Test Accuracy: 198/1000(20%)
Task: 1,	 Epoch: 0/40,	 Avg.loss: 0.0010,	 Test Accuracy: 659/1000(66%)
Task: 1,	 Epoch: 1/40,	 Avg.loss: 0.0009,	 Test Accuracy: 675/1000(68%)
Task: 1,	 Epoch: 2/40,	 Avg.loss: 0.0008,	 Test Accuracy: 720/1000(72%)
Task: 1,	 Epoch: 3/40,	 Avg.loss: 0.0008,	 Test Accuracy: 720/1000(72%)
Task: 1,	 Epoch: 4/40,	 Avg.loss: 0.0008,	 Test Accuracy: 745/1000(74%)
Task: 1,	 Epoch: 5/40,	 Avg.loss: 0.0008,	 Test Accuracy: 720/1000(72%)
Task: 1,	 Epoch: 6/40,	 Avg.loss: 0.0007,	 Test Accuracy: 754/1000(75%)
Task: 1,	 Epoch: 7/40,	 Avg.loss: 0.0008,	 Test Accuracy: 737/1000(74%)
Task: 1,	 Epoch: 8/40,	 Avg.loss: 0.0008,	 Test Accuracy: 748/1000(75%)
Task: 1,	 Epoch: 9/40,	 Avg.loss: 0.0007,	 Test Accuracy: 771/1000(77%)
Task: 1,	 Epoch: 10/40,	 Avg.loss: 0.0008,	 Test Accuracy: 756/1000(76%)
Task: 1,	 Epoch: 11/40,	 Avg.loss: 0.0007,	 Test Accuracy: 763/1000(76%)
Task: 1,	 Epoch: 12/40,	 Avg.loss: 0.0007,	 Test Accuracy: 750/1000(75%)
Task: 1,	 Epoch: 13/40,	 Avg.loss: 0.0007,	 Test Accuracy: 773/1000(77%)
Task: 1,	 Epoch: 14/40,	 Avg.loss: 0.0007,	 Test Accuracy: 764/1000(76%)
Task: 1,	 Epoch: 15/40,	 Avg.loss: 0.0007,	 Test Accuracy: 753/1000(75%)
Task: 1,	 Epoch: 16/40,	 Avg.loss: 0.0008,	 Test Accuracy: 754/1000(75%)
Task: 1,	 Epoch: 17/40,	 Avg.loss: 0.0007,	 Test Accuracy: 774/1000(77%)
Task: 1,	 Epoch: 18/40,	 Avg.loss: 0.0007,	 Test Accuracy: 782/1000(78%)
Task: 1,	 Epoch: 19/40,	 Avg.loss: 0.0007,	 Test Accuracy: 783/1000(78%)
Task: 1,	 Epoch: 20/40,	 Avg.loss: 0.0007,	 Test Accuracy: 792/1000(79%)
Task: 1,	 Epoch: 21/40,	 Avg.loss: 0.0007,	 Test Accuracy: 787/1000(79%)
Task: 1,	 Epoch: 22/40,	 Avg.loss: 0.0007,	 Test Accuracy: 791/1000(79%)
Task: 1,	 Epoch: 23/40,	 Avg.loss: 0.0007,	 Test Accuracy: 791/1000(79%)
Task: 1,	 Epoch: 24/40,	 Avg.loss: 0.0007,	 Test Accuracy: 785/1000(78%)
Task: 1,	 Epoch: 25/40,	 Avg.loss: 0.0007,	 Test Accuracy: 788/1000(79%)
Task: 1,	 Epoch: 26/40,	 Avg.loss: 0.0007,	 Test Accuracy: 790/1000(79%)
Task: 1,	 Epoch: 27/40,	 Avg.loss: 0.0007,	 Test Accuracy: 788/1000(79%)
Task: 1,	 Epoch: 28/40,	 Avg.loss: 0.0007,	 Test Accuracy: 790/1000(79%)
Task: 1,	 Epoch: 29/40,	 Avg.loss: 0.0007,	 Test Accuracy: 788/1000(79%)
Task: 1,	 Epoch: 30/40,	 Avg.loss: 0.0007,	 Test Accuracy: 791/1000(79%)
Task: 1,	 Epoch: 31/40,	 Avg.loss: 0.0007,	 Test Accuracy: 796/1000(80%)
Task: 1,	 Epoch: 32/40,	 Avg.loss: 0.0007,	 Test Accuracy: 791/1000(79%)
Task: 1,	 Epoch: 33/40,	 Avg.loss: 0.0007,	 Test Accuracy: 793/1000(79%)
Task: 1,	 Epoch: 34/40,	 Avg.loss: 0.0007,	 Test Accuracy: 795/1000(80%)
Task: 1,	 Epoch: 35/40,	 Avg.loss: 0.0007,	 Test Accuracy: 787/1000(79%)
Task: 1,	 Epoch: 36/40,	 Avg.loss: 0.0007,	 Test Accuracy: 788/1000(79%)
Task: 1,	 Epoch: 37/40,	 Avg.loss: 0.0007,	 Test Accuracy: 793/1000(79%)
Task: 1,	 Epoch: 38/40,	 Avg.loss: 0.0007,	 Test Accuracy: 791/1000(79%)
Task: 1,	 Epoch: 39/40,	 Avg.loss: 0.0007,	 Test Accuracy: 795/1000(80%)
****************************************
tensor([[[[ 9.0491,  8.6293,  7.6914],
          [ 7.9665,  7.6887,  6.3559],
          [ 5.6551,  5.6647,  5.0133]],

         [[ 7.4445,  7.1373,  6.8612],
          [ 5.0201,  4.8698,  4.3261],
          [ 3.2299,  2.9576,  3.0127]],

         [[ 7.9198,  7.8174,  7.9082],
          [ 5.5194,  5.4449,  5.4885],
          [ 5.4269,  4.8682,  4.6821]]],


        [[[ 2.3067,  2.6585,  1.9958],
          [ 2.7890,  3.5638,  1.8643],
          [ 2.7041,  2.4974,  3.1855]],

         [[ 2.0137,  4.1905,  3.2533],
          [ 4.7429,  5.6732,  2.9046],
          [ 4.6048,  3.4654,  1.5449]],

         [[ 2.3281,  4.5159,  3.9011],
          [ 4.7844,  5.9576,  3.6511],
          [ 4.8145,  3.9588,  1.7566]]],


        [[[ 1.6656,  1.4542,  1.5012],
          [ 1.4901,  2.4141,  2.0615],
          [ 2.1052,  3.6691,  3.1622]],

         [[ 1.8150,  1.7304,  1.8333],
          [ 1.4013,  1.9151,  1.7350],
          [ 1.4021,  2.4830,  2.0446]],

         [[ 2.0069,  1.9169,  2.0121],
          [ 1.5300,  2.1291,  1.8503],
          [ 1.4978,  2.5684,  2.1058]]],


        [[[ 2.1294,  1.6585,  1.4302],
          [ 2.5452,  1.5868,  2.0473],
          [ 3.6200,  1.9663,  1.9977]],

         [[ 4.8114,  4.2973,  3.3316],
          [ 4.3019,  2.8532,  2.4577],
          [ 4.2873,  2.6544,  2.4679]],

         [[ 2.8693,  2.7126,  2.8639],
          [ 3.0046,  3.2601,  4.1954],
          [ 2.9577,  3.2299,  4.3131]]],


        [[[ 4.6924,  2.9090,  7.3171],
          [ 6.4283,  3.6516,  9.5531],
          [ 2.6922,  6.0160, 10.7537]],

         [[ 6.9129,  1.3610,  5.4750],
          [ 8.3398,  1.9707,  7.9350],
          [ 4.0686,  4.5448,  9.2548]],

         [[ 6.7276,  1.3454,  5.0676],
          [ 7.8820,  1.9518,  7.4640],
          [ 3.7389,  4.3420,  8.7020]]],


        [[[ 2.3576,  1.8888,  1.6225],
          [ 2.9284,  3.8842,  1.5363],
          [ 4.5164,  3.7663,  2.6156]],

         [[ 5.2750,  7.3946,  6.4731],
          [ 7.9252,  9.2398,  5.5783],
          [ 8.6720,  7.9434,  3.9295]],

         [[ 5.8585,  7.5884,  6.6978],
          [ 7.9108,  8.9949,  5.7948],
          [ 8.2361,  7.6192,  4.1415]]],


        [[[ 2.6199,  1.7811,  1.6127],
          [ 1.7400,  2.5122,  3.5658],
          [ 1.7056,  1.8400,  2.5182]],

         [[ 3.2496,  1.8023,  1.6804],
          [ 1.5998,  2.5583,  4.1769],
          [ 2.0086,  1.6235,  2.6231]],

         [[ 2.7750,  1.7096,  2.1285],
          [ 1.7787,  3.1121,  4.8545],
          [ 1.5573,  1.9988,  3.3384]]],


        [[[ 2.4621,  3.9623,  5.8423],
          [ 4.1010,  6.5892,  8.5035],
          [ 2.3902,  1.9728,  3.5595]],

         [[10.1537,  8.4965,  6.7534],
          [ 7.8165,  6.5794,  5.8358],
          [11.8643, 10.4827,  8.1211]],

         [[11.4561, 10.1089,  8.3446],
          [ 9.0822,  7.6194,  6.4312],
          [12.9540, 11.8720,  9.4648]]],


        [[[ 0.9482,  1.4429,  2.7476],
          [ 0.9067,  1.4013,  1.2487],
          [ 2.0978,  3.6961,  2.9828]],

         [[ 1.3251,  2.1991,  3.6185],
          [ 1.0895,  1.5399,  1.4180],
          [ 1.9592,  3.4889,  2.7491]],

         [[ 1.7721,  2.5429,  3.8560],
          [ 1.5372,  2.0781,  1.9414],
          [ 2.3440,  3.6978,  3.1198]]],


        [[[ 3.5424,  4.0722,  4.8155],
          [ 2.9741,  2.7833,  3.6376],
          [ 2.2715,  2.9367,  4.4824]],

         [[ 2.3454,  2.6259,  2.8234],
          [ 5.2562,  5.0130,  3.8756],
          [ 2.6188,  2.1660,  3.1204]],

         [[ 3.4026,  3.5306,  2.8107],
          [ 7.5741,  7.5167,  5.8959],
          [ 4.3590,  3.4375,  3.0606]]],


        [[[ 8.8266, 11.2566, 12.4797],
          [ 7.5846,  9.5720, 12.0810],
          [ 5.1371,  5.5399,  8.9824]],

         [[ 8.8446, 10.9505, 11.7147],
          [ 6.2127,  7.8389, 10.1352],
          [ 3.1255,  3.1730,  6.2610]],

         [[ 6.5301,  8.4946,  9.3085],
          [ 3.7125,  5.0650,  7.5474],
          [ 2.8318,  3.0083,  5.1032]]],


        [[[ 5.8099,  3.9085,  1.5113],
          [ 4.9274,  2.4080,  3.3165],
          [ 3.2631,  1.3888,  5.7258]],

         [[ 4.0536,  2.1936,  2.5535],
          [ 3.5379,  1.3263,  5.0968],
          [ 2.3837,  1.7105,  7.2739]],

         [[ 2.0003,  1.7387,  4.1957],
          [ 2.0547,  2.1126,  6.4173],
          [ 2.1254,  3.0692,  8.1387]]],


        [[[ 6.9959, 12.4152, 17.1482],
          [ 3.6845,  4.9121, 11.1312],
          [ 3.1041,  7.0294, 12.4721]],

         [[ 8.3193,  5.0628,  5.4232],
          [16.0585, 11.3762,  4.5989],
          [12.7693,  6.8950,  3.7668]],

         [[ 8.4535,  4.8908,  4.9707],
          [15.7749, 11.5854,  4.8422],
          [12.4462,  7.1475,  3.4359]]],


        [[[ 5.0070,  5.0361,  3.2119],
          [ 8.7222,  9.4095,  3.9255],
          [ 9.1779,  9.0158,  2.7952]],

         [[ 2.8547,  2.9214,  3.6534],
          [ 5.3723,  6.6823,  2.6556],
          [ 5.4230,  5.6547,  2.9474]],

         [[ 3.0736,  2.8550,  4.2763],
          [ 4.2281,  5.2600,  2.8634],
          [ 3.9772,  4.3410,  3.8737]]],


        [[[ 7.8134,  3.5200,  3.4308],
          [ 3.4779,  3.5769,  8.7958],
          [ 3.7246,  2.5296,  4.8909]],

         [[ 9.1059,  4.3931,  2.8345],
          [ 4.2062,  2.4384,  7.8197],
          [ 4.7640,  1.9539,  3.8201]],

         [[11.0095,  6.5285,  1.9995],
          [ 6.6157,  1.9175,  4.9189],
          [ 7.2786,  3.1838,  1.9653]]],


        [[[ 1.8594,  1.2028,  1.7538],
          [ 1.8570,  1.5296,  2.7957],
          [ 2.2437,  2.3730,  3.3479]],

         [[ 1.5057,  1.1748,  1.1170],
          [ 1.2154,  1.0157,  1.9240],
          [ 1.8837,  1.9990,  2.6959]],

         [[ 1.7970,  2.1916,  1.6313],
          [ 1.4759,  1.5363,  1.3197],
          [ 1.7688,  1.5284,  1.4673]]],


        [[[ 6.4794,  4.4197,  7.6532],
          [ 3.6750, 11.3852, 14.0506],
          [ 5.2835, 16.0769, 17.8164]],

         [[ 5.5246,  6.6245, 10.5785],
          [ 5.0069, 13.5418, 16.5964],
          [ 7.0228, 17.9147, 20.0054]],

         [[ 8.6295,  6.3334,  9.1679],
          [ 5.9110,  9.6403, 12.6088],
          [ 6.3963, 13.0667, 15.2743]]],


        [[[ 9.7876,  8.5390,  5.8900],
          [ 6.7795,  3.5474,  3.7743],
          [ 4.9313,  3.1105,  7.1573]],

         [[ 9.1580, 10.9412, 12.4913],
          [11.4396, 15.8454, 20.3401],
          [12.9614, 19.0654, 24.2012]],

         [[10.3760, 11.8067, 13.1263],
          [12.9121, 16.8137, 20.7588],
          [14.4856, 19.8088, 24.3231]]],


        [[[13.3398, 11.4886,  5.8166],
          [11.9710,  9.7553,  3.7672],
          [ 9.3067,  6.2248,  4.9488]],

         [[11.3436,  8.8895,  2.8041],
          [ 9.0605,  5.9231,  5.4814],
          [ 5.5059,  2.3984,  9.6854]],

         [[10.9872,  8.0182,  2.7728],
          [ 8.7397,  5.3362,  6.1553],
          [ 5.4181,  2.7348, 10.0288]]],


        [[[16.3430, 15.8979, 15.0879],
          [15.7361, 15.2722, 14.5554],
          [13.5487, 11.9455, 11.1454]],

         [[10.6305,  9.7600,  8.4666],
          [ 8.9512,  8.2932,  7.3671],
          [ 6.6017,  5.2841,  4.6855]],

         [[10.1725,  8.4823,  6.5163],
          [ 8.2834,  6.5646,  5.0994],
          [ 6.1090,  4.1462,  3.6495]]],


        [[[ 2.9224,  3.1075,  2.4664],
          [ 3.1215,  3.5848,  2.6196],
          [ 2.6605,  3.2887,  2.6908]],

         [[ 3.1224,  3.5595,  3.2257],
          [ 3.4926,  4.2561,  3.4202],
          [ 3.0335,  4.1610,  3.4352]],

         [[ 3.7756,  4.3759,  4.1773],
          [ 4.2376,  5.0326,  4.3094],
          [ 3.9488,  5.1644,  4.4719]]],


        [[[ 3.4372,  3.5056,  3.2470],
          [ 2.7865,  3.3011,  3.2155],
          [ 2.9152,  3.2277,  2.7949]],

         [[ 3.6822,  4.0022,  3.4126],
          [ 3.3185,  4.0954,  3.7498],
          [ 3.4582,  3.4259,  2.8031]],

         [[ 3.5468,  3.7257,  3.1332],
          [ 3.2908,  4.0108,  3.7350],
          [ 3.1873,  3.0865,  2.5486]]],


        [[[ 6.1661,  7.8466,  7.5126],
          [ 5.2266,  7.4078,  6.7660],
          [ 1.5716,  1.3284,  1.6105]],

         [[ 5.3363,  7.1741,  6.9296],
          [ 4.4176,  6.7867,  6.2357],
          [ 2.2695,  1.1898,  1.2514]],

         [[ 5.2243,  7.1003,  6.9028],
          [ 4.4450,  6.8316,  6.2724],
          [ 1.5829,  1.3032,  1.5445]]],


        [[[ 8.8899, 11.8241, 14.3756],
          [ 9.1427, 12.5725, 15.5739],
          [ 1.9758,  3.1791,  6.3368]],

         [[ 6.6510,  8.9425, 11.2919],
          [ 6.7388,  9.4254, 12.2504],
          [ 3.0155,  3.4352,  3.1109]],

         [[ 4.7531,  6.4411,  8.1759],
          [ 4.8422,  6.9347,  9.0018],
          [ 4.0905,  4.6525,  2.5489]]],


        [[[ 5.1737,  5.1293,  4.9847],
          [ 5.1627,  4.6968,  4.8024],
          [ 5.8508,  5.0586,  4.7040]],

         [[ 3.6824,  3.7446,  5.0963],
          [ 3.6210,  3.5447,  3.8807],
          [ 3.3839,  3.4203,  3.0263]],

         [[ 3.7037,  3.9347,  5.1268],
          [ 3.3509,  4.3957,  4.3527],
          [ 4.5871,  5.2469,  4.6760]]],


        [[[ 3.5066,  7.3406,  8.9074],
          [ 3.6941,  9.6072,  8.9854],
          [ 3.9630,  4.8527,  4.8820]],

         [[ 7.8783,  3.5426,  3.0851],
          [ 8.2308,  3.6548,  3.1035],
          [11.6235,  6.7634,  7.3955]],

         [[ 9.1023,  5.4227,  3.7199],
          [ 9.5241,  5.2370,  4.3932],
          [12.7555,  9.2048,  9.4200]]],


        [[[ 3.0098,  3.5088,  3.9943],
          [ 4.2623,  6.1193,  6.0299],
          [ 3.7501,  3.8019,  3.5864]],

         [[ 3.4136,  3.6261,  3.9206],
          [ 4.1100,  5.4499,  4.9584],
          [ 2.6816,  2.9758,  2.9031]],

         [[ 2.8541,  3.0047,  3.3063],
          [ 3.2674,  3.9005,  3.8834],
          [ 2.6186,  3.2983,  3.7127]]],


        [[[ 5.9759,  5.3924,  3.6979],
          [ 4.9304,  3.3874,  2.5549],
          [ 3.7105,  2.9284,  6.6725]],

         [[ 4.0143,  4.7627,  6.3900],
          [ 3.3776,  4.9535,  8.3546],
          [ 4.5884,  6.8401, 12.0095]],

         [[ 3.2141,  3.9554,  5.9430],
          [ 3.1905,  4.5553,  7.1667],
          [ 3.4788,  5.4239,  9.9536]]],


        [[[ 6.2935,  3.7747,  1.6242],
          [ 5.9580,  3.1087,  1.5776],
          [ 4.1144,  1.7134,  1.6023]],

         [[ 6.3341,  4.1042,  1.1843],
          [ 5.3650,  2.8722,  1.1153],
          [ 3.1592,  1.3315,  1.4280]],

         [[ 4.4965,  2.8380,  2.2154],
          [ 3.6058,  2.1369,  2.5089],
          [ 2.1879,  2.0178,  2.6750]]],


        [[[ 6.5443,  6.9900,  8.6459],
          [ 3.8550,  4.6373,  9.1393],
          [ 2.6834,  2.6217,  6.2031]],

         [[ 4.1173,  4.9390,  6.8249],
          [ 2.2350,  2.8663,  6.8910],
          [ 5.0673,  4.5131,  4.2437]],

         [[ 4.5715,  5.7828,  7.9840],
          [ 2.0144,  2.9897,  7.6200],
          [ 4.4176,  3.8158,  3.8875]]],


        [[[ 3.1897,  3.9343,  3.0613],
          [ 3.6898,  6.9947,  4.5593],
          [ 4.5464,  7.3447,  4.2949]],

         [[ 4.2429,  5.9263,  4.5889],
          [ 5.7100,  9.8299,  6.5544],
          [ 6.6094,  9.9314,  5.7805]],

         [[ 4.3711,  4.9536,  4.3435],
          [ 3.9937,  5.5465,  3.9726],
          [ 3.7522,  4.7524,  3.3044]]],


        [[[ 5.6452,  4.6391,  9.8742],
          [ 6.2380,  4.3553,  8.9148],
          [ 7.3536,  3.9877,  8.5458]],

         [[ 7.3089,  5.2190, 10.3076],
          [ 8.0608,  5.1017,  8.9562],
          [ 8.8654,  4.4525,  8.9570]],

         [[ 7.9164,  5.4378,  9.6329],
          [ 8.8719,  5.5421,  8.3537],
          [ 9.4900,  5.0111,  8.3016]]]], device='cuda:0')
****************************************
tensor([[[[ 9.0491,  8.6293,  7.6914],
          [ 7.9665,  7.6887,  6.3559],
          [ 5.6551,  5.6647,  5.0133]],

         [[ 7.4445,  7.1373,  6.8612],
          [ 5.0201,  4.8698,  4.3261],
          [ 3.2299,  2.9576,  3.0127]],

         [[ 7.9198,  7.8174,  7.9082],
          [ 5.5194,  5.4449,  5.4885],
          [ 5.4269,  4.8682,  4.6821]]],


        [[[ 2.3067,  2.6585,  1.9958],
          [ 2.7890,  3.5638,  1.8643],
          [ 2.7041,  2.4974,  3.1855]],

         [[ 2.0137,  4.1905,  3.2533],
          [ 4.7429,  5.6732,  2.9046],
          [ 4.6048,  3.4654,  1.5449]],

         [[ 2.3281,  4.5159,  3.9011],
          [ 4.7844,  5.9576,  3.6511],
          [ 4.8145,  3.9588,  1.7566]]],


        [[[ 1.6656,  1.4542,  1.5012],
          [ 1.4901,  2.4141,  2.0615],
          [ 2.1052,  3.6691,  3.1622]],

         [[ 1.8150,  1.7304,  1.8333],
          [ 1.4013,  1.9151,  1.7350],
          [ 1.4021,  2.4830,  2.0446]],

         [[ 2.0069,  1.9169,  2.0121],
          [ 1.5300,  2.1291,  1.8503],
          [ 1.4978,  2.5684,  2.1058]]],


        [[[ 2.1294,  1.6585,  1.4302],
          [ 2.5452,  1.5868,  2.0473],
          [ 3.6200,  1.9663,  1.9977]],

         [[ 4.8114,  4.2973,  3.3316],
          [ 4.3019,  2.8532,  2.4577],
          [ 4.2873,  2.6544,  2.4679]],

         [[ 2.8693,  2.7126,  2.8639],
          [ 3.0046,  3.2601,  4.1954],
          [ 2.9577,  3.2299,  4.3131]]],


        [[[ 4.6924,  2.9090,  7.3171],
          [ 6.4283,  3.6516,  9.5531],
          [ 2.6922,  6.0160, 10.7537]],

         [[ 6.9129,  1.3610,  5.4750],
          [ 8.3398,  1.9707,  7.9350],
          [ 4.0686,  4.5448,  9.2548]],

         [[ 6.7276,  1.3454,  5.0676],
          [ 7.8820,  1.9518,  7.4640],
          [ 3.7389,  4.3420,  8.7020]]],


        [[[ 2.3576,  1.8888,  1.6225],
          [ 2.9284,  3.8842,  1.5363],
          [ 4.5164,  3.7663,  2.6156]],

         [[ 5.2750,  7.3946,  6.4731],
          [ 7.9252,  9.2398,  5.5783],
          [ 8.6720,  7.9434,  3.9295]],

         [[ 5.8585,  7.5884,  6.6978],
          [ 7.9108,  8.9949,  5.7948],
          [ 8.2361,  7.6192,  4.1415]]],


        [[[ 2.6199,  1.7811,  1.6127],
          [ 1.7400,  2.5122,  3.5658],
          [ 1.7056,  1.8400,  2.5182]],

         [[ 3.2496,  1.8023,  1.6804],
          [ 1.5998,  2.5583,  4.1769],
          [ 2.0086,  1.6235,  2.6231]],

         [[ 2.7750,  1.7096,  2.1285],
          [ 1.7787,  3.1121,  4.8545],
          [ 1.5573,  1.9988,  3.3384]]],


        [[[ 2.4621,  3.9623,  5.8423],
          [ 4.1010,  6.5892,  8.5035],
          [ 2.3902,  1.9728,  3.5595]],

         [[10.1537,  8.4965,  6.7534],
          [ 7.8165,  6.5794,  5.8358],
          [11.8643, 10.4827,  8.1211]],

         [[11.4561, 10.1089,  8.3446],
          [ 9.0822,  7.6194,  6.4312],
          [12.9540, 11.8720,  9.4648]]],


        [[[ 0.9482,  1.4429,  2.7476],
          [ 0.9067,  1.4013,  1.2487],
          [ 2.0978,  3.6961,  2.9828]],

         [[ 1.3251,  2.1991,  3.6185],
          [ 1.0895,  1.5399,  1.4180],
          [ 1.9592,  3.4889,  2.7491]],

         [[ 1.7721,  2.5429,  3.8560],
          [ 1.5372,  2.0781,  1.9414],
          [ 2.3440,  3.6978,  3.1198]]],


        [[[ 3.5424,  4.0722,  4.8155],
          [ 2.9741,  2.7833,  3.6376],
          [ 2.2715,  2.9367,  4.4824]],

         [[ 2.3454,  2.6259,  2.8234],
          [ 5.2562,  5.0130,  3.8756],
          [ 2.6188,  2.1660,  3.1204]],

         [[ 3.4026,  3.5306,  2.8107],
          [ 7.5741,  7.5167,  5.8959],
          [ 4.3590,  3.4375,  3.0606]]],


        [[[ 8.8266, 11.2566, 12.4797],
          [ 7.5846,  9.5720, 12.0810],
          [ 5.1371,  5.5399,  8.9824]],

         [[ 8.8446, 10.9505, 11.7147],
          [ 6.2127,  7.8389, 10.1352],
          [ 3.1255,  3.1730,  6.2610]],

         [[ 6.5301,  8.4946,  9.3085],
          [ 3.7125,  5.0650,  7.5474],
          [ 2.8318,  3.0083,  5.1032]]],


        [[[ 5.8099,  3.9085,  1.5113],
          [ 4.9274,  2.4080,  3.3165],
          [ 3.2631,  1.3888,  5.7258]],

         [[ 4.0536,  2.1936,  2.5535],
          [ 3.5379,  1.3263,  5.0968],
          [ 2.3837,  1.7105,  7.2739]],

         [[ 2.0003,  1.7387,  4.1957],
          [ 2.0547,  2.1126,  6.4173],
          [ 2.1254,  3.0692,  8.1387]]],


        [[[ 6.9959, 12.4152, 17.1482],
          [ 3.6845,  4.9121, 11.1312],
          [ 3.1041,  7.0294, 12.4721]],

         [[ 8.3193,  5.0628,  5.4232],
          [16.0585, 11.3762,  4.5989],
          [12.7693,  6.8950,  3.7668]],

         [[ 8.4535,  4.8908,  4.9707],
          [15.7749, 11.5854,  4.8422],
          [12.4462,  7.1475,  3.4359]]],


        [[[ 5.0070,  5.0361,  3.2119],
          [ 8.7222,  9.4095,  3.9255],
          [ 9.1779,  9.0158,  2.7952]],

         [[ 2.8547,  2.9214,  3.6534],
          [ 5.3723,  6.6823,  2.6556],
          [ 5.4230,  5.6547,  2.9474]],

         [[ 3.0736,  2.8550,  4.2763],
          [ 4.2281,  5.2600,  2.8634],
          [ 3.9772,  4.3410,  3.8737]]],


        [[[ 7.8134,  3.5200,  3.4308],
          [ 3.4779,  3.5769,  8.7958],
          [ 3.7246,  2.5296,  4.8909]],

         [[ 9.1059,  4.3931,  2.8345],
          [ 4.2062,  2.4384,  7.8197],
          [ 4.7640,  1.9539,  3.8201]],

         [[11.0095,  6.5285,  1.9995],
          [ 6.6157,  1.9175,  4.9189],
          [ 7.2786,  3.1838,  1.9653]]],


        [[[ 1.8594,  1.2028,  1.7538],
          [ 1.8570,  1.5296,  2.7957],
          [ 2.2437,  2.3730,  3.3479]],

         [[ 1.5057,  1.1748,  1.1170],
          [ 1.2154,  1.0157,  1.9240],
          [ 1.8837,  1.9990,  2.6959]],

         [[ 1.7970,  2.1916,  1.6313],
          [ 1.4759,  1.5363,  1.3197],
          [ 1.7688,  1.5284,  1.4673]]],


        [[[ 6.4794,  4.4197,  7.6532],
          [ 3.6750, 11.3852, 14.0506],
          [ 5.2835, 16.0769, 17.8164]],

         [[ 5.5246,  6.6245, 10.5785],
          [ 5.0069, 13.5418, 16.5964],
          [ 7.0228, 17.9147, 20.0054]],

         [[ 8.6295,  6.3334,  9.1679],
          [ 5.9110,  9.6403, 12.6088],
          [ 6.3963, 13.0667, 15.2743]]],


        [[[ 9.7876,  8.5390,  5.8900],
          [ 6.7795,  3.5474,  3.7743],
          [ 4.9313,  3.1105,  7.1573]],

         [[ 9.1580, 10.9412, 12.4913],
          [11.4396, 15.8454, 20.3401],
          [12.9614, 19.0654, 24.2012]],

         [[10.3760, 11.8067, 13.1263],
          [12.9121, 16.8137, 20.7588],
          [14.4856, 19.8088, 24.3231]]],


        [[[13.3398, 11.4886,  5.8166],
          [11.9710,  9.7553,  3.7672],
          [ 9.3067,  6.2248,  4.9488]],

         [[11.3436,  8.8895,  2.8041],
          [ 9.0605,  5.9231,  5.4814],
          [ 5.5059,  2.3984,  9.6854]],

         [[10.9872,  8.0182,  2.7728],
          [ 8.7397,  5.3362,  6.1553],
          [ 5.4181,  2.7348, 10.0288]]],


        [[[16.3430, 15.8979, 15.0879],
          [15.7361, 15.2722, 14.5554],
          [13.5487, 11.9455, 11.1454]],

         [[10.6305,  9.7600,  8.4666],
          [ 8.9512,  8.2932,  7.3671],
          [ 6.6017,  5.2841,  4.6855]],

         [[10.1725,  8.4823,  6.5163],
          [ 8.2834,  6.5646,  5.0994],
          [ 6.1090,  4.1462,  3.6495]]],


        [[[ 2.9224,  3.1075,  2.4664],
          [ 3.1215,  3.5848,  2.6196],
          [ 2.6605,  3.2887,  2.6908]],

         [[ 3.1224,  3.5595,  3.2257],
          [ 3.4926,  4.2561,  3.4202],
          [ 3.0335,  4.1610,  3.4352]],

         [[ 3.7756,  4.3759,  4.1773],
          [ 4.2376,  5.0326,  4.3094],
          [ 3.9488,  5.1644,  4.4719]]],


        [[[ 3.4372,  3.5056,  3.2470],
          [ 2.7865,  3.3011,  3.2155],
          [ 2.9152,  3.2277,  2.7949]],

         [[ 3.6822,  4.0022,  3.4126],
          [ 3.3185,  4.0954,  3.7498],
          [ 3.4582,  3.4259,  2.8031]],

         [[ 3.5468,  3.7257,  3.1332],
          [ 3.2908,  4.0108,  3.7350],
          [ 3.1873,  3.0865,  2.5486]]],


        [[[ 6.1661,  7.8466,  7.5126],
          [ 5.2266,  7.4078,  6.7660],
          [ 1.5716,  1.3284,  1.6105]],

         [[ 5.3363,  7.1741,  6.9296],
          [ 4.4176,  6.7867,  6.2357],
          [ 2.2695,  1.1898,  1.2514]],

         [[ 5.2243,  7.1003,  6.9028],
          [ 4.4450,  6.8316,  6.2724],
          [ 1.5829,  1.3032,  1.5445]]],


        [[[ 8.8899, 11.8241, 14.3756],
          [ 9.1427, 12.5725, 15.5739],
          [ 1.9758,  3.1791,  6.3368]],

         [[ 6.6510,  8.9425, 11.2919],
          [ 6.7388,  9.4254, 12.2504],
          [ 3.0155,  3.4352,  3.1109]],

         [[ 4.7531,  6.4411,  8.1759],
          [ 4.8422,  6.9347,  9.0018],
          [ 4.0905,  4.6525,  2.5489]]],


        [[[ 5.1737,  5.1293,  4.9847],
          [ 5.1627,  4.6968,  4.8024],
          [ 5.8508,  5.0586,  4.7040]],

         [[ 3.6824,  3.7446,  5.0963],
          [ 3.6210,  3.5447,  3.8807],
          [ 3.3839,  3.4203,  3.0263]],

         [[ 3.7037,  3.9347,  5.1268],
          [ 3.3509,  4.3957,  4.3527],
          [ 4.5871,  5.2469,  4.6760]]],


        [[[ 3.5066,  7.3406,  8.9074],
          [ 3.6941,  9.6072,  8.9854],
          [ 3.9630,  4.8527,  4.8820]],

         [[ 7.8783,  3.5426,  3.0851],
          [ 8.2308,  3.6548,  3.1035],
          [11.6235,  6.7634,  7.3955]],

         [[ 9.1023,  5.4227,  3.7199],
          [ 9.5241,  5.2370,  4.3932],
          [12.7555,  9.2048,  9.4200]]],


        [[[ 3.0098,  3.5088,  3.9943],
          [ 4.2623,  6.1193,  6.0299],
          [ 3.7501,  3.8019,  3.5864]],

         [[ 3.4136,  3.6261,  3.9206],
          [ 4.1100,  5.4499,  4.9584],
          [ 2.6816,  2.9758,  2.9031]],

         [[ 2.8541,  3.0047,  3.3063],
          [ 3.2674,  3.9005,  3.8834],
          [ 2.6186,  3.2983,  3.7127]]],


        [[[ 5.9759,  5.3924,  3.6979],
          [ 4.9304,  3.3874,  2.5549],
          [ 3.7105,  2.9284,  6.6725]],

         [[ 4.0143,  4.7627,  6.3900],
          [ 3.3776,  4.9535,  8.3546],
          [ 4.5884,  6.8401, 12.0095]],

         [[ 3.2141,  3.9554,  5.9430],
          [ 3.1905,  4.5553,  7.1667],
          [ 3.4788,  5.4239,  9.9536]]],


        [[[ 6.2935,  3.7747,  1.6242],
          [ 5.9580,  3.1087,  1.5776],
          [ 4.1144,  1.7134,  1.6023]],

         [[ 6.3341,  4.1042,  1.1843],
          [ 5.3650,  2.8722,  1.1153],
          [ 3.1592,  1.3315,  1.4280]],

         [[ 4.4965,  2.8380,  2.2154],
          [ 3.6058,  2.1369,  2.5089],
          [ 2.1879,  2.0178,  2.6750]]],


        [[[ 6.5443,  6.9900,  8.6459],
          [ 3.8550,  4.6373,  9.1393],
          [ 2.6834,  2.6217,  6.2031]],

         [[ 4.1173,  4.9390,  6.8249],
          [ 2.2350,  2.8663,  6.8910],
          [ 5.0673,  4.5131,  4.2437]],

         [[ 4.5715,  5.7828,  7.9840],
          [ 2.0144,  2.9897,  7.6200],
          [ 4.4176,  3.8158,  3.8875]]],


        [[[ 3.1897,  3.9343,  3.0613],
          [ 3.6898,  6.9947,  4.5593],
          [ 4.5464,  7.3447,  4.2949]],

         [[ 4.2429,  5.9263,  4.5889],
          [ 5.7100,  9.8299,  6.5544],
          [ 6.6094,  9.9314,  5.7805]],

         [[ 4.3711,  4.9536,  4.3435],
          [ 3.9937,  5.5465,  3.9726],
          [ 3.7522,  4.7524,  3.3044]]],


        [[[ 5.6452,  4.6391,  9.8742],
          [ 6.2380,  4.3553,  8.9148],
          [ 7.3536,  3.9877,  8.5458]],

         [[ 7.3089,  5.2190, 10.3076],
          [ 8.0608,  5.1017,  8.9562],
          [ 8.8654,  4.4525,  8.9570]],

         [[ 7.9164,  5.4378,  9.6329],
          [ 8.8719,  5.5421,  8.3537],
          [ 9.4900,  5.0111,  8.3016]]]], device='cuda:0')
