Layer        : conv1_layer.2.weight
R.histogram  : tensor([ 4., 10.,  1.,  5.,  4.,  4.,  2.,  0.,  1.,  1.], device='cuda:0')
R_sum max/min: 58.7/0.0
F.num_zeros  : 288/9216
W.num_zeros  : 0/9216
O.num_zeros  : 0/9216
Layer        : conv2_layer.2.weight
R.histogram  : tensor([22., 11., 10.,  9.,  1.,  4.,  1.,  2.,  3.,  1.], device='cuda:0')
R_sum max/min: 95.8/0.0
F.num_zeros  : 8949/36864
W.num_zeros  : 0/36864
O.num_zeros  : 0/36864
Layer        : fc1_layer.0.weight
R.histogram  : tensor([325.,  99.,  55.,  18.,   7.,   3.,   2.,   2.,   0.,   1.],
       device='cuda:0')
R_sum max/min: 497.9/0.0
F.num_zeros  : 1273512/2097152
W.num_zeros  : 0/2097152
O.num_zeros  : 0/2097152
Mask histogram conv1_layer.2.weight: 	 tensor([   0., 8192.,    0.,    0.,    0.,    0.,    0.,    0.,    0.,    0.],
       device='cuda:0')
Mask histogram conv2_layer.2.weight: 	 tensor([3328.,  768.,    0.,    0.,    0.,    0.,    0.,    0.,    0.,    0.],
       device='cuda:0')
Mask histogram fc1_layer.0.weight: 	 tensor([497.,  15.,   0.,   0.,   0.,   0.,   0.,   0.,   0.,   0.],
       device='cuda:0')
Task: 0,	 Epoch: 0/80,	 Avg.loss: 0.0016,	 Accuracy: 435/1000(44%)
Task: 0,	 Epoch: 1/80,	 Avg.loss: 0.0014,	 Accuracy: 505/1000(51%)
Task: 0,	 Epoch: 2/80,	 Avg.loss: 0.0012,	 Accuracy: 594/1000(59%)
Task: 0,	 Epoch: 3/80,	 Avg.loss: 0.0011,	 Accuracy: 628/1000(63%)
Task: 0,	 Epoch: 4/80,	 Avg.loss: 0.0010,	 Accuracy: 669/1000(67%)
Task: 0,	 Epoch: 5/80,	 Avg.loss: 0.0009,	 Accuracy: 681/1000(68%)
Task: 0,	 Epoch: 6/80,	 Avg.loss: 0.0008,	 Accuracy: 698/1000(70%)
Task: 0,	 Epoch: 7/80,	 Avg.loss: 0.0008,	 Accuracy: 699/1000(70%)
Task: 0,	 Epoch: 8/80,	 Avg.loss: 0.0008,	 Accuracy: 719/1000(72%)
Task: 0,	 Epoch: 9/80,	 Avg.loss: 0.0008,	 Accuracy: 735/1000(74%)
Task: 0,	 Epoch: 10/80,	 Avg.loss: 0.0008,	 Accuracy: 711/1000(71%)
Task: 0,	 Epoch: 11/80,	 Avg.loss: 0.0008,	 Accuracy: 716/1000(72%)
Task: 0,	 Epoch: 12/80,	 Avg.loss: 0.0008,	 Accuracy: 746/1000(75%)
Task: 0,	 Epoch: 13/80,	 Avg.loss: 0.0007,	 Accuracy: 747/1000(75%)
Task: 0,	 Epoch: 14/80,	 Avg.loss: 0.0007,	 Accuracy: 755/1000(76%)
Task: 0,	 Epoch: 15/80,	 Avg.loss: 0.0007,	 Accuracy: 753/1000(75%)
Task: 0,	 Epoch: 16/80,	 Avg.loss: 0.0006,	 Accuracy: 775/1000(78%)
Task: 0,	 Epoch: 17/80,	 Avg.loss: 0.0007,	 Accuracy: 752/1000(75%)
Task: 0,	 Epoch: 18/80,	 Avg.loss: 0.0007,	 Accuracy: 776/1000(78%)
Task: 0,	 Epoch: 19/80,	 Avg.loss: 0.0007,	 Accuracy: 767/1000(77%)
Task: 0,	 Epoch: 20/80,	 Avg.loss: 0.0007,	 Accuracy: 770/1000(77%)
Task: 0,	 Epoch: 21/80,	 Avg.loss: 0.0007,	 Accuracy: 770/1000(77%)
Task: 0,	 Epoch: 22/80,	 Avg.loss: 0.0006,	 Accuracy: 791/1000(79%)
Task: 0,	 Epoch: 23/80,	 Avg.loss: 0.0006,	 Accuracy: 785/1000(78%)
Task: 0,	 Epoch: 24/80,	 Avg.loss: 0.0006,	 Accuracy: 793/1000(79%)
Task: 0,	 Epoch: 25/80,	 Avg.loss: 0.0007,	 Accuracy: 768/1000(77%)
Task: 0,	 Epoch: 26/80,	 Avg.loss: 0.0007,	 Accuracy: 778/1000(78%)
Task: 0,	 Epoch: 27/80,	 Avg.loss: 0.0006,	 Accuracy: 783/1000(78%)
Task: 0,	 Epoch: 28/80,	 Avg.loss: 0.0006,	 Accuracy: 784/1000(78%)
Task: 0,	 Epoch: 29/80,	 Avg.loss: 0.0006,	 Accuracy: 795/1000(80%)
Task: 0,	 Epoch: 30/80,	 Avg.loss: 0.0006,	 Accuracy: 789/1000(79%)
Task: 0,	 Epoch: 31/80,	 Avg.loss: 0.0006,	 Accuracy: 805/1000(81%)
Task: 0,	 Epoch: 32/80,	 Avg.loss: 0.0006,	 Accuracy: 787/1000(79%)
Task: 0,	 Epoch: 33/80,	 Avg.loss: 0.0006,	 Accuracy: 795/1000(80%)
Task: 0,	 Epoch: 34/80,	 Avg.loss: 0.0006,	 Accuracy: 774/1000(77%)
Task: 0,	 Epoch: 35/80,	 Avg.loss: 0.0006,	 Accuracy: 800/1000(80%)
Task: 0,	 Epoch: 36/80,	 Avg.loss: 0.0006,	 Accuracy: 800/1000(80%)
Task: 0,	 Epoch: 37/80,	 Avg.loss: 0.0006,	 Accuracy: 788/1000(79%)
Task: 0,	 Epoch: 38/80,	 Avg.loss: 0.0006,	 Accuracy: 803/1000(80%)
Task: 0,	 Epoch: 39/80,	 Avg.loss: 0.0006,	 Accuracy: 802/1000(80%)
Task: 0,	 Epoch: 40/80,	 Avg.loss: 0.0006,	 Accuracy: 795/1000(80%)
Task: 0,	 Epoch: 41/80,	 Avg.loss: 0.0006,	 Accuracy: 806/1000(81%)
Task: 0,	 Epoch: 42/80,	 Avg.loss: 0.0006,	 Accuracy: 789/1000(79%)
Task: 0,	 Epoch: 43/80,	 Avg.loss: 0.0006,	 Accuracy: 804/1000(80%)
Task: 0,	 Epoch: 44/80,	 Avg.loss: 0.0006,	 Accuracy: 816/1000(82%)
Task: 0,	 Epoch: 45/80,	 Avg.loss: 0.0006,	 Accuracy: 811/1000(81%)
Task: 0,	 Epoch: 46/80,	 Avg.loss: 0.0007,	 Accuracy: 778/1000(78%)
Task: 0,	 Epoch: 47/80,	 Avg.loss: 0.0007,	 Accuracy: 793/1000(79%)
Task: 0,	 Epoch: 48/80,	 Avg.loss: 0.0006,	 Accuracy: 800/1000(80%)
Task: 0,	 Epoch: 49/80,	 Avg.loss: 0.0006,	 Accuracy: 823/1000(82%)
Task: 0,	 Epoch: 50/80,	 Avg.loss: 0.0006,	 Accuracy: 820/1000(82%)
Task: 0,	 Epoch: 51/80,	 Avg.loss: 0.0005,	 Accuracy: 819/1000(82%)
Task: 0,	 Epoch: 52/80,	 Avg.loss: 0.0005,	 Accuracy: 821/1000(82%)
Task: 0,	 Epoch: 53/80,	 Avg.loss: 0.0005,	 Accuracy: 821/1000(82%)
Task: 0,	 Epoch: 54/80,	 Avg.loss: 0.0005,	 Accuracy: 818/1000(82%)
Task: 0,	 Epoch: 55/80,	 Avg.loss: 0.0005,	 Accuracy: 822/1000(82%)
Task: 0,	 Epoch: 56/80,	 Avg.loss: 0.0005,	 Accuracy: 819/1000(82%)
Task: 0,	 Epoch: 57/80,	 Avg.loss: 0.0005,	 Accuracy: 813/1000(81%)
Task: 0,	 Epoch: 58/80,	 Avg.loss: 0.0005,	 Accuracy: 814/1000(81%)
Task: 0,	 Epoch: 59/80,	 Avg.loss: 0.0005,	 Accuracy: 817/1000(82%)
Task: 0,	 Epoch: 60/80,	 Avg.loss: 0.0005,	 Accuracy: 814/1000(81%)
Task: 0,	 Epoch: 61/80,	 Avg.loss: 0.0006,	 Accuracy: 815/1000(82%)
Task: 0,	 Epoch: 62/80,	 Avg.loss: 0.0006,	 Accuracy: 813/1000(81%)
Task: 0,	 Epoch: 63/80,	 Avg.loss: 0.0006,	 Accuracy: 812/1000(81%)
Task: 0,	 Epoch: 64/80,	 Avg.loss: 0.0006,	 Accuracy: 815/1000(82%)
Task: 0,	 Epoch: 65/80,	 Avg.loss: 0.0006,	 Accuracy: 820/1000(82%)
Task: 0,	 Epoch: 66/80,	 Avg.loss: 0.0005,	 Accuracy: 818/1000(82%)
Task: 0,	 Epoch: 67/80,	 Avg.loss: 0.0006,	 Accuracy: 820/1000(82%)
Task: 0,	 Epoch: 68/80,	 Avg.loss: 0.0006,	 Accuracy: 814/1000(81%)
Task: 0,	 Epoch: 69/80,	 Avg.loss: 0.0005,	 Accuracy: 824/1000(82%)
Task: 0,	 Epoch: 70/80,	 Avg.loss: 0.0006,	 Accuracy: 818/1000(82%)
Task: 0,	 Epoch: 71/80,	 Avg.loss: 0.0006,	 Accuracy: 819/1000(82%)
Task: 0,	 Epoch: 72/80,	 Avg.loss: 0.0006,	 Accuracy: 819/1000(82%)
Task: 0,	 Epoch: 73/80,	 Avg.loss: 0.0006,	 Accuracy: 819/1000(82%)
Task: 0,	 Epoch: 74/80,	 Avg.loss: 0.0006,	 Accuracy: 812/1000(81%)
Task: 0,	 Epoch: 75/80,	 Avg.loss: 0.0006,	 Accuracy: 817/1000(82%)
Task: 0,	 Epoch: 76/80,	 Avg.loss: 0.0006,	 Accuracy: 819/1000(82%)
Task: 0,	 Epoch: 77/80,	 Avg.loss: 0.0006,	 Accuracy: 822/1000(82%)
Task: 0,	 Epoch: 78/80,	 Avg.loss: 0.0005,	 Accuracy: 821/1000(82%)
Task: 0,	 Epoch: 79/80,	 Avg.loss: 0.0005,	 Accuracy: 824/1000(82%)
Task: 0,	 Epoch: -1/80,	 Avg.loss: 0.0005,	 Accuracy: 824/1000(82%)
Trained Task:0, Loaded task:0, Accuracy:82.4%
Trained Task:0, Avg. Accuracy: 82.4 

List of avg. accuracy: [82.4]
Layer        : conv1_layer.2.weight
R.histogram  : tensor([10., 11.,  4.,  3.,  1.,  2.,  0.,  0.,  0.,  1.], device='cuda:0')
R_sum max/min: 90.3/0.0
F.num_zeros  : 288/9216
W.num_zeros  : 0/9216
O.num_zeros  : 288/9216
Layer        : conv2_layer.2.weight
R.histogram  : tensor([53.,  3.,  2.,  3.,  1.,  1.,  0.,  0.,  0.,  1.], device='cuda:0')
R_sum max/min: 106.9/0.0
F.num_zeros  : 9705/36864
W.num_zeros  : 0/36864
O.num_zeros  : 29952/36864
Layer        : fc1_layer.0.weight
R.histogram  : tensor([432.,  36.,   9.,  16.,   9.,   4.,   3.,   0.,   1.,   2.],
       device='cuda:0')
R_sum max/min: 405.8/0.0
F.num_zeros  : 1360355/2097152
W.num_zeros  : 0/2097152
O.num_zeros  : 2085632/2097152
Mask histogram conv1_layer.2.weight: 	 tensor([   0.,    0., 8192.,    0.,    0.,    0.,    0.,    0.,    0.,    0.],
       device='cuda:0')
Mask histogram conv2_layer.2.weight: 	 tensor([3328.,  576.,  192.,    0.,    0.,    0.,    0.,    0.,    0.,    0.],
       device='cuda:0')
Mask histogram fc1_layer.0.weight: 	 tensor([489.,  12.,  11.,   0.,   0.,   0.,   0.,   0.,   0.,   0.],
       device='cuda:0')
Task: 1,	 Epoch: 0/80,	 Avg.loss: 0.0019,	 Accuracy: 315/1000(32%)
Task: 1,	 Epoch: 1/80,	 Avg.loss: 0.0016,	 Accuracy: 418/1000(42%)
Task: 1,	 Epoch: 2/80,	 Avg.loss: 0.0016,	 Accuracy: 418/1000(42%)
Task: 1,	 Epoch: 3/80,	 Avg.loss: 0.0016,	 Accuracy: 432/1000(43%)
Task: 1,	 Epoch: 4/80,	 Avg.loss: 0.0015,	 Accuracy: 427/1000(43%)
Task: 1,	 Epoch: 5/80,	 Avg.loss: 0.0015,	 Accuracy: 446/1000(45%)
Task: 1,	 Epoch: 6/80,	 Avg.loss: 0.0015,	 Accuracy: 456/1000(46%)
Task: 1,	 Epoch: 7/80,	 Avg.loss: 0.0015,	 Accuracy: 463/1000(46%)
Task: 1,	 Epoch: 8/80,	 Avg.loss: 0.0015,	 Accuracy: 471/1000(47%)
Task: 1,	 Epoch: 9/80,	 Avg.loss: 0.0015,	 Accuracy: 465/1000(47%)
Task: 1,	 Epoch: 10/80,	 Avg.loss: 0.0014,	 Accuracy: 475/1000(48%)
Task: 1,	 Epoch: 11/80,	 Avg.loss: 0.0014,	 Accuracy: 469/1000(47%)
Task: 1,	 Epoch: 12/80,	 Avg.loss: 0.0014,	 Accuracy: 480/1000(48%)
Task: 1,	 Epoch: 13/80,	 Avg.loss: 0.0014,	 Accuracy: 478/1000(48%)
Task: 1,	 Epoch: 14/80,	 Avg.loss: 0.0015,	 Accuracy: 463/1000(46%)
Task: 1,	 Epoch: 15/80,	 Avg.loss: 0.0015,	 Accuracy: 455/1000(46%)
Task: 1,	 Epoch: 16/80,	 Avg.loss: 0.0015,	 Accuracy: 492/1000(49%)
Task: 1,	 Epoch: 17/80,	 Avg.loss: 0.0014,	 Accuracy: 481/1000(48%)
Task: 1,	 Epoch: 18/80,	 Avg.loss: 0.0014,	 Accuracy: 503/1000(50%)
Task: 1,	 Epoch: 19/80,	 Avg.loss: 0.0014,	 Accuracy: 495/1000(50%)
Task: 1,	 Epoch: 20/80,	 Avg.loss: 0.0014,	 Accuracy: 506/1000(51%)
Task: 1,	 Epoch: 21/80,	 Avg.loss: 0.0014,	 Accuracy: 502/1000(50%)
Task: 1,	 Epoch: 22/80,	 Avg.loss: 0.0014,	 Accuracy: 491/1000(49%)
Task: 1,	 Epoch: 23/80,	 Avg.loss: 0.0014,	 Accuracy: 487/1000(49%)
Task: 1,	 Epoch: 24/80,	 Avg.loss: 0.0014,	 Accuracy: 496/1000(50%)
Task: 1,	 Epoch: 25/80,	 Avg.loss: 0.0014,	 Accuracy: 494/1000(49%)
Task: 1,	 Epoch: 26/80,	 Avg.loss: 0.0014,	 Accuracy: 512/1000(51%)
Task: 1,	 Epoch: 27/80,	 Avg.loss: 0.0014,	 Accuracy: 489/1000(49%)
Task: 1,	 Epoch: 28/80,	 Avg.loss: 0.0014,	 Accuracy: 481/1000(48%)
Task: 1,	 Epoch: 29/80,	 Avg.loss: 0.0015,	 Accuracy: 471/1000(47%)
Task: 1,	 Epoch: 30/80,	 Avg.loss: 0.0015,	 Accuracy: 456/1000(46%)
Task: 1,	 Epoch: 31/80,	 Avg.loss: 0.0013,	 Accuracy: 513/1000(51%)
Task: 1,	 Epoch: 32/80,	 Avg.loss: 0.0014,	 Accuracy: 501/1000(50%)
Task: 1,	 Epoch: 33/80,	 Avg.loss: 0.0014,	 Accuracy: 495/1000(50%)
Task: 1,	 Epoch: 34/80,	 Avg.loss: 0.0014,	 Accuracy: 510/1000(51%)
Task: 1,	 Epoch: 35/80,	 Avg.loss: 0.0014,	 Accuracy: 521/1000(52%)
Task: 1,	 Epoch: 36/80,	 Avg.loss: 0.0014,	 Accuracy: 499/1000(50%)
Task: 1,	 Epoch: 37/80,	 Avg.loss: 0.0013,	 Accuracy: 514/1000(51%)
Task: 1,	 Epoch: 38/80,	 Avg.loss: 0.0013,	 Accuracy: 514/1000(51%)
Task: 1,	 Epoch: 39/80,	 Avg.loss: 0.0014,	 Accuracy: 506/1000(51%)
Task: 1,	 Epoch: 40/80,	 Avg.loss: 0.0014,	 Accuracy: 490/1000(49%)
Task: 1,	 Epoch: 41/80,	 Avg.loss: 0.0014,	 Accuracy: 494/1000(49%)
Task: 1,	 Epoch: 42/80,	 Avg.loss: 0.0014,	 Accuracy: 517/1000(52%)
Task: 1,	 Epoch: 43/80,	 Avg.loss: 0.0015,	 Accuracy: 483/1000(48%)
Task: 1,	 Epoch: 44/80,	 Avg.loss: 0.0013,	 Accuracy: 514/1000(51%)
Task: 1,	 Epoch: 45/80,	 Avg.loss: 0.0013,	 Accuracy: 513/1000(51%)
Task: 1,	 Epoch: 46/80,	 Avg.loss: 0.0013,	 Accuracy: 510/1000(51%)
Task: 1,	 Epoch: 47/80,	 Avg.loss: 0.0014,	 Accuracy: 510/1000(51%)
Task: 1,	 Epoch: 48/80,	 Avg.loss: 0.0013,	 Accuracy: 528/1000(53%)
Task: 1,	 Epoch: 49/80,	 Avg.loss: 0.0014,	 Accuracy: 510/1000(51%)
Task: 1,	 Epoch: 50/80,	 Avg.loss: 0.0013,	 Accuracy: 520/1000(52%)
Task: 1,	 Epoch: 51/80,	 Avg.loss: 0.0013,	 Accuracy: 530/1000(53%)
Task: 1,	 Epoch: 52/80,	 Avg.loss: 0.0013,	 Accuracy: 518/1000(52%)
Task: 1,	 Epoch: 53/80,	 Avg.loss: 0.0013,	 Accuracy: 521/1000(52%)
Task: 1,	 Epoch: 54/80,	 Avg.loss: 0.0013,	 Accuracy: 531/1000(53%)
Task: 1,	 Epoch: 55/80,	 Avg.loss: 0.0013,	 Accuracy: 530/1000(53%)
Task: 1,	 Epoch: 56/80,	 Avg.loss: 0.0013,	 Accuracy: 521/1000(52%)
Task: 1,	 Epoch: 57/80,	 Avg.loss: 0.0013,	 Accuracy: 529/1000(53%)
Task: 1,	 Epoch: 58/80,	 Avg.loss: 0.0013,	 Accuracy: 524/1000(52%)
Task: 1,	 Epoch: 59/80,	 Avg.loss: 0.0013,	 Accuracy: 529/1000(53%)
Task: 1,	 Epoch: 60/80,	 Avg.loss: 0.0013,	 Accuracy: 524/1000(52%)
Task: 1,	 Epoch: 61/80,	 Avg.loss: 0.0013,	 Accuracy: 533/1000(53%)
Task: 1,	 Epoch: 62/80,	 Avg.loss: 0.0013,	 Accuracy: 530/1000(53%)
Task: 1,	 Epoch: 63/80,	 Avg.loss: 0.0013,	 Accuracy: 533/1000(53%)
Task: 1,	 Epoch: 64/80,	 Avg.loss: 0.0013,	 Accuracy: 530/1000(53%)
Task: 1,	 Epoch: 65/80,	 Avg.loss: 0.0013,	 Accuracy: 527/1000(53%)
Task: 1,	 Epoch: 66/80,	 Avg.loss: 0.0013,	 Accuracy: 531/1000(53%)
Task: 1,	 Epoch: 67/80,	 Avg.loss: 0.0013,	 Accuracy: 529/1000(53%)
Task: 1,	 Epoch: 68/80,	 Avg.loss: 0.0013,	 Accuracy: 528/1000(53%)
Task: 1,	 Epoch: 69/80,	 Avg.loss: 0.0013,	 Accuracy: 525/1000(53%)
Task: 1,	 Epoch: 70/80,	 Avg.loss: 0.0013,	 Accuracy: 535/1000(54%)
Task: 1,	 Epoch: 71/80,	 Avg.loss: 0.0013,	 Accuracy: 520/1000(52%)
Task: 1,	 Epoch: 72/80,	 Avg.loss: 0.0013,	 Accuracy: 531/1000(53%)
Task: 1,	 Epoch: 73/80,	 Avg.loss: 0.0013,	 Accuracy: 526/1000(53%)
Task: 1,	 Epoch: 74/80,	 Avg.loss: 0.0013,	 Accuracy: 514/1000(51%)
Task: 1,	 Epoch: 75/80,	 Avg.loss: 0.0013,	 Accuracy: 525/1000(53%)
Task: 1,	 Epoch: 76/80,	 Avg.loss: 0.0013,	 Accuracy: 519/1000(52%)
Task: 1,	 Epoch: 77/80,	 Avg.loss: 0.0013,	 Accuracy: 527/1000(53%)
Task: 1,	 Epoch: 78/80,	 Avg.loss: 0.0013,	 Accuracy: 527/1000(53%)
Task: 1,	 Epoch: 79/80,	 Avg.loss: 0.0013,	 Accuracy: 533/1000(53%)
Task: 0,	 Epoch: -1/80,	 Avg.loss: 0.0009,	 Accuracy: 746/1000(75%)
Trained Task:1, Loaded task:0, Accuracy:74.6%
Task: 1,	 Epoch: -1/80,	 Avg.loss: 0.0013,	 Accuracy: 533/1000(53%)
Trained Task:1, Loaded task:1, Accuracy:53.3%
Trained Task:1, Avg. Accuracy: 64.0 

List of avg. accuracy: [82.4, 64.0]
Layer        : conv1_layer.2.weight
R.histogram  : tensor([4., 9., 7., 4., 2., 0., 3., 0., 1., 2.], device='cuda:0')
R_sum max/min: 75.3/0.0
F.num_zeros  : 288/9216
W.num_zeros  : 0/9216
O.num_zeros  : 288/9216
Layer        : conv2_layer.2.weight
R.histogram  : tensor([51.,  4.,  3.,  1.,  1.,  1.,  1.,  1.,  0.,  1.], device='cuda:0')
R_sum max/min: 131.2/0.0
F.num_zeros  : 10108/36864
W.num_zeros  : 0/36864
O.num_zeros  : 29952/36864
Layer        : fc1_layer.0.weight
R.histogram  : tensor([434.,  39.,  16.,   9.,   5.,   3.,   2.,   1.,   2.,   1.],
       device='cuda:0')
R_sum max/min: 407.6/0.0
F.num_zeros  : 1374386/2097152
W.num_zeros  : 0/2097152
O.num_zeros  : 2084096/2097152
Mask histogram conv1_layer.2.weight: 	 tensor([   0.,    0.,    0., 8192.,    0.,    0.,    0.,    0.,    0.,    0.],
       device='cuda:0')
Mask histogram conv2_layer.2.weight: 	 tensor([3328.,  384.,  256.,  128.,    0.,    0.,    0.,    0.,    0.,    0.],
       device='cuda:0')
Mask histogram fc1_layer.0.weight: 	 tensor([488.,   9.,   6.,   9.,   0.,   0.,   0.,   0.,   0.,   0.],
       device='cuda:0')
Task: 2,	 Epoch: 0/80,	 Avg.loss: 0.0019,	 Accuracy: 314/1000(31%)
Task: 2,	 Epoch: 1/80,	 Avg.loss: 0.0017,	 Accuracy: 426/1000(43%)
Task: 2,	 Epoch: 2/80,	 Avg.loss: 0.0015,	 Accuracy: 489/1000(49%)
Task: 2,	 Epoch: 3/80,	 Avg.loss: 0.0014,	 Accuracy: 538/1000(54%)
Task: 2,	 Epoch: 4/80,	 Avg.loss: 0.0013,	 Accuracy: 565/1000(57%)
Task: 2,	 Epoch: 5/80,	 Avg.loss: 0.0014,	 Accuracy: 541/1000(54%)
Task: 2,	 Epoch: 6/80,	 Avg.loss: 0.0013,	 Accuracy: 567/1000(57%)
Task: 2,	 Epoch: 7/80,	 Avg.loss: 0.0013,	 Accuracy: 596/1000(60%)
Task: 2,	 Epoch: 8/80,	 Avg.loss: 0.0013,	 Accuracy: 576/1000(58%)
Task: 2,	 Epoch: 9/80,	 Avg.loss: 0.0012,	 Accuracy: 595/1000(60%)
Task: 2,	 Epoch: 10/80,	 Avg.loss: 0.0012,	 Accuracy: 619/1000(62%)
Task: 2,	 Epoch: 11/80,	 Avg.loss: 0.0012,	 Accuracy: 596/1000(60%)
Task: 2,	 Epoch: 12/80,	 Avg.loss: 0.0012,	 Accuracy: 598/1000(60%)
Task: 2,	 Epoch: 13/80,	 Avg.loss: 0.0012,	 Accuracy: 619/1000(62%)
Task: 2,	 Epoch: 14/80,	 Avg.loss: 0.0013,	 Accuracy: 569/1000(57%)
Task: 2,	 Epoch: 15/80,	 Avg.loss: 0.0012,	 Accuracy: 628/1000(63%)
Task: 2,	 Epoch: 16/80,	 Avg.loss: 0.0012,	 Accuracy: 633/1000(63%)
Task: 2,	 Epoch: 17/80,	 Avg.loss: 0.0011,	 Accuracy: 624/1000(62%)
Task: 2,	 Epoch: 18/80,	 Avg.loss: 0.0012,	 Accuracy: 625/1000(63%)
Task: 2,	 Epoch: 19/80,	 Avg.loss: 0.0011,	 Accuracy: 627/1000(63%)
Task: 2,	 Epoch: 20/80,	 Avg.loss: 0.0012,	 Accuracy: 627/1000(63%)
Task: 2,	 Epoch: 21/80,	 Avg.loss: 0.0011,	 Accuracy: 636/1000(64%)
Task: 2,	 Epoch: 22/80,	 Avg.loss: 0.0012,	 Accuracy: 611/1000(61%)
Task: 2,	 Epoch: 23/80,	 Avg.loss: 0.0012,	 Accuracy: 611/1000(61%)
Task: 2,	 Epoch: 24/80,	 Avg.loss: 0.0013,	 Accuracy: 619/1000(62%)
Task: 2,	 Epoch: 25/80,	 Avg.loss: 0.0011,	 Accuracy: 641/1000(64%)
Task: 2,	 Epoch: 26/80,	 Avg.loss: 0.0012,	 Accuracy: 642/1000(64%)
Task: 2,	 Epoch: 27/80,	 Avg.loss: 0.0011,	 Accuracy: 647/1000(65%)
Task: 2,	 Epoch: 28/80,	 Avg.loss: 0.0011,	 Accuracy: 637/1000(64%)
Task: 2,	 Epoch: 29/80,	 Avg.loss: 0.0011,	 Accuracy: 630/1000(63%)
Task: 2,	 Epoch: 30/80,	 Avg.loss: 0.0011,	 Accuracy: 621/1000(62%)
Task: 2,	 Epoch: 31/80,	 Avg.loss: 0.0011,	 Accuracy: 639/1000(64%)
Task: 2,	 Epoch: 32/80,	 Avg.loss: 0.0011,	 Accuracy: 639/1000(64%)
Task: 2,	 Epoch: 33/80,	 Avg.loss: 0.0013,	 Accuracy: 587/1000(59%)
Task: 2,	 Epoch: 34/80,	 Avg.loss: 0.0012,	 Accuracy: 630/1000(63%)
Task: 2,	 Epoch: 35/80,	 Avg.loss: 0.0014,	 Accuracy: 567/1000(57%)
Task: 2,	 Epoch: 36/80,	 Avg.loss: 0.0012,	 Accuracy: 643/1000(64%)
Task: 2,	 Epoch: 37/80,	 Avg.loss: 0.0011,	 Accuracy: 646/1000(65%)
Task: 2,	 Epoch: 38/80,	 Avg.loss: 0.0011,	 Accuracy: 639/1000(64%)
Task: 2,	 Epoch: 39/80,	 Avg.loss: 0.0011,	 Accuracy: 630/1000(63%)
Task: 2,	 Epoch: 40/80,	 Avg.loss: 0.0012,	 Accuracy: 644/1000(64%)
Task: 2,	 Epoch: 41/80,	 Avg.loss: 0.0011,	 Accuracy: 653/1000(65%)
Task: 2,	 Epoch: 42/80,	 Avg.loss: 0.0011,	 Accuracy: 635/1000(64%)
Task: 2,	 Epoch: 43/80,	 Avg.loss: 0.0011,	 Accuracy: 672/1000(67%)
Task: 2,	 Epoch: 44/80,	 Avg.loss: 0.0011,	 Accuracy: 651/1000(65%)
Task: 2,	 Epoch: 45/80,	 Avg.loss: 0.0011,	 Accuracy: 644/1000(64%)
Task: 2,	 Epoch: 46/80,	 Avg.loss: 0.0011,	 Accuracy: 616/1000(62%)
Task: 2,	 Epoch: 47/80,	 Avg.loss: 0.0011,	 Accuracy: 637/1000(64%)
Task: 2,	 Epoch: 48/80,	 Avg.loss: 0.0011,	 Accuracy: 651/1000(65%)
Task: 2,	 Epoch: 49/80,	 Avg.loss: 0.0011,	 Accuracy: 646/1000(65%)
Task: 2,	 Epoch: 50/80,	 Avg.loss: 0.0011,	 Accuracy: 661/1000(66%)
Task: 2,	 Epoch: 51/80,	 Avg.loss: 0.0011,	 Accuracy: 661/1000(66%)
Task: 2,	 Epoch: 52/80,	 Avg.loss: 0.0011,	 Accuracy: 656/1000(66%)
Task: 2,	 Epoch: 53/80,	 Avg.loss: 0.0011,	 Accuracy: 669/1000(67%)
Task: 2,	 Epoch: 54/80,	 Avg.loss: 0.0011,	 Accuracy: 663/1000(66%)
Task: 2,	 Epoch: 55/80,	 Avg.loss: 0.0011,	 Accuracy: 665/1000(66%)
Task: 2,	 Epoch: 56/80,	 Avg.loss: 0.0011,	 Accuracy: 666/1000(67%)
Task: 2,	 Epoch: 57/80,	 Avg.loss: 0.0011,	 Accuracy: 670/1000(67%)
Task: 2,	 Epoch: 58/80,	 Avg.loss: 0.0011,	 Accuracy: 668/1000(67%)
Task: 2,	 Epoch: 59/80,	 Avg.loss: 0.0011,	 Accuracy: 664/1000(66%)
Task: 2,	 Epoch: 60/80,	 Avg.loss: 0.0011,	 Accuracy: 667/1000(67%)
Task: 2,	 Epoch: 61/80,	 Avg.loss: 0.0011,	 Accuracy: 674/1000(67%)
Task: 2,	 Epoch: 62/80,	 Avg.loss: 0.0011,	 Accuracy: 670/1000(67%)
Task: 2,	 Epoch: 63/80,	 Avg.loss: 0.0011,	 Accuracy: 675/1000(68%)
Task: 2,	 Epoch: 64/80,	 Avg.loss: 0.0011,	 Accuracy: 653/1000(65%)
Task: 2,	 Epoch: 65/80,	 Avg.loss: 0.0011,	 Accuracy: 669/1000(67%)
Task: 2,	 Epoch: 66/80,	 Avg.loss: 0.0011,	 Accuracy: 664/1000(66%)
Task: 2,	 Epoch: 67/80,	 Avg.loss: 0.0011,	 Accuracy: 662/1000(66%)
Task: 2,	 Epoch: 68/80,	 Avg.loss: 0.0011,	 Accuracy: 672/1000(67%)
Task: 2,	 Epoch: 69/80,	 Avg.loss: 0.0011,	 Accuracy: 665/1000(66%)
Task: 2,	 Epoch: 70/80,	 Avg.loss: 0.0011,	 Accuracy: 668/1000(67%)
Task: 2,	 Epoch: 71/80,	 Avg.loss: 0.0011,	 Accuracy: 667/1000(67%)
Task: 2,	 Epoch: 72/80,	 Avg.loss: 0.0011,	 Accuracy: 669/1000(67%)
Task: 2,	 Epoch: 73/80,	 Avg.loss: 0.0011,	 Accuracy: 663/1000(66%)
Task: 2,	 Epoch: 74/80,	 Avg.loss: 0.0011,	 Accuracy: 662/1000(66%)
Task: 2,	 Epoch: 75/80,	 Avg.loss: 0.0011,	 Accuracy: 663/1000(66%)
Task: 2,	 Epoch: 76/80,	 Avg.loss: 0.0011,	 Accuracy: 665/1000(66%)
Task: 2,	 Epoch: 77/80,	 Avg.loss: 0.0010,	 Accuracy: 659/1000(66%)
Task: 2,	 Epoch: 78/80,	 Avg.loss: 0.0011,	 Accuracy: 659/1000(66%)
Task: 2,	 Epoch: 79/80,	 Avg.loss: 0.0011,	 Accuracy: 664/1000(66%)
Task: 0,	 Epoch: -1/80,	 Avg.loss: 0.0017,	 Accuracy: 648/1000(65%)
Trained Task:2, Loaded task:0, Accuracy:64.8%
Task: 1,	 Epoch: -1/80,	 Avg.loss: 0.0015,	 Accuracy: 479/1000(48%)
Trained Task:2, Loaded task:1, Accuracy:47.9%
Task: 2,	 Epoch: -1/80,	 Avg.loss: 0.0011,	 Accuracy: 664/1000(66%)
Trained Task:2, Loaded task:2, Accuracy:66.4%
Trained Task:2, Avg. Accuracy: 59.7 

List of avg. accuracy: [82.4, 64.0, 59.7]
Layer        : conv1_layer.2.weight
R.histogram  : tensor([10.,  6.,  6.,  4.,  1.,  2.,  0.,  0.,  2.,  1.], device='cuda:0')
R_sum max/min: 73.7/0.0
F.num_zeros  : 288/9216
W.num_zeros  : 0/9216
O.num_zeros  : 288/9216
Layer        : conv2_layer.2.weight
R.histogram  : tensor([53.,  5.,  2.,  0.,  1.,  1.,  1.,  0.,  0.,  1.], device='cuda:0')
R_sum max/min: 102.6/0.0
F.num_zeros  : 10394/36864
W.num_zeros  : 0/36864
O.num_zeros  : 29952/36864
Layer        : fc1_layer.0.weight
R.histogram  : tensor([439.,  32.,  18.,   9.,   6.,   4.,   0.,   2.,   1.,   1.],
       device='cuda:0')
R_sum max/min: 376.1/0.0
F.num_zeros  : 1394225/2097152
W.num_zeros  : 0/2097152
O.num_zeros  : 2083200/2097152
Mask histogram conv1_layer.2.weight: 	 tensor([   0.,    0.,    0.,    0., 8192.,    0.,    0.,    0.,    0.,    0.],
       device='cuda:0')
Mask histogram conv2_layer.2.weight: 	 tensor([3328.,  384.,   64.,  256.,   64.,    0.,    0.,    0.,    0.,    0.],
       device='cuda:0')
Mask histogram fc1_layer.0.weight: 	 tensor([486.,  10.,   4.,   4.,   8.,   0.,   0.,   0.,   0.,   0.],
       device='cuda:0')
Task: 3,	 Epoch: 0/80,	 Avg.loss: 0.0021,	 Accuracy: 236/1000(24%)
Task: 3,	 Epoch: 1/80,	 Avg.loss: 0.0018,	 Accuracy: 363/1000(36%)
Task: 3,	 Epoch: 2/80,	 Avg.loss: 0.0017,	 Accuracy: 392/1000(39%)
Task: 3,	 Epoch: 3/80,	 Avg.loss: 0.0017,	 Accuracy: 412/1000(41%)
Task: 3,	 Epoch: 4/80,	 Avg.loss: 0.0016,	 Accuracy: 421/1000(42%)
Task: 3,	 Epoch: 5/80,	 Avg.loss: 0.0017,	 Accuracy: 408/1000(41%)
Task: 3,	 Epoch: 6/80,	 Avg.loss: 0.0016,	 Accuracy: 421/1000(42%)
Task: 3,	 Epoch: 7/80,	 Avg.loss: 0.0016,	 Accuracy: 469/1000(47%)
Task: 3,	 Epoch: 8/80,	 Avg.loss: 0.0016,	 Accuracy: 442/1000(44%)
Task: 3,	 Epoch: 9/80,	 Avg.loss: 0.0015,	 Accuracy: 459/1000(46%)
Task: 3,	 Epoch: 10/80,	 Avg.loss: 0.0016,	 Accuracy: 453/1000(45%)
Task: 3,	 Epoch: 11/80,	 Avg.loss: 0.0015,	 Accuracy: 451/1000(45%)
Task: 3,	 Epoch: 12/80,	 Avg.loss: 0.0016,	 Accuracy: 458/1000(46%)
Task: 3,	 Epoch: 13/80,	 Avg.loss: 0.0015,	 Accuracy: 469/1000(47%)
Task: 3,	 Epoch: 14/80,	 Avg.loss: 0.0015,	 Accuracy: 476/1000(48%)
Task: 3,	 Epoch: 15/80,	 Avg.loss: 0.0015,	 Accuracy: 489/1000(49%)
Task: 3,	 Epoch: 16/80,	 Avg.loss: 0.0015,	 Accuracy: 451/1000(45%)
Task: 3,	 Epoch: 17/80,	 Avg.loss: 0.0015,	 Accuracy: 481/1000(48%)
Task: 3,	 Epoch: 18/80,	 Avg.loss: 0.0015,	 Accuracy: 491/1000(49%)
Task: 3,	 Epoch: 19/80,	 Avg.loss: 0.0015,	 Accuracy: 461/1000(46%)
Task: 3,	 Epoch: 20/80,	 Avg.loss: 0.0015,	 Accuracy: 460/1000(46%)
Task: 3,	 Epoch: 21/80,	 Avg.loss: 0.0015,	 Accuracy: 486/1000(49%)
Task: 3,	 Epoch: 22/80,	 Avg.loss: 0.0015,	 Accuracy: 463/1000(46%)
Task: 3,	 Epoch: 23/80,	 Avg.loss: 0.0015,	 Accuracy: 484/1000(48%)
Task: 3,	 Epoch: 24/80,	 Avg.loss: 0.0015,	 Accuracy: 445/1000(45%)
Task: 3,	 Epoch: 25/80,	 Avg.loss: 0.0015,	 Accuracy: 476/1000(48%)
Task: 3,	 Epoch: 26/80,	 Avg.loss: 0.0015,	 Accuracy: 483/1000(48%)
Task: 3,	 Epoch: 27/80,	 Avg.loss: 0.0015,	 Accuracy: 471/1000(47%)
Task: 3,	 Epoch: 28/80,	 Avg.loss: 0.0015,	 Accuracy: 480/1000(48%)
Task: 3,	 Epoch: 29/80,	 Avg.loss: 0.0014,	 Accuracy: 493/1000(49%)
Task: 3,	 Epoch: 30/80,	 Avg.loss: 0.0015,	 Accuracy: 462/1000(46%)
Task: 3,	 Epoch: 31/80,	 Avg.loss: 0.0014,	 Accuracy: 505/1000(51%)
Task: 3,	 Epoch: 32/80,	 Avg.loss: 0.0015,	 Accuracy: 478/1000(48%)
Task: 3,	 Epoch: 33/80,	 Avg.loss: 0.0016,	 Accuracy: 461/1000(46%)
Task: 3,	 Epoch: 34/80,	 Avg.loss: 0.0015,	 Accuracy: 489/1000(49%)
Task: 3,	 Epoch: 35/80,	 Avg.loss: 0.0015,	 Accuracy: 493/1000(49%)
Task: 3,	 Epoch: 36/80,	 Avg.loss: 0.0015,	 Accuracy: 485/1000(49%)
Task: 3,	 Epoch: 37/80,	 Avg.loss: 0.0014,	 Accuracy: 499/1000(50%)
Task: 3,	 Epoch: 38/80,	 Avg.loss: 0.0015,	 Accuracy: 489/1000(49%)
Task: 3,	 Epoch: 39/80,	 Avg.loss: 0.0014,	 Accuracy: 492/1000(49%)
Task: 3,	 Epoch: 40/80,	 Avg.loss: 0.0015,	 Accuracy: 477/1000(48%)
Task: 3,	 Epoch: 41/80,	 Avg.loss: 0.0014,	 Accuracy: 498/1000(50%)
Task: 3,	 Epoch: 42/80,	 Avg.loss: 0.0015,	 Accuracy: 484/1000(48%)
Task: 3,	 Epoch: 43/80,	 Avg.loss: 0.0015,	 Accuracy: 483/1000(48%)
Task: 3,	 Epoch: 44/80,	 Avg.loss: 0.0015,	 Accuracy: 455/1000(46%)
Task: 3,	 Epoch: 45/80,	 Avg.loss: 0.0015,	 Accuracy: 464/1000(46%)
Task: 3,	 Epoch: 46/80,	 Avg.loss: 0.0015,	 Accuracy: 484/1000(48%)
Task: 3,	 Epoch: 47/80,	 Avg.loss: 0.0014,	 Accuracy: 494/1000(49%)
Task: 3,	 Epoch: 48/80,	 Avg.loss: 0.0015,	 Accuracy: 473/1000(47%)
Task: 3,	 Epoch: 49/80,	 Avg.loss: 0.0014,	 Accuracy: 492/1000(49%)
Task: 3,	 Epoch: 50/80,	 Avg.loss: 0.0014,	 Accuracy: 505/1000(51%)
Task: 3,	 Epoch: 51/80,	 Avg.loss: 0.0014,	 Accuracy: 501/1000(50%)
Task: 3,	 Epoch: 52/80,	 Avg.loss: 0.0014,	 Accuracy: 498/1000(50%)
Task: 3,	 Epoch: 53/80,	 Avg.loss: 0.0014,	 Accuracy: 505/1000(51%)
Task: 3,	 Epoch: 54/80,	 Avg.loss: 0.0014,	 Accuracy: 511/1000(51%)
Task: 3,	 Epoch: 55/80,	 Avg.loss: 0.0014,	 Accuracy: 503/1000(50%)
Task: 3,	 Epoch: 56/80,	 Avg.loss: 0.0014,	 Accuracy: 500/1000(50%)
Task: 3,	 Epoch: 57/80,	 Avg.loss: 0.0014,	 Accuracy: 508/1000(51%)
Task: 3,	 Epoch: 58/80,	 Avg.loss: 0.0014,	 Accuracy: 500/1000(50%)
Task: 3,	 Epoch: 59/80,	 Avg.loss: 0.0014,	 Accuracy: 499/1000(50%)
Task: 3,	 Epoch: 60/80,	 Avg.loss: 0.0014,	 Accuracy: 505/1000(51%)
Task: 3,	 Epoch: 61/80,	 Avg.loss: 0.0014,	 Accuracy: 496/1000(50%)
Task: 3,	 Epoch: 62/80,	 Avg.loss: 0.0014,	 Accuracy: 506/1000(51%)
Task: 3,	 Epoch: 63/80,	 Avg.loss: 0.0014,	 Accuracy: 495/1000(50%)
Task: 3,	 Epoch: 64/80,	 Avg.loss: 0.0014,	 Accuracy: 498/1000(50%)
Task: 3,	 Epoch: 65/80,	 Avg.loss: 0.0014,	 Accuracy: 503/1000(50%)
Task: 3,	 Epoch: 66/80,	 Avg.loss: 0.0014,	 Accuracy: 509/1000(51%)
Task: 3,	 Epoch: 67/80,	 Avg.loss: 0.0014,	 Accuracy: 504/1000(50%)
Task: 3,	 Epoch: 68/80,	 Avg.loss: 0.0014,	 Accuracy: 504/1000(50%)
Task: 3,	 Epoch: 69/80,	 Avg.loss: 0.0014,	 Accuracy: 505/1000(51%)
Task: 3,	 Epoch: 70/80,	 Avg.loss: 0.0014,	 Accuracy: 496/1000(50%)
Task: 3,	 Epoch: 71/80,	 Avg.loss: 0.0014,	 Accuracy: 516/1000(52%)
Task: 3,	 Epoch: 72/80,	 Avg.loss: 0.0014,	 Accuracy: 502/1000(50%)
Task: 3,	 Epoch: 73/80,	 Avg.loss: 0.0014,	 Accuracy: 499/1000(50%)
Task: 3,	 Epoch: 74/80,	 Avg.loss: 0.0014,	 Accuracy: 500/1000(50%)
Task: 3,	 Epoch: 75/80,	 Avg.loss: 0.0014,	 Accuracy: 501/1000(50%)
Task: 3,	 Epoch: 76/80,	 Avg.loss: 0.0014,	 Accuracy: 498/1000(50%)
Task: 3,	 Epoch: 77/80,	 Avg.loss: 0.0014,	 Accuracy: 503/1000(50%)
Task: 3,	 Epoch: 78/80,	 Avg.loss: 0.0014,	 Accuracy: 506/1000(51%)
Task: 3,	 Epoch: 79/80,	 Avg.loss: 0.0014,	 Accuracy: 507/1000(51%)
Task: 0,	 Epoch: -1/80,	 Avg.loss: 0.0023,	 Accuracy: 565/1000(57%)
Trained Task:3, Loaded task:0, Accuracy:56.5%
Task: 1,	 Epoch: -1/80,	 Avg.loss: 0.0015,	 Accuracy: 450/1000(45%)
Trained Task:3, Loaded task:1, Accuracy:45.0%
Task: 2,	 Epoch: -1/80,	 Avg.loss: 0.0013,	 Accuracy: 592/1000(59%)
Trained Task:3, Loaded task:2, Accuracy:59.2%
Task: 3,	 Epoch: -1/80,	 Avg.loss: 0.0014,	 Accuracy: 507/1000(51%)
Trained Task:3, Loaded task:3, Accuracy:50.7%
Trained Task:3, Avg. Accuracy: 52.9 

List of avg. accuracy: [82.4, 64.0, 59.7, 52.9]
Layer        : conv1_layer.2.weight
R.histogram  : tensor([ 9., 11.,  5.,  1.,  2.,  1.,  1.,  1.,  0.,  1.], device='cuda:0')
R_sum max/min: 77.7/0.0
F.num_zeros  : 288/9216
W.num_zeros  : 0/9216
O.num_zeros  : 288/9216
Layer        : conv2_layer.2.weight
R.histogram  : tensor([53.,  6.,  1.,  0.,  0.,  0.,  0.,  1.,  1.,  2.], device='cuda:0')
R_sum max/min: 98.4/0.0
F.num_zeros  : 10421/36864
W.num_zeros  : 0/36864
O.num_zeros  : 29952/36864
Layer        : fc1_layer.0.weight
R.histogram  : tensor([436.,  35.,  16.,  11.,   2.,   3.,   3.,   3.,   0.,   3.],
       device='cuda:0')
R_sum max/min: 343.4/0.0
F.num_zeros  : 1398101/2097152
W.num_zeros  : 0/2097152
O.num_zeros  : 2082688/2097152
Mask histogram conv1_layer.2.weight: 	 tensor([   0.,    0.,    0.,    0.,    0., 8192.,    0.,    0.,    0.,    0.],
       device='cuda:0')
Mask histogram conv2_layer.2.weight: 	 tensor([3328.,  384.,   64.,   64.,  192.,   64.,    0.,    0.,    0.,    0.],
       device='cuda:0')
Mask histogram fc1_layer.0.weight: 	 tensor([485.,  11.,   1.,   5.,   2.,   8.,   0.,   0.,   0.,   0.],
       device='cuda:0')
Task: 4,	 Epoch: 0/80,	 Avg.loss: 0.0019,	 Accuracy: 335/1000(34%)
Task: 4,	 Epoch: 1/80,	 Avg.loss: 0.0016,	 Accuracy: 423/1000(42%)
Task: 4,	 Epoch: 2/80,	 Avg.loss: 0.0015,	 Accuracy: 486/1000(49%)
Task: 4,	 Epoch: 3/80,	 Avg.loss: 0.0015,	 Accuracy: 502/1000(50%)
Task: 4,	 Epoch: 4/80,	 Avg.loss: 0.0015,	 Accuracy: 496/1000(50%)
Task: 4,	 Epoch: 5/80,	 Avg.loss: 0.0015,	 Accuracy: 506/1000(51%)
Task: 4,	 Epoch: 6/80,	 Avg.loss: 0.0015,	 Accuracy: 517/1000(52%)
Task: 4,	 Epoch: 7/80,	 Avg.loss: 0.0015,	 Accuracy: 502/1000(50%)
Task: 4,	 Epoch: 8/80,	 Avg.loss: 0.0014,	 Accuracy: 536/1000(54%)
Task: 4,	 Epoch: 9/80,	 Avg.loss: 0.0014,	 Accuracy: 529/1000(53%)
Task: 4,	 Epoch: 10/80,	 Avg.loss: 0.0016,	 Accuracy: 497/1000(50%)
Task: 4,	 Epoch: 11/80,	 Avg.loss: 0.0014,	 Accuracy: 560/1000(56%)
Task: 4,	 Epoch: 12/80,	 Avg.loss: 0.0014,	 Accuracy: 560/1000(56%)
Task: 4,	 Epoch: 13/80,	 Avg.loss: 0.0013,	 Accuracy: 556/1000(56%)
Task: 4,	 Epoch: 14/80,	 Avg.loss: 0.0014,	 Accuracy: 552/1000(55%)
Task: 4,	 Epoch: 15/80,	 Avg.loss: 0.0016,	 Accuracy: 479/1000(48%)
Task: 4,	 Epoch: 16/80,	 Avg.loss: 0.0014,	 Accuracy: 557/1000(56%)
Task: 4,	 Epoch: 17/80,	 Avg.loss: 0.0014,	 Accuracy: 545/1000(55%)
Task: 4,	 Epoch: 18/80,	 Avg.loss: 0.0014,	 Accuracy: 563/1000(56%)
Task: 4,	 Epoch: 19/80,	 Avg.loss: 0.0013,	 Accuracy: 565/1000(57%)
Task: 4,	 Epoch: 20/80,	 Avg.loss: 0.0014,	 Accuracy: 548/1000(55%)
Task: 4,	 Epoch: 21/80,	 Avg.loss: 0.0014,	 Accuracy: 547/1000(55%)
Task: 4,	 Epoch: 22/80,	 Avg.loss: 0.0014,	 Accuracy: 558/1000(56%)
Task: 4,	 Epoch: 23/80,	 Avg.loss: 0.0013,	 Accuracy: 575/1000(58%)
Task: 4,	 Epoch: 24/80,	 Avg.loss: 0.0013,	 Accuracy: 578/1000(58%)
Task: 4,	 Epoch: 25/80,	 Avg.loss: 0.0014,	 Accuracy: 563/1000(56%)
Task: 4,	 Epoch: 26/80,	 Avg.loss: 0.0014,	 Accuracy: 559/1000(56%)
Task: 4,	 Epoch: 27/80,	 Avg.loss: 0.0013,	 Accuracy: 569/1000(57%)
Task: 4,	 Epoch: 28/80,	 Avg.loss: 0.0014,	 Accuracy: 566/1000(57%)
Task: 4,	 Epoch: 29/80,	 Avg.loss: 0.0014,	 Accuracy: 554/1000(55%)
Task: 4,	 Epoch: 30/80,	 Avg.loss: 0.0013,	 Accuracy: 567/1000(57%)
Task: 4,	 Epoch: 31/80,	 Avg.loss: 0.0013,	 Accuracy: 563/1000(56%)
Task: 4,	 Epoch: 32/80,	 Avg.loss: 0.0014,	 Accuracy: 555/1000(56%)
Task: 4,	 Epoch: 33/80,	 Avg.loss: 0.0014,	 Accuracy: 552/1000(55%)
Task: 4,	 Epoch: 34/80,	 Avg.loss: 0.0014,	 Accuracy: 553/1000(55%)
Task: 4,	 Epoch: 35/80,	 Avg.loss: 0.0013,	 Accuracy: 576/1000(58%)
Task: 4,	 Epoch: 36/80,	 Avg.loss: 0.0013,	 Accuracy: 573/1000(57%)
Task: 4,	 Epoch: 37/80,	 Avg.loss: 0.0015,	 Accuracy: 532/1000(53%)
Task: 4,	 Epoch: 38/80,	 Avg.loss: 0.0014,	 Accuracy: 553/1000(55%)
Task: 4,	 Epoch: 39/80,	 Avg.loss: 0.0014,	 Accuracy: 561/1000(56%)
Task: 4,	 Epoch: 40/80,	 Avg.loss: 0.0014,	 Accuracy: 563/1000(56%)
Task: 4,	 Epoch: 41/80,	 Avg.loss: 0.0014,	 Accuracy: 544/1000(54%)
Task: 4,	 Epoch: 42/80,	 Avg.loss: 0.0014,	 Accuracy: 565/1000(57%)
Task: 4,	 Epoch: 43/80,	 Avg.loss: 0.0013,	 Accuracy: 569/1000(57%)
Task: 4,	 Epoch: 44/80,	 Avg.loss: 0.0014,	 Accuracy: 571/1000(57%)
Task: 4,	 Epoch: 45/80,	 Avg.loss: 0.0014,	 Accuracy: 542/1000(54%)
Task: 4,	 Epoch: 46/80,	 Avg.loss: 0.0013,	 Accuracy: 579/1000(58%)
Task: 4,	 Epoch: 47/80,	 Avg.loss: 0.0014,	 Accuracy: 559/1000(56%)
Task: 4,	 Epoch: 48/80,	 Avg.loss: 0.0013,	 Accuracy: 580/1000(58%)
Task: 4,	 Epoch: 49/80,	 Avg.loss: 0.0014,	 Accuracy: 569/1000(57%)
Task: 4,	 Epoch: 50/80,	 Avg.loss: 0.0013,	 Accuracy: 590/1000(59%)
Task: 4,	 Epoch: 51/80,	 Avg.loss: 0.0013,	 Accuracy: 594/1000(59%)
Task: 4,	 Epoch: 52/80,	 Avg.loss: 0.0013,	 Accuracy: 591/1000(59%)
Task: 4,	 Epoch: 53/80,	 Avg.loss: 0.0013,	 Accuracy: 592/1000(59%)
Task: 4,	 Epoch: 54/80,	 Avg.loss: 0.0013,	 Accuracy: 589/1000(59%)
Task: 4,	 Epoch: 55/80,	 Avg.loss: 0.0013,	 Accuracy: 592/1000(59%)
Task: 4,	 Epoch: 56/80,	 Avg.loss: 0.0013,	 Accuracy: 590/1000(59%)
Task: 4,	 Epoch: 57/80,	 Avg.loss: 0.0013,	 Accuracy: 594/1000(59%)
Task: 4,	 Epoch: 58/80,	 Avg.loss: 0.0013,	 Accuracy: 596/1000(60%)
Task: 4,	 Epoch: 59/80,	 Avg.loss: 0.0013,	 Accuracy: 593/1000(59%)
Task: 4,	 Epoch: 60/80,	 Avg.loss: 0.0013,	 Accuracy: 595/1000(60%)
Task: 4,	 Epoch: 61/80,	 Avg.loss: 0.0013,	 Accuracy: 597/1000(60%)
Task: 4,	 Epoch: 62/80,	 Avg.loss: 0.0013,	 Accuracy: 597/1000(60%)
Task: 4,	 Epoch: 63/80,	 Avg.loss: 0.0013,	 Accuracy: 601/1000(60%)
Task: 4,	 Epoch: 64/80,	 Avg.loss: 0.0013,	 Accuracy: 593/1000(59%)
Task: 4,	 Epoch: 65/80,	 Avg.loss: 0.0013,	 Accuracy: 596/1000(60%)
Task: 4,	 Epoch: 66/80,	 Avg.loss: 0.0013,	 Accuracy: 591/1000(59%)
Task: 4,	 Epoch: 67/80,	 Avg.loss: 0.0013,	 Accuracy: 602/1000(60%)
Task: 4,	 Epoch: 68/80,	 Avg.loss: 0.0013,	 Accuracy: 589/1000(59%)
Task: 4,	 Epoch: 69/80,	 Avg.loss: 0.0013,	 Accuracy: 593/1000(59%)
Task: 4,	 Epoch: 70/80,	 Avg.loss: 0.0013,	 Accuracy: 589/1000(59%)
Task: 4,	 Epoch: 71/80,	 Avg.loss: 0.0013,	 Accuracy: 594/1000(59%)
Task: 4,	 Epoch: 72/80,	 Avg.loss: 0.0013,	 Accuracy: 578/1000(58%)
Task: 4,	 Epoch: 73/80,	 Avg.loss: 0.0013,	 Accuracy: 584/1000(58%)
Task: 4,	 Epoch: 74/80,	 Avg.loss: 0.0013,	 Accuracy: 602/1000(60%)
Task: 4,	 Epoch: 75/80,	 Avg.loss: 0.0013,	 Accuracy: 594/1000(59%)
Task: 4,	 Epoch: 76/80,	 Avg.loss: 0.0013,	 Accuracy: 587/1000(59%)
Task: 4,	 Epoch: 77/80,	 Avg.loss: 0.0013,	 Accuracy: 588/1000(59%)
Task: 4,	 Epoch: 78/80,	 Avg.loss: 0.0013,	 Accuracy: 602/1000(60%)
Task: 4,	 Epoch: 79/80,	 Avg.loss: 0.0013,	 Accuracy: 576/1000(58%)
Task: 0,	 Epoch: -1/80,	 Avg.loss: 0.0032,	 Accuracy: 492/1000(49%)
Trained Task:4, Loaded task:0, Accuracy:49.2%
Task: 1,	 Epoch: -1/80,	 Avg.loss: 0.0019,	 Accuracy: 390/1000(39%)
Trained Task:4, Loaded task:1, Accuracy:39.0%
Task: 2,	 Epoch: -1/80,	 Avg.loss: 0.0018,	 Accuracy: 491/1000(49%)
Trained Task:4, Loaded task:2, Accuracy:49.1%
Task: 3,	 Epoch: -1/80,	 Avg.loss: 0.0014,	 Accuracy: 510/1000(51%)
Trained Task:4, Loaded task:3, Accuracy:51.0%
Task: 4,	 Epoch: -1/80,	 Avg.loss: 0.0013,	 Accuracy: 576/1000(58%)
Trained Task:4, Loaded task:4, Accuracy:57.6%
Trained Task:4, Avg. Accuracy: 49.2 

List of avg. accuracy: [82.4, 64.0, 59.7, 52.9, 49.2]
Layer        : conv1_layer.2.weight
R.histogram  : tensor([11.,  8.,  5.,  2.,  2.,  0.,  2.,  0.,  1.,  1.], device='cuda:0')
R_sum max/min: 84.3/0.0
F.num_zeros  : 288/9216
W.num_zeros  : 0/9216
O.num_zeros  : 288/9216
Layer        : conv2_layer.2.weight
R.histogram  : tensor([55.,  4.,  1.,  0.,  0.,  0.,  1.,  2.,  0.,  1.], device='cuda:0')
R_sum max/min: 126.9/0.0
F.num_zeros  : 10411/36864
W.num_zeros  : 0/36864
O.num_zeros  : 29952/36864
Layer        : fc1_layer.0.weight
R.histogram  : tensor([442.,  28.,  22.,   8.,   0.,   4.,   5.,   1.,   0.,   2.],
       device='cuda:0')
R_sum max/min: 308.9/0.0
F.num_zeros  : 1403704/2097152
W.num_zeros  : 0/2097152
O.num_zeros  : 2082432/2097152
Mask histogram conv1_layer.2.weight: 	 tensor([   0.,    0.,    0.,    0.,    0.,    0., 8192.,    0.,    0.,    0.],
       device='cuda:0')
Mask histogram conv2_layer.2.weight: 	 tensor([3328.,  384.,   64.,   64.,    0.,  192.,   64.,    0.,    0.,    0.],
       device='cuda:0')
Mask histogram fc1_layer.0.weight: 	 tensor([485.,  11.,   1.,   3.,   2.,   2.,   8.,   0.,   0.,   0.],
       device='cuda:0')
Task: 5,	 Epoch: 0/80,	 Avg.loss: 0.0023,	 Accuracy: 172/1000(17%)
Task: 5,	 Epoch: 1/80,	 Avg.loss: 0.0020,	 Accuracy: 288/1000(29%)
Task: 5,	 Epoch: 2/80,	 Avg.loss: 0.0016,	 Accuracy: 414/1000(41%)
Task: 5,	 Epoch: 3/80,	 Avg.loss: 0.0015,	 Accuracy: 439/1000(44%)
Task: 5,	 Epoch: 4/80,	 Avg.loss: 0.0015,	 Accuracy: 442/1000(44%)
Task: 5,	 Epoch: 5/80,	 Avg.loss: 0.0015,	 Accuracy: 464/1000(46%)
Task: 5,	 Epoch: 6/80,	 Avg.loss: 0.0016,	 Accuracy: 393/1000(39%)
Task: 5,	 Epoch: 7/80,	 Avg.loss: 0.0014,	 Accuracy: 468/1000(47%)
Task: 5,	 Epoch: 8/80,	 Avg.loss: 0.0014,	 Accuracy: 486/1000(49%)
Task: 5,	 Epoch: 9/80,	 Avg.loss: 0.0014,	 Accuracy: 477/1000(48%)
Task: 5,	 Epoch: 10/80,	 Avg.loss: 0.0014,	 Accuracy: 463/1000(46%)
Task: 5,	 Epoch: 11/80,	 Avg.loss: 0.0014,	 Accuracy: 464/1000(46%)
Task: 5,	 Epoch: 12/80,	 Avg.loss: 0.0015,	 Accuracy: 461/1000(46%)
Task: 5,	 Epoch: 13/80,	 Avg.loss: 0.0014,	 Accuracy: 484/1000(48%)
Task: 5,	 Epoch: 14/80,	 Avg.loss: 0.0014,	 Accuracy: 479/1000(48%)
Task: 5,	 Epoch: 15/80,	 Avg.loss: 0.0015,	 Accuracy: 451/1000(45%)
Task: 5,	 Epoch: 16/80,	 Avg.loss: 0.0014,	 Accuracy: 468/1000(47%)
Task: 5,	 Epoch: 17/80,	 Avg.loss: 0.0014,	 Accuracy: 482/1000(48%)
Task: 5,	 Epoch: 18/80,	 Avg.loss: 0.0014,	 Accuracy: 446/1000(45%)
Task: 5,	 Epoch: 19/80,	 Avg.loss: 0.0014,	 Accuracy: 480/1000(48%)
Task: 5,	 Epoch: 20/80,	 Avg.loss: 0.0014,	 Accuracy: 466/1000(47%)
Task: 5,	 Epoch: 21/80,	 Avg.loss: 0.0014,	 Accuracy: 466/1000(47%)
Task: 5,	 Epoch: 22/80,	 Avg.loss: 0.0014,	 Accuracy: 469/1000(47%)
Task: 5,	 Epoch: 23/80,	 Avg.loss: 0.0015,	 Accuracy: 420/1000(42%)
Task: 5,	 Epoch: 24/80,	 Avg.loss: 0.0014,	 Accuracy: 484/1000(48%)
Task: 5,	 Epoch: 25/80,	 Avg.loss: 0.0014,	 Accuracy: 469/1000(47%)
Task: 5,	 Epoch: 26/80,	 Avg.loss: 0.0014,	 Accuracy: 481/1000(48%)
Task: 5,	 Epoch: 27/80,	 Avg.loss: 0.0014,	 Accuracy: 490/1000(49%)
Task: 5,	 Epoch: 28/80,	 Avg.loss: 0.0014,	 Accuracy: 465/1000(47%)
Task: 5,	 Epoch: 29/80,	 Avg.loss: 0.0014,	 Accuracy: 475/1000(48%)
Task: 5,	 Epoch: 30/80,	 Avg.loss: 0.0014,	 Accuracy: 490/1000(49%)
Task: 5,	 Epoch: 31/80,	 Avg.loss: 0.0014,	 Accuracy: 498/1000(50%)
Task: 5,	 Epoch: 32/80,	 Avg.loss: 0.0014,	 Accuracy: 484/1000(48%)
Task: 5,	 Epoch: 33/80,	 Avg.loss: 0.0014,	 Accuracy: 478/1000(48%)
Task: 5,	 Epoch: 34/80,	 Avg.loss: 0.0014,	 Accuracy: 493/1000(49%)
Task: 5,	 Epoch: 35/80,	 Avg.loss: 0.0014,	 Accuracy: 471/1000(47%)
Task: 5,	 Epoch: 36/80,	 Avg.loss: 0.0014,	 Accuracy: 483/1000(48%)
Task: 5,	 Epoch: 37/80,	 Avg.loss: 0.0014,	 Accuracy: 469/1000(47%)
Task: 5,	 Epoch: 38/80,	 Avg.loss: 0.0014,	 Accuracy: 467/1000(47%)
Task: 5,	 Epoch: 39/80,	 Avg.loss: 0.0014,	 Accuracy: 471/1000(47%)
Task: 5,	 Epoch: 40/80,	 Avg.loss: 0.0014,	 Accuracy: 475/1000(48%)
Task: 5,	 Epoch: 41/80,	 Avg.loss: 0.0014,	 Accuracy: 480/1000(48%)
Task: 5,	 Epoch: 42/80,	 Avg.loss: 0.0014,	 Accuracy: 496/1000(50%)
Task: 5,	 Epoch: 43/80,	 Avg.loss: 0.0014,	 Accuracy: 483/1000(48%)
Task: 5,	 Epoch: 44/80,	 Avg.loss: 0.0013,	 Accuracy: 497/1000(50%)
Task: 5,	 Epoch: 45/80,	 Avg.loss: 0.0014,	 Accuracy: 481/1000(48%)
Task: 5,	 Epoch: 46/80,	 Avg.loss: 0.0013,	 Accuracy: 490/1000(49%)
Task: 5,	 Epoch: 47/80,	 Avg.loss: 0.0014,	 Accuracy: 483/1000(48%)
Task: 5,	 Epoch: 48/80,	 Avg.loss: 0.0014,	 Accuracy: 480/1000(48%)
Task: 5,	 Epoch: 49/80,	 Avg.loss: 0.0014,	 Accuracy: 497/1000(50%)
Task: 5,	 Epoch: 50/80,	 Avg.loss: 0.0013,	 Accuracy: 494/1000(49%)
Task: 5,	 Epoch: 51/80,	 Avg.loss: 0.0013,	 Accuracy: 498/1000(50%)
Task: 5,	 Epoch: 52/80,	 Avg.loss: 0.0013,	 Accuracy: 498/1000(50%)
Task: 5,	 Epoch: 53/80,	 Avg.loss: 0.0013,	 Accuracy: 500/1000(50%)
Task: 5,	 Epoch: 54/80,	 Avg.loss: 0.0013,	 Accuracy: 502/1000(50%)
Task: 5,	 Epoch: 55/80,	 Avg.loss: 0.0013,	 Accuracy: 490/1000(49%)
Task: 5,	 Epoch: 56/80,	 Avg.loss: 0.0013,	 Accuracy: 497/1000(50%)
Task: 5,	 Epoch: 57/80,	 Avg.loss: 0.0013,	 Accuracy: 499/1000(50%)
Task: 5,	 Epoch: 58/80,	 Avg.loss: 0.0013,	 Accuracy: 502/1000(50%)
Task: 5,	 Epoch: 59/80,	 Avg.loss: 0.0013,	 Accuracy: 497/1000(50%)
Task: 5,	 Epoch: 60/80,	 Avg.loss: 0.0013,	 Accuracy: 501/1000(50%)
Task: 5,	 Epoch: 61/80,	 Avg.loss: 0.0013,	 Accuracy: 506/1000(51%)
Task: 5,	 Epoch: 62/80,	 Avg.loss: 0.0013,	 Accuracy: 495/1000(50%)
Task: 5,	 Epoch: 63/80,	 Avg.loss: 0.0013,	 Accuracy: 496/1000(50%)
Task: 5,	 Epoch: 64/80,	 Avg.loss: 0.0013,	 Accuracy: 501/1000(50%)
Task: 5,	 Epoch: 65/80,	 Avg.loss: 0.0013,	 Accuracy: 498/1000(50%)
Task: 5,	 Epoch: 66/80,	 Avg.loss: 0.0013,	 Accuracy: 496/1000(50%)
Task: 5,	 Epoch: 67/80,	 Avg.loss: 0.0013,	 Accuracy: 496/1000(50%)
Task: 5,	 Epoch: 68/80,	 Avg.loss: 0.0013,	 Accuracy: 504/1000(50%)
Task: 5,	 Epoch: 69/80,	 Avg.loss: 0.0013,	 Accuracy: 496/1000(50%)
Task: 5,	 Epoch: 70/80,	 Avg.loss: 0.0013,	 Accuracy: 490/1000(49%)
Task: 5,	 Epoch: 71/80,	 Avg.loss: 0.0013,	 Accuracy: 500/1000(50%)
Task: 5,	 Epoch: 72/80,	 Avg.loss: 0.0013,	 Accuracy: 490/1000(49%)
Task: 5,	 Epoch: 73/80,	 Avg.loss: 0.0013,	 Accuracy: 497/1000(50%)
Task: 5,	 Epoch: 74/80,	 Avg.loss: 0.0013,	 Accuracy: 502/1000(50%)
Task: 5,	 Epoch: 75/80,	 Avg.loss: 0.0013,	 Accuracy: 494/1000(49%)
Task: 5,	 Epoch: 76/80,	 Avg.loss: 0.0013,	 Accuracy: 501/1000(50%)
Task: 5,	 Epoch: 77/80,	 Avg.loss: 0.0013,	 Accuracy: 511/1000(51%)
Task: 5,	 Epoch: 78/80,	 Avg.loss: 0.0013,	 Accuracy: 501/1000(50%)
Task: 5,	 Epoch: 79/80,	 Avg.loss: 0.0013,	 Accuracy: 501/1000(50%)
Task: 0,	 Epoch: -1/80,	 Avg.loss: 0.0035,	 Accuracy: 447/1000(45%)
Trained Task:5, Loaded task:0, Accuracy:44.7%
Task: 1,	 Epoch: -1/80,	 Avg.loss: 0.0021,	 Accuracy: 358/1000(36%)
Trained Task:5, Loaded task:1, Accuracy:35.8%
Task: 2,	 Epoch: -1/80,	 Avg.loss: 0.0020,	 Accuracy: 415/1000(42%)
Trained Task:5, Loaded task:2, Accuracy:41.5%
Task: 3,	 Epoch: -1/80,	 Avg.loss: 0.0016,	 Accuracy: 477/1000(48%)
Trained Task:5, Loaded task:3, Accuracy:47.7%
Task: 4,	 Epoch: -1/80,	 Avg.loss: 0.0014,	 Accuracy: 551/1000(55%)
Trained Task:5, Loaded task:4, Accuracy:55.1%
Task: 5,	 Epoch: -1/80,	 Avg.loss: 0.0013,	 Accuracy: 501/1000(50%)
Trained Task:5, Loaded task:5, Accuracy:50.1%
Trained Task:5, Avg. Accuracy: 45.8 

List of avg. accuracy: [82.4, 64.0, 59.7, 52.9, 49.2, 45.8]
Layer        : conv1_layer.2.weight
R.histogram  : tensor([ 6., 11.,  8.,  1.,  3.,  0.,  0.,  1.,  0.,  2.], device='cuda:0')
R_sum max/min: 89.2/0.0
F.num_zeros  : 288/9216
W.num_zeros  : 0/9216
O.num_zeros  : 288/9216
Layer        : conv2_layer.2.weight
R.histogram  : tensor([53.,  6.,  0.,  1.,  0.,  0.,  0.,  2.,  1.,  1.], device='cuda:0')
R_sum max/min: 92.7/0.0
F.num_zeros  : 10438/36864
W.num_zeros  : 0/36864
O.num_zeros  : 29952/36864
Layer        : fc1_layer.0.weight
R.histogram  : tensor([435.,  36.,  19.,  10.,   1.,   6.,   2.,   1.,   0.,   2.],
       device='cuda:0')
R_sum max/min: 294.3/0.0
F.num_zeros  : 1379339/2097152
W.num_zeros  : 0/2097152
O.num_zeros  : 2082432/2097152
Mask histogram conv1_layer.2.weight: 	 tensor([   0.,    0.,    0.,    0.,    0.,    0.,    0., 8192.,    0.,    0.],
       device='cuda:0')
Mask histogram conv2_layer.2.weight: 	 tensor([3328.,  384.,   64.,   64.,    0.,    0.,  192.,   64.,    0.,    0.],
       device='cuda:0')
Mask histogram fc1_layer.0.weight: 	 tensor([485.,  11.,   1.,   3.,   0.,   2.,   2.,   8.,   0.,   0.],
       device='cuda:0')
Task: 6,	 Epoch: 0/80,	 Avg.loss: 0.0021,	 Accuracy: 258/1000(26%)
Task: 6,	 Epoch: 1/80,	 Avg.loss: 0.0017,	 Accuracy: 369/1000(37%)
Task: 6,	 Epoch: 2/80,	 Avg.loss: 0.0015,	 Accuracy: 454/1000(45%)
Task: 6,	 Epoch: 3/80,	 Avg.loss: 0.0016,	 Accuracy: 460/1000(46%)
Task: 6,	 Epoch: 4/80,	 Avg.loss: 0.0015,	 Accuracy: 479/1000(48%)
Task: 6,	 Epoch: 5/80,	 Avg.loss: 0.0014,	 Accuracy: 491/1000(49%)
Task: 6,	 Epoch: 6/80,	 Avg.loss: 0.0014,	 Accuracy: 483/1000(48%)
Task: 6,	 Epoch: 7/80,	 Avg.loss: 0.0014,	 Accuracy: 496/1000(50%)
Task: 6,	 Epoch: 8/80,	 Avg.loss: 0.0014,	 Accuracy: 513/1000(51%)
Task: 6,	 Epoch: 9/80,	 Avg.loss: 0.0014,	 Accuracy: 514/1000(51%)
Task: 6,	 Epoch: 10/80,	 Avg.loss: 0.0013,	 Accuracy: 526/1000(53%)
Task: 6,	 Epoch: 11/80,	 Avg.loss: 0.0014,	 Accuracy: 502/1000(50%)
Task: 6,	 Epoch: 12/80,	 Avg.loss: 0.0014,	 Accuracy: 477/1000(48%)
Task: 6,	 Epoch: 13/80,	 Avg.loss: 0.0014,	 Accuracy: 489/1000(49%)
Task: 6,	 Epoch: 14/80,	 Avg.loss: 0.0013,	 Accuracy: 526/1000(53%)
Task: 6,	 Epoch: 15/80,	 Avg.loss: 0.0013,	 Accuracy: 536/1000(54%)
Task: 6,	 Epoch: 16/80,	 Avg.loss: 0.0013,	 Accuracy: 537/1000(54%)
Task: 6,	 Epoch: 17/80,	 Avg.loss: 0.0014,	 Accuracy: 513/1000(51%)
Task: 6,	 Epoch: 18/80,	 Avg.loss: 0.0013,	 Accuracy: 528/1000(53%)
Task: 6,	 Epoch: 19/80,	 Avg.loss: 0.0013,	 Accuracy: 527/1000(53%)
Task: 6,	 Epoch: 20/80,	 Avg.loss: 0.0013,	 Accuracy: 521/1000(52%)
Task: 6,	 Epoch: 21/80,	 Avg.loss: 0.0013,	 Accuracy: 538/1000(54%)
Task: 6,	 Epoch: 22/80,	 Avg.loss: 0.0013,	 Accuracy: 526/1000(53%)
Task: 6,	 Epoch: 23/80,	 Avg.loss: 0.0013,	 Accuracy: 518/1000(52%)
Task: 6,	 Epoch: 24/80,	 Avg.loss: 0.0013,	 Accuracy: 532/1000(53%)
Task: 6,	 Epoch: 25/80,	 Avg.loss: 0.0013,	 Accuracy: 538/1000(54%)
Task: 6,	 Epoch: 26/80,	 Avg.loss: 0.0013,	 Accuracy: 542/1000(54%)
Task: 6,	 Epoch: 27/80,	 Avg.loss: 0.0013,	 Accuracy: 545/1000(55%)
Task: 6,	 Epoch: 28/80,	 Avg.loss: 0.0013,	 Accuracy: 530/1000(53%)
Task: 6,	 Epoch: 29/80,	 Avg.loss: 0.0013,	 Accuracy: 536/1000(54%)
Task: 6,	 Epoch: 30/80,	 Avg.loss: 0.0013,	 Accuracy: 539/1000(54%)
Task: 6,	 Epoch: 31/80,	 Avg.loss: 0.0013,	 Accuracy: 536/1000(54%)
Task: 6,	 Epoch: 32/80,	 Avg.loss: 0.0013,	 Accuracy: 517/1000(52%)
Task: 6,	 Epoch: 33/80,	 Avg.loss: 0.0013,	 Accuracy: 534/1000(53%)
Task: 6,	 Epoch: 34/80,	 Avg.loss: 0.0013,	 Accuracy: 542/1000(54%)
Task: 6,	 Epoch: 35/80,	 Avg.loss: 0.0013,	 Accuracy: 524/1000(52%)
Task: 6,	 Epoch: 36/80,	 Avg.loss: 0.0013,	 Accuracy: 522/1000(52%)
Task: 6,	 Epoch: 37/80,	 Avg.loss: 0.0013,	 Accuracy: 552/1000(55%)
Task: 6,	 Epoch: 38/80,	 Avg.loss: 0.0013,	 Accuracy: 558/1000(56%)
Task: 6,	 Epoch: 39/80,	 Avg.loss: 0.0013,	 Accuracy: 527/1000(53%)
Task: 6,	 Epoch: 40/80,	 Avg.loss: 0.0013,	 Accuracy: 561/1000(56%)
Task: 6,	 Epoch: 41/80,	 Avg.loss: 0.0013,	 Accuracy: 545/1000(55%)
Task: 6,	 Epoch: 42/80,	 Avg.loss: 0.0013,	 Accuracy: 523/1000(52%)
Task: 6,	 Epoch: 43/80,	 Avg.loss: 0.0013,	 Accuracy: 532/1000(53%)
Task: 6,	 Epoch: 44/80,	 Avg.loss: 0.0013,	 Accuracy: 532/1000(53%)
Task: 6,	 Epoch: 45/80,	 Avg.loss: 0.0013,	 Accuracy: 552/1000(55%)
Task: 6,	 Epoch: 46/80,	 Avg.loss: 0.0013,	 Accuracy: 552/1000(55%)
Task: 6,	 Epoch: 47/80,	 Avg.loss: 0.0013,	 Accuracy: 531/1000(53%)
Task: 6,	 Epoch: 48/80,	 Avg.loss: 0.0012,	 Accuracy: 554/1000(55%)
Task: 6,	 Epoch: 49/80,	 Avg.loss: 0.0013,	 Accuracy: 549/1000(55%)
Task: 6,	 Epoch: 50/80,	 Avg.loss: 0.0012,	 Accuracy: 561/1000(56%)
Task: 6,	 Epoch: 51/80,	 Avg.loss: 0.0012,	 Accuracy: 562/1000(56%)
Task: 6,	 Epoch: 52/80,	 Avg.loss: 0.0012,	 Accuracy: 560/1000(56%)
Task: 6,	 Epoch: 53/80,	 Avg.loss: 0.0012,	 Accuracy: 564/1000(56%)
Task: 6,	 Epoch: 54/80,	 Avg.loss: 0.0012,	 Accuracy: 571/1000(57%)
Task: 6,	 Epoch: 55/80,	 Avg.loss: 0.0012,	 Accuracy: 558/1000(56%)
Task: 6,	 Epoch: 56/80,	 Avg.loss: 0.0012,	 Accuracy: 558/1000(56%)
Task: 6,	 Epoch: 57/80,	 Avg.loss: 0.0012,	 Accuracy: 564/1000(56%)
Task: 6,	 Epoch: 58/80,	 Avg.loss: 0.0012,	 Accuracy: 565/1000(57%)
Task: 6,	 Epoch: 59/80,	 Avg.loss: 0.0012,	 Accuracy: 564/1000(56%)
Task: 6,	 Epoch: 60/80,	 Avg.loss: 0.0012,	 Accuracy: 567/1000(57%)
Task: 6,	 Epoch: 61/80,	 Avg.loss: 0.0012,	 Accuracy: 559/1000(56%)
Task: 6,	 Epoch: 62/80,	 Avg.loss: 0.0012,	 Accuracy: 565/1000(57%)
Task: 6,	 Epoch: 63/80,	 Avg.loss: 0.0012,	 Accuracy: 566/1000(57%)
Task: 6,	 Epoch: 64/80,	 Avg.loss: 0.0012,	 Accuracy: 563/1000(56%)
Task: 6,	 Epoch: 65/80,	 Avg.loss: 0.0012,	 Accuracy: 568/1000(57%)
Task: 6,	 Epoch: 66/80,	 Avg.loss: 0.0012,	 Accuracy: 560/1000(56%)
Task: 6,	 Epoch: 67/80,	 Avg.loss: 0.0012,	 Accuracy: 568/1000(57%)
Task: 6,	 Epoch: 68/80,	 Avg.loss: 0.0012,	 Accuracy: 560/1000(56%)
Task: 6,	 Epoch: 69/80,	 Avg.loss: 0.0012,	 Accuracy: 573/1000(57%)
Task: 6,	 Epoch: 70/80,	 Avg.loss: 0.0012,	 Accuracy: 566/1000(57%)
Task: 6,	 Epoch: 71/80,	 Avg.loss: 0.0012,	 Accuracy: 573/1000(57%)
Task: 6,	 Epoch: 72/80,	 Avg.loss: 0.0012,	 Accuracy: 556/1000(56%)
Task: 6,	 Epoch: 73/80,	 Avg.loss: 0.0012,	 Accuracy: 556/1000(56%)
Task: 6,	 Epoch: 74/80,	 Avg.loss: 0.0012,	 Accuracy: 563/1000(56%)
Task: 6,	 Epoch: 75/80,	 Avg.loss: 0.0012,	 Accuracy: 556/1000(56%)
Task: 6,	 Epoch: 76/80,	 Avg.loss: 0.0012,	 Accuracy: 563/1000(56%)
Task: 6,	 Epoch: 77/80,	 Avg.loss: 0.0012,	 Accuracy: 571/1000(57%)
Task: 6,	 Epoch: 78/80,	 Avg.loss: 0.0012,	 Accuracy: 562/1000(56%)
Task: 6,	 Epoch: 79/80,	 Avg.loss: 0.0012,	 Accuracy: 569/1000(57%)
Task: 0,	 Epoch: -1/80,	 Avg.loss: 0.0050,	 Accuracy: 353/1000(35%)
Trained Task:6, Loaded task:0, Accuracy:35.3%
Task: 1,	 Epoch: -1/80,	 Avg.loss: 0.0024,	 Accuracy: 333/1000(33%)
Trained Task:6, Loaded task:1, Accuracy:33.3%
Task: 2,	 Epoch: -1/80,	 Avg.loss: 0.0028,	 Accuracy: 349/1000(35%)
Trained Task:6, Loaded task:2, Accuracy:34.9%
Task: 3,	 Epoch: -1/80,	 Avg.loss: 0.0022,	 Accuracy: 348/1000(35%)
Trained Task:6, Loaded task:3, Accuracy:34.8%
Task: 4,	 Epoch: -1/80,	 Avg.loss: 0.0019,	 Accuracy: 451/1000(45%)
Trained Task:6, Loaded task:4, Accuracy:45.1%
Task: 5,	 Epoch: -1/80,	 Avg.loss: 0.0015,	 Accuracy: 448/1000(45%)
Trained Task:6, Loaded task:5, Accuracy:44.8%
Task: 6,	 Epoch: -1/80,	 Avg.loss: 0.0012,	 Accuracy: 569/1000(57%)
Trained Task:6, Loaded task:6, Accuracy:56.9%
Trained Task:6, Avg. Accuracy: 40.7 

List of avg. accuracy: [82.4, 64.0, 59.7, 52.9, 49.2, 45.8, 40.7]
Layer        : conv1_layer.2.weight
R.histogram  : tensor([ 6.,  8., 10.,  3.,  2.,  0.,  0.,  1.,  0.,  2.], device='cuda:0')
R_sum max/min: 75.1/0.0
F.num_zeros  : 288/9216
W.num_zeros  : 0/9216
O.num_zeros  : 288/9216
Layer        : conv2_layer.2.weight
R.histogram  : tensor([57.,  2.,  1.,  0.,  0.,  2.,  0.,  1.,  0.,  1.], device='cuda:0')
R_sum max/min: 108.0/0.0
F.num_zeros  : 10550/36864
W.num_zeros  : 0/36864
O.num_zeros  : 29952/36864
Layer        : fc1_layer.0.weight
R.histogram  : tensor([439.,  31.,  21.,   8.,   4.,   0.,   2.,   5.,   1.,   1.],
       device='cuda:0')
R_sum max/min: 292.6/0.0
F.num_zeros  : 1403008/2097152
W.num_zeros  : 0/2097152
O.num_zeros  : 2082432/2097152
Mask histogram conv1_layer.2.weight: 	 tensor([   0.,    0.,    0.,    0.,    0.,    0.,    0.,    0., 8192.,    0.],
       device='cuda:0')
Mask histogram conv2_layer.2.weight: 	 tensor([3328.,  384.,   64.,   64.,    0.,    0.,    0.,  192.,   64.,    0.],
       device='cuda:0')
Mask histogram fc1_layer.0.weight: 	 tensor([484.,  12.,   1.,   2.,   1.,   0.,   2.,   3.,   7.,   0.],
       device='cuda:0')
Task: 7,	 Epoch: 0/80,	 Avg.loss: 0.0019,	 Accuracy: 307/1000(31%)
Task: 7,	 Epoch: 1/80,	 Avg.loss: 0.0017,	 Accuracy: 410/1000(41%)
Task: 7,	 Epoch: 2/80,	 Avg.loss: 0.0016,	 Accuracy: 428/1000(43%)
Task: 7,	 Epoch: 3/80,	 Avg.loss: 0.0015,	 Accuracy: 462/1000(46%)
Task: 7,	 Epoch: 4/80,	 Avg.loss: 0.0015,	 Accuracy: 445/1000(45%)
Task: 7,	 Epoch: 5/80,	 Avg.loss: 0.0015,	 Accuracy: 446/1000(45%)
Task: 7,	 Epoch: 6/80,	 Avg.loss: 0.0015,	 Accuracy: 454/1000(45%)
Task: 7,	 Epoch: 7/80,	 Avg.loss: 0.0016,	 Accuracy: 420/1000(42%)
Task: 7,	 Epoch: 8/80,	 Avg.loss: 0.0015,	 Accuracy: 483/1000(48%)
Task: 7,	 Epoch: 9/80,	 Avg.loss: 0.0015,	 Accuracy: 474/1000(47%)
Task: 7,	 Epoch: 10/80,	 Avg.loss: 0.0015,	 Accuracy: 481/1000(48%)
Task: 7,	 Epoch: 11/80,	 Avg.loss: 0.0015,	 Accuracy: 464/1000(46%)
Task: 7,	 Epoch: 12/80,	 Avg.loss: 0.0015,	 Accuracy: 472/1000(47%)
Task: 7,	 Epoch: 13/80,	 Avg.loss: 0.0015,	 Accuracy: 475/1000(48%)
Task: 7,	 Epoch: 14/80,	 Avg.loss: 0.0015,	 Accuracy: 458/1000(46%)
Task: 7,	 Epoch: 15/80,	 Avg.loss: 0.0016,	 Accuracy: 424/1000(42%)
Task: 7,	 Epoch: 16/80,	 Avg.loss: 0.0015,	 Accuracy: 481/1000(48%)
Task: 7,	 Epoch: 17/80,	 Avg.loss: 0.0014,	 Accuracy: 467/1000(47%)
Task: 7,	 Epoch: 18/80,	 Avg.loss: 0.0015,	 Accuracy: 467/1000(47%)
Task: 7,	 Epoch: 19/80,	 Avg.loss: 0.0015,	 Accuracy: 471/1000(47%)
Task: 7,	 Epoch: 20/80,	 Avg.loss: 0.0015,	 Accuracy: 466/1000(47%)
Task: 7,	 Epoch: 21/80,	 Avg.loss: 0.0015,	 Accuracy: 467/1000(47%)
Task: 7,	 Epoch: 22/80,	 Avg.loss: 0.0014,	 Accuracy: 484/1000(48%)
Task: 7,	 Epoch: 23/80,	 Avg.loss: 0.0014,	 Accuracy: 499/1000(50%)
Task: 7,	 Epoch: 24/80,	 Avg.loss: 0.0014,	 Accuracy: 469/1000(47%)
Task: 7,	 Epoch: 25/80,	 Avg.loss: 0.0015,	 Accuracy: 471/1000(47%)
Task: 7,	 Epoch: 26/80,	 Avg.loss: 0.0015,	 Accuracy: 457/1000(46%)
Task: 7,	 Epoch: 27/80,	 Avg.loss: 0.0014,	 Accuracy: 495/1000(50%)
Task: 7,	 Epoch: 28/80,	 Avg.loss: 0.0014,	 Accuracy: 504/1000(50%)
Task: 7,	 Epoch: 29/80,	 Avg.loss: 0.0015,	 Accuracy: 467/1000(47%)
Task: 7,	 Epoch: 30/80,	 Avg.loss: 0.0015,	 Accuracy: 464/1000(46%)
Task: 7,	 Epoch: 31/80,	 Avg.loss: 0.0014,	 Accuracy: 489/1000(49%)
Task: 7,	 Epoch: 32/80,	 Avg.loss: 0.0015,	 Accuracy: 488/1000(49%)
Task: 7,	 Epoch: 33/80,	 Avg.loss: 0.0015,	 Accuracy: 481/1000(48%)
Task: 7,	 Epoch: 34/80,	 Avg.loss: 0.0015,	 Accuracy: 481/1000(48%)
Task: 7,	 Epoch: 35/80,	 Avg.loss: 0.0014,	 Accuracy: 481/1000(48%)
Task: 7,	 Epoch: 36/80,	 Avg.loss: 0.0014,	 Accuracy: 485/1000(49%)
Task: 7,	 Epoch: 37/80,	 Avg.loss: 0.0015,	 Accuracy: 469/1000(47%)
Task: 7,	 Epoch: 38/80,	 Avg.loss: 0.0015,	 Accuracy: 462/1000(46%)
Task: 7,	 Epoch: 39/80,	 Avg.loss: 0.0014,	 Accuracy: 488/1000(49%)
Task: 7,	 Epoch: 40/80,	 Avg.loss: 0.0015,	 Accuracy: 478/1000(48%)
Task: 7,	 Epoch: 41/80,	 Avg.loss: 0.0014,	 Accuracy: 487/1000(49%)
Task: 7,	 Epoch: 42/80,	 Avg.loss: 0.0015,	 Accuracy: 448/1000(45%)
Task: 7,	 Epoch: 43/80,	 Avg.loss: 0.0014,	 Accuracy: 484/1000(48%)
Task: 7,	 Epoch: 44/80,	 Avg.loss: 0.0014,	 Accuracy: 491/1000(49%)
Task: 7,	 Epoch: 45/80,	 Avg.loss: 0.0015,	 Accuracy: 476/1000(48%)
Task: 7,	 Epoch: 46/80,	 Avg.loss: 0.0015,	 Accuracy: 470/1000(47%)
Task: 7,	 Epoch: 47/80,	 Avg.loss: 0.0014,	 Accuracy: 500/1000(50%)
Task: 7,	 Epoch: 48/80,	 Avg.loss: 0.0015,	 Accuracy: 475/1000(48%)
Task: 7,	 Epoch: 49/80,	 Avg.loss: 0.0015,	 Accuracy: 472/1000(47%)
Task: 7,	 Epoch: 50/80,	 Avg.loss: 0.0014,	 Accuracy: 506/1000(51%)
Task: 7,	 Epoch: 51/80,	 Avg.loss: 0.0014,	 Accuracy: 509/1000(51%)
Task: 7,	 Epoch: 52/80,	 Avg.loss: 0.0014,	 Accuracy: 509/1000(51%)
Task: 7,	 Epoch: 53/80,	 Avg.loss: 0.0014,	 Accuracy: 504/1000(50%)
Task: 7,	 Epoch: 54/80,	 Avg.loss: 0.0014,	 Accuracy: 509/1000(51%)
Task: 7,	 Epoch: 55/80,	 Avg.loss: 0.0014,	 Accuracy: 515/1000(52%)
Task: 7,	 Epoch: 56/80,	 Avg.loss: 0.0014,	 Accuracy: 508/1000(51%)
Task: 7,	 Epoch: 57/80,	 Avg.loss: 0.0014,	 Accuracy: 510/1000(51%)
Task: 7,	 Epoch: 58/80,	 Avg.loss: 0.0014,	 Accuracy: 508/1000(51%)
Task: 7,	 Epoch: 59/80,	 Avg.loss: 0.0014,	 Accuracy: 502/1000(50%)
Task: 7,	 Epoch: 60/80,	 Avg.loss: 0.0014,	 Accuracy: 505/1000(51%)
Task: 7,	 Epoch: 61/80,	 Avg.loss: 0.0014,	 Accuracy: 500/1000(50%)
Task: 7,	 Epoch: 62/80,	 Avg.loss: 0.0014,	 Accuracy: 510/1000(51%)
Task: 7,	 Epoch: 63/80,	 Avg.loss: 0.0014,	 Accuracy: 498/1000(50%)
Task: 7,	 Epoch: 64/80,	 Avg.loss: 0.0014,	 Accuracy: 498/1000(50%)
Task: 7,	 Epoch: 65/80,	 Avg.loss: 0.0014,	 Accuracy: 506/1000(51%)
Task: 7,	 Epoch: 66/80,	 Avg.loss: 0.0014,	 Accuracy: 501/1000(50%)
Task: 7,	 Epoch: 67/80,	 Avg.loss: 0.0014,	 Accuracy: 502/1000(50%)
Task: 7,	 Epoch: 68/80,	 Avg.loss: 0.0014,	 Accuracy: 514/1000(51%)
Task: 7,	 Epoch: 69/80,	 Avg.loss: 0.0014,	 Accuracy: 497/1000(50%)
Task: 7,	 Epoch: 70/80,	 Avg.loss: 0.0014,	 Accuracy: 512/1000(51%)
Task: 7,	 Epoch: 71/80,	 Avg.loss: 0.0014,	 Accuracy: 495/1000(50%)
Task: 7,	 Epoch: 72/80,	 Avg.loss: 0.0014,	 Accuracy: 511/1000(51%)
Task: 7,	 Epoch: 73/80,	 Avg.loss: 0.0014,	 Accuracy: 508/1000(51%)
Task: 7,	 Epoch: 74/80,	 Avg.loss: 0.0014,	 Accuracy: 512/1000(51%)
Task: 7,	 Epoch: 75/80,	 Avg.loss: 0.0014,	 Accuracy: 510/1000(51%)
Task: 7,	 Epoch: 76/80,	 Avg.loss: 0.0014,	 Accuracy: 502/1000(50%)
Task: 7,	 Epoch: 77/80,	 Avg.loss: 0.0014,	 Accuracy: 516/1000(52%)
Task: 7,	 Epoch: 78/80,	 Avg.loss: 0.0014,	 Accuracy: 501/1000(50%)
Task: 7,	 Epoch: 79/80,	 Avg.loss: 0.0014,	 Accuracy: 506/1000(51%)
Task: 0,	 Epoch: -1/80,	 Avg.loss: 0.0054,	 Accuracy: 334/1000(33%)
Trained Task:7, Loaded task:0, Accuracy:33.4%
Task: 1,	 Epoch: -1/80,	 Avg.loss: 0.0024,	 Accuracy: 337/1000(34%)
Trained Task:7, Loaded task:1, Accuracy:33.7%
Task: 2,	 Epoch: -1/80,	 Avg.loss: 0.0032,	 Accuracy: 320/1000(32%)
Trained Task:7, Loaded task:2, Accuracy:32.0%
Task: 3,	 Epoch: -1/80,	 Avg.loss: 0.0023,	 Accuracy: 334/1000(33%)
Trained Task:7, Loaded task:3, Accuracy:33.4%
Task: 4,	 Epoch: -1/80,	 Avg.loss: 0.0020,	 Accuracy: 439/1000(44%)
Trained Task:7, Loaded task:4, Accuracy:43.9%
Task: 5,	 Epoch: -1/80,	 Avg.loss: 0.0015,	 Accuracy: 441/1000(44%)
Trained Task:7, Loaded task:5, Accuracy:44.1%
Task: 6,	 Epoch: -1/80,	 Avg.loss: 0.0013,	 Accuracy: 559/1000(56%)
Trained Task:7, Loaded task:6, Accuracy:55.9%
Task: 7,	 Epoch: -1/80,	 Avg.loss: 0.0014,	 Accuracy: 506/1000(51%)
Trained Task:7, Loaded task:7, Accuracy:50.6%
Trained Task:7, Avg. Accuracy: 40.9 

List of avg. accuracy: [82.4, 64.0, 59.7, 52.9, 49.2, 45.8, 40.7, 40.9]
Layer        : conv1_layer.2.weight
R.histogram  : tensor([ 5., 15.,  2.,  6.,  0.,  1.,  1.,  0.,  0.,  2.], device='cuda:0')
R_sum max/min: 77.0/0.0
F.num_zeros  : 288/9216
W.num_zeros  : 0/9216
O.num_zeros  : 288/9216
Layer        : conv2_layer.2.weight
R.histogram  : tensor([57.,  3.,  0.,  0.,  0.,  2.,  0.,  1.,  0.,  1.], device='cuda:0')
R_sum max/min: 98.5/0.0
F.num_zeros  : 10771/36864
W.num_zeros  : 0/36864
O.num_zeros  : 29952/36864
Layer        : fc1_layer.0.weight
R.histogram  : tensor([435.,  32.,  19.,  11.,   5.,   1.,   2.,   0.,   6.,   1.],
       device='cuda:0')
R_sum max/min: 297.8/0.0
F.num_zeros  : 1408011/2097152
W.num_zeros  : 0/2097152
O.num_zeros  : 2082176/2097152
Mask histogram conv1_layer.2.weight: 	 tensor([   0.,    0.,    0.,    0.,    0.,    0.,    0.,    0.,    0., 8192.],
       device='cuda:0')
Mask histogram conv2_layer.2.weight: 	 tensor([3328.,  384.,   64.,   64.,    0.,    0.,    0.,    0.,  192.,   64.],
       device='cuda:0')
Mask histogram fc1_layer.0.weight: 	 tensor([482.,  13.,   2.,   2.,   0.,   1.,   1.,   1.,   3.,   7.],
       device='cuda:0')
Task: 8,	 Epoch: 0/80,	 Avg.loss: 0.0019,	 Accuracy: 297/1000(30%)
Task: 8,	 Epoch: 1/80,	 Avg.loss: 0.0016,	 Accuracy: 399/1000(40%)
Task: 8,	 Epoch: 2/80,	 Avg.loss: 0.0016,	 Accuracy: 436/1000(44%)
Task: 8,	 Epoch: 3/80,	 Avg.loss: 0.0015,	 Accuracy: 448/1000(45%)
Task: 8,	 Epoch: 4/80,	 Avg.loss: 0.0016,	 Accuracy: 430/1000(43%)
Task: 8,	 Epoch: 5/80,	 Avg.loss: 0.0015,	 Accuracy: 478/1000(48%)
Task: 8,	 Epoch: 6/80,	 Avg.loss: 0.0016,	 Accuracy: 472/1000(47%)
Task: 8,	 Epoch: 7/80,	 Avg.loss: 0.0015,	 Accuracy: 488/1000(49%)
Task: 8,	 Epoch: 8/80,	 Avg.loss: 0.0015,	 Accuracy: 470/1000(47%)
Task: 8,	 Epoch: 9/80,	 Avg.loss: 0.0015,	 Accuracy: 466/1000(47%)
Task: 8,	 Epoch: 10/80,	 Avg.loss: 0.0015,	 Accuracy: 501/1000(50%)
Task: 8,	 Epoch: 11/80,	 Avg.loss: 0.0015,	 Accuracy: 482/1000(48%)
Task: 8,	 Epoch: 12/80,	 Avg.loss: 0.0014,	 Accuracy: 473/1000(47%)
Task: 8,	 Epoch: 13/80,	 Avg.loss: 0.0016,	 Accuracy: 440/1000(44%)
Task: 8,	 Epoch: 14/80,	 Avg.loss: 0.0015,	 Accuracy: 459/1000(46%)
Task: 8,	 Epoch: 15/80,	 Avg.loss: 0.0015,	 Accuracy: 471/1000(47%)
Task: 8,	 Epoch: 16/80,	 Avg.loss: 0.0014,	 Accuracy: 494/1000(49%)
Task: 8,	 Epoch: 17/80,	 Avg.loss: 0.0015,	 Accuracy: 496/1000(50%)
Task: 8,	 Epoch: 18/80,	 Avg.loss: 0.0014,	 Accuracy: 500/1000(50%)
Task: 8,	 Epoch: 19/80,	 Avg.loss: 0.0014,	 Accuracy: 478/1000(48%)
Task: 8,	 Epoch: 20/80,	 Avg.loss: 0.0014,	 Accuracy: 504/1000(50%)
Task: 8,	 Epoch: 21/80,	 Avg.loss: 0.0014,	 Accuracy: 504/1000(50%)
Task: 8,	 Epoch: 22/80,	 Avg.loss: 0.0014,	 Accuracy: 513/1000(51%)
Task: 8,	 Epoch: 23/80,	 Avg.loss: 0.0014,	 Accuracy: 484/1000(48%)
Task: 8,	 Epoch: 24/80,	 Avg.loss: 0.0014,	 Accuracy: 507/1000(51%)
Task: 8,	 Epoch: 25/80,	 Avg.loss: 0.0014,	 Accuracy: 517/1000(52%)
Task: 8,	 Epoch: 26/80,	 Avg.loss: 0.0013,	 Accuracy: 521/1000(52%)
Task: 8,	 Epoch: 27/80,	 Avg.loss: 0.0014,	 Accuracy: 515/1000(52%)
Task: 8,	 Epoch: 28/80,	 Avg.loss: 0.0014,	 Accuracy: 521/1000(52%)
Task: 8,	 Epoch: 29/80,	 Avg.loss: 0.0014,	 Accuracy: 520/1000(52%)
Task: 8,	 Epoch: 30/80,	 Avg.loss: 0.0014,	 Accuracy: 505/1000(51%)
Task: 8,	 Epoch: 31/80,	 Avg.loss: 0.0014,	 Accuracy: 497/1000(50%)
Task: 8,	 Epoch: 32/80,	 Avg.loss: 0.0014,	 Accuracy: 515/1000(52%)
Task: 8,	 Epoch: 33/80,	 Avg.loss: 0.0014,	 Accuracy: 506/1000(51%)
Task: 8,	 Epoch: 34/80,	 Avg.loss: 0.0014,	 Accuracy: 538/1000(54%)
Task: 8,	 Epoch: 35/80,	 Avg.loss: 0.0014,	 Accuracy: 530/1000(53%)
Task: 8,	 Epoch: 36/80,	 Avg.loss: 0.0014,	 Accuracy: 498/1000(50%)
Task: 8,	 Epoch: 37/80,	 Avg.loss: 0.0013,	 Accuracy: 526/1000(53%)
Task: 8,	 Epoch: 38/80,	 Avg.loss: 0.0014,	 Accuracy: 510/1000(51%)
Task: 8,	 Epoch: 39/80,	 Avg.loss: 0.0014,	 Accuracy: 510/1000(51%)
Task: 8,	 Epoch: 40/80,	 Avg.loss: 0.0014,	 Accuracy: 515/1000(52%)
Task: 8,	 Epoch: 41/80,	 Avg.loss: 0.0016,	 Accuracy: 469/1000(47%)
Task: 8,	 Epoch: 42/80,	 Avg.loss: 0.0014,	 Accuracy: 533/1000(53%)
Task: 8,	 Epoch: 43/80,	 Avg.loss: 0.0013,	 Accuracy: 537/1000(54%)
Task: 8,	 Epoch: 44/80,	 Avg.loss: 0.0013,	 Accuracy: 529/1000(53%)
Task: 8,	 Epoch: 45/80,	 Avg.loss: 0.0014,	 Accuracy: 523/1000(52%)
Task: 8,	 Epoch: 46/80,	 Avg.loss: 0.0014,	 Accuracy: 503/1000(50%)
Task: 8,	 Epoch: 47/80,	 Avg.loss: 0.0014,	 Accuracy: 514/1000(51%)
Task: 8,	 Epoch: 48/80,	 Avg.loss: 0.0014,	 Accuracy: 513/1000(51%)
Task: 8,	 Epoch: 49/80,	 Avg.loss: 0.0014,	 Accuracy: 502/1000(50%)
Task: 8,	 Epoch: 50/80,	 Avg.loss: 0.0013,	 Accuracy: 535/1000(54%)
Task: 8,	 Epoch: 51/80,	 Avg.loss: 0.0013,	 Accuracy: 543/1000(54%)
Task: 8,	 Epoch: 52/80,	 Avg.loss: 0.0013,	 Accuracy: 537/1000(54%)
Task: 8,	 Epoch: 53/80,	 Avg.loss: 0.0013,	 Accuracy: 538/1000(54%)
Task: 8,	 Epoch: 54/80,	 Avg.loss: 0.0013,	 Accuracy: 543/1000(54%)
Task: 8,	 Epoch: 55/80,	 Avg.loss: 0.0013,	 Accuracy: 541/1000(54%)
Task: 8,	 Epoch: 56/80,	 Avg.loss: 0.0013,	 Accuracy: 534/1000(53%)
Task: 8,	 Epoch: 57/80,	 Avg.loss: 0.0013,	 Accuracy: 540/1000(54%)
Task: 8,	 Epoch: 58/80,	 Avg.loss: 0.0013,	 Accuracy: 543/1000(54%)
Task: 8,	 Epoch: 59/80,	 Avg.loss: 0.0013,	 Accuracy: 546/1000(55%)
Task: 8,	 Epoch: 60/80,	 Avg.loss: 0.0013,	 Accuracy: 543/1000(54%)
Task: 8,	 Epoch: 61/80,	 Avg.loss: 0.0013,	 Accuracy: 549/1000(55%)
Task: 8,	 Epoch: 62/80,	 Avg.loss: 0.0013,	 Accuracy: 544/1000(54%)
Task: 8,	 Epoch: 63/80,	 Avg.loss: 0.0013,	 Accuracy: 547/1000(55%)
Task: 8,	 Epoch: 64/80,	 Avg.loss: 0.0013,	 Accuracy: 540/1000(54%)
Task: 8,	 Epoch: 65/80,	 Avg.loss: 0.0013,	 Accuracy: 541/1000(54%)
Task: 8,	 Epoch: 66/80,	 Avg.loss: 0.0013,	 Accuracy: 544/1000(54%)
Task: 8,	 Epoch: 67/80,	 Avg.loss: 0.0013,	 Accuracy: 541/1000(54%)
Task: 8,	 Epoch: 68/80,	 Avg.loss: 0.0013,	 Accuracy: 542/1000(54%)
Task: 8,	 Epoch: 69/80,	 Avg.loss: 0.0013,	 Accuracy: 534/1000(53%)
Task: 8,	 Epoch: 70/80,	 Avg.loss: 0.0013,	 Accuracy: 536/1000(54%)
Task: 8,	 Epoch: 71/80,	 Avg.loss: 0.0013,	 Accuracy: 539/1000(54%)
Task: 8,	 Epoch: 72/80,	 Avg.loss: 0.0013,	 Accuracy: 551/1000(55%)
Task: 8,	 Epoch: 73/80,	 Avg.loss: 0.0013,	 Accuracy: 544/1000(54%)
Task: 8,	 Epoch: 74/80,	 Avg.loss: 0.0013,	 Accuracy: 539/1000(54%)
Task: 8,	 Epoch: 75/80,	 Avg.loss: 0.0013,	 Accuracy: 543/1000(54%)
Task: 8,	 Epoch: 76/80,	 Avg.loss: 0.0013,	 Accuracy: 545/1000(55%)
Task: 8,	 Epoch: 77/80,	 Avg.loss: 0.0013,	 Accuracy: 543/1000(54%)
Task: 8,	 Epoch: 78/80,	 Avg.loss: 0.0013,	 Accuracy: 550/1000(55%)
Task: 8,	 Epoch: 79/80,	 Avg.loss: 0.0013,	 Accuracy: 539/1000(54%)
Task: 0,	 Epoch: -1/80,	 Avg.loss: 0.0056,	 Accuracy: 316/1000(32%)
Trained Task:8, Loaded task:0, Accuracy:31.6%
Task: 1,	 Epoch: -1/80,	 Avg.loss: 0.0022,	 Accuracy: 349/1000(35%)
Trained Task:8, Loaded task:1, Accuracy:34.9%
Task: 2,	 Epoch: -1/80,	 Avg.loss: 0.0033,	 Accuracy: 324/1000(32%)
Trained Task:8, Loaded task:2, Accuracy:32.4%
Task: 3,	 Epoch: -1/80,	 Avg.loss: 0.0024,	 Accuracy: 310/1000(31%)
Trained Task:8, Loaded task:3, Accuracy:31.0%
Task: 4,	 Epoch: -1/80,	 Avg.loss: 0.0023,	 Accuracy: 404/1000(40%)
Trained Task:8, Loaded task:4, Accuracy:40.4%
Task: 5,	 Epoch: -1/80,	 Avg.loss: 0.0016,	 Accuracy: 416/1000(42%)
Trained Task:8, Loaded task:5, Accuracy:41.6%
Task: 6,	 Epoch: -1/80,	 Avg.loss: 0.0013,	 Accuracy: 537/1000(54%)
Trained Task:8, Loaded task:6, Accuracy:53.7%
Task: 7,	 Epoch: -1/80,	 Avg.loss: 0.0014,	 Accuracy: 500/1000(50%)
Trained Task:8, Loaded task:7, Accuracy:50.0%
Task: 8,	 Epoch: -1/80,	 Avg.loss: 0.0013,	 Accuracy: 539/1000(54%)
Trained Task:8, Loaded task:8, Accuracy:53.9%
Trained Task:8, Avg. Accuracy: 41.1 

List of avg. accuracy: [82.4, 64.0, 59.7, 52.9, 49.2, 45.8, 40.7, 40.9, 41.1]
Layer        : conv1_layer.2.weight
R.histogram  : tensor([ 5., 14.,  5.,  4.,  0.,  1.,  1.,  0.,  0.,  2.], device='cuda:0')
R_sum max/min: 78.0/0.0
F.num_zeros  : 288/9216
W.num_zeros  : 0/9216
O.num_zeros  : 288/9216
Layer        : conv2_layer.2.weight
R.histogram  : tensor([56.,  1.,  3.,  0.,  0.,  1.,  2.,  0.,  0.,  1.], device='cuda:0')
R_sum max/min: 107.3/0.0
F.num_zeros  : 10713/36864
W.num_zeros  : 0/36864
O.num_zeros  : 29952/36864
Layer        : fc1_layer.0.weight
R.histogram  : tensor([437.,  35.,  19.,   6.,   4.,   3.,   1.,   2.,   3.,   2.],
       device='cuda:0')
R_sum max/min: 247.1/0.0
F.num_zeros  : 1401651/2097152
W.num_zeros  : 0/2097152
O.num_zeros  : 2081472/2097152
Mask histogram conv1_layer.2.weight: 	 tensor([   0.,    0.,    0.,    0.,    0.,    0.,    0.,    0.,    0., 8192.],
       device='cuda:0')
Mask histogram conv2_layer.2.weight: 	 tensor([3328.,  384.,   64.,   64.,    0.,    0.,    0.,    0.,    0.,  256.],
       device='cuda:0')
Mask histogram fc1_layer.0.weight: 	 tensor([480.,  15.,   2.,   2.,   0.,   0.,   1.,   1.,   1.,  10.],
       device='cuda:0')
Task: 9,	 Epoch: 0/80,	 Avg.loss: 0.0020,	 Accuracy: 299/1000(30%)
Task: 9,	 Epoch: 1/80,	 Avg.loss: 0.0016,	 Accuracy: 426/1000(43%)
Task: 9,	 Epoch: 2/80,	 Avg.loss: 0.0015,	 Accuracy: 488/1000(49%)
Task: 9,	 Epoch: 3/80,	 Avg.loss: 0.0015,	 Accuracy: 470/1000(47%)
Task: 9,	 Epoch: 4/80,	 Avg.loss: 0.0014,	 Accuracy: 506/1000(51%)
Task: 9,	 Epoch: 5/80,	 Avg.loss: 0.0014,	 Accuracy: 495/1000(50%)
Task: 9,	 Epoch: 6/80,	 Avg.loss: 0.0014,	 Accuracy: 511/1000(51%)
Task: 9,	 Epoch: 7/80,	 Avg.loss: 0.0014,	 Accuracy: 526/1000(53%)
Task: 9,	 Epoch: 8/80,	 Avg.loss: 0.0014,	 Accuracy: 510/1000(51%)
Task: 9,	 Epoch: 9/80,	 Avg.loss: 0.0014,	 Accuracy: 522/1000(52%)
Task: 9,	 Epoch: 10/80,	 Avg.loss: 0.0014,	 Accuracy: 522/1000(52%)
Task: 9,	 Epoch: 11/80,	 Avg.loss: 0.0014,	 Accuracy: 539/1000(54%)
Task: 9,	 Epoch: 12/80,	 Avg.loss: 0.0014,	 Accuracy: 517/1000(52%)
Task: 9,	 Epoch: 13/80,	 Avg.loss: 0.0013,	 Accuracy: 532/1000(53%)
Task: 9,	 Epoch: 14/80,	 Avg.loss: 0.0013,	 Accuracy: 552/1000(55%)
Task: 9,	 Epoch: 15/80,	 Avg.loss: 0.0013,	 Accuracy: 556/1000(56%)
Task: 9,	 Epoch: 16/80,	 Avg.loss: 0.0014,	 Accuracy: 530/1000(53%)
Task: 9,	 Epoch: 17/80,	 Avg.loss: 0.0013,	 Accuracy: 552/1000(55%)
Task: 9,	 Epoch: 18/80,	 Avg.loss: 0.0013,	 Accuracy: 562/1000(56%)
Task: 9,	 Epoch: 19/80,	 Avg.loss: 0.0013,	 Accuracy: 539/1000(54%)
Task: 9,	 Epoch: 20/80,	 Avg.loss: 0.0014,	 Accuracy: 535/1000(54%)
Task: 9,	 Epoch: 21/80,	 Avg.loss: 0.0014,	 Accuracy: 527/1000(53%)
Task: 9,	 Epoch: 22/80,	 Avg.loss: 0.0013,	 Accuracy: 564/1000(56%)
Task: 9,	 Epoch: 23/80,	 Avg.loss: 0.0014,	 Accuracy: 526/1000(53%)
Task: 9,	 Epoch: 24/80,	 Avg.loss: 0.0013,	 Accuracy: 567/1000(57%)
Task: 9,	 Epoch: 25/80,	 Avg.loss: 0.0013,	 Accuracy: 575/1000(58%)
Task: 9,	 Epoch: 26/80,	 Avg.loss: 0.0015,	 Accuracy: 489/1000(49%)
Task: 9,	 Epoch: 27/80,	 Avg.loss: 0.0013,	 Accuracy: 549/1000(55%)
Task: 9,	 Epoch: 28/80,	 Avg.loss: 0.0013,	 Accuracy: 564/1000(56%)
Task: 9,	 Epoch: 29/80,	 Avg.loss: 0.0013,	 Accuracy: 550/1000(55%)
Task: 9,	 Epoch: 30/80,	 Avg.loss: 0.0014,	 Accuracy: 543/1000(54%)
Task: 9,	 Epoch: 31/80,	 Avg.loss: 0.0013,	 Accuracy: 557/1000(56%)
Task: 9,	 Epoch: 32/80,	 Avg.loss: 0.0013,	 Accuracy: 540/1000(54%)
Task: 9,	 Epoch: 33/80,	 Avg.loss: 0.0013,	 Accuracy: 571/1000(57%)
Task: 9,	 Epoch: 34/80,	 Avg.loss: 0.0013,	 Accuracy: 550/1000(55%)
Task: 9,	 Epoch: 35/80,	 Avg.loss: 0.0013,	 Accuracy: 563/1000(56%)
Task: 9,	 Epoch: 36/80,	 Avg.loss: 0.0013,	 Accuracy: 564/1000(56%)
Task: 9,	 Epoch: 37/80,	 Avg.loss: 0.0013,	 Accuracy: 574/1000(57%)
Task: 9,	 Epoch: 38/80,	 Avg.loss: 0.0013,	 Accuracy: 570/1000(57%)
Task: 9,	 Epoch: 39/80,	 Avg.loss: 0.0013,	 Accuracy: 539/1000(54%)
Task: 9,	 Epoch: 40/80,	 Avg.loss: 0.0013,	 Accuracy: 569/1000(57%)
Task: 9,	 Epoch: 41/80,	 Avg.loss: 0.0013,	 Accuracy: 555/1000(56%)
Task: 9,	 Epoch: 42/80,	 Avg.loss: 0.0013,	 Accuracy: 576/1000(58%)
Task: 9,	 Epoch: 43/80,	 Avg.loss: 0.0013,	 Accuracy: 560/1000(56%)
Task: 9,	 Epoch: 44/80,	 Avg.loss: 0.0013,	 Accuracy: 554/1000(55%)
Task: 9,	 Epoch: 45/80,	 Avg.loss: 0.0013,	 Accuracy: 582/1000(58%)
Task: 9,	 Epoch: 46/80,	 Avg.loss: 0.0013,	 Accuracy: 552/1000(55%)
Task: 9,	 Epoch: 47/80,	 Avg.loss: 0.0013,	 Accuracy: 535/1000(54%)
Task: 9,	 Epoch: 48/80,	 Avg.loss: 0.0013,	 Accuracy: 574/1000(57%)
Task: 9,	 Epoch: 49/80,	 Avg.loss: 0.0015,	 Accuracy: 517/1000(52%)
Task: 9,	 Epoch: 50/80,	 Avg.loss: 0.0012,	 Accuracy: 582/1000(58%)
Task: 9,	 Epoch: 51/80,	 Avg.loss: 0.0012,	 Accuracy: 592/1000(59%)
Task: 9,	 Epoch: 52/80,	 Avg.loss: 0.0012,	 Accuracy: 586/1000(59%)
Task: 9,	 Epoch: 53/80,	 Avg.loss: 0.0012,	 Accuracy: 580/1000(58%)
Task: 9,	 Epoch: 54/80,	 Avg.loss: 0.0012,	 Accuracy: 584/1000(58%)
Task: 9,	 Epoch: 55/80,	 Avg.loss: 0.0012,	 Accuracy: 586/1000(59%)
Task: 9,	 Epoch: 56/80,	 Avg.loss: 0.0012,	 Accuracy: 583/1000(58%)
Task: 9,	 Epoch: 57/80,	 Avg.loss: 0.0012,	 Accuracy: 580/1000(58%)
Task: 9,	 Epoch: 58/80,	 Avg.loss: 0.0012,	 Accuracy: 590/1000(59%)
Task: 9,	 Epoch: 59/80,	 Avg.loss: 0.0012,	 Accuracy: 573/1000(57%)
Task: 9,	 Epoch: 60/80,	 Avg.loss: 0.0012,	 Accuracy: 590/1000(59%)
Task: 9,	 Epoch: 61/80,	 Avg.loss: 0.0012,	 Accuracy: 579/1000(58%)
Task: 9,	 Epoch: 62/80,	 Avg.loss: 0.0012,	 Accuracy: 586/1000(59%)
Task: 9,	 Epoch: 63/80,	 Avg.loss: 0.0012,	 Accuracy: 582/1000(58%)
Task: 9,	 Epoch: 64/80,	 Avg.loss: 0.0012,	 Accuracy: 578/1000(58%)
Task: 9,	 Epoch: 65/80,	 Avg.loss: 0.0012,	 Accuracy: 590/1000(59%)
Task: 9,	 Epoch: 66/80,	 Avg.loss: 0.0012,	 Accuracy: 585/1000(59%)
Task: 9,	 Epoch: 67/80,	 Avg.loss: 0.0012,	 Accuracy: 582/1000(58%)
Task: 9,	 Epoch: 68/80,	 Avg.loss: 0.0012,	 Accuracy: 586/1000(59%)
Task: 9,	 Epoch: 69/80,	 Avg.loss: 0.0012,	 Accuracy: 597/1000(60%)
Task: 9,	 Epoch: 70/80,	 Avg.loss: 0.0012,	 Accuracy: 589/1000(59%)
Task: 9,	 Epoch: 71/80,	 Avg.loss: 0.0012,	 Accuracy: 591/1000(59%)
Task: 9,	 Epoch: 72/80,	 Avg.loss: 0.0012,	 Accuracy: 580/1000(58%)
Task: 9,	 Epoch: 73/80,	 Avg.loss: 0.0012,	 Accuracy: 582/1000(58%)
Task: 9,	 Epoch: 74/80,	 Avg.loss: 0.0012,	 Accuracy: 585/1000(59%)
Task: 9,	 Epoch: 75/80,	 Avg.loss: 0.0012,	 Accuracy: 578/1000(58%)
Task: 9,	 Epoch: 76/80,	 Avg.loss: 0.0012,	 Accuracy: 586/1000(59%)
Task: 9,	 Epoch: 77/80,	 Avg.loss: 0.0012,	 Accuracy: 594/1000(59%)
Task: 9,	 Epoch: 78/80,	 Avg.loss: 0.0012,	 Accuracy: 596/1000(60%)
Task: 9,	 Epoch: 79/80,	 Avg.loss: 0.0012,	 Accuracy: 584/1000(58%)
Task: 0,	 Epoch: -1/80,	 Avg.loss: 0.0050,	 Accuracy: 343/1000(34%)
Trained Task:9, Loaded task:0, Accuracy:34.3%
Task: 1,	 Epoch: -1/80,	 Avg.loss: 0.0021,	 Accuracy: 363/1000(36%)
Trained Task:9, Loaded task:1, Accuracy:36.3%
Task: 2,	 Epoch: -1/80,	 Avg.loss: 0.0031,	 Accuracy: 353/1000(35%)
Trained Task:9, Loaded task:2, Accuracy:35.3%
Task: 3,	 Epoch: -1/80,	 Avg.loss: 0.0024,	 Accuracy: 321/1000(32%)
Trained Task:9, Loaded task:3, Accuracy:32.1%
Task: 4,	 Epoch: -1/80,	 Avg.loss: 0.0022,	 Accuracy: 412/1000(41%)
Trained Task:9, Loaded task:4, Accuracy:41.2%
Task: 5,	 Epoch: -1/80,	 Avg.loss: 0.0016,	 Accuracy: 409/1000(41%)
Trained Task:9, Loaded task:5, Accuracy:40.9%
Task: 6,	 Epoch: -1/80,	 Avg.loss: 0.0013,	 Accuracy: 546/1000(55%)
Trained Task:9, Loaded task:6, Accuracy:54.6%
Task: 7,	 Epoch: -1/80,	 Avg.loss: 0.0014,	 Accuracy: 503/1000(50%)
Trained Task:9, Loaded task:7, Accuracy:50.3%
Task: 8,	 Epoch: -1/80,	 Avg.loss: 0.0013,	 Accuracy: 551/1000(55%)
Trained Task:9, Loaded task:8, Accuracy:55.1%
Task: 9,	 Epoch: -1/80,	 Avg.loss: 0.0012,	 Accuracy: 584/1000(58%)
Trained Task:9, Loaded task:9, Accuracy:58.4%
Trained Task:9, Avg. Accuracy: 43.9 

List of avg. accuracy: [82.4, 64.0, 59.7, 52.9, 49.2, 45.8, 40.7, 40.9, 41.1, 43.9]
