Task: -1,	 Epoch: 0/40,	 Avg.loss: 0.0012,	 Test Accuracy: 5611/10000(56%)
Task: -1,	 Epoch: 1/40,	 Avg.loss: 0.0009,	 Test Accuracy: 6776/10000(68%)
Task: -1,	 Epoch: 2/40,	 Avg.loss: 0.0008,	 Test Accuracy: 7226/10000(72%)
Task: -1,	 Epoch: 3/40,	 Avg.loss: 0.0008,	 Test Accuracy: 7224/10000(72%)
Task: -1,	 Epoch: 4/40,	 Avg.loss: 0.0007,	 Test Accuracy: 7653/10000(77%)
Task: -1,	 Epoch: 5/40,	 Avg.loss: 0.0007,	 Test Accuracy: 7679/10000(77%)
Task: -1,	 Epoch: 6/40,	 Avg.loss: 0.0006,	 Test Accuracy: 7833/10000(78%)
Task: -1,	 Epoch: 7/40,	 Avg.loss: 0.0006,	 Test Accuracy: 7882/10000(79%)
Task: -1,	 Epoch: 8/40,	 Avg.loss: 0.0006,	 Test Accuracy: 7989/10000(80%)
Task: -1,	 Epoch: 9/40,	 Avg.loss: 0.0006,	 Test Accuracy: 7985/10000(80%)
Task: -1,	 Epoch: 10/40,	 Avg.loss: 0.0006,	 Test Accuracy: 8086/10000(81%)
Task: -1,	 Epoch: 11/40,	 Avg.loss: 0.0006,	 Test Accuracy: 7982/10000(80%)
Task: -1,	 Epoch: 12/40,	 Avg.loss: 0.0005,	 Test Accuracy: 8195/10000(82%)
Task: -1,	 Epoch: 13/40,	 Avg.loss: 0.0005,	 Test Accuracy: 8119/10000(81%)
Task: -1,	 Epoch: 14/40,	 Avg.loss: 0.0005,	 Test Accuracy: 8223/10000(82%)
Task: -1,	 Epoch: 15/40,	 Avg.loss: 0.0006,	 Test Accuracy: 8153/10000(82%)
Task: -1,	 Epoch: 16/40,	 Avg.loss: 0.0006,	 Test Accuracy: 8137/10000(81%)
Task: -1,	 Epoch: 17/40,	 Avg.loss: 0.0005,	 Test Accuracy: 8251/10000(83%)
Task: -1,	 Epoch: 18/40,	 Avg.loss: 0.0005,	 Test Accuracy: 8236/10000(82%)
Task: -1,	 Epoch: 19/40,	 Avg.loss: 0.0005,	 Test Accuracy: 8307/10000(83%)
Task: -1,	 Epoch: 20/40,	 Avg.loss: 0.0005,	 Test Accuracy: 8413/10000(84%)
Task: -1,	 Epoch: 21/40,	 Avg.loss: 0.0005,	 Test Accuracy: 8435/10000(84%)
Task: -1,	 Epoch: 22/40,	 Avg.loss: 0.0005,	 Test Accuracy: 8457/10000(85%)
Task: -1,	 Epoch: 23/40,	 Avg.loss: 0.0005,	 Test Accuracy: 8468/10000(85%)
Task: -1,	 Epoch: 24/40,	 Avg.loss: 0.0005,	 Test Accuracy: 8441/10000(84%)
Task: -1,	 Epoch: 25/40,	 Avg.loss: 0.0005,	 Test Accuracy: 8462/10000(85%)
Task: -1,	 Epoch: 26/40,	 Avg.loss: 0.0005,	 Test Accuracy: 8459/10000(85%)
Task: -1,	 Epoch: 27/40,	 Avg.loss: 0.0005,	 Test Accuracy: 8484/10000(85%)
Task: -1,	 Epoch: 28/40,	 Avg.loss: 0.0005,	 Test Accuracy: 8477/10000(85%)
Task: -1,	 Epoch: 29/40,	 Avg.loss: 0.0005,	 Test Accuracy: 8469/10000(85%)
Task: -1,	 Epoch: 30/40,	 Avg.loss: 0.0005,	 Test Accuracy: 8477/10000(85%)
Task: -1,	 Epoch: 31/40,	 Avg.loss: 0.0005,	 Test Accuracy: 8478/10000(85%)
Task: -1,	 Epoch: 32/40,	 Avg.loss: 0.0005,	 Test Accuracy: 8494/10000(85%)
Task: -1,	 Epoch: 33/40,	 Avg.loss: 0.0005,	 Test Accuracy: 8495/10000(85%)
Task: -1,	 Epoch: 34/40,	 Avg.loss: 0.0005,	 Test Accuracy: 8488/10000(85%)
Task: -1,	 Epoch: 35/40,	 Avg.loss: 0.0005,	 Test Accuracy: 8510/10000(85%)
Task: -1,	 Epoch: 36/40,	 Avg.loss: 0.0005,	 Test Accuracy: 8505/10000(85%)
Task: -1,	 Epoch: 37/40,	 Avg.loss: 0.0005,	 Test Accuracy: 8505/10000(85%)
Task: -1,	 Epoch: 38/40,	 Avg.loss: 0.0005,	 Test Accuracy: 8516/10000(85%)
Task: -1,	 Epoch: 39/40,	 Avg.loss: 0.0005,	 Test Accuracy: 8488/10000(85%)
Task: -1,	 Epoch: 40/40,	 Avg.loss: 0.0005,	 Test Accuracy: 8505/10000(85%)
Mask histogram
conv1_layer.0.weight: 	 tensor([    0., 32768.,     0.,     0.,     0.,     0.,     0.,     0.,     0.,
            0.,     0.], device='cuda:0')
conv2_layer.0.weight: 	 tensor([   0., 8192.,    0.,    0.,    0.,    0.,    0.,    0.,    0.,    0.,
           0.], device='cuda:0')
conv3_layer.0.weight: 	 tensor([    0., 16384.,     0.,     0.,     0.,     0.,     0.,     0.,     0.,
            0.,     0.], device='cuda:0')
conv4_layer.0.weight: 	 tensor([   0., 4096.,    0.,    0.,    0.,    0.,    0.,    0.,    0.,    0.,
           0.], device='cuda:0')
fc1_layer.0.weight: 	 tensor([  0., 512.,   0.,   0.,   0.,   0.,   0.,   0.,   0.,   0.,   0.],
       device='cuda:0')
Head Finetuning    :Task: 0,	 Epoch: 0/40,	 Avg.loss: 0.0025,	 Test Accuracy: 139/1000(14%)
Head Finetuning    :Task: 0,	 Epoch: 1/40,	 Avg.loss: 0.0024,	 Test Accuracy: 158/1000(16%)
Head Finetuning    :Task: 0,	 Epoch: 2/40,	 Avg.loss: 0.0023,	 Test Accuracy: 172/1000(17%)
Head Finetuning    :Task: 0,	 Epoch: 3/40,	 Avg.loss: 0.0023,	 Test Accuracy: 185/1000(18%)
Head Finetuning    :Task: 0,	 Epoch: 4/40,	 Avg.loss: 0.0022,	 Test Accuracy: 197/1000(20%)
Head Finetuning    :Task: 0,	 Epoch: 5/40,	 Avg.loss: 0.0022,	 Test Accuracy: 209/1000(21%)
Head Finetuning    :Task: 0,	 Epoch: 6/40,	 Avg.loss: 0.0021,	 Test Accuracy: 223/1000(22%)
Head Finetuning    :Task: 0,	 Epoch: 7/40,	 Avg.loss: 0.0021,	 Test Accuracy: 232/1000(23%)
Head Finetuning    :Task: 0,	 Epoch: 8/40,	 Avg.loss: 0.0021,	 Test Accuracy: 245/1000(25%)
Head Finetuning    :Task: 0,	 Epoch: 9/40,	 Avg.loss: 0.0021,	 Test Accuracy: 256/1000(26%)
Head Finetuning    :Task: 0,	 Epoch: 10/40,	 Avg.loss: 0.0020,	 Test Accuracy: 266/1000(27%)
Head Finetuning    :Task: 0,	 Epoch: 11/40,	 Avg.loss: 0.0020,	 Test Accuracy: 278/1000(28%)
Head Finetuning    :Task: 0,	 Epoch: 12/40,	 Avg.loss: 0.0020,	 Test Accuracy: 286/1000(29%)
Head Finetuning    :Task: 0,	 Epoch: 13/40,	 Avg.loss: 0.0020,	 Test Accuracy: 307/1000(31%)
Head Finetuning    :Task: 0,	 Epoch: 14/40,	 Avg.loss: 0.0019,	 Test Accuracy: 321/1000(32%)
Task: 0,	 Epoch: 0/40,	 Avg.loss: 0.0010,	 Test Accuracy: 665/1000(66%)
Task: 0,	 Epoch: 1/40,	 Avg.loss: 0.0007,	 Test Accuracy: 743/1000(74%)
Task: 0,	 Epoch: 2/40,	 Avg.loss: 0.0006,	 Test Accuracy: 797/1000(80%)
Task: 0,	 Epoch: 3/40,	 Avg.loss: 0.0006,	 Test Accuracy: 806/1000(81%)
Task: 0,	 Epoch: 4/40,	 Avg.loss: 0.0006,	 Test Accuracy: 801/1000(80%)
Task: 0,	 Epoch: 5/40,	 Avg.loss: 0.0006,	 Test Accuracy: 807/1000(81%)
Task: 0,	 Epoch: 6/40,	 Avg.loss: 0.0005,	 Test Accuracy: 822/1000(82%)
Task: 0,	 Epoch: 7/40,	 Avg.loss: 0.0006,	 Test Accuracy: 786/1000(79%)
Task: 0,	 Epoch: 8/40,	 Avg.loss: 0.0005,	 Test Accuracy: 820/1000(82%)
Task: 0,	 Epoch: 9/40,	 Avg.loss: 0.0005,	 Test Accuracy: 824/1000(82%)
Task: 0,	 Epoch: 10/40,	 Avg.loss: 0.0006,	 Test Accuracy: 816/1000(82%)
Task: 0,	 Epoch: 11/40,	 Avg.loss: 0.0005,	 Test Accuracy: 834/1000(83%)
Task: 0,	 Epoch: 12/40,	 Avg.loss: 0.0005,	 Test Accuracy: 832/1000(83%)
Task: 0,	 Epoch: 13/40,	 Avg.loss: 0.0005,	 Test Accuracy: 838/1000(84%)
Task: 0,	 Epoch: 14/40,	 Avg.loss: 0.0005,	 Test Accuracy: 842/1000(84%)
Task: 0,	 Epoch: 15/40,	 Avg.loss: 0.0005,	 Test Accuracy: 831/1000(83%)
Task: 0,	 Epoch: 16/40,	 Avg.loss: 0.0006,	 Test Accuracy: 829/1000(83%)
Task: 0,	 Epoch: 17/40,	 Avg.loss: 0.0006,	 Test Accuracy: 818/1000(82%)
Task: 0,	 Epoch: 18/40,	 Avg.loss: 0.0006,	 Test Accuracy: 831/1000(83%)
Task: 0,	 Epoch: 19/40,	 Avg.loss: 0.0006,	 Test Accuracy: 829/1000(83%)
Task: 0,	 Epoch: 20/40,	 Avg.loss: 0.0006,	 Test Accuracy: 836/1000(84%)
Task: 0,	 Epoch: 21/40,	 Avg.loss: 0.0006,	 Test Accuracy: 844/1000(84%)
Task: 0,	 Epoch: 22/40,	 Avg.loss: 0.0006,	 Test Accuracy: 844/1000(84%)
Task: 0,	 Epoch: 23/40,	 Avg.loss: 0.0006,	 Test Accuracy: 846/1000(85%)
Task: 0,	 Epoch: 24/40,	 Avg.loss: 0.0006,	 Test Accuracy: 845/1000(85%)
Task: 0,	 Epoch: 25/40,	 Avg.loss: 0.0006,	 Test Accuracy: 842/1000(84%)
Task: 0,	 Epoch: 26/40,	 Avg.loss: 0.0006,	 Test Accuracy: 843/1000(84%)
Task: 0,	 Epoch: 27/40,	 Avg.loss: 0.0006,	 Test Accuracy: 848/1000(85%)
Task: 0,	 Epoch: 28/40,	 Avg.loss: 0.0006,	 Test Accuracy: 846/1000(85%)
Task: 0,	 Epoch: 29/40,	 Avg.loss: 0.0006,	 Test Accuracy: 848/1000(85%)
Task: 0,	 Epoch: 30/40,	 Avg.loss: 0.0006,	 Test Accuracy: 847/1000(85%)
Task: 0,	 Epoch: 31/40,	 Avg.loss: 0.0006,	 Test Accuracy: 845/1000(85%)
Task: 0,	 Epoch: 32/40,	 Avg.loss: 0.0006,	 Test Accuracy: 840/1000(84%)
Task: 0,	 Epoch: 33/40,	 Avg.loss: 0.0006,	 Test Accuracy: 846/1000(85%)
Task: 0,	 Epoch: 34/40,	 Avg.loss: 0.0006,	 Test Accuracy: 848/1000(85%)
Task: 0,	 Epoch: 35/40,	 Avg.loss: 0.0006,	 Test Accuracy: 847/1000(85%)
Task: 0,	 Epoch: 36/40,	 Avg.loss: 0.0006,	 Test Accuracy: 843/1000(84%)
Task: 0,	 Epoch: 37/40,	 Avg.loss: 0.0006,	 Test Accuracy: 842/1000(84%)
Task: 0,	 Epoch: 38/40,	 Avg.loss: 0.0006,	 Test Accuracy: 845/1000(85%)
Task: 0,	 Epoch: 39/40,	 Avg.loss: 0.0006,	 Test Accuracy: 847/1000(85%)
Trained Task:0, Loaded task:0, Accuracy:84.7%
Trained Task:0, Avg. Accuracy: 84.7 

List of avg. accuracy: [84.7]
Mask histogram
conv1_layer.0.weight: 	 tensor([    0.,     0., 32768.,     0.,     0.,     0.,     0.,     0.,     0.,
            0.,     0.], device='cuda:0')
conv2_layer.0.weight: 	 tensor([   0.,    0., 8192.,    0.,    0.,    0.,    0.,    0.,    0.,    0.,
           0.], device='cuda:0')
conv3_layer.0.weight: 	 tensor([    0.,     0., 16384.,     0.,     0.,     0.,     0.,     0.,     0.,
            0.,     0.], device='cuda:0')
conv4_layer.0.weight: 	 tensor([   0.,    0., 4096.,    0.,    0.,    0.,    0.,    0.,    0.,    0.,
           0.], device='cuda:0')
fc1_layer.0.weight: 	 tensor([  0.,   0., 512.,   0.,   0.,   0.,   0.,   0.,   0.,   0.,   0.],
       device='cuda:0')
Head Finetuning    :Task: 1,	 Epoch: 0/40,	 Avg.loss: 0.0033,	 Test Accuracy: 140/1000(14%)
Head Finetuning    :Task: 1,	 Epoch: 1/40,	 Avg.loss: 0.0030,	 Test Accuracy: 157/1000(16%)
Head Finetuning    :Task: 1,	 Epoch: 2/40,	 Avg.loss: 0.0028,	 Test Accuracy: 183/1000(18%)
Head Finetuning    :Task: 1,	 Epoch: 3/40,	 Avg.loss: 0.0027,	 Test Accuracy: 194/1000(19%)
Head Finetuning    :Task: 1,	 Epoch: 4/40,	 Avg.loss: 0.0025,	 Test Accuracy: 215/1000(22%)
Head Finetuning    :Task: 1,	 Epoch: 5/40,	 Avg.loss: 0.0024,	 Test Accuracy: 227/1000(23%)
Head Finetuning    :Task: 1,	 Epoch: 6/40,	 Avg.loss: 0.0023,	 Test Accuracy: 248/1000(25%)
Head Finetuning    :Task: 1,	 Epoch: 7/40,	 Avg.loss: 0.0023,	 Test Accuracy: 263/1000(26%)
Head Finetuning    :Task: 1,	 Epoch: 8/40,	 Avg.loss: 0.0022,	 Test Accuracy: 271/1000(27%)
Head Finetuning    :Task: 1,	 Epoch: 9/40,	 Avg.loss: 0.0021,	 Test Accuracy: 290/1000(29%)
Head Finetuning    :Task: 1,	 Epoch: 10/40,	 Avg.loss: 0.0021,	 Test Accuracy: 300/1000(30%)
Head Finetuning    :Task: 1,	 Epoch: 11/40,	 Avg.loss: 0.0020,	 Test Accuracy: 316/1000(32%)
Head Finetuning    :Task: 1,	 Epoch: 12/40,	 Avg.loss: 0.0020,	 Test Accuracy: 332/1000(33%)
Head Finetuning    :Task: 1,	 Epoch: 13/40,	 Avg.loss: 0.0019,	 Test Accuracy: 350/1000(35%)
Head Finetuning    :Task: 1,	 Epoch: 14/40,	 Avg.loss: 0.0019,	 Test Accuracy: 359/1000(36%)
Task: 1,	 Epoch: 0/40,	 Avg.loss: 0.0010,	 Test Accuracy: 669/1000(67%)
Task: 1,	 Epoch: 1/40,	 Avg.loss: 0.0007,	 Test Accuracy: 746/1000(75%)
Task: 1,	 Epoch: 2/40,	 Avg.loss: 0.0008,	 Test Accuracy: 739/1000(74%)
Task: 1,	 Epoch: 3/40,	 Avg.loss: 0.0007,	 Test Accuracy: 782/1000(78%)
Task: 1,	 Epoch: 4/40,	 Avg.loss: 0.0007,	 Test Accuracy: 783/1000(78%)
Task: 1,	 Epoch: 5/40,	 Avg.loss: 0.0007,	 Test Accuracy: 765/1000(76%)
Task: 1,	 Epoch: 6/40,	 Avg.loss: 0.0006,	 Test Accuracy: 794/1000(79%)
Task: 1,	 Epoch: 7/40,	 Avg.loss: 0.0006,	 Test Accuracy: 800/1000(80%)
Task: 1,	 Epoch: 8/40,	 Avg.loss: 0.0006,	 Test Accuracy: 818/1000(82%)
Task: 1,	 Epoch: 9/40,	 Avg.loss: 0.0006,	 Test Accuracy: 799/1000(80%)
Task: 1,	 Epoch: 10/40,	 Avg.loss: 0.0006,	 Test Accuracy: 820/1000(82%)
Task: 1,	 Epoch: 11/40,	 Avg.loss: 0.0007,	 Test Accuracy: 793/1000(79%)
Task: 1,	 Epoch: 12/40,	 Avg.loss: 0.0006,	 Test Accuracy: 812/1000(81%)
Task: 1,	 Epoch: 13/40,	 Avg.loss: 0.0006,	 Test Accuracy: 818/1000(82%)
Task: 1,	 Epoch: 14/40,	 Avg.loss: 0.0006,	 Test Accuracy: 800/1000(80%)
Task: 1,	 Epoch: 15/40,	 Avg.loss: 0.0006,	 Test Accuracy: 814/1000(81%)
Task: 1,	 Epoch: 16/40,	 Avg.loss: 0.0007,	 Test Accuracy: 804/1000(80%)
Task: 1,	 Epoch: 17/40,	 Avg.loss: 0.0006,	 Test Accuracy: 813/1000(81%)
Task: 1,	 Epoch: 18/40,	 Avg.loss: 0.0006,	 Test Accuracy: 815/1000(82%)
Task: 1,	 Epoch: 19/40,	 Avg.loss: 0.0007,	 Test Accuracy: 792/1000(79%)
Task: 1,	 Epoch: 20/40,	 Avg.loss: 0.0006,	 Test Accuracy: 830/1000(83%)
Task: 1,	 Epoch: 21/40,	 Avg.loss: 0.0006,	 Test Accuracy: 829/1000(83%)
Task: 1,	 Epoch: 22/40,	 Avg.loss: 0.0006,	 Test Accuracy: 835/1000(84%)
Task: 1,	 Epoch: 23/40,	 Avg.loss: 0.0006,	 Test Accuracy: 832/1000(83%)
Task: 1,	 Epoch: 24/40,	 Avg.loss: 0.0006,	 Test Accuracy: 838/1000(84%)
Task: 1,	 Epoch: 25/40,	 Avg.loss: 0.0006,	 Test Accuracy: 835/1000(84%)
Task: 1,	 Epoch: 26/40,	 Avg.loss: 0.0006,	 Test Accuracy: 842/1000(84%)
Task: 1,	 Epoch: 27/40,	 Avg.loss: 0.0006,	 Test Accuracy: 841/1000(84%)
Task: 1,	 Epoch: 28/40,	 Avg.loss: 0.0006,	 Test Accuracy: 839/1000(84%)
Task: 1,	 Epoch: 29/40,	 Avg.loss: 0.0006,	 Test Accuracy: 844/1000(84%)
Task: 1,	 Epoch: 30/40,	 Avg.loss: 0.0006,	 Test Accuracy: 839/1000(84%)
Task: 1,	 Epoch: 31/40,	 Avg.loss: 0.0006,	 Test Accuracy: 844/1000(84%)
Task: 1,	 Epoch: 32/40,	 Avg.loss: 0.0006,	 Test Accuracy: 841/1000(84%)
Task: 1,	 Epoch: 33/40,	 Avg.loss: 0.0006,	 Test Accuracy: 844/1000(84%)
Task: 1,	 Epoch: 34/40,	 Avg.loss: 0.0006,	 Test Accuracy: 842/1000(84%)
Task: 1,	 Epoch: 35/40,	 Avg.loss: 0.0006,	 Test Accuracy: 838/1000(84%)
Task: 1,	 Epoch: 36/40,	 Avg.loss: 0.0006,	 Test Accuracy: 842/1000(84%)
Task: 1,	 Epoch: 37/40,	 Avg.loss: 0.0006,	 Test Accuracy: 839/1000(84%)
Task: 1,	 Epoch: 38/40,	 Avg.loss: 0.0006,	 Test Accuracy: 840/1000(84%)
Task: 1,	 Epoch: 39/40,	 Avg.loss: 0.0006,	 Test Accuracy: 834/1000(83%)
Trained Task:1, Loaded task:0, Accuracy:74.3%
Trained Task:1, Loaded task:1, Accuracy:83.4%
Trained Task:1, Avg. Accuracy: 78.9 

List of avg. accuracy: [84.7, 78.9]
Mask histogram
conv1_layer.0.weight: 	 tensor([    0.,     0.,     0., 32768.,     0.,     0.,     0.,     0.,     0.,
            0.,     0.], device='cuda:0')
conv2_layer.0.weight: 	 tensor([   0.,    0.,    0., 8192.,    0.,    0.,    0.,    0.,    0.,    0.,
           0.], device='cuda:0')
conv3_layer.0.weight: 	 tensor([    0.,     0.,     0., 16384.,     0.,     0.,     0.,     0.,     0.,
            0.,     0.], device='cuda:0')
conv4_layer.0.weight: 	 tensor([   0.,    0.,    0., 4096.,    0.,    0.,    0.,    0.,    0.,    0.,
           0.], device='cuda:0')
fc1_layer.0.weight: 	 tensor([  0.,   0.,   0., 512.,   0.,   0.,   0.,   0.,   0.,   0.,   0.],
       device='cuda:0')
Head Finetuning    :Task: 2,	 Epoch: 0/40,	 Avg.loss: 0.0040,	 Test Accuracy: 97/1000(10%)
Head Finetuning    :Task: 2,	 Epoch: 1/40,	 Avg.loss: 0.0037,	 Test Accuracy: 117/1000(12%)
Head Finetuning    :Task: 2,	 Epoch: 2/40,	 Avg.loss: 0.0034,	 Test Accuracy: 135/1000(14%)
Head Finetuning    :Task: 2,	 Epoch: 3/40,	 Avg.loss: 0.0032,	 Test Accuracy: 157/1000(16%)
Head Finetuning    :Task: 2,	 Epoch: 4/40,	 Avg.loss: 0.0031,	 Test Accuracy: 169/1000(17%)
Head Finetuning    :Task: 2,	 Epoch: 5/40,	 Avg.loss: 0.0030,	 Test Accuracy: 182/1000(18%)
Head Finetuning    :Task: 2,	 Epoch: 6/40,	 Avg.loss: 0.0028,	 Test Accuracy: 200/1000(20%)
Head Finetuning    :Task: 2,	 Epoch: 7/40,	 Avg.loss: 0.0027,	 Test Accuracy: 220/1000(22%)
Head Finetuning    :Task: 2,	 Epoch: 8/40,	 Avg.loss: 0.0027,	 Test Accuracy: 239/1000(24%)
Head Finetuning    :Task: 2,	 Epoch: 9/40,	 Avg.loss: 0.0026,	 Test Accuracy: 254/1000(25%)
Head Finetuning    :Task: 2,	 Epoch: 10/40,	 Avg.loss: 0.0025,	 Test Accuracy: 257/1000(26%)
Head Finetuning    :Task: 2,	 Epoch: 11/40,	 Avg.loss: 0.0024,	 Test Accuracy: 271/1000(27%)
Head Finetuning    :Task: 2,	 Epoch: 12/40,	 Avg.loss: 0.0024,	 Test Accuracy: 287/1000(29%)
Head Finetuning    :Task: 2,	 Epoch: 13/40,	 Avg.loss: 0.0023,	 Test Accuracy: 297/1000(30%)
Head Finetuning    :Task: 2,	 Epoch: 14/40,	 Avg.loss: 0.0023,	 Test Accuracy: 305/1000(31%)
Task: 2,	 Epoch: 0/40,	 Avg.loss: 0.0010,	 Test Accuracy: 696/1000(70%)
Task: 2,	 Epoch: 1/40,	 Avg.loss: 0.0008,	 Test Accuracy: 751/1000(75%)
Task: 2,	 Epoch: 2/40,	 Avg.loss: 0.0007,	 Test Accuracy: 789/1000(79%)
Task: 2,	 Epoch: 3/40,	 Avg.loss: 0.0007,	 Test Accuracy: 787/1000(79%)
Task: 2,	 Epoch: 4/40,	 Avg.loss: 0.0007,	 Test Accuracy: 802/1000(80%)
Task: 2,	 Epoch: 5/40,	 Avg.loss: 0.0006,	 Test Accuracy: 804/1000(80%)
Task: 2,	 Epoch: 6/40,	 Avg.loss: 0.0006,	 Test Accuracy: 805/1000(81%)
Task: 2,	 Epoch: 7/40,	 Avg.loss: 0.0006,	 Test Accuracy: 805/1000(81%)
Task: 2,	 Epoch: 8/40,	 Avg.loss: 0.0006,	 Test Accuracy: 820/1000(82%)
Task: 2,	 Epoch: 9/40,	 Avg.loss: 0.0006,	 Test Accuracy: 799/1000(80%)
Task: 2,	 Epoch: 10/40,	 Avg.loss: 0.0006,	 Test Accuracy: 826/1000(83%)
Task: 2,	 Epoch: 11/40,	 Avg.loss: 0.0006,	 Test Accuracy: 829/1000(83%)
Task: 2,	 Epoch: 12/40,	 Avg.loss: 0.0006,	 Test Accuracy: 818/1000(82%)
Task: 2,	 Epoch: 13/40,	 Avg.loss: 0.0006,	 Test Accuracy: 829/1000(83%)
Task: 2,	 Epoch: 14/40,	 Avg.loss: 0.0007,	 Test Accuracy: 814/1000(81%)
Task: 2,	 Epoch: 15/40,	 Avg.loss: 0.0007,	 Test Accuracy: 816/1000(82%)
Task: 2,	 Epoch: 16/40,	 Avg.loss: 0.0007,	 Test Accuracy: 821/1000(82%)
Task: 2,	 Epoch: 17/40,	 Avg.loss: 0.0007,	 Test Accuracy: 804/1000(80%)
Task: 2,	 Epoch: 18/40,	 Avg.loss: 0.0007,	 Test Accuracy: 829/1000(83%)
Task: 2,	 Epoch: 19/40,	 Avg.loss: 0.0007,	 Test Accuracy: 823/1000(82%)
Task: 2,	 Epoch: 20/40,	 Avg.loss: 0.0006,	 Test Accuracy: 837/1000(84%)
Task: 2,	 Epoch: 21/40,	 Avg.loss: 0.0006,	 Test Accuracy: 832/1000(83%)
Task: 2,	 Epoch: 22/40,	 Avg.loss: 0.0006,	 Test Accuracy: 839/1000(84%)
Task: 2,	 Epoch: 23/40,	 Avg.loss: 0.0006,	 Test Accuracy: 837/1000(84%)
Task: 2,	 Epoch: 24/40,	 Avg.loss: 0.0006,	 Test Accuracy: 838/1000(84%)
Task: 2,	 Epoch: 25/40,	 Avg.loss: 0.0007,	 Test Accuracy: 837/1000(84%)
Task: 2,	 Epoch: 26/40,	 Avg.loss: 0.0006,	 Test Accuracy: 836/1000(84%)
Task: 2,	 Epoch: 27/40,	 Avg.loss: 0.0006,	 Test Accuracy: 830/1000(83%)
Task: 2,	 Epoch: 28/40,	 Avg.loss: 0.0007,	 Test Accuracy: 834/1000(83%)
Task: 2,	 Epoch: 29/40,	 Avg.loss: 0.0006,	 Test Accuracy: 834/1000(83%)
Task: 2,	 Epoch: 30/40,	 Avg.loss: 0.0007,	 Test Accuracy: 832/1000(83%)
Task: 2,	 Epoch: 31/40,	 Avg.loss: 0.0007,	 Test Accuracy: 833/1000(83%)
Task: 2,	 Epoch: 32/40,	 Avg.loss: 0.0006,	 Test Accuracy: 839/1000(84%)
Task: 2,	 Epoch: 33/40,	 Avg.loss: 0.0007,	 Test Accuracy: 836/1000(84%)
Task: 2,	 Epoch: 34/40,	 Avg.loss: 0.0007,	 Test Accuracy: 841/1000(84%)
Task: 2,	 Epoch: 35/40,	 Avg.loss: 0.0007,	 Test Accuracy: 838/1000(84%)
Task: 2,	 Epoch: 36/40,	 Avg.loss: 0.0006,	 Test Accuracy: 841/1000(84%)
Task: 2,	 Epoch: 37/40,	 Avg.loss: 0.0007,	 Test Accuracy: 839/1000(84%)
Task: 2,	 Epoch: 38/40,	 Avg.loss: 0.0007,	 Test Accuracy: 843/1000(84%)
Task: 2,	 Epoch: 39/40,	 Avg.loss: 0.0007,	 Test Accuracy: 837/1000(84%)
Trained Task:2, Loaded task:0, Accuracy:62.0%
Trained Task:2, Loaded task:1, Accuracy:69.1%
Trained Task:2, Loaded task:2, Accuracy:83.7%
Trained Task:2, Avg. Accuracy: 71.6 

List of avg. accuracy: [84.7, 78.9, 71.6]
Mask histogram
conv1_layer.0.weight: 	 tensor([    0.,     0.,     0.,     0., 32768.,     0.,     0.,     0.,     0.,
            0.,     0.], device='cuda:0')
conv2_layer.0.weight: 	 tensor([   0.,    0.,    0.,    0., 8192.,    0.,    0.,    0.,    0.,    0.,
           0.], device='cuda:0')
conv3_layer.0.weight: 	 tensor([    0.,     0.,     0.,     0., 16384.,     0.,     0.,     0.,     0.,
            0.,     0.], device='cuda:0')
conv4_layer.0.weight: 	 tensor([   0.,    0.,    0.,    0., 4096.,    0.,    0.,    0.,    0.,    0.,
           0.], device='cuda:0')
fc1_layer.0.weight: 	 tensor([  0.,   0.,   0.,   0., 512.,   0.,   0.,   0.,   0.,   0.,   0.],
       device='cuda:0')
Head Finetuning    :Task: 3,	 Epoch: 0/40,	 Avg.loss: 0.0047,	 Test Accuracy: 77/1000(8%)
Head Finetuning    :Task: 3,	 Epoch: 1/40,	 Avg.loss: 0.0042,	 Test Accuracy: 103/1000(10%)
Head Finetuning    :Task: 3,	 Epoch: 2/40,	 Avg.loss: 0.0039,	 Test Accuracy: 115/1000(12%)
Head Finetuning    :Task: 3,	 Epoch: 3/40,	 Avg.loss: 0.0037,	 Test Accuracy: 128/1000(13%)
Head Finetuning    :Task: 3,	 Epoch: 4/40,	 Avg.loss: 0.0035,	 Test Accuracy: 149/1000(15%)
Head Finetuning    :Task: 3,	 Epoch: 5/40,	 Avg.loss: 0.0034,	 Test Accuracy: 156/1000(16%)
Head Finetuning    :Task: 3,	 Epoch: 6/40,	 Avg.loss: 0.0032,	 Test Accuracy: 171/1000(17%)
Head Finetuning    :Task: 3,	 Epoch: 7/40,	 Avg.loss: 0.0031,	 Test Accuracy: 186/1000(19%)
Head Finetuning    :Task: 3,	 Epoch: 8/40,	 Avg.loss: 0.0030,	 Test Accuracy: 193/1000(19%)
Head Finetuning    :Task: 3,	 Epoch: 9/40,	 Avg.loss: 0.0029,	 Test Accuracy: 202/1000(20%)
Head Finetuning    :Task: 3,	 Epoch: 10/40,	 Avg.loss: 0.0028,	 Test Accuracy: 210/1000(21%)
Head Finetuning    :Task: 3,	 Epoch: 11/40,	 Avg.loss: 0.0028,	 Test Accuracy: 223/1000(22%)
Head Finetuning    :Task: 3,	 Epoch: 12/40,	 Avg.loss: 0.0027,	 Test Accuracy: 230/1000(23%)
Head Finetuning    :Task: 3,	 Epoch: 13/40,	 Avg.loss: 0.0026,	 Test Accuracy: 241/1000(24%)
Head Finetuning    :Task: 3,	 Epoch: 14/40,	 Avg.loss: 0.0026,	 Test Accuracy: 250/1000(25%)
Task: 3,	 Epoch: 0/40,	 Avg.loss: 0.0011,	 Test Accuracy: 622/1000(62%)
Task: 3,	 Epoch: 1/40,	 Avg.loss: 0.0011,	 Test Accuracy: 645/1000(64%)
Task: 3,	 Epoch: 2/40,	 Avg.loss: 0.0008,	 Test Accuracy: 760/1000(76%)
Task: 3,	 Epoch: 3/40,	 Avg.loss: 0.0008,	 Test Accuracy: 730/1000(73%)
Task: 3,	 Epoch: 4/40,	 Avg.loss: 0.0007,	 Test Accuracy: 766/1000(77%)
Task: 3,	 Epoch: 5/40,	 Avg.loss: 0.0007,	 Test Accuracy: 774/1000(77%)
Task: 3,	 Epoch: 6/40,	 Avg.loss: 0.0006,	 Test Accuracy: 792/1000(79%)
Task: 3,	 Epoch: 7/40,	 Avg.loss: 0.0006,	 Test Accuracy: 802/1000(80%)
Task: 3,	 Epoch: 8/40,	 Avg.loss: 0.0006,	 Test Accuracy: 808/1000(81%)
Task: 3,	 Epoch: 9/40,	 Avg.loss: 0.0007,	 Test Accuracy: 790/1000(79%)
Task: 3,	 Epoch: 10/40,	 Avg.loss: 0.0006,	 Test Accuracy: 800/1000(80%)
Task: 3,	 Epoch: 11/40,	 Avg.loss: 0.0007,	 Test Accuracy: 800/1000(80%)
Task: 3,	 Epoch: 12/40,	 Avg.loss: 0.0006,	 Test Accuracy: 812/1000(81%)
Task: 3,	 Epoch: 13/40,	 Avg.loss: 0.0007,	 Test Accuracy: 808/1000(81%)
Task: 3,	 Epoch: 14/40,	 Avg.loss: 0.0007,	 Test Accuracy: 794/1000(79%)
Task: 3,	 Epoch: 15/40,	 Avg.loss: 0.0007,	 Test Accuracy: 795/1000(80%)
Task: 3,	 Epoch: 16/40,	 Avg.loss: 0.0006,	 Test Accuracy: 818/1000(82%)
Task: 3,	 Epoch: 17/40,	 Avg.loss: 0.0007,	 Test Accuracy: 811/1000(81%)
Task: 3,	 Epoch: 18/40,	 Avg.loss: 0.0007,	 Test Accuracy: 825/1000(83%)
Task: 3,	 Epoch: 19/40,	 Avg.loss: 0.0006,	 Test Accuracy: 812/1000(81%)
Task: 3,	 Epoch: 20/40,	 Avg.loss: 0.0006,	 Test Accuracy: 819/1000(82%)
Task: 3,	 Epoch: 21/40,	 Avg.loss: 0.0006,	 Test Accuracy: 822/1000(82%)
Task: 3,	 Epoch: 22/40,	 Avg.loss: 0.0006,	 Test Accuracy: 827/1000(83%)
Task: 3,	 Epoch: 23/40,	 Avg.loss: 0.0006,	 Test Accuracy: 820/1000(82%)
Task: 3,	 Epoch: 24/40,	 Avg.loss: 0.0006,	 Test Accuracy: 823/1000(82%)
Task: 3,	 Epoch: 25/40,	 Avg.loss: 0.0006,	 Test Accuracy: 822/1000(82%)
Task: 3,	 Epoch: 26/40,	 Avg.loss: 0.0007,	 Test Accuracy: 824/1000(82%)
Task: 3,	 Epoch: 27/40,	 Avg.loss: 0.0007,	 Test Accuracy: 828/1000(83%)
Task: 3,	 Epoch: 28/40,	 Avg.loss: 0.0007,	 Test Accuracy: 828/1000(83%)
Task: 3,	 Epoch: 29/40,	 Avg.loss: 0.0007,	 Test Accuracy: 826/1000(83%)
Task: 3,	 Epoch: 30/40,	 Avg.loss: 0.0007,	 Test Accuracy: 824/1000(82%)
Task: 3,	 Epoch: 31/40,	 Avg.loss: 0.0007,	 Test Accuracy: 827/1000(83%)
Task: 3,	 Epoch: 32/40,	 Avg.loss: 0.0007,	 Test Accuracy: 823/1000(82%)
Task: 3,	 Epoch: 33/40,	 Avg.loss: 0.0007,	 Test Accuracy: 823/1000(82%)
Task: 3,	 Epoch: 34/40,	 Avg.loss: 0.0007,	 Test Accuracy: 824/1000(82%)
Task: 3,	 Epoch: 35/40,	 Avg.loss: 0.0007,	 Test Accuracy: 826/1000(83%)
Task: 3,	 Epoch: 36/40,	 Avg.loss: 0.0007,	 Test Accuracy: 823/1000(82%)
Task: 3,	 Epoch: 37/40,	 Avg.loss: 0.0007,	 Test Accuracy: 832/1000(83%)
Task: 3,	 Epoch: 38/40,	 Avg.loss: 0.0007,	 Test Accuracy: 827/1000(83%)
Task: 3,	 Epoch: 39/40,	 Avg.loss: 0.0007,	 Test Accuracy: 827/1000(83%)
Trained Task:3, Loaded task:0, Accuracy:46.9%
Trained Task:3, Loaded task:1, Accuracy:56.7%
Trained Task:3, Loaded task:2, Accuracy:67.8%
Trained Task:3, Loaded task:3, Accuracy:82.7%
Trained Task:3, Avg. Accuracy: 63.5 

List of avg. accuracy: [84.7, 78.9, 71.6, 63.5]
Mask histogram
conv1_layer.0.weight: 	 tensor([    0.,     0.,     0.,     0.,     0., 32768.,     0.,     0.,     0.,
            0.,     0.], device='cuda:0')
conv2_layer.0.weight: 	 tensor([   0.,    0.,    0.,    0.,    0., 8192.,    0.,    0.,    0.,    0.,
           0.], device='cuda:0')
conv3_layer.0.weight: 	 tensor([    0.,     0.,     0.,     0.,     0., 16384.,     0.,     0.,     0.,
            0.,     0.], device='cuda:0')
conv4_layer.0.weight: 	 tensor([   0.,    0.,    0.,    0.,    0., 4096.,    0.,    0.,    0.,    0.,
           0.], device='cuda:0')
fc1_layer.0.weight: 	 tensor([  0.,   0.,   0.,   0.,   0., 512.,   0.,   0.,   0.,   0.,   0.],
       device='cuda:0')
Head Finetuning    :Task: 4,	 Epoch: 0/40,	 Avg.loss: 0.0042,	 Test Accuracy: 105/1000(11%)
Head Finetuning    :Task: 4,	 Epoch: 1/40,	 Avg.loss: 0.0038,	 Test Accuracy: 137/1000(14%)
Head Finetuning    :Task: 4,	 Epoch: 2/40,	 Avg.loss: 0.0035,	 Test Accuracy: 158/1000(16%)
Head Finetuning    :Task: 4,	 Epoch: 3/40,	 Avg.loss: 0.0033,	 Test Accuracy: 170/1000(17%)
Head Finetuning    :Task: 4,	 Epoch: 4/40,	 Avg.loss: 0.0032,	 Test Accuracy: 186/1000(19%)
Head Finetuning    :Task: 4,	 Epoch: 5/40,	 Avg.loss: 0.0030,	 Test Accuracy: 208/1000(21%)
Head Finetuning    :Task: 4,	 Epoch: 6/40,	 Avg.loss: 0.0029,	 Test Accuracy: 225/1000(23%)
Head Finetuning    :Task: 4,	 Epoch: 7/40,	 Avg.loss: 0.0028,	 Test Accuracy: 234/1000(23%)
Head Finetuning    :Task: 4,	 Epoch: 8/40,	 Avg.loss: 0.0027,	 Test Accuracy: 243/1000(24%)
Head Finetuning    :Task: 4,	 Epoch: 9/40,	 Avg.loss: 0.0026,	 Test Accuracy: 259/1000(26%)
Head Finetuning    :Task: 4,	 Epoch: 10/40,	 Avg.loss: 0.0025,	 Test Accuracy: 268/1000(27%)
Head Finetuning    :Task: 4,	 Epoch: 11/40,	 Avg.loss: 0.0024,	 Test Accuracy: 277/1000(28%)
Head Finetuning    :Task: 4,	 Epoch: 12/40,	 Avg.loss: 0.0024,	 Test Accuracy: 286/1000(29%)
Head Finetuning    :Task: 4,	 Epoch: 13/40,	 Avg.loss: 0.0023,	 Test Accuracy: 299/1000(30%)
Head Finetuning    :Task: 4,	 Epoch: 14/40,	 Avg.loss: 0.0022,	 Test Accuracy: 312/1000(31%)
Task: 4,	 Epoch: 0/40,	 Avg.loss: 0.0010,	 Test Accuracy: 666/1000(67%)
Task: 4,	 Epoch: 1/40,	 Avg.loss: 0.0008,	 Test Accuracy: 751/1000(75%)
Task: 4,	 Epoch: 2/40,	 Avg.loss: 0.0008,	 Test Accuracy: 759/1000(76%)
Task: 4,	 Epoch: 3/40,	 Avg.loss: 0.0007,	 Test Accuracy: 796/1000(80%)
Task: 4,	 Epoch: 4/40,	 Avg.loss: 0.0006,	 Test Accuracy: 805/1000(81%)
Task: 4,	 Epoch: 5/40,	 Avg.loss: 0.0006,	 Test Accuracy: 811/1000(81%)
Task: 4,	 Epoch: 6/40,	 Avg.loss: 0.0006,	 Test Accuracy: 810/1000(81%)
Task: 4,	 Epoch: 7/40,	 Avg.loss: 0.0006,	 Test Accuracy: 803/1000(80%)
Task: 4,	 Epoch: 8/40,	 Avg.loss: 0.0007,	 Test Accuracy: 813/1000(81%)
Task: 4,	 Epoch: 9/40,	 Avg.loss: 0.0007,	 Test Accuracy: 808/1000(81%)
Task: 4,	 Epoch: 10/40,	 Avg.loss: 0.0007,	 Test Accuracy: 783/1000(78%)
Task: 4,	 Epoch: 11/40,	 Avg.loss: 0.0006,	 Test Accuracy: 839/1000(84%)
Task: 4,	 Epoch: 12/40,	 Avg.loss: 0.0006,	 Test Accuracy: 822/1000(82%)
Task: 4,	 Epoch: 13/40,	 Avg.loss: 0.0006,	 Test Accuracy: 834/1000(83%)
Task: 4,	 Epoch: 14/40,	 Avg.loss: 0.0006,	 Test Accuracy: 825/1000(83%)
Task: 4,	 Epoch: 15/40,	 Avg.loss: 0.0007,	 Test Accuracy: 805/1000(81%)
Task: 4,	 Epoch: 16/40,	 Avg.loss: 0.0006,	 Test Accuracy: 836/1000(84%)
Task: 4,	 Epoch: 17/40,	 Avg.loss: 0.0006,	 Test Accuracy: 835/1000(84%)
Task: 4,	 Epoch: 18/40,	 Avg.loss: 0.0006,	 Test Accuracy: 839/1000(84%)
Task: 4,	 Epoch: 19/40,	 Avg.loss: 0.0006,	 Test Accuracy: 836/1000(84%)
Task: 4,	 Epoch: 20/40,	 Avg.loss: 0.0006,	 Test Accuracy: 840/1000(84%)
Task: 4,	 Epoch: 21/40,	 Avg.loss: 0.0006,	 Test Accuracy: 840/1000(84%)
Task: 4,	 Epoch: 22/40,	 Avg.loss: 0.0006,	 Test Accuracy: 842/1000(84%)
Task: 4,	 Epoch: 23/40,	 Avg.loss: 0.0006,	 Test Accuracy: 844/1000(84%)
Task: 4,	 Epoch: 24/40,	 Avg.loss: 0.0006,	 Test Accuracy: 847/1000(85%)
Task: 4,	 Epoch: 25/40,	 Avg.loss: 0.0006,	 Test Accuracy: 845/1000(85%)
Task: 4,	 Epoch: 26/40,	 Avg.loss: 0.0006,	 Test Accuracy: 846/1000(85%)
Task: 4,	 Epoch: 27/40,	 Avg.loss: 0.0006,	 Test Accuracy: 850/1000(85%)
Task: 4,	 Epoch: 28/40,	 Avg.loss: 0.0006,	 Test Accuracy: 840/1000(84%)
Task: 4,	 Epoch: 29/40,	 Avg.loss: 0.0006,	 Test Accuracy: 846/1000(85%)
Task: 4,	 Epoch: 30/40,	 Avg.loss: 0.0006,	 Test Accuracy: 845/1000(85%)
Task: 4,	 Epoch: 31/40,	 Avg.loss: 0.0007,	 Test Accuracy: 837/1000(84%)
Task: 4,	 Epoch: 32/40,	 Avg.loss: 0.0006,	 Test Accuracy: 848/1000(85%)
Task: 4,	 Epoch: 33/40,	 Avg.loss: 0.0006,	 Test Accuracy: 848/1000(85%)
Task: 4,	 Epoch: 34/40,	 Avg.loss: 0.0007,	 Test Accuracy: 852/1000(85%)
Task: 4,	 Epoch: 35/40,	 Avg.loss: 0.0007,	 Test Accuracy: 853/1000(85%)
Task: 4,	 Epoch: 36/40,	 Avg.loss: 0.0007,	 Test Accuracy: 846/1000(85%)
Task: 4,	 Epoch: 37/40,	 Avg.loss: 0.0007,	 Test Accuracy: 853/1000(85%)
Task: 4,	 Epoch: 38/40,	 Avg.loss: 0.0007,	 Test Accuracy: 838/1000(84%)
Task: 4,	 Epoch: 39/40,	 Avg.loss: 0.0007,	 Test Accuracy: 844/1000(84%)
Trained Task:4, Loaded task:0, Accuracy:46.0%
Trained Task:4, Loaded task:1, Accuracy:54.2%
Trained Task:4, Loaded task:2, Accuracy:51.8%
Trained Task:4, Loaded task:3, Accuracy:63.3%
Trained Task:4, Loaded task:4, Accuracy:84.4%
Trained Task:4, Avg. Accuracy: 59.9 

List of avg. accuracy: [84.7, 78.9, 71.6, 63.5, 59.9]
Mask histogram
conv1_layer.0.weight: 	 tensor([    0.,     0.,     0.,     0.,     0.,     0., 32768.,     0.,     0.,
            0.,     0.], device='cuda:0')
conv2_layer.0.weight: 	 tensor([   0.,    0.,    0.,    0.,    0.,    0., 8192.,    0.,    0.,    0.,
           0.], device='cuda:0')
conv3_layer.0.weight: 	 tensor([    0.,     0.,     0.,     0.,     0.,     0., 16384.,     0.,     0.,
            0.,     0.], device='cuda:0')
conv4_layer.0.weight: 	 tensor([   0.,    0.,    0.,    0.,    0.,    0., 4096.,    0.,    0.,    0.,
           0.], device='cuda:0')
fc1_layer.0.weight: 	 tensor([  0.,   0.,   0.,   0.,   0.,   0., 512.,   0.,   0.,   0.,   0.],
       device='cuda:0')
Head Finetuning    :Task: 5,	 Epoch: 0/40,	 Avg.loss: 0.0045,	 Test Accuracy: 150/1000(15%)
Head Finetuning    :Task: 5,	 Epoch: 1/40,	 Avg.loss: 0.0040,	 Test Accuracy: 160/1000(16%)
Head Finetuning    :Task: 5,	 Epoch: 2/40,	 Avg.loss: 0.0037,	 Test Accuracy: 170/1000(17%)
Head Finetuning    :Task: 5,	 Epoch: 3/40,	 Avg.loss: 0.0034,	 Test Accuracy: 186/1000(19%)
Head Finetuning    :Task: 5,	 Epoch: 4/40,	 Avg.loss: 0.0032,	 Test Accuracy: 202/1000(20%)
Head Finetuning    :Task: 5,	 Epoch: 5/40,	 Avg.loss: 0.0031,	 Test Accuracy: 216/1000(22%)
Head Finetuning    :Task: 5,	 Epoch: 6/40,	 Avg.loss: 0.0030,	 Test Accuracy: 224/1000(22%)
Head Finetuning    :Task: 5,	 Epoch: 7/40,	 Avg.loss: 0.0029,	 Test Accuracy: 240/1000(24%)
Head Finetuning    :Task: 5,	 Epoch: 8/40,	 Avg.loss: 0.0028,	 Test Accuracy: 259/1000(26%)
Head Finetuning    :Task: 5,	 Epoch: 9/40,	 Avg.loss: 0.0027,	 Test Accuracy: 271/1000(27%)
Head Finetuning    :Task: 5,	 Epoch: 10/40,	 Avg.loss: 0.0026,	 Test Accuracy: 286/1000(29%)
Head Finetuning    :Task: 5,	 Epoch: 11/40,	 Avg.loss: 0.0025,	 Test Accuracy: 289/1000(29%)
Head Finetuning    :Task: 5,	 Epoch: 12/40,	 Avg.loss: 0.0025,	 Test Accuracy: 300/1000(30%)
Head Finetuning    :Task: 5,	 Epoch: 13/40,	 Avg.loss: 0.0024,	 Test Accuracy: 313/1000(31%)
Head Finetuning    :Task: 5,	 Epoch: 14/40,	 Avg.loss: 0.0024,	 Test Accuracy: 319/1000(32%)
Task: 5,	 Epoch: 0/40,	 Avg.loss: 0.0010,	 Test Accuracy: 651/1000(65%)
Task: 5,	 Epoch: 1/40,	 Avg.loss: 0.0008,	 Test Accuracy: 715/1000(72%)
Task: 5,	 Epoch: 2/40,	 Avg.loss: 0.0007,	 Test Accuracy: 769/1000(77%)
Task: 5,	 Epoch: 3/40,	 Avg.loss: 0.0006,	 Test Accuracy: 787/1000(79%)
Task: 5,	 Epoch: 4/40,	 Avg.loss: 0.0006,	 Test Accuracy: 784/1000(78%)
Task: 5,	 Epoch: 5/40,	 Avg.loss: 0.0006,	 Test Accuracy: 803/1000(80%)
Task: 5,	 Epoch: 6/40,	 Avg.loss: 0.0006,	 Test Accuracy: 798/1000(80%)
Task: 5,	 Epoch: 7/40,	 Avg.loss: 0.0006,	 Test Accuracy: 801/1000(80%)
Task: 5,	 Epoch: 8/40,	 Avg.loss: 0.0006,	 Test Accuracy: 822/1000(82%)
Task: 5,	 Epoch: 9/40,	 Avg.loss: 0.0005,	 Test Accuracy: 825/1000(83%)
Task: 5,	 Epoch: 10/40,	 Avg.loss: 0.0006,	 Test Accuracy: 814/1000(81%)
Task: 5,	 Epoch: 11/40,	 Avg.loss: 0.0006,	 Test Accuracy: 813/1000(81%)
Task: 5,	 Epoch: 12/40,	 Avg.loss: 0.0005,	 Test Accuracy: 827/1000(83%)
Task: 5,	 Epoch: 13/40,	 Avg.loss: 0.0005,	 Test Accuracy: 831/1000(83%)
Task: 5,	 Epoch: 14/40,	 Avg.loss: 0.0005,	 Test Accuracy: 842/1000(84%)
Task: 5,	 Epoch: 15/40,	 Avg.loss: 0.0005,	 Test Accuracy: 837/1000(84%)
Task: 5,	 Epoch: 16/40,	 Avg.loss: 0.0006,	 Test Accuracy: 829/1000(83%)
Task: 5,	 Epoch: 17/40,	 Avg.loss: 0.0005,	 Test Accuracy: 842/1000(84%)
Task: 5,	 Epoch: 18/40,	 Avg.loss: 0.0006,	 Test Accuracy: 808/1000(81%)
Task: 5,	 Epoch: 19/40,	 Avg.loss: 0.0006,	 Test Accuracy: 825/1000(83%)
Task: 5,	 Epoch: 20/40,	 Avg.loss: 0.0005,	 Test Accuracy: 838/1000(84%)
Task: 5,	 Epoch: 21/40,	 Avg.loss: 0.0005,	 Test Accuracy: 845/1000(85%)
Task: 5,	 Epoch: 22/40,	 Avg.loss: 0.0005,	 Test Accuracy: 837/1000(84%)
Task: 5,	 Epoch: 23/40,	 Avg.loss: 0.0005,	 Test Accuracy: 845/1000(85%)
Task: 5,	 Epoch: 24/40,	 Avg.loss: 0.0005,	 Test Accuracy: 840/1000(84%)
Task: 5,	 Epoch: 25/40,	 Avg.loss: 0.0005,	 Test Accuracy: 843/1000(84%)
Task: 5,	 Epoch: 26/40,	 Avg.loss: 0.0005,	 Test Accuracy: 837/1000(84%)
Task: 5,	 Epoch: 27/40,	 Avg.loss: 0.0005,	 Test Accuracy: 844/1000(84%)
Task: 5,	 Epoch: 28/40,	 Avg.loss: 0.0005,	 Test Accuracy: 841/1000(84%)
Task: 5,	 Epoch: 29/40,	 Avg.loss: 0.0005,	 Test Accuracy: 843/1000(84%)
Task: 5,	 Epoch: 30/40,	 Avg.loss: 0.0005,	 Test Accuracy: 845/1000(85%)
Task: 5,	 Epoch: 31/40,	 Avg.loss: 0.0006,	 Test Accuracy: 838/1000(84%)
Task: 5,	 Epoch: 32/40,	 Avg.loss: 0.0006,	 Test Accuracy: 845/1000(85%)
Task: 5,	 Epoch: 33/40,	 Avg.loss: 0.0006,	 Test Accuracy: 841/1000(84%)
Task: 5,	 Epoch: 34/40,	 Avg.loss: 0.0006,	 Test Accuracy: 844/1000(84%)
Task: 5,	 Epoch: 35/40,	 Avg.loss: 0.0006,	 Test Accuracy: 843/1000(84%)
Task: 5,	 Epoch: 36/40,	 Avg.loss: 0.0006,	 Test Accuracy: 841/1000(84%)
Task: 5,	 Epoch: 37/40,	 Avg.loss: 0.0006,	 Test Accuracy: 845/1000(85%)
Task: 5,	 Epoch: 38/40,	 Avg.loss: 0.0006,	 Test Accuracy: 835/1000(84%)
Task: 5,	 Epoch: 39/40,	 Avg.loss: 0.0006,	 Test Accuracy: 842/1000(84%)
Trained Task:5, Loaded task:0, Accuracy:43.8%
Trained Task:5, Loaded task:1, Accuracy:41.8%
Trained Task:5, Loaded task:2, Accuracy:51.6%
Trained Task:5, Loaded task:3, Accuracy:46.8%
Trained Task:5, Loaded task:4, Accuracy:70.3%
Trained Task:5, Loaded task:5, Accuracy:84.2%
Trained Task:5, Avg. Accuracy: 56.4 

List of avg. accuracy: [84.7, 78.9, 71.6, 63.5, 59.9, 56.4]
Mask histogram
conv1_layer.0.weight: 	 tensor([    0.,     0.,     0.,     0.,     0.,     0.,     0., 32768.,     0.,
            0.,     0.], device='cuda:0')
conv2_layer.0.weight: 	 tensor([   0.,    0.,    0.,    0.,    0.,    0.,    0., 8192.,    0.,    0.,
           0.], device='cuda:0')
conv3_layer.0.weight: 	 tensor([    0.,     0.,     0.,     0.,     0.,     0.,     0., 16384.,     0.,
            0.,     0.], device='cuda:0')
conv4_layer.0.weight: 	 tensor([   0.,    0.,    0.,    0.,    0.,    0.,    0., 4096.,    0.,    0.,
           0.], device='cuda:0')
fc1_layer.0.weight: 	 tensor([  0.,   0.,   0.,   0.,   0.,   0.,   0., 512.,   0.,   0.,   0.],
       device='cuda:0')
Head Finetuning    :Task: 6,	 Epoch: 0/40,	 Avg.loss: 0.0043,	 Test Accuracy: 138/1000(14%)
Head Finetuning    :Task: 6,	 Epoch: 1/40,	 Avg.loss: 0.0038,	 Test Accuracy: 167/1000(17%)
Head Finetuning    :Task: 6,	 Epoch: 2/40,	 Avg.loss: 0.0035,	 Test Accuracy: 188/1000(19%)
Head Finetuning    :Task: 6,	 Epoch: 3/40,	 Avg.loss: 0.0032,	 Test Accuracy: 211/1000(21%)
Head Finetuning    :Task: 6,	 Epoch: 4/40,	 Avg.loss: 0.0031,	 Test Accuracy: 229/1000(23%)
Head Finetuning    :Task: 6,	 Epoch: 5/40,	 Avg.loss: 0.0029,	 Test Accuracy: 244/1000(24%)
Head Finetuning    :Task: 6,	 Epoch: 6/40,	 Avg.loss: 0.0028,	 Test Accuracy: 261/1000(26%)
Head Finetuning    :Task: 6,	 Epoch: 7/40,	 Avg.loss: 0.0026,	 Test Accuracy: 272/1000(27%)
Head Finetuning    :Task: 6,	 Epoch: 8/40,	 Avg.loss: 0.0025,	 Test Accuracy: 282/1000(28%)
Head Finetuning    :Task: 6,	 Epoch: 9/40,	 Avg.loss: 0.0024,	 Test Accuracy: 298/1000(30%)
Head Finetuning    :Task: 6,	 Epoch: 10/40,	 Avg.loss: 0.0023,	 Test Accuracy: 308/1000(31%)
Head Finetuning    :Task: 6,	 Epoch: 11/40,	 Avg.loss: 0.0023,	 Test Accuracy: 318/1000(32%)
Head Finetuning    :Task: 6,	 Epoch: 12/40,	 Avg.loss: 0.0022,	 Test Accuracy: 329/1000(33%)
Head Finetuning    :Task: 6,	 Epoch: 13/40,	 Avg.loss: 0.0021,	 Test Accuracy: 340/1000(34%)
Head Finetuning    :Task: 6,	 Epoch: 14/40,	 Avg.loss: 0.0021,	 Test Accuracy: 350/1000(35%)
Task: 6,	 Epoch: 0/40,	 Avg.loss: 0.0009,	 Test Accuracy: 697/1000(70%)
Task: 6,	 Epoch: 1/40,	 Avg.loss: 0.0007,	 Test Accuracy: 747/1000(75%)
Task: 6,	 Epoch: 2/40,	 Avg.loss: 0.0007,	 Test Accuracy: 763/1000(76%)
Task: 6,	 Epoch: 3/40,	 Avg.loss: 0.0006,	 Test Accuracy: 790/1000(79%)
Task: 6,	 Epoch: 4/40,	 Avg.loss: 0.0007,	 Test Accuracy: 780/1000(78%)
Task: 6,	 Epoch: 5/40,	 Avg.loss: 0.0006,	 Test Accuracy: 795/1000(80%)
Task: 6,	 Epoch: 6/40,	 Avg.loss: 0.0006,	 Test Accuracy: 798/1000(80%)
Task: 6,	 Epoch: 7/40,	 Avg.loss: 0.0006,	 Test Accuracy: 806/1000(81%)
Task: 6,	 Epoch: 8/40,	 Avg.loss: 0.0006,	 Test Accuracy: 816/1000(82%)
Task: 6,	 Epoch: 9/40,	 Avg.loss: 0.0006,	 Test Accuracy: 815/1000(82%)
Task: 6,	 Epoch: 10/40,	 Avg.loss: 0.0005,	 Test Accuracy: 827/1000(83%)
Task: 6,	 Epoch: 11/40,	 Avg.loss: 0.0006,	 Test Accuracy: 824/1000(82%)
Task: 6,	 Epoch: 12/40,	 Avg.loss: 0.0005,	 Test Accuracy: 835/1000(84%)
Task: 6,	 Epoch: 13/40,	 Avg.loss: 0.0005,	 Test Accuracy: 835/1000(84%)
Task: 6,	 Epoch: 14/40,	 Avg.loss: 0.0006,	 Test Accuracy: 834/1000(83%)
Task: 6,	 Epoch: 15/40,	 Avg.loss: 0.0006,	 Test Accuracy: 827/1000(83%)
Task: 6,	 Epoch: 16/40,	 Avg.loss: 0.0006,	 Test Accuracy: 831/1000(83%)
Task: 6,	 Epoch: 17/40,	 Avg.loss: 0.0006,	 Test Accuracy: 830/1000(83%)
Task: 6,	 Epoch: 18/40,	 Avg.loss: 0.0006,	 Test Accuracy: 847/1000(85%)
Task: 6,	 Epoch: 19/40,	 Avg.loss: 0.0006,	 Test Accuracy: 834/1000(83%)
Task: 6,	 Epoch: 20/40,	 Avg.loss: 0.0006,	 Test Accuracy: 849/1000(85%)
Task: 6,	 Epoch: 21/40,	 Avg.loss: 0.0006,	 Test Accuracy: 841/1000(84%)
Task: 6,	 Epoch: 22/40,	 Avg.loss: 0.0005,	 Test Accuracy: 848/1000(85%)
Task: 6,	 Epoch: 23/40,	 Avg.loss: 0.0005,	 Test Accuracy: 847/1000(85%)
Task: 6,	 Epoch: 24/40,	 Avg.loss: 0.0005,	 Test Accuracy: 845/1000(85%)
Task: 6,	 Epoch: 25/40,	 Avg.loss: 0.0005,	 Test Accuracy: 839/1000(84%)
Task: 6,	 Epoch: 26/40,	 Avg.loss: 0.0006,	 Test Accuracy: 844/1000(84%)
Task: 6,	 Epoch: 27/40,	 Avg.loss: 0.0006,	 Test Accuracy: 847/1000(85%)
Task: 6,	 Epoch: 28/40,	 Avg.loss: 0.0006,	 Test Accuracy: 848/1000(85%)
Task: 6,	 Epoch: 29/40,	 Avg.loss: 0.0006,	 Test Accuracy: 849/1000(85%)
Task: 6,	 Epoch: 30/40,	 Avg.loss: 0.0006,	 Test Accuracy: 844/1000(84%)
Task: 6,	 Epoch: 31/40,	 Avg.loss: 0.0006,	 Test Accuracy: 850/1000(85%)
Task: 6,	 Epoch: 32/40,	 Avg.loss: 0.0006,	 Test Accuracy: 845/1000(85%)
Task: 6,	 Epoch: 33/40,	 Avg.loss: 0.0006,	 Test Accuracy: 842/1000(84%)
Task: 6,	 Epoch: 34/40,	 Avg.loss: 0.0006,	 Test Accuracy: 844/1000(84%)
Task: 6,	 Epoch: 35/40,	 Avg.loss: 0.0006,	 Test Accuracy: 848/1000(85%)
Task: 6,	 Epoch: 36/40,	 Avg.loss: 0.0006,	 Test Accuracy: 845/1000(85%)
Task: 6,	 Epoch: 37/40,	 Avg.loss: 0.0006,	 Test Accuracy: 846/1000(85%)
Task: 6,	 Epoch: 38/40,	 Avg.loss: 0.0006,	 Test Accuracy: 846/1000(85%)
Task: 6,	 Epoch: 39/40,	 Avg.loss: 0.0006,	 Test Accuracy: 849/1000(85%)
Trained Task:6, Loaded task:0, Accuracy:33.5%
Trained Task:6, Loaded task:1, Accuracy:36.0%
Trained Task:6, Loaded task:2, Accuracy:41.4%
Trained Task:6, Loaded task:3, Accuracy:47.2%
Trained Task:6, Loaded task:4, Accuracy:54.7%
Trained Task:6, Loaded task:5, Accuracy:68.0%
Trained Task:6, Loaded task:6, Accuracy:84.9%
Trained Task:6, Avg. Accuracy: 52.2 

List of avg. accuracy: [84.7, 78.9, 71.6, 63.5, 59.9, 56.4, 52.2]
Mask histogram
conv1_layer.0.weight: 	 tensor([    0.,     0.,     0.,     0.,     0.,     0.,     0.,     0., 32768.,
            0.,     0.], device='cuda:0')
conv2_layer.0.weight: 	 tensor([   0.,    0.,    0.,    0.,    0.,    0.,    0.,    0., 8192.,    0.,
           0.], device='cuda:0')
conv3_layer.0.weight: 	 tensor([    0.,     0.,     0.,     0.,     0.,     0.,     0.,     0., 16384.,
            0.,     0.], device='cuda:0')
conv4_layer.0.weight: 	 tensor([   0.,    0.,    0.,    0.,    0.,    0.,    0.,    0., 4096.,    0.,
           0.], device='cuda:0')
fc1_layer.0.weight: 	 tensor([  0.,   0.,   0.,   0.,   0.,   0.,   0.,   0., 512.,   0.,   0.],
       device='cuda:0')
Head Finetuning    :Task: 7,	 Epoch: 0/40,	 Avg.loss: 0.0039,	 Test Accuracy: 143/1000(14%)
Head Finetuning    :Task: 7,	 Epoch: 1/40,	 Avg.loss: 0.0034,	 Test Accuracy: 177/1000(18%)
Head Finetuning    :Task: 7,	 Epoch: 2/40,	 Avg.loss: 0.0031,	 Test Accuracy: 205/1000(21%)
Head Finetuning    :Task: 7,	 Epoch: 3/40,	 Avg.loss: 0.0029,	 Test Accuracy: 221/1000(22%)
Head Finetuning    :Task: 7,	 Epoch: 4/40,	 Avg.loss: 0.0027,	 Test Accuracy: 241/1000(24%)
Head Finetuning    :Task: 7,	 Epoch: 5/40,	 Avg.loss: 0.0026,	 Test Accuracy: 264/1000(26%)
Head Finetuning    :Task: 7,	 Epoch: 6/40,	 Avg.loss: 0.0025,	 Test Accuracy: 275/1000(28%)
Head Finetuning    :Task: 7,	 Epoch: 7/40,	 Avg.loss: 0.0024,	 Test Accuracy: 286/1000(29%)
Head Finetuning    :Task: 7,	 Epoch: 8/40,	 Avg.loss: 0.0024,	 Test Accuracy: 301/1000(30%)
Head Finetuning    :Task: 7,	 Epoch: 9/40,	 Avg.loss: 0.0023,	 Test Accuracy: 314/1000(31%)
Head Finetuning    :Task: 7,	 Epoch: 10/40,	 Avg.loss: 0.0022,	 Test Accuracy: 328/1000(33%)
Head Finetuning    :Task: 7,	 Epoch: 11/40,	 Avg.loss: 0.0022,	 Test Accuracy: 340/1000(34%)
Head Finetuning    :Task: 7,	 Epoch: 12/40,	 Avg.loss: 0.0021,	 Test Accuracy: 346/1000(35%)
Head Finetuning    :Task: 7,	 Epoch: 13/40,	 Avg.loss: 0.0021,	 Test Accuracy: 359/1000(36%)
Head Finetuning    :Task: 7,	 Epoch: 14/40,	 Avg.loss: 0.0021,	 Test Accuracy: 370/1000(37%)
Task: 7,	 Epoch: 0/40,	 Avg.loss: 0.0010,	 Test Accuracy: 632/1000(63%)
Task: 7,	 Epoch: 1/40,	 Avg.loss: 0.0008,	 Test Accuracy: 699/1000(70%)
Task: 7,	 Epoch: 2/40,	 Avg.loss: 0.0008,	 Test Accuracy: 739/1000(74%)
Task: 7,	 Epoch: 3/40,	 Avg.loss: 0.0007,	 Test Accuracy: 760/1000(76%)
Task: 7,	 Epoch: 4/40,	 Avg.loss: 0.0007,	 Test Accuracy: 770/1000(77%)
Task: 7,	 Epoch: 5/40,	 Avg.loss: 0.0006,	 Test Accuracy: 777/1000(78%)
Task: 7,	 Epoch: 6/40,	 Avg.loss: 0.0006,	 Test Accuracy: 793/1000(79%)
Task: 7,	 Epoch: 7/40,	 Avg.loss: 0.0006,	 Test Accuracy: 785/1000(78%)
Task: 7,	 Epoch: 8/40,	 Avg.loss: 0.0007,	 Test Accuracy: 788/1000(79%)
Task: 7,	 Epoch: 9/40,	 Avg.loss: 0.0007,	 Test Accuracy: 783/1000(78%)
Task: 7,	 Epoch: 10/40,	 Avg.loss: 0.0006,	 Test Accuracy: 804/1000(80%)
Task: 7,	 Epoch: 11/40,	 Avg.loss: 0.0006,	 Test Accuracy: 796/1000(80%)
Task: 7,	 Epoch: 12/40,	 Avg.loss: 0.0007,	 Test Accuracy: 787/1000(79%)
Task: 7,	 Epoch: 13/40,	 Avg.loss: 0.0006,	 Test Accuracy: 798/1000(80%)
Task: 7,	 Epoch: 14/40,	 Avg.loss: 0.0006,	 Test Accuracy: 807/1000(81%)
Task: 7,	 Epoch: 15/40,	 Avg.loss: 0.0007,	 Test Accuracy: 791/1000(79%)
Task: 7,	 Epoch: 16/40,	 Avg.loss: 0.0007,	 Test Accuracy: 800/1000(80%)
Task: 7,	 Epoch: 17/40,	 Avg.loss: 0.0006,	 Test Accuracy: 795/1000(80%)
Task: 7,	 Epoch: 18/40,	 Avg.loss: 0.0007,	 Test Accuracy: 810/1000(81%)
Task: 7,	 Epoch: 19/40,	 Avg.loss: 0.0007,	 Test Accuracy: 807/1000(81%)
Task: 7,	 Epoch: 20/40,	 Avg.loss: 0.0006,	 Test Accuracy: 809/1000(81%)
Task: 7,	 Epoch: 21/40,	 Avg.loss: 0.0006,	 Test Accuracy: 810/1000(81%)
Task: 7,	 Epoch: 22/40,	 Avg.loss: 0.0006,	 Test Accuracy: 805/1000(81%)
Task: 7,	 Epoch: 23/40,	 Avg.loss: 0.0006,	 Test Accuracy: 810/1000(81%)
Task: 7,	 Epoch: 24/40,	 Avg.loss: 0.0006,	 Test Accuracy: 818/1000(82%)
Task: 7,	 Epoch: 25/40,	 Avg.loss: 0.0006,	 Test Accuracy: 819/1000(82%)
Task: 7,	 Epoch: 26/40,	 Avg.loss: 0.0006,	 Test Accuracy: 811/1000(81%)
Task: 7,	 Epoch: 27/40,	 Avg.loss: 0.0006,	 Test Accuracy: 813/1000(81%)
Task: 7,	 Epoch: 28/40,	 Avg.loss: 0.0006,	 Test Accuracy: 812/1000(81%)
Task: 7,	 Epoch: 29/40,	 Avg.loss: 0.0006,	 Test Accuracy: 816/1000(82%)
Task: 7,	 Epoch: 30/40,	 Avg.loss: 0.0006,	 Test Accuracy: 813/1000(81%)
Task: 7,	 Epoch: 31/40,	 Avg.loss: 0.0006,	 Test Accuracy: 815/1000(82%)
Task: 7,	 Epoch: 32/40,	 Avg.loss: 0.0006,	 Test Accuracy: 818/1000(82%)
Task: 7,	 Epoch: 33/40,	 Avg.loss: 0.0006,	 Test Accuracy: 816/1000(82%)
Task: 7,	 Epoch: 34/40,	 Avg.loss: 0.0006,	 Test Accuracy: 815/1000(82%)
Task: 7,	 Epoch: 35/40,	 Avg.loss: 0.0006,	 Test Accuracy: 813/1000(81%)
Task: 7,	 Epoch: 36/40,	 Avg.loss: 0.0006,	 Test Accuracy: 813/1000(81%)
Task: 7,	 Epoch: 37/40,	 Avg.loss: 0.0007,	 Test Accuracy: 818/1000(82%)
Task: 7,	 Epoch: 38/40,	 Avg.loss: 0.0007,	 Test Accuracy: 818/1000(82%)
Task: 7,	 Epoch: 39/40,	 Avg.loss: 0.0007,	 Test Accuracy: 816/1000(82%)
Trained Task:7, Loaded task:0, Accuracy:31.3%
Trained Task:7, Loaded task:1, Accuracy:34.2%
Trained Task:7, Loaded task:2, Accuracy:29.3%
Trained Task:7, Loaded task:3, Accuracy:36.2%
Trained Task:7, Loaded task:4, Accuracy:39.7%
Trained Task:7, Loaded task:5, Accuracy:57.5%
Trained Task:7, Loaded task:6, Accuracy:69.6%
Trained Task:7, Loaded task:7, Accuracy:81.6%
Trained Task:7, Avg. Accuracy: 47.4 

List of avg. accuracy: [84.7, 78.9, 71.6, 63.5, 59.9, 56.4, 52.2, 47.4]
Mask histogram
conv1_layer.0.weight: 	 tensor([    0.,     0.,     0.,     0.,     0.,     0.,     0.,     0.,     0.,
        32768.,     0.], device='cuda:0')
conv2_layer.0.weight: 	 tensor([   0.,    0.,    0.,    0.,    0.,    0.,    0.,    0.,    0., 8192.,
           0.], device='cuda:0')
conv3_layer.0.weight: 	 tensor([    0.,     0.,     0.,     0.,     0.,     0.,     0.,     0.,     0.,
        16384.,     0.], device='cuda:0')
conv4_layer.0.weight: 	 tensor([   0.,    0.,    0.,    0.,    0.,    0.,    0.,    0.,    0., 4096.,
           0.], device='cuda:0')
fc1_layer.0.weight: 	 tensor([  0.,   0.,   0.,   0.,   0.,   0.,   0.,   0.,   0., 512.,   0.],
       device='cuda:0')
Head Finetuning    :Task: 8,	 Epoch: 0/40,	 Avg.loss: 0.0045,	 Test Accuracy: 102/1000(10%)
Head Finetuning    :Task: 8,	 Epoch: 1/40,	 Avg.loss: 0.0041,	 Test Accuracy: 115/1000(12%)
Head Finetuning    :Task: 8,	 Epoch: 2/40,	 Avg.loss: 0.0038,	 Test Accuracy: 138/1000(14%)
Head Finetuning    :Task: 8,	 Epoch: 3/40,	 Avg.loss: 0.0036,	 Test Accuracy: 160/1000(16%)
Head Finetuning    :Task: 8,	 Epoch: 4/40,	 Avg.loss: 0.0034,	 Test Accuracy: 177/1000(18%)
Head Finetuning    :Task: 8,	 Epoch: 5/40,	 Avg.loss: 0.0033,	 Test Accuracy: 191/1000(19%)
Head Finetuning    :Task: 8,	 Epoch: 6/40,	 Avg.loss: 0.0032,	 Test Accuracy: 200/1000(20%)
Head Finetuning    :Task: 8,	 Epoch: 7/40,	 Avg.loss: 0.0031,	 Test Accuracy: 215/1000(22%)
Head Finetuning    :Task: 8,	 Epoch: 8/40,	 Avg.loss: 0.0030,	 Test Accuracy: 222/1000(22%)
Head Finetuning    :Task: 8,	 Epoch: 9/40,	 Avg.loss: 0.0029,	 Test Accuracy: 230/1000(23%)
Head Finetuning    :Task: 8,	 Epoch: 10/40,	 Avg.loss: 0.0028,	 Test Accuracy: 239/1000(24%)
Head Finetuning    :Task: 8,	 Epoch: 11/40,	 Avg.loss: 0.0028,	 Test Accuracy: 246/1000(25%)
Head Finetuning    :Task: 8,	 Epoch: 12/40,	 Avg.loss: 0.0027,	 Test Accuracy: 255/1000(26%)
Head Finetuning    :Task: 8,	 Epoch: 13/40,	 Avg.loss: 0.0026,	 Test Accuracy: 259/1000(26%)
Head Finetuning    :Task: 8,	 Epoch: 14/40,	 Avg.loss: 0.0026,	 Test Accuracy: 269/1000(27%)
Task: 8,	 Epoch: 0/40,	 Avg.loss: 0.0010,	 Test Accuracy: 627/1000(63%)
Task: 8,	 Epoch: 1/40,	 Avg.loss: 0.0008,	 Test Accuracy: 725/1000(72%)
Task: 8,	 Epoch: 2/40,	 Avg.loss: 0.0007,	 Test Accuracy: 760/1000(76%)
Task: 8,	 Epoch: 3/40,	 Avg.loss: 0.0006,	 Test Accuracy: 793/1000(79%)
Task: 8,	 Epoch: 4/40,	 Avg.loss: 0.0006,	 Test Accuracy: 804/1000(80%)
Task: 8,	 Epoch: 5/40,	 Avg.loss: 0.0006,	 Test Accuracy: 789/1000(79%)
Task: 8,	 Epoch: 6/40,	 Avg.loss: 0.0006,	 Test Accuracy: 802/1000(80%)
Task: 8,	 Epoch: 7/40,	 Avg.loss: 0.0006,	 Test Accuracy: 828/1000(83%)
Task: 8,	 Epoch: 8/40,	 Avg.loss: 0.0005,	 Test Accuracy: 830/1000(83%)
Task: 8,	 Epoch: 9/40,	 Avg.loss: 0.0006,	 Test Accuracy: 817/1000(82%)
Task: 8,	 Epoch: 10/40,	 Avg.loss: 0.0005,	 Test Accuracy: 842/1000(84%)
Task: 8,	 Epoch: 11/40,	 Avg.loss: 0.0006,	 Test Accuracy: 817/1000(82%)
Task: 8,	 Epoch: 12/40,	 Avg.loss: 0.0005,	 Test Accuracy: 850/1000(85%)
Task: 8,	 Epoch: 13/40,	 Avg.loss: 0.0006,	 Test Accuracy: 824/1000(82%)
Task: 8,	 Epoch: 14/40,	 Avg.loss: 0.0006,	 Test Accuracy: 830/1000(83%)
Task: 8,	 Epoch: 15/40,	 Avg.loss: 0.0006,	 Test Accuracy: 844/1000(84%)
Task: 8,	 Epoch: 16/40,	 Avg.loss: 0.0006,	 Test Accuracy: 841/1000(84%)
Task: 8,	 Epoch: 17/40,	 Avg.loss: 0.0006,	 Test Accuracy: 831/1000(83%)
Task: 8,	 Epoch: 18/40,	 Avg.loss: 0.0006,	 Test Accuracy: 849/1000(85%)
Task: 8,	 Epoch: 19/40,	 Avg.loss: 0.0006,	 Test Accuracy: 838/1000(84%)
Task: 8,	 Epoch: 20/40,	 Avg.loss: 0.0006,	 Test Accuracy: 845/1000(85%)
Task: 8,	 Epoch: 21/40,	 Avg.loss: 0.0006,	 Test Accuracy: 846/1000(85%)
Task: 8,	 Epoch: 22/40,	 Avg.loss: 0.0006,	 Test Accuracy: 845/1000(85%)
Task: 8,	 Epoch: 23/40,	 Avg.loss: 0.0006,	 Test Accuracy: 848/1000(85%)
Task: 8,	 Epoch: 24/40,	 Avg.loss: 0.0006,	 Test Accuracy: 858/1000(86%)
Task: 8,	 Epoch: 25/40,	 Avg.loss: 0.0006,	 Test Accuracy: 854/1000(85%)
Task: 8,	 Epoch: 26/40,	 Avg.loss: 0.0006,	 Test Accuracy: 855/1000(86%)
Task: 8,	 Epoch: 27/40,	 Avg.loss: 0.0006,	 Test Accuracy: 859/1000(86%)
Task: 8,	 Epoch: 28/40,	 Avg.loss: 0.0006,	 Test Accuracy: 859/1000(86%)
Task: 8,	 Epoch: 29/40,	 Avg.loss: 0.0006,	 Test Accuracy: 859/1000(86%)
Task: 8,	 Epoch: 30/40,	 Avg.loss: 0.0006,	 Test Accuracy: 855/1000(86%)
Task: 8,	 Epoch: 31/40,	 Avg.loss: 0.0006,	 Test Accuracy: 860/1000(86%)
Task: 8,	 Epoch: 32/40,	 Avg.loss: 0.0006,	 Test Accuracy: 855/1000(86%)
Task: 8,	 Epoch: 33/40,	 Avg.loss: 0.0006,	 Test Accuracy: 864/1000(86%)
Task: 8,	 Epoch: 34/40,	 Avg.loss: 0.0006,	 Test Accuracy: 861/1000(86%)
Task: 8,	 Epoch: 35/40,	 Avg.loss: 0.0006,	 Test Accuracy: 862/1000(86%)
Task: 8,	 Epoch: 36/40,	 Avg.loss: 0.0006,	 Test Accuracy: 865/1000(87%)
Task: 8,	 Epoch: 37/40,	 Avg.loss: 0.0006,	 Test Accuracy: 860/1000(86%)
Task: 8,	 Epoch: 38/40,	 Avg.loss: 0.0006,	 Test Accuracy: 858/1000(86%)
Task: 8,	 Epoch: 39/40,	 Avg.loss: 0.0006,	 Test Accuracy: 860/1000(86%)
Trained Task:8, Loaded task:0, Accuracy:31.0%
Trained Task:8, Loaded task:1, Accuracy:40.7%
Trained Task:8, Loaded task:2, Accuracy:33.6%
Trained Task:8, Loaded task:3, Accuracy:33.8%
Trained Task:8, Loaded task:4, Accuracy:43.3%
Trained Task:8, Loaded task:5, Accuracy:54.1%
Trained Task:8, Loaded task:6, Accuracy:62.6%
Trained Task:8, Loaded task:7, Accuracy:62.3%
Trained Task:8, Loaded task:8, Accuracy:86.0%
Trained Task:8, Avg. Accuracy: 49.7 

List of avg. accuracy: [84.7, 78.9, 71.6, 63.5, 59.9, 56.4, 52.2, 47.4, 49.7]
Mask histogram
conv1_layer.0.weight: 	 tensor([    0.,     0.,     0.,     0.,     0.,     0.,     0.,     0.,     0.,
            0., 32768.], device='cuda:0')
conv2_layer.0.weight: 	 tensor([   0.,    0.,    0.,    0.,    0.,    0.,    0.,    0.,    0.,    0.,
        8192.], device='cuda:0')
conv3_layer.0.weight: 	 tensor([    0.,     0.,     0.,     0.,     0.,     0.,     0.,     0.,     0.,
            0., 16384.], device='cuda:0')
conv4_layer.0.weight: 	 tensor([   0.,    0.,    0.,    0.,    0.,    0.,    0.,    0.,    0.,    0.,
        4096.], device='cuda:0')
fc1_layer.0.weight: 	 tensor([  0.,   0.,   0.,   0.,   0.,   0.,   0.,   0.,   0.,   0., 512.],
       device='cuda:0')
Head Finetuning    :Task: 9,	 Epoch: 0/40,	 Avg.loss: 0.0043,	 Test Accuracy: 90/1000(9%)
Head Finetuning    :Task: 9,	 Epoch: 1/40,	 Avg.loss: 0.0038,	 Test Accuracy: 108/1000(11%)
Head Finetuning    :Task: 9,	 Epoch: 2/40,	 Avg.loss: 0.0034,	 Test Accuracy: 140/1000(14%)
Head Finetuning    :Task: 9,	 Epoch: 3/40,	 Avg.loss: 0.0032,	 Test Accuracy: 165/1000(16%)
Head Finetuning    :Task: 9,	 Epoch: 4/40,	 Avg.loss: 0.0030,	 Test Accuracy: 182/1000(18%)
Head Finetuning    :Task: 9,	 Epoch: 5/40,	 Avg.loss: 0.0028,	 Test Accuracy: 213/1000(21%)
Head Finetuning    :Task: 9,	 Epoch: 6/40,	 Avg.loss: 0.0027,	 Test Accuracy: 240/1000(24%)
Head Finetuning    :Task: 9,	 Epoch: 7/40,	 Avg.loss: 0.0026,	 Test Accuracy: 265/1000(27%)
Head Finetuning    :Task: 9,	 Epoch: 8/40,	 Avg.loss: 0.0025,	 Test Accuracy: 285/1000(29%)
Head Finetuning    :Task: 9,	 Epoch: 9/40,	 Avg.loss: 0.0024,	 Test Accuracy: 305/1000(31%)
Head Finetuning    :Task: 9,	 Epoch: 10/40,	 Avg.loss: 0.0023,	 Test Accuracy: 316/1000(32%)
Head Finetuning    :Task: 9,	 Epoch: 11/40,	 Avg.loss: 0.0022,	 Test Accuracy: 325/1000(32%)
Head Finetuning    :Task: 9,	 Epoch: 12/40,	 Avg.loss: 0.0021,	 Test Accuracy: 335/1000(34%)
Head Finetuning    :Task: 9,	 Epoch: 13/40,	 Avg.loss: 0.0021,	 Test Accuracy: 345/1000(34%)
Head Finetuning    :Task: 9,	 Epoch: 14/40,	 Avg.loss: 0.0020,	 Test Accuracy: 366/1000(37%)
Task: 9,	 Epoch: 0/40,	 Avg.loss: 0.0008,	 Test Accuracy: 717/1000(72%)
Task: 9,	 Epoch: 1/40,	 Avg.loss: 0.0007,	 Test Accuracy: 776/1000(78%)
Task: 9,	 Epoch: 2/40,	 Avg.loss: 0.0006,	 Test Accuracy: 809/1000(81%)
Task: 9,	 Epoch: 3/40,	 Avg.loss: 0.0005,	 Test Accuracy: 831/1000(83%)
Task: 9,	 Epoch: 4/40,	 Avg.loss: 0.0005,	 Test Accuracy: 830/1000(83%)
Task: 9,	 Epoch: 5/40,	 Avg.loss: 0.0005,	 Test Accuracy: 849/1000(85%)
Task: 9,	 Epoch: 6/40,	 Avg.loss: 0.0005,	 Test Accuracy: 848/1000(85%)
Task: 9,	 Epoch: 7/40,	 Avg.loss: 0.0005,	 Test Accuracy: 841/1000(84%)
Task: 9,	 Epoch: 8/40,	 Avg.loss: 0.0005,	 Test Accuracy: 860/1000(86%)
Task: 9,	 Epoch: 9/40,	 Avg.loss: 0.0004,	 Test Accuracy: 861/1000(86%)
Task: 9,	 Epoch: 10/40,	 Avg.loss: 0.0004,	 Test Accuracy: 860/1000(86%)
Task: 9,	 Epoch: 11/40,	 Avg.loss: 0.0005,	 Test Accuracy: 858/1000(86%)
Task: 9,	 Epoch: 12/40,	 Avg.loss: 0.0005,	 Test Accuracy: 869/1000(87%)
Task: 9,	 Epoch: 13/40,	 Avg.loss: 0.0004,	 Test Accuracy: 867/1000(87%)
Task: 9,	 Epoch: 14/40,	 Avg.loss: 0.0005,	 Test Accuracy: 867/1000(87%)
Task: 9,	 Epoch: 15/40,	 Avg.loss: 0.0004,	 Test Accuracy: 874/1000(87%)
Task: 9,	 Epoch: 16/40,	 Avg.loss: 0.0005,	 Test Accuracy: 885/1000(89%)
Task: 9,	 Epoch: 17/40,	 Avg.loss: 0.0005,	 Test Accuracy: 875/1000(88%)
Task: 9,	 Epoch: 18/40,	 Avg.loss: 0.0005,	 Test Accuracy: 880/1000(88%)
Task: 9,	 Epoch: 19/40,	 Avg.loss: 0.0005,	 Test Accuracy: 881/1000(88%)
Task: 9,	 Epoch: 20/40,	 Avg.loss: 0.0004,	 Test Accuracy: 881/1000(88%)
Task: 9,	 Epoch: 21/40,	 Avg.loss: 0.0004,	 Test Accuracy: 887/1000(89%)
Task: 9,	 Epoch: 22/40,	 Avg.loss: 0.0004,	 Test Accuracy: 890/1000(89%)
Task: 9,	 Epoch: 23/40,	 Avg.loss: 0.0004,	 Test Accuracy: 888/1000(89%)
Task: 9,	 Epoch: 24/40,	 Avg.loss: 0.0004,	 Test Accuracy: 885/1000(89%)
Task: 9,	 Epoch: 25/40,	 Avg.loss: 0.0004,	 Test Accuracy: 893/1000(89%)
Task: 9,	 Epoch: 26/40,	 Avg.loss: 0.0004,	 Test Accuracy: 889/1000(89%)
Task: 9,	 Epoch: 27/40,	 Avg.loss: 0.0004,	 Test Accuracy: 884/1000(88%)
Task: 9,	 Epoch: 28/40,	 Avg.loss: 0.0004,	 Test Accuracy: 889/1000(89%)
Task: 9,	 Epoch: 29/40,	 Avg.loss: 0.0004,	 Test Accuracy: 886/1000(89%)
Task: 9,	 Epoch: 30/40,	 Avg.loss: 0.0004,	 Test Accuracy: 891/1000(89%)
Task: 9,	 Epoch: 31/40,	 Avg.loss: 0.0005,	 Test Accuracy: 887/1000(89%)
Task: 9,	 Epoch: 32/40,	 Avg.loss: 0.0005,	 Test Accuracy: 886/1000(89%)
Task: 9,	 Epoch: 33/40,	 Avg.loss: 0.0005,	 Test Accuracy: 887/1000(89%)
Task: 9,	 Epoch: 34/40,	 Avg.loss: 0.0005,	 Test Accuracy: 881/1000(88%)
Task: 9,	 Epoch: 35/40,	 Avg.loss: 0.0005,	 Test Accuracy: 879/1000(88%)
Task: 9,	 Epoch: 36/40,	 Avg.loss: 0.0005,	 Test Accuracy: 889/1000(89%)
Task: 9,	 Epoch: 37/40,	 Avg.loss: 0.0005,	 Test Accuracy: 887/1000(89%)
Task: 9,	 Epoch: 38/40,	 Avg.loss: 0.0005,	 Test Accuracy: 886/1000(89%)
Task: 9,	 Epoch: 39/40,	 Avg.loss: 0.0005,	 Test Accuracy: 885/1000(89%)
Trained Task:9, Loaded task:0, Accuracy:31.6%
Trained Task:9, Loaded task:1, Accuracy:32.7%
Trained Task:9, Loaded task:2, Accuracy:34.9%
Trained Task:9, Loaded task:3, Accuracy:31.6%
Trained Task:9, Loaded task:4, Accuracy:38.3%
Trained Task:9, Loaded task:5, Accuracy:46.0%
Trained Task:9, Loaded task:6, Accuracy:59.8%
Trained Task:9, Loaded task:7, Accuracy:48.4%
Trained Task:9, Loaded task:8, Accuracy:67.0%
Trained Task:9, Loaded task:9, Accuracy:88.5%
Trained Task:9, Avg. Accuracy: 47.9 

List of avg. accuracy: [84.7, 78.9, 71.6, 63.5, 59.9, 56.4, 52.2, 47.4, 49.7, 47.9]
PATH:     /home/sanghyun/Documents/CL/ISG/results/04-01-2021-00:15/
ANN
ANN
ANN
ANN
ANN
ANN
