Mask histogram
conv1_layer.0.weight: 	 tensor([    0., 32768.,     0.,     0.,     0.,     0.,     0.,     0.,     0.,
            0.,     0.], device='cuda:0')
conv2_layer.0.weight: 	 tensor([   0., 8192.,    0.,    0.,    0.,    0.,    0.,    0.,    0.,    0.,
           0.], device='cuda:0')
conv3_layer.0.weight: 	 tensor([    0., 16384.,     0.,     0.,     0.,     0.,     0.,     0.,     0.,
            0.,     0.], device='cuda:0')
conv4_layer.0.weight: 	 tensor([3271.,  825.,    0.,    0.,    0.,    0.,    0.,    0.,    0.,    0.,
           0.], device='cuda:0')
fc1_layer.0.weight: 	 tensor([425.,  87.,   0.,   0.,   0.,   0.,   0.,   0.,   0.,   0.,   0.],
       device='cuda:0')
Head Finetuning    :Task: 0,	 Epoch: 0/40,	 Avg.loss: 0.0022,	 Test Accuracy: 258/1000(26%)
Head Finetuning    :Task: 0,	 Epoch: 1/40,	 Avg.loss: 0.0021,	 Test Accuracy: 317/1000(32%)
Head Finetuning    :Task: 0,	 Epoch: 2/40,	 Avg.loss: 0.0021,	 Test Accuracy: 335/1000(34%)
Head Finetuning    :Task: 0,	 Epoch: 3/40,	 Avg.loss: 0.0020,	 Test Accuracy: 359/1000(36%)
Head Finetuning    :Task: 0,	 Epoch: 4/40,	 Avg.loss: 0.0019,	 Test Accuracy: 370/1000(37%)
Head Finetuning    :Task: 0,	 Epoch: 5/40,	 Avg.loss: 0.0019,	 Test Accuracy: 379/1000(38%)
Head Finetuning    :Task: 0,	 Epoch: 6/40,	 Avg.loss: 0.0019,	 Test Accuracy: 371/1000(37%)
Head Finetuning    :Task: 0,	 Epoch: 7/40,	 Avg.loss: 0.0018,	 Test Accuracy: 381/1000(38%)
Head Finetuning    :Task: 0,	 Epoch: 8/40,	 Avg.loss: 0.0018,	 Test Accuracy: 384/1000(38%)
Head Finetuning    :Task: 0,	 Epoch: 9/40,	 Avg.loss: 0.0018,	 Test Accuracy: 389/1000(39%)
Head Finetuning    :Task: 0,	 Epoch: 10/40,	 Avg.loss: 0.0018,	 Test Accuracy: 401/1000(40%)
Head Finetuning    :Task: 0,	 Epoch: 11/40,	 Avg.loss: 0.0018,	 Test Accuracy: 403/1000(40%)
Head Finetuning    :Task: 0,	 Epoch: 12/40,	 Avg.loss: 0.0017,	 Test Accuracy: 410/1000(41%)
Head Finetuning    :Task: 0,	 Epoch: 13/40,	 Avg.loss: 0.0017,	 Test Accuracy: 414/1000(41%)
Head Finetuning    :Task: 0,	 Epoch: 14/40,	 Avg.loss: 0.0017,	 Test Accuracy: 408/1000(41%)
Task: 0,	 Epoch: 0/40,	 Avg.loss: 0.0012,	 Test Accuracy: 588/1000(59%)
Task: 0,	 Epoch: 1/40,	 Avg.loss: 0.0009,	 Test Accuracy: 673/1000(67%)
Task: 0,	 Epoch: 2/40,	 Avg.loss: 0.0008,	 Test Accuracy: 741/1000(74%)
Task: 0,	 Epoch: 3/40,	 Avg.loss: 0.0008,	 Test Accuracy: 723/1000(72%)
Task: 0,	 Epoch: 4/40,	 Avg.loss: 0.0007,	 Test Accuracy: 764/1000(76%)
Task: 0,	 Epoch: 5/40,	 Avg.loss: 0.0007,	 Test Accuracy: 745/1000(74%)
Task: 0,	 Epoch: 6/40,	 Avg.loss: 0.0006,	 Test Accuracy: 780/1000(78%)
Task: 0,	 Epoch: 7/40,	 Avg.loss: 0.0007,	 Test Accuracy: 780/1000(78%)
Task: 0,	 Epoch: 8/40,	 Avg.loss: 0.0006,	 Test Accuracy: 782/1000(78%)
Task: 0,	 Epoch: 9/40,	 Avg.loss: 0.0006,	 Test Accuracy: 789/1000(79%)
Task: 0,	 Epoch: 10/40,	 Avg.loss: 0.0006,	 Test Accuracy: 783/1000(78%)
Task: 0,	 Epoch: 11/40,	 Avg.loss: 0.0006,	 Test Accuracy: 793/1000(79%)
Task: 0,	 Epoch: 12/40,	 Avg.loss: 0.0006,	 Test Accuracy: 799/1000(80%)
Task: 0,	 Epoch: 13/40,	 Avg.loss: 0.0005,	 Test Accuracy: 809/1000(81%)
Task: 0,	 Epoch: 14/40,	 Avg.loss: 0.0006,	 Test Accuracy: 809/1000(81%)
Task: 0,	 Epoch: 15/40,	 Avg.loss: 0.0005,	 Test Accuracy: 817/1000(82%)
Task: 0,	 Epoch: 16/40,	 Avg.loss: 0.0006,	 Test Accuracy: 817/1000(82%)
Task: 0,	 Epoch: 17/40,	 Avg.loss: 0.0006,	 Test Accuracy: 802/1000(80%)
Task: 0,	 Epoch: 18/40,	 Avg.loss: 0.0006,	 Test Accuracy: 807/1000(81%)
Task: 0,	 Epoch: 19/40,	 Avg.loss: 0.0005,	 Test Accuracy: 819/1000(82%)
Task: 0,	 Epoch: 20/40,	 Avg.loss: 0.0005,	 Test Accuracy: 825/1000(83%)
Task: 0,	 Epoch: 21/40,	 Avg.loss: 0.0005,	 Test Accuracy: 830/1000(83%)
Task: 0,	 Epoch: 22/40,	 Avg.loss: 0.0005,	 Test Accuracy: 824/1000(82%)
Task: 0,	 Epoch: 23/40,	 Avg.loss: 0.0005,	 Test Accuracy: 827/1000(83%)
Task: 0,	 Epoch: 24/40,	 Avg.loss: 0.0005,	 Test Accuracy: 821/1000(82%)
Task: 0,	 Epoch: 25/40,	 Avg.loss: 0.0005,	 Test Accuracy: 827/1000(83%)
Task: 0,	 Epoch: 26/40,	 Avg.loss: 0.0005,	 Test Accuracy: 830/1000(83%)
Task: 0,	 Epoch: 27/40,	 Avg.loss: 0.0005,	 Test Accuracy: 826/1000(83%)
Task: 0,	 Epoch: 28/40,	 Avg.loss: 0.0005,	 Test Accuracy: 825/1000(83%)
Task: 0,	 Epoch: 29/40,	 Avg.loss: 0.0005,	 Test Accuracy: 827/1000(83%)
Task: 0,	 Epoch: 30/40,	 Avg.loss: 0.0005,	 Test Accuracy: 822/1000(82%)
Task: 0,	 Epoch: 31/40,	 Avg.loss: 0.0005,	 Test Accuracy: 828/1000(83%)
Task: 0,	 Epoch: 32/40,	 Avg.loss: 0.0005,	 Test Accuracy: 824/1000(82%)
Task: 0,	 Epoch: 33/40,	 Avg.loss: 0.0005,	 Test Accuracy: 826/1000(83%)
Task: 0,	 Epoch: 34/40,	 Avg.loss: 0.0005,	 Test Accuracy: 827/1000(83%)
Task: 0,	 Epoch: 35/40,	 Avg.loss: 0.0005,	 Test Accuracy: 826/1000(83%)
Task: 0,	 Epoch: 36/40,	 Avg.loss: 0.0005,	 Test Accuracy: 828/1000(83%)
Task: 0,	 Epoch: 37/40,	 Avg.loss: 0.0005,	 Test Accuracy: 826/1000(83%)
Task: 0,	 Epoch: 38/40,	 Avg.loss: 0.0005,	 Test Accuracy: 829/1000(83%)
Task: 0,	 Epoch: 39/40,	 Avg.loss: 0.0005,	 Test Accuracy: 827/1000(83%)
Trained Task:0, Loaded task:0, Accuracy:82.7%
Trained Task:0, Avg. Accuracy: 82.7 

List of avg. accuracy: [82.7]
Mask histogram
conv1_layer.0.weight: 	 tensor([    0.,     0., 32768.,     0.,     0.,     0.,     0.,     0.,     0.,
            0.,     0.], device='cuda:0')
conv2_layer.0.weight: 	 tensor([   0.,    0., 8192.,    0.,    0.,    0.,    0.,    0.,    0.,    0.,
           0.], device='cuda:0')
conv3_layer.0.weight: 	 tensor([    0.,     0., 16384.,     0.,     0.,     0.,     0.,     0.,     0.,
            0.,     0.], device='cuda:0')
conv4_layer.0.weight: 	 tensor([2608., 1330.,  158.,    0.,    0.,    0.,    0.,    0.,    0.,    0.,
           0.], device='cuda:0')
fc1_layer.0.weight: 	 tensor([335., 164.,  13.,   0.,   0.,   0.,   0.,   0.,   0.,   0.,   0.],
       device='cuda:0')
Head Finetuning    :Task: 1,	 Epoch: 0/40,	 Avg.loss: 0.0023,	 Test Accuracy: 118/1000(12%)
Head Finetuning    :Task: 1,	 Epoch: 1/40,	 Avg.loss: 0.0023,	 Test Accuracy: 130/1000(13%)
Head Finetuning    :Task: 1,	 Epoch: 2/40,	 Avg.loss: 0.0023,	 Test Accuracy: 144/1000(14%)
Head Finetuning    :Task: 1,	 Epoch: 3/40,	 Avg.loss: 0.0023,	 Test Accuracy: 147/1000(15%)
Head Finetuning    :Task: 1,	 Epoch: 4/40,	 Avg.loss: 0.0023,	 Test Accuracy: 152/1000(15%)
Head Finetuning    :Task: 1,	 Epoch: 5/40,	 Avg.loss: 0.0023,	 Test Accuracy: 155/1000(16%)
Head Finetuning    :Task: 1,	 Epoch: 6/40,	 Avg.loss: 0.0023,	 Test Accuracy: 157/1000(16%)
Head Finetuning    :Task: 1,	 Epoch: 7/40,	 Avg.loss: 0.0023,	 Test Accuracy: 160/1000(16%)
Head Finetuning    :Task: 1,	 Epoch: 8/40,	 Avg.loss: 0.0023,	 Test Accuracy: 165/1000(16%)
Head Finetuning    :Task: 1,	 Epoch: 9/40,	 Avg.loss: 0.0023,	 Test Accuracy: 169/1000(17%)
Head Finetuning    :Task: 1,	 Epoch: 10/40,	 Avg.loss: 0.0023,	 Test Accuracy: 171/1000(17%)
Head Finetuning    :Task: 1,	 Epoch: 11/40,	 Avg.loss: 0.0023,	 Test Accuracy: 175/1000(18%)
Head Finetuning    :Task: 1,	 Epoch: 12/40,	 Avg.loss: 0.0023,	 Test Accuracy: 173/1000(17%)
Head Finetuning    :Task: 1,	 Epoch: 13/40,	 Avg.loss: 0.0023,	 Test Accuracy: 177/1000(18%)
Head Finetuning    :Task: 1,	 Epoch: 14/40,	 Avg.loss: 0.0022,	 Test Accuracy: 179/1000(18%)
Task: 1,	 Epoch: 0/40,	 Avg.loss: 0.0012,	 Test Accuracy: 613/1000(61%)
Task: 1,	 Epoch: 1/40,	 Avg.loss: 0.0010,	 Test Accuracy: 624/1000(62%)
Task: 1,	 Epoch: 2/40,	 Avg.loss: 0.0010,	 Test Accuracy: 643/1000(64%)
Task: 1,	 Epoch: 3/40,	 Avg.loss: 0.0009,	 Test Accuracy: 680/1000(68%)
Task: 1,	 Epoch: 4/40,	 Avg.loss: 0.0009,	 Test Accuracy: 691/1000(69%)
Task: 1,	 Epoch: 5/40,	 Avg.loss: 0.0009,	 Test Accuracy: 681/1000(68%)
Task: 1,	 Epoch: 6/40,	 Avg.loss: 0.0009,	 Test Accuracy: 706/1000(71%)
Task: 1,	 Epoch: 7/40,	 Avg.loss: 0.0009,	 Test Accuracy: 697/1000(70%)
Task: 1,	 Epoch: 8/40,	 Avg.loss: 0.0008,	 Test Accuracy: 717/1000(72%)
Task: 1,	 Epoch: 9/40,	 Avg.loss: 0.0009,	 Test Accuracy: 691/1000(69%)
Task: 1,	 Epoch: 10/40,	 Avg.loss: 0.0008,	 Test Accuracy: 714/1000(71%)
Task: 1,	 Epoch: 11/40,	 Avg.loss: 0.0008,	 Test Accuracy: 702/1000(70%)
Task: 1,	 Epoch: 12/40,	 Avg.loss: 0.0008,	 Test Accuracy: 720/1000(72%)
Task: 1,	 Epoch: 13/40,	 Avg.loss: 0.0009,	 Test Accuracy: 683/1000(68%)
Task: 1,	 Epoch: 14/40,	 Avg.loss: 0.0009,	 Test Accuracy: 701/1000(70%)
Task: 1,	 Epoch: 15/40,	 Avg.loss: 0.0008,	 Test Accuracy: 709/1000(71%)
Task: 1,	 Epoch: 16/40,	 Avg.loss: 0.0008,	 Test Accuracy: 728/1000(73%)
Task: 1,	 Epoch: 17/40,	 Avg.loss: 0.0008,	 Test Accuracy: 714/1000(71%)
Task: 1,	 Epoch: 18/40,	 Avg.loss: 0.0008,	 Test Accuracy: 730/1000(73%)
Task: 1,	 Epoch: 19/40,	 Avg.loss: 0.0008,	 Test Accuracy: 716/1000(72%)
Task: 1,	 Epoch: 20/40,	 Avg.loss: 0.0008,	 Test Accuracy: 719/1000(72%)
Task: 1,	 Epoch: 21/40,	 Avg.loss: 0.0008,	 Test Accuracy: 721/1000(72%)
Task: 1,	 Epoch: 22/40,	 Avg.loss: 0.0008,	 Test Accuracy: 717/1000(72%)
Task: 1,	 Epoch: 23/40,	 Avg.loss: 0.0008,	 Test Accuracy: 725/1000(72%)
Task: 1,	 Epoch: 24/40,	 Avg.loss: 0.0008,	 Test Accuracy: 728/1000(73%)
Task: 1,	 Epoch: 25/40,	 Avg.loss: 0.0008,	 Test Accuracy: 724/1000(72%)
Task: 1,	 Epoch: 26/40,	 Avg.loss: 0.0008,	 Test Accuracy: 729/1000(73%)
Task: 1,	 Epoch: 27/40,	 Avg.loss: 0.0008,	 Test Accuracy: 725/1000(72%)
Task: 1,	 Epoch: 28/40,	 Avg.loss: 0.0008,	 Test Accuracy: 725/1000(72%)
Task: 1,	 Epoch: 29/40,	 Avg.loss: 0.0008,	 Test Accuracy: 730/1000(73%)
Task: 1,	 Epoch: 30/40,	 Avg.loss: 0.0008,	 Test Accuracy: 722/1000(72%)
Task: 1,	 Epoch: 31/40,	 Avg.loss: 0.0008,	 Test Accuracy: 736/1000(74%)
Task: 1,	 Epoch: 32/40,	 Avg.loss: 0.0008,	 Test Accuracy: 733/1000(73%)
Task: 1,	 Epoch: 33/40,	 Avg.loss: 0.0008,	 Test Accuracy: 731/1000(73%)
Task: 1,	 Epoch: 34/40,	 Avg.loss: 0.0008,	 Test Accuracy: 729/1000(73%)
Task: 1,	 Epoch: 35/40,	 Avg.loss: 0.0008,	 Test Accuracy: 728/1000(73%)
Task: 1,	 Epoch: 36/40,	 Avg.loss: 0.0008,	 Test Accuracy: 735/1000(74%)
Task: 1,	 Epoch: 37/40,	 Avg.loss: 0.0008,	 Test Accuracy: 733/1000(73%)
Task: 1,	 Epoch: 38/40,	 Avg.loss: 0.0008,	 Test Accuracy: 737/1000(74%)
Task: 1,	 Epoch: 39/40,	 Avg.loss: 0.0008,	 Test Accuracy: 736/1000(74%)
Trained Task:1, Loaded task:0, Accuracy:81.7%
Trained Task:1, Loaded task:1, Accuracy:73.6%
Trained Task:1, Avg. Accuracy: 77.7 

List of avg. accuracy: [82.7, 77.7]
Mask histogram
conv1_layer.0.weight: 	 tensor([    0.,     0.,     0., 32768.,     0.,     0.,     0.,     0.,     0.,
            0.,     0.], device='cuda:0')
conv2_layer.0.weight: 	 tensor([   0.,    0.,    0., 8192.,    0.,    0.,    0.,    0.,    0.,    0.,
           0.], device='cuda:0')
conv3_layer.0.weight: 	 tensor([    0.,     0.,     0., 16384.,     0.,     0.,     0.,     0.,     0.,
            0.,     0.], device='cuda:0')
conv4_layer.0.weight: 	 tensor([2105., 1555.,  396.,   40.,    0.,    0.,    0.,    0.,    0.,    0.,
           0.], device='cuda:0')
fc1_layer.0.weight: 	 tensor([261., 202.,  45.,   4.,   0.,   0.,   0.,   0.,   0.,   0.,   0.],
       device='cuda:0')
Head Finetuning    :Task: 2,	 Epoch: 0/40,	 Avg.loss: 0.0023,	 Test Accuracy: 91/1000(9%)
Head Finetuning    :Task: 2,	 Epoch: 1/40,	 Avg.loss: 0.0023,	 Test Accuracy: 95/1000(10%)
Head Finetuning    :Task: 2,	 Epoch: 2/40,	 Avg.loss: 0.0023,	 Test Accuracy: 101/1000(10%)
Head Finetuning    :Task: 2,	 Epoch: 3/40,	 Avg.loss: 0.0023,	 Test Accuracy: 104/1000(10%)
Head Finetuning    :Task: 2,	 Epoch: 4/40,	 Avg.loss: 0.0023,	 Test Accuracy: 113/1000(11%)
Head Finetuning    :Task: 2,	 Epoch: 5/40,	 Avg.loss: 0.0023,	 Test Accuracy: 119/1000(12%)
Head Finetuning    :Task: 2,	 Epoch: 6/40,	 Avg.loss: 0.0023,	 Test Accuracy: 130/1000(13%)
Head Finetuning    :Task: 2,	 Epoch: 7/40,	 Avg.loss: 0.0023,	 Test Accuracy: 136/1000(14%)
Head Finetuning    :Task: 2,	 Epoch: 8/40,	 Avg.loss: 0.0023,	 Test Accuracy: 141/1000(14%)
Head Finetuning    :Task: 2,	 Epoch: 9/40,	 Avg.loss: 0.0023,	 Test Accuracy: 143/1000(14%)
Head Finetuning    :Task: 2,	 Epoch: 10/40,	 Avg.loss: 0.0023,	 Test Accuracy: 145/1000(15%)
Head Finetuning    :Task: 2,	 Epoch: 11/40,	 Avg.loss: 0.0022,	 Test Accuracy: 153/1000(15%)
Head Finetuning    :Task: 2,	 Epoch: 12/40,	 Avg.loss: 0.0022,	 Test Accuracy: 161/1000(16%)
Head Finetuning    :Task: 2,	 Epoch: 13/40,	 Avg.loss: 0.0022,	 Test Accuracy: 169/1000(17%)
Head Finetuning    :Task: 2,	 Epoch: 14/40,	 Avg.loss: 0.0022,	 Test Accuracy: 176/1000(18%)
Task: 2,	 Epoch: 0/40,	 Avg.loss: 0.0010,	 Test Accuracy: 660/1000(66%)
Task: 2,	 Epoch: 1/40,	 Avg.loss: 0.0009,	 Test Accuracy: 719/1000(72%)
Task: 2,	 Epoch: 2/40,	 Avg.loss: 0.0008,	 Test Accuracy: 735/1000(74%)
Task: 2,	 Epoch: 3/40,	 Avg.loss: 0.0008,	 Test Accuracy: 766/1000(77%)
Task: 2,	 Epoch: 4/40,	 Avg.loss: 0.0008,	 Test Accuracy: 746/1000(75%)
Task: 2,	 Epoch: 5/40,	 Avg.loss: 0.0008,	 Test Accuracy: 746/1000(75%)
Task: 2,	 Epoch: 6/40,	 Avg.loss: 0.0007,	 Test Accuracy: 773/1000(77%)
Task: 2,	 Epoch: 7/40,	 Avg.loss: 0.0007,	 Test Accuracy: 753/1000(75%)
Task: 2,	 Epoch: 8/40,	 Avg.loss: 0.0007,	 Test Accuracy: 763/1000(76%)
Task: 2,	 Epoch: 9/40,	 Avg.loss: 0.0007,	 Test Accuracy: 776/1000(78%)
Task: 2,	 Epoch: 10/40,	 Avg.loss: 0.0007,	 Test Accuracy: 767/1000(77%)
Task: 2,	 Epoch: 11/40,	 Avg.loss: 0.0007,	 Test Accuracy: 761/1000(76%)
Task: 2,	 Epoch: 12/40,	 Avg.loss: 0.0007,	 Test Accuracy: 770/1000(77%)
Task: 2,	 Epoch: 13/40,	 Avg.loss: 0.0006,	 Test Accuracy: 796/1000(80%)
Task: 2,	 Epoch: 14/40,	 Avg.loss: 0.0006,	 Test Accuracy: 796/1000(80%)
Task: 2,	 Epoch: 15/40,	 Avg.loss: 0.0006,	 Test Accuracy: 797/1000(80%)
Task: 2,	 Epoch: 16/40,	 Avg.loss: 0.0006,	 Test Accuracy: 774/1000(77%)
Task: 2,	 Epoch: 17/40,	 Avg.loss: 0.0007,	 Test Accuracy: 787/1000(79%)
Task: 2,	 Epoch: 18/40,	 Avg.loss: 0.0007,	 Test Accuracy: 788/1000(79%)
Task: 2,	 Epoch: 19/40,	 Avg.loss: 0.0006,	 Test Accuracy: 790/1000(79%)
Task: 2,	 Epoch: 20/40,	 Avg.loss: 0.0006,	 Test Accuracy: 795/1000(80%)
Task: 2,	 Epoch: 21/40,	 Avg.loss: 0.0006,	 Test Accuracy: 796/1000(80%)
Task: 2,	 Epoch: 22/40,	 Avg.loss: 0.0006,	 Test Accuracy: 792/1000(79%)
Task: 2,	 Epoch: 23/40,	 Avg.loss: 0.0006,	 Test Accuracy: 800/1000(80%)
Task: 2,	 Epoch: 24/40,	 Avg.loss: 0.0006,	 Test Accuracy: 791/1000(79%)
Task: 2,	 Epoch: 25/40,	 Avg.loss: 0.0006,	 Test Accuracy: 791/1000(79%)
Task: 2,	 Epoch: 26/40,	 Avg.loss: 0.0006,	 Test Accuracy: 792/1000(79%)
Task: 2,	 Epoch: 27/40,	 Avg.loss: 0.0006,	 Test Accuracy: 794/1000(79%)
Task: 2,	 Epoch: 28/40,	 Avg.loss: 0.0006,	 Test Accuracy: 792/1000(79%)
Task: 2,	 Epoch: 29/40,	 Avg.loss: 0.0006,	 Test Accuracy: 796/1000(80%)
Task: 2,	 Epoch: 30/40,	 Avg.loss: 0.0006,	 Test Accuracy: 792/1000(79%)
Task: 2,	 Epoch: 31/40,	 Avg.loss: 0.0006,	 Test Accuracy: 794/1000(79%)
Task: 2,	 Epoch: 32/40,	 Avg.loss: 0.0006,	 Test Accuracy: 797/1000(80%)
Task: 2,	 Epoch: 33/40,	 Avg.loss: 0.0006,	 Test Accuracy: 792/1000(79%)
Task: 2,	 Epoch: 34/40,	 Avg.loss: 0.0006,	 Test Accuracy: 796/1000(80%)
Task: 2,	 Epoch: 35/40,	 Avg.loss: 0.0006,	 Test Accuracy: 797/1000(80%)
Task: 2,	 Epoch: 36/40,	 Avg.loss: 0.0006,	 Test Accuracy: 796/1000(80%)
Task: 2,	 Epoch: 37/40,	 Avg.loss: 0.0006,	 Test Accuracy: 795/1000(80%)
Task: 2,	 Epoch: 38/40,	 Avg.loss: 0.0006,	 Test Accuracy: 797/1000(80%)
Task: 2,	 Epoch: 39/40,	 Avg.loss: 0.0006,	 Test Accuracy: 800/1000(80%)
Trained Task:2, Loaded task:0, Accuracy:80.0%
Trained Task:2, Loaded task:1, Accuracy:71.4%
Trained Task:2, Loaded task:2, Accuracy:80.0%
Trained Task:2, Avg. Accuracy: 77.1 

List of avg. accuracy: [82.7, 77.7, 77.1]
Mask histogram
conv1_layer.0.weight: 	 tensor([    0.,     0.,     0.,     0., 32768.,     0.,     0.,     0.,     0.,
            0.,     0.], device='cuda:0')
conv2_layer.0.weight: 	 tensor([   0.,    0.,    0.,    0., 8192.,    0.,    0.,    0.,    0.,    0.,
           0.], device='cuda:0')
conv3_layer.0.weight: 	 tensor([    0.,     0.,     0.,     0., 16384.,     0.,     0.,     0.,     0.,
            0.,     0.], device='cuda:0')
conv4_layer.0.weight: 	 tensor([1700., 1620.,  649.,  119.,    8.,    0.,    0.,    0.,    0.,    0.,
           0.], device='cuda:0')
fc1_layer.0.weight: 	 tensor([210., 208.,  80.,  14.,   0.,   0.,   0.,   0.,   0.,   0.,   0.],
       device='cuda:0')
Head Finetuning    :Task: 3,	 Epoch: 0/40,	 Avg.loss: 0.0023,	 Test Accuracy: 114/1000(11%)
Head Finetuning    :Task: 3,	 Epoch: 1/40,	 Avg.loss: 0.0023,	 Test Accuracy: 131/1000(13%)
Head Finetuning    :Task: 3,	 Epoch: 2/40,	 Avg.loss: 0.0023,	 Test Accuracy: 130/1000(13%)
Head Finetuning    :Task: 3,	 Epoch: 3/40,	 Avg.loss: 0.0023,	 Test Accuracy: 137/1000(14%)
Head Finetuning    :Task: 3,	 Epoch: 4/40,	 Avg.loss: 0.0023,	 Test Accuracy: 140/1000(14%)
Head Finetuning    :Task: 3,	 Epoch: 5/40,	 Avg.loss: 0.0023,	 Test Accuracy: 147/1000(15%)
Head Finetuning    :Task: 3,	 Epoch: 6/40,	 Avg.loss: 0.0023,	 Test Accuracy: 157/1000(16%)
Head Finetuning    :Task: 3,	 Epoch: 7/40,	 Avg.loss: 0.0022,	 Test Accuracy: 165/1000(16%)
Head Finetuning    :Task: 3,	 Epoch: 8/40,	 Avg.loss: 0.0022,	 Test Accuracy: 168/1000(17%)
Head Finetuning    :Task: 3,	 Epoch: 9/40,	 Avg.loss: 0.0022,	 Test Accuracy: 174/1000(17%)
Head Finetuning    :Task: 3,	 Epoch: 10/40,	 Avg.loss: 0.0022,	 Test Accuracy: 177/1000(18%)
Head Finetuning    :Task: 3,	 Epoch: 11/40,	 Avg.loss: 0.0022,	 Test Accuracy: 186/1000(19%)
Head Finetuning    :Task: 3,	 Epoch: 12/40,	 Avg.loss: 0.0022,	 Test Accuracy: 191/1000(19%)
Head Finetuning    :Task: 3,	 Epoch: 13/40,	 Avg.loss: 0.0022,	 Test Accuracy: 192/1000(19%)
Head Finetuning    :Task: 3,	 Epoch: 14/40,	 Avg.loss: 0.0022,	 Test Accuracy: 199/1000(20%)
Task: 3,	 Epoch: 0/40,	 Avg.loss: 0.0010,	 Test Accuracy: 652/1000(65%)
Task: 3,	 Epoch: 1/40,	 Avg.loss: 0.0010,	 Test Accuracy: 648/1000(65%)
Task: 3,	 Epoch: 2/40,	 Avg.loss: 0.0009,	 Test Accuracy: 697/1000(70%)
Task: 3,	 Epoch: 3/40,	 Avg.loss: 0.0009,	 Test Accuracy: 713/1000(71%)
Task: 3,	 Epoch: 4/40,	 Avg.loss: 0.0009,	 Test Accuracy: 696/1000(70%)
Task: 3,	 Epoch: 5/40,	 Avg.loss: 0.0008,	 Test Accuracy: 726/1000(73%)
Task: 3,	 Epoch: 6/40,	 Avg.loss: 0.0008,	 Test Accuracy: 718/1000(72%)
Task: 3,	 Epoch: 7/40,	 Avg.loss: 0.0008,	 Test Accuracy: 734/1000(73%)
Task: 3,	 Epoch: 8/40,	 Avg.loss: 0.0008,	 Test Accuracy: 722/1000(72%)
Task: 3,	 Epoch: 9/40,	 Avg.loss: 0.0008,	 Test Accuracy: 725/1000(72%)
Task: 3,	 Epoch: 10/40,	 Avg.loss: 0.0009,	 Test Accuracy: 705/1000(70%)
Task: 3,	 Epoch: 11/40,	 Avg.loss: 0.0009,	 Test Accuracy: 707/1000(71%)
Task: 3,	 Epoch: 12/40,	 Avg.loss: 0.0008,	 Test Accuracy: 744/1000(74%)
Task: 3,	 Epoch: 13/40,	 Avg.loss: 0.0008,	 Test Accuracy: 744/1000(74%)
Task: 3,	 Epoch: 14/40,	 Avg.loss: 0.0008,	 Test Accuracy: 714/1000(71%)
Task: 3,	 Epoch: 15/40,	 Avg.loss: 0.0007,	 Test Accuracy: 754/1000(75%)
Task: 3,	 Epoch: 16/40,	 Avg.loss: 0.0008,	 Test Accuracy: 717/1000(72%)
Task: 3,	 Epoch: 17/40,	 Avg.loss: 0.0008,	 Test Accuracy: 740/1000(74%)
Task: 3,	 Epoch: 18/40,	 Avg.loss: 0.0008,	 Test Accuracy: 753/1000(75%)
Task: 3,	 Epoch: 19/40,	 Avg.loss: 0.0008,	 Test Accuracy: 761/1000(76%)
Task: 3,	 Epoch: 20/40,	 Avg.loss: 0.0007,	 Test Accuracy: 773/1000(77%)
Task: 3,	 Epoch: 21/40,	 Avg.loss: 0.0007,	 Test Accuracy: 772/1000(77%)
Task: 3,	 Epoch: 22/40,	 Avg.loss: 0.0007,	 Test Accuracy: 763/1000(76%)
Task: 3,	 Epoch: 23/40,	 Avg.loss: 0.0007,	 Test Accuracy: 770/1000(77%)
Task: 3,	 Epoch: 24/40,	 Avg.loss: 0.0007,	 Test Accuracy: 766/1000(77%)
Task: 3,	 Epoch: 25/40,	 Avg.loss: 0.0007,	 Test Accuracy: 775/1000(78%)
Task: 3,	 Epoch: 26/40,	 Avg.loss: 0.0007,	 Test Accuracy: 771/1000(77%)
Task: 3,	 Epoch: 27/40,	 Avg.loss: 0.0007,	 Test Accuracy: 770/1000(77%)
Task: 3,	 Epoch: 28/40,	 Avg.loss: 0.0007,	 Test Accuracy: 765/1000(76%)
Task: 3,	 Epoch: 29/40,	 Avg.loss: 0.0007,	 Test Accuracy: 775/1000(78%)
Task: 3,	 Epoch: 30/40,	 Avg.loss: 0.0007,	 Test Accuracy: 776/1000(78%)
Task: 3,	 Epoch: 31/40,	 Avg.loss: 0.0007,	 Test Accuracy: 772/1000(77%)
Task: 3,	 Epoch: 32/40,	 Avg.loss: 0.0007,	 Test Accuracy: 769/1000(77%)
Task: 3,	 Epoch: 33/40,	 Avg.loss: 0.0007,	 Test Accuracy: 774/1000(77%)
Task: 3,	 Epoch: 34/40,	 Avg.loss: 0.0007,	 Test Accuracy: 772/1000(77%)
Task: 3,	 Epoch: 35/40,	 Avg.loss: 0.0007,	 Test Accuracy: 776/1000(78%)
Task: 3,	 Epoch: 36/40,	 Avg.loss: 0.0007,	 Test Accuracy: 772/1000(77%)
Task: 3,	 Epoch: 37/40,	 Avg.loss: 0.0007,	 Test Accuracy: 782/1000(78%)
Task: 3,	 Epoch: 38/40,	 Avg.loss: 0.0007,	 Test Accuracy: 782/1000(78%)
Task: 3,	 Epoch: 39/40,	 Avg.loss: 0.0007,	 Test Accuracy: 770/1000(77%)
Trained Task:3, Loaded task:0, Accuracy:79.9%
Trained Task:3, Loaded task:1, Accuracy:72.2%
Trained Task:3, Loaded task:2, Accuracy:80.0%
Trained Task:3, Loaded task:3, Accuracy:77.0%
Trained Task:3, Avg. Accuracy: 77.3 

List of avg. accuracy: [82.7, 77.7, 77.1, 77.3]
Mask histogram
conv1_layer.0.weight: 	 tensor([    0.,     0.,     0.,     0.,     0., 32768.,     0.,     0.,     0.,
            0.,     0.], device='cuda:0')
conv2_layer.0.weight: 	 tensor([   0.,    0.,    0.,    0.,    0., 8192.,    0.,    0.,    0.,    0.,
           0.], device='cuda:0')
conv3_layer.0.weight: 	 tensor([    0.,     0.,     0.,     0.,     0., 16384.,     0.,     0.,     0.,
            0.,     0.], device='cuda:0')
conv4_layer.0.weight: 	 tensor([1352., 1672.,  823.,  218.,   26.,    5.,    0.,    0.,    0.,    0.,
           0.], device='cuda:0')
fc1_layer.0.weight: 	 tensor([161., 213., 111.,  24.,   3.,   0.,   0.,   0.,   0.,   0.,   0.],
       device='cuda:0')
Head Finetuning    :Task: 4,	 Epoch: 0/40,	 Avg.loss: 0.0023,	 Test Accuracy: 139/1000(14%)
Head Finetuning    :Task: 4,	 Epoch: 1/40,	 Avg.loss: 0.0023,	 Test Accuracy: 153/1000(15%)
Head Finetuning    :Task: 4,	 Epoch: 2/40,	 Avg.loss: 0.0023,	 Test Accuracy: 172/1000(17%)
Head Finetuning    :Task: 4,	 Epoch: 3/40,	 Avg.loss: 0.0023,	 Test Accuracy: 186/1000(19%)
Head Finetuning    :Task: 4,	 Epoch: 4/40,	 Avg.loss: 0.0023,	 Test Accuracy: 193/1000(19%)
Head Finetuning    :Task: 4,	 Epoch: 5/40,	 Avg.loss: 0.0022,	 Test Accuracy: 201/1000(20%)
Head Finetuning    :Task: 4,	 Epoch: 6/40,	 Avg.loss: 0.0022,	 Test Accuracy: 206/1000(21%)
Head Finetuning    :Task: 4,	 Epoch: 7/40,	 Avg.loss: 0.0022,	 Test Accuracy: 211/1000(21%)
Head Finetuning    :Task: 4,	 Epoch: 8/40,	 Avg.loss: 0.0022,	 Test Accuracy: 217/1000(22%)
Head Finetuning    :Task: 4,	 Epoch: 9/40,	 Avg.loss: 0.0022,	 Test Accuracy: 225/1000(23%)
Head Finetuning    :Task: 4,	 Epoch: 10/40,	 Avg.loss: 0.0022,	 Test Accuracy: 229/1000(23%)
Head Finetuning    :Task: 4,	 Epoch: 11/40,	 Avg.loss: 0.0022,	 Test Accuracy: 234/1000(23%)
Head Finetuning    :Task: 4,	 Epoch: 12/40,	 Avg.loss: 0.0022,	 Test Accuracy: 236/1000(24%)
Head Finetuning    :Task: 4,	 Epoch: 13/40,	 Avg.loss: 0.0022,	 Test Accuracy: 238/1000(24%)
Head Finetuning    :Task: 4,	 Epoch: 14/40,	 Avg.loss: 0.0022,	 Test Accuracy: 242/1000(24%)
Task: 4,	 Epoch: 0/40,	 Avg.loss: 0.0009,	 Test Accuracy: 686/1000(69%)
Task: 4,	 Epoch: 1/40,	 Avg.loss: 0.0009,	 Test Accuracy: 713/1000(71%)
Task: 4,	 Epoch: 2/40,	 Avg.loss: 0.0009,	 Test Accuracy: 712/1000(71%)
Task: 4,	 Epoch: 3/40,	 Avg.loss: 0.0008,	 Test Accuracy: 722/1000(72%)
Task: 4,	 Epoch: 4/40,	 Avg.loss: 0.0008,	 Test Accuracy: 761/1000(76%)
Task: 4,	 Epoch: 5/40,	 Avg.loss: 0.0008,	 Test Accuracy: 749/1000(75%)
Task: 4,	 Epoch: 6/40,	 Avg.loss: 0.0008,	 Test Accuracy: 740/1000(74%)
Task: 4,	 Epoch: 7/40,	 Avg.loss: 0.0008,	 Test Accuracy: 750/1000(75%)
Task: 4,	 Epoch: 8/40,	 Avg.loss: 0.0007,	 Test Accuracy: 774/1000(77%)
Task: 4,	 Epoch: 9/40,	 Avg.loss: 0.0009,	 Test Accuracy: 714/1000(71%)
Task: 4,	 Epoch: 10/40,	 Avg.loss: 0.0007,	 Test Accuracy: 772/1000(77%)
Task: 4,	 Epoch: 11/40,	 Avg.loss: 0.0007,	 Test Accuracy: 788/1000(79%)
Task: 4,	 Epoch: 12/40,	 Avg.loss: 0.0008,	 Test Accuracy: 759/1000(76%)
Task: 4,	 Epoch: 13/40,	 Avg.loss: 0.0007,	 Test Accuracy: 766/1000(77%)
Task: 4,	 Epoch: 14/40,	 Avg.loss: 0.0007,	 Test Accuracy: 760/1000(76%)
Task: 4,	 Epoch: 15/40,	 Avg.loss: 0.0007,	 Test Accuracy: 768/1000(77%)
Task: 4,	 Epoch: 16/40,	 Avg.loss: 0.0007,	 Test Accuracy: 775/1000(78%)
Task: 4,	 Epoch: 17/40,	 Avg.loss: 0.0007,	 Test Accuracy: 784/1000(78%)
Task: 4,	 Epoch: 18/40,	 Avg.loss: 0.0007,	 Test Accuracy: 786/1000(79%)
Task: 4,	 Epoch: 19/40,	 Avg.loss: 0.0007,	 Test Accuracy: 765/1000(76%)
Task: 4,	 Epoch: 20/40,	 Avg.loss: 0.0006,	 Test Accuracy: 798/1000(80%)
Task: 4,	 Epoch: 21/40,	 Avg.loss: 0.0006,	 Test Accuracy: 788/1000(79%)
Task: 4,	 Epoch: 22/40,	 Avg.loss: 0.0006,	 Test Accuracy: 796/1000(80%)
Task: 4,	 Epoch: 23/40,	 Avg.loss: 0.0006,	 Test Accuracy: 800/1000(80%)
Task: 4,	 Epoch: 24/40,	 Avg.loss: 0.0006,	 Test Accuracy: 796/1000(80%)
Task: 4,	 Epoch: 25/40,	 Avg.loss: 0.0006,	 Test Accuracy: 790/1000(79%)
Task: 4,	 Epoch: 26/40,	 Avg.loss: 0.0006,	 Test Accuracy: 792/1000(79%)
Task: 4,	 Epoch: 27/40,	 Avg.loss: 0.0006,	 Test Accuracy: 797/1000(80%)
Task: 4,	 Epoch: 28/40,	 Avg.loss: 0.0006,	 Test Accuracy: 802/1000(80%)
Task: 4,	 Epoch: 29/40,	 Avg.loss: 0.0006,	 Test Accuracy: 798/1000(80%)
Task: 4,	 Epoch: 30/40,	 Avg.loss: 0.0006,	 Test Accuracy: 793/1000(79%)
Task: 4,	 Epoch: 31/40,	 Avg.loss: 0.0006,	 Test Accuracy: 797/1000(80%)
Task: 4,	 Epoch: 32/40,	 Avg.loss: 0.0006,	 Test Accuracy: 798/1000(80%)
Task: 4,	 Epoch: 33/40,	 Avg.loss: 0.0006,	 Test Accuracy: 788/1000(79%)
Task: 4,	 Epoch: 34/40,	 Avg.loss: 0.0006,	 Test Accuracy: 797/1000(80%)
Task: 4,	 Epoch: 35/40,	 Avg.loss: 0.0006,	 Test Accuracy: 796/1000(80%)
Task: 4,	 Epoch: 36/40,	 Avg.loss: 0.0007,	 Test Accuracy: 781/1000(78%)
Task: 4,	 Epoch: 37/40,	 Avg.loss: 0.0006,	 Test Accuracy: 792/1000(79%)
Task: 4,	 Epoch: 38/40,	 Avg.loss: 0.0006,	 Test Accuracy: 803/1000(80%)
Task: 4,	 Epoch: 39/40,	 Avg.loss: 0.0006,	 Test Accuracy: 793/1000(79%)
Trained Task:4, Loaded task:0, Accuracy:80.5%
Trained Task:4, Loaded task:1, Accuracy:71.9%
Trained Task:4, Loaded task:2, Accuracy:80.7%
Trained Task:4, Loaded task:3, Accuracy:77.2%
Trained Task:4, Loaded task:4, Accuracy:79.3%
Trained Task:4, Avg. Accuracy: 77.9 

List of avg. accuracy: [82.7, 77.7, 77.1, 77.3, 77.9]
Mask histogram
conv1_layer.0.weight: 	 tensor([    0.,     0.,     0.,     0.,     0.,     0., 32768.,     0.,     0.,
            0.,     0.], device='cuda:0')
conv2_layer.0.weight: 	 tensor([   0.,    0.,    0.,    0.,    0.,    0., 8192.,    0.,    0.,    0.,
           0.], device='cuda:0')
conv3_layer.0.weight: 	 tensor([    0.,     0.,     0.,     0.,     0.,     0., 16384.,     0.,     0.,
            0.,     0.], device='cuda:0')
conv4_layer.0.weight: 	 tensor([1091., 1590., 1001.,  345.,   59.,   10.,    0.,    0.,    0.,    0.,
           0.], device='cuda:0')
fc1_layer.0.weight: 	 tensor([127., 207., 124.,  44.,  10.,   0.,   0.,   0.,   0.,   0.,   0.],
       device='cuda:0')
Head Finetuning    :Task: 5,	 Epoch: 0/40,	 Avg.loss: 0.0024,	 Test Accuracy: 97/1000(10%)
Head Finetuning    :Task: 5,	 Epoch: 1/40,	 Avg.loss: 0.0024,	 Test Accuracy: 107/1000(11%)
Head Finetuning    :Task: 5,	 Epoch: 2/40,	 Avg.loss: 0.0023,	 Test Accuracy: 110/1000(11%)
Head Finetuning    :Task: 5,	 Epoch: 3/40,	 Avg.loss: 0.0023,	 Test Accuracy: 118/1000(12%)
Head Finetuning    :Task: 5,	 Epoch: 4/40,	 Avg.loss: 0.0023,	 Test Accuracy: 121/1000(12%)
Head Finetuning    :Task: 5,	 Epoch: 5/40,	 Avg.loss: 0.0023,	 Test Accuracy: 130/1000(13%)
Head Finetuning    :Task: 5,	 Epoch: 6/40,	 Avg.loss: 0.0023,	 Test Accuracy: 136/1000(14%)
Head Finetuning    :Task: 5,	 Epoch: 7/40,	 Avg.loss: 0.0023,	 Test Accuracy: 140/1000(14%)
Head Finetuning    :Task: 5,	 Epoch: 8/40,	 Avg.loss: 0.0023,	 Test Accuracy: 148/1000(15%)
Head Finetuning    :Task: 5,	 Epoch: 9/40,	 Avg.loss: 0.0023,	 Test Accuracy: 156/1000(16%)
Head Finetuning    :Task: 5,	 Epoch: 10/40,	 Avg.loss: 0.0023,	 Test Accuracy: 162/1000(16%)
Head Finetuning    :Task: 5,	 Epoch: 11/40,	 Avg.loss: 0.0023,	 Test Accuracy: 171/1000(17%)
Head Finetuning    :Task: 5,	 Epoch: 12/40,	 Avg.loss: 0.0022,	 Test Accuracy: 177/1000(18%)
Head Finetuning    :Task: 5,	 Epoch: 13/40,	 Avg.loss: 0.0022,	 Test Accuracy: 180/1000(18%)
Head Finetuning    :Task: 5,	 Epoch: 14/40,	 Avg.loss: 0.0022,	 Test Accuracy: 184/1000(18%)
Task: 5,	 Epoch: 0/40,	 Avg.loss: 0.0010,	 Test Accuracy: 625/1000(63%)
Task: 5,	 Epoch: 1/40,	 Avg.loss: 0.0009,	 Test Accuracy: 672/1000(67%)
Task: 5,	 Epoch: 2/40,	 Avg.loss: 0.0008,	 Test Accuracy: 704/1000(70%)
Task: 5,	 Epoch: 3/40,	 Avg.loss: 0.0008,	 Test Accuracy: 705/1000(70%)
Task: 5,	 Epoch: 4/40,	 Avg.loss: 0.0008,	 Test Accuracy: 725/1000(72%)
Task: 5,	 Epoch: 5/40,	 Avg.loss: 0.0008,	 Test Accuracy: 721/1000(72%)
Task: 5,	 Epoch: 6/40,	 Avg.loss: 0.0007,	 Test Accuracy: 747/1000(75%)
Task: 5,	 Epoch: 7/40,	 Avg.loss: 0.0007,	 Test Accuracy: 752/1000(75%)
Task: 5,	 Epoch: 8/40,	 Avg.loss: 0.0008,	 Test Accuracy: 744/1000(74%)
Task: 5,	 Epoch: 9/40,	 Avg.loss: 0.0007,	 Test Accuracy: 732/1000(73%)
Task: 5,	 Epoch: 10/40,	 Avg.loss: 0.0007,	 Test Accuracy: 720/1000(72%)
Task: 5,	 Epoch: 11/40,	 Avg.loss: 0.0007,	 Test Accuracy: 735/1000(74%)
Task: 5,	 Epoch: 12/40,	 Avg.loss: 0.0007,	 Test Accuracy: 751/1000(75%)
Task: 5,	 Epoch: 13/40,	 Avg.loss: 0.0007,	 Test Accuracy: 723/1000(72%)
Task: 5,	 Epoch: 14/40,	 Avg.loss: 0.0007,	 Test Accuracy: 743/1000(74%)
Task: 5,	 Epoch: 15/40,	 Avg.loss: 0.0008,	 Test Accuracy: 727/1000(73%)
Task: 5,	 Epoch: 16/40,	 Avg.loss: 0.0007,	 Test Accuracy: 734/1000(73%)
Task: 5,	 Epoch: 17/40,	 Avg.loss: 0.0007,	 Test Accuracy: 737/1000(74%)
Task: 5,	 Epoch: 18/40,	 Avg.loss: 0.0007,	 Test Accuracy: 748/1000(75%)
Task: 5,	 Epoch: 19/40,	 Avg.loss: 0.0007,	 Test Accuracy: 756/1000(76%)
Task: 5,	 Epoch: 20/40,	 Avg.loss: 0.0007,	 Test Accuracy: 762/1000(76%)
Task: 5,	 Epoch: 21/40,	 Avg.loss: 0.0007,	 Test Accuracy: 763/1000(76%)
Task: 5,	 Epoch: 22/40,	 Avg.loss: 0.0007,	 Test Accuracy: 765/1000(76%)
Task: 5,	 Epoch: 23/40,	 Avg.loss: 0.0007,	 Test Accuracy: 766/1000(77%)
Task: 5,	 Epoch: 24/40,	 Avg.loss: 0.0007,	 Test Accuracy: 765/1000(76%)
Task: 5,	 Epoch: 25/40,	 Avg.loss: 0.0007,	 Test Accuracy: 764/1000(76%)
Task: 5,	 Epoch: 26/40,	 Avg.loss: 0.0007,	 Test Accuracy: 763/1000(76%)
Task: 5,	 Epoch: 27/40,	 Avg.loss: 0.0007,	 Test Accuracy: 754/1000(75%)
Task: 5,	 Epoch: 28/40,	 Avg.loss: 0.0007,	 Test Accuracy: 767/1000(77%)
Task: 5,	 Epoch: 29/40,	 Avg.loss: 0.0007,	 Test Accuracy: 767/1000(77%)
Task: 5,	 Epoch: 30/40,	 Avg.loss: 0.0007,	 Test Accuracy: 767/1000(77%)
Task: 5,	 Epoch: 31/40,	 Avg.loss: 0.0007,	 Test Accuracy: 765/1000(76%)
Task: 5,	 Epoch: 32/40,	 Avg.loss: 0.0007,	 Test Accuracy: 760/1000(76%)
Task: 5,	 Epoch: 33/40,	 Avg.loss: 0.0007,	 Test Accuracy: 758/1000(76%)
Task: 5,	 Epoch: 34/40,	 Avg.loss: 0.0007,	 Test Accuracy: 767/1000(77%)
Task: 5,	 Epoch: 35/40,	 Avg.loss: 0.0007,	 Test Accuracy: 764/1000(76%)
Task: 5,	 Epoch: 36/40,	 Avg.loss: 0.0007,	 Test Accuracy: 767/1000(77%)
Task: 5,	 Epoch: 37/40,	 Avg.loss: 0.0007,	 Test Accuracy: 767/1000(77%)
Task: 5,	 Epoch: 38/40,	 Avg.loss: 0.0007,	 Test Accuracy: 763/1000(76%)
Task: 5,	 Epoch: 39/40,	 Avg.loss: 0.0007,	 Test Accuracy: 761/1000(76%)
Trained Task:5, Loaded task:0, Accuracy:79.1%
Trained Task:5, Loaded task:1, Accuracy:71.8%
Trained Task:5, Loaded task:2, Accuracy:79.7%
Trained Task:5, Loaded task:3, Accuracy:76.5%
Trained Task:5, Loaded task:4, Accuracy:79.5%
Trained Task:5, Loaded task:5, Accuracy:76.1%
Trained Task:5, Avg. Accuracy: 77.1 

List of avg. accuracy: [82.7, 77.7, 77.1, 77.3, 77.9, 77.1]
Mask histogram
conv1_layer.0.weight: 	 tensor([    0.,     0.,     0.,     0.,     0.,     0.,     0., 32768.,     0.,
            0.,     0.], device='cuda:0')
conv2_layer.0.weight: 	 tensor([   0.,    0.,    0.,    0.,    0.,    0.,    0., 8192.,    0.,    0.,
           0.], device='cuda:0')
conv3_layer.0.weight: 	 tensor([    0.,     0.,     0.,     0.,     0.,     0.,     0., 16384.,     0.,
            0.,     0.], device='cuda:0')
conv4_layer.0.weight: 	 tensor([ 853., 1515., 1115.,  482.,  114.,   15.,    2.,    0.,    0.,    0.,
           0.], device='cuda:0')
fc1_layer.0.weight: 	 tensor([ 95., 196., 148.,  54.,  17.,   2.,   0.,   0.,   0.,   0.,   0.],
       device='cuda:0')
Head Finetuning    :Task: 6,	 Epoch: 0/40,	 Avg.loss: 0.0024,	 Test Accuracy: 95/1000(10%)
Head Finetuning    :Task: 6,	 Epoch: 1/40,	 Avg.loss: 0.0023,	 Test Accuracy: 117/1000(12%)
Head Finetuning    :Task: 6,	 Epoch: 2/40,	 Avg.loss: 0.0023,	 Test Accuracy: 134/1000(13%)
Head Finetuning    :Task: 6,	 Epoch: 3/40,	 Avg.loss: 0.0023,	 Test Accuracy: 153/1000(15%)
Head Finetuning    :Task: 6,	 Epoch: 4/40,	 Avg.loss: 0.0023,	 Test Accuracy: 163/1000(16%)
Head Finetuning    :Task: 6,	 Epoch: 5/40,	 Avg.loss: 0.0023,	 Test Accuracy: 179/1000(18%)
Head Finetuning    :Task: 6,	 Epoch: 6/40,	 Avg.loss: 0.0023,	 Test Accuracy: 184/1000(18%)
Head Finetuning    :Task: 6,	 Epoch: 7/40,	 Avg.loss: 0.0023,	 Test Accuracy: 195/1000(20%)
Head Finetuning    :Task: 6,	 Epoch: 8/40,	 Avg.loss: 0.0023,	 Test Accuracy: 198/1000(20%)
Head Finetuning    :Task: 6,	 Epoch: 9/40,	 Avg.loss: 0.0022,	 Test Accuracy: 202/1000(20%)
Head Finetuning    :Task: 6,	 Epoch: 10/40,	 Avg.loss: 0.0022,	 Test Accuracy: 212/1000(21%)
Head Finetuning    :Task: 6,	 Epoch: 11/40,	 Avg.loss: 0.0022,	 Test Accuracy: 214/1000(21%)
Head Finetuning    :Task: 6,	 Epoch: 12/40,	 Avg.loss: 0.0022,	 Test Accuracy: 219/1000(22%)
Head Finetuning    :Task: 6,	 Epoch: 13/40,	 Avg.loss: 0.0022,	 Test Accuracy: 227/1000(23%)
Head Finetuning    :Task: 6,	 Epoch: 14/40,	 Avg.loss: 0.0022,	 Test Accuracy: 232/1000(23%)
Task: 6,	 Epoch: 0/40,	 Avg.loss: 0.0009,	 Test Accuracy: 671/1000(67%)
Task: 6,	 Epoch: 1/40,	 Avg.loss: 0.0009,	 Test Accuracy: 692/1000(69%)
Task: 6,	 Epoch: 2/40,	 Avg.loss: 0.0008,	 Test Accuracy: 690/1000(69%)
Task: 6,	 Epoch: 3/40,	 Avg.loss: 0.0008,	 Test Accuracy: 705/1000(70%)
Task: 6,	 Epoch: 4/40,	 Avg.loss: 0.0008,	 Test Accuracy: 726/1000(73%)
Task: 6,	 Epoch: 5/40,	 Avg.loss: 0.0008,	 Test Accuracy: 726/1000(73%)
Task: 6,	 Epoch: 6/40,	 Avg.loss: 0.0008,	 Test Accuracy: 726/1000(73%)
Task: 6,	 Epoch: 7/40,	 Avg.loss: 0.0008,	 Test Accuracy: 726/1000(73%)
Task: 6,	 Epoch: 8/40,	 Avg.loss: 0.0008,	 Test Accuracy: 714/1000(71%)
Task: 6,	 Epoch: 9/40,	 Avg.loss: 0.0007,	 Test Accuracy: 755/1000(76%)
Task: 6,	 Epoch: 10/40,	 Avg.loss: 0.0008,	 Test Accuracy: 711/1000(71%)
Task: 6,	 Epoch: 11/40,	 Avg.loss: 0.0007,	 Test Accuracy: 732/1000(73%)
Task: 6,	 Epoch: 12/40,	 Avg.loss: 0.0007,	 Test Accuracy: 741/1000(74%)
Task: 6,	 Epoch: 13/40,	 Avg.loss: 0.0007,	 Test Accuracy: 745/1000(74%)
Task: 6,	 Epoch: 14/40,	 Avg.loss: 0.0007,	 Test Accuracy: 731/1000(73%)
Task: 6,	 Epoch: 15/40,	 Avg.loss: 0.0007,	 Test Accuracy: 744/1000(74%)
Task: 6,	 Epoch: 16/40,	 Avg.loss: 0.0007,	 Test Accuracy: 753/1000(75%)
Task: 6,	 Epoch: 17/40,	 Avg.loss: 0.0007,	 Test Accuracy: 747/1000(75%)
Task: 6,	 Epoch: 18/40,	 Avg.loss: 0.0007,	 Test Accuracy: 745/1000(74%)
Task: 6,	 Epoch: 19/40,	 Avg.loss: 0.0007,	 Test Accuracy: 752/1000(75%)
Task: 6,	 Epoch: 20/40,	 Avg.loss: 0.0007,	 Test Accuracy: 756/1000(76%)
Task: 6,	 Epoch: 21/40,	 Avg.loss: 0.0007,	 Test Accuracy: 757/1000(76%)
Task: 6,	 Epoch: 22/40,	 Avg.loss: 0.0007,	 Test Accuracy: 755/1000(76%)
Task: 6,	 Epoch: 23/40,	 Avg.loss: 0.0007,	 Test Accuracy: 761/1000(76%)
Task: 6,	 Epoch: 24/40,	 Avg.loss: 0.0007,	 Test Accuracy: 765/1000(76%)
Task: 6,	 Epoch: 25/40,	 Avg.loss: 0.0007,	 Test Accuracy: 763/1000(76%)
Task: 6,	 Epoch: 26/40,	 Avg.loss: 0.0007,	 Test Accuracy: 760/1000(76%)
Task: 6,	 Epoch: 27/40,	 Avg.loss: 0.0007,	 Test Accuracy: 756/1000(76%)
Task: 6,	 Epoch: 28/40,	 Avg.loss: 0.0007,	 Test Accuracy: 756/1000(76%)
Task: 6,	 Epoch: 29/40,	 Avg.loss: 0.0007,	 Test Accuracy: 761/1000(76%)
Task: 6,	 Epoch: 30/40,	 Avg.loss: 0.0007,	 Test Accuracy: 765/1000(76%)
Task: 6,	 Epoch: 31/40,	 Avg.loss: 0.0007,	 Test Accuracy: 756/1000(76%)
Task: 6,	 Epoch: 32/40,	 Avg.loss: 0.0007,	 Test Accuracy: 764/1000(76%)
Task: 6,	 Epoch: 33/40,	 Avg.loss: 0.0007,	 Test Accuracy: 766/1000(77%)
Task: 6,	 Epoch: 34/40,	 Avg.loss: 0.0007,	 Test Accuracy: 755/1000(76%)
Task: 6,	 Epoch: 35/40,	 Avg.loss: 0.0007,	 Test Accuracy: 761/1000(76%)
Task: 6,	 Epoch: 36/40,	 Avg.loss: 0.0007,	 Test Accuracy: 768/1000(77%)
Task: 6,	 Epoch: 37/40,	 Avg.loss: 0.0007,	 Test Accuracy: 761/1000(76%)
Task: 6,	 Epoch: 38/40,	 Avg.loss: 0.0007,	 Test Accuracy: 762/1000(76%)
Task: 6,	 Epoch: 39/40,	 Avg.loss: 0.0007,	 Test Accuracy: 765/1000(76%)
Trained Task:6, Loaded task:0, Accuracy:78.7%
Trained Task:6, Loaded task:1, Accuracy:71.5%
Trained Task:6, Loaded task:2, Accuracy:79.7%
Trained Task:6, Loaded task:3, Accuracy:75.7%
Trained Task:6, Loaded task:4, Accuracy:79.5%
Trained Task:6, Loaded task:5, Accuracy:75.8%
Trained Task:6, Loaded task:6, Accuracy:76.5%
Trained Task:6, Avg. Accuracy: 76.8 

List of avg. accuracy: [82.7, 77.7, 77.1, 77.3, 77.9, 77.1, 76.8]
Mask histogram
conv1_layer.0.weight: 	 tensor([    0.,     0.,     0.,     0.,     0.,     0.,     0.,     0., 32768.,
            0.,     0.], device='cuda:0')
conv2_layer.0.weight: 	 tensor([   0.,    0.,    0.,    0.,    0.,    0.,    0.,    0., 8192.,    0.,
           0.], device='cuda:0')
conv3_layer.0.weight: 	 tensor([    0.,     0.,     0.,     0.,     0.,     0.,     0.,     0., 16384.,
            0.,     0.], device='cuda:0')
conv4_layer.0.weight: 	 tensor([ 699., 1368., 1197.,  612.,  185.,   30.,    3.,    2.,    0.,    0.,
           0.], device='cuda:0')
fc1_layer.0.weight: 	 tensor([ 77., 174., 165.,  69.,  21.,   6.,   0.,   0.,   0.,   0.,   0.],
       device='cuda:0')
Head Finetuning    :Task: 7,	 Epoch: 0/40,	 Avg.loss: 0.0023,	 Test Accuracy: 126/1000(13%)
Head Finetuning    :Task: 7,	 Epoch: 1/40,	 Avg.loss: 0.0023,	 Test Accuracy: 134/1000(13%)
Head Finetuning    :Task: 7,	 Epoch: 2/40,	 Avg.loss: 0.0023,	 Test Accuracy: 145/1000(15%)
Head Finetuning    :Task: 7,	 Epoch: 3/40,	 Avg.loss: 0.0023,	 Test Accuracy: 157/1000(16%)
Head Finetuning    :Task: 7,	 Epoch: 4/40,	 Avg.loss: 0.0023,	 Test Accuracy: 166/1000(17%)
Head Finetuning    :Task: 7,	 Epoch: 5/40,	 Avg.loss: 0.0023,	 Test Accuracy: 169/1000(17%)
Head Finetuning    :Task: 7,	 Epoch: 6/40,	 Avg.loss: 0.0022,	 Test Accuracy: 176/1000(18%)
Head Finetuning    :Task: 7,	 Epoch: 7/40,	 Avg.loss: 0.0022,	 Test Accuracy: 182/1000(18%)
Head Finetuning    :Task: 7,	 Epoch: 8/40,	 Avg.loss: 0.0022,	 Test Accuracy: 190/1000(19%)
Head Finetuning    :Task: 7,	 Epoch: 9/40,	 Avg.loss: 0.0022,	 Test Accuracy: 200/1000(20%)
Head Finetuning    :Task: 7,	 Epoch: 10/40,	 Avg.loss: 0.0022,	 Test Accuracy: 201/1000(20%)
Head Finetuning    :Task: 7,	 Epoch: 11/40,	 Avg.loss: 0.0022,	 Test Accuracy: 213/1000(21%)
Head Finetuning    :Task: 7,	 Epoch: 12/40,	 Avg.loss: 0.0022,	 Test Accuracy: 215/1000(22%)
Head Finetuning    :Task: 7,	 Epoch: 13/40,	 Avg.loss: 0.0022,	 Test Accuracy: 219/1000(22%)
Head Finetuning    :Task: 7,	 Epoch: 14/40,	 Avg.loss: 0.0022,	 Test Accuracy: 223/1000(22%)
Task: 7,	 Epoch: 0/40,	 Avg.loss: 0.0011,	 Test Accuracy: 611/1000(61%)
Task: 7,	 Epoch: 1/40,	 Avg.loss: 0.0009,	 Test Accuracy: 678/1000(68%)
Task: 7,	 Epoch: 2/40,	 Avg.loss: 0.0010,	 Test Accuracy: 682/1000(68%)
Task: 7,	 Epoch: 3/40,	 Avg.loss: 0.0009,	 Test Accuracy: 686/1000(69%)
Task: 7,	 Epoch: 4/40,	 Avg.loss: 0.0009,	 Test Accuracy: 693/1000(69%)
Task: 7,	 Epoch: 5/40,	 Avg.loss: 0.0009,	 Test Accuracy: 697/1000(70%)
Task: 7,	 Epoch: 6/40,	 Avg.loss: 0.0010,	 Test Accuracy: 665/1000(66%)
Task: 7,	 Epoch: 7/40,	 Avg.loss: 0.0009,	 Test Accuracy: 690/1000(69%)
Task: 7,	 Epoch: 8/40,	 Avg.loss: 0.0008,	 Test Accuracy: 710/1000(71%)
Task: 7,	 Epoch: 9/40,	 Avg.loss: 0.0008,	 Test Accuracy: 710/1000(71%)
Task: 7,	 Epoch: 10/40,	 Avg.loss: 0.0008,	 Test Accuracy: 716/1000(72%)
Task: 7,	 Epoch: 11/40,	 Avg.loss: 0.0008,	 Test Accuracy: 714/1000(71%)
Task: 7,	 Epoch: 12/40,	 Avg.loss: 0.0009,	 Test Accuracy: 697/1000(70%)
Task: 7,	 Epoch: 13/40,	 Avg.loss: 0.0009,	 Test Accuracy: 716/1000(72%)
Task: 7,	 Epoch: 14/40,	 Avg.loss: 0.0008,	 Test Accuracy: 726/1000(73%)
Task: 7,	 Epoch: 15/40,	 Avg.loss: 0.0008,	 Test Accuracy: 730/1000(73%)
Task: 7,	 Epoch: 16/40,	 Avg.loss: 0.0008,	 Test Accuracy: 717/1000(72%)
Task: 7,	 Epoch: 17/40,	 Avg.loss: 0.0008,	 Test Accuracy: 737/1000(74%)
Task: 7,	 Epoch: 18/40,	 Avg.loss: 0.0008,	 Test Accuracy: 731/1000(73%)
Task: 7,	 Epoch: 19/40,	 Avg.loss: 0.0008,	 Test Accuracy: 734/1000(73%)
Task: 7,	 Epoch: 20/40,	 Avg.loss: 0.0008,	 Test Accuracy: 737/1000(74%)
Task: 7,	 Epoch: 21/40,	 Avg.loss: 0.0008,	 Test Accuracy: 734/1000(73%)
Task: 7,	 Epoch: 22/40,	 Avg.loss: 0.0008,	 Test Accuracy: 738/1000(74%)
Task: 7,	 Epoch: 23/40,	 Avg.loss: 0.0008,	 Test Accuracy: 733/1000(73%)
Task: 7,	 Epoch: 24/40,	 Avg.loss: 0.0008,	 Test Accuracy: 734/1000(73%)
Task: 7,	 Epoch: 25/40,	 Avg.loss: 0.0008,	 Test Accuracy: 738/1000(74%)
Task: 7,	 Epoch: 26/40,	 Avg.loss: 0.0008,	 Test Accuracy: 740/1000(74%)
Task: 7,	 Epoch: 27/40,	 Avg.loss: 0.0008,	 Test Accuracy: 731/1000(73%)
Task: 7,	 Epoch: 28/40,	 Avg.loss: 0.0008,	 Test Accuracy: 733/1000(73%)
Task: 7,	 Epoch: 29/40,	 Avg.loss: 0.0008,	 Test Accuracy: 736/1000(74%)
Task: 7,	 Epoch: 30/40,	 Avg.loss: 0.0008,	 Test Accuracy: 744/1000(74%)
Task: 7,	 Epoch: 31/40,	 Avg.loss: 0.0008,	 Test Accuracy: 738/1000(74%)
Task: 7,	 Epoch: 32/40,	 Avg.loss: 0.0008,	 Test Accuracy: 742/1000(74%)
Task: 7,	 Epoch: 33/40,	 Avg.loss: 0.0008,	 Test Accuracy: 733/1000(73%)
Task: 7,	 Epoch: 34/40,	 Avg.loss: 0.0008,	 Test Accuracy: 738/1000(74%)
Task: 7,	 Epoch: 35/40,	 Avg.loss: 0.0008,	 Test Accuracy: 738/1000(74%)
Task: 7,	 Epoch: 36/40,	 Avg.loss: 0.0008,	 Test Accuracy: 739/1000(74%)
Task: 7,	 Epoch: 37/40,	 Avg.loss: 0.0008,	 Test Accuracy: 740/1000(74%)
Task: 7,	 Epoch: 38/40,	 Avg.loss: 0.0008,	 Test Accuracy: 734/1000(73%)
Task: 7,	 Epoch: 39/40,	 Avg.loss: 0.0008,	 Test Accuracy: 740/1000(74%)
Trained Task:7, Loaded task:0, Accuracy:77.3%
Trained Task:7, Loaded task:1, Accuracy:71.4%
Trained Task:7, Loaded task:2, Accuracy:79.2%
Trained Task:7, Loaded task:3, Accuracy:75.2%
Trained Task:7, Loaded task:4, Accuracy:79.5%
Trained Task:7, Loaded task:5, Accuracy:75.9%
Trained Task:7, Loaded task:6, Accuracy:76.9%
Trained Task:7, Loaded task:7, Accuracy:74.0%
Trained Task:7, Avg. Accuracy: 76.2 

List of avg. accuracy: [82.7, 77.7, 77.1, 77.3, 77.9, 77.1, 76.8, 76.2]
Mask histogram
conv1_layer.0.weight: 	 tensor([    0.,     0.,     0.,     0.,     0.,     0.,     0.,     0.,     0.,
        32768.,     0.], device='cuda:0')
conv2_layer.0.weight: 	 tensor([   0.,    0.,    0.,    0.,    0.,    0.,    0.,    0.,    0., 8192.,
           0.], device='cuda:0')
conv3_layer.0.weight: 	 tensor([    0.,     0.,     0.,     0.,     0.,     0.,     0.,     0.,     0.,
        16384.,     0.], device='cuda:0')
conv4_layer.0.weight: 	 tensor([ 540., 1259., 1231.,  708.,  286.,   61.,    7.,    4.,    0.,    0.,
           0.], device='cuda:0')
fc1_layer.0.weight: 	 tensor([ 65., 150., 171.,  86.,  31.,   7.,   2.,   0.,   0.,   0.,   0.],
       device='cuda:0')
Head Finetuning    :Task: 8,	 Epoch: 0/40,	 Avg.loss: 0.0024,	 Test Accuracy: 73/1000(7%)
Head Finetuning    :Task: 8,	 Epoch: 1/40,	 Avg.loss: 0.0024,	 Test Accuracy: 80/1000(8%)
Head Finetuning    :Task: 8,	 Epoch: 2/40,	 Avg.loss: 0.0024,	 Test Accuracy: 88/1000(9%)
Head Finetuning    :Task: 8,	 Epoch: 3/40,	 Avg.loss: 0.0023,	 Test Accuracy: 96/1000(10%)
Head Finetuning    :Task: 8,	 Epoch: 4/40,	 Avg.loss: 0.0023,	 Test Accuracy: 107/1000(11%)
Head Finetuning    :Task: 8,	 Epoch: 5/40,	 Avg.loss: 0.0023,	 Test Accuracy: 111/1000(11%)
Head Finetuning    :Task: 8,	 Epoch: 6/40,	 Avg.loss: 0.0023,	 Test Accuracy: 116/1000(12%)
Head Finetuning    :Task: 8,	 Epoch: 7/40,	 Avg.loss: 0.0023,	 Test Accuracy: 121/1000(12%)
Head Finetuning    :Task: 8,	 Epoch: 8/40,	 Avg.loss: 0.0023,	 Test Accuracy: 124/1000(12%)
Head Finetuning    :Task: 8,	 Epoch: 9/40,	 Avg.loss: 0.0023,	 Test Accuracy: 132/1000(13%)
Head Finetuning    :Task: 8,	 Epoch: 10/40,	 Avg.loss: 0.0023,	 Test Accuracy: 139/1000(14%)
Head Finetuning    :Task: 8,	 Epoch: 11/40,	 Avg.loss: 0.0023,	 Test Accuracy: 140/1000(14%)
Head Finetuning    :Task: 8,	 Epoch: 12/40,	 Avg.loss: 0.0023,	 Test Accuracy: 147/1000(15%)
Head Finetuning    :Task: 8,	 Epoch: 13/40,	 Avg.loss: 0.0023,	 Test Accuracy: 149/1000(15%)
Head Finetuning    :Task: 8,	 Epoch: 14/40,	 Avg.loss: 0.0023,	 Test Accuracy: 154/1000(15%)
Task: 8,	 Epoch: 0/40,	 Avg.loss: 0.0010,	 Test Accuracy: 664/1000(66%)
Task: 8,	 Epoch: 1/40,	 Avg.loss: 0.0009,	 Test Accuracy: 693/1000(69%)
Task: 8,	 Epoch: 2/40,	 Avg.loss: 0.0008,	 Test Accuracy: 729/1000(73%)
Task: 8,	 Epoch: 3/40,	 Avg.loss: 0.0008,	 Test Accuracy: 727/1000(73%)
Task: 8,	 Epoch: 4/40,	 Avg.loss: 0.0008,	 Test Accuracy: 721/1000(72%)
Task: 8,	 Epoch: 5/40,	 Avg.loss: 0.0008,	 Test Accuracy: 708/1000(71%)
Task: 8,	 Epoch: 6/40,	 Avg.loss: 0.0008,	 Test Accuracy: 707/1000(71%)
Task: 8,	 Epoch: 7/40,	 Avg.loss: 0.0007,	 Test Accuracy: 752/1000(75%)
Task: 8,	 Epoch: 8/40,	 Avg.loss: 0.0007,	 Test Accuracy: 746/1000(75%)
Task: 8,	 Epoch: 9/40,	 Avg.loss: 0.0007,	 Test Accuracy: 748/1000(75%)
Task: 8,	 Epoch: 10/40,	 Avg.loss: 0.0007,	 Test Accuracy: 762/1000(76%)
Task: 8,	 Epoch: 11/40,	 Avg.loss: 0.0007,	 Test Accuracy: 762/1000(76%)
Task: 8,	 Epoch: 12/40,	 Avg.loss: 0.0008,	 Test Accuracy: 734/1000(73%)
Task: 8,	 Epoch: 13/40,	 Avg.loss: 0.0007,	 Test Accuracy: 771/1000(77%)
Task: 8,	 Epoch: 14/40,	 Avg.loss: 0.0007,	 Test Accuracy: 771/1000(77%)
Task: 8,	 Epoch: 15/40,	 Avg.loss: 0.0007,	 Test Accuracy: 762/1000(76%)
Task: 8,	 Epoch: 16/40,	 Avg.loss: 0.0008,	 Test Accuracy: 751/1000(75%)
Task: 8,	 Epoch: 17/40,	 Avg.loss: 0.0007,	 Test Accuracy: 773/1000(77%)
Task: 8,	 Epoch: 18/40,	 Avg.loss: 0.0007,	 Test Accuracy: 781/1000(78%)
Task: 8,	 Epoch: 19/40,	 Avg.loss: 0.0007,	 Test Accuracy: 774/1000(77%)
Task: 8,	 Epoch: 20/40,	 Avg.loss: 0.0006,	 Test Accuracy: 801/1000(80%)
Task: 8,	 Epoch: 21/40,	 Avg.loss: 0.0006,	 Test Accuracy: 796/1000(80%)
Task: 8,	 Epoch: 22/40,	 Avg.loss: 0.0006,	 Test Accuracy: 786/1000(79%)
Task: 8,	 Epoch: 23/40,	 Avg.loss: 0.0006,	 Test Accuracy: 786/1000(79%)
Task: 8,	 Epoch: 24/40,	 Avg.loss: 0.0006,	 Test Accuracy: 792/1000(79%)
Task: 8,	 Epoch: 25/40,	 Avg.loss: 0.0006,	 Test Accuracy: 787/1000(79%)
Task: 8,	 Epoch: 26/40,	 Avg.loss: 0.0006,	 Test Accuracy: 781/1000(78%)
Task: 8,	 Epoch: 27/40,	 Avg.loss: 0.0006,	 Test Accuracy: 795/1000(80%)
Task: 8,	 Epoch: 28/40,	 Avg.loss: 0.0006,	 Test Accuracy: 789/1000(79%)
Task: 8,	 Epoch: 29/40,	 Avg.loss: 0.0006,	 Test Accuracy: 794/1000(79%)
Task: 8,	 Epoch: 30/40,	 Avg.loss: 0.0006,	 Test Accuracy: 795/1000(80%)
Task: 8,	 Epoch: 31/40,	 Avg.loss: 0.0006,	 Test Accuracy: 795/1000(80%)
Task: 8,	 Epoch: 32/40,	 Avg.loss: 0.0006,	 Test Accuracy: 804/1000(80%)
Task: 8,	 Epoch: 33/40,	 Avg.loss: 0.0006,	 Test Accuracy: 776/1000(78%)
Task: 8,	 Epoch: 34/40,	 Avg.loss: 0.0006,	 Test Accuracy: 791/1000(79%)
Task: 8,	 Epoch: 35/40,	 Avg.loss: 0.0006,	 Test Accuracy: 791/1000(79%)
Task: 8,	 Epoch: 36/40,	 Avg.loss: 0.0006,	 Test Accuracy: 784/1000(78%)
Task: 8,	 Epoch: 37/40,	 Avg.loss: 0.0006,	 Test Accuracy: 794/1000(79%)
Task: 8,	 Epoch: 38/40,	 Avg.loss: 0.0006,	 Test Accuracy: 789/1000(79%)
Task: 8,	 Epoch: 39/40,	 Avg.loss: 0.0006,	 Test Accuracy: 801/1000(80%)
Trained Task:8, Loaded task:0, Accuracy:78.4%
Trained Task:8, Loaded task:1, Accuracy:71.7%
Trained Task:8, Loaded task:2, Accuracy:79.0%
Trained Task:8, Loaded task:3, Accuracy:75.9%
Trained Task:8, Loaded task:4, Accuracy:79.7%
Trained Task:8, Loaded task:5, Accuracy:76.3%
Trained Task:8, Loaded task:6, Accuracy:76.6%
Trained Task:8, Loaded task:7, Accuracy:73.0%
Trained Task:8, Loaded task:8, Accuracy:80.1%
Trained Task:8, Avg. Accuracy: 76.7 

List of avg. accuracy: [82.7, 77.7, 77.1, 77.3, 77.9, 77.1, 76.8, 76.2, 76.7]
Mask histogram
conv1_layer.0.weight: 	 tensor([    0.,     0.,     0.,     0.,     0.,     0.,     0.,     0.,     0.,
            0., 32768.], device='cuda:0')
conv2_layer.0.weight: 	 tensor([   0.,    0.,    0.,    0.,    0.,    0.,    0.,    0.,    0.,    0.,
        8192.], device='cuda:0')
conv3_layer.0.weight: 	 tensor([    0.,     0.,     0.,     0.,     0.,     0.,     0.,     0.,     0.,
            0., 16384.], device='cuda:0')
conv4_layer.0.weight: 	 tensor([4.3200e+02, 1.1140e+03, 1.2440e+03, 7.9900e+02, 3.7900e+02, 1.0500e+02,
        1.9000e+01, 3.0000e+00, 1.0000e+00, 0.0000e+00, 0.0000e+00],
       device='cuda:0')
fc1_layer.0.weight: 	 tensor([ 45., 142., 170.,  96.,  44.,  12.,   2.,   1.,   0.,   0.,   0.],
       device='cuda:0')
Head Finetuning    :Task: 9,	 Epoch: 0/40,	 Avg.loss: 0.0023,	 Test Accuracy: 141/1000(14%)
Head Finetuning    :Task: 9,	 Epoch: 1/40,	 Avg.loss: 0.0023,	 Test Accuracy: 164/1000(16%)
Head Finetuning    :Task: 9,	 Epoch: 2/40,	 Avg.loss: 0.0023,	 Test Accuracy: 186/1000(19%)
Head Finetuning    :Task: 9,	 Epoch: 3/40,	 Avg.loss: 0.0022,	 Test Accuracy: 200/1000(20%)
Head Finetuning    :Task: 9,	 Epoch: 4/40,	 Avg.loss: 0.0022,	 Test Accuracy: 214/1000(21%)
Head Finetuning    :Task: 9,	 Epoch: 5/40,	 Avg.loss: 0.0022,	 Test Accuracy: 227/1000(23%)
Head Finetuning    :Task: 9,	 Epoch: 6/40,	 Avg.loss: 0.0022,	 Test Accuracy: 240/1000(24%)
Head Finetuning    :Task: 9,	 Epoch: 7/40,	 Avg.loss: 0.0022,	 Test Accuracy: 248/1000(25%)
Head Finetuning    :Task: 9,	 Epoch: 8/40,	 Avg.loss: 0.0022,	 Test Accuracy: 257/1000(26%)
Head Finetuning    :Task: 9,	 Epoch: 9/40,	 Avg.loss: 0.0021,	 Test Accuracy: 264/1000(26%)
Head Finetuning    :Task: 9,	 Epoch: 10/40,	 Avg.loss: 0.0021,	 Test Accuracy: 269/1000(27%)
Head Finetuning    :Task: 9,	 Epoch: 11/40,	 Avg.loss: 0.0021,	 Test Accuracy: 276/1000(28%)
Head Finetuning    :Task: 9,	 Epoch: 12/40,	 Avg.loss: 0.0021,	 Test Accuracy: 285/1000(29%)
Head Finetuning    :Task: 9,	 Epoch: 13/40,	 Avg.loss: 0.0021,	 Test Accuracy: 291/1000(29%)
Head Finetuning    :Task: 9,	 Epoch: 14/40,	 Avg.loss: 0.0021,	 Test Accuracy: 298/1000(30%)
Task: 9,	 Epoch: 0/40,	 Avg.loss: 0.0011,	 Test Accuracy: 651/1000(65%)
Task: 9,	 Epoch: 1/40,	 Avg.loss: 0.0008,	 Test Accuracy: 738/1000(74%)
Task: 9,	 Epoch: 2/40,	 Avg.loss: 0.0007,	 Test Accuracy: 765/1000(76%)
Task: 9,	 Epoch: 3/40,	 Avg.loss: 0.0008,	 Test Accuracy: 718/1000(72%)
Task: 9,	 Epoch: 4/40,	 Avg.loss: 0.0007,	 Test Accuracy: 765/1000(76%)
Task: 9,	 Epoch: 5/40,	 Avg.loss: 0.0007,	 Test Accuracy: 773/1000(77%)
Task: 9,	 Epoch: 6/40,	 Avg.loss: 0.0007,	 Test Accuracy: 769/1000(77%)
Task: 9,	 Epoch: 7/40,	 Avg.loss: 0.0006,	 Test Accuracy: 791/1000(79%)
Task: 9,	 Epoch: 8/40,	 Avg.loss: 0.0007,	 Test Accuracy: 769/1000(77%)
Task: 9,	 Epoch: 9/40,	 Avg.loss: 0.0006,	 Test Accuracy: 787/1000(79%)
Task: 9,	 Epoch: 10/40,	 Avg.loss: 0.0006,	 Test Accuracy: 793/1000(79%)
Task: 9,	 Epoch: 11/40,	 Avg.loss: 0.0006,	 Test Accuracy: 796/1000(80%)
Task: 9,	 Epoch: 12/40,	 Avg.loss: 0.0007,	 Test Accuracy: 780/1000(78%)
Task: 9,	 Epoch: 13/40,	 Avg.loss: 0.0006,	 Test Accuracy: 798/1000(80%)
Task: 9,	 Epoch: 14/40,	 Avg.loss: 0.0006,	 Test Accuracy: 807/1000(81%)
Task: 9,	 Epoch: 15/40,	 Avg.loss: 0.0006,	 Test Accuracy: 798/1000(80%)
Task: 9,	 Epoch: 16/40,	 Avg.loss: 0.0006,	 Test Accuracy: 795/1000(80%)
Task: 9,	 Epoch: 17/40,	 Avg.loss: 0.0007,	 Test Accuracy: 761/1000(76%)
Task: 9,	 Epoch: 18/40,	 Avg.loss: 0.0006,	 Test Accuracy: 806/1000(81%)
Task: 9,	 Epoch: 19/40,	 Avg.loss: 0.0006,	 Test Accuracy: 809/1000(81%)
Task: 9,	 Epoch: 20/40,	 Avg.loss: 0.0006,	 Test Accuracy: 816/1000(82%)
Task: 9,	 Epoch: 21/40,	 Avg.loss: 0.0006,	 Test Accuracy: 816/1000(82%)
Task: 9,	 Epoch: 22/40,	 Avg.loss: 0.0006,	 Test Accuracy: 818/1000(82%)
Task: 9,	 Epoch: 23/40,	 Avg.loss: 0.0006,	 Test Accuracy: 815/1000(82%)
Task: 9,	 Epoch: 24/40,	 Avg.loss: 0.0006,	 Test Accuracy: 822/1000(82%)
Task: 9,	 Epoch: 25/40,	 Avg.loss: 0.0006,	 Test Accuracy: 818/1000(82%)
Task: 9,	 Epoch: 26/40,	 Avg.loss: 0.0006,	 Test Accuracy: 822/1000(82%)
Task: 9,	 Epoch: 27/40,	 Avg.loss: 0.0006,	 Test Accuracy: 820/1000(82%)
Task: 9,	 Epoch: 28/40,	 Avg.loss: 0.0006,	 Test Accuracy: 820/1000(82%)
Task: 9,	 Epoch: 29/40,	 Avg.loss: 0.0006,	 Test Accuracy: 823/1000(82%)
Task: 9,	 Epoch: 30/40,	 Avg.loss: 0.0006,	 Test Accuracy: 820/1000(82%)
Task: 9,	 Epoch: 31/40,	 Avg.loss: 0.0006,	 Test Accuracy: 815/1000(82%)
Task: 9,	 Epoch: 32/40,	 Avg.loss: 0.0006,	 Test Accuracy: 819/1000(82%)
Task: 9,	 Epoch: 33/40,	 Avg.loss: 0.0006,	 Test Accuracy: 821/1000(82%)
Task: 9,	 Epoch: 34/40,	 Avg.loss: 0.0006,	 Test Accuracy: 817/1000(82%)
Task: 9,	 Epoch: 35/40,	 Avg.loss: 0.0006,	 Test Accuracy: 819/1000(82%)
Task: 9,	 Epoch: 36/40,	 Avg.loss: 0.0006,	 Test Accuracy: 818/1000(82%)
Task: 9,	 Epoch: 37/40,	 Avg.loss: 0.0006,	 Test Accuracy: 818/1000(82%)
Task: 9,	 Epoch: 38/40,	 Avg.loss: 0.0006,	 Test Accuracy: 822/1000(82%)
Task: 9,	 Epoch: 39/40,	 Avg.loss: 0.0006,	 Test Accuracy: 822/1000(82%)
Trained Task:9, Loaded task:0, Accuracy:77.6%
Trained Task:9, Loaded task:1, Accuracy:71.3%
Trained Task:9, Loaded task:2, Accuracy:78.5%
Trained Task:9, Loaded task:3, Accuracy:74.9%
Trained Task:9, Loaded task:4, Accuracy:79.5%
Trained Task:9, Loaded task:5, Accuracy:76.4%
Trained Task:9, Loaded task:6, Accuracy:76.5%
Trained Task:9, Loaded task:7, Accuracy:73.2%
Trained Task:9, Loaded task:8, Accuracy:80.3%
Trained Task:9, Loaded task:9, Accuracy:82.2%
Trained Task:9, Avg. Accuracy: 77.0 

List of avg. accuracy: [82.7, 77.7, 77.1, 77.3, 77.9, 77.1, 76.8, 76.2, 76.7, 77.0]
PATH:     /home/sanghyun/Documents/CL/ISG/results/04-01-2021-01:57/
ours
ours
ours
ours
ours
ours
