Layer        : conv1_layer.0.weight
R.histogram  : tensor([6., 4., 5., 3., 4., 3., 1., 3., 2., 1.], device='cuda:0')
R_sum max/min: 1665.6/265.0
F max  		: 0.3947090208530426
O masx 		: 0.0
Layer        : conv2_layer.0.weight
R.histogram  : tensor([5., 9., 9., 1., 2., 0., 3., 0., 1., 2.], device='cuda:0')
R_sum max/min: 7769.4/288.0
F max  		: 0.34528404474258423
O masx 		: 0.0
Layer        : conv3_layer.0.weight
R.histogram  : tensor([14., 16.,  8., 14.,  4.,  3.,  1.,  2.,  1.,  1.], device='cuda:0')
R_sum max/min: 10242.6/288.0
F max  		: 0.15081234276294708
O masx 		: 0.0
Layer        : conv4_layer.0.weight
R.histogram  : tensor([14., 15.,  7.,  4.,  5., 10.,  2.,  2.,  3.,  2.], device='cuda:0')
R_sum max/min: 14178.6/576.0
F max  		: 0.08221303671598434
O masx 		: 0.0
Layer        : fc1_layer.0.weight
R.histogram  : tensor([350., 113.,  29.,  16.,   2.,   0.,   1.,   0.,   0.,   1.],
       device='cuda:0')
R_sum max/min: 68126.2/4096.0
F max  		: 0.012096209451556206
O masx 		: 0.0
Mask histogram
conv1_layer.0.weight: 	 tensor([    0., 32768.,     0.,     0.,     0.,     0.,     0.,     0.,     0.,
            0.,     0.], device='cuda:0')
conv2_layer.0.weight: 	 tensor([   0., 8192.,    0.,    0.,    0.,    0.,    0.,    0.,    0.,    0.,
           0.], device='cuda:0')
conv3_layer.0.weight: 	 tensor([    0., 16384.,     0.,     0.,     0.,     0.,     0.,     0.,     0.,
            0.,     0.], device='cuda:0')
conv4_layer.0.weight: 	 tensor([3328.,  768.,    0.,    0.,    0.,    0.,    0.,    0.,    0.,    0.,
           0.], device='cuda:0')
fc1_layer.0.weight: 	 tensor([410., 102.,   0.,   0.,   0.,   0.,   0.,   0.,   0.,   0.,   0.],
       device='cuda:0')
Head Finetuning    :Task: 0,	 Epoch: 0/40,	 Avg.loss: 0.0018,	 Test Accuracy: 413/1000(41%)
Head Finetuning    :Task: 0,	 Epoch: 1/40,	 Avg.loss: 0.0016,	 Test Accuracy: 471/1000(47%)
Head Finetuning    :Task: 0,	 Epoch: 2/40,	 Avg.loss: 0.0015,	 Test Accuracy: 481/1000(48%)
Head Finetuning    :Task: 0,	 Epoch: 3/40,	 Avg.loss: 0.0014,	 Test Accuracy: 505/1000(51%)
Head Finetuning    :Task: 0,	 Epoch: 4/40,	 Avg.loss: 0.0014,	 Test Accuracy: 507/1000(51%)
Head Finetuning    :Task: 0,	 Epoch: 5/40,	 Avg.loss: 0.0014,	 Test Accuracy: 525/1000(53%)
Head Finetuning    :Task: 0,	 Epoch: 6/40,	 Avg.loss: 0.0014,	 Test Accuracy: 524/1000(52%)
Head Finetuning    :Task: 0,	 Epoch: 7/40,	 Avg.loss: 0.0013,	 Test Accuracy: 531/1000(53%)
Head Finetuning    :Task: 0,	 Epoch: 8/40,	 Avg.loss: 0.0013,	 Test Accuracy: 534/1000(53%)
Head Finetuning    :Task: 0,	 Epoch: 9/40,	 Avg.loss: 0.0013,	 Test Accuracy: 539/1000(54%)
Head Finetuning    :Task: 0,	 Epoch: 10/40,	 Avg.loss: 0.0013,	 Test Accuracy: 539/1000(54%)
Head Finetuning    :Task: 0,	 Epoch: 11/40,	 Avg.loss: 0.0013,	 Test Accuracy: 550/1000(55%)
Head Finetuning    :Task: 0,	 Epoch: 12/40,	 Avg.loss: 0.0013,	 Test Accuracy: 539/1000(54%)
Head Finetuning    :Task: 0,	 Epoch: 13/40,	 Avg.loss: 0.0013,	 Test Accuracy: 549/1000(55%)
Head Finetuning    :Task: 0,	 Epoch: 14/40,	 Avg.loss: 0.0013,	 Test Accuracy: 555/1000(56%)
Task: 0,	 Epoch: 0/40,	 Avg.loss: 0.0010,	 Test Accuracy: 646/1000(65%)
Task: 0,	 Epoch: 1/40,	 Avg.loss: 0.0009,	 Test Accuracy: 673/1000(67%)
Task: 0,	 Epoch: 2/40,	 Avg.loss: 0.0008,	 Test Accuracy: 721/1000(72%)
Task: 0,	 Epoch: 3/40,	 Avg.loss: 0.0007,	 Test Accuracy: 727/1000(73%)
Task: 0,	 Epoch: 4/40,	 Avg.loss: 0.0008,	 Test Accuracy: 723/1000(72%)
Task: 0,	 Epoch: 5/40,	 Avg.loss: 0.0007,	 Test Accuracy: 764/1000(76%)
Task: 0,	 Epoch: 6/40,	 Avg.loss: 0.0008,	 Test Accuracy: 727/1000(73%)
Task: 0,	 Epoch: 7/40,	 Avg.loss: 0.0007,	 Test Accuracy: 771/1000(77%)
Task: 0,	 Epoch: 8/40,	 Avg.loss: 0.0006,	 Test Accuracy: 783/1000(78%)
Task: 0,	 Epoch: 9/40,	 Avg.loss: 0.0006,	 Test Accuracy: 780/1000(78%)
Task: 0,	 Epoch: 10/40,	 Avg.loss: 0.0007,	 Test Accuracy: 773/1000(77%)
Task: 0,	 Epoch: 11/40,	 Avg.loss: 0.0006,	 Test Accuracy: 801/1000(80%)
Task: 0,	 Epoch: 12/40,	 Avg.loss: 0.0006,	 Test Accuracy: 808/1000(81%)
Task: 0,	 Epoch: 13/40,	 Avg.loss: 0.0006,	 Test Accuracy: 806/1000(81%)
Task: 0,	 Epoch: 14/40,	 Avg.loss: 0.0006,	 Test Accuracy: 798/1000(80%)
Task: 0,	 Epoch: 15/40,	 Avg.loss: 0.0006,	 Test Accuracy: 820/1000(82%)
Task: 0,	 Epoch: 16/40,	 Avg.loss: 0.0006,	 Test Accuracy: 809/1000(81%)
Task: 0,	 Epoch: 17/40,	 Avg.loss: 0.0006,	 Test Accuracy: 812/1000(81%)
Task: 0,	 Epoch: 18/40,	 Avg.loss: 0.0006,	 Test Accuracy: 802/1000(80%)
Task: 0,	 Epoch: 19/40,	 Avg.loss: 0.0006,	 Test Accuracy: 818/1000(82%)
Task: 0,	 Epoch: 20/40,	 Avg.loss: 0.0006,	 Test Accuracy: 832/1000(83%)
Task: 0,	 Epoch: 21/40,	 Avg.loss: 0.0006,	 Test Accuracy: 830/1000(83%)
Task: 0,	 Epoch: 22/40,	 Avg.loss: 0.0006,	 Test Accuracy: 828/1000(83%)
Task: 0,	 Epoch: 23/40,	 Avg.loss: 0.0005,	 Test Accuracy: 829/1000(83%)
Task: 0,	 Epoch: 24/40,	 Avg.loss: 0.0006,	 Test Accuracy: 832/1000(83%)
Task: 0,	 Epoch: 25/40,	 Avg.loss: 0.0006,	 Test Accuracy: 831/1000(83%)
Task: 0,	 Epoch: 26/40,	 Avg.loss: 0.0005,	 Test Accuracy: 831/1000(83%)
Task: 0,	 Epoch: 27/40,	 Avg.loss: 0.0005,	 Test Accuracy: 834/1000(83%)
Task: 0,	 Epoch: 28/40,	 Avg.loss: 0.0006,	 Test Accuracy: 831/1000(83%)
Task: 0,	 Epoch: 29/40,	 Avg.loss: 0.0005,	 Test Accuracy: 839/1000(84%)
Task: 0,	 Epoch: 30/40,	 Avg.loss: 0.0005,	 Test Accuracy: 835/1000(84%)
Task: 0,	 Epoch: 31/40,	 Avg.loss: 0.0005,	 Test Accuracy: 831/1000(83%)
Task: 0,	 Epoch: 32/40,	 Avg.loss: 0.0005,	 Test Accuracy: 842/1000(84%)
Task: 0,	 Epoch: 33/40,	 Avg.loss: 0.0005,	 Test Accuracy: 834/1000(83%)
Task: 0,	 Epoch: 34/40,	 Avg.loss: 0.0006,	 Test Accuracy: 831/1000(83%)
Task: 0,	 Epoch: 35/40,	 Avg.loss: 0.0005,	 Test Accuracy: 835/1000(84%)
Task: 0,	 Epoch: 36/40,	 Avg.loss: 0.0005,	 Test Accuracy: 831/1000(83%)
Task: 0,	 Epoch: 37/40,	 Avg.loss: 0.0005,	 Test Accuracy: 833/1000(83%)
Task: 0,	 Epoch: 38/40,	 Avg.loss: 0.0005,	 Test Accuracy: 837/1000(84%)
Task: 0,	 Epoch: 39/40,	 Avg.loss: 0.0005,	 Test Accuracy: 838/1000(84%)
Trained Task:0, Loaded task:0, Accuracy:83.8%
Trained Task:0, Avg. Accuracy: 83.8 

List of avg. accuracy: [83.8]
Layer        : conv1_layer.0.weight
R.histogram  : tensor([8., 6., 6., 3., 2., 4., 1., 0., 1., 1.], device='cuda:0')
R_sum max/min: 1646.7/149.8
F max  		: 1.0590684413909912
O masx 		: 9.640652656555176
Layer        : conv2_layer.0.weight
R.histogram  : tensor([10.,  5.,  6.,  3.,  3.,  2.,  0.,  0.,  2.,  1.], device='cuda:0')
R_sum max/min: 10006.7/288.0
F max  		: 0.5573381781578064
O masx 		: 5.12022066116333
Layer        : conv3_layer.0.weight
R.histogram  : tensor([15., 18., 14.,  3.,  4.,  4.,  2.,  1.,  2.,  1.], device='cuda:0')
R_sum max/min: 8807.0/288.0
F max  		: 0.35027700662612915
O masx 		: 2.8218486309051514
Layer        : conv4_layer.0.weight
R.histogram  : tensor([38., 12.,  3.,  6.,  1.,  2.,  1.,  0.,  0.,  1.], device='cuda:0')
R_sum max/min: 13139.0/576.0
F max  		: 0.4161205589771271
O masx 		: 2.621971845626831
Layer        : fc1_layer.0.weight
R.histogram  : tensor([356.,  57.,  53.,  21.,   6.,   8.,   5.,   4.,   1.,   1.],
       device='cuda:0')
R_sum max/min: 63535.0/4096.0
F max  		: 0.01926426962018013
O masx 		: 0.6085683703422546
Mask histogram
conv1_layer.0.weight: 	 tensor([    0.,     0., 32768.,     0.,     0.,     0.,     0.,     0.,     0.,
            0.,     0.], device='cuda:0')
conv2_layer.0.weight: 	 tensor([   0.,    0., 8192.,    0.,    0.,    0.,    0.,    0.,    0.,    0.,
           0.], device='cuda:0')
conv3_layer.0.weight: 	 tensor([    0.,     0., 16384.,     0.,     0.,     0.,     0.,     0.,     0.,
            0.,     0.], device='cuda:0')
conv4_layer.0.weight: 	 tensor([3072.,  512.,  512.,    0.,    0.,    0.,    0.,    0.,    0.,    0.,
           0.], device='cuda:0')
fc1_layer.0.weight: 	 tensor([374.,  72.,  66.,   0.,   0.,   0.,   0.,   0.,   0.,   0.,   0.],
       device='cuda:0')
Head Finetuning    :Task: 1,	 Epoch: 0/40,	 Avg.loss: 0.0027,	 Test Accuracy: 98/1000(10%)
Head Finetuning    :Task: 1,	 Epoch: 1/40,	 Avg.loss: 0.0025,	 Test Accuracy: 96/1000(10%)
Head Finetuning    :Task: 1,	 Epoch: 2/40,	 Avg.loss: 0.0024,	 Test Accuracy: 90/1000(9%)
Head Finetuning    :Task: 1,	 Epoch: 3/40,	 Avg.loss: 0.0024,	 Test Accuracy: 106/1000(11%)
Head Finetuning    :Task: 1,	 Epoch: 4/40,	 Avg.loss: 0.0023,	 Test Accuracy: 111/1000(11%)
Head Finetuning    :Task: 1,	 Epoch: 5/40,	 Avg.loss: 0.0023,	 Test Accuracy: 109/1000(11%)
Head Finetuning    :Task: 1,	 Epoch: 6/40,	 Avg.loss: 0.0023,	 Test Accuracy: 118/1000(12%)
Head Finetuning    :Task: 1,	 Epoch: 7/40,	 Avg.loss: 0.0023,	 Test Accuracy: 126/1000(13%)
Head Finetuning    :Task: 1,	 Epoch: 8/40,	 Avg.loss: 0.0023,	 Test Accuracy: 143/1000(14%)
Head Finetuning    :Task: 1,	 Epoch: 9/40,	 Avg.loss: 0.0022,	 Test Accuracy: 151/1000(15%)
Head Finetuning    :Task: 1,	 Epoch: 10/40,	 Avg.loss: 0.0022,	 Test Accuracy: 157/1000(16%)
Head Finetuning    :Task: 1,	 Epoch: 11/40,	 Avg.loss: 0.0022,	 Test Accuracy: 161/1000(16%)
Head Finetuning    :Task: 1,	 Epoch: 12/40,	 Avg.loss: 0.0022,	 Test Accuracy: 167/1000(17%)
Head Finetuning    :Task: 1,	 Epoch: 13/40,	 Avg.loss: 0.0022,	 Test Accuracy: 175/1000(18%)
Head Finetuning    :Task: 1,	 Epoch: 14/40,	 Avg.loss: 0.0022,	 Test Accuracy: 179/1000(18%)
Task: 1,	 Epoch: 0/40,	 Avg.loss: 0.0011,	 Test Accuracy: 631/1000(63%)
Task: 1,	 Epoch: 1/40,	 Avg.loss: 0.0010,	 Test Accuracy: 641/1000(64%)
Task: 1,	 Epoch: 2/40,	 Avg.loss: 0.0010,	 Test Accuracy: 673/1000(67%)
Task: 1,	 Epoch: 3/40,	 Avg.loss: 0.0010,	 Test Accuracy: 664/1000(66%)
Task: 1,	 Epoch: 4/40,	 Avg.loss: 0.0009,	 Test Accuracy: 692/1000(69%)
Task: 1,	 Epoch: 5/40,	 Avg.loss: 0.0009,	 Test Accuracy: 688/1000(69%)
Task: 1,	 Epoch: 6/40,	 Avg.loss: 0.0010,	 Test Accuracy: 682/1000(68%)
Task: 1,	 Epoch: 7/40,	 Avg.loss: 0.0009,	 Test Accuracy: 690/1000(69%)
Task: 1,	 Epoch: 8/40,	 Avg.loss: 0.0009,	 Test Accuracy: 711/1000(71%)
Task: 1,	 Epoch: 9/40,	 Avg.loss: 0.0008,	 Test Accuracy: 708/1000(71%)
Task: 1,	 Epoch: 10/40,	 Avg.loss: 0.0009,	 Test Accuracy: 700/1000(70%)
Task: 1,	 Epoch: 11/40,	 Avg.loss: 0.0009,	 Test Accuracy: 691/1000(69%)
Task: 1,	 Epoch: 12/40,	 Avg.loss: 0.0009,	 Test Accuracy: 682/1000(68%)
Task: 1,	 Epoch: 13/40,	 Avg.loss: 0.0008,	 Test Accuracy: 721/1000(72%)
Task: 1,	 Epoch: 14/40,	 Avg.loss: 0.0009,	 Test Accuracy: 709/1000(71%)
Task: 1,	 Epoch: 15/40,	 Avg.loss: 0.0010,	 Test Accuracy: 666/1000(67%)
Task: 1,	 Epoch: 16/40,	 Avg.loss: 0.0008,	 Test Accuracy: 719/1000(72%)
Task: 1,	 Epoch: 17/40,	 Avg.loss: 0.0009,	 Test Accuracy: 705/1000(70%)
Task: 1,	 Epoch: 18/40,	 Avg.loss: 0.0008,	 Test Accuracy: 725/1000(72%)
Task: 1,	 Epoch: 19/40,	 Avg.loss: 0.0009,	 Test Accuracy: 710/1000(71%)
Task: 1,	 Epoch: 20/40,	 Avg.loss: 0.0008,	 Test Accuracy: 742/1000(74%)
Task: 1,	 Epoch: 21/40,	 Avg.loss: 0.0008,	 Test Accuracy: 731/1000(73%)
Task: 1,	 Epoch: 22/40,	 Avg.loss: 0.0008,	 Test Accuracy: 745/1000(74%)
Task: 1,	 Epoch: 23/40,	 Avg.loss: 0.0008,	 Test Accuracy: 741/1000(74%)
Task: 1,	 Epoch: 24/40,	 Avg.loss: 0.0008,	 Test Accuracy: 741/1000(74%)
Task: 1,	 Epoch: 25/40,	 Avg.loss: 0.0008,	 Test Accuracy: 745/1000(74%)
Task: 1,	 Epoch: 26/40,	 Avg.loss: 0.0008,	 Test Accuracy: 747/1000(75%)
Task: 1,	 Epoch: 27/40,	 Avg.loss: 0.0008,	 Test Accuracy: 751/1000(75%)
Task: 1,	 Epoch: 28/40,	 Avg.loss: 0.0008,	 Test Accuracy: 747/1000(75%)
Task: 1,	 Epoch: 29/40,	 Avg.loss: 0.0008,	 Test Accuracy: 748/1000(75%)
Task: 1,	 Epoch: 30/40,	 Avg.loss: 0.0008,	 Test Accuracy: 746/1000(75%)
Task: 1,	 Epoch: 31/40,	 Avg.loss: 0.0008,	 Test Accuracy: 743/1000(74%)
Task: 1,	 Epoch: 32/40,	 Avg.loss: 0.0008,	 Test Accuracy: 749/1000(75%)
Task: 1,	 Epoch: 33/40,	 Avg.loss: 0.0008,	 Test Accuracy: 748/1000(75%)
Task: 1,	 Epoch: 34/40,	 Avg.loss: 0.0008,	 Test Accuracy: 741/1000(74%)
Task: 1,	 Epoch: 35/40,	 Avg.loss: 0.0008,	 Test Accuracy: 754/1000(75%)
Task: 1,	 Epoch: 36/40,	 Avg.loss: 0.0008,	 Test Accuracy: 749/1000(75%)
Task: 1,	 Epoch: 37/40,	 Avg.loss: 0.0008,	 Test Accuracy: 748/1000(75%)
Task: 1,	 Epoch: 38/40,	 Avg.loss: 0.0008,	 Test Accuracy: 748/1000(75%)
Task: 1,	 Epoch: 39/40,	 Avg.loss: 0.0008,	 Test Accuracy: 748/1000(75%)
Trained Task:1, Loaded task:0, Accuracy:83.3%
Trained Task:1, Loaded task:1, Accuracy:74.8%
Trained Task:1, Avg. Accuracy: 79.1 

List of avg. accuracy: [83.8, 79.1]
Layer        : conv1_layer.0.weight
R.histogram  : tensor([7., 7., 6., 3., 3., 1., 1., 0., 2., 2.], device='cuda:0')
R_sum max/min: 1886.6/177.7
F max  		: 1.2666645050048828
O masx 		: 11.999356269836426
Layer        : conv2_layer.0.weight
R.histogram  : tensor([12.,  8.,  2.,  3.,  1.,  1.,  3.,  0.,  0.,  2.], device='cuda:0')
R_sum max/min: 9442.6/288.0
F max  		: 0.7466065287590027
O masx 		: 6.671712875366211
Layer        : conv3_layer.0.weight
R.histogram  : tensor([14., 25., 11.,  4.,  3.,  2.,  2.,  0.,  1.,  2.], device='cuda:0')
R_sum max/min: 7936.1/288.0
F max  		: 0.5223217010498047
O masx 		: 3.463594436645508
Layer        : conv4_layer.0.weight
R.histogram  : tensor([36., 14.,  2.,  3.,  4.,  1.,  1.,  1.,  1.,  1.], device='cuda:0')
R_sum max/min: 14687.9/576.0
F max  		: 0.37202638387680054
O masx 		: 4.264315605163574
Layer        : fc1_layer.0.weight
R.histogram  : tensor([376.,  55.,  34.,  19.,   9.,   7.,   3.,   6.,   2.,   1.],
       device='cuda:0')
R_sum max/min: 47854.8/4096.0
F max  		: 0.03836068883538246
O masx 		: 0.6085683703422546
Mask histogram
conv1_layer.0.weight: 	 tensor([    0.,     0.,     0., 32768.,     0.,     0.,     0.,     0.,     0.,
            0.,     0.], device='cuda:0')
conv2_layer.0.weight: 	 tensor([   0.,    0.,    0., 8192.,    0.,    0.,    0.,    0.,    0.,    0.,
           0.], device='cuda:0')
conv3_layer.0.weight: 	 tensor([    0.,     0.,     0., 16384.,     0.,     0.,     0.,     0.,     0.,
            0.,     0.], device='cuda:0')
conv4_layer.0.weight: 	 tensor([3072.,  256.,  256.,  512.,    0.,    0.,    0.,    0.,    0.,    0.,
           0.], device='cuda:0')
fc1_layer.0.weight: 	 tensor([363.,  40.,  61.,  48.,   0.,   0.,   0.,   0.,   0.,   0.,   0.],
       device='cuda:0')
Head Finetuning    :Task: 2,	 Epoch: 0/40,	 Avg.loss: 0.0026,	 Test Accuracy: 91/1000(9%)
Head Finetuning    :Task: 2,	 Epoch: 1/40,	 Avg.loss: 0.0025,	 Test Accuracy: 99/1000(10%)
Head Finetuning    :Task: 2,	 Epoch: 2/40,	 Avg.loss: 0.0025,	 Test Accuracy: 105/1000(11%)
Head Finetuning    :Task: 2,	 Epoch: 3/40,	 Avg.loss: 0.0024,	 Test Accuracy: 113/1000(11%)
Head Finetuning    :Task: 2,	 Epoch: 4/40,	 Avg.loss: 0.0024,	 Test Accuracy: 129/1000(13%)
Head Finetuning    :Task: 2,	 Epoch: 5/40,	 Avg.loss: 0.0023,	 Test Accuracy: 146/1000(15%)
Head Finetuning    :Task: 2,	 Epoch: 6/40,	 Avg.loss: 0.0023,	 Test Accuracy: 152/1000(15%)
Head Finetuning    :Task: 2,	 Epoch: 7/40,	 Avg.loss: 0.0022,	 Test Accuracy: 161/1000(16%)
Head Finetuning    :Task: 2,	 Epoch: 8/40,	 Avg.loss: 0.0022,	 Test Accuracy: 169/1000(17%)
Head Finetuning    :Task: 2,	 Epoch: 9/40,	 Avg.loss: 0.0022,	 Test Accuracy: 181/1000(18%)
Head Finetuning    :Task: 2,	 Epoch: 10/40,	 Avg.loss: 0.0022,	 Test Accuracy: 184/1000(18%)
Head Finetuning    :Task: 2,	 Epoch: 11/40,	 Avg.loss: 0.0021,	 Test Accuracy: 198/1000(20%)
Head Finetuning    :Task: 2,	 Epoch: 12/40,	 Avg.loss: 0.0021,	 Test Accuracy: 205/1000(21%)
Head Finetuning    :Task: 2,	 Epoch: 13/40,	 Avg.loss: 0.0021,	 Test Accuracy: 210/1000(21%)
Head Finetuning    :Task: 2,	 Epoch: 14/40,	 Avg.loss: 0.0021,	 Test Accuracy: 224/1000(22%)
Task: 2,	 Epoch: 0/40,	 Avg.loss: 0.0011,	 Test Accuracy: 659/1000(66%)
Task: 2,	 Epoch: 1/40,	 Avg.loss: 0.0010,	 Test Accuracy: 663/1000(66%)
Task: 2,	 Epoch: 2/40,	 Avg.loss: 0.0010,	 Test Accuracy: 700/1000(70%)
Task: 2,	 Epoch: 3/40,	 Avg.loss: 0.0009,	 Test Accuracy: 717/1000(72%)
Task: 2,	 Epoch: 4/40,	 Avg.loss: 0.0009,	 Test Accuracy: 731/1000(73%)
Task: 2,	 Epoch: 5/40,	 Avg.loss: 0.0009,	 Test Accuracy: 713/1000(71%)
Task: 2,	 Epoch: 6/40,	 Avg.loss: 0.0009,	 Test Accuracy: 690/1000(69%)
Task: 2,	 Epoch: 7/40,	 Avg.loss: 0.0009,	 Test Accuracy: 696/1000(70%)
Task: 2,	 Epoch: 8/40,	 Avg.loss: 0.0009,	 Test Accuracy: 687/1000(69%)
Task: 2,	 Epoch: 9/40,	 Avg.loss: 0.0009,	 Test Accuracy: 699/1000(70%)
Task: 2,	 Epoch: 10/40,	 Avg.loss: 0.0008,	 Test Accuracy: 748/1000(75%)
Task: 2,	 Epoch: 11/40,	 Avg.loss: 0.0008,	 Test Accuracy: 749/1000(75%)
Task: 2,	 Epoch: 12/40,	 Avg.loss: 0.0008,	 Test Accuracy: 750/1000(75%)
Task: 2,	 Epoch: 13/40,	 Avg.loss: 0.0008,	 Test Accuracy: 731/1000(73%)
Task: 2,	 Epoch: 14/40,	 Avg.loss: 0.0008,	 Test Accuracy: 727/1000(73%)
Task: 2,	 Epoch: 15/40,	 Avg.loss: 0.0008,	 Test Accuracy: 753/1000(75%)
Task: 2,	 Epoch: 16/40,	 Avg.loss: 0.0008,	 Test Accuracy: 724/1000(72%)
Task: 2,	 Epoch: 17/40,	 Avg.loss: 0.0008,	 Test Accuracy: 740/1000(74%)
Task: 2,	 Epoch: 18/40,	 Avg.loss: 0.0008,	 Test Accuracy: 724/1000(72%)
Task: 2,	 Epoch: 19/40,	 Avg.loss: 0.0008,	 Test Accuracy: 751/1000(75%)
Task: 2,	 Epoch: 20/40,	 Avg.loss: 0.0007,	 Test Accuracy: 764/1000(76%)
Task: 2,	 Epoch: 21/40,	 Avg.loss: 0.0007,	 Test Accuracy: 766/1000(77%)
Task: 2,	 Epoch: 22/40,	 Avg.loss: 0.0007,	 Test Accuracy: 764/1000(76%)
Task: 2,	 Epoch: 23/40,	 Avg.loss: 0.0007,	 Test Accuracy: 766/1000(77%)
Task: 2,	 Epoch: 24/40,	 Avg.loss: 0.0007,	 Test Accuracy: 772/1000(77%)
Task: 2,	 Epoch: 25/40,	 Avg.loss: 0.0007,	 Test Accuracy: 771/1000(77%)
Task: 2,	 Epoch: 26/40,	 Avg.loss: 0.0007,	 Test Accuracy: 767/1000(77%)
Task: 2,	 Epoch: 27/40,	 Avg.loss: 0.0007,	 Test Accuracy: 772/1000(77%)
Task: 2,	 Epoch: 28/40,	 Avg.loss: 0.0007,	 Test Accuracy: 775/1000(78%)
Task: 2,	 Epoch: 29/40,	 Avg.loss: 0.0007,	 Test Accuracy: 767/1000(77%)
Task: 2,	 Epoch: 30/40,	 Avg.loss: 0.0007,	 Test Accuracy: 767/1000(77%)
Task: 2,	 Epoch: 31/40,	 Avg.loss: 0.0007,	 Test Accuracy: 771/1000(77%)
Task: 2,	 Epoch: 32/40,	 Avg.loss: 0.0007,	 Test Accuracy: 765/1000(76%)
Task: 2,	 Epoch: 33/40,	 Avg.loss: 0.0007,	 Test Accuracy: 775/1000(78%)
Task: 2,	 Epoch: 34/40,	 Avg.loss: 0.0007,	 Test Accuracy: 766/1000(77%)
Task: 2,	 Epoch: 35/40,	 Avg.loss: 0.0007,	 Test Accuracy: 764/1000(76%)
Task: 2,	 Epoch: 36/40,	 Avg.loss: 0.0007,	 Test Accuracy: 761/1000(76%)
Task: 2,	 Epoch: 37/40,	 Avg.loss: 0.0007,	 Test Accuracy: 760/1000(76%)
Task: 2,	 Epoch: 38/40,	 Avg.loss: 0.0007,	 Test Accuracy: 767/1000(77%)
Task: 2,	 Epoch: 39/40,	 Avg.loss: 0.0007,	 Test Accuracy: 766/1000(77%)
Trained Task:2, Loaded task:0, Accuracy:82.4%
Trained Task:2, Loaded task:1, Accuracy:74.9%
Trained Task:2, Loaded task:2, Accuracy:76.6%
Trained Task:2, Avg. Accuracy: 78.0 

List of avg. accuracy: [83.8, 79.1, 78.0]
Layer        : conv1_layer.0.weight
R.histogram  : tensor([2., 6., 1., 6., 3., 1., 5., 3., 2., 3.], device='cuda:0')
R_sum max/min: 1327.0/154.0
F max  		: 1.5653502941131592
O masx 		: 15.415069580078125
Layer        : conv2_layer.0.weight
R.histogram  : tensor([ 6., 11.,  6.,  0.,  3.,  0.,  2.,  0.,  1.,  3.], device='cuda:0')
R_sum max/min: 7290.5/288.0
F max  		: 1.516974687576294
O masx 		: 8.621210098266602
Layer        : conv3_layer.0.weight
R.histogram  : tensor([23., 23.,  6.,  4.,  2.,  3.,  0.,  1.,  0.,  2.], device='cuda:0')
R_sum max/min: 9151.7/288.0
F max  		: 0.9405578970909119
O masx 		: 4.99711799621582
Layer        : conv4_layer.0.weight
R.histogram  : tensor([36., 12.,  3.,  1.,  3.,  1.,  2.,  2.,  3.,  1.], device='cuda:0')
R_sum max/min: 14563.3/576.0
F max  		: 0.5199085474014282
O masx 		: 5.055622100830078
Layer        : fc1_layer.0.weight
R.histogram  : tensor([394.,  40.,  35.,  14.,  10.,   7.,   3.,   4.,   2.,   3.],
       device='cuda:0')
R_sum max/min: 59038.0/4096.0
F max  		: 0.04777759686112404
O masx 		: 0.6324445009231567
Mask histogram
conv1_layer.0.weight: 	 tensor([    0.,     0.,     0.,     0., 32768.,     0.,     0.,     0.,     0.,
            0.,     0.], device='cuda:0')
conv2_layer.0.weight: 	 tensor([   0.,    0.,    0.,    0., 8192.,    0.,    0.,    0.,    0.,    0.,
           0.], device='cuda:0')
conv3_layer.0.weight: 	 tensor([    0.,     0.,     0.,     0., 16384.,     0.,     0.,     0.,     0.,
            0.,     0.], device='cuda:0')
conv4_layer.0.weight: 	 tensor([3072.,  192.,  128.,  192.,  512.,    0.,    0.,    0.,    0.,    0.,
           0.], device='cuda:0')
fc1_layer.0.weight: 	 tensor([358.,  33.,  31.,  47.,  43.,   0.,   0.,   0.,   0.,   0.,   0.],
       device='cuda:0')
Head Finetuning    :Task: 3,	 Epoch: 0/40,	 Avg.loss: 0.0028,	 Test Accuracy: 85/1000(8%)
Head Finetuning    :Task: 3,	 Epoch: 1/40,	 Avg.loss: 0.0026,	 Test Accuracy: 98/1000(10%)
Head Finetuning    :Task: 3,	 Epoch: 2/40,	 Avg.loss: 0.0025,	 Test Accuracy: 122/1000(12%)
Head Finetuning    :Task: 3,	 Epoch: 3/40,	 Avg.loss: 0.0024,	 Test Accuracy: 134/1000(13%)
Head Finetuning    :Task: 3,	 Epoch: 4/40,	 Avg.loss: 0.0023,	 Test Accuracy: 146/1000(15%)
Head Finetuning    :Task: 3,	 Epoch: 5/40,	 Avg.loss: 0.0023,	 Test Accuracy: 160/1000(16%)
Head Finetuning    :Task: 3,	 Epoch: 6/40,	 Avg.loss: 0.0022,	 Test Accuracy: 176/1000(18%)
Head Finetuning    :Task: 3,	 Epoch: 7/40,	 Avg.loss: 0.0022,	 Test Accuracy: 189/1000(19%)
Head Finetuning    :Task: 3,	 Epoch: 8/40,	 Avg.loss: 0.0022,	 Test Accuracy: 205/1000(21%)
Head Finetuning    :Task: 3,	 Epoch: 9/40,	 Avg.loss: 0.0021,	 Test Accuracy: 219/1000(22%)
Head Finetuning    :Task: 3,	 Epoch: 10/40,	 Avg.loss: 0.0021,	 Test Accuracy: 234/1000(23%)
Head Finetuning    :Task: 3,	 Epoch: 11/40,	 Avg.loss: 0.0021,	 Test Accuracy: 241/1000(24%)
Head Finetuning    :Task: 3,	 Epoch: 12/40,	 Avg.loss: 0.0020,	 Test Accuracy: 252/1000(25%)
Head Finetuning    :Task: 3,	 Epoch: 13/40,	 Avg.loss: 0.0020,	 Test Accuracy: 260/1000(26%)
Head Finetuning    :Task: 3,	 Epoch: 14/40,	 Avg.loss: 0.0020,	 Test Accuracy: 270/1000(27%)
Task: 3,	 Epoch: 0/40,	 Avg.loss: 0.0013,	 Test Accuracy: 579/1000(58%)
Task: 3,	 Epoch: 1/40,	 Avg.loss: 0.0011,	 Test Accuracy: 611/1000(61%)
Task: 3,	 Epoch: 2/40,	 Avg.loss: 0.0012,	 Test Accuracy: 570/1000(57%)
Task: 3,	 Epoch: 3/40,	 Avg.loss: 0.0011,	 Test Accuracy: 634/1000(63%)
Task: 3,	 Epoch: 4/40,	 Avg.loss: 0.0012,	 Test Accuracy: 576/1000(58%)
Task: 3,	 Epoch: 5/40,	 Avg.loss: 0.0011,	 Test Accuracy: 641/1000(64%)
Task: 3,	 Epoch: 6/40,	 Avg.loss: 0.0010,	 Test Accuracy: 653/1000(65%)
Task: 3,	 Epoch: 7/40,	 Avg.loss: 0.0010,	 Test Accuracy: 642/1000(64%)
Task: 3,	 Epoch: 8/40,	 Avg.loss: 0.0010,	 Test Accuracy: 684/1000(68%)
Task: 3,	 Epoch: 9/40,	 Avg.loss: 0.0010,	 Test Accuracy: 665/1000(66%)
Task: 3,	 Epoch: 10/40,	 Avg.loss: 0.0010,	 Test Accuracy: 662/1000(66%)
Task: 3,	 Epoch: 11/40,	 Avg.loss: 0.0011,	 Test Accuracy: 625/1000(63%)
Task: 3,	 Epoch: 12/40,	 Avg.loss: 0.0010,	 Test Accuracy: 674/1000(67%)
Task: 3,	 Epoch: 13/40,	 Avg.loss: 0.0010,	 Test Accuracy: 689/1000(69%)
Task: 3,	 Epoch: 14/40,	 Avg.loss: 0.0009,	 Test Accuracy: 685/1000(68%)
Task: 3,	 Epoch: 15/40,	 Avg.loss: 0.0009,	 Test Accuracy: 677/1000(68%)
Task: 3,	 Epoch: 16/40,	 Avg.loss: 0.0010,	 Test Accuracy: 669/1000(67%)
Task: 3,	 Epoch: 17/40,	 Avg.loss: 0.0010,	 Test Accuracy: 658/1000(66%)
Task: 3,	 Epoch: 18/40,	 Avg.loss: 0.0010,	 Test Accuracy: 673/1000(67%)
Task: 3,	 Epoch: 19/40,	 Avg.loss: 0.0009,	 Test Accuracy: 678/1000(68%)
Task: 3,	 Epoch: 20/40,	 Avg.loss: 0.0009,	 Test Accuracy: 700/1000(70%)
Task: 3,	 Epoch: 21/40,	 Avg.loss: 0.0009,	 Test Accuracy: 699/1000(70%)
Task: 3,	 Epoch: 22/40,	 Avg.loss: 0.0009,	 Test Accuracy: 700/1000(70%)
Task: 3,	 Epoch: 23/40,	 Avg.loss: 0.0009,	 Test Accuracy: 702/1000(70%)
Task: 3,	 Epoch: 24/40,	 Avg.loss: 0.0009,	 Test Accuracy: 698/1000(70%)
Task: 3,	 Epoch: 25/40,	 Avg.loss: 0.0009,	 Test Accuracy: 696/1000(70%)
Task: 3,	 Epoch: 26/40,	 Avg.loss: 0.0009,	 Test Accuracy: 691/1000(69%)
Task: 3,	 Epoch: 27/40,	 Avg.loss: 0.0009,	 Test Accuracy: 698/1000(70%)
Task: 3,	 Epoch: 28/40,	 Avg.loss: 0.0009,	 Test Accuracy: 699/1000(70%)
Task: 3,	 Epoch: 29/40,	 Avg.loss: 0.0009,	 Test Accuracy: 700/1000(70%)
Task: 3,	 Epoch: 30/40,	 Avg.loss: 0.0009,	 Test Accuracy: 704/1000(70%)
Task: 3,	 Epoch: 31/40,	 Avg.loss: 0.0009,	 Test Accuracy: 702/1000(70%)
Task: 3,	 Epoch: 32/40,	 Avg.loss: 0.0009,	 Test Accuracy: 701/1000(70%)
Task: 3,	 Epoch: 33/40,	 Avg.loss: 0.0009,	 Test Accuracy: 705/1000(70%)
Task: 3,	 Epoch: 34/40,	 Avg.loss: 0.0009,	 Test Accuracy: 700/1000(70%)
Task: 3,	 Epoch: 35/40,	 Avg.loss: 0.0009,	 Test Accuracy: 699/1000(70%)
Task: 3,	 Epoch: 36/40,	 Avg.loss: 0.0009,	 Test Accuracy: 703/1000(70%)
Task: 3,	 Epoch: 37/40,	 Avg.loss: 0.0009,	 Test Accuracy: 699/1000(70%)
Task: 3,	 Epoch: 38/40,	 Avg.loss: 0.0009,	 Test Accuracy: 702/1000(70%)
Task: 3,	 Epoch: 39/40,	 Avg.loss: 0.0009,	 Test Accuracy: 699/1000(70%)
Trained Task:3, Loaded task:0, Accuracy:81.3%
Trained Task:3, Loaded task:1, Accuracy:72.9%
Trained Task:3, Loaded task:2, Accuracy:76.4%
Trained Task:3, Loaded task:3, Accuracy:69.9%
Trained Task:3, Avg. Accuracy: 75.1 

List of avg. accuracy: [83.8, 79.1, 78.0, 75.1]
Layer        : conv1_layer.0.weight
R.histogram  : tensor([2., 6., 6., 2., 4., 2., 3., 4., 2., 1.], device='cuda:0')
R_sum max/min: 1341.1/123.4
F max  		: 2.1711266040802
O masx 		: 16.530550003051758
Layer        : conv2_layer.0.weight
R.histogram  : tensor([15., 10.,  1.,  1.,  1.,  0.,  2.,  1.,  0.,  1.], device='cuda:0')
R_sum max/min: 9460.3/288.0
F max  		: 2.0056135654449463
O masx 		: 10.191352844238281
Layer        : conv3_layer.0.weight
R.histogram  : tensor([26., 19.,  7.,  3.,  5.,  1.,  1.,  0.,  1.,  1.], device='cuda:0')
R_sum max/min: 9068.3/288.0
F max  		: 1.1981511116027832
O masx 		: 6.366384506225586
Layer        : conv4_layer.0.weight
R.histogram  : tensor([37., 15.,  4.,  0.,  4.,  1.,  0.,  0.,  2.,  1.], device='cuda:0')
R_sum max/min: 13187.0/576.0
F max  		: 0.9519994854927063
O masx 		: 5.670653343200684
Layer        : fc1_layer.0.weight
R.histogram  : tensor([422.,  30.,  20.,  18.,   9.,   5.,   4.,   2.,   1.,   1.],
       device='cuda:0')
R_sum max/min: 54894.8/4096.0
F max  		: 0.07976390421390533
O masx 		: 0.6324445009231567
Mask histogram
conv1_layer.0.weight: 	 tensor([    0.,     0.,     0.,     0.,     0., 32768.,     0.,     0.,     0.,
            0.,     0.], device='cuda:0')
conv2_layer.0.weight: 	 tensor([   0.,    0.,    0.,    0.,    0., 8192.,    0.,    0.,    0.,    0.,
           0.], device='cuda:0')
conv3_layer.0.weight: 	 tensor([    0.,     0.,     0.,     0.,     0., 16384.,     0.,     0.,     0.,
            0.,     0.], device='cuda:0')
conv4_layer.0.weight: 	 tensor([3008.,  192.,  128.,  128.,  192.,  448.,    0.,    0.,    0.,    0.,
           0.], device='cuda:0')
fc1_layer.0.weight: 	 tensor([357.,  27.,  21.,  27.,  40.,  40.,   0.,   0.,   0.,   0.,   0.],
       device='cuda:0')
Head Finetuning    :Task: 4,	 Epoch: 0/40,	 Avg.loss: 0.0031,	 Test Accuracy: 95/1000(10%)
Head Finetuning    :Task: 4,	 Epoch: 1/40,	 Avg.loss: 0.0028,	 Test Accuracy: 101/1000(10%)
Head Finetuning    :Task: 4,	 Epoch: 2/40,	 Avg.loss: 0.0026,	 Test Accuracy: 115/1000(12%)
Head Finetuning    :Task: 4,	 Epoch: 3/40,	 Avg.loss: 0.0025,	 Test Accuracy: 132/1000(13%)
Head Finetuning    :Task: 4,	 Epoch: 4/40,	 Avg.loss: 0.0024,	 Test Accuracy: 157/1000(16%)
Head Finetuning    :Task: 4,	 Epoch: 5/40,	 Avg.loss: 0.0024,	 Test Accuracy: 175/1000(18%)
Head Finetuning    :Task: 4,	 Epoch: 6/40,	 Avg.loss: 0.0023,	 Test Accuracy: 187/1000(19%)
Head Finetuning    :Task: 4,	 Epoch: 7/40,	 Avg.loss: 0.0023,	 Test Accuracy: 201/1000(20%)
Head Finetuning    :Task: 4,	 Epoch: 8/40,	 Avg.loss: 0.0022,	 Test Accuracy: 223/1000(22%)
Head Finetuning    :Task: 4,	 Epoch: 9/40,	 Avg.loss: 0.0022,	 Test Accuracy: 235/1000(24%)
Head Finetuning    :Task: 4,	 Epoch: 10/40,	 Avg.loss: 0.0022,	 Test Accuracy: 247/1000(25%)
Head Finetuning    :Task: 4,	 Epoch: 11/40,	 Avg.loss: 0.0021,	 Test Accuracy: 255/1000(26%)
Head Finetuning    :Task: 4,	 Epoch: 12/40,	 Avg.loss: 0.0021,	 Test Accuracy: 264/1000(26%)
Head Finetuning    :Task: 4,	 Epoch: 13/40,	 Avg.loss: 0.0021,	 Test Accuracy: 271/1000(27%)
Head Finetuning    :Task: 4,	 Epoch: 14/40,	 Avg.loss: 0.0020,	 Test Accuracy: 277/1000(28%)
Task: 4,	 Epoch: 0/40,	 Avg.loss: 0.0011,	 Test Accuracy: 607/1000(61%)
Task: 4,	 Epoch: 1/40,	 Avg.loss: 0.0011,	 Test Accuracy: 634/1000(63%)
Task: 4,	 Epoch: 2/40,	 Avg.loss: 0.0011,	 Test Accuracy: 649/1000(65%)
Task: 4,	 Epoch: 3/40,	 Avg.loss: 0.0011,	 Test Accuracy: 643/1000(64%)
Task: 4,	 Epoch: 4/40,	 Avg.loss: 0.0009,	 Test Accuracy: 698/1000(70%)
Task: 4,	 Epoch: 5/40,	 Avg.loss: 0.0009,	 Test Accuracy: 708/1000(71%)
Task: 4,	 Epoch: 6/40,	 Avg.loss: 0.0009,	 Test Accuracy: 708/1000(71%)
Task: 4,	 Epoch: 7/40,	 Avg.loss: 0.0010,	 Test Accuracy: 676/1000(68%)
Task: 4,	 Epoch: 8/40,	 Avg.loss: 0.0009,	 Test Accuracy: 698/1000(70%)
Task: 4,	 Epoch: 9/40,	 Avg.loss: 0.0009,	 Test Accuracy: 709/1000(71%)
Task: 4,	 Epoch: 10/40,	 Avg.loss: 0.0008,	 Test Accuracy: 720/1000(72%)
Task: 4,	 Epoch: 11/40,	 Avg.loss: 0.0009,	 Test Accuracy: 703/1000(70%)
Task: 4,	 Epoch: 12/40,	 Avg.loss: 0.0008,	 Test Accuracy: 724/1000(72%)
Task: 4,	 Epoch: 13/40,	 Avg.loss: 0.0009,	 Test Accuracy: 705/1000(70%)
Task: 4,	 Epoch: 14/40,	 Avg.loss: 0.0009,	 Test Accuracy: 687/1000(69%)
Task: 4,	 Epoch: 15/40,	 Avg.loss: 0.0009,	 Test Accuracy: 704/1000(70%)
Task: 4,	 Epoch: 16/40,	 Avg.loss: 0.0008,	 Test Accuracy: 724/1000(72%)
Task: 4,	 Epoch: 17/40,	 Avg.loss: 0.0008,	 Test Accuracy: 720/1000(72%)
Task: 4,	 Epoch: 18/40,	 Avg.loss: 0.0010,	 Test Accuracy: 684/1000(68%)
Task: 4,	 Epoch: 19/40,	 Avg.loss: 0.0008,	 Test Accuracy: 723/1000(72%)
Task: 4,	 Epoch: 20/40,	 Avg.loss: 0.0008,	 Test Accuracy: 740/1000(74%)
Task: 4,	 Epoch: 21/40,	 Avg.loss: 0.0008,	 Test Accuracy: 747/1000(75%)
Task: 4,	 Epoch: 22/40,	 Avg.loss: 0.0008,	 Test Accuracy: 746/1000(75%)
Task: 4,	 Epoch: 23/40,	 Avg.loss: 0.0008,	 Test Accuracy: 741/1000(74%)
Task: 4,	 Epoch: 24/40,	 Avg.loss: 0.0008,	 Test Accuracy: 741/1000(74%)
Task: 4,	 Epoch: 25/40,	 Avg.loss: 0.0008,	 Test Accuracy: 737/1000(74%)
Task: 4,	 Epoch: 26/40,	 Avg.loss: 0.0008,	 Test Accuracy: 733/1000(73%)
Task: 4,	 Epoch: 27/40,	 Avg.loss: 0.0008,	 Test Accuracy: 739/1000(74%)
Task: 4,	 Epoch: 28/40,	 Avg.loss: 0.0008,	 Test Accuracy: 740/1000(74%)
Task: 4,	 Epoch: 29/40,	 Avg.loss: 0.0008,	 Test Accuracy: 737/1000(74%)
Task: 4,	 Epoch: 30/40,	 Avg.loss: 0.0008,	 Test Accuracy: 735/1000(74%)
Task: 4,	 Epoch: 31/40,	 Avg.loss: 0.0008,	 Test Accuracy: 736/1000(74%)
Task: 4,	 Epoch: 32/40,	 Avg.loss: 0.0008,	 Test Accuracy: 744/1000(74%)
Task: 4,	 Epoch: 33/40,	 Avg.loss: 0.0008,	 Test Accuracy: 741/1000(74%)
Task: 4,	 Epoch: 34/40,	 Avg.loss: 0.0008,	 Test Accuracy: 739/1000(74%)
Task: 4,	 Epoch: 35/40,	 Avg.loss: 0.0008,	 Test Accuracy: 742/1000(74%)
Task: 4,	 Epoch: 36/40,	 Avg.loss: 0.0008,	 Test Accuracy: 739/1000(74%)
Task: 4,	 Epoch: 37/40,	 Avg.loss: 0.0008,	 Test Accuracy: 742/1000(74%)
Task: 4,	 Epoch: 38/40,	 Avg.loss: 0.0008,	 Test Accuracy: 743/1000(74%)
Task: 4,	 Epoch: 39/40,	 Avg.loss: 0.0008,	 Test Accuracy: 741/1000(74%)
Trained Task:4, Loaded task:0, Accuracy:80.6%
Trained Task:4, Loaded task:1, Accuracy:73.0%
Trained Task:4, Loaded task:2, Accuracy:75.7%
Trained Task:4, Loaded task:3, Accuracy:70.5%
Trained Task:4, Loaded task:4, Accuracy:74.1%
Trained Task:4, Avg. Accuracy: 74.8 

List of avg. accuracy: [83.8, 79.1, 78.0, 75.1, 74.8]
Layer        : conv1_layer.0.weight
R.histogram  : tensor([2., 9., 7., 2., 2., 2., 3., 1., 2., 2.], device='cuda:0')
R_sum max/min: 1271.4/211.8
F max  		: 2.4067790508270264
O masx 		: 19.40339469909668
Layer        : conv2_layer.0.weight
R.histogram  : tensor([13., 10.,  2.,  1.,  1.,  1.,  2.,  0.,  1.,  1.], device='cuda:0')
R_sum max/min: 9267.0/288.0
F max  		: 2.0088531970977783
O masx 		: 12.015151023864746
Layer        : conv3_layer.0.weight
R.histogram  : tensor([26., 17.,  6.,  6.,  2.,  5.,  1.,  0.,  0.,  1.], device='cuda:0')
R_sum max/min: 11406.2/288.0
F max  		: 0.952968418598175
O masx 		: 6.899250030517578
Layer        : conv4_layer.0.weight
R.histogram  : tensor([39., 12.,  5.,  0.,  2.,  2.,  2.,  0.,  1.,  1.], device='cuda:0')
R_sum max/min: 14188.3/576.0
F max  		: 0.8418672680854797
O masx 		: 6.274023056030273
Layer        : fc1_layer.0.weight
R.histogram  : tensor([408.,  25.,  23.,  17.,  14.,   8.,   5.,   1.,   5.,   6.],
       device='cuda:0')
R_sum max/min: 49106.6/4096.0
F max  		: 0.07829490303993225
O masx 		: 0.6324445009231567
Mask histogram
conv1_layer.0.weight: 	 tensor([    0.,     0.,     0.,     0.,     0.,     0., 32768.,     0.,     0.,
            0.,     0.], device='cuda:0')
conv2_layer.0.weight: 	 tensor([   0.,    0.,    0.,    0.,    0.,    0., 8192.,    0.,    0.,    0.,
           0.], device='cuda:0')
conv3_layer.0.weight: 	 tensor([    0.,     0.,     0.,     0.,     0.,     0., 16384.,     0.,     0.,
            0.,     0.], device='cuda:0')
conv4_layer.0.weight: 	 tensor([2944.,  192.,  128.,  192.,   64.,  128.,  448.,    0.,    0.,    0.,
           0.], device='cuda:0')
fc1_layer.0.weight: 	 tensor([355.,  25.,  19.,  13.,  28.,  34.,  38.,   0.,   0.,   0.,   0.],
       device='cuda:0')
Head Finetuning    :Task: 5,	 Epoch: 0/40,	 Avg.loss: 0.0031,	 Test Accuracy: 117/1000(12%)
Head Finetuning    :Task: 5,	 Epoch: 1/40,	 Avg.loss: 0.0028,	 Test Accuracy: 127/1000(13%)
Head Finetuning    :Task: 5,	 Epoch: 2/40,	 Avg.loss: 0.0026,	 Test Accuracy: 151/1000(15%)
Head Finetuning    :Task: 5,	 Epoch: 3/40,	 Avg.loss: 0.0025,	 Test Accuracy: 169/1000(17%)
Head Finetuning    :Task: 5,	 Epoch: 4/40,	 Avg.loss: 0.0024,	 Test Accuracy: 178/1000(18%)
Head Finetuning    :Task: 5,	 Epoch: 5/40,	 Avg.loss: 0.0024,	 Test Accuracy: 185/1000(18%)
Head Finetuning    :Task: 5,	 Epoch: 6/40,	 Avg.loss: 0.0023,	 Test Accuracy: 188/1000(19%)
Head Finetuning    :Task: 5,	 Epoch: 7/40,	 Avg.loss: 0.0023,	 Test Accuracy: 197/1000(20%)
Head Finetuning    :Task: 5,	 Epoch: 8/40,	 Avg.loss: 0.0023,	 Test Accuracy: 206/1000(21%)
Head Finetuning    :Task: 5,	 Epoch: 9/40,	 Avg.loss: 0.0022,	 Test Accuracy: 211/1000(21%)
Head Finetuning    :Task: 5,	 Epoch: 10/40,	 Avg.loss: 0.0022,	 Test Accuracy: 222/1000(22%)
Head Finetuning    :Task: 5,	 Epoch: 11/40,	 Avg.loss: 0.0022,	 Test Accuracy: 236/1000(24%)
Head Finetuning    :Task: 5,	 Epoch: 12/40,	 Avg.loss: 0.0021,	 Test Accuracy: 248/1000(25%)
Head Finetuning    :Task: 5,	 Epoch: 13/40,	 Avg.loss: 0.0021,	 Test Accuracy: 256/1000(26%)
Head Finetuning    :Task: 5,	 Epoch: 14/40,	 Avg.loss: 0.0021,	 Test Accuracy: 264/1000(26%)
Task: 5,	 Epoch: 0/40,	 Avg.loss: 0.0011,	 Test Accuracy: 603/1000(60%)
Task: 5,	 Epoch: 1/40,	 Avg.loss: 0.0012,	 Test Accuracy: 588/1000(59%)
Task: 5,	 Epoch: 2/40,	 Avg.loss: 0.0011,	 Test Accuracy: 618/1000(62%)
Task: 5,	 Epoch: 3/40,	 Avg.loss: 0.0010,	 Test Accuracy: 653/1000(65%)
Task: 5,	 Epoch: 4/40,	 Avg.loss: 0.0009,	 Test Accuracy: 675/1000(68%)
Task: 5,	 Epoch: 5/40,	 Avg.loss: 0.0010,	 Test Accuracy: 625/1000(63%)
Task: 5,	 Epoch: 6/40,	 Avg.loss: 0.0011,	 Test Accuracy: 623/1000(62%)
Task: 5,	 Epoch: 7/40,	 Avg.loss: 0.0009,	 Test Accuracy: 663/1000(66%)
Task: 5,	 Epoch: 8/40,	 Avg.loss: 0.0009,	 Test Accuracy: 658/1000(66%)
Task: 5,	 Epoch: 9/40,	 Avg.loss: 0.0009,	 Test Accuracy: 684/1000(68%)
Task: 5,	 Epoch: 10/40,	 Avg.loss: 0.0011,	 Test Accuracy: 617/1000(62%)
Task: 5,	 Epoch: 11/40,	 Avg.loss: 0.0009,	 Test Accuracy: 696/1000(70%)
Task: 5,	 Epoch: 12/40,	 Avg.loss: 0.0009,	 Test Accuracy: 667/1000(67%)
Task: 5,	 Epoch: 13/40,	 Avg.loss: 0.0009,	 Test Accuracy: 688/1000(69%)
Task: 5,	 Epoch: 14/40,	 Avg.loss: 0.0009,	 Test Accuracy: 699/1000(70%)
Task: 5,	 Epoch: 15/40,	 Avg.loss: 0.0009,	 Test Accuracy: 657/1000(66%)
Task: 5,	 Epoch: 16/40,	 Avg.loss: 0.0009,	 Test Accuracy: 683/1000(68%)
Task: 5,	 Epoch: 17/40,	 Avg.loss: 0.0009,	 Test Accuracy: 691/1000(69%)
Task: 5,	 Epoch: 18/40,	 Avg.loss: 0.0009,	 Test Accuracy: 676/1000(68%)
Task: 5,	 Epoch: 19/40,	 Avg.loss: 0.0009,	 Test Accuracy: 682/1000(68%)
Task: 5,	 Epoch: 20/40,	 Avg.loss: 0.0008,	 Test Accuracy: 697/1000(70%)
Task: 5,	 Epoch: 21/40,	 Avg.loss: 0.0008,	 Test Accuracy: 705/1000(70%)
Task: 5,	 Epoch: 22/40,	 Avg.loss: 0.0008,	 Test Accuracy: 699/1000(70%)
Task: 5,	 Epoch: 23/40,	 Avg.loss: 0.0008,	 Test Accuracy: 701/1000(70%)
Task: 5,	 Epoch: 24/40,	 Avg.loss: 0.0008,	 Test Accuracy: 699/1000(70%)
Task: 5,	 Epoch: 25/40,	 Avg.loss: 0.0008,	 Test Accuracy: 705/1000(70%)
Task: 5,	 Epoch: 26/40,	 Avg.loss: 0.0008,	 Test Accuracy: 699/1000(70%)
Task: 5,	 Epoch: 27/40,	 Avg.loss: 0.0008,	 Test Accuracy: 710/1000(71%)
Task: 5,	 Epoch: 28/40,	 Avg.loss: 0.0008,	 Test Accuracy: 704/1000(70%)
Task: 5,	 Epoch: 29/40,	 Avg.loss: 0.0008,	 Test Accuracy: 699/1000(70%)
Task: 5,	 Epoch: 30/40,	 Avg.loss: 0.0008,	 Test Accuracy: 710/1000(71%)
Task: 5,	 Epoch: 31/40,	 Avg.loss: 0.0008,	 Test Accuracy: 704/1000(70%)
Task: 5,	 Epoch: 32/40,	 Avg.loss: 0.0008,	 Test Accuracy: 702/1000(70%)
Task: 5,	 Epoch: 33/40,	 Avg.loss: 0.0008,	 Test Accuracy: 709/1000(71%)
Task: 5,	 Epoch: 34/40,	 Avg.loss: 0.0008,	 Test Accuracy: 706/1000(71%)
Task: 5,	 Epoch: 35/40,	 Avg.loss: 0.0008,	 Test Accuracy: 713/1000(71%)
Task: 5,	 Epoch: 36/40,	 Avg.loss: 0.0008,	 Test Accuracy: 715/1000(72%)
Task: 5,	 Epoch: 37/40,	 Avg.loss: 0.0008,	 Test Accuracy: 701/1000(70%)
Task: 5,	 Epoch: 38/40,	 Avg.loss: 0.0008,	 Test Accuracy: 707/1000(71%)
Task: 5,	 Epoch: 39/40,	 Avg.loss: 0.0008,	 Test Accuracy: 707/1000(71%)
Trained Task:5, Loaded task:0, Accuracy:81.6%
Trained Task:5, Loaded task:1, Accuracy:72.8%
Trained Task:5, Loaded task:2, Accuracy:75.6%
Trained Task:5, Loaded task:3, Accuracy:70.0%
Trained Task:5, Loaded task:4, Accuracy:73.1%
Trained Task:5, Loaded task:5, Accuracy:70.7%
Trained Task:5, Avg. Accuracy: 74.0 

List of avg. accuracy: [83.8, 79.1, 78.0, 75.1, 74.8, 74.0]
Layer        : conv1_layer.0.weight
R.histogram  : tensor([5., 7., 4., 6., 2., 1., 3., 3., 0., 1.], device='cuda:0')
R_sum max/min: 1423.4/184.8
F max  		: 3.4128010272979736
O masx 		: 23.880111694335938
Layer        : conv2_layer.0.weight
R.histogram  : tensor([ 8., 14.,  3.,  1.,  3.,  1.,  0.,  0.,  0.,  2.], device='cuda:0')
R_sum max/min: 8271.8/288.0
F max  		: 3.011364221572876
O masx 		: 15.240972518920898
Layer        : conv3_layer.0.weight
R.histogram  : tensor([25., 15., 10.,  6.,  4.,  2.,  1.,  0.,  0.,  1.], device='cuda:0')
R_sum max/min: 10857.9/288.0
F max  		: 1.3002257347106934
O masx 		: 7.78682804107666
Layer        : conv4_layer.0.weight
R.histogram  : tensor([35., 16.,  3.,  3.,  1.,  2.,  1.,  2.,  0.,  1.], device='cuda:0')
R_sum max/min: 13587.2/576.0
F max  		: 1.0413100719451904
O masx 		: 6.958078861236572
Layer        : fc1_layer.0.weight
R.histogram  : tensor([410.,  25.,  27.,  16.,  16.,   7.,   5.,   2.,   3.,   1.],
       device='cuda:0')
R_sum max/min: 54531.4/4096.0
F max  		: 0.09095613658428192
O masx 		: 0.6324445009231567
Mask histogram
conv1_layer.0.weight: 	 tensor([    0.,     0.,     0.,     0.,     0.,     0.,     0., 32768.,     0.,
            0.,     0.], device='cuda:0')
conv2_layer.0.weight: 	 tensor([   0.,    0.,    0.,    0.,    0.,    0.,    0., 8192.,    0.,    0.,
           0.], device='cuda:0')
conv3_layer.0.weight: 	 tensor([    0.,     0.,     0.,     0.,     0.,     0.,     0., 16384.,     0.,
            0.,     0.], device='cuda:0')
conv4_layer.0.weight: 	 tensor([2944.,  128.,  128.,  128.,  192.,   64.,   64.,  448.,    0.,    0.,
           0.], device='cuda:0')
fc1_layer.0.weight: 	 tensor([354.,  24.,  15.,  11.,  19.,  19.,  34.,  36.,   0.,   0.,   0.],
       device='cuda:0')
Head Finetuning    :Task: 6,	 Epoch: 0/40,	 Avg.loss: 0.0036,	 Test Accuracy: 123/1000(12%)
Head Finetuning    :Task: 6,	 Epoch: 1/40,	 Avg.loss: 0.0031,	 Test Accuracy: 125/1000(13%)
Head Finetuning    :Task: 6,	 Epoch: 2/40,	 Avg.loss: 0.0028,	 Test Accuracy: 129/1000(13%)
Head Finetuning    :Task: 6,	 Epoch: 3/40,	 Avg.loss: 0.0027,	 Test Accuracy: 139/1000(14%)
Head Finetuning    :Task: 6,	 Epoch: 4/40,	 Avg.loss: 0.0025,	 Test Accuracy: 152/1000(15%)
Head Finetuning    :Task: 6,	 Epoch: 5/40,	 Avg.loss: 0.0025,	 Test Accuracy: 165/1000(16%)
Head Finetuning    :Task: 6,	 Epoch: 6/40,	 Avg.loss: 0.0024,	 Test Accuracy: 176/1000(18%)
Head Finetuning    :Task: 6,	 Epoch: 7/40,	 Avg.loss: 0.0023,	 Test Accuracy: 186/1000(19%)
Head Finetuning    :Task: 6,	 Epoch: 8/40,	 Avg.loss: 0.0023,	 Test Accuracy: 194/1000(19%)
Head Finetuning    :Task: 6,	 Epoch: 9/40,	 Avg.loss: 0.0022,	 Test Accuracy: 204/1000(20%)
Head Finetuning    :Task: 6,	 Epoch: 10/40,	 Avg.loss: 0.0022,	 Test Accuracy: 228/1000(23%)
Head Finetuning    :Task: 6,	 Epoch: 11/40,	 Avg.loss: 0.0022,	 Test Accuracy: 241/1000(24%)
Head Finetuning    :Task: 6,	 Epoch: 12/40,	 Avg.loss: 0.0021,	 Test Accuracy: 247/1000(25%)
Head Finetuning    :Task: 6,	 Epoch: 13/40,	 Avg.loss: 0.0021,	 Test Accuracy: 262/1000(26%)
Head Finetuning    :Task: 6,	 Epoch: 14/40,	 Avg.loss: 0.0021,	 Test Accuracy: 271/1000(27%)
Task: 6,	 Epoch: 0/40,	 Avg.loss: 0.0012,	 Test Accuracy: 577/1000(58%)
Task: 6,	 Epoch: 1/40,	 Avg.loss: 0.0011,	 Test Accuracy: 596/1000(60%)
Task: 6,	 Epoch: 2/40,	 Avg.loss: 0.0011,	 Test Accuracy: 620/1000(62%)
Task: 6,	 Epoch: 3/40,	 Avg.loss: 0.0011,	 Test Accuracy: 635/1000(64%)
Task: 6,	 Epoch: 4/40,	 Avg.loss: 0.0010,	 Test Accuracy: 659/1000(66%)
Task: 6,	 Epoch: 5/40,	 Avg.loss: 0.0010,	 Test Accuracy: 671/1000(67%)
Task: 6,	 Epoch: 6/40,	 Avg.loss: 0.0009,	 Test Accuracy: 675/1000(68%)
Task: 6,	 Epoch: 7/40,	 Avg.loss: 0.0010,	 Test Accuracy: 657/1000(66%)
Task: 6,	 Epoch: 8/40,	 Avg.loss: 0.0010,	 Test Accuracy: 656/1000(66%)
Task: 6,	 Epoch: 9/40,	 Avg.loss: 0.0010,	 Test Accuracy: 644/1000(64%)
Task: 6,	 Epoch: 10/40,	 Avg.loss: 0.0010,	 Test Accuracy: 662/1000(66%)
Task: 6,	 Epoch: 11/40,	 Avg.loss: 0.0009,	 Test Accuracy: 692/1000(69%)
Task: 6,	 Epoch: 12/40,	 Avg.loss: 0.0009,	 Test Accuracy: 684/1000(68%)
Task: 6,	 Epoch: 13/40,	 Avg.loss: 0.0009,	 Test Accuracy: 673/1000(67%)
Task: 6,	 Epoch: 14/40,	 Avg.loss: 0.0010,	 Test Accuracy: 645/1000(64%)
Task: 6,	 Epoch: 15/40,	 Avg.loss: 0.0009,	 Test Accuracy: 701/1000(70%)
Task: 6,	 Epoch: 16/40,	 Avg.loss: 0.0009,	 Test Accuracy: 660/1000(66%)
Task: 6,	 Epoch: 17/40,	 Avg.loss: 0.0009,	 Test Accuracy: 685/1000(68%)
Task: 6,	 Epoch: 18/40,	 Avg.loss: 0.0009,	 Test Accuracy: 692/1000(69%)
Task: 6,	 Epoch: 19/40,	 Avg.loss: 0.0010,	 Test Accuracy: 654/1000(65%)
Task: 6,	 Epoch: 20/40,	 Avg.loss: 0.0008,	 Test Accuracy: 698/1000(70%)
Task: 6,	 Epoch: 21/40,	 Avg.loss: 0.0008,	 Test Accuracy: 701/1000(70%)
Task: 6,	 Epoch: 22/40,	 Avg.loss: 0.0009,	 Test Accuracy: 693/1000(69%)
Task: 6,	 Epoch: 23/40,	 Avg.loss: 0.0009,	 Test Accuracy: 694/1000(69%)
Task: 6,	 Epoch: 24/40,	 Avg.loss: 0.0009,	 Test Accuracy: 705/1000(70%)
Task: 6,	 Epoch: 25/40,	 Avg.loss: 0.0008,	 Test Accuracy: 698/1000(70%)
Task: 6,	 Epoch: 26/40,	 Avg.loss: 0.0008,	 Test Accuracy: 704/1000(70%)
Task: 6,	 Epoch: 27/40,	 Avg.loss: 0.0008,	 Test Accuracy: 706/1000(71%)
Task: 6,	 Epoch: 28/40,	 Avg.loss: 0.0008,	 Test Accuracy: 705/1000(70%)
Task: 6,	 Epoch: 29/40,	 Avg.loss: 0.0009,	 Test Accuracy: 700/1000(70%)
Task: 6,	 Epoch: 30/40,	 Avg.loss: 0.0008,	 Test Accuracy: 692/1000(69%)
Task: 6,	 Epoch: 31/40,	 Avg.loss: 0.0008,	 Test Accuracy: 707/1000(71%)
Task: 6,	 Epoch: 32/40,	 Avg.loss: 0.0008,	 Test Accuracy: 707/1000(71%)
Task: 6,	 Epoch: 33/40,	 Avg.loss: 0.0008,	 Test Accuracy: 702/1000(70%)
Task: 6,	 Epoch: 34/40,	 Avg.loss: 0.0008,	 Test Accuracy: 705/1000(70%)
Task: 6,	 Epoch: 35/40,	 Avg.loss: 0.0009,	 Test Accuracy: 700/1000(70%)
Task: 6,	 Epoch: 36/40,	 Avg.loss: 0.0008,	 Test Accuracy: 699/1000(70%)
Task: 6,	 Epoch: 37/40,	 Avg.loss: 0.0009,	 Test Accuracy: 692/1000(69%)
Task: 6,	 Epoch: 38/40,	 Avg.loss: 0.0008,	 Test Accuracy: 706/1000(71%)
Task: 6,	 Epoch: 39/40,	 Avg.loss: 0.0008,	 Test Accuracy: 702/1000(70%)
Trained Task:6, Loaded task:0, Accuracy:81.4%
Trained Task:6, Loaded task:1, Accuracy:72.0%
Trained Task:6, Loaded task:2, Accuracy:76.6%
Trained Task:6, Loaded task:3, Accuracy:70.6%
Trained Task:6, Loaded task:4, Accuracy:73.3%
Trained Task:6, Loaded task:5, Accuracy:70.7%
Trained Task:6, Loaded task:6, Accuracy:70.2%
Trained Task:6, Avg. Accuracy: 73.5 

List of avg. accuracy: [83.8, 79.1, 78.0, 75.1, 74.8, 74.0, 73.5]
Layer        : conv1_layer.0.weight
R.histogram  : tensor([9., 3., 7., 1., 4., 0., 5., 0., 1., 2.], device='cuda:0')
R_sum max/min: 1279.0/234.3
F max  		: 3.698343276977539
O masx 		: 26.87972640991211
Layer        : conv2_layer.0.weight
R.histogram  : tensor([ 9., 13.,  3.,  1.,  3.,  1.,  0.,  0.,  0.,  2.], device='cuda:0')
R_sum max/min: 8164.8/288.0
F max  		: 3.5700886249542236
O masx 		: 18.64784049987793
Layer        : conv3_layer.0.weight
R.histogram  : tensor([23., 17.,  7.,  5.,  5.,  4.,  1.,  1.,  0.,  1.], device='cuda:0')
R_sum max/min: 9826.5/288.0
F max  		: 1.540317177772522
O masx 		: 8.98227596282959
Layer        : conv4_layer.0.weight
R.histogram  : tensor([41., 12.,  3.,  0.,  4.,  1.,  2.,  0.,  0.,  1.], device='cuda:0')
R_sum max/min: 13327.6/576.0
F max  		: 1.4252711534500122
O masx 		: 7.161003112792969
Layer        : fc1_layer.0.weight
R.histogram  : tensor([407.,  25.,  26.,  15.,  14.,  11.,   3.,   7.,   1.,   3.],
       device='cuda:0')
R_sum max/min: 54988.9/4096.0
F max  		: 0.08939482271671295
O masx 		: 0.6324445009231567
Mask histogram
conv1_layer.0.weight: 	 tensor([    0.,     0.,     0.,     0.,     0.,     0.,     0.,     0., 32768.,
            0.,     0.], device='cuda:0')
conv2_layer.0.weight: 	 tensor([   0.,    0.,    0.,    0.,    0.,    0.,    0.,    0., 8192.,    0.,
           0.], device='cuda:0')
conv3_layer.0.weight: 	 tensor([    0.,     0.,     0.,     0.,     0.,     0.,     0.,     0., 16384.,
            0.,     0.], device='cuda:0')
conv4_layer.0.weight: 	 tensor([2944.,   64.,  128.,  128.,  128.,  192.,    0.,  128.,  384.,    0.,
           0.], device='cuda:0')
fc1_layer.0.weight: 	 tensor([354.,  23.,  14.,   6.,  17.,  11.,  20.,  32.,  35.,   0.,   0.],
       device='cuda:0')
Head Finetuning    :Task: 7,	 Epoch: 0/40,	 Avg.loss: 0.0036,	 Test Accuracy: 109/1000(11%)
Head Finetuning    :Task: 7,	 Epoch: 1/40,	 Avg.loss: 0.0032,	 Test Accuracy: 99/1000(10%)
Head Finetuning    :Task: 7,	 Epoch: 2/40,	 Avg.loss: 0.0029,	 Test Accuracy: 102/1000(10%)
Head Finetuning    :Task: 7,	 Epoch: 3/40,	 Avg.loss: 0.0027,	 Test Accuracy: 116/1000(12%)
Head Finetuning    :Task: 7,	 Epoch: 4/40,	 Avg.loss: 0.0026,	 Test Accuracy: 129/1000(13%)
Head Finetuning    :Task: 7,	 Epoch: 5/40,	 Avg.loss: 0.0025,	 Test Accuracy: 135/1000(14%)
Head Finetuning    :Task: 7,	 Epoch: 6/40,	 Avg.loss: 0.0025,	 Test Accuracy: 155/1000(16%)
Head Finetuning    :Task: 7,	 Epoch: 7/40,	 Avg.loss: 0.0024,	 Test Accuracy: 178/1000(18%)
Head Finetuning    :Task: 7,	 Epoch: 8/40,	 Avg.loss: 0.0024,	 Test Accuracy: 186/1000(19%)
Head Finetuning    :Task: 7,	 Epoch: 9/40,	 Avg.loss: 0.0023,	 Test Accuracy: 192/1000(19%)
Head Finetuning    :Task: 7,	 Epoch: 10/40,	 Avg.loss: 0.0023,	 Test Accuracy: 198/1000(20%)
Head Finetuning    :Task: 7,	 Epoch: 11/40,	 Avg.loss: 0.0022,	 Test Accuracy: 203/1000(20%)
Head Finetuning    :Task: 7,	 Epoch: 12/40,	 Avg.loss: 0.0022,	 Test Accuracy: 208/1000(21%)
Head Finetuning    :Task: 7,	 Epoch: 13/40,	 Avg.loss: 0.0022,	 Test Accuracy: 211/1000(21%)
Head Finetuning    :Task: 7,	 Epoch: 14/40,	 Avg.loss: 0.0021,	 Test Accuracy: 218/1000(22%)
Task: 7,	 Epoch: 0/40,	 Avg.loss: 0.0013,	 Test Accuracy: 539/1000(54%)
Task: 7,	 Epoch: 1/40,	 Avg.loss: 0.0014,	 Test Accuracy: 529/1000(53%)
Task: 7,	 Epoch: 2/40,	 Avg.loss: 0.0014,	 Test Accuracy: 528/1000(53%)
Task: 7,	 Epoch: 3/40,	 Avg.loss: 0.0012,	 Test Accuracy: 595/1000(60%)
Task: 7,	 Epoch: 4/40,	 Avg.loss: 0.0012,	 Test Accuracy: 589/1000(59%)
Task: 7,	 Epoch: 5/40,	 Avg.loss: 0.0011,	 Test Accuracy: 588/1000(59%)
Task: 7,	 Epoch: 6/40,	 Avg.loss: 0.0011,	 Test Accuracy: 615/1000(62%)
Task: 7,	 Epoch: 7/40,	 Avg.loss: 0.0010,	 Test Accuracy: 636/1000(64%)
Task: 7,	 Epoch: 8/40,	 Avg.loss: 0.0012,	 Test Accuracy: 588/1000(59%)
Task: 7,	 Epoch: 9/40,	 Avg.loss: 0.0011,	 Test Accuracy: 610/1000(61%)
Task: 7,	 Epoch: 10/40,	 Avg.loss: 0.0010,	 Test Accuracy: 622/1000(62%)
Task: 7,	 Epoch: 11/40,	 Avg.loss: 0.0011,	 Test Accuracy: 617/1000(62%)
Task: 7,	 Epoch: 12/40,	 Avg.loss: 0.0012,	 Test Accuracy: 605/1000(61%)
Task: 7,	 Epoch: 13/40,	 Avg.loss: 0.0010,	 Test Accuracy: 640/1000(64%)
Task: 7,	 Epoch: 14/40,	 Avg.loss: 0.0010,	 Test Accuracy: 634/1000(63%)
Task: 7,	 Epoch: 15/40,	 Avg.loss: 0.0011,	 Test Accuracy: 619/1000(62%)
Task: 7,	 Epoch: 16/40,	 Avg.loss: 0.0011,	 Test Accuracy: 609/1000(61%)
Task: 7,	 Epoch: 17/40,	 Avg.loss: 0.0011,	 Test Accuracy: 612/1000(61%)
Task: 7,	 Epoch: 18/40,	 Avg.loss: 0.0011,	 Test Accuracy: 644/1000(64%)
Task: 7,	 Epoch: 19/40,	 Avg.loss: 0.0011,	 Test Accuracy: 621/1000(62%)
Task: 7,	 Epoch: 20/40,	 Avg.loss: 0.0010,	 Test Accuracy: 658/1000(66%)
Task: 7,	 Epoch: 21/40,	 Avg.loss: 0.0010,	 Test Accuracy: 644/1000(64%)
Task: 7,	 Epoch: 22/40,	 Avg.loss: 0.0010,	 Test Accuracy: 654/1000(65%)
Task: 7,	 Epoch: 23/40,	 Avg.loss: 0.0010,	 Test Accuracy: 649/1000(65%)
Task: 7,	 Epoch: 24/40,	 Avg.loss: 0.0010,	 Test Accuracy: 651/1000(65%)
Task: 7,	 Epoch: 25/40,	 Avg.loss: 0.0010,	 Test Accuracy: 658/1000(66%)
Task: 7,	 Epoch: 26/40,	 Avg.loss: 0.0010,	 Test Accuracy: 660/1000(66%)
Task: 7,	 Epoch: 27/40,	 Avg.loss: 0.0010,	 Test Accuracy: 662/1000(66%)
Task: 7,	 Epoch: 28/40,	 Avg.loss: 0.0010,	 Test Accuracy: 647/1000(65%)
Task: 7,	 Epoch: 29/40,	 Avg.loss: 0.0010,	 Test Accuracy: 646/1000(65%)
Task: 7,	 Epoch: 30/40,	 Avg.loss: 0.0010,	 Test Accuracy: 659/1000(66%)
Task: 7,	 Epoch: 31/40,	 Avg.loss: 0.0010,	 Test Accuracy: 652/1000(65%)
Task: 7,	 Epoch: 32/40,	 Avg.loss: 0.0010,	 Test Accuracy: 655/1000(66%)
Task: 7,	 Epoch: 33/40,	 Avg.loss: 0.0010,	 Test Accuracy: 644/1000(64%)
Task: 7,	 Epoch: 34/40,	 Avg.loss: 0.0010,	 Test Accuracy: 642/1000(64%)
Task: 7,	 Epoch: 35/40,	 Avg.loss: 0.0010,	 Test Accuracy: 642/1000(64%)
Task: 7,	 Epoch: 36/40,	 Avg.loss: 0.0010,	 Test Accuracy: 653/1000(65%)
Task: 7,	 Epoch: 37/40,	 Avg.loss: 0.0010,	 Test Accuracy: 649/1000(65%)
Task: 7,	 Epoch: 38/40,	 Avg.loss: 0.0010,	 Test Accuracy: 656/1000(66%)
Task: 7,	 Epoch: 39/40,	 Avg.loss: 0.0010,	 Test Accuracy: 654/1000(65%)
Trained Task:7, Loaded task:0, Accuracy:81.1%
Trained Task:7, Loaded task:1, Accuracy:71.2%
Trained Task:7, Loaded task:2, Accuracy:75.7%
Trained Task:7, Loaded task:3, Accuracy:70.0%
Trained Task:7, Loaded task:4, Accuracy:72.3%
Trained Task:7, Loaded task:5, Accuracy:72.0%
Trained Task:7, Loaded task:6, Accuracy:70.7%
Trained Task:7, Loaded task:7, Accuracy:65.4%
Trained Task:7, Avg. Accuracy: 72.3 

List of avg. accuracy: [83.8, 79.1, 78.0, 75.1, 74.8, 74.0, 73.5, 72.3]
Layer        : conv1_layer.0.weight
R.histogram  : tensor([7., 7., 7., 3., 4., 1., 2., 0., 0., 1.], device='cuda:0')
R_sum max/min: 1770.7/197.8
F max  		: 3.851020336151123
O masx 		: 28.439361572265625
Layer        : conv2_layer.0.weight
R.histogram  : tensor([12.,  8.,  5.,  1.,  1.,  2.,  1.,  0.,  1.,  1.], device='cuda:0')
R_sum max/min: 10001.0/288.0
F max  		: 2.7316412925720215
O masx 		: 22.845916748046875
Layer        : conv3_layer.0.weight
R.histogram  : tensor([34., 10.,  8.,  6.,  5.,  0.,  0.,  0.,  0.,  1.], device='cuda:0')
R_sum max/min: 10868.8/288.0
F max  		: 1.8343666791915894
O masx 		: 10.373344421386719
Layer        : conv4_layer.0.weight
R.histogram  : tensor([38., 12.,  3.,  3.,  4.,  0.,  1.,  2.,  0.,  1.], device='cuda:0')
R_sum max/min: 14742.3/576.0
F max  		: 1.1785112619400024
O masx 		: 7.535700798034668
Layer        : fc1_layer.0.weight
R.histogram  : tensor([409.,  28.,  18.,  26.,  11.,   4.,   6.,   5.,   3.,   2.],
       device='cuda:0')
R_sum max/min: 60741.4/4096.0
F max  		: 0.10089273005723953
O masx 		: 0.6324445009231567
Mask histogram
conv1_layer.0.weight: 	 tensor([    0.,     0.,     0.,     0.,     0.,     0.,     0.,     0.,     0.,
        32768.,     0.], device='cuda:0')
conv2_layer.0.weight: 	 tensor([   0.,    0.,    0.,    0.,    0.,    0.,    0.,    0.,    0., 8192.,
           0.], device='cuda:0')
conv3_layer.0.weight: 	 tensor([    0.,     0.,     0.,     0.,     0.,     0.,     0.,     0.,     0.,
        16384.,     0.], device='cuda:0')
conv4_layer.0.weight: 	 tensor([2944.,   64.,  128.,   64.,  128.,  128.,  128.,    0.,  128.,  384.,
           0.], device='cuda:0')
fc1_layer.0.weight: 	 tensor([353.,  24.,  13.,   5.,  12.,  10.,  11.,  17.,  33.,  34.,   0.],
       device='cuda:0')
Head Finetuning    :Task: 8,	 Epoch: 0/40,	 Avg.loss: 0.0031,	 Test Accuracy: 107/1000(11%)
Head Finetuning    :Task: 8,	 Epoch: 1/40,	 Avg.loss: 0.0029,	 Test Accuracy: 114/1000(11%)
Head Finetuning    :Task: 8,	 Epoch: 2/40,	 Avg.loss: 0.0028,	 Test Accuracy: 120/1000(12%)
Head Finetuning    :Task: 8,	 Epoch: 3/40,	 Avg.loss: 0.0027,	 Test Accuracy: 132/1000(13%)
Head Finetuning    :Task: 8,	 Epoch: 4/40,	 Avg.loss: 0.0026,	 Test Accuracy: 148/1000(15%)
Head Finetuning    :Task: 8,	 Epoch: 5/40,	 Avg.loss: 0.0025,	 Test Accuracy: 162/1000(16%)
Head Finetuning    :Task: 8,	 Epoch: 6/40,	 Avg.loss: 0.0025,	 Test Accuracy: 177/1000(18%)
Head Finetuning    :Task: 8,	 Epoch: 7/40,	 Avg.loss: 0.0024,	 Test Accuracy: 185/1000(18%)
Head Finetuning    :Task: 8,	 Epoch: 8/40,	 Avg.loss: 0.0023,	 Test Accuracy: 199/1000(20%)
Head Finetuning    :Task: 8,	 Epoch: 9/40,	 Avg.loss: 0.0023,	 Test Accuracy: 206/1000(21%)
Head Finetuning    :Task: 8,	 Epoch: 10/40,	 Avg.loss: 0.0022,	 Test Accuracy: 215/1000(22%)
Head Finetuning    :Task: 8,	 Epoch: 11/40,	 Avg.loss: 0.0022,	 Test Accuracy: 220/1000(22%)
Head Finetuning    :Task: 8,	 Epoch: 12/40,	 Avg.loss: 0.0022,	 Test Accuracy: 232/1000(23%)
Head Finetuning    :Task: 8,	 Epoch: 13/40,	 Avg.loss: 0.0021,	 Test Accuracy: 244/1000(24%)
Head Finetuning    :Task: 8,	 Epoch: 14/40,	 Avg.loss: 0.0021,	 Test Accuracy: 247/1000(25%)
Task: 8,	 Epoch: 0/40,	 Avg.loss: 0.0014,	 Test Accuracy: 501/1000(50%)
Task: 8,	 Epoch: 1/40,	 Avg.loss: 0.0011,	 Test Accuracy: 625/1000(63%)
Task: 8,	 Epoch: 2/40,	 Avg.loss: 0.0011,	 Test Accuracy: 602/1000(60%)
Task: 8,	 Epoch: 3/40,	 Avg.loss: 0.0010,	 Test Accuracy: 671/1000(67%)
Task: 8,	 Epoch: 4/40,	 Avg.loss: 0.0009,	 Test Accuracy: 706/1000(71%)
Task: 8,	 Epoch: 5/40,	 Avg.loss: 0.0010,	 Test Accuracy: 661/1000(66%)
Task: 8,	 Epoch: 6/40,	 Avg.loss: 0.0009,	 Test Accuracy: 702/1000(70%)
Task: 8,	 Epoch: 7/40,	 Avg.loss: 0.0009,	 Test Accuracy: 695/1000(70%)
Task: 8,	 Epoch: 8/40,	 Avg.loss: 0.0009,	 Test Accuracy: 683/1000(68%)
Task: 8,	 Epoch: 9/40,	 Avg.loss: 0.0008,	 Test Accuracy: 716/1000(72%)
Task: 8,	 Epoch: 10/40,	 Avg.loss: 0.0009,	 Test Accuracy: 706/1000(71%)
Task: 8,	 Epoch: 11/40,	 Avg.loss: 0.0009,	 Test Accuracy: 704/1000(70%)
Task: 8,	 Epoch: 12/40,	 Avg.loss: 0.0009,	 Test Accuracy: 695/1000(70%)
Task: 8,	 Epoch: 13/40,	 Avg.loss: 0.0008,	 Test Accuracy: 707/1000(71%)
Task: 8,	 Epoch: 14/40,	 Avg.loss: 0.0009,	 Test Accuracy: 685/1000(68%)
Task: 8,	 Epoch: 15/40,	 Avg.loss: 0.0008,	 Test Accuracy: 722/1000(72%)
Task: 8,	 Epoch: 16/40,	 Avg.loss: 0.0010,	 Test Accuracy: 672/1000(67%)
Task: 8,	 Epoch: 17/40,	 Avg.loss: 0.0008,	 Test Accuracy: 735/1000(74%)
Task: 8,	 Epoch: 18/40,	 Avg.loss: 0.0008,	 Test Accuracy: 727/1000(73%)
Task: 8,	 Epoch: 19/40,	 Avg.loss: 0.0008,	 Test Accuracy: 729/1000(73%)
Task: 8,	 Epoch: 20/40,	 Avg.loss: 0.0008,	 Test Accuracy: 749/1000(75%)
Task: 8,	 Epoch: 21/40,	 Avg.loss: 0.0008,	 Test Accuracy: 735/1000(74%)
Task: 8,	 Epoch: 22/40,	 Avg.loss: 0.0008,	 Test Accuracy: 747/1000(75%)
Task: 8,	 Epoch: 23/40,	 Avg.loss: 0.0008,	 Test Accuracy: 747/1000(75%)
Task: 8,	 Epoch: 24/40,	 Avg.loss: 0.0008,	 Test Accuracy: 750/1000(75%)
Task: 8,	 Epoch: 25/40,	 Avg.loss: 0.0008,	 Test Accuracy: 741/1000(74%)
Task: 8,	 Epoch: 26/40,	 Avg.loss: 0.0008,	 Test Accuracy: 746/1000(75%)
Task: 8,	 Epoch: 27/40,	 Avg.loss: 0.0008,	 Test Accuracy: 742/1000(74%)
Task: 8,	 Epoch: 28/40,	 Avg.loss: 0.0008,	 Test Accuracy: 743/1000(74%)
Task: 8,	 Epoch: 29/40,	 Avg.loss: 0.0008,	 Test Accuracy: 748/1000(75%)
Task: 8,	 Epoch: 30/40,	 Avg.loss: 0.0008,	 Test Accuracy: 755/1000(76%)
Task: 8,	 Epoch: 31/40,	 Avg.loss: 0.0008,	 Test Accuracy: 745/1000(74%)
Task: 8,	 Epoch: 32/40,	 Avg.loss: 0.0008,	 Test Accuracy: 745/1000(74%)
Task: 8,	 Epoch: 33/40,	 Avg.loss: 0.0008,	 Test Accuracy: 750/1000(75%)
Task: 8,	 Epoch: 34/40,	 Avg.loss: 0.0008,	 Test Accuracy: 743/1000(74%)
Task: 8,	 Epoch: 35/40,	 Avg.loss: 0.0008,	 Test Accuracy: 737/1000(74%)
Task: 8,	 Epoch: 36/40,	 Avg.loss: 0.0008,	 Test Accuracy: 755/1000(76%)
Task: 8,	 Epoch: 37/40,	 Avg.loss: 0.0008,	 Test Accuracy: 745/1000(74%)
Task: 8,	 Epoch: 38/40,	 Avg.loss: 0.0008,	 Test Accuracy: 750/1000(75%)
Task: 8,	 Epoch: 39/40,	 Avg.loss: 0.0008,	 Test Accuracy: 745/1000(74%)
Trained Task:8, Loaded task:0, Accuracy:81.6%
Trained Task:8, Loaded task:1, Accuracy:71.6%
Trained Task:8, Loaded task:2, Accuracy:75.2%
Trained Task:8, Loaded task:3, Accuracy:70.3%
Trained Task:8, Loaded task:4, Accuracy:73.3%
Trained Task:8, Loaded task:5, Accuracy:71.1%
Trained Task:8, Loaded task:6, Accuracy:70.9%
Trained Task:8, Loaded task:7, Accuracy:64.7%
Trained Task:8, Loaded task:8, Accuracy:74.5%
Trained Task:8, Avg. Accuracy: 72.6 

List of avg. accuracy: [83.8, 79.1, 78.0, 75.1, 74.8, 74.0, 73.5, 72.3, 72.6]
Layer        : conv1_layer.0.weight
R.histogram  : tensor([7., 8., 6., 1., 3., 3., 2., 1., 0., 1.], device='cuda:0')
R_sum max/min: 1605.5/209.7
F max  		: 3.8305790424346924
O masx 		: 31.412614822387695
Layer        : conv2_layer.0.weight
R.histogram  : tensor([10., 10.,  5.,  1.,  0.,  3.,  1.,  0.,  1.,  1.], device='cuda:0')
R_sum max/min: 8712.5/288.0
F max  		: 3.0385091304779053
O masx 		: 23.220733642578125
Layer        : conv3_layer.0.weight
R.histogram  : tensor([28., 15.,  7.,  6.,  6.,  0.,  1.,  0.,  0.,  1.], device='cuda:0')
R_sum max/min: 11365.1/288.0
F max  		: 1.608893632888794
O masx 		: 11.180915832519531
Layer        : conv4_layer.0.weight
R.histogram  : tensor([44.,  9.,  0.,  6.,  2.,  1.,  1.,  0.,  0.,  1.], device='cuda:0')
R_sum max/min: 14522.3/576.0
F max  		: 1.4894403219223022
O masx 		: 8.655397415161133
Layer        : fc1_layer.0.weight
R.histogram  : tensor([404.,  20.,  33.,  23.,  10.,   7.,   4.,   7.,   2.,   2.],
       device='cuda:0')
R_sum max/min: 57902.1/4096.0
F max  		: 0.09897197037935257
O masx 		: 0.6324445009231567
Mask histogram
conv1_layer.0.weight: 	 tensor([    0.,     0.,     0.,     0.,     0.,     0.,     0.,     0.,     0.,
            0., 32768.], device='cuda:0')
conv2_layer.0.weight: 	 tensor([   0.,    0.,    0.,    0.,    0.,    0.,    0.,    0.,    0.,    0.,
        8192.], device='cuda:0')
conv3_layer.0.weight: 	 tensor([    0.,     0.,     0.,     0.,     0.,     0.,     0.,     0.,     0.,
            0., 16384.], device='cuda:0')
conv4_layer.0.weight: 	 tensor([2944.,   64.,  128.,   64.,    0.,  192.,  128.,   64.,    0.,  128.,
         384.], device='cuda:0')
fc1_layer.0.weight: 	 tensor([353.,  23.,  14.,   4.,   8.,  11.,   6.,  10.,  17.,  32.,  34.],
       device='cuda:0')
Head Finetuning    :Task: 9,	 Epoch: 0/40,	 Avg.loss: 0.0036,	 Test Accuracy: 84/1000(8%)
Head Finetuning    :Task: 9,	 Epoch: 1/40,	 Avg.loss: 0.0033,	 Test Accuracy: 81/1000(8%)
Head Finetuning    :Task: 9,	 Epoch: 2/40,	 Avg.loss: 0.0031,	 Test Accuracy: 85/1000(8%)
Head Finetuning    :Task: 9,	 Epoch: 3/40,	 Avg.loss: 0.0030,	 Test Accuracy: 102/1000(10%)
Head Finetuning    :Task: 9,	 Epoch: 4/40,	 Avg.loss: 0.0029,	 Test Accuracy: 120/1000(12%)
Head Finetuning    :Task: 9,	 Epoch: 5/40,	 Avg.loss: 0.0028,	 Test Accuracy: 135/1000(14%)
Head Finetuning    :Task: 9,	 Epoch: 6/40,	 Avg.loss: 0.0027,	 Test Accuracy: 147/1000(15%)
Head Finetuning    :Task: 9,	 Epoch: 7/40,	 Avg.loss: 0.0026,	 Test Accuracy: 158/1000(16%)
Head Finetuning    :Task: 9,	 Epoch: 8/40,	 Avg.loss: 0.0026,	 Test Accuracy: 170/1000(17%)
Head Finetuning    :Task: 9,	 Epoch: 9/40,	 Avg.loss: 0.0025,	 Test Accuracy: 180/1000(18%)
Head Finetuning    :Task: 9,	 Epoch: 10/40,	 Avg.loss: 0.0025,	 Test Accuracy: 186/1000(19%)
Head Finetuning    :Task: 9,	 Epoch: 11/40,	 Avg.loss: 0.0024,	 Test Accuracy: 196/1000(20%)
Head Finetuning    :Task: 9,	 Epoch: 12/40,	 Avg.loss: 0.0024,	 Test Accuracy: 213/1000(21%)
Head Finetuning    :Task: 9,	 Epoch: 13/40,	 Avg.loss: 0.0023,	 Test Accuracy: 221/1000(22%)
Head Finetuning    :Task: 9,	 Epoch: 14/40,	 Avg.loss: 0.0023,	 Test Accuracy: 230/1000(23%)
Task: 9,	 Epoch: 0/40,	 Avg.loss: 0.0012,	 Test Accuracy: 597/1000(60%)
Task: 9,	 Epoch: 1/40,	 Avg.loss: 0.0011,	 Test Accuracy: 617/1000(62%)
Task: 9,	 Epoch: 2/40,	 Avg.loss: 0.0010,	 Test Accuracy: 647/1000(65%)
Task: 9,	 Epoch: 3/40,	 Avg.loss: 0.0009,	 Test Accuracy: 679/1000(68%)
Task: 9,	 Epoch: 4/40,	 Avg.loss: 0.0009,	 Test Accuracy: 671/1000(67%)
Task: 9,	 Epoch: 5/40,	 Avg.loss: 0.0009,	 Test Accuracy: 682/1000(68%)
Task: 9,	 Epoch: 6/40,	 Avg.loss: 0.0010,	 Test Accuracy: 664/1000(66%)
Task: 9,	 Epoch: 7/40,	 Avg.loss: 0.0009,	 Test Accuracy: 709/1000(71%)
Task: 9,	 Epoch: 8/40,	 Avg.loss: 0.0009,	 Test Accuracy: 695/1000(70%)
Task: 9,	 Epoch: 9/40,	 Avg.loss: 0.0009,	 Test Accuracy: 690/1000(69%)
Task: 9,	 Epoch: 10/40,	 Avg.loss: 0.0009,	 Test Accuracy: 708/1000(71%)
Task: 9,	 Epoch: 11/40,	 Avg.loss: 0.0009,	 Test Accuracy: 696/1000(70%)
Task: 9,	 Epoch: 12/40,	 Avg.loss: 0.0009,	 Test Accuracy: 703/1000(70%)
Task: 9,	 Epoch: 13/40,	 Avg.loss: 0.0009,	 Test Accuracy: 706/1000(71%)
Task: 9,	 Epoch: 14/40,	 Avg.loss: 0.0009,	 Test Accuracy: 707/1000(71%)
Task: 9,	 Epoch: 15/40,	 Avg.loss: 0.0009,	 Test Accuracy: 702/1000(70%)
Task: 9,	 Epoch: 16/40,	 Avg.loss: 0.0008,	 Test Accuracy: 729/1000(73%)
Task: 9,	 Epoch: 17/40,	 Avg.loss: 0.0008,	 Test Accuracy: 709/1000(71%)
Task: 9,	 Epoch: 18/40,	 Avg.loss: 0.0008,	 Test Accuracy: 726/1000(73%)
Task: 9,	 Epoch: 19/40,	 Avg.loss: 0.0009,	 Test Accuracy: 694/1000(69%)
Task: 9,	 Epoch: 20/40,	 Avg.loss: 0.0008,	 Test Accuracy: 731/1000(73%)
Task: 9,	 Epoch: 21/40,	 Avg.loss: 0.0008,	 Test Accuracy: 730/1000(73%)
Task: 9,	 Epoch: 22/40,	 Avg.loss: 0.0008,	 Test Accuracy: 734/1000(73%)
Task: 9,	 Epoch: 23/40,	 Avg.loss: 0.0008,	 Test Accuracy: 737/1000(74%)
Task: 9,	 Epoch: 24/40,	 Avg.loss: 0.0008,	 Test Accuracy: 738/1000(74%)
Task: 9,	 Epoch: 25/40,	 Avg.loss: 0.0008,	 Test Accuracy: 735/1000(74%)
Task: 9,	 Epoch: 26/40,	 Avg.loss: 0.0008,	 Test Accuracy: 731/1000(73%)
Task: 9,	 Epoch: 27/40,	 Avg.loss: 0.0008,	 Test Accuracy: 730/1000(73%)
Task: 9,	 Epoch: 28/40,	 Avg.loss: 0.0008,	 Test Accuracy: 740/1000(74%)
Task: 9,	 Epoch: 29/40,	 Avg.loss: 0.0008,	 Test Accuracy: 735/1000(74%)
Task: 9,	 Epoch: 30/40,	 Avg.loss: 0.0008,	 Test Accuracy: 728/1000(73%)
Task: 9,	 Epoch: 31/40,	 Avg.loss: 0.0008,	 Test Accuracy: 734/1000(73%)
Task: 9,	 Epoch: 32/40,	 Avg.loss: 0.0008,	 Test Accuracy: 732/1000(73%)
Task: 9,	 Epoch: 33/40,	 Avg.loss: 0.0008,	 Test Accuracy: 732/1000(73%)
Task: 9,	 Epoch: 34/40,	 Avg.loss: 0.0008,	 Test Accuracy: 728/1000(73%)
Task: 9,	 Epoch: 35/40,	 Avg.loss: 0.0008,	 Test Accuracy: 733/1000(73%)
Task: 9,	 Epoch: 36/40,	 Avg.loss: 0.0008,	 Test Accuracy: 731/1000(73%)
Task: 9,	 Epoch: 37/40,	 Avg.loss: 0.0008,	 Test Accuracy: 737/1000(74%)
Task: 9,	 Epoch: 38/40,	 Avg.loss: 0.0008,	 Test Accuracy: 737/1000(74%)
Task: 9,	 Epoch: 39/40,	 Avg.loss: 0.0008,	 Test Accuracy: 737/1000(74%)
Trained Task:9, Loaded task:0, Accuracy:79.9%
Trained Task:9, Loaded task:1, Accuracy:68.9%
Trained Task:9, Loaded task:2, Accuracy:74.4%
Trained Task:9, Loaded task:3, Accuracy:70.5%
Trained Task:9, Loaded task:4, Accuracy:72.5%
Trained Task:9, Loaded task:5, Accuracy:68.4%
Trained Task:9, Loaded task:6, Accuracy:69.8%
Trained Task:9, Loaded task:7, Accuracy:63.3%
Trained Task:9, Loaded task:8, Accuracy:74.2%
Trained Task:9, Loaded task:9, Accuracy:73.7%
Trained Task:9, Avg. Accuracy: 71.6 

List of avg. accuracy: [83.8, 79.1, 78.0, 75.1, 74.8, 74.0, 73.5, 72.3, 72.6, 71.6]
PATH:     /home/sanghyun/Documents/CL/ISG/results/04-01-2021-01:36/
ours
ours
ours
ours
ours
ours
