Task: -1,	 Epoch: 0/40,	 Avg.loss: 0.0011,	 Test Accuracy: 6018/10000(60%)
Task: -1,	 Epoch: 1/40,	 Avg.loss: 0.0009,	 Test Accuracy: 6994/10000(70%)
Task: -1,	 Epoch: 2/40,	 Avg.loss: 0.0007,	 Test Accuracy: 7491/10000(75%)
Task: -1,	 Epoch: 3/40,	 Avg.loss: 0.0006,	 Test Accuracy: 7772/10000(78%)
Task: -1,	 Epoch: 4/40,	 Avg.loss: 0.0006,	 Test Accuracy: 7894/10000(79%)
Task: -1,	 Epoch: 5/40,	 Avg.loss: 0.0006,	 Test Accuracy: 8035/10000(80%)
Task: -1,	 Epoch: 6/40,	 Avg.loss: 0.0006,	 Test Accuracy: 8000/10000(80%)
Task: -1,	 Epoch: 7/40,	 Avg.loss: 0.0006,	 Test Accuracy: 8113/10000(81%)
Task: -1,	 Epoch: 8/40,	 Avg.loss: 0.0005,	 Test Accuracy: 8128/10000(81%)
Task: -1,	 Epoch: 9/40,	 Avg.loss: 0.0005,	 Test Accuracy: 8264/10000(83%)
Task: -1,	 Epoch: 10/40,	 Avg.loss: 0.0005,	 Test Accuracy: 8351/10000(84%)
Task: -1,	 Epoch: 11/40,	 Avg.loss: 0.0005,	 Test Accuracy: 8357/10000(84%)
Task: -1,	 Epoch: 12/40,	 Avg.loss: 0.0005,	 Test Accuracy: 8368/10000(84%)
Task: -1,	 Epoch: 13/40,	 Avg.loss: 0.0005,	 Test Accuracy: 8449/10000(84%)
Task: -1,	 Epoch: 14/40,	 Avg.loss: 0.0005,	 Test Accuracy: 8429/10000(84%)
Task: -1,	 Epoch: 15/40,	 Avg.loss: 0.0005,	 Test Accuracy: 8449/10000(84%)
Task: -1,	 Epoch: 16/40,	 Avg.loss: 0.0005,	 Test Accuracy: 8412/10000(84%)
Task: -1,	 Epoch: 17/40,	 Avg.loss: 0.0005,	 Test Accuracy: 8494/10000(85%)
Task: -1,	 Epoch: 18/40,	 Avg.loss: 0.0005,	 Test Accuracy: 8481/10000(85%)
Task: -1,	 Epoch: 19/40,	 Avg.loss: 0.0005,	 Test Accuracy: 8484/10000(85%)
Task: -1,	 Epoch: 20/40,	 Avg.loss: 0.0004,	 Test Accuracy: 8595/10000(86%)
Task: -1,	 Epoch: 21/40,	 Avg.loss: 0.0004,	 Test Accuracy: 8612/10000(86%)
Task: -1,	 Epoch: 22/40,	 Avg.loss: 0.0004,	 Test Accuracy: 8628/10000(86%)
Task: -1,	 Epoch: 23/40,	 Avg.loss: 0.0004,	 Test Accuracy: 8652/10000(87%)
Task: -1,	 Epoch: 24/40,	 Avg.loss: 0.0004,	 Test Accuracy: 8654/10000(87%)
Task: -1,	 Epoch: 25/40,	 Avg.loss: 0.0005,	 Test Accuracy: 8646/10000(86%)
Task: -1,	 Epoch: 26/40,	 Avg.loss: 0.0005,	 Test Accuracy: 8662/10000(87%)
Task: -1,	 Epoch: 27/40,	 Avg.loss: 0.0005,	 Test Accuracy: 8686/10000(87%)
Task: -1,	 Epoch: 28/40,	 Avg.loss: 0.0005,	 Test Accuracy: 8674/10000(87%)
Task: -1,	 Epoch: 29/40,	 Avg.loss: 0.0005,	 Test Accuracy: 8690/10000(87%)
Task: -1,	 Epoch: 30/40,	 Avg.loss: 0.0005,	 Test Accuracy: 8712/10000(87%)
Task: -1,	 Epoch: 31/40,	 Avg.loss: 0.0005,	 Test Accuracy: 8698/10000(87%)
Task: -1,	 Epoch: 32/40,	 Avg.loss: 0.0005,	 Test Accuracy: 8680/10000(87%)
Task: -1,	 Epoch: 33/40,	 Avg.loss: 0.0005,	 Test Accuracy: 8697/10000(87%)
Task: -1,	 Epoch: 34/40,	 Avg.loss: 0.0005,	 Test Accuracy: 8676/10000(87%)
Task: -1,	 Epoch: 35/40,	 Avg.loss: 0.0005,	 Test Accuracy: 8699/10000(87%)
Task: -1,	 Epoch: 36/40,	 Avg.loss: 0.0005,	 Test Accuracy: 8708/10000(87%)
Task: -1,	 Epoch: 37/40,	 Avg.loss: 0.0005,	 Test Accuracy: 8710/10000(87%)
Task: -1,	 Epoch: 38/40,	 Avg.loss: 0.0005,	 Test Accuracy: 8690/10000(87%)
Task: -1,	 Epoch: 39/40,	 Avg.loss: 0.0005,	 Test Accuracy: 8712/10000(87%)
Task: -1,	 Epoch: 40/40,	 Avg.loss: 0.0005,	 Test Accuracy: 8704/10000(87%)
Mask histogram
conv1_layer.0.weight: 
 tensor([20480, 45056,     0,     0,     0,     0,     0,     0,     0,     0,
            0], device='cuda:0', dtype=torch.int32)
conv2_layer.0.weight: 
 tensor([ 5120, 11264,     0,     0,     0,     0,     0,     0,     0,     0,
            0], device='cuda:0', dtype=torch.int32)
conv3_layer.0.weight: 
 tensor([ 9984, 22784,     0,     0,     0,     0,     0,     0,     0,     0,
            0], device='cuda:0', dtype=torch.int32)
conv4_layer.0.weight: 
 tensor([2496, 5696,    0,    0,    0,    0,    0,    0,    0,    0,    0],
       device='cuda:0', dtype=torch.int32)
fc1_layer.0.weight: 
 tensor([308, 716,   0,   0,   0,   0,   0,   0,   0,   0,   0],
       device='cuda:0', dtype=torch.int32)
Head Finetuning    :Task: 0,	 Epoch: 0/40,	 Avg.loss: 0.0023,	 Test Accuracy: 147/1000(15%)
Head Finetuning    :Task: 0,	 Epoch: 1/40,	 Avg.loss: 0.0022,	 Test Accuracy: 194/1000(19%)
Head Finetuning    :Task: 0,	 Epoch: 2/40,	 Avg.loss: 0.0021,	 Test Accuracy: 228/1000(23%)
Head Finetuning    :Task: 0,	 Epoch: 3/40,	 Avg.loss: 0.0021,	 Test Accuracy: 263/1000(26%)
Head Finetuning    :Task: 0,	 Epoch: 4/40,	 Avg.loss: 0.0020,	 Test Accuracy: 294/1000(29%)
Head Finetuning    :Task: 0,	 Epoch: 5/40,	 Avg.loss: 0.0020,	 Test Accuracy: 328/1000(33%)
Head Finetuning    :Task: 0,	 Epoch: 6/40,	 Avg.loss: 0.0019,	 Test Accuracy: 344/1000(34%)
Head Finetuning    :Task: 0,	 Epoch: 7/40,	 Avg.loss: 0.0019,	 Test Accuracy: 360/1000(36%)
Head Finetuning    :Task: 0,	 Epoch: 8/40,	 Avg.loss: 0.0019,	 Test Accuracy: 373/1000(37%)
Head Finetuning    :Task: 0,	 Epoch: 9/40,	 Avg.loss: 0.0018,	 Test Accuracy: 389/1000(39%)
Head Finetuning    :Task: 0,	 Epoch: 10/40,	 Avg.loss: 0.0018,	 Test Accuracy: 408/1000(41%)
Head Finetuning    :Task: 0,	 Epoch: 11/40,	 Avg.loss: 0.0018,	 Test Accuracy: 418/1000(42%)
Head Finetuning    :Task: 0,	 Epoch: 12/40,	 Avg.loss: 0.0018,	 Test Accuracy: 430/1000(43%)
Head Finetuning    :Task: 0,	 Epoch: 13/40,	 Avg.loss: 0.0017,	 Test Accuracy: 442/1000(44%)
Head Finetuning    :Task: 0,	 Epoch: 14/40,	 Avg.loss: 0.0017,	 Test Accuracy: 446/1000(45%)
Task: 0,	 Epoch: 0/40,	 Avg.loss: 0.0008,	 Test Accuracy: 719/1000(72%)
Task: 0,	 Epoch: 1/40,	 Avg.loss: 0.0007,	 Test Accuracy: 778/1000(78%)
Task: 0,	 Epoch: 2/40,	 Avg.loss: 0.0008,	 Test Accuracy: 744/1000(74%)
Task: 0,	 Epoch: 3/40,	 Avg.loss: 0.0005,	 Test Accuracy: 831/1000(83%)
Task: 0,	 Epoch: 4/40,	 Avg.loss: 0.0005,	 Test Accuracy: 820/1000(82%)
Task: 0,	 Epoch: 5/40,	 Avg.loss: 0.0006,	 Test Accuracy: 800/1000(80%)
Task: 0,	 Epoch: 6/40,	 Avg.loss: 0.0006,	 Test Accuracy: 810/1000(81%)
Task: 0,	 Epoch: 7/40,	 Avg.loss: 0.0005,	 Test Accuracy: 826/1000(83%)
Task: 0,	 Epoch: 8/40,	 Avg.loss: 0.0004,	 Test Accuracy: 854/1000(85%)
Task: 0,	 Epoch: 9/40,	 Avg.loss: 0.0005,	 Test Accuracy: 850/1000(85%)
Task: 0,	 Epoch: 10/40,	 Avg.loss: 0.0005,	 Test Accuracy: 854/1000(85%)
Task: 0,	 Epoch: 11/40,	 Avg.loss: 0.0005,	 Test Accuracy: 841/1000(84%)
Task: 0,	 Epoch: 12/40,	 Avg.loss: 0.0005,	 Test Accuracy: 830/1000(83%)
Task: 0,	 Epoch: 13/40,	 Avg.loss: 0.0006,	 Test Accuracy: 835/1000(84%)
Task: 0,	 Epoch: 14/40,	 Avg.loss: 0.0005,	 Test Accuracy: 856/1000(86%)
Task: 0,	 Epoch: 15/40,	 Avg.loss: 0.0006,	 Test Accuracy: 837/1000(84%)
Task: 0,	 Epoch: 16/40,	 Avg.loss: 0.0007,	 Test Accuracy: 829/1000(83%)
Task: 0,	 Epoch: 17/40,	 Avg.loss: 0.0006,	 Test Accuracy: 846/1000(85%)
Task: 0,	 Epoch: 18/40,	 Avg.loss: 0.0006,	 Test Accuracy: 848/1000(85%)
Task: 0,	 Epoch: 19/40,	 Avg.loss: 0.0006,	 Test Accuracy: 852/1000(85%)
Task: 0,	 Epoch: 20/40,	 Avg.loss: 0.0005,	 Test Accuracy: 855/1000(86%)
Task: 0,	 Epoch: 21/40,	 Avg.loss: 0.0005,	 Test Accuracy: 863/1000(86%)
Task: 0,	 Epoch: 22/40,	 Avg.loss: 0.0005,	 Test Accuracy: 864/1000(86%)
Task: 0,	 Epoch: 23/40,	 Avg.loss: 0.0005,	 Test Accuracy: 865/1000(87%)
Task: 0,	 Epoch: 24/40,	 Avg.loss: 0.0005,	 Test Accuracy: 871/1000(87%)
Task: 0,	 Epoch: 25/40,	 Avg.loss: 0.0005,	 Test Accuracy: 870/1000(87%)
Task: 0,	 Epoch: 26/40,	 Avg.loss: 0.0005,	 Test Accuracy: 868/1000(87%)
Task: 0,	 Epoch: 27/40,	 Avg.loss: 0.0005,	 Test Accuracy: 867/1000(87%)
Task: 0,	 Epoch: 28/40,	 Avg.loss: 0.0005,	 Test Accuracy: 866/1000(87%)
Task: 0,	 Epoch: 29/40,	 Avg.loss: 0.0005,	 Test Accuracy: 870/1000(87%)
Task: 0,	 Epoch: 30/40,	 Avg.loss: 0.0005,	 Test Accuracy: 870/1000(87%)
Task: 0,	 Epoch: 31/40,	 Avg.loss: 0.0005,	 Test Accuracy: 866/1000(87%)
Task: 0,	 Epoch: 32/40,	 Avg.loss: 0.0005,	 Test Accuracy: 865/1000(87%)
Task: 0,	 Epoch: 33/40,	 Avg.loss: 0.0005,	 Test Accuracy: 861/1000(86%)
Task: 0,	 Epoch: 34/40,	 Avg.loss: 0.0005,	 Test Accuracy: 867/1000(87%)
Task: 0,	 Epoch: 35/40,	 Avg.loss: 0.0005,	 Test Accuracy: 870/1000(87%)
Task: 0,	 Epoch: 36/40,	 Avg.loss: 0.0005,	 Test Accuracy: 866/1000(87%)
Task: 0,	 Epoch: 37/40,	 Avg.loss: 0.0005,	 Test Accuracy: 867/1000(87%)
Task: 0,	 Epoch: 38/40,	 Avg.loss: 0.0005,	 Test Accuracy: 872/1000(87%)
Task: 0,	 Epoch: 39/40,	 Avg.loss: 0.0005,	 Test Accuracy: 866/1000(87%)
Trained Task:0, Loaded task:0, Accuracy:86.6%
Trained Task:0, Avg. Accuracy: 86.6 

List of avg. accuracy: [86.6]
Mask histogram
conv1_layer.0.weight: 
 tensor([13312, 14336, 37888,     0,     0,     0,     0,     0,     0,     0,
            0], device='cuda:0', dtype=torch.int32)
conv2_layer.0.weight: 
 tensor([ 4864,   512, 11008,     0,     0,     0,     0,     0,     0,     0,
            0], device='cuda:0', dtype=torch.int32)
conv3_layer.0.weight: 
 tensor([ 8960,  2048, 21760,     0,     0,     0,     0,     0,     0,     0,
            0], device='cuda:0', dtype=torch.int32)
conv4_layer.0.weight: 
 tensor([2368,  256, 5568,    0,    0,    0,    0,    0,    0,    0,    0],
       device='cuda:0', dtype=torch.int32)
fc1_layer.0.weight: 
 tensor([304,   8, 712,   0,   0,   0,   0,   0,   0,   0,   0],
       device='cuda:0', dtype=torch.int32)
Head Finetuning    :Task: 1,	 Epoch: 0/40,	 Avg.loss: 0.0027,	 Test Accuracy: 153/1000(15%)
Head Finetuning    :Task: 1,	 Epoch: 1/40,	 Avg.loss: 0.0024,	 Test Accuracy: 194/1000(19%)
Head Finetuning    :Task: 1,	 Epoch: 2/40,	 Avg.loss: 0.0022,	 Test Accuracy: 230/1000(23%)
Head Finetuning    :Task: 1,	 Epoch: 3/40,	 Avg.loss: 0.0021,	 Test Accuracy: 263/1000(26%)
Head Finetuning    :Task: 1,	 Epoch: 4/40,	 Avg.loss: 0.0020,	 Test Accuracy: 293/1000(29%)
Head Finetuning    :Task: 1,	 Epoch: 5/40,	 Avg.loss: 0.0019,	 Test Accuracy: 315/1000(32%)
Head Finetuning    :Task: 1,	 Epoch: 6/40,	 Avg.loss: 0.0018,	 Test Accuracy: 337/1000(34%)
Head Finetuning    :Task: 1,	 Epoch: 7/40,	 Avg.loss: 0.0018,	 Test Accuracy: 358/1000(36%)
Head Finetuning    :Task: 1,	 Epoch: 8/40,	 Avg.loss: 0.0017,	 Test Accuracy: 378/1000(38%)
Head Finetuning    :Task: 1,	 Epoch: 9/40,	 Avg.loss: 0.0017,	 Test Accuracy: 390/1000(39%)
Head Finetuning    :Task: 1,	 Epoch: 10/40,	 Avg.loss: 0.0016,	 Test Accuracy: 407/1000(41%)
Head Finetuning    :Task: 1,	 Epoch: 11/40,	 Avg.loss: 0.0016,	 Test Accuracy: 424/1000(42%)
Head Finetuning    :Task: 1,	 Epoch: 12/40,	 Avg.loss: 0.0015,	 Test Accuracy: 432/1000(43%)
Head Finetuning    :Task: 1,	 Epoch: 13/40,	 Avg.loss: 0.0015,	 Test Accuracy: 446/1000(45%)
Head Finetuning    :Task: 1,	 Epoch: 14/40,	 Avg.loss: 0.0015,	 Test Accuracy: 456/1000(46%)
Task: 1,	 Epoch: 0/40,	 Avg.loss: 0.0009,	 Test Accuracy: 695/1000(70%)
Task: 1,	 Epoch: 1/40,	 Avg.loss: 0.0008,	 Test Accuracy: 732/1000(73%)
Task: 1,	 Epoch: 2/40,	 Avg.loss: 0.0008,	 Test Accuracy: 721/1000(72%)
Task: 1,	 Epoch: 3/40,	 Avg.loss: 0.0008,	 Test Accuracy: 750/1000(75%)
Task: 1,	 Epoch: 4/40,	 Avg.loss: 0.0007,	 Test Accuracy: 736/1000(74%)
Task: 1,	 Epoch: 5/40,	 Avg.loss: 0.0008,	 Test Accuracy: 737/1000(74%)
Task: 1,	 Epoch: 6/40,	 Avg.loss: 0.0007,	 Test Accuracy: 752/1000(75%)
Task: 1,	 Epoch: 7/40,	 Avg.loss: 0.0007,	 Test Accuracy: 759/1000(76%)
Task: 1,	 Epoch: 8/40,	 Avg.loss: 0.0007,	 Test Accuracy: 751/1000(75%)
Task: 1,	 Epoch: 9/40,	 Avg.loss: 0.0006,	 Test Accuracy: 769/1000(77%)
Task: 1,	 Epoch: 10/40,	 Avg.loss: 0.0007,	 Test Accuracy: 777/1000(78%)
Task: 1,	 Epoch: 11/40,	 Avg.loss: 0.0007,	 Test Accuracy: 775/1000(78%)
Task: 1,	 Epoch: 12/40,	 Avg.loss: 0.0006,	 Test Accuracy: 774/1000(77%)
Task: 1,	 Epoch: 13/40,	 Avg.loss: 0.0007,	 Test Accuracy: 762/1000(76%)
Task: 1,	 Epoch: 14/40,	 Avg.loss: 0.0008,	 Test Accuracy: 740/1000(74%)
Task: 1,	 Epoch: 15/40,	 Avg.loss: 0.0007,	 Test Accuracy: 780/1000(78%)
Task: 1,	 Epoch: 16/40,	 Avg.loss: 0.0007,	 Test Accuracy: 780/1000(78%)
Task: 1,	 Epoch: 17/40,	 Avg.loss: 0.0007,	 Test Accuracy: 798/1000(80%)
Task: 1,	 Epoch: 18/40,	 Avg.loss: 0.0007,	 Test Accuracy: 773/1000(77%)
Task: 1,	 Epoch: 19/40,	 Avg.loss: 0.0007,	 Test Accuracy: 781/1000(78%)
Task: 1,	 Epoch: 20/40,	 Avg.loss: 0.0006,	 Test Accuracy: 797/1000(80%)
Task: 1,	 Epoch: 21/40,	 Avg.loss: 0.0006,	 Test Accuracy: 809/1000(81%)
Task: 1,	 Epoch: 22/40,	 Avg.loss: 0.0006,	 Test Accuracy: 795/1000(80%)
Task: 1,	 Epoch: 23/40,	 Avg.loss: 0.0006,	 Test Accuracy: 794/1000(79%)
Task: 1,	 Epoch: 24/40,	 Avg.loss: 0.0006,	 Test Accuracy: 791/1000(79%)
Task: 1,	 Epoch: 25/40,	 Avg.loss: 0.0006,	 Test Accuracy: 792/1000(79%)
Task: 1,	 Epoch: 26/40,	 Avg.loss: 0.0006,	 Test Accuracy: 804/1000(80%)
Task: 1,	 Epoch: 27/40,	 Avg.loss: 0.0006,	 Test Accuracy: 789/1000(79%)
Task: 1,	 Epoch: 28/40,	 Avg.loss: 0.0006,	 Test Accuracy: 799/1000(80%)
Task: 1,	 Epoch: 29/40,	 Avg.loss: 0.0006,	 Test Accuracy: 792/1000(79%)
Task: 1,	 Epoch: 30/40,	 Avg.loss: 0.0006,	 Test Accuracy: 802/1000(80%)
Task: 1,	 Epoch: 31/40,	 Avg.loss: 0.0006,	 Test Accuracy: 797/1000(80%)
Task: 1,	 Epoch: 32/40,	 Avg.loss: 0.0006,	 Test Accuracy: 796/1000(80%)
Task: 1,	 Epoch: 33/40,	 Avg.loss: 0.0006,	 Test Accuracy: 796/1000(80%)
Task: 1,	 Epoch: 34/40,	 Avg.loss: 0.0006,	 Test Accuracy: 798/1000(80%)
Task: 1,	 Epoch: 35/40,	 Avg.loss: 0.0006,	 Test Accuracy: 794/1000(79%)
Task: 1,	 Epoch: 36/40,	 Avg.loss: 0.0006,	 Test Accuracy: 800/1000(80%)
Task: 1,	 Epoch: 37/40,	 Avg.loss: 0.0006,	 Test Accuracy: 795/1000(80%)
Task: 1,	 Epoch: 38/40,	 Avg.loss: 0.0006,	 Test Accuracy: 800/1000(80%)
Task: 1,	 Epoch: 39/40,	 Avg.loss: 0.0006,	 Test Accuracy: 794/1000(79%)
Trained Task:1, Loaded task:0, Accuracy:85.8%
Trained Task:1, Loaded task:1, Accuracy:79.4%
Trained Task:1, Avg. Accuracy: 82.6 

List of avg. accuracy: [86.6, 82.6]
Mask histogram
conv1_layer.0.weight: 
 tensor([12288,  8192,  8192, 36864,     0,     0,     0,     0,     0,     0,
            0], device='cuda:0', dtype=torch.int32)
conv2_layer.0.weight: 
 tensor([ 4608,   768,     0, 11008,     0,     0,     0,     0,     0,     0,
            0], device='cuda:0', dtype=torch.int32)
conv3_layer.0.weight: 
 tensor([ 8960,   256,  2560, 20992,     0,     0,     0,     0,     0,     0,
            0], device='cuda:0', dtype=torch.int32)
conv4_layer.0.weight: 
 tensor([2240,  256,  256, 5440,    0,    0,    0,    0,    0,    0,    0],
       device='cuda:0', dtype=torch.int32)
fc1_layer.0.weight: 
 tensor([299,  12,   3, 710,   0,   0,   0,   0,   0,   0,   0],
       device='cuda:0', dtype=torch.int32)
Head Finetuning    :Task: 2,	 Epoch: 0/40,	 Avg.loss: 0.0029,	 Test Accuracy: 107/1000(11%)
Head Finetuning    :Task: 2,	 Epoch: 1/40,	 Avg.loss: 0.0026,	 Test Accuracy: 154/1000(15%)
Head Finetuning    :Task: 2,	 Epoch: 2/40,	 Avg.loss: 0.0024,	 Test Accuracy: 198/1000(20%)
Head Finetuning    :Task: 2,	 Epoch: 3/40,	 Avg.loss: 0.0023,	 Test Accuracy: 232/1000(23%)
Head Finetuning    :Task: 2,	 Epoch: 4/40,	 Avg.loss: 0.0021,	 Test Accuracy: 268/1000(27%)
Head Finetuning    :Task: 2,	 Epoch: 5/40,	 Avg.loss: 0.0020,	 Test Accuracy: 302/1000(30%)
Head Finetuning    :Task: 2,	 Epoch: 6/40,	 Avg.loss: 0.0020,	 Test Accuracy: 325/1000(32%)
Head Finetuning    :Task: 2,	 Epoch: 7/40,	 Avg.loss: 0.0019,	 Test Accuracy: 350/1000(35%)
Head Finetuning    :Task: 2,	 Epoch: 8/40,	 Avg.loss: 0.0018,	 Test Accuracy: 358/1000(36%)
Head Finetuning    :Task: 2,	 Epoch: 9/40,	 Avg.loss: 0.0018,	 Test Accuracy: 375/1000(38%)
Head Finetuning    :Task: 2,	 Epoch: 10/40,	 Avg.loss: 0.0017,	 Test Accuracy: 392/1000(39%)
Head Finetuning    :Task: 2,	 Epoch: 11/40,	 Avg.loss: 0.0017,	 Test Accuracy: 406/1000(41%)
Head Finetuning    :Task: 2,	 Epoch: 12/40,	 Avg.loss: 0.0016,	 Test Accuracy: 422/1000(42%)
Head Finetuning    :Task: 2,	 Epoch: 13/40,	 Avg.loss: 0.0016,	 Test Accuracy: 439/1000(44%)
Head Finetuning    :Task: 2,	 Epoch: 14/40,	 Avg.loss: 0.0016,	 Test Accuracy: 448/1000(45%)
Task: 2,	 Epoch: 0/40,	 Avg.loss: 0.0009,	 Test Accuracy: 718/1000(72%)
Task: 2,	 Epoch: 1/40,	 Avg.loss: 0.0008,	 Test Accuracy: 729/1000(73%)
Task: 2,	 Epoch: 2/40,	 Avg.loss: 0.0008,	 Test Accuracy: 744/1000(74%)
Task: 2,	 Epoch: 3/40,	 Avg.loss: 0.0007,	 Test Accuracy: 773/1000(77%)
Task: 2,	 Epoch: 4/40,	 Avg.loss: 0.0007,	 Test Accuracy: 759/1000(76%)
Task: 2,	 Epoch: 5/40,	 Avg.loss: 0.0007,	 Test Accuracy: 771/1000(77%)
Task: 2,	 Epoch: 6/40,	 Avg.loss: 0.0007,	 Test Accuracy: 764/1000(76%)
Task: 2,	 Epoch: 7/40,	 Avg.loss: 0.0007,	 Test Accuracy: 786/1000(79%)
Task: 2,	 Epoch: 8/40,	 Avg.loss: 0.0007,	 Test Accuracy: 792/1000(79%)
Task: 2,	 Epoch: 9/40,	 Avg.loss: 0.0007,	 Test Accuracy: 783/1000(78%)
Task: 2,	 Epoch: 10/40,	 Avg.loss: 0.0007,	 Test Accuracy: 786/1000(79%)
Task: 2,	 Epoch: 11/40,	 Avg.loss: 0.0007,	 Test Accuracy: 778/1000(78%)
Task: 2,	 Epoch: 12/40,	 Avg.loss: 0.0006,	 Test Accuracy: 806/1000(81%)
Task: 2,	 Epoch: 13/40,	 Avg.loss: 0.0007,	 Test Accuracy: 794/1000(79%)
Task: 2,	 Epoch: 14/40,	 Avg.loss: 0.0007,	 Test Accuracy: 794/1000(79%)
Task: 2,	 Epoch: 15/40,	 Avg.loss: 0.0007,	 Test Accuracy: 787/1000(79%)
Task: 2,	 Epoch: 16/40,	 Avg.loss: 0.0007,	 Test Accuracy: 798/1000(80%)
Task: 2,	 Epoch: 17/40,	 Avg.loss: 0.0007,	 Test Accuracy: 788/1000(79%)
Task: 2,	 Epoch: 18/40,	 Avg.loss: 0.0007,	 Test Accuracy: 788/1000(79%)
Task: 2,	 Epoch: 19/40,	 Avg.loss: 0.0007,	 Test Accuracy: 791/1000(79%)
Task: 2,	 Epoch: 20/40,	 Avg.loss: 0.0006,	 Test Accuracy: 813/1000(81%)
Task: 2,	 Epoch: 21/40,	 Avg.loss: 0.0006,	 Test Accuracy: 818/1000(82%)
Task: 2,	 Epoch: 22/40,	 Avg.loss: 0.0006,	 Test Accuracy: 817/1000(82%)
Task: 2,	 Epoch: 23/40,	 Avg.loss: 0.0006,	 Test Accuracy: 817/1000(82%)
Task: 2,	 Epoch: 24/40,	 Avg.loss: 0.0006,	 Test Accuracy: 813/1000(81%)
Task: 2,	 Epoch: 25/40,	 Avg.loss: 0.0006,	 Test Accuracy: 813/1000(81%)
Task: 2,	 Epoch: 26/40,	 Avg.loss: 0.0006,	 Test Accuracy: 815/1000(82%)
Task: 2,	 Epoch: 27/40,	 Avg.loss: 0.0006,	 Test Accuracy: 819/1000(82%)
Task: 2,	 Epoch: 28/40,	 Avg.loss: 0.0006,	 Test Accuracy: 820/1000(82%)
Task: 2,	 Epoch: 29/40,	 Avg.loss: 0.0006,	 Test Accuracy: 820/1000(82%)
Task: 2,	 Epoch: 30/40,	 Avg.loss: 0.0006,	 Test Accuracy: 821/1000(82%)
Task: 2,	 Epoch: 31/40,	 Avg.loss: 0.0006,	 Test Accuracy: 809/1000(81%)
Task: 2,	 Epoch: 32/40,	 Avg.loss: 0.0006,	 Test Accuracy: 822/1000(82%)
Task: 2,	 Epoch: 33/40,	 Avg.loss: 0.0006,	 Test Accuracy: 814/1000(81%)
Task: 2,	 Epoch: 34/40,	 Avg.loss: 0.0006,	 Test Accuracy: 816/1000(82%)
Task: 2,	 Epoch: 35/40,	 Avg.loss: 0.0006,	 Test Accuracy: 812/1000(81%)
Task: 2,	 Epoch: 36/40,	 Avg.loss: 0.0006,	 Test Accuracy: 815/1000(82%)
Task: 2,	 Epoch: 37/40,	 Avg.loss: 0.0006,	 Test Accuracy: 822/1000(82%)
Task: 2,	 Epoch: 38/40,	 Avg.loss: 0.0006,	 Test Accuracy: 818/1000(82%)
Task: 2,	 Epoch: 39/40,	 Avg.loss: 0.0006,	 Test Accuracy: 821/1000(82%)
Trained Task:2, Loaded task:0, Accuracy:85.9%
Trained Task:2, Loaded task:1, Accuracy:80.0%
Trained Task:2, Loaded task:2, Accuracy:82.1%
Trained Task:2, Avg. Accuracy: 82.7 

List of avg. accuracy: [86.6, 82.6, 82.7]
Mask histogram
conv1_layer.0.weight: 
 tensor([12288,  4096,  6144,  8192, 34816,     0,     0,     0,     0,     0,
            0], device='cuda:0', dtype=torch.int32)
conv2_layer.0.weight: 
 tensor([ 4608,   512,   256,     0, 11008,     0,     0,     0,     0,     0,
            0], device='cuda:0', dtype=torch.int32)
conv3_layer.0.weight: 
 tensor([ 8704,   512,   256,  3072, 20224,     0,     0,     0,     0,     0,
            0], device='cuda:0', dtype=torch.int32)
conv4_layer.0.weight: 
 tensor([2176,  256,  192,  128, 5440,    0,    0,    0,    0,    0,    0],
       device='cuda:0', dtype=torch.int32)
fc1_layer.0.weight: 
 tensor([296,  13,   4,   1, 710,   0,   0,   0,   0,   0,   0],
       device='cuda:0', dtype=torch.int32)
Head Finetuning    :Task: 3,	 Epoch: 0/40,	 Avg.loss: 0.0028,	 Test Accuracy: 164/1000(16%)
Head Finetuning    :Task: 3,	 Epoch: 1/40,	 Avg.loss: 0.0025,	 Test Accuracy: 203/1000(20%)
Head Finetuning    :Task: 3,	 Epoch: 2/40,	 Avg.loss: 0.0024,	 Test Accuracy: 227/1000(23%)
Head Finetuning    :Task: 3,	 Epoch: 3/40,	 Avg.loss: 0.0022,	 Test Accuracy: 266/1000(27%)
Head Finetuning    :Task: 3,	 Epoch: 4/40,	 Avg.loss: 0.0021,	 Test Accuracy: 296/1000(30%)
Head Finetuning    :Task: 3,	 Epoch: 5/40,	 Avg.loss: 0.0020,	 Test Accuracy: 318/1000(32%)
Head Finetuning    :Task: 3,	 Epoch: 6/40,	 Avg.loss: 0.0019,	 Test Accuracy: 335/1000(34%)
Head Finetuning    :Task: 3,	 Epoch: 7/40,	 Avg.loss: 0.0019,	 Test Accuracy: 354/1000(35%)
Head Finetuning    :Task: 3,	 Epoch: 8/40,	 Avg.loss: 0.0018,	 Test Accuracy: 373/1000(37%)
Head Finetuning    :Task: 3,	 Epoch: 9/40,	 Avg.loss: 0.0018,	 Test Accuracy: 392/1000(39%)
Head Finetuning    :Task: 3,	 Epoch: 10/40,	 Avg.loss: 0.0017,	 Test Accuracy: 404/1000(40%)
Head Finetuning    :Task: 3,	 Epoch: 11/40,	 Avg.loss: 0.0017,	 Test Accuracy: 418/1000(42%)
Head Finetuning    :Task: 3,	 Epoch: 12/40,	 Avg.loss: 0.0016,	 Test Accuracy: 429/1000(43%)
Head Finetuning    :Task: 3,	 Epoch: 13/40,	 Avg.loss: 0.0016,	 Test Accuracy: 443/1000(44%)
Head Finetuning    :Task: 3,	 Epoch: 14/40,	 Avg.loss: 0.0016,	 Test Accuracy: 460/1000(46%)
Task: 3,	 Epoch: 0/40,	 Avg.loss: 0.0010,	 Test Accuracy: 673/1000(67%)
Task: 3,	 Epoch: 1/40,	 Avg.loss: 0.0010,	 Test Accuracy: 673/1000(67%)
Task: 3,	 Epoch: 2/40,	 Avg.loss: 0.0009,	 Test Accuracy: 719/1000(72%)
Task: 3,	 Epoch: 3/40,	 Avg.loss: 0.0008,	 Test Accuracy: 728/1000(73%)
Task: 3,	 Epoch: 4/40,	 Avg.loss: 0.0009,	 Test Accuracy: 730/1000(73%)
Task: 3,	 Epoch: 5/40,	 Avg.loss: 0.0008,	 Test Accuracy: 733/1000(73%)
Task: 3,	 Epoch: 6/40,	 Avg.loss: 0.0008,	 Test Accuracy: 756/1000(76%)
Task: 3,	 Epoch: 7/40,	 Avg.loss: 0.0008,	 Test Accuracy: 754/1000(75%)
Task: 3,	 Epoch: 8/40,	 Avg.loss: 0.0008,	 Test Accuracy: 750/1000(75%)
Task: 3,	 Epoch: 9/40,	 Avg.loss: 0.0008,	 Test Accuracy: 754/1000(75%)
Task: 3,	 Epoch: 10/40,	 Avg.loss: 0.0007,	 Test Accuracy: 764/1000(76%)
Task: 3,	 Epoch: 11/40,	 Avg.loss: 0.0008,	 Test Accuracy: 759/1000(76%)
Task: 3,	 Epoch: 12/40,	 Avg.loss: 0.0008,	 Test Accuracy: 749/1000(75%)
Task: 3,	 Epoch: 13/40,	 Avg.loss: 0.0007,	 Test Accuracy: 770/1000(77%)
Task: 3,	 Epoch: 14/40,	 Avg.loss: 0.0008,	 Test Accuracy: 764/1000(76%)
Task: 3,	 Epoch: 15/40,	 Avg.loss: 0.0008,	 Test Accuracy: 762/1000(76%)
Task: 3,	 Epoch: 16/40,	 Avg.loss: 0.0009,	 Test Accuracy: 722/1000(72%)
Task: 3,	 Epoch: 17/40,	 Avg.loss: 0.0007,	 Test Accuracy: 764/1000(76%)
Task: 3,	 Epoch: 18/40,	 Avg.loss: 0.0008,	 Test Accuracy: 765/1000(76%)
Task: 3,	 Epoch: 19/40,	 Avg.loss: 0.0008,	 Test Accuracy: 742/1000(74%)
Task: 3,	 Epoch: 20/40,	 Avg.loss: 0.0007,	 Test Accuracy: 786/1000(79%)
Task: 3,	 Epoch: 21/40,	 Avg.loss: 0.0007,	 Test Accuracy: 781/1000(78%)
Task: 3,	 Epoch: 22/40,	 Avg.loss: 0.0007,	 Test Accuracy: 779/1000(78%)
Task: 3,	 Epoch: 23/40,	 Avg.loss: 0.0007,	 Test Accuracy: 783/1000(78%)
Task: 3,	 Epoch: 24/40,	 Avg.loss: 0.0007,	 Test Accuracy: 790/1000(79%)
Task: 3,	 Epoch: 25/40,	 Avg.loss: 0.0007,	 Test Accuracy: 784/1000(78%)
Task: 3,	 Epoch: 26/40,	 Avg.loss: 0.0007,	 Test Accuracy: 787/1000(79%)
Task: 3,	 Epoch: 27/40,	 Avg.loss: 0.0007,	 Test Accuracy: 797/1000(80%)
Task: 3,	 Epoch: 28/40,	 Avg.loss: 0.0007,	 Test Accuracy: 789/1000(79%)
Task: 3,	 Epoch: 29/40,	 Avg.loss: 0.0007,	 Test Accuracy: 788/1000(79%)
Task: 3,	 Epoch: 30/40,	 Avg.loss: 0.0007,	 Test Accuracy: 786/1000(79%)
Task: 3,	 Epoch: 31/40,	 Avg.loss: 0.0007,	 Test Accuracy: 789/1000(79%)
Task: 3,	 Epoch: 32/40,	 Avg.loss: 0.0007,	 Test Accuracy: 788/1000(79%)
Task: 3,	 Epoch: 33/40,	 Avg.loss: 0.0007,	 Test Accuracy: 786/1000(79%)
Task: 3,	 Epoch: 34/40,	 Avg.loss: 0.0007,	 Test Accuracy: 793/1000(79%)
Task: 3,	 Epoch: 35/40,	 Avg.loss: 0.0007,	 Test Accuracy: 790/1000(79%)
Task: 3,	 Epoch: 36/40,	 Avg.loss: 0.0007,	 Test Accuracy: 798/1000(80%)
Task: 3,	 Epoch: 37/40,	 Avg.loss: 0.0007,	 Test Accuracy: 786/1000(79%)
Task: 3,	 Epoch: 38/40,	 Avg.loss: 0.0007,	 Test Accuracy: 792/1000(79%)
Task: 3,	 Epoch: 39/40,	 Avg.loss: 0.0007,	 Test Accuracy: 796/1000(80%)
Trained Task:3, Loaded task:0, Accuracy:85.2%
Trained Task:3, Loaded task:1, Accuracy:80.0%
Trained Task:3, Loaded task:2, Accuracy:81.4%
Trained Task:3, Loaded task:3, Accuracy:79.6%
Trained Task:3, Avg. Accuracy: 81.6 

List of avg. accuracy: [86.6, 82.6, 82.7, 81.6]
Mask histogram
conv1_layer.0.weight: 
 tensor([11264,  4096,  5120,  4096,  6144, 34816,     0,     0,     0,     0,
            0], device='cuda:0', dtype=torch.int32)
conv2_layer.0.weight: 
 tensor([ 4352,   768,     0,   256,   256, 10752,     0,     0,     0,     0,
            0], device='cuda:0', dtype=torch.int32)
conv3_layer.0.weight: 
 tensor([ 8704,     0,   512,  1280,  2304, 19968,     0,     0,     0,     0,
            0], device='cuda:0', dtype=torch.int32)
conv4_layer.0.weight: 
 tensor([2112,  256,  256,    0,  128, 5440,    0,    0,    0,    0,    0],
       device='cuda:0', dtype=torch.int32)
fc1_layer.0.weight: 
 tensor([296,   9,   7,   1,   1, 710,   0,   0,   0,   0,   0],
       device='cuda:0', dtype=torch.int32)
Head Finetuning    :Task: 4,	 Epoch: 0/40,	 Avg.loss: 0.0033,	 Test Accuracy: 89/1000(9%)
Head Finetuning    :Task: 4,	 Epoch: 1/40,	 Avg.loss: 0.0029,	 Test Accuracy: 127/1000(13%)
Head Finetuning    :Task: 4,	 Epoch: 2/40,	 Avg.loss: 0.0027,	 Test Accuracy: 182/1000(18%)
Head Finetuning    :Task: 4,	 Epoch: 3/40,	 Avg.loss: 0.0025,	 Test Accuracy: 232/1000(23%)
Head Finetuning    :Task: 4,	 Epoch: 4/40,	 Avg.loss: 0.0023,	 Test Accuracy: 262/1000(26%)
Head Finetuning    :Task: 4,	 Epoch: 5/40,	 Avg.loss: 0.0022,	 Test Accuracy: 296/1000(30%)
Head Finetuning    :Task: 4,	 Epoch: 6/40,	 Avg.loss: 0.0020,	 Test Accuracy: 332/1000(33%)
Head Finetuning    :Task: 4,	 Epoch: 7/40,	 Avg.loss: 0.0019,	 Test Accuracy: 364/1000(36%)
Head Finetuning    :Task: 4,	 Epoch: 8/40,	 Avg.loss: 0.0019,	 Test Accuracy: 382/1000(38%)
Head Finetuning    :Task: 4,	 Epoch: 9/40,	 Avg.loss: 0.0018,	 Test Accuracy: 400/1000(40%)
Head Finetuning    :Task: 4,	 Epoch: 10/40,	 Avg.loss: 0.0017,	 Test Accuracy: 413/1000(41%)
Head Finetuning    :Task: 4,	 Epoch: 11/40,	 Avg.loss: 0.0017,	 Test Accuracy: 431/1000(43%)
Head Finetuning    :Task: 4,	 Epoch: 12/40,	 Avg.loss: 0.0016,	 Test Accuracy: 442/1000(44%)
Head Finetuning    :Task: 4,	 Epoch: 13/40,	 Avg.loss: 0.0016,	 Test Accuracy: 457/1000(46%)
Head Finetuning    :Task: 4,	 Epoch: 14/40,	 Avg.loss: 0.0015,	 Test Accuracy: 479/1000(48%)
Task: 4,	 Epoch: 0/40,	 Avg.loss: 0.0009,	 Test Accuracy: 735/1000(74%)
Task: 4,	 Epoch: 1/40,	 Avg.loss: 0.0008,	 Test Accuracy: 754/1000(75%)
Task: 4,	 Epoch: 2/40,	 Avg.loss: 0.0008,	 Test Accuracy: 760/1000(76%)
Task: 4,	 Epoch: 3/40,	 Avg.loss: 0.0009,	 Test Accuracy: 716/1000(72%)
Task: 4,	 Epoch: 4/40,	 Avg.loss: 0.0008,	 Test Accuracy: 742/1000(74%)
Task: 4,	 Epoch: 5/40,	 Avg.loss: 0.0007,	 Test Accuracy: 768/1000(77%)
Task: 4,	 Epoch: 6/40,	 Avg.loss: 0.0007,	 Test Accuracy: 791/1000(79%)
Task: 4,	 Epoch: 7/40,	 Avg.loss: 0.0007,	 Test Accuracy: 777/1000(78%)
Task: 4,	 Epoch: 8/40,	 Avg.loss: 0.0007,	 Test Accuracy: 763/1000(76%)
Task: 4,	 Epoch: 9/40,	 Avg.loss: 0.0007,	 Test Accuracy: 764/1000(76%)
Task: 4,	 Epoch: 10/40,	 Avg.loss: 0.0007,	 Test Accuracy: 758/1000(76%)
Task: 4,	 Epoch: 11/40,	 Avg.loss: 0.0006,	 Test Accuracy: 790/1000(79%)
Task: 4,	 Epoch: 12/40,	 Avg.loss: 0.0007,	 Test Accuracy: 784/1000(78%)
Task: 4,	 Epoch: 13/40,	 Avg.loss: 0.0007,	 Test Accuracy: 778/1000(78%)
Task: 4,	 Epoch: 14/40,	 Avg.loss: 0.0007,	 Test Accuracy: 793/1000(79%)
Task: 4,	 Epoch: 15/40,	 Avg.loss: 0.0007,	 Test Accuracy: 793/1000(79%)
Task: 4,	 Epoch: 16/40,	 Avg.loss: 0.0007,	 Test Accuracy: 772/1000(77%)
Task: 4,	 Epoch: 17/40,	 Avg.loss: 0.0007,	 Test Accuracy: 797/1000(80%)
Task: 4,	 Epoch: 18/40,	 Avg.loss: 0.0007,	 Test Accuracy: 790/1000(79%)
Task: 4,	 Epoch: 19/40,	 Avg.loss: 0.0007,	 Test Accuracy: 786/1000(79%)
Task: 4,	 Epoch: 20/40,	 Avg.loss: 0.0006,	 Test Accuracy: 799/1000(80%)
Task: 4,	 Epoch: 21/40,	 Avg.loss: 0.0006,	 Test Accuracy: 796/1000(80%)
Task: 4,	 Epoch: 22/40,	 Avg.loss: 0.0006,	 Test Accuracy: 804/1000(80%)
Task: 4,	 Epoch: 23/40,	 Avg.loss: 0.0006,	 Test Accuracy: 795/1000(80%)
Task: 4,	 Epoch: 24/40,	 Avg.loss: 0.0006,	 Test Accuracy: 794/1000(79%)
Task: 4,	 Epoch: 25/40,	 Avg.loss: 0.0006,	 Test Accuracy: 805/1000(81%)
Task: 4,	 Epoch: 26/40,	 Avg.loss: 0.0006,	 Test Accuracy: 798/1000(80%)
Task: 4,	 Epoch: 27/40,	 Avg.loss: 0.0006,	 Test Accuracy: 799/1000(80%)
Task: 4,	 Epoch: 28/40,	 Avg.loss: 0.0006,	 Test Accuracy: 796/1000(80%)
Task: 4,	 Epoch: 29/40,	 Avg.loss: 0.0006,	 Test Accuracy: 798/1000(80%)
Task: 4,	 Epoch: 30/40,	 Avg.loss: 0.0006,	 Test Accuracy: 805/1000(81%)
Task: 4,	 Epoch: 31/40,	 Avg.loss: 0.0006,	 Test Accuracy: 803/1000(80%)
Task: 4,	 Epoch: 32/40,	 Avg.loss: 0.0006,	 Test Accuracy: 806/1000(81%)
Task: 4,	 Epoch: 33/40,	 Avg.loss: 0.0006,	 Test Accuracy: 806/1000(81%)
Task: 4,	 Epoch: 34/40,	 Avg.loss: 0.0006,	 Test Accuracy: 809/1000(81%)
Task: 4,	 Epoch: 35/40,	 Avg.loss: 0.0006,	 Test Accuracy: 805/1000(81%)
Task: 4,	 Epoch: 36/40,	 Avg.loss: 0.0006,	 Test Accuracy: 801/1000(80%)
Task: 4,	 Epoch: 37/40,	 Avg.loss: 0.0006,	 Test Accuracy: 814/1000(81%)
Task: 4,	 Epoch: 38/40,	 Avg.loss: 0.0006,	 Test Accuracy: 802/1000(80%)
Task: 4,	 Epoch: 39/40,	 Avg.loss: 0.0006,	 Test Accuracy: 792/1000(79%)
Trained Task:4, Loaded task:0, Accuracy:84.4%
Trained Task:4, Loaded task:1, Accuracy:79.9%
Trained Task:4, Loaded task:2, Accuracy:81.9%
Trained Task:4, Loaded task:3, Accuracy:80.2%
Trained Task:4, Loaded task:4, Accuracy:79.2%
Trained Task:4, Avg. Accuracy: 81.1 

List of avg. accuracy: [86.6, 82.6, 82.7, 81.6, 81.1]
Mask histogram
conv1_layer.0.weight: 
 tensor([11264,  3072,  5120,  1024,  4096,  8192, 32768,     0,     0,     0,
            0], device='cuda:0', dtype=torch.int32)
conv2_layer.0.weight: 
 tensor([ 4352,   512,   256,     0,   512,     0, 10752,     0,     0,     0,
            0], device='cuda:0', dtype=torch.int32)
conv3_layer.0.weight: 
 tensor([ 8704,     0,   256,   768,  1024,  2304, 19712,     0,     0,     0,
            0], device='cuda:0', dtype=torch.int32)
conv4_layer.0.weight: 
 tensor([2048,  320,  192,   64,    0,  128, 5440,    0,    0,    0,    0],
       device='cuda:0', dtype=torch.int32)
fc1_layer.0.weight: 
 tensor([296,   9,   3,   4,   1,   1, 710,   0,   0,   0,   0],
       device='cuda:0', dtype=torch.int32)
Head Finetuning    :Task: 5,	 Epoch: 0/40,	 Avg.loss: 0.0028,	 Test Accuracy: 138/1000(14%)
Head Finetuning    :Task: 5,	 Epoch: 1/40,	 Avg.loss: 0.0025,	 Test Accuracy: 187/1000(19%)
Head Finetuning    :Task: 5,	 Epoch: 2/40,	 Avg.loss: 0.0023,	 Test Accuracy: 217/1000(22%)
Head Finetuning    :Task: 5,	 Epoch: 3/40,	 Avg.loss: 0.0021,	 Test Accuracy: 265/1000(27%)
Head Finetuning    :Task: 5,	 Epoch: 4/40,	 Avg.loss: 0.0020,	 Test Accuracy: 296/1000(30%)
Head Finetuning    :Task: 5,	 Epoch: 5/40,	 Avg.loss: 0.0019,	 Test Accuracy: 319/1000(32%)
Head Finetuning    :Task: 5,	 Epoch: 6/40,	 Avg.loss: 0.0018,	 Test Accuracy: 340/1000(34%)
Head Finetuning    :Task: 5,	 Epoch: 7/40,	 Avg.loss: 0.0018,	 Test Accuracy: 368/1000(37%)
Head Finetuning    :Task: 5,	 Epoch: 8/40,	 Avg.loss: 0.0017,	 Test Accuracy: 391/1000(39%)
Head Finetuning    :Task: 5,	 Epoch: 9/40,	 Avg.loss: 0.0017,	 Test Accuracy: 402/1000(40%)
Head Finetuning    :Task: 5,	 Epoch: 10/40,	 Avg.loss: 0.0016,	 Test Accuracy: 417/1000(42%)
Head Finetuning    :Task: 5,	 Epoch: 11/40,	 Avg.loss: 0.0016,	 Test Accuracy: 425/1000(43%)
Head Finetuning    :Task: 5,	 Epoch: 12/40,	 Avg.loss: 0.0015,	 Test Accuracy: 441/1000(44%)
Head Finetuning    :Task: 5,	 Epoch: 13/40,	 Avg.loss: 0.0015,	 Test Accuracy: 452/1000(45%)
Head Finetuning    :Task: 5,	 Epoch: 14/40,	 Avg.loss: 0.0015,	 Test Accuracy: 465/1000(47%)
Task: 5,	 Epoch: 0/40,	 Avg.loss: 0.0009,	 Test Accuracy: 661/1000(66%)
Task: 5,	 Epoch: 1/40,	 Avg.loss: 0.0009,	 Test Accuracy: 689/1000(69%)
Task: 5,	 Epoch: 2/40,	 Avg.loss: 0.0009,	 Test Accuracy: 648/1000(65%)
Task: 5,	 Epoch: 3/40,	 Avg.loss: 0.0008,	 Test Accuracy: 689/1000(69%)
Task: 5,	 Epoch: 4/40,	 Avg.loss: 0.0009,	 Test Accuracy: 704/1000(70%)
Task: 5,	 Epoch: 5/40,	 Avg.loss: 0.0008,	 Test Accuracy: 720/1000(72%)
Task: 5,	 Epoch: 6/40,	 Avg.loss: 0.0008,	 Test Accuracy: 731/1000(73%)
Task: 5,	 Epoch: 7/40,	 Avg.loss: 0.0008,	 Test Accuracy: 722/1000(72%)
Task: 5,	 Epoch: 8/40,	 Avg.loss: 0.0008,	 Test Accuracy: 717/1000(72%)
Task: 5,	 Epoch: 9/40,	 Avg.loss: 0.0008,	 Test Accuracy: 730/1000(73%)
Task: 5,	 Epoch: 10/40,	 Avg.loss: 0.0008,	 Test Accuracy: 739/1000(74%)
Task: 5,	 Epoch: 11/40,	 Avg.loss: 0.0007,	 Test Accuracy: 736/1000(74%)
Task: 5,	 Epoch: 12/40,	 Avg.loss: 0.0008,	 Test Accuracy: 727/1000(73%)
Task: 5,	 Epoch: 13/40,	 Avg.loss: 0.0008,	 Test Accuracy: 729/1000(73%)
Task: 5,	 Epoch: 14/40,	 Avg.loss: 0.0007,	 Test Accuracy: 733/1000(73%)
Task: 5,	 Epoch: 15/40,	 Avg.loss: 0.0007,	 Test Accuracy: 737/1000(74%)
Task: 5,	 Epoch: 16/40,	 Avg.loss: 0.0007,	 Test Accuracy: 745/1000(74%)
Task: 5,	 Epoch: 17/40,	 Avg.loss: 0.0008,	 Test Accuracy: 728/1000(73%)
Task: 5,	 Epoch: 18/40,	 Avg.loss: 0.0007,	 Test Accuracy: 745/1000(74%)
Task: 5,	 Epoch: 19/40,	 Avg.loss: 0.0008,	 Test Accuracy: 741/1000(74%)
Task: 5,	 Epoch: 20/40,	 Avg.loss: 0.0007,	 Test Accuracy: 762/1000(76%)
Task: 5,	 Epoch: 21/40,	 Avg.loss: 0.0007,	 Test Accuracy: 763/1000(76%)
Task: 5,	 Epoch: 22/40,	 Avg.loss: 0.0007,	 Test Accuracy: 757/1000(76%)
Task: 5,	 Epoch: 23/40,	 Avg.loss: 0.0007,	 Test Accuracy: 771/1000(77%)
Task: 5,	 Epoch: 24/40,	 Avg.loss: 0.0007,	 Test Accuracy: 760/1000(76%)
Task: 5,	 Epoch: 25/40,	 Avg.loss: 0.0007,	 Test Accuracy: 766/1000(77%)
Task: 5,	 Epoch: 26/40,	 Avg.loss: 0.0007,	 Test Accuracy: 765/1000(76%)
Task: 5,	 Epoch: 27/40,	 Avg.loss: 0.0007,	 Test Accuracy: 763/1000(76%)
Task: 5,	 Epoch: 28/40,	 Avg.loss: 0.0007,	 Test Accuracy: 766/1000(77%)
Task: 5,	 Epoch: 29/40,	 Avg.loss: 0.0007,	 Test Accuracy: 762/1000(76%)
Task: 5,	 Epoch: 30/40,	 Avg.loss: 0.0007,	 Test Accuracy: 758/1000(76%)
Task: 5,	 Epoch: 31/40,	 Avg.loss: 0.0007,	 Test Accuracy: 759/1000(76%)
Task: 5,	 Epoch: 32/40,	 Avg.loss: 0.0007,	 Test Accuracy: 759/1000(76%)
Task: 5,	 Epoch: 33/40,	 Avg.loss: 0.0007,	 Test Accuracy: 763/1000(76%)
Task: 5,	 Epoch: 34/40,	 Avg.loss: 0.0007,	 Test Accuracy: 761/1000(76%)
Task: 5,	 Epoch: 35/40,	 Avg.loss: 0.0007,	 Test Accuracy: 757/1000(76%)
Task: 5,	 Epoch: 36/40,	 Avg.loss: 0.0007,	 Test Accuracy: 769/1000(77%)
Task: 5,	 Epoch: 37/40,	 Avg.loss: 0.0007,	 Test Accuracy: 766/1000(77%)
Task: 5,	 Epoch: 38/40,	 Avg.loss: 0.0007,	 Test Accuracy: 765/1000(76%)
Task: 5,	 Epoch: 39/40,	 Avg.loss: 0.0007,	 Test Accuracy: 769/1000(77%)
Trained Task:5, Loaded task:0, Accuracy:84.4%
Trained Task:5, Loaded task:1, Accuracy:79.2%
Trained Task:5, Loaded task:2, Accuracy:80.6%
Trained Task:5, Loaded task:3, Accuracy:79.0%
Trained Task:5, Loaded task:4, Accuracy:78.9%
Trained Task:5, Loaded task:5, Accuracy:76.9%
Trained Task:5, Avg. Accuracy: 79.8 

List of avg. accuracy: [86.6, 82.6, 82.7, 81.6, 81.1, 79.8]
Mask histogram
conv1_layer.0.weight: 
 tensor([11264,  3072,  4096,  1024,  2048,  4096,  7168, 32768,     0,     0,
            0], device='cuda:0', dtype=torch.int32)
conv2_layer.0.weight: 
 tensor([ 4352,   512,     0,   256,   256,   256,     0, 10752,     0,     0,
            0], device='cuda:0', dtype=torch.int32)
conv3_layer.0.weight: 
 tensor([ 8448,   256,   256,   512,   512,  1280,  1792, 19712,     0,     0,
            0], device='cuda:0', dtype=torch.int32)
conv4_layer.0.weight: 
 tensor([1984,  320,  256,   64,    0,    0,  128, 5440,    0,    0,    0],
       device='cuda:0', dtype=torch.int32)
fc1_layer.0.weight: 
 tensor([296,   9,   3,   0,   4,   1,   1, 710,   0,   0,   0],
       device='cuda:0', dtype=torch.int32)
Head Finetuning    :Task: 6,	 Epoch: 0/40,	 Avg.loss: 0.0031,	 Test Accuracy: 145/1000(15%)
Head Finetuning    :Task: 6,	 Epoch: 1/40,	 Avg.loss: 0.0027,	 Test Accuracy: 197/1000(20%)
Head Finetuning    :Task: 6,	 Epoch: 2/40,	 Avg.loss: 0.0024,	 Test Accuracy: 235/1000(24%)
Head Finetuning    :Task: 6,	 Epoch: 3/40,	 Avg.loss: 0.0022,	 Test Accuracy: 271/1000(27%)
Head Finetuning    :Task: 6,	 Epoch: 4/40,	 Avg.loss: 0.0021,	 Test Accuracy: 302/1000(30%)
Head Finetuning    :Task: 6,	 Epoch: 5/40,	 Avg.loss: 0.0020,	 Test Accuracy: 334/1000(33%)
Head Finetuning    :Task: 6,	 Epoch: 6/40,	 Avg.loss: 0.0019,	 Test Accuracy: 362/1000(36%)
Head Finetuning    :Task: 6,	 Epoch: 7/40,	 Avg.loss: 0.0018,	 Test Accuracy: 387/1000(39%)
Head Finetuning    :Task: 6,	 Epoch: 8/40,	 Avg.loss: 0.0017,	 Test Accuracy: 420/1000(42%)
Head Finetuning    :Task: 6,	 Epoch: 9/40,	 Avg.loss: 0.0017,	 Test Accuracy: 439/1000(44%)
Head Finetuning    :Task: 6,	 Epoch: 10/40,	 Avg.loss: 0.0016,	 Test Accuracy: 454/1000(45%)
Head Finetuning    :Task: 6,	 Epoch: 11/40,	 Avg.loss: 0.0016,	 Test Accuracy: 472/1000(47%)
Head Finetuning    :Task: 6,	 Epoch: 12/40,	 Avg.loss: 0.0015,	 Test Accuracy: 481/1000(48%)
Head Finetuning    :Task: 6,	 Epoch: 13/40,	 Avg.loss: 0.0015,	 Test Accuracy: 488/1000(49%)
Head Finetuning    :Task: 6,	 Epoch: 14/40,	 Avg.loss: 0.0015,	 Test Accuracy: 494/1000(49%)
Task: 6,	 Epoch: 0/40,	 Avg.loss: 0.0009,	 Test Accuracy: 691/1000(69%)
Task: 6,	 Epoch: 1/40,	 Avg.loss: 0.0009,	 Test Accuracy: 682/1000(68%)
Task: 6,	 Epoch: 2/40,	 Avg.loss: 0.0008,	 Test Accuracy: 717/1000(72%)
Task: 6,	 Epoch: 3/40,	 Avg.loss: 0.0008,	 Test Accuracy: 713/1000(71%)
Task: 6,	 Epoch: 4/40,	 Avg.loss: 0.0008,	 Test Accuracy: 728/1000(73%)
Task: 6,	 Epoch: 5/40,	 Avg.loss: 0.0008,	 Test Accuracy: 735/1000(74%)
Task: 6,	 Epoch: 6/40,	 Avg.loss: 0.0007,	 Test Accuracy: 755/1000(76%)
Task: 6,	 Epoch: 7/40,	 Avg.loss: 0.0007,	 Test Accuracy: 743/1000(74%)
Task: 6,	 Epoch: 8/40,	 Avg.loss: 0.0007,	 Test Accuracy: 750/1000(75%)
Task: 6,	 Epoch: 9/40,	 Avg.loss: 0.0007,	 Test Accuracy: 754/1000(75%)
Task: 6,	 Epoch: 10/40,	 Avg.loss: 0.0008,	 Test Accuracy: 725/1000(72%)
Task: 6,	 Epoch: 11/40,	 Avg.loss: 0.0007,	 Test Accuracy: 769/1000(77%)
Task: 6,	 Epoch: 12/40,	 Avg.loss: 0.0008,	 Test Accuracy: 732/1000(73%)
Task: 6,	 Epoch: 13/40,	 Avg.loss: 0.0007,	 Test Accuracy: 757/1000(76%)
Task: 6,	 Epoch: 14/40,	 Avg.loss: 0.0006,	 Test Accuracy: 774/1000(77%)
Task: 6,	 Epoch: 15/40,	 Avg.loss: 0.0007,	 Test Accuracy: 765/1000(76%)
Task: 6,	 Epoch: 16/40,	 Avg.loss: 0.0007,	 Test Accuracy: 758/1000(76%)
Task: 6,	 Epoch: 17/40,	 Avg.loss: 0.0006,	 Test Accuracy: 774/1000(77%)
Task: 6,	 Epoch: 18/40,	 Avg.loss: 0.0007,	 Test Accuracy: 759/1000(76%)
Task: 6,	 Epoch: 19/40,	 Avg.loss: 0.0007,	 Test Accuracy: 772/1000(77%)
Task: 6,	 Epoch: 20/40,	 Avg.loss: 0.0006,	 Test Accuracy: 781/1000(78%)
Task: 6,	 Epoch: 21/40,	 Avg.loss: 0.0006,	 Test Accuracy: 795/1000(80%)
Task: 6,	 Epoch: 22/40,	 Avg.loss: 0.0006,	 Test Accuracy: 784/1000(78%)
Task: 6,	 Epoch: 23/40,	 Avg.loss: 0.0006,	 Test Accuracy: 790/1000(79%)
Task: 6,	 Epoch: 24/40,	 Avg.loss: 0.0006,	 Test Accuracy: 782/1000(78%)
Task: 6,	 Epoch: 25/40,	 Avg.loss: 0.0006,	 Test Accuracy: 782/1000(78%)
Task: 6,	 Epoch: 26/40,	 Avg.loss: 0.0006,	 Test Accuracy: 783/1000(78%)
Task: 6,	 Epoch: 27/40,	 Avg.loss: 0.0006,	 Test Accuracy: 783/1000(78%)
Task: 6,	 Epoch: 28/40,	 Avg.loss: 0.0006,	 Test Accuracy: 788/1000(79%)
Task: 6,	 Epoch: 29/40,	 Avg.loss: 0.0006,	 Test Accuracy: 777/1000(78%)
Task: 6,	 Epoch: 30/40,	 Avg.loss: 0.0006,	 Test Accuracy: 782/1000(78%)
Task: 6,	 Epoch: 31/40,	 Avg.loss: 0.0006,	 Test Accuracy: 777/1000(78%)
Task: 6,	 Epoch: 32/40,	 Avg.loss: 0.0006,	 Test Accuracy: 786/1000(79%)
Task: 6,	 Epoch: 33/40,	 Avg.loss: 0.0006,	 Test Accuracy: 783/1000(78%)
Task: 6,	 Epoch: 34/40,	 Avg.loss: 0.0006,	 Test Accuracy: 787/1000(79%)
Task: 6,	 Epoch: 35/40,	 Avg.loss: 0.0006,	 Test Accuracy: 783/1000(78%)
Task: 6,	 Epoch: 36/40,	 Avg.loss: 0.0006,	 Test Accuracy: 782/1000(78%)
Task: 6,	 Epoch: 37/40,	 Avg.loss: 0.0006,	 Test Accuracy: 787/1000(79%)
Task: 6,	 Epoch: 38/40,	 Avg.loss: 0.0006,	 Test Accuracy: 782/1000(78%)
Task: 6,	 Epoch: 39/40,	 Avg.loss: 0.0006,	 Test Accuracy: 784/1000(78%)
Trained Task:6, Loaded task:0, Accuracy:83.8%
Trained Task:6, Loaded task:1, Accuracy:78.2%
Trained Task:6, Loaded task:2, Accuracy:81.0%
Trained Task:6, Loaded task:3, Accuracy:79.4%
Trained Task:6, Loaded task:4, Accuracy:79.5%
Trained Task:6, Loaded task:5, Accuracy:76.8%
Trained Task:6, Loaded task:6, Accuracy:78.4%
Trained Task:6, Avg. Accuracy: 79.6 

List of avg. accuracy: [86.6, 82.6, 82.7, 81.6, 81.1, 79.8, 79.6]
Mask histogram
conv1_layer.0.weight: 
 tensor([11264,  3072,  4096,     0,  1024,  3072,  4096,  6144, 32768,     0,
            0], device='cuda:0', dtype=torch.int32)
conv2_layer.0.weight: 
 tensor([ 4352,   512,     0,     0,   512,     0,   256,     0, 10752,     0,
            0], device='cuda:0', dtype=torch.int32)
conv3_layer.0.weight: 
 tensor([ 8448,     0,   512,   512,   256,   512,  1024,  2048, 19456,     0,
            0], device='cuda:0', dtype=torch.int32)
conv4_layer.0.weight: 
 tensor([1920,  320,  320,   64,    0,    0,    0,  128, 5440,    0,    0],
       device='cuda:0', dtype=torch.int32)
fc1_layer.0.weight: 
 tensor([295,  10,   3,   0,   1,   3,   1,   1, 710,   0,   0],
       device='cuda:0', dtype=torch.int32)
Head Finetuning    :Task: 7,	 Epoch: 0/40,	 Avg.loss: 0.0032,	 Test Accuracy: 100/1000(10%)
Head Finetuning    :Task: 7,	 Epoch: 1/40,	 Avg.loss: 0.0028,	 Test Accuracy: 150/1000(15%)
Head Finetuning    :Task: 7,	 Epoch: 2/40,	 Avg.loss: 0.0026,	 Test Accuracy: 188/1000(19%)
Head Finetuning    :Task: 7,	 Epoch: 3/40,	 Avg.loss: 0.0024,	 Test Accuracy: 221/1000(22%)
Head Finetuning    :Task: 7,	 Epoch: 4/40,	 Avg.loss: 0.0023,	 Test Accuracy: 241/1000(24%)
Head Finetuning    :Task: 7,	 Epoch: 5/40,	 Avg.loss: 0.0022,	 Test Accuracy: 274/1000(27%)
Head Finetuning    :Task: 7,	 Epoch: 6/40,	 Avg.loss: 0.0021,	 Test Accuracy: 296/1000(30%)
Head Finetuning    :Task: 7,	 Epoch: 7/40,	 Avg.loss: 0.0020,	 Test Accuracy: 322/1000(32%)
Head Finetuning    :Task: 7,	 Epoch: 8/40,	 Avg.loss: 0.0019,	 Test Accuracy: 341/1000(34%)
Head Finetuning    :Task: 7,	 Epoch: 9/40,	 Avg.loss: 0.0019,	 Test Accuracy: 362/1000(36%)
Head Finetuning    :Task: 7,	 Epoch: 10/40,	 Avg.loss: 0.0018,	 Test Accuracy: 377/1000(38%)
Head Finetuning    :Task: 7,	 Epoch: 11/40,	 Avg.loss: 0.0018,	 Test Accuracy: 396/1000(40%)
Head Finetuning    :Task: 7,	 Epoch: 12/40,	 Avg.loss: 0.0017,	 Test Accuracy: 410/1000(41%)
Head Finetuning    :Task: 7,	 Epoch: 13/40,	 Avg.loss: 0.0017,	 Test Accuracy: 428/1000(43%)
Head Finetuning    :Task: 7,	 Epoch: 14/40,	 Avg.loss: 0.0017,	 Test Accuracy: 432/1000(43%)
Task: 7,	 Epoch: 0/40,	 Avg.loss: 0.0011,	 Test Accuracy: 650/1000(65%)
Task: 7,	 Epoch: 1/40,	 Avg.loss: 0.0010,	 Test Accuracy: 644/1000(64%)
Task: 7,	 Epoch: 2/40,	 Avg.loss: 0.0009,	 Test Accuracy: 681/1000(68%)
Task: 7,	 Epoch: 3/40,	 Avg.loss: 0.0009,	 Test Accuracy: 683/1000(68%)
Task: 7,	 Epoch: 4/40,	 Avg.loss: 0.0009,	 Test Accuracy: 688/1000(69%)
Task: 7,	 Epoch: 5/40,	 Avg.loss: 0.0010,	 Test Accuracy: 675/1000(68%)
Task: 7,	 Epoch: 6/40,	 Avg.loss: 0.0009,	 Test Accuracy: 701/1000(70%)
Task: 7,	 Epoch: 7/40,	 Avg.loss: 0.0009,	 Test Accuracy: 692/1000(69%)
Task: 7,	 Epoch: 8/40,	 Avg.loss: 0.0010,	 Test Accuracy: 688/1000(69%)
Task: 7,	 Epoch: 9/40,	 Avg.loss: 0.0009,	 Test Accuracy: 697/1000(70%)
Task: 7,	 Epoch: 10/40,	 Avg.loss: 0.0009,	 Test Accuracy: 714/1000(71%)
Task: 7,	 Epoch: 11/40,	 Avg.loss: 0.0009,	 Test Accuracy: 686/1000(69%)
Task: 7,	 Epoch: 12/40,	 Avg.loss: 0.0009,	 Test Accuracy: 697/1000(70%)
Task: 7,	 Epoch: 13/40,	 Avg.loss: 0.0009,	 Test Accuracy: 712/1000(71%)
Task: 7,	 Epoch: 14/40,	 Avg.loss: 0.0009,	 Test Accuracy: 720/1000(72%)
Task: 7,	 Epoch: 15/40,	 Avg.loss: 0.0009,	 Test Accuracy: 695/1000(70%)
Task: 7,	 Epoch: 16/40,	 Avg.loss: 0.0009,	 Test Accuracy: 696/1000(70%)
Task: 7,	 Epoch: 17/40,	 Avg.loss: 0.0009,	 Test Accuracy: 712/1000(71%)
Task: 7,	 Epoch: 18/40,	 Avg.loss: 0.0009,	 Test Accuracy: 710/1000(71%)
Task: 7,	 Epoch: 19/40,	 Avg.loss: 0.0009,	 Test Accuracy: 709/1000(71%)
Task: 7,	 Epoch: 20/40,	 Avg.loss: 0.0008,	 Test Accuracy: 719/1000(72%)
Task: 7,	 Epoch: 21/40,	 Avg.loss: 0.0008,	 Test Accuracy: 724/1000(72%)
Task: 7,	 Epoch: 22/40,	 Avg.loss: 0.0008,	 Test Accuracy: 717/1000(72%)
Task: 7,	 Epoch: 23/40,	 Avg.loss: 0.0008,	 Test Accuracy: 722/1000(72%)
Task: 7,	 Epoch: 24/40,	 Avg.loss: 0.0008,	 Test Accuracy: 721/1000(72%)
Task: 7,	 Epoch: 25/40,	 Avg.loss: 0.0008,	 Test Accuracy: 724/1000(72%)
Task: 7,	 Epoch: 26/40,	 Avg.loss: 0.0008,	 Test Accuracy: 718/1000(72%)
Task: 7,	 Epoch: 27/40,	 Avg.loss: 0.0008,	 Test Accuracy: 716/1000(72%)
Task: 7,	 Epoch: 28/40,	 Avg.loss: 0.0008,	 Test Accuracy: 716/1000(72%)
Task: 7,	 Epoch: 29/40,	 Avg.loss: 0.0008,	 Test Accuracy: 718/1000(72%)
Task: 7,	 Epoch: 30/40,	 Avg.loss: 0.0008,	 Test Accuracy: 719/1000(72%)
Task: 7,	 Epoch: 31/40,	 Avg.loss: 0.0008,	 Test Accuracy: 722/1000(72%)
Task: 7,	 Epoch: 32/40,	 Avg.loss: 0.0008,	 Test Accuracy: 710/1000(71%)
Task: 7,	 Epoch: 33/40,	 Avg.loss: 0.0008,	 Test Accuracy: 709/1000(71%)
Task: 7,	 Epoch: 34/40,	 Avg.loss: 0.0008,	 Test Accuracy: 722/1000(72%)
Task: 7,	 Epoch: 35/40,	 Avg.loss: 0.0008,	 Test Accuracy: 718/1000(72%)
Task: 7,	 Epoch: 36/40,	 Avg.loss: 0.0008,	 Test Accuracy: 714/1000(71%)
Task: 7,	 Epoch: 37/40,	 Avg.loss: 0.0008,	 Test Accuracy: 715/1000(72%)
Task: 7,	 Epoch: 38/40,	 Avg.loss: 0.0008,	 Test Accuracy: 712/1000(71%)
Task: 7,	 Epoch: 39/40,	 Avg.loss: 0.0008,	 Test Accuracy: 718/1000(72%)
Trained Task:7, Loaded task:0, Accuracy:83.8%
Trained Task:7, Loaded task:1, Accuracy:78.6%
Trained Task:7, Loaded task:2, Accuracy:80.5%
Trained Task:7, Loaded task:3, Accuracy:78.5%
Trained Task:7, Loaded task:4, Accuracy:79.5%
Trained Task:7, Loaded task:5, Accuracy:77.8%
Trained Task:7, Loaded task:6, Accuracy:78.4%
Trained Task:7, Loaded task:7, Accuracy:71.8%
Trained Task:7, Avg. Accuracy: 78.6 

List of avg. accuracy: [86.6, 82.6, 82.7, 81.6, 81.1, 79.8, 79.6, 78.6]
Mask histogram
conv1_layer.0.weight: 
 tensor([11264,  2048,  3072,  2048,     0,  2048,  4096,  4096,  4096, 32768,
            0], device='cuda:0', dtype=torch.int32)
conv2_layer.0.weight: 
 tensor([ 4352,   512,     0,     0,   256,   256,     0,   256,     0, 10752,
            0], device='cuda:0', dtype=torch.int32)
conv3_layer.0.weight: 
 tensor([ 8448,     0,   256,   768,     0,   512,   256,  1024,  2560, 18944,
            0], device='cuda:0', dtype=torch.int32)
conv4_layer.0.weight: 
 tensor([1920,  320,  256,   64,   64,    0,    0,    0,  128, 5440,    0],
       device='cuda:0', dtype=torch.int32)
fc1_layer.0.weight: 
 tensor([295,  10,   3,   0,   0,   1,   3,   1,   1, 710,   0],
       device='cuda:0', dtype=torch.int32)
Head Finetuning    :Task: 8,	 Epoch: 0/40,	 Avg.loss: 0.0033,	 Test Accuracy: 97/1000(10%)
Head Finetuning    :Task: 8,	 Epoch: 1/40,	 Avg.loss: 0.0029,	 Test Accuracy: 136/1000(14%)
Head Finetuning    :Task: 8,	 Epoch: 2/40,	 Avg.loss: 0.0027,	 Test Accuracy: 169/1000(17%)
Head Finetuning    :Task: 8,	 Epoch: 3/40,	 Avg.loss: 0.0025,	 Test Accuracy: 204/1000(20%)
Head Finetuning    :Task: 8,	 Epoch: 4/40,	 Avg.loss: 0.0023,	 Test Accuracy: 236/1000(24%)
Head Finetuning    :Task: 8,	 Epoch: 5/40,	 Avg.loss: 0.0022,	 Test Accuracy: 266/1000(27%)
Head Finetuning    :Task: 8,	 Epoch: 6/40,	 Avg.loss: 0.0021,	 Test Accuracy: 293/1000(29%)
Head Finetuning    :Task: 8,	 Epoch: 7/40,	 Avg.loss: 0.0020,	 Test Accuracy: 317/1000(32%)
Head Finetuning    :Task: 8,	 Epoch: 8/40,	 Avg.loss: 0.0019,	 Test Accuracy: 348/1000(35%)
Head Finetuning    :Task: 8,	 Epoch: 9/40,	 Avg.loss: 0.0019,	 Test Accuracy: 371/1000(37%)
Head Finetuning    :Task: 8,	 Epoch: 10/40,	 Avg.loss: 0.0018,	 Test Accuracy: 394/1000(39%)
Head Finetuning    :Task: 8,	 Epoch: 11/40,	 Avg.loss: 0.0018,	 Test Accuracy: 412/1000(41%)
Head Finetuning    :Task: 8,	 Epoch: 12/40,	 Avg.loss: 0.0017,	 Test Accuracy: 424/1000(42%)
Head Finetuning    :Task: 8,	 Epoch: 13/40,	 Avg.loss: 0.0017,	 Test Accuracy: 442/1000(44%)
Head Finetuning    :Task: 8,	 Epoch: 14/40,	 Avg.loss: 0.0016,	 Test Accuracy: 449/1000(45%)
Task: 8,	 Epoch: 0/40,	 Avg.loss: 0.0009,	 Test Accuracy: 681/1000(68%)
Task: 8,	 Epoch: 1/40,	 Avg.loss: 0.0009,	 Test Accuracy: 701/1000(70%)
Task: 8,	 Epoch: 2/40,	 Avg.loss: 0.0009,	 Test Accuracy: 723/1000(72%)
Task: 8,	 Epoch: 3/40,	 Avg.loss: 0.0008,	 Test Accuracy: 724/1000(72%)
Task: 8,	 Epoch: 4/40,	 Avg.loss: 0.0008,	 Test Accuracy: 735/1000(74%)
Task: 8,	 Epoch: 5/40,	 Avg.loss: 0.0007,	 Test Accuracy: 753/1000(75%)
Task: 8,	 Epoch: 6/40,	 Avg.loss: 0.0007,	 Test Accuracy: 744/1000(74%)
Task: 8,	 Epoch: 7/40,	 Avg.loss: 0.0007,	 Test Accuracy: 740/1000(74%)
Task: 8,	 Epoch: 8/40,	 Avg.loss: 0.0008,	 Test Accuracy: 746/1000(75%)
Task: 8,	 Epoch: 9/40,	 Avg.loss: 0.0007,	 Test Accuracy: 746/1000(75%)
Task: 8,	 Epoch: 10/40,	 Avg.loss: 0.0007,	 Test Accuracy: 764/1000(76%)
Task: 8,	 Epoch: 11/40,	 Avg.loss: 0.0008,	 Test Accuracy: 745/1000(74%)
Task: 8,	 Epoch: 12/40,	 Avg.loss: 0.0007,	 Test Accuracy: 785/1000(78%)
Task: 8,	 Epoch: 13/40,	 Avg.loss: 0.0007,	 Test Accuracy: 754/1000(75%)
Task: 8,	 Epoch: 14/40,	 Avg.loss: 0.0007,	 Test Accuracy: 769/1000(77%)
Task: 8,	 Epoch: 15/40,	 Avg.loss: 0.0007,	 Test Accuracy: 774/1000(77%)
Task: 8,	 Epoch: 16/40,	 Avg.loss: 0.0007,	 Test Accuracy: 786/1000(79%)
Task: 8,	 Epoch: 17/40,	 Avg.loss: 0.0007,	 Test Accuracy: 753/1000(75%)
Task: 8,	 Epoch: 18/40,	 Avg.loss: 0.0007,	 Test Accuracy: 768/1000(77%)
Task: 8,	 Epoch: 19/40,	 Avg.loss: 0.0007,	 Test Accuracy: 774/1000(77%)
Task: 8,	 Epoch: 20/40,	 Avg.loss: 0.0006,	 Test Accuracy: 788/1000(79%)
Task: 8,	 Epoch: 21/40,	 Avg.loss: 0.0006,	 Test Accuracy: 788/1000(79%)
Task: 8,	 Epoch: 22/40,	 Avg.loss: 0.0006,	 Test Accuracy: 797/1000(80%)
Task: 8,	 Epoch: 23/40,	 Avg.loss: 0.0006,	 Test Accuracy: 799/1000(80%)
Task: 8,	 Epoch: 24/40,	 Avg.loss: 0.0006,	 Test Accuracy: 805/1000(81%)
Task: 8,	 Epoch: 25/40,	 Avg.loss: 0.0006,	 Test Accuracy: 795/1000(80%)
Task: 8,	 Epoch: 26/40,	 Avg.loss: 0.0006,	 Test Accuracy: 797/1000(80%)
Task: 8,	 Epoch: 27/40,	 Avg.loss: 0.0006,	 Test Accuracy: 792/1000(79%)
Task: 8,	 Epoch: 28/40,	 Avg.loss: 0.0006,	 Test Accuracy: 792/1000(79%)
Task: 8,	 Epoch: 29/40,	 Avg.loss: 0.0006,	 Test Accuracy: 795/1000(80%)
Task: 8,	 Epoch: 30/40,	 Avg.loss: 0.0006,	 Test Accuracy: 790/1000(79%)
Task: 8,	 Epoch: 31/40,	 Avg.loss: 0.0006,	 Test Accuracy: 797/1000(80%)
Task: 8,	 Epoch: 32/40,	 Avg.loss: 0.0006,	 Test Accuracy: 789/1000(79%)
Task: 8,	 Epoch: 33/40,	 Avg.loss: 0.0006,	 Test Accuracy: 790/1000(79%)
Task: 8,	 Epoch: 34/40,	 Avg.loss: 0.0006,	 Test Accuracy: 793/1000(79%)
Task: 8,	 Epoch: 35/40,	 Avg.loss: 0.0006,	 Test Accuracy: 798/1000(80%)
Task: 8,	 Epoch: 36/40,	 Avg.loss: 0.0006,	 Test Accuracy: 794/1000(79%)
Task: 8,	 Epoch: 37/40,	 Avg.loss: 0.0006,	 Test Accuracy: 800/1000(80%)
Task: 8,	 Epoch: 38/40,	 Avg.loss: 0.0006,	 Test Accuracy: 790/1000(79%)
Task: 8,	 Epoch: 39/40,	 Avg.loss: 0.0006,	 Test Accuracy: 788/1000(79%)
Trained Task:8, Loaded task:0, Accuracy:83.6%
Trained Task:8, Loaded task:1, Accuracy:78.6%
Trained Task:8, Loaded task:2, Accuracy:80.4%
Trained Task:8, Loaded task:3, Accuracy:78.1%
Trained Task:8, Loaded task:4, Accuracy:79.2%
Trained Task:8, Loaded task:5, Accuracy:77.4%
Trained Task:8, Loaded task:6, Accuracy:77.9%
Trained Task:8, Loaded task:7, Accuracy:73.0%
Trained Task:8, Loaded task:8, Accuracy:78.8%
Trained Task:8, Avg. Accuracy: 78.6 

List of avg. accuracy: [86.6, 82.6, 82.7, 81.6, 81.1, 79.8, 79.6, 78.6, 78.6]
Mask histogram
conv1_layer.0.weight: 
 tensor([11264,  2048,  3072,  2048,     0,  1024,  2048,  3072,  4096,  4096,
        32768], device='cuda:0', dtype=torch.int32)
conv2_layer.0.weight: 
 tensor([ 4352,   512,     0,     0,   256,     0,   256,     0,   256,     0,
        10752], device='cuda:0', dtype=torch.int32)
conv3_layer.0.weight: 
 tensor([ 8448,     0,     0,   768,   256,   512,     0,   512,  1024,  2304,
        18944], device='cuda:0', dtype=torch.int32)
conv4_layer.0.weight: 
 tensor([1920,  320,  192,  128,    0,   64,    0,    0,    0,  128, 5440],
       device='cuda:0', dtype=torch.int32)
fc1_layer.0.weight: 
 tensor([294,  11,   3,   0,   0,   1,   0,   3,   1,   1, 710],
       device='cuda:0', dtype=torch.int32)
Head Finetuning    :Task: 9,	 Epoch: 0/40,	 Avg.loss: 0.0030,	 Test Accuracy: 174/1000(17%)
Head Finetuning    :Task: 9,	 Epoch: 1/40,	 Avg.loss: 0.0026,	 Test Accuracy: 219/1000(22%)
Head Finetuning    :Task: 9,	 Epoch: 2/40,	 Avg.loss: 0.0023,	 Test Accuracy: 267/1000(27%)
Head Finetuning    :Task: 9,	 Epoch: 3/40,	 Avg.loss: 0.0022,	 Test Accuracy: 305/1000(31%)
Head Finetuning    :Task: 9,	 Epoch: 4/40,	 Avg.loss: 0.0020,	 Test Accuracy: 343/1000(34%)
Head Finetuning    :Task: 9,	 Epoch: 5/40,	 Avg.loss: 0.0019,	 Test Accuracy: 375/1000(38%)
Head Finetuning    :Task: 9,	 Epoch: 6/40,	 Avg.loss: 0.0018,	 Test Accuracy: 401/1000(40%)
Head Finetuning    :Task: 9,	 Epoch: 7/40,	 Avg.loss: 0.0017,	 Test Accuracy: 428/1000(43%)
Head Finetuning    :Task: 9,	 Epoch: 8/40,	 Avg.loss: 0.0016,	 Test Accuracy: 447/1000(45%)
Head Finetuning    :Task: 9,	 Epoch: 9/40,	 Avg.loss: 0.0016,	 Test Accuracy: 471/1000(47%)
Head Finetuning    :Task: 9,	 Epoch: 10/40,	 Avg.loss: 0.0015,	 Test Accuracy: 494/1000(49%)
Head Finetuning    :Task: 9,	 Epoch: 11/40,	 Avg.loss: 0.0015,	 Test Accuracy: 518/1000(52%)
Head Finetuning    :Task: 9,	 Epoch: 12/40,	 Avg.loss: 0.0014,	 Test Accuracy: 525/1000(53%)
Head Finetuning    :Task: 9,	 Epoch: 13/40,	 Avg.loss: 0.0014,	 Test Accuracy: 536/1000(54%)
Head Finetuning    :Task: 9,	 Epoch: 14/40,	 Avg.loss: 0.0013,	 Test Accuracy: 553/1000(55%)
Task: 9,	 Epoch: 0/40,	 Avg.loss: 0.0008,	 Test Accuracy: 739/1000(74%)
Task: 9,	 Epoch: 1/40,	 Avg.loss: 0.0007,	 Test Accuracy: 761/1000(76%)
Task: 9,	 Epoch: 2/40,	 Avg.loss: 0.0006,	 Test Accuracy: 801/1000(80%)
Task: 9,	 Epoch: 3/40,	 Avg.loss: 0.0006,	 Test Accuracy: 802/1000(80%)
Task: 9,	 Epoch: 4/40,	 Avg.loss: 0.0006,	 Test Accuracy: 796/1000(80%)
Task: 9,	 Epoch: 5/40,	 Avg.loss: 0.0006,	 Test Accuracy: 796/1000(80%)
Task: 9,	 Epoch: 6/40,	 Avg.loss: 0.0006,	 Test Accuracy: 800/1000(80%)
Task: 9,	 Epoch: 7/40,	 Avg.loss: 0.0006,	 Test Accuracy: 815/1000(82%)
Task: 9,	 Epoch: 8/40,	 Avg.loss: 0.0006,	 Test Accuracy: 805/1000(81%)
Task: 9,	 Epoch: 9/40,	 Avg.loss: 0.0006,	 Test Accuracy: 822/1000(82%)
Task: 9,	 Epoch: 10/40,	 Avg.loss: 0.0006,	 Test Accuracy: 808/1000(81%)
Task: 9,	 Epoch: 11/40,	 Avg.loss: 0.0006,	 Test Accuracy: 821/1000(82%)
Task: 9,	 Epoch: 12/40,	 Avg.loss: 0.0006,	 Test Accuracy: 820/1000(82%)
Task: 9,	 Epoch: 13/40,	 Avg.loss: 0.0006,	 Test Accuracy: 817/1000(82%)
Task: 9,	 Epoch: 14/40,	 Avg.loss: 0.0005,	 Test Accuracy: 827/1000(83%)
Task: 9,	 Epoch: 15/40,	 Avg.loss: 0.0005,	 Test Accuracy: 827/1000(83%)
Task: 9,	 Epoch: 16/40,	 Avg.loss: 0.0006,	 Test Accuracy: 828/1000(83%)
Task: 9,	 Epoch: 17/40,	 Avg.loss: 0.0005,	 Test Accuracy: 832/1000(83%)
Task: 9,	 Epoch: 18/40,	 Avg.loss: 0.0005,	 Test Accuracy: 824/1000(82%)
Task: 9,	 Epoch: 19/40,	 Avg.loss: 0.0006,	 Test Accuracy: 802/1000(80%)
Task: 9,	 Epoch: 20/40,	 Avg.loss: 0.0005,	 Test Accuracy: 831/1000(83%)
Task: 9,	 Epoch: 21/40,	 Avg.loss: 0.0005,	 Test Accuracy: 830/1000(83%)
Task: 9,	 Epoch: 22/40,	 Avg.loss: 0.0005,	 Test Accuracy: 834/1000(83%)
Task: 9,	 Epoch: 23/40,	 Avg.loss: 0.0005,	 Test Accuracy: 835/1000(84%)
Task: 9,	 Epoch: 24/40,	 Avg.loss: 0.0005,	 Test Accuracy: 832/1000(83%)
Task: 9,	 Epoch: 25/40,	 Avg.loss: 0.0005,	 Test Accuracy: 833/1000(83%)
Task: 9,	 Epoch: 26/40,	 Avg.loss: 0.0005,	 Test Accuracy: 828/1000(83%)
Task: 9,	 Epoch: 27/40,	 Avg.loss: 0.0005,	 Test Accuracy: 831/1000(83%)
Task: 9,	 Epoch: 28/40,	 Avg.loss: 0.0005,	 Test Accuracy: 839/1000(84%)
Task: 9,	 Epoch: 29/40,	 Avg.loss: 0.0005,	 Test Accuracy: 834/1000(83%)
Task: 9,	 Epoch: 30/40,	 Avg.loss: 0.0005,	 Test Accuracy: 829/1000(83%)
Task: 9,	 Epoch: 31/40,	 Avg.loss: 0.0005,	 Test Accuracy: 834/1000(83%)
Task: 9,	 Epoch: 32/40,	 Avg.loss: 0.0005,	 Test Accuracy: 833/1000(83%)
Task: 9,	 Epoch: 33/40,	 Avg.loss: 0.0005,	 Test Accuracy: 832/1000(83%)
Task: 9,	 Epoch: 34/40,	 Avg.loss: 0.0005,	 Test Accuracy: 836/1000(84%)
Task: 9,	 Epoch: 35/40,	 Avg.loss: 0.0005,	 Test Accuracy: 832/1000(83%)
Task: 9,	 Epoch: 36/40,	 Avg.loss: 0.0005,	 Test Accuracy: 832/1000(83%)
Task: 9,	 Epoch: 37/40,	 Avg.loss: 0.0005,	 Test Accuracy: 836/1000(84%)
Task: 9,	 Epoch: 38/40,	 Avg.loss: 0.0005,	 Test Accuracy: 833/1000(83%)
Task: 9,	 Epoch: 39/40,	 Avg.loss: 0.0005,	 Test Accuracy: 837/1000(84%)
Trained Task:9, Loaded task:0, Accuracy:83.9%
Trained Task:9, Loaded task:1, Accuracy:78.2%
Trained Task:9, Loaded task:2, Accuracy:80.4%
Trained Task:9, Loaded task:3, Accuracy:77.7%
Trained Task:9, Loaded task:4, Accuracy:79.2%
Trained Task:9, Loaded task:5, Accuracy:77.5%
Trained Task:9, Loaded task:6, Accuracy:77.6%
Trained Task:9, Loaded task:7, Accuracy:71.9%
Trained Task:9, Loaded task:8, Accuracy:79.5%
Trained Task:9, Loaded task:9, Accuracy:83.7%
Trained Task:9, Avg. Accuracy: 79.0 

List of avg. accuracy: [86.6, 82.6, 82.7, 81.6, 81.1, 79.8, 79.6, 78.6, 78.6, 79.0]
PATH:     /home/sanghyun/Documents/CL/ISG/results/04-09-2021-17:52/
sCIFAR100_MAS_SIM1_r[0.7, 0.7, 0.7, 0.7, 0.7]_rand0_reg1.0_a0.0_x0.01
sCIFAR100_MAS_SIM1_r[0.7, 0.7, 0.7, 0.7, 0.7]_rand0_reg1.0_a0.0_x0.01
sCIFAR100_MAS_SIM1_r[0.7, 0.7, 0.7, 0.7, 0.7]_rand0_reg1.0_a0.0_x0.01
sCIFAR100_MAS_SIM1_r[0.7, 0.7, 0.7, 0.7, 0.7]_rand0_reg1.0_a0.0_x0.01
sCIFAR100_MAS_SIM1_r[0.7, 0.7, 0.7, 0.7, 0.7]_rand0_reg1.0_a0.0_x0.01
sCIFAR100_MAS_SIM1_r[0.7, 0.7, 0.7, 0.7, 0.7]_rand0_reg1.0_a0.0_x0.01
