Mask histogram
conv1_layer.2.weight: 	 tensor([   0., 8192.,    0.,    0.,    0.,    0.,    0.,    0.,    0.,    0.,
           0.])
conv2_layer.2.weight: 	 tensor([   0., 4096.,    0.,    0.,    0.,    0.,    0.,    0.,    0.,    0.,
           0.])
fc1_layer.1.weight: 	 tensor([  0., 512.,   0.,   0.,   0.,   0.,   0.,   0.,   0.,   0.,   0.])
tensor([[-1.0393, -0.0882,  1.6988,  ...,  0.7618,  0.2602,  0.7238],
        [-0.5645,  0.0960, -0.5350,  ..., -0.4295, -1.1936, -3.2884],
        [ 0.7836,  0.2076,  1.0708,  ...,  0.1088,  1.0630, -0.6398],
        ...,
        [ 0.6238,  0.1840, -0.1543,  ...,  0.0167, -0.1917, -0.0083],
        [ 0.0222, -0.4223,  0.5363,  ...,  1.0219, -0.3138, -0.6539],
        [-1.0256,  0.8574,  0.7436,  ...,  1.2002,  0.4112, -1.5804]],
       grad_fn=<AddmmBackward>)
********************
tensor([2, 1, 2, 4, 6, 3, 1, 7, 2, 6, 6, 2, 0, 4, 4, 1, 8, 2, 2, 3, 2, 5, 5, 6,
        7, 5, 5, 3, 6, 8, 3, 5, 6, 6, 2, 3, 0, 2, 4, 2, 2, 2, 1, 2, 2, 1, 8, 3,
        2, 9, 3, 3, 0, 0, 6, 6, 3, 8, 3, 4, 3, 8, 5, 9, 2, 3, 4, 6, 7, 2, 6, 5,
        2, 3, 4, 6, 2, 8, 7, 4, 5, 9, 2, 2, 7, 8, 6, 3, 7, 1, 6, 4, 4, 4, 6, 8,
        4, 4, 3, 2, 1, 4, 2, 0, 5, 5, 1, 7, 4, 2, 5, 3, 3, 3, 2, 5, 7, 8, 0, 8,
        6, 8, 5, 2, 4, 3, 3, 7])
