Task: -1,	 Epoch: 0/80,	 Avg.loss: 0.0010,	 Test Accuracy: 6392/10000(64%)
Task: -1,	 Epoch: 1/80,	 Avg.loss: 0.0008,	 Test Accuracy: 7055/10000(71%)
Task: -1,	 Epoch: 2/80,	 Avg.loss: 0.0008,	 Test Accuracy: 7410/10000(74%)
Task: -1,	 Epoch: 3/80,	 Avg.loss: 0.0007,	 Test Accuracy: 7596/10000(76%)
Task: -1,	 Epoch: 4/80,	 Avg.loss: 0.0007,	 Test Accuracy: 7637/10000(76%)
Task: -1,	 Epoch: 5/80,	 Avg.loss: 0.0007,	 Test Accuracy: 7590/10000(76%)
Task: -1,	 Epoch: 6/80,	 Avg.loss: 0.0006,	 Test Accuracy: 7877/10000(79%)
Task: -1,	 Epoch: 7/80,	 Avg.loss: 0.0007,	 Test Accuracy: 7761/10000(78%)
Task: -1,	 Epoch: 8/80,	 Avg.loss: 0.0006,	 Test Accuracy: 8011/10000(80%)
Task: -1,	 Epoch: 9/80,	 Avg.loss: 0.0006,	 Test Accuracy: 8078/10000(81%)
Task: -1,	 Epoch: 10/80,	 Avg.loss: 0.0006,	 Test Accuracy: 8011/10000(80%)
Task: -1,	 Epoch: 11/80,	 Avg.loss: 0.0006,	 Test Accuracy: 8098/10000(81%)
Task: -1,	 Epoch: 12/80,	 Avg.loss: 0.0005,	 Test Accuracy: 8167/10000(82%)
Task: -1,	 Epoch: 13/80,	 Avg.loss: 0.0005,	 Test Accuracy: 8180/10000(82%)
Task: -1,	 Epoch: 14/80,	 Avg.loss: 0.0005,	 Test Accuracy: 8202/10000(82%)
Task: -1,	 Epoch: 15/80,	 Avg.loss: 0.0005,	 Test Accuracy: 8262/10000(83%)
Task: -1,	 Epoch: 16/80,	 Avg.loss: 0.0006,	 Test Accuracy: 8057/10000(81%)
Task: -1,	 Epoch: 17/80,	 Avg.loss: 0.0005,	 Test Accuracy: 8202/10000(82%)
Task: -1,	 Epoch: 18/80,	 Avg.loss: 0.0005,	 Test Accuracy: 8292/10000(83%)
Task: -1,	 Epoch: 19/80,	 Avg.loss: 0.0005,	 Test Accuracy: 8295/10000(83%)
Task: -1,	 Epoch: 20/80,	 Avg.loss: 0.0005,	 Test Accuracy: 8288/10000(83%)
Task: -1,	 Epoch: 21/80,	 Avg.loss: 0.0006,	 Test Accuracy: 8180/10000(82%)
Task: -1,	 Epoch: 22/80,	 Avg.loss: 0.0005,	 Test Accuracy: 8262/10000(83%)
Task: -1,	 Epoch: 23/80,	 Avg.loss: 0.0005,	 Test Accuracy: 8240/10000(82%)
Task: -1,	 Epoch: 24/80,	 Avg.loss: 0.0005,	 Test Accuracy: 8398/10000(84%)
Task: -1,	 Epoch: 25/80,	 Avg.loss: 0.0005,	 Test Accuracy: 8389/10000(84%)
Task: -1,	 Epoch: 26/80,	 Avg.loss: 0.0005,	 Test Accuracy: 8212/10000(82%)
Task: -1,	 Epoch: 27/80,	 Avg.loss: 0.0005,	 Test Accuracy: 8217/10000(82%)
Task: -1,	 Epoch: 28/80,	 Avg.loss: 0.0005,	 Test Accuracy: 8317/10000(83%)
Task: -1,	 Epoch: 29/80,	 Avg.loss: 0.0005,	 Test Accuracy: 8385/10000(84%)
Task: -1,	 Epoch: 30/80,	 Avg.loss: 0.0005,	 Test Accuracy: 8315/10000(83%)
Task: -1,	 Epoch: 31/80,	 Avg.loss: 0.0005,	 Test Accuracy: 8395/10000(84%)
Task: -1,	 Epoch: 32/80,	 Avg.loss: 0.0005,	 Test Accuracy: 8439/10000(84%)
Task: -1,	 Epoch: 33/80,	 Avg.loss: 0.0005,	 Test Accuracy: 8443/10000(84%)
Task: -1,	 Epoch: 34/80,	 Avg.loss: 0.0005,	 Test Accuracy: 8461/10000(85%)
Task: -1,	 Epoch: 35/80,	 Avg.loss: 0.0005,	 Test Accuracy: 8427/10000(84%)
Task: -1,	 Epoch: 36/80,	 Avg.loss: 0.0005,	 Test Accuracy: 8396/10000(84%)
Task: -1,	 Epoch: 37/80,	 Avg.loss: 0.0005,	 Test Accuracy: 8404/10000(84%)
Task: -1,	 Epoch: 38/80,	 Avg.loss: 0.0005,	 Test Accuracy: 8426/10000(84%)
Task: -1,	 Epoch: 39/80,	 Avg.loss: 0.0005,	 Test Accuracy: 8444/10000(84%)
Task: -1,	 Epoch: 40/80,	 Avg.loss: 0.0005,	 Test Accuracy: 8428/10000(84%)
Task: -1,	 Epoch: 41/80,	 Avg.loss: 0.0005,	 Test Accuracy: 8412/10000(84%)
Task: -1,	 Epoch: 42/80,	 Avg.loss: 0.0005,	 Test Accuracy: 8471/10000(85%)
Task: -1,	 Epoch: 43/80,	 Avg.loss: 0.0005,	 Test Accuracy: 8453/10000(85%)
Task: -1,	 Epoch: 44/80,	 Avg.loss: 0.0005,	 Test Accuracy: 8456/10000(85%)
Task: -1,	 Epoch: 45/80,	 Avg.loss: 0.0005,	 Test Accuracy: 8455/10000(85%)
Task: -1,	 Epoch: 46/80,	 Avg.loss: 0.0005,	 Test Accuracy: 8466/10000(85%)
Task: -1,	 Epoch: 47/80,	 Avg.loss: 0.0005,	 Test Accuracy: 8487/10000(85%)
Task: -1,	 Epoch: 48/80,	 Avg.loss: 0.0005,	 Test Accuracy: 8485/10000(85%)
Task: -1,	 Epoch: 49/80,	 Avg.loss: 0.0005,	 Test Accuracy: 8497/10000(85%)
Task: -1,	 Epoch: 50/80,	 Avg.loss: 0.0004,	 Test Accuracy: 8628/10000(86%)
Task: -1,	 Epoch: 51/80,	 Avg.loss: 0.0005,	 Test Accuracy: 8642/10000(86%)
Task: -1,	 Epoch: 52/80,	 Avg.loss: 0.0005,	 Test Accuracy: 8668/10000(87%)
Task: -1,	 Epoch: 53/80,	 Avg.loss: 0.0005,	 Test Accuracy: 8652/10000(87%)
Task: -1,	 Epoch: 54/80,	 Avg.loss: 0.0004,	 Test Accuracy: 8652/10000(87%)
Task: -1,	 Epoch: 55/80,	 Avg.loss: 0.0004,	 Test Accuracy: 8663/10000(87%)
Task: -1,	 Epoch: 56/80,	 Avg.loss: 0.0004,	 Test Accuracy: 8657/10000(87%)
Task: -1,	 Epoch: 57/80,	 Avg.loss: 0.0005,	 Test Accuracy: 8698/10000(87%)
Task: -1,	 Epoch: 58/80,	 Avg.loss: 0.0005,	 Test Accuracy: 8677/10000(87%)
Task: -1,	 Epoch: 59/80,	 Avg.loss: 0.0005,	 Test Accuracy: 8658/10000(87%)
Task: -1,	 Epoch: 60/80,	 Avg.loss: 0.0005,	 Test Accuracy: 8670/10000(87%)
Task: -1,	 Epoch: 61/80,	 Avg.loss: 0.0005,	 Test Accuracy: 8656/10000(87%)
Task: -1,	 Epoch: 62/80,	 Avg.loss: 0.0005,	 Test Accuracy: 8678/10000(87%)
Task: -1,	 Epoch: 63/80,	 Avg.loss: 0.0005,	 Test Accuracy: 8688/10000(87%)
Task: -1,	 Epoch: 64/80,	 Avg.loss: 0.0005,	 Test Accuracy: 8670/10000(87%)
Task: -1,	 Epoch: 65/80,	 Avg.loss: 0.0005,	 Test Accuracy: 8651/10000(87%)
Task: -1,	 Epoch: 66/80,	 Avg.loss: 0.0005,	 Test Accuracy: 8665/10000(87%)
Task: -1,	 Epoch: 67/80,	 Avg.loss: 0.0005,	 Test Accuracy: 8654/10000(87%)
Task: -1,	 Epoch: 68/80,	 Avg.loss: 0.0005,	 Test Accuracy: 8669/10000(87%)
Task: -1,	 Epoch: 69/80,	 Avg.loss: 0.0005,	 Test Accuracy: 8669/10000(87%)
Task: -1,	 Epoch: 70/80,	 Avg.loss: 0.0005,	 Test Accuracy: 8658/10000(87%)
Task: -1,	 Epoch: 71/80,	 Avg.loss: 0.0005,	 Test Accuracy: 8653/10000(87%)
Task: -1,	 Epoch: 72/80,	 Avg.loss: 0.0005,	 Test Accuracy: 8668/10000(87%)
Task: -1,	 Epoch: 73/80,	 Avg.loss: 0.0005,	 Test Accuracy: 8648/10000(86%)
Task: -1,	 Epoch: 74/80,	 Avg.loss: 0.0005,	 Test Accuracy: 8681/10000(87%)
Task: -1,	 Epoch: 75/80,	 Avg.loss: 0.0005,	 Test Accuracy: 8672/10000(87%)
Task: -1,	 Epoch: 76/80,	 Avg.loss: 0.0005,	 Test Accuracy: 8665/10000(87%)
Task: -1,	 Epoch: 77/80,	 Avg.loss: 0.0005,	 Test Accuracy: 8679/10000(87%)
Task: -1,	 Epoch: 78/80,	 Avg.loss: 0.0005,	 Test Accuracy: 8671/10000(87%)
Task: -1,	 Epoch: 79/80,	 Avg.loss: 0.0005,	 Test Accuracy: 8667/10000(87%)
Task: -1,	 Epoch: 80/80,	 Avg.loss: 0.0005,	 Test Accuracy: 8679/10000(87%)
Mask histogram
conv1_layer.3.weight: 	 tensor([   0., 8192.,    0.,    0.,    0.,    0.,    0.,    0.,    0.,    0.,
           0.], device='cuda:0')
conv2_layer.3.weight: 	 tensor([   0., 4096.,    0.,    0.,    0.,    0.,    0.,    0.,    0.,    0.,
           0.], device='cuda:0')
fc1_layer.0.weight: 	 tensor([  0., 512.,   0.,   0.,   0.,   0.,   0.,   0.,   0.,   0.,   0.],
       device='cuda:0')
Task: 0,	 Epoch: 0/80,	 Avg.loss: 0.0009,	 Test Accuracy: 691/1000(69%)
Task: 0,	 Epoch: 1/80,	 Avg.loss: 0.0008,	 Test Accuracy: 729/1000(73%)
Task: 0,	 Epoch: 2/80,	 Avg.loss: 0.0006,	 Test Accuracy: 779/1000(78%)
Task: 0,	 Epoch: 3/80,	 Avg.loss: 0.0006,	 Test Accuracy: 802/1000(80%)
Task: 0,	 Epoch: 4/80,	 Avg.loss: 0.0006,	 Test Accuracy: 807/1000(81%)
Task: 0,	 Epoch: 5/80,	 Avg.loss: 0.0006,	 Test Accuracy: 800/1000(80%)
Task: 0,	 Epoch: 6/80,	 Avg.loss: 0.0006,	 Test Accuracy: 802/1000(80%)
Task: 0,	 Epoch: 7/80,	 Avg.loss: 0.0005,	 Test Accuracy: 825/1000(83%)
Task: 0,	 Epoch: 8/80,	 Avg.loss: 0.0005,	 Test Accuracy: 831/1000(83%)
Task: 0,	 Epoch: 9/80,	 Avg.loss: 0.0006,	 Test Accuracy: 804/1000(80%)
Task: 0,	 Epoch: 10/80,	 Avg.loss: 0.0005,	 Test Accuracy: 842/1000(84%)
Task: 0,	 Epoch: 11/80,	 Avg.loss: 0.0006,	 Test Accuracy: 824/1000(82%)
Task: 0,	 Epoch: 12/80,	 Avg.loss: 0.0005,	 Test Accuracy: 822/1000(82%)
Task: 0,	 Epoch: 13/80,	 Avg.loss: 0.0006,	 Test Accuracy: 831/1000(83%)
Task: 0,	 Epoch: 14/80,	 Avg.loss: 0.0005,	 Test Accuracy: 845/1000(85%)
Task: 0,	 Epoch: 15/80,	 Avg.loss: 0.0005,	 Test Accuracy: 853/1000(85%)
Task: 0,	 Epoch: 16/80,	 Avg.loss: 0.0006,	 Test Accuracy: 842/1000(84%)
Task: 0,	 Epoch: 17/80,	 Avg.loss: 0.0005,	 Test Accuracy: 832/1000(83%)
Task: 0,	 Epoch: 18/80,	 Avg.loss: 0.0005,	 Test Accuracy: 838/1000(84%)
Task: 0,	 Epoch: 19/80,	 Avg.loss: 0.0006,	 Test Accuracy: 824/1000(82%)
Task: 0,	 Epoch: 20/80,	 Avg.loss: 0.0005,	 Test Accuracy: 830/1000(83%)
Task: 0,	 Epoch: 21/80,	 Avg.loss: 0.0006,	 Test Accuracy: 828/1000(83%)
Task: 0,	 Epoch: 22/80,	 Avg.loss: 0.0006,	 Test Accuracy: 836/1000(84%)
Task: 0,	 Epoch: 23/80,	 Avg.loss: 0.0005,	 Test Accuracy: 836/1000(84%)
Task: 0,	 Epoch: 24/80,	 Avg.loss: 0.0006,	 Test Accuracy: 845/1000(85%)
Task: 0,	 Epoch: 25/80,	 Avg.loss: 0.0005,	 Test Accuracy: 854/1000(85%)
Task: 0,	 Epoch: 26/80,	 Avg.loss: 0.0005,	 Test Accuracy: 855/1000(86%)
Task: 0,	 Epoch: 27/80,	 Avg.loss: 0.0006,	 Test Accuracy: 845/1000(85%)
Task: 0,	 Epoch: 28/80,	 Avg.loss: 0.0005,	 Test Accuracy: 849/1000(85%)
Task: 0,	 Epoch: 29/80,	 Avg.loss: 0.0006,	 Test Accuracy: 836/1000(84%)
Task: 0,	 Epoch: 30/80,	 Avg.loss: 0.0005,	 Test Accuracy: 851/1000(85%)
Task: 0,	 Epoch: 31/80,	 Avg.loss: 0.0005,	 Test Accuracy: 849/1000(85%)
Task: 0,	 Epoch: 32/80,	 Avg.loss: 0.0007,	 Test Accuracy: 844/1000(84%)
Task: 0,	 Epoch: 33/80,	 Avg.loss: 0.0006,	 Test Accuracy: 832/1000(83%)
Task: 0,	 Epoch: 34/80,	 Avg.loss: 0.0006,	 Test Accuracy: 846/1000(85%)
Task: 0,	 Epoch: 35/80,	 Avg.loss: 0.0006,	 Test Accuracy: 842/1000(84%)
Task: 0,	 Epoch: 36/80,	 Avg.loss: 0.0005,	 Test Accuracy: 837/1000(84%)
Task: 0,	 Epoch: 37/80,	 Avg.loss: 0.0006,	 Test Accuracy: 844/1000(84%)
Task: 0,	 Epoch: 38/80,	 Avg.loss: 0.0006,	 Test Accuracy: 856/1000(86%)
Task: 0,	 Epoch: 39/80,	 Avg.loss: 0.0006,	 Test Accuracy: 852/1000(85%)
Task: 0,	 Epoch: 40/80,	 Avg.loss: 0.0006,	 Test Accuracy: 852/1000(85%)
Task: 0,	 Epoch: 41/80,	 Avg.loss: 0.0006,	 Test Accuracy: 846/1000(85%)
Task: 0,	 Epoch: 42/80,	 Avg.loss: 0.0006,	 Test Accuracy: 853/1000(85%)
Task: 0,	 Epoch: 43/80,	 Avg.loss: 0.0006,	 Test Accuracy: 841/1000(84%)
Task: 0,	 Epoch: 44/80,	 Avg.loss: 0.0007,	 Test Accuracy: 839/1000(84%)
Task: 0,	 Epoch: 45/80,	 Avg.loss: 0.0007,	 Test Accuracy: 824/1000(82%)
Task: 0,	 Epoch: 46/80,	 Avg.loss: 0.0006,	 Test Accuracy: 840/1000(84%)
Task: 0,	 Epoch: 47/80,	 Avg.loss: 0.0006,	 Test Accuracy: 842/1000(84%)
Task: 0,	 Epoch: 48/80,	 Avg.loss: 0.0007,	 Test Accuracy: 840/1000(84%)
Task: 0,	 Epoch: 49/80,	 Avg.loss: 0.0006,	 Test Accuracy: 849/1000(85%)
Task: 0,	 Epoch: 50/80,	 Avg.loss: 0.0006,	 Test Accuracy: 845/1000(85%)
Task: 0,	 Epoch: 51/80,	 Avg.loss: 0.0006,	 Test Accuracy: 850/1000(85%)
Task: 0,	 Epoch: 52/80,	 Avg.loss: 0.0006,	 Test Accuracy: 848/1000(85%)
Task: 0,	 Epoch: 53/80,	 Avg.loss: 0.0006,	 Test Accuracy: 850/1000(85%)
Task: 0,	 Epoch: 54/80,	 Avg.loss: 0.0006,	 Test Accuracy: 849/1000(85%)
Task: 0,	 Epoch: 55/80,	 Avg.loss: 0.0006,	 Test Accuracy: 855/1000(86%)
Task: 0,	 Epoch: 56/80,	 Avg.loss: 0.0006,	 Test Accuracy: 858/1000(86%)
Task: 0,	 Epoch: 57/80,	 Avg.loss: 0.0006,	 Test Accuracy: 855/1000(86%)
Task: 0,	 Epoch: 58/80,	 Avg.loss: 0.0006,	 Test Accuracy: 858/1000(86%)
Task: 0,	 Epoch: 59/80,	 Avg.loss: 0.0006,	 Test Accuracy: 856/1000(86%)
Task: 0,	 Epoch: 60/80,	 Avg.loss: 0.0006,	 Test Accuracy: 849/1000(85%)
Task: 0,	 Epoch: 61/80,	 Avg.loss: 0.0006,	 Test Accuracy: 858/1000(86%)
Task: 0,	 Epoch: 62/80,	 Avg.loss: 0.0006,	 Test Accuracy: 854/1000(85%)
Task: 0,	 Epoch: 63/80,	 Avg.loss: 0.0006,	 Test Accuracy: 850/1000(85%)
Task: 0,	 Epoch: 64/80,	 Avg.loss: 0.0006,	 Test Accuracy: 854/1000(85%)
Task: 0,	 Epoch: 65/80,	 Avg.loss: 0.0006,	 Test Accuracy: 854/1000(85%)
Task: 0,	 Epoch: 66/80,	 Avg.loss: 0.0006,	 Test Accuracy: 861/1000(86%)
Task: 0,	 Epoch: 67/80,	 Avg.loss: 0.0006,	 Test Accuracy: 854/1000(85%)
Task: 0,	 Epoch: 68/80,	 Avg.loss: 0.0006,	 Test Accuracy: 858/1000(86%)
Task: 0,	 Epoch: 69/80,	 Avg.loss: 0.0006,	 Test Accuracy: 856/1000(86%)
Task: 0,	 Epoch: 70/80,	 Avg.loss: 0.0006,	 Test Accuracy: 854/1000(85%)
Task: 0,	 Epoch: 71/80,	 Avg.loss: 0.0006,	 Test Accuracy: 855/1000(86%)
Task: 0,	 Epoch: 72/80,	 Avg.loss: 0.0006,	 Test Accuracy: 853/1000(85%)
Task: 0,	 Epoch: 73/80,	 Avg.loss: 0.0006,	 Test Accuracy: 856/1000(86%)
Task: 0,	 Epoch: 74/80,	 Avg.loss: 0.0006,	 Test Accuracy: 858/1000(86%)
Task: 0,	 Epoch: 75/80,	 Avg.loss: 0.0006,	 Test Accuracy: 853/1000(85%)
Task: 0,	 Epoch: 76/80,	 Avg.loss: 0.0006,	 Test Accuracy: 855/1000(86%)
Task: 0,	 Epoch: 77/80,	 Avg.loss: 0.0006,	 Test Accuracy: 848/1000(85%)
Task: 0,	 Epoch: 78/80,	 Avg.loss: 0.0006,	 Test Accuracy: 850/1000(85%)
Task: 0,	 Epoch: 79/80,	 Avg.loss: 0.0006,	 Test Accuracy: 854/1000(85%)
Trained Task:0, Loaded task:0, Accuracy:85.4%
Trained Task:0, Avg. Accuracy: 85.4 

List of avg. accuracy: [85.4]
Mask histogram
conv1_layer.3.weight: 	 tensor([   0.,    0., 8192.,    0.,    0.,    0.,    0.,    0.,    0.,    0.,
           0.], device='cuda:0')
conv2_layer.3.weight: 	 tensor([   0.,    0., 4096.,    0.,    0.,    0.,    0.,    0.,    0.,    0.,
           0.], device='cuda:0')
fc1_layer.0.weight: 	 tensor([  0.,   0., 512.,   0.,   0.,   0.,   0.,   0.,   0.,   0.,   0.],
       device='cuda:0')
Task: 1,	 Epoch: 0/80,	 Avg.loss: 0.0009,	 Test Accuracy: 696/1000(70%)
Task: 1,	 Epoch: 1/80,	 Avg.loss: 0.0009,	 Test Accuracy: 699/1000(70%)
Task: 1,	 Epoch: 2/80,	 Avg.loss: 0.0008,	 Test Accuracy: 714/1000(71%)
Task: 1,	 Epoch: 3/80,	 Avg.loss: 0.0008,	 Test Accuracy: 710/1000(71%)
Task: 1,	 Epoch: 4/80,	 Avg.loss: 0.0008,	 Test Accuracy: 718/1000(72%)
Task: 1,	 Epoch: 5/80,	 Avg.loss: 0.0008,	 Test Accuracy: 708/1000(71%)
Task: 1,	 Epoch: 6/80,	 Avg.loss: 0.0007,	 Test Accuracy: 735/1000(74%)
Task: 1,	 Epoch: 7/80,	 Avg.loss: 0.0008,	 Test Accuracy: 724/1000(72%)
Task: 1,	 Epoch: 8/80,	 Avg.loss: 0.0008,	 Test Accuracy: 719/1000(72%)
Task: 1,	 Epoch: 9/80,	 Avg.loss: 0.0008,	 Test Accuracy: 726/1000(73%)
Task: 1,	 Epoch: 10/80,	 Avg.loss: 0.0008,	 Test Accuracy: 729/1000(73%)
Task: 1,	 Epoch: 11/80,	 Avg.loss: 0.0007,	 Test Accuracy: 734/1000(73%)
Task: 1,	 Epoch: 12/80,	 Avg.loss: 0.0007,	 Test Accuracy: 724/1000(72%)
Task: 1,	 Epoch: 13/80,	 Avg.loss: 0.0008,	 Test Accuracy: 715/1000(72%)
Task: 1,	 Epoch: 14/80,	 Avg.loss: 0.0008,	 Test Accuracy: 720/1000(72%)
Task: 1,	 Epoch: 15/80,	 Avg.loss: 0.0008,	 Test Accuracy: 733/1000(73%)
Task: 1,	 Epoch: 16/80,	 Avg.loss: 0.0007,	 Test Accuracy: 739/1000(74%)
Task: 1,	 Epoch: 17/80,	 Avg.loss: 0.0008,	 Test Accuracy: 736/1000(74%)
Task: 1,	 Epoch: 18/80,	 Avg.loss: 0.0007,	 Test Accuracy: 743/1000(74%)
Task: 1,	 Epoch: 19/80,	 Avg.loss: 0.0007,	 Test Accuracy: 747/1000(75%)
Task: 1,	 Epoch: 20/80,	 Avg.loss: 0.0007,	 Test Accuracy: 735/1000(74%)
Task: 1,	 Epoch: 21/80,	 Avg.loss: 0.0007,	 Test Accuracy: 743/1000(74%)
Task: 1,	 Epoch: 22/80,	 Avg.loss: 0.0007,	 Test Accuracy: 752/1000(75%)
Task: 1,	 Epoch: 23/80,	 Avg.loss: 0.0007,	 Test Accuracy: 752/1000(75%)
Task: 1,	 Epoch: 24/80,	 Avg.loss: 0.0007,	 Test Accuracy: 746/1000(75%)
Task: 1,	 Epoch: 25/80,	 Avg.loss: 0.0008,	 Test Accuracy: 741/1000(74%)
Task: 1,	 Epoch: 26/80,	 Avg.loss: 0.0007,	 Test Accuracy: 758/1000(76%)
Task: 1,	 Epoch: 27/80,	 Avg.loss: 0.0007,	 Test Accuracy: 751/1000(75%)
Task: 1,	 Epoch: 28/80,	 Avg.loss: 0.0008,	 Test Accuracy: 722/1000(72%)
Task: 1,	 Epoch: 29/80,	 Avg.loss: 0.0008,	 Test Accuracy: 739/1000(74%)
Task: 1,	 Epoch: 30/80,	 Avg.loss: 0.0007,	 Test Accuracy: 732/1000(73%)
Task: 1,	 Epoch: 31/80,	 Avg.loss: 0.0007,	 Test Accuracy: 750/1000(75%)
Task: 1,	 Epoch: 32/80,	 Avg.loss: 0.0007,	 Test Accuracy: 745/1000(74%)
Task: 1,	 Epoch: 33/80,	 Avg.loss: 0.0007,	 Test Accuracy: 746/1000(75%)
Task: 1,	 Epoch: 34/80,	 Avg.loss: 0.0007,	 Test Accuracy: 757/1000(76%)
Task: 1,	 Epoch: 35/80,	 Avg.loss: 0.0007,	 Test Accuracy: 755/1000(76%)
Task: 1,	 Epoch: 36/80,	 Avg.loss: 0.0008,	 Test Accuracy: 744/1000(74%)
Task: 1,	 Epoch: 37/80,	 Avg.loss: 0.0007,	 Test Accuracy: 766/1000(77%)
Task: 1,	 Epoch: 38/80,	 Avg.loss: 0.0007,	 Test Accuracy: 756/1000(76%)
Task: 1,	 Epoch: 39/80,	 Avg.loss: 0.0008,	 Test Accuracy: 760/1000(76%)
Task: 1,	 Epoch: 40/80,	 Avg.loss: 0.0007,	 Test Accuracy: 759/1000(76%)
Task: 1,	 Epoch: 41/80,	 Avg.loss: 0.0007,	 Test Accuracy: 759/1000(76%)
Task: 1,	 Epoch: 42/80,	 Avg.loss: 0.0007,	 Test Accuracy: 763/1000(76%)
Task: 1,	 Epoch: 43/80,	 Avg.loss: 0.0007,	 Test Accuracy: 761/1000(76%)
Task: 1,	 Epoch: 44/80,	 Avg.loss: 0.0007,	 Test Accuracy: 757/1000(76%)
Task: 1,	 Epoch: 45/80,	 Avg.loss: 0.0008,	 Test Accuracy: 741/1000(74%)
Task: 1,	 Epoch: 46/80,	 Avg.loss: 0.0007,	 Test Accuracy: 754/1000(75%)
Task: 1,	 Epoch: 47/80,	 Avg.loss: 0.0007,	 Test Accuracy: 754/1000(75%)
Task: 1,	 Epoch: 48/80,	 Avg.loss: 0.0008,	 Test Accuracy: 743/1000(74%)
Task: 1,	 Epoch: 49/80,	 Avg.loss: 0.0007,	 Test Accuracy: 756/1000(76%)
Task: 1,	 Epoch: 50/80,	 Avg.loss: 0.0007,	 Test Accuracy: 760/1000(76%)
Task: 1,	 Epoch: 51/80,	 Avg.loss: 0.0007,	 Test Accuracy: 769/1000(77%)
Task: 1,	 Epoch: 52/80,	 Avg.loss: 0.0007,	 Test Accuracy: 764/1000(76%)
Task: 1,	 Epoch: 53/80,	 Avg.loss: 0.0007,	 Test Accuracy: 769/1000(77%)
Task: 1,	 Epoch: 54/80,	 Avg.loss: 0.0007,	 Test Accuracy: 768/1000(77%)
Task: 1,	 Epoch: 55/80,	 Avg.loss: 0.0007,	 Test Accuracy: 766/1000(77%)
Task: 1,	 Epoch: 56/80,	 Avg.loss: 0.0007,	 Test Accuracy: 769/1000(77%)
Task: 1,	 Epoch: 57/80,	 Avg.loss: 0.0007,	 Test Accuracy: 774/1000(77%)
Task: 1,	 Epoch: 58/80,	 Avg.loss: 0.0007,	 Test Accuracy: 773/1000(77%)
Task: 1,	 Epoch: 59/80,	 Avg.loss: 0.0007,	 Test Accuracy: 765/1000(76%)
Task: 1,	 Epoch: 60/80,	 Avg.loss: 0.0007,	 Test Accuracy: 773/1000(77%)
Task: 1,	 Epoch: 61/80,	 Avg.loss: 0.0007,	 Test Accuracy: 775/1000(78%)
Task: 1,	 Epoch: 62/80,	 Avg.loss: 0.0007,	 Test Accuracy: 775/1000(78%)
Task: 1,	 Epoch: 63/80,	 Avg.loss: 0.0007,	 Test Accuracy: 766/1000(77%)
Task: 1,	 Epoch: 64/80,	 Avg.loss: 0.0007,	 Test Accuracy: 765/1000(76%)
Task: 1,	 Epoch: 65/80,	 Avg.loss: 0.0007,	 Test Accuracy: 763/1000(76%)
Task: 1,	 Epoch: 66/80,	 Avg.loss: 0.0007,	 Test Accuracy: 773/1000(77%)
Task: 1,	 Epoch: 67/80,	 Avg.loss: 0.0007,	 Test Accuracy: 770/1000(77%)
Task: 1,	 Epoch: 68/80,	 Avg.loss: 0.0007,	 Test Accuracy: 773/1000(77%)
Task: 1,	 Epoch: 69/80,	 Avg.loss: 0.0007,	 Test Accuracy: 768/1000(77%)
Task: 1,	 Epoch: 70/80,	 Avg.loss: 0.0007,	 Test Accuracy: 768/1000(77%)
Task: 1,	 Epoch: 71/80,	 Avg.loss: 0.0007,	 Test Accuracy: 768/1000(77%)
Task: 1,	 Epoch: 72/80,	 Avg.loss: 0.0007,	 Test Accuracy: 768/1000(77%)
Task: 1,	 Epoch: 73/80,	 Avg.loss: 0.0007,	 Test Accuracy: 765/1000(76%)
Task: 1,	 Epoch: 74/80,	 Avg.loss: 0.0007,	 Test Accuracy: 770/1000(77%)
Task: 1,	 Epoch: 75/80,	 Avg.loss: 0.0007,	 Test Accuracy: 768/1000(77%)
Task: 1,	 Epoch: 76/80,	 Avg.loss: 0.0007,	 Test Accuracy: 767/1000(77%)
Task: 1,	 Epoch: 77/80,	 Avg.loss: 0.0007,	 Test Accuracy: 770/1000(77%)
Task: 1,	 Epoch: 78/80,	 Avg.loss: 0.0007,	 Test Accuracy: 767/1000(77%)
Task: 1,	 Epoch: 79/80,	 Avg.loss: 0.0007,	 Test Accuracy: 769/1000(77%)
Trained Task:1, Loaded task:0, Accuracy:83.7%
Trained Task:1, Loaded task:1, Accuracy:76.9%
Trained Task:1, Avg. Accuracy: 80.3 

List of avg. accuracy: [85.4, 80.3]
Mask histogram
conv1_layer.3.weight: 	 tensor([   0.,    0.,    0., 8192.,    0.,    0.,    0.,    0.,    0.,    0.,
           0.], device='cuda:0')
conv2_layer.3.weight: 	 tensor([   0.,    0.,    0., 4096.,    0.,    0.,    0.,    0.,    0.,    0.,
           0.], device='cuda:0')
fc1_layer.0.weight: 	 tensor([  0.,   0.,   0., 512.,   0.,   0.,   0.,   0.,   0.,   0.,   0.],
       device='cuda:0')
Task: 2,	 Epoch: 0/80,	 Avg.loss: 0.0009,	 Test Accuracy: 706/1000(71%)
Task: 2,	 Epoch: 1/80,	 Avg.loss: 0.0008,	 Test Accuracy: 726/1000(73%)
Task: 2,	 Epoch: 2/80,	 Avg.loss: 0.0008,	 Test Accuracy: 734/1000(73%)
Task: 2,	 Epoch: 3/80,	 Avg.loss: 0.0007,	 Test Accuracy: 751/1000(75%)
Task: 2,	 Epoch: 4/80,	 Avg.loss: 0.0008,	 Test Accuracy: 751/1000(75%)
Task: 2,	 Epoch: 5/80,	 Avg.loss: 0.0008,	 Test Accuracy: 751/1000(75%)
Task: 2,	 Epoch: 6/80,	 Avg.loss: 0.0007,	 Test Accuracy: 769/1000(77%)
Task: 2,	 Epoch: 7/80,	 Avg.loss: 0.0008,	 Test Accuracy: 766/1000(77%)
Task: 2,	 Epoch: 8/80,	 Avg.loss: 0.0007,	 Test Accuracy: 772/1000(77%)
Task: 2,	 Epoch: 9/80,	 Avg.loss: 0.0007,	 Test Accuracy: 768/1000(77%)
Task: 2,	 Epoch: 10/80,	 Avg.loss: 0.0007,	 Test Accuracy: 758/1000(76%)
Task: 2,	 Epoch: 11/80,	 Avg.loss: 0.0008,	 Test Accuracy: 754/1000(75%)
Task: 2,	 Epoch: 12/80,	 Avg.loss: 0.0007,	 Test Accuracy: 783/1000(78%)
Task: 2,	 Epoch: 13/80,	 Avg.loss: 0.0007,	 Test Accuracy: 766/1000(77%)
Task: 2,	 Epoch: 14/80,	 Avg.loss: 0.0007,	 Test Accuracy: 757/1000(76%)
Task: 2,	 Epoch: 15/80,	 Avg.loss: 0.0007,	 Test Accuracy: 756/1000(76%)
Task: 2,	 Epoch: 16/80,	 Avg.loss: 0.0007,	 Test Accuracy: 766/1000(77%)
Task: 2,	 Epoch: 17/80,	 Avg.loss: 0.0007,	 Test Accuracy: 776/1000(78%)
Task: 2,	 Epoch: 18/80,	 Avg.loss: 0.0007,	 Test Accuracy: 771/1000(77%)
Task: 2,	 Epoch: 19/80,	 Avg.loss: 0.0007,	 Test Accuracy: 763/1000(76%)
Task: 2,	 Epoch: 20/80,	 Avg.loss: 0.0008,	 Test Accuracy: 766/1000(77%)
Task: 2,	 Epoch: 21/80,	 Avg.loss: 0.0007,	 Test Accuracy: 778/1000(78%)
Task: 2,	 Epoch: 22/80,	 Avg.loss: 0.0007,	 Test Accuracy: 772/1000(77%)
Task: 2,	 Epoch: 23/80,	 Avg.loss: 0.0007,	 Test Accuracy: 766/1000(77%)
Task: 2,	 Epoch: 24/80,	 Avg.loss: 0.0007,	 Test Accuracy: 768/1000(77%)
Task: 2,	 Epoch: 25/80,	 Avg.loss: 0.0007,	 Test Accuracy: 773/1000(77%)
Task: 2,	 Epoch: 26/80,	 Avg.loss: 0.0007,	 Test Accuracy: 768/1000(77%)
Task: 2,	 Epoch: 27/80,	 Avg.loss: 0.0007,	 Test Accuracy: 776/1000(78%)
Task: 2,	 Epoch: 28/80,	 Avg.loss: 0.0007,	 Test Accuracy: 759/1000(76%)
Task: 2,	 Epoch: 29/80,	 Avg.loss: 0.0007,	 Test Accuracy: 780/1000(78%)
Task: 2,	 Epoch: 30/80,	 Avg.loss: 0.0007,	 Test Accuracy: 771/1000(77%)
Task: 2,	 Epoch: 31/80,	 Avg.loss: 0.0007,	 Test Accuracy: 771/1000(77%)
Task: 2,	 Epoch: 32/80,	 Avg.loss: 0.0007,	 Test Accuracy: 770/1000(77%)
Task: 2,	 Epoch: 33/80,	 Avg.loss: 0.0007,	 Test Accuracy: 771/1000(77%)
Task: 2,	 Epoch: 34/80,	 Avg.loss: 0.0007,	 Test Accuracy: 785/1000(78%)
Task: 2,	 Epoch: 35/80,	 Avg.loss: 0.0007,	 Test Accuracy: 773/1000(77%)
Task: 2,	 Epoch: 36/80,	 Avg.loss: 0.0007,	 Test Accuracy: 787/1000(79%)
Task: 2,	 Epoch: 37/80,	 Avg.loss: 0.0007,	 Test Accuracy: 769/1000(77%)
Task: 2,	 Epoch: 38/80,	 Avg.loss: 0.0007,	 Test Accuracy: 780/1000(78%)
Task: 2,	 Epoch: 39/80,	 Avg.loss: 0.0007,	 Test Accuracy: 784/1000(78%)
Task: 2,	 Epoch: 40/80,	 Avg.loss: 0.0007,	 Test Accuracy: 770/1000(77%)
Task: 2,	 Epoch: 41/80,	 Avg.loss: 0.0007,	 Test Accuracy: 771/1000(77%)
Task: 2,	 Epoch: 42/80,	 Avg.loss: 0.0007,	 Test Accuracy: 770/1000(77%)
Task: 2,	 Epoch: 43/80,	 Avg.loss: 0.0007,	 Test Accuracy: 783/1000(78%)
Task: 2,	 Epoch: 44/80,	 Avg.loss: 0.0007,	 Test Accuracy: 768/1000(77%)
Task: 2,	 Epoch: 45/80,	 Avg.loss: 0.0007,	 Test Accuracy: 778/1000(78%)
Task: 2,	 Epoch: 46/80,	 Avg.loss: 0.0007,	 Test Accuracy: 772/1000(77%)
Task: 2,	 Epoch: 47/80,	 Avg.loss: 0.0007,	 Test Accuracy: 768/1000(77%)
Task: 2,	 Epoch: 48/80,	 Avg.loss: 0.0007,	 Test Accuracy: 782/1000(78%)
Task: 2,	 Epoch: 49/80,	 Avg.loss: 0.0007,	 Test Accuracy: 780/1000(78%)
Task: 2,	 Epoch: 50/80,	 Avg.loss: 0.0007,	 Test Accuracy: 782/1000(78%)
Task: 2,	 Epoch: 51/80,	 Avg.loss: 0.0007,	 Test Accuracy: 780/1000(78%)
Task: 2,	 Epoch: 52/80,	 Avg.loss: 0.0007,	 Test Accuracy: 781/1000(78%)
Task: 2,	 Epoch: 53/80,	 Avg.loss: 0.0007,	 Test Accuracy: 782/1000(78%)
Task: 2,	 Epoch: 54/80,	 Avg.loss: 0.0007,	 Test Accuracy: 781/1000(78%)
Task: 2,	 Epoch: 55/80,	 Avg.loss: 0.0007,	 Test Accuracy: 783/1000(78%)
Task: 2,	 Epoch: 56/80,	 Avg.loss: 0.0007,	 Test Accuracy: 784/1000(78%)
Task: 2,	 Epoch: 57/80,	 Avg.loss: 0.0007,	 Test Accuracy: 781/1000(78%)
Task: 2,	 Epoch: 58/80,	 Avg.loss: 0.0007,	 Test Accuracy: 786/1000(79%)
Task: 2,	 Epoch: 59/80,	 Avg.loss: 0.0007,	 Test Accuracy: 786/1000(79%)
Task: 2,	 Epoch: 60/80,	 Avg.loss: 0.0007,	 Test Accuracy: 793/1000(79%)
Task: 2,	 Epoch: 61/80,	 Avg.loss: 0.0007,	 Test Accuracy: 788/1000(79%)
Task: 2,	 Epoch: 62/80,	 Avg.loss: 0.0007,	 Test Accuracy: 788/1000(79%)
Task: 2,	 Epoch: 63/80,	 Avg.loss: 0.0007,	 Test Accuracy: 789/1000(79%)
Task: 2,	 Epoch: 64/80,	 Avg.loss: 0.0007,	 Test Accuracy: 786/1000(79%)
Task: 2,	 Epoch: 65/80,	 Avg.loss: 0.0007,	 Test Accuracy: 787/1000(79%)
Task: 2,	 Epoch: 66/80,	 Avg.loss: 0.0007,	 Test Accuracy: 791/1000(79%)
Task: 2,	 Epoch: 67/80,	 Avg.loss: 0.0007,	 Test Accuracy: 785/1000(78%)
Task: 2,	 Epoch: 68/80,	 Avg.loss: 0.0007,	 Test Accuracy: 788/1000(79%)
Task: 2,	 Epoch: 69/80,	 Avg.loss: 0.0007,	 Test Accuracy: 788/1000(79%)
Task: 2,	 Epoch: 70/80,	 Avg.loss: 0.0007,	 Test Accuracy: 788/1000(79%)
Task: 2,	 Epoch: 71/80,	 Avg.loss: 0.0007,	 Test Accuracy: 790/1000(79%)
Task: 2,	 Epoch: 72/80,	 Avg.loss: 0.0007,	 Test Accuracy: 793/1000(79%)
Task: 2,	 Epoch: 73/80,	 Avg.loss: 0.0007,	 Test Accuracy: 787/1000(79%)
Task: 2,	 Epoch: 74/80,	 Avg.loss: 0.0007,	 Test Accuracy: 789/1000(79%)
Task: 2,	 Epoch: 75/80,	 Avg.loss: 0.0007,	 Test Accuracy: 790/1000(79%)
Task: 2,	 Epoch: 76/80,	 Avg.loss: 0.0007,	 Test Accuracy: 784/1000(78%)
Task: 2,	 Epoch: 77/80,	 Avg.loss: 0.0007,	 Test Accuracy: 788/1000(79%)
Task: 2,	 Epoch: 78/80,	 Avg.loss: 0.0007,	 Test Accuracy: 789/1000(79%)
Task: 2,	 Epoch: 79/80,	 Avg.loss: 0.0007,	 Test Accuracy: 787/1000(79%)
Trained Task:2, Loaded task:0, Accuracy:81.7%
Trained Task:2, Loaded task:1, Accuracy:73.2%
Trained Task:2, Loaded task:2, Accuracy:78.7%
Trained Task:2, Avg. Accuracy: 77.9 

List of avg. accuracy: [85.4, 80.3, 77.9]
Mask histogram
conv1_layer.3.weight: 	 tensor([   0.,    0.,    0.,    0., 8192.,    0.,    0.,    0.,    0.,    0.,
           0.], device='cuda:0')
conv2_layer.3.weight: 	 tensor([   0.,    0.,    0.,    0., 4096.,    0.,    0.,    0.,    0.,    0.,
           0.], device='cuda:0')
fc1_layer.0.weight: 	 tensor([  0.,   0.,   0.,   0., 512.,   0.,   0.,   0.,   0.,   0.,   0.],
       device='cuda:0')
Task: 3,	 Epoch: 0/80,	 Avg.loss: 0.0011,	 Test Accuracy: 629/1000(63%)
Task: 3,	 Epoch: 1/80,	 Avg.loss: 0.0009,	 Test Accuracy: 695/1000(70%)
Task: 3,	 Epoch: 2/80,	 Avg.loss: 0.0009,	 Test Accuracy: 694/1000(69%)
Task: 3,	 Epoch: 3/80,	 Avg.loss: 0.0009,	 Test Accuracy: 701/1000(70%)
Task: 3,	 Epoch: 4/80,	 Avg.loss: 0.0009,	 Test Accuracy: 708/1000(71%)
Task: 3,	 Epoch: 5/80,	 Avg.loss: 0.0008,	 Test Accuracy: 716/1000(72%)
Task: 3,	 Epoch: 6/80,	 Avg.loss: 0.0008,	 Test Accuracy: 731/1000(73%)
Task: 3,	 Epoch: 7/80,	 Avg.loss: 0.0008,	 Test Accuracy: 705/1000(70%)
Task: 3,	 Epoch: 8/80,	 Avg.loss: 0.0008,	 Test Accuracy: 729/1000(73%)
Task: 3,	 Epoch: 9/80,	 Avg.loss: 0.0009,	 Test Accuracy: 700/1000(70%)
Task: 3,	 Epoch: 10/80,	 Avg.loss: 0.0008,	 Test Accuracy: 710/1000(71%)
Task: 3,	 Epoch: 11/80,	 Avg.loss: 0.0008,	 Test Accuracy: 741/1000(74%)
Task: 3,	 Epoch: 12/80,	 Avg.loss: 0.0008,	 Test Accuracy: 734/1000(73%)
Task: 3,	 Epoch: 13/80,	 Avg.loss: 0.0008,	 Test Accuracy: 732/1000(73%)
Task: 3,	 Epoch: 14/80,	 Avg.loss: 0.0009,	 Test Accuracy: 718/1000(72%)
Task: 3,	 Epoch: 15/80,	 Avg.loss: 0.0008,	 Test Accuracy: 729/1000(73%)
Task: 3,	 Epoch: 16/80,	 Avg.loss: 0.0008,	 Test Accuracy: 728/1000(73%)
Task: 3,	 Epoch: 17/80,	 Avg.loss: 0.0008,	 Test Accuracy: 727/1000(73%)
Task: 3,	 Epoch: 18/80,	 Avg.loss: 0.0008,	 Test Accuracy: 732/1000(73%)
Task: 3,	 Epoch: 19/80,	 Avg.loss: 0.0008,	 Test Accuracy: 725/1000(72%)
Task: 3,	 Epoch: 20/80,	 Avg.loss: 0.0008,	 Test Accuracy: 726/1000(73%)
Task: 3,	 Epoch: 21/80,	 Avg.loss: 0.0008,	 Test Accuracy: 716/1000(72%)
Task: 3,	 Epoch: 22/80,	 Avg.loss: 0.0008,	 Test Accuracy: 724/1000(72%)
Task: 3,	 Epoch: 23/80,	 Avg.loss: 0.0008,	 Test Accuracy: 722/1000(72%)
Task: 3,	 Epoch: 24/80,	 Avg.loss: 0.0008,	 Test Accuracy: 720/1000(72%)
Task: 3,	 Epoch: 25/80,	 Avg.loss: 0.0008,	 Test Accuracy: 733/1000(73%)
Task: 3,	 Epoch: 26/80,	 Avg.loss: 0.0008,	 Test Accuracy: 742/1000(74%)
Task: 3,	 Epoch: 27/80,	 Avg.loss: 0.0008,	 Test Accuracy: 733/1000(73%)
Task: 3,	 Epoch: 28/80,	 Avg.loss: 0.0008,	 Test Accuracy: 730/1000(73%)
Task: 3,	 Epoch: 29/80,	 Avg.loss: 0.0008,	 Test Accuracy: 739/1000(74%)
Task: 3,	 Epoch: 30/80,	 Avg.loss: 0.0008,	 Test Accuracy: 724/1000(72%)
Task: 3,	 Epoch: 31/80,	 Avg.loss: 0.0008,	 Test Accuracy: 737/1000(74%)
Task: 3,	 Epoch: 32/80,	 Avg.loss: 0.0008,	 Test Accuracy: 746/1000(75%)
Task: 3,	 Epoch: 33/80,	 Avg.loss: 0.0008,	 Test Accuracy: 730/1000(73%)
Task: 3,	 Epoch: 34/80,	 Avg.loss: 0.0008,	 Test Accuracy: 736/1000(74%)
Task: 3,	 Epoch: 35/80,	 Avg.loss: 0.0008,	 Test Accuracy: 712/1000(71%)
Task: 3,	 Epoch: 36/80,	 Avg.loss: 0.0008,	 Test Accuracy: 727/1000(73%)
Task: 3,	 Epoch: 37/80,	 Avg.loss: 0.0008,	 Test Accuracy: 725/1000(72%)
Task: 3,	 Epoch: 38/80,	 Avg.loss: 0.0008,	 Test Accuracy: 718/1000(72%)
Task: 3,	 Epoch: 39/80,	 Avg.loss: 0.0008,	 Test Accuracy: 742/1000(74%)
Task: 3,	 Epoch: 40/80,	 Avg.loss: 0.0008,	 Test Accuracy: 726/1000(73%)
Task: 3,	 Epoch: 41/80,	 Avg.loss: 0.0008,	 Test Accuracy: 734/1000(73%)
Task: 3,	 Epoch: 42/80,	 Avg.loss: 0.0008,	 Test Accuracy: 732/1000(73%)
Task: 3,	 Epoch: 43/80,	 Avg.loss: 0.0008,	 Test Accuracy: 728/1000(73%)
Task: 3,	 Epoch: 44/80,	 Avg.loss: 0.0008,	 Test Accuracy: 732/1000(73%)
Task: 3,	 Epoch: 45/80,	 Avg.loss: 0.0008,	 Test Accuracy: 730/1000(73%)
Task: 3,	 Epoch: 46/80,	 Avg.loss: 0.0008,	 Test Accuracy: 722/1000(72%)
Task: 3,	 Epoch: 47/80,	 Avg.loss: 0.0008,	 Test Accuracy: 744/1000(74%)
Task: 3,	 Epoch: 48/80,	 Avg.loss: 0.0008,	 Test Accuracy: 737/1000(74%)
Task: 3,	 Epoch: 49/80,	 Avg.loss: 0.0008,	 Test Accuracy: 738/1000(74%)
Task: 3,	 Epoch: 50/80,	 Avg.loss: 0.0008,	 Test Accuracy: 751/1000(75%)
Task: 3,	 Epoch: 51/80,	 Avg.loss: 0.0008,	 Test Accuracy: 747/1000(75%)
Task: 3,	 Epoch: 52/80,	 Avg.loss: 0.0008,	 Test Accuracy: 754/1000(75%)
Task: 3,	 Epoch: 53/80,	 Avg.loss: 0.0008,	 Test Accuracy: 754/1000(75%)
Task: 3,	 Epoch: 54/80,	 Avg.loss: 0.0008,	 Test Accuracy: 767/1000(77%)
Task: 3,	 Epoch: 55/80,	 Avg.loss: 0.0008,	 Test Accuracy: 748/1000(75%)
Task: 3,	 Epoch: 56/80,	 Avg.loss: 0.0008,	 Test Accuracy: 760/1000(76%)
Task: 3,	 Epoch: 57/80,	 Avg.loss: 0.0008,	 Test Accuracy: 757/1000(76%)
Task: 3,	 Epoch: 58/80,	 Avg.loss: 0.0008,	 Test Accuracy: 758/1000(76%)
Task: 3,	 Epoch: 59/80,	 Avg.loss: 0.0008,	 Test Accuracy: 760/1000(76%)
Task: 3,	 Epoch: 60/80,	 Avg.loss: 0.0008,	 Test Accuracy: 762/1000(76%)
Task: 3,	 Epoch: 61/80,	 Avg.loss: 0.0008,	 Test Accuracy: 763/1000(76%)
Task: 3,	 Epoch: 62/80,	 Avg.loss: 0.0008,	 Test Accuracy: 764/1000(76%)
Task: 3,	 Epoch: 63/80,	 Avg.loss: 0.0008,	 Test Accuracy: 760/1000(76%)
Task: 3,	 Epoch: 64/80,	 Avg.loss: 0.0008,	 Test Accuracy: 753/1000(75%)
Task: 3,	 Epoch: 65/80,	 Avg.loss: 0.0008,	 Test Accuracy: 757/1000(76%)
Task: 3,	 Epoch: 66/80,	 Avg.loss: 0.0008,	 Test Accuracy: 761/1000(76%)
Task: 3,	 Epoch: 67/80,	 Avg.loss: 0.0008,	 Test Accuracy: 751/1000(75%)
Task: 3,	 Epoch: 68/80,	 Avg.loss: 0.0008,	 Test Accuracy: 756/1000(76%)
Task: 3,	 Epoch: 69/80,	 Avg.loss: 0.0008,	 Test Accuracy: 762/1000(76%)
Task: 3,	 Epoch: 70/80,	 Avg.loss: 0.0008,	 Test Accuracy: 755/1000(76%)
Task: 3,	 Epoch: 71/80,	 Avg.loss: 0.0008,	 Test Accuracy: 755/1000(76%)
Task: 3,	 Epoch: 72/80,	 Avg.loss: 0.0007,	 Test Accuracy: 762/1000(76%)
Task: 3,	 Epoch: 73/80,	 Avg.loss: 0.0008,	 Test Accuracy: 762/1000(76%)
Task: 3,	 Epoch: 74/80,	 Avg.loss: 0.0008,	 Test Accuracy: 762/1000(76%)
Task: 3,	 Epoch: 75/80,	 Avg.loss: 0.0008,	 Test Accuracy: 758/1000(76%)
Task: 3,	 Epoch: 76/80,	 Avg.loss: 0.0008,	 Test Accuracy: 753/1000(75%)
Task: 3,	 Epoch: 77/80,	 Avg.loss: 0.0008,	 Test Accuracy: 756/1000(76%)
Task: 3,	 Epoch: 78/80,	 Avg.loss: 0.0007,	 Test Accuracy: 761/1000(76%)
Task: 3,	 Epoch: 79/80,	 Avg.loss: 0.0008,	 Test Accuracy: 758/1000(76%)
Trained Task:3, Loaded task:0, Accuracy:81.3%
Trained Task:3, Loaded task:1, Accuracy:74.2%
Trained Task:3, Loaded task:2, Accuracy:77.6%
Trained Task:3, Loaded task:3, Accuracy:75.8%
Trained Task:3, Avg. Accuracy: 77.2 

List of avg. accuracy: [85.4, 80.3, 77.9, 77.2]
Mask histogram
conv1_layer.3.weight: 	 tensor([   0.,    0.,    0.,    0.,    0., 8192.,    0.,    0.,    0.,    0.,
           0.], device='cuda:0')
conv2_layer.3.weight: 	 tensor([   0.,    0.,    0.,    0.,    0., 4096.,    0.,    0.,    0.,    0.,
           0.], device='cuda:0')
fc1_layer.0.weight: 	 tensor([  0.,   0.,   0.,   0.,   0., 512.,   0.,   0.,   0.,   0.,   0.],
       device='cuda:0')
Task: 4,	 Epoch: 0/80,	 Avg.loss: 0.0010,	 Test Accuracy: 684/1000(68%)
Task: 4,	 Epoch: 1/80,	 Avg.loss: 0.0008,	 Test Accuracy: 733/1000(73%)
Task: 4,	 Epoch: 2/80,	 Avg.loss: 0.0008,	 Test Accuracy: 746/1000(75%)
Task: 4,	 Epoch: 3/80,	 Avg.loss: 0.0008,	 Test Accuracy: 746/1000(75%)
Task: 4,	 Epoch: 4/80,	 Avg.loss: 0.0007,	 Test Accuracy: 777/1000(78%)
Task: 4,	 Epoch: 5/80,	 Avg.loss: 0.0007,	 Test Accuracy: 766/1000(77%)
Task: 4,	 Epoch: 6/80,	 Avg.loss: 0.0007,	 Test Accuracy: 760/1000(76%)
Task: 4,	 Epoch: 7/80,	 Avg.loss: 0.0007,	 Test Accuracy: 771/1000(77%)
Task: 4,	 Epoch: 8/80,	 Avg.loss: 0.0007,	 Test Accuracy: 758/1000(76%)
Task: 4,	 Epoch: 9/80,	 Avg.loss: 0.0007,	 Test Accuracy: 759/1000(76%)
Task: 4,	 Epoch: 10/80,	 Avg.loss: 0.0007,	 Test Accuracy: 769/1000(77%)
Task: 4,	 Epoch: 11/80,	 Avg.loss: 0.0007,	 Test Accuracy: 779/1000(78%)
Task: 4,	 Epoch: 12/80,	 Avg.loss: 0.0007,	 Test Accuracy: 762/1000(76%)
Task: 4,	 Epoch: 13/80,	 Avg.loss: 0.0007,	 Test Accuracy: 780/1000(78%)
Task: 4,	 Epoch: 14/80,	 Avg.loss: 0.0007,	 Test Accuracy: 774/1000(77%)
Task: 4,	 Epoch: 15/80,	 Avg.loss: 0.0007,	 Test Accuracy: 769/1000(77%)
Task: 4,	 Epoch: 16/80,	 Avg.loss: 0.0007,	 Test Accuracy: 759/1000(76%)
Task: 4,	 Epoch: 17/80,	 Avg.loss: 0.0007,	 Test Accuracy: 779/1000(78%)
Task: 4,	 Epoch: 18/80,	 Avg.loss: 0.0007,	 Test Accuracy: 774/1000(77%)
Task: 4,	 Epoch: 19/80,	 Avg.loss: 0.0007,	 Test Accuracy: 776/1000(78%)
Task: 4,	 Epoch: 20/80,	 Avg.loss: 0.0007,	 Test Accuracy: 760/1000(76%)
Task: 4,	 Epoch: 21/80,	 Avg.loss: 0.0007,	 Test Accuracy: 777/1000(78%)
Task: 4,	 Epoch: 22/80,	 Avg.loss: 0.0007,	 Test Accuracy: 786/1000(79%)
Task: 4,	 Epoch: 23/80,	 Avg.loss: 0.0007,	 Test Accuracy: 764/1000(76%)
Task: 4,	 Epoch: 24/80,	 Avg.loss: 0.0007,	 Test Accuracy: 771/1000(77%)
Task: 4,	 Epoch: 25/80,	 Avg.loss: 0.0007,	 Test Accuracy: 775/1000(78%)
Task: 4,	 Epoch: 26/80,	 Avg.loss: 0.0007,	 Test Accuracy: 767/1000(77%)
Task: 4,	 Epoch: 27/80,	 Avg.loss: 0.0007,	 Test Accuracy: 761/1000(76%)
Task: 4,	 Epoch: 28/80,	 Avg.loss: 0.0007,	 Test Accuracy: 765/1000(76%)
Task: 4,	 Epoch: 29/80,	 Avg.loss: 0.0007,	 Test Accuracy: 775/1000(78%)
Task: 4,	 Epoch: 30/80,	 Avg.loss: 0.0007,	 Test Accuracy: 780/1000(78%)
Task: 4,	 Epoch: 31/80,	 Avg.loss: 0.0007,	 Test Accuracy: 774/1000(77%)
Task: 4,	 Epoch: 32/80,	 Avg.loss: 0.0007,	 Test Accuracy: 765/1000(76%)
Task: 4,	 Epoch: 33/80,	 Avg.loss: 0.0007,	 Test Accuracy: 778/1000(78%)
Task: 4,	 Epoch: 34/80,	 Avg.loss: 0.0007,	 Test Accuracy: 775/1000(78%)
Task: 4,	 Epoch: 35/80,	 Avg.loss: 0.0007,	 Test Accuracy: 758/1000(76%)
Task: 4,	 Epoch: 36/80,	 Avg.loss: 0.0007,	 Test Accuracy: 773/1000(77%)
Task: 4,	 Epoch: 37/80,	 Avg.loss: 0.0008,	 Test Accuracy: 746/1000(75%)
Task: 4,	 Epoch: 38/80,	 Avg.loss: 0.0007,	 Test Accuracy: 754/1000(75%)
Task: 4,	 Epoch: 39/80,	 Avg.loss: 0.0007,	 Test Accuracy: 766/1000(77%)
Task: 4,	 Epoch: 40/80,	 Avg.loss: 0.0007,	 Test Accuracy: 772/1000(77%)
Task: 4,	 Epoch: 41/80,	 Avg.loss: 0.0007,	 Test Accuracy: 778/1000(78%)
Task: 4,	 Epoch: 42/80,	 Avg.loss: 0.0007,	 Test Accuracy: 776/1000(78%)
Task: 4,	 Epoch: 43/80,	 Avg.loss: 0.0007,	 Test Accuracy: 775/1000(78%)
Task: 4,	 Epoch: 44/80,	 Avg.loss: 0.0007,	 Test Accuracy: 772/1000(77%)
Task: 4,	 Epoch: 45/80,	 Avg.loss: 0.0007,	 Test Accuracy: 770/1000(77%)
Task: 4,	 Epoch: 46/80,	 Avg.loss: 0.0007,	 Test Accuracy: 771/1000(77%)
Task: 4,	 Epoch: 47/80,	 Avg.loss: 0.0007,	 Test Accuracy: 763/1000(76%)
Task: 4,	 Epoch: 48/80,	 Avg.loss: 0.0007,	 Test Accuracy: 769/1000(77%)
Task: 4,	 Epoch: 49/80,	 Avg.loss: 0.0007,	 Test Accuracy: 773/1000(77%)
Task: 4,	 Epoch: 50/80,	 Avg.loss: 0.0007,	 Test Accuracy: 773/1000(77%)
Task: 4,	 Epoch: 51/80,	 Avg.loss: 0.0007,	 Test Accuracy: 785/1000(78%)
Task: 4,	 Epoch: 52/80,	 Avg.loss: 0.0007,	 Test Accuracy: 785/1000(78%)
Task: 4,	 Epoch: 53/80,	 Avg.loss: 0.0007,	 Test Accuracy: 786/1000(79%)
Task: 4,	 Epoch: 54/80,	 Avg.loss: 0.0007,	 Test Accuracy: 783/1000(78%)
Task: 4,	 Epoch: 55/80,	 Avg.loss: 0.0007,	 Test Accuracy: 788/1000(79%)
Task: 4,	 Epoch: 56/80,	 Avg.loss: 0.0007,	 Test Accuracy: 785/1000(78%)
Task: 4,	 Epoch: 57/80,	 Avg.loss: 0.0007,	 Test Accuracy: 781/1000(78%)
Task: 4,	 Epoch: 58/80,	 Avg.loss: 0.0007,	 Test Accuracy: 780/1000(78%)
Task: 4,	 Epoch: 59/80,	 Avg.loss: 0.0007,	 Test Accuracy: 782/1000(78%)
Task: 4,	 Epoch: 60/80,	 Avg.loss: 0.0007,	 Test Accuracy: 782/1000(78%)
Task: 4,	 Epoch: 61/80,	 Avg.loss: 0.0007,	 Test Accuracy: 784/1000(78%)
Task: 4,	 Epoch: 62/80,	 Avg.loss: 0.0007,	 Test Accuracy: 782/1000(78%)
Task: 4,	 Epoch: 63/80,	 Avg.loss: 0.0007,	 Test Accuracy: 783/1000(78%)
Task: 4,	 Epoch: 64/80,	 Avg.loss: 0.0007,	 Test Accuracy: 778/1000(78%)
Task: 4,	 Epoch: 65/80,	 Avg.loss: 0.0007,	 Test Accuracy: 785/1000(78%)
Task: 4,	 Epoch: 66/80,	 Avg.loss: 0.0007,	 Test Accuracy: 778/1000(78%)
Task: 4,	 Epoch: 67/80,	 Avg.loss: 0.0007,	 Test Accuracy: 783/1000(78%)
Task: 4,	 Epoch: 68/80,	 Avg.loss: 0.0007,	 Test Accuracy: 783/1000(78%)
Task: 4,	 Epoch: 69/80,	 Avg.loss: 0.0007,	 Test Accuracy: 784/1000(78%)
Task: 4,	 Epoch: 70/80,	 Avg.loss: 0.0007,	 Test Accuracy: 782/1000(78%)
Task: 4,	 Epoch: 71/80,	 Avg.loss: 0.0007,	 Test Accuracy: 784/1000(78%)
Task: 4,	 Epoch: 72/80,	 Avg.loss: 0.0007,	 Test Accuracy: 781/1000(78%)
Task: 4,	 Epoch: 73/80,	 Avg.loss: 0.0007,	 Test Accuracy: 783/1000(78%)
Task: 4,	 Epoch: 74/80,	 Avg.loss: 0.0007,	 Test Accuracy: 777/1000(78%)
Task: 4,	 Epoch: 75/80,	 Avg.loss: 0.0007,	 Test Accuracy: 773/1000(77%)
Task: 4,	 Epoch: 76/80,	 Avg.loss: 0.0007,	 Test Accuracy: 779/1000(78%)
Task: 4,	 Epoch: 77/80,	 Avg.loss: 0.0007,	 Test Accuracy: 780/1000(78%)
Task: 4,	 Epoch: 78/80,	 Avg.loss: 0.0007,	 Test Accuracy: 782/1000(78%)
Task: 4,	 Epoch: 79/80,	 Avg.loss: 0.0007,	 Test Accuracy: 782/1000(78%)
Trained Task:4, Loaded task:0, Accuracy:81.3%
Trained Task:4, Loaded task:1, Accuracy:73.0%
Trained Task:4, Loaded task:2, Accuracy:77.5%
Trained Task:4, Loaded task:3, Accuracy:74.5%
Trained Task:4, Loaded task:4, Accuracy:78.2%
Trained Task:4, Avg. Accuracy: 76.9 

List of avg. accuracy: [85.4, 80.3, 77.9, 77.2, 76.9]
Mask histogram
conv1_layer.3.weight: 	 tensor([   0.,    0.,    0.,    0.,    0.,    0., 8192.,    0.,    0.,    0.,
           0.], device='cuda:0')
conv2_layer.3.weight: 	 tensor([   0.,    0.,    0.,    0.,    0.,    0., 4096.,    0.,    0.,    0.,
           0.], device='cuda:0')
fc1_layer.0.weight: 	 tensor([  0.,   0.,   0.,   0.,   0.,   0., 512.,   0.,   0.,   0.,   0.],
       device='cuda:0')
Task: 5,	 Epoch: 0/80,	 Avg.loss: 0.0010,	 Test Accuracy: 645/1000(64%)
Task: 5,	 Epoch: 1/80,	 Avg.loss: 0.0009,	 Test Accuracy: 685/1000(68%)
Task: 5,	 Epoch: 2/80,	 Avg.loss: 0.0008,	 Test Accuracy: 710/1000(71%)
Task: 5,	 Epoch: 3/80,	 Avg.loss: 0.0008,	 Test Accuracy: 712/1000(71%)
Task: 5,	 Epoch: 4/80,	 Avg.loss: 0.0008,	 Test Accuracy: 719/1000(72%)
Task: 5,	 Epoch: 5/80,	 Avg.loss: 0.0008,	 Test Accuracy: 724/1000(72%)
Task: 5,	 Epoch: 6/80,	 Avg.loss: 0.0008,	 Test Accuracy: 727/1000(73%)
Task: 5,	 Epoch: 7/80,	 Avg.loss: 0.0008,	 Test Accuracy: 735/1000(74%)
Task: 5,	 Epoch: 8/80,	 Avg.loss: 0.0008,	 Test Accuracy: 742/1000(74%)
Task: 5,	 Epoch: 9/80,	 Avg.loss: 0.0008,	 Test Accuracy: 741/1000(74%)
Task: 5,	 Epoch: 10/80,	 Avg.loss: 0.0007,	 Test Accuracy: 749/1000(75%)
Task: 5,	 Epoch: 11/80,	 Avg.loss: 0.0007,	 Test Accuracy: 742/1000(74%)
Task: 5,	 Epoch: 12/80,	 Avg.loss: 0.0008,	 Test Accuracy: 734/1000(73%)
Task: 5,	 Epoch: 13/80,	 Avg.loss: 0.0007,	 Test Accuracy: 748/1000(75%)
Task: 5,	 Epoch: 14/80,	 Avg.loss: 0.0007,	 Test Accuracy: 759/1000(76%)
Task: 5,	 Epoch: 15/80,	 Avg.loss: 0.0007,	 Test Accuracy: 757/1000(76%)
Task: 5,	 Epoch: 16/80,	 Avg.loss: 0.0008,	 Test Accuracy: 730/1000(73%)
Task: 5,	 Epoch: 17/80,	 Avg.loss: 0.0008,	 Test Accuracy: 752/1000(75%)
Task: 5,	 Epoch: 18/80,	 Avg.loss: 0.0007,	 Test Accuracy: 740/1000(74%)
Task: 5,	 Epoch: 19/80,	 Avg.loss: 0.0007,	 Test Accuracy: 749/1000(75%)
Task: 5,	 Epoch: 20/80,	 Avg.loss: 0.0007,	 Test Accuracy: 751/1000(75%)
Task: 5,	 Epoch: 21/80,	 Avg.loss: 0.0007,	 Test Accuracy: 752/1000(75%)
Task: 5,	 Epoch: 22/80,	 Avg.loss: 0.0007,	 Test Accuracy: 751/1000(75%)
Task: 5,	 Epoch: 23/80,	 Avg.loss: 0.0007,	 Test Accuracy: 760/1000(76%)
Task: 5,	 Epoch: 24/80,	 Avg.loss: 0.0008,	 Test Accuracy: 735/1000(74%)
Task: 5,	 Epoch: 25/80,	 Avg.loss: 0.0007,	 Test Accuracy: 739/1000(74%)
Task: 5,	 Epoch: 26/80,	 Avg.loss: 0.0007,	 Test Accuracy: 751/1000(75%)
Task: 5,	 Epoch: 27/80,	 Avg.loss: 0.0007,	 Test Accuracy: 750/1000(75%)
Task: 5,	 Epoch: 28/80,	 Avg.loss: 0.0007,	 Test Accuracy: 752/1000(75%)
Task: 5,	 Epoch: 29/80,	 Avg.loss: 0.0007,	 Test Accuracy: 745/1000(74%)
Task: 5,	 Epoch: 30/80,	 Avg.loss: 0.0007,	 Test Accuracy: 754/1000(75%)
Task: 5,	 Epoch: 31/80,	 Avg.loss: 0.0008,	 Test Accuracy: 734/1000(73%)
Task: 5,	 Epoch: 32/80,	 Avg.loss: 0.0007,	 Test Accuracy: 744/1000(74%)
Task: 5,	 Epoch: 33/80,	 Avg.loss: 0.0008,	 Test Accuracy: 734/1000(73%)
Task: 5,	 Epoch: 34/80,	 Avg.loss: 0.0007,	 Test Accuracy: 751/1000(75%)
Task: 5,	 Epoch: 35/80,	 Avg.loss: 0.0007,	 Test Accuracy: 755/1000(76%)
Task: 5,	 Epoch: 36/80,	 Avg.loss: 0.0007,	 Test Accuracy: 754/1000(75%)
Task: 5,	 Epoch: 37/80,	 Avg.loss: 0.0008,	 Test Accuracy: 752/1000(75%)
Task: 5,	 Epoch: 38/80,	 Avg.loss: 0.0008,	 Test Accuracy: 741/1000(74%)
Task: 5,	 Epoch: 39/80,	 Avg.loss: 0.0007,	 Test Accuracy: 746/1000(75%)
Task: 5,	 Epoch: 40/80,	 Avg.loss: 0.0008,	 Test Accuracy: 742/1000(74%)
Task: 5,	 Epoch: 41/80,	 Avg.loss: 0.0007,	 Test Accuracy: 758/1000(76%)
Task: 5,	 Epoch: 42/80,	 Avg.loss: 0.0007,	 Test Accuracy: 763/1000(76%)
Task: 5,	 Epoch: 43/80,	 Avg.loss: 0.0007,	 Test Accuracy: 749/1000(75%)
Task: 5,	 Epoch: 44/80,	 Avg.loss: 0.0007,	 Test Accuracy: 758/1000(76%)
Task: 5,	 Epoch: 45/80,	 Avg.loss: 0.0007,	 Test Accuracy: 751/1000(75%)
Task: 5,	 Epoch: 46/80,	 Avg.loss: 0.0007,	 Test Accuracy: 751/1000(75%)
Task: 5,	 Epoch: 47/80,	 Avg.loss: 0.0008,	 Test Accuracy: 749/1000(75%)
Task: 5,	 Epoch: 48/80,	 Avg.loss: 0.0008,	 Test Accuracy: 752/1000(75%)
Task: 5,	 Epoch: 49/80,	 Avg.loss: 0.0008,	 Test Accuracy: 742/1000(74%)
Task: 5,	 Epoch: 50/80,	 Avg.loss: 0.0007,	 Test Accuracy: 766/1000(77%)
Task: 5,	 Epoch: 51/80,	 Avg.loss: 0.0007,	 Test Accuracy: 760/1000(76%)
Task: 5,	 Epoch: 52/80,	 Avg.loss: 0.0007,	 Test Accuracy: 760/1000(76%)
Task: 5,	 Epoch: 53/80,	 Avg.loss: 0.0007,	 Test Accuracy: 766/1000(77%)
Task: 5,	 Epoch: 54/80,	 Avg.loss: 0.0007,	 Test Accuracy: 762/1000(76%)
Task: 5,	 Epoch: 55/80,	 Avg.loss: 0.0007,	 Test Accuracy: 762/1000(76%)
Task: 5,	 Epoch: 56/80,	 Avg.loss: 0.0007,	 Test Accuracy: 764/1000(76%)
Task: 5,	 Epoch: 57/80,	 Avg.loss: 0.0007,	 Test Accuracy: 766/1000(77%)
Task: 5,	 Epoch: 58/80,	 Avg.loss: 0.0007,	 Test Accuracy: 766/1000(77%)
Task: 5,	 Epoch: 59/80,	 Avg.loss: 0.0007,	 Test Accuracy: 765/1000(76%)
Task: 5,	 Epoch: 60/80,	 Avg.loss: 0.0007,	 Test Accuracy: 756/1000(76%)
Task: 5,	 Epoch: 61/80,	 Avg.loss: 0.0007,	 Test Accuracy: 765/1000(76%)
Task: 5,	 Epoch: 62/80,	 Avg.loss: 0.0007,	 Test Accuracy: 765/1000(76%)
Task: 5,	 Epoch: 63/80,	 Avg.loss: 0.0007,	 Test Accuracy: 763/1000(76%)
Task: 5,	 Epoch: 64/80,	 Avg.loss: 0.0007,	 Test Accuracy: 763/1000(76%)
Task: 5,	 Epoch: 65/80,	 Avg.loss: 0.0007,	 Test Accuracy: 766/1000(77%)
Task: 5,	 Epoch: 66/80,	 Avg.loss: 0.0007,	 Test Accuracy: 760/1000(76%)
Task: 5,	 Epoch: 67/80,	 Avg.loss: 0.0007,	 Test Accuracy: 765/1000(76%)
Task: 5,	 Epoch: 68/80,	 Avg.loss: 0.0007,	 Test Accuracy: 761/1000(76%)
Task: 5,	 Epoch: 69/80,	 Avg.loss: 0.0007,	 Test Accuracy: 757/1000(76%)
Task: 5,	 Epoch: 70/80,	 Avg.loss: 0.0007,	 Test Accuracy: 763/1000(76%)
Task: 5,	 Epoch: 71/80,	 Avg.loss: 0.0007,	 Test Accuracy: 763/1000(76%)
Task: 5,	 Epoch: 72/80,	 Avg.loss: 0.0007,	 Test Accuracy: 756/1000(76%)
Task: 5,	 Epoch: 73/80,	 Avg.loss: 0.0007,	 Test Accuracy: 762/1000(76%)
Task: 5,	 Epoch: 74/80,	 Avg.loss: 0.0007,	 Test Accuracy: 761/1000(76%)
Task: 5,	 Epoch: 75/80,	 Avg.loss: 0.0007,	 Test Accuracy: 762/1000(76%)
Task: 5,	 Epoch: 76/80,	 Avg.loss: 0.0007,	 Test Accuracy: 762/1000(76%)
Task: 5,	 Epoch: 77/80,	 Avg.loss: 0.0007,	 Test Accuracy: 761/1000(76%)
Task: 5,	 Epoch: 78/80,	 Avg.loss: 0.0007,	 Test Accuracy: 764/1000(76%)
Task: 5,	 Epoch: 79/80,	 Avg.loss: 0.0007,	 Test Accuracy: 766/1000(77%)
Trained Task:5, Loaded task:0, Accuracy:81.6%
Trained Task:5, Loaded task:1, Accuracy:73.2%
Trained Task:5, Loaded task:2, Accuracy:78.0%
Trained Task:5, Loaded task:3, Accuracy:74.6%
Trained Task:5, Loaded task:4, Accuracy:77.1%
Trained Task:5, Loaded task:5, Accuracy:76.6%
Trained Task:5, Avg. Accuracy: 76.9 

List of avg. accuracy: [85.4, 80.3, 77.9, 77.2, 76.9, 76.9]
Mask histogram
conv1_layer.3.weight: 	 tensor([   0.,    0.,    0.,    0.,    0.,    0.,    0., 8192.,    0.,    0.,
           0.], device='cuda:0')
conv2_layer.3.weight: 	 tensor([   0.,    0.,    0.,    0.,    0.,    0.,    0., 4096.,    0.,    0.,
           0.], device='cuda:0')
fc1_layer.0.weight: 	 tensor([  0.,   0.,   0.,   0.,   0.,   0.,   0., 512.,   0.,   0.,   0.],
       device='cuda:0')
Task: 6,	 Epoch: 0/80,	 Avg.loss: 0.0009,	 Test Accuracy: 674/1000(67%)
Task: 6,	 Epoch: 1/80,	 Avg.loss: 0.0009,	 Test Accuracy: 688/1000(69%)
Task: 6,	 Epoch: 2/80,	 Avg.loss: 0.0008,	 Test Accuracy: 712/1000(71%)
Task: 6,	 Epoch: 3/80,	 Avg.loss: 0.0008,	 Test Accuracy: 716/1000(72%)
Task: 6,	 Epoch: 4/80,	 Avg.loss: 0.0008,	 Test Accuracy: 725/1000(72%)
Task: 6,	 Epoch: 5/80,	 Avg.loss: 0.0008,	 Test Accuracy: 718/1000(72%)
Task: 6,	 Epoch: 6/80,	 Avg.loss: 0.0008,	 Test Accuracy: 719/1000(72%)
Task: 6,	 Epoch: 7/80,	 Avg.loss: 0.0007,	 Test Accuracy: 713/1000(71%)
Task: 6,	 Epoch: 8/80,	 Avg.loss: 0.0007,	 Test Accuracy: 729/1000(73%)
Task: 6,	 Epoch: 9/80,	 Avg.loss: 0.0008,	 Test Accuracy: 721/1000(72%)
Task: 6,	 Epoch: 10/80,	 Avg.loss: 0.0007,	 Test Accuracy: 732/1000(73%)
Task: 6,	 Epoch: 11/80,	 Avg.loss: 0.0007,	 Test Accuracy: 741/1000(74%)
Task: 6,	 Epoch: 12/80,	 Avg.loss: 0.0007,	 Test Accuracy: 735/1000(74%)
Task: 6,	 Epoch: 13/80,	 Avg.loss: 0.0008,	 Test Accuracy: 724/1000(72%)
Task: 6,	 Epoch: 14/80,	 Avg.loss: 0.0008,	 Test Accuracy: 727/1000(73%)
Task: 6,	 Epoch: 15/80,	 Avg.loss: 0.0008,	 Test Accuracy: 726/1000(73%)
Task: 6,	 Epoch: 16/80,	 Avg.loss: 0.0007,	 Test Accuracy: 743/1000(74%)
Task: 6,	 Epoch: 17/80,	 Avg.loss: 0.0007,	 Test Accuracy: 740/1000(74%)
Task: 6,	 Epoch: 18/80,	 Avg.loss: 0.0007,	 Test Accuracy: 738/1000(74%)
Task: 6,	 Epoch: 19/80,	 Avg.loss: 0.0007,	 Test Accuracy: 725/1000(72%)
Task: 6,	 Epoch: 20/80,	 Avg.loss: 0.0007,	 Test Accuracy: 738/1000(74%)
Task: 6,	 Epoch: 21/80,	 Avg.loss: 0.0007,	 Test Accuracy: 734/1000(73%)
Task: 6,	 Epoch: 22/80,	 Avg.loss: 0.0007,	 Test Accuracy: 746/1000(75%)
Task: 6,	 Epoch: 23/80,	 Avg.loss: 0.0007,	 Test Accuracy: 737/1000(74%)
Task: 6,	 Epoch: 24/80,	 Avg.loss: 0.0007,	 Test Accuracy: 746/1000(75%)
Task: 6,	 Epoch: 25/80,	 Avg.loss: 0.0007,	 Test Accuracy: 738/1000(74%)
Task: 6,	 Epoch: 26/80,	 Avg.loss: 0.0007,	 Test Accuracy: 740/1000(74%)
Task: 6,	 Epoch: 27/80,	 Avg.loss: 0.0007,	 Test Accuracy: 748/1000(75%)
Task: 6,	 Epoch: 28/80,	 Avg.loss: 0.0007,	 Test Accuracy: 760/1000(76%)
Task: 6,	 Epoch: 29/80,	 Avg.loss: 0.0007,	 Test Accuracy: 748/1000(75%)
Task: 6,	 Epoch: 30/80,	 Avg.loss: 0.0008,	 Test Accuracy: 739/1000(74%)
Task: 6,	 Epoch: 31/80,	 Avg.loss: 0.0007,	 Test Accuracy: 739/1000(74%)
Task: 6,	 Epoch: 32/80,	 Avg.loss: 0.0007,	 Test Accuracy: 764/1000(76%)
Task: 6,	 Epoch: 33/80,	 Avg.loss: 0.0007,	 Test Accuracy: 752/1000(75%)
Task: 6,	 Epoch: 34/80,	 Avg.loss: 0.0007,	 Test Accuracy: 760/1000(76%)
Task: 6,	 Epoch: 35/80,	 Avg.loss: 0.0007,	 Test Accuracy: 770/1000(77%)
Task: 6,	 Epoch: 36/80,	 Avg.loss: 0.0007,	 Test Accuracy: 759/1000(76%)
Task: 6,	 Epoch: 37/80,	 Avg.loss: 0.0007,	 Test Accuracy: 745/1000(74%)
Task: 6,	 Epoch: 38/80,	 Avg.loss: 0.0007,	 Test Accuracy: 759/1000(76%)
Task: 6,	 Epoch: 39/80,	 Avg.loss: 0.0007,	 Test Accuracy: 766/1000(77%)
Task: 6,	 Epoch: 40/80,	 Avg.loss: 0.0007,	 Test Accuracy: 765/1000(76%)
Task: 6,	 Epoch: 41/80,	 Avg.loss: 0.0007,	 Test Accuracy: 748/1000(75%)
Task: 6,	 Epoch: 42/80,	 Avg.loss: 0.0007,	 Test Accuracy: 746/1000(75%)
Task: 6,	 Epoch: 43/80,	 Avg.loss: 0.0007,	 Test Accuracy: 763/1000(76%)
Task: 6,	 Epoch: 44/80,	 Avg.loss: 0.0007,	 Test Accuracy: 764/1000(76%)
Task: 6,	 Epoch: 45/80,	 Avg.loss: 0.0007,	 Test Accuracy: 737/1000(74%)
Task: 6,	 Epoch: 46/80,	 Avg.loss: 0.0007,	 Test Accuracy: 763/1000(76%)
Task: 6,	 Epoch: 47/80,	 Avg.loss: 0.0007,	 Test Accuracy: 757/1000(76%)
Task: 6,	 Epoch: 48/80,	 Avg.loss: 0.0007,	 Test Accuracy: 760/1000(76%)
Task: 6,	 Epoch: 49/80,	 Avg.loss: 0.0007,	 Test Accuracy: 750/1000(75%)
Task: 6,	 Epoch: 50/80,	 Avg.loss: 0.0007,	 Test Accuracy: 761/1000(76%)
Task: 6,	 Epoch: 51/80,	 Avg.loss: 0.0007,	 Test Accuracy: 756/1000(76%)
Task: 6,	 Epoch: 52/80,	 Avg.loss: 0.0007,	 Test Accuracy: 760/1000(76%)
Task: 6,	 Epoch: 53/80,	 Avg.loss: 0.0007,	 Test Accuracy: 761/1000(76%)
Task: 6,	 Epoch: 54/80,	 Avg.loss: 0.0007,	 Test Accuracy: 767/1000(77%)
Task: 6,	 Epoch: 55/80,	 Avg.loss: 0.0007,	 Test Accuracy: 759/1000(76%)
Task: 6,	 Epoch: 56/80,	 Avg.loss: 0.0007,	 Test Accuracy: 759/1000(76%)
Task: 6,	 Epoch: 57/80,	 Avg.loss: 0.0007,	 Test Accuracy: 764/1000(76%)
Task: 6,	 Epoch: 58/80,	 Avg.loss: 0.0007,	 Test Accuracy: 762/1000(76%)
Task: 6,	 Epoch: 59/80,	 Avg.loss: 0.0007,	 Test Accuracy: 766/1000(77%)
Task: 6,	 Epoch: 60/80,	 Avg.loss: 0.0007,	 Test Accuracy: 764/1000(76%)
Task: 6,	 Epoch: 61/80,	 Avg.loss: 0.0007,	 Test Accuracy: 763/1000(76%)
Task: 6,	 Epoch: 62/80,	 Avg.loss: 0.0007,	 Test Accuracy: 757/1000(76%)
Task: 6,	 Epoch: 63/80,	 Avg.loss: 0.0007,	 Test Accuracy: 762/1000(76%)
Task: 6,	 Epoch: 64/80,	 Avg.loss: 0.0007,	 Test Accuracy: 762/1000(76%)
Task: 6,	 Epoch: 65/80,	 Avg.loss: 0.0007,	 Test Accuracy: 767/1000(77%)
Task: 6,	 Epoch: 66/80,	 Avg.loss: 0.0007,	 Test Accuracy: 763/1000(76%)
Task: 6,	 Epoch: 67/80,	 Avg.loss: 0.0007,	 Test Accuracy: 759/1000(76%)
Task: 6,	 Epoch: 68/80,	 Avg.loss: 0.0007,	 Test Accuracy: 760/1000(76%)
Task: 6,	 Epoch: 69/80,	 Avg.loss: 0.0007,	 Test Accuracy: 764/1000(76%)
Task: 6,	 Epoch: 70/80,	 Avg.loss: 0.0007,	 Test Accuracy: 762/1000(76%)
Task: 6,	 Epoch: 71/80,	 Avg.loss: 0.0007,	 Test Accuracy: 761/1000(76%)
Task: 6,	 Epoch: 72/80,	 Avg.loss: 0.0007,	 Test Accuracy: 770/1000(77%)
Task: 6,	 Epoch: 73/80,	 Avg.loss: 0.0007,	 Test Accuracy: 769/1000(77%)
Task: 6,	 Epoch: 74/80,	 Avg.loss: 0.0007,	 Test Accuracy: 767/1000(77%)
Task: 6,	 Epoch: 75/80,	 Avg.loss: 0.0007,	 Test Accuracy: 765/1000(76%)
Task: 6,	 Epoch: 76/80,	 Avg.loss: 0.0007,	 Test Accuracy: 763/1000(76%)
Task: 6,	 Epoch: 77/80,	 Avg.loss: 0.0007,	 Test Accuracy: 759/1000(76%)
Task: 6,	 Epoch: 78/80,	 Avg.loss: 0.0007,	 Test Accuracy: 761/1000(76%)
Task: 6,	 Epoch: 79/80,	 Avg.loss: 0.0007,	 Test Accuracy: 759/1000(76%)
Trained Task:6, Loaded task:0, Accuracy:80.8%
Trained Task:6, Loaded task:1, Accuracy:68.5%
Trained Task:6, Loaded task:2, Accuracy:73.0%
Trained Task:6, Loaded task:3, Accuracy:66.3%
Trained Task:6, Loaded task:4, Accuracy:75.6%
Trained Task:6, Loaded task:5, Accuracy:67.7%
Trained Task:6, Loaded task:6, Accuracy:75.9%
Trained Task:6, Avg. Accuracy: 72.5 

List of avg. accuracy: [85.4, 80.3, 77.9, 77.2, 76.9, 76.9, 72.5]
Mask histogram
conv1_layer.3.weight: 	 tensor([   0.,    0.,    0.,    0.,    0.,    0.,    0.,    0., 8192.,    0.,
           0.], device='cuda:0')
conv2_layer.3.weight: 	 tensor([   0.,    0.,    0.,    0.,    0.,    0.,    0.,    0., 4096.,    0.,
           0.], device='cuda:0')
fc1_layer.0.weight: 	 tensor([  0.,   0.,   0.,   0.,   0.,   0.,   0.,   0., 512.,   0.,   0.],
       device='cuda:0')
Task: 7,	 Epoch: 0/80,	 Avg.loss: 0.0011,	 Test Accuracy: 628/1000(63%)
Task: 7,	 Epoch: 1/80,	 Avg.loss: 0.0009,	 Test Accuracy: 686/1000(69%)
Task: 7,	 Epoch: 2/80,	 Avg.loss: 0.0009,	 Test Accuracy: 684/1000(68%)
Task: 7,	 Epoch: 3/80,	 Avg.loss: 0.0009,	 Test Accuracy: 701/1000(70%)
Task: 7,	 Epoch: 4/80,	 Avg.loss: 0.0008,	 Test Accuracy: 712/1000(71%)
Task: 7,	 Epoch: 5/80,	 Avg.loss: 0.0009,	 Test Accuracy: 710/1000(71%)
Task: 7,	 Epoch: 6/80,	 Avg.loss: 0.0008,	 Test Accuracy: 735/1000(74%)
Task: 7,	 Epoch: 7/80,	 Avg.loss: 0.0008,	 Test Accuracy: 725/1000(72%)
Task: 7,	 Epoch: 8/80,	 Avg.loss: 0.0008,	 Test Accuracy: 733/1000(73%)
Task: 7,	 Epoch: 9/80,	 Avg.loss: 0.0008,	 Test Accuracy: 723/1000(72%)
Task: 7,	 Epoch: 10/80,	 Avg.loss: 0.0008,	 Test Accuracy: 739/1000(74%)
Task: 7,	 Epoch: 11/80,	 Avg.loss: 0.0008,	 Test Accuracy: 724/1000(72%)
Task: 7,	 Epoch: 12/80,	 Avg.loss: 0.0009,	 Test Accuracy: 719/1000(72%)
Task: 7,	 Epoch: 13/80,	 Avg.loss: 0.0008,	 Test Accuracy: 733/1000(73%)
Task: 7,	 Epoch: 14/80,	 Avg.loss: 0.0008,	 Test Accuracy: 738/1000(74%)
Task: 7,	 Epoch: 15/80,	 Avg.loss: 0.0008,	 Test Accuracy: 730/1000(73%)
Task: 7,	 Epoch: 16/80,	 Avg.loss: 0.0008,	 Test Accuracy: 739/1000(74%)
Task: 7,	 Epoch: 17/80,	 Avg.loss: 0.0008,	 Test Accuracy: 736/1000(74%)
Task: 7,	 Epoch: 18/80,	 Avg.loss: 0.0008,	 Test Accuracy: 718/1000(72%)
Task: 7,	 Epoch: 19/80,	 Avg.loss: 0.0008,	 Test Accuracy: 714/1000(71%)
Task: 7,	 Epoch: 20/80,	 Avg.loss: 0.0008,	 Test Accuracy: 721/1000(72%)
Task: 7,	 Epoch: 21/80,	 Avg.loss: 0.0008,	 Test Accuracy: 739/1000(74%)
Task: 7,	 Epoch: 22/80,	 Avg.loss: 0.0008,	 Test Accuracy: 740/1000(74%)
Task: 7,	 Epoch: 23/80,	 Avg.loss: 0.0008,	 Test Accuracy: 724/1000(72%)
Task: 7,	 Epoch: 24/80,	 Avg.loss: 0.0008,	 Test Accuracy: 720/1000(72%)
Task: 7,	 Epoch: 25/80,	 Avg.loss: 0.0008,	 Test Accuracy: 724/1000(72%)
Task: 7,	 Epoch: 26/80,	 Avg.loss: 0.0008,	 Test Accuracy: 727/1000(73%)
Task: 7,	 Epoch: 27/80,	 Avg.loss: 0.0008,	 Test Accuracy: 723/1000(72%)
Task: 7,	 Epoch: 28/80,	 Avg.loss: 0.0008,	 Test Accuracy: 740/1000(74%)
Task: 7,	 Epoch: 29/80,	 Avg.loss: 0.0008,	 Test Accuracy: 742/1000(74%)
Task: 7,	 Epoch: 30/80,	 Avg.loss: 0.0009,	 Test Accuracy: 711/1000(71%)
Task: 7,	 Epoch: 31/80,	 Avg.loss: 0.0009,	 Test Accuracy: 723/1000(72%)
Task: 7,	 Epoch: 32/80,	 Avg.loss: 0.0008,	 Test Accuracy: 725/1000(72%)
Task: 7,	 Epoch: 33/80,	 Avg.loss: 0.0008,	 Test Accuracy: 723/1000(72%)
Task: 7,	 Epoch: 34/80,	 Avg.loss: 0.0008,	 Test Accuracy: 723/1000(72%)
Task: 7,	 Epoch: 35/80,	 Avg.loss: 0.0008,	 Test Accuracy: 735/1000(74%)
Task: 7,	 Epoch: 36/80,	 Avg.loss: 0.0008,	 Test Accuracy: 751/1000(75%)
Task: 7,	 Epoch: 37/80,	 Avg.loss: 0.0008,	 Test Accuracy: 718/1000(72%)
Task: 7,	 Epoch: 38/80,	 Avg.loss: 0.0008,	 Test Accuracy: 729/1000(73%)
Task: 7,	 Epoch: 39/80,	 Avg.loss: 0.0008,	 Test Accuracy: 717/1000(72%)
Task: 7,	 Epoch: 40/80,	 Avg.loss: 0.0008,	 Test Accuracy: 739/1000(74%)
Task: 7,	 Epoch: 41/80,	 Avg.loss: 0.0008,	 Test Accuracy: 742/1000(74%)
Task: 7,	 Epoch: 42/80,	 Avg.loss: 0.0008,	 Test Accuracy: 729/1000(73%)
Task: 7,	 Epoch: 43/80,	 Avg.loss: 0.0008,	 Test Accuracy: 746/1000(75%)
Task: 7,	 Epoch: 44/80,	 Avg.loss: 0.0008,	 Test Accuracy: 725/1000(72%)
Task: 7,	 Epoch: 45/80,	 Avg.loss: 0.0009,	 Test Accuracy: 712/1000(71%)
Task: 7,	 Epoch: 46/80,	 Avg.loss: 0.0008,	 Test Accuracy: 732/1000(73%)
Task: 7,	 Epoch: 47/80,	 Avg.loss: 0.0009,	 Test Accuracy: 721/1000(72%)
Task: 7,	 Epoch: 48/80,	 Avg.loss: 0.0008,	 Test Accuracy: 738/1000(74%)
Task: 7,	 Epoch: 49/80,	 Avg.loss: 0.0008,	 Test Accuracy: 725/1000(72%)
Task: 7,	 Epoch: 50/80,	 Avg.loss: 0.0008,	 Test Accuracy: 731/1000(73%)
Task: 7,	 Epoch: 51/80,	 Avg.loss: 0.0008,	 Test Accuracy: 731/1000(73%)
Task: 7,	 Epoch: 52/80,	 Avg.loss: 0.0008,	 Test Accuracy: 729/1000(73%)
Task: 7,	 Epoch: 53/80,	 Avg.loss: 0.0008,	 Test Accuracy: 742/1000(74%)
Task: 7,	 Epoch: 54/80,	 Avg.loss: 0.0008,	 Test Accuracy: 742/1000(74%)
Task: 7,	 Epoch: 55/80,	 Avg.loss: 0.0008,	 Test Accuracy: 737/1000(74%)
Task: 7,	 Epoch: 56/80,	 Avg.loss: 0.0008,	 Test Accuracy: 743/1000(74%)
Task: 7,	 Epoch: 57/80,	 Avg.loss: 0.0008,	 Test Accuracy: 748/1000(75%)
Task: 7,	 Epoch: 58/80,	 Avg.loss: 0.0008,	 Test Accuracy: 739/1000(74%)
Task: 7,	 Epoch: 59/80,	 Avg.loss: 0.0008,	 Test Accuracy: 730/1000(73%)
Task: 7,	 Epoch: 60/80,	 Avg.loss: 0.0008,	 Test Accuracy: 744/1000(74%)
Task: 7,	 Epoch: 61/80,	 Avg.loss: 0.0008,	 Test Accuracy: 747/1000(75%)
Task: 7,	 Epoch: 62/80,	 Avg.loss: 0.0008,	 Test Accuracy: 744/1000(74%)
Task: 7,	 Epoch: 63/80,	 Avg.loss: 0.0008,	 Test Accuracy: 740/1000(74%)
Task: 7,	 Epoch: 64/80,	 Avg.loss: 0.0008,	 Test Accuracy: 737/1000(74%)
Task: 7,	 Epoch: 65/80,	 Avg.loss: 0.0008,	 Test Accuracy: 741/1000(74%)
Task: 7,	 Epoch: 66/80,	 Avg.loss: 0.0008,	 Test Accuracy: 751/1000(75%)
Task: 7,	 Epoch: 67/80,	 Avg.loss: 0.0008,	 Test Accuracy: 752/1000(75%)
Task: 7,	 Epoch: 68/80,	 Avg.loss: 0.0008,	 Test Accuracy: 737/1000(74%)
Task: 7,	 Epoch: 69/80,	 Avg.loss: 0.0008,	 Test Accuracy: 743/1000(74%)
Task: 7,	 Epoch: 70/80,	 Avg.loss: 0.0008,	 Test Accuracy: 732/1000(73%)
Task: 7,	 Epoch: 71/80,	 Avg.loss: 0.0008,	 Test Accuracy: 742/1000(74%)
Task: 7,	 Epoch: 72/80,	 Avg.loss: 0.0008,	 Test Accuracy: 748/1000(75%)
Task: 7,	 Epoch: 73/80,	 Avg.loss: 0.0008,	 Test Accuracy: 739/1000(74%)
Task: 7,	 Epoch: 74/80,	 Avg.loss: 0.0008,	 Test Accuracy: 747/1000(75%)
Task: 7,	 Epoch: 75/80,	 Avg.loss: 0.0008,	 Test Accuracy: 734/1000(73%)
Task: 7,	 Epoch: 76/80,	 Avg.loss: 0.0008,	 Test Accuracy: 737/1000(74%)
Task: 7,	 Epoch: 77/80,	 Avg.loss: 0.0008,	 Test Accuracy: 752/1000(75%)
Task: 7,	 Epoch: 78/80,	 Avg.loss: 0.0008,	 Test Accuracy: 749/1000(75%)
Task: 7,	 Epoch: 79/80,	 Avg.loss: 0.0008,	 Test Accuracy: 746/1000(75%)
Trained Task:7, Loaded task:0, Accuracy:79.2%
Trained Task:7, Loaded task:1, Accuracy:67.9%
Trained Task:7, Loaded task:2, Accuracy:72.0%
Trained Task:7, Loaded task:3, Accuracy:65.8%
Trained Task:7, Loaded task:4, Accuracy:75.3%
Trained Task:7, Loaded task:5, Accuracy:67.0%
Trained Task:7, Loaded task:6, Accuracy:76.1%
Trained Task:7, Loaded task:7, Accuracy:74.6%
Trained Task:7, Avg. Accuracy: 72.2 

List of avg. accuracy: [85.4, 80.3, 77.9, 77.2, 76.9, 76.9, 72.5, 72.2]
Mask histogram
conv1_layer.3.weight: 	 tensor([   0.,    0.,    0.,    0.,    0.,    0.,    0.,    0.,    0., 8192.,
           0.], device='cuda:0')
conv2_layer.3.weight: 	 tensor([   0.,    0.,    0.,    0.,    0.,    0.,    0.,    0.,    0., 4096.,
           0.], device='cuda:0')
fc1_layer.0.weight: 	 tensor([  0.,   0.,   0.,   0.,   0.,   0.,   0.,   0.,   0., 512.,   0.],
       device='cuda:0')
Task: 8,	 Epoch: 0/80,	 Avg.loss: 0.0010,	 Test Accuracy: 650/1000(65%)
Task: 8,	 Epoch: 1/80,	 Avg.loss: 0.0009,	 Test Accuracy: 692/1000(69%)
Task: 8,	 Epoch: 2/80,	 Avg.loss: 0.0008,	 Test Accuracy: 730/1000(73%)
Task: 8,	 Epoch: 3/80,	 Avg.loss: 0.0008,	 Test Accuracy: 726/1000(73%)
Task: 8,	 Epoch: 4/80,	 Avg.loss: 0.0008,	 Test Accuracy: 725/1000(72%)
Task: 8,	 Epoch: 5/80,	 Avg.loss: 0.0007,	 Test Accuracy: 727/1000(73%)
Task: 8,	 Epoch: 6/80,	 Avg.loss: 0.0007,	 Test Accuracy: 748/1000(75%)
Task: 8,	 Epoch: 7/80,	 Avg.loss: 0.0008,	 Test Accuracy: 744/1000(74%)
Task: 8,	 Epoch: 8/80,	 Avg.loss: 0.0008,	 Test Accuracy: 740/1000(74%)
Task: 8,	 Epoch: 9/80,	 Avg.loss: 0.0007,	 Test Accuracy: 752/1000(75%)
Task: 8,	 Epoch: 10/80,	 Avg.loss: 0.0007,	 Test Accuracy: 740/1000(74%)
Task: 8,	 Epoch: 11/80,	 Avg.loss: 0.0007,	 Test Accuracy: 758/1000(76%)
Task: 8,	 Epoch: 12/80,	 Avg.loss: 0.0008,	 Test Accuracy: 747/1000(75%)
Task: 8,	 Epoch: 13/80,	 Avg.loss: 0.0008,	 Test Accuracy: 737/1000(74%)
Task: 8,	 Epoch: 14/80,	 Avg.loss: 0.0008,	 Test Accuracy: 744/1000(74%)
Task: 8,	 Epoch: 15/80,	 Avg.loss: 0.0007,	 Test Accuracy: 759/1000(76%)
Task: 8,	 Epoch: 16/80,	 Avg.loss: 0.0007,	 Test Accuracy: 741/1000(74%)
Task: 8,	 Epoch: 17/80,	 Avg.loss: 0.0008,	 Test Accuracy: 751/1000(75%)
Task: 8,	 Epoch: 18/80,	 Avg.loss: 0.0007,	 Test Accuracy: 748/1000(75%)
Task: 8,	 Epoch: 19/80,	 Avg.loss: 0.0008,	 Test Accuracy: 745/1000(74%)
Task: 8,	 Epoch: 20/80,	 Avg.loss: 0.0007,	 Test Accuracy: 758/1000(76%)
Task: 8,	 Epoch: 21/80,	 Avg.loss: 0.0007,	 Test Accuracy: 750/1000(75%)
Task: 8,	 Epoch: 22/80,	 Avg.loss: 0.0007,	 Test Accuracy: 766/1000(77%)
Task: 8,	 Epoch: 23/80,	 Avg.loss: 0.0007,	 Test Accuracy: 750/1000(75%)
Task: 8,	 Epoch: 24/80,	 Avg.loss: 0.0008,	 Test Accuracy: 738/1000(74%)
Task: 8,	 Epoch: 25/80,	 Avg.loss: 0.0007,	 Test Accuracy: 761/1000(76%)
Task: 8,	 Epoch: 26/80,	 Avg.loss: 0.0007,	 Test Accuracy: 756/1000(76%)
Task: 8,	 Epoch: 27/80,	 Avg.loss: 0.0008,	 Test Accuracy: 737/1000(74%)
Task: 8,	 Epoch: 28/80,	 Avg.loss: 0.0007,	 Test Accuracy: 754/1000(75%)
Task: 8,	 Epoch: 29/80,	 Avg.loss: 0.0007,	 Test Accuracy: 757/1000(76%)
Task: 8,	 Epoch: 30/80,	 Avg.loss: 0.0007,	 Test Accuracy: 761/1000(76%)
Task: 8,	 Epoch: 31/80,	 Avg.loss: 0.0007,	 Test Accuracy: 749/1000(75%)
Task: 8,	 Epoch: 32/80,	 Avg.loss: 0.0008,	 Test Accuracy: 746/1000(75%)
Task: 8,	 Epoch: 33/80,	 Avg.loss: 0.0008,	 Test Accuracy: 748/1000(75%)
Task: 8,	 Epoch: 34/80,	 Avg.loss: 0.0007,	 Test Accuracy: 746/1000(75%)
Task: 8,	 Epoch: 35/80,	 Avg.loss: 0.0007,	 Test Accuracy: 762/1000(76%)
Task: 8,	 Epoch: 36/80,	 Avg.loss: 0.0007,	 Test Accuracy: 763/1000(76%)
Task: 8,	 Epoch: 37/80,	 Avg.loss: 0.0007,	 Test Accuracy: 761/1000(76%)
Task: 8,	 Epoch: 38/80,	 Avg.loss: 0.0007,	 Test Accuracy: 743/1000(74%)
Task: 8,	 Epoch: 39/80,	 Avg.loss: 0.0007,	 Test Accuracy: 749/1000(75%)
Task: 8,	 Epoch: 40/80,	 Avg.loss: 0.0008,	 Test Accuracy: 742/1000(74%)
Task: 8,	 Epoch: 41/80,	 Avg.loss: 0.0007,	 Test Accuracy: 746/1000(75%)
Task: 8,	 Epoch: 42/80,	 Avg.loss: 0.0007,	 Test Accuracy: 755/1000(76%)
Task: 8,	 Epoch: 43/80,	 Avg.loss: 0.0007,	 Test Accuracy: 754/1000(75%)
Task: 8,	 Epoch: 44/80,	 Avg.loss: 0.0008,	 Test Accuracy: 730/1000(73%)
Task: 8,	 Epoch: 45/80,	 Avg.loss: 0.0007,	 Test Accuracy: 753/1000(75%)
Task: 8,	 Epoch: 46/80,	 Avg.loss: 0.0007,	 Test Accuracy: 744/1000(74%)
Task: 8,	 Epoch: 47/80,	 Avg.loss: 0.0008,	 Test Accuracy: 751/1000(75%)
Task: 8,	 Epoch: 48/80,	 Avg.loss: 0.0007,	 Test Accuracy: 754/1000(75%)
Task: 8,	 Epoch: 49/80,	 Avg.loss: 0.0007,	 Test Accuracy: 760/1000(76%)
Task: 8,	 Epoch: 50/80,	 Avg.loss: 0.0007,	 Test Accuracy: 768/1000(77%)
Task: 8,	 Epoch: 51/80,	 Avg.loss: 0.0007,	 Test Accuracy: 769/1000(77%)
Task: 8,	 Epoch: 52/80,	 Avg.loss: 0.0007,	 Test Accuracy: 773/1000(77%)
Task: 8,	 Epoch: 53/80,	 Avg.loss: 0.0007,	 Test Accuracy: 777/1000(78%)
Task: 8,	 Epoch: 54/80,	 Avg.loss: 0.0007,	 Test Accuracy: 778/1000(78%)
Task: 8,	 Epoch: 55/80,	 Avg.loss: 0.0007,	 Test Accuracy: 775/1000(78%)
Task: 8,	 Epoch: 56/80,	 Avg.loss: 0.0007,	 Test Accuracy: 773/1000(77%)
Task: 8,	 Epoch: 57/80,	 Avg.loss: 0.0007,	 Test Accuracy: 771/1000(77%)
Task: 8,	 Epoch: 58/80,	 Avg.loss: 0.0007,	 Test Accuracy: 772/1000(77%)
Task: 8,	 Epoch: 59/80,	 Avg.loss: 0.0007,	 Test Accuracy: 768/1000(77%)
Task: 8,	 Epoch: 60/80,	 Avg.loss: 0.0007,	 Test Accuracy: 769/1000(77%)
Task: 8,	 Epoch: 61/80,	 Avg.loss: 0.0007,	 Test Accuracy: 768/1000(77%)
Task: 8,	 Epoch: 62/80,	 Avg.loss: 0.0007,	 Test Accuracy: 775/1000(78%)
Task: 8,	 Epoch: 63/80,	 Avg.loss: 0.0007,	 Test Accuracy: 776/1000(78%)
Task: 8,	 Epoch: 64/80,	 Avg.loss: 0.0007,	 Test Accuracy: 773/1000(77%)
Task: 8,	 Epoch: 65/80,	 Avg.loss: 0.0007,	 Test Accuracy: 775/1000(78%)
Task: 8,	 Epoch: 66/80,	 Avg.loss: 0.0007,	 Test Accuracy: 770/1000(77%)
Task: 8,	 Epoch: 67/80,	 Avg.loss: 0.0007,	 Test Accuracy: 774/1000(77%)
Task: 8,	 Epoch: 68/80,	 Avg.loss: 0.0007,	 Test Accuracy: 767/1000(77%)
Task: 8,	 Epoch: 69/80,	 Avg.loss: 0.0007,	 Test Accuracy: 772/1000(77%)
Task: 8,	 Epoch: 70/80,	 Avg.loss: 0.0007,	 Test Accuracy: 765/1000(76%)
Task: 8,	 Epoch: 71/80,	 Avg.loss: 0.0007,	 Test Accuracy: 770/1000(77%)
Task: 8,	 Epoch: 72/80,	 Avg.loss: 0.0007,	 Test Accuracy: 769/1000(77%)
Task: 8,	 Epoch: 73/80,	 Avg.loss: 0.0007,	 Test Accuracy: 773/1000(77%)
Task: 8,	 Epoch: 74/80,	 Avg.loss: 0.0007,	 Test Accuracy: 775/1000(78%)
Task: 8,	 Epoch: 75/80,	 Avg.loss: 0.0007,	 Test Accuracy: 766/1000(77%)
Task: 8,	 Epoch: 76/80,	 Avg.loss: 0.0007,	 Test Accuracy: 765/1000(76%)
Task: 8,	 Epoch: 77/80,	 Avg.loss: 0.0007,	 Test Accuracy: 774/1000(77%)
Task: 8,	 Epoch: 78/80,	 Avg.loss: 0.0007,	 Test Accuracy: 775/1000(78%)
Task: 8,	 Epoch: 79/80,	 Avg.loss: 0.0007,	 Test Accuracy: 777/1000(78%)
Trained Task:8, Loaded task:0, Accuracy:81.2%
Trained Task:8, Loaded task:1, Accuracy:67.2%
Trained Task:8, Loaded task:2, Accuracy:72.2%
Trained Task:8, Loaded task:3, Accuracy:69.2%
Trained Task:8, Loaded task:4, Accuracy:76.2%
Trained Task:8, Loaded task:5, Accuracy:70.1%
Trained Task:8, Loaded task:6, Accuracy:75.4%
Trained Task:8, Loaded task:7, Accuracy:73.7%
Trained Task:8, Loaded task:8, Accuracy:77.7%
Trained Task:8, Avg. Accuracy: 73.7 

List of avg. accuracy: [85.4, 80.3, 77.9, 77.2, 76.9, 76.9, 72.5, 72.2, 73.7]
Mask histogram
conv1_layer.3.weight: 	 tensor([   0.,    0.,    0.,    0.,    0.,    0.,    0.,    0.,    0.,    0.,
        8192.], device='cuda:0')
conv2_layer.3.weight: 	 tensor([   0.,    0.,    0.,    0.,    0.,    0.,    0.,    0.,    0.,    0.,
        4096.], device='cuda:0')
fc1_layer.0.weight: 	 tensor([  0.,   0.,   0.,   0.,   0.,   0.,   0.,   0.,   0.,   0., 512.],
       device='cuda:0')
Task: 9,	 Epoch: 0/80,	 Avg.loss: 0.0008,	 Test Accuracy: 724/1000(72%)
Task: 9,	 Epoch: 1/80,	 Avg.loss: 0.0007,	 Test Accuracy: 747/1000(75%)
Task: 9,	 Epoch: 2/80,	 Avg.loss: 0.0007,	 Test Accuracy: 759/1000(76%)
Task: 9,	 Epoch: 3/80,	 Avg.loss: 0.0006,	 Test Accuracy: 789/1000(79%)
Task: 9,	 Epoch: 4/80,	 Avg.loss: 0.0006,	 Test Accuracy: 778/1000(78%)
Task: 9,	 Epoch: 5/80,	 Avg.loss: 0.0006,	 Test Accuracy: 791/1000(79%)
Task: 9,	 Epoch: 6/80,	 Avg.loss: 0.0006,	 Test Accuracy: 798/1000(80%)
Task: 9,	 Epoch: 7/80,	 Avg.loss: 0.0006,	 Test Accuracy: 800/1000(80%)
Task: 9,	 Epoch: 8/80,	 Avg.loss: 0.0006,	 Test Accuracy: 799/1000(80%)
Task: 9,	 Epoch: 9/80,	 Avg.loss: 0.0006,	 Test Accuracy: 815/1000(82%)
Task: 9,	 Epoch: 10/80,	 Avg.loss: 0.0007,	 Test Accuracy: 780/1000(78%)
Task: 9,	 Epoch: 11/80,	 Avg.loss: 0.0006,	 Test Accuracy: 827/1000(83%)
Task: 9,	 Epoch: 12/80,	 Avg.loss: 0.0006,	 Test Accuracy: 800/1000(80%)
Task: 9,	 Epoch: 13/80,	 Avg.loss: 0.0006,	 Test Accuracy: 803/1000(80%)
Task: 9,	 Epoch: 14/80,	 Avg.loss: 0.0006,	 Test Accuracy: 804/1000(80%)
Task: 9,	 Epoch: 15/80,	 Avg.loss: 0.0006,	 Test Accuracy: 805/1000(81%)
Task: 9,	 Epoch: 16/80,	 Avg.loss: 0.0006,	 Test Accuracy: 807/1000(81%)
Task: 9,	 Epoch: 17/80,	 Avg.loss: 0.0006,	 Test Accuracy: 789/1000(79%)
Task: 9,	 Epoch: 18/80,	 Avg.loss: 0.0006,	 Test Accuracy: 810/1000(81%)
Task: 9,	 Epoch: 19/80,	 Avg.loss: 0.0006,	 Test Accuracy: 811/1000(81%)
Task: 9,	 Epoch: 20/80,	 Avg.loss: 0.0006,	 Test Accuracy: 806/1000(81%)
Task: 9,	 Epoch: 21/80,	 Avg.loss: 0.0006,	 Test Accuracy: 802/1000(80%)
Task: 9,	 Epoch: 22/80,	 Avg.loss: 0.0006,	 Test Accuracy: 812/1000(81%)
Task: 9,	 Epoch: 23/80,	 Avg.loss: 0.0005,	 Test Accuracy: 824/1000(82%)
Task: 9,	 Epoch: 24/80,	 Avg.loss: 0.0005,	 Test Accuracy: 808/1000(81%)
Task: 9,	 Epoch: 25/80,	 Avg.loss: 0.0006,	 Test Accuracy: 818/1000(82%)
Task: 9,	 Epoch: 26/80,	 Avg.loss: 0.0006,	 Test Accuracy: 803/1000(80%)
Task: 9,	 Epoch: 27/80,	 Avg.loss: 0.0006,	 Test Accuracy: 807/1000(81%)
Task: 9,	 Epoch: 28/80,	 Avg.loss: 0.0006,	 Test Accuracy: 795/1000(80%)
Task: 9,	 Epoch: 29/80,	 Avg.loss: 0.0006,	 Test Accuracy: 809/1000(81%)
Task: 9,	 Epoch: 30/80,	 Avg.loss: 0.0006,	 Test Accuracy: 808/1000(81%)
Task: 9,	 Epoch: 31/80,	 Avg.loss: 0.0006,	 Test Accuracy: 798/1000(80%)
Task: 9,	 Epoch: 32/80,	 Avg.loss: 0.0006,	 Test Accuracy: 809/1000(81%)
Task: 9,	 Epoch: 33/80,	 Avg.loss: 0.0006,	 Test Accuracy: 802/1000(80%)
Task: 9,	 Epoch: 34/80,	 Avg.loss: 0.0006,	 Test Accuracy: 800/1000(80%)
Task: 9,	 Epoch: 35/80,	 Avg.loss: 0.0006,	 Test Accuracy: 810/1000(81%)
Task: 9,	 Epoch: 36/80,	 Avg.loss: 0.0006,	 Test Accuracy: 802/1000(80%)
Task: 9,	 Epoch: 37/80,	 Avg.loss: 0.0006,	 Test Accuracy: 803/1000(80%)
Task: 9,	 Epoch: 38/80,	 Avg.loss: 0.0006,	 Test Accuracy: 808/1000(81%)
Task: 9,	 Epoch: 39/80,	 Avg.loss: 0.0006,	 Test Accuracy: 812/1000(81%)
Task: 9,	 Epoch: 40/80,	 Avg.loss: 0.0007,	 Test Accuracy: 780/1000(78%)
Task: 9,	 Epoch: 41/80,	 Avg.loss: 0.0006,	 Test Accuracy: 801/1000(80%)
Task: 9,	 Epoch: 42/80,	 Avg.loss: 0.0006,	 Test Accuracy: 802/1000(80%)
Task: 9,	 Epoch: 43/80,	 Avg.loss: 0.0006,	 Test Accuracy: 808/1000(81%)
Task: 9,	 Epoch: 44/80,	 Avg.loss: 0.0006,	 Test Accuracy: 786/1000(79%)
Task: 9,	 Epoch: 45/80,	 Avg.loss: 0.0006,	 Test Accuracy: 811/1000(81%)
Task: 9,	 Epoch: 46/80,	 Avg.loss: 0.0006,	 Test Accuracy: 817/1000(82%)
Task: 9,	 Epoch: 47/80,	 Avg.loss: 0.0006,	 Test Accuracy: 814/1000(81%)
Task: 9,	 Epoch: 48/80,	 Avg.loss: 0.0006,	 Test Accuracy: 817/1000(82%)
Task: 9,	 Epoch: 49/80,	 Avg.loss: 0.0006,	 Test Accuracy: 805/1000(81%)
Task: 9,	 Epoch: 50/80,	 Avg.loss: 0.0005,	 Test Accuracy: 817/1000(82%)
Task: 9,	 Epoch: 51/80,	 Avg.loss: 0.0005,	 Test Accuracy: 823/1000(82%)
Task: 9,	 Epoch: 52/80,	 Avg.loss: 0.0005,	 Test Accuracy: 826/1000(83%)
Task: 9,	 Epoch: 53/80,	 Avg.loss: 0.0005,	 Test Accuracy: 816/1000(82%)
Task: 9,	 Epoch: 54/80,	 Avg.loss: 0.0005,	 Test Accuracy: 823/1000(82%)
Task: 9,	 Epoch: 55/80,	 Avg.loss: 0.0005,	 Test Accuracy: 816/1000(82%)
Task: 9,	 Epoch: 56/80,	 Avg.loss: 0.0005,	 Test Accuracy: 819/1000(82%)
Task: 9,	 Epoch: 57/80,	 Avg.loss: 0.0005,	 Test Accuracy: 822/1000(82%)
Task: 9,	 Epoch: 58/80,	 Avg.loss: 0.0005,	 Test Accuracy: 817/1000(82%)
Task: 9,	 Epoch: 59/80,	 Avg.loss: 0.0005,	 Test Accuracy: 816/1000(82%)
Task: 9,	 Epoch: 60/80,	 Avg.loss: 0.0005,	 Test Accuracy: 820/1000(82%)
Task: 9,	 Epoch: 61/80,	 Avg.loss: 0.0005,	 Test Accuracy: 815/1000(82%)
Task: 9,	 Epoch: 62/80,	 Avg.loss: 0.0005,	 Test Accuracy: 814/1000(81%)
Task: 9,	 Epoch: 63/80,	 Avg.loss: 0.0005,	 Test Accuracy: 815/1000(82%)
Task: 9,	 Epoch: 64/80,	 Avg.loss: 0.0005,	 Test Accuracy: 823/1000(82%)
Task: 9,	 Epoch: 65/80,	 Avg.loss: 0.0005,	 Test Accuracy: 813/1000(81%)
Task: 9,	 Epoch: 66/80,	 Avg.loss: 0.0005,	 Test Accuracy: 817/1000(82%)
Task: 9,	 Epoch: 67/80,	 Avg.loss: 0.0005,	 Test Accuracy: 814/1000(81%)
Task: 9,	 Epoch: 68/80,	 Avg.loss: 0.0005,	 Test Accuracy: 824/1000(82%)
Task: 9,	 Epoch: 69/80,	 Avg.loss: 0.0005,	 Test Accuracy: 817/1000(82%)
Task: 9,	 Epoch: 70/80,	 Avg.loss: 0.0005,	 Test Accuracy: 817/1000(82%)
Task: 9,	 Epoch: 71/80,	 Avg.loss: 0.0005,	 Test Accuracy: 817/1000(82%)
Task: 9,	 Epoch: 72/80,	 Avg.loss: 0.0005,	 Test Accuracy: 817/1000(82%)
Task: 9,	 Epoch: 73/80,	 Avg.loss: 0.0005,	 Test Accuracy: 815/1000(82%)
Task: 9,	 Epoch: 74/80,	 Avg.loss: 0.0005,	 Test Accuracy: 814/1000(81%)
Task: 9,	 Epoch: 75/80,	 Avg.loss: 0.0005,	 Test Accuracy: 823/1000(82%)
Task: 9,	 Epoch: 76/80,	 Avg.loss: 0.0005,	 Test Accuracy: 814/1000(81%)
Task: 9,	 Epoch: 77/80,	 Avg.loss: 0.0005,	 Test Accuracy: 819/1000(82%)
Task: 9,	 Epoch: 78/80,	 Avg.loss: 0.0005,	 Test Accuracy: 821/1000(82%)
Task: 9,	 Epoch: 79/80,	 Avg.loss: 0.0005,	 Test Accuracy: 819/1000(82%)
Trained Task:9, Loaded task:0, Accuracy:81.8%
Trained Task:9, Loaded task:1, Accuracy:68.3%
Trained Task:9, Loaded task:2, Accuracy:73.3%
Trained Task:9, Loaded task:3, Accuracy:68.0%
Trained Task:9, Loaded task:4, Accuracy:76.1%
Trained Task:9, Loaded task:5, Accuracy:69.3%
Trained Task:9, Loaded task:6, Accuracy:76.5%
Trained Task:9, Loaded task:7, Accuracy:73.7%
Trained Task:9, Loaded task:8, Accuracy:75.9%
Trained Task:9, Loaded task:9, Accuracy:81.9%
Trained Task:9, Avg. Accuracy: 74.5 

List of avg. accuracy: [85.4, 80.3, 77.9, 77.2, 76.9, 76.9, 72.5, 72.2, 73.7, 74.5]
