Layer        : conv1_layer.3.weight
R.histogram  : tensor([13.,  6.,  8.,  0.,  1.,  2.,  0.,  1.,  0.,  1.], device='cuda:0')
R_sum max/min: -146.8/-171.6
F.num_zeros  : 0/9216
W.num_zeros  : 0/9216
O.num_zeros  : 0/9216
Layer        : conv2_layer.3.weight
R.histogram  : tensor([32.,  8.,  5.,  7.,  1.,  3.,  4.,  1.,  1.,  2.], device='cuda:0')
R_sum max/min: -281.0/-345.6
F.num_zeros  : 17161/36864
W.num_zeros  : 0/36864
O.num_zeros  : 0/36864
Layer        : fc1_layer.0.weight
R.histogram  : tensor([320.,  83.,  64.,  21.,   9.,   7.,   2.,   3.,   2.,   1.],
       device='cuda:0')
R_sum max/min: -2286.7/-2457.6
F.num_zeros  : 1506277/2097152
W.num_zeros  : 0/2097152
O.num_zeros  : 0/2097152
Mask histogram
conv1_layer.3.weight: 	 tensor([   0., 8192.,    0.,    0.,    0.,    0.,    0.,    0.,    0.,    0.,
           0.], device='cuda:0')
conv2_layer.3.weight: 	 tensor([2496., 1600.,    0.,    0.,    0.,    0.,    0.,    0.,    0.,    0.,
           0.], device='cuda:0')
fc1_layer.0.weight: 	 tensor([308., 204.,   0.,   0.,   0.,   0.,   0.,   0.,   0.,   0.,   0.],
       device='cuda:0')
Task: 0,	 Epoch: 0/80,	 Avg.loss: 0.0010,	 Test Accuracy: 642/1000(64%)
Task: 0,	 Epoch: 1/80,	 Avg.loss: 0.0009,	 Test Accuracy: 710/1000(71%)
Task: 0,	 Epoch: 2/80,	 Avg.loss: 0.0007,	 Test Accuracy: 748/1000(75%)
Task: 0,	 Epoch: 3/80,	 Avg.loss: 0.0007,	 Test Accuracy: 779/1000(78%)
Task: 0,	 Epoch: 4/80,	 Avg.loss: 0.0007,	 Test Accuracy: 770/1000(77%)
Task: 0,	 Epoch: 5/80,	 Avg.loss: 0.0006,	 Test Accuracy: 788/1000(79%)
Task: 0,	 Epoch: 6/80,	 Avg.loss: 0.0006,	 Test Accuracy: 801/1000(80%)
Task: 0,	 Epoch: 7/80,	 Avg.loss: 0.0006,	 Test Accuracy: 817/1000(82%)
Task: 0,	 Epoch: 8/80,	 Avg.loss: 0.0006,	 Test Accuracy: 801/1000(80%)
Task: 0,	 Epoch: 9/80,	 Avg.loss: 0.0006,	 Test Accuracy: 803/1000(80%)
Task: 0,	 Epoch: 10/80,	 Avg.loss: 0.0005,	 Test Accuracy: 826/1000(83%)
Task: 0,	 Epoch: 11/80,	 Avg.loss: 0.0006,	 Test Accuracy: 823/1000(82%)
Task: 0,	 Epoch: 12/80,	 Avg.loss: 0.0005,	 Test Accuracy: 808/1000(81%)
Task: 0,	 Epoch: 13/80,	 Avg.loss: 0.0005,	 Test Accuracy: 822/1000(82%)
Task: 0,	 Epoch: 14/80,	 Avg.loss: 0.0005,	 Test Accuracy: 834/1000(83%)
Task: 0,	 Epoch: 15/80,	 Avg.loss: 0.0005,	 Test Accuracy: 834/1000(83%)
Task: 0,	 Epoch: 16/80,	 Avg.loss: 0.0005,	 Test Accuracy: 822/1000(82%)
Task: 0,	 Epoch: 17/80,	 Avg.loss: 0.0005,	 Test Accuracy: 819/1000(82%)
Task: 0,	 Epoch: 18/80,	 Avg.loss: 0.0005,	 Test Accuracy: 840/1000(84%)
Task: 0,	 Epoch: 19/80,	 Avg.loss: 0.0005,	 Test Accuracy: 848/1000(85%)
Task: 0,	 Epoch: 20/80,	 Avg.loss: 0.0005,	 Test Accuracy: 850/1000(85%)
Task: 0,	 Epoch: 21/80,	 Avg.loss: 0.0005,	 Test Accuracy: 829/1000(83%)
Task: 0,	 Epoch: 22/80,	 Avg.loss: 0.0006,	 Test Accuracy: 825/1000(83%)
Task: 0,	 Epoch: 23/80,	 Avg.loss: 0.0005,	 Test Accuracy: 834/1000(83%)
Task: 0,	 Epoch: 24/80,	 Avg.loss: 0.0005,	 Test Accuracy: 836/1000(84%)
Task: 0,	 Epoch: 25/80,	 Avg.loss: 0.0006,	 Test Accuracy: 830/1000(83%)
Task: 0,	 Epoch: 26/80,	 Avg.loss: 0.0005,	 Test Accuracy: 834/1000(83%)
Task: 0,	 Epoch: 27/80,	 Avg.loss: 0.0005,	 Test Accuracy: 842/1000(84%)
Task: 0,	 Epoch: 28/80,	 Avg.loss: 0.0006,	 Test Accuracy: 826/1000(83%)
Task: 0,	 Epoch: 29/80,	 Avg.loss: 0.0006,	 Test Accuracy: 824/1000(82%)
Task: 0,	 Epoch: 30/80,	 Avg.loss: 0.0006,	 Test Accuracy: 835/1000(84%)
Task: 0,	 Epoch: 31/80,	 Avg.loss: 0.0005,	 Test Accuracy: 840/1000(84%)
Task: 0,	 Epoch: 32/80,	 Avg.loss: 0.0005,	 Test Accuracy: 848/1000(85%)
Task: 0,	 Epoch: 33/80,	 Avg.loss: 0.0005,	 Test Accuracy: 848/1000(85%)
Task: 0,	 Epoch: 34/80,	 Avg.loss: 0.0005,	 Test Accuracy: 855/1000(86%)
Task: 0,	 Epoch: 35/80,	 Avg.loss: 0.0006,	 Test Accuracy: 832/1000(83%)
Task: 0,	 Epoch: 36/80,	 Avg.loss: 0.0006,	 Test Accuracy: 835/1000(84%)
Task: 0,	 Epoch: 37/80,	 Avg.loss: 0.0006,	 Test Accuracy: 844/1000(84%)
Task: 0,	 Epoch: 38/80,	 Avg.loss: 0.0006,	 Test Accuracy: 844/1000(84%)
Task: 0,	 Epoch: 39/80,	 Avg.loss: 0.0006,	 Test Accuracy: 838/1000(84%)
Task: 0,	 Epoch: 40/80,	 Avg.loss: 0.0006,	 Test Accuracy: 841/1000(84%)
Task: 0,	 Epoch: 41/80,	 Avg.loss: 0.0005,	 Test Accuracy: 854/1000(85%)
Task: 0,	 Epoch: 42/80,	 Avg.loss: 0.0005,	 Test Accuracy: 855/1000(86%)
Task: 0,	 Epoch: 43/80,	 Avg.loss: 0.0006,	 Test Accuracy: 844/1000(84%)
Task: 0,	 Epoch: 44/80,	 Avg.loss: 0.0006,	 Test Accuracy: 839/1000(84%)
Task: 0,	 Epoch: 45/80,	 Avg.loss: 0.0006,	 Test Accuracy: 858/1000(86%)
Task: 0,	 Epoch: 46/80,	 Avg.loss: 0.0005,	 Test Accuracy: 850/1000(85%)
Task: 0,	 Epoch: 47/80,	 Avg.loss: 0.0005,	 Test Accuracy: 860/1000(86%)
Task: 0,	 Epoch: 48/80,	 Avg.loss: 0.0005,	 Test Accuracy: 850/1000(85%)
Task: 0,	 Epoch: 49/80,	 Avg.loss: 0.0006,	 Test Accuracy: 847/1000(85%)
Task: 0,	 Epoch: 50/80,	 Avg.loss: 0.0005,	 Test Accuracy: 859/1000(86%)
Task: 0,	 Epoch: 51/80,	 Avg.loss: 0.0005,	 Test Accuracy: 862/1000(86%)
Task: 0,	 Epoch: 52/80,	 Avg.loss: 0.0005,	 Test Accuracy: 866/1000(87%)
Task: 0,	 Epoch: 53/80,	 Avg.loss: 0.0005,	 Test Accuracy: 867/1000(87%)
Task: 0,	 Epoch: 54/80,	 Avg.loss: 0.0005,	 Test Accuracy: 866/1000(87%)
Task: 0,	 Epoch: 55/80,	 Avg.loss: 0.0005,	 Test Accuracy: 864/1000(86%)
Task: 0,	 Epoch: 56/80,	 Avg.loss: 0.0005,	 Test Accuracy: 865/1000(87%)
Task: 0,	 Epoch: 57/80,	 Avg.loss: 0.0005,	 Test Accuracy: 870/1000(87%)
Task: 0,	 Epoch: 58/80,	 Avg.loss: 0.0005,	 Test Accuracy: 867/1000(87%)
Task: 0,	 Epoch: 59/80,	 Avg.loss: 0.0005,	 Test Accuracy: 869/1000(87%)
Task: 0,	 Epoch: 60/80,	 Avg.loss: 0.0005,	 Test Accuracy: 865/1000(87%)
Task: 0,	 Epoch: 61/80,	 Avg.loss: 0.0005,	 Test Accuracy: 867/1000(87%)
Task: 0,	 Epoch: 62/80,	 Avg.loss: 0.0005,	 Test Accuracy: 872/1000(87%)
Task: 0,	 Epoch: 63/80,	 Avg.loss: 0.0005,	 Test Accuracy: 871/1000(87%)
Task: 0,	 Epoch: 64/80,	 Avg.loss: 0.0005,	 Test Accuracy: 869/1000(87%)
Task: 0,	 Epoch: 65/80,	 Avg.loss: 0.0005,	 Test Accuracy: 874/1000(87%)
Task: 0,	 Epoch: 66/80,	 Avg.loss: 0.0005,	 Test Accuracy: 873/1000(87%)
Task: 0,	 Epoch: 67/80,	 Avg.loss: 0.0005,	 Test Accuracy: 877/1000(88%)
Task: 0,	 Epoch: 68/80,	 Avg.loss: 0.0005,	 Test Accuracy: 874/1000(87%)
Task: 0,	 Epoch: 69/80,	 Avg.loss: 0.0005,	 Test Accuracy: 874/1000(87%)
Task: 0,	 Epoch: 70/80,	 Avg.loss: 0.0005,	 Test Accuracy: 869/1000(87%)
Task: 0,	 Epoch: 71/80,	 Avg.loss: 0.0005,	 Test Accuracy: 871/1000(87%)
Task: 0,	 Epoch: 72/80,	 Avg.loss: 0.0005,	 Test Accuracy: 871/1000(87%)
Task: 0,	 Epoch: 73/80,	 Avg.loss: 0.0005,	 Test Accuracy: 876/1000(88%)
Task: 0,	 Epoch: 74/80,	 Avg.loss: 0.0005,	 Test Accuracy: 873/1000(87%)
Task: 0,	 Epoch: 75/80,	 Avg.loss: 0.0006,	 Test Accuracy: 873/1000(87%)
Task: 0,	 Epoch: 76/80,	 Avg.loss: 0.0005,	 Test Accuracy: 875/1000(88%)
Task: 0,	 Epoch: 77/80,	 Avg.loss: 0.0006,	 Test Accuracy: 877/1000(88%)
Task: 0,	 Epoch: 78/80,	 Avg.loss: 0.0005,	 Test Accuracy: 873/1000(87%)
Task: 0,	 Epoch: 79/80,	 Avg.loss: 0.0005,	 Test Accuracy: 872/1000(87%)
Trained Task:0, Loaded task:0, Accuracy:87.2%
Trained Task:0, Avg. Accuracy: 87.2 

List of avg. accuracy: [87.2]
Layer        : conv1_layer.3.weight
R.histogram  : tensor([1., 1., 1., 2., 4., 3., 9., 4., 3., 4.], device='cuda:0')
R_sum max/min: 4.0/-14.1
F.num_zeros  : 0/9216
W.num_zeros  : 0/9216
O.num_zeros  : 0/9216
Layer        : conv2_layer.3.weight
R.histogram  : tensor([ 2.,  1.,  2.,  1.,  5.,  4.,  2.,  3., 40.,  4.], device='cuda:0')
R_sum max/min: 15.8/-64.8
F.num_zeros  : 17280/36864
W.num_zeros  : 0/36864
O.num_zeros  : 22464/36864
Layer        : fc1_layer.0.weight
R.histogram  : tensor([  1.,   0.,   9.,  30.,  60., 367.,  25.,  11.,   6.,   3.],
       device='cuda:0')
R_sum max/min: 136.6/-157.5
F.num_zeros  : 1515862/2097152
W.num_zeros  : 0/2097152
O.num_zeros  : 1770754/2097152
Mask histogram
conv1_layer.3.weight: 	 tensor([   0.,    0., 8192.,    0.,    0.,    0.,    0.,    0.,    0.,    0.,
           0.], device='cuda:0')
conv2_layer.3.weight: 	 tensor([1152., 2688.,  256.,    0.,    0.,    0.,    0.,    0.,    0.,    0.,
           0.], device='cuda:0')
fc1_layer.0.weight: 	 tensor([174., 268.,  70.,   0.,   0.,   0.,   0.,   0.,   0.,   0.,   0.],
       device='cuda:0')
Task: 1,	 Epoch: 0/80,	 Avg.loss: 0.0011,	 Test Accuracy: 596/1000(60%)
Task: 1,	 Epoch: 1/80,	 Avg.loss: 0.0010,	 Test Accuracy: 638/1000(64%)
Task: 1,	 Epoch: 2/80,	 Avg.loss: 0.0009,	 Test Accuracy: 693/1000(69%)
Task: 1,	 Epoch: 3/80,	 Avg.loss: 0.0008,	 Test Accuracy: 703/1000(70%)
Task: 1,	 Epoch: 4/80,	 Avg.loss: 0.0008,	 Test Accuracy: 721/1000(72%)
Task: 1,	 Epoch: 5/80,	 Avg.loss: 0.0008,	 Test Accuracy: 737/1000(74%)
Task: 1,	 Epoch: 6/80,	 Avg.loss: 0.0008,	 Test Accuracy: 728/1000(73%)
Task: 1,	 Epoch: 7/80,	 Avg.loss: 0.0008,	 Test Accuracy: 738/1000(74%)
Task: 1,	 Epoch: 8/80,	 Avg.loss: 0.0008,	 Test Accuracy: 733/1000(73%)
Task: 1,	 Epoch: 9/80,	 Avg.loss: 0.0008,	 Test Accuracy: 750/1000(75%)
Task: 1,	 Epoch: 10/80,	 Avg.loss: 0.0008,	 Test Accuracy: 738/1000(74%)
Task: 1,	 Epoch: 11/80,	 Avg.loss: 0.0007,	 Test Accuracy: 761/1000(76%)
Task: 1,	 Epoch: 12/80,	 Avg.loss: 0.0007,	 Test Accuracy: 752/1000(75%)
Task: 1,	 Epoch: 13/80,	 Avg.loss: 0.0007,	 Test Accuracy: 755/1000(76%)
Task: 1,	 Epoch: 14/80,	 Avg.loss: 0.0007,	 Test Accuracy: 765/1000(76%)
Task: 1,	 Epoch: 15/80,	 Avg.loss: 0.0007,	 Test Accuracy: 776/1000(78%)
Task: 1,	 Epoch: 16/80,	 Avg.loss: 0.0007,	 Test Accuracy: 774/1000(77%)
Task: 1,	 Epoch: 17/80,	 Avg.loss: 0.0007,	 Test Accuracy: 771/1000(77%)
Task: 1,	 Epoch: 18/80,	 Avg.loss: 0.0007,	 Test Accuracy: 766/1000(77%)
Task: 1,	 Epoch: 19/80,	 Avg.loss: 0.0007,	 Test Accuracy: 782/1000(78%)
Task: 1,	 Epoch: 20/80,	 Avg.loss: 0.0008,	 Test Accuracy: 768/1000(77%)
Task: 1,	 Epoch: 21/80,	 Avg.loss: 0.0007,	 Test Accuracy: 772/1000(77%)
Task: 1,	 Epoch: 22/80,	 Avg.loss: 0.0008,	 Test Accuracy: 766/1000(77%)
Task: 1,	 Epoch: 23/80,	 Avg.loss: 0.0008,	 Test Accuracy: 775/1000(78%)
Task: 1,	 Epoch: 24/80,	 Avg.loss: 0.0007,	 Test Accuracy: 769/1000(77%)
Task: 1,	 Epoch: 25/80,	 Avg.loss: 0.0008,	 Test Accuracy: 765/1000(76%)
Task: 1,	 Epoch: 26/80,	 Avg.loss: 0.0007,	 Test Accuracy: 752/1000(75%)
Task: 1,	 Epoch: 27/80,	 Avg.loss: 0.0007,	 Test Accuracy: 771/1000(77%)
Task: 1,	 Epoch: 28/80,	 Avg.loss: 0.0007,	 Test Accuracy: 784/1000(78%)
Task: 1,	 Epoch: 29/80,	 Avg.loss: 0.0007,	 Test Accuracy: 773/1000(77%)
Task: 1,	 Epoch: 30/80,	 Avg.loss: 0.0007,	 Test Accuracy: 773/1000(77%)
Task: 1,	 Epoch: 31/80,	 Avg.loss: 0.0008,	 Test Accuracy: 771/1000(77%)
Task: 1,	 Epoch: 32/80,	 Avg.loss: 0.0007,	 Test Accuracy: 774/1000(77%)
Task: 1,	 Epoch: 33/80,	 Avg.loss: 0.0007,	 Test Accuracy: 774/1000(77%)
Task: 1,	 Epoch: 34/80,	 Avg.loss: 0.0007,	 Test Accuracy: 787/1000(79%)
Task: 1,	 Epoch: 35/80,	 Avg.loss: 0.0007,	 Test Accuracy: 784/1000(78%)
Task: 1,	 Epoch: 36/80,	 Avg.loss: 0.0008,	 Test Accuracy: 784/1000(78%)
Task: 1,	 Epoch: 37/80,	 Avg.loss: 0.0007,	 Test Accuracy: 793/1000(79%)
Task: 1,	 Epoch: 38/80,	 Avg.loss: 0.0008,	 Test Accuracy: 768/1000(77%)
Task: 1,	 Epoch: 39/80,	 Avg.loss: 0.0007,	 Test Accuracy: 784/1000(78%)
Task: 1,	 Epoch: 40/80,	 Avg.loss: 0.0007,	 Test Accuracy: 786/1000(79%)
Task: 1,	 Epoch: 41/80,	 Avg.loss: 0.0007,	 Test Accuracy: 795/1000(80%)
Task: 1,	 Epoch: 42/80,	 Avg.loss: 0.0007,	 Test Accuracy: 782/1000(78%)
Task: 1,	 Epoch: 43/80,	 Avg.loss: 0.0007,	 Test Accuracy: 781/1000(78%)
Task: 1,	 Epoch: 44/80,	 Avg.loss: 0.0007,	 Test Accuracy: 785/1000(78%)
Task: 1,	 Epoch: 45/80,	 Avg.loss: 0.0007,	 Test Accuracy: 782/1000(78%)
Task: 1,	 Epoch: 46/80,	 Avg.loss: 0.0007,	 Test Accuracy: 782/1000(78%)
Task: 1,	 Epoch: 47/80,	 Avg.loss: 0.0007,	 Test Accuracy: 778/1000(78%)
Task: 1,	 Epoch: 48/80,	 Avg.loss: 0.0007,	 Test Accuracy: 797/1000(80%)
Task: 1,	 Epoch: 49/80,	 Avg.loss: 0.0007,	 Test Accuracy: 786/1000(79%)
Task: 1,	 Epoch: 50/80,	 Avg.loss: 0.0007,	 Test Accuracy: 796/1000(80%)
Task: 1,	 Epoch: 51/80,	 Avg.loss: 0.0007,	 Test Accuracy: 795/1000(80%)
Task: 1,	 Epoch: 52/80,	 Avg.loss: 0.0007,	 Test Accuracy: 786/1000(79%)
Task: 1,	 Epoch: 53/80,	 Avg.loss: 0.0007,	 Test Accuracy: 793/1000(79%)
Task: 1,	 Epoch: 54/80,	 Avg.loss: 0.0007,	 Test Accuracy: 792/1000(79%)
Task: 1,	 Epoch: 55/80,	 Avg.loss: 0.0007,	 Test Accuracy: 794/1000(79%)
Task: 1,	 Epoch: 56/80,	 Avg.loss: 0.0007,	 Test Accuracy: 791/1000(79%)
Task: 1,	 Epoch: 57/80,	 Avg.loss: 0.0007,	 Test Accuracy: 792/1000(79%)
Task: 1,	 Epoch: 58/80,	 Avg.loss: 0.0007,	 Test Accuracy: 789/1000(79%)
Task: 1,	 Epoch: 59/80,	 Avg.loss: 0.0007,	 Test Accuracy: 799/1000(80%)
Task: 1,	 Epoch: 60/80,	 Avg.loss: 0.0007,	 Test Accuracy: 799/1000(80%)
Task: 1,	 Epoch: 61/80,	 Avg.loss: 0.0007,	 Test Accuracy: 803/1000(80%)
Task: 1,	 Epoch: 62/80,	 Avg.loss: 0.0007,	 Test Accuracy: 797/1000(80%)
Task: 1,	 Epoch: 63/80,	 Avg.loss: 0.0007,	 Test Accuracy: 803/1000(80%)
Task: 1,	 Epoch: 64/80,	 Avg.loss: 0.0007,	 Test Accuracy: 798/1000(80%)
Task: 1,	 Epoch: 65/80,	 Avg.loss: 0.0007,	 Test Accuracy: 797/1000(80%)
Task: 1,	 Epoch: 66/80,	 Avg.loss: 0.0007,	 Test Accuracy: 796/1000(80%)
Task: 1,	 Epoch: 67/80,	 Avg.loss: 0.0007,	 Test Accuracy: 797/1000(80%)
Task: 1,	 Epoch: 68/80,	 Avg.loss: 0.0007,	 Test Accuracy: 794/1000(79%)
Task: 1,	 Epoch: 69/80,	 Avg.loss: 0.0007,	 Test Accuracy: 790/1000(79%)
Task: 1,	 Epoch: 70/80,	 Avg.loss: 0.0007,	 Test Accuracy: 795/1000(80%)
Task: 1,	 Epoch: 71/80,	 Avg.loss: 0.0007,	 Test Accuracy: 796/1000(80%)
Task: 1,	 Epoch: 72/80,	 Avg.loss: 0.0007,	 Test Accuracy: 794/1000(79%)
Task: 1,	 Epoch: 73/80,	 Avg.loss: 0.0007,	 Test Accuracy: 800/1000(80%)
Task: 1,	 Epoch: 74/80,	 Avg.loss: 0.0007,	 Test Accuracy: 786/1000(79%)
Task: 1,	 Epoch: 75/80,	 Avg.loss: 0.0007,	 Test Accuracy: 789/1000(79%)
Task: 1,	 Epoch: 76/80,	 Avg.loss: 0.0007,	 Test Accuracy: 794/1000(79%)
Task: 1,	 Epoch: 77/80,	 Avg.loss: 0.0007,	 Test Accuracy: 792/1000(79%)
Task: 1,	 Epoch: 78/80,	 Avg.loss: 0.0007,	 Test Accuracy: 798/1000(80%)
Task: 1,	 Epoch: 79/80,	 Avg.loss: 0.0007,	 Test Accuracy: 796/1000(80%)
Trained Task:1, Loaded task:0, Accuracy:86.3%
Trained Task:1, Loaded task:1, Accuracy:79.6%
Trained Task:1, Avg. Accuracy: 83.0 

List of avg. accuracy: [87.2, 83.0]
Layer        : conv1_layer.3.weight
R.histogram  : tensor([3., 1., 3., 6., 2., 4., 7., 1., 2., 3.], device='cuda:0')
R_sum max/min: 3.8/-12.6
F.num_zeros  : 0/9216
W.num_zeros  : 0/9216
O.num_zeros  : 0/9216
Layer        : conv2_layer.3.weight
R.histogram  : tensor([ 2.,  1.,  2.,  5.,  3.,  7.,  5., 35.,  3.,  1.], device='cuda:0')
R_sum max/min: 20.9/-71.9
F.num_zeros  : 17856/36864
W.num_zeros  : 0/36864
O.num_zeros  : 17856/36864
Layer        : fc1_layer.0.weight
R.histogram  : tensor([  6.,  19.,  69., 121., 281.,   9.,   2.,   1.,   2.,   2.],
       device='cuda:0')
R_sum max/min: 116.5/-82.8
F.num_zeros  : 1497837/2097152
W.num_zeros  : 0/2097152
O.num_zeros  : 1674149/2097152
Mask histogram
conv1_layer.3.weight: 	 tensor([   0.,    0.,    0., 8192.,    0.,    0.,    0.,    0.,    0.,    0.,
           0.], device='cuda:0')
conv2_layer.3.weight: 	 tensor([ 640., 2112., 1344.,    0.,    0.,    0.,    0.,    0.,    0.,    0.,
           0.], device='cuda:0')
fc1_layer.0.weight: 	 tensor([ 70., 302., 110.,  30.,   0.,   0.,   0.,   0.,   0.,   0.,   0.],
       device='cuda:0')
Task: 2,	 Epoch: 0/80,	 Avg.loss: 0.0015,	 Test Accuracy: 481/1000(48%)
Task: 2,	 Epoch: 1/80,	 Avg.loss: 0.0013,	 Test Accuracy: 582/1000(58%)
Task: 2,	 Epoch: 2/80,	 Avg.loss: 0.0012,	 Test Accuracy: 613/1000(61%)
Task: 2,	 Epoch: 3/80,	 Avg.loss: 0.0012,	 Test Accuracy: 592/1000(59%)
Task: 2,	 Epoch: 4/80,	 Avg.loss: 0.0012,	 Test Accuracy: 617/1000(62%)
Task: 2,	 Epoch: 5/80,	 Avg.loss: 0.0012,	 Test Accuracy: 616/1000(62%)
Task: 2,	 Epoch: 6/80,	 Avg.loss: 0.0012,	 Test Accuracy: 607/1000(61%)
Task: 2,	 Epoch: 7/80,	 Avg.loss: 0.0011,	 Test Accuracy: 629/1000(63%)
Task: 2,	 Epoch: 8/80,	 Avg.loss: 0.0012,	 Test Accuracy: 622/1000(62%)
Task: 2,	 Epoch: 9/80,	 Avg.loss: 0.0011,	 Test Accuracy: 626/1000(63%)
Task: 2,	 Epoch: 10/80,	 Avg.loss: 0.0011,	 Test Accuracy: 619/1000(62%)
Task: 2,	 Epoch: 11/80,	 Avg.loss: 0.0011,	 Test Accuracy: 641/1000(64%)
Task: 2,	 Epoch: 12/80,	 Avg.loss: 0.0011,	 Test Accuracy: 633/1000(63%)
Task: 2,	 Epoch: 13/80,	 Avg.loss: 0.0011,	 Test Accuracy: 633/1000(63%)
Task: 2,	 Epoch: 14/80,	 Avg.loss: 0.0011,	 Test Accuracy: 635/1000(64%)
Task: 2,	 Epoch: 15/80,	 Avg.loss: 0.0011,	 Test Accuracy: 620/1000(62%)
Task: 2,	 Epoch: 16/80,	 Avg.loss: 0.0011,	 Test Accuracy: 618/1000(62%)
Task: 2,	 Epoch: 17/80,	 Avg.loss: 0.0011,	 Test Accuracy: 642/1000(64%)
Task: 2,	 Epoch: 18/80,	 Avg.loss: 0.0011,	 Test Accuracy: 642/1000(64%)
Task: 2,	 Epoch: 19/80,	 Avg.loss: 0.0011,	 Test Accuracy: 625/1000(63%)
Task: 2,	 Epoch: 20/80,	 Avg.loss: 0.0011,	 Test Accuracy: 627/1000(63%)
Task: 2,	 Epoch: 21/80,	 Avg.loss: 0.0011,	 Test Accuracy: 639/1000(64%)
Task: 2,	 Epoch: 22/80,	 Avg.loss: 0.0011,	 Test Accuracy: 632/1000(63%)
Task: 2,	 Epoch: 23/80,	 Avg.loss: 0.0011,	 Test Accuracy: 635/1000(64%)
Task: 2,	 Epoch: 24/80,	 Avg.loss: 0.0011,	 Test Accuracy: 638/1000(64%)
Task: 2,	 Epoch: 25/80,	 Avg.loss: 0.0011,	 Test Accuracy: 648/1000(65%)
Task: 2,	 Epoch: 26/80,	 Avg.loss: 0.0011,	 Test Accuracy: 633/1000(63%)
Task: 2,	 Epoch: 27/80,	 Avg.loss: 0.0011,	 Test Accuracy: 631/1000(63%)
Task: 2,	 Epoch: 28/80,	 Avg.loss: 0.0011,	 Test Accuracy: 641/1000(64%)
Task: 2,	 Epoch: 29/80,	 Avg.loss: 0.0011,	 Test Accuracy: 647/1000(65%)
Task: 2,	 Epoch: 30/80,	 Avg.loss: 0.0011,	 Test Accuracy: 624/1000(62%)
Task: 2,	 Epoch: 31/80,	 Avg.loss: 0.0011,	 Test Accuracy: 641/1000(64%)
Task: 2,	 Epoch: 32/80,	 Avg.loss: 0.0011,	 Test Accuracy: 649/1000(65%)
Task: 2,	 Epoch: 33/80,	 Avg.loss: 0.0011,	 Test Accuracy: 656/1000(66%)
Task: 2,	 Epoch: 34/80,	 Avg.loss: 0.0011,	 Test Accuracy: 627/1000(63%)
Task: 2,	 Epoch: 35/80,	 Avg.loss: 0.0011,	 Test Accuracy: 642/1000(64%)
Task: 2,	 Epoch: 36/80,	 Avg.loss: 0.0011,	 Test Accuracy: 630/1000(63%)
Task: 2,	 Epoch: 37/80,	 Avg.loss: 0.0011,	 Test Accuracy: 646/1000(65%)
Task: 2,	 Epoch: 38/80,	 Avg.loss: 0.0011,	 Test Accuracy: 633/1000(63%)
Task: 2,	 Epoch: 39/80,	 Avg.loss: 0.0011,	 Test Accuracy: 637/1000(64%)
Task: 2,	 Epoch: 40/80,	 Avg.loss: 0.0011,	 Test Accuracy: 641/1000(64%)
Task: 2,	 Epoch: 41/80,	 Avg.loss: 0.0011,	 Test Accuracy: 637/1000(64%)
Task: 2,	 Epoch: 42/80,	 Avg.loss: 0.0010,	 Test Accuracy: 660/1000(66%)
Task: 2,	 Epoch: 43/80,	 Avg.loss: 0.0011,	 Test Accuracy: 639/1000(64%)
Task: 2,	 Epoch: 44/80,	 Avg.loss: 0.0010,	 Test Accuracy: 647/1000(65%)
Task: 2,	 Epoch: 45/80,	 Avg.loss: 0.0011,	 Test Accuracy: 644/1000(64%)
Task: 2,	 Epoch: 46/80,	 Avg.loss: 0.0011,	 Test Accuracy: 644/1000(64%)
Task: 2,	 Epoch: 47/80,	 Avg.loss: 0.0011,	 Test Accuracy: 646/1000(65%)
Task: 2,	 Epoch: 48/80,	 Avg.loss: 0.0011,	 Test Accuracy: 650/1000(65%)
Task: 2,	 Epoch: 49/80,	 Avg.loss: 0.0010,	 Test Accuracy: 656/1000(66%)
Task: 2,	 Epoch: 50/80,	 Avg.loss: 0.0010,	 Test Accuracy: 657/1000(66%)
Task: 2,	 Epoch: 51/80,	 Avg.loss: 0.0010,	 Test Accuracy: 659/1000(66%)
Task: 2,	 Epoch: 52/80,	 Avg.loss: 0.0010,	 Test Accuracy: 662/1000(66%)
Task: 2,	 Epoch: 53/80,	 Avg.loss: 0.0010,	 Test Accuracy: 664/1000(66%)
Task: 2,	 Epoch: 54/80,	 Avg.loss: 0.0010,	 Test Accuracy: 660/1000(66%)
Task: 2,	 Epoch: 55/80,	 Avg.loss: 0.0010,	 Test Accuracy: 663/1000(66%)
Task: 2,	 Epoch: 56/80,	 Avg.loss: 0.0010,	 Test Accuracy: 659/1000(66%)
Task: 2,	 Epoch: 57/80,	 Avg.loss: 0.0010,	 Test Accuracy: 662/1000(66%)
Task: 2,	 Epoch: 58/80,	 Avg.loss: 0.0010,	 Test Accuracy: 666/1000(67%)
Task: 2,	 Epoch: 59/80,	 Avg.loss: 0.0010,	 Test Accuracy: 662/1000(66%)
Task: 2,	 Epoch: 60/80,	 Avg.loss: 0.0010,	 Test Accuracy: 668/1000(67%)
Task: 2,	 Epoch: 61/80,	 Avg.loss: 0.0010,	 Test Accuracy: 658/1000(66%)
Task: 2,	 Epoch: 62/80,	 Avg.loss: 0.0010,	 Test Accuracy: 650/1000(65%)
Task: 2,	 Epoch: 63/80,	 Avg.loss: 0.0010,	 Test Accuracy: 655/1000(66%)
Task: 2,	 Epoch: 64/80,	 Avg.loss: 0.0010,	 Test Accuracy: 654/1000(65%)
Task: 2,	 Epoch: 65/80,	 Avg.loss: 0.0010,	 Test Accuracy: 652/1000(65%)
Task: 2,	 Epoch: 66/80,	 Avg.loss: 0.0010,	 Test Accuracy: 656/1000(66%)
Task: 2,	 Epoch: 67/80,	 Avg.loss: 0.0010,	 Test Accuracy: 663/1000(66%)
Task: 2,	 Epoch: 68/80,	 Avg.loss: 0.0010,	 Test Accuracy: 658/1000(66%)
Task: 2,	 Epoch: 69/80,	 Avg.loss: 0.0010,	 Test Accuracy: 659/1000(66%)
Task: 2,	 Epoch: 70/80,	 Avg.loss: 0.0010,	 Test Accuracy: 654/1000(65%)
Task: 2,	 Epoch: 71/80,	 Avg.loss: 0.0010,	 Test Accuracy: 649/1000(65%)
Task: 2,	 Epoch: 72/80,	 Avg.loss: 0.0010,	 Test Accuracy: 657/1000(66%)
Task: 2,	 Epoch: 73/80,	 Avg.loss: 0.0010,	 Test Accuracy: 663/1000(66%)
Task: 2,	 Epoch: 74/80,	 Avg.loss: 0.0010,	 Test Accuracy: 660/1000(66%)
Task: 2,	 Epoch: 75/80,	 Avg.loss: 0.0010,	 Test Accuracy: 661/1000(66%)
Task: 2,	 Epoch: 76/80,	 Avg.loss: 0.0010,	 Test Accuracy: 656/1000(66%)
Task: 2,	 Epoch: 77/80,	 Avg.loss: 0.0010,	 Test Accuracy: 653/1000(65%)
Task: 2,	 Epoch: 78/80,	 Avg.loss: 0.0010,	 Test Accuracy: 661/1000(66%)
Task: 2,	 Epoch: 79/80,	 Avg.loss: 0.0010,	 Test Accuracy: 658/1000(66%)
Trained Task:2, Loaded task:0, Accuracy:85.2%
Trained Task:2, Loaded task:1, Accuracy:75.9%
Trained Task:2, Loaded task:2, Accuracy:65.8%
Trained Task:2, Avg. Accuracy: 75.6 

List of avg. accuracy: [87.2, 83.0, 75.6]
Layer        : conv1_layer.3.weight
R.histogram  : tensor([2., 2., 0., 2., 2., 4., 8., 3., 4., 5.], device='cuda:0')
R_sum max/min: 4.9/-13.9
F.num_zeros  : 0/9216
W.num_zeros  : 0/9216
O.num_zeros  : 0/9216
Layer        : conv2_layer.3.weight
R.histogram  : tensor([ 2.,  2.,  1.,  1.,  1.,  5.,  7.,  4.,  7., 34.], device='cuda:0')
R_sum max/min: 2.8/-86.8
F.num_zeros  : 17856/36864
W.num_zeros  : 0/36864
O.num_zeros  : 17856/36864
Layer        : fc1_layer.0.weight
R.histogram  : tensor([  7.,  40., 120., 315.,  16.,  11.,   1.,   0.,   1.,   1.],
       device='cuda:0')
R_sum max/min: 154.3/-84.3
F.num_zeros  : 1420330/2097152
W.num_zeros  : 0/2097152
O.num_zeros  : 1661349/2097152
Mask histogram
conv1_layer.3.weight: 	 tensor([   0.,    0.,    0.,    0., 8192.,    0.,    0.,    0.,    0.,    0.,
           0.], device='cuda:0')
conv2_layer.3.weight: 	 tensor([ 512., 1664., 1024.,  896.,    0.,    0.,    0.,    0.,    0.,    0.,
           0.], device='cuda:0')
fc1_layer.0.weight: 	 tensor([ 37., 243., 146.,  63.,  23.,   0.,   0.,   0.,   0.,   0.,   0.],
       device='cuda:0')
Task: 3,	 Epoch: 0/80,	 Avg.loss: 0.0017,	 Test Accuracy: 410/1000(41%)
Task: 3,	 Epoch: 1/80,	 Avg.loss: 0.0016,	 Test Accuracy: 442/1000(44%)
Task: 3,	 Epoch: 2/80,	 Avg.loss: 0.0015,	 Test Accuracy: 470/1000(47%)
Task: 3,	 Epoch: 3/80,	 Avg.loss: 0.0016,	 Test Accuracy: 450/1000(45%)
Task: 3,	 Epoch: 4/80,	 Avg.loss: 0.0016,	 Test Accuracy: 463/1000(46%)
Task: 3,	 Epoch: 5/80,	 Avg.loss: 0.0015,	 Test Accuracy: 461/1000(46%)
Task: 3,	 Epoch: 6/80,	 Avg.loss: 0.0015,	 Test Accuracy: 463/1000(46%)
Task: 3,	 Epoch: 7/80,	 Avg.loss: 0.0015,	 Test Accuracy: 482/1000(48%)
Task: 3,	 Epoch: 8/80,	 Avg.loss: 0.0015,	 Test Accuracy: 506/1000(51%)
Task: 3,	 Epoch: 9/80,	 Avg.loss: 0.0015,	 Test Accuracy: 490/1000(49%)
Task: 3,	 Epoch: 10/80,	 Avg.loss: 0.0015,	 Test Accuracy: 504/1000(50%)
Task: 3,	 Epoch: 11/80,	 Avg.loss: 0.0015,	 Test Accuracy: 489/1000(49%)
Task: 3,	 Epoch: 12/80,	 Avg.loss: 0.0015,	 Test Accuracy: 488/1000(49%)
Task: 3,	 Epoch: 13/80,	 Avg.loss: 0.0015,	 Test Accuracy: 489/1000(49%)
Task: 3,	 Epoch: 14/80,	 Avg.loss: 0.0015,	 Test Accuracy: 480/1000(48%)
Task: 3,	 Epoch: 15/80,	 Avg.loss: 0.0015,	 Test Accuracy: 499/1000(50%)
Task: 3,	 Epoch: 16/80,	 Avg.loss: 0.0014,	 Test Accuracy: 506/1000(51%)
Task: 3,	 Epoch: 17/80,	 Avg.loss: 0.0015,	 Test Accuracy: 489/1000(49%)
Task: 3,	 Epoch: 18/80,	 Avg.loss: 0.0015,	 Test Accuracy: 501/1000(50%)
Task: 3,	 Epoch: 19/80,	 Avg.loss: 0.0014,	 Test Accuracy: 508/1000(51%)
Task: 3,	 Epoch: 20/80,	 Avg.loss: 0.0015,	 Test Accuracy: 501/1000(50%)
Task: 3,	 Epoch: 21/80,	 Avg.loss: 0.0014,	 Test Accuracy: 505/1000(51%)
Task: 3,	 Epoch: 22/80,	 Avg.loss: 0.0015,	 Test Accuracy: 500/1000(50%)
Task: 3,	 Epoch: 23/80,	 Avg.loss: 0.0014,	 Test Accuracy: 507/1000(51%)
Task: 3,	 Epoch: 24/80,	 Avg.loss: 0.0014,	 Test Accuracy: 514/1000(51%)
Task: 3,	 Epoch: 25/80,	 Avg.loss: 0.0014,	 Test Accuracy: 509/1000(51%)
Task: 3,	 Epoch: 26/80,	 Avg.loss: 0.0015,	 Test Accuracy: 502/1000(50%)
Task: 3,	 Epoch: 27/80,	 Avg.loss: 0.0015,	 Test Accuracy: 496/1000(50%)
Task: 3,	 Epoch: 28/80,	 Avg.loss: 0.0014,	 Test Accuracy: 517/1000(52%)
Task: 3,	 Epoch: 29/80,	 Avg.loss: 0.0014,	 Test Accuracy: 519/1000(52%)
Task: 3,	 Epoch: 30/80,	 Avg.loss: 0.0014,	 Test Accuracy: 513/1000(51%)
Task: 3,	 Epoch: 31/80,	 Avg.loss: 0.0014,	 Test Accuracy: 517/1000(52%)
Task: 3,	 Epoch: 32/80,	 Avg.loss: 0.0014,	 Test Accuracy: 526/1000(53%)
Task: 3,	 Epoch: 33/80,	 Avg.loss: 0.0015,	 Test Accuracy: 498/1000(50%)
Task: 3,	 Epoch: 34/80,	 Avg.loss: 0.0014,	 Test Accuracy: 510/1000(51%)
Task: 3,	 Epoch: 35/80,	 Avg.loss: 0.0014,	 Test Accuracy: 513/1000(51%)
Task: 3,	 Epoch: 36/80,	 Avg.loss: 0.0014,	 Test Accuracy: 522/1000(52%)
Task: 3,	 Epoch: 37/80,	 Avg.loss: 0.0014,	 Test Accuracy: 518/1000(52%)
Task: 3,	 Epoch: 38/80,	 Avg.loss: 0.0014,	 Test Accuracy: 508/1000(51%)
Task: 3,	 Epoch: 39/80,	 Avg.loss: 0.0014,	 Test Accuracy: 510/1000(51%)
Task: 3,	 Epoch: 40/80,	 Avg.loss: 0.0014,	 Test Accuracy: 514/1000(51%)
Task: 3,	 Epoch: 41/80,	 Avg.loss: 0.0014,	 Test Accuracy: 519/1000(52%)
Task: 3,	 Epoch: 42/80,	 Avg.loss: 0.0014,	 Test Accuracy: 507/1000(51%)
Task: 3,	 Epoch: 43/80,	 Avg.loss: 0.0014,	 Test Accuracy: 515/1000(52%)
Task: 3,	 Epoch: 44/80,	 Avg.loss: 0.0014,	 Test Accuracy: 512/1000(51%)
Task: 3,	 Epoch: 45/80,	 Avg.loss: 0.0014,	 Test Accuracy: 518/1000(52%)
Task: 3,	 Epoch: 46/80,	 Avg.loss: 0.0014,	 Test Accuracy: 513/1000(51%)
Task: 3,	 Epoch: 47/80,	 Avg.loss: 0.0014,	 Test Accuracy: 520/1000(52%)
Task: 3,	 Epoch: 48/80,	 Avg.loss: 0.0014,	 Test Accuracy: 515/1000(52%)
Task: 3,	 Epoch: 49/80,	 Avg.loss: 0.0014,	 Test Accuracy: 518/1000(52%)
Task: 3,	 Epoch: 50/80,	 Avg.loss: 0.0014,	 Test Accuracy: 526/1000(53%)
Task: 3,	 Epoch: 51/80,	 Avg.loss: 0.0014,	 Test Accuracy: 520/1000(52%)
Task: 3,	 Epoch: 52/80,	 Avg.loss: 0.0014,	 Test Accuracy: 522/1000(52%)
Task: 3,	 Epoch: 53/80,	 Avg.loss: 0.0014,	 Test Accuracy: 524/1000(52%)
Task: 3,	 Epoch: 54/80,	 Avg.loss: 0.0014,	 Test Accuracy: 520/1000(52%)
Task: 3,	 Epoch: 55/80,	 Avg.loss: 0.0014,	 Test Accuracy: 528/1000(53%)
Task: 3,	 Epoch: 56/80,	 Avg.loss: 0.0014,	 Test Accuracy: 520/1000(52%)
Task: 3,	 Epoch: 57/80,	 Avg.loss: 0.0014,	 Test Accuracy: 530/1000(53%)
Task: 3,	 Epoch: 58/80,	 Avg.loss: 0.0014,	 Test Accuracy: 527/1000(53%)
Task: 3,	 Epoch: 59/80,	 Avg.loss: 0.0014,	 Test Accuracy: 528/1000(53%)
Task: 3,	 Epoch: 60/80,	 Avg.loss: 0.0014,	 Test Accuracy: 528/1000(53%)
Task: 3,	 Epoch: 61/80,	 Avg.loss: 0.0014,	 Test Accuracy: 523/1000(52%)
Task: 3,	 Epoch: 62/80,	 Avg.loss: 0.0014,	 Test Accuracy: 517/1000(52%)
Task: 3,	 Epoch: 63/80,	 Avg.loss: 0.0014,	 Test Accuracy: 523/1000(52%)
Task: 3,	 Epoch: 64/80,	 Avg.loss: 0.0014,	 Test Accuracy: 516/1000(52%)
Task: 3,	 Epoch: 65/80,	 Avg.loss: 0.0014,	 Test Accuracy: 522/1000(52%)
Task: 3,	 Epoch: 66/80,	 Avg.loss: 0.0014,	 Test Accuracy: 524/1000(52%)
Task: 3,	 Epoch: 67/80,	 Avg.loss: 0.0014,	 Test Accuracy: 536/1000(54%)
Task: 3,	 Epoch: 68/80,	 Avg.loss: 0.0014,	 Test Accuracy: 521/1000(52%)
Task: 3,	 Epoch: 69/80,	 Avg.loss: 0.0014,	 Test Accuracy: 529/1000(53%)
Task: 3,	 Epoch: 70/80,	 Avg.loss: 0.0014,	 Test Accuracy: 528/1000(53%)
Task: 3,	 Epoch: 71/80,	 Avg.loss: 0.0014,	 Test Accuracy: 526/1000(53%)
Task: 3,	 Epoch: 72/80,	 Avg.loss: 0.0014,	 Test Accuracy: 526/1000(53%)
Task: 3,	 Epoch: 73/80,	 Avg.loss: 0.0014,	 Test Accuracy: 524/1000(52%)
Task: 3,	 Epoch: 74/80,	 Avg.loss: 0.0014,	 Test Accuracy: 521/1000(52%)
Task: 3,	 Epoch: 75/80,	 Avg.loss: 0.0014,	 Test Accuracy: 526/1000(53%)
Task: 3,	 Epoch: 76/80,	 Avg.loss: 0.0014,	 Test Accuracy: 529/1000(53%)
Task: 3,	 Epoch: 77/80,	 Avg.loss: 0.0014,	 Test Accuracy: 525/1000(53%)
Task: 3,	 Epoch: 78/80,	 Avg.loss: 0.0014,	 Test Accuracy: 520/1000(52%)
Task: 3,	 Epoch: 79/80,	 Avg.loss: 0.0014,	 Test Accuracy: 525/1000(53%)
Trained Task:3, Loaded task:0, Accuracy:84.9%
Trained Task:3, Loaded task:1, Accuracy:75.0%
Trained Task:3, Loaded task:2, Accuracy:65.4%
Trained Task:3, Loaded task:3, Accuracy:52.5%
Trained Task:3, Avg. Accuracy: 69.5 

List of avg. accuracy: [87.2, 83.0, 75.6, 69.5]
Layer        : conv1_layer.3.weight
R.histogram  : tensor([3., 0., 4., 3., 2., 6., 5., 3., 2., 4.], device='cuda:0')
R_sum max/min: 6.6/-14.0
F.num_zeros  : 0/9216
W.num_zeros  : 0/9216
O.num_zeros  : 0/9216
Layer        : conv2_layer.3.weight
R.histogram  : tensor([ 4.,  1.,  0.,  2.,  3.,  6.,  8.,  2.,  5., 33.], device='cuda:0')
R_sum max/min: 5.6/-72.5
F.num_zeros  : 17856/36864
W.num_zeros  : 0/36864
O.num_zeros  : 17856/36864
Layer        : fc1_layer.0.weight
R.histogram  : tensor([  6.,  31.,  87., 353.,  26.,   2.,   5.,   0.,   0.,   2.],
       device='cuda:0')
R_sum max/min: 137.4/-87.1
F.num_zeros  : 1364234/2097152
W.num_zeros  : 0/2097152
O.num_zeros  : 1654423/2097152
Mask histogram
conv1_layer.3.weight: 	 tensor([   0.,    0.,    0.,    0.,    0., 8192.,    0.,    0.,    0.,    0.,
           0.], device='cuda:0')
conv2_layer.3.weight: 	 tensor([ 512., 1472.,  640.,  640.,  832.,    0.,    0.,    0.,    0.,    0.,
           0.], device='cuda:0')
fc1_layer.0.weight: 	 tensor([  0., 249., 105.,  92.,  45.,  21.,   0.,   0.,   0.,   0.,   0.],
       device='cuda:0')
Task: 4,	 Epoch: 0/80,	 Avg.loss: 0.0017,	 Test Accuracy: 445/1000(45%)
Task: 4,	 Epoch: 1/80,	 Avg.loss: 0.0016,	 Test Accuracy: 470/1000(47%)
Task: 4,	 Epoch: 2/80,	 Avg.loss: 0.0015,	 Test Accuracy: 510/1000(51%)
Task: 4,	 Epoch: 3/80,	 Avg.loss: 0.0016,	 Test Accuracy: 454/1000(45%)
Task: 4,	 Epoch: 4/80,	 Avg.loss: 0.0015,	 Test Accuracy: 504/1000(50%)
Task: 4,	 Epoch: 5/80,	 Avg.loss: 0.0014,	 Test Accuracy: 511/1000(51%)
Task: 4,	 Epoch: 6/80,	 Avg.loss: 0.0014,	 Test Accuracy: 509/1000(51%)
Task: 4,	 Epoch: 7/80,	 Avg.loss: 0.0014,	 Test Accuracy: 517/1000(52%)
Task: 4,	 Epoch: 8/80,	 Avg.loss: 0.0014,	 Test Accuracy: 523/1000(52%)
Task: 4,	 Epoch: 9/80,	 Avg.loss: 0.0014,	 Test Accuracy: 518/1000(52%)
Task: 4,	 Epoch: 10/80,	 Avg.loss: 0.0014,	 Test Accuracy: 514/1000(51%)
Task: 4,	 Epoch: 11/80,	 Avg.loss: 0.0014,	 Test Accuracy: 511/1000(51%)
Task: 4,	 Epoch: 12/80,	 Avg.loss: 0.0014,	 Test Accuracy: 533/1000(53%)
Task: 4,	 Epoch: 13/80,	 Avg.loss: 0.0014,	 Test Accuracy: 535/1000(54%)
Task: 4,	 Epoch: 14/80,	 Avg.loss: 0.0014,	 Test Accuracy: 513/1000(51%)
Task: 4,	 Epoch: 15/80,	 Avg.loss: 0.0013,	 Test Accuracy: 538/1000(54%)
Task: 4,	 Epoch: 16/80,	 Avg.loss: 0.0014,	 Test Accuracy: 507/1000(51%)
Task: 4,	 Epoch: 17/80,	 Avg.loss: 0.0014,	 Test Accuracy: 529/1000(53%)
Task: 4,	 Epoch: 18/80,	 Avg.loss: 0.0014,	 Test Accuracy: 533/1000(53%)
Task: 4,	 Epoch: 19/80,	 Avg.loss: 0.0015,	 Test Accuracy: 516/1000(52%)
Task: 4,	 Epoch: 20/80,	 Avg.loss: 0.0013,	 Test Accuracy: 542/1000(54%)
Task: 4,	 Epoch: 21/80,	 Avg.loss: 0.0013,	 Test Accuracy: 544/1000(54%)
Task: 4,	 Epoch: 22/80,	 Avg.loss: 0.0013,	 Test Accuracy: 546/1000(55%)
Task: 4,	 Epoch: 23/80,	 Avg.loss: 0.0014,	 Test Accuracy: 544/1000(54%)
Task: 4,	 Epoch: 24/80,	 Avg.loss: 0.0014,	 Test Accuracy: 521/1000(52%)
Task: 4,	 Epoch: 25/80,	 Avg.loss: 0.0013,	 Test Accuracy: 552/1000(55%)
Task: 4,	 Epoch: 26/80,	 Avg.loss: 0.0013,	 Test Accuracy: 562/1000(56%)
Task: 4,	 Epoch: 27/80,	 Avg.loss: 0.0013,	 Test Accuracy: 550/1000(55%)
Task: 4,	 Epoch: 28/80,	 Avg.loss: 0.0013,	 Test Accuracy: 556/1000(56%)
Task: 4,	 Epoch: 29/80,	 Avg.loss: 0.0013,	 Test Accuracy: 551/1000(55%)
Task: 4,	 Epoch: 30/80,	 Avg.loss: 0.0013,	 Test Accuracy: 562/1000(56%)
Task: 4,	 Epoch: 31/80,	 Avg.loss: 0.0013,	 Test Accuracy: 547/1000(55%)
Task: 4,	 Epoch: 32/80,	 Avg.loss: 0.0013,	 Test Accuracy: 548/1000(55%)
Task: 4,	 Epoch: 33/80,	 Avg.loss: 0.0013,	 Test Accuracy: 563/1000(56%)
Task: 4,	 Epoch: 34/80,	 Avg.loss: 0.0013,	 Test Accuracy: 545/1000(55%)
Task: 4,	 Epoch: 35/80,	 Avg.loss: 0.0013,	 Test Accuracy: 562/1000(56%)
Task: 4,	 Epoch: 36/80,	 Avg.loss: 0.0013,	 Test Accuracy: 543/1000(54%)
Task: 4,	 Epoch: 37/80,	 Avg.loss: 0.0013,	 Test Accuracy: 557/1000(56%)
Task: 4,	 Epoch: 38/80,	 Avg.loss: 0.0013,	 Test Accuracy: 576/1000(58%)
Task: 4,	 Epoch: 39/80,	 Avg.loss: 0.0013,	 Test Accuracy: 539/1000(54%)
Task: 4,	 Epoch: 40/80,	 Avg.loss: 0.0013,	 Test Accuracy: 577/1000(58%)
Task: 4,	 Epoch: 41/80,	 Avg.loss: 0.0013,	 Test Accuracy: 551/1000(55%)
Task: 4,	 Epoch: 42/80,	 Avg.loss: 0.0014,	 Test Accuracy: 554/1000(55%)
Task: 4,	 Epoch: 43/80,	 Avg.loss: 0.0013,	 Test Accuracy: 549/1000(55%)
Task: 4,	 Epoch: 44/80,	 Avg.loss: 0.0013,	 Test Accuracy: 562/1000(56%)
Task: 4,	 Epoch: 45/80,	 Avg.loss: 0.0013,	 Test Accuracy: 563/1000(56%)
Task: 4,	 Epoch: 46/80,	 Avg.loss: 0.0013,	 Test Accuracy: 570/1000(57%)
Task: 4,	 Epoch: 47/80,	 Avg.loss: 0.0013,	 Test Accuracy: 560/1000(56%)
Task: 4,	 Epoch: 48/80,	 Avg.loss: 0.0013,	 Test Accuracy: 565/1000(57%)
Task: 4,	 Epoch: 49/80,	 Avg.loss: 0.0013,	 Test Accuracy: 556/1000(56%)
Task: 4,	 Epoch: 50/80,	 Avg.loss: 0.0013,	 Test Accuracy: 560/1000(56%)
Task: 4,	 Epoch: 51/80,	 Avg.loss: 0.0013,	 Test Accuracy: 566/1000(57%)
Task: 4,	 Epoch: 52/80,	 Avg.loss: 0.0013,	 Test Accuracy: 570/1000(57%)
Task: 4,	 Epoch: 53/80,	 Avg.loss: 0.0013,	 Test Accuracy: 566/1000(57%)
Task: 4,	 Epoch: 54/80,	 Avg.loss: 0.0013,	 Test Accuracy: 572/1000(57%)
Task: 4,	 Epoch: 55/80,	 Avg.loss: 0.0013,	 Test Accuracy: 565/1000(57%)
Task: 4,	 Epoch: 56/80,	 Avg.loss: 0.0013,	 Test Accuracy: 565/1000(57%)
Task: 4,	 Epoch: 57/80,	 Avg.loss: 0.0013,	 Test Accuracy: 577/1000(58%)
Task: 4,	 Epoch: 58/80,	 Avg.loss: 0.0013,	 Test Accuracy: 565/1000(57%)
Task: 4,	 Epoch: 59/80,	 Avg.loss: 0.0013,	 Test Accuracy: 567/1000(57%)
Task: 4,	 Epoch: 60/80,	 Avg.loss: 0.0013,	 Test Accuracy: 574/1000(57%)
Task: 4,	 Epoch: 61/80,	 Avg.loss: 0.0013,	 Test Accuracy: 578/1000(58%)
Task: 4,	 Epoch: 62/80,	 Avg.loss: 0.0013,	 Test Accuracy: 564/1000(56%)
Task: 4,	 Epoch: 63/80,	 Avg.loss: 0.0013,	 Test Accuracy: 576/1000(58%)
Task: 4,	 Epoch: 64/80,	 Avg.loss: 0.0013,	 Test Accuracy: 571/1000(57%)
Task: 4,	 Epoch: 65/80,	 Avg.loss: 0.0013,	 Test Accuracy: 565/1000(57%)
Task: 4,	 Epoch: 66/80,	 Avg.loss: 0.0013,	 Test Accuracy: 582/1000(58%)
Task: 4,	 Epoch: 67/80,	 Avg.loss: 0.0013,	 Test Accuracy: 569/1000(57%)
Task: 4,	 Epoch: 68/80,	 Avg.loss: 0.0013,	 Test Accuracy: 568/1000(57%)
Task: 4,	 Epoch: 69/80,	 Avg.loss: 0.0013,	 Test Accuracy: 567/1000(57%)
Task: 4,	 Epoch: 70/80,	 Avg.loss: 0.0013,	 Test Accuracy: 573/1000(57%)
Task: 4,	 Epoch: 71/80,	 Avg.loss: 0.0013,	 Test Accuracy: 563/1000(56%)
Task: 4,	 Epoch: 72/80,	 Avg.loss: 0.0013,	 Test Accuracy: 572/1000(57%)
Task: 4,	 Epoch: 73/80,	 Avg.loss: 0.0013,	 Test Accuracy: 562/1000(56%)
Task: 4,	 Epoch: 74/80,	 Avg.loss: 0.0013,	 Test Accuracy: 572/1000(57%)
Task: 4,	 Epoch: 75/80,	 Avg.loss: 0.0013,	 Test Accuracy: 567/1000(57%)
Task: 4,	 Epoch: 76/80,	 Avg.loss: 0.0013,	 Test Accuracy: 567/1000(57%)
Task: 4,	 Epoch: 77/80,	 Avg.loss: 0.0013,	 Test Accuracy: 569/1000(57%)
Task: 4,	 Epoch: 78/80,	 Avg.loss: 0.0013,	 Test Accuracy: 568/1000(57%)
Task: 4,	 Epoch: 79/80,	 Avg.loss: 0.0013,	 Test Accuracy: 568/1000(57%)
Trained Task:4, Loaded task:0, Accuracy:85.0%
Trained Task:4, Loaded task:1, Accuracy:72.9%
Trained Task:4, Loaded task:2, Accuracy:64.2%
Trained Task:4, Loaded task:3, Accuracy:51.1%
Trained Task:4, Loaded task:4, Accuracy:56.8%
Trained Task:4, Avg. Accuracy: 66.0 

List of avg. accuracy: [87.2, 83.0, 75.6, 69.5, 66.0]
Layer        : conv1_layer.3.weight
R.histogram  : tensor([2., 1., 2., 7., 5., 7., 3., 2., 1., 2.], device='cuda:0')
R_sum max/min: 13.4/-17.6
F.num_zeros  : 0/9216
W.num_zeros  : 0/9216
O.num_zeros  : 0/9216
Layer        : conv2_layer.3.weight
R.histogram  : tensor([ 1.,  1.,  2.,  1.,  4.,  8.,  5.,  7., 34.,  1.], device='cuda:0')
R_sum max/min: 11.3/-72.0
F.num_zeros  : 17732/36864
W.num_zeros  : 0/36864
O.num_zeros  : 17856/36864
Layer        : fc1_layer.0.weight
R.histogram  : tensor([  3.,  16.,  48., 156., 272.,  11.,   3.,   1.,   0.,   2.],
       device='cuda:0')
R_sum max/min: 130.7/-104.9
F.num_zeros  : 1311345/2097152
W.num_zeros  : 0/2097152
O.num_zeros  : 1646952/2097152
Mask histogram
conv1_layer.3.weight: 	 tensor([   0.,    0.,    0.,    0.,    0.,    0., 8192.,    0.,    0.,    0.,
           0.], device='cuda:0')
conv2_layer.3.weight: 	 tensor([ 448., 1536.,  448.,  320.,  512.,  832.,    0.,    0.,    0.,    0.,
           0.], device='cuda:0')
fc1_layer.0.weight: 	 tensor([  0., 210., 103.,  63.,  79.,  39.,  18.,   0.,   0.,   0.,   0.],
       device='cuda:0')
Task: 5,	 Epoch: 0/80,	 Avg.loss: 0.0017,	 Test Accuracy: 371/1000(37%)
Task: 5,	 Epoch: 1/80,	 Avg.loss: 0.0017,	 Test Accuracy: 402/1000(40%)
Task: 5,	 Epoch: 2/80,	 Avg.loss: 0.0017,	 Test Accuracy: 410/1000(41%)
Task: 5,	 Epoch: 3/80,	 Avg.loss: 0.0016,	 Test Accuracy: 420/1000(42%)
Task: 5,	 Epoch: 4/80,	 Avg.loss: 0.0016,	 Test Accuracy: 425/1000(43%)
Task: 5,	 Epoch: 5/80,	 Avg.loss: 0.0016,	 Test Accuracy: 433/1000(43%)
Task: 5,	 Epoch: 6/80,	 Avg.loss: 0.0016,	 Test Accuracy: 426/1000(43%)
Task: 5,	 Epoch: 7/80,	 Avg.loss: 0.0016,	 Test Accuracy: 408/1000(41%)
Task: 5,	 Epoch: 8/80,	 Avg.loss: 0.0016,	 Test Accuracy: 426/1000(43%)
Task: 5,	 Epoch: 9/80,	 Avg.loss: 0.0016,	 Test Accuracy: 438/1000(44%)
Task: 5,	 Epoch: 10/80,	 Avg.loss: 0.0016,	 Test Accuracy: 435/1000(44%)
Task: 5,	 Epoch: 11/80,	 Avg.loss: 0.0016,	 Test Accuracy: 423/1000(42%)
Task: 5,	 Epoch: 12/80,	 Avg.loss: 0.0016,	 Test Accuracy: 445/1000(45%)
Task: 5,	 Epoch: 13/80,	 Avg.loss: 0.0016,	 Test Accuracy: 442/1000(44%)
Task: 5,	 Epoch: 14/80,	 Avg.loss: 0.0016,	 Test Accuracy: 422/1000(42%)
Task: 5,	 Epoch: 15/80,	 Avg.loss: 0.0016,	 Test Accuracy: 423/1000(42%)
Task: 5,	 Epoch: 16/80,	 Avg.loss: 0.0015,	 Test Accuracy: 444/1000(44%)
Task: 5,	 Epoch: 17/80,	 Avg.loss: 0.0015,	 Test Accuracy: 444/1000(44%)
Task: 5,	 Epoch: 18/80,	 Avg.loss: 0.0015,	 Test Accuracy: 429/1000(43%)
Task: 5,	 Epoch: 19/80,	 Avg.loss: 0.0015,	 Test Accuracy: 455/1000(46%)
Task: 5,	 Epoch: 20/80,	 Avg.loss: 0.0015,	 Test Accuracy: 442/1000(44%)
Task: 5,	 Epoch: 21/80,	 Avg.loss: 0.0015,	 Test Accuracy: 439/1000(44%)
Task: 5,	 Epoch: 22/80,	 Avg.loss: 0.0015,	 Test Accuracy: 429/1000(43%)
Task: 5,	 Epoch: 23/80,	 Avg.loss: 0.0015,	 Test Accuracy: 451/1000(45%)
Task: 5,	 Epoch: 24/80,	 Avg.loss: 0.0015,	 Test Accuracy: 441/1000(44%)
Task: 5,	 Epoch: 25/80,	 Avg.loss: 0.0015,	 Test Accuracy: 446/1000(45%)
Task: 5,	 Epoch: 26/80,	 Avg.loss: 0.0015,	 Test Accuracy: 447/1000(45%)
Task: 5,	 Epoch: 27/80,	 Avg.loss: 0.0015,	 Test Accuracy: 449/1000(45%)
Task: 5,	 Epoch: 28/80,	 Avg.loss: 0.0015,	 Test Accuracy: 429/1000(43%)
Task: 5,	 Epoch: 29/80,	 Avg.loss: 0.0015,	 Test Accuracy: 429/1000(43%)
Task: 5,	 Epoch: 30/80,	 Avg.loss: 0.0015,	 Test Accuracy: 449/1000(45%)
Task: 5,	 Epoch: 31/80,	 Avg.loss: 0.0015,	 Test Accuracy: 448/1000(45%)
Task: 5,	 Epoch: 32/80,	 Avg.loss: 0.0015,	 Test Accuracy: 459/1000(46%)
Task: 5,	 Epoch: 33/80,	 Avg.loss: 0.0015,	 Test Accuracy: 432/1000(43%)
Task: 5,	 Epoch: 34/80,	 Avg.loss: 0.0015,	 Test Accuracy: 445/1000(45%)
Task: 5,	 Epoch: 35/80,	 Avg.loss: 0.0015,	 Test Accuracy: 457/1000(46%)
Task: 5,	 Epoch: 36/80,	 Avg.loss: 0.0016,	 Test Accuracy: 412/1000(41%)
Task: 5,	 Epoch: 37/80,	 Avg.loss: 0.0015,	 Test Accuracy: 432/1000(43%)
Task: 5,	 Epoch: 38/80,	 Avg.loss: 0.0015,	 Test Accuracy: 462/1000(46%)
Task: 5,	 Epoch: 39/80,	 Avg.loss: 0.0015,	 Test Accuracy: 447/1000(45%)
Task: 5,	 Epoch: 40/80,	 Avg.loss: 0.0015,	 Test Accuracy: 441/1000(44%)
Task: 5,	 Epoch: 41/80,	 Avg.loss: 0.0015,	 Test Accuracy: 452/1000(45%)
Task: 5,	 Epoch: 42/80,	 Avg.loss: 0.0016,	 Test Accuracy: 430/1000(43%)
Task: 5,	 Epoch: 43/80,	 Avg.loss: 0.0015,	 Test Accuracy: 465/1000(47%)
Task: 5,	 Epoch: 44/80,	 Avg.loss: 0.0015,	 Test Accuracy: 458/1000(46%)
Task: 5,	 Epoch: 45/80,	 Avg.loss: 0.0015,	 Test Accuracy: 455/1000(46%)
Task: 5,	 Epoch: 46/80,	 Avg.loss: 0.0015,	 Test Accuracy: 452/1000(45%)
Task: 5,	 Epoch: 47/80,	 Avg.loss: 0.0015,	 Test Accuracy: 452/1000(45%)
Task: 5,	 Epoch: 48/80,	 Avg.loss: 0.0015,	 Test Accuracy: 450/1000(45%)
Task: 5,	 Epoch: 49/80,	 Avg.loss: 0.0015,	 Test Accuracy: 466/1000(47%)
Task: 5,	 Epoch: 50/80,	 Avg.loss: 0.0015,	 Test Accuracy: 459/1000(46%)
Task: 5,	 Epoch: 51/80,	 Avg.loss: 0.0015,	 Test Accuracy: 452/1000(45%)
Task: 5,	 Epoch: 52/80,	 Avg.loss: 0.0015,	 Test Accuracy: 456/1000(46%)
Task: 5,	 Epoch: 53/80,	 Avg.loss: 0.0015,	 Test Accuracy: 461/1000(46%)
Task: 5,	 Epoch: 54/80,	 Avg.loss: 0.0015,	 Test Accuracy: 456/1000(46%)
Task: 5,	 Epoch: 55/80,	 Avg.loss: 0.0015,	 Test Accuracy: 466/1000(47%)
Task: 5,	 Epoch: 56/80,	 Avg.loss: 0.0015,	 Test Accuracy: 466/1000(47%)
Task: 5,	 Epoch: 57/80,	 Avg.loss: 0.0015,	 Test Accuracy: 459/1000(46%)
Task: 5,	 Epoch: 58/80,	 Avg.loss: 0.0015,	 Test Accuracy: 468/1000(47%)
Task: 5,	 Epoch: 59/80,	 Avg.loss: 0.0015,	 Test Accuracy: 466/1000(47%)
Task: 5,	 Epoch: 60/80,	 Avg.loss: 0.0015,	 Test Accuracy: 465/1000(47%)
Task: 5,	 Epoch: 61/80,	 Avg.loss: 0.0015,	 Test Accuracy: 466/1000(47%)
Task: 5,	 Epoch: 62/80,	 Avg.loss: 0.0015,	 Test Accuracy: 477/1000(48%)
Task: 5,	 Epoch: 63/80,	 Avg.loss: 0.0015,	 Test Accuracy: 458/1000(46%)
Task: 5,	 Epoch: 64/80,	 Avg.loss: 0.0015,	 Test Accuracy: 464/1000(46%)
Task: 5,	 Epoch: 65/80,	 Avg.loss: 0.0015,	 Test Accuracy: 465/1000(47%)
Task: 5,	 Epoch: 66/80,	 Avg.loss: 0.0015,	 Test Accuracy: 471/1000(47%)
Task: 5,	 Epoch: 67/80,	 Avg.loss: 0.0015,	 Test Accuracy: 453/1000(45%)
Task: 5,	 Epoch: 68/80,	 Avg.loss: 0.0015,	 Test Accuracy: 460/1000(46%)
Task: 5,	 Epoch: 69/80,	 Avg.loss: 0.0015,	 Test Accuracy: 469/1000(47%)
Task: 5,	 Epoch: 70/80,	 Avg.loss: 0.0014,	 Test Accuracy: 470/1000(47%)
Task: 5,	 Epoch: 71/80,	 Avg.loss: 0.0015,	 Test Accuracy: 468/1000(47%)
Task: 5,	 Epoch: 72/80,	 Avg.loss: 0.0015,	 Test Accuracy: 466/1000(47%)
Task: 5,	 Epoch: 73/80,	 Avg.loss: 0.0015,	 Test Accuracy: 461/1000(46%)
Task: 5,	 Epoch: 74/80,	 Avg.loss: 0.0015,	 Test Accuracy: 468/1000(47%)
Task: 5,	 Epoch: 75/80,	 Avg.loss: 0.0015,	 Test Accuracy: 465/1000(47%)
Task: 5,	 Epoch: 76/80,	 Avg.loss: 0.0015,	 Test Accuracy: 462/1000(46%)
Task: 5,	 Epoch: 77/80,	 Avg.loss: 0.0015,	 Test Accuracy: 461/1000(46%)
Task: 5,	 Epoch: 78/80,	 Avg.loss: 0.0015,	 Test Accuracy: 462/1000(46%)
Task: 5,	 Epoch: 79/80,	 Avg.loss: 0.0015,	 Test Accuracy: 467/1000(47%)
Trained Task:5, Loaded task:0, Accuracy:84.7%
Trained Task:5, Loaded task:1, Accuracy:72.1%
Trained Task:5, Loaded task:2, Accuracy:64.6%
Trained Task:5, Loaded task:3, Accuracy:51.0%
Trained Task:5, Loaded task:4, Accuracy:54.4%
Trained Task:5, Loaded task:5, Accuracy:46.7%
Trained Task:5, Avg. Accuracy: 62.3 

List of avg. accuracy: [87.2, 83.0, 75.6, 69.5, 66.0, 62.3]
Layer        : conv1_layer.3.weight
R.histogram  : tensor([1., 0., 2., 3., 6., 3., 6., 5., 5., 1.], device='cuda:0')
R_sum max/min: 14.4/-21.6
F.num_zeros  : 0/9216
W.num_zeros  : 0/9216
O.num_zeros  : 0/9216
Layer        : conv2_layer.3.weight
R.histogram  : tensor([ 2.,  0.,  2.,  0.,  6.,  4.,  7.,  6.,  2., 35.], device='cuda:0')
R_sum max/min: 4.7/-73.8
F.num_zeros  : 17856/36864
W.num_zeros  : 0/36864
O.num_zeros  : 17856/36864
Layer        : fc1_layer.0.weight
R.histogram  : tensor([  8.,  36.,  95., 347.,  16.,   6.,   2.,   1.,   0.,   1.],
       device='cuda:0')
R_sum max/min: 129.2/-77.1
F.num_zeros  : 1284179/2097152
W.num_zeros  : 0/2097152
O.num_zeros  : 1643925/2097152
Mask histogram
conv1_layer.3.weight: 	 tensor([   0.,    0.,    0.,    0.,    0.,    0.,    0., 8192.,    0.,    0.,
           0.], device='cuda:0')
conv2_layer.3.weight: 	 tensor([ 448., 1536.,  384.,  192.,  192.,  512.,  832.,    0.,    0.,    0.,
           0.], device='cuda:0')
fc1_layer.0.weight: 	 tensor([  0., 193.,  83.,  63.,  59.,  58.,  38.,  18.,   0.,   0.,   0.],
       device='cuda:0')
Task: 6,	 Epoch: 0/80,	 Avg.loss: 0.0015,	 Test Accuracy: 476/1000(48%)
Task: 6,	 Epoch: 1/80,	 Avg.loss: 0.0014,	 Test Accuracy: 511/1000(51%)
Task: 6,	 Epoch: 2/80,	 Avg.loss: 0.0013,	 Test Accuracy: 533/1000(53%)
Task: 6,	 Epoch: 3/80,	 Avg.loss: 0.0013,	 Test Accuracy: 540/1000(54%)
Task: 6,	 Epoch: 4/80,	 Avg.loss: 0.0013,	 Test Accuracy: 548/1000(55%)
Task: 6,	 Epoch: 5/80,	 Avg.loss: 0.0012,	 Test Accuracy: 555/1000(56%)
Task: 6,	 Epoch: 6/80,	 Avg.loss: 0.0012,	 Test Accuracy: 567/1000(57%)
Task: 6,	 Epoch: 7/80,	 Avg.loss: 0.0012,	 Test Accuracy: 564/1000(56%)
Task: 6,	 Epoch: 8/80,	 Avg.loss: 0.0012,	 Test Accuracy: 575/1000(58%)
Task: 6,	 Epoch: 9/80,	 Avg.loss: 0.0012,	 Test Accuracy: 577/1000(58%)
Task: 6,	 Epoch: 10/80,	 Avg.loss: 0.0012,	 Test Accuracy: 579/1000(58%)
Task: 6,	 Epoch: 11/80,	 Avg.loss: 0.0012,	 Test Accuracy: 583/1000(58%)
Task: 6,	 Epoch: 12/80,	 Avg.loss: 0.0012,	 Test Accuracy: 572/1000(57%)
Task: 6,	 Epoch: 13/80,	 Avg.loss: 0.0012,	 Test Accuracy: 592/1000(59%)
Task: 6,	 Epoch: 14/80,	 Avg.loss: 0.0012,	 Test Accuracy: 584/1000(58%)
Task: 6,	 Epoch: 15/80,	 Avg.loss: 0.0012,	 Test Accuracy: 579/1000(58%)
Task: 6,	 Epoch: 16/80,	 Avg.loss: 0.0012,	 Test Accuracy: 577/1000(58%)
Task: 6,	 Epoch: 17/80,	 Avg.loss: 0.0012,	 Test Accuracy: 592/1000(59%)
Task: 6,	 Epoch: 18/80,	 Avg.loss: 0.0012,	 Test Accuracy: 579/1000(58%)
Task: 6,	 Epoch: 19/80,	 Avg.loss: 0.0012,	 Test Accuracy: 574/1000(57%)
Task: 6,	 Epoch: 20/80,	 Avg.loss: 0.0012,	 Test Accuracy: 583/1000(58%)
Task: 6,	 Epoch: 21/80,	 Avg.loss: 0.0012,	 Test Accuracy: 573/1000(57%)
Task: 6,	 Epoch: 22/80,	 Avg.loss: 0.0012,	 Test Accuracy: 592/1000(59%)
Task: 6,	 Epoch: 23/80,	 Avg.loss: 0.0012,	 Test Accuracy: 580/1000(58%)
Task: 6,	 Epoch: 24/80,	 Avg.loss: 0.0012,	 Test Accuracy: 587/1000(59%)
Task: 6,	 Epoch: 25/80,	 Avg.loss: 0.0012,	 Test Accuracy: 595/1000(60%)
Task: 6,	 Epoch: 26/80,	 Avg.loss: 0.0012,	 Test Accuracy: 587/1000(59%)
Task: 6,	 Epoch: 27/80,	 Avg.loss: 0.0012,	 Test Accuracy: 598/1000(60%)
Task: 6,	 Epoch: 28/80,	 Avg.loss: 0.0012,	 Test Accuracy: 578/1000(58%)
Task: 6,	 Epoch: 29/80,	 Avg.loss: 0.0012,	 Test Accuracy: 574/1000(57%)
Task: 6,	 Epoch: 30/80,	 Avg.loss: 0.0011,	 Test Accuracy: 577/1000(58%)
Task: 6,	 Epoch: 31/80,	 Avg.loss: 0.0012,	 Test Accuracy: 589/1000(59%)
Task: 6,	 Epoch: 32/80,	 Avg.loss: 0.0012,	 Test Accuracy: 578/1000(58%)
Task: 6,	 Epoch: 33/80,	 Avg.loss: 0.0012,	 Test Accuracy: 600/1000(60%)
Task: 6,	 Epoch: 34/80,	 Avg.loss: 0.0012,	 Test Accuracy: 576/1000(58%)
Task: 6,	 Epoch: 35/80,	 Avg.loss: 0.0012,	 Test Accuracy: 585/1000(59%)
Task: 6,	 Epoch: 36/80,	 Avg.loss: 0.0012,	 Test Accuracy: 590/1000(59%)
Task: 6,	 Epoch: 37/80,	 Avg.loss: 0.0012,	 Test Accuracy: 590/1000(59%)
Task: 6,	 Epoch: 38/80,	 Avg.loss: 0.0012,	 Test Accuracy: 614/1000(61%)
Task: 6,	 Epoch: 39/80,	 Avg.loss: 0.0011,	 Test Accuracy: 603/1000(60%)
Task: 6,	 Epoch: 40/80,	 Avg.loss: 0.0011,	 Test Accuracy: 589/1000(59%)
Task: 6,	 Epoch: 41/80,	 Avg.loss: 0.0011,	 Test Accuracy: 595/1000(60%)
Task: 6,	 Epoch: 42/80,	 Avg.loss: 0.0012,	 Test Accuracy: 580/1000(58%)
Task: 6,	 Epoch: 43/80,	 Avg.loss: 0.0012,	 Test Accuracy: 596/1000(60%)
Task: 6,	 Epoch: 44/80,	 Avg.loss: 0.0012,	 Test Accuracy: 602/1000(60%)
Task: 6,	 Epoch: 45/80,	 Avg.loss: 0.0012,	 Test Accuracy: 590/1000(59%)
Task: 6,	 Epoch: 46/80,	 Avg.loss: 0.0011,	 Test Accuracy: 602/1000(60%)
Task: 6,	 Epoch: 47/80,	 Avg.loss: 0.0011,	 Test Accuracy: 591/1000(59%)
Task: 6,	 Epoch: 48/80,	 Avg.loss: 0.0012,	 Test Accuracy: 600/1000(60%)
Task: 6,	 Epoch: 49/80,	 Avg.loss: 0.0011,	 Test Accuracy: 608/1000(61%)
Task: 6,	 Epoch: 50/80,	 Avg.loss: 0.0011,	 Test Accuracy: 606/1000(61%)
Task: 6,	 Epoch: 51/80,	 Avg.loss: 0.0011,	 Test Accuracy: 607/1000(61%)
Task: 6,	 Epoch: 52/80,	 Avg.loss: 0.0011,	 Test Accuracy: 612/1000(61%)
Task: 6,	 Epoch: 53/80,	 Avg.loss: 0.0011,	 Test Accuracy: 607/1000(61%)
Task: 6,	 Epoch: 54/80,	 Avg.loss: 0.0011,	 Test Accuracy: 613/1000(61%)
Task: 6,	 Epoch: 55/80,	 Avg.loss: 0.0011,	 Test Accuracy: 613/1000(61%)
Task: 6,	 Epoch: 56/80,	 Avg.loss: 0.0011,	 Test Accuracy: 612/1000(61%)
Task: 6,	 Epoch: 57/80,	 Avg.loss: 0.0011,	 Test Accuracy: 608/1000(61%)
Task: 6,	 Epoch: 58/80,	 Avg.loss: 0.0011,	 Test Accuracy: 607/1000(61%)
Task: 6,	 Epoch: 59/80,	 Avg.loss: 0.0011,	 Test Accuracy: 606/1000(61%)
Task: 6,	 Epoch: 60/80,	 Avg.loss: 0.0011,	 Test Accuracy: 604/1000(60%)
Task: 6,	 Epoch: 61/80,	 Avg.loss: 0.0011,	 Test Accuracy: 605/1000(61%)
Task: 6,	 Epoch: 62/80,	 Avg.loss: 0.0011,	 Test Accuracy: 606/1000(61%)
Task: 6,	 Epoch: 63/80,	 Avg.loss: 0.0011,	 Test Accuracy: 601/1000(60%)
Task: 6,	 Epoch: 64/80,	 Avg.loss: 0.0011,	 Test Accuracy: 603/1000(60%)
Task: 6,	 Epoch: 65/80,	 Avg.loss: 0.0011,	 Test Accuracy: 608/1000(61%)
Task: 6,	 Epoch: 66/80,	 Avg.loss: 0.0011,	 Test Accuracy: 602/1000(60%)
Task: 6,	 Epoch: 67/80,	 Avg.loss: 0.0011,	 Test Accuracy: 610/1000(61%)
Task: 6,	 Epoch: 68/80,	 Avg.loss: 0.0011,	 Test Accuracy: 613/1000(61%)
Task: 6,	 Epoch: 69/80,	 Avg.loss: 0.0011,	 Test Accuracy: 608/1000(61%)
Task: 6,	 Epoch: 70/80,	 Avg.loss: 0.0011,	 Test Accuracy: 616/1000(62%)
Task: 6,	 Epoch: 71/80,	 Avg.loss: 0.0011,	 Test Accuracy: 609/1000(61%)
Task: 6,	 Epoch: 72/80,	 Avg.loss: 0.0011,	 Test Accuracy: 606/1000(61%)
Task: 6,	 Epoch: 73/80,	 Avg.loss: 0.0011,	 Test Accuracy: 611/1000(61%)
Task: 6,	 Epoch: 74/80,	 Avg.loss: 0.0011,	 Test Accuracy: 609/1000(61%)
Task: 6,	 Epoch: 75/80,	 Avg.loss: 0.0011,	 Test Accuracy: 607/1000(61%)
Task: 6,	 Epoch: 76/80,	 Avg.loss: 0.0011,	 Test Accuracy: 607/1000(61%)
Task: 6,	 Epoch: 77/80,	 Avg.loss: 0.0011,	 Test Accuracy: 608/1000(61%)
Task: 6,	 Epoch: 78/80,	 Avg.loss: 0.0011,	 Test Accuracy: 613/1000(61%)
Task: 6,	 Epoch: 79/80,	 Avg.loss: 0.0011,	 Test Accuracy: 611/1000(61%)
Trained Task:6, Loaded task:0, Accuracy:84.1%
Trained Task:6, Loaded task:1, Accuracy:72.0%
Trained Task:6, Loaded task:2, Accuracy:63.4%
Trained Task:6, Loaded task:3, Accuracy:51.8%
Trained Task:6, Loaded task:4, Accuracy:52.7%
Trained Task:6, Loaded task:5, Accuracy:45.7%
Trained Task:6, Loaded task:6, Accuracy:61.1%
Trained Task:6, Avg. Accuracy: 61.5 

List of avg. accuracy: [87.2, 83.0, 75.6, 69.5, 66.0, 62.3, 61.5]
Layer        : conv1_layer.3.weight
R.histogram  : tensor([1., 0., 2., 3., 6., 8., 2., 3., 5., 2.], device='cuda:0')
R_sum max/min: 14.6/-22.2
F.num_zeros  : 0/9216
W.num_zeros  : 0/9216
O.num_zeros  : 0/9216
Layer        : conv2_layer.3.weight
R.histogram  : tensor([ 2.,  2.,  0.,  1.,  5.,  2.,  9.,  4.,  6., 33.], device='cuda:0')
R_sum max/min: 0.8/-50.6
F.num_zeros  : 17856/36864
W.num_zeros  : 0/36864
O.num_zeros  : 17856/36864
Layer        : fc1_layer.0.weight
R.histogram  : tensor([  8.,  46., 154., 282.,  13.,   5.,   2.,   0.,   0.,   2.],
       device='cuda:0')
R_sum max/min: 144.2/-76.2
F.num_zeros  : 1266202/2097152
W.num_zeros  : 0/2097152
O.num_zeros  : 1639775/2097152
Mask histogram
conv1_layer.3.weight: 	 tensor([   0.,    0.,    0.,    0.,    0.,    0.,    0.,    0., 8192.,    0.,
           0.], device='cuda:0')
conv2_layer.3.weight: 	 tensor([ 384., 1600.,  384.,  128.,  128.,  128.,  512.,  832.,    0.,    0.,
           0.], device='cuda:0')
fc1_layer.0.weight: 	 tensor([  0., 183.,  76.,  43.,  57.,  50.,  49.,  36.,  18.,   0.,   0.],
       device='cuda:0')
Task: 7,	 Epoch: 0/80,	 Avg.loss: 0.0019,	 Test Accuracy: 331/1000(33%)
Task: 7,	 Epoch: 1/80,	 Avg.loss: 0.0019,	 Test Accuracy: 333/1000(33%)
Task: 7,	 Epoch: 2/80,	 Avg.loss: 0.0020,	 Test Accuracy: 313/1000(31%)
Task: 7,	 Epoch: 3/80,	 Avg.loss: 0.0018,	 Test Accuracy: 365/1000(36%)
Task: 7,	 Epoch: 4/80,	 Avg.loss: 0.0018,	 Test Accuracy: 354/1000(35%)
Task: 7,	 Epoch: 5/80,	 Avg.loss: 0.0018,	 Test Accuracy: 366/1000(37%)
Task: 7,	 Epoch: 6/80,	 Avg.loss: 0.0018,	 Test Accuracy: 366/1000(37%)
Task: 7,	 Epoch: 7/80,	 Avg.loss: 0.0018,	 Test Accuracy: 381/1000(38%)
Task: 7,	 Epoch: 8/80,	 Avg.loss: 0.0018,	 Test Accuracy: 372/1000(37%)
Task: 7,	 Epoch: 9/80,	 Avg.loss: 0.0018,	 Test Accuracy: 371/1000(37%)
Task: 7,	 Epoch: 10/80,	 Avg.loss: 0.0018,	 Test Accuracy: 346/1000(35%)
Task: 7,	 Epoch: 11/80,	 Avg.loss: 0.0017,	 Test Accuracy: 386/1000(39%)
Task: 7,	 Epoch: 12/80,	 Avg.loss: 0.0018,	 Test Accuracy: 377/1000(38%)
Task: 7,	 Epoch: 13/80,	 Avg.loss: 0.0017,	 Test Accuracy: 377/1000(38%)
Task: 7,	 Epoch: 14/80,	 Avg.loss: 0.0018,	 Test Accuracy: 372/1000(37%)
Task: 7,	 Epoch: 15/80,	 Avg.loss: 0.0017,	 Test Accuracy: 386/1000(39%)
Task: 7,	 Epoch: 16/80,	 Avg.loss: 0.0017,	 Test Accuracy: 384/1000(38%)
Task: 7,	 Epoch: 17/80,	 Avg.loss: 0.0018,	 Test Accuracy: 380/1000(38%)
Task: 7,	 Epoch: 18/80,	 Avg.loss: 0.0017,	 Test Accuracy: 368/1000(37%)
Task: 7,	 Epoch: 19/80,	 Avg.loss: 0.0017,	 Test Accuracy: 379/1000(38%)
Task: 7,	 Epoch: 20/80,	 Avg.loss: 0.0017,	 Test Accuracy: 372/1000(37%)
Task: 7,	 Epoch: 21/80,	 Avg.loss: 0.0017,	 Test Accuracy: 394/1000(39%)
Task: 7,	 Epoch: 22/80,	 Avg.loss: 0.0017,	 Test Accuracy: 381/1000(38%)
Task: 7,	 Epoch: 23/80,	 Avg.loss: 0.0017,	 Test Accuracy: 371/1000(37%)
Task: 7,	 Epoch: 24/80,	 Avg.loss: 0.0017,	 Test Accuracy: 379/1000(38%)
Task: 7,	 Epoch: 25/80,	 Avg.loss: 0.0017,	 Test Accuracy: 386/1000(39%)
Task: 7,	 Epoch: 26/80,	 Avg.loss: 0.0017,	 Test Accuracy: 368/1000(37%)
Task: 7,	 Epoch: 27/80,	 Avg.loss: 0.0017,	 Test Accuracy: 375/1000(38%)
Task: 7,	 Epoch: 28/80,	 Avg.loss: 0.0017,	 Test Accuracy: 371/1000(37%)
Task: 7,	 Epoch: 29/80,	 Avg.loss: 0.0017,	 Test Accuracy: 364/1000(36%)
Task: 7,	 Epoch: 30/80,	 Avg.loss: 0.0017,	 Test Accuracy: 383/1000(38%)
Task: 7,	 Epoch: 31/80,	 Avg.loss: 0.0017,	 Test Accuracy: 393/1000(39%)
Task: 7,	 Epoch: 32/80,	 Avg.loss: 0.0017,	 Test Accuracy: 369/1000(37%)
Task: 7,	 Epoch: 33/80,	 Avg.loss: 0.0017,	 Test Accuracy: 360/1000(36%)
Task: 7,	 Epoch: 34/80,	 Avg.loss: 0.0017,	 Test Accuracy: 376/1000(38%)
Task: 7,	 Epoch: 35/80,	 Avg.loss: 0.0017,	 Test Accuracy: 361/1000(36%)
Task: 7,	 Epoch: 36/80,	 Avg.loss: 0.0017,	 Test Accuracy: 379/1000(38%)
Task: 7,	 Epoch: 37/80,	 Avg.loss: 0.0017,	 Test Accuracy: 354/1000(35%)
Task: 7,	 Epoch: 38/80,	 Avg.loss: 0.0017,	 Test Accuracy: 393/1000(39%)
Task: 7,	 Epoch: 39/80,	 Avg.loss: 0.0018,	 Test Accuracy: 358/1000(36%)
Task: 7,	 Epoch: 40/80,	 Avg.loss: 0.0017,	 Test Accuracy: 374/1000(37%)
Task: 7,	 Epoch: 41/80,	 Avg.loss: 0.0017,	 Test Accuracy: 379/1000(38%)
Task: 7,	 Epoch: 42/80,	 Avg.loss: 0.0017,	 Test Accuracy: 380/1000(38%)
Task: 7,	 Epoch: 43/80,	 Avg.loss: 0.0017,	 Test Accuracy: 374/1000(37%)
Task: 7,	 Epoch: 44/80,	 Avg.loss: 0.0017,	 Test Accuracy: 367/1000(37%)
Task: 7,	 Epoch: 45/80,	 Avg.loss: 0.0017,	 Test Accuracy: 373/1000(37%)
Task: 7,	 Epoch: 46/80,	 Avg.loss: 0.0017,	 Test Accuracy: 386/1000(39%)
Task: 7,	 Epoch: 47/80,	 Avg.loss: 0.0017,	 Test Accuracy: 387/1000(39%)
Task: 7,	 Epoch: 48/80,	 Avg.loss: 0.0018,	 Test Accuracy: 374/1000(37%)
Task: 7,	 Epoch: 49/80,	 Avg.loss: 0.0017,	 Test Accuracy: 370/1000(37%)
Task: 7,	 Epoch: 50/80,	 Avg.loss: 0.0017,	 Test Accuracy: 376/1000(38%)
Task: 7,	 Epoch: 51/80,	 Avg.loss: 0.0017,	 Test Accuracy: 374/1000(37%)
Task: 7,	 Epoch: 52/80,	 Avg.loss: 0.0017,	 Test Accuracy: 377/1000(38%)
Task: 7,	 Epoch: 53/80,	 Avg.loss: 0.0017,	 Test Accuracy: 381/1000(38%)
Task: 7,	 Epoch: 54/80,	 Avg.loss: 0.0017,	 Test Accuracy: 374/1000(37%)
Task: 7,	 Epoch: 55/80,	 Avg.loss: 0.0017,	 Test Accuracy: 377/1000(38%)
Task: 7,	 Epoch: 56/80,	 Avg.loss: 0.0017,	 Test Accuracy: 380/1000(38%)
Task: 7,	 Epoch: 57/80,	 Avg.loss: 0.0017,	 Test Accuracy: 378/1000(38%)
Task: 7,	 Epoch: 58/80,	 Avg.loss: 0.0017,	 Test Accuracy: 373/1000(37%)
Task: 7,	 Epoch: 59/80,	 Avg.loss: 0.0017,	 Test Accuracy: 385/1000(38%)
Task: 7,	 Epoch: 60/80,	 Avg.loss: 0.0017,	 Test Accuracy: 380/1000(38%)
Task: 7,	 Epoch: 61/80,	 Avg.loss: 0.0017,	 Test Accuracy: 384/1000(38%)
Task: 7,	 Epoch: 62/80,	 Avg.loss: 0.0017,	 Test Accuracy: 383/1000(38%)
Task: 7,	 Epoch: 63/80,	 Avg.loss: 0.0017,	 Test Accuracy: 377/1000(38%)
Task: 7,	 Epoch: 64/80,	 Avg.loss: 0.0017,	 Test Accuracy: 372/1000(37%)
Task: 7,	 Epoch: 65/80,	 Avg.loss: 0.0017,	 Test Accuracy: 382/1000(38%)
Task: 7,	 Epoch: 66/80,	 Avg.loss: 0.0017,	 Test Accuracy: 378/1000(38%)
Task: 7,	 Epoch: 67/80,	 Avg.loss: 0.0017,	 Test Accuracy: 378/1000(38%)
Task: 7,	 Epoch: 68/80,	 Avg.loss: 0.0017,	 Test Accuracy: 381/1000(38%)
Task: 7,	 Epoch: 69/80,	 Avg.loss: 0.0017,	 Test Accuracy: 370/1000(37%)
Task: 7,	 Epoch: 70/80,	 Avg.loss: 0.0017,	 Test Accuracy: 373/1000(37%)
Task: 7,	 Epoch: 71/80,	 Avg.loss: 0.0017,	 Test Accuracy: 383/1000(38%)
Task: 7,	 Epoch: 72/80,	 Avg.loss: 0.0017,	 Test Accuracy: 384/1000(38%)
Task: 7,	 Epoch: 73/80,	 Avg.loss: 0.0017,	 Test Accuracy: 381/1000(38%)
Task: 7,	 Epoch: 74/80,	 Avg.loss: 0.0017,	 Test Accuracy: 380/1000(38%)
Task: 7,	 Epoch: 75/80,	 Avg.loss: 0.0017,	 Test Accuracy: 375/1000(38%)
Task: 7,	 Epoch: 76/80,	 Avg.loss: 0.0017,	 Test Accuracy: 382/1000(38%)
Task: 7,	 Epoch: 77/80,	 Avg.loss: 0.0017,	 Test Accuracy: 381/1000(38%)
Task: 7,	 Epoch: 78/80,	 Avg.loss: 0.0017,	 Test Accuracy: 382/1000(38%)
Task: 7,	 Epoch: 79/80,	 Avg.loss: 0.0017,	 Test Accuracy: 377/1000(38%)
Trained Task:7, Loaded task:0, Accuracy:83.7%
Trained Task:7, Loaded task:1, Accuracy:71.2%
Trained Task:7, Loaded task:2, Accuracy:63.3%
Trained Task:7, Loaded task:3, Accuracy:50.8%
Trained Task:7, Loaded task:4, Accuracy:52.3%
Trained Task:7, Loaded task:5, Accuracy:46.6%
Trained Task:7, Loaded task:6, Accuracy:61.5%
Trained Task:7, Loaded task:7, Accuracy:37.7%
Trained Task:7, Avg. Accuracy: 58.4 

List of avg. accuracy: [87.2, 83.0, 75.6, 69.5, 66.0, 62.3, 61.5, 58.4]
Layer        : conv1_layer.3.weight
R.histogram  : tensor([1., 0., 1., 4., 9., 8., 0., 4., 3., 2.], device='cuda:0')
R_sum max/min: 18.3/-30.4
F.num_zeros  : 0/9216
W.num_zeros  : 0/9216
O.num_zeros  : 0/9216
Layer        : conv2_layer.3.weight
R.histogram  : tensor([ 1.,  1.,  3.,  5.,  3., 14., 34.,  1.,  1.,  1.], device='cuda:0')
R_sum max/min: 27.8/-51.3
F.num_zeros  : 17856/36864
W.num_zeros  : 0/36864
O.num_zeros  : 17856/36864
Layer        : fc1_layer.0.weight
R.histogram  : tensor([  3.,  24., 110., 354.,  15.,   2.,   1.,   2.,   0.,   1.],
       device='cuda:0')
R_sum max/min: 164.1/-95.7
F.num_zeros  : 1273627/2097152
W.num_zeros  : 0/2097152
O.num_zeros  : 1638367/2097152
Mask histogram
conv1_layer.3.weight: 	 tensor([   0.,    0.,    0.,    0.,    0.,    0.,    0.,    0.,    0., 8192.,
           0.], device='cuda:0')
conv2_layer.3.weight: 	 tensor([ 384., 1472.,  448.,  192.,   64.,  192.,    0.,  512.,  832.,    0.,
           0.], device='cuda:0')
fc1_layer.0.weight: 	 tensor([  0., 168.,  79.,  41.,  38.,  51.,  35.,  48.,  34.,  18.,   0.],
       device='cuda:0')
Task: 8,	 Epoch: 0/80,	 Avg.loss: 0.0014,	 Test Accuracy: 488/1000(49%)
Task: 8,	 Epoch: 1/80,	 Avg.loss: 0.0013,	 Test Accuracy: 537/1000(54%)
Task: 8,	 Epoch: 2/80,	 Avg.loss: 0.0013,	 Test Accuracy: 550/1000(55%)
Task: 8,	 Epoch: 3/80,	 Avg.loss: 0.0012,	 Test Accuracy: 580/1000(58%)
Task: 8,	 Epoch: 4/80,	 Avg.loss: 0.0012,	 Test Accuracy: 602/1000(60%)
Task: 8,	 Epoch: 5/80,	 Avg.loss: 0.0012,	 Test Accuracy: 579/1000(58%)
Task: 8,	 Epoch: 6/80,	 Avg.loss: 0.0012,	 Test Accuracy: 581/1000(58%)
Task: 8,	 Epoch: 7/80,	 Avg.loss: 0.0012,	 Test Accuracy: 591/1000(59%)
Task: 8,	 Epoch: 8/80,	 Avg.loss: 0.0011,	 Test Accuracy: 600/1000(60%)
Task: 8,	 Epoch: 9/80,	 Avg.loss: 0.0012,	 Test Accuracy: 592/1000(59%)
Task: 8,	 Epoch: 10/80,	 Avg.loss: 0.0011,	 Test Accuracy: 596/1000(60%)
Task: 8,	 Epoch: 11/80,	 Avg.loss: 0.0012,	 Test Accuracy: 596/1000(60%)
Task: 8,	 Epoch: 12/80,	 Avg.loss: 0.0012,	 Test Accuracy: 595/1000(60%)
Task: 8,	 Epoch: 13/80,	 Avg.loss: 0.0012,	 Test Accuracy: 588/1000(59%)
Task: 8,	 Epoch: 14/80,	 Avg.loss: 0.0011,	 Test Accuracy: 609/1000(61%)
Task: 8,	 Epoch: 15/80,	 Avg.loss: 0.0012,	 Test Accuracy: 597/1000(60%)
Task: 8,	 Epoch: 16/80,	 Avg.loss: 0.0011,	 Test Accuracy: 610/1000(61%)
Task: 8,	 Epoch: 17/80,	 Avg.loss: 0.0011,	 Test Accuracy: 620/1000(62%)
Task: 8,	 Epoch: 18/80,	 Avg.loss: 0.0014,	 Test Accuracy: 528/1000(53%)
Task: 8,	 Epoch: 19/80,	 Avg.loss: 0.0011,	 Test Accuracy: 590/1000(59%)
Task: 8,	 Epoch: 20/80,	 Avg.loss: 0.0011,	 Test Accuracy: 600/1000(60%)
Task: 8,	 Epoch: 21/80,	 Avg.loss: 0.0011,	 Test Accuracy: 598/1000(60%)
Task: 8,	 Epoch: 22/80,	 Avg.loss: 0.0011,	 Test Accuracy: 616/1000(62%)
Task: 8,	 Epoch: 23/80,	 Avg.loss: 0.0011,	 Test Accuracy: 604/1000(60%)
Task: 8,	 Epoch: 24/80,	 Avg.loss: 0.0011,	 Test Accuracy: 606/1000(61%)
Task: 8,	 Epoch: 25/80,	 Avg.loss: 0.0012,	 Test Accuracy: 586/1000(59%)
Task: 8,	 Epoch: 26/80,	 Avg.loss: 0.0011,	 Test Accuracy: 620/1000(62%)
Task: 8,	 Epoch: 27/80,	 Avg.loss: 0.0011,	 Test Accuracy: 601/1000(60%)
Task: 8,	 Epoch: 28/80,	 Avg.loss: 0.0011,	 Test Accuracy: 620/1000(62%)
Task: 8,	 Epoch: 29/80,	 Avg.loss: 0.0011,	 Test Accuracy: 608/1000(61%)
Task: 8,	 Epoch: 30/80,	 Avg.loss: 0.0012,	 Test Accuracy: 581/1000(58%)
Task: 8,	 Epoch: 31/80,	 Avg.loss: 0.0011,	 Test Accuracy: 616/1000(62%)
Task: 8,	 Epoch: 32/80,	 Avg.loss: 0.0011,	 Test Accuracy: 596/1000(60%)
Task: 8,	 Epoch: 33/80,	 Avg.loss: 0.0011,	 Test Accuracy: 596/1000(60%)
Task: 8,	 Epoch: 34/80,	 Avg.loss: 0.0011,	 Test Accuracy: 611/1000(61%)
Task: 8,	 Epoch: 35/80,	 Avg.loss: 0.0011,	 Test Accuracy: 592/1000(59%)
Task: 8,	 Epoch: 36/80,	 Avg.loss: 0.0011,	 Test Accuracy: 618/1000(62%)
Task: 8,	 Epoch: 37/80,	 Avg.loss: 0.0011,	 Test Accuracy: 628/1000(63%)
Task: 8,	 Epoch: 38/80,	 Avg.loss: 0.0011,	 Test Accuracy: 614/1000(61%)
Task: 8,	 Epoch: 39/80,	 Avg.loss: 0.0011,	 Test Accuracy: 625/1000(63%)
Task: 8,	 Epoch: 40/80,	 Avg.loss: 0.0012,	 Test Accuracy: 599/1000(60%)
Task: 8,	 Epoch: 41/80,	 Avg.loss: 0.0011,	 Test Accuracy: 628/1000(63%)
Task: 8,	 Epoch: 42/80,	 Avg.loss: 0.0011,	 Test Accuracy: 623/1000(62%)
Task: 8,	 Epoch: 43/80,	 Avg.loss: 0.0011,	 Test Accuracy: 639/1000(64%)
Task: 8,	 Epoch: 44/80,	 Avg.loss: 0.0011,	 Test Accuracy: 615/1000(62%)
Task: 8,	 Epoch: 45/80,	 Avg.loss: 0.0011,	 Test Accuracy: 620/1000(62%)
Task: 8,	 Epoch: 46/80,	 Avg.loss: 0.0011,	 Test Accuracy: 631/1000(63%)
Task: 8,	 Epoch: 47/80,	 Avg.loss: 0.0011,	 Test Accuracy: 621/1000(62%)
Task: 8,	 Epoch: 48/80,	 Avg.loss: 0.0011,	 Test Accuracy: 620/1000(62%)
Task: 8,	 Epoch: 49/80,	 Avg.loss: 0.0011,	 Test Accuracy: 601/1000(60%)
Task: 8,	 Epoch: 50/80,	 Avg.loss: 0.0011,	 Test Accuracy: 631/1000(63%)
Task: 8,	 Epoch: 51/80,	 Avg.loss: 0.0011,	 Test Accuracy: 622/1000(62%)
Task: 8,	 Epoch: 52/80,	 Avg.loss: 0.0011,	 Test Accuracy: 631/1000(63%)
Task: 8,	 Epoch: 53/80,	 Avg.loss: 0.0011,	 Test Accuracy: 634/1000(63%)
Task: 8,	 Epoch: 54/80,	 Avg.loss: 0.0011,	 Test Accuracy: 632/1000(63%)
Task: 8,	 Epoch: 55/80,	 Avg.loss: 0.0011,	 Test Accuracy: 631/1000(63%)
Task: 8,	 Epoch: 56/80,	 Avg.loss: 0.0011,	 Test Accuracy: 639/1000(64%)
Task: 8,	 Epoch: 57/80,	 Avg.loss: 0.0011,	 Test Accuracy: 625/1000(63%)
Task: 8,	 Epoch: 58/80,	 Avg.loss: 0.0011,	 Test Accuracy: 619/1000(62%)
Task: 8,	 Epoch: 59/80,	 Avg.loss: 0.0011,	 Test Accuracy: 629/1000(63%)
Task: 8,	 Epoch: 60/80,	 Avg.loss: 0.0011,	 Test Accuracy: 635/1000(64%)
Task: 8,	 Epoch: 61/80,	 Avg.loss: 0.0011,	 Test Accuracy: 629/1000(63%)
Task: 8,	 Epoch: 62/80,	 Avg.loss: 0.0011,	 Test Accuracy: 629/1000(63%)
Task: 8,	 Epoch: 63/80,	 Avg.loss: 0.0011,	 Test Accuracy: 626/1000(63%)
Task: 8,	 Epoch: 64/80,	 Avg.loss: 0.0011,	 Test Accuracy: 628/1000(63%)
Task: 8,	 Epoch: 65/80,	 Avg.loss: 0.0011,	 Test Accuracy: 630/1000(63%)
Task: 8,	 Epoch: 66/80,	 Avg.loss: 0.0011,	 Test Accuracy: 633/1000(63%)
Task: 8,	 Epoch: 67/80,	 Avg.loss: 0.0011,	 Test Accuracy: 624/1000(62%)
Task: 8,	 Epoch: 68/80,	 Avg.loss: 0.0011,	 Test Accuracy: 630/1000(63%)
Task: 8,	 Epoch: 69/80,	 Avg.loss: 0.0011,	 Test Accuracy: 626/1000(63%)
Task: 8,	 Epoch: 70/80,	 Avg.loss: 0.0011,	 Test Accuracy: 633/1000(63%)
Task: 8,	 Epoch: 71/80,	 Avg.loss: 0.0011,	 Test Accuracy: 634/1000(63%)
Task: 8,	 Epoch: 72/80,	 Avg.loss: 0.0011,	 Test Accuracy: 628/1000(63%)
Task: 8,	 Epoch: 73/80,	 Avg.loss: 0.0011,	 Test Accuracy: 631/1000(63%)
Task: 8,	 Epoch: 74/80,	 Avg.loss: 0.0011,	 Test Accuracy: 630/1000(63%)
Task: 8,	 Epoch: 75/80,	 Avg.loss: 0.0011,	 Test Accuracy: 638/1000(64%)
Task: 8,	 Epoch: 76/80,	 Avg.loss: 0.0011,	 Test Accuracy: 638/1000(64%)
Task: 8,	 Epoch: 77/80,	 Avg.loss: 0.0011,	 Test Accuracy: 629/1000(63%)
Task: 8,	 Epoch: 78/80,	 Avg.loss: 0.0011,	 Test Accuracy: 634/1000(63%)
Task: 8,	 Epoch: 79/80,	 Avg.loss: 0.0011,	 Test Accuracy: 630/1000(63%)
Trained Task:8, Loaded task:0, Accuracy:81.8%
Trained Task:8, Loaded task:1, Accuracy:70.1%
Trained Task:8, Loaded task:2, Accuracy:64.3%
Trained Task:8, Loaded task:3, Accuracy:49.3%
Trained Task:8, Loaded task:4, Accuracy:52.6%
Trained Task:8, Loaded task:5, Accuracy:46.4%
Trained Task:8, Loaded task:6, Accuracy:56.9%
Trained Task:8, Loaded task:7, Accuracy:39.3%
Trained Task:8, Loaded task:8, Accuracy:63.0%
Trained Task:8, Avg. Accuracy: 58.2 

List of avg. accuracy: [87.2, 83.0, 75.6, 69.5, 66.0, 62.3, 61.5, 58.4, 58.2]
Layer        : conv1_layer.3.weight
R.histogram  : tensor([1., 0., 4., 6., 6., 8., 2., 3., 1., 1.], device='cuda:0')
R_sum max/min: 18.9/-23.5
F.num_zeros  : 0/9216
W.num_zeros  : 0/9216
O.num_zeros  : 0/9216
Layer        : conv2_layer.3.weight
R.histogram  : tensor([ 1.,  1.,  1.,  1.,  5.,  3.,  4., 11.,  5., 32.], device='cuda:0')
R_sum max/min: 0.0/-53.6
F.num_zeros  : 17856/36864
W.num_zeros  : 0/36864
O.num_zeros  : 17856/36864
Layer        : fc1_layer.0.weight
R.histogram  : tensor([  7.,  33.,  94., 346.,  17.,   7.,   4.,   1.,   1.,   2.],
       device='cuda:0')
R_sum max/min: 124.0/-76.1
F.num_zeros  : 1249497/2097152
W.num_zeros  : 0/2097152
O.num_zeros  : 1628092/2097152
Mask histogram
conv1_layer.3.weight: 	 tensor([   0.,    0.,    0.,    0.,    0.,    0.,    0.,    0.,    0.,    0.,
        8192.], device='cuda:0')
conv2_layer.3.weight: 	 tensor([ 320., 1472.,  512.,  192.,   64.,   64.,  128.,    0.,  512.,  832.,
           0.], device='cuda:0')
fc1_layer.0.weight: 	 tensor([  0., 159.,  74.,  46.,  31.,  38.,  31.,  36.,  47.,  33.,  17.],
       device='cuda:0')
Task: 9,	 Epoch: 0/80,	 Avg.loss: 0.0023,	 Test Accuracy: 100/1000(10%)
Task: 9,	 Epoch: 1/80,	 Avg.loss: 0.0023,	 Test Accuracy: 100/1000(10%)
Task: 9,	 Epoch: 2/80,	 Avg.loss: 0.0023,	 Test Accuracy: 100/1000(10%)
Task: 9,	 Epoch: 3/80,	 Avg.loss: 0.0023,	 Test Accuracy: 100/1000(10%)
Task: 9,	 Epoch: 4/80,	 Avg.loss: 0.0023,	 Test Accuracy: 100/1000(10%)
Task: 9,	 Epoch: 5/80,	 Avg.loss: 0.0023,	 Test Accuracy: 100/1000(10%)
Task: 9,	 Epoch: 6/80,	 Avg.loss: 0.0023,	 Test Accuracy: 100/1000(10%)
Task: 9,	 Epoch: 7/80,	 Avg.loss: 0.0023,	 Test Accuracy: 100/1000(10%)
Task: 9,	 Epoch: 8/80,	 Avg.loss: 0.0023,	 Test Accuracy: 100/1000(10%)
Task: 9,	 Epoch: 9/80,	 Avg.loss: 0.0023,	 Test Accuracy: 100/1000(10%)
Task: 9,	 Epoch: 10/80,	 Avg.loss: 0.0023,	 Test Accuracy: 100/1000(10%)
Task: 9,	 Epoch: 11/80,	 Avg.loss: 0.0023,	 Test Accuracy: 100/1000(10%)
Task: 9,	 Epoch: 12/80,	 Avg.loss: 0.0023,	 Test Accuracy: 100/1000(10%)
Task: 9,	 Epoch: 13/80,	 Avg.loss: 0.0023,	 Test Accuracy: 100/1000(10%)
Task: 9,	 Epoch: 14/80,	 Avg.loss: 0.0023,	 Test Accuracy: 100/1000(10%)
Task: 9,	 Epoch: 15/80,	 Avg.loss: 0.0023,	 Test Accuracy: 100/1000(10%)
Task: 9,	 Epoch: 16/80,	 Avg.loss: 0.0023,	 Test Accuracy: 100/1000(10%)
Task: 9,	 Epoch: 17/80,	 Avg.loss: 0.0023,	 Test Accuracy: 100/1000(10%)
Task: 9,	 Epoch: 18/80,	 Avg.loss: 0.0023,	 Test Accuracy: 100/1000(10%)
Task: 9,	 Epoch: 19/80,	 Avg.loss: 0.0023,	 Test Accuracy: 100/1000(10%)
Task: 9,	 Epoch: 20/80,	 Avg.loss: 0.0023,	 Test Accuracy: 100/1000(10%)
Task: 9,	 Epoch: 21/80,	 Avg.loss: 0.0023,	 Test Accuracy: 100/1000(10%)
Task: 9,	 Epoch: 22/80,	 Avg.loss: 0.0023,	 Test Accuracy: 100/1000(10%)
Task: 9,	 Epoch: 23/80,	 Avg.loss: 0.0023,	 Test Accuracy: 100/1000(10%)
Task: 9,	 Epoch: 24/80,	 Avg.loss: 0.0023,	 Test Accuracy: 100/1000(10%)
Task: 9,	 Epoch: 25/80,	 Avg.loss: 0.0023,	 Test Accuracy: 100/1000(10%)
Task: 9,	 Epoch: 26/80,	 Avg.loss: 0.0023,	 Test Accuracy: 100/1000(10%)
Task: 9,	 Epoch: 27/80,	 Avg.loss: 0.0023,	 Test Accuracy: 100/1000(10%)
Task: 9,	 Epoch: 28/80,	 Avg.loss: 0.0023,	 Test Accuracy: 100/1000(10%)
Task: 9,	 Epoch: 29/80,	 Avg.loss: 0.0023,	 Test Accuracy: 100/1000(10%)
Task: 9,	 Epoch: 30/80,	 Avg.loss: 0.0023,	 Test Accuracy: 100/1000(10%)
Task: 9,	 Epoch: 31/80,	 Avg.loss: 0.0023,	 Test Accuracy: 100/1000(10%)
Task: 9,	 Epoch: 32/80,	 Avg.loss: 0.0023,	 Test Accuracy: 100/1000(10%)
Task: 9,	 Epoch: 33/80,	 Avg.loss: 0.0023,	 Test Accuracy: 100/1000(10%)
Task: 9,	 Epoch: 34/80,	 Avg.loss: 0.0023,	 Test Accuracy: 100/1000(10%)
Task: 9,	 Epoch: 35/80,	 Avg.loss: 0.0023,	 Test Accuracy: 100/1000(10%)
Task: 9,	 Epoch: 36/80,	 Avg.loss: 0.0023,	 Test Accuracy: 100/1000(10%)
Task: 9,	 Epoch: 37/80,	 Avg.loss: 0.0023,	 Test Accuracy: 100/1000(10%)
Task: 9,	 Epoch: 38/80,	 Avg.loss: 0.0023,	 Test Accuracy: 100/1000(10%)
Task: 9,	 Epoch: 39/80,	 Avg.loss: 0.0023,	 Test Accuracy: 100/1000(10%)
Task: 9,	 Epoch: 40/80,	 Avg.loss: 0.0023,	 Test Accuracy: 100/1000(10%)
Task: 9,	 Epoch: 41/80,	 Avg.loss: 0.0023,	 Test Accuracy: 100/1000(10%)
Task: 9,	 Epoch: 42/80,	 Avg.loss: 0.0023,	 Test Accuracy: 100/1000(10%)
Task: 9,	 Epoch: 43/80,	 Avg.loss: 0.0023,	 Test Accuracy: 100/1000(10%)
Task: 9,	 Epoch: 44/80,	 Avg.loss: 0.0023,	 Test Accuracy: 100/1000(10%)
Task: 9,	 Epoch: 45/80,	 Avg.loss: 0.0023,	 Test Accuracy: 100/1000(10%)
Task: 9,	 Epoch: 46/80,	 Avg.loss: 0.0023,	 Test Accuracy: 100/1000(10%)
Task: 9,	 Epoch: 47/80,	 Avg.loss: 0.0023,	 Test Accuracy: 100/1000(10%)
Task: 9,	 Epoch: 48/80,	 Avg.loss: 0.0023,	 Test Accuracy: 100/1000(10%)
Task: 9,	 Epoch: 49/80,	 Avg.loss: 0.0023,	 Test Accuracy: 100/1000(10%)
Task: 9,	 Epoch: 50/80,	 Avg.loss: 0.0023,	 Test Accuracy: 100/1000(10%)
Task: 9,	 Epoch: 51/80,	 Avg.loss: 0.0023,	 Test Accuracy: 100/1000(10%)
Task: 9,	 Epoch: 52/80,	 Avg.loss: 0.0023,	 Test Accuracy: 100/1000(10%)
Task: 9,	 Epoch: 53/80,	 Avg.loss: 0.0023,	 Test Accuracy: 100/1000(10%)
Task: 9,	 Epoch: 54/80,	 Avg.loss: 0.0023,	 Test Accuracy: 100/1000(10%)
Task: 9,	 Epoch: 55/80,	 Avg.loss: 0.0023,	 Test Accuracy: 100/1000(10%)
Task: 9,	 Epoch: 56/80,	 Avg.loss: 0.0023,	 Test Accuracy: 100/1000(10%)
Task: 9,	 Epoch: 57/80,	 Avg.loss: 0.0023,	 Test Accuracy: 100/1000(10%)
Task: 9,	 Epoch: 58/80,	 Avg.loss: 0.0023,	 Test Accuracy: 100/1000(10%)
Task: 9,	 Epoch: 59/80,	 Avg.loss: 0.0023,	 Test Accuracy: 100/1000(10%)
Task: 9,	 Epoch: 60/80,	 Avg.loss: 0.0023,	 Test Accuracy: 100/1000(10%)
Task: 9,	 Epoch: 61/80,	 Avg.loss: 0.0023,	 Test Accuracy: 100/1000(10%)
Task: 9,	 Epoch: 62/80,	 Avg.loss: 0.0023,	 Test Accuracy: 100/1000(10%)
Task: 9,	 Epoch: 63/80,	 Avg.loss: 0.0023,	 Test Accuracy: 100/1000(10%)
Task: 9,	 Epoch: 64/80,	 Avg.loss: 0.0023,	 Test Accuracy: 100/1000(10%)
Task: 9,	 Epoch: 65/80,	 Avg.loss: 0.0023,	 Test Accuracy: 100/1000(10%)
Task: 9,	 Epoch: 66/80,	 Avg.loss: 0.0023,	 Test Accuracy: 100/1000(10%)
Task: 9,	 Epoch: 67/80,	 Avg.loss: 0.0023,	 Test Accuracy: 100/1000(10%)
Task: 9,	 Epoch: 68/80,	 Avg.loss: 0.0023,	 Test Accuracy: 100/1000(10%)
Task: 9,	 Epoch: 69/80,	 Avg.loss: 0.0023,	 Test Accuracy: 100/1000(10%)
Task: 9,	 Epoch: 70/80,	 Avg.loss: 0.0023,	 Test Accuracy: 100/1000(10%)
Task: 9,	 Epoch: 71/80,	 Avg.loss: 0.0023,	 Test Accuracy: 100/1000(10%)
Task: 9,	 Epoch: 72/80,	 Avg.loss: 0.0023,	 Test Accuracy: 100/1000(10%)
Task: 9,	 Epoch: 73/80,	 Avg.loss: 0.0023,	 Test Accuracy: 100/1000(10%)
Task: 9,	 Epoch: 74/80,	 Avg.loss: 0.0023,	 Test Accuracy: 100/1000(10%)
Task: 9,	 Epoch: 75/80,	 Avg.loss: 0.0023,	 Test Accuracy: 100/1000(10%)
Task: 9,	 Epoch: 76/80,	 Avg.loss: 0.0023,	 Test Accuracy: 100/1000(10%)
Task: 9,	 Epoch: 77/80,	 Avg.loss: 0.0023,	 Test Accuracy: 100/1000(10%)
Task: 9,	 Epoch: 78/80,	 Avg.loss: 0.0023,	 Test Accuracy: 100/1000(10%)
Task: 9,	 Epoch: 79/80,	 Avg.loss: 0.0023,	 Test Accuracy: 100/1000(10%)
Trained Task:9, Loaded task:0, Accuracy:81.9%
Trained Task:9, Loaded task:1, Accuracy:69.3%
Trained Task:9, Loaded task:2, Accuracy:63.8%
Trained Task:9, Loaded task:3, Accuracy:50.3%
Trained Task:9, Loaded task:4, Accuracy:52.1%
Trained Task:9, Loaded task:5, Accuracy:46.3%
Trained Task:9, Loaded task:6, Accuracy:60.6%
Trained Task:9, Loaded task:7, Accuracy:39.3%
Trained Task:9, Loaded task:8, Accuracy:63.1%
Trained Task:9, Loaded task:9, Accuracy:10.0%
Trained Task:9, Avg. Accuracy: 53.7 

List of avg. accuracy: [87.2, 83.0, 75.6, 69.5, 66.0, 62.3, 61.5, 58.4, 58.2, 53.7]
