Layer        : conv1_layer.2.weight
R.histogram  : tensor([7., 7., 1., 5., 4., 4., 2., 0., 1., 1.], device='cuda:0')
R_sum max/min: 57.6/0.0
F.num_zeros  : 288/9216
W.num_zeros  : 0/9216
O.num_zeros  : 0/9216
Layer        : conv2_layer.2.weight
R.histogram  : tensor([22., 11., 11.,  6.,  3.,  4.,  0.,  3.,  2.,  2.], device='cuda:0')
R_sum max/min: 95.1/0.0
F.num_zeros  : 9003/36864
W.num_zeros  : 0/36864
O.num_zeros  : 0/36864
Layer        : fc1_layer.0.weight
R.histogram  : tensor([330.,  93.,  56.,  20.,   5.,   3.,   2.,   2.,   0.,   1.],
       device='cuda:0')
R_sum max/min: 532.9/0.0
F.num_zeros  : 1275017/2097152
W.num_zeros  : 0/2097152
O.num_zeros  : 0/2097152
Mask histogram
conv1_layer.2.weight: 	 tensor([   0., 8192.,    0.,    0.,    0.,    0.,    0.,    0.,    0.,    0.,
           0.], device='cuda:0')
conv2_layer.2.weight: 	 tensor([2496., 1600.,    0.,    0.,    0.,    0.,    0.,    0.,    0.,    0.,
           0.], device='cuda:0')
fc1_layer.0.weight: 	 tensor([308., 204.,   0.,   0.,   0.,   0.,   0.,   0.,   0.,   0.,   0.],
       device='cuda:0')
Task: 0,	 Epoch: 0/80,	 Avg.loss: 0.0011,	 Accuracy: 624/1000(62%)
Task: 0,	 Epoch: 1/80,	 Avg.loss: 0.0009,	 Accuracy: 691/1000(69%)
Task: 0,	 Epoch: 2/80,	 Avg.loss: 0.0008,	 Accuracy: 741/1000(74%)
Task: 0,	 Epoch: 3/80,	 Avg.loss: 0.0007,	 Accuracy: 766/1000(77%)
Task: 0,	 Epoch: 4/80,	 Avg.loss: 0.0007,	 Accuracy: 750/1000(75%)
Task: 0,	 Epoch: 5/80,	 Avg.loss: 0.0006,	 Accuracy: 796/1000(80%)
Task: 0,	 Epoch: 6/80,	 Avg.loss: 0.0006,	 Accuracy: 781/1000(78%)
Task: 0,	 Epoch: 7/80,	 Avg.loss: 0.0006,	 Accuracy: 815/1000(82%)
Task: 0,	 Epoch: 8/80,	 Avg.loss: 0.0006,	 Accuracy: 810/1000(81%)
Task: 0,	 Epoch: 9/80,	 Avg.loss: 0.0006,	 Accuracy: 799/1000(80%)
Task: 0,	 Epoch: 10/80,	 Avg.loss: 0.0006,	 Accuracy: 794/1000(79%)
Task: 0,	 Epoch: 11/80,	 Avg.loss: 0.0005,	 Accuracy: 819/1000(82%)
Task: 0,	 Epoch: 12/80,	 Avg.loss: 0.0005,	 Accuracy: 826/1000(83%)
Task: 0,	 Epoch: 13/80,	 Avg.loss: 0.0005,	 Accuracy: 832/1000(83%)
Task: 0,	 Epoch: 14/80,	 Avg.loss: 0.0005,	 Accuracy: 832/1000(83%)
Task: 0,	 Epoch: 15/80,	 Avg.loss: 0.0005,	 Accuracy: 829/1000(83%)
Task: 0,	 Epoch: 16/80,	 Avg.loss: 0.0006,	 Accuracy: 823/1000(82%)
Task: 0,	 Epoch: 17/80,	 Avg.loss: 0.0006,	 Accuracy: 805/1000(81%)
Task: 0,	 Epoch: 18/80,	 Avg.loss: 0.0005,	 Accuracy: 836/1000(84%)
Task: 0,	 Epoch: 19/80,	 Avg.loss: 0.0006,	 Accuracy: 833/1000(83%)
Task: 0,	 Epoch: 20/80,	 Avg.loss: 0.0006,	 Accuracy: 815/1000(82%)
Task: 0,	 Epoch: 21/80,	 Avg.loss: 0.0006,	 Accuracy: 833/1000(83%)
Task: 0,	 Epoch: 22/80,	 Avg.loss: 0.0006,	 Accuracy: 836/1000(84%)
Task: 0,	 Epoch: 23/80,	 Avg.loss: 0.0005,	 Accuracy: 837/1000(84%)
Task: 0,	 Epoch: 24/80,	 Avg.loss: 0.0005,	 Accuracy: 843/1000(84%)
Task: 0,	 Epoch: 25/80,	 Avg.loss: 0.0005,	 Accuracy: 842/1000(84%)
Task: 0,	 Epoch: 26/80,	 Avg.loss: 0.0005,	 Accuracy: 843/1000(84%)
Task: 0,	 Epoch: 27/80,	 Avg.loss: 0.0005,	 Accuracy: 847/1000(85%)
Task: 0,	 Epoch: 28/80,	 Avg.loss: 0.0005,	 Accuracy: 844/1000(84%)
Task: 0,	 Epoch: 29/80,	 Avg.loss: 0.0005,	 Accuracy: 855/1000(86%)
