Files already downloaded and verified
Files already downloaded and verified
Task: -1,	 Epoch: 0/100,	 Avg.loss: 0.0012,	 Accuracy: 5741/10000(57%)
Task: -1,	 Epoch: 1/100,	 Avg.loss: 0.0009,	 Accuracy: 6698/10000(67%)
Task: -1,	 Epoch: 2/100,	 Avg.loss: 0.0008,	 Accuracy: 7048/10000(70%)
Task: -1,	 Epoch: 3/100,	 Avg.loss: 0.0008,	 Accuracy: 7431/10000(74%)
Task: -1,	 Epoch: 4/100,	 Avg.loss: 0.0007,	 Accuracy: 7578/10000(76%)
Task: -1,	 Epoch: 5/100,	 Avg.loss: 0.0007,	 Accuracy: 7760/10000(78%)
Task: -1,	 Epoch: 6/100,	 Avg.loss: 0.0006,	 Accuracy: 7873/10000(79%)
Task: -1,	 Epoch: 7/100,	 Avg.loss: 0.0006,	 Accuracy: 7933/10000(79%)
Task: -1,	 Epoch: 8/100,	 Avg.loss: 0.0006,	 Accuracy: 7963/10000(80%)
Task: -1,	 Epoch: 9/100,	 Avg.loss: 0.0006,	 Accuracy: 8036/10000(80%)
Task: -1,	 Epoch: 10/100,	 Avg.loss: 0.0006,	 Accuracy: 8018/10000(80%)
Task: -1,	 Epoch: 11/100,	 Avg.loss: 0.0006,	 Accuracy: 8135/10000(81%)
Task: -1,	 Epoch: 12/100,	 Avg.loss: 0.0006,	 Accuracy: 8151/10000(82%)
Task: -1,	 Epoch: 13/100,	 Avg.loss: 0.0005,	 Accuracy: 8230/10000(82%)
Task: -1,	 Epoch: 14/100,	 Avg.loss: 0.0005,	 Accuracy: 8148/10000(81%)
Task: -1,	 Epoch: 15/100,	 Avg.loss: 0.0005,	 Accuracy: 8256/10000(83%)
Task: -1,	 Epoch: 16/100,	 Avg.loss: 0.0005,	 Accuracy: 8251/10000(83%)
Task: -1,	 Epoch: 17/100,	 Avg.loss: 0.0006,	 Accuracy: 8163/10000(82%)
Task: -1,	 Epoch: 18/100,	 Avg.loss: 0.0005,	 Accuracy: 8332/10000(83%)
Task: -1,	 Epoch: 19/100,	 Avg.loss: 0.0005,	 Accuracy: 8299/10000(83%)
Task: -1,	 Epoch: 20/100,	 Avg.loss: 0.0005,	 Accuracy: 8197/10000(82%)
Files already downloaded and verified
Files already downloaded and verified
Saving  mask (task#:0)
Mask histogram conv1_layer.2.weight: 	 tensor([4096., 4096.,    0.,    0.,    0.,    0.,    0.,    0.,    0.,    0.],
       device='cuda:0')
Mask histogram conv2_layer.2.weight: 	 tensor([2048., 2048.,    0.,    0.,    0.,    0.,    0.,    0.,    0.,    0.],
       device='cuda:0')
Mask histogram fc1_layer.0.weight: 	 tensor([256., 256.,   0.,   0.,   0.,   0.,   0.,   0.,   0.,   0.],
       device='cuda:0')
Task: 0,	 Epoch: 0/100,	 Avg.loss: 0.0014,	 Accuracy: 519/1000(52%)
Task: 0,	 Epoch: 1/100,	 Avg.loss: 0.0011,	 Accuracy: 597/1000(60%)
Task: 0,	 Epoch: 2/100,	 Avg.loss: 0.0009,	 Accuracy: 669/1000(67%)
Task: 0,	 Epoch: 3/100,	 Avg.loss: 0.0009,	 Accuracy: 667/1000(67%)
Task: 0,	 Epoch: 4/100,	 Avg.loss: 0.0008,	 Accuracy: 708/1000(71%)
Task: 0,	 Epoch: 5/100,	 Avg.loss: 0.0008,	 Accuracy: 714/1000(71%)
Task: 0,	 Epoch: 6/100,	 Avg.loss: 0.0008,	 Accuracy: 738/1000(74%)
Task: 0,	 Epoch: 7/100,	 Avg.loss: 0.0007,	 Accuracy: 750/1000(75%)
Task: 0,	 Epoch: 8/100,	 Avg.loss: 0.0008,	 Accuracy: 724/1000(72%)
Task: 0,	 Epoch: 9/100,	 Avg.loss: 0.0007,	 Accuracy: 751/1000(75%)
Task: 0,	 Epoch: 10/100,	 Avg.loss: 0.0007,	 Accuracy: 778/1000(78%)
Task: 0,	 Epoch: 11/100,	 Avg.loss: 0.0007,	 Accuracy: 765/1000(76%)
Task: 0,	 Epoch: 12/100,	 Avg.loss: 0.0007,	 Accuracy: 767/1000(77%)
Task: 0,	 Epoch: 13/100,	 Avg.loss: 0.0007,	 Accuracy: 783/1000(78%)
Task: 0,	 Epoch: 14/100,	 Avg.loss: 0.0007,	 Accuracy: 759/1000(76%)
Task: 0,	 Epoch: 15/100,	 Avg.loss: 0.0007,	 Accuracy: 774/1000(77%)
Task: 0,	 Epoch: 16/100,	 Avg.loss: 0.0007,	 Accuracy: 771/1000(77%)
Task: 0,	 Epoch: 17/100,	 Avg.loss: 0.0007,	 Accuracy: 793/1000(79%)
Task: 0,	 Epoch: 18/100,	 Avg.loss: 0.0006,	 Accuracy: 789/1000(79%)
Task: 0,	 Epoch: 19/100,	 Avg.loss: 0.0007,	 Accuracy: 784/1000(78%)
Task: 0,	 Epoch: 20/100,	 Avg.loss: 0.0007,	 Accuracy: 785/1000(78%)
Task: 0,	 Epoch: 21/100,	 Avg.loss: 0.0007,	 Accuracy: 787/1000(79%)
Task: 0,	 Epoch: 22/100,	 Avg.loss: 0.0007,	 Accuracy: 777/1000(78%)
Task: 0,	 Epoch: 23/100,	 Avg.loss: 0.0006,	 Accuracy: 789/1000(79%)
Task: 0,	 Epoch: 24/100,	 Avg.loss: 0.0006,	 Accuracy: 795/1000(80%)
Task: 0,	 Epoch: 25/100,	 Avg.loss: 0.0006,	 Accuracy: 802/1000(80%)
Task: 0,	 Epoch: 26/100,	 Avg.loss: 0.0007,	 Accuracy: 794/1000(79%)
Task: 0,	 Epoch: 27/100,	 Avg.loss: 0.0007,	 Accuracy: 786/1000(79%)
Task: 0,	 Epoch: 28/100,	 Avg.loss: 0.0006,	 Accuracy: 805/1000(81%)
Task: 0,	 Epoch: 29/100,	 Avg.loss: 0.0006,	 Accuracy: 804/1000(80%)
Task: 0,	 Epoch: 30/100,	 Avg.loss: 0.0006,	 Accuracy: 798/1000(80%)
Task: 0,	 Epoch: 31/100,	 Avg.loss: 0.0006,	 Accuracy: 790/1000(79%)
Task: 0,	 Epoch: 32/100,	 Avg.loss: 0.0006,	 Accuracy: 800/1000(80%)
Task: 0,	 Epoch: 33/100,	 Avg.loss: 0.0007,	 Accuracy: 801/1000(80%)
Task: 0,	 Epoch: 34/100,	 Avg.loss: 0.0006,	 Accuracy: 798/1000(80%)
Task: 0,	 Epoch: 35/100,	 Avg.loss: 0.0007,	 Accuracy: 788/1000(79%)
Task: 0,	 Epoch: 36/100,	 Avg.loss: 0.0007,	 Accuracy: 792/1000(79%)
Task: 0,	 Epoch: 37/100,	 Avg.loss: 0.0006,	 Accuracy: 815/1000(82%)
Task: 0,	 Epoch: 38/100,	 Avg.loss: 0.0007,	 Accuracy: 802/1000(80%)
Task: 0,	 Epoch: 39/100,	 Avg.loss: 0.0006,	 Accuracy: 810/1000(81%)
Task: 0,	 Epoch: 40/100,	 Avg.loss: 0.0006,	 Accuracy: 812/1000(81%)
Task: 0,	 Epoch: 41/100,	 Avg.loss: 0.0007,	 Accuracy: 797/1000(80%)
Task: 0,	 Epoch: 42/100,	 Avg.loss: 0.0007,	 Accuracy: 804/1000(80%)
Task: 0,	 Epoch: 43/100,	 Avg.loss: 0.0007,	 Accuracy: 812/1000(81%)
Task: 0,	 Epoch: 44/100,	 Avg.loss: 0.0006,	 Accuracy: 817/1000(82%)
Task: 0,	 Epoch: 45/100,	 Avg.loss: 0.0006,	 Accuracy: 819/1000(82%)
Task: 0,	 Epoch: 46/100,	 Avg.loss: 0.0006,	 Accuracy: 808/1000(81%)
Task: 0,	 Epoch: 47/100,	 Avg.loss: 0.0006,	 Accuracy: 814/1000(81%)
Task: 0,	 Epoch: 48/100,	 Avg.loss: 0.0006,	 Accuracy: 804/1000(80%)
Task: 0,	 Epoch: 49/100,	 Avg.loss: 0.0007,	 Accuracy: 813/1000(81%)
Task: 0,	 Epoch: 50/100,	 Avg.loss: 0.0007,	 Accuracy: 804/1000(80%)
Task: 0,	 Epoch: 51/100,	 Avg.loss: 0.0008,	 Accuracy: 792/1000(79%)
Task: 0,	 Epoch: 52/100,	 Avg.loss: 0.0007,	 Accuracy: 806/1000(81%)
Task: 0,	 Epoch: 53/100,	 Avg.loss: 0.0007,	 Accuracy: 800/1000(80%)
Task: 0,	 Epoch: 54/100,	 Avg.loss: 0.0007,	 Accuracy: 807/1000(81%)
Task: 0,	 Epoch: 55/100,	 Avg.loss: 0.0007,	 Accuracy: 812/1000(81%)
Task: 0,	 Epoch: 56/100,	 Avg.loss: 0.0007,	 Accuracy: 803/1000(80%)
Task: 0,	 Epoch: 57/100,	 Avg.loss: 0.0007,	 Accuracy: 809/1000(81%)
Task: 0,	 Epoch: 58/100,	 Avg.loss: 0.0007,	 Accuracy: 812/1000(81%)
Task: 0,	 Epoch: 59/100,	 Avg.loss: 0.0007,	 Accuracy: 811/1000(81%)
Task: 0,	 Epoch: 60/100,	 Avg.loss: 0.0007,	 Accuracy: 812/1000(81%)
Task: 0,	 Epoch: 61/100,	 Avg.loss: 0.0007,	 Accuracy: 813/1000(81%)
Task: 0,	 Epoch: 62/100,	 Avg.loss: 0.0007,	 Accuracy: 822/1000(82%)
Task: 0,	 Epoch: 63/100,	 Avg.loss: 0.0007,	 Accuracy: 817/1000(82%)
Task: 0,	 Epoch: 64/100,	 Avg.loss: 0.0007,	 Accuracy: 812/1000(81%)
Task: 0,	 Epoch: 65/100,	 Avg.loss: 0.0007,	 Accuracy: 814/1000(81%)
Task: 0,	 Epoch: 66/100,	 Avg.loss: 0.0007,	 Accuracy: 818/1000(82%)
Task: 0,	 Epoch: 67/100,	 Avg.loss: 0.0007,	 Accuracy: 820/1000(82%)
Task: 0,	 Epoch: 68/100,	 Avg.loss: 0.0007,	 Accuracy: 821/1000(82%)
Task: 0,	 Epoch: 69/100,	 Avg.loss: 0.0007,	 Accuracy: 824/1000(82%)
Task: 0,	 Epoch: 70/100,	 Avg.loss: 0.0007,	 Accuracy: 827/1000(83%)
Task: 0,	 Epoch: 71/100,	 Avg.loss: 0.0007,	 Accuracy: 827/1000(83%)
Task: 0,	 Epoch: 72/100,	 Avg.loss: 0.0007,	 Accuracy: 821/1000(82%)
Task: 0,	 Epoch: 73/100,	 Avg.loss: 0.0007,	 Accuracy: 828/1000(83%)
Task: 0,	 Epoch: 74/100,	 Avg.loss: 0.0007,	 Accuracy: 830/1000(83%)
Task: 0,	 Epoch: 75/100,	 Avg.loss: 0.0007,	 Accuracy: 824/1000(82%)
Task: 0,	 Epoch: 76/100,	 Avg.loss: 0.0007,	 Accuracy: 824/1000(82%)
Task: 0,	 Epoch: 77/100,	 Avg.loss: 0.0007,	 Accuracy: 824/1000(82%)
Task: 0,	 Epoch: 78/100,	 Avg.loss: 0.0007,	 Accuracy: 825/1000(83%)
Task: 0,	 Epoch: 79/100,	 Avg.loss: 0.0007,	 Accuracy: 823/1000(82%)
Task: 0,	 Epoch: 80/100,	 Avg.loss: 0.0007,	 Accuracy: 821/1000(82%)
Task: 0,	 Epoch: 81/100,	 Avg.loss: 0.0007,	 Accuracy: 818/1000(82%)
Task: 0,	 Epoch: 82/100,	 Avg.loss: 0.0007,	 Accuracy: 819/1000(82%)
Task: 0,	 Epoch: 83/100,	 Avg.loss: 0.0007,	 Accuracy: 819/1000(82%)
Task: 0,	 Epoch: 84/100,	 Avg.loss: 0.0007,	 Accuracy: 816/1000(82%)
Task: 0,	 Epoch: 85/100,	 Avg.loss: 0.0007,	 Accuracy: 821/1000(82%)
Task: 0,	 Epoch: 86/100,	 Avg.loss: 0.0007,	 Accuracy: 820/1000(82%)
Task: 0,	 Epoch: 87/100,	 Avg.loss: 0.0007,	 Accuracy: 826/1000(83%)
Task: 0,	 Epoch: 88/100,	 Avg.loss: 0.0007,	 Accuracy: 826/1000(83%)
Task: 0,	 Epoch: 89/100,	 Avg.loss: 0.0007,	 Accuracy: 826/1000(83%)
Task: 0,	 Epoch: 90/100,	 Avg.loss: 0.0007,	 Accuracy: 818/1000(82%)
Task: 0,	 Epoch: 91/100,	 Avg.loss: 0.0007,	 Accuracy: 817/1000(82%)
Task: 0,	 Epoch: 92/100,	 Avg.loss: 0.0007,	 Accuracy: 820/1000(82%)
Task: 0,	 Epoch: 93/100,	 Avg.loss: 0.0007,	 Accuracy: 817/1000(82%)
Task: 0,	 Epoch: 94/100,	 Avg.loss: 0.0007,	 Accuracy: 816/1000(82%)
Task: 0,	 Epoch: 95/100,	 Avg.loss: 0.0007,	 Accuracy: 825/1000(83%)
Task: 0,	 Epoch: 96/100,	 Avg.loss: 0.0007,	 Accuracy: 818/1000(82%)
Task: 0,	 Epoch: 97/100,	 Avg.loss: 0.0007,	 Accuracy: 818/1000(82%)
Task: 0,	 Epoch: 98/100,	 Avg.loss: 0.0007,	 Accuracy: 822/1000(82%)
Task: 0,	 Epoch: 99/100,	 Avg.loss: 0.0007,	 Accuracy: 818/1000(82%)
Saving head (task#: 0)
Computing MAS
Loading head (task#:0)
Loading mask (task#:0)
Files already downloaded and verified
Files already downloaded and verified
Task: 0,	 Epoch: -1/100,	 Avg.loss: 0.0007,	 Accuracy: 818/1000(82%)
Trained Task:0, Loaded task:0, Accuracy:81.8%
Files already downloaded and verified
Files already downloaded and verified
Layer        : conv1_layer.2.weight
Sum Omega    : 6844.4599609375
Max Fisher   : 3.193056106567383
Max Omega    : 27.340877532958984
Max Relevance: 1.4883188009262085
Mask active  : 4096.0/8192

Layer        : conv2_layer.2.weight
Sum Omega    : 6901.4638671875
Max Fisher   : 0.6707383990287781
Max Omega    : 5.270786285400391
Max Relevance: 0.25290796160697937
Mask active  : 2048.0/4096

Layer        : fc1_layer.0.weight
Sum Omega    : 9115.48046875
Max Fisher   : 0.05851871520280838
Max Omega    : 0.9192984104156494
Max Relevance: 0.05366192385554314
Mask active  : 256.0/512

Saving  mask (task#:1)
Mask histogram conv1_layer.2.weight: 	 tensor([   0., 8192.,    0.,    0.,    0.,    0.,    0.,    0.,    0.,    0.],
       device='cuda:0')
Mask histogram conv2_layer.2.weight: 	 tensor([ 256., 3584.,  256.,    0.,    0.,    0.,    0.,    0.,    0.,    0.],
       device='cuda:0')
Mask histogram fc1_layer.0.weight: 	 tensor([100., 312., 100.,   0.,   0.,   0.,   0.,   0.,   0.,   0.],
       device='cuda:0')
Task: 1,	 Epoch: 0/100,	 Avg.loss: 0.0012,	 Accuracy: 564/1000(56%)
Task: 1,	 Epoch: 1/100,	 Avg.loss: 0.0011,	 Accuracy: 630/1000(63%)
Task: 1,	 Epoch: 2/100,	 Avg.loss: 0.0009,	 Accuracy: 671/1000(67%)
Task: 1,	 Epoch: 3/100,	 Avg.loss: 0.0009,	 Accuracy: 694/1000(69%)
Task: 1,	 Epoch: 4/100,	 Avg.loss: 0.0008,	 Accuracy: 714/1000(71%)
Task: 1,	 Epoch: 5/100,	 Avg.loss: 0.0008,	 Accuracy: 731/1000(73%)
Task: 1,	 Epoch: 6/100,	 Avg.loss: 0.0008,	 Accuracy: 736/1000(74%)
Task: 1,	 Epoch: 7/100,	 Avg.loss: 0.0008,	 Accuracy: 719/1000(72%)
Task: 1,	 Epoch: 8/100,	 Avg.loss: 0.0008,	 Accuracy: 720/1000(72%)
Task: 1,	 Epoch: 9/100,	 Avg.loss: 0.0007,	 Accuracy: 769/1000(77%)
Task: 1,	 Epoch: 10/100,	 Avg.loss: 0.0007,	 Accuracy: 761/1000(76%)
Task: 1,	 Epoch: 11/100,	 Avg.loss: 0.0007,	 Accuracy: 762/1000(76%)
Task: 1,	 Epoch: 12/100,	 Avg.loss: 0.0007,	 Accuracy: 754/1000(75%)
Task: 1,	 Epoch: 13/100,	 Avg.loss: 0.0007,	 Accuracy: 783/1000(78%)
Task: 1,	 Epoch: 14/100,	 Avg.loss: 0.0008,	 Accuracy: 743/1000(74%)
Task: 1,	 Epoch: 15/100,	 Avg.loss: 0.0007,	 Accuracy: 781/1000(78%)
Task: 1,	 Epoch: 16/100,	 Avg.loss: 0.0007,	 Accuracy: 786/1000(79%)
Task: 1,	 Epoch: 17/100,	 Avg.loss: 0.0007,	 Accuracy: 775/1000(78%)
Task: 1,	 Epoch: 18/100,	 Avg.loss: 0.0007,	 Accuracy: 777/1000(78%)
Task: 1,	 Epoch: 19/100,	 Avg.loss: 0.0007,	 Accuracy: 777/1000(78%)
Task: 1,	 Epoch: 20/100,	 Avg.loss: 0.0007,	 Accuracy: 786/1000(79%)
Task: 1,	 Epoch: 21/100,	 Avg.loss: 0.0007,	 Accuracy: 787/1000(79%)
Task: 1,	 Epoch: 22/100,	 Avg.loss: 0.0007,	 Accuracy: 782/1000(78%)
Task: 1,	 Epoch: 23/100,	 Avg.loss: 0.0007,	 Accuracy: 793/1000(79%)
Task: 1,	 Epoch: 24/100,	 Avg.loss: 0.0007,	 Accuracy: 791/1000(79%)
Task: 1,	 Epoch: 25/100,	 Avg.loss: 0.0007,	 Accuracy: 789/1000(79%)
Task: 1,	 Epoch: 26/100,	 Avg.loss: 0.0008,	 Accuracy: 777/1000(78%)
Task: 1,	 Epoch: 27/100,	 Avg.loss: 0.0008,	 Accuracy: 782/1000(78%)
Task: 1,	 Epoch: 28/100,	 Avg.loss: 0.0007,	 Accuracy: 794/1000(79%)
Task: 1,	 Epoch: 29/100,	 Avg.loss: 0.0007,	 Accuracy: 790/1000(79%)
Task: 1,	 Epoch: 30/100,	 Avg.loss: 0.0007,	 Accuracy: 795/1000(80%)
Task: 1,	 Epoch: 31/100,	 Avg.loss: 0.0007,	 Accuracy: 783/1000(78%)
Task: 1,	 Epoch: 32/100,	 Avg.loss: 0.0007,	 Accuracy: 783/1000(78%)
Task: 1,	 Epoch: 33/100,	 Avg.loss: 0.0007,	 Accuracy: 786/1000(79%)
Task: 1,	 Epoch: 34/100,	 Avg.loss: 0.0008,	 Accuracy: 787/1000(79%)
Task: 1,	 Epoch: 35/100,	 Avg.loss: 0.0008,	 Accuracy: 780/1000(78%)
Task: 1,	 Epoch: 36/100,	 Avg.loss: 0.0008,	 Accuracy: 793/1000(79%)
Task: 1,	 Epoch: 37/100,	 Avg.loss: 0.0008,	 Accuracy: 795/1000(80%)
Task: 1,	 Epoch: 38/100,	 Avg.loss: 0.0007,	 Accuracy: 800/1000(80%)
Task: 1,	 Epoch: 39/100,	 Avg.loss: 0.0008,	 Accuracy: 795/1000(80%)
Task: 1,	 Epoch: 40/100,	 Avg.loss: 0.0008,	 Accuracy: 788/1000(79%)
Task: 1,	 Epoch: 41/100,	 Avg.loss: 0.0008,	 Accuracy: 802/1000(80%)
Task: 1,	 Epoch: 42/100,	 Avg.loss: 0.0008,	 Accuracy: 797/1000(80%)
Task: 1,	 Epoch: 43/100,	 Avg.loss: 0.0008,	 Accuracy: 782/1000(78%)
Task: 1,	 Epoch: 44/100,	 Avg.loss: 0.0008,	 Accuracy: 794/1000(79%)
Task: 1,	 Epoch: 45/100,	 Avg.loss: 0.0008,	 Accuracy: 789/1000(79%)
Task: 1,	 Epoch: 46/100,	 Avg.loss: 0.0008,	 Accuracy: 786/1000(79%)
Task: 1,	 Epoch: 47/100,	 Avg.loss: 0.0008,	 Accuracy: 798/1000(80%)
Task: 1,	 Epoch: 48/100,	 Avg.loss: 0.0008,	 Accuracy: 800/1000(80%)
Task: 1,	 Epoch: 49/100,	 Avg.loss: 0.0009,	 Accuracy: 793/1000(79%)
Task: 1,	 Epoch: 50/100,	 Avg.loss: 0.0008,	 Accuracy: 805/1000(81%)
Task: 1,	 Epoch: 51/100,	 Avg.loss: 0.0009,	 Accuracy: 790/1000(79%)
Task: 1,	 Epoch: 52/100,	 Avg.loss: 0.0009,	 Accuracy: 788/1000(79%)
Task: 1,	 Epoch: 53/100,	 Avg.loss: 0.0008,	 Accuracy: 798/1000(80%)
Task: 1,	 Epoch: 54/100,	 Avg.loss: 0.0009,	 Accuracy: 797/1000(80%)
Task: 1,	 Epoch: 55/100,	 Avg.loss: 0.0009,	 Accuracy: 794/1000(79%)
Task: 1,	 Epoch: 56/100,	 Avg.loss: 0.0008,	 Accuracy: 800/1000(80%)
Task: 1,	 Epoch: 57/100,	 Avg.loss: 0.0009,	 Accuracy: 779/1000(78%)
Task: 1,	 Epoch: 58/100,	 Avg.loss: 0.0009,	 Accuracy: 805/1000(81%)
Task: 1,	 Epoch: 59/100,	 Avg.loss: 0.0008,	 Accuracy: 801/1000(80%)
Task: 1,	 Epoch: 60/100,	 Avg.loss: 0.0008,	 Accuracy: 806/1000(81%)
Task: 1,	 Epoch: 61/100,	 Avg.loss: 0.0008,	 Accuracy: 810/1000(81%)
Task: 1,	 Epoch: 62/100,	 Avg.loss: 0.0008,	 Accuracy: 809/1000(81%)
Task: 1,	 Epoch: 63/100,	 Avg.loss: 0.0008,	 Accuracy: 801/1000(80%)
Task: 1,	 Epoch: 64/100,	 Avg.loss: 0.0008,	 Accuracy: 802/1000(80%)
Task: 1,	 Epoch: 65/100,	 Avg.loss: 0.0008,	 Accuracy: 802/1000(80%)
Task: 1,	 Epoch: 66/100,	 Avg.loss: 0.0008,	 Accuracy: 808/1000(81%)
Task: 1,	 Epoch: 67/100,	 Avg.loss: 0.0008,	 Accuracy: 808/1000(81%)
Task: 1,	 Epoch: 68/100,	 Avg.loss: 0.0009,	 Accuracy: 808/1000(81%)
Task: 1,	 Epoch: 69/100,	 Avg.loss: 0.0009,	 Accuracy: 805/1000(81%)
Task: 1,	 Epoch: 70/100,	 Avg.loss: 0.0009,	 Accuracy: 813/1000(81%)
Task: 1,	 Epoch: 71/100,	 Avg.loss: 0.0009,	 Accuracy: 809/1000(81%)
Task: 1,	 Epoch: 72/100,	 Avg.loss: 0.0009,	 Accuracy: 809/1000(81%)
Task: 1,	 Epoch: 73/100,	 Avg.loss: 0.0009,	 Accuracy: 805/1000(81%)
Task: 1,	 Epoch: 74/100,	 Avg.loss: 0.0009,	 Accuracy: 805/1000(81%)
Task: 1,	 Epoch: 75/100,	 Avg.loss: 0.0009,	 Accuracy: 804/1000(80%)
Task: 1,	 Epoch: 76/100,	 Avg.loss: 0.0009,	 Accuracy: 809/1000(81%)
Task: 1,	 Epoch: 77/100,	 Avg.loss: 0.0009,	 Accuracy: 808/1000(81%)
Task: 1,	 Epoch: 78/100,	 Avg.loss: 0.0009,	 Accuracy: 807/1000(81%)
Task: 1,	 Epoch: 79/100,	 Avg.loss: 0.0009,	 Accuracy: 806/1000(81%)
Task: 1,	 Epoch: 80/100,	 Avg.loss: 0.0009,	 Accuracy: 804/1000(80%)
Task: 1,	 Epoch: 81/100,	 Avg.loss: 0.0009,	 Accuracy: 809/1000(81%)
Task: 1,	 Epoch: 82/100,	 Avg.loss: 0.0009,	 Accuracy: 803/1000(80%)
Task: 1,	 Epoch: 83/100,	 Avg.loss: 0.0009,	 Accuracy: 802/1000(80%)
Task: 1,	 Epoch: 84/100,	 Avg.loss: 0.0009,	 Accuracy: 805/1000(81%)
Task: 1,	 Epoch: 85/100,	 Avg.loss: 0.0009,	 Accuracy: 811/1000(81%)
Task: 1,	 Epoch: 86/100,	 Avg.loss: 0.0009,	 Accuracy: 804/1000(80%)
Task: 1,	 Epoch: 87/100,	 Avg.loss: 0.0009,	 Accuracy: 801/1000(80%)
Task: 1,	 Epoch: 88/100,	 Avg.loss: 0.0009,	 Accuracy: 804/1000(80%)
Task: 1,	 Epoch: 89/100,	 Avg.loss: 0.0009,	 Accuracy: 806/1000(81%)
Task: 1,	 Epoch: 90/100,	 Avg.loss: 0.0009,	 Accuracy: 802/1000(80%)
Task: 1,	 Epoch: 91/100,	 Avg.loss: 0.0009,	 Accuracy: 811/1000(81%)
Task: 1,	 Epoch: 92/100,	 Avg.loss: 0.0009,	 Accuracy: 808/1000(81%)
Task: 1,	 Epoch: 93/100,	 Avg.loss: 0.0009,	 Accuracy: 811/1000(81%)
Task: 1,	 Epoch: 94/100,	 Avg.loss: 0.0009,	 Accuracy: 807/1000(81%)
Task: 1,	 Epoch: 95/100,	 Avg.loss: 0.0009,	 Accuracy: 806/1000(81%)
Task: 1,	 Epoch: 96/100,	 Avg.loss: 0.0009,	 Accuracy: 815/1000(82%)
Task: 1,	 Epoch: 97/100,	 Avg.loss: 0.0009,	 Accuracy: 815/1000(82%)
Task: 1,	 Epoch: 98/100,	 Avg.loss: 0.0009,	 Accuracy: 810/1000(81%)
Task: 1,	 Epoch: 99/100,	 Avg.loss: 0.0009,	 Accuracy: 813/1000(81%)
Saving head (task#: 1)
Computing MAS
Loading head (task#:0)
Loading mask (task#:0)
Files already downloaded and verified
Files already downloaded and verified
Task: 0,	 Epoch: -1/100,	 Avg.loss: 0.0007,	 Accuracy: 821/1000(82%)
Trained Task:1, Loaded task:0, Accuracy:82.1%
Loading head (task#:1)
Loading mask (task#:1)
Files already downloaded and verified
Files already downloaded and verified
Task: 1,	 Epoch: -1/100,	 Avg.loss: 0.0009,	 Accuracy: 813/1000(81%)
Trained Task:1, Loaded task:1, Accuracy:81.3%
Files already downloaded and verified
Files already downloaded and verified
Layer        : conv1_layer.2.weight
Sum Omega    : 15749.234375
Max Fisher   : 3.7047135829925537
Max Omega    : 27.340877532958984
Max Relevance: 0.6293485164642334
Mask active  : 4096.0/8192

Layer        : conv2_layer.2.weight
Sum Omega    : 16096.83984375
Max Fisher   : 1.3138675689697266
Max Omega    : 6.5331220626831055
Max Relevance: 0.38623812794685364
Mask active  : 2048.0/4096

Layer        : fc1_layer.0.weight
Sum Omega    : 22551.798828125
Max Fisher   : 0.14914251863956451
Max Omega    : 0.976887047290802
Max Relevance: 0.14002536237239838
Mask active  : 256.0/512

Saving  mask (task#:2)
Mask histogram conv1_layer.2.weight: 	 tensor([   0., 4096., 4096.,    0.,    0.,    0.,    0.,    0.,    0.,    0.],
       device='cuda:0')
Mask histogram conv2_layer.2.weight: 	 tensor([   0., 2240., 1664.,  192.,    0.,    0.,    0.,    0.,    0.,    0.],
       device='cuda:0')
Mask histogram fc1_layer.0.weight: 	 tensor([  1., 345.,  75.,  91.,   0.,   0.,   0.,   0.,   0.,   0.],
       device='cuda:0')
Task: 2,	 Epoch: 0/100,	 Avg.loss: 0.0013,	 Accuracy: 564/1000(56%)
Task: 2,	 Epoch: 1/100,	 Avg.loss: 0.0012,	 Accuracy: 589/1000(59%)
Task: 2,	 Epoch: 2/100,	 Avg.loss: 0.0010,	 Accuracy: 691/1000(69%)
Task: 2,	 Epoch: 3/100,	 Avg.loss: 0.0009,	 Accuracy: 690/1000(69%)
Task: 2,	 Epoch: 4/100,	 Avg.loss: 0.0010,	 Accuracy: 678/1000(68%)
Task: 2,	 Epoch: 5/100,	 Avg.loss: 0.0009,	 Accuracy: 714/1000(71%)
Task: 2,	 Epoch: 6/100,	 Avg.loss: 0.0009,	 Accuracy: 711/1000(71%)
Task: 2,	 Epoch: 7/100,	 Avg.loss: 0.0010,	 Accuracy: 679/1000(68%)
Task: 2,	 Epoch: 8/100,	 Avg.loss: 0.0009,	 Accuracy: 715/1000(72%)
Task: 2,	 Epoch: 9/100,	 Avg.loss: 0.0009,	 Accuracy: 693/1000(69%)
Task: 2,	 Epoch: 10/100,	 Avg.loss: 0.0009,	 Accuracy: 705/1000(70%)
Task: 2,	 Epoch: 11/100,	 Avg.loss: 0.0009,	 Accuracy: 715/1000(72%)
Task: 2,	 Epoch: 12/100,	 Avg.loss: 0.0009,	 Accuracy: 725/1000(72%)
Task: 2,	 Epoch: 13/100,	 Avg.loss: 0.0009,	 Accuracy: 714/1000(71%)
Task: 2,	 Epoch: 14/100,	 Avg.loss: 0.0008,	 Accuracy: 734/1000(73%)
Task: 2,	 Epoch: 15/100,	 Avg.loss: 0.0009,	 Accuracy: 717/1000(72%)
Task: 2,	 Epoch: 16/100,	 Avg.loss: 0.0009,	 Accuracy: 712/1000(71%)
Task: 2,	 Epoch: 17/100,	 Avg.loss: 0.0009,	 Accuracy: 723/1000(72%)
Task: 2,	 Epoch: 18/100,	 Avg.loss: 0.0009,	 Accuracy: 694/1000(69%)
Task: 2,	 Epoch: 19/100,	 Avg.loss: 0.0008,	 Accuracy: 726/1000(73%)
Task: 2,	 Epoch: 20/100,	 Avg.loss: 0.0008,	 Accuracy: 729/1000(73%)
Task: 2,	 Epoch: 21/100,	 Avg.loss: 0.0009,	 Accuracy: 724/1000(72%)
Task: 2,	 Epoch: 22/100,	 Avg.loss: 0.0009,	 Accuracy: 729/1000(73%)
Task: 2,	 Epoch: 23/100,	 Avg.loss: 0.0008,	 Accuracy: 731/1000(73%)
Task: 2,	 Epoch: 24/100,	 Avg.loss: 0.0008,	 Accuracy: 736/1000(74%)
Task: 2,	 Epoch: 25/100,	 Avg.loss: 0.0009,	 Accuracy: 722/1000(72%)
Task: 2,	 Epoch: 26/100,	 Avg.loss: 0.0009,	 Accuracy: 724/1000(72%)
Task: 2,	 Epoch: 27/100,	 Avg.loss: 0.0008,	 Accuracy: 723/1000(72%)
Task: 2,	 Epoch: 28/100,	 Avg.loss: 0.0008,	 Accuracy: 728/1000(73%)
Task: 2,	 Epoch: 29/100,	 Avg.loss: 0.0008,	 Accuracy: 730/1000(73%)
Task: 2,	 Epoch: 30/100,	 Avg.loss: 0.0008,	 Accuracy: 737/1000(74%)
Task: 2,	 Epoch: 31/100,	 Avg.loss: 0.0009,	 Accuracy: 711/1000(71%)
Task: 2,	 Epoch: 32/100,	 Avg.loss: 0.0009,	 Accuracy: 713/1000(71%)
Task: 2,	 Epoch: 33/100,	 Avg.loss: 0.0009,	 Accuracy: 718/1000(72%)
Task: 2,	 Epoch: 34/100,	 Avg.loss: 0.0008,	 Accuracy: 734/1000(73%)
Task: 2,	 Epoch: 35/100,	 Avg.loss: 0.0008,	 Accuracy: 729/1000(73%)
Task: 2,	 Epoch: 36/100,	 Avg.loss: 0.0009,	 Accuracy: 720/1000(72%)
Task: 2,	 Epoch: 37/100,	 Avg.loss: 0.0009,	 Accuracy: 731/1000(73%)
Task: 2,	 Epoch: 38/100,	 Avg.loss: 0.0008,	 Accuracy: 743/1000(74%)
Task: 2,	 Epoch: 39/100,	 Avg.loss: 0.0008,	 Accuracy: 736/1000(74%)
Task: 2,	 Epoch: 40/100,	 Avg.loss: 0.0008,	 Accuracy: 748/1000(75%)
Task: 2,	 Epoch: 41/100,	 Avg.loss: 0.0008,	 Accuracy: 738/1000(74%)
Task: 2,	 Epoch: 42/100,	 Avg.loss: 0.0008,	 Accuracy: 743/1000(74%)
Task: 2,	 Epoch: 43/100,	 Avg.loss: 0.0008,	 Accuracy: 740/1000(74%)
Task: 2,	 Epoch: 44/100,	 Avg.loss: 0.0008,	 Accuracy: 728/1000(73%)
Task: 2,	 Epoch: 45/100,	 Avg.loss: 0.0009,	 Accuracy: 722/1000(72%)
Task: 2,	 Epoch: 46/100,	 Avg.loss: 0.0009,	 Accuracy: 721/1000(72%)
Task: 2,	 Epoch: 47/100,	 Avg.loss: 0.0008,	 Accuracy: 735/1000(74%)
Task: 2,	 Epoch: 48/100,	 Avg.loss: 0.0008,	 Accuracy: 736/1000(74%)
Task: 2,	 Epoch: 49/100,	 Avg.loss: 0.0008,	 Accuracy: 731/1000(73%)
Task: 2,	 Epoch: 50/100,	 Avg.loss: 0.0008,	 Accuracy: 737/1000(74%)
Task: 2,	 Epoch: 51/100,	 Avg.loss: 0.0008,	 Accuracy: 734/1000(73%)
Task: 2,	 Epoch: 52/100,	 Avg.loss: 0.0009,	 Accuracy: 720/1000(72%)
Task: 2,	 Epoch: 53/100,	 Avg.loss: 0.0008,	 Accuracy: 736/1000(74%)
Task: 2,	 Epoch: 54/100,	 Avg.loss: 0.0008,	 Accuracy: 741/1000(74%)
Task: 2,	 Epoch: 55/100,	 Avg.loss: 0.0008,	 Accuracy: 728/1000(73%)
Task: 2,	 Epoch: 56/100,	 Avg.loss: 0.0008,	 Accuracy: 746/1000(75%)
Task: 2,	 Epoch: 57/100,	 Avg.loss: 0.0009,	 Accuracy: 738/1000(74%)
Task: 2,	 Epoch: 58/100,	 Avg.loss: 0.0009,	 Accuracy: 731/1000(73%)
Task: 2,	 Epoch: 59/100,	 Avg.loss: 0.0008,	 Accuracy: 744/1000(74%)
Task: 2,	 Epoch: 60/100,	 Avg.loss: 0.0008,	 Accuracy: 747/1000(75%)
Task: 2,	 Epoch: 61/100,	 Avg.loss: 0.0008,	 Accuracy: 742/1000(74%)
Task: 2,	 Epoch: 62/100,	 Avg.loss: 0.0008,	 Accuracy: 743/1000(74%)
Task: 2,	 Epoch: 63/100,	 Avg.loss: 0.0008,	 Accuracy: 754/1000(75%)
Task: 2,	 Epoch: 64/100,	 Avg.loss: 0.0008,	 Accuracy: 752/1000(75%)
Task: 2,	 Epoch: 65/100,	 Avg.loss: 0.0008,	 Accuracy: 743/1000(74%)
Task: 2,	 Epoch: 66/100,	 Avg.loss: 0.0008,	 Accuracy: 748/1000(75%)
Task: 2,	 Epoch: 67/100,	 Avg.loss: 0.0008,	 Accuracy: 754/1000(75%)
Task: 2,	 Epoch: 68/100,	 Avg.loss: 0.0008,	 Accuracy: 750/1000(75%)
Task: 2,	 Epoch: 69/100,	 Avg.loss: 0.0008,	 Accuracy: 744/1000(74%)
Task: 2,	 Epoch: 70/100,	 Avg.loss: 0.0008,	 Accuracy: 748/1000(75%)
Task: 2,	 Epoch: 71/100,	 Avg.loss: 0.0008,	 Accuracy: 752/1000(75%)
Task: 2,	 Epoch: 72/100,	 Avg.loss: 0.0008,	 Accuracy: 752/1000(75%)
Task: 2,	 Epoch: 73/100,	 Avg.loss: 0.0008,	 Accuracy: 752/1000(75%)
Task: 2,	 Epoch: 74/100,	 Avg.loss: 0.0008,	 Accuracy: 749/1000(75%)
Task: 2,	 Epoch: 75/100,	 Avg.loss: 0.0008,	 Accuracy: 751/1000(75%)
Task: 2,	 Epoch: 76/100,	 Avg.loss: 0.0008,	 Accuracy: 751/1000(75%)
Task: 2,	 Epoch: 77/100,	 Avg.loss: 0.0008,	 Accuracy: 741/1000(74%)
Task: 2,	 Epoch: 78/100,	 Avg.loss: 0.0008,	 Accuracy: 752/1000(75%)
Task: 2,	 Epoch: 79/100,	 Avg.loss: 0.0008,	 Accuracy: 753/1000(75%)
Task: 2,	 Epoch: 80/100,	 Avg.loss: 0.0008,	 Accuracy: 748/1000(75%)
Task: 2,	 Epoch: 81/100,	 Avg.loss: 0.0008,	 Accuracy: 751/1000(75%)
Task: 2,	 Epoch: 82/100,	 Avg.loss: 0.0008,	 Accuracy: 754/1000(75%)
Task: 2,	 Epoch: 83/100,	 Avg.loss: 0.0008,	 Accuracy: 744/1000(74%)
Task: 2,	 Epoch: 84/100,	 Avg.loss: 0.0008,	 Accuracy: 750/1000(75%)
Task: 2,	 Epoch: 85/100,	 Avg.loss: 0.0008,	 Accuracy: 752/1000(75%)
Task: 2,	 Epoch: 86/100,	 Avg.loss: 0.0008,	 Accuracy: 751/1000(75%)
Task: 2,	 Epoch: 87/100,	 Avg.loss: 0.0008,	 Accuracy: 756/1000(76%)
Task: 2,	 Epoch: 88/100,	 Avg.loss: 0.0008,	 Accuracy: 746/1000(75%)
Task: 2,	 Epoch: 89/100,	 Avg.loss: 0.0008,	 Accuracy: 754/1000(75%)
Task: 2,	 Epoch: 90/100,	 Avg.loss: 0.0008,	 Accuracy: 748/1000(75%)
Task: 2,	 Epoch: 91/100,	 Avg.loss: 0.0008,	 Accuracy: 755/1000(76%)
Task: 2,	 Epoch: 92/100,	 Avg.loss: 0.0008,	 Accuracy: 752/1000(75%)
Task: 2,	 Epoch: 93/100,	 Avg.loss: 0.0008,	 Accuracy: 746/1000(75%)
Task: 2,	 Epoch: 94/100,	 Avg.loss: 0.0008,	 Accuracy: 753/1000(75%)
Task: 2,	 Epoch: 95/100,	 Avg.loss: 0.0008,	 Accuracy: 751/1000(75%)
Task: 2,	 Epoch: 96/100,	 Avg.loss: 0.0008,	 Accuracy: 758/1000(76%)
Task: 2,	 Epoch: 97/100,	 Avg.loss: 0.0008,	 Accuracy: 752/1000(75%)
Task: 2,	 Epoch: 98/100,	 Avg.loss: 0.0008,	 Accuracy: 749/1000(75%)
Task: 2,	 Epoch: 99/100,	 Avg.loss: 0.0008,	 Accuracy: 746/1000(75%)
Saving head (task#: 2)
Computing MAS
Loading head (task#:0)
Loading mask (task#:0)
Files already downloaded and verified
Files already downloaded and verified
Task: 0,	 Epoch: -1/100,	 Avg.loss: 0.0008,	 Accuracy: 815/1000(82%)
Trained Task:2, Loaded task:0, Accuracy:81.5%
Loading head (task#:1)
Loading mask (task#:1)
Files already downloaded and verified
Files already downloaded and verified
Task: 1,	 Epoch: -1/100,	 Avg.loss: 0.0010,	 Accuracy: 792/1000(79%)
Trained Task:2, Loaded task:1, Accuracy:79.2%
Loading head (task#:2)
Loading mask (task#:2)
Files already downloaded and verified
Files already downloaded and verified
Task: 2,	 Epoch: -1/100,	 Avg.loss: 0.0008,	 Accuracy: 746/1000(75%)
Trained Task:2, Loaded task:2, Accuracy:74.6%
Files already downloaded and verified
Files already downloaded and verified
Layer        : conv1_layer.2.weight
Sum Omega    : 17669.283203125
Max Fisher   : 5.663888454437256
Max Omega    : 27.340877532958984
Max Relevance: 1.398239254951477
Mask active  : 4096.0/8192

Layer        : conv2_layer.2.weight
Sum Omega    : 18649.55078125
Max Fisher   : 2.581712484359741
Max Omega    : 6.5331220626831055
Max Relevance: 1.1691803932189941
Mask active  : 2048.0/4096

Layer        : fc1_layer.0.weight
Sum Omega    : 24938.5703125
Max Fisher   : 0.23935428261756897
Max Omega    : 0.976887047290802
Max Relevance: 0.21567654609680176
Mask active  : 256.0/512

Saving  mask (task#:3)
Mask histogram conv1_layer.2.weight: 	 tensor([   0., 2304., 3584., 2304.,    0.,    0.,    0.,    0.,    0.,    0.],
       device='cuda:0')
Mask histogram conv2_layer.2.weight: 	 tensor([   0., 1536., 1216., 1152.,  192.,    0.,    0.,    0.,    0.,    0.],
       device='cuda:0')
Mask histogram fc1_layer.0.weight: 	 tensor([  0., 229., 139.,  59.,  85.,   0.,   0.,   0.,   0.,   0.],
       device='cuda:0')
Task: 3,	 Epoch: 0/100,	 Avg.loss: 0.0015,	 Accuracy: 468/1000(47%)
Task: 3,	 Epoch: 1/100,	 Avg.loss: 0.0012,	 Accuracy: 590/1000(59%)
Task: 3,	 Epoch: 2/100,	 Avg.loss: 0.0014,	 Accuracy: 546/1000(55%)
Task: 3,	 Epoch: 3/100,	 Avg.loss: 0.0012,	 Accuracy: 612/1000(61%)
Task: 3,	 Epoch: 4/100,	 Avg.loss: 0.0011,	 Accuracy: 636/1000(64%)
Task: 3,	 Epoch: 5/100,	 Avg.loss: 0.0011,	 Accuracy: 633/1000(63%)
Task: 3,	 Epoch: 6/100,	 Avg.loss: 0.0011,	 Accuracy: 621/1000(62%)
Task: 3,	 Epoch: 7/100,	 Avg.loss: 0.0011,	 Accuracy: 634/1000(63%)
Task: 3,	 Epoch: 8/100,	 Avg.loss: 0.0011,	 Accuracy: 644/1000(64%)
Task: 3,	 Epoch: 9/100,	 Avg.loss: 0.0011,	 Accuracy: 634/1000(63%)
Task: 3,	 Epoch: 10/100,	 Avg.loss: 0.0010,	 Accuracy: 655/1000(66%)
Task: 3,	 Epoch: 11/100,	 Avg.loss: 0.0010,	 Accuracy: 646/1000(65%)
Task: 3,	 Epoch: 12/100,	 Avg.loss: 0.0010,	 Accuracy: 657/1000(66%)
Task: 3,	 Epoch: 13/100,	 Avg.loss: 0.0010,	 Accuracy: 671/1000(67%)
Task: 3,	 Epoch: 14/100,	 Avg.loss: 0.0010,	 Accuracy: 666/1000(67%)
Task: 3,	 Epoch: 15/100,	 Avg.loss: 0.0010,	 Accuracy: 666/1000(67%)
Task: 3,	 Epoch: 16/100,	 Avg.loss: 0.0010,	 Accuracy: 655/1000(66%)
Task: 3,	 Epoch: 17/100,	 Avg.loss: 0.0010,	 Accuracy: 665/1000(66%)
Task: 3,	 Epoch: 18/100,	 Avg.loss: 0.0010,	 Accuracy: 674/1000(67%)
Task: 3,	 Epoch: 19/100,	 Avg.loss: 0.0010,	 Accuracy: 660/1000(66%)
Task: 3,	 Epoch: 20/100,	 Avg.loss: 0.0010,	 Accuracy: 672/1000(67%)
Task: 3,	 Epoch: 21/100,	 Avg.loss: 0.0011,	 Accuracy: 641/1000(64%)
Task: 3,	 Epoch: 22/100,	 Avg.loss: 0.0010,	 Accuracy: 651/1000(65%)
Task: 3,	 Epoch: 23/100,	 Avg.loss: 0.0010,	 Accuracy: 673/1000(67%)
Task: 3,	 Epoch: 24/100,	 Avg.loss: 0.0010,	 Accuracy: 673/1000(67%)
Task: 3,	 Epoch: 25/100,	 Avg.loss: 0.0010,	 Accuracy: 656/1000(66%)
Task: 3,	 Epoch: 26/100,	 Avg.loss: 0.0010,	 Accuracy: 654/1000(65%)
Task: 3,	 Epoch: 27/100,	 Avg.loss: 0.0010,	 Accuracy: 680/1000(68%)
Task: 3,	 Epoch: 28/100,	 Avg.loss: 0.0011,	 Accuracy: 665/1000(66%)
Task: 3,	 Epoch: 29/100,	 Avg.loss: 0.0010,	 Accuracy: 673/1000(67%)
Task: 3,	 Epoch: 30/100,	 Avg.loss: 0.0010,	 Accuracy: 678/1000(68%)
Task: 3,	 Epoch: 31/100,	 Avg.loss: 0.0010,	 Accuracy: 677/1000(68%)
Task: 3,	 Epoch: 32/100,	 Avg.loss: 0.0010,	 Accuracy: 672/1000(67%)
Task: 3,	 Epoch: 33/100,	 Avg.loss: 0.0010,	 Accuracy: 681/1000(68%)
Task: 3,	 Epoch: 34/100,	 Avg.loss: 0.0010,	 Accuracy: 680/1000(68%)
Task: 3,	 Epoch: 35/100,	 Avg.loss: 0.0010,	 Accuracy: 672/1000(67%)
Task: 3,	 Epoch: 36/100,	 Avg.loss: 0.0010,	 Accuracy: 686/1000(69%)
Task: 3,	 Epoch: 37/100,	 Avg.loss: 0.0010,	 Accuracy: 690/1000(69%)
Task: 3,	 Epoch: 38/100,	 Avg.loss: 0.0009,	 Accuracy: 699/1000(70%)
Task: 3,	 Epoch: 39/100,	 Avg.loss: 0.0010,	 Accuracy: 681/1000(68%)
Task: 3,	 Epoch: 40/100,	 Avg.loss: 0.0010,	 Accuracy: 670/1000(67%)
Task: 3,	 Epoch: 41/100,	 Avg.loss: 0.0010,	 Accuracy: 690/1000(69%)
Task: 3,	 Epoch: 42/100,	 Avg.loss: 0.0010,	 Accuracy: 680/1000(68%)
Task: 3,	 Epoch: 43/100,	 Avg.loss: 0.0010,	 Accuracy: 674/1000(67%)
Task: 3,	 Epoch: 44/100,	 Avg.loss: 0.0009,	 Accuracy: 677/1000(68%)
Task: 3,	 Epoch: 45/100,	 Avg.loss: 0.0010,	 Accuracy: 674/1000(67%)
Task: 3,	 Epoch: 46/100,	 Avg.loss: 0.0009,	 Accuracy: 692/1000(69%)
Task: 3,	 Epoch: 47/100,	 Avg.loss: 0.0010,	 Accuracy: 671/1000(67%)
Task: 3,	 Epoch: 48/100,	 Avg.loss: 0.0010,	 Accuracy: 672/1000(67%)
Task: 3,	 Epoch: 49/100,	 Avg.loss: 0.0010,	 Accuracy: 686/1000(69%)
Task: 3,	 Epoch: 50/100,	 Avg.loss: 0.0010,	 Accuracy: 689/1000(69%)
Task: 3,	 Epoch: 51/100,	 Avg.loss: 0.0010,	 Accuracy: 663/1000(66%)
Task: 3,	 Epoch: 52/100,	 Avg.loss: 0.0010,	 Accuracy: 661/1000(66%)
Task: 3,	 Epoch: 53/100,	 Avg.loss: 0.0010,	 Accuracy: 676/1000(68%)
Task: 3,	 Epoch: 54/100,	 Avg.loss: 0.0010,	 Accuracy: 678/1000(68%)
Task: 3,	 Epoch: 55/100,	 Avg.loss: 0.0010,	 Accuracy: 682/1000(68%)
Task: 3,	 Epoch: 56/100,	 Avg.loss: 0.0010,	 Accuracy: 672/1000(67%)
Task: 3,	 Epoch: 57/100,	 Avg.loss: 0.0010,	 Accuracy: 690/1000(69%)
Task: 3,	 Epoch: 58/100,	 Avg.loss: 0.0010,	 Accuracy: 658/1000(66%)
Task: 3,	 Epoch: 59/100,	 Avg.loss: 0.0010,	 Accuracy: 681/1000(68%)
Task: 3,	 Epoch: 60/100,	 Avg.loss: 0.0009,	 Accuracy: 687/1000(69%)
Task: 3,	 Epoch: 61/100,	 Avg.loss: 0.0009,	 Accuracy: 695/1000(70%)
Task: 3,	 Epoch: 62/100,	 Avg.loss: 0.0009,	 Accuracy: 688/1000(69%)
Task: 3,	 Epoch: 63/100,	 Avg.loss: 0.0009,	 Accuracy: 691/1000(69%)
Task: 3,	 Epoch: 64/100,	 Avg.loss: 0.0009,	 Accuracy: 687/1000(69%)
Task: 3,	 Epoch: 65/100,	 Avg.loss: 0.0009,	 Accuracy: 688/1000(69%)
Task: 3,	 Epoch: 66/100,	 Avg.loss: 0.0009,	 Accuracy: 688/1000(69%)
Task: 3,	 Epoch: 67/100,	 Avg.loss: 0.0009,	 Accuracy: 689/1000(69%)
Task: 3,	 Epoch: 68/100,	 Avg.loss: 0.0009,	 Accuracy: 696/1000(70%)
Task: 3,	 Epoch: 69/100,	 Avg.loss: 0.0009,	 Accuracy: 696/1000(70%)
Task: 3,	 Epoch: 70/100,	 Avg.loss: 0.0009,	 Accuracy: 687/1000(69%)
Task: 3,	 Epoch: 71/100,	 Avg.loss: 0.0009,	 Accuracy: 694/1000(69%)
Task: 3,	 Epoch: 72/100,	 Avg.loss: 0.0009,	 Accuracy: 692/1000(69%)
Task: 3,	 Epoch: 73/100,	 Avg.loss: 0.0009,	 Accuracy: 698/1000(70%)
Task: 3,	 Epoch: 74/100,	 Avg.loss: 0.0009,	 Accuracy: 697/1000(70%)
Task: 3,	 Epoch: 75/100,	 Avg.loss: 0.0009,	 Accuracy: 700/1000(70%)
Task: 3,	 Epoch: 76/100,	 Avg.loss: 0.0009,	 Accuracy: 694/1000(69%)
Task: 3,	 Epoch: 77/100,	 Avg.loss: 0.0009,	 Accuracy: 688/1000(69%)
Task: 3,	 Epoch: 78/100,	 Avg.loss: 0.0009,	 Accuracy: 693/1000(69%)
Task: 3,	 Epoch: 79/100,	 Avg.loss: 0.0009,	 Accuracy: 690/1000(69%)
Task: 3,	 Epoch: 80/100,	 Avg.loss: 0.0009,	 Accuracy: 694/1000(69%)
Task: 3,	 Epoch: 81/100,	 Avg.loss: 0.0009,	 Accuracy: 687/1000(69%)
Task: 3,	 Epoch: 82/100,	 Avg.loss: 0.0009,	 Accuracy: 687/1000(69%)
Task: 3,	 Epoch: 83/100,	 Avg.loss: 0.0009,	 Accuracy: 694/1000(69%)
Task: 3,	 Epoch: 84/100,	 Avg.loss: 0.0009,	 Accuracy: 690/1000(69%)
Task: 3,	 Epoch: 85/100,	 Avg.loss: 0.0009,	 Accuracy: 689/1000(69%)
Task: 3,	 Epoch: 86/100,	 Avg.loss: 0.0009,	 Accuracy: 696/1000(70%)
Task: 3,	 Epoch: 87/100,	 Avg.loss: 0.0009,	 Accuracy: 689/1000(69%)
Task: 3,	 Epoch: 88/100,	 Avg.loss: 0.0009,	 Accuracy: 692/1000(69%)
Task: 3,	 Epoch: 89/100,	 Avg.loss: 0.0009,	 Accuracy: 693/1000(69%)
Task: 3,	 Epoch: 90/100,	 Avg.loss: 0.0009,	 Accuracy: 696/1000(70%)
Task: 3,	 Epoch: 91/100,	 Avg.loss: 0.0009,	 Accuracy: 690/1000(69%)
Task: 3,	 Epoch: 92/100,	 Avg.loss: 0.0009,	 Accuracy: 692/1000(69%)
Task: 3,	 Epoch: 93/100,	 Avg.loss: 0.0009,	 Accuracy: 695/1000(70%)
Task: 3,	 Epoch: 94/100,	 Avg.loss: 0.0009,	 Accuracy: 692/1000(69%)
Task: 3,	 Epoch: 95/100,	 Avg.loss: 0.0009,	 Accuracy: 690/1000(69%)
Task: 3,	 Epoch: 96/100,	 Avg.loss: 0.0009,	 Accuracy: 696/1000(70%)
Task: 3,	 Epoch: 97/100,	 Avg.loss: 0.0009,	 Accuracy: 690/1000(69%)
Task: 3,	 Epoch: 98/100,	 Avg.loss: 0.0009,	 Accuracy: 687/1000(69%)
Task: 3,	 Epoch: 99/100,	 Avg.loss: 0.0009,	 Accuracy: 685/1000(68%)
Saving head (task#: 3)
Computing MAS
Loading head (task#:0)
Loading mask (task#:0)
Files already downloaded and verified
Files already downloaded and verified
Task: 0,	 Epoch: -1/100,	 Avg.loss: 0.0009,	 Accuracy: 816/1000(82%)
Trained Task:3, Loaded task:0, Accuracy:81.6%
Loading head (task#:1)
Loading mask (task#:1)
Files already downloaded and verified
Files already downloaded and verified
Task: 1,	 Epoch: -1/100,	 Avg.loss: 0.0011,	 Accuracy: 796/1000(80%)
Trained Task:3, Loaded task:1, Accuracy:79.6%
Loading head (task#:2)
Loading mask (task#:2)
Files already downloaded and verified
Files already downloaded and verified
Task: 2,	 Epoch: -1/100,	 Avg.loss: 0.0009,	 Accuracy: 729/1000(73%)
Trained Task:3, Loaded task:2, Accuracy:72.9%
Loading head (task#:3)
Loading mask (task#:3)
Files already downloaded and verified
Files already downloaded and verified
Task: 3,	 Epoch: -1/100,	 Avg.loss: 0.0009,	 Accuracy: 685/1000(68%)
Trained Task:3, Loaded task:3, Accuracy:68.5%
Files already downloaded and verified
Files already downloaded and verified
Layer        : conv1_layer.2.weight
Sum Omega    : 19219.49609375
Max Fisher   : 6.193778038024902
Max Omega    : 27.340877532958984
Max Relevance: 2.182724952697754
Mask active  : 4096.0/8192

Layer        : conv2_layer.2.weight
Sum Omega    : 20145.65234375
Max Fisher   : 2.988805055618286
Max Omega    : 6.5331220626831055
Max Relevance: 2.053182601928711
Mask active  : 2048.0/4096

Layer        : fc1_layer.0.weight
Sum Omega    : 26682.384765625
Max Fisher   : 0.28853949904441833
Max Omega    : 0.976887047290802
Max Relevance: 0.2033231407403946
Mask active  : 256.0/512

Saving  mask (task#:4)
Mask histogram conv1_layer.2.weight: 	 tensor([   0., 2048., 2048., 2048., 2048.,    0.,    0.,    0.,    0.,    0.],
       device='cuda:0')
Mask histogram conv2_layer.2.weight: 	 tensor([   0., 1280.,  832.,  832.,  960.,  192.,    0.,    0.,    0.,    0.],
       device='cuda:0')
Mask histogram fc1_layer.0.weight: 	 tensor([  0., 195.,  76., 112.,  48.,  81.,   0.,   0.,   0.,   0.],
       device='cuda:0')
Task: 4,	 Epoch: 0/100,	 Avg.loss: 0.0012,	 Accuracy: 569/1000(57%)
Task: 4,	 Epoch: 1/100,	 Avg.loss: 0.0012,	 Accuracy: 617/1000(62%)
Task: 4,	 Epoch: 2/100,	 Avg.loss: 0.0011,	 Accuracy: 639/1000(64%)
Task: 4,	 Epoch: 3/100,	 Avg.loss: 0.0011,	 Accuracy: 637/1000(64%)
Task: 4,	 Epoch: 4/100,	 Avg.loss: 0.0011,	 Accuracy: 646/1000(65%)
Task: 4,	 Epoch: 5/100,	 Avg.loss: 0.0010,	 Accuracy: 661/1000(66%)
Task: 4,	 Epoch: 6/100,	 Avg.loss: 0.0010,	 Accuracy: 693/1000(69%)
Task: 4,	 Epoch: 7/100,	 Avg.loss: 0.0009,	 Accuracy: 694/1000(69%)
Task: 4,	 Epoch: 8/100,	 Avg.loss: 0.0010,	 Accuracy: 655/1000(66%)
Task: 4,	 Epoch: 9/100,	 Avg.loss: 0.0009,	 Accuracy: 693/1000(69%)
Task: 4,	 Epoch: 10/100,	 Avg.loss: 0.0009,	 Accuracy: 680/1000(68%)
Task: 4,	 Epoch: 11/100,	 Avg.loss: 0.0009,	 Accuracy: 701/1000(70%)
Task: 4,	 Epoch: 12/100,	 Avg.loss: 0.0009,	 Accuracy: 719/1000(72%)
Task: 4,	 Epoch: 13/100,	 Avg.loss: 0.0009,	 Accuracy: 703/1000(70%)
Task: 4,	 Epoch: 14/100,	 Avg.loss: 0.0011,	 Accuracy: 664/1000(66%)
Task: 4,	 Epoch: 15/100,	 Avg.loss: 0.0009,	 Accuracy: 684/1000(68%)
Task: 4,	 Epoch: 16/100,	 Avg.loss: 0.0008,	 Accuracy: 722/1000(72%)
Task: 4,	 Epoch: 17/100,	 Avg.loss: 0.0009,	 Accuracy: 691/1000(69%)
Task: 4,	 Epoch: 18/100,	 Avg.loss: 0.0008,	 Accuracy: 726/1000(73%)
Task: 4,	 Epoch: 19/100,	 Avg.loss: 0.0009,	 Accuracy: 719/1000(72%)
Task: 4,	 Epoch: 20/100,	 Avg.loss: 0.0009,	 Accuracy: 710/1000(71%)
Task: 4,	 Epoch: 21/100,	 Avg.loss: 0.0009,	 Accuracy: 698/1000(70%)
Task: 4,	 Epoch: 22/100,	 Avg.loss: 0.0009,	 Accuracy: 705/1000(70%)
Task: 4,	 Epoch: 23/100,	 Avg.loss: 0.0010,	 Accuracy: 691/1000(69%)
Task: 4,	 Epoch: 24/100,	 Avg.loss: 0.0009,	 Accuracy: 715/1000(72%)
Task: 4,	 Epoch: 25/100,	 Avg.loss: 0.0009,	 Accuracy: 721/1000(72%)
Task: 4,	 Epoch: 26/100,	 Avg.loss: 0.0009,	 Accuracy: 734/1000(73%)
Task: 4,	 Epoch: 27/100,	 Avg.loss: 0.0009,	 Accuracy: 719/1000(72%)
Task: 4,	 Epoch: 28/100,	 Avg.loss: 0.0008,	 Accuracy: 727/1000(73%)
Task: 4,	 Epoch: 29/100,	 Avg.loss: 0.0009,	 Accuracy: 708/1000(71%)
Task: 4,	 Epoch: 30/100,	 Avg.loss: 0.0009,	 Accuracy: 731/1000(73%)
Task: 4,	 Epoch: 31/100,	 Avg.loss: 0.0009,	 Accuracy: 723/1000(72%)
Task: 4,	 Epoch: 32/100,	 Avg.loss: 0.0009,	 Accuracy: 714/1000(71%)
Task: 4,	 Epoch: 33/100,	 Avg.loss: 0.0009,	 Accuracy: 702/1000(70%)
Task: 4,	 Epoch: 34/100,	 Avg.loss: 0.0009,	 Accuracy: 721/1000(72%)
Task: 4,	 Epoch: 35/100,	 Avg.loss: 0.0009,	 Accuracy: 696/1000(70%)
Task: 4,	 Epoch: 36/100,	 Avg.loss: 0.0009,	 Accuracy: 722/1000(72%)
Task: 4,	 Epoch: 37/100,	 Avg.loss: 0.0009,	 Accuracy: 722/1000(72%)
Task: 4,	 Epoch: 38/100,	 Avg.loss: 0.0009,	 Accuracy: 713/1000(71%)
Task: 4,	 Epoch: 39/100,	 Avg.loss: 0.0009,	 Accuracy: 710/1000(71%)
Task: 4,	 Epoch: 40/100,	 Avg.loss: 0.0009,	 Accuracy: 703/1000(70%)
Task: 4,	 Epoch: 41/100,	 Avg.loss: 0.0010,	 Accuracy: 677/1000(68%)
Task: 4,	 Epoch: 42/100,	 Avg.loss: 0.0009,	 Accuracy: 721/1000(72%)
Task: 4,	 Epoch: 43/100,	 Avg.loss: 0.0009,	 Accuracy: 717/1000(72%)
Task: 4,	 Epoch: 44/100,	 Avg.loss: 0.0009,	 Accuracy: 718/1000(72%)
Task: 4,	 Epoch: 45/100,	 Avg.loss: 0.0009,	 Accuracy: 718/1000(72%)
Task: 4,	 Epoch: 46/100,	 Avg.loss: 0.0009,	 Accuracy: 723/1000(72%)
Task: 4,	 Epoch: 47/100,	 Avg.loss: 0.0009,	 Accuracy: 707/1000(71%)
Task: 4,	 Epoch: 48/100,	 Avg.loss: 0.0009,	 Accuracy: 716/1000(72%)
Task: 4,	 Epoch: 49/100,	 Avg.loss: 0.0008,	 Accuracy: 735/1000(74%)
Task: 4,	 Epoch: 50/100,	 Avg.loss: 0.0009,	 Accuracy: 730/1000(73%)
Task: 4,	 Epoch: 51/100,	 Avg.loss: 0.0008,	 Accuracy: 741/1000(74%)
Task: 4,	 Epoch: 52/100,	 Avg.loss: 0.0009,	 Accuracy: 705/1000(70%)
Task: 4,	 Epoch: 53/100,	 Avg.loss: 0.0009,	 Accuracy: 730/1000(73%)
Task: 4,	 Epoch: 54/100,	 Avg.loss: 0.0009,	 Accuracy: 718/1000(72%)
Task: 4,	 Epoch: 55/100,	 Avg.loss: 0.0008,	 Accuracy: 727/1000(73%)
Task: 4,	 Epoch: 56/100,	 Avg.loss: 0.0008,	 Accuracy: 725/1000(72%)
Task: 4,	 Epoch: 57/100,	 Avg.loss: 0.0009,	 Accuracy: 697/1000(70%)
Task: 4,	 Epoch: 58/100,	 Avg.loss: 0.0009,	 Accuracy: 717/1000(72%)
Task: 4,	 Epoch: 59/100,	 Avg.loss: 0.0008,	 Accuracy: 730/1000(73%)
Task: 4,	 Epoch: 60/100,	 Avg.loss: 0.0008,	 Accuracy: 727/1000(73%)
Task: 4,	 Epoch: 61/100,	 Avg.loss: 0.0008,	 Accuracy: 730/1000(73%)
Task: 4,	 Epoch: 62/100,	 Avg.loss: 0.0008,	 Accuracy: 723/1000(72%)
Task: 4,	 Epoch: 63/100,	 Avg.loss: 0.0008,	 Accuracy: 728/1000(73%)
Task: 4,	 Epoch: 64/100,	 Avg.loss: 0.0008,	 Accuracy: 719/1000(72%)
Task: 4,	 Epoch: 65/100,	 Avg.loss: 0.0008,	 Accuracy: 732/1000(73%)
Task: 4,	 Epoch: 66/100,	 Avg.loss: 0.0008,	 Accuracy: 728/1000(73%)
Task: 4,	 Epoch: 67/100,	 Avg.loss: 0.0008,	 Accuracy: 735/1000(74%)
Task: 4,	 Epoch: 68/100,	 Avg.loss: 0.0008,	 Accuracy: 730/1000(73%)
Task: 4,	 Epoch: 69/100,	 Avg.loss: 0.0008,	 Accuracy: 733/1000(73%)
Task: 4,	 Epoch: 70/100,	 Avg.loss: 0.0008,	 Accuracy: 723/1000(72%)
Task: 4,	 Epoch: 71/100,	 Avg.loss: 0.0008,	 Accuracy: 724/1000(72%)
Task: 4,	 Epoch: 72/100,	 Avg.loss: 0.0008,	 Accuracy: 739/1000(74%)
Task: 4,	 Epoch: 73/100,	 Avg.loss: 0.0008,	 Accuracy: 741/1000(74%)
Task: 4,	 Epoch: 74/100,	 Avg.loss: 0.0008,	 Accuracy: 731/1000(73%)
Task: 4,	 Epoch: 75/100,	 Avg.loss: 0.0008,	 Accuracy: 730/1000(73%)
Task: 4,	 Epoch: 76/100,	 Avg.loss: 0.0008,	 Accuracy: 722/1000(72%)
Task: 4,	 Epoch: 77/100,	 Avg.loss: 0.0008,	 Accuracy: 734/1000(73%)
Task: 4,	 Epoch: 78/100,	 Avg.loss: 0.0008,	 Accuracy: 728/1000(73%)
Task: 4,	 Epoch: 79/100,	 Avg.loss: 0.0008,	 Accuracy: 729/1000(73%)
Task: 4,	 Epoch: 80/100,	 Avg.loss: 0.0008,	 Accuracy: 729/1000(73%)
Task: 4,	 Epoch: 81/100,	 Avg.loss: 0.0008,	 Accuracy: 734/1000(73%)
Task: 4,	 Epoch: 82/100,	 Avg.loss: 0.0008,	 Accuracy: 735/1000(74%)
Task: 4,	 Epoch: 83/100,	 Avg.loss: 0.0008,	 Accuracy: 733/1000(73%)
Task: 4,	 Epoch: 84/100,	 Avg.loss: 0.0008,	 Accuracy: 733/1000(73%)
Task: 4,	 Epoch: 85/100,	 Avg.loss: 0.0008,	 Accuracy: 730/1000(73%)
Task: 4,	 Epoch: 86/100,	 Avg.loss: 0.0008,	 Accuracy: 742/1000(74%)
Task: 4,	 Epoch: 87/100,	 Avg.loss: 0.0008,	 Accuracy: 734/1000(73%)
Task: 4,	 Epoch: 88/100,	 Avg.loss: 0.0008,	 Accuracy: 734/1000(73%)
Task: 4,	 Epoch: 89/100,	 Avg.loss: 0.0008,	 Accuracy: 729/1000(73%)
Task: 4,	 Epoch: 90/100,	 Avg.loss: 0.0008,	 Accuracy: 735/1000(74%)
Task: 4,	 Epoch: 91/100,	 Avg.loss: 0.0008,	 Accuracy: 731/1000(73%)
Task: 4,	 Epoch: 92/100,	 Avg.loss: 0.0008,	 Accuracy: 732/1000(73%)
Task: 4,	 Epoch: 93/100,	 Avg.loss: 0.0008,	 Accuracy: 732/1000(73%)
Task: 4,	 Epoch: 94/100,	 Avg.loss: 0.0008,	 Accuracy: 731/1000(73%)
Task: 4,	 Epoch: 95/100,	 Avg.loss: 0.0008,	 Accuracy: 738/1000(74%)
Task: 4,	 Epoch: 96/100,	 Avg.loss: 0.0008,	 Accuracy: 733/1000(73%)
Task: 4,	 Epoch: 97/100,	 Avg.loss: 0.0008,	 Accuracy: 722/1000(72%)
Task: 4,	 Epoch: 98/100,	 Avg.loss: 0.0008,	 Accuracy: 736/1000(74%)
Task: 4,	 Epoch: 99/100,	 Avg.loss: 0.0008,	 Accuracy: 736/1000(74%)
Saving head (task#: 4)
Computing MAS
Loading head (task#:0)
Loading mask (task#:0)
Files already downloaded and verified
Files already downloaded and verified
Task: 0,	 Epoch: -1/100,	 Avg.loss: 0.0009,	 Accuracy: 807/1000(81%)
Trained Task:4, Loaded task:0, Accuracy:80.7%
Loading head (task#:1)
Loading mask (task#:1)
Files already downloaded and verified
Files already downloaded and verified
Task: 1,	 Epoch: -1/100,	 Avg.loss: 0.0010,	 Accuracy: 796/1000(80%)
Trained Task:4, Loaded task:1, Accuracy:79.6%
Loading head (task#:2)
Loading mask (task#:2)
Files already downloaded and verified
Files already downloaded and verified
Task: 2,	 Epoch: -1/100,	 Avg.loss: 0.0009,	 Accuracy: 728/1000(73%)
Trained Task:4, Loaded task:2, Accuracy:72.8%
Loading head (task#:3)
Loading mask (task#:3)
Files already downloaded and verified
Files already downloaded and verified
Task: 3,	 Epoch: -1/100,	 Avg.loss: 0.0010,	 Accuracy: 680/1000(68%)
Trained Task:4, Loaded task:3, Accuracy:68.0%
Loading head (task#:4)
Loading mask (task#:4)
Files already downloaded and verified
Files already downloaded and verified
Task: 4,	 Epoch: -1/100,	 Avg.loss: 0.0008,	 Accuracy: 736/1000(74%)
Trained Task:4, Loaded task:4, Accuracy:73.6%
Files already downloaded and verified
Files already downloaded and verified
Layer        : conv1_layer.2.weight
Sum Omega    : 20826.9140625
Max Fisher   : 4.906192779541016
Max Omega    : 27.340877532958984
Max Relevance: 1.5914063453674316
Mask active  : 4096.0/8192

Layer        : conv2_layer.2.weight
Sum Omega    : 22734.265625
Max Fisher   : 5.009152889251709
Max Omega    : 6.5331220626831055
Max Relevance: 3.527071714401245
Mask active  : 2048.0/4096

Layer        : fc1_layer.0.weight
Sum Omega    : 29855.3671875
Max Fisher   : 0.26289233565330505
Max Omega    : 0.976887047290802
Max Relevance: 0.2196730673313141
Mask active  : 256.0/512

Saving  mask (task#:5)
Mask histogram conv1_layer.2.weight: 	 tensor([   0., 1280., 2048., 1792., 1536., 1536.,    0.,    0.,    0.,    0.],
       device='cuda:0')
Mask histogram conv2_layer.2.weight: 	 tensor([   0., 1088.,  448.,  960.,  768.,  640.,  192.,    0.,    0.,    0.],
       device='cuda:0')
Mask histogram fc1_layer.0.weight: 	 tensor([  0., 165.,  81.,  45., 108.,  36.,  77.,   0.,   0.,   0.],
       device='cuda:0')
Task: 5,	 Epoch: 0/100,	 Avg.loss: 0.0013,	 Accuracy: 538/1000(54%)
Task: 5,	 Epoch: 1/100,	 Avg.loss: 0.0011,	 Accuracy: 592/1000(59%)
Task: 5,	 Epoch: 2/100,	 Avg.loss: 0.0010,	 Accuracy: 620/1000(62%)
Task: 5,	 Epoch: 3/100,	 Avg.loss: 0.0010,	 Accuracy: 639/1000(64%)
Task: 5,	 Epoch: 4/100,	 Avg.loss: 0.0011,	 Accuracy: 633/1000(63%)
Task: 5,	 Epoch: 5/100,	 Avg.loss: 0.0010,	 Accuracy: 655/1000(66%)
Task: 5,	 Epoch: 6/100,	 Avg.loss: 0.0010,	 Accuracy: 648/1000(65%)
Task: 5,	 Epoch: 7/100,	 Avg.loss: 0.0010,	 Accuracy: 653/1000(65%)
Task: 5,	 Epoch: 8/100,	 Avg.loss: 0.0010,	 Accuracy: 645/1000(64%)
Task: 5,	 Epoch: 9/100,	 Avg.loss: 0.0009,	 Accuracy: 680/1000(68%)
Task: 5,	 Epoch: 10/100,	 Avg.loss: 0.0009,	 Accuracy: 696/1000(70%)
Task: 5,	 Epoch: 11/100,	 Avg.loss: 0.0009,	 Accuracy: 681/1000(68%)
Task: 5,	 Epoch: 12/100,	 Avg.loss: 0.0009,	 Accuracy: 690/1000(69%)
Task: 5,	 Epoch: 13/100,	 Avg.loss: 0.0009,	 Accuracy: 676/1000(68%)
Task: 5,	 Epoch: 14/100,	 Avg.loss: 0.0009,	 Accuracy: 709/1000(71%)
Task: 5,	 Epoch: 15/100,	 Avg.loss: 0.0008,	 Accuracy: 695/1000(70%)
Task: 5,	 Epoch: 16/100,	 Avg.loss: 0.0009,	 Accuracy: 679/1000(68%)
Task: 5,	 Epoch: 17/100,	 Avg.loss: 0.0009,	 Accuracy: 688/1000(69%)
Task: 5,	 Epoch: 18/100,	 Avg.loss: 0.0009,	 Accuracy: 696/1000(70%)
Task: 5,	 Epoch: 19/100,	 Avg.loss: 0.0009,	 Accuracy: 695/1000(70%)
Task: 5,	 Epoch: 20/100,	 Avg.loss: 0.0009,	 Accuracy: 687/1000(69%)
Task: 5,	 Epoch: 21/100,	 Avg.loss: 0.0009,	 Accuracy: 682/1000(68%)
Task: 5,	 Epoch: 22/100,	 Avg.loss: 0.0008,	 Accuracy: 703/1000(70%)
Task: 5,	 Epoch: 23/100,	 Avg.loss: 0.0008,	 Accuracy: 704/1000(70%)
Task: 5,	 Epoch: 24/100,	 Avg.loss: 0.0008,	 Accuracy: 716/1000(72%)
Task: 5,	 Epoch: 25/100,	 Avg.loss: 0.0008,	 Accuracy: 710/1000(71%)
Task: 5,	 Epoch: 26/100,	 Avg.loss: 0.0009,	 Accuracy: 698/1000(70%)
Task: 5,	 Epoch: 27/100,	 Avg.loss: 0.0008,	 Accuracy: 705/1000(70%)
Task: 5,	 Epoch: 28/100,	 Avg.loss: 0.0008,	 Accuracy: 699/1000(70%)
Task: 5,	 Epoch: 29/100,	 Avg.loss: 0.0008,	 Accuracy: 696/1000(70%)
Task: 5,	 Epoch: 30/100,	 Avg.loss: 0.0009,	 Accuracy: 683/1000(68%)
Task: 5,	 Epoch: 31/100,	 Avg.loss: 0.0008,	 Accuracy: 713/1000(71%)
Task: 5,	 Epoch: 32/100,	 Avg.loss: 0.0009,	 Accuracy: 699/1000(70%)
Task: 5,	 Epoch: 33/100,	 Avg.loss: 0.0009,	 Accuracy: 707/1000(71%)
Task: 5,	 Epoch: 34/100,	 Avg.loss: 0.0009,	 Accuracy: 699/1000(70%)
Task: 5,	 Epoch: 35/100,	 Avg.loss: 0.0009,	 Accuracy: 705/1000(70%)
Task: 5,	 Epoch: 36/100,	 Avg.loss: 0.0008,	 Accuracy: 716/1000(72%)
Task: 5,	 Epoch: 37/100,	 Avg.loss: 0.0008,	 Accuracy: 704/1000(70%)
Task: 5,	 Epoch: 38/100,	 Avg.loss: 0.0009,	 Accuracy: 711/1000(71%)
Task: 5,	 Epoch: 39/100,	 Avg.loss: 0.0009,	 Accuracy: 708/1000(71%)
Task: 5,	 Epoch: 40/100,	 Avg.loss: 0.0009,	 Accuracy: 687/1000(69%)
Task: 5,	 Epoch: 41/100,	 Avg.loss: 0.0008,	 Accuracy: 696/1000(70%)
Task: 5,	 Epoch: 42/100,	 Avg.loss: 0.0009,	 Accuracy: 698/1000(70%)
Task: 5,	 Epoch: 43/100,	 Avg.loss: 0.0008,	 Accuracy: 712/1000(71%)
Task: 5,	 Epoch: 44/100,	 Avg.loss: 0.0008,	 Accuracy: 707/1000(71%)
Task: 5,	 Epoch: 45/100,	 Avg.loss: 0.0009,	 Accuracy: 703/1000(70%)
Task: 5,	 Epoch: 46/100,	 Avg.loss: 0.0008,	 Accuracy: 703/1000(70%)
Task: 5,	 Epoch: 47/100,	 Avg.loss: 0.0009,	 Accuracy: 692/1000(69%)
Task: 5,	 Epoch: 48/100,	 Avg.loss: 0.0009,	 Accuracy: 691/1000(69%)
Task: 5,	 Epoch: 49/100,	 Avg.loss: 0.0009,	 Accuracy: 686/1000(69%)
Task: 5,	 Epoch: 50/100,	 Avg.loss: 0.0009,	 Accuracy: 703/1000(70%)
Task: 5,	 Epoch: 51/100,	 Avg.loss: 0.0009,	 Accuracy: 691/1000(69%)
Task: 5,	 Epoch: 52/100,	 Avg.loss: 0.0009,	 Accuracy: 708/1000(71%)
Task: 5,	 Epoch: 53/100,	 Avg.loss: 0.0008,	 Accuracy: 707/1000(71%)
Task: 5,	 Epoch: 54/100,	 Avg.loss: 0.0009,	 Accuracy: 694/1000(69%)
Task: 5,	 Epoch: 55/100,	 Avg.loss: 0.0009,	 Accuracy: 709/1000(71%)
Task: 5,	 Epoch: 56/100,	 Avg.loss: 0.0009,	 Accuracy: 703/1000(70%)
Task: 5,	 Epoch: 57/100,	 Avg.loss: 0.0009,	 Accuracy: 696/1000(70%)
Task: 5,	 Epoch: 58/100,	 Avg.loss: 0.0008,	 Accuracy: 711/1000(71%)
Task: 5,	 Epoch: 59/100,	 Avg.loss: 0.0009,	 Accuracy: 692/1000(69%)
Task: 5,	 Epoch: 60/100,	 Avg.loss: 0.0008,	 Accuracy: 724/1000(72%)
Task: 5,	 Epoch: 61/100,	 Avg.loss: 0.0008,	 Accuracy: 728/1000(73%)
Task: 5,	 Epoch: 62/100,	 Avg.loss: 0.0008,	 Accuracy: 711/1000(71%)
Task: 5,	 Epoch: 63/100,	 Avg.loss: 0.0008,	 Accuracy: 716/1000(72%)
Task: 5,	 Epoch: 64/100,	 Avg.loss: 0.0008,	 Accuracy: 721/1000(72%)
Task: 5,	 Epoch: 65/100,	 Avg.loss: 0.0008,	 Accuracy: 726/1000(73%)
Task: 5,	 Epoch: 66/100,	 Avg.loss: 0.0008,	 Accuracy: 716/1000(72%)
Task: 5,	 Epoch: 67/100,	 Avg.loss: 0.0008,	 Accuracy: 720/1000(72%)
Task: 5,	 Epoch: 68/100,	 Avg.loss: 0.0008,	 Accuracy: 720/1000(72%)
Task: 5,	 Epoch: 69/100,	 Avg.loss: 0.0008,	 Accuracy: 720/1000(72%)
Task: 5,	 Epoch: 70/100,	 Avg.loss: 0.0008,	 Accuracy: 727/1000(73%)
Task: 5,	 Epoch: 71/100,	 Avg.loss: 0.0008,	 Accuracy: 723/1000(72%)
Task: 5,	 Epoch: 72/100,	 Avg.loss: 0.0008,	 Accuracy: 724/1000(72%)
Task: 5,	 Epoch: 73/100,	 Avg.loss: 0.0008,	 Accuracy: 721/1000(72%)
Task: 5,	 Epoch: 74/100,	 Avg.loss: 0.0008,	 Accuracy: 719/1000(72%)
Task: 5,	 Epoch: 75/100,	 Avg.loss: 0.0008,	 Accuracy: 723/1000(72%)
Task: 5,	 Epoch: 76/100,	 Avg.loss: 0.0008,	 Accuracy: 717/1000(72%)
Task: 5,	 Epoch: 77/100,	 Avg.loss: 0.0008,	 Accuracy: 718/1000(72%)
Task: 5,	 Epoch: 78/100,	 Avg.loss: 0.0008,	 Accuracy: 713/1000(71%)
Task: 5,	 Epoch: 79/100,	 Avg.loss: 0.0008,	 Accuracy: 719/1000(72%)
Task: 5,	 Epoch: 80/100,	 Avg.loss: 0.0008,	 Accuracy: 718/1000(72%)
Task: 5,	 Epoch: 81/100,	 Avg.loss: 0.0008,	 Accuracy: 729/1000(73%)
Task: 5,	 Epoch: 82/100,	 Avg.loss: 0.0008,	 Accuracy: 726/1000(73%)
Task: 5,	 Epoch: 83/100,	 Avg.loss: 0.0008,	 Accuracy: 720/1000(72%)
Task: 5,	 Epoch: 84/100,	 Avg.loss: 0.0008,	 Accuracy: 720/1000(72%)
Task: 5,	 Epoch: 85/100,	 Avg.loss: 0.0008,	 Accuracy: 727/1000(73%)
Task: 5,	 Epoch: 86/100,	 Avg.loss: 0.0008,	 Accuracy: 729/1000(73%)
Task: 5,	 Epoch: 87/100,	 Avg.loss: 0.0008,	 Accuracy: 728/1000(73%)
Task: 5,	 Epoch: 88/100,	 Avg.loss: 0.0008,	 Accuracy: 725/1000(72%)
Task: 5,	 Epoch: 89/100,	 Avg.loss: 0.0008,	 Accuracy: 718/1000(72%)
Task: 5,	 Epoch: 90/100,	 Avg.loss: 0.0008,	 Accuracy: 721/1000(72%)
Task: 5,	 Epoch: 91/100,	 Avg.loss: 0.0008,	 Accuracy: 728/1000(73%)
Task: 5,	 Epoch: 92/100,	 Avg.loss: 0.0008,	 Accuracy: 728/1000(73%)
Task: 5,	 Epoch: 93/100,	 Avg.loss: 0.0008,	 Accuracy: 729/1000(73%)
Task: 5,	 Epoch: 94/100,	 Avg.loss: 0.0008,	 Accuracy: 726/1000(73%)
Task: 5,	 Epoch: 95/100,	 Avg.loss: 0.0008,	 Accuracy: 717/1000(72%)
Task: 5,	 Epoch: 96/100,	 Avg.loss: 0.0008,	 Accuracy: 728/1000(73%)
Task: 5,	 Epoch: 97/100,	 Avg.loss: 0.0008,	 Accuracy: 717/1000(72%)
Task: 5,	 Epoch: 98/100,	 Avg.loss: 0.0008,	 Accuracy: 716/1000(72%)
Task: 5,	 Epoch: 99/100,	 Avg.loss: 0.0008,	 Accuracy: 714/1000(71%)
Saving head (task#: 5)
Computing MAS
Loading head (task#:0)
Loading mask (task#:0)
Files already downloaded and verified
Files already downloaded and verified
Task: 0,	 Epoch: -1/100,	 Avg.loss: 0.0009,	 Accuracy: 804/1000(80%)
Trained Task:5, Loaded task:0, Accuracy:80.4%
Loading head (task#:1)
Loading mask (task#:1)
Files already downloaded and verified
Files already downloaded and verified
Task: 1,	 Epoch: -1/100,	 Avg.loss: 0.0011,	 Accuracy: 784/1000(78%)
Trained Task:5, Loaded task:1, Accuracy:78.4%
Loading head (task#:2)
Loading mask (task#:2)
Files already downloaded and verified
Files already downloaded and verified
Task: 2,	 Epoch: -1/100,	 Avg.loss: 0.0009,	 Accuracy: 728/1000(73%)
Trained Task:5, Loaded task:2, Accuracy:72.8%
Loading head (task#:3)
Loading mask (task#:3)
Files already downloaded and verified
Files already downloaded and verified
Task: 3,	 Epoch: -1/100,	 Avg.loss: 0.0010,	 Accuracy: 675/1000(68%)
Trained Task:5, Loaded task:3, Accuracy:67.5%
Loading head (task#:4)
Loading mask (task#:4)
Files already downloaded and verified
Files already downloaded and verified
Task: 4,	 Epoch: -1/100,	 Avg.loss: 0.0008,	 Accuracy: 729/1000(73%)
Trained Task:5, Loaded task:4, Accuracy:72.9%
Loading head (task#:5)
Loading mask (task#:5)
Files already downloaded and verified
Files already downloaded and verified
Task: 5,	 Epoch: -1/100,	 Avg.loss: 0.0008,	 Accuracy: 714/1000(71%)
Trained Task:5, Loaded task:5, Accuracy:71.4%
Files already downloaded and verified
Files already downloaded and verified
Layer        : conv1_layer.2.weight
Sum Omega    : 24234.689453125
Max Fisher   : 4.721320152282715
Max Omega    : 27.340877532958984
Max Relevance: 0.3282889723777771
Mask active  : 4096.0/8192

Layer        : conv2_layer.2.weight
Sum Omega    : 27405.77734375
Max Fisher   : 3.590890884399414
Max Omega    : 8.59892463684082
Max Relevance: 1.6925806999206543
Mask active  : 2048.0/4096

Layer        : fc1_layer.0.weight
Sum Omega    : 34627.94921875
Max Fisher   : 0.30439743399620056
Max Omega    : 1.7328349351882935
Max Relevance: 0.261519193649292
Mask active  : 256.0/512

Saving  mask (task#:6)
Mask histogram conv1_layer.2.weight: 	 tensor([   0., 1024., 1280., 1792., 2048.,  768., 1280.,    0.,    0.,    0.],
       device='cuda:0')
Mask histogram conv2_layer.2.weight: 	 tensor([  0., 768., 704., 768., 448., 576., 640., 192.,   0.,   0.],
       device='cuda:0')
Mask histogram fc1_layer.0.weight: 	 tensor([  0., 140.,  85.,  45.,  41.,  95.,  34.,  72.,   0.,   0.],
       device='cuda:0')
Task: 6,	 Epoch: 0/100,	 Avg.loss: 0.0013,	 Accuracy: 536/1000(54%)
Task: 6,	 Epoch: 1/100,	 Avg.loss: 0.0011,	 Accuracy: 605/1000(61%)
Task: 6,	 Epoch: 2/100,	 Avg.loss: 0.0011,	 Accuracy: 637/1000(64%)
Task: 6,	 Epoch: 3/100,	 Avg.loss: 0.0010,	 Accuracy: 660/1000(66%)
Task: 6,	 Epoch: 4/100,	 Avg.loss: 0.0010,	 Accuracy: 645/1000(64%)
Task: 6,	 Epoch: 5/100,	 Avg.loss: 0.0010,	 Accuracy: 655/1000(66%)
Task: 6,	 Epoch: 6/100,	 Avg.loss: 0.0010,	 Accuracy: 653/1000(65%)
Task: 6,	 Epoch: 7/100,	 Avg.loss: 0.0009,	 Accuracy: 677/1000(68%)
Task: 6,	 Epoch: 8/100,	 Avg.loss: 0.0009,	 Accuracy: 680/1000(68%)
Task: 6,	 Epoch: 9/100,	 Avg.loss: 0.0009,	 Accuracy: 671/1000(67%)
Task: 6,	 Epoch: 10/100,	 Avg.loss: 0.0009,	 Accuracy: 692/1000(69%)
Task: 6,	 Epoch: 11/100,	 Avg.loss: 0.0009,	 Accuracy: 691/1000(69%)
Task: 6,	 Epoch: 12/100,	 Avg.loss: 0.0009,	 Accuracy: 674/1000(67%)
Task: 6,	 Epoch: 13/100,	 Avg.loss: 0.0009,	 Accuracy: 677/1000(68%)
Task: 6,	 Epoch: 14/100,	 Avg.loss: 0.0009,	 Accuracy: 685/1000(68%)
Task: 6,	 Epoch: 15/100,	 Avg.loss: 0.0009,	 Accuracy: 686/1000(69%)
Task: 6,	 Epoch: 16/100,	 Avg.loss: 0.0009,	 Accuracy: 678/1000(68%)
Task: 6,	 Epoch: 17/100,	 Avg.loss: 0.0009,	 Accuracy: 702/1000(70%)
Task: 6,	 Epoch: 18/100,	 Avg.loss: 0.0009,	 Accuracy: 706/1000(71%)
Task: 6,	 Epoch: 19/100,	 Avg.loss: 0.0009,	 Accuracy: 709/1000(71%)
Task: 6,	 Epoch: 20/100,	 Avg.loss: 0.0009,	 Accuracy: 709/1000(71%)
Task: 6,	 Epoch: 21/100,	 Avg.loss: 0.0009,	 Accuracy: 698/1000(70%)
Task: 6,	 Epoch: 22/100,	 Avg.loss: 0.0009,	 Accuracy: 723/1000(72%)
Task: 6,	 Epoch: 23/100,	 Avg.loss: 0.0009,	 Accuracy: 696/1000(70%)
Task: 6,	 Epoch: 24/100,	 Avg.loss: 0.0009,	 Accuracy: 698/1000(70%)
Task: 6,	 Epoch: 25/100,	 Avg.loss: 0.0009,	 Accuracy: 705/1000(70%)
Task: 6,	 Epoch: 26/100,	 Avg.loss: 0.0009,	 Accuracy: 709/1000(71%)
Task: 6,	 Epoch: 27/100,	 Avg.loss: 0.0009,	 Accuracy: 712/1000(71%)
Task: 6,	 Epoch: 28/100,	 Avg.loss: 0.0009,	 Accuracy: 704/1000(70%)
Task: 6,	 Epoch: 29/100,	 Avg.loss: 0.0009,	 Accuracy: 712/1000(71%)
Task: 6,	 Epoch: 30/100,	 Avg.loss: 0.0009,	 Accuracy: 696/1000(70%)
Task: 6,	 Epoch: 31/100,	 Avg.loss: 0.0009,	 Accuracy: 707/1000(71%)
Task: 6,	 Epoch: 32/100,	 Avg.loss: 0.0009,	 Accuracy: 707/1000(71%)
Task: 6,	 Epoch: 33/100,	 Avg.loss: 0.0009,	 Accuracy: 707/1000(71%)
Task: 6,	 Epoch: 34/100,	 Avg.loss: 0.0009,	 Accuracy: 712/1000(71%)
Task: 6,	 Epoch: 35/100,	 Avg.loss: 0.0009,	 Accuracy: 709/1000(71%)
Task: 6,	 Epoch: 36/100,	 Avg.loss: 0.0009,	 Accuracy: 710/1000(71%)
Task: 6,	 Epoch: 37/100,	 Avg.loss: 0.0009,	 Accuracy: 712/1000(71%)
Task: 6,	 Epoch: 38/100,	 Avg.loss: 0.0009,	 Accuracy: 689/1000(69%)
Task: 6,	 Epoch: 39/100,	 Avg.loss: 0.0009,	 Accuracy: 710/1000(71%)
Task: 6,	 Epoch: 40/100,	 Avg.loss: 0.0009,	 Accuracy: 694/1000(69%)
Task: 6,	 Epoch: 41/100,	 Avg.loss: 0.0009,	 Accuracy: 709/1000(71%)
Task: 6,	 Epoch: 42/100,	 Avg.loss: 0.0009,	 Accuracy: 708/1000(71%)
Task: 6,	 Epoch: 43/100,	 Avg.loss: 0.0009,	 Accuracy: 714/1000(71%)
Task: 6,	 Epoch: 44/100,	 Avg.loss: 0.0009,	 Accuracy: 714/1000(71%)
Task: 6,	 Epoch: 45/100,	 Avg.loss: 0.0009,	 Accuracy: 718/1000(72%)
Task: 6,	 Epoch: 46/100,	 Avg.loss: 0.0008,	 Accuracy: 724/1000(72%)
Task: 6,	 Epoch: 47/100,	 Avg.loss: 0.0009,	 Accuracy: 705/1000(70%)
Task: 6,	 Epoch: 48/100,	 Avg.loss: 0.0009,	 Accuracy: 704/1000(70%)
Task: 6,	 Epoch: 49/100,	 Avg.loss: 0.0009,	 Accuracy: 718/1000(72%)
Task: 6,	 Epoch: 50/100,	 Avg.loss: 0.0009,	 Accuracy: 704/1000(70%)
Task: 6,	 Epoch: 51/100,	 Avg.loss: 0.0009,	 Accuracy: 708/1000(71%)
Task: 6,	 Epoch: 52/100,	 Avg.loss: 0.0009,	 Accuracy: 721/1000(72%)
Task: 6,	 Epoch: 53/100,	 Avg.loss: 0.0009,	 Accuracy: 711/1000(71%)
Task: 6,	 Epoch: 54/100,	 Avg.loss: 0.0008,	 Accuracy: 727/1000(73%)
Task: 6,	 Epoch: 55/100,	 Avg.loss: 0.0009,	 Accuracy: 714/1000(71%)
Task: 6,	 Epoch: 56/100,	 Avg.loss: 0.0009,	 Accuracy: 705/1000(70%)
Task: 6,	 Epoch: 57/100,	 Avg.loss: 0.0008,	 Accuracy: 726/1000(73%)
Task: 6,	 Epoch: 58/100,	 Avg.loss: 0.0008,	 Accuracy: 717/1000(72%)
Task: 6,	 Epoch: 59/100,	 Avg.loss: 0.0009,	 Accuracy: 705/1000(70%)
Task: 6,	 Epoch: 60/100,	 Avg.loss: 0.0008,	 Accuracy: 733/1000(73%)
Task: 6,	 Epoch: 61/100,	 Avg.loss: 0.0008,	 Accuracy: 731/1000(73%)
Task: 6,	 Epoch: 62/100,	 Avg.loss: 0.0008,	 Accuracy: 734/1000(73%)
Task: 6,	 Epoch: 63/100,	 Avg.loss: 0.0008,	 Accuracy: 733/1000(73%)
Task: 6,	 Epoch: 64/100,	 Avg.loss: 0.0008,	 Accuracy: 734/1000(73%)
Task: 6,	 Epoch: 65/100,	 Avg.loss: 0.0008,	 Accuracy: 728/1000(73%)
Task: 6,	 Epoch: 66/100,	 Avg.loss: 0.0008,	 Accuracy: 729/1000(73%)
Task: 6,	 Epoch: 67/100,	 Avg.loss: 0.0008,	 Accuracy: 733/1000(73%)
Task: 6,	 Epoch: 68/100,	 Avg.loss: 0.0008,	 Accuracy: 736/1000(74%)
Task: 6,	 Epoch: 69/100,	 Avg.loss: 0.0008,	 Accuracy: 733/1000(73%)
Task: 6,	 Epoch: 70/100,	 Avg.loss: 0.0008,	 Accuracy: 739/1000(74%)
Task: 6,	 Epoch: 71/100,	 Avg.loss: 0.0008,	 Accuracy: 736/1000(74%)
Task: 6,	 Epoch: 72/100,	 Avg.loss: 0.0008,	 Accuracy: 730/1000(73%)
Task: 6,	 Epoch: 73/100,	 Avg.loss: 0.0008,	 Accuracy: 736/1000(74%)
Task: 6,	 Epoch: 74/100,	 Avg.loss: 0.0008,	 Accuracy: 736/1000(74%)
Task: 6,	 Epoch: 75/100,	 Avg.loss: 0.0008,	 Accuracy: 733/1000(73%)
Task: 6,	 Epoch: 76/100,	 Avg.loss: 0.0008,	 Accuracy: 740/1000(74%)
Task: 6,	 Epoch: 77/100,	 Avg.loss: 0.0008,	 Accuracy: 734/1000(73%)
Task: 6,	 Epoch: 78/100,	 Avg.loss: 0.0008,	 Accuracy: 736/1000(74%)
Task: 6,	 Epoch: 79/100,	 Avg.loss: 0.0008,	 Accuracy: 738/1000(74%)
Task: 6,	 Epoch: 80/100,	 Avg.loss: 0.0008,	 Accuracy: 738/1000(74%)
Task: 6,	 Epoch: 81/100,	 Avg.loss: 0.0008,	 Accuracy: 736/1000(74%)
Task: 6,	 Epoch: 82/100,	 Avg.loss: 0.0008,	 Accuracy: 735/1000(74%)
Task: 6,	 Epoch: 83/100,	 Avg.loss: 0.0008,	 Accuracy: 730/1000(73%)
Task: 6,	 Epoch: 84/100,	 Avg.loss: 0.0008,	 Accuracy: 736/1000(74%)
Task: 6,	 Epoch: 85/100,	 Avg.loss: 0.0008,	 Accuracy: 733/1000(73%)
Task: 6,	 Epoch: 86/100,	 Avg.loss: 0.0008,	 Accuracy: 737/1000(74%)
Task: 6,	 Epoch: 87/100,	 Avg.loss: 0.0008,	 Accuracy: 740/1000(74%)
Task: 6,	 Epoch: 88/100,	 Avg.loss: 0.0008,	 Accuracy: 742/1000(74%)
Task: 6,	 Epoch: 89/100,	 Avg.loss: 0.0008,	 Accuracy: 732/1000(73%)
Task: 6,	 Epoch: 90/100,	 Avg.loss: 0.0008,	 Accuracy: 741/1000(74%)
Task: 6,	 Epoch: 91/100,	 Avg.loss: 0.0008,	 Accuracy: 736/1000(74%)
Task: 6,	 Epoch: 92/100,	 Avg.loss: 0.0008,	 Accuracy: 740/1000(74%)
Task: 6,	 Epoch: 93/100,	 Avg.loss: 0.0008,	 Accuracy: 736/1000(74%)
Task: 6,	 Epoch: 94/100,	 Avg.loss: 0.0008,	 Accuracy: 737/1000(74%)
Task: 6,	 Epoch: 95/100,	 Avg.loss: 0.0008,	 Accuracy: 734/1000(73%)
Task: 6,	 Epoch: 96/100,	 Avg.loss: 0.0008,	 Accuracy: 735/1000(74%)
Task: 6,	 Epoch: 97/100,	 Avg.loss: 0.0008,	 Accuracy: 736/1000(74%)
Task: 6,	 Epoch: 98/100,	 Avg.loss: 0.0008,	 Accuracy: 736/1000(74%)
Task: 6,	 Epoch: 99/100,	 Avg.loss: 0.0008,	 Accuracy: 729/1000(73%)
Saving head (task#: 6)
Computing MAS
Loading head (task#:0)
Loading mask (task#:0)
Files already downloaded and verified
Files already downloaded and verified
Task: 0,	 Epoch: -1/100,	 Avg.loss: 0.0009,	 Accuracy: 805/1000(81%)
Trained Task:6, Loaded task:0, Accuracy:80.5%
Loading head (task#:1)
Loading mask (task#:1)
Files already downloaded and verified
Files already downloaded and verified
Task: 1,	 Epoch: -1/100,	 Avg.loss: 0.0011,	 Accuracy: 773/1000(77%)
Trained Task:6, Loaded task:1, Accuracy:77.3%
Loading head (task#:2)
Loading mask (task#:2)
Files already downloaded and verified
Files already downloaded and verified
Task: 2,	 Epoch: -1/100,	 Avg.loss: 0.0009,	 Accuracy: 726/1000(73%)
Trained Task:6, Loaded task:2, Accuracy:72.6%
Loading head (task#:3)
Loading mask (task#:3)
Files already downloaded and verified
Files already downloaded and verified
Task: 3,	 Epoch: -1/100,	 Avg.loss: 0.0010,	 Accuracy: 678/1000(68%)
Trained Task:6, Loaded task:3, Accuracy:67.8%
Loading head (task#:4)
Loading mask (task#:4)
Files already downloaded and verified
Files already downloaded and verified
Task: 4,	 Epoch: -1/100,	 Avg.loss: 0.0008,	 Accuracy: 731/1000(73%)
Trained Task:6, Loaded task:4, Accuracy:73.1%
Loading head (task#:5)
Loading mask (task#:5)
Files already downloaded and verified
Files already downloaded and verified
Task: 5,	 Epoch: -1/100,	 Avg.loss: 0.0008,	 Accuracy: 721/1000(72%)
Trained Task:6, Loaded task:5, Accuracy:72.1%
Loading head (task#:6)
Loading mask (task#:6)
Files already downloaded and verified
Files already downloaded and verified
Task: 6,	 Epoch: -1/100,	 Avg.loss: 0.0008,	 Accuracy: 729/1000(73%)
Trained Task:6, Loaded task:6, Accuracy:72.9%
Files already downloaded and verified
Files already downloaded and verified
Layer        : conv1_layer.2.weight
Sum Omega    : 26421.46875
Max Fisher   : 7.710338115692139
Max Omega    : 27.340877532958984
Max Relevance: 0.933711051940918
Mask active  : 4096.0/8192

Layer        : conv2_layer.2.weight
Sum Omega    : 30546.4140625
Max Fisher   : 4.503798007965088
Max Omega    : 8.59892463684082
Max Relevance: 1.9678220748901367
Mask active  : 2048.0/4096

Layer        : fc1_layer.0.weight
Sum Omega    : 37696.1953125
Max Fisher   : 0.42856231331825256
Max Omega    : 1.7328349351882935
Max Relevance: 0.35947805643081665
Mask active  : 256.0/512

Saving  mask (task#:7)
Mask histogram conv1_layer.2.weight: 	 tensor([   0., 1024.,  512., 1792., 1792., 1536.,  256., 1280.,    0.,    0.],
       device='cuda:0')
Mask histogram conv2_layer.2.weight: 	 tensor([  0., 704., 512., 704., 768.,   0., 576., 640., 192.,   0.],
       device='cuda:0')
Mask histogram fc1_layer.0.weight: 	 tensor([  0., 124.,  76.,  50.,  45.,  28.,  92.,  26.,  71.,   0.],
       device='cuda:0')
Task: 7,	 Epoch: 0/100,	 Avg.loss: 0.0014,	 Accuracy: 536/1000(54%)
Task: 7,	 Epoch: 1/100,	 Avg.loss: 0.0014,	 Accuracy: 551/1000(55%)
Task: 7,	 Epoch: 2/100,	 Avg.loss: 0.0013,	 Accuracy: 570/1000(57%)
Task: 7,	 Epoch: 3/100,	 Avg.loss: 0.0012,	 Accuracy: 585/1000(59%)
Task: 7,	 Epoch: 4/100,	 Avg.loss: 0.0011,	 Accuracy: 606/1000(61%)
Task: 7,	 Epoch: 5/100,	 Avg.loss: 0.0012,	 Accuracy: 580/1000(58%)
Task: 7,	 Epoch: 6/100,	 Avg.loss: 0.0011,	 Accuracy: 609/1000(61%)
Task: 7,	 Epoch: 7/100,	 Avg.loss: 0.0012,	 Accuracy: 589/1000(59%)
Task: 7,	 Epoch: 8/100,	 Avg.loss: 0.0012,	 Accuracy: 605/1000(61%)
Task: 7,	 Epoch: 9/100,	 Avg.loss: 0.0011,	 Accuracy: 611/1000(61%)
Task: 7,	 Epoch: 10/100,	 Avg.loss: 0.0011,	 Accuracy: 634/1000(63%)
Task: 7,	 Epoch: 11/100,	 Avg.loss: 0.0011,	 Accuracy: 621/1000(62%)
Task: 7,	 Epoch: 12/100,	 Avg.loss: 0.0011,	 Accuracy: 630/1000(63%)
Task: 7,	 Epoch: 13/100,	 Avg.loss: 0.0010,	 Accuracy: 642/1000(64%)
Task: 7,	 Epoch: 14/100,	 Avg.loss: 0.0010,	 Accuracy: 622/1000(62%)
Task: 7,	 Epoch: 15/100,	 Avg.loss: 0.0010,	 Accuracy: 640/1000(64%)
Task: 7,	 Epoch: 16/100,	 Avg.loss: 0.0010,	 Accuracy: 620/1000(62%)
Task: 7,	 Epoch: 17/100,	 Avg.loss: 0.0011,	 Accuracy: 632/1000(63%)
Task: 7,	 Epoch: 18/100,	 Avg.loss: 0.0011,	 Accuracy: 624/1000(62%)
Task: 7,	 Epoch: 19/100,	 Avg.loss: 0.0011,	 Accuracy: 637/1000(64%)
Task: 7,	 Epoch: 20/100,	 Avg.loss: 0.0010,	 Accuracy: 648/1000(65%)
Task: 7,	 Epoch: 21/100,	 Avg.loss: 0.0010,	 Accuracy: 645/1000(64%)
Task: 7,	 Epoch: 22/100,	 Avg.loss: 0.0011,	 Accuracy: 627/1000(63%)
Task: 7,	 Epoch: 23/100,	 Avg.loss: 0.0010,	 Accuracy: 649/1000(65%)
Task: 7,	 Epoch: 24/100,	 Avg.loss: 0.0010,	 Accuracy: 670/1000(67%)
Task: 7,	 Epoch: 25/100,	 Avg.loss: 0.0011,	 Accuracy: 639/1000(64%)
Task: 7,	 Epoch: 26/100,	 Avg.loss: 0.0010,	 Accuracy: 649/1000(65%)
Task: 7,	 Epoch: 27/100,	 Avg.loss: 0.0010,	 Accuracy: 672/1000(67%)
Task: 7,	 Epoch: 28/100,	 Avg.loss: 0.0010,	 Accuracy: 663/1000(66%)
Task: 7,	 Epoch: 29/100,	 Avg.loss: 0.0010,	 Accuracy: 654/1000(65%)
Task: 7,	 Epoch: 30/100,	 Avg.loss: 0.0010,	 Accuracy: 663/1000(66%)
Task: 7,	 Epoch: 31/100,	 Avg.loss: 0.0010,	 Accuracy: 638/1000(64%)
Task: 7,	 Epoch: 32/100,	 Avg.loss: 0.0010,	 Accuracy: 649/1000(65%)
Task: 7,	 Epoch: 33/100,	 Avg.loss: 0.0010,	 Accuracy: 645/1000(64%)
Task: 7,	 Epoch: 34/100,	 Avg.loss: 0.0010,	 Accuracy: 650/1000(65%)
Task: 7,	 Epoch: 35/100,	 Avg.loss: 0.0010,	 Accuracy: 665/1000(66%)
Task: 7,	 Epoch: 36/100,	 Avg.loss: 0.0010,	 Accuracy: 657/1000(66%)
Task: 7,	 Epoch: 37/100,	 Avg.loss: 0.0010,	 Accuracy: 648/1000(65%)
Task: 7,	 Epoch: 38/100,	 Avg.loss: 0.0011,	 Accuracy: 645/1000(64%)
Task: 7,	 Epoch: 39/100,	 Avg.loss: 0.0012,	 Accuracy: 611/1000(61%)
Task: 7,	 Epoch: 40/100,	 Avg.loss: 0.0010,	 Accuracy: 645/1000(64%)
Task: 7,	 Epoch: 41/100,	 Avg.loss: 0.0010,	 Accuracy: 638/1000(64%)
Task: 7,	 Epoch: 42/100,	 Avg.loss: 0.0010,	 Accuracy: 662/1000(66%)
Task: 7,	 Epoch: 43/100,	 Avg.loss: 0.0010,	 Accuracy: 669/1000(67%)
Task: 7,	 Epoch: 44/100,	 Avg.loss: 0.0010,	 Accuracy: 654/1000(65%)
Task: 7,	 Epoch: 45/100,	 Avg.loss: 0.0010,	 Accuracy: 674/1000(67%)
Task: 7,	 Epoch: 46/100,	 Avg.loss: 0.0010,	 Accuracy: 662/1000(66%)
Task: 7,	 Epoch: 47/100,	 Avg.loss: 0.0010,	 Accuracy: 674/1000(67%)
Task: 7,	 Epoch: 48/100,	 Avg.loss: 0.0010,	 Accuracy: 664/1000(66%)
Task: 7,	 Epoch: 49/100,	 Avg.loss: 0.0010,	 Accuracy: 657/1000(66%)
Task: 7,	 Epoch: 50/100,	 Avg.loss: 0.0010,	 Accuracy: 666/1000(67%)
Task: 7,	 Epoch: 51/100,	 Avg.loss: 0.0010,	 Accuracy: 666/1000(67%)
Task: 7,	 Epoch: 52/100,	 Avg.loss: 0.0010,	 Accuracy: 639/1000(64%)
Task: 7,	 Epoch: 53/100,	 Avg.loss: 0.0010,	 Accuracy: 648/1000(65%)
Task: 7,	 Epoch: 54/100,	 Avg.loss: 0.0010,	 Accuracy: 651/1000(65%)
Task: 7,	 Epoch: 55/100,	 Avg.loss: 0.0010,	 Accuracy: 644/1000(64%)
Task: 7,	 Epoch: 56/100,	 Avg.loss: 0.0010,	 Accuracy: 649/1000(65%)
Task: 7,	 Epoch: 57/100,	 Avg.loss: 0.0010,	 Accuracy: 664/1000(66%)
Task: 7,	 Epoch: 58/100,	 Avg.loss: 0.0010,	 Accuracy: 643/1000(64%)
Task: 7,	 Epoch: 59/100,	 Avg.loss: 0.0010,	 Accuracy: 648/1000(65%)
Task: 7,	 Epoch: 60/100,	 Avg.loss: 0.0010,	 Accuracy: 669/1000(67%)
Task: 7,	 Epoch: 61/100,	 Avg.loss: 0.0010,	 Accuracy: 675/1000(68%)
Task: 7,	 Epoch: 62/100,	 Avg.loss: 0.0010,	 Accuracy: 671/1000(67%)
Task: 7,	 Epoch: 63/100,	 Avg.loss: 0.0010,	 Accuracy: 673/1000(67%)
Task: 7,	 Epoch: 64/100,	 Avg.loss: 0.0010,	 Accuracy: 674/1000(67%)
Task: 7,	 Epoch: 65/100,	 Avg.loss: 0.0010,	 Accuracy: 675/1000(68%)
Task: 7,	 Epoch: 66/100,	 Avg.loss: 0.0010,	 Accuracy: 678/1000(68%)
Task: 7,	 Epoch: 67/100,	 Avg.loss: 0.0010,	 Accuracy: 678/1000(68%)
Task: 7,	 Epoch: 68/100,	 Avg.loss: 0.0010,	 Accuracy: 678/1000(68%)
Task: 7,	 Epoch: 69/100,	 Avg.loss: 0.0010,	 Accuracy: 679/1000(68%)
Task: 7,	 Epoch: 70/100,	 Avg.loss: 0.0010,	 Accuracy: 675/1000(68%)
Task: 7,	 Epoch: 71/100,	 Avg.loss: 0.0010,	 Accuracy: 672/1000(67%)
Task: 7,	 Epoch: 72/100,	 Avg.loss: 0.0010,	 Accuracy: 677/1000(68%)
Task: 7,	 Epoch: 73/100,	 Avg.loss: 0.0010,	 Accuracy: 672/1000(67%)
Task: 7,	 Epoch: 74/100,	 Avg.loss: 0.0010,	 Accuracy: 684/1000(68%)
Task: 7,	 Epoch: 75/100,	 Avg.loss: 0.0010,	 Accuracy: 683/1000(68%)
Task: 7,	 Epoch: 76/100,	 Avg.loss: 0.0010,	 Accuracy: 673/1000(67%)
Task: 7,	 Epoch: 77/100,	 Avg.loss: 0.0010,	 Accuracy: 675/1000(68%)
Task: 7,	 Epoch: 78/100,	 Avg.loss: 0.0010,	 Accuracy: 671/1000(67%)
Task: 7,	 Epoch: 79/100,	 Avg.loss: 0.0010,	 Accuracy: 676/1000(68%)
Task: 7,	 Epoch: 80/100,	 Avg.loss: 0.0010,	 Accuracy: 677/1000(68%)
Task: 7,	 Epoch: 81/100,	 Avg.loss: 0.0010,	 Accuracy: 682/1000(68%)
Task: 7,	 Epoch: 82/100,	 Avg.loss: 0.0010,	 Accuracy: 680/1000(68%)
Task: 7,	 Epoch: 83/100,	 Avg.loss: 0.0010,	 Accuracy: 683/1000(68%)
Task: 7,	 Epoch: 84/100,	 Avg.loss: 0.0010,	 Accuracy: 671/1000(67%)
Task: 7,	 Epoch: 85/100,	 Avg.loss: 0.0010,	 Accuracy: 679/1000(68%)
Task: 7,	 Epoch: 86/100,	 Avg.loss: 0.0010,	 Accuracy: 680/1000(68%)
Task: 7,	 Epoch: 87/100,	 Avg.loss: 0.0010,	 Accuracy: 680/1000(68%)
Task: 7,	 Epoch: 88/100,	 Avg.loss: 0.0010,	 Accuracy: 684/1000(68%)
Task: 7,	 Epoch: 89/100,	 Avg.loss: 0.0010,	 Accuracy: 682/1000(68%)
Task: 7,	 Epoch: 90/100,	 Avg.loss: 0.0010,	 Accuracy: 673/1000(67%)
Task: 7,	 Epoch: 91/100,	 Avg.loss: 0.0010,	 Accuracy: 679/1000(68%)
Task: 7,	 Epoch: 92/100,	 Avg.loss: 0.0010,	 Accuracy: 672/1000(67%)
Task: 7,	 Epoch: 93/100,	 Avg.loss: 0.0010,	 Accuracy: 677/1000(68%)
Task: 7,	 Epoch: 94/100,	 Avg.loss: 0.0010,	 Accuracy: 677/1000(68%)
Task: 7,	 Epoch: 95/100,	 Avg.loss: 0.0010,	 Accuracy: 679/1000(68%)
Task: 7,	 Epoch: 96/100,	 Avg.loss: 0.0010,	 Accuracy: 676/1000(68%)
Task: 7,	 Epoch: 97/100,	 Avg.loss: 0.0010,	 Accuracy: 671/1000(67%)
Task: 7,	 Epoch: 98/100,	 Avg.loss: 0.0010,	 Accuracy: 675/1000(68%)
Task: 7,	 Epoch: 99/100,	 Avg.loss: 0.0010,	 Accuracy: 680/1000(68%)
Saving head (task#: 7)
Computing MAS
Loading head (task#:0)
Loading mask (task#:0)
Files already downloaded and verified
Files already downloaded and verified
Task: 0,	 Epoch: -1/100,	 Avg.loss: 0.0009,	 Accuracy: 795/1000(80%)
Trained Task:7, Loaded task:0, Accuracy:79.5%
Loading head (task#:1)
Loading mask (task#:1)
Files already downloaded and verified
Files already downloaded and verified
Task: 1,	 Epoch: -1/100,	 Avg.loss: 0.0012,	 Accuracy: 781/1000(78%)
Trained Task:7, Loaded task:1, Accuracy:78.1%
Loading head (task#:2)
Loading mask (task#:2)
Files already downloaded and verified
Files already downloaded and verified
Task: 2,	 Epoch: -1/100,	 Avg.loss: 0.0010,	 Accuracy: 714/1000(71%)
Trained Task:7, Loaded task:2, Accuracy:71.4%
Loading head (task#:3)
Loading mask (task#:3)
Files already downloaded and verified
Files already downloaded and verified
Task: 3,	 Epoch: -1/100,	 Avg.loss: 0.0010,	 Accuracy: 667/1000(67%)
Trained Task:7, Loaded task:3, Accuracy:66.7%
Loading head (task#:4)
Loading mask (task#:4)
Files already downloaded and verified
Files already downloaded and verified
Task: 4,	 Epoch: -1/100,	 Avg.loss: 0.0008,	 Accuracy: 733/1000(73%)
Trained Task:7, Loaded task:4, Accuracy:73.3%
Loading head (task#:5)
Loading mask (task#:5)
Files already downloaded and verified
Files already downloaded and verified
Task: 5,	 Epoch: -1/100,	 Avg.loss: 0.0008,	 Accuracy: 714/1000(71%)
Trained Task:7, Loaded task:5, Accuracy:71.4%
Loading head (task#:6)
Loading mask (task#:6)
Files already downloaded and verified
Files already downloaded and verified
Task: 6,	 Epoch: -1/100,	 Avg.loss: 0.0008,	 Accuracy: 724/1000(72%)
Trained Task:7, Loaded task:6, Accuracy:72.4%
Loading head (task#:7)
Loading mask (task#:7)
Files already downloaded and verified
Files already downloaded and verified
Task: 7,	 Epoch: -1/100,	 Avg.loss: 0.0010,	 Accuracy: 680/1000(68%)
Trained Task:7, Loaded task:7, Accuracy:68.0%
Files already downloaded and verified
Files already downloaded and verified
Layer        : conv1_layer.2.weight
Sum Omega    : 27949.26171875
Max Fisher   : 7.405908107757568
Max Omega    : 28.130109786987305
Max Relevance: 0.6906380653381348
Mask active  : 4096.0/8192

Layer        : conv2_layer.2.weight
Sum Omega    : 32758.12109375
Max Fisher   : 3.924220323562622
Max Omega    : 8.59892463684082
Max Relevance: 1.5660784244537354
Mask active  : 2048.0/4096

Layer        : fc1_layer.0.weight
Sum Omega    : 40409.80078125
Max Fisher   : 0.542198121547699
Max Omega    : 1.7328349351882935
Max Relevance: 0.4345760941505432
Mask active  : 256.0/512

Saving  mask (task#:8)
Mask histogram conv1_layer.2.weight: 	 tensor([   0., 1024.,  256., 1280., 1280., 2304.,  768.,    0., 1280.,    0.],
       device='cuda:0')
Mask histogram conv2_layer.2.weight: 	 tensor([  0., 640., 448., 576., 640., 384.,  64., 640., 512., 192.],
       device='cuda:0')
Mask histogram fc1_layer.0.weight: 	 tensor([  0., 108.,  74.,  50.,  48.,  29.,  25.,  84.,  23.,  71.],
       device='cuda:0')
Task: 8,	 Epoch: 0/100,	 Avg.loss: 0.0014,	 Accuracy: 506/1000(51%)
Task: 8,	 Epoch: 1/100,	 Avg.loss: 0.0012,	 Accuracy: 582/1000(58%)
Task: 8,	 Epoch: 2/100,	 Avg.loss: 0.0012,	 Accuracy: 599/1000(60%)
Task: 8,	 Epoch: 3/100,	 Avg.loss: 0.0011,	 Accuracy: 623/1000(62%)
Task: 8,	 Epoch: 4/100,	 Avg.loss: 0.0013,	 Accuracy: 562/1000(56%)
Task: 8,	 Epoch: 5/100,	 Avg.loss: 0.0013,	 Accuracy: 562/1000(56%)
Task: 8,	 Epoch: 6/100,	 Avg.loss: 0.0012,	 Accuracy: 621/1000(62%)
Task: 8,	 Epoch: 7/100,	 Avg.loss: 0.0011,	 Accuracy: 648/1000(65%)
Task: 8,	 Epoch: 8/100,	 Avg.loss: 0.0011,	 Accuracy: 641/1000(64%)
Task: 8,	 Epoch: 9/100,	 Avg.loss: 0.0012,	 Accuracy: 614/1000(61%)
Task: 8,	 Epoch: 10/100,	 Avg.loss: 0.0011,	 Accuracy: 605/1000(61%)
Task: 8,	 Epoch: 11/100,	 Avg.loss: 0.0011,	 Accuracy: 656/1000(66%)
Task: 8,	 Epoch: 12/100,	 Avg.loss: 0.0012,	 Accuracy: 599/1000(60%)
Task: 8,	 Epoch: 13/100,	 Avg.loss: 0.0011,	 Accuracy: 652/1000(65%)
Task: 8,	 Epoch: 14/100,	 Avg.loss: 0.0010,	 Accuracy: 666/1000(67%)
Task: 8,	 Epoch: 15/100,	 Avg.loss: 0.0011,	 Accuracy: 621/1000(62%)
Task: 8,	 Epoch: 16/100,	 Avg.loss: 0.0010,	 Accuracy: 660/1000(66%)
Task: 8,	 Epoch: 17/100,	 Avg.loss: 0.0011,	 Accuracy: 644/1000(64%)
Task: 8,	 Epoch: 18/100,	 Avg.loss: 0.0010,	 Accuracy: 674/1000(67%)
Task: 8,	 Epoch: 19/100,	 Avg.loss: 0.0011,	 Accuracy: 655/1000(66%)
Task: 8,	 Epoch: 20/100,	 Avg.loss: 0.0010,	 Accuracy: 676/1000(68%)
Task: 8,	 Epoch: 21/100,	 Avg.loss: 0.0010,	 Accuracy: 647/1000(65%)
Task: 8,	 Epoch: 22/100,	 Avg.loss: 0.0010,	 Accuracy: 662/1000(66%)
Task: 8,	 Epoch: 23/100,	 Avg.loss: 0.0010,	 Accuracy: 663/1000(66%)
Task: 8,	 Epoch: 24/100,	 Avg.loss: 0.0010,	 Accuracy: 675/1000(68%)
Task: 8,	 Epoch: 25/100,	 Avg.loss: 0.0010,	 Accuracy: 667/1000(67%)
Task: 8,	 Epoch: 26/100,	 Avg.loss: 0.0010,	 Accuracy: 679/1000(68%)
Task: 8,	 Epoch: 27/100,	 Avg.loss: 0.0010,	 Accuracy: 684/1000(68%)
Task: 8,	 Epoch: 28/100,	 Avg.loss: 0.0010,	 Accuracy: 669/1000(67%)
Task: 8,	 Epoch: 29/100,	 Avg.loss: 0.0011,	 Accuracy: 648/1000(65%)
Task: 8,	 Epoch: 30/100,	 Avg.loss: 0.0010,	 Accuracy: 674/1000(67%)
Task: 8,	 Epoch: 31/100,	 Avg.loss: 0.0010,	 Accuracy: 683/1000(68%)
Task: 8,	 Epoch: 32/100,	 Avg.loss: 0.0010,	 Accuracy: 660/1000(66%)
Task: 8,	 Epoch: 33/100,	 Avg.loss: 0.0011,	 Accuracy: 663/1000(66%)
Task: 8,	 Epoch: 34/100,	 Avg.loss: 0.0010,	 Accuracy: 681/1000(68%)
Task: 8,	 Epoch: 35/100,	 Avg.loss: 0.0010,	 Accuracy: 674/1000(67%)
Task: 8,	 Epoch: 36/100,	 Avg.loss: 0.0010,	 Accuracy: 671/1000(67%)
Task: 8,	 Epoch: 37/100,	 Avg.loss: 0.0010,	 Accuracy: 664/1000(66%)
Task: 8,	 Epoch: 38/100,	 Avg.loss: 0.0010,	 Accuracy: 687/1000(69%)
Task: 8,	 Epoch: 39/100,	 Avg.loss: 0.0010,	 Accuracy: 681/1000(68%)
Task: 8,	 Epoch: 40/100,	 Avg.loss: 0.0010,	 Accuracy: 677/1000(68%)
Task: 8,	 Epoch: 41/100,	 Avg.loss: 0.0010,	 Accuracy: 683/1000(68%)
Task: 8,	 Epoch: 42/100,	 Avg.loss: 0.0009,	 Accuracy: 702/1000(70%)
Task: 8,	 Epoch: 43/100,	 Avg.loss: 0.0010,	 Accuracy: 671/1000(67%)
Task: 8,	 Epoch: 44/100,	 Avg.loss: 0.0010,	 Accuracy: 689/1000(69%)
Task: 8,	 Epoch: 45/100,	 Avg.loss: 0.0010,	 Accuracy: 676/1000(68%)
Task: 8,	 Epoch: 46/100,	 Avg.loss: 0.0010,	 Accuracy: 686/1000(69%)
Task: 8,	 Epoch: 47/100,	 Avg.loss: 0.0010,	 Accuracy: 690/1000(69%)
Task: 8,	 Epoch: 48/100,	 Avg.loss: 0.0010,	 Accuracy: 677/1000(68%)
Task: 8,	 Epoch: 49/100,	 Avg.loss: 0.0010,	 Accuracy: 675/1000(68%)
Task: 8,	 Epoch: 50/100,	 Avg.loss: 0.0010,	 Accuracy: 669/1000(67%)
Task: 8,	 Epoch: 51/100,	 Avg.loss: 0.0010,	 Accuracy: 686/1000(69%)
Task: 8,	 Epoch: 52/100,	 Avg.loss: 0.0010,	 Accuracy: 669/1000(67%)
Task: 8,	 Epoch: 53/100,	 Avg.loss: 0.0009,	 Accuracy: 688/1000(69%)
Task: 8,	 Epoch: 54/100,	 Avg.loss: 0.0010,	 Accuracy: 688/1000(69%)
Task: 8,	 Epoch: 55/100,	 Avg.loss: 0.0010,	 Accuracy: 694/1000(69%)
Task: 8,	 Epoch: 56/100,	 Avg.loss: 0.0009,	 Accuracy: 691/1000(69%)
Task: 8,	 Epoch: 57/100,	 Avg.loss: 0.0010,	 Accuracy: 692/1000(69%)
Task: 8,	 Epoch: 58/100,	 Avg.loss: 0.0009,	 Accuracy: 701/1000(70%)
Task: 8,	 Epoch: 59/100,	 Avg.loss: 0.0010,	 Accuracy: 678/1000(68%)
Task: 8,	 Epoch: 60/100,	 Avg.loss: 0.0009,	 Accuracy: 706/1000(71%)
Task: 8,	 Epoch: 61/100,	 Avg.loss: 0.0009,	 Accuracy: 708/1000(71%)
Task: 8,	 Epoch: 62/100,	 Avg.loss: 0.0009,	 Accuracy: 713/1000(71%)
Task: 8,	 Epoch: 63/100,	 Avg.loss: 0.0009,	 Accuracy: 712/1000(71%)
Task: 8,	 Epoch: 64/100,	 Avg.loss: 0.0009,	 Accuracy: 706/1000(71%)
Task: 8,	 Epoch: 65/100,	 Avg.loss: 0.0009,	 Accuracy: 710/1000(71%)
Task: 8,	 Epoch: 66/100,	 Avg.loss: 0.0009,	 Accuracy: 707/1000(71%)
Task: 8,	 Epoch: 67/100,	 Avg.loss: 0.0009,	 Accuracy: 706/1000(71%)
Task: 8,	 Epoch: 68/100,	 Avg.loss: 0.0009,	 Accuracy: 705/1000(70%)
Task: 8,	 Epoch: 69/100,	 Avg.loss: 0.0009,	 Accuracy: 695/1000(70%)
Task: 8,	 Epoch: 70/100,	 Avg.loss: 0.0009,	 Accuracy: 702/1000(70%)
Task: 8,	 Epoch: 71/100,	 Avg.loss: 0.0009,	 Accuracy: 711/1000(71%)
Task: 8,	 Epoch: 72/100,	 Avg.loss: 0.0009,	 Accuracy: 708/1000(71%)
Task: 8,	 Epoch: 73/100,	 Avg.loss: 0.0009,	 Accuracy: 706/1000(71%)
Task: 8,	 Epoch: 74/100,	 Avg.loss: 0.0009,	 Accuracy: 706/1000(71%)
Task: 8,	 Epoch: 75/100,	 Avg.loss: 0.0009,	 Accuracy: 708/1000(71%)
Task: 8,	 Epoch: 76/100,	 Avg.loss: 0.0009,	 Accuracy: 707/1000(71%)
Task: 8,	 Epoch: 77/100,	 Avg.loss: 0.0009,	 Accuracy: 711/1000(71%)
Task: 8,	 Epoch: 78/100,	 Avg.loss: 0.0009,	 Accuracy: 713/1000(71%)
Task: 8,	 Epoch: 79/100,	 Avg.loss: 0.0009,	 Accuracy: 705/1000(70%)
Task: 8,	 Epoch: 80/100,	 Avg.loss: 0.0009,	 Accuracy: 701/1000(70%)
Task: 8,	 Epoch: 81/100,	 Avg.loss: 0.0009,	 Accuracy: 704/1000(70%)
Task: 8,	 Epoch: 82/100,	 Avg.loss: 0.0009,	 Accuracy: 711/1000(71%)
Task: 8,	 Epoch: 83/100,	 Avg.loss: 0.0009,	 Accuracy: 709/1000(71%)
Task: 8,	 Epoch: 84/100,	 Avg.loss: 0.0009,	 Accuracy: 713/1000(71%)
Task: 8,	 Epoch: 85/100,	 Avg.loss: 0.0009,	 Accuracy: 707/1000(71%)
Task: 8,	 Epoch: 86/100,	 Avg.loss: 0.0009,	 Accuracy: 708/1000(71%)
Task: 8,	 Epoch: 87/100,	 Avg.loss: 0.0009,	 Accuracy: 702/1000(70%)
Task: 8,	 Epoch: 88/100,	 Avg.loss: 0.0009,	 Accuracy: 703/1000(70%)
Task: 8,	 Epoch: 89/100,	 Avg.loss: 0.0009,	 Accuracy: 715/1000(72%)
Task: 8,	 Epoch: 90/100,	 Avg.loss: 0.0009,	 Accuracy: 706/1000(71%)
Task: 8,	 Epoch: 91/100,	 Avg.loss: 0.0009,	 Accuracy: 708/1000(71%)
Task: 8,	 Epoch: 92/100,	 Avg.loss: 0.0009,	 Accuracy: 706/1000(71%)
Task: 8,	 Epoch: 93/100,	 Avg.loss: 0.0009,	 Accuracy: 708/1000(71%)
Task: 8,	 Epoch: 94/100,	 Avg.loss: 0.0009,	 Accuracy: 706/1000(71%)
Task: 8,	 Epoch: 95/100,	 Avg.loss: 0.0009,	 Accuracy: 708/1000(71%)
Task: 8,	 Epoch: 96/100,	 Avg.loss: 0.0009,	 Accuracy: 705/1000(70%)
Task: 8,	 Epoch: 97/100,	 Avg.loss: 0.0009,	 Accuracy: 708/1000(71%)
Task: 8,	 Epoch: 98/100,	 Avg.loss: 0.0009,	 Accuracy: 709/1000(71%)
Task: 8,	 Epoch: 99/100,	 Avg.loss: 0.0009,	 Accuracy: 710/1000(71%)
Saving head (task#: 8)
Computing MAS
Loading head (task#:0)
Loading mask (task#:0)
Files already downloaded and verified
Files already downloaded and verified
Task: 0,	 Epoch: -1/100,	 Avg.loss: 0.0010,	 Accuracy: 795/1000(80%)
Trained Task:8, Loaded task:0, Accuracy:79.5%
Loading head (task#:1)
Loading mask (task#:1)
Files already downloaded and verified
Files already downloaded and verified
Task: 1,	 Epoch: -1/100,	 Avg.loss: 0.0012,	 Accuracy: 782/1000(78%)
Trained Task:8, Loaded task:1, Accuracy:78.2%
Loading head (task#:2)
Loading mask (task#:2)
Files already downloaded and verified
Files already downloaded and verified
Task: 2,	 Epoch: -1/100,	 Avg.loss: 0.0010,	 Accuracy: 716/1000(72%)
Trained Task:8, Loaded task:2, Accuracy:71.6%
Loading head (task#:3)
Loading mask (task#:3)
Files already downloaded and verified
Files already downloaded and verified
Task: 3,	 Epoch: -1/100,	 Avg.loss: 0.0010,	 Accuracy: 677/1000(68%)
Trained Task:8, Loaded task:3, Accuracy:67.7%
Loading head (task#:4)
Loading mask (task#:4)
Files already downloaded and verified
Files already downloaded and verified
Task: 4,	 Epoch: -1/100,	 Avg.loss: 0.0009,	 Accuracy: 723/1000(72%)
Trained Task:8, Loaded task:4, Accuracy:72.3%
Loading head (task#:5)
Loading mask (task#:5)
Files already downloaded and verified
Files already downloaded and verified
Task: 5,	 Epoch: -1/100,	 Avg.loss: 0.0010,	 Accuracy: 677/1000(68%)
Trained Task:8, Loaded task:5, Accuracy:67.7%
Loading head (task#:6)
Loading mask (task#:6)
Files already downloaded and verified
Files already downloaded and verified
Task: 6,	 Epoch: -1/100,	 Avg.loss: 0.0008,	 Accuracy: 713/1000(71%)
Trained Task:8, Loaded task:6, Accuracy:71.3%
Loading head (task#:7)
Loading mask (task#:7)
Files already downloaded and verified
Files already downloaded and verified
Task: 7,	 Epoch: -1/100,	 Avg.loss: 0.0010,	 Accuracy: 649/1000(65%)
Trained Task:8, Loaded task:7, Accuracy:64.9%
Loading head (task#:8)
Loading mask (task#:8)
Files already downloaded and verified
Files already downloaded and verified
Task: 8,	 Epoch: -1/100,	 Avg.loss: 0.0009,	 Accuracy: 710/1000(71%)
Trained Task:8, Loaded task:8, Accuracy:71.0%
Files already downloaded and verified
Files already downloaded and verified
Layer        : conv1_layer.2.weight
Sum Omega    : 30005.67578125
Max Fisher   : 7.601497173309326
Max Omega    : 28.130109786987305
Max Relevance: 1.7005953788757324
Mask active  : 4096.0/8192

Layer        : conv2_layer.2.weight
Sum Omega    : 35208.4140625
Max Fisher   : 3.029390573501587
Max Omega    : 8.913962364196777
Max Relevance: 1.125789761543274
Mask active  : 2048.0/4096

Layer        : fc1_layer.0.weight
Sum Omega    : 42787.9375
Max Fisher   : 0.4042392671108246
Max Omega    : 1.7328349351882935
Max Relevance: 0.2905484735965729
Mask active  : 256.0/512

Saving  mask (task#:9)
Mask histogram conv1_layer.2.weight: 	 tensor([   0., 1024.,    0., 1536.,  768., 1024., 2304.,  256.,    0., 1280.],
       device='cuda:0')
Mask histogram conv2_layer.2.weight: 	 tensor([  0., 448., 576., 576., 512., 320., 256., 192., 512., 704.],
       device='cuda:0')
Mask histogram fc1_layer.0.weight: 	 tensor([ 0., 98., 67., 55., 39., 38., 23., 20., 78., 94.], device='cuda:0')
Task: 9,	 Epoch: 0/100,	 Avg.loss: 0.0013,	 Accuracy: 565/1000(57%)
Task: 9,	 Epoch: 1/100,	 Avg.loss: 0.0012,	 Accuracy: 618/1000(62%)
Task: 9,	 Epoch: 2/100,	 Avg.loss: 0.0012,	 Accuracy: 605/1000(61%)
Task: 9,	 Epoch: 3/100,	 Avg.loss: 0.0012,	 Accuracy: 623/1000(62%)
Task: 9,	 Epoch: 4/100,	 Avg.loss: 0.0011,	 Accuracy: 651/1000(65%)
Task: 9,	 Epoch: 5/100,	 Avg.loss: 0.0011,	 Accuracy: 642/1000(64%)
Task: 9,	 Epoch: 6/100,	 Avg.loss: 0.0011,	 Accuracy: 651/1000(65%)
Task: 9,	 Epoch: 7/100,	 Avg.loss: 0.0011,	 Accuracy: 655/1000(66%)
Task: 9,	 Epoch: 8/100,	 Avg.loss: 0.0011,	 Accuracy: 662/1000(66%)
Task: 9,	 Epoch: 9/100,	 Avg.loss: 0.0011,	 Accuracy: 659/1000(66%)
Task: 9,	 Epoch: 10/100,	 Avg.loss: 0.0011,	 Accuracy: 658/1000(66%)
Task: 9,	 Epoch: 11/100,	 Avg.loss: 0.0010,	 Accuracy: 679/1000(68%)
Task: 9,	 Epoch: 12/100,	 Avg.loss: 0.0010,	 Accuracy: 681/1000(68%)
Task: 9,	 Epoch: 13/100,	 Avg.loss: 0.0010,	 Accuracy: 675/1000(68%)
Task: 9,	 Epoch: 14/100,	 Avg.loss: 0.0010,	 Accuracy: 691/1000(69%)
Task: 9,	 Epoch: 15/100,	 Avg.loss: 0.0010,	 Accuracy: 672/1000(67%)
Task: 9,	 Epoch: 16/100,	 Avg.loss: 0.0010,	 Accuracy: 693/1000(69%)
Task: 9,	 Epoch: 17/100,	 Avg.loss: 0.0010,	 Accuracy: 689/1000(69%)
Task: 9,	 Epoch: 18/100,	 Avg.loss: 0.0010,	 Accuracy: 701/1000(70%)
Task: 9,	 Epoch: 19/100,	 Avg.loss: 0.0010,	 Accuracy: 680/1000(68%)
Task: 9,	 Epoch: 20/100,	 Avg.loss: 0.0010,	 Accuracy: 687/1000(69%)
Task: 9,	 Epoch: 21/100,	 Avg.loss: 0.0010,	 Accuracy: 691/1000(69%)
Task: 9,	 Epoch: 22/100,	 Avg.loss: 0.0010,	 Accuracy: 677/1000(68%)
Task: 9,	 Epoch: 23/100,	 Avg.loss: 0.0010,	 Accuracy: 691/1000(69%)
Task: 9,	 Epoch: 24/100,	 Avg.loss: 0.0009,	 Accuracy: 700/1000(70%)
Task: 9,	 Epoch: 25/100,	 Avg.loss: 0.0010,	 Accuracy: 676/1000(68%)
Task: 9,	 Epoch: 26/100,	 Avg.loss: 0.0010,	 Accuracy: 689/1000(69%)
Task: 9,	 Epoch: 27/100,	 Avg.loss: 0.0010,	 Accuracy: 692/1000(69%)
Task: 9,	 Epoch: 28/100,	 Avg.loss: 0.0010,	 Accuracy: 709/1000(71%)
Task: 9,	 Epoch: 29/100,	 Avg.loss: 0.0010,	 Accuracy: 686/1000(69%)
Task: 9,	 Epoch: 30/100,	 Avg.loss: 0.0010,	 Accuracy: 674/1000(67%)
Task: 9,	 Epoch: 31/100,	 Avg.loss: 0.0010,	 Accuracy: 676/1000(68%)
Task: 9,	 Epoch: 32/100,	 Avg.loss: 0.0010,	 Accuracy: 699/1000(70%)
Task: 9,	 Epoch: 33/100,	 Avg.loss: 0.0010,	 Accuracy: 693/1000(69%)
Task: 9,	 Epoch: 34/100,	 Avg.loss: 0.0010,	 Accuracy: 672/1000(67%)
Task: 9,	 Epoch: 35/100,	 Avg.loss: 0.0009,	 Accuracy: 702/1000(70%)
Task: 9,	 Epoch: 36/100,	 Avg.loss: 0.0009,	 Accuracy: 708/1000(71%)
Task: 9,	 Epoch: 37/100,	 Avg.loss: 0.0010,	 Accuracy: 699/1000(70%)
Task: 9,	 Epoch: 38/100,	 Avg.loss: 0.0009,	 Accuracy: 696/1000(70%)
Task: 9,	 Epoch: 39/100,	 Avg.loss: 0.0009,	 Accuracy: 701/1000(70%)
Task: 9,	 Epoch: 40/100,	 Avg.loss: 0.0009,	 Accuracy: 700/1000(70%)
Task: 9,	 Epoch: 41/100,	 Avg.loss: 0.0010,	 Accuracy: 680/1000(68%)
Task: 9,	 Epoch: 42/100,	 Avg.loss: 0.0009,	 Accuracy: 693/1000(69%)
Task: 9,	 Epoch: 43/100,	 Avg.loss: 0.0010,	 Accuracy: 683/1000(68%)
Task: 9,	 Epoch: 44/100,	 Avg.loss: 0.0009,	 Accuracy: 702/1000(70%)
Task: 9,	 Epoch: 45/100,	 Avg.loss: 0.0010,	 Accuracy: 690/1000(69%)
Task: 9,	 Epoch: 46/100,	 Avg.loss: 0.0009,	 Accuracy: 694/1000(69%)
Task: 9,	 Epoch: 47/100,	 Avg.loss: 0.0009,	 Accuracy: 702/1000(70%)
Task: 9,	 Epoch: 48/100,	 Avg.loss: 0.0009,	 Accuracy: 700/1000(70%)
Task: 9,	 Epoch: 49/100,	 Avg.loss: 0.0010,	 Accuracy: 687/1000(69%)
Task: 9,	 Epoch: 50/100,	 Avg.loss: 0.0009,	 Accuracy: 699/1000(70%)
Task: 9,	 Epoch: 51/100,	 Avg.loss: 0.0009,	 Accuracy: 689/1000(69%)
Task: 9,	 Epoch: 52/100,	 Avg.loss: 0.0010,	 Accuracy: 687/1000(69%)
Task: 9,	 Epoch: 53/100,	 Avg.loss: 0.0009,	 Accuracy: 704/1000(70%)
Task: 9,	 Epoch: 54/100,	 Avg.loss: 0.0009,	 Accuracy: 691/1000(69%)
Task: 9,	 Epoch: 55/100,	 Avg.loss: 0.0010,	 Accuracy: 688/1000(69%)
Task: 9,	 Epoch: 56/100,	 Avg.loss: 0.0010,	 Accuracy: 694/1000(69%)
Task: 9,	 Epoch: 57/100,	 Avg.loss: 0.0010,	 Accuracy: 688/1000(69%)
Task: 9,	 Epoch: 58/100,	 Avg.loss: 0.0010,	 Accuracy: 687/1000(69%)
Task: 9,	 Epoch: 59/100,	 Avg.loss: 0.0009,	 Accuracy: 712/1000(71%)
Task: 9,	 Epoch: 60/100,	 Avg.loss: 0.0009,	 Accuracy: 711/1000(71%)
Task: 9,	 Epoch: 61/100,	 Avg.loss: 0.0009,	 Accuracy: 717/1000(72%)
Task: 9,	 Epoch: 62/100,	 Avg.loss: 0.0009,	 Accuracy: 713/1000(71%)
Task: 9,	 Epoch: 63/100,	 Avg.loss: 0.0009,	 Accuracy: 712/1000(71%)
Task: 9,	 Epoch: 64/100,	 Avg.loss: 0.0009,	 Accuracy: 710/1000(71%)
Task: 9,	 Epoch: 65/100,	 Avg.loss: 0.0009,	 Accuracy: 719/1000(72%)
Task: 9,	 Epoch: 66/100,	 Avg.loss: 0.0009,	 Accuracy: 712/1000(71%)
Task: 9,	 Epoch: 67/100,	 Avg.loss: 0.0009,	 Accuracy: 716/1000(72%)
Task: 9,	 Epoch: 68/100,	 Avg.loss: 0.0009,	 Accuracy: 714/1000(71%)
Task: 9,	 Epoch: 69/100,	 Avg.loss: 0.0009,	 Accuracy: 718/1000(72%)
Task: 9,	 Epoch: 70/100,	 Avg.loss: 0.0009,	 Accuracy: 720/1000(72%)
Task: 9,	 Epoch: 71/100,	 Avg.loss: 0.0009,	 Accuracy: 712/1000(71%)
Task: 9,	 Epoch: 72/100,	 Avg.loss: 0.0009,	 Accuracy: 714/1000(71%)
Task: 9,	 Epoch: 73/100,	 Avg.loss: 0.0009,	 Accuracy: 716/1000(72%)
Task: 9,	 Epoch: 74/100,	 Avg.loss: 0.0009,	 Accuracy: 718/1000(72%)
Task: 9,	 Epoch: 75/100,	 Avg.loss: 0.0009,	 Accuracy: 713/1000(71%)
Task: 9,	 Epoch: 76/100,	 Avg.loss: 0.0009,	 Accuracy: 714/1000(71%)
Task: 9,	 Epoch: 77/100,	 Avg.loss: 0.0009,	 Accuracy: 716/1000(72%)
Task: 9,	 Epoch: 78/100,	 Avg.loss: 0.0009,	 Accuracy: 712/1000(71%)
Task: 9,	 Epoch: 79/100,	 Avg.loss: 0.0009,	 Accuracy: 713/1000(71%)
Task: 9,	 Epoch: 80/100,	 Avg.loss: 0.0009,	 Accuracy: 715/1000(72%)
Task: 9,	 Epoch: 81/100,	 Avg.loss: 0.0009,	 Accuracy: 716/1000(72%)
Task: 9,	 Epoch: 82/100,	 Avg.loss: 0.0009,	 Accuracy: 718/1000(72%)
Task: 9,	 Epoch: 83/100,	 Avg.loss: 0.0009,	 Accuracy: 715/1000(72%)
Task: 9,	 Epoch: 84/100,	 Avg.loss: 0.0009,	 Accuracy: 712/1000(71%)
Task: 9,	 Epoch: 85/100,	 Avg.loss: 0.0009,	 Accuracy: 713/1000(71%)
Task: 9,	 Epoch: 86/100,	 Avg.loss: 0.0009,	 Accuracy: 715/1000(72%)
Task: 9,	 Epoch: 87/100,	 Avg.loss: 0.0009,	 Accuracy: 717/1000(72%)
Task: 9,	 Epoch: 88/100,	 Avg.loss: 0.0009,	 Accuracy: 712/1000(71%)
Task: 9,	 Epoch: 89/100,	 Avg.loss: 0.0009,	 Accuracy: 714/1000(71%)
Task: 9,	 Epoch: 90/100,	 Avg.loss: 0.0009,	 Accuracy: 712/1000(71%)
Task: 9,	 Epoch: 91/100,	 Avg.loss: 0.0009,	 Accuracy: 711/1000(71%)
Task: 9,	 Epoch: 92/100,	 Avg.loss: 0.0009,	 Accuracy: 713/1000(71%)
Task: 9,	 Epoch: 93/100,	 Avg.loss: 0.0009,	 Accuracy: 717/1000(72%)
Task: 9,	 Epoch: 94/100,	 Avg.loss: 0.0009,	 Accuracy: 711/1000(71%)
Task: 9,	 Epoch: 95/100,	 Avg.loss: 0.0009,	 Accuracy: 713/1000(71%)
Task: 9,	 Epoch: 96/100,	 Avg.loss: 0.0009,	 Accuracy: 715/1000(72%)
Task: 9,	 Epoch: 97/100,	 Avg.loss: 0.0009,	 Accuracy: 715/1000(72%)
Task: 9,	 Epoch: 98/100,	 Avg.loss: 0.0009,	 Accuracy: 717/1000(72%)
Task: 9,	 Epoch: 99/100,	 Avg.loss: 0.0009,	 Accuracy: 708/1000(71%)
Saving head (task#: 9)
Computing MAS
Loading head (task#:0)
Loading mask (task#:0)
Files already downloaded and verified
Files already downloaded and verified
Task: 0,	 Epoch: -1/100,	 Avg.loss: 0.0010,	 Accuracy: 797/1000(80%)
Trained Task:9, Loaded task:0, Accuracy:79.7%
Loading head (task#:1)
Loading mask (task#:1)
Files already downloaded and verified
Files already downloaded and verified
Task: 1,	 Epoch: -1/100,	 Avg.loss: 0.0014,	 Accuracy: 759/1000(76%)
Trained Task:9, Loaded task:1, Accuracy:75.9%
Loading head (task#:2)
Loading mask (task#:2)
Files already downloaded and verified
Files already downloaded and verified
Task: 2,	 Epoch: -1/100,	 Avg.loss: 0.0011,	 Accuracy: 717/1000(72%)
Trained Task:9, Loaded task:2, Accuracy:71.7%
Loading head (task#:3)
Loading mask (task#:3)
Files already downloaded and verified
Files already downloaded and verified
Task: 3,	 Epoch: -1/100,	 Avg.loss: 0.0010,	 Accuracy: 691/1000(69%)
Trained Task:9, Loaded task:3, Accuracy:69.1%
Loading head (task#:4)
Loading mask (task#:4)
Files already downloaded and verified
Files already downloaded and verified
Task: 4,	 Epoch: -1/100,	 Avg.loss: 0.0009,	 Accuracy: 728/1000(73%)
Trained Task:9, Loaded task:4, Accuracy:72.8%
Loading head (task#:5)
Loading mask (task#:5)
Files already downloaded and verified
Files already downloaded and verified
Task: 5,	 Epoch: -1/100,	 Avg.loss: 0.0010,	 Accuracy: 675/1000(68%)
Trained Task:9, Loaded task:5, Accuracy:67.5%
Loading head (task#:6)
Loading mask (task#:6)
Files already downloaded and verified
Files already downloaded and verified
Task: 6,	 Epoch: -1/100,	 Avg.loss: 0.0009,	 Accuracy: 707/1000(71%)
Trained Task:9, Loaded task:6, Accuracy:70.7%
Loading head (task#:7)
Loading mask (task#:7)
Files already downloaded and verified
Files already downloaded and verified
Task: 7,	 Epoch: -1/100,	 Avg.loss: 0.0010,	 Accuracy: 643/1000(64%)
Trained Task:9, Loaded task:7, Accuracy:64.3%
Loading head (task#:8)
Loading mask (task#:8)
Files already downloaded and verified
Files already downloaded and verified
Task: 8,	 Epoch: -1/100,	 Avg.loss: 0.0009,	 Accuracy: 695/1000(70%)
Trained Task:9, Loaded task:8, Accuracy:69.5%
Loading head (task#:9)
Loading mask (task#:9)
Files already downloaded and verified
Files already downloaded and verified
Task: 9,	 Epoch: -1/100,	 Avg.loss: 0.0009,	 Accuracy: 708/1000(71%)
Trained Task:9, Loaded task:9, Accuracy:70.8%
