Files already downloaded and verified
Files already downloaded and verified
Layer        : conv1_layer.2.weight
Sum Omega    : 9216.0
Max Fisher   : 1.0
Max Omega    : 1.0
Max Relevance: 1.0
Mask active  : 8192.0/8192

Layer        : conv2_layer.2.weight
Sum Omega    : 36864.0
Max Fisher   : 1.0
Max Omega    : 1.0
Max Relevance: 1.0
Mask active  : 2048.0/4096

Layer        : fc1_layer.0.weight
Sum Omega    : 2097152.0
Max Fisher   : 1.0
Max Omega    : 1.0
Max Relevance: 1.0
Mask active  : 512.0/512

Saving  mask (task#:0)
Mask histogram conv1_layer.2.weight: 	 tensor([   0., 8192.,    0.,    0.,    0.,    0.,    0.,    0.,    0.,    0.],
       device='cuda:0')
Mask histogram conv2_layer.2.weight: 	 tensor([2048., 2048.,    0.,    0.,    0.,    0.,    0.,    0.,    0.,    0.],
       device='cuda:0')
Mask histogram fc1_layer.0.weight: 	 tensor([  0., 512.,   0.,   0.,   0.,   0.,   0.,   0.,   0.,   0.],
       device='cuda:0')
Task: 0,	 Epoch: 0/80,	 Avg.loss: 0.0010,	 Accuracy: 642/1000(64%)
Task: 0,	 Epoch: 1/80,	 Avg.loss: 0.0008,	 Accuracy: 717/1000(72%)
Task: 0,	 Epoch: 2/80,	 Avg.loss: 0.0008,	 Accuracy: 742/1000(74%)
Task: 0,	 Epoch: 3/80,	 Avg.loss: 0.0007,	 Accuracy: 775/1000(78%)
Task: 0,	 Epoch: 4/80,	 Avg.loss: 0.0006,	 Accuracy: 798/1000(80%)
Task: 0,	 Epoch: 5/80,	 Avg.loss: 0.0006,	 Accuracy: 775/1000(78%)
Task: 0,	 Epoch: 6/80,	 Avg.loss: 0.0006,	 Accuracy: 803/1000(80%)
Task: 0,	 Epoch: 7/80,	 Avg.loss: 0.0006,	 Accuracy: 776/1000(78%)
Task: 0,	 Epoch: 8/80,	 Avg.loss: 0.0006,	 Accuracy: 797/1000(80%)
Task: 0,	 Epoch: 9/80,	 Avg.loss: 0.0006,	 Accuracy: 810/1000(81%)
Task: 0,	 Epoch: 10/80,	 Avg.loss: 0.0006,	 Accuracy: 806/1000(81%)
Task: 0,	 Epoch: 11/80,	 Avg.loss: 0.0006,	 Accuracy: 813/1000(81%)
Task: 0,	 Epoch: 12/80,	 Avg.loss: 0.0006,	 Accuracy: 828/1000(83%)
Task: 0,	 Epoch: 13/80,	 Avg.loss: 0.0006,	 Accuracy: 826/1000(83%)
Task: 0,	 Epoch: 14/80,	 Avg.loss: 0.0005,	 Accuracy: 833/1000(83%)
Task: 0,	 Epoch: 15/80,	 Avg.loss: 0.0006,	 Accuracy: 829/1000(83%)
Task: 0,	 Epoch: 16/80,	 Avg.loss: 0.0007,	 Accuracy: 807/1000(81%)
Task: 0,	 Epoch: 17/80,	 Avg.loss: 0.0006,	 Accuracy: 823/1000(82%)
Task: 0,	 Epoch: 18/80,	 Avg.loss: 0.0005,	 Accuracy: 837/1000(84%)
Task: 0,	 Epoch: 19/80,	 Avg.loss: 0.0005,	 Accuracy: 838/1000(84%)
Task: 0,	 Epoch: 20/80,	 Avg.loss: 0.0006,	 Accuracy: 849/1000(85%)
Task: 0,	 Epoch: 21/80,	 Avg.loss: 0.0006,	 Accuracy: 827/1000(83%)
Task: 0,	 Epoch: 22/80,	 Avg.loss: 0.0005,	 Accuracy: 843/1000(84%)
Task: 0,	 Epoch: 23/80,	 Avg.loss: 0.0006,	 Accuracy: 841/1000(84%)
Task: 0,	 Epoch: 24/80,	 Avg.loss: 0.0005,	 Accuracy: 837/1000(84%)
Task: 0,	 Epoch: 25/80,	 Avg.loss: 0.0006,	 Accuracy: 836/1000(84%)
Task: 0,	 Epoch: 26/80,	 Avg.loss: 0.0007,	 Accuracy: 818/1000(82%)
Task: 0,	 Epoch: 27/80,	 Avg.loss: 0.0006,	 Accuracy: 840/1000(84%)
Task: 0,	 Epoch: 28/80,	 Avg.loss: 0.0006,	 Accuracy: 828/1000(83%)
Task: 0,	 Epoch: 29/80,	 Avg.loss: 0.0006,	 Accuracy: 846/1000(85%)
Task: 0,	 Epoch: 30/80,	 Avg.loss: 0.0006,	 Accuracy: 853/1000(85%)
Task: 0,	 Epoch: 31/80,	 Avg.loss: 0.0006,	 Accuracy: 838/1000(84%)
Task: 0,	 Epoch: 32/80,	 Avg.loss: 0.0006,	 Accuracy: 827/1000(83%)
Task: 0,	 Epoch: 33/80,	 Avg.loss: 0.0006,	 Accuracy: 846/1000(85%)
Task: 0,	 Epoch: 34/80,	 Avg.loss: 0.0006,	 Accuracy: 857/1000(86%)
Task: 0,	 Epoch: 35/80,	 Avg.loss: 0.0006,	 Accuracy: 846/1000(85%)
Task: 0,	 Epoch: 36/80,	 Avg.loss: 0.0006,	 Accuracy: 862/1000(86%)
Task: 0,	 Epoch: 37/80,	 Avg.loss: 0.0006,	 Accuracy: 852/1000(85%)
Task: 0,	 Epoch: 38/80,	 Avg.loss: 0.0006,	 Accuracy: 852/1000(85%)
Task: 0,	 Epoch: 39/80,	 Avg.loss: 0.0006,	 Accuracy: 861/1000(86%)
Task: 0,	 Epoch: 40/80,	 Avg.loss: 0.0006,	 Accuracy: 844/1000(84%)
Task: 0,	 Epoch: 41/80,	 Avg.loss: 0.0006,	 Accuracy: 859/1000(86%)
Task: 0,	 Epoch: 42/80,	 Avg.loss: 0.0007,	 Accuracy: 822/1000(82%)
Task: 0,	 Epoch: 43/80,	 Avg.loss: 0.0006,	 Accuracy: 837/1000(84%)
Task: 0,	 Epoch: 44/80,	 Avg.loss: 0.0007,	 Accuracy: 835/1000(84%)
Task: 0,	 Epoch: 45/80,	 Avg.loss: 0.0007,	 Accuracy: 829/1000(83%)
Task: 0,	 Epoch: 46/80,	 Avg.loss: 0.0007,	 Accuracy: 837/1000(84%)
Task: 0,	 Epoch: 47/80,	 Avg.loss: 0.0006,	 Accuracy: 845/1000(85%)
Task: 0,	 Epoch: 48/80,	 Avg.loss: 0.0006,	 Accuracy: 841/1000(84%)
Task: 0,	 Epoch: 49/80,	 Avg.loss: 0.0007,	 Accuracy: 839/1000(84%)
Task: 0,	 Epoch: 50/80,	 Avg.loss: 0.0007,	 Accuracy: 850/1000(85%)
Task: 0,	 Epoch: 51/80,	 Avg.loss: 0.0007,	 Accuracy: 852/1000(85%)
Task: 0,	 Epoch: 52/80,	 Avg.loss: 0.0007,	 Accuracy: 851/1000(85%)
Task: 0,	 Epoch: 53/80,	 Avg.loss: 0.0007,	 Accuracy: 854/1000(85%)
Task: 0,	 Epoch: 54/80,	 Avg.loss: 0.0006,	 Accuracy: 856/1000(86%)
Task: 0,	 Epoch: 55/80,	 Avg.loss: 0.0007,	 Accuracy: 856/1000(86%)
Task: 0,	 Epoch: 56/80,	 Avg.loss: 0.0007,	 Accuracy: 854/1000(85%)
Task: 0,	 Epoch: 57/80,	 Avg.loss: 0.0007,	 Accuracy: 855/1000(86%)
Task: 0,	 Epoch: 58/80,	 Avg.loss: 0.0007,	 Accuracy: 852/1000(85%)
Task: 0,	 Epoch: 59/80,	 Avg.loss: 0.0007,	 Accuracy: 857/1000(86%)
Task: 0,	 Epoch: 60/80,	 Avg.loss: 0.0007,	 Accuracy: 855/1000(86%)
Task: 0,	 Epoch: 61/80,	 Avg.loss: 0.0007,	 Accuracy: 859/1000(86%)
Task: 0,	 Epoch: 62/80,	 Avg.loss: 0.0007,	 Accuracy: 854/1000(85%)
Task: 0,	 Epoch: 63/80,	 Avg.loss: 0.0007,	 Accuracy: 854/1000(85%)
Task: 0,	 Epoch: 64/80,	 Avg.loss: 0.0007,	 Accuracy: 855/1000(86%)
Task: 0,	 Epoch: 65/80,	 Avg.loss: 0.0007,	 Accuracy: 856/1000(86%)
Task: 0,	 Epoch: 66/80,	 Avg.loss: 0.0007,	 Accuracy: 861/1000(86%)
Task: 0,	 Epoch: 67/80,	 Avg.loss: 0.0007,	 Accuracy: 860/1000(86%)
Task: 0,	 Epoch: 68/80,	 Avg.loss: 0.0007,	 Accuracy: 861/1000(86%)
Task: 0,	 Epoch: 69/80,	 Avg.loss: 0.0007,	 Accuracy: 856/1000(86%)
Task: 0,	 Epoch: 70/80,	 Avg.loss: 0.0007,	 Accuracy: 866/1000(87%)
Task: 0,	 Epoch: 71/80,	 Avg.loss: 0.0007,	 Accuracy: 863/1000(86%)
Task: 0,	 Epoch: 72/80,	 Avg.loss: 0.0007,	 Accuracy: 859/1000(86%)
Task: 0,	 Epoch: 73/80,	 Avg.loss: 0.0007,	 Accuracy: 865/1000(87%)
Task: 0,	 Epoch: 74/80,	 Avg.loss: 0.0007,	 Accuracy: 860/1000(86%)
Task: 0,	 Epoch: 75/80,	 Avg.loss: 0.0007,	 Accuracy: 865/1000(87%)
Task: 0,	 Epoch: 76/80,	 Avg.loss: 0.0007,	 Accuracy: 860/1000(86%)
Task: 0,	 Epoch: 77/80,	 Avg.loss: 0.0007,	 Accuracy: 865/1000(87%)
Task: 0,	 Epoch: 78/80,	 Avg.loss: 0.0007,	 Accuracy: 861/1000(86%)
Task: 0,	 Epoch: 79/80,	 Avg.loss: 0.0007,	 Accuracy: 861/1000(86%)
Saving head (task#: 0)
Computing MAS
Loading head (task#:0)
Loading mask (task#:0)
Files already downloaded and verified
Files already downloaded and verified
Task: 0,	 Epoch: -1/80,	 Avg.loss: 0.0007,	 Accuracy: 861/1000(86%)
Trained Task:0, Loaded task:0, Accuracy:86.1%
Files already downloaded and verified
Files already downloaded and verified
Layer        : conv1_layer.2.weight
Sum Omega    : 584.4888916015625
Max Fisher   : 1.0
Max Omega    : 1.0
Max Relevance: 1.2062504291534424
Mask active  : 8192.0/8192

Layer        : conv2_layer.2.weight
Sum Omega    : 1336.9024658203125
Max Fisher   : 1.0
Max Omega    : 1.0
Max Relevance: 1.0
Mask active  : 2048.0/4096

Layer        : fc1_layer.0.weight
Sum Omega    : 35097.5234375
Max Fisher   : 1.0
Max Omega    : 1.0
Max Relevance: 1.4585667848587036
Mask active  : 512.0/512

Saving  mask (task#:1)
Mask histogram conv1_layer.2.weight: 	 tensor([   0.,    0., 8192.,    0.,    0.,    0.,    0.,    0.,    0.,    0.],
       device='cuda:0')
Mask histogram conv2_layer.2.weight: 	 tensor([1920.,  256., 1920.,    0.,    0.,    0.,    0.,    0.,    0.,    0.],
       device='cuda:0')
Mask histogram fc1_layer.0.weight: 	 tensor([  0.,   0., 512.,   0.,   0.,   0.,   0.,   0.,   0.,   0.],
       device='cuda:0')
Task: 1,	 Epoch: 0/80,	 Avg.loss: 0.0010,	 Accuracy: 660/1000(66%)
Task: 1,	 Epoch: 1/80,	 Avg.loss: 0.0009,	 Accuracy: 716/1000(72%)
Task: 1,	 Epoch: 2/80,	 Avg.loss: 0.0009,	 Accuracy: 718/1000(72%)
Task: 1,	 Epoch: 3/80,	 Avg.loss: 0.0008,	 Accuracy: 728/1000(73%)
Task: 1,	 Epoch: 4/80,	 Avg.loss: 0.0008,	 Accuracy: 727/1000(73%)
Task: 1,	 Epoch: 5/80,	 Avg.loss: 0.0008,	 Accuracy: 745/1000(74%)
Task: 1,	 Epoch: 6/80,	 Avg.loss: 0.0008,	 Accuracy: 722/1000(72%)
Task: 1,	 Epoch: 7/80,	 Avg.loss: 0.0008,	 Accuracy: 747/1000(75%)
Task: 1,	 Epoch: 8/80,	 Avg.loss: 0.0008,	 Accuracy: 738/1000(74%)
Task: 1,	 Epoch: 9/80,	 Avg.loss: 0.0008,	 Accuracy: 749/1000(75%)
Task: 1,	 Epoch: 10/80,	 Avg.loss: 0.0008,	 Accuracy: 756/1000(76%)
Task: 1,	 Epoch: 11/80,	 Avg.loss: 0.0007,	 Accuracy: 750/1000(75%)
Task: 1,	 Epoch: 12/80,	 Avg.loss: 0.0008,	 Accuracy: 762/1000(76%)
Task: 1,	 Epoch: 13/80,	 Avg.loss: 0.0008,	 Accuracy: 748/1000(75%)
Task: 1,	 Epoch: 14/80,	 Avg.loss: 0.0007,	 Accuracy: 770/1000(77%)
Task: 1,	 Epoch: 15/80,	 Avg.loss: 0.0008,	 Accuracy: 742/1000(74%)
Task: 1,	 Epoch: 16/80,	 Avg.loss: 0.0007,	 Accuracy: 769/1000(77%)
Task: 1,	 Epoch: 17/80,	 Avg.loss: 0.0007,	 Accuracy: 765/1000(76%)
Task: 1,	 Epoch: 18/80,	 Avg.loss: 0.0008,	 Accuracy: 751/1000(75%)
Task: 1,	 Epoch: 19/80,	 Avg.loss: 0.0007,	 Accuracy: 757/1000(76%)
Task: 1,	 Epoch: 20/80,	 Avg.loss: 0.0008,	 Accuracy: 757/1000(76%)
Task: 1,	 Epoch: 21/80,	 Avg.loss: 0.0007,	 Accuracy: 754/1000(75%)
Task: 1,	 Epoch: 22/80,	 Avg.loss: 0.0008,	 Accuracy: 741/1000(74%)
Task: 1,	 Epoch: 23/80,	 Avg.loss: 0.0007,	 Accuracy: 766/1000(77%)
Task: 1,	 Epoch: 24/80,	 Avg.loss: 0.0008,	 Accuracy: 750/1000(75%)
Task: 1,	 Epoch: 25/80,	 Avg.loss: 0.0008,	 Accuracy: 763/1000(76%)
Task: 1,	 Epoch: 26/80,	 Avg.loss: 0.0009,	 Accuracy: 735/1000(74%)
Task: 1,	 Epoch: 27/80,	 Avg.loss: 0.0008,	 Accuracy: 751/1000(75%)
Task: 1,	 Epoch: 28/80,	 Avg.loss: 0.0008,	 Accuracy: 764/1000(76%)
Task: 1,	 Epoch: 29/80,	 Avg.loss: 0.0008,	 Accuracy: 743/1000(74%)
Task: 1,	 Epoch: 30/80,	 Avg.loss: 0.0008,	 Accuracy: 736/1000(74%)
Task: 1,	 Epoch: 31/80,	 Avg.loss: 0.0007,	 Accuracy: 772/1000(77%)
Task: 1,	 Epoch: 32/80,	 Avg.loss: 0.0008,	 Accuracy: 741/1000(74%)
Task: 1,	 Epoch: 33/80,	 Avg.loss: 0.0008,	 Accuracy: 755/1000(76%)
Task: 1,	 Epoch: 34/80,	 Avg.loss: 0.0009,	 Accuracy: 722/1000(72%)
Task: 1,	 Epoch: 35/80,	 Avg.loss: 0.0008,	 Accuracy: 746/1000(75%)
Task: 1,	 Epoch: 36/80,	 Avg.loss: 0.0009,	 Accuracy: 732/1000(73%)
Task: 1,	 Epoch: 37/80,	 Avg.loss: 0.0008,	 Accuracy: 743/1000(74%)
Task: 1,	 Epoch: 38/80,	 Avg.loss: 0.0008,	 Accuracy: 762/1000(76%)
Task: 1,	 Epoch: 39/80,	 Avg.loss: 0.0008,	 Accuracy: 741/1000(74%)
Task: 1,	 Epoch: 40/80,	 Avg.loss: 0.0007,	 Accuracy: 774/1000(77%)
Task: 1,	 Epoch: 41/80,	 Avg.loss: 0.0008,	 Accuracy: 764/1000(76%)
Task: 1,	 Epoch: 42/80,	 Avg.loss: 0.0007,	 Accuracy: 772/1000(77%)
Task: 1,	 Epoch: 43/80,	 Avg.loss: 0.0008,	 Accuracy: 752/1000(75%)
Task: 1,	 Epoch: 44/80,	 Avg.loss: 0.0009,	 Accuracy: 752/1000(75%)
Task: 1,	 Epoch: 45/80,	 Avg.loss: 0.0008,	 Accuracy: 760/1000(76%)
Task: 1,	 Epoch: 46/80,	 Avg.loss: 0.0008,	 Accuracy: 758/1000(76%)
Task: 1,	 Epoch: 47/80,	 Avg.loss: 0.0008,	 Accuracy: 749/1000(75%)
Task: 1,	 Epoch: 48/80,	 Avg.loss: 0.0008,	 Accuracy: 747/1000(75%)
Task: 1,	 Epoch: 49/80,	 Avg.loss: 0.0008,	 Accuracy: 754/1000(75%)
Task: 1,	 Epoch: 50/80,	 Avg.loss: 0.0008,	 Accuracy: 760/1000(76%)
Task: 1,	 Epoch: 51/80,	 Avg.loss: 0.0008,	 Accuracy: 777/1000(78%)
Task: 1,	 Epoch: 52/80,	 Avg.loss: 0.0008,	 Accuracy: 775/1000(78%)
Task: 1,	 Epoch: 53/80,	 Avg.loss: 0.0008,	 Accuracy: 774/1000(77%)
Task: 1,	 Epoch: 54/80,	 Avg.loss: 0.0008,	 Accuracy: 768/1000(77%)
Task: 1,	 Epoch: 55/80,	 Avg.loss: 0.0008,	 Accuracy: 770/1000(77%)
Task: 1,	 Epoch: 56/80,	 Avg.loss: 0.0008,	 Accuracy: 772/1000(77%)
Task: 1,	 Epoch: 57/80,	 Avg.loss: 0.0008,	 Accuracy: 774/1000(77%)
Task: 1,	 Epoch: 58/80,	 Avg.loss: 0.0008,	 Accuracy: 777/1000(78%)
Task: 1,	 Epoch: 59/80,	 Avg.loss: 0.0008,	 Accuracy: 772/1000(77%)
Task: 1,	 Epoch: 60/80,	 Avg.loss: 0.0008,	 Accuracy: 771/1000(77%)
Task: 1,	 Epoch: 61/80,	 Avg.loss: 0.0008,	 Accuracy: 771/1000(77%)
Task: 1,	 Epoch: 62/80,	 Avg.loss: 0.0008,	 Accuracy: 771/1000(77%)
Task: 1,	 Epoch: 63/80,	 Avg.loss: 0.0008,	 Accuracy: 773/1000(77%)
Task: 1,	 Epoch: 64/80,	 Avg.loss: 0.0008,	 Accuracy: 778/1000(78%)
Task: 1,	 Epoch: 65/80,	 Avg.loss: 0.0008,	 Accuracy: 779/1000(78%)
Task: 1,	 Epoch: 66/80,	 Avg.loss: 0.0008,	 Accuracy: 776/1000(78%)
Task: 1,	 Epoch: 67/80,	 Avg.loss: 0.0008,	 Accuracy: 768/1000(77%)
Task: 1,	 Epoch: 68/80,	 Avg.loss: 0.0008,	 Accuracy: 773/1000(77%)
Task: 1,	 Epoch: 69/80,	 Avg.loss: 0.0008,	 Accuracy: 772/1000(77%)
Task: 1,	 Epoch: 70/80,	 Avg.loss: 0.0008,	 Accuracy: 768/1000(77%)
Task: 1,	 Epoch: 71/80,	 Avg.loss: 0.0008,	 Accuracy: 766/1000(77%)
Task: 1,	 Epoch: 72/80,	 Avg.loss: 0.0008,	 Accuracy: 766/1000(77%)
Task: 1,	 Epoch: 73/80,	 Avg.loss: 0.0008,	 Accuracy: 771/1000(77%)
Task: 1,	 Epoch: 74/80,	 Avg.loss: 0.0008,	 Accuracy: 767/1000(77%)
Task: 1,	 Epoch: 75/80,	 Avg.loss: 0.0008,	 Accuracy: 768/1000(77%)
Task: 1,	 Epoch: 76/80,	 Avg.loss: 0.0008,	 Accuracy: 769/1000(77%)
Task: 1,	 Epoch: 77/80,	 Avg.loss: 0.0008,	 Accuracy: 764/1000(76%)
Task: 1,	 Epoch: 78/80,	 Avg.loss: 0.0008,	 Accuracy: 767/1000(77%)
Task: 1,	 Epoch: 79/80,	 Avg.loss: 0.0008,	 Accuracy: 768/1000(77%)
Saving head (task#: 1)
Computing MAS
Loading head (task#:0)
Loading mask (task#:0)
Files already downloaded and verified
Files already downloaded and verified
Task: 0,	 Epoch: -1/80,	 Avg.loss: 0.0008,	 Accuracy: 845/1000(85%)
Trained Task:1, Loaded task:0, Accuracy:84.5%
Loading head (task#:1)
Loading mask (task#:1)
Files already downloaded and verified
Files already downloaded and verified
Task: 1,	 Epoch: -1/80,	 Avg.loss: 0.0008,	 Accuracy: 768/1000(77%)
Trained Task:1, Loaded task:1, Accuracy:76.8%
Files already downloaded and verified
Files already downloaded and verified
Layer        : conv1_layer.2.weight
Sum Omega    : 602.3497314453125
Max Fisher   : 1.0
Max Omega    : 1.0
Max Relevance: 1.0503671169281006
Mask active  : 8192.0/8192

Layer        : conv2_layer.2.weight
Sum Omega    : 1321.8209228515625
Max Fisher   : 1.0
Max Omega    : 1.0
Max Relevance: 1.0
Mask active  : 2048.0/4096

Layer        : fc1_layer.0.weight
Sum Omega    : 42774.91015625
Max Fisher   : 1.0
Max Omega    : 1.0
Max Relevance: 1.4934810400009155
Mask active  : 512.0/512

Saving  mask (task#:2)
Mask histogram conv1_layer.2.weight: 	 tensor([   0.,    0.,    0., 8192.,    0.,    0.,    0.,    0.,    0.,    0.],
       device='cuda:0')
Mask histogram conv2_layer.2.weight: 	 tensor([1792.,  192.,  384., 1728.,    0.,    0.,    0.,    0.,    0.,    0.],
       device='cuda:0')
Mask histogram fc1_layer.0.weight: 	 tensor([  0.,   0.,   0., 512.,   0.,   0.,   0.,   0.,   0.,   0.],
       device='cuda:0')
Task: 2,	 Epoch: 0/80,	 Avg.loss: 0.0010,	 Accuracy: 670/1000(67%)
Task: 2,	 Epoch: 1/80,	 Avg.loss: 0.0009,	 Accuracy: 721/1000(72%)
Task: 2,	 Epoch: 2/80,	 Avg.loss: 0.0008,	 Accuracy: 744/1000(74%)
Task: 2,	 Epoch: 3/80,	 Avg.loss: 0.0008,	 Accuracy: 746/1000(75%)
Task: 2,	 Epoch: 4/80,	 Avg.loss: 0.0007,	 Accuracy: 770/1000(77%)
Task: 2,	 Epoch: 5/80,	 Avg.loss: 0.0008,	 Accuracy: 766/1000(77%)
Task: 2,	 Epoch: 6/80,	 Avg.loss: 0.0007,	 Accuracy: 786/1000(79%)
Task: 2,	 Epoch: 7/80,	 Avg.loss: 0.0007,	 Accuracy: 770/1000(77%)
Task: 2,	 Epoch: 8/80,	 Avg.loss: 0.0007,	 Accuracy: 769/1000(77%)
Task: 2,	 Epoch: 9/80,	 Avg.loss: 0.0008,	 Accuracy: 770/1000(77%)
Task: 2,	 Epoch: 10/80,	 Avg.loss: 0.0008,	 Accuracy: 786/1000(79%)
Task: 2,	 Epoch: 11/80,	 Avg.loss: 0.0007,	 Accuracy: 783/1000(78%)
Task: 2,	 Epoch: 12/80,	 Avg.loss: 0.0007,	 Accuracy: 803/1000(80%)
Task: 2,	 Epoch: 13/80,	 Avg.loss: 0.0007,	 Accuracy: 780/1000(78%)
Task: 2,	 Epoch: 14/80,	 Avg.loss: 0.0007,	 Accuracy: 799/1000(80%)
Task: 2,	 Epoch: 15/80,	 Avg.loss: 0.0007,	 Accuracy: 813/1000(81%)
Task: 2,	 Epoch: 16/80,	 Avg.loss: 0.0008,	 Accuracy: 780/1000(78%)
Task: 2,	 Epoch: 17/80,	 Avg.loss: 0.0008,	 Accuracy: 791/1000(79%)
Task: 2,	 Epoch: 18/80,	 Avg.loss: 0.0007,	 Accuracy: 788/1000(79%)
Task: 2,	 Epoch: 19/80,	 Avg.loss: 0.0007,	 Accuracy: 788/1000(79%)
Task: 2,	 Epoch: 20/80,	 Avg.loss: 0.0007,	 Accuracy: 790/1000(79%)
Task: 2,	 Epoch: 21/80,	 Avg.loss: 0.0007,	 Accuracy: 809/1000(81%)
Task: 2,	 Epoch: 22/80,	 Avg.loss: 0.0007,	 Accuracy: 785/1000(78%)
Task: 2,	 Epoch: 23/80,	 Avg.loss: 0.0007,	 Accuracy: 795/1000(80%)
Task: 2,	 Epoch: 24/80,	 Avg.loss: 0.0007,	 Accuracy: 796/1000(80%)
Task: 2,	 Epoch: 25/80,	 Avg.loss: 0.0007,	 Accuracy: 807/1000(81%)
Task: 2,	 Epoch: 26/80,	 Avg.loss: 0.0007,	 Accuracy: 803/1000(80%)
Task: 2,	 Epoch: 27/80,	 Avg.loss: 0.0007,	 Accuracy: 803/1000(80%)
Task: 2,	 Epoch: 28/80,	 Avg.loss: 0.0007,	 Accuracy: 793/1000(79%)
Task: 2,	 Epoch: 29/80,	 Avg.loss: 0.0007,	 Accuracy: 810/1000(81%)
Task: 2,	 Epoch: 30/80,	 Avg.loss: 0.0007,	 Accuracy: 791/1000(79%)
Task: 2,	 Epoch: 31/80,	 Avg.loss: 0.0007,	 Accuracy: 804/1000(80%)
Task: 2,	 Epoch: 32/80,	 Avg.loss: 0.0008,	 Accuracy: 763/1000(76%)
Task: 2,	 Epoch: 33/80,	 Avg.loss: 0.0007,	 Accuracy: 786/1000(79%)
Task: 2,	 Epoch: 34/80,	 Avg.loss: 0.0007,	 Accuracy: 799/1000(80%)
Task: 2,	 Epoch: 35/80,	 Avg.loss: 0.0007,	 Accuracy: 807/1000(81%)
Task: 2,	 Epoch: 36/80,	 Avg.loss: 0.0007,	 Accuracy: 802/1000(80%)
Task: 2,	 Epoch: 37/80,	 Avg.loss: 0.0007,	 Accuracy: 780/1000(78%)
Task: 2,	 Epoch: 38/80,	 Avg.loss: 0.0007,	 Accuracy: 808/1000(81%)
Task: 2,	 Epoch: 39/80,	 Avg.loss: 0.0007,	 Accuracy: 812/1000(81%)
Task: 2,	 Epoch: 40/80,	 Avg.loss: 0.0007,	 Accuracy: 808/1000(81%)
Task: 2,	 Epoch: 41/80,	 Avg.loss: 0.0007,	 Accuracy: 805/1000(81%)
Task: 2,	 Epoch: 42/80,	 Avg.loss: 0.0007,	 Accuracy: 790/1000(79%)
Task: 2,	 Epoch: 43/80,	 Avg.loss: 0.0008,	 Accuracy: 770/1000(77%)
Task: 2,	 Epoch: 44/80,	 Avg.loss: 0.0007,	 Accuracy: 799/1000(80%)
Task: 2,	 Epoch: 45/80,	 Avg.loss: 0.0008,	 Accuracy: 773/1000(77%)
Task: 2,	 Epoch: 46/80,	 Avg.loss: 0.0007,	 Accuracy: 799/1000(80%)
Task: 2,	 Epoch: 47/80,	 Avg.loss: 0.0007,	 Accuracy: 807/1000(81%)
Task: 2,	 Epoch: 48/80,	 Avg.loss: 0.0007,	 Accuracy: 801/1000(80%)
Task: 2,	 Epoch: 49/80,	 Avg.loss: 0.0007,	 Accuracy: 813/1000(81%)
Task: 2,	 Epoch: 50/80,	 Avg.loss: 0.0007,	 Accuracy: 826/1000(83%)
Task: 2,	 Epoch: 51/80,	 Avg.loss: 0.0007,	 Accuracy: 828/1000(83%)
Task: 2,	 Epoch: 52/80,	 Avg.loss: 0.0007,	 Accuracy: 834/1000(83%)
Task: 2,	 Epoch: 53/80,	 Avg.loss: 0.0007,	 Accuracy: 826/1000(83%)
Task: 2,	 Epoch: 54/80,	 Avg.loss: 0.0007,	 Accuracy: 830/1000(83%)
Task: 2,	 Epoch: 55/80,	 Avg.loss: 0.0007,	 Accuracy: 829/1000(83%)
Task: 2,	 Epoch: 56/80,	 Avg.loss: 0.0007,	 Accuracy: 831/1000(83%)
Task: 2,	 Epoch: 57/80,	 Avg.loss: 0.0007,	 Accuracy: 820/1000(82%)
Task: 2,	 Epoch: 58/80,	 Avg.loss: 0.0007,	 Accuracy: 826/1000(83%)
Task: 2,	 Epoch: 59/80,	 Avg.loss: 0.0007,	 Accuracy: 820/1000(82%)
Task: 2,	 Epoch: 60/80,	 Avg.loss: 0.0007,	 Accuracy: 823/1000(82%)
Task: 2,	 Epoch: 61/80,	 Avg.loss: 0.0007,	 Accuracy: 819/1000(82%)
Task: 2,	 Epoch: 62/80,	 Avg.loss: 0.0007,	 Accuracy: 823/1000(82%)
Task: 2,	 Epoch: 63/80,	 Avg.loss: 0.0007,	 Accuracy: 821/1000(82%)
Task: 2,	 Epoch: 64/80,	 Avg.loss: 0.0007,	 Accuracy: 821/1000(82%)
Task: 2,	 Epoch: 65/80,	 Avg.loss: 0.0007,	 Accuracy: 815/1000(82%)
Task: 2,	 Epoch: 66/80,	 Avg.loss: 0.0007,	 Accuracy: 815/1000(82%)
Task: 2,	 Epoch: 67/80,	 Avg.loss: 0.0007,	 Accuracy: 814/1000(81%)
Task: 2,	 Epoch: 68/80,	 Avg.loss: 0.0007,	 Accuracy: 814/1000(81%)
Task: 2,	 Epoch: 69/80,	 Avg.loss: 0.0007,	 Accuracy: 824/1000(82%)
Task: 2,	 Epoch: 70/80,	 Avg.loss: 0.0007,	 Accuracy: 814/1000(81%)
Task: 2,	 Epoch: 71/80,	 Avg.loss: 0.0007,	 Accuracy: 812/1000(81%)
Task: 2,	 Epoch: 72/80,	 Avg.loss: 0.0007,	 Accuracy: 814/1000(81%)
Task: 2,	 Epoch: 73/80,	 Avg.loss: 0.0007,	 Accuracy: 815/1000(82%)
Task: 2,	 Epoch: 74/80,	 Avg.loss: 0.0007,	 Accuracy: 812/1000(81%)
Task: 2,	 Epoch: 75/80,	 Avg.loss: 0.0007,	 Accuracy: 814/1000(81%)
Task: 2,	 Epoch: 76/80,	 Avg.loss: 0.0007,	 Accuracy: 815/1000(82%)
Task: 2,	 Epoch: 77/80,	 Avg.loss: 0.0007,	 Accuracy: 809/1000(81%)
Task: 2,	 Epoch: 78/80,	 Avg.loss: 0.0007,	 Accuracy: 819/1000(82%)
Task: 2,	 Epoch: 79/80,	 Avg.loss: 0.0007,	 Accuracy: 812/1000(81%)
Saving head (task#: 2)
Computing MAS
Loading head (task#:0)
Loading mask (task#:0)
Files already downloaded and verified
Files already downloaded and verified
Task: 0,	 Epoch: -1/80,	 Avg.loss: 0.0009,	 Accuracy: 846/1000(85%)
Trained Task:2, Loaded task:0, Accuracy:84.6%
Loading head (task#:1)
Loading mask (task#:1)
Files already downloaded and verified
Files already downloaded and verified
Task: 1,	 Epoch: -1/80,	 Avg.loss: 0.0009,	 Accuracy: 742/1000(74%)
Trained Task:2, Loaded task:1, Accuracy:74.2%
Loading head (task#:2)
Loading mask (task#:2)
Files already downloaded and verified
Files already downloaded and verified
Task: 2,	 Epoch: -1/80,	 Avg.loss: 0.0007,	 Accuracy: 812/1000(81%)
Trained Task:2, Loaded task:2, Accuracy:81.2%
Files already downloaded and verified
Files already downloaded and verified
Layer        : conv1_layer.2.weight
Sum Omega    : 765.7550048828125
Max Fisher   : 1.0
Max Omega    : 1.0
Max Relevance: 1.6536157131195068
Mask active  : 8192.0/8192

Layer        : conv2_layer.2.weight
Sum Omega    : 1424.458251953125
Max Fisher   : 1.0
Max Omega    : 1.0
Max Relevance: 1.3609685897827148
Mask active  : 2048.0/4096

Layer        : fc1_layer.0.weight
Sum Omega    : 40231.0
Max Fisher   : 1.0
Max Omega    : 1.0
Max Relevance: 1.722007393836975
Mask active  : 512.0/512

Saving  mask (task#:3)
Mask histogram conv1_layer.2.weight: 	 tensor([   0.,    0.,    0.,    0., 8192.,    0.,    0.,    0.,    0.,    0.],
       device='cuda:0')
Mask histogram conv2_layer.2.weight: 	 tensor([1728.,   64.,  256.,  576., 1472.,    0.,    0.,    0.,    0.,    0.],
       device='cuda:0')
Mask histogram fc1_layer.0.weight: 	 tensor([  0.,   0.,   0.,   0., 512.,   0.,   0.,   0.,   0.,   0.],
       device='cuda:0')
Task: 3,	 Epoch: 0/80,	 Avg.loss: 0.0011,	 Accuracy: 630/1000(63%)
Task: 3,	 Epoch: 1/80,	 Avg.loss: 0.0010,	 Accuracy: 678/1000(68%)
Task: 3,	 Epoch: 2/80,	 Avg.loss: 0.0010,	 Accuracy: 681/1000(68%)
Task: 3,	 Epoch: 3/80,	 Avg.loss: 0.0008,	 Accuracy: 721/1000(72%)
Task: 3,	 Epoch: 4/80,	 Avg.loss: 0.0008,	 Accuracy: 728/1000(73%)
Task: 3,	 Epoch: 5/80,	 Avg.loss: 0.0009,	 Accuracy: 715/1000(72%)
Task: 3,	 Epoch: 6/80,	 Avg.loss: 0.0009,	 Accuracy: 712/1000(71%)
Task: 3,	 Epoch: 7/80,	 Avg.loss: 0.0008,	 Accuracy: 738/1000(74%)
Task: 3,	 Epoch: 8/80,	 Avg.loss: 0.0008,	 Accuracy: 740/1000(74%)
Task: 3,	 Epoch: 9/80,	 Avg.loss: 0.0008,	 Accuracy: 729/1000(73%)
Task: 3,	 Epoch: 10/80,	 Avg.loss: 0.0008,	 Accuracy: 735/1000(74%)
Task: 3,	 Epoch: 11/80,	 Avg.loss: 0.0008,	 Accuracy: 742/1000(74%)
Task: 3,	 Epoch: 12/80,	 Avg.loss: 0.0008,	 Accuracy: 750/1000(75%)
Task: 3,	 Epoch: 13/80,	 Avg.loss: 0.0009,	 Accuracy: 717/1000(72%)
Task: 3,	 Epoch: 14/80,	 Avg.loss: 0.0009,	 Accuracy: 732/1000(73%)
Task: 3,	 Epoch: 15/80,	 Avg.loss: 0.0008,	 Accuracy: 751/1000(75%)
Task: 3,	 Epoch: 16/80,	 Avg.loss: 0.0008,	 Accuracy: 730/1000(73%)
Task: 3,	 Epoch: 17/80,	 Avg.loss: 0.0008,	 Accuracy: 740/1000(74%)
Task: 3,	 Epoch: 18/80,	 Avg.loss: 0.0009,	 Accuracy: 731/1000(73%)
Task: 3,	 Epoch: 19/80,	 Avg.loss: 0.0009,	 Accuracy: 708/1000(71%)
Task: 3,	 Epoch: 20/80,	 Avg.loss: 0.0008,	 Accuracy: 740/1000(74%)
Task: 3,	 Epoch: 21/80,	 Avg.loss: 0.0009,	 Accuracy: 719/1000(72%)
Task: 3,	 Epoch: 22/80,	 Avg.loss: 0.0009,	 Accuracy: 734/1000(73%)
Task: 3,	 Epoch: 23/80,	 Avg.loss: 0.0008,	 Accuracy: 743/1000(74%)
Task: 3,	 Epoch: 24/80,	 Avg.loss: 0.0009,	 Accuracy: 719/1000(72%)
Task: 3,	 Epoch: 25/80,	 Avg.loss: 0.0008,	 Accuracy: 738/1000(74%)
Task: 3,	 Epoch: 26/80,	 Avg.loss: 0.0008,	 Accuracy: 751/1000(75%)
Task: 3,	 Epoch: 27/80,	 Avg.loss: 0.0008,	 Accuracy: 731/1000(73%)
Task: 3,	 Epoch: 28/80,	 Avg.loss: 0.0008,	 Accuracy: 739/1000(74%)
Task: 3,	 Epoch: 29/80,	 Avg.loss: 0.0009,	 Accuracy: 709/1000(71%)
Task: 3,	 Epoch: 30/80,	 Avg.loss: 0.0009,	 Accuracy: 731/1000(73%)
Task: 3,	 Epoch: 31/80,	 Avg.loss: 0.0008,	 Accuracy: 723/1000(72%)
Task: 3,	 Epoch: 32/80,	 Avg.loss: 0.0008,	 Accuracy: 755/1000(76%)
Task: 3,	 Epoch: 33/80,	 Avg.loss: 0.0008,	 Accuracy: 739/1000(74%)
Task: 3,	 Epoch: 34/80,	 Avg.loss: 0.0008,	 Accuracy: 740/1000(74%)
Task: 3,	 Epoch: 35/80,	 Avg.loss: 0.0008,	 Accuracy: 746/1000(75%)
Task: 3,	 Epoch: 36/80,	 Avg.loss: 0.0008,	 Accuracy: 729/1000(73%)
Task: 3,	 Epoch: 37/80,	 Avg.loss: 0.0008,	 Accuracy: 747/1000(75%)
Task: 3,	 Epoch: 38/80,	 Avg.loss: 0.0008,	 Accuracy: 735/1000(74%)
Task: 3,	 Epoch: 39/80,	 Avg.loss: 0.0008,	 Accuracy: 754/1000(75%)
Task: 3,	 Epoch: 40/80,	 Avg.loss: 0.0008,	 Accuracy: 740/1000(74%)
Task: 3,	 Epoch: 41/80,	 Avg.loss: 0.0008,	 Accuracy: 744/1000(74%)
Task: 3,	 Epoch: 42/80,	 Avg.loss: 0.0008,	 Accuracy: 754/1000(75%)
Task: 3,	 Epoch: 43/80,	 Avg.loss: 0.0008,	 Accuracy: 733/1000(73%)
Task: 3,	 Epoch: 44/80,	 Avg.loss: 0.0009,	 Accuracy: 726/1000(73%)
Task: 3,	 Epoch: 45/80,	 Avg.loss: 0.0008,	 Accuracy: 738/1000(74%)
Task: 3,	 Epoch: 46/80,	 Avg.loss: 0.0008,	 Accuracy: 727/1000(73%)
Task: 3,	 Epoch: 47/80,	 Avg.loss: 0.0008,	 Accuracy: 726/1000(73%)
Task: 3,	 Epoch: 48/80,	 Avg.loss: 0.0008,	 Accuracy: 724/1000(72%)
Task: 3,	 Epoch: 49/80,	 Avg.loss: 0.0008,	 Accuracy: 726/1000(73%)
Task: 3,	 Epoch: 50/80,	 Avg.loss: 0.0008,	 Accuracy: 744/1000(74%)
Task: 3,	 Epoch: 51/80,	 Avg.loss: 0.0008,	 Accuracy: 748/1000(75%)
Task: 3,	 Epoch: 52/80,	 Avg.loss: 0.0008,	 Accuracy: 747/1000(75%)
Task: 3,	 Epoch: 53/80,	 Avg.loss: 0.0008,	 Accuracy: 757/1000(76%)
Task: 3,	 Epoch: 54/80,	 Avg.loss: 0.0008,	 Accuracy: 741/1000(74%)
Task: 3,	 Epoch: 55/80,	 Avg.loss: 0.0008,	 Accuracy: 746/1000(75%)
Task: 3,	 Epoch: 56/80,	 Avg.loss: 0.0008,	 Accuracy: 754/1000(75%)
Task: 3,	 Epoch: 57/80,	 Avg.loss: 0.0008,	 Accuracy: 761/1000(76%)
Task: 3,	 Epoch: 58/80,	 Avg.loss: 0.0008,	 Accuracy: 753/1000(75%)
Task: 3,	 Epoch: 59/80,	 Avg.loss: 0.0008,	 Accuracy: 747/1000(75%)
Task: 3,	 Epoch: 60/80,	 Avg.loss: 0.0008,	 Accuracy: 752/1000(75%)
Task: 3,	 Epoch: 61/80,	 Avg.loss: 0.0008,	 Accuracy: 746/1000(75%)
Task: 3,	 Epoch: 62/80,	 Avg.loss: 0.0008,	 Accuracy: 755/1000(76%)
Task: 3,	 Epoch: 63/80,	 Avg.loss: 0.0008,	 Accuracy: 758/1000(76%)
Task: 3,	 Epoch: 64/80,	 Avg.loss: 0.0008,	 Accuracy: 749/1000(75%)
Task: 3,	 Epoch: 65/80,	 Avg.loss: 0.0008,	 Accuracy: 757/1000(76%)
Task: 3,	 Epoch: 66/80,	 Avg.loss: 0.0008,	 Accuracy: 748/1000(75%)
Task: 3,	 Epoch: 67/80,	 Avg.loss: 0.0008,	 Accuracy: 747/1000(75%)
Task: 3,	 Epoch: 68/80,	 Avg.loss: 0.0008,	 Accuracy: 751/1000(75%)
Task: 3,	 Epoch: 69/80,	 Avg.loss: 0.0008,	 Accuracy: 756/1000(76%)
Task: 3,	 Epoch: 70/80,	 Avg.loss: 0.0008,	 Accuracy: 752/1000(75%)
Task: 3,	 Epoch: 71/80,	 Avg.loss: 0.0008,	 Accuracy: 750/1000(75%)
Task: 3,	 Epoch: 72/80,	 Avg.loss: 0.0008,	 Accuracy: 744/1000(74%)
Task: 3,	 Epoch: 73/80,	 Avg.loss: 0.0008,	 Accuracy: 751/1000(75%)
Task: 3,	 Epoch: 74/80,	 Avg.loss: 0.0008,	 Accuracy: 753/1000(75%)
Task: 3,	 Epoch: 75/80,	 Avg.loss: 0.0008,	 Accuracy: 751/1000(75%)
Task: 3,	 Epoch: 76/80,	 Avg.loss: 0.0008,	 Accuracy: 749/1000(75%)
Task: 3,	 Epoch: 77/80,	 Avg.loss: 0.0008,	 Accuracy: 755/1000(76%)
Task: 3,	 Epoch: 78/80,	 Avg.loss: 0.0008,	 Accuracy: 750/1000(75%)
Task: 3,	 Epoch: 79/80,	 Avg.loss: 0.0008,	 Accuracy: 750/1000(75%)
Saving head (task#: 3)
Computing MAS
Loading head (task#:0)
Loading mask (task#:0)
Files already downloaded and verified
Files already downloaded and verified
Task: 0,	 Epoch: -1/80,	 Avg.loss: 0.0010,	 Accuracy: 822/1000(82%)
Trained Task:3, Loaded task:0, Accuracy:82.2%
Loading head (task#:1)
Loading mask (task#:1)
Files already downloaded and verified
Files already downloaded and verified
Task: 1,	 Epoch: -1/80,	 Avg.loss: 0.0010,	 Accuracy: 736/1000(74%)
Trained Task:3, Loaded task:1, Accuracy:73.6%
Loading head (task#:2)
Loading mask (task#:2)
Files already downloaded and verified
Files already downloaded and verified
Task: 2,	 Epoch: -1/80,	 Avg.loss: 0.0008,	 Accuracy: 797/1000(80%)
Trained Task:3, Loaded task:2, Accuracy:79.7%
Loading head (task#:3)
Loading mask (task#:3)
Files already downloaded and verified
Files already downloaded and verified
Task: 3,	 Epoch: -1/80,	 Avg.loss: 0.0008,	 Accuracy: 750/1000(75%)
Trained Task:3, Loaded task:3, Accuracy:75.0%
Files already downloaded and verified
Files already downloaded and verified
Layer        : conv1_layer.2.weight
Sum Omega    : 737.67822265625
Max Fisher   : 1.0
Max Omega    : 1.0
Max Relevance: 1.666455864906311
Mask active  : 8192.0/8192

Layer        : conv2_layer.2.weight
Sum Omega    : 1453.7213134765625
Max Fisher   : 1.0
Max Omega    : 1.0
Max Relevance: 1.7096421718597412
Mask active  : 2048.0/4096

Layer        : fc1_layer.0.weight
Sum Omega    : 43388.5078125
Max Fisher   : 1.0
Max Omega    : 1.0
Max Relevance: 1.94501531124115
Mask active  : 512.0/512

Saving  mask (task#:4)
Mask histogram conv1_layer.2.weight: 	 tensor([   0.,    0.,    0.,    0.,    0., 8192.,    0.,    0.,    0.,    0.],
       device='cuda:0')
Mask histogram conv2_layer.2.weight: 	 tensor([1728.,    0.,  128.,  256.,  704., 1280.,    0.,    0.,    0.,    0.],
       device='cuda:0')
Mask histogram fc1_layer.0.weight: 	 tensor([  0.,   0.,   0.,   0.,   0., 512.,   0.,   0.,   0.,   0.],
       device='cuda:0')
Task: 4,	 Epoch: 0/80,	 Avg.loss: 0.0010,	 Accuracy: 686/1000(69%)
Task: 4,	 Epoch: 1/80,	 Avg.loss: 0.0009,	 Accuracy: 727/1000(73%)
Task: 4,	 Epoch: 2/80,	 Avg.loss: 0.0008,	 Accuracy: 738/1000(74%)
Task: 4,	 Epoch: 3/80,	 Avg.loss: 0.0008,	 Accuracy: 752/1000(75%)
Task: 4,	 Epoch: 4/80,	 Avg.loss: 0.0008,	 Accuracy: 766/1000(77%)
Task: 4,	 Epoch: 5/80,	 Avg.loss: 0.0008,	 Accuracy: 766/1000(77%)
Task: 4,	 Epoch: 6/80,	 Avg.loss: 0.0008,	 Accuracy: 764/1000(76%)
Task: 4,	 Epoch: 7/80,	 Avg.loss: 0.0008,	 Accuracy: 760/1000(76%)
Task: 4,	 Epoch: 8/80,	 Avg.loss: 0.0008,	 Accuracy: 762/1000(76%)
Task: 4,	 Epoch: 9/80,	 Avg.loss: 0.0007,	 Accuracy: 776/1000(78%)
Task: 4,	 Epoch: 10/80,	 Avg.loss: 0.0008,	 Accuracy: 765/1000(76%)
Task: 4,	 Epoch: 11/80,	 Avg.loss: 0.0007,	 Accuracy: 780/1000(78%)
Task: 4,	 Epoch: 12/80,	 Avg.loss: 0.0008,	 Accuracy: 774/1000(77%)
Task: 4,	 Epoch: 13/80,	 Avg.loss: 0.0007,	 Accuracy: 774/1000(77%)
Task: 4,	 Epoch: 14/80,	 Avg.loss: 0.0008,	 Accuracy: 754/1000(75%)
Task: 4,	 Epoch: 15/80,	 Avg.loss: 0.0009,	 Accuracy: 749/1000(75%)
Task: 4,	 Epoch: 16/80,	 Avg.loss: 0.0008,	 Accuracy: 753/1000(75%)
Task: 4,	 Epoch: 17/80,	 Avg.loss: 0.0007,	 Accuracy: 776/1000(78%)
Task: 4,	 Epoch: 18/80,	 Avg.loss: 0.0007,	 Accuracy: 788/1000(79%)
Task: 4,	 Epoch: 19/80,	 Avg.loss: 0.0007,	 Accuracy: 789/1000(79%)
Task: 4,	 Epoch: 20/80,	 Avg.loss: 0.0007,	 Accuracy: 777/1000(78%)
Task: 4,	 Epoch: 21/80,	 Avg.loss: 0.0007,	 Accuracy: 780/1000(78%)
Task: 4,	 Epoch: 22/80,	 Avg.loss: 0.0007,	 Accuracy: 774/1000(77%)
Task: 4,	 Epoch: 23/80,	 Avg.loss: 0.0007,	 Accuracy: 782/1000(78%)
Task: 4,	 Epoch: 24/80,	 Avg.loss: 0.0008,	 Accuracy: 779/1000(78%)
Task: 4,	 Epoch: 25/80,	 Avg.loss: 0.0007,	 Accuracy: 794/1000(79%)
Task: 4,	 Epoch: 26/80,	 Avg.loss: 0.0007,	 Accuracy: 778/1000(78%)
Task: 4,	 Epoch: 27/80,	 Avg.loss: 0.0007,	 Accuracy: 770/1000(77%)
Task: 4,	 Epoch: 28/80,	 Avg.loss: 0.0008,	 Accuracy: 761/1000(76%)
Task: 4,	 Epoch: 29/80,	 Avg.loss: 0.0007,	 Accuracy: 790/1000(79%)
Task: 4,	 Epoch: 30/80,	 Avg.loss: 0.0007,	 Accuracy: 792/1000(79%)
Task: 4,	 Epoch: 31/80,	 Avg.loss: 0.0007,	 Accuracy: 779/1000(78%)
Task: 4,	 Epoch: 32/80,	 Avg.loss: 0.0007,	 Accuracy: 794/1000(79%)
Task: 4,	 Epoch: 33/80,	 Avg.loss: 0.0007,	 Accuracy: 787/1000(79%)
Task: 4,	 Epoch: 34/80,	 Avg.loss: 0.0007,	 Accuracy: 786/1000(79%)
Task: 4,	 Epoch: 35/80,	 Avg.loss: 0.0008,	 Accuracy: 764/1000(76%)
Task: 4,	 Epoch: 36/80,	 Avg.loss: 0.0008,	 Accuracy: 768/1000(77%)
Task: 4,	 Epoch: 37/80,	 Avg.loss: 0.0008,	 Accuracy: 767/1000(77%)
Task: 4,	 Epoch: 38/80,	 Avg.loss: 0.0008,	 Accuracy: 758/1000(76%)
Task: 4,	 Epoch: 39/80,	 Avg.loss: 0.0007,	 Accuracy: 775/1000(78%)
Task: 4,	 Epoch: 40/80,	 Avg.loss: 0.0009,	 Accuracy: 732/1000(73%)
Task: 4,	 Epoch: 41/80,	 Avg.loss: 0.0008,	 Accuracy: 766/1000(77%)
Task: 4,	 Epoch: 42/80,	 Avg.loss: 0.0007,	 Accuracy: 792/1000(79%)
Task: 4,	 Epoch: 43/80,	 Avg.loss: 0.0008,	 Accuracy: 763/1000(76%)
Task: 4,	 Epoch: 44/80,	 Avg.loss: 0.0008,	 Accuracy: 768/1000(77%)
Task: 4,	 Epoch: 45/80,	 Avg.loss: 0.0007,	 Accuracy: 788/1000(79%)
Task: 4,	 Epoch: 46/80,	 Avg.loss: 0.0008,	 Accuracy: 776/1000(78%)
Task: 4,	 Epoch: 47/80,	 Avg.loss: 0.0007,	 Accuracy: 776/1000(78%)
Task: 4,	 Epoch: 48/80,	 Avg.loss: 0.0008,	 Accuracy: 776/1000(78%)
Task: 4,	 Epoch: 49/80,	 Avg.loss: 0.0007,	 Accuracy: 781/1000(78%)
Task: 4,	 Epoch: 50/80,	 Avg.loss: 0.0007,	 Accuracy: 797/1000(80%)
Task: 4,	 Epoch: 51/80,	 Avg.loss: 0.0007,	 Accuracy: 807/1000(81%)
Task: 4,	 Epoch: 52/80,	 Avg.loss: 0.0007,	 Accuracy: 803/1000(80%)
Task: 4,	 Epoch: 53/80,	 Avg.loss: 0.0007,	 Accuracy: 808/1000(81%)
Task: 4,	 Epoch: 54/80,	 Avg.loss: 0.0007,	 Accuracy: 807/1000(81%)
Task: 4,	 Epoch: 55/80,	 Avg.loss: 0.0007,	 Accuracy: 800/1000(80%)
Task: 4,	 Epoch: 56/80,	 Avg.loss: 0.0007,	 Accuracy: 801/1000(80%)
Task: 4,	 Epoch: 57/80,	 Avg.loss: 0.0007,	 Accuracy: 802/1000(80%)
Task: 4,	 Epoch: 58/80,	 Avg.loss: 0.0007,	 Accuracy: 802/1000(80%)
Task: 4,	 Epoch: 59/80,	 Avg.loss: 0.0007,	 Accuracy: 796/1000(80%)
Task: 4,	 Epoch: 60/80,	 Avg.loss: 0.0007,	 Accuracy: 802/1000(80%)
Task: 4,	 Epoch: 61/80,	 Avg.loss: 0.0007,	 Accuracy: 804/1000(80%)
Task: 4,	 Epoch: 62/80,	 Avg.loss: 0.0007,	 Accuracy: 797/1000(80%)
Task: 4,	 Epoch: 63/80,	 Avg.loss: 0.0007,	 Accuracy: 791/1000(79%)
Task: 4,	 Epoch: 64/80,	 Avg.loss: 0.0007,	 Accuracy: 797/1000(80%)
Task: 4,	 Epoch: 65/80,	 Avg.loss: 0.0007,	 Accuracy: 797/1000(80%)
Task: 4,	 Epoch: 66/80,	 Avg.loss: 0.0007,	 Accuracy: 795/1000(80%)
Task: 4,	 Epoch: 67/80,	 Avg.loss: 0.0007,	 Accuracy: 796/1000(80%)
Task: 4,	 Epoch: 68/80,	 Avg.loss: 0.0007,	 Accuracy: 794/1000(79%)
Task: 4,	 Epoch: 69/80,	 Avg.loss: 0.0007,	 Accuracy: 790/1000(79%)
Task: 4,	 Epoch: 70/80,	 Avg.loss: 0.0007,	 Accuracy: 795/1000(80%)
Task: 4,	 Epoch: 71/80,	 Avg.loss: 0.0007,	 Accuracy: 791/1000(79%)
Task: 4,	 Epoch: 72/80,	 Avg.loss: 0.0007,	 Accuracy: 792/1000(79%)
Task: 4,	 Epoch: 73/80,	 Avg.loss: 0.0007,	 Accuracy: 793/1000(79%)
Task: 4,	 Epoch: 74/80,	 Avg.loss: 0.0007,	 Accuracy: 792/1000(79%)
Task: 4,	 Epoch: 75/80,	 Avg.loss: 0.0007,	 Accuracy: 799/1000(80%)
Task: 4,	 Epoch: 76/80,	 Avg.loss: 0.0007,	 Accuracy: 791/1000(79%)
Task: 4,	 Epoch: 77/80,	 Avg.loss: 0.0007,	 Accuracy: 793/1000(79%)
Task: 4,	 Epoch: 78/80,	 Avg.loss: 0.0007,	 Accuracy: 789/1000(79%)
Task: 4,	 Epoch: 79/80,	 Avg.loss: 0.0007,	 Accuracy: 789/1000(79%)
Saving head (task#: 4)
Computing MAS
Loading head (task#:0)
Loading mask (task#:0)
Files already downloaded and verified
Files already downloaded and verified
Task: 0,	 Epoch: -1/80,	 Avg.loss: 0.0011,	 Accuracy: 832/1000(83%)
Trained Task:4, Loaded task:0, Accuracy:83.2%
Loading head (task#:1)
Loading mask (task#:1)
Files already downloaded and verified
Files already downloaded and verified
Task: 1,	 Epoch: -1/80,	 Avg.loss: 0.0011,	 Accuracy: 741/1000(74%)
Trained Task:4, Loaded task:1, Accuracy:74.1%
Loading head (task#:2)
Loading mask (task#:2)
Files already downloaded and verified
Files already downloaded and verified
Task: 2,	 Epoch: -1/80,	 Avg.loss: 0.0009,	 Accuracy: 782/1000(78%)
Trained Task:4, Loaded task:2, Accuracy:78.2%
Loading head (task#:3)
Loading mask (task#:3)
Files already downloaded and verified
Files already downloaded and verified
Task: 3,	 Epoch: -1/80,	 Avg.loss: 0.0012,	 Accuracy: 682/1000(68%)
Trained Task:4, Loaded task:3, Accuracy:68.2%
Loading head (task#:4)
Loading mask (task#:4)
Files already downloaded and verified
Files already downloaded and verified
Task: 4,	 Epoch: -1/80,	 Avg.loss: 0.0007,	 Accuracy: 789/1000(79%)
Trained Task:4, Loaded task:4, Accuracy:78.9%
Files already downloaded and verified
Files already downloaded and verified
Layer        : conv1_layer.2.weight
Sum Omega    : 757.2283935546875
Max Fisher   : 1.0
Max Omega    : 1.0
Max Relevance: 1.1672844886779785
Mask active  : 8192.0/8192

Layer        : conv2_layer.2.weight
Sum Omega    : 1560.302734375
Max Fisher   : 1.0
Max Omega    : 1.0
Max Relevance: 1.0070223808288574
Mask active  : 2048.0/4096

Layer        : fc1_layer.0.weight
Sum Omega    : 40980.1640625
Max Fisher   : 1.0
Max Omega    : 1.0
Max Relevance: 1.5837719440460205
Mask active  : 512.0/512

Saving  mask (task#:5)
Mask histogram conv1_layer.2.weight: 	 tensor([   0.,    0.,    0.,    0.,    0.,    0., 8192.,    0.,    0.,    0.],
       device='cuda:0')
Mask histogram conv2_layer.2.weight: 	 tensor([1728.,    0.,   64.,  128.,  320.,  640., 1216.,    0.,    0.,    0.],
       device='cuda:0')
Mask histogram fc1_layer.0.weight: 	 tensor([  0.,   0.,   0.,   0.,   0.,   0., 512.,   0.,   0.,   0.],
       device='cuda:0')
Task: 5,	 Epoch: 0/80,	 Avg.loss: 0.0010,	 Accuracy: 678/1000(68%)
Task: 5,	 Epoch: 1/80,	 Avg.loss: 0.0009,	 Accuracy: 692/1000(69%)
Task: 5,	 Epoch: 2/80,	 Avg.loss: 0.0008,	 Accuracy: 713/1000(71%)
Task: 5,	 Epoch: 3/80,	 Avg.loss: 0.0008,	 Accuracy: 734/1000(73%)
Task: 5,	 Epoch: 4/80,	 Avg.loss: 0.0008,	 Accuracy: 723/1000(72%)
Task: 5,	 Epoch: 5/80,	 Avg.loss: 0.0008,	 Accuracy: 734/1000(73%)
Task: 5,	 Epoch: 6/80,	 Avg.loss: 0.0008,	 Accuracy: 727/1000(73%)
Task: 5,	 Epoch: 7/80,	 Avg.loss: 0.0008,	 Accuracy: 726/1000(73%)
Task: 5,	 Epoch: 8/80,	 Avg.loss: 0.0008,	 Accuracy: 730/1000(73%)
Task: 5,	 Epoch: 9/80,	 Avg.loss: 0.0008,	 Accuracy: 736/1000(74%)
Task: 5,	 Epoch: 10/80,	 Avg.loss: 0.0007,	 Accuracy: 746/1000(75%)
Task: 5,	 Epoch: 11/80,	 Avg.loss: 0.0008,	 Accuracy: 743/1000(74%)
Task: 5,	 Epoch: 12/80,	 Avg.loss: 0.0007,	 Accuracy: 760/1000(76%)
Task: 5,	 Epoch: 13/80,	 Avg.loss: 0.0007,	 Accuracy: 770/1000(77%)
Task: 5,	 Epoch: 14/80,	 Avg.loss: 0.0008,	 Accuracy: 729/1000(73%)
Task: 5,	 Epoch: 15/80,	 Avg.loss: 0.0007,	 Accuracy: 754/1000(75%)
Task: 5,	 Epoch: 16/80,	 Avg.loss: 0.0008,	 Accuracy: 752/1000(75%)
Task: 5,	 Epoch: 17/80,	 Avg.loss: 0.0007,	 Accuracy: 760/1000(76%)
Task: 5,	 Epoch: 18/80,	 Avg.loss: 0.0008,	 Accuracy: 738/1000(74%)
Task: 5,	 Epoch: 19/80,	 Avg.loss: 0.0008,	 Accuracy: 756/1000(76%)
Task: 5,	 Epoch: 20/80,	 Avg.loss: 0.0008,	 Accuracy: 753/1000(75%)
Task: 5,	 Epoch: 21/80,	 Avg.loss: 0.0008,	 Accuracy: 737/1000(74%)
Task: 5,	 Epoch: 22/80,	 Avg.loss: 0.0007,	 Accuracy: 752/1000(75%)
Task: 5,	 Epoch: 23/80,	 Avg.loss: 0.0008,	 Accuracy: 747/1000(75%)
Task: 5,	 Epoch: 24/80,	 Avg.loss: 0.0008,	 Accuracy: 750/1000(75%)
Task: 5,	 Epoch: 25/80,	 Avg.loss: 0.0008,	 Accuracy: 748/1000(75%)
Task: 5,	 Epoch: 26/80,	 Avg.loss: 0.0007,	 Accuracy: 770/1000(77%)
Task: 5,	 Epoch: 27/80,	 Avg.loss: 0.0007,	 Accuracy: 761/1000(76%)
Task: 5,	 Epoch: 28/80,	 Avg.loss: 0.0008,	 Accuracy: 747/1000(75%)
Task: 5,	 Epoch: 29/80,	 Avg.loss: 0.0007,	 Accuracy: 752/1000(75%)
Task: 5,	 Epoch: 30/80,	 Avg.loss: 0.0008,	 Accuracy: 746/1000(75%)
Task: 5,	 Epoch: 31/80,	 Avg.loss: 0.0008,	 Accuracy: 739/1000(74%)
Task: 5,	 Epoch: 32/80,	 Avg.loss: 0.0008,	 Accuracy: 757/1000(76%)
Task: 5,	 Epoch: 33/80,	 Avg.loss: 0.0008,	 Accuracy: 752/1000(75%)
Task: 5,	 Epoch: 34/80,	 Avg.loss: 0.0008,	 Accuracy: 760/1000(76%)
Task: 5,	 Epoch: 35/80,	 Avg.loss: 0.0008,	 Accuracy: 748/1000(75%)
Task: 5,	 Epoch: 36/80,	 Avg.loss: 0.0009,	 Accuracy: 732/1000(73%)
Task: 5,	 Epoch: 37/80,	 Avg.loss: 0.0007,	 Accuracy: 750/1000(75%)
Task: 5,	 Epoch: 38/80,	 Avg.loss: 0.0008,	 Accuracy: 755/1000(76%)
Task: 5,	 Epoch: 39/80,	 Avg.loss: 0.0008,	 Accuracy: 746/1000(75%)
Task: 5,	 Epoch: 40/80,	 Avg.loss: 0.0008,	 Accuracy: 759/1000(76%)
Task: 5,	 Epoch: 41/80,	 Avg.loss: 0.0008,	 Accuracy: 761/1000(76%)
Task: 5,	 Epoch: 42/80,	 Avg.loss: 0.0008,	 Accuracy: 742/1000(74%)
Task: 5,	 Epoch: 43/80,	 Avg.loss: 0.0007,	 Accuracy: 759/1000(76%)
Task: 5,	 Epoch: 44/80,	 Avg.loss: 0.0008,	 Accuracy: 765/1000(76%)
Task: 5,	 Epoch: 45/80,	 Avg.loss: 0.0007,	 Accuracy: 764/1000(76%)
Task: 5,	 Epoch: 46/80,	 Avg.loss: 0.0007,	 Accuracy: 766/1000(77%)
Task: 5,	 Epoch: 47/80,	 Avg.loss: 0.0007,	 Accuracy: 753/1000(75%)
Task: 5,	 Epoch: 48/80,	 Avg.loss: 0.0008,	 Accuracy: 735/1000(74%)
Task: 5,	 Epoch: 49/80,	 Avg.loss: 0.0008,	 Accuracy: 741/1000(74%)
Task: 5,	 Epoch: 50/80,	 Avg.loss: 0.0007,	 Accuracy: 762/1000(76%)
Task: 5,	 Epoch: 51/80,	 Avg.loss: 0.0007,	 Accuracy: 772/1000(77%)
Task: 5,	 Epoch: 52/80,	 Avg.loss: 0.0007,	 Accuracy: 772/1000(77%)
Task: 5,	 Epoch: 53/80,	 Avg.loss: 0.0007,	 Accuracy: 779/1000(78%)
Task: 5,	 Epoch: 54/80,	 Avg.loss: 0.0007,	 Accuracy: 783/1000(78%)
Task: 5,	 Epoch: 55/80,	 Avg.loss: 0.0007,	 Accuracy: 785/1000(78%)
Task: 5,	 Epoch: 56/80,	 Avg.loss: 0.0007,	 Accuracy: 778/1000(78%)
Task: 5,	 Epoch: 57/80,	 Avg.loss: 0.0007,	 Accuracy: 769/1000(77%)
Task: 5,	 Epoch: 58/80,	 Avg.loss: 0.0007,	 Accuracy: 775/1000(78%)
Task: 5,	 Epoch: 59/80,	 Avg.loss: 0.0007,	 Accuracy: 775/1000(78%)
Task: 5,	 Epoch: 60/80,	 Avg.loss: 0.0007,	 Accuracy: 771/1000(77%)
Task: 5,	 Epoch: 61/80,	 Avg.loss: 0.0007,	 Accuracy: 775/1000(78%)
Task: 5,	 Epoch: 62/80,	 Avg.loss: 0.0007,	 Accuracy: 784/1000(78%)
Task: 5,	 Epoch: 63/80,	 Avg.loss: 0.0007,	 Accuracy: 777/1000(78%)
Task: 5,	 Epoch: 64/80,	 Avg.loss: 0.0007,	 Accuracy: 786/1000(79%)
Task: 5,	 Epoch: 65/80,	 Avg.loss: 0.0007,	 Accuracy: 783/1000(78%)
Task: 5,	 Epoch: 66/80,	 Avg.loss: 0.0007,	 Accuracy: 784/1000(78%)
Task: 5,	 Epoch: 67/80,	 Avg.loss: 0.0007,	 Accuracy: 785/1000(78%)
Task: 5,	 Epoch: 68/80,	 Avg.loss: 0.0007,	 Accuracy: 776/1000(78%)
Task: 5,	 Epoch: 69/80,	 Avg.loss: 0.0007,	 Accuracy: 779/1000(78%)
Task: 5,	 Epoch: 70/80,	 Avg.loss: 0.0007,	 Accuracy: 773/1000(77%)
Task: 5,	 Epoch: 71/80,	 Avg.loss: 0.0007,	 Accuracy: 783/1000(78%)
Task: 5,	 Epoch: 72/80,	 Avg.loss: 0.0007,	 Accuracy: 790/1000(79%)
Task: 5,	 Epoch: 73/80,	 Avg.loss: 0.0007,	 Accuracy: 788/1000(79%)
Task: 5,	 Epoch: 74/80,	 Avg.loss: 0.0007,	 Accuracy: 784/1000(78%)
Task: 5,	 Epoch: 75/80,	 Avg.loss: 0.0007,	 Accuracy: 779/1000(78%)
Task: 5,	 Epoch: 76/80,	 Avg.loss: 0.0007,	 Accuracy: 772/1000(77%)
Task: 5,	 Epoch: 77/80,	 Avg.loss: 0.0007,	 Accuracy: 788/1000(79%)
Task: 5,	 Epoch: 78/80,	 Avg.loss: 0.0007,	 Accuracy: 780/1000(78%)
Task: 5,	 Epoch: 79/80,	 Avg.loss: 0.0007,	 Accuracy: 789/1000(79%)
Saving head (task#: 5)
Computing MAS
Loading head (task#:0)
Loading mask (task#:0)
Files already downloaded and verified
Files already downloaded and verified
Task: 0,	 Epoch: -1/80,	 Avg.loss: 0.0011,	 Accuracy: 820/1000(82%)
Trained Task:5, Loaded task:0, Accuracy:82.0%
Loading head (task#:1)
Loading mask (task#:1)
Files already downloaded and verified
Files already downloaded and verified
Task: 1,	 Epoch: -1/80,	 Avg.loss: 0.0012,	 Accuracy: 733/1000(73%)
Trained Task:5, Loaded task:1, Accuracy:73.3%
Loading head (task#:2)
Loading mask (task#:2)
Files already downloaded and verified
Files already downloaded and verified
Task: 2,	 Epoch: -1/80,	 Avg.loss: 0.0010,	 Accuracy: 777/1000(78%)
Trained Task:5, Loaded task:2, Accuracy:77.7%
Loading head (task#:3)
Loading mask (task#:3)
Files already downloaded and verified
Files already downloaded and verified
Task: 3,	 Epoch: -1/80,	 Avg.loss: 0.0012,	 Accuracy: 695/1000(70%)
Trained Task:5, Loaded task:3, Accuracy:69.5%
Loading head (task#:4)
Loading mask (task#:4)
Files already downloaded and verified
Files already downloaded and verified
Task: 4,	 Epoch: -1/80,	 Avg.loss: 0.0007,	 Accuracy: 786/1000(79%)
Trained Task:5, Loaded task:4, Accuracy:78.6%
Loading head (task#:5)
Loading mask (task#:5)
Files already downloaded and verified
Files already downloaded and verified
Task: 5,	 Epoch: -1/80,	 Avg.loss: 0.0007,	 Accuracy: 789/1000(79%)
Trained Task:5, Loaded task:5, Accuracy:78.9%
Files already downloaded and verified
Files already downloaded and verified
Layer        : conv1_layer.2.weight
Sum Omega    : 764.1429443359375
Max Fisher   : 1.0
Max Omega    : 1.0
Max Relevance: 1.0174671411514282
Mask active  : 8192.0/8192

Layer        : conv2_layer.2.weight
Sum Omega    : 1434.62890625
Max Fisher   : 1.0
Max Omega    : 1.0
Max Relevance: 1.0112628936767578
Mask active  : 2048.0/4096

Layer        : fc1_layer.0.weight
Sum Omega    : 46343.875
Max Fisher   : 1.0
Max Omega    : 1.0
Max Relevance: 1.317482829093933
Mask active  : 512.0/512

Saving  mask (task#:6)
Mask histogram conv1_layer.2.weight: 	 tensor([   0.,    0.,    0.,    0.,    0.,    0.,    0., 8192.,    0.,    0.],
       device='cuda:0')
Mask histogram conv2_layer.2.weight: 	 tensor([1728.,    0.,   64.,   64.,  128.,  320.,  640., 1152.,    0.,    0.],
       device='cuda:0')
Mask histogram fc1_layer.0.weight: 	 tensor([  0.,   0.,   0.,   0.,   0.,   0.,   0., 512.,   0.,   0.],
       device='cuda:0')
Task: 6,	 Epoch: 0/80,	 Avg.loss: 0.0010,	 Accuracy: 674/1000(67%)
Task: 6,	 Epoch: 1/80,	 Avg.loss: 0.0009,	 Accuracy: 679/1000(68%)
Task: 6,	 Epoch: 2/80,	 Avg.loss: 0.0009,	 Accuracy: 688/1000(69%)
Task: 6,	 Epoch: 3/80,	 Avg.loss: 0.0008,	 Accuracy: 711/1000(71%)
Task: 6,	 Epoch: 4/80,	 Avg.loss: 0.0008,	 Accuracy: 715/1000(72%)
Task: 6,	 Epoch: 5/80,	 Avg.loss: 0.0009,	 Accuracy: 710/1000(71%)
Task: 6,	 Epoch: 6/80,	 Avg.loss: 0.0008,	 Accuracy: 720/1000(72%)
Task: 6,	 Epoch: 7/80,	 Avg.loss: 0.0008,	 Accuracy: 716/1000(72%)
Task: 6,	 Epoch: 8/80,	 Avg.loss: 0.0009,	 Accuracy: 705/1000(70%)
Task: 6,	 Epoch: 9/80,	 Avg.loss: 0.0008,	 Accuracy: 719/1000(72%)
Task: 6,	 Epoch: 10/80,	 Avg.loss: 0.0008,	 Accuracy: 710/1000(71%)
Task: 6,	 Epoch: 11/80,	 Avg.loss: 0.0008,	 Accuracy: 731/1000(73%)
Task: 6,	 Epoch: 12/80,	 Avg.loss: 0.0008,	 Accuracy: 709/1000(71%)
Task: 6,	 Epoch: 13/80,	 Avg.loss: 0.0008,	 Accuracy: 708/1000(71%)
Task: 6,	 Epoch: 14/80,	 Avg.loss: 0.0008,	 Accuracy: 731/1000(73%)
Task: 6,	 Epoch: 15/80,	 Avg.loss: 0.0008,	 Accuracy: 718/1000(72%)
Task: 6,	 Epoch: 16/80,	 Avg.loss: 0.0008,	 Accuracy: 728/1000(73%)
Task: 6,	 Epoch: 17/80,	 Avg.loss: 0.0008,	 Accuracy: 724/1000(72%)
Task: 6,	 Epoch: 18/80,	 Avg.loss: 0.0008,	 Accuracy: 729/1000(73%)
Task: 6,	 Epoch: 19/80,	 Avg.loss: 0.0008,	 Accuracy: 722/1000(72%)
Task: 6,	 Epoch: 20/80,	 Avg.loss: 0.0008,	 Accuracy: 717/1000(72%)
Task: 6,	 Epoch: 21/80,	 Avg.loss: 0.0008,	 Accuracy: 722/1000(72%)
Task: 6,	 Epoch: 22/80,	 Avg.loss: 0.0008,	 Accuracy: 737/1000(74%)
Task: 6,	 Epoch: 23/80,	 Avg.loss: 0.0008,	 Accuracy: 729/1000(73%)
Task: 6,	 Epoch: 24/80,	 Avg.loss: 0.0008,	 Accuracy: 725/1000(72%)
Task: 6,	 Epoch: 25/80,	 Avg.loss: 0.0008,	 Accuracy: 725/1000(72%)
Task: 6,	 Epoch: 26/80,	 Avg.loss: 0.0008,	 Accuracy: 734/1000(73%)
Task: 6,	 Epoch: 27/80,	 Avg.loss: 0.0008,	 Accuracy: 733/1000(73%)
Task: 6,	 Epoch: 28/80,	 Avg.loss: 0.0008,	 Accuracy: 736/1000(74%)
Task: 6,	 Epoch: 29/80,	 Avg.loss: 0.0008,	 Accuracy: 738/1000(74%)
Task: 6,	 Epoch: 30/80,	 Avg.loss: 0.0008,	 Accuracy: 739/1000(74%)
Task: 6,	 Epoch: 31/80,	 Avg.loss: 0.0008,	 Accuracy: 725/1000(72%)
Task: 6,	 Epoch: 32/80,	 Avg.loss: 0.0008,	 Accuracy: 737/1000(74%)
Task: 6,	 Epoch: 33/80,	 Avg.loss: 0.0008,	 Accuracy: 729/1000(73%)
Task: 6,	 Epoch: 34/80,	 Avg.loss: 0.0008,	 Accuracy: 726/1000(73%)
Task: 6,	 Epoch: 35/80,	 Avg.loss: 0.0008,	 Accuracy: 735/1000(74%)
Task: 6,	 Epoch: 36/80,	 Avg.loss: 0.0008,	 Accuracy: 734/1000(73%)
Task: 6,	 Epoch: 37/80,	 Avg.loss: 0.0008,	 Accuracy: 733/1000(73%)
Task: 6,	 Epoch: 38/80,	 Avg.loss: 0.0009,	 Accuracy: 722/1000(72%)
Task: 6,	 Epoch: 39/80,	 Avg.loss: 0.0008,	 Accuracy: 743/1000(74%)
Task: 6,	 Epoch: 40/80,	 Avg.loss: 0.0008,	 Accuracy: 723/1000(72%)
Task: 6,	 Epoch: 41/80,	 Avg.loss: 0.0008,	 Accuracy: 729/1000(73%)
Task: 6,	 Epoch: 42/80,	 Avg.loss: 0.0009,	 Accuracy: 736/1000(74%)
Task: 6,	 Epoch: 43/80,	 Avg.loss: 0.0008,	 Accuracy: 731/1000(73%)
Task: 6,	 Epoch: 44/80,	 Avg.loss: 0.0008,	 Accuracy: 737/1000(74%)
Task: 6,	 Epoch: 45/80,	 Avg.loss: 0.0008,	 Accuracy: 733/1000(73%)
Task: 6,	 Epoch: 46/80,	 Avg.loss: 0.0008,	 Accuracy: 732/1000(73%)
Task: 6,	 Epoch: 47/80,	 Avg.loss: 0.0009,	 Accuracy: 718/1000(72%)
Task: 6,	 Epoch: 48/80,	 Avg.loss: 0.0008,	 Accuracy: 730/1000(73%)
Task: 6,	 Epoch: 49/80,	 Avg.loss: 0.0008,	 Accuracy: 736/1000(74%)
Task: 6,	 Epoch: 50/80,	 Avg.loss: 0.0007,	 Accuracy: 740/1000(74%)
Task: 6,	 Epoch: 51/80,	 Avg.loss: 0.0007,	 Accuracy: 745/1000(74%)
Task: 6,	 Epoch: 52/80,	 Avg.loss: 0.0007,	 Accuracy: 735/1000(74%)
Task: 6,	 Epoch: 53/80,	 Avg.loss: 0.0007,	 Accuracy: 733/1000(73%)
Task: 6,	 Epoch: 54/80,	 Avg.loss: 0.0008,	 Accuracy: 737/1000(74%)
Task: 6,	 Epoch: 55/80,	 Avg.loss: 0.0007,	 Accuracy: 741/1000(74%)
Task: 6,	 Epoch: 56/80,	 Avg.loss: 0.0008,	 Accuracy: 736/1000(74%)
Task: 6,	 Epoch: 57/80,	 Avg.loss: 0.0008,	 Accuracy: 728/1000(73%)
Task: 6,	 Epoch: 58/80,	 Avg.loss: 0.0007,	 Accuracy: 738/1000(74%)
Task: 6,	 Epoch: 59/80,	 Avg.loss: 0.0007,	 Accuracy: 741/1000(74%)
Task: 6,	 Epoch: 60/80,	 Avg.loss: 0.0008,	 Accuracy: 744/1000(74%)
Task: 6,	 Epoch: 61/80,	 Avg.loss: 0.0008,	 Accuracy: 739/1000(74%)
Task: 6,	 Epoch: 62/80,	 Avg.loss: 0.0007,	 Accuracy: 748/1000(75%)
Task: 6,	 Epoch: 63/80,	 Avg.loss: 0.0008,	 Accuracy: 744/1000(74%)
Task: 6,	 Epoch: 64/80,	 Avg.loss: 0.0007,	 Accuracy: 736/1000(74%)
Task: 6,	 Epoch: 65/80,	 Avg.loss: 0.0007,	 Accuracy: 750/1000(75%)
Task: 6,	 Epoch: 66/80,	 Avg.loss: 0.0008,	 Accuracy: 739/1000(74%)
Task: 6,	 Epoch: 67/80,	 Avg.loss: 0.0008,	 Accuracy: 744/1000(74%)
Task: 6,	 Epoch: 68/80,	 Avg.loss: 0.0008,	 Accuracy: 740/1000(74%)
Task: 6,	 Epoch: 69/80,	 Avg.loss: 0.0008,	 Accuracy: 744/1000(74%)
Task: 6,	 Epoch: 70/80,	 Avg.loss: 0.0008,	 Accuracy: 741/1000(74%)
Task: 6,	 Epoch: 71/80,	 Avg.loss: 0.0008,	 Accuracy: 739/1000(74%)
Task: 6,	 Epoch: 72/80,	 Avg.loss: 0.0007,	 Accuracy: 743/1000(74%)
Task: 6,	 Epoch: 73/80,	 Avg.loss: 0.0008,	 Accuracy: 738/1000(74%)
Task: 6,	 Epoch: 74/80,	 Avg.loss: 0.0008,	 Accuracy: 746/1000(75%)
Task: 6,	 Epoch: 75/80,	 Avg.loss: 0.0008,	 Accuracy: 744/1000(74%)
Task: 6,	 Epoch: 76/80,	 Avg.loss: 0.0007,	 Accuracy: 734/1000(73%)
Task: 6,	 Epoch: 77/80,	 Avg.loss: 0.0008,	 Accuracy: 750/1000(75%)
Task: 6,	 Epoch: 78/80,	 Avg.loss: 0.0008,	 Accuracy: 740/1000(74%)
Task: 6,	 Epoch: 79/80,	 Avg.loss: 0.0007,	 Accuracy: 737/1000(74%)
Saving head (task#: 6)
Computing MAS
Loading head (task#:0)
Loading mask (task#:0)
Files already downloaded and verified
Files already downloaded and verified
Task: 0,	 Epoch: -1/80,	 Avg.loss: 0.0012,	 Accuracy: 828/1000(83%)
Trained Task:6, Loaded task:0, Accuracy:82.8%
Loading head (task#:1)
Loading mask (task#:1)
Files already downloaded and verified
Files already downloaded and verified
Task: 1,	 Epoch: -1/80,	 Avg.loss: 0.0013,	 Accuracy: 733/1000(73%)
Trained Task:6, Loaded task:1, Accuracy:73.3%
Loading head (task#:2)
Loading mask (task#:2)
Files already downloaded and verified
Files already downloaded and verified
Task: 2,	 Epoch: -1/80,	 Avg.loss: 0.0010,	 Accuracy: 767/1000(77%)
Trained Task:6, Loaded task:2, Accuracy:76.7%
Loading head (task#:3)
Loading mask (task#:3)
Files already downloaded and verified
Files already downloaded and verified
Task: 3,	 Epoch: -1/80,	 Avg.loss: 0.0013,	 Accuracy: 666/1000(67%)
Trained Task:6, Loaded task:3, Accuracy:66.6%
Loading head (task#:4)
Loading mask (task#:4)
Files already downloaded and verified
Files already downloaded and verified
Task: 4,	 Epoch: -1/80,	 Avg.loss: 0.0008,	 Accuracy: 783/1000(78%)
Trained Task:6, Loaded task:4, Accuracy:78.3%
Loading head (task#:5)
Loading mask (task#:5)
Files already downloaded and verified
Files already downloaded and verified
Task: 5,	 Epoch: -1/80,	 Avg.loss: 0.0007,	 Accuracy: 771/1000(77%)
Trained Task:6, Loaded task:5, Accuracy:77.1%
Loading head (task#:6)
Loading mask (task#:6)
Files already downloaded and verified
Files already downloaded and verified
Task: 6,	 Epoch: -1/80,	 Avg.loss: 0.0007,	 Accuracy: 737/1000(74%)
Trained Task:6, Loaded task:6, Accuracy:73.7%
Files already downloaded and verified
Files already downloaded and verified
Layer        : conv1_layer.2.weight
Sum Omega    : 767.751708984375
Max Fisher   : 1.0
Max Omega    : 1.0
Max Relevance: 1.2280632257461548
Mask active  : 8192.0/8192

Layer        : conv2_layer.2.weight
Sum Omega    : 1442.159423828125
Max Fisher   : 1.0
Max Omega    : 1.0
Max Relevance: 1.2396016120910645
Mask active  : 2048.0/4096

Layer        : fc1_layer.0.weight
Sum Omega    : 48702.03125
Max Fisher   : 1.0
Max Omega    : 1.0
Max Relevance: 1.487167239189148
Mask active  : 512.0/512

Saving  mask (task#:7)
Mask histogram conv1_layer.2.weight: 	 tensor([   0.,    0.,    0.,    0.,    0.,    0.,    0.,    0., 8192.,    0.],
       device='cuda:0')
Mask histogram conv2_layer.2.weight: 	 tensor([1728.,    0.,   64.,    0.,  128.,   64.,  384.,  704., 1024.,    0.],
       device='cuda:0')
Mask histogram fc1_layer.0.weight: 	 tensor([  0.,   0.,   0.,   0.,   0.,   0.,   0.,   0., 512.,   0.],
       device='cuda:0')
Task: 7,	 Epoch: 0/80,	 Avg.loss: 0.0012,	 Accuracy: 618/1000(62%)
Task: 7,	 Epoch: 1/80,	 Avg.loss: 0.0011,	 Accuracy: 638/1000(64%)
Task: 7,	 Epoch: 2/80,	 Avg.loss: 0.0010,	 Accuracy: 676/1000(68%)
Task: 7,	 Epoch: 3/80,	 Avg.loss: 0.0010,	 Accuracy: 682/1000(68%)
Task: 7,	 Epoch: 4/80,	 Avg.loss: 0.0010,	 Accuracy: 670/1000(67%)
Task: 7,	 Epoch: 5/80,	 Avg.loss: 0.0009,	 Accuracy: 708/1000(71%)
Task: 7,	 Epoch: 6/80,	 Avg.loss: 0.0009,	 Accuracy: 685/1000(68%)
Task: 7,	 Epoch: 7/80,	 Avg.loss: 0.0009,	 Accuracy: 715/1000(72%)
Task: 7,	 Epoch: 8/80,	 Avg.loss: 0.0010,	 Accuracy: 689/1000(69%)
Task: 7,	 Epoch: 9/80,	 Avg.loss: 0.0009,	 Accuracy: 698/1000(70%)
Task: 7,	 Epoch: 10/80,	 Avg.loss: 0.0009,	 Accuracy: 716/1000(72%)
Task: 7,	 Epoch: 11/80,	 Avg.loss: 0.0009,	 Accuracy: 708/1000(71%)
Task: 7,	 Epoch: 12/80,	 Avg.loss: 0.0009,	 Accuracy: 708/1000(71%)
Task: 7,	 Epoch: 13/80,	 Avg.loss: 0.0009,	 Accuracy: 706/1000(71%)
Task: 7,	 Epoch: 14/80,	 Avg.loss: 0.0009,	 Accuracy: 717/1000(72%)
Task: 7,	 Epoch: 15/80,	 Avg.loss: 0.0009,	 Accuracy: 717/1000(72%)
Task: 7,	 Epoch: 16/80,	 Avg.loss: 0.0009,	 Accuracy: 707/1000(71%)
Task: 7,	 Epoch: 17/80,	 Avg.loss: 0.0009,	 Accuracy: 699/1000(70%)
Task: 7,	 Epoch: 18/80,	 Avg.loss: 0.0009,	 Accuracy: 701/1000(70%)
Task: 7,	 Epoch: 19/80,	 Avg.loss: 0.0010,	 Accuracy: 689/1000(69%)
Task: 7,	 Epoch: 20/80,	 Avg.loss: 0.0009,	 Accuracy: 712/1000(71%)
Task: 7,	 Epoch: 21/80,	 Avg.loss: 0.0009,	 Accuracy: 725/1000(72%)
Task: 7,	 Epoch: 22/80,	 Avg.loss: 0.0009,	 Accuracy: 713/1000(71%)
Task: 7,	 Epoch: 23/80,	 Avg.loss: 0.0009,	 Accuracy: 688/1000(69%)
Task: 7,	 Epoch: 24/80,	 Avg.loss: 0.0009,	 Accuracy: 707/1000(71%)
Task: 7,	 Epoch: 25/80,	 Avg.loss: 0.0009,	 Accuracy: 723/1000(72%)
Task: 7,	 Epoch: 26/80,	 Avg.loss: 0.0009,	 Accuracy: 705/1000(70%)
Task: 7,	 Epoch: 27/80,	 Avg.loss: 0.0010,	 Accuracy: 683/1000(68%)
Task: 7,	 Epoch: 28/80,	 Avg.loss: 0.0009,	 Accuracy: 701/1000(70%)
Task: 7,	 Epoch: 29/80,	 Avg.loss: 0.0008,	 Accuracy: 726/1000(73%)
Task: 7,	 Epoch: 30/80,	 Avg.loss: 0.0009,	 Accuracy: 730/1000(73%)
Task: 7,	 Epoch: 31/80,	 Avg.loss: 0.0009,	 Accuracy: 700/1000(70%)
Task: 7,	 Epoch: 32/80,	 Avg.loss: 0.0009,	 Accuracy: 711/1000(71%)
Task: 7,	 Epoch: 33/80,	 Avg.loss: 0.0009,	 Accuracy: 722/1000(72%)
Task: 7,	 Epoch: 34/80,	 Avg.loss: 0.0009,	 Accuracy: 718/1000(72%)
Task: 7,	 Epoch: 35/80,	 Avg.loss: 0.0010,	 Accuracy: 692/1000(69%)
Task: 7,	 Epoch: 36/80,	 Avg.loss: 0.0009,	 Accuracy: 706/1000(71%)
Task: 7,	 Epoch: 37/80,	 Avg.loss: 0.0009,	 Accuracy: 694/1000(69%)
Task: 7,	 Epoch: 38/80,	 Avg.loss: 0.0009,	 Accuracy: 691/1000(69%)
Task: 7,	 Epoch: 39/80,	 Avg.loss: 0.0009,	 Accuracy: 716/1000(72%)
Task: 7,	 Epoch: 40/80,	 Avg.loss: 0.0009,	 Accuracy: 717/1000(72%)
Task: 7,	 Epoch: 41/80,	 Avg.loss: 0.0009,	 Accuracy: 721/1000(72%)
Task: 7,	 Epoch: 42/80,	 Avg.loss: 0.0009,	 Accuracy: 718/1000(72%)
Task: 7,	 Epoch: 43/80,	 Avg.loss: 0.0009,	 Accuracy: 712/1000(71%)
Task: 7,	 Epoch: 44/80,	 Avg.loss: 0.0009,	 Accuracy: 722/1000(72%)
Task: 7,	 Epoch: 45/80,	 Avg.loss: 0.0009,	 Accuracy: 724/1000(72%)
Task: 7,	 Epoch: 46/80,	 Avg.loss: 0.0009,	 Accuracy: 708/1000(71%)
Task: 7,	 Epoch: 47/80,	 Avg.loss: 0.0009,	 Accuracy: 714/1000(71%)
Task: 7,	 Epoch: 48/80,	 Avg.loss: 0.0009,	 Accuracy: 708/1000(71%)
Task: 7,	 Epoch: 49/80,	 Avg.loss: 0.0009,	 Accuracy: 703/1000(70%)
Task: 7,	 Epoch: 50/80,	 Avg.loss: 0.0008,	 Accuracy: 727/1000(73%)
Task: 7,	 Epoch: 51/80,	 Avg.loss: 0.0008,	 Accuracy: 736/1000(74%)
Task: 7,	 Epoch: 52/80,	 Avg.loss: 0.0008,	 Accuracy: 735/1000(74%)
Task: 7,	 Epoch: 53/80,	 Avg.loss: 0.0008,	 Accuracy: 734/1000(73%)
Task: 7,	 Epoch: 54/80,	 Avg.loss: 0.0008,	 Accuracy: 733/1000(73%)
Task: 7,	 Epoch: 55/80,	 Avg.loss: 0.0008,	 Accuracy: 745/1000(74%)
Task: 7,	 Epoch: 56/80,	 Avg.loss: 0.0008,	 Accuracy: 738/1000(74%)
Task: 7,	 Epoch: 57/80,	 Avg.loss: 0.0008,	 Accuracy: 733/1000(73%)
Task: 7,	 Epoch: 58/80,	 Avg.loss: 0.0008,	 Accuracy: 738/1000(74%)
Task: 7,	 Epoch: 59/80,	 Avg.loss: 0.0008,	 Accuracy: 739/1000(74%)
Task: 7,	 Epoch: 60/80,	 Avg.loss: 0.0008,	 Accuracy: 742/1000(74%)
Task: 7,	 Epoch: 61/80,	 Avg.loss: 0.0008,	 Accuracy: 735/1000(74%)
Task: 7,	 Epoch: 62/80,	 Avg.loss: 0.0008,	 Accuracy: 734/1000(73%)
Task: 7,	 Epoch: 63/80,	 Avg.loss: 0.0008,	 Accuracy: 734/1000(73%)
Task: 7,	 Epoch: 64/80,	 Avg.loss: 0.0008,	 Accuracy: 732/1000(73%)
Task: 7,	 Epoch: 65/80,	 Avg.loss: 0.0008,	 Accuracy: 732/1000(73%)
Task: 7,	 Epoch: 66/80,	 Avg.loss: 0.0008,	 Accuracy: 736/1000(74%)
Task: 7,	 Epoch: 67/80,	 Avg.loss: 0.0008,	 Accuracy: 745/1000(74%)
Task: 7,	 Epoch: 68/80,	 Avg.loss: 0.0008,	 Accuracy: 736/1000(74%)
Task: 7,	 Epoch: 69/80,	 Avg.loss: 0.0008,	 Accuracy: 739/1000(74%)
Task: 7,	 Epoch: 70/80,	 Avg.loss: 0.0008,	 Accuracy: 730/1000(73%)
Task: 7,	 Epoch: 71/80,	 Avg.loss: 0.0008,	 Accuracy: 739/1000(74%)
Task: 7,	 Epoch: 72/80,	 Avg.loss: 0.0008,	 Accuracy: 739/1000(74%)
Task: 7,	 Epoch: 73/80,	 Avg.loss: 0.0008,	 Accuracy: 738/1000(74%)
Task: 7,	 Epoch: 74/80,	 Avg.loss: 0.0008,	 Accuracy: 742/1000(74%)
Task: 7,	 Epoch: 75/80,	 Avg.loss: 0.0008,	 Accuracy: 738/1000(74%)
Task: 7,	 Epoch: 76/80,	 Avg.loss: 0.0008,	 Accuracy: 743/1000(74%)
Task: 7,	 Epoch: 77/80,	 Avg.loss: 0.0008,	 Accuracy: 739/1000(74%)
Task: 7,	 Epoch: 78/80,	 Avg.loss: 0.0008,	 Accuracy: 737/1000(74%)
Task: 7,	 Epoch: 79/80,	 Avg.loss: 0.0008,	 Accuracy: 733/1000(73%)
Saving head (task#: 7)
Computing MAS
Loading head (task#:0)
Loading mask (task#:0)
Files already downloaded and verified
Files already downloaded and verified
Task: 0,	 Epoch: -1/80,	 Avg.loss: 0.0012,	 Accuracy: 825/1000(83%)
Trained Task:7, Loaded task:0, Accuracy:82.5%
Loading head (task#:1)
Loading mask (task#:1)
Files already downloaded and verified
Files already downloaded and verified
Task: 1,	 Epoch: -1/80,	 Avg.loss: 0.0013,	 Accuracy: 743/1000(74%)
Trained Task:7, Loaded task:1, Accuracy:74.3%
Loading head (task#:2)
Loading mask (task#:2)
Files already downloaded and verified
Files already downloaded and verified
Task: 2,	 Epoch: -1/80,	 Avg.loss: 0.0012,	 Accuracy: 741/1000(74%)
Trained Task:7, Loaded task:2, Accuracy:74.1%
Loading head (task#:3)
Loading mask (task#:3)
Files already downloaded and verified
Files already downloaded and verified
Task: 3,	 Epoch: -1/80,	 Avg.loss: 0.0012,	 Accuracy: 692/1000(69%)
Trained Task:7, Loaded task:3, Accuracy:69.2%
Loading head (task#:4)
Loading mask (task#:4)
Files already downloaded and verified
Files already downloaded and verified
Task: 4,	 Epoch: -1/80,	 Avg.loss: 0.0008,	 Accuracy: 780/1000(78%)
Trained Task:7, Loaded task:4, Accuracy:78.0%
Loading head (task#:5)
Loading mask (task#:5)
Files already downloaded and verified
Files already downloaded and verified
Task: 5,	 Epoch: -1/80,	 Avg.loss: 0.0008,	 Accuracy: 747/1000(75%)
Trained Task:7, Loaded task:5, Accuracy:74.7%
Loading head (task#:6)
Loading mask (task#:6)
Files already downloaded and verified
Files already downloaded and verified
Task: 6,	 Epoch: -1/80,	 Avg.loss: 0.0008,	 Accuracy: 727/1000(73%)
Trained Task:7, Loaded task:6, Accuracy:72.7%
Loading head (task#:7)
Loading mask (task#:7)
Files already downloaded and verified
Files already downloaded and verified
Task: 7,	 Epoch: -1/80,	 Avg.loss: 0.0008,	 Accuracy: 733/1000(73%)
Trained Task:7, Loaded task:7, Accuracy:73.3%
Files already downloaded and verified
Files already downloaded and verified
Layer        : conv1_layer.2.weight
Sum Omega    : 780.6402587890625
Max Fisher   : 1.0
Max Omega    : 1.0
Max Relevance: 1.598313570022583
Mask active  : 8192.0/8192

Layer        : conv2_layer.2.weight
Sum Omega    : 1492.357421875
Max Fisher   : 1.0
Max Omega    : 1.0
Max Relevance: 1.3185621500015259
Mask active  : 2048.0/4096

Layer        : fc1_layer.0.weight
Sum Omega    : 50072.40234375
Max Fisher   : 1.0
Max Omega    : 1.0
Max Relevance: 1.4271907806396484
Mask active  : 512.0/512

Saving  mask (task#:8)
Mask histogram conv1_layer.2.weight: 	 tensor([   0.,    0.,    0.,    0.,    0.,    0.,    0.,    0.,    0., 8192.],
       device='cuda:0')
Mask histogram conv2_layer.2.weight: 	 tensor([1728.,    0.,   64.,    0.,   64.,   64.,   64.,  512.,  640.,  960.],
       device='cuda:0')
Mask histogram fc1_layer.0.weight: 	 tensor([  0.,   0.,   0.,   0.,   0.,   0.,   0.,   0.,   0., 512.],
       device='cuda:0')
Task: 8,	 Epoch: 0/80,	 Avg.loss: 0.0010,	 Accuracy: 677/1000(68%)
Task: 8,	 Epoch: 1/80,	 Avg.loss: 0.0010,	 Accuracy: 695/1000(70%)
Task: 8,	 Epoch: 2/80,	 Avg.loss: 0.0010,	 Accuracy: 688/1000(69%)
Task: 8,	 Epoch: 3/80,	 Avg.loss: 0.0009,	 Accuracy: 716/1000(72%)
Task: 8,	 Epoch: 4/80,	 Avg.loss: 0.0009,	 Accuracy: 710/1000(71%)
Task: 8,	 Epoch: 5/80,	 Avg.loss: 0.0008,	 Accuracy: 733/1000(73%)
Task: 8,	 Epoch: 6/80,	 Avg.loss: 0.0008,	 Accuracy: 731/1000(73%)
Task: 8,	 Epoch: 7/80,	 Avg.loss: 0.0008,	 Accuracy: 740/1000(74%)
Task: 8,	 Epoch: 8/80,	 Avg.loss: 0.0008,	 Accuracy: 726/1000(73%)
Task: 8,	 Epoch: 9/80,	 Avg.loss: 0.0007,	 Accuracy: 749/1000(75%)
Task: 8,	 Epoch: 10/80,	 Avg.loss: 0.0007,	 Accuracy: 750/1000(75%)
Task: 8,	 Epoch: 11/80,	 Avg.loss: 0.0008,	 Accuracy: 736/1000(74%)
Task: 8,	 Epoch: 12/80,	 Avg.loss: 0.0007,	 Accuracy: 752/1000(75%)
Task: 8,	 Epoch: 13/80,	 Avg.loss: 0.0007,	 Accuracy: 748/1000(75%)
Task: 8,	 Epoch: 14/80,	 Avg.loss: 0.0007,	 Accuracy: 760/1000(76%)
Task: 8,	 Epoch: 15/80,	 Avg.loss: 0.0008,	 Accuracy: 742/1000(74%)
Task: 8,	 Epoch: 16/80,	 Avg.loss: 0.0008,	 Accuracy: 754/1000(75%)
Task: 8,	 Epoch: 17/80,	 Avg.loss: 0.0007,	 Accuracy: 762/1000(76%)
Task: 8,	 Epoch: 18/80,	 Avg.loss: 0.0008,	 Accuracy: 746/1000(75%)
Task: 8,	 Epoch: 19/80,	 Avg.loss: 0.0008,	 Accuracy: 758/1000(76%)
Task: 8,	 Epoch: 20/80,	 Avg.loss: 0.0007,	 Accuracy: 759/1000(76%)
Task: 8,	 Epoch: 21/80,	 Avg.loss: 0.0007,	 Accuracy: 755/1000(76%)
Task: 8,	 Epoch: 22/80,	 Avg.loss: 0.0007,	 Accuracy: 762/1000(76%)
Task: 8,	 Epoch: 23/80,	 Avg.loss: 0.0007,	 Accuracy: 767/1000(77%)
Task: 8,	 Epoch: 24/80,	 Avg.loss: 0.0007,	 Accuracy: 768/1000(77%)
Task: 8,	 Epoch: 25/80,	 Avg.loss: 0.0007,	 Accuracy: 773/1000(77%)
Task: 8,	 Epoch: 26/80,	 Avg.loss: 0.0008,	 Accuracy: 740/1000(74%)
Task: 8,	 Epoch: 27/80,	 Avg.loss: 0.0008,	 Accuracy: 764/1000(76%)
Task: 8,	 Epoch: 28/80,	 Avg.loss: 0.0007,	 Accuracy: 755/1000(76%)
Task: 8,	 Epoch: 29/80,	 Avg.loss: 0.0007,	 Accuracy: 759/1000(76%)
Task: 8,	 Epoch: 30/80,	 Avg.loss: 0.0007,	 Accuracy: 763/1000(76%)
Task: 8,	 Epoch: 31/80,	 Avg.loss: 0.0007,	 Accuracy: 761/1000(76%)
Task: 8,	 Epoch: 32/80,	 Avg.loss: 0.0008,	 Accuracy: 732/1000(73%)
Task: 8,	 Epoch: 33/80,	 Avg.loss: 0.0007,	 Accuracy: 762/1000(76%)
Task: 8,	 Epoch: 34/80,	 Avg.loss: 0.0007,	 Accuracy: 764/1000(76%)
Task: 8,	 Epoch: 35/80,	 Avg.loss: 0.0007,	 Accuracy: 760/1000(76%)
Task: 8,	 Epoch: 36/80,	 Avg.loss: 0.0008,	 Accuracy: 760/1000(76%)
Task: 8,	 Epoch: 37/80,	 Avg.loss: 0.0007,	 Accuracy: 751/1000(75%)
Task: 8,	 Epoch: 38/80,	 Avg.loss: 0.0008,	 Accuracy: 759/1000(76%)
Task: 8,	 Epoch: 39/80,	 Avg.loss: 0.0008,	 Accuracy: 747/1000(75%)
Task: 8,	 Epoch: 40/80,	 Avg.loss: 0.0007,	 Accuracy: 764/1000(76%)
Task: 8,	 Epoch: 41/80,	 Avg.loss: 0.0008,	 Accuracy: 750/1000(75%)
Task: 8,	 Epoch: 42/80,	 Avg.loss: 0.0007,	 Accuracy: 759/1000(76%)
Task: 8,	 Epoch: 43/80,	 Avg.loss: 0.0007,	 Accuracy: 763/1000(76%)
Task: 8,	 Epoch: 44/80,	 Avg.loss: 0.0008,	 Accuracy: 763/1000(76%)
Task: 8,	 Epoch: 45/80,	 Avg.loss: 0.0007,	 Accuracy: 760/1000(76%)
Task: 8,	 Epoch: 46/80,	 Avg.loss: 0.0008,	 Accuracy: 743/1000(74%)
Task: 8,	 Epoch: 47/80,	 Avg.loss: 0.0007,	 Accuracy: 755/1000(76%)
Task: 8,	 Epoch: 48/80,	 Avg.loss: 0.0007,	 Accuracy: 756/1000(76%)
Task: 8,	 Epoch: 49/80,	 Avg.loss: 0.0007,	 Accuracy: 774/1000(77%)
Task: 8,	 Epoch: 50/80,	 Avg.loss: 0.0007,	 Accuracy: 781/1000(78%)
Task: 8,	 Epoch: 51/80,	 Avg.loss: 0.0007,	 Accuracy: 781/1000(78%)
Task: 8,	 Epoch: 52/80,	 Avg.loss: 0.0007,	 Accuracy: 776/1000(78%)
Task: 8,	 Epoch: 53/80,	 Avg.loss: 0.0007,	 Accuracy: 779/1000(78%)
Task: 8,	 Epoch: 54/80,	 Avg.loss: 0.0007,	 Accuracy: 776/1000(78%)
Task: 8,	 Epoch: 55/80,	 Avg.loss: 0.0007,	 Accuracy: 786/1000(79%)
Task: 8,	 Epoch: 56/80,	 Avg.loss: 0.0007,	 Accuracy: 778/1000(78%)
Task: 8,	 Epoch: 57/80,	 Avg.loss: 0.0007,	 Accuracy: 784/1000(78%)
Task: 8,	 Epoch: 58/80,	 Avg.loss: 0.0007,	 Accuracy: 780/1000(78%)
Task: 8,	 Epoch: 59/80,	 Avg.loss: 0.0007,	 Accuracy: 783/1000(78%)
Task: 8,	 Epoch: 60/80,	 Avg.loss: 0.0007,	 Accuracy: 784/1000(78%)
Task: 8,	 Epoch: 61/80,	 Avg.loss: 0.0007,	 Accuracy: 781/1000(78%)
Task: 8,	 Epoch: 62/80,	 Avg.loss: 0.0007,	 Accuracy: 781/1000(78%)
Task: 8,	 Epoch: 63/80,	 Avg.loss: 0.0007,	 Accuracy: 787/1000(79%)
Task: 8,	 Epoch: 64/80,	 Avg.loss: 0.0007,	 Accuracy: 793/1000(79%)
Task: 8,	 Epoch: 65/80,	 Avg.loss: 0.0007,	 Accuracy: 787/1000(79%)
Task: 8,	 Epoch: 66/80,	 Avg.loss: 0.0007,	 Accuracy: 785/1000(78%)
Task: 8,	 Epoch: 67/80,	 Avg.loss: 0.0007,	 Accuracy: 787/1000(79%)
Task: 8,	 Epoch: 68/80,	 Avg.loss: 0.0007,	 Accuracy: 787/1000(79%)
Task: 8,	 Epoch: 69/80,	 Avg.loss: 0.0007,	 Accuracy: 780/1000(78%)
Task: 8,	 Epoch: 70/80,	 Avg.loss: 0.0007,	 Accuracy: 789/1000(79%)
Task: 8,	 Epoch: 71/80,	 Avg.loss: 0.0007,	 Accuracy: 778/1000(78%)
Task: 8,	 Epoch: 72/80,	 Avg.loss: 0.0007,	 Accuracy: 781/1000(78%)
Task: 8,	 Epoch: 73/80,	 Avg.loss: 0.0007,	 Accuracy: 774/1000(77%)
Task: 8,	 Epoch: 74/80,	 Avg.loss: 0.0007,	 Accuracy: 783/1000(78%)
Task: 8,	 Epoch: 75/80,	 Avg.loss: 0.0007,	 Accuracy: 781/1000(78%)
Task: 8,	 Epoch: 76/80,	 Avg.loss: 0.0007,	 Accuracy: 783/1000(78%)
Task: 8,	 Epoch: 77/80,	 Avg.loss: 0.0007,	 Accuracy: 784/1000(78%)
Task: 8,	 Epoch: 78/80,	 Avg.loss: 0.0007,	 Accuracy: 782/1000(78%)
Task: 8,	 Epoch: 79/80,	 Avg.loss: 0.0007,	 Accuracy: 781/1000(78%)
Saving head (task#: 8)
Computing MAS
Loading head (task#:0)
Loading mask (task#:0)
Files already downloaded and verified
Files already downloaded and verified
Task: 0,	 Epoch: -1/80,	 Avg.loss: 0.0013,	 Accuracy: 821/1000(82%)
Trained Task:8, Loaded task:0, Accuracy:82.1%
Loading head (task#:1)
Loading mask (task#:1)
Files already downloaded and verified
Files already downloaded and verified
Task: 1,	 Epoch: -1/80,	 Avg.loss: 0.0015,	 Accuracy: 711/1000(71%)
Trained Task:8, Loaded task:1, Accuracy:71.1%
Loading head (task#:2)
Loading mask (task#:2)
Files already downloaded and verified
Files already downloaded and verified
Task: 2,	 Epoch: -1/80,	 Avg.loss: 0.0013,	 Accuracy: 758/1000(76%)
Trained Task:8, Loaded task:2, Accuracy:75.8%
Loading head (task#:3)
Loading mask (task#:3)
Files already downloaded and verified
Files already downloaded and verified
Task: 3,	 Epoch: -1/80,	 Avg.loss: 0.0015,	 Accuracy: 663/1000(66%)
Trained Task:8, Loaded task:3, Accuracy:66.3%
Loading head (task#:4)
Loading mask (task#:4)
Files already downloaded and verified
Files already downloaded and verified
Task: 4,	 Epoch: -1/80,	 Avg.loss: 0.0009,	 Accuracy: 782/1000(78%)
Trained Task:8, Loaded task:4, Accuracy:78.2%
Loading head (task#:5)
Loading mask (task#:5)
Files already downloaded and verified
Files already downloaded and verified
Task: 5,	 Epoch: -1/80,	 Avg.loss: 0.0008,	 Accuracy: 750/1000(75%)
Trained Task:8, Loaded task:5, Accuracy:75.0%
Loading head (task#:6)
Loading mask (task#:6)
Files already downloaded and verified
Files already downloaded and verified
Task: 6,	 Epoch: -1/80,	 Avg.loss: 0.0008,	 Accuracy: 730/1000(73%)
Trained Task:8, Loaded task:6, Accuracy:73.0%
Loading head (task#:7)
Loading mask (task#:7)
Files already downloaded and verified
Files already downloaded and verified
Task: 7,	 Epoch: -1/80,	 Avg.loss: 0.0009,	 Accuracy: 711/1000(71%)
Trained Task:8, Loaded task:7, Accuracy:71.1%
Loading head (task#:8)
Loading mask (task#:8)
Files already downloaded and verified
Files already downloaded and verified
Task: 8,	 Epoch: -1/80,	 Avg.loss: 0.0007,	 Accuracy: 781/1000(78%)
Trained Task:8, Loaded task:8, Accuracy:78.1%
Files already downloaded and verified
Files already downloaded and verified
Layer        : conv1_layer.2.weight
Sum Omega    : 786.1986083984375
Max Fisher   : 1.0
Max Omega    : 1.0
Max Relevance: 1.015906810760498
Mask active  : 8192.0/8192

Layer        : conv2_layer.2.weight
Sum Omega    : 1482.3863525390625
Max Fisher   : 1.0
Max Omega    : 1.0
Max Relevance: 1.2579262256622314
Mask active  : 2048.0/4096

Layer        : fc1_layer.0.weight
Sum Omega    : 49846.953125
Max Fisher   : 1.0
Max Omega    : 1.0
Max Relevance: 1.5933849811553955
Mask active  : 512.0/512

Saving  mask (task#:9)
Mask histogram conv1_layer.2.weight: 	 tensor([   0.,    0.,    0.,    0.,    0.,    0.,    0.,    0.,    0., 8192.],
       device='cuda:0')
Mask histogram conv2_layer.2.weight: 	 tensor([1728.,    0.,   64.,    0.,   64.,    0.,   64.,  128.,  512., 1536.],
       device='cuda:0')
Mask histogram fc1_layer.0.weight: 	 tensor([  0.,   0.,   0.,   0.,   0.,   0.,   0.,   0.,   0., 512.],
       device='cuda:0')
Task: 9,	 Epoch: 0/80,	 Avg.loss: 0.0009,	 Accuracy: 709/1000(71%)
Task: 9,	 Epoch: 1/80,	 Avg.loss: 0.0009,	 Accuracy: 737/1000(74%)
Task: 9,	 Epoch: 2/80,	 Avg.loss: 0.0007,	 Accuracy: 761/1000(76%)
Task: 9,	 Epoch: 3/80,	 Avg.loss: 0.0008,	 Accuracy: 780/1000(78%)
Task: 9,	 Epoch: 4/80,	 Avg.loss: 0.0007,	 Accuracy: 775/1000(78%)
Task: 9,	 Epoch: 5/80,	 Avg.loss: 0.0007,	 Accuracy: 773/1000(77%)
Task: 9,	 Epoch: 6/80,	 Avg.loss: 0.0007,	 Accuracy: 783/1000(78%)
Task: 9,	 Epoch: 7/80,	 Avg.loss: 0.0007,	 Accuracy: 777/1000(78%)
Task: 9,	 Epoch: 8/80,	 Avg.loss: 0.0007,	 Accuracy: 793/1000(79%)
Task: 9,	 Epoch: 9/80,	 Avg.loss: 0.0007,	 Accuracy: 794/1000(79%)
Task: 9,	 Epoch: 10/80,	 Avg.loss: 0.0007,	 Accuracy: 800/1000(80%)
Task: 9,	 Epoch: 11/80,	 Avg.loss: 0.0006,	 Accuracy: 805/1000(81%)
Task: 9,	 Epoch: 12/80,	 Avg.loss: 0.0007,	 Accuracy: 777/1000(78%)
Task: 9,	 Epoch: 13/80,	 Avg.loss: 0.0007,	 Accuracy: 800/1000(80%)
Task: 9,	 Epoch: 14/80,	 Avg.loss: 0.0007,	 Accuracy: 782/1000(78%)
Task: 9,	 Epoch: 15/80,	 Avg.loss: 0.0007,	 Accuracy: 790/1000(79%)
Task: 9,	 Epoch: 16/80,	 Avg.loss: 0.0006,	 Accuracy: 796/1000(80%)
Task: 9,	 Epoch: 17/80,	 Avg.loss: 0.0007,	 Accuracy: 800/1000(80%)
Task: 9,	 Epoch: 18/80,	 Avg.loss: 0.0006,	 Accuracy: 805/1000(81%)
Task: 9,	 Epoch: 19/80,	 Avg.loss: 0.0006,	 Accuracy: 822/1000(82%)
Task: 9,	 Epoch: 20/80,	 Avg.loss: 0.0006,	 Accuracy: 810/1000(81%)
Task: 9,	 Epoch: 21/80,	 Avg.loss: 0.0006,	 Accuracy: 817/1000(82%)
Task: 9,	 Epoch: 22/80,	 Avg.loss: 0.0006,	 Accuracy: 813/1000(81%)
Task: 9,	 Epoch: 23/80,	 Avg.loss: 0.0006,	 Accuracy: 809/1000(81%)
Task: 9,	 Epoch: 24/80,	 Avg.loss: 0.0006,	 Accuracy: 805/1000(81%)
Task: 9,	 Epoch: 25/80,	 Avg.loss: 0.0007,	 Accuracy: 779/1000(78%)
Task: 9,	 Epoch: 26/80,	 Avg.loss: 0.0006,	 Accuracy: 814/1000(81%)
Task: 9,	 Epoch: 27/80,	 Avg.loss: 0.0007,	 Accuracy: 793/1000(79%)
Task: 9,	 Epoch: 28/80,	 Avg.loss: 0.0006,	 Accuracy: 807/1000(81%)
Task: 9,	 Epoch: 29/80,	 Avg.loss: 0.0007,	 Accuracy: 776/1000(78%)
Task: 9,	 Epoch: 30/80,	 Avg.loss: 0.0007,	 Accuracy: 801/1000(80%)
Task: 9,	 Epoch: 31/80,	 Avg.loss: 0.0007,	 Accuracy: 794/1000(79%)
Task: 9,	 Epoch: 32/80,	 Avg.loss: 0.0006,	 Accuracy: 801/1000(80%)
Task: 9,	 Epoch: 33/80,	 Avg.loss: 0.0006,	 Accuracy: 802/1000(80%)
Task: 9,	 Epoch: 34/80,	 Avg.loss: 0.0006,	 Accuracy: 812/1000(81%)
Task: 9,	 Epoch: 35/80,	 Avg.loss: 0.0006,	 Accuracy: 810/1000(81%)
Task: 9,	 Epoch: 36/80,	 Avg.loss: 0.0007,	 Accuracy: 782/1000(78%)
Task: 9,	 Epoch: 37/80,	 Avg.loss: 0.0007,	 Accuracy: 804/1000(80%)
Task: 9,	 Epoch: 38/80,	 Avg.loss: 0.0006,	 Accuracy: 800/1000(80%)
Task: 9,	 Epoch: 39/80,	 Avg.loss: 0.0006,	 Accuracy: 805/1000(81%)
Task: 9,	 Epoch: 40/80,	 Avg.loss: 0.0006,	 Accuracy: 809/1000(81%)
Task: 9,	 Epoch: 41/80,	 Avg.loss: 0.0007,	 Accuracy: 793/1000(79%)
Task: 9,	 Epoch: 42/80,	 Avg.loss: 0.0006,	 Accuracy: 807/1000(81%)
Task: 9,	 Epoch: 43/80,	 Avg.loss: 0.0007,	 Accuracy: 799/1000(80%)
Task: 9,	 Epoch: 44/80,	 Avg.loss: 0.0006,	 Accuracy: 812/1000(81%)
Task: 9,	 Epoch: 45/80,	 Avg.loss: 0.0006,	 Accuracy: 816/1000(82%)
Task: 9,	 Epoch: 46/80,	 Avg.loss: 0.0006,	 Accuracy: 807/1000(81%)
Task: 9,	 Epoch: 47/80,	 Avg.loss: 0.0006,	 Accuracy: 804/1000(80%)
Task: 9,	 Epoch: 48/80,	 Avg.loss: 0.0007,	 Accuracy: 797/1000(80%)
Task: 9,	 Epoch: 49/80,	 Avg.loss: 0.0006,	 Accuracy: 808/1000(81%)
Task: 9,	 Epoch: 50/80,	 Avg.loss: 0.0006,	 Accuracy: 831/1000(83%)
Task: 9,	 Epoch: 51/80,	 Avg.loss: 0.0006,	 Accuracy: 828/1000(83%)
Task: 9,	 Epoch: 52/80,	 Avg.loss: 0.0006,	 Accuracy: 834/1000(83%)
Task: 9,	 Epoch: 53/80,	 Avg.loss: 0.0006,	 Accuracy: 830/1000(83%)
Task: 9,	 Epoch: 54/80,	 Avg.loss: 0.0006,	 Accuracy: 830/1000(83%)
Task: 9,	 Epoch: 55/80,	 Avg.loss: 0.0006,	 Accuracy: 833/1000(83%)
Task: 9,	 Epoch: 56/80,	 Avg.loss: 0.0006,	 Accuracy: 825/1000(83%)
Task: 9,	 Epoch: 57/80,	 Avg.loss: 0.0006,	 Accuracy: 824/1000(82%)
Task: 9,	 Epoch: 58/80,	 Avg.loss: 0.0006,	 Accuracy: 824/1000(82%)
Task: 9,	 Epoch: 59/80,	 Avg.loss: 0.0006,	 Accuracy: 829/1000(83%)
Task: 9,	 Epoch: 60/80,	 Avg.loss: 0.0006,	 Accuracy: 832/1000(83%)
Task: 9,	 Epoch: 61/80,	 Avg.loss: 0.0006,	 Accuracy: 830/1000(83%)
Task: 9,	 Epoch: 62/80,	 Avg.loss: 0.0006,	 Accuracy: 837/1000(84%)
Task: 9,	 Epoch: 63/80,	 Avg.loss: 0.0006,	 Accuracy: 836/1000(84%)
Task: 9,	 Epoch: 64/80,	 Avg.loss: 0.0006,	 Accuracy: 829/1000(83%)
Task: 9,	 Epoch: 65/80,	 Avg.loss: 0.0006,	 Accuracy: 837/1000(84%)
Task: 9,	 Epoch: 66/80,	 Avg.loss: 0.0006,	 Accuracy: 824/1000(82%)
Task: 9,	 Epoch: 67/80,	 Avg.loss: 0.0006,	 Accuracy: 832/1000(83%)
Task: 9,	 Epoch: 68/80,	 Avg.loss: 0.0006,	 Accuracy: 837/1000(84%)
Task: 9,	 Epoch: 69/80,	 Avg.loss: 0.0006,	 Accuracy: 831/1000(83%)
Task: 9,	 Epoch: 70/80,	 Avg.loss: 0.0006,	 Accuracy: 828/1000(83%)
Task: 9,	 Epoch: 71/80,	 Avg.loss: 0.0006,	 Accuracy: 818/1000(82%)
Task: 9,	 Epoch: 72/80,	 Avg.loss: 0.0006,	 Accuracy: 833/1000(83%)
Task: 9,	 Epoch: 73/80,	 Avg.loss: 0.0006,	 Accuracy: 828/1000(83%)
Task: 9,	 Epoch: 74/80,	 Avg.loss: 0.0006,	 Accuracy: 832/1000(83%)
Task: 9,	 Epoch: 75/80,	 Avg.loss: 0.0006,	 Accuracy: 830/1000(83%)
Task: 9,	 Epoch: 76/80,	 Avg.loss: 0.0006,	 Accuracy: 829/1000(83%)
Task: 9,	 Epoch: 77/80,	 Avg.loss: 0.0006,	 Accuracy: 820/1000(82%)
Task: 9,	 Epoch: 78/80,	 Avg.loss: 0.0006,	 Accuracy: 836/1000(84%)
Task: 9,	 Epoch: 79/80,	 Avg.loss: 0.0006,	 Accuracy: 833/1000(83%)
Saving head (task#: 9)
Computing MAS
Loading head (task#:0)
Loading mask (task#:0)
Files already downloaded and verified
Files already downloaded and verified
Task: 0,	 Epoch: -1/80,	 Avg.loss: 0.0012,	 Accuracy: 827/1000(83%)
Trained Task:9, Loaded task:0, Accuracy:82.7%
Loading head (task#:1)
Loading mask (task#:1)
Files already downloaded and verified
Files already downloaded and verified
Task: 1,	 Epoch: -1/80,	 Avg.loss: 0.0014,	 Accuracy: 718/1000(72%)
Trained Task:9, Loaded task:1, Accuracy:71.8%
Loading head (task#:2)
Loading mask (task#:2)
Files already downloaded and verified
Files already downloaded and verified
Task: 2,	 Epoch: -1/80,	 Avg.loss: 0.0012,	 Accuracy: 763/1000(76%)
Trained Task:9, Loaded task:2, Accuracy:76.3%
Loading head (task#:3)
Loading mask (task#:3)
Files already downloaded and verified
Files already downloaded and verified
Task: 3,	 Epoch: -1/80,	 Avg.loss: 0.0013,	 Accuracy: 685/1000(68%)
Trained Task:9, Loaded task:3, Accuracy:68.5%
Loading head (task#:4)
Loading mask (task#:4)
Files already downloaded and verified
Files already downloaded and verified
Task: 4,	 Epoch: -1/80,	 Avg.loss: 0.0008,	 Accuracy: 795/1000(80%)
Trained Task:9, Loaded task:4, Accuracy:79.5%
Loading head (task#:5)
Loading mask (task#:5)
Files already downloaded and verified
Files already downloaded and verified
Task: 5,	 Epoch: -1/80,	 Avg.loss: 0.0009,	 Accuracy: 734/1000(73%)
Trained Task:9, Loaded task:5, Accuracy:73.4%
Loading head (task#:6)
Loading mask (task#:6)
Files already downloaded and verified
Files already downloaded and verified
Task: 6,	 Epoch: -1/80,	 Avg.loss: 0.0008,	 Accuracy: 733/1000(73%)
Trained Task:9, Loaded task:6, Accuracy:73.3%
Loading head (task#:7)
Loading mask (task#:7)
Files already downloaded and verified
Files already downloaded and verified
Task: 7,	 Epoch: -1/80,	 Avg.loss: 0.0009,	 Accuracy: 725/1000(72%)
Trained Task:9, Loaded task:7, Accuracy:72.5%
Loading head (task#:8)
Loading mask (task#:8)
Files already downloaded and verified
Files already downloaded and verified
Task: 8,	 Epoch: -1/80,	 Avg.loss: 0.0007,	 Accuracy: 775/1000(78%)
Trained Task:9, Loaded task:8, Accuracy:77.5%
Loading head (task#:9)
Loading mask (task#:9)
Files already downloaded and verified
Files already downloaded and verified
Task: 9,	 Epoch: -1/80,	 Avg.loss: 0.0006,	 Accuracy: 833/1000(83%)
Trained Task:9, Loaded task:9, Accuracy:83.3%
