Files already downloaded and verified
Files already downloaded and verified
Layer        : conv1_layer.2.weight
Sum Omega    : 9216.0
Max Fisher   : 1.0
Max Omega    : 1.0
Max Relevance: 1.0
Mask active  : 8192.0/8192

Layer        : conv2_layer.2.weight
Sum Omega    : 36864.0
Max Fisher   : 1.0
Max Omega    : 1.0
Max Relevance: 1.0
Mask active  : 4096.0/4096

Layer        : fc1_layer.0.weight
Sum Omega    : 2097152.0
Max Fisher   : 1.0
Max Omega    : 1.0
Max Relevance: 1.0
Mask active  : 256.0/512

Saving  mask (task#:0)
Mask histogram conv1_layer.2.weight: 	 tensor([   0., 8192.,    0.,    0.,    0.,    0.,    0.,    0.,    0.,    0.],
       device='cuda:0')
Mask histogram conv2_layer.2.weight: 	 tensor([   0., 4096.,    0.,    0.,    0.,    0.,    0.,    0.,    0.,    0.],
       device='cuda:0')
Mask histogram fc1_layer.0.weight: 	 tensor([256., 256.,   0.,   0.,   0.,   0.,   0.,   0.,   0.,   0.],
       device='cuda:0')
Task: 0,	 Epoch: 0/80,	 Avg.loss: 0.0010,	 Accuracy: 676/1000(68%)
Task: 0,	 Epoch: 1/80,	 Avg.loss: 0.0008,	 Accuracy: 752/1000(75%)
Task: 0,	 Epoch: 2/80,	 Avg.loss: 0.0006,	 Accuracy: 793/1000(79%)
Task: 0,	 Epoch: 3/80,	 Avg.loss: 0.0006,	 Accuracy: 811/1000(81%)
Task: 0,	 Epoch: 4/80,	 Avg.loss: 0.0006,	 Accuracy: 795/1000(80%)
Task: 0,	 Epoch: 5/80,	 Avg.loss: 0.0006,	 Accuracy: 814/1000(81%)
Task: 0,	 Epoch: 6/80,	 Avg.loss: 0.0006,	 Accuracy: 818/1000(82%)
Task: 0,	 Epoch: 7/80,	 Avg.loss: 0.0005,	 Accuracy: 833/1000(83%)
Task: 0,	 Epoch: 8/80,	 Avg.loss: 0.0005,	 Accuracy: 830/1000(83%)
Task: 0,	 Epoch: 9/80,	 Avg.loss: 0.0005,	 Accuracy: 831/1000(83%)
Task: 0,	 Epoch: 10/80,	 Avg.loss: 0.0005,	 Accuracy: 838/1000(84%)
Task: 0,	 Epoch: 11/80,	 Avg.loss: 0.0005,	 Accuracy: 835/1000(84%)
Task: 0,	 Epoch: 12/80,	 Avg.loss: 0.0005,	 Accuracy: 835/1000(84%)
Task: 0,	 Epoch: 13/80,	 Avg.loss: 0.0005,	 Accuracy: 840/1000(84%)
Task: 0,	 Epoch: 14/80,	 Avg.loss: 0.0005,	 Accuracy: 822/1000(82%)
Task: 0,	 Epoch: 15/80,	 Avg.loss: 0.0005,	 Accuracy: 843/1000(84%)
Task: 0,	 Epoch: 16/80,	 Avg.loss: 0.0005,	 Accuracy: 830/1000(83%)
Task: 0,	 Epoch: 17/80,	 Avg.loss: 0.0005,	 Accuracy: 838/1000(84%)
Task: 0,	 Epoch: 18/80,	 Avg.loss: 0.0005,	 Accuracy: 833/1000(83%)
Task: 0,	 Epoch: 19/80,	 Avg.loss: 0.0005,	 Accuracy: 856/1000(86%)
Task: 0,	 Epoch: 20/80,	 Avg.loss: 0.0005,	 Accuracy: 837/1000(84%)
Task: 0,	 Epoch: 21/80,	 Avg.loss: 0.0006,	 Accuracy: 836/1000(84%)
Task: 0,	 Epoch: 22/80,	 Avg.loss: 0.0005,	 Accuracy: 853/1000(85%)
Task: 0,	 Epoch: 23/80,	 Avg.loss: 0.0006,	 Accuracy: 838/1000(84%)
Task: 0,	 Epoch: 24/80,	 Avg.loss: 0.0007,	 Accuracy: 827/1000(83%)
Task: 0,	 Epoch: 25/80,	 Avg.loss: 0.0006,	 Accuracy: 847/1000(85%)
Task: 0,	 Epoch: 26/80,	 Avg.loss: 0.0006,	 Accuracy: 850/1000(85%)
Task: 0,	 Epoch: 27/80,	 Avg.loss: 0.0006,	 Accuracy: 840/1000(84%)
Task: 0,	 Epoch: 28/80,	 Avg.loss: 0.0006,	 Accuracy: 855/1000(86%)
Task: 0,	 Epoch: 29/80,	 Avg.loss: 0.0006,	 Accuracy: 843/1000(84%)
Task: 0,	 Epoch: 30/80,	 Avg.loss: 0.0006,	 Accuracy: 847/1000(85%)
Task: 0,	 Epoch: 31/80,	 Avg.loss: 0.0006,	 Accuracy: 850/1000(85%)
Task: 0,	 Epoch: 32/80,	 Avg.loss: 0.0006,	 Accuracy: 853/1000(85%)
Task: 0,	 Epoch: 33/80,	 Avg.loss: 0.0006,	 Accuracy: 860/1000(86%)
Task: 0,	 Epoch: 34/80,	 Avg.loss: 0.0006,	 Accuracy: 859/1000(86%)
Task: 0,	 Epoch: 35/80,	 Avg.loss: 0.0006,	 Accuracy: 854/1000(85%)
Task: 0,	 Epoch: 36/80,	 Avg.loss: 0.0007,	 Accuracy: 840/1000(84%)
Task: 0,	 Epoch: 37/80,	 Avg.loss: 0.0006,	 Accuracy: 855/1000(86%)
Task: 0,	 Epoch: 38/80,	 Avg.loss: 0.0007,	 Accuracy: 845/1000(85%)
Task: 0,	 Epoch: 39/80,	 Avg.loss: 0.0006,	 Accuracy: 859/1000(86%)
Task: 0,	 Epoch: 40/80,	 Avg.loss: 0.0007,	 Accuracy: 831/1000(83%)
Task: 0,	 Epoch: 41/80,	 Avg.loss: 0.0006,	 Accuracy: 856/1000(86%)
Task: 0,	 Epoch: 42/80,	 Avg.loss: 0.0006,	 Accuracy: 847/1000(85%)
Task: 0,	 Epoch: 43/80,	 Avg.loss: 0.0007,	 Accuracy: 839/1000(84%)
Task: 0,	 Epoch: 44/80,	 Avg.loss: 0.0006,	 Accuracy: 860/1000(86%)
Task: 0,	 Epoch: 45/80,	 Avg.loss: 0.0007,	 Accuracy: 855/1000(86%)
Task: 0,	 Epoch: 46/80,	 Avg.loss: 0.0007,	 Accuracy: 852/1000(85%)
Task: 0,	 Epoch: 47/80,	 Avg.loss: 0.0007,	 Accuracy: 845/1000(85%)
Task: 0,	 Epoch: 48/80,	 Avg.loss: 0.0007,	 Accuracy: 847/1000(85%)
Task: 0,	 Epoch: 49/80,	 Avg.loss: 0.0006,	 Accuracy: 860/1000(86%)
Task: 0,	 Epoch: 50/80,	 Avg.loss: 0.0006,	 Accuracy: 868/1000(87%)
Task: 0,	 Epoch: 51/80,	 Avg.loss: 0.0006,	 Accuracy: 867/1000(87%)
Task: 0,	 Epoch: 52/80,	 Avg.loss: 0.0006,	 Accuracy: 864/1000(86%)
Task: 0,	 Epoch: 53/80,	 Avg.loss: 0.0006,	 Accuracy: 864/1000(86%)
Task: 0,	 Epoch: 54/80,	 Avg.loss: 0.0006,	 Accuracy: 864/1000(86%)
Task: 0,	 Epoch: 55/80,	 Avg.loss: 0.0007,	 Accuracy: 864/1000(86%)
Task: 0,	 Epoch: 56/80,	 Avg.loss: 0.0006,	 Accuracy: 865/1000(87%)
Task: 0,	 Epoch: 57/80,	 Avg.loss: 0.0007,	 Accuracy: 866/1000(87%)
Task: 0,	 Epoch: 58/80,	 Avg.loss: 0.0006,	 Accuracy: 867/1000(87%)
Task: 0,	 Epoch: 59/80,	 Avg.loss: 0.0006,	 Accuracy: 869/1000(87%)
Task: 0,	 Epoch: 60/80,	 Avg.loss: 0.0006,	 Accuracy: 868/1000(87%)
Task: 0,	 Epoch: 61/80,	 Avg.loss: 0.0006,	 Accuracy: 868/1000(87%)
Task: 0,	 Epoch: 62/80,	 Avg.loss: 0.0006,	 Accuracy: 872/1000(87%)
Task: 0,	 Epoch: 63/80,	 Avg.loss: 0.0006,	 Accuracy: 873/1000(87%)
Task: 0,	 Epoch: 64/80,	 Avg.loss: 0.0006,	 Accuracy: 868/1000(87%)
Task: 0,	 Epoch: 65/80,	 Avg.loss: 0.0006,	 Accuracy: 864/1000(86%)
Task: 0,	 Epoch: 66/80,	 Avg.loss: 0.0006,	 Accuracy: 869/1000(87%)
Task: 0,	 Epoch: 67/80,	 Avg.loss: 0.0007,	 Accuracy: 868/1000(87%)
Task: 0,	 Epoch: 68/80,	 Avg.loss: 0.0007,	 Accuracy: 869/1000(87%)
Task: 0,	 Epoch: 69/80,	 Avg.loss: 0.0007,	 Accuracy: 868/1000(87%)
Task: 0,	 Epoch: 70/80,	 Avg.loss: 0.0006,	 Accuracy: 869/1000(87%)
Task: 0,	 Epoch: 71/80,	 Avg.loss: 0.0006,	 Accuracy: 868/1000(87%)
Task: 0,	 Epoch: 72/80,	 Avg.loss: 0.0006,	 Accuracy: 869/1000(87%)
Task: 0,	 Epoch: 73/80,	 Avg.loss: 0.0006,	 Accuracy: 872/1000(87%)
Task: 0,	 Epoch: 74/80,	 Avg.loss: 0.0007,	 Accuracy: 865/1000(87%)
Task: 0,	 Epoch: 75/80,	 Avg.loss: 0.0006,	 Accuracy: 873/1000(87%)
Task: 0,	 Epoch: 76/80,	 Avg.loss: 0.0007,	 Accuracy: 867/1000(87%)
Task: 0,	 Epoch: 77/80,	 Avg.loss: 0.0007,	 Accuracy: 867/1000(87%)
Task: 0,	 Epoch: 78/80,	 Avg.loss: 0.0007,	 Accuracy: 869/1000(87%)
Task: 0,	 Epoch: 79/80,	 Avg.loss: 0.0007,	 Accuracy: 861/1000(86%)
Saving head (task#: 0)
Computing MAS
Loading head (task#:0)
Loading mask (task#:0)
Files already downloaded and verified
Files already downloaded and verified
Task: 0,	 Epoch: -1/80,	 Avg.loss: 0.0007,	 Accuracy: 861/1000(86%)
Trained Task:0, Loaded task:0, Accuracy:86.1%
Files already downloaded and verified
Files already downloaded and verified
Layer        : conv1_layer.2.weight
Sum Omega    : 716.8594970703125
Max Fisher   : 1.0
Max Omega    : 1.0
Max Relevance: 1.2608070373535156
Mask active  : 8192.0/8192

Layer        : conv2_layer.2.weight
Sum Omega    : 1988.214111328125
Max Fisher   : 1.0
Max Omega    : 1.0
Max Relevance: 1.1701411008834839
Mask active  : 4096.0/4096

Layer        : fc1_layer.0.weight
Sum Omega    : 38072.515625
Max Fisher   : 1.0
Max Omega    : 1.0
Max Relevance: 1.516150712966919
Mask active  : 256.0/512

Saving  mask (task#:1)
Mask histogram conv1_layer.2.weight: 	 tensor([   0.,    0., 8192.,    0.,    0.,    0.,    0.,    0.,    0.,    0.],
       device='cuda:0')
Mask histogram conv2_layer.2.weight: 	 tensor([   0.,    0., 4096.,    0.,    0.,    0.,    0.,    0.,    0.,    0.],
       device='cuda:0')
Mask histogram fc1_layer.0.weight: 	 tensor([253.,   6., 253.,   0.,   0.,   0.,   0.,   0.,   0.,   0.],
       device='cuda:0')
Task: 1,	 Epoch: 0/80,	 Avg.loss: 0.0010,	 Accuracy: 669/1000(67%)
Task: 1,	 Epoch: 1/80,	 Avg.loss: 0.0009,	 Accuracy: 696/1000(70%)
Task: 1,	 Epoch: 2/80,	 Avg.loss: 0.0009,	 Accuracy: 688/1000(69%)
Task: 1,	 Epoch: 3/80,	 Avg.loss: 0.0009,	 Accuracy: 718/1000(72%)
Task: 1,	 Epoch: 4/80,	 Avg.loss: 0.0008,	 Accuracy: 745/1000(74%)
Task: 1,	 Epoch: 5/80,	 Avg.loss: 0.0008,	 Accuracy: 721/1000(72%)
Task: 1,	 Epoch: 6/80,	 Avg.loss: 0.0007,	 Accuracy: 728/1000(73%)
Task: 1,	 Epoch: 7/80,	 Avg.loss: 0.0008,	 Accuracy: 725/1000(72%)
Task: 1,	 Epoch: 8/80,	 Avg.loss: 0.0008,	 Accuracy: 722/1000(72%)
Task: 1,	 Epoch: 9/80,	 Avg.loss: 0.0007,	 Accuracy: 740/1000(74%)
Task: 1,	 Epoch: 10/80,	 Avg.loss: 0.0008,	 Accuracy: 741/1000(74%)
Task: 1,	 Epoch: 11/80,	 Avg.loss: 0.0008,	 Accuracy: 745/1000(74%)
Task: 1,	 Epoch: 12/80,	 Avg.loss: 0.0007,	 Accuracy: 765/1000(76%)
Task: 1,	 Epoch: 13/80,	 Avg.loss: 0.0007,	 Accuracy: 750/1000(75%)
Task: 1,	 Epoch: 14/80,	 Avg.loss: 0.0008,	 Accuracy: 736/1000(74%)
Task: 1,	 Epoch: 15/80,	 Avg.loss: 0.0007,	 Accuracy: 739/1000(74%)
Task: 1,	 Epoch: 16/80,	 Avg.loss: 0.0008,	 Accuracy: 725/1000(72%)
Task: 1,	 Epoch: 17/80,	 Avg.loss: 0.0007,	 Accuracy: 757/1000(76%)
Task: 1,	 Epoch: 18/80,	 Avg.loss: 0.0007,	 Accuracy: 753/1000(75%)
Task: 1,	 Epoch: 19/80,	 Avg.loss: 0.0007,	 Accuracy: 756/1000(76%)
Task: 1,	 Epoch: 20/80,	 Avg.loss: 0.0008,	 Accuracy: 735/1000(74%)
Task: 1,	 Epoch: 21/80,	 Avg.loss: 0.0007,	 Accuracy: 755/1000(76%)
Task: 1,	 Epoch: 22/80,	 Avg.loss: 0.0008,	 Accuracy: 757/1000(76%)
Task: 1,	 Epoch: 23/80,	 Avg.loss: 0.0007,	 Accuracy: 755/1000(76%)
Task: 1,	 Epoch: 24/80,	 Avg.loss: 0.0008,	 Accuracy: 729/1000(73%)
Task: 1,	 Epoch: 25/80,	 Avg.loss: 0.0008,	 Accuracy: 737/1000(74%)
Task: 1,	 Epoch: 26/80,	 Avg.loss: 0.0007,	 Accuracy: 758/1000(76%)
Task: 1,	 Epoch: 27/80,	 Avg.loss: 0.0008,	 Accuracy: 738/1000(74%)
Task: 1,	 Epoch: 28/80,	 Avg.loss: 0.0008,	 Accuracy: 747/1000(75%)
Task: 1,	 Epoch: 29/80,	 Avg.loss: 0.0008,	 Accuracy: 757/1000(76%)
Task: 1,	 Epoch: 30/80,	 Avg.loss: 0.0008,	 Accuracy: 746/1000(75%)
Task: 1,	 Epoch: 31/80,	 Avg.loss: 0.0008,	 Accuracy: 741/1000(74%)
Task: 1,	 Epoch: 32/80,	 Avg.loss: 0.0008,	 Accuracy: 753/1000(75%)
Task: 1,	 Epoch: 33/80,	 Avg.loss: 0.0008,	 Accuracy: 762/1000(76%)
Task: 1,	 Epoch: 34/80,	 Avg.loss: 0.0008,	 Accuracy: 756/1000(76%)
Task: 1,	 Epoch: 35/80,	 Avg.loss: 0.0008,	 Accuracy: 743/1000(74%)
Task: 1,	 Epoch: 36/80,	 Avg.loss: 0.0008,	 Accuracy: 755/1000(76%)
Task: 1,	 Epoch: 37/80,	 Avg.loss: 0.0008,	 Accuracy: 750/1000(75%)
Task: 1,	 Epoch: 38/80,	 Avg.loss: 0.0007,	 Accuracy: 764/1000(76%)
Task: 1,	 Epoch: 39/80,	 Avg.loss: 0.0007,	 Accuracy: 759/1000(76%)
Task: 1,	 Epoch: 40/80,	 Avg.loss: 0.0008,	 Accuracy: 763/1000(76%)
Task: 1,	 Epoch: 41/80,	 Avg.loss: 0.0008,	 Accuracy: 760/1000(76%)
Task: 1,	 Epoch: 42/80,	 Avg.loss: 0.0008,	 Accuracy: 752/1000(75%)
Task: 1,	 Epoch: 43/80,	 Avg.loss: 0.0008,	 Accuracy: 754/1000(75%)
Task: 1,	 Epoch: 44/80,	 Avg.loss: 0.0007,	 Accuracy: 753/1000(75%)
Task: 1,	 Epoch: 45/80,	 Avg.loss: 0.0008,	 Accuracy: 763/1000(76%)
Task: 1,	 Epoch: 46/80,	 Avg.loss: 0.0008,	 Accuracy: 745/1000(74%)
Task: 1,	 Epoch: 47/80,	 Avg.loss: 0.0008,	 Accuracy: 744/1000(74%)
Task: 1,	 Epoch: 48/80,	 Avg.loss: 0.0007,	 Accuracy: 771/1000(77%)
Task: 1,	 Epoch: 49/80,	 Avg.loss: 0.0008,	 Accuracy: 759/1000(76%)
Task: 1,	 Epoch: 50/80,	 Avg.loss: 0.0007,	 Accuracy: 780/1000(78%)
Task: 1,	 Epoch: 51/80,	 Avg.loss: 0.0007,	 Accuracy: 780/1000(78%)
Task: 1,	 Epoch: 52/80,	 Avg.loss: 0.0007,	 Accuracy: 784/1000(78%)
Task: 1,	 Epoch: 53/80,	 Avg.loss: 0.0007,	 Accuracy: 791/1000(79%)
Task: 1,	 Epoch: 54/80,	 Avg.loss: 0.0007,	 Accuracy: 779/1000(78%)
Task: 1,	 Epoch: 55/80,	 Avg.loss: 0.0007,	 Accuracy: 781/1000(78%)
Task: 1,	 Epoch: 56/80,	 Avg.loss: 0.0007,	 Accuracy: 783/1000(78%)
Task: 1,	 Epoch: 57/80,	 Avg.loss: 0.0007,	 Accuracy: 787/1000(79%)
Task: 1,	 Epoch: 58/80,	 Avg.loss: 0.0007,	 Accuracy: 787/1000(79%)
Task: 1,	 Epoch: 59/80,	 Avg.loss: 0.0007,	 Accuracy: 783/1000(78%)
Task: 1,	 Epoch: 60/80,	 Avg.loss: 0.0007,	 Accuracy: 783/1000(78%)
Task: 1,	 Epoch: 61/80,	 Avg.loss: 0.0007,	 Accuracy: 788/1000(79%)
Task: 1,	 Epoch: 62/80,	 Avg.loss: 0.0007,	 Accuracy: 785/1000(78%)
Task: 1,	 Epoch: 63/80,	 Avg.loss: 0.0007,	 Accuracy: 788/1000(79%)
Task: 1,	 Epoch: 64/80,	 Avg.loss: 0.0007,	 Accuracy: 780/1000(78%)
Task: 1,	 Epoch: 65/80,	 Avg.loss: 0.0007,	 Accuracy: 784/1000(78%)
Task: 1,	 Epoch: 66/80,	 Avg.loss: 0.0007,	 Accuracy: 775/1000(78%)
Task: 1,	 Epoch: 67/80,	 Avg.loss: 0.0007,	 Accuracy: 783/1000(78%)
Task: 1,	 Epoch: 68/80,	 Avg.loss: 0.0007,	 Accuracy: 780/1000(78%)
Task: 1,	 Epoch: 69/80,	 Avg.loss: 0.0007,	 Accuracy: 783/1000(78%)
Task: 1,	 Epoch: 70/80,	 Avg.loss: 0.0007,	 Accuracy: 786/1000(79%)
Task: 1,	 Epoch: 71/80,	 Avg.loss: 0.0007,	 Accuracy: 785/1000(78%)
Task: 1,	 Epoch: 72/80,	 Avg.loss: 0.0007,	 Accuracy: 790/1000(79%)
Task: 1,	 Epoch: 73/80,	 Avg.loss: 0.0007,	 Accuracy: 780/1000(78%)
Task: 1,	 Epoch: 74/80,	 Avg.loss: 0.0007,	 Accuracy: 784/1000(78%)
Task: 1,	 Epoch: 75/80,	 Avg.loss: 0.0007,	 Accuracy: 780/1000(78%)
Task: 1,	 Epoch: 76/80,	 Avg.loss: 0.0007,	 Accuracy: 786/1000(79%)
Task: 1,	 Epoch: 77/80,	 Avg.loss: 0.0007,	 Accuracy: 782/1000(78%)
Task: 1,	 Epoch: 78/80,	 Avg.loss: 0.0007,	 Accuracy: 778/1000(78%)
Task: 1,	 Epoch: 79/80,	 Avg.loss: 0.0007,	 Accuracy: 771/1000(77%)
Saving head (task#: 1)
Computing MAS
Loading head (task#:0)
Loading mask (task#:0)
Files already downloaded and verified
Files already downloaded and verified
Task: 0,	 Epoch: -1/80,	 Avg.loss: 0.0009,	 Accuracy: 828/1000(83%)
Trained Task:1, Loaded task:0, Accuracy:82.8%
Loading head (task#:1)
Loading mask (task#:1)
Files already downloaded and verified
Files already downloaded and verified
Task: 1,	 Epoch: -1/80,	 Avg.loss: 0.0007,	 Accuracy: 771/1000(77%)
Trained Task:1, Loaded task:1, Accuracy:77.1%
Files already downloaded and verified
Files already downloaded and verified
Layer        : conv1_layer.2.weight
Sum Omega    : 803.6834106445312
Max Fisher   : 1.0
Max Omega    : 1.0
Max Relevance: 1.2413303852081299
Mask active  : 8192.0/8192

Layer        : conv2_layer.2.weight
Sum Omega    : 1963.65478515625
Max Fisher   : 1.0
Max Omega    : 1.0
Max Relevance: 1.0595835447311401
Mask active  : 4096.0/4096

Layer        : fc1_layer.0.weight
Sum Omega    : 47769.33984375
Max Fisher   : 1.0
Max Omega    : 1.0
Max Relevance: 1.5758485794067383
Mask active  : 256.0/512

Saving  mask (task#:2)
Mask histogram conv1_layer.2.weight: 	 tensor([   0.,    0.,    0., 8192.,    0.,    0.,    0.,    0.,    0.,    0.],
       device='cuda:0')
Mask histogram conv2_layer.2.weight: 	 tensor([   0.,    0.,    0., 4096.,    0.,    0.,    0.,    0.,    0.,    0.],
       device='cuda:0')
Mask histogram fc1_layer.0.weight: 	 tensor([251.,   6.,   3., 252.,   0.,   0.,   0.,   0.,   0.,   0.],
       device='cuda:0')
Task: 2,	 Epoch: 0/80,	 Avg.loss: 0.0009,	 Accuracy: 695/1000(70%)
Task: 2,	 Epoch: 1/80,	 Avg.loss: 0.0008,	 Accuracy: 743/1000(74%)
Task: 2,	 Epoch: 2/80,	 Avg.loss: 0.0008,	 Accuracy: 747/1000(75%)
Task: 2,	 Epoch: 3/80,	 Avg.loss: 0.0007,	 Accuracy: 747/1000(75%)
Task: 2,	 Epoch: 4/80,	 Avg.loss: 0.0007,	 Accuracy: 755/1000(76%)
Task: 2,	 Epoch: 5/80,	 Avg.loss: 0.0007,	 Accuracy: 764/1000(76%)
Task: 2,	 Epoch: 6/80,	 Avg.loss: 0.0007,	 Accuracy: 785/1000(78%)
Task: 2,	 Epoch: 7/80,	 Avg.loss: 0.0007,	 Accuracy: 777/1000(78%)
Task: 2,	 Epoch: 8/80,	 Avg.loss: 0.0007,	 Accuracy: 773/1000(77%)
Task: 2,	 Epoch: 9/80,	 Avg.loss: 0.0008,	 Accuracy: 733/1000(73%)
Task: 2,	 Epoch: 10/80,	 Avg.loss: 0.0007,	 Accuracy: 783/1000(78%)
Task: 2,	 Epoch: 11/80,	 Avg.loss: 0.0007,	 Accuracy: 795/1000(80%)
Task: 2,	 Epoch: 12/80,	 Avg.loss: 0.0007,	 Accuracy: 800/1000(80%)
Task: 2,	 Epoch: 13/80,	 Avg.loss: 0.0007,	 Accuracy: 787/1000(79%)
Task: 2,	 Epoch: 14/80,	 Avg.loss: 0.0007,	 Accuracy: 798/1000(80%)
Task: 2,	 Epoch: 15/80,	 Avg.loss: 0.0007,	 Accuracy: 787/1000(79%)
Task: 2,	 Epoch: 16/80,	 Avg.loss: 0.0007,	 Accuracy: 792/1000(79%)
Task: 2,	 Epoch: 17/80,	 Avg.loss: 0.0007,	 Accuracy: 791/1000(79%)
Task: 2,	 Epoch: 18/80,	 Avg.loss: 0.0007,	 Accuracy: 795/1000(80%)
Task: 2,	 Epoch: 19/80,	 Avg.loss: 0.0007,	 Accuracy: 799/1000(80%)
Task: 2,	 Epoch: 20/80,	 Avg.loss: 0.0007,	 Accuracy: 774/1000(77%)
Task: 2,	 Epoch: 21/80,	 Avg.loss: 0.0007,	 Accuracy: 786/1000(79%)
Task: 2,	 Epoch: 22/80,	 Avg.loss: 0.0007,	 Accuracy: 792/1000(79%)
Task: 2,	 Epoch: 23/80,	 Avg.loss: 0.0007,	 Accuracy: 794/1000(79%)
Task: 2,	 Epoch: 24/80,	 Avg.loss: 0.0007,	 Accuracy: 791/1000(79%)
Task: 2,	 Epoch: 25/80,	 Avg.loss: 0.0007,	 Accuracy: 806/1000(81%)
Task: 2,	 Epoch: 26/80,	 Avg.loss: 0.0007,	 Accuracy: 801/1000(80%)
Task: 2,	 Epoch: 27/80,	 Avg.loss: 0.0007,	 Accuracy: 793/1000(79%)
Task: 2,	 Epoch: 28/80,	 Avg.loss: 0.0007,	 Accuracy: 797/1000(80%)
Task: 2,	 Epoch: 29/80,	 Avg.loss: 0.0007,	 Accuracy: 799/1000(80%)
Task: 2,	 Epoch: 30/80,	 Avg.loss: 0.0007,	 Accuracy: 786/1000(79%)
Task: 2,	 Epoch: 31/80,	 Avg.loss: 0.0007,	 Accuracy: 799/1000(80%)
Task: 2,	 Epoch: 32/80,	 Avg.loss: 0.0007,	 Accuracy: 802/1000(80%)
Task: 2,	 Epoch: 33/80,	 Avg.loss: 0.0007,	 Accuracy: 789/1000(79%)
Task: 2,	 Epoch: 34/80,	 Avg.loss: 0.0007,	 Accuracy: 796/1000(80%)
Task: 2,	 Epoch: 35/80,	 Avg.loss: 0.0007,	 Accuracy: 799/1000(80%)
Task: 2,	 Epoch: 36/80,	 Avg.loss: 0.0007,	 Accuracy: 794/1000(79%)
Task: 2,	 Epoch: 37/80,	 Avg.loss: 0.0007,	 Accuracy: 798/1000(80%)
Task: 2,	 Epoch: 38/80,	 Avg.loss: 0.0007,	 Accuracy: 803/1000(80%)
Task: 2,	 Epoch: 39/80,	 Avg.loss: 0.0007,	 Accuracy: 808/1000(81%)
Task: 2,	 Epoch: 40/80,	 Avg.loss: 0.0007,	 Accuracy: 798/1000(80%)
Task: 2,	 Epoch: 41/80,	 Avg.loss: 0.0007,	 Accuracy: 797/1000(80%)
Task: 2,	 Epoch: 42/80,	 Avg.loss: 0.0007,	 Accuracy: 818/1000(82%)
Task: 2,	 Epoch: 43/80,	 Avg.loss: 0.0007,	 Accuracy: 797/1000(80%)
Task: 2,	 Epoch: 44/80,	 Avg.loss: 0.0007,	 Accuracy: 799/1000(80%)
Task: 2,	 Epoch: 45/80,	 Avg.loss: 0.0007,	 Accuracy: 795/1000(80%)
Task: 2,	 Epoch: 46/80,	 Avg.loss: 0.0007,	 Accuracy: 798/1000(80%)
Task: 2,	 Epoch: 47/80,	 Avg.loss: 0.0007,	 Accuracy: 792/1000(79%)
Task: 2,	 Epoch: 48/80,	 Avg.loss: 0.0007,	 Accuracy: 805/1000(81%)
Task: 2,	 Epoch: 49/80,	 Avg.loss: 0.0007,	 Accuracy: 795/1000(80%)
Task: 2,	 Epoch: 50/80,	 Avg.loss: 0.0007,	 Accuracy: 801/1000(80%)
Task: 2,	 Epoch: 51/80,	 Avg.loss: 0.0007,	 Accuracy: 811/1000(81%)
Task: 2,	 Epoch: 52/80,	 Avg.loss: 0.0006,	 Accuracy: 815/1000(82%)
Task: 2,	 Epoch: 53/80,	 Avg.loss: 0.0006,	 Accuracy: 825/1000(83%)
Task: 2,	 Epoch: 54/80,	 Avg.loss: 0.0007,	 Accuracy: 817/1000(82%)
Task: 2,	 Epoch: 55/80,	 Avg.loss: 0.0007,	 Accuracy: 815/1000(82%)
Task: 2,	 Epoch: 56/80,	 Avg.loss: 0.0007,	 Accuracy: 819/1000(82%)
Task: 2,	 Epoch: 57/80,	 Avg.loss: 0.0007,	 Accuracy: 821/1000(82%)
Task: 2,	 Epoch: 58/80,	 Avg.loss: 0.0007,	 Accuracy: 817/1000(82%)
Task: 2,	 Epoch: 59/80,	 Avg.loss: 0.0007,	 Accuracy: 807/1000(81%)
Task: 2,	 Epoch: 60/80,	 Avg.loss: 0.0007,	 Accuracy: 818/1000(82%)
Task: 2,	 Epoch: 61/80,	 Avg.loss: 0.0007,	 Accuracy: 814/1000(81%)
Task: 2,	 Epoch: 62/80,	 Avg.loss: 0.0007,	 Accuracy: 814/1000(81%)
Task: 2,	 Epoch: 63/80,	 Avg.loss: 0.0007,	 Accuracy: 817/1000(82%)
Task: 2,	 Epoch: 64/80,	 Avg.loss: 0.0007,	 Accuracy: 818/1000(82%)
Task: 2,	 Epoch: 65/80,	 Avg.loss: 0.0007,	 Accuracy: 817/1000(82%)
Task: 2,	 Epoch: 66/80,	 Avg.loss: 0.0007,	 Accuracy: 816/1000(82%)
Task: 2,	 Epoch: 67/80,	 Avg.loss: 0.0007,	 Accuracy: 819/1000(82%)
Task: 2,	 Epoch: 68/80,	 Avg.loss: 0.0007,	 Accuracy: 819/1000(82%)
Task: 2,	 Epoch: 69/80,	 Avg.loss: 0.0007,	 Accuracy: 814/1000(81%)
Task: 2,	 Epoch: 70/80,	 Avg.loss: 0.0007,	 Accuracy: 822/1000(82%)
Task: 2,	 Epoch: 71/80,	 Avg.loss: 0.0007,	 Accuracy: 819/1000(82%)
Task: 2,	 Epoch: 72/80,	 Avg.loss: 0.0007,	 Accuracy: 818/1000(82%)
Task: 2,	 Epoch: 73/80,	 Avg.loss: 0.0007,	 Accuracy: 821/1000(82%)
Task: 2,	 Epoch: 74/80,	 Avg.loss: 0.0007,	 Accuracy: 823/1000(82%)
Task: 2,	 Epoch: 75/80,	 Avg.loss: 0.0007,	 Accuracy: 815/1000(82%)
Task: 2,	 Epoch: 76/80,	 Avg.loss: 0.0007,	 Accuracy: 819/1000(82%)
Task: 2,	 Epoch: 77/80,	 Avg.loss: 0.0007,	 Accuracy: 819/1000(82%)
Task: 2,	 Epoch: 78/80,	 Avg.loss: 0.0007,	 Accuracy: 817/1000(82%)
Task: 2,	 Epoch: 79/80,	 Avg.loss: 0.0007,	 Accuracy: 810/1000(81%)
Saving head (task#: 2)
Computing MAS
Loading head (task#:0)
Loading mask (task#:0)
Files already downloaded and verified
Files already downloaded and verified
Task: 0,	 Epoch: -1/80,	 Avg.loss: 0.0011,	 Accuracy: 810/1000(81%)
Trained Task:2, Loaded task:0, Accuracy:81.0%
Loading head (task#:1)
Loading mask (task#:1)
Files already downloaded and verified
Files already downloaded and verified
Task: 1,	 Epoch: -1/80,	 Avg.loss: 0.0009,	 Accuracy: 752/1000(75%)
Trained Task:2, Loaded task:1, Accuracy:75.2%
Loading head (task#:2)
Loading mask (task#:2)
Files already downloaded and verified
Files already downloaded and verified
Task: 2,	 Epoch: -1/80,	 Avg.loss: 0.0007,	 Accuracy: 810/1000(81%)
Trained Task:2, Loaded task:2, Accuracy:81.0%
Files already downloaded and verified
Files already downloaded and verified
Layer        : conv1_layer.2.weight
Sum Omega    : 891.4520263671875
Max Fisher   : 1.0
Max Omega    : 1.0
Max Relevance: 1.0753765106201172
Mask active  : 8192.0/8192

Layer        : conv2_layer.2.weight
Sum Omega    : 1759.481689453125
Max Fisher   : 1.0
Max Omega    : 1.0
Max Relevance: 1.2342541217803955
Mask active  : 4096.0/4096

Layer        : fc1_layer.0.weight
Sum Omega    : 57082.671875
Max Fisher   : 1.0
Max Omega    : 1.0
Max Relevance: 1.7794147729873657
Mask active  : 256.0/512

Saving  mask (task#:3)
Mask histogram conv1_layer.2.weight: 	 tensor([   0.,    0.,    0.,    0., 8192.,    0.,    0.,    0.,    0.,    0.],
       device='cuda:0')
Mask histogram conv2_layer.2.weight: 	 tensor([   0.,    0.,    0.,    0., 4096.,    0.,    0.,    0.,    0.,    0.],
       device='cuda:0')
Mask histogram fc1_layer.0.weight: 	 tensor([250.,   5.,   2.,   5., 250.,   0.,   0.,   0.,   0.,   0.],
       device='cuda:0')
Task: 3,	 Epoch: 0/80,	 Avg.loss: 0.0013,	 Accuracy: 601/1000(60%)
Task: 3,	 Epoch: 1/80,	 Avg.loss: 0.0010,	 Accuracy: 675/1000(68%)
Task: 3,	 Epoch: 2/80,	 Avg.loss: 0.0009,	 Accuracy: 682/1000(68%)
Task: 3,	 Epoch: 3/80,	 Avg.loss: 0.0009,	 Accuracy: 705/1000(70%)
Task: 3,	 Epoch: 4/80,	 Avg.loss: 0.0008,	 Accuracy: 741/1000(74%)
Task: 3,	 Epoch: 5/80,	 Avg.loss: 0.0008,	 Accuracy: 742/1000(74%)
Task: 3,	 Epoch: 6/80,	 Avg.loss: 0.0008,	 Accuracy: 735/1000(74%)
Task: 3,	 Epoch: 7/80,	 Avg.loss: 0.0008,	 Accuracy: 736/1000(74%)
Task: 3,	 Epoch: 8/80,	 Avg.loss: 0.0008,	 Accuracy: 746/1000(75%)
Task: 3,	 Epoch: 9/80,	 Avg.loss: 0.0008,	 Accuracy: 756/1000(76%)
Task: 3,	 Epoch: 10/80,	 Avg.loss: 0.0008,	 Accuracy: 740/1000(74%)
Task: 3,	 Epoch: 11/80,	 Avg.loss: 0.0008,	 Accuracy: 731/1000(73%)
Task: 3,	 Epoch: 12/80,	 Avg.loss: 0.0008,	 Accuracy: 748/1000(75%)
Task: 3,	 Epoch: 13/80,	 Avg.loss: 0.0008,	 Accuracy: 744/1000(74%)
Task: 3,	 Epoch: 14/80,	 Avg.loss: 0.0007,	 Accuracy: 763/1000(76%)
Task: 3,	 Epoch: 15/80,	 Avg.loss: 0.0008,	 Accuracy: 751/1000(75%)
Task: 3,	 Epoch: 16/80,	 Avg.loss: 0.0008,	 Accuracy: 748/1000(75%)
Task: 3,	 Epoch: 17/80,	 Avg.loss: 0.0007,	 Accuracy: 765/1000(76%)
Task: 3,	 Epoch: 18/80,	 Avg.loss: 0.0008,	 Accuracy: 752/1000(75%)
Task: 3,	 Epoch: 19/80,	 Avg.loss: 0.0008,	 Accuracy: 750/1000(75%)
Task: 3,	 Epoch: 20/80,	 Avg.loss: 0.0007,	 Accuracy: 754/1000(75%)
Task: 3,	 Epoch: 21/80,	 Avg.loss: 0.0008,	 Accuracy: 751/1000(75%)
Task: 3,	 Epoch: 22/80,	 Avg.loss: 0.0008,	 Accuracy: 765/1000(76%)
Task: 3,	 Epoch: 23/80,	 Avg.loss: 0.0008,	 Accuracy: 752/1000(75%)
Task: 3,	 Epoch: 24/80,	 Avg.loss: 0.0008,	 Accuracy: 753/1000(75%)
Task: 3,	 Epoch: 25/80,	 Avg.loss: 0.0007,	 Accuracy: 773/1000(77%)
Task: 3,	 Epoch: 26/80,	 Avg.loss: 0.0008,	 Accuracy: 758/1000(76%)
Task: 3,	 Epoch: 27/80,	 Avg.loss: 0.0008,	 Accuracy: 756/1000(76%)
Task: 3,	 Epoch: 28/80,	 Avg.loss: 0.0008,	 Accuracy: 759/1000(76%)
Task: 3,	 Epoch: 29/80,	 Avg.loss: 0.0008,	 Accuracy: 739/1000(74%)
Task: 3,	 Epoch: 30/80,	 Avg.loss: 0.0008,	 Accuracy: 764/1000(76%)
Task: 3,	 Epoch: 31/80,	 Avg.loss: 0.0008,	 Accuracy: 761/1000(76%)
Task: 3,	 Epoch: 32/80,	 Avg.loss: 0.0008,	 Accuracy: 745/1000(74%)
Task: 3,	 Epoch: 33/80,	 Avg.loss: 0.0007,	 Accuracy: 752/1000(75%)
Task: 3,	 Epoch: 34/80,	 Avg.loss: 0.0008,	 Accuracy: 752/1000(75%)
Task: 3,	 Epoch: 35/80,	 Avg.loss: 0.0008,	 Accuracy: 758/1000(76%)
Task: 3,	 Epoch: 36/80,	 Avg.loss: 0.0008,	 Accuracy: 749/1000(75%)
Task: 3,	 Epoch: 37/80,	 Avg.loss: 0.0008,	 Accuracy: 752/1000(75%)
Task: 3,	 Epoch: 38/80,	 Avg.loss: 0.0008,	 Accuracy: 766/1000(77%)
Task: 3,	 Epoch: 39/80,	 Avg.loss: 0.0008,	 Accuracy: 739/1000(74%)
Task: 3,	 Epoch: 40/80,	 Avg.loss: 0.0008,	 Accuracy: 752/1000(75%)
Task: 3,	 Epoch: 41/80,	 Avg.loss: 0.0008,	 Accuracy: 751/1000(75%)
Task: 3,	 Epoch: 42/80,	 Avg.loss: 0.0008,	 Accuracy: 748/1000(75%)
Task: 3,	 Epoch: 43/80,	 Avg.loss: 0.0008,	 Accuracy: 758/1000(76%)
Task: 3,	 Epoch: 44/80,	 Avg.loss: 0.0008,	 Accuracy: 749/1000(75%)
Task: 3,	 Epoch: 45/80,	 Avg.loss: 0.0008,	 Accuracy: 759/1000(76%)
Task: 3,	 Epoch: 46/80,	 Avg.loss: 0.0008,	 Accuracy: 741/1000(74%)
Task: 3,	 Epoch: 47/80,	 Avg.loss: 0.0008,	 Accuracy: 764/1000(76%)
Task: 3,	 Epoch: 48/80,	 Avg.loss: 0.0008,	 Accuracy: 757/1000(76%)
Task: 3,	 Epoch: 49/80,	 Avg.loss: 0.0008,	 Accuracy: 748/1000(75%)
Task: 3,	 Epoch: 50/80,	 Avg.loss: 0.0007,	 Accuracy: 768/1000(77%)
Task: 3,	 Epoch: 51/80,	 Avg.loss: 0.0007,	 Accuracy: 777/1000(78%)
Task: 3,	 Epoch: 52/80,	 Avg.loss: 0.0007,	 Accuracy: 770/1000(77%)
Task: 3,	 Epoch: 53/80,	 Avg.loss: 0.0007,	 Accuracy: 771/1000(77%)
Task: 3,	 Epoch: 54/80,	 Avg.loss: 0.0007,	 Accuracy: 775/1000(78%)
Task: 3,	 Epoch: 55/80,	 Avg.loss: 0.0007,	 Accuracy: 778/1000(78%)
Task: 3,	 Epoch: 56/80,	 Avg.loss: 0.0007,	 Accuracy: 766/1000(77%)
Task: 3,	 Epoch: 57/80,	 Avg.loss: 0.0007,	 Accuracy: 776/1000(78%)
Task: 3,	 Epoch: 58/80,	 Avg.loss: 0.0007,	 Accuracy: 773/1000(77%)
Task: 3,	 Epoch: 59/80,	 Avg.loss: 0.0007,	 Accuracy: 776/1000(78%)
Task: 3,	 Epoch: 60/80,	 Avg.loss: 0.0007,	 Accuracy: 775/1000(78%)
Task: 3,	 Epoch: 61/80,	 Avg.loss: 0.0007,	 Accuracy: 775/1000(78%)
Task: 3,	 Epoch: 62/80,	 Avg.loss: 0.0007,	 Accuracy: 778/1000(78%)
Task: 3,	 Epoch: 63/80,	 Avg.loss: 0.0007,	 Accuracy: 773/1000(77%)
Task: 3,	 Epoch: 64/80,	 Avg.loss: 0.0007,	 Accuracy: 773/1000(77%)
Task: 3,	 Epoch: 65/80,	 Avg.loss: 0.0007,	 Accuracy: 775/1000(78%)
Task: 3,	 Epoch: 66/80,	 Avg.loss: 0.0007,	 Accuracy: 771/1000(77%)
Task: 3,	 Epoch: 67/80,	 Avg.loss: 0.0007,	 Accuracy: 767/1000(77%)
Task: 3,	 Epoch: 68/80,	 Avg.loss: 0.0007,	 Accuracy: 771/1000(77%)
Task: 3,	 Epoch: 69/80,	 Avg.loss: 0.0007,	 Accuracy: 774/1000(77%)
Task: 3,	 Epoch: 70/80,	 Avg.loss: 0.0007,	 Accuracy: 768/1000(77%)
Task: 3,	 Epoch: 71/80,	 Avg.loss: 0.0007,	 Accuracy: 769/1000(77%)
Task: 3,	 Epoch: 72/80,	 Avg.loss: 0.0008,	 Accuracy: 766/1000(77%)
Task: 3,	 Epoch: 73/80,	 Avg.loss: 0.0007,	 Accuracy: 769/1000(77%)
Task: 3,	 Epoch: 74/80,	 Avg.loss: 0.0007,	 Accuracy: 772/1000(77%)
Task: 3,	 Epoch: 75/80,	 Avg.loss: 0.0007,	 Accuracy: 779/1000(78%)
Task: 3,	 Epoch: 76/80,	 Avg.loss: 0.0007,	 Accuracy: 784/1000(78%)
Task: 3,	 Epoch: 77/80,	 Avg.loss: 0.0007,	 Accuracy: 786/1000(79%)
Task: 3,	 Epoch: 78/80,	 Avg.loss: 0.0008,	 Accuracy: 774/1000(77%)
Task: 3,	 Epoch: 79/80,	 Avg.loss: 0.0007,	 Accuracy: 775/1000(78%)
Saving head (task#: 3)
Computing MAS
Loading head (task#:0)
Loading mask (task#:0)
Files already downloaded and verified
Files already downloaded and verified
Task: 0,	 Epoch: -1/80,	 Avg.loss: 0.0009,	 Accuracy: 836/1000(84%)
Trained Task:3, Loaded task:0, Accuracy:83.6%
Loading head (task#:1)
Loading mask (task#:1)
Files already downloaded and verified
Files already downloaded and verified
Task: 1,	 Epoch: -1/80,	 Avg.loss: 0.0009,	 Accuracy: 747/1000(75%)
Trained Task:3, Loaded task:1, Accuracy:74.7%
Loading head (task#:2)
Loading mask (task#:2)
Files already downloaded and verified
Files already downloaded and verified
Task: 2,	 Epoch: -1/80,	 Avg.loss: 0.0007,	 Accuracy: 795/1000(80%)
Trained Task:3, Loaded task:2, Accuracy:79.5%
Loading head (task#:3)
Loading mask (task#:3)
Files already downloaded and verified
Files already downloaded and verified
Task: 3,	 Epoch: -1/80,	 Avg.loss: 0.0007,	 Accuracy: 775/1000(78%)
Trained Task:3, Loaded task:3, Accuracy:77.5%
Files already downloaded and verified
Files already downloaded and verified
Layer        : conv1_layer.2.weight
Sum Omega    : 875.170654296875
Max Fisher   : 1.0
Max Omega    : 1.0
Max Relevance: 1.2559202909469604
Mask active  : 8192.0/8192

Layer        : conv2_layer.2.weight
Sum Omega    : 1818.34033203125
Max Fisher   : 1.0
Max Omega    : 1.0
Max Relevance: 1.2967987060546875
Mask active  : 4096.0/4096

Layer        : fc1_layer.0.weight
Sum Omega    : 59627.921875
Max Fisher   : 1.0
Max Omega    : 1.0
Max Relevance: 1.2433370351791382
Mask active  : 256.0/512

Saving  mask (task#:4)
Mask histogram conv1_layer.2.weight: 	 tensor([   0.,    0.,    0.,    0.,    0., 8192.,    0.,    0.,    0.,    0.],
       device='cuda:0')
Mask histogram conv2_layer.2.weight: 	 tensor([   0.,    0.,    0.,    0.,    0., 4096.,    0.,    0.,    0.,    0.],
       device='cuda:0')
Mask histogram fc1_layer.0.weight: 	 tensor([250.,   4.,   2.,   1.,   6., 249.,   0.,   0.,   0.,   0.],
       device='cuda:0')
Task: 4,	 Epoch: 0/80,	 Avg.loss: 0.0009,	 Accuracy: 726/1000(73%)
Task: 4,	 Epoch: 1/80,	 Avg.loss: 0.0007,	 Accuracy: 757/1000(76%)
Task: 4,	 Epoch: 2/80,	 Avg.loss: 0.0007,	 Accuracy: 770/1000(77%)
Task: 4,	 Epoch: 3/80,	 Avg.loss: 0.0007,	 Accuracy: 780/1000(78%)
Task: 4,	 Epoch: 4/80,	 Avg.loss: 0.0007,	 Accuracy: 771/1000(77%)
Task: 4,	 Epoch: 5/80,	 Avg.loss: 0.0007,	 Accuracy: 779/1000(78%)
Task: 4,	 Epoch: 6/80,	 Avg.loss: 0.0007,	 Accuracy: 758/1000(76%)
Task: 4,	 Epoch: 7/80,	 Avg.loss: 0.0007,	 Accuracy: 772/1000(77%)
Task: 4,	 Epoch: 8/80,	 Avg.loss: 0.0007,	 Accuracy: 770/1000(77%)
Task: 4,	 Epoch: 9/80,	 Avg.loss: 0.0007,	 Accuracy: 782/1000(78%)
Task: 4,	 Epoch: 10/80,	 Avg.loss: 0.0007,	 Accuracy: 779/1000(78%)
Task: 4,	 Epoch: 11/80,	 Avg.loss: 0.0006,	 Accuracy: 778/1000(78%)
Task: 4,	 Epoch: 12/80,	 Avg.loss: 0.0007,	 Accuracy: 770/1000(77%)
Task: 4,	 Epoch: 13/80,	 Avg.loss: 0.0006,	 Accuracy: 786/1000(79%)
Task: 4,	 Epoch: 14/80,	 Avg.loss: 0.0007,	 Accuracy: 776/1000(78%)
Task: 4,	 Epoch: 15/80,	 Avg.loss: 0.0007,	 Accuracy: 770/1000(77%)
Task: 4,	 Epoch: 16/80,	 Avg.loss: 0.0007,	 Accuracy: 777/1000(78%)
Task: 4,	 Epoch: 17/80,	 Avg.loss: 0.0008,	 Accuracy: 754/1000(75%)
Task: 4,	 Epoch: 18/80,	 Avg.loss: 0.0007,	 Accuracy: 783/1000(78%)
Task: 4,	 Epoch: 19/80,	 Avg.loss: 0.0008,	 Accuracy: 780/1000(78%)
Task: 4,	 Epoch: 20/80,	 Avg.loss: 0.0006,	 Accuracy: 799/1000(80%)
Task: 4,	 Epoch: 21/80,	 Avg.loss: 0.0007,	 Accuracy: 777/1000(78%)
Task: 4,	 Epoch: 22/80,	 Avg.loss: 0.0007,	 Accuracy: 789/1000(79%)
Task: 4,	 Epoch: 23/80,	 Avg.loss: 0.0006,	 Accuracy: 803/1000(80%)
Task: 4,	 Epoch: 24/80,	 Avg.loss: 0.0007,	 Accuracy: 782/1000(78%)
Task: 4,	 Epoch: 25/80,	 Avg.loss: 0.0006,	 Accuracy: 782/1000(78%)
Task: 4,	 Epoch: 26/80,	 Avg.loss: 0.0007,	 Accuracy: 782/1000(78%)
Task: 4,	 Epoch: 27/80,	 Avg.loss: 0.0007,	 Accuracy: 789/1000(79%)
Task: 4,	 Epoch: 28/80,	 Avg.loss: 0.0007,	 Accuracy: 794/1000(79%)
Task: 4,	 Epoch: 29/80,	 Avg.loss: 0.0006,	 Accuracy: 790/1000(79%)
Task: 4,	 Epoch: 30/80,	 Avg.loss: 0.0007,	 Accuracy: 795/1000(80%)
Task: 4,	 Epoch: 31/80,	 Avg.loss: 0.0006,	 Accuracy: 791/1000(79%)
Task: 4,	 Epoch: 32/80,	 Avg.loss: 0.0007,	 Accuracy: 782/1000(78%)
Task: 4,	 Epoch: 33/80,	 Avg.loss: 0.0007,	 Accuracy: 772/1000(77%)
Task: 4,	 Epoch: 34/80,	 Avg.loss: 0.0006,	 Accuracy: 782/1000(78%)
Task: 4,	 Epoch: 35/80,	 Avg.loss: 0.0007,	 Accuracy: 780/1000(78%)
Task: 4,	 Epoch: 36/80,	 Avg.loss: 0.0007,	 Accuracy: 774/1000(77%)
Task: 4,	 Epoch: 37/80,	 Avg.loss: 0.0007,	 Accuracy: 776/1000(78%)
Task: 4,	 Epoch: 38/80,	 Avg.loss: 0.0007,	 Accuracy: 799/1000(80%)
Task: 4,	 Epoch: 39/80,	 Avg.loss: 0.0007,	 Accuracy: 771/1000(77%)
Task: 4,	 Epoch: 40/80,	 Avg.loss: 0.0007,	 Accuracy: 785/1000(78%)
Task: 4,	 Epoch: 41/80,	 Avg.loss: 0.0007,	 Accuracy: 786/1000(79%)
Task: 4,	 Epoch: 42/80,	 Avg.loss: 0.0007,	 Accuracy: 791/1000(79%)
Task: 4,	 Epoch: 43/80,	 Avg.loss: 0.0007,	 Accuracy: 762/1000(76%)
Task: 4,	 Epoch: 44/80,	 Avg.loss: 0.0007,	 Accuracy: 786/1000(79%)
Task: 4,	 Epoch: 45/80,	 Avg.loss: 0.0006,	 Accuracy: 787/1000(79%)
Task: 4,	 Epoch: 46/80,	 Avg.loss: 0.0007,	 Accuracy: 780/1000(78%)
Task: 4,	 Epoch: 47/80,	 Avg.loss: 0.0007,	 Accuracy: 773/1000(77%)
Task: 4,	 Epoch: 48/80,	 Avg.loss: 0.0007,	 Accuracy: 771/1000(77%)
Task: 4,	 Epoch: 49/80,	 Avg.loss: 0.0007,	 Accuracy: 782/1000(78%)
Task: 4,	 Epoch: 50/80,	 Avg.loss: 0.0006,	 Accuracy: 806/1000(81%)
Task: 4,	 Epoch: 51/80,	 Avg.loss: 0.0006,	 Accuracy: 808/1000(81%)
Task: 4,	 Epoch: 52/80,	 Avg.loss: 0.0006,	 Accuracy: 803/1000(80%)
Task: 4,	 Epoch: 53/80,	 Avg.loss: 0.0006,	 Accuracy: 804/1000(80%)
Task: 4,	 Epoch: 54/80,	 Avg.loss: 0.0006,	 Accuracy: 801/1000(80%)
Task: 4,	 Epoch: 55/80,	 Avg.loss: 0.0006,	 Accuracy: 801/1000(80%)
Task: 4,	 Epoch: 56/80,	 Avg.loss: 0.0006,	 Accuracy: 799/1000(80%)
Task: 4,	 Epoch: 57/80,	 Avg.loss: 0.0006,	 Accuracy: 802/1000(80%)
Task: 4,	 Epoch: 58/80,	 Avg.loss: 0.0006,	 Accuracy: 806/1000(81%)
Task: 4,	 Epoch: 59/80,	 Avg.loss: 0.0006,	 Accuracy: 795/1000(80%)
Task: 4,	 Epoch: 60/80,	 Avg.loss: 0.0006,	 Accuracy: 797/1000(80%)
Task: 4,	 Epoch: 61/80,	 Avg.loss: 0.0006,	 Accuracy: 798/1000(80%)
Task: 4,	 Epoch: 62/80,	 Avg.loss: 0.0006,	 Accuracy: 795/1000(80%)
Task: 4,	 Epoch: 63/80,	 Avg.loss: 0.0006,	 Accuracy: 799/1000(80%)
Task: 4,	 Epoch: 64/80,	 Avg.loss: 0.0006,	 Accuracy: 803/1000(80%)
Task: 4,	 Epoch: 65/80,	 Avg.loss: 0.0006,	 Accuracy: 794/1000(79%)
Task: 4,	 Epoch: 66/80,	 Avg.loss: 0.0006,	 Accuracy: 799/1000(80%)
Task: 4,	 Epoch: 67/80,	 Avg.loss: 0.0006,	 Accuracy: 802/1000(80%)
Task: 4,	 Epoch: 68/80,	 Avg.loss: 0.0006,	 Accuracy: 798/1000(80%)
Task: 4,	 Epoch: 69/80,	 Avg.loss: 0.0007,	 Accuracy: 797/1000(80%)
Task: 4,	 Epoch: 70/80,	 Avg.loss: 0.0006,	 Accuracy: 795/1000(80%)
Task: 4,	 Epoch: 71/80,	 Avg.loss: 0.0006,	 Accuracy: 809/1000(81%)
Task: 4,	 Epoch: 72/80,	 Avg.loss: 0.0006,	 Accuracy: 797/1000(80%)
Task: 4,	 Epoch: 73/80,	 Avg.loss: 0.0006,	 Accuracy: 798/1000(80%)
Task: 4,	 Epoch: 74/80,	 Avg.loss: 0.0006,	 Accuracy: 801/1000(80%)
Task: 4,	 Epoch: 75/80,	 Avg.loss: 0.0006,	 Accuracy: 798/1000(80%)
Task: 4,	 Epoch: 76/80,	 Avg.loss: 0.0006,	 Accuracy: 798/1000(80%)
Task: 4,	 Epoch: 77/80,	 Avg.loss: 0.0006,	 Accuracy: 799/1000(80%)
Task: 4,	 Epoch: 78/80,	 Avg.loss: 0.0006,	 Accuracy: 795/1000(80%)
Task: 4,	 Epoch: 79/80,	 Avg.loss: 0.0006,	 Accuracy: 802/1000(80%)
Saving head (task#: 4)
Computing MAS
Loading head (task#:0)
Loading mask (task#:0)
Files already downloaded and verified
Files already downloaded and verified
Task: 0,	 Epoch: -1/80,	 Avg.loss: 0.0011,	 Accuracy: 810/1000(81%)
Trained Task:4, Loaded task:0, Accuracy:81.0%
Loading head (task#:1)
Loading mask (task#:1)
Files already downloaded and verified
Files already downloaded and verified
Task: 1,	 Epoch: -1/80,	 Avg.loss: 0.0010,	 Accuracy: 751/1000(75%)
Trained Task:4, Loaded task:1, Accuracy:75.1%
Loading head (task#:2)
Loading mask (task#:2)
Files already downloaded and verified
Files already downloaded and verified
Task: 2,	 Epoch: -1/80,	 Avg.loss: 0.0008,	 Accuracy: 769/1000(77%)
Trained Task:4, Loaded task:2, Accuracy:76.9%
Loading head (task#:3)
Loading mask (task#:3)
Files already downloaded and verified
Files already downloaded and verified
Task: 3,	 Epoch: -1/80,	 Avg.loss: 0.0008,	 Accuracy: 749/1000(75%)
Trained Task:4, Loaded task:3, Accuracy:74.9%
Loading head (task#:4)
Loading mask (task#:4)
Files already downloaded and verified
Files already downloaded and verified
Task: 4,	 Epoch: -1/80,	 Avg.loss: 0.0006,	 Accuracy: 802/1000(80%)
Trained Task:4, Loaded task:4, Accuracy:80.2%
Files already downloaded and verified
Files already downloaded and verified
Layer        : conv1_layer.2.weight
Sum Omega    : 888.455810546875
Max Fisher   : 1.0
Max Omega    : 1.0
Max Relevance: 1.044392466545105
Mask active  : 8192.0/8192

Layer        : conv2_layer.2.weight
Sum Omega    : 1780.2135009765625
Max Fisher   : 1.0
Max Omega    : 1.0
Max Relevance: 1.2473812103271484
Mask active  : 4096.0/4096

Layer        : fc1_layer.0.weight
Sum Omega    : 53897.16015625
Max Fisher   : 1.0
Max Omega    : 1.0
Max Relevance: 1.7344307899475098
Mask active  : 256.0/512

Saving  mask (task#:5)
Mask histogram conv1_layer.2.weight: 	 tensor([   0.,    0.,    0.,    0.,    0.,    0., 8192.,    0.,    0.,    0.],
       device='cuda:0')
Mask histogram conv2_layer.2.weight: 	 tensor([   0.,    0.,    0.,    0.,    0.,    0., 4096.,    0.,    0.,    0.],
       device='cuda:0')
Mask histogram fc1_layer.0.weight: 	 tensor([250.,   4.,   1.,   1.,   2.,   5., 249.,   0.,   0.,   0.],
       device='cuda:0')
Task: 5,	 Epoch: 0/80,	 Avg.loss: 0.0009,	 Accuracy: 672/1000(67%)
Task: 5,	 Epoch: 1/80,	 Avg.loss: 0.0008,	 Accuracy: 718/1000(72%)
Task: 5,	 Epoch: 2/80,	 Avg.loss: 0.0008,	 Accuracy: 727/1000(73%)
Task: 5,	 Epoch: 3/80,	 Avg.loss: 0.0008,	 Accuracy: 736/1000(74%)
Task: 5,	 Epoch: 4/80,	 Avg.loss: 0.0008,	 Accuracy: 735/1000(74%)
Task: 5,	 Epoch: 5/80,	 Avg.loss: 0.0007,	 Accuracy: 743/1000(74%)
Task: 5,	 Epoch: 6/80,	 Avg.loss: 0.0007,	 Accuracy: 750/1000(75%)
Task: 5,	 Epoch: 7/80,	 Avg.loss: 0.0008,	 Accuracy: 743/1000(74%)
Task: 5,	 Epoch: 8/80,	 Avg.loss: 0.0008,	 Accuracy: 721/1000(72%)
Task: 5,	 Epoch: 9/80,	 Avg.loss: 0.0007,	 Accuracy: 753/1000(75%)
Task: 5,	 Epoch: 10/80,	 Avg.loss: 0.0007,	 Accuracy: 744/1000(74%)
Task: 5,	 Epoch: 11/80,	 Avg.loss: 0.0008,	 Accuracy: 728/1000(73%)
Task: 5,	 Epoch: 12/80,	 Avg.loss: 0.0007,	 Accuracy: 755/1000(76%)
Task: 5,	 Epoch: 13/80,	 Avg.loss: 0.0007,	 Accuracy: 759/1000(76%)
Task: 5,	 Epoch: 14/80,	 Avg.loss: 0.0007,	 Accuracy: 763/1000(76%)
Task: 5,	 Epoch: 15/80,	 Avg.loss: 0.0007,	 Accuracy: 752/1000(75%)
Task: 5,	 Epoch: 16/80,	 Avg.loss: 0.0007,	 Accuracy: 761/1000(76%)
Task: 5,	 Epoch: 17/80,	 Avg.loss: 0.0007,	 Accuracy: 746/1000(75%)
Task: 5,	 Epoch: 18/80,	 Avg.loss: 0.0008,	 Accuracy: 730/1000(73%)
Task: 5,	 Epoch: 19/80,	 Avg.loss: 0.0007,	 Accuracy: 771/1000(77%)
Task: 5,	 Epoch: 20/80,	 Avg.loss: 0.0008,	 Accuracy: 722/1000(72%)
Task: 5,	 Epoch: 21/80,	 Avg.loss: 0.0007,	 Accuracy: 738/1000(74%)
Task: 5,	 Epoch: 22/80,	 Avg.loss: 0.0007,	 Accuracy: 743/1000(74%)
Task: 5,	 Epoch: 23/80,	 Avg.loss: 0.0007,	 Accuracy: 755/1000(76%)
Task: 5,	 Epoch: 24/80,	 Avg.loss: 0.0007,	 Accuracy: 756/1000(76%)
Task: 5,	 Epoch: 25/80,	 Avg.loss: 0.0007,	 Accuracy: 757/1000(76%)
Task: 5,	 Epoch: 26/80,	 Avg.loss: 0.0008,	 Accuracy: 736/1000(74%)
Task: 5,	 Epoch: 27/80,	 Avg.loss: 0.0007,	 Accuracy: 763/1000(76%)
Task: 5,	 Epoch: 28/80,	 Avg.loss: 0.0007,	 Accuracy: 747/1000(75%)
Task: 5,	 Epoch: 29/80,	 Avg.loss: 0.0007,	 Accuracy: 755/1000(76%)
Task: 5,	 Epoch: 30/80,	 Avg.loss: 0.0007,	 Accuracy: 756/1000(76%)
Task: 5,	 Epoch: 31/80,	 Avg.loss: 0.0007,	 Accuracy: 746/1000(75%)
Task: 5,	 Epoch: 32/80,	 Avg.loss: 0.0007,	 Accuracy: 768/1000(77%)
Task: 5,	 Epoch: 33/80,	 Avg.loss: 0.0007,	 Accuracy: 747/1000(75%)
Task: 5,	 Epoch: 34/80,	 Avg.loss: 0.0008,	 Accuracy: 744/1000(74%)
Task: 5,	 Epoch: 35/80,	 Avg.loss: 0.0007,	 Accuracy: 752/1000(75%)
Task: 5,	 Epoch: 36/80,	 Avg.loss: 0.0007,	 Accuracy: 743/1000(74%)
Task: 5,	 Epoch: 37/80,	 Avg.loss: 0.0008,	 Accuracy: 743/1000(74%)
Task: 5,	 Epoch: 38/80,	 Avg.loss: 0.0007,	 Accuracy: 757/1000(76%)
Task: 5,	 Epoch: 39/80,	 Avg.loss: 0.0007,	 Accuracy: 772/1000(77%)
Task: 5,	 Epoch: 40/80,	 Avg.loss: 0.0007,	 Accuracy: 764/1000(76%)
Task: 5,	 Epoch: 41/80,	 Avg.loss: 0.0007,	 Accuracy: 748/1000(75%)
Task: 5,	 Epoch: 42/80,	 Avg.loss: 0.0007,	 Accuracy: 757/1000(76%)
Task: 5,	 Epoch: 43/80,	 Avg.loss: 0.0007,	 Accuracy: 746/1000(75%)
Task: 5,	 Epoch: 44/80,	 Avg.loss: 0.0007,	 Accuracy: 742/1000(74%)
Task: 5,	 Epoch: 45/80,	 Avg.loss: 0.0008,	 Accuracy: 729/1000(73%)
Task: 5,	 Epoch: 46/80,	 Avg.loss: 0.0008,	 Accuracy: 746/1000(75%)
Task: 5,	 Epoch: 47/80,	 Avg.loss: 0.0007,	 Accuracy: 771/1000(77%)
Task: 5,	 Epoch: 48/80,	 Avg.loss: 0.0008,	 Accuracy: 739/1000(74%)
Task: 5,	 Epoch: 49/80,	 Avg.loss: 0.0007,	 Accuracy: 751/1000(75%)
Task: 5,	 Epoch: 50/80,	 Avg.loss: 0.0007,	 Accuracy: 776/1000(78%)
Task: 5,	 Epoch: 51/80,	 Avg.loss: 0.0007,	 Accuracy: 776/1000(78%)
Task: 5,	 Epoch: 52/80,	 Avg.loss: 0.0007,	 Accuracy: 773/1000(77%)
Task: 5,	 Epoch: 53/80,	 Avg.loss: 0.0007,	 Accuracy: 775/1000(78%)
Task: 5,	 Epoch: 54/80,	 Avg.loss: 0.0007,	 Accuracy: 767/1000(77%)
Task: 5,	 Epoch: 55/80,	 Avg.loss: 0.0007,	 Accuracy: 774/1000(77%)
Task: 5,	 Epoch: 56/80,	 Avg.loss: 0.0007,	 Accuracy: 775/1000(78%)
Task: 5,	 Epoch: 57/80,	 Avg.loss: 0.0007,	 Accuracy: 772/1000(77%)
Task: 5,	 Epoch: 58/80,	 Avg.loss: 0.0007,	 Accuracy: 771/1000(77%)
Task: 5,	 Epoch: 59/80,	 Avg.loss: 0.0007,	 Accuracy: 767/1000(77%)
Task: 5,	 Epoch: 60/80,	 Avg.loss: 0.0007,	 Accuracy: 776/1000(78%)
Task: 5,	 Epoch: 61/80,	 Avg.loss: 0.0007,	 Accuracy: 774/1000(77%)
Task: 5,	 Epoch: 62/80,	 Avg.loss: 0.0007,	 Accuracy: 771/1000(77%)
Task: 5,	 Epoch: 63/80,	 Avg.loss: 0.0007,	 Accuracy: 772/1000(77%)
Task: 5,	 Epoch: 64/80,	 Avg.loss: 0.0007,	 Accuracy: 778/1000(78%)
Task: 5,	 Epoch: 65/80,	 Avg.loss: 0.0007,	 Accuracy: 774/1000(77%)
Task: 5,	 Epoch: 66/80,	 Avg.loss: 0.0007,	 Accuracy: 768/1000(77%)
Task: 5,	 Epoch: 67/80,	 Avg.loss: 0.0007,	 Accuracy: 767/1000(77%)
Task: 5,	 Epoch: 68/80,	 Avg.loss: 0.0007,	 Accuracy: 769/1000(77%)
Task: 5,	 Epoch: 69/80,	 Avg.loss: 0.0007,	 Accuracy: 775/1000(78%)
Task: 5,	 Epoch: 70/80,	 Avg.loss: 0.0007,	 Accuracy: 781/1000(78%)
Task: 5,	 Epoch: 71/80,	 Avg.loss: 0.0007,	 Accuracy: 771/1000(77%)
Task: 5,	 Epoch: 72/80,	 Avg.loss: 0.0007,	 Accuracy: 778/1000(78%)
Task: 5,	 Epoch: 73/80,	 Avg.loss: 0.0007,	 Accuracy: 782/1000(78%)
Task: 5,	 Epoch: 74/80,	 Avg.loss: 0.0007,	 Accuracy: 780/1000(78%)
Task: 5,	 Epoch: 75/80,	 Avg.loss: 0.0007,	 Accuracy: 783/1000(78%)
Task: 5,	 Epoch: 76/80,	 Avg.loss: 0.0007,	 Accuracy: 781/1000(78%)
Task: 5,	 Epoch: 77/80,	 Avg.loss: 0.0007,	 Accuracy: 783/1000(78%)
Task: 5,	 Epoch: 78/80,	 Avg.loss: 0.0007,	 Accuracy: 778/1000(78%)
Task: 5,	 Epoch: 79/80,	 Avg.loss: 0.0007,	 Accuracy: 768/1000(77%)
Saving head (task#: 5)
Computing MAS
Loading head (task#:0)
Loading mask (task#:0)
Files already downloaded and verified
Files already downloaded and verified
Task: 0,	 Epoch: -1/80,	 Avg.loss: 0.0012,	 Accuracy: 816/1000(82%)
Trained Task:5, Loaded task:0, Accuracy:81.6%
Loading head (task#:1)
Loading mask (task#:1)
Files already downloaded and verified
Files already downloaded and verified
Task: 1,	 Epoch: -1/80,	 Avg.loss: 0.0011,	 Accuracy: 740/1000(74%)
Trained Task:5, Loaded task:1, Accuracy:74.0%
Loading head (task#:2)
Loading mask (task#:2)
Files already downloaded and verified
Files already downloaded and verified
Task: 2,	 Epoch: -1/80,	 Avg.loss: 0.0009,	 Accuracy: 752/1000(75%)
Trained Task:5, Loaded task:2, Accuracy:75.2%
Loading head (task#:3)
Loading mask (task#:3)
Files already downloaded and verified
Files already downloaded and verified
Task: 3,	 Epoch: -1/80,	 Avg.loss: 0.0009,	 Accuracy: 754/1000(75%)
Trained Task:5, Loaded task:3, Accuracy:75.4%
Loading head (task#:4)
Loading mask (task#:4)
Files already downloaded and verified
Files already downloaded and verified
Task: 4,	 Epoch: -1/80,	 Avg.loss: 0.0007,	 Accuracy: 791/1000(79%)
Trained Task:5, Loaded task:4, Accuracy:79.1%
Loading head (task#:5)
Loading mask (task#:5)
Files already downloaded and verified
Files already downloaded and verified
Task: 5,	 Epoch: -1/80,	 Avg.loss: 0.0007,	 Accuracy: 768/1000(77%)
Trained Task:5, Loaded task:5, Accuracy:76.8%
Files already downloaded and verified
Files already downloaded and verified
Layer        : conv1_layer.2.weight
Sum Omega    : 882.727294921875
Max Fisher   : 1.0
Max Omega    : 1.0
Max Relevance: 1.0398006439208984
Mask active  : 8192.0/8192

Layer        : conv2_layer.2.weight
Sum Omega    : 1881.087646484375
Max Fisher   : 1.0
Max Omega    : 1.0
Max Relevance: 1.4420121908187866
Mask active  : 4096.0/4096

Layer        : fc1_layer.0.weight
Sum Omega    : 57218.78515625
Max Fisher   : 1.0
Max Omega    : 1.0
Max Relevance: 1.5405330657958984
Mask active  : 256.0/512

Saving  mask (task#:6)
Mask histogram conv1_layer.2.weight: 	 tensor([   0.,    0.,    0.,    0.,    0.,    0.,    0., 8192.,    0.,    0.],
       device='cuda:0')
Mask histogram conv2_layer.2.weight: 	 tensor([   0.,    0.,    0.,    0.,    0.,    0.,    0., 4096.,    0.,    0.],
       device='cuda:0')
Mask histogram fc1_layer.0.weight: 	 tensor([250.,   4.,   1.,   0.,   1.,   3.,   4., 249.,   0.,   0.],
       device='cuda:0')
Task: 6,	 Epoch: 0/80,	 Avg.loss: 0.0010,	 Accuracy: 663/1000(66%)
Task: 6,	 Epoch: 1/80,	 Avg.loss: 0.0008,	 Accuracy: 715/1000(72%)
Task: 6,	 Epoch: 2/80,	 Avg.loss: 0.0008,	 Accuracy: 712/1000(71%)
Task: 6,	 Epoch: 3/80,	 Avg.loss: 0.0008,	 Accuracy: 724/1000(72%)
Task: 6,	 Epoch: 4/80,	 Avg.loss: 0.0008,	 Accuracy: 731/1000(73%)
Task: 6,	 Epoch: 5/80,	 Avg.loss: 0.0007,	 Accuracy: 744/1000(74%)
Task: 6,	 Epoch: 6/80,	 Avg.loss: 0.0007,	 Accuracy: 731/1000(73%)
Task: 6,	 Epoch: 7/80,	 Avg.loss: 0.0008,	 Accuracy: 728/1000(73%)
Task: 6,	 Epoch: 8/80,	 Avg.loss: 0.0007,	 Accuracy: 743/1000(74%)
Task: 6,	 Epoch: 9/80,	 Avg.loss: 0.0007,	 Accuracy: 752/1000(75%)
Task: 6,	 Epoch: 10/80,	 Avg.loss: 0.0007,	 Accuracy: 744/1000(74%)
Task: 6,	 Epoch: 11/80,	 Avg.loss: 0.0008,	 Accuracy: 731/1000(73%)
Task: 6,	 Epoch: 12/80,	 Avg.loss: 0.0007,	 Accuracy: 752/1000(75%)
Task: 6,	 Epoch: 13/80,	 Avg.loss: 0.0007,	 Accuracy: 756/1000(76%)
Task: 6,	 Epoch: 14/80,	 Avg.loss: 0.0007,	 Accuracy: 765/1000(76%)
Task: 6,	 Epoch: 15/80,	 Avg.loss: 0.0007,	 Accuracy: 746/1000(75%)
Task: 6,	 Epoch: 16/80,	 Avg.loss: 0.0007,	 Accuracy: 746/1000(75%)
Task: 6,	 Epoch: 17/80,	 Avg.loss: 0.0007,	 Accuracy: 750/1000(75%)
Task: 6,	 Epoch: 18/80,	 Avg.loss: 0.0007,	 Accuracy: 761/1000(76%)
Task: 6,	 Epoch: 19/80,	 Avg.loss: 0.0007,	 Accuracy: 769/1000(77%)
Task: 6,	 Epoch: 20/80,	 Avg.loss: 0.0007,	 Accuracy: 769/1000(77%)
Task: 6,	 Epoch: 21/80,	 Avg.loss: 0.0007,	 Accuracy: 746/1000(75%)
Task: 6,	 Epoch: 22/80,	 Avg.loss: 0.0007,	 Accuracy: 773/1000(77%)
Task: 6,	 Epoch: 23/80,	 Avg.loss: 0.0008,	 Accuracy: 743/1000(74%)
Task: 6,	 Epoch: 24/80,	 Avg.loss: 0.0007,	 Accuracy: 753/1000(75%)
Task: 6,	 Epoch: 25/80,	 Avg.loss: 0.0007,	 Accuracy: 763/1000(76%)
Task: 6,	 Epoch: 26/80,	 Avg.loss: 0.0007,	 Accuracy: 759/1000(76%)
Task: 6,	 Epoch: 27/80,	 Avg.loss: 0.0007,	 Accuracy: 761/1000(76%)
Task: 6,	 Epoch: 28/80,	 Avg.loss: 0.0007,	 Accuracy: 762/1000(76%)
Task: 6,	 Epoch: 29/80,	 Avg.loss: 0.0007,	 Accuracy: 770/1000(77%)
Task: 6,	 Epoch: 30/80,	 Avg.loss: 0.0007,	 Accuracy: 761/1000(76%)
Task: 6,	 Epoch: 31/80,	 Avg.loss: 0.0007,	 Accuracy: 762/1000(76%)
Task: 6,	 Epoch: 32/80,	 Avg.loss: 0.0007,	 Accuracy: 761/1000(76%)
Task: 6,	 Epoch: 33/80,	 Avg.loss: 0.0007,	 Accuracy: 758/1000(76%)
Task: 6,	 Epoch: 34/80,	 Avg.loss: 0.0007,	 Accuracy: 751/1000(75%)
Task: 6,	 Epoch: 35/80,	 Avg.loss: 0.0007,	 Accuracy: 751/1000(75%)
Task: 6,	 Epoch: 36/80,	 Avg.loss: 0.0007,	 Accuracy: 754/1000(75%)
Task: 6,	 Epoch: 37/80,	 Avg.loss: 0.0007,	 Accuracy: 751/1000(75%)
Task: 6,	 Epoch: 38/80,	 Avg.loss: 0.0007,	 Accuracy: 775/1000(78%)
Task: 6,	 Epoch: 39/80,	 Avg.loss: 0.0008,	 Accuracy: 736/1000(74%)
Task: 6,	 Epoch: 40/80,	 Avg.loss: 0.0007,	 Accuracy: 753/1000(75%)
Task: 6,	 Epoch: 41/80,	 Avg.loss: 0.0007,	 Accuracy: 743/1000(74%)
Task: 6,	 Epoch: 42/80,	 Avg.loss: 0.0007,	 Accuracy: 765/1000(76%)
Task: 6,	 Epoch: 43/80,	 Avg.loss: 0.0007,	 Accuracy: 758/1000(76%)
Task: 6,	 Epoch: 44/80,	 Avg.loss: 0.0007,	 Accuracy: 771/1000(77%)
Task: 6,	 Epoch: 45/80,	 Avg.loss: 0.0007,	 Accuracy: 773/1000(77%)
Task: 6,	 Epoch: 46/80,	 Avg.loss: 0.0007,	 Accuracy: 771/1000(77%)
Task: 6,	 Epoch: 47/80,	 Avg.loss: 0.0007,	 Accuracy: 755/1000(76%)
Task: 6,	 Epoch: 48/80,	 Avg.loss: 0.0008,	 Accuracy: 724/1000(72%)
Task: 6,	 Epoch: 49/80,	 Avg.loss: 0.0007,	 Accuracy: 756/1000(76%)
Task: 6,	 Epoch: 50/80,	 Avg.loss: 0.0006,	 Accuracy: 778/1000(78%)
Task: 6,	 Epoch: 51/80,	 Avg.loss: 0.0006,	 Accuracy: 778/1000(78%)
Task: 6,	 Epoch: 52/80,	 Avg.loss: 0.0006,	 Accuracy: 779/1000(78%)
Task: 6,	 Epoch: 53/80,	 Avg.loss: 0.0006,	 Accuracy: 777/1000(78%)
Task: 6,	 Epoch: 54/80,	 Avg.loss: 0.0007,	 Accuracy: 774/1000(77%)
Task: 6,	 Epoch: 55/80,	 Avg.loss: 0.0006,	 Accuracy: 779/1000(78%)
Task: 6,	 Epoch: 56/80,	 Avg.loss: 0.0006,	 Accuracy: 774/1000(77%)
Task: 6,	 Epoch: 57/80,	 Avg.loss: 0.0007,	 Accuracy: 780/1000(78%)
Task: 6,	 Epoch: 58/80,	 Avg.loss: 0.0006,	 Accuracy: 785/1000(78%)
Task: 6,	 Epoch: 59/80,	 Avg.loss: 0.0006,	 Accuracy: 785/1000(78%)
Task: 6,	 Epoch: 60/80,	 Avg.loss: 0.0006,	 Accuracy: 781/1000(78%)
Task: 6,	 Epoch: 61/80,	 Avg.loss: 0.0006,	 Accuracy: 781/1000(78%)
Task: 6,	 Epoch: 62/80,	 Avg.loss: 0.0006,	 Accuracy: 783/1000(78%)
Task: 6,	 Epoch: 63/80,	 Avg.loss: 0.0006,	 Accuracy: 779/1000(78%)
Task: 6,	 Epoch: 64/80,	 Avg.loss: 0.0006,	 Accuracy: 775/1000(78%)
Task: 6,	 Epoch: 65/80,	 Avg.loss: 0.0007,	 Accuracy: 777/1000(78%)
Task: 6,	 Epoch: 66/80,	 Avg.loss: 0.0006,	 Accuracy: 776/1000(78%)
Task: 6,	 Epoch: 67/80,	 Avg.loss: 0.0006,	 Accuracy: 780/1000(78%)
Task: 6,	 Epoch: 68/80,	 Avg.loss: 0.0006,	 Accuracy: 787/1000(79%)
Task: 6,	 Epoch: 69/80,	 Avg.loss: 0.0006,	 Accuracy: 783/1000(78%)
Task: 6,	 Epoch: 70/80,	 Avg.loss: 0.0006,	 Accuracy: 780/1000(78%)
Task: 6,	 Epoch: 71/80,	 Avg.loss: 0.0006,	 Accuracy: 783/1000(78%)
Task: 6,	 Epoch: 72/80,	 Avg.loss: 0.0006,	 Accuracy: 783/1000(78%)
Task: 6,	 Epoch: 73/80,	 Avg.loss: 0.0006,	 Accuracy: 786/1000(79%)
Task: 6,	 Epoch: 74/80,	 Avg.loss: 0.0006,	 Accuracy: 784/1000(78%)
Task: 6,	 Epoch: 75/80,	 Avg.loss: 0.0006,	 Accuracy: 780/1000(78%)
Task: 6,	 Epoch: 76/80,	 Avg.loss: 0.0006,	 Accuracy: 780/1000(78%)
Task: 6,	 Epoch: 77/80,	 Avg.loss: 0.0006,	 Accuracy: 782/1000(78%)
Task: 6,	 Epoch: 78/80,	 Avg.loss: 0.0006,	 Accuracy: 778/1000(78%)
Task: 6,	 Epoch: 79/80,	 Avg.loss: 0.0006,	 Accuracy: 774/1000(77%)
Saving head (task#: 6)
Computing MAS
Loading head (task#:0)
Loading mask (task#:0)
Files already downloaded and verified
Files already downloaded and verified
Task: 0,	 Epoch: -1/80,	 Avg.loss: 0.0012,	 Accuracy: 810/1000(81%)
Trained Task:6, Loaded task:0, Accuracy:81.0%
Loading head (task#:1)
Loading mask (task#:1)
Files already downloaded and verified
Files already downloaded and verified
Task: 1,	 Epoch: -1/80,	 Avg.loss: 0.0012,	 Accuracy: 737/1000(74%)
Trained Task:6, Loaded task:1, Accuracy:73.7%
Loading head (task#:2)
Loading mask (task#:2)
Files already downloaded and verified
Files already downloaded and verified
Task: 2,	 Epoch: -1/80,	 Avg.loss: 0.0009,	 Accuracy: 737/1000(74%)
Trained Task:6, Loaded task:2, Accuracy:73.7%
Loading head (task#:3)
Loading mask (task#:3)
Files already downloaded and verified
Files already downloaded and verified
Task: 3,	 Epoch: -1/80,	 Avg.loss: 0.0010,	 Accuracy: 729/1000(73%)
Trained Task:6, Loaded task:3, Accuracy:72.9%
Loading head (task#:4)
Loading mask (task#:4)
Files already downloaded and verified
Files already downloaded and verified
Task: 4,	 Epoch: -1/80,	 Avg.loss: 0.0007,	 Accuracy: 779/1000(78%)
Trained Task:6, Loaded task:4, Accuracy:77.9%
Loading head (task#:5)
Loading mask (task#:5)
Files already downloaded and verified
Files already downloaded and verified
Task: 5,	 Epoch: -1/80,	 Avg.loss: 0.0007,	 Accuracy: 763/1000(76%)
Trained Task:6, Loaded task:5, Accuracy:76.3%
Loading head (task#:6)
Loading mask (task#:6)
Files already downloaded and verified
Files already downloaded and verified
Task: 6,	 Epoch: -1/80,	 Avg.loss: 0.0006,	 Accuracy: 774/1000(77%)
Trained Task:6, Loaded task:6, Accuracy:77.4%
Files already downloaded and verified
Files already downloaded and verified
Layer        : conv1_layer.2.weight
Sum Omega    : 889.5855712890625
Max Fisher   : 1.0
Max Omega    : 1.0
Max Relevance: 1.243139624595642
Mask active  : 8192.0/8192

Layer        : conv2_layer.2.weight
Sum Omega    : 1962.970458984375
Max Fisher   : 1.0
Max Omega    : 1.0
Max Relevance: 1.3181649446487427
Mask active  : 4096.0/4096

Layer        : fc1_layer.0.weight
Sum Omega    : 50531.21875
Max Fisher   : 1.0
Max Omega    : 1.0
Max Relevance: 1.6679322719573975
Mask active  : 256.0/512

Saving  mask (task#:7)
Mask histogram conv1_layer.2.weight: 	 tensor([   0.,    0.,    0.,    0.,    0.,    0.,    0.,    0., 8192.,    0.],
       device='cuda:0')
Mask histogram conv2_layer.2.weight: 	 tensor([   0.,    0.,    0.,    0.,    0.,    0.,    0.,    0., 4096.,    0.],
       device='cuda:0')
Mask histogram fc1_layer.0.weight: 	 tensor([250.,   3.,   2.,   0.,   0.,   1.,   3.,   6., 247.,   0.],
       device='cuda:0')
Task: 7,	 Epoch: 0/80,	 Avg.loss: 0.0010,	 Accuracy: 652/1000(65%)
Task: 7,	 Epoch: 1/80,	 Avg.loss: 0.0010,	 Accuracy: 672/1000(67%)
Task: 7,	 Epoch: 2/80,	 Avg.loss: 0.0009,	 Accuracy: 702/1000(70%)
Task: 7,	 Epoch: 3/80,	 Avg.loss: 0.0009,	 Accuracy: 707/1000(71%)
Task: 7,	 Epoch: 4/80,	 Avg.loss: 0.0009,	 Accuracy: 700/1000(70%)
Task: 7,	 Epoch: 5/80,	 Avg.loss: 0.0009,	 Accuracy: 703/1000(70%)
Task: 7,	 Epoch: 6/80,	 Avg.loss: 0.0009,	 Accuracy: 712/1000(71%)
Task: 7,	 Epoch: 7/80,	 Avg.loss: 0.0009,	 Accuracy: 713/1000(71%)
Task: 7,	 Epoch: 8/80,	 Avg.loss: 0.0009,	 Accuracy: 715/1000(72%)
Task: 7,	 Epoch: 9/80,	 Avg.loss: 0.0009,	 Accuracy: 722/1000(72%)
Task: 7,	 Epoch: 10/80,	 Avg.loss: 0.0009,	 Accuracy: 724/1000(72%)
Task: 7,	 Epoch: 11/80,	 Avg.loss: 0.0008,	 Accuracy: 732/1000(73%)
Task: 7,	 Epoch: 12/80,	 Avg.loss: 0.0008,	 Accuracy: 736/1000(74%)
Task: 7,	 Epoch: 13/80,	 Avg.loss: 0.0009,	 Accuracy: 723/1000(72%)
Task: 7,	 Epoch: 14/80,	 Avg.loss: 0.0008,	 Accuracy: 739/1000(74%)
Task: 7,	 Epoch: 15/80,	 Avg.loss: 0.0009,	 Accuracy: 716/1000(72%)
Task: 7,	 Epoch: 16/80,	 Avg.loss: 0.0008,	 Accuracy: 723/1000(72%)
Task: 7,	 Epoch: 17/80,	 Avg.loss: 0.0009,	 Accuracy: 710/1000(71%)
Task: 7,	 Epoch: 18/80,	 Avg.loss: 0.0008,	 Accuracy: 740/1000(74%)
Task: 7,	 Epoch: 19/80,	 Avg.loss: 0.0008,	 Accuracy: 735/1000(74%)
Task: 7,	 Epoch: 20/80,	 Avg.loss: 0.0008,	 Accuracy: 737/1000(74%)
Task: 7,	 Epoch: 21/80,	 Avg.loss: 0.0008,	 Accuracy: 737/1000(74%)
Task: 7,	 Epoch: 22/80,	 Avg.loss: 0.0008,	 Accuracy: 730/1000(73%)
Task: 7,	 Epoch: 23/80,	 Avg.loss: 0.0009,	 Accuracy: 717/1000(72%)
Task: 7,	 Epoch: 24/80,	 Avg.loss: 0.0008,	 Accuracy: 733/1000(73%)
Task: 7,	 Epoch: 25/80,	 Avg.loss: 0.0007,	 Accuracy: 759/1000(76%)
Task: 7,	 Epoch: 26/80,	 Avg.loss: 0.0008,	 Accuracy: 733/1000(73%)
Task: 7,	 Epoch: 27/80,	 Avg.loss: 0.0008,	 Accuracy: 724/1000(72%)
Task: 7,	 Epoch: 28/80,	 Avg.loss: 0.0009,	 Accuracy: 715/1000(72%)
Task: 7,	 Epoch: 29/80,	 Avg.loss: 0.0008,	 Accuracy: 737/1000(74%)
Task: 7,	 Epoch: 30/80,	 Avg.loss: 0.0008,	 Accuracy: 733/1000(73%)
Task: 7,	 Epoch: 31/80,	 Avg.loss: 0.0008,	 Accuracy: 718/1000(72%)
Task: 7,	 Epoch: 32/80,	 Avg.loss: 0.0008,	 Accuracy: 728/1000(73%)
Task: 7,	 Epoch: 33/80,	 Avg.loss: 0.0008,	 Accuracy: 747/1000(75%)
Task: 7,	 Epoch: 34/80,	 Avg.loss: 0.0008,	 Accuracy: 735/1000(74%)
Task: 7,	 Epoch: 35/80,	 Avg.loss: 0.0008,	 Accuracy: 747/1000(75%)
Task: 7,	 Epoch: 36/80,	 Avg.loss: 0.0008,	 Accuracy: 741/1000(74%)
Task: 7,	 Epoch: 37/80,	 Avg.loss: 0.0008,	 Accuracy: 752/1000(75%)
Task: 7,	 Epoch: 38/80,	 Avg.loss: 0.0008,	 Accuracy: 736/1000(74%)
Task: 7,	 Epoch: 39/80,	 Avg.loss: 0.0008,	 Accuracy: 732/1000(73%)
Task: 7,	 Epoch: 40/80,	 Avg.loss: 0.0008,	 Accuracy: 742/1000(74%)
Task: 7,	 Epoch: 41/80,	 Avg.loss: 0.0008,	 Accuracy: 738/1000(74%)
Task: 7,	 Epoch: 42/80,	 Avg.loss: 0.0008,	 Accuracy: 739/1000(74%)
Task: 7,	 Epoch: 43/80,	 Avg.loss: 0.0008,	 Accuracy: 731/1000(73%)
Task: 7,	 Epoch: 44/80,	 Avg.loss: 0.0009,	 Accuracy: 735/1000(74%)
Task: 7,	 Epoch: 45/80,	 Avg.loss: 0.0008,	 Accuracy: 756/1000(76%)
Task: 7,	 Epoch: 46/80,	 Avg.loss: 0.0008,	 Accuracy: 727/1000(73%)
Task: 7,	 Epoch: 47/80,	 Avg.loss: 0.0008,	 Accuracy: 725/1000(72%)
Task: 7,	 Epoch: 48/80,	 Avg.loss: 0.0008,	 Accuracy: 719/1000(72%)
Task: 7,	 Epoch: 49/80,	 Avg.loss: 0.0008,	 Accuracy: 741/1000(74%)
Task: 7,	 Epoch: 50/80,	 Avg.loss: 0.0008,	 Accuracy: 756/1000(76%)
Task: 7,	 Epoch: 51/80,	 Avg.loss: 0.0008,	 Accuracy: 766/1000(77%)
Task: 7,	 Epoch: 52/80,	 Avg.loss: 0.0007,	 Accuracy: 767/1000(77%)
Task: 7,	 Epoch: 53/80,	 Avg.loss: 0.0007,	 Accuracy: 765/1000(76%)
Task: 7,	 Epoch: 54/80,	 Avg.loss: 0.0007,	 Accuracy: 762/1000(76%)
Task: 7,	 Epoch: 55/80,	 Avg.loss: 0.0007,	 Accuracy: 760/1000(76%)
Task: 7,	 Epoch: 56/80,	 Avg.loss: 0.0007,	 Accuracy: 763/1000(76%)
Task: 7,	 Epoch: 57/80,	 Avg.loss: 0.0007,	 Accuracy: 767/1000(77%)
Task: 7,	 Epoch: 58/80,	 Avg.loss: 0.0008,	 Accuracy: 757/1000(76%)
Task: 7,	 Epoch: 59/80,	 Avg.loss: 0.0007,	 Accuracy: 767/1000(77%)
Task: 7,	 Epoch: 60/80,	 Avg.loss: 0.0008,	 Accuracy: 770/1000(77%)
Task: 7,	 Epoch: 61/80,	 Avg.loss: 0.0007,	 Accuracy: 768/1000(77%)
Task: 7,	 Epoch: 62/80,	 Avg.loss: 0.0007,	 Accuracy: 759/1000(76%)
Task: 7,	 Epoch: 63/80,	 Avg.loss: 0.0007,	 Accuracy: 760/1000(76%)
Task: 7,	 Epoch: 64/80,	 Avg.loss: 0.0007,	 Accuracy: 763/1000(76%)
Task: 7,	 Epoch: 65/80,	 Avg.loss: 0.0007,	 Accuracy: 765/1000(76%)
Task: 7,	 Epoch: 66/80,	 Avg.loss: 0.0007,	 Accuracy: 766/1000(77%)
Task: 7,	 Epoch: 67/80,	 Avg.loss: 0.0007,	 Accuracy: 767/1000(77%)
Task: 7,	 Epoch: 68/80,	 Avg.loss: 0.0007,	 Accuracy: 766/1000(77%)
Task: 7,	 Epoch: 69/80,	 Avg.loss: 0.0007,	 Accuracy: 764/1000(76%)
Task: 7,	 Epoch: 70/80,	 Avg.loss: 0.0007,	 Accuracy: 768/1000(77%)
Task: 7,	 Epoch: 71/80,	 Avg.loss: 0.0007,	 Accuracy: 761/1000(76%)
Task: 7,	 Epoch: 72/80,	 Avg.loss: 0.0007,	 Accuracy: 760/1000(76%)
Task: 7,	 Epoch: 73/80,	 Avg.loss: 0.0007,	 Accuracy: 765/1000(76%)
Task: 7,	 Epoch: 74/80,	 Avg.loss: 0.0007,	 Accuracy: 770/1000(77%)
Task: 7,	 Epoch: 75/80,	 Avg.loss: 0.0007,	 Accuracy: 766/1000(77%)
Task: 7,	 Epoch: 76/80,	 Avg.loss: 0.0007,	 Accuracy: 764/1000(76%)
Task: 7,	 Epoch: 77/80,	 Avg.loss: 0.0007,	 Accuracy: 764/1000(76%)
Task: 7,	 Epoch: 78/80,	 Avg.loss: 0.0008,	 Accuracy: 767/1000(77%)
Task: 7,	 Epoch: 79/80,	 Avg.loss: 0.0007,	 Accuracy: 761/1000(76%)
Saving head (task#: 7)
Computing MAS
Loading head (task#:0)
Loading mask (task#:0)
Files already downloaded and verified
Files already downloaded and verified
Task: 0,	 Epoch: -1/80,	 Avg.loss: 0.0013,	 Accuracy: 814/1000(81%)
Trained Task:7, Loaded task:0, Accuracy:81.4%
Loading head (task#:1)
Loading mask (task#:1)
Files already downloaded and verified
Files already downloaded and verified
Task: 1,	 Epoch: -1/80,	 Avg.loss: 0.0011,	 Accuracy: 752/1000(75%)
Trained Task:7, Loaded task:1, Accuracy:75.2%
Loading head (task#:2)
Loading mask (task#:2)
Files already downloaded and verified
Files already downloaded and verified
Task: 2,	 Epoch: -1/80,	 Avg.loss: 0.0010,	 Accuracy: 744/1000(74%)
Trained Task:7, Loaded task:2, Accuracy:74.4%
Loading head (task#:3)
Loading mask (task#:3)
Files already downloaded and verified
Files already downloaded and verified
Task: 3,	 Epoch: -1/80,	 Avg.loss: 0.0009,	 Accuracy: 754/1000(75%)
Trained Task:7, Loaded task:3, Accuracy:75.4%
Loading head (task#:4)
Loading mask (task#:4)
Files already downloaded and verified
Files already downloaded and verified
Task: 4,	 Epoch: -1/80,	 Avg.loss: 0.0007,	 Accuracy: 791/1000(79%)
Trained Task:7, Loaded task:4, Accuracy:79.1%
Loading head (task#:5)
Loading mask (task#:5)
Files already downloaded and verified
Files already downloaded and verified
Task: 5,	 Epoch: -1/80,	 Avg.loss: 0.0007,	 Accuracy: 752/1000(75%)
Trained Task:7, Loaded task:5, Accuracy:75.2%
Loading head (task#:6)
Loading mask (task#:6)
Files already downloaded and verified
Files already downloaded and verified
Task: 6,	 Epoch: -1/80,	 Avg.loss: 0.0007,	 Accuracy: 767/1000(77%)
Trained Task:7, Loaded task:6, Accuracy:76.7%
Loading head (task#:7)
Loading mask (task#:7)
Files already downloaded and verified
Files already downloaded and verified
Task: 7,	 Epoch: -1/80,	 Avg.loss: 0.0007,	 Accuracy: 761/1000(76%)
Trained Task:7, Loaded task:7, Accuracy:76.1%
Files already downloaded and verified
Files already downloaded and verified
Layer        : conv1_layer.2.weight
Sum Omega    : 922.45556640625
Max Fisher   : 1.0
Max Omega    : 1.0
Max Relevance: 1.304540753364563
Mask active  : 8192.0/8192

Layer        : conv2_layer.2.weight
Sum Omega    : 1995.1932373046875
Max Fisher   : 1.0
Max Omega    : 1.0
Max Relevance: 1.1545575857162476
Mask active  : 4096.0/4096

Layer        : fc1_layer.0.weight
Sum Omega    : 49135.80078125
Max Fisher   : 1.0
Max Omega    : 1.0
Max Relevance: 1.5903304815292358
Mask active  : 256.0/512

Saving  mask (task#:8)
Mask histogram conv1_layer.2.weight: 	 tensor([   0.,    0.,    0.,    0.,    0.,    0.,    0.,    0.,    0., 8192.],
       device='cuda:0')
Mask histogram conv2_layer.2.weight: 	 tensor([   0.,    0.,    0.,    0.,    0.,    0.,    0.,    0.,    0., 4096.],
       device='cuda:0')
Mask histogram fc1_layer.0.weight: 	 tensor([250.,   3.,   1.,   1.,   0.,   1.,   1.,   2.,   6., 247.],
       device='cuda:0')
Task: 8,	 Epoch: 0/80,	 Avg.loss: 0.0010,	 Accuracy: 670/1000(67%)
Task: 8,	 Epoch: 1/80,	 Avg.loss: 0.0008,	 Accuracy: 724/1000(72%)
Task: 8,	 Epoch: 2/80,	 Avg.loss: 0.0009,	 Accuracy: 719/1000(72%)
Task: 8,	 Epoch: 3/80,	 Avg.loss: 0.0007,	 Accuracy: 758/1000(76%)
Task: 8,	 Epoch: 4/80,	 Avg.loss: 0.0009,	 Accuracy: 739/1000(74%)
Task: 8,	 Epoch: 5/80,	 Avg.loss: 0.0008,	 Accuracy: 761/1000(76%)
Task: 8,	 Epoch: 6/80,	 Avg.loss: 0.0008,	 Accuracy: 746/1000(75%)
Task: 8,	 Epoch: 7/80,	 Avg.loss: 0.0008,	 Accuracy: 748/1000(75%)
Task: 8,	 Epoch: 8/80,	 Avg.loss: 0.0008,	 Accuracy: 752/1000(75%)
Task: 8,	 Epoch: 9/80,	 Avg.loss: 0.0008,	 Accuracy: 764/1000(76%)
Task: 8,	 Epoch: 10/80,	 Avg.loss: 0.0007,	 Accuracy: 768/1000(77%)
Task: 8,	 Epoch: 11/80,	 Avg.loss: 0.0007,	 Accuracy: 783/1000(78%)
Task: 8,	 Epoch: 12/80,	 Avg.loss: 0.0007,	 Accuracy: 754/1000(75%)
Task: 8,	 Epoch: 13/80,	 Avg.loss: 0.0008,	 Accuracy: 743/1000(74%)
Task: 8,	 Epoch: 14/80,	 Avg.loss: 0.0007,	 Accuracy: 782/1000(78%)
Task: 8,	 Epoch: 15/80,	 Avg.loss: 0.0007,	 Accuracy: 764/1000(76%)
Task: 8,	 Epoch: 16/80,	 Avg.loss: 0.0007,	 Accuracy: 785/1000(78%)
Task: 8,	 Epoch: 17/80,	 Avg.loss: 0.0007,	 Accuracy: 770/1000(77%)
Task: 8,	 Epoch: 18/80,	 Avg.loss: 0.0007,	 Accuracy: 786/1000(79%)
Task: 8,	 Epoch: 19/80,	 Avg.loss: 0.0008,	 Accuracy: 751/1000(75%)
Task: 8,	 Epoch: 20/80,	 Avg.loss: 0.0007,	 Accuracy: 777/1000(78%)
Task: 8,	 Epoch: 21/80,	 Avg.loss: 0.0007,	 Accuracy: 773/1000(77%)
Task: 8,	 Epoch: 22/80,	 Avg.loss: 0.0007,	 Accuracy: 770/1000(77%)
Task: 8,	 Epoch: 23/80,	 Avg.loss: 0.0007,	 Accuracy: 773/1000(77%)
Task: 8,	 Epoch: 24/80,	 Avg.loss: 0.0008,	 Accuracy: 746/1000(75%)
Task: 8,	 Epoch: 25/80,	 Avg.loss: 0.0007,	 Accuracy: 774/1000(77%)
Task: 8,	 Epoch: 26/80,	 Avg.loss: 0.0007,	 Accuracy: 778/1000(78%)
Task: 8,	 Epoch: 27/80,	 Avg.loss: 0.0006,	 Accuracy: 806/1000(81%)
Task: 8,	 Epoch: 28/80,	 Avg.loss: 0.0007,	 Accuracy: 791/1000(79%)
Task: 8,	 Epoch: 29/80,	 Avg.loss: 0.0008,	 Accuracy: 762/1000(76%)
Task: 8,	 Epoch: 30/80,	 Avg.loss: 0.0007,	 Accuracy: 782/1000(78%)
Task: 8,	 Epoch: 31/80,	 Avg.loss: 0.0007,	 Accuracy: 773/1000(77%)
Task: 8,	 Epoch: 32/80,	 Avg.loss: 0.0007,	 Accuracy: 777/1000(78%)
Task: 8,	 Epoch: 33/80,	 Avg.loss: 0.0007,	 Accuracy: 782/1000(78%)
Task: 8,	 Epoch: 34/80,	 Avg.loss: 0.0007,	 Accuracy: 775/1000(78%)
Task: 8,	 Epoch: 35/80,	 Avg.loss: 0.0007,	 Accuracy: 780/1000(78%)
Task: 8,	 Epoch: 36/80,	 Avg.loss: 0.0007,	 Accuracy: 765/1000(76%)
Task: 8,	 Epoch: 37/80,	 Avg.loss: 0.0007,	 Accuracy: 770/1000(77%)
Task: 8,	 Epoch: 38/80,	 Avg.loss: 0.0007,	 Accuracy: 770/1000(77%)
Task: 8,	 Epoch: 39/80,	 Avg.loss: 0.0007,	 Accuracy: 786/1000(79%)
Task: 8,	 Epoch: 40/80,	 Avg.loss: 0.0006,	 Accuracy: 788/1000(79%)
Task: 8,	 Epoch: 41/80,	 Avg.loss: 0.0007,	 Accuracy: 771/1000(77%)
Task: 8,	 Epoch: 42/80,	 Avg.loss: 0.0007,	 Accuracy: 788/1000(79%)
Task: 8,	 Epoch: 43/80,	 Avg.loss: 0.0007,	 Accuracy: 767/1000(77%)
Task: 8,	 Epoch: 44/80,	 Avg.loss: 0.0007,	 Accuracy: 766/1000(77%)
Task: 8,	 Epoch: 45/80,	 Avg.loss: 0.0007,	 Accuracy: 763/1000(76%)
Task: 8,	 Epoch: 46/80,	 Avg.loss: 0.0006,	 Accuracy: 804/1000(80%)
Task: 8,	 Epoch: 47/80,	 Avg.loss: 0.0006,	 Accuracy: 783/1000(78%)
Task: 8,	 Epoch: 48/80,	 Avg.loss: 0.0007,	 Accuracy: 767/1000(77%)
Task: 8,	 Epoch: 49/80,	 Avg.loss: 0.0007,	 Accuracy: 774/1000(77%)
Task: 8,	 Epoch: 50/80,	 Avg.loss: 0.0006,	 Accuracy: 796/1000(80%)
Task: 8,	 Epoch: 51/80,	 Avg.loss: 0.0006,	 Accuracy: 800/1000(80%)
Task: 8,	 Epoch: 52/80,	 Avg.loss: 0.0006,	 Accuracy: 801/1000(80%)
Task: 8,	 Epoch: 53/80,	 Avg.loss: 0.0006,	 Accuracy: 798/1000(80%)
Task: 8,	 Epoch: 54/80,	 Avg.loss: 0.0006,	 Accuracy: 809/1000(81%)
Task: 8,	 Epoch: 55/80,	 Avg.loss: 0.0006,	 Accuracy: 806/1000(81%)
Task: 8,	 Epoch: 56/80,	 Avg.loss: 0.0006,	 Accuracy: 804/1000(80%)
Task: 8,	 Epoch: 57/80,	 Avg.loss: 0.0006,	 Accuracy: 799/1000(80%)
Task: 8,	 Epoch: 58/80,	 Avg.loss: 0.0006,	 Accuracy: 806/1000(81%)
Task: 8,	 Epoch: 59/80,	 Avg.loss: 0.0006,	 Accuracy: 801/1000(80%)
Task: 8,	 Epoch: 60/80,	 Avg.loss: 0.0006,	 Accuracy: 804/1000(80%)
Task: 8,	 Epoch: 61/80,	 Avg.loss: 0.0006,	 Accuracy: 801/1000(80%)
Task: 8,	 Epoch: 62/80,	 Avg.loss: 0.0006,	 Accuracy: 797/1000(80%)
Task: 8,	 Epoch: 63/80,	 Avg.loss: 0.0006,	 Accuracy: 808/1000(81%)
Task: 8,	 Epoch: 64/80,	 Avg.loss: 0.0006,	 Accuracy: 809/1000(81%)
Task: 8,	 Epoch: 65/80,	 Avg.loss: 0.0006,	 Accuracy: 809/1000(81%)
Task: 8,	 Epoch: 66/80,	 Avg.loss: 0.0006,	 Accuracy: 809/1000(81%)
Task: 8,	 Epoch: 67/80,	 Avg.loss: 0.0006,	 Accuracy: 805/1000(81%)
Task: 8,	 Epoch: 68/80,	 Avg.loss: 0.0006,	 Accuracy: 809/1000(81%)
Task: 8,	 Epoch: 69/80,	 Avg.loss: 0.0006,	 Accuracy: 796/1000(80%)
Task: 8,	 Epoch: 70/80,	 Avg.loss: 0.0006,	 Accuracy: 804/1000(80%)
Task: 8,	 Epoch: 71/80,	 Avg.loss: 0.0006,	 Accuracy: 809/1000(81%)
Task: 8,	 Epoch: 72/80,	 Avg.loss: 0.0006,	 Accuracy: 799/1000(80%)
Task: 8,	 Epoch: 73/80,	 Avg.loss: 0.0006,	 Accuracy: 807/1000(81%)
Task: 8,	 Epoch: 74/80,	 Avg.loss: 0.0006,	 Accuracy: 802/1000(80%)
Task: 8,	 Epoch: 75/80,	 Avg.loss: 0.0006,	 Accuracy: 811/1000(81%)
Task: 8,	 Epoch: 76/80,	 Avg.loss: 0.0006,	 Accuracy: 812/1000(81%)
Task: 8,	 Epoch: 77/80,	 Avg.loss: 0.0006,	 Accuracy: 807/1000(81%)
Task: 8,	 Epoch: 78/80,	 Avg.loss: 0.0006,	 Accuracy: 803/1000(80%)
Task: 8,	 Epoch: 79/80,	 Avg.loss: 0.0006,	 Accuracy: 805/1000(81%)
Saving head (task#: 8)
Computing MAS
Loading head (task#:0)
Loading mask (task#:0)
Files already downloaded and verified
Files already downloaded and verified
Task: 0,	 Epoch: -1/80,	 Avg.loss: 0.0012,	 Accuracy: 807/1000(81%)
Trained Task:8, Loaded task:0, Accuracy:80.7%
Loading head (task#:1)
Loading mask (task#:1)
Files already downloaded and verified
Files already downloaded and verified
Task: 1,	 Epoch: -1/80,	 Avg.loss: 0.0011,	 Accuracy: 769/1000(77%)
Trained Task:8, Loaded task:1, Accuracy:76.9%
Loading head (task#:2)
Loading mask (task#:2)
Files already downloaded and verified
Files already downloaded and verified
Task: 2,	 Epoch: -1/80,	 Avg.loss: 0.0010,	 Accuracy: 749/1000(75%)
Trained Task:8, Loaded task:2, Accuracy:74.9%
Loading head (task#:3)
Loading mask (task#:3)
Files already downloaded and verified
Files already downloaded and verified
Task: 3,	 Epoch: -1/80,	 Avg.loss: 0.0009,	 Accuracy: 743/1000(74%)
Trained Task:8, Loaded task:3, Accuracy:74.3%
Loading head (task#:4)
Loading mask (task#:4)
Files already downloaded and verified
Files already downloaded and verified
Task: 4,	 Epoch: -1/80,	 Avg.loss: 0.0007,	 Accuracy: 786/1000(79%)
Trained Task:8, Loaded task:4, Accuracy:78.6%
Loading head (task#:5)
Loading mask (task#:5)
Files already downloaded and verified
Files already downloaded and verified
Task: 5,	 Epoch: -1/80,	 Avg.loss: 0.0007,	 Accuracy: 752/1000(75%)
Trained Task:8, Loaded task:5, Accuracy:75.2%
Loading head (task#:6)
Loading mask (task#:6)
Files already downloaded and verified
Files already downloaded and verified
Task: 6,	 Epoch: -1/80,	 Avg.loss: 0.0007,	 Accuracy: 761/1000(76%)
Trained Task:8, Loaded task:6, Accuracy:76.1%
Loading head (task#:7)
Loading mask (task#:7)
Files already downloaded and verified
Files already downloaded and verified
Task: 7,	 Epoch: -1/80,	 Avg.loss: 0.0008,	 Accuracy: 754/1000(75%)
Trained Task:8, Loaded task:7, Accuracy:75.4%
Loading head (task#:8)
Loading mask (task#:8)
Files already downloaded and verified
Files already downloaded and verified
Task: 8,	 Epoch: -1/80,	 Avg.loss: 0.0006,	 Accuracy: 805/1000(81%)
Trained Task:8, Loaded task:8, Accuracy:80.5%
Files already downloaded and verified
Files already downloaded and verified
Layer        : conv1_layer.2.weight
Sum Omega    : 924.9307861328125
Max Fisher   : 1.0
Max Omega    : 1.0
Max Relevance: 1.0
Mask active  : 8192.0/8192

Layer        : conv2_layer.2.weight
Sum Omega    : 2065.1982421875
Max Fisher   : 1.0
Max Omega    : 1.0
Max Relevance: 1.112176775932312
Mask active  : 4096.0/4096

Layer        : fc1_layer.0.weight
Sum Omega    : 49838.5546875
Max Fisher   : 1.0
Max Omega    : 1.0
Max Relevance: 1.613779902458191
Mask active  : 256.0/512

Saving  mask (task#:9)
Mask histogram conv1_layer.2.weight: 	 tensor([   0.,    0.,    0.,    0.,    0.,    0.,    0.,    0.,    0., 8192.],
       device='cuda:0')
Mask histogram conv2_layer.2.weight: 	 tensor([   0.,    0.,    0.,    0.,    0.,    0.,    0.,    0.,    0., 4096.],
       device='cuda:0')
Mask histogram fc1_layer.0.weight: 	 tensor([250.,   3.,   1.,   0.,   1.,   0.,   2.,   0.,   3., 252.],
       device='cuda:0')
Task: 9,	 Epoch: 0/80,	 Avg.loss: 0.0009,	 Accuracy: 736/1000(74%)
Task: 9,	 Epoch: 1/80,	 Avg.loss: 0.0007,	 Accuracy: 765/1000(76%)
Task: 9,	 Epoch: 2/80,	 Avg.loss: 0.0007,	 Accuracy: 781/1000(78%)
Task: 9,	 Epoch: 3/80,	 Avg.loss: 0.0006,	 Accuracy: 795/1000(80%)
Task: 9,	 Epoch: 4/80,	 Avg.loss: 0.0007,	 Accuracy: 802/1000(80%)
Task: 9,	 Epoch: 5/80,	 Avg.loss: 0.0006,	 Accuracy: 784/1000(78%)
Task: 9,	 Epoch: 6/80,	 Avg.loss: 0.0006,	 Accuracy: 790/1000(79%)
Task: 9,	 Epoch: 7/80,	 Avg.loss: 0.0006,	 Accuracy: 818/1000(82%)
Task: 9,	 Epoch: 8/80,	 Avg.loss: 0.0006,	 Accuracy: 809/1000(81%)
Task: 9,	 Epoch: 9/80,	 Avg.loss: 0.0005,	 Accuracy: 828/1000(83%)
Task: 9,	 Epoch: 10/80,	 Avg.loss: 0.0006,	 Accuracy: 805/1000(81%)
Task: 9,	 Epoch: 11/80,	 Avg.loss: 0.0005,	 Accuracy: 819/1000(82%)
Task: 9,	 Epoch: 12/80,	 Avg.loss: 0.0005,	 Accuracy: 825/1000(83%)
Task: 9,	 Epoch: 13/80,	 Avg.loss: 0.0005,	 Accuracy: 822/1000(82%)
Task: 9,	 Epoch: 14/80,	 Avg.loss: 0.0006,	 Accuracy: 805/1000(81%)
Task: 9,	 Epoch: 15/80,	 Avg.loss: 0.0005,	 Accuracy: 829/1000(83%)
Task: 9,	 Epoch: 16/80,	 Avg.loss: 0.0005,	 Accuracy: 826/1000(83%)
Task: 9,	 Epoch: 17/80,	 Avg.loss: 0.0006,	 Accuracy: 816/1000(82%)
Task: 9,	 Epoch: 18/80,	 Avg.loss: 0.0005,	 Accuracy: 816/1000(82%)
Task: 9,	 Epoch: 19/80,	 Avg.loss: 0.0005,	 Accuracy: 821/1000(82%)
Task: 9,	 Epoch: 20/80,	 Avg.loss: 0.0006,	 Accuracy: 809/1000(81%)
Task: 9,	 Epoch: 21/80,	 Avg.loss: 0.0005,	 Accuracy: 825/1000(83%)
Task: 9,	 Epoch: 22/80,	 Avg.loss: 0.0006,	 Accuracy: 809/1000(81%)
Task: 9,	 Epoch: 23/80,	 Avg.loss: 0.0005,	 Accuracy: 834/1000(83%)
Task: 9,	 Epoch: 24/80,	 Avg.loss: 0.0005,	 Accuracy: 823/1000(82%)
Task: 9,	 Epoch: 25/80,	 Avg.loss: 0.0005,	 Accuracy: 828/1000(83%)
Task: 9,	 Epoch: 26/80,	 Avg.loss: 0.0006,	 Accuracy: 812/1000(81%)
Task: 9,	 Epoch: 27/80,	 Avg.loss: 0.0006,	 Accuracy: 820/1000(82%)
Task: 9,	 Epoch: 28/80,	 Avg.loss: 0.0005,	 Accuracy: 837/1000(84%)
Task: 9,	 Epoch: 29/80,	 Avg.loss: 0.0005,	 Accuracy: 828/1000(83%)
Task: 9,	 Epoch: 30/80,	 Avg.loss: 0.0005,	 Accuracy: 837/1000(84%)
Task: 9,	 Epoch: 31/80,	 Avg.loss: 0.0006,	 Accuracy: 825/1000(83%)
Task: 9,	 Epoch: 32/80,	 Avg.loss: 0.0006,	 Accuracy: 816/1000(82%)
Task: 9,	 Epoch: 33/80,	 Avg.loss: 0.0005,	 Accuracy: 825/1000(83%)
Task: 9,	 Epoch: 34/80,	 Avg.loss: 0.0005,	 Accuracy: 829/1000(83%)
Task: 9,	 Epoch: 35/80,	 Avg.loss: 0.0005,	 Accuracy: 819/1000(82%)
Task: 9,	 Epoch: 36/80,	 Avg.loss: 0.0006,	 Accuracy: 822/1000(82%)
Task: 9,	 Epoch: 37/80,	 Avg.loss: 0.0006,	 Accuracy: 825/1000(83%)
Task: 9,	 Epoch: 38/80,	 Avg.loss: 0.0005,	 Accuracy: 822/1000(82%)
Task: 9,	 Epoch: 39/80,	 Avg.loss: 0.0005,	 Accuracy: 818/1000(82%)
Task: 9,	 Epoch: 40/80,	 Avg.loss: 0.0005,	 Accuracy: 832/1000(83%)
Task: 9,	 Epoch: 41/80,	 Avg.loss: 0.0006,	 Accuracy: 807/1000(81%)
Task: 9,	 Epoch: 42/80,	 Avg.loss: 0.0006,	 Accuracy: 837/1000(84%)
Task: 9,	 Epoch: 43/80,	 Avg.loss: 0.0006,	 Accuracy: 823/1000(82%)
Task: 9,	 Epoch: 44/80,	 Avg.loss: 0.0005,	 Accuracy: 825/1000(83%)
Task: 9,	 Epoch: 45/80,	 Avg.loss: 0.0006,	 Accuracy: 811/1000(81%)
Task: 9,	 Epoch: 46/80,	 Avg.loss: 0.0006,	 Accuracy: 787/1000(79%)
Task: 9,	 Epoch: 47/80,	 Avg.loss: 0.0005,	 Accuracy: 822/1000(82%)
Task: 9,	 Epoch: 48/80,	 Avg.loss: 0.0005,	 Accuracy: 833/1000(83%)
Task: 9,	 Epoch: 49/80,	 Avg.loss: 0.0005,	 Accuracy: 840/1000(84%)
Task: 9,	 Epoch: 50/80,	 Avg.loss: 0.0005,	 Accuracy: 843/1000(84%)
Task: 9,	 Epoch: 51/80,	 Avg.loss: 0.0005,	 Accuracy: 852/1000(85%)
Task: 9,	 Epoch: 52/80,	 Avg.loss: 0.0005,	 Accuracy: 844/1000(84%)
Task: 9,	 Epoch: 53/80,	 Avg.loss: 0.0005,	 Accuracy: 848/1000(85%)
Task: 9,	 Epoch: 54/80,	 Avg.loss: 0.0005,	 Accuracy: 850/1000(85%)
Task: 9,	 Epoch: 55/80,	 Avg.loss: 0.0005,	 Accuracy: 844/1000(84%)
Task: 9,	 Epoch: 56/80,	 Avg.loss: 0.0005,	 Accuracy: 844/1000(84%)
Task: 9,	 Epoch: 57/80,	 Avg.loss: 0.0005,	 Accuracy: 843/1000(84%)
Task: 9,	 Epoch: 58/80,	 Avg.loss: 0.0005,	 Accuracy: 850/1000(85%)
Task: 9,	 Epoch: 59/80,	 Avg.loss: 0.0005,	 Accuracy: 849/1000(85%)
Task: 9,	 Epoch: 60/80,	 Avg.loss: 0.0005,	 Accuracy: 849/1000(85%)
Task: 9,	 Epoch: 61/80,	 Avg.loss: 0.0005,	 Accuracy: 855/1000(86%)
Task: 9,	 Epoch: 62/80,	 Avg.loss: 0.0005,	 Accuracy: 852/1000(85%)
Task: 9,	 Epoch: 63/80,	 Avg.loss: 0.0005,	 Accuracy: 850/1000(85%)
Task: 9,	 Epoch: 64/80,	 Avg.loss: 0.0005,	 Accuracy: 847/1000(85%)
Task: 9,	 Epoch: 65/80,	 Avg.loss: 0.0005,	 Accuracy: 848/1000(85%)
Task: 9,	 Epoch: 66/80,	 Avg.loss: 0.0005,	 Accuracy: 848/1000(85%)
Task: 9,	 Epoch: 67/80,	 Avg.loss: 0.0005,	 Accuracy: 842/1000(84%)
Task: 9,	 Epoch: 68/80,	 Avg.loss: 0.0005,	 Accuracy: 839/1000(84%)
Task: 9,	 Epoch: 69/80,	 Avg.loss: 0.0005,	 Accuracy: 846/1000(85%)
Task: 9,	 Epoch: 70/80,	 Avg.loss: 0.0005,	 Accuracy: 840/1000(84%)
Task: 9,	 Epoch: 71/80,	 Avg.loss: 0.0005,	 Accuracy: 849/1000(85%)
Task: 9,	 Epoch: 72/80,	 Avg.loss: 0.0005,	 Accuracy: 850/1000(85%)
Task: 9,	 Epoch: 73/80,	 Avg.loss: 0.0005,	 Accuracy: 840/1000(84%)
Task: 9,	 Epoch: 74/80,	 Avg.loss: 0.0005,	 Accuracy: 849/1000(85%)
Task: 9,	 Epoch: 75/80,	 Avg.loss: 0.0005,	 Accuracy: 847/1000(85%)
Task: 9,	 Epoch: 76/80,	 Avg.loss: 0.0005,	 Accuracy: 851/1000(85%)
Task: 9,	 Epoch: 77/80,	 Avg.loss: 0.0005,	 Accuracy: 842/1000(84%)
Task: 9,	 Epoch: 78/80,	 Avg.loss: 0.0005,	 Accuracy: 847/1000(85%)
Task: 9,	 Epoch: 79/80,	 Avg.loss: 0.0005,	 Accuracy: 849/1000(85%)
Saving head (task#: 9)
Computing MAS
Loading head (task#:0)
Loading mask (task#:0)
Files already downloaded and verified
Files already downloaded and verified
Task: 0,	 Epoch: -1/80,	 Avg.loss: 0.0012,	 Accuracy: 818/1000(82%)
Trained Task:9, Loaded task:0, Accuracy:81.8%
Loading head (task#:1)
Loading mask (task#:1)
Files already downloaded and verified
Files already downloaded and verified
Task: 1,	 Epoch: -1/80,	 Avg.loss: 0.0011,	 Accuracy: 768/1000(77%)
Trained Task:9, Loaded task:1, Accuracy:76.8%
Loading head (task#:2)
Loading mask (task#:2)
Files already downloaded and verified
Files already downloaded and verified
Task: 2,	 Epoch: -1/80,	 Avg.loss: 0.0009,	 Accuracy: 756/1000(76%)
Trained Task:9, Loaded task:2, Accuracy:75.6%
Loading head (task#:3)
Loading mask (task#:3)
Files already downloaded and verified
Files already downloaded and verified
Task: 3,	 Epoch: -1/80,	 Avg.loss: 0.0009,	 Accuracy: 758/1000(76%)
Trained Task:9, Loaded task:3, Accuracy:75.8%
Loading head (task#:4)
Loading mask (task#:4)
Files already downloaded and verified
Files already downloaded and verified
Task: 4,	 Epoch: -1/80,	 Avg.loss: 0.0007,	 Accuracy: 787/1000(79%)
Trained Task:9, Loaded task:4, Accuracy:78.7%
Loading head (task#:5)
Loading mask (task#:5)
Files already downloaded and verified
Files already downloaded and verified
Task: 5,	 Epoch: -1/80,	 Avg.loss: 0.0007,	 Accuracy: 757/1000(76%)
Trained Task:9, Loaded task:5, Accuracy:75.7%
Loading head (task#:6)
Loading mask (task#:6)
Files already downloaded and verified
Files already downloaded and verified
Task: 6,	 Epoch: -1/80,	 Avg.loss: 0.0008,	 Accuracy: 755/1000(76%)
Trained Task:9, Loaded task:6, Accuracy:75.5%
Loading head (task#:7)
Loading mask (task#:7)
Files already downloaded and verified
Files already downloaded and verified
Task: 7,	 Epoch: -1/80,	 Avg.loss: 0.0008,	 Accuracy: 742/1000(74%)
Trained Task:9, Loaded task:7, Accuracy:74.2%
Loading head (task#:8)
Loading mask (task#:8)
Files already downloaded and verified
Files already downloaded and verified
Task: 8,	 Epoch: -1/80,	 Avg.loss: 0.0006,	 Accuracy: 802/1000(80%)
Trained Task:9, Loaded task:8, Accuracy:80.2%
Loading head (task#:9)
Loading mask (task#:9)
Files already downloaded and verified
Files already downloaded and verified
Task: 9,	 Epoch: -1/80,	 Avg.loss: 0.0005,	 Accuracy: 849/1000(85%)
Trained Task:9, Loaded task:9, Accuracy:84.9%
