Layer        : conv1_layer.2.weight
Sum Omega    : 9216.0
Max Fisher   : 1.0
Max Omega    : 1.0
Max Relevance: 1.0
Mask active  : 8192.0/8192

Layer        : conv2_layer.2.weight
Sum Omega    : 36864.0
Max Fisher   : 1.0
Max Omega    : 1.0
Max Relevance: 1.0
Mask active  : 4096.0/4096

Layer        : fc1_layer.0.weight
Sum Omega    : 2097152.0
Max Fisher   : 1.0
Max Omega    : 1.0
Max Relevance: 1.0
Mask active  : 256.0/512

Mask histogram conv1_layer.2.weight: 	 tensor([   0., 8192.,    0.,    0.,    0.,    0.,    0.,    0.,    0.,    0.],
       device='cuda:0')
Mask histogram conv2_layer.2.weight: 	 tensor([   0., 4096.,    0.,    0.,    0.,    0.,    0.,    0.,    0.,    0.],
       device='cuda:0')
Mask histogram fc1_layer.0.weight: 	 tensor([256., 256.,   0.,   0.,   0.,   0.,   0.,   0.,   0.,   0.],
       device='cuda:0')
Task: 0,	 Epoch: 0/80,	 Avg.loss: 0.0010,	 Accuracy: 670/1000(67%)
Task: 0,	 Epoch: 1/80,	 Avg.loss: 0.0007,	 Accuracy: 755/1000(76%)
Task: 0,	 Epoch: 2/80,	 Avg.loss: 0.0007,	 Accuracy: 767/1000(77%)
Task: 0,	 Epoch: 3/80,	 Avg.loss: 0.0007,	 Accuracy: 761/1000(76%)
Task: 0,	 Epoch: 4/80,	 Avg.loss: 0.0006,	 Accuracy: 811/1000(81%)
Task: 0,	 Epoch: 5/80,	 Avg.loss: 0.0006,	 Accuracy: 815/1000(82%)
Task: 0,	 Epoch: 6/80,	 Avg.loss: 0.0005,	 Accuracy: 824/1000(82%)
Task: 0,	 Epoch: 7/80,	 Avg.loss: 0.0006,	 Accuracy: 826/1000(83%)
Task: 0,	 Epoch: 8/80,	 Avg.loss: 0.0006,	 Accuracy: 823/1000(82%)
Task: 0,	 Epoch: 9/80,	 Avg.loss: 0.0006,	 Accuracy: 809/1000(81%)
Task: 0,	 Epoch: 10/80,	 Avg.loss: 0.0005,	 Accuracy: 837/1000(84%)
Task: 0,	 Epoch: 11/80,	 Avg.loss: 0.0005,	 Accuracy: 842/1000(84%)
Task: 0,	 Epoch: 12/80,	 Avg.loss: 0.0006,	 Accuracy: 824/1000(82%)
Task: 0,	 Epoch: 13/80,	 Avg.loss: 0.0006,	 Accuracy: 817/1000(82%)
Task: 0,	 Epoch: 14/80,	 Avg.loss: 0.0006,	 Accuracy: 825/1000(83%)
Task: 0,	 Epoch: 15/80,	 Avg.loss: 0.0006,	 Accuracy: 807/1000(81%)
Task: 0,	 Epoch: 16/80,	 Avg.loss: 0.0005,	 Accuracy: 849/1000(85%)
Task: 0,	 Epoch: 17/80,	 Avg.loss: 0.0006,	 Accuracy: 822/1000(82%)
Task: 0,	 Epoch: 18/80,	 Avg.loss: 0.0006,	 Accuracy: 849/1000(85%)
Task: 0,	 Epoch: 19/80,	 Avg.loss: 0.0006,	 Accuracy: 838/1000(84%)
Task: 0,	 Epoch: 20/80,	 Avg.loss: 0.0006,	 Accuracy: 839/1000(84%)
Task: 0,	 Epoch: 21/80,	 Avg.loss: 0.0005,	 Accuracy: 850/1000(85%)
Task: 0,	 Epoch: 22/80,	 Avg.loss: 0.0005,	 Accuracy: 856/1000(86%)
Task: 0,	 Epoch: 23/80,	 Avg.loss: 0.0005,	 Accuracy: 858/1000(86%)
Task: 0,	 Epoch: 24/80,	 Avg.loss: 0.0005,	 Accuracy: 859/1000(86%)
Task: 0,	 Epoch: 25/80,	 Avg.loss: 0.0006,	 Accuracy: 839/1000(84%)
Task: 0,	 Epoch: 26/80,	 Avg.loss: 0.0006,	 Accuracy: 852/1000(85%)
Task: 0,	 Epoch: 27/80,	 Avg.loss: 0.0006,	 Accuracy: 845/1000(85%)
Task: 0,	 Epoch: 28/80,	 Avg.loss: 0.0006,	 Accuracy: 856/1000(86%)
Task: 0,	 Epoch: 29/80,	 Avg.loss: 0.0006,	 Accuracy: 849/1000(85%)
Task: 0,	 Epoch: 30/80,	 Avg.loss: 0.0007,	 Accuracy: 815/1000(82%)
Task: 0,	 Epoch: 31/80,	 Avg.loss: 0.0007,	 Accuracy: 846/1000(85%)
Task: 0,	 Epoch: 32/80,	 Avg.loss: 0.0006,	 Accuracy: 847/1000(85%)
Task: 0,	 Epoch: 33/80,	 Avg.loss: 0.0007,	 Accuracy: 842/1000(84%)
Task: 0,	 Epoch: 34/80,	 Avg.loss: 0.0006,	 Accuracy: 851/1000(85%)
Task: 0,	 Epoch: 35/80,	 Avg.loss: 0.0006,	 Accuracy: 851/1000(85%)
Task: 0,	 Epoch: 36/80,	 Avg.loss: 0.0007,	 Accuracy: 837/1000(84%)
Task: 0,	 Epoch: 37/80,	 Avg.loss: 0.0007,	 Accuracy: 843/1000(84%)
Task: 0,	 Epoch: 38/80,	 Avg.loss: 0.0007,	 Accuracy: 843/1000(84%)
Task: 0,	 Epoch: 39/80,	 Avg.loss: 0.0007,	 Accuracy: 838/1000(84%)
Task: 0,	 Epoch: 40/80,	 Avg.loss: 0.0007,	 Accuracy: 850/1000(85%)
Task: 0,	 Epoch: 41/80,	 Avg.loss: 0.0006,	 Accuracy: 853/1000(85%)
Task: 0,	 Epoch: 42/80,	 Avg.loss: 0.0007,	 Accuracy: 838/1000(84%)
Task: 0,	 Epoch: 43/80,	 Avg.loss: 0.0007,	 Accuracy: 853/1000(85%)
Task: 0,	 Epoch: 44/80,	 Avg.loss: 0.0006,	 Accuracy: 864/1000(86%)
Task: 0,	 Epoch: 45/80,	 Avg.loss: 0.0007,	 Accuracy: 839/1000(84%)
Task: 0,	 Epoch: 46/80,	 Avg.loss: 0.0007,	 Accuracy: 838/1000(84%)
Task: 0,	 Epoch: 47/80,	 Avg.loss: 0.0007,	 Accuracy: 848/1000(85%)
Task: 0,	 Epoch: 48/80,	 Avg.loss: 0.0007,	 Accuracy: 853/1000(85%)
Task: 0,	 Epoch: 49/80,	 Avg.loss: 0.0007,	 Accuracy: 846/1000(85%)
Task: 0,	 Epoch: 50/80,	 Avg.loss: 0.0006,	 Accuracy: 857/1000(86%)
Task: 0,	 Epoch: 51/80,	 Avg.loss: 0.0006,	 Accuracy: 859/1000(86%)
Task: 0,	 Epoch: 52/80,	 Avg.loss: 0.0006,	 Accuracy: 858/1000(86%)
Task: 0,	 Epoch: 53/80,	 Avg.loss: 0.0006,	 Accuracy: 860/1000(86%)
Task: 0,	 Epoch: 54/80,	 Avg.loss: 0.0006,	 Accuracy: 861/1000(86%)
Task: 0,	 Epoch: 55/80,	 Avg.loss: 0.0006,	 Accuracy: 862/1000(86%)
Task: 0,	 Epoch: 56/80,	 Avg.loss: 0.0006,	 Accuracy: 863/1000(86%)
Task: 0,	 Epoch: 57/80,	 Avg.loss: 0.0006,	 Accuracy: 863/1000(86%)
Task: 0,	 Epoch: 58/80,	 Avg.loss: 0.0006,	 Accuracy: 863/1000(86%)
Task: 0,	 Epoch: 59/80,	 Avg.loss: 0.0006,	 Accuracy: 871/1000(87%)
Task: 0,	 Epoch: 60/80,	 Avg.loss: 0.0006,	 Accuracy: 866/1000(87%)
Task: 0,	 Epoch: 61/80,	 Avg.loss: 0.0006,	 Accuracy: 868/1000(87%)
Task: 0,	 Epoch: 62/80,	 Avg.loss: 0.0006,	 Accuracy: 864/1000(86%)
Task: 0,	 Epoch: 63/80,	 Avg.loss: 0.0006,	 Accuracy: 862/1000(86%)
Task: 0,	 Epoch: 64/80,	 Avg.loss: 0.0006,	 Accuracy: 867/1000(87%)
Task: 0,	 Epoch: 65/80,	 Avg.loss: 0.0006,	 Accuracy: 870/1000(87%)
Task: 0,	 Epoch: 66/80,	 Avg.loss: 0.0007,	 Accuracy: 865/1000(87%)
Task: 0,	 Epoch: 67/80,	 Avg.loss: 0.0007,	 Accuracy: 865/1000(87%)
Task: 0,	 Epoch: 68/80,	 Avg.loss: 0.0006,	 Accuracy: 865/1000(87%)
Task: 0,	 Epoch: 69/80,	 Avg.loss: 0.0006,	 Accuracy: 865/1000(87%)
Task: 0,	 Epoch: 70/80,	 Avg.loss: 0.0007,	 Accuracy: 869/1000(87%)
Task: 0,	 Epoch: 71/80,	 Avg.loss: 0.0007,	 Accuracy: 867/1000(87%)
Task: 0,	 Epoch: 72/80,	 Avg.loss: 0.0007,	 Accuracy: 871/1000(87%)
Task: 0,	 Epoch: 73/80,	 Avg.loss: 0.0007,	 Accuracy: 866/1000(87%)
Task: 0,	 Epoch: 74/80,	 Avg.loss: 0.0007,	 Accuracy: 868/1000(87%)
Task: 0,	 Epoch: 75/80,	 Avg.loss: 0.0007,	 Accuracy: 864/1000(86%)
Task: 0,	 Epoch: 76/80,	 Avg.loss: 0.0007,	 Accuracy: 867/1000(87%)
Task: 0,	 Epoch: 77/80,	 Avg.loss: 0.0007,	 Accuracy: 866/1000(87%)
Task: 0,	 Epoch: 78/80,	 Avg.loss: 0.0007,	 Accuracy: 866/1000(87%)
Task: 0,	 Epoch: 79/80,	 Avg.loss: 0.0007,	 Accuracy: 867/1000(87%)
Task: 0,	 Epoch: -1/80,	 Avg.loss: 0.0007,	 Accuracy: 867/1000(87%)
Trained Task:0, Loaded task:0, Accuracy:86.7%
Trained Task:0, Avg. Accuracy: 86.7 

Layer        : conv1_layer.2.weight
Sum Omega    : 714.0342407226562
Max Fisher   : 1.0
Max Omega    : 1.0
Max Relevance: 1.3017189502716064
Mask active  : 8192.0/8192

Layer        : conv2_layer.2.weight
Sum Omega    : 1884.908935546875
Max Fisher   : 1.0
Max Omega    : 1.0
Max Relevance: 1.1575430631637573
Mask active  : 4096.0/4096

Layer        : fc1_layer.0.weight
Sum Omega    : 32803.484375
Max Fisher   : 1.0
Max Omega    : 1.0
Max Relevance: 2.3902671337127686
Mask active  : 256.0/512

Mask histogram conv1_layer.2.weight: 	 tensor([   0.,    0., 8192.,    0.,    0.,    0.,    0.,    0.,    0.,    0.],
       device='cuda:0')
Mask histogram conv2_layer.2.weight: 	 tensor([   0.,    0., 4096.,    0.,    0.,    0.,    0.,    0.,    0.,    0.],
       device='cuda:0')
Mask histogram fc1_layer.0.weight: 	 tensor([250.,  12., 250.,   0.,   0.,   0.,   0.,   0.,   0.,   0.],
       device='cuda:0')
Task: 1,	 Epoch: 0/80,	 Avg.loss: 0.0012,	 Accuracy: 630/1000(63%)
Task: 1,	 Epoch: 1/80,	 Avg.loss: 0.0010,	 Accuracy: 667/1000(67%)
Task: 1,	 Epoch: 2/80,	 Avg.loss: 0.0010,	 Accuracy: 693/1000(69%)
Task: 1,	 Epoch: 3/80,	 Avg.loss: 0.0009,	 Accuracy: 718/1000(72%)
Task: 1,	 Epoch: 4/80,	 Avg.loss: 0.0010,	 Accuracy: 667/1000(67%)
Task: 1,	 Epoch: 5/80,	 Avg.loss: 0.0009,	 Accuracy: 695/1000(70%)
Task: 1,	 Epoch: 6/80,	 Avg.loss: 0.0009,	 Accuracy: 683/1000(68%)
Task: 1,	 Epoch: 7/80,	 Avg.loss: 0.0009,	 Accuracy: 730/1000(73%)
Task: 1,	 Epoch: 8/80,	 Avg.loss: 0.0009,	 Accuracy: 704/1000(70%)
Task: 1,	 Epoch: 9/80,	 Avg.loss: 0.0009,	 Accuracy: 716/1000(72%)
Task: 1,	 Epoch: 10/80,	 Avg.loss: 0.0009,	 Accuracy: 712/1000(71%)
Task: 1,	 Epoch: 11/80,	 Avg.loss: 0.0008,	 Accuracy: 732/1000(73%)
Task: 1,	 Epoch: 12/80,	 Avg.loss: 0.0008,	 Accuracy: 739/1000(74%)
Task: 1,	 Epoch: 13/80,	 Avg.loss: 0.0009,	 Accuracy: 694/1000(69%)
Task: 1,	 Epoch: 14/80,	 Avg.loss: 0.0008,	 Accuracy: 737/1000(74%)
Task: 1,	 Epoch: 15/80,	 Avg.loss: 0.0008,	 Accuracy: 734/1000(73%)
Task: 1,	 Epoch: 16/80,	 Avg.loss: 0.0008,	 Accuracy: 724/1000(72%)
Task: 1,	 Epoch: 17/80,	 Avg.loss: 0.0009,	 Accuracy: 719/1000(72%)
Task: 1,	 Epoch: 18/80,	 Avg.loss: 0.0009,	 Accuracy: 728/1000(73%)
Task: 1,	 Epoch: 19/80,	 Avg.loss: 0.0008,	 Accuracy: 732/1000(73%)
Task: 1,	 Epoch: 20/80,	 Avg.loss: 0.0009,	 Accuracy: 721/1000(72%)
Task: 1,	 Epoch: 21/80,	 Avg.loss: 0.0008,	 Accuracy: 739/1000(74%)
Task: 1,	 Epoch: 22/80,	 Avg.loss: 0.0008,	 Accuracy: 747/1000(75%)
Task: 1,	 Epoch: 23/80,	 Avg.loss: 0.0008,	 Accuracy: 738/1000(74%)
Task: 1,	 Epoch: 24/80,	 Avg.loss: 0.0008,	 Accuracy: 743/1000(74%)
Task: 1,	 Epoch: 25/80,	 Avg.loss: 0.0008,	 Accuracy: 726/1000(73%)
Task: 1,	 Epoch: 26/80,	 Avg.loss: 0.0008,	 Accuracy: 744/1000(74%)
Task: 1,	 Epoch: 27/80,	 Avg.loss: 0.0008,	 Accuracy: 733/1000(73%)
Task: 1,	 Epoch: 28/80,	 Avg.loss: 0.0008,	 Accuracy: 733/1000(73%)
Task: 1,	 Epoch: 29/80,	 Avg.loss: 0.0008,	 Accuracy: 731/1000(73%)
Task: 1,	 Epoch: 30/80,	 Avg.loss: 0.0008,	 Accuracy: 737/1000(74%)
Task: 1,	 Epoch: 31/80,	 Avg.loss: 0.0008,	 Accuracy: 717/1000(72%)
Task: 1,	 Epoch: 32/80,	 Avg.loss: 0.0008,	 Accuracy: 754/1000(75%)
Task: 1,	 Epoch: 33/80,	 Avg.loss: 0.0008,	 Accuracy: 737/1000(74%)
Task: 1,	 Epoch: 34/80,	 Avg.loss: 0.0008,	 Accuracy: 753/1000(75%)
Task: 1,	 Epoch: 35/80,	 Avg.loss: 0.0008,	 Accuracy: 735/1000(74%)
Task: 1,	 Epoch: 36/80,	 Avg.loss: 0.0008,	 Accuracy: 732/1000(73%)
Task: 1,	 Epoch: 37/80,	 Avg.loss: 0.0008,	 Accuracy: 750/1000(75%)
Task: 1,	 Epoch: 38/80,	 Avg.loss: 0.0008,	 Accuracy: 747/1000(75%)
Task: 1,	 Epoch: 39/80,	 Avg.loss: 0.0008,	 Accuracy: 730/1000(73%)
Task: 1,	 Epoch: 40/80,	 Avg.loss: 0.0009,	 Accuracy: 733/1000(73%)
Task: 1,	 Epoch: 41/80,	 Avg.loss: 0.0008,	 Accuracy: 756/1000(76%)
Task: 1,	 Epoch: 42/80,	 Avg.loss: 0.0008,	 Accuracy: 736/1000(74%)
Task: 1,	 Epoch: 43/80,	 Avg.loss: 0.0008,	 Accuracy: 749/1000(75%)
Task: 1,	 Epoch: 44/80,	 Avg.loss: 0.0008,	 Accuracy: 753/1000(75%)
Task: 1,	 Epoch: 45/80,	 Avg.loss: 0.0008,	 Accuracy: 742/1000(74%)
Task: 1,	 Epoch: 46/80,	 Avg.loss: 0.0008,	 Accuracy: 725/1000(72%)
Task: 1,	 Epoch: 47/80,	 Avg.loss: 0.0008,	 Accuracy: 738/1000(74%)
Task: 1,	 Epoch: 48/80,	 Avg.loss: 0.0008,	 Accuracy: 726/1000(73%)
Task: 1,	 Epoch: 49/80,	 Avg.loss: 0.0008,	 Accuracy: 750/1000(75%)
Task: 1,	 Epoch: 50/80,	 Avg.loss: 0.0008,	 Accuracy: 763/1000(76%)
Task: 1,	 Epoch: 51/80,	 Avg.loss: 0.0008,	 Accuracy: 765/1000(76%)
Task: 1,	 Epoch: 52/80,	 Avg.loss: 0.0008,	 Accuracy: 767/1000(77%)
Task: 1,	 Epoch: 53/80,	 Avg.loss: 0.0008,	 Accuracy: 763/1000(76%)
Task: 1,	 Epoch: 54/80,	 Avg.loss: 0.0007,	 Accuracy: 765/1000(76%)
Task: 1,	 Epoch: 55/80,	 Avg.loss: 0.0008,	 Accuracy: 763/1000(76%)
Task: 1,	 Epoch: 56/80,	 Avg.loss: 0.0008,	 Accuracy: 760/1000(76%)
Task: 1,	 Epoch: 57/80,	 Avg.loss: 0.0007,	 Accuracy: 764/1000(76%)
Task: 1,	 Epoch: 58/80,	 Avg.loss: 0.0007,	 Accuracy: 763/1000(76%)
Task: 1,	 Epoch: 59/80,	 Avg.loss: 0.0007,	 Accuracy: 764/1000(76%)
Task: 1,	 Epoch: 60/80,	 Avg.loss: 0.0007,	 Accuracy: 766/1000(77%)
Task: 1,	 Epoch: 61/80,	 Avg.loss: 0.0007,	 Accuracy: 772/1000(77%)
Task: 1,	 Epoch: 62/80,	 Avg.loss: 0.0007,	 Accuracy: 762/1000(76%)
Task: 1,	 Epoch: 63/80,	 Avg.loss: 0.0007,	 Accuracy: 765/1000(76%)
Task: 1,	 Epoch: 64/80,	 Avg.loss: 0.0008,	 Accuracy: 766/1000(77%)
Task: 1,	 Epoch: 65/80,	 Avg.loss: 0.0007,	 Accuracy: 767/1000(77%)
Task: 1,	 Epoch: 66/80,	 Avg.loss: 0.0008,	 Accuracy: 763/1000(76%)
Task: 1,	 Epoch: 67/80,	 Avg.loss: 0.0008,	 Accuracy: 755/1000(76%)
Task: 1,	 Epoch: 68/80,	 Avg.loss: 0.0008,	 Accuracy: 762/1000(76%)
Task: 1,	 Epoch: 69/80,	 Avg.loss: 0.0007,	 Accuracy: 767/1000(77%)
Task: 1,	 Epoch: 70/80,	 Avg.loss: 0.0008,	 Accuracy: 757/1000(76%)
Task: 1,	 Epoch: 71/80,	 Avg.loss: 0.0008,	 Accuracy: 763/1000(76%)
Task: 1,	 Epoch: 72/80,	 Avg.loss: 0.0007,	 Accuracy: 763/1000(76%)
Task: 1,	 Epoch: 73/80,	 Avg.loss: 0.0008,	 Accuracy: 772/1000(77%)
Task: 1,	 Epoch: 74/80,	 Avg.loss: 0.0008,	 Accuracy: 766/1000(77%)
Task: 1,	 Epoch: 75/80,	 Avg.loss: 0.0007,	 Accuracy: 758/1000(76%)
Task: 1,	 Epoch: 76/80,	 Avg.loss: 0.0007,	 Accuracy: 768/1000(77%)
Task: 1,	 Epoch: 77/80,	 Avg.loss: 0.0008,	 Accuracy: 765/1000(76%)
Task: 1,	 Epoch: 78/80,	 Avg.loss: 0.0007,	 Accuracy: 772/1000(77%)
Task: 1,	 Epoch: 79/80,	 Avg.loss: 0.0008,	 Accuracy: 766/1000(77%)
Task: 0,	 Epoch: -1/80,	 Avg.loss: 0.0007,	 Accuracy: 860/1000(86%)
Trained Task:1, Loaded task:0, Accuracy:86.0%
Task: 1,	 Epoch: -1/80,	 Avg.loss: 0.0008,	 Accuracy: 766/1000(77%)
Trained Task:1, Loaded task:1, Accuracy:76.6%
Trained Task:1, Avg. Accuracy: 81.3 

Layer        : conv1_layer.2.weight
Sum Omega    : 730.5462036132812
Max Fisher   : 1.0
Max Omega    : 1.0
Max Relevance: 2.240185022354126
Mask active  : 8192.0/8192

Layer        : conv2_layer.2.weight
Sum Omega    : 1889.48486328125
Max Fisher   : 1.0
Max Omega    : 1.0
Max Relevance: 1.0717328786849976
Mask active  : 4096.0/4096

Layer        : fc1_layer.0.weight
Sum Omega    : 37673.06640625
Max Fisher   : 1.0
Max Omega    : 1.0
Max Relevance: 2.5769107341766357
Mask active  : 256.0/512

Mask histogram conv1_layer.2.weight: 	 tensor([   0.,    0.,    0., 8192.,    0.,    0.,    0.,    0.,    0.,    0.],
       device='cuda:0')
Mask histogram conv2_layer.2.weight: 	 tensor([   0.,    0.,    0., 4096.,    0.,    0.,    0.,    0.,    0.,    0.],
       device='cuda:0')
Mask histogram fc1_layer.0.weight: 	 tensor([249.,   4.,  13., 246.,   0.,   0.,   0.,   0.,   0.,   0.],
       device='cuda:0')
Task: 2,	 Epoch: 0/80,	 Avg.loss: 0.0011,	 Accuracy: 644/1000(64%)
Task: 2,	 Epoch: 1/80,	 Avg.loss: 0.0010,	 Accuracy: 698/1000(70%)
Task: 2,	 Epoch: 2/80,	 Avg.loss: 0.0009,	 Accuracy: 724/1000(72%)
Task: 2,	 Epoch: 3/80,	 Avg.loss: 0.0008,	 Accuracy: 732/1000(73%)
Task: 2,	 Epoch: 4/80,	 Avg.loss: 0.0008,	 Accuracy: 756/1000(76%)
Task: 2,	 Epoch: 5/80,	 Avg.loss: 0.0008,	 Accuracy: 749/1000(75%)
Task: 2,	 Epoch: 6/80,	 Avg.loss: 0.0008,	 Accuracy: 744/1000(74%)
Task: 2,	 Epoch: 7/80,	 Avg.loss: 0.0008,	 Accuracy: 737/1000(74%)
Task: 2,	 Epoch: 8/80,	 Avg.loss: 0.0008,	 Accuracy: 749/1000(75%)
Task: 2,	 Epoch: 9/80,	 Avg.loss: 0.0007,	 Accuracy: 757/1000(76%)
Task: 2,	 Epoch: 10/80,	 Avg.loss: 0.0008,	 Accuracy: 753/1000(75%)
Task: 2,	 Epoch: 11/80,	 Avg.loss: 0.0008,	 Accuracy: 736/1000(74%)
Task: 2,	 Epoch: 12/80,	 Avg.loss: 0.0007,	 Accuracy: 753/1000(75%)
Task: 2,	 Epoch: 13/80,	 Avg.loss: 0.0007,	 Accuracy: 765/1000(76%)
Task: 2,	 Epoch: 14/80,	 Avg.loss: 0.0008,	 Accuracy: 750/1000(75%)
Task: 2,	 Epoch: 15/80,	 Avg.loss: 0.0007,	 Accuracy: 772/1000(77%)
Task: 2,	 Epoch: 16/80,	 Avg.loss: 0.0007,	 Accuracy: 755/1000(76%)
Task: 2,	 Epoch: 17/80,	 Avg.loss: 0.0008,	 Accuracy: 759/1000(76%)
Task: 2,	 Epoch: 18/80,	 Avg.loss: 0.0007,	 Accuracy: 764/1000(76%)
Task: 2,	 Epoch: 19/80,	 Avg.loss: 0.0007,	 Accuracy: 767/1000(77%)
Task: 2,	 Epoch: 20/80,	 Avg.loss: 0.0007,	 Accuracy: 771/1000(77%)
Task: 2,	 Epoch: 21/80,	 Avg.loss: 0.0007,	 Accuracy: 761/1000(76%)
Task: 2,	 Epoch: 22/80,	 Avg.loss: 0.0008,	 Accuracy: 762/1000(76%)
Task: 2,	 Epoch: 23/80,	 Avg.loss: 0.0007,	 Accuracy: 754/1000(75%)
Task: 2,	 Epoch: 24/80,	 Avg.loss: 0.0008,	 Accuracy: 772/1000(77%)
Task: 2,	 Epoch: 25/80,	 Avg.loss: 0.0008,	 Accuracy: 756/1000(76%)
Task: 2,	 Epoch: 26/80,	 Avg.loss: 0.0007,	 Accuracy: 773/1000(77%)
Task: 2,	 Epoch: 27/80,	 Avg.loss: 0.0008,	 Accuracy: 761/1000(76%)
Task: 2,	 Epoch: 28/80,	 Avg.loss: 0.0008,	 Accuracy: 753/1000(75%)
Task: 2,	 Epoch: 29/80,	 Avg.loss: 0.0007,	 Accuracy: 768/1000(77%)
Task: 2,	 Epoch: 30/80,	 Avg.loss: 0.0008,	 Accuracy: 756/1000(76%)
Task: 2,	 Epoch: 31/80,	 Avg.loss: 0.0008,	 Accuracy: 741/1000(74%)
Task: 2,	 Epoch: 32/80,	 Avg.loss: 0.0008,	 Accuracy: 757/1000(76%)
Task: 2,	 Epoch: 33/80,	 Avg.loss: 0.0008,	 Accuracy: 764/1000(76%)
Task: 2,	 Epoch: 34/80,	 Avg.loss: 0.0007,	 Accuracy: 753/1000(75%)
Task: 2,	 Epoch: 35/80,	 Avg.loss: 0.0008,	 Accuracy: 756/1000(76%)
Task: 2,	 Epoch: 36/80,	 Avg.loss: 0.0007,	 Accuracy: 767/1000(77%)
Task: 2,	 Epoch: 37/80,	 Avg.loss: 0.0007,	 Accuracy: 761/1000(76%)
Task: 2,	 Epoch: 38/80,	 Avg.loss: 0.0007,	 Accuracy: 763/1000(76%)
Task: 2,	 Epoch: 39/80,	 Avg.loss: 0.0007,	 Accuracy: 771/1000(77%)
Task: 2,	 Epoch: 40/80,	 Avg.loss: 0.0008,	 Accuracy: 760/1000(76%)
Task: 2,	 Epoch: 41/80,	 Avg.loss: 0.0007,	 Accuracy: 767/1000(77%)
Task: 2,	 Epoch: 42/80,	 Avg.loss: 0.0008,	 Accuracy: 761/1000(76%)
Task: 2,	 Epoch: 43/80,	 Avg.loss: 0.0008,	 Accuracy: 761/1000(76%)
Task: 2,	 Epoch: 44/80,	 Avg.loss: 0.0007,	 Accuracy: 766/1000(77%)
Task: 2,	 Epoch: 45/80,	 Avg.loss: 0.0007,	 Accuracy: 761/1000(76%)
Task: 2,	 Epoch: 46/80,	 Avg.loss: 0.0007,	 Accuracy: 765/1000(76%)
Task: 2,	 Epoch: 47/80,	 Avg.loss: 0.0007,	 Accuracy: 767/1000(77%)
Task: 2,	 Epoch: 48/80,	 Avg.loss: 0.0008,	 Accuracy: 760/1000(76%)
Task: 2,	 Epoch: 49/80,	 Avg.loss: 0.0007,	 Accuracy: 771/1000(77%)
Task: 2,	 Epoch: 50/80,	 Avg.loss: 0.0007,	 Accuracy: 777/1000(78%)
Task: 2,	 Epoch: 51/80,	 Avg.loss: 0.0007,	 Accuracy: 783/1000(78%)
Task: 2,	 Epoch: 52/80,	 Avg.loss: 0.0007,	 Accuracy: 781/1000(78%)
Task: 2,	 Epoch: 53/80,	 Avg.loss: 0.0007,	 Accuracy: 779/1000(78%)
Task: 2,	 Epoch: 54/80,	 Avg.loss: 0.0007,	 Accuracy: 778/1000(78%)
Task: 2,	 Epoch: 55/80,	 Avg.loss: 0.0007,	 Accuracy: 781/1000(78%)
Task: 2,	 Epoch: 56/80,	 Avg.loss: 0.0007,	 Accuracy: 781/1000(78%)
Task: 2,	 Epoch: 57/80,	 Avg.loss: 0.0007,	 Accuracy: 779/1000(78%)
Task: 2,	 Epoch: 58/80,	 Avg.loss: 0.0007,	 Accuracy: 785/1000(78%)
Task: 2,	 Epoch: 59/80,	 Avg.loss: 0.0007,	 Accuracy: 781/1000(78%)
Task: 2,	 Epoch: 60/80,	 Avg.loss: 0.0007,	 Accuracy: 778/1000(78%)
Task: 2,	 Epoch: 61/80,	 Avg.loss: 0.0007,	 Accuracy: 776/1000(78%)
Task: 2,	 Epoch: 62/80,	 Avg.loss: 0.0007,	 Accuracy: 777/1000(78%)
Task: 2,	 Epoch: 63/80,	 Avg.loss: 0.0007,	 Accuracy: 779/1000(78%)
Task: 2,	 Epoch: 64/80,	 Avg.loss: 0.0007,	 Accuracy: 773/1000(77%)
Task: 2,	 Epoch: 65/80,	 Avg.loss: 0.0007,	 Accuracy: 773/1000(77%)
Task: 2,	 Epoch: 66/80,	 Avg.loss: 0.0007,	 Accuracy: 776/1000(78%)
Task: 2,	 Epoch: 67/80,	 Avg.loss: 0.0007,	 Accuracy: 772/1000(77%)
Task: 2,	 Epoch: 68/80,	 Avg.loss: 0.0007,	 Accuracy: 771/1000(77%)
Task: 2,	 Epoch: 69/80,	 Avg.loss: 0.0007,	 Accuracy: 776/1000(78%)
Task: 2,	 Epoch: 70/80,	 Avg.loss: 0.0007,	 Accuracy: 778/1000(78%)
Task: 2,	 Epoch: 71/80,	 Avg.loss: 0.0007,	 Accuracy: 773/1000(77%)
Task: 2,	 Epoch: 72/80,	 Avg.loss: 0.0007,	 Accuracy: 778/1000(78%)
Task: 2,	 Epoch: 73/80,	 Avg.loss: 0.0007,	 Accuracy: 772/1000(77%)
Task: 2,	 Epoch: 74/80,	 Avg.loss: 0.0007,	 Accuracy: 780/1000(78%)
Task: 2,	 Epoch: 75/80,	 Avg.loss: 0.0007,	 Accuracy: 777/1000(78%)
Task: 2,	 Epoch: 76/80,	 Avg.loss: 0.0007,	 Accuracy: 774/1000(77%)
Task: 2,	 Epoch: 77/80,	 Avg.loss: 0.0007,	 Accuracy: 779/1000(78%)
Task: 2,	 Epoch: 78/80,	 Avg.loss: 0.0007,	 Accuracy: 776/1000(78%)
Task: 2,	 Epoch: 79/80,	 Avg.loss: 0.0007,	 Accuracy: 777/1000(78%)
Task: 0,	 Epoch: -1/80,	 Avg.loss: 0.0007,	 Accuracy: 873/1000(87%)
Trained Task:2, Loaded task:0, Accuracy:87.3%
Task: 1,	 Epoch: -1/80,	 Avg.loss: 0.0008,	 Accuracy: 760/1000(76%)
Trained Task:2, Loaded task:1, Accuracy:76.0%
Task: 2,	 Epoch: -1/80,	 Avg.loss: 0.0007,	 Accuracy: 777/1000(78%)
Trained Task:2, Loaded task:2, Accuracy:77.7%
Trained Task:2, Avg. Accuracy: 80.3 

Layer        : conv1_layer.2.weight
Sum Omega    : 780.8543701171875
Max Fisher   : 1.0
Max Omega    : 1.0
Max Relevance: 1.8208738565444946
Mask active  : 8192.0/8192

Layer        : conv2_layer.2.weight
Sum Omega    : 1847.222412109375
Max Fisher   : 1.0
Max Omega    : 1.0
Max Relevance: 1.7720067501068115
Mask active  : 4096.0/4096

Layer        : fc1_layer.0.weight
Sum Omega    : 40468.3046875
Max Fisher   : 1.0
Max Omega    : 1.0
Max Relevance: 2.7880921363830566
Mask active  : 256.0/512

Mask histogram conv1_layer.2.weight: 	 tensor([   0.,    0.,    0.,    0., 8192.,    0.,    0.,    0.,    0.,    0.],
       device='cuda:0')
Mask histogram conv2_layer.2.weight: 	 tensor([   0.,    0.,    0.,    0., 4096.,    0.,    0.,    0.,    0.,    0.],
       device='cuda:0')
Mask histogram fc1_layer.0.weight: 	 tensor([249.,   2.,   4.,  14., 243.,   0.,   0.,   0.,   0.,   0.],
       device='cuda:0')
Task: 3,	 Epoch: 0/80,	 Avg.loss: 0.0013,	 Accuracy: 600/1000(60%)
Task: 3,	 Epoch: 1/80,	 Avg.loss: 0.0010,	 Accuracy: 665/1000(66%)
Task: 3,	 Epoch: 2/80,	 Avg.loss: 0.0010,	 Accuracy: 659/1000(66%)
Task: 3,	 Epoch: 3/80,	 Avg.loss: 0.0010,	 Accuracy: 688/1000(69%)
Task: 3,	 Epoch: 4/80,	 Avg.loss: 0.0011,	 Accuracy: 672/1000(67%)
Task: 3,	 Epoch: 5/80,	 Avg.loss: 0.0010,	 Accuracy: 692/1000(69%)
Task: 3,	 Epoch: 6/80,	 Avg.loss: 0.0010,	 Accuracy: 675/1000(68%)
Task: 3,	 Epoch: 7/80,	 Avg.loss: 0.0010,	 Accuracy: 682/1000(68%)
Task: 3,	 Epoch: 8/80,	 Avg.loss: 0.0009,	 Accuracy: 708/1000(71%)
Task: 3,	 Epoch: 9/80,	 Avg.loss: 0.0009,	 Accuracy: 717/1000(72%)
Task: 3,	 Epoch: 10/80,	 Avg.loss: 0.0009,	 Accuracy: 717/1000(72%)
Task: 3,	 Epoch: 11/80,	 Avg.loss: 0.0009,	 Accuracy: 695/1000(70%)
Task: 3,	 Epoch: 12/80,	 Avg.loss: 0.0009,	 Accuracy: 699/1000(70%)
Task: 3,	 Epoch: 13/80,	 Avg.loss: 0.0009,	 Accuracy: 706/1000(71%)
Task: 3,	 Epoch: 14/80,	 Avg.loss: 0.0010,	 Accuracy: 685/1000(68%)
Task: 3,	 Epoch: 15/80,	 Avg.loss: 0.0009,	 Accuracy: 691/1000(69%)
Task: 3,	 Epoch: 16/80,	 Avg.loss: 0.0009,	 Accuracy: 711/1000(71%)
Task: 3,	 Epoch: 17/80,	 Avg.loss: 0.0009,	 Accuracy: 694/1000(69%)
Task: 3,	 Epoch: 18/80,	 Avg.loss: 0.0009,	 Accuracy: 710/1000(71%)
Task: 3,	 Epoch: 19/80,	 Avg.loss: 0.0009,	 Accuracy: 707/1000(71%)
Task: 3,	 Epoch: 20/80,	 Avg.loss: 0.0009,	 Accuracy: 706/1000(71%)
Task: 3,	 Epoch: 21/80,	 Avg.loss: 0.0009,	 Accuracy: 697/1000(70%)
Task: 3,	 Epoch: 22/80,	 Avg.loss: 0.0009,	 Accuracy: 703/1000(70%)
Task: 3,	 Epoch: 23/80,	 Avg.loss: 0.0009,	 Accuracy: 705/1000(70%)
Task: 3,	 Epoch: 24/80,	 Avg.loss: 0.0009,	 Accuracy: 697/1000(70%)
Task: 3,	 Epoch: 25/80,	 Avg.loss: 0.0009,	 Accuracy: 719/1000(72%)
Task: 3,	 Epoch: 26/80,	 Avg.loss: 0.0009,	 Accuracy: 704/1000(70%)
Task: 3,	 Epoch: 27/80,	 Avg.loss: 0.0009,	 Accuracy: 712/1000(71%)
Task: 3,	 Epoch: 28/80,	 Avg.loss: 0.0009,	 Accuracy: 706/1000(71%)
Task: 3,	 Epoch: 29/80,	 Avg.loss: 0.0009,	 Accuracy: 704/1000(70%)
Task: 3,	 Epoch: 30/80,	 Avg.loss: 0.0010,	 Accuracy: 684/1000(68%)
Task: 3,	 Epoch: 31/80,	 Avg.loss: 0.0009,	 Accuracy: 707/1000(71%)
Task: 3,	 Epoch: 32/80,	 Avg.loss: 0.0009,	 Accuracy: 693/1000(69%)
Task: 3,	 Epoch: 33/80,	 Avg.loss: 0.0009,	 Accuracy: 705/1000(70%)
Task: 3,	 Epoch: 34/80,	 Avg.loss: 0.0009,	 Accuracy: 711/1000(71%)
Task: 3,	 Epoch: 35/80,	 Avg.loss: 0.0009,	 Accuracy: 708/1000(71%)
Task: 3,	 Epoch: 36/80,	 Avg.loss: 0.0009,	 Accuracy: 709/1000(71%)
Task: 3,	 Epoch: 37/80,	 Avg.loss: 0.0009,	 Accuracy: 694/1000(69%)
Task: 3,	 Epoch: 38/80,	 Avg.loss: 0.0009,	 Accuracy: 716/1000(72%)
Task: 3,	 Epoch: 39/80,	 Avg.loss: 0.0009,	 Accuracy: 687/1000(69%)
Task: 3,	 Epoch: 40/80,	 Avg.loss: 0.0009,	 Accuracy: 698/1000(70%)
Task: 3,	 Epoch: 41/80,	 Avg.loss: 0.0009,	 Accuracy: 711/1000(71%)
Task: 3,	 Epoch: 42/80,	 Avg.loss: 0.0009,	 Accuracy: 714/1000(71%)
Task: 3,	 Epoch: 43/80,	 Avg.loss: 0.0009,	 Accuracy: 715/1000(72%)
Task: 3,	 Epoch: 44/80,	 Avg.loss: 0.0009,	 Accuracy: 705/1000(70%)
Task: 3,	 Epoch: 45/80,	 Avg.loss: 0.0009,	 Accuracy: 712/1000(71%)
Task: 3,	 Epoch: 46/80,	 Avg.loss: 0.0009,	 Accuracy: 708/1000(71%)
Task: 3,	 Epoch: 47/80,	 Avg.loss: 0.0009,	 Accuracy: 693/1000(69%)
Task: 3,	 Epoch: 48/80,	 Avg.loss: 0.0009,	 Accuracy: 723/1000(72%)
Task: 3,	 Epoch: 49/80,	 Avg.loss: 0.0009,	 Accuracy: 707/1000(71%)
Task: 3,	 Epoch: 50/80,	 Avg.loss: 0.0009,	 Accuracy: 710/1000(71%)
Task: 3,	 Epoch: 51/80,	 Avg.loss: 0.0009,	 Accuracy: 720/1000(72%)
Task: 3,	 Epoch: 52/80,	 Avg.loss: 0.0009,	 Accuracy: 722/1000(72%)
Task: 3,	 Epoch: 53/80,	 Avg.loss: 0.0009,	 Accuracy: 719/1000(72%)
Task: 3,	 Epoch: 54/80,	 Avg.loss: 0.0009,	 Accuracy: 720/1000(72%)
Task: 3,	 Epoch: 55/80,	 Avg.loss: 0.0009,	 Accuracy: 723/1000(72%)
Task: 3,	 Epoch: 56/80,	 Avg.loss: 0.0009,	 Accuracy: 721/1000(72%)
Task: 3,	 Epoch: 57/80,	 Avg.loss: 0.0009,	 Accuracy: 726/1000(73%)
Task: 3,	 Epoch: 58/80,	 Avg.loss: 0.0009,	 Accuracy: 722/1000(72%)
Task: 3,	 Epoch: 59/80,	 Avg.loss: 0.0009,	 Accuracy: 725/1000(72%)
Task: 3,	 Epoch: 60/80,	 Avg.loss: 0.0009,	 Accuracy: 712/1000(71%)
Task: 3,	 Epoch: 61/80,	 Avg.loss: 0.0008,	 Accuracy: 722/1000(72%)
Task: 3,	 Epoch: 62/80,	 Avg.loss: 0.0008,	 Accuracy: 724/1000(72%)
Task: 3,	 Epoch: 63/80,	 Avg.loss: 0.0008,	 Accuracy: 717/1000(72%)
Task: 3,	 Epoch: 64/80,	 Avg.loss: 0.0008,	 Accuracy: 720/1000(72%)
Task: 3,	 Epoch: 65/80,	 Avg.loss: 0.0009,	 Accuracy: 715/1000(72%)
Task: 3,	 Epoch: 66/80,	 Avg.loss: 0.0008,	 Accuracy: 717/1000(72%)
Task: 3,	 Epoch: 67/80,	 Avg.loss: 0.0008,	 Accuracy: 726/1000(73%)
Task: 3,	 Epoch: 68/80,	 Avg.loss: 0.0009,	 Accuracy: 723/1000(72%)
Task: 3,	 Epoch: 69/80,	 Avg.loss: 0.0008,	 Accuracy: 725/1000(72%)
Task: 3,	 Epoch: 70/80,	 Avg.loss: 0.0008,	 Accuracy: 731/1000(73%)
Task: 3,	 Epoch: 71/80,	 Avg.loss: 0.0008,	 Accuracy: 732/1000(73%)
Task: 3,	 Epoch: 72/80,	 Avg.loss: 0.0008,	 Accuracy: 723/1000(72%)
Task: 3,	 Epoch: 73/80,	 Avg.loss: 0.0008,	 Accuracy: 721/1000(72%)
Task: 3,	 Epoch: 74/80,	 Avg.loss: 0.0009,	 Accuracy: 725/1000(72%)
Task: 3,	 Epoch: 75/80,	 Avg.loss: 0.0008,	 Accuracy: 719/1000(72%)
Task: 3,	 Epoch: 76/80,	 Avg.loss: 0.0009,	 Accuracy: 719/1000(72%)
Task: 3,	 Epoch: 77/80,	 Avg.loss: 0.0008,	 Accuracy: 726/1000(73%)
Task: 3,	 Epoch: 78/80,	 Avg.loss: 0.0008,	 Accuracy: 720/1000(72%)
Task: 3,	 Epoch: 79/80,	 Avg.loss: 0.0009,	 Accuracy: 721/1000(72%)
Task: 0,	 Epoch: -1/80,	 Avg.loss: 0.0007,	 Accuracy: 872/1000(87%)
Trained Task:3, Loaded task:0, Accuracy:87.2%
Task: 1,	 Epoch: -1/80,	 Avg.loss: 0.0008,	 Accuracy: 770/1000(77%)
Trained Task:3, Loaded task:1, Accuracy:77.0%
Task: 2,	 Epoch: -1/80,	 Avg.loss: 0.0007,	 Accuracy: 779/1000(78%)
Trained Task:3, Loaded task:2, Accuracy:77.9%
Task: 3,	 Epoch: -1/80,	 Avg.loss: 0.0009,	 Accuracy: 721/1000(72%)
Trained Task:3, Loaded task:3, Accuracy:72.1%
Trained Task:3, Avg. Accuracy: 78.6 

Layer        : conv1_layer.2.weight
Sum Omega    : 777.793701171875
Max Fisher   : 1.0
Max Omega    : 1.0
Max Relevance: 2.351034164428711
Mask active  : 8192.0/8192

Layer        : conv2_layer.2.weight
Sum Omega    : 1838.058349609375
Max Fisher   : 1.0
Max Omega    : 1.0
Max Relevance: 1.6886345148086548
Mask active  : 4096.0/4096

Layer        : fc1_layer.0.weight
Sum Omega    : 43250.2421875
Max Fisher   : 1.0
Max Omega    : 1.0
Max Relevance: 2.7094833850860596
Mask active  : 256.0/512

Mask histogram conv1_layer.2.weight: 	 tensor([   0.,    0.,    0.,    0.,    0., 8192.,    0.,    0.,    0.,    0.],
       device='cuda:0')
Mask histogram conv2_layer.2.weight: 	 tensor([   0.,    0.,    0.,    0.,    0., 4096.,    0.,    0.,    0.,    0.],
       device='cuda:0')
Mask histogram fc1_layer.0.weight: 	 tensor([249.,   2.,   2.,   5.,  11., 243.,   0.,   0.,   0.,   0.],
       device='cuda:0')
Task: 4,	 Epoch: 0/80,	 Avg.loss: 0.0010,	 Accuracy: 676/1000(68%)
Task: 4,	 Epoch: 1/80,	 Avg.loss: 0.0010,	 Accuracy: 711/1000(71%)
Task: 4,	 Epoch: 2/80,	 Avg.loss: 0.0009,	 Accuracy: 726/1000(73%)
Task: 4,	 Epoch: 3/80,	 Avg.loss: 0.0009,	 Accuracy: 736/1000(74%)
Task: 4,	 Epoch: 4/80,	 Avg.loss: 0.0008,	 Accuracy: 758/1000(76%)
Task: 4,	 Epoch: 5/80,	 Avg.loss: 0.0008,	 Accuracy: 761/1000(76%)
Task: 4,	 Epoch: 6/80,	 Avg.loss: 0.0008,	 Accuracy: 751/1000(75%)
Task: 4,	 Epoch: 7/80,	 Avg.loss: 0.0008,	 Accuracy: 757/1000(76%)
Task: 4,	 Epoch: 8/80,	 Avg.loss: 0.0008,	 Accuracy: 758/1000(76%)
Task: 4,	 Epoch: 9/80,	 Avg.loss: 0.0008,	 Accuracy: 762/1000(76%)
Task: 4,	 Epoch: 10/80,	 Avg.loss: 0.0007,	 Accuracy: 767/1000(77%)
Task: 4,	 Epoch: 11/80,	 Avg.loss: 0.0007,	 Accuracy: 771/1000(77%)
Task: 4,	 Epoch: 12/80,	 Avg.loss: 0.0007,	 Accuracy: 767/1000(77%)
Task: 4,	 Epoch: 13/80,	 Avg.loss: 0.0007,	 Accuracy: 761/1000(76%)
Task: 4,	 Epoch: 14/80,	 Avg.loss: 0.0007,	 Accuracy: 767/1000(77%)
Task: 4,	 Epoch: 15/80,	 Avg.loss: 0.0007,	 Accuracy: 768/1000(77%)
Task: 4,	 Epoch: 16/80,	 Avg.loss: 0.0007,	 Accuracy: 765/1000(76%)
Task: 4,	 Epoch: 17/80,	 Avg.loss: 0.0007,	 Accuracy: 760/1000(76%)
Task: 4,	 Epoch: 18/80,	 Avg.loss: 0.0008,	 Accuracy: 738/1000(74%)
Task: 4,	 Epoch: 19/80,	 Avg.loss: 0.0007,	 Accuracy: 765/1000(76%)
Task: 4,	 Epoch: 20/80,	 Avg.loss: 0.0007,	 Accuracy: 763/1000(76%)
Task: 4,	 Epoch: 21/80,	 Avg.loss: 0.0007,	 Accuracy: 771/1000(77%)
Task: 4,	 Epoch: 22/80,	 Avg.loss: 0.0007,	 Accuracy: 756/1000(76%)
Task: 4,	 Epoch: 23/80,	 Avg.loss: 0.0007,	 Accuracy: 771/1000(77%)
Task: 4,	 Epoch: 24/80,	 Avg.loss: 0.0007,	 Accuracy: 773/1000(77%)
Task: 4,	 Epoch: 25/80,	 Avg.loss: 0.0007,	 Accuracy: 763/1000(76%)
Task: 4,	 Epoch: 26/80,	 Avg.loss: 0.0007,	 Accuracy: 763/1000(76%)
Task: 4,	 Epoch: 27/80,	 Avg.loss: 0.0007,	 Accuracy: 761/1000(76%)
Task: 4,	 Epoch: 28/80,	 Avg.loss: 0.0008,	 Accuracy: 754/1000(75%)
Task: 4,	 Epoch: 29/80,	 Avg.loss: 0.0007,	 Accuracy: 773/1000(77%)
Task: 4,	 Epoch: 30/80,	 Avg.loss: 0.0007,	 Accuracy: 764/1000(76%)
Task: 4,	 Epoch: 31/80,	 Avg.loss: 0.0007,	 Accuracy: 774/1000(77%)
Task: 4,	 Epoch: 32/80,	 Avg.loss: 0.0007,	 Accuracy: 749/1000(75%)
Task: 4,	 Epoch: 33/80,	 Avg.loss: 0.0007,	 Accuracy: 756/1000(76%)
Task: 4,	 Epoch: 34/80,	 Avg.loss: 0.0007,	 Accuracy: 757/1000(76%)
Task: 4,	 Epoch: 35/80,	 Avg.loss: 0.0007,	 Accuracy: 766/1000(77%)
Task: 4,	 Epoch: 36/80,	 Avg.loss: 0.0007,	 Accuracy: 763/1000(76%)
Task: 4,	 Epoch: 37/80,	 Avg.loss: 0.0007,	 Accuracy: 768/1000(77%)
Task: 4,	 Epoch: 38/80,	 Avg.loss: 0.0007,	 Accuracy: 766/1000(77%)
Task: 4,	 Epoch: 39/80,	 Avg.loss: 0.0007,	 Accuracy: 760/1000(76%)
Task: 4,	 Epoch: 40/80,	 Avg.loss: 0.0008,	 Accuracy: 770/1000(77%)
Task: 4,	 Epoch: 41/80,	 Avg.loss: 0.0007,	 Accuracy: 778/1000(78%)
Task: 4,	 Epoch: 42/80,	 Avg.loss: 0.0008,	 Accuracy: 760/1000(76%)
Task: 4,	 Epoch: 43/80,	 Avg.loss: 0.0008,	 Accuracy: 764/1000(76%)
Task: 4,	 Epoch: 44/80,	 Avg.loss: 0.0008,	 Accuracy: 734/1000(73%)
Task: 4,	 Epoch: 45/80,	 Avg.loss: 0.0007,	 Accuracy: 754/1000(75%)
Task: 4,	 Epoch: 46/80,	 Avg.loss: 0.0008,	 Accuracy: 779/1000(78%)
Task: 4,	 Epoch: 47/80,	 Avg.loss: 0.0008,	 Accuracy: 763/1000(76%)
Task: 4,	 Epoch: 48/80,	 Avg.loss: 0.0008,	 Accuracy: 768/1000(77%)
Task: 4,	 Epoch: 49/80,	 Avg.loss: 0.0007,	 Accuracy: 762/1000(76%)
Task: 4,	 Epoch: 50/80,	 Avg.loss: 0.0007,	 Accuracy: 764/1000(76%)
Task: 4,	 Epoch: 51/80,	 Avg.loss: 0.0007,	 Accuracy: 769/1000(77%)
Task: 4,	 Epoch: 52/80,	 Avg.loss: 0.0007,	 Accuracy: 764/1000(76%)
Task: 4,	 Epoch: 53/80,	 Avg.loss: 0.0007,	 Accuracy: 772/1000(77%)
Task: 4,	 Epoch: 54/80,	 Avg.loss: 0.0007,	 Accuracy: 773/1000(77%)
Task: 4,	 Epoch: 55/80,	 Avg.loss: 0.0007,	 Accuracy: 769/1000(77%)
Task: 4,	 Epoch: 56/80,	 Avg.loss: 0.0007,	 Accuracy: 766/1000(77%)
Task: 4,	 Epoch: 57/80,	 Avg.loss: 0.0007,	 Accuracy: 765/1000(76%)
Task: 4,	 Epoch: 58/80,	 Avg.loss: 0.0007,	 Accuracy: 766/1000(77%)
Task: 4,	 Epoch: 59/80,	 Avg.loss: 0.0007,	 Accuracy: 769/1000(77%)
Task: 4,	 Epoch: 60/80,	 Avg.loss: 0.0007,	 Accuracy: 766/1000(77%)
Task: 4,	 Epoch: 61/80,	 Avg.loss: 0.0007,	 Accuracy: 767/1000(77%)
Task: 4,	 Epoch: 62/80,	 Avg.loss: 0.0007,	 Accuracy: 764/1000(76%)
Task: 4,	 Epoch: 63/80,	 Avg.loss: 0.0007,	 Accuracy: 769/1000(77%)
Task: 4,	 Epoch: 64/80,	 Avg.loss: 0.0007,	 Accuracy: 764/1000(76%)
Task: 4,	 Epoch: 65/80,	 Avg.loss: 0.0007,	 Accuracy: 774/1000(77%)
Task: 4,	 Epoch: 66/80,	 Avg.loss: 0.0007,	 Accuracy: 769/1000(77%)
Task: 4,	 Epoch: 67/80,	 Avg.loss: 0.0007,	 Accuracy: 768/1000(77%)
Task: 4,	 Epoch: 68/80,	 Avg.loss: 0.0007,	 Accuracy: 765/1000(76%)
Task: 4,	 Epoch: 69/80,	 Avg.loss: 0.0007,	 Accuracy: 766/1000(77%)
Task: 4,	 Epoch: 70/80,	 Avg.loss: 0.0007,	 Accuracy: 769/1000(77%)
Task: 4,	 Epoch: 71/80,	 Avg.loss: 0.0007,	 Accuracy: 768/1000(77%)
Task: 4,	 Epoch: 72/80,	 Avg.loss: 0.0007,	 Accuracy: 774/1000(77%)
Task: 4,	 Epoch: 73/80,	 Avg.loss: 0.0007,	 Accuracy: 772/1000(77%)
Task: 4,	 Epoch: 74/80,	 Avg.loss: 0.0007,	 Accuracy: 770/1000(77%)
Task: 4,	 Epoch: 75/80,	 Avg.loss: 0.0007,	 Accuracy: 767/1000(77%)
Task: 4,	 Epoch: 76/80,	 Avg.loss: 0.0007,	 Accuracy: 772/1000(77%)
Task: 4,	 Epoch: 77/80,	 Avg.loss: 0.0007,	 Accuracy: 769/1000(77%)
Task: 4,	 Epoch: 78/80,	 Avg.loss: 0.0007,	 Accuracy: 763/1000(76%)
Task: 4,	 Epoch: 79/80,	 Avg.loss: 0.0007,	 Accuracy: 767/1000(77%)
Task: 0,	 Epoch: -1/80,	 Avg.loss: 0.0007,	 Accuracy: 867/1000(87%)
Trained Task:4, Loaded task:0, Accuracy:86.7%
Task: 1,	 Epoch: -1/80,	 Avg.loss: 0.0008,	 Accuracy: 770/1000(77%)
Trained Task:4, Loaded task:1, Accuracy:77.0%
Task: 2,	 Epoch: -1/80,	 Avg.loss: 0.0007,	 Accuracy: 779/1000(78%)
Trained Task:4, Loaded task:2, Accuracy:77.9%
Task: 3,	 Epoch: -1/80,	 Avg.loss: 0.0009,	 Accuracy: 722/1000(72%)
Trained Task:4, Loaded task:3, Accuracy:72.2%
Task: 4,	 Epoch: -1/80,	 Avg.loss: 0.0007,	 Accuracy: 767/1000(77%)
Trained Task:4, Loaded task:4, Accuracy:76.7%
Trained Task:4, Avg. Accuracy: 78.1 

Layer        : conv1_layer.2.weight
Sum Omega    : 771.93310546875
Max Fisher   : 1.0
Max Omega    : 1.0
Max Relevance: 1.81916081905365
Mask active  : 8192.0/8192

Layer        : conv2_layer.2.weight
Sum Omega    : 1815.152587890625
Max Fisher   : 1.0
Max Omega    : 1.0
Max Relevance: 2.003312349319458
Mask active  : 4096.0/4096

Layer        : fc1_layer.0.weight
Sum Omega    : 47745.95703125
Max Fisher   : 1.0
Max Omega    : 1.0
Max Relevance: 2.3769195079803467
Mask active  : 256.0/512

Mask histogram conv1_layer.2.weight: 	 tensor([   0.,    0.,    0.,    0.,    0.,    0., 8192.,    0.,    0.,    0.],
       device='cuda:0')
Mask histogram conv2_layer.2.weight: 	 tensor([   0.,    0.,    0.,    0.,    0.,    0., 4096.,    0.,    0.,    0.],
       device='cuda:0')
Mask histogram fc1_layer.0.weight: 	 tensor([249.,   2.,   2.,   1.,   5.,  11., 242.,   0.,   0.,   0.],
       device='cuda:0')
Task: 5,	 Epoch: 0/80,	 Avg.loss: 0.0012,	 Accuracy: 577/1000(58%)
Task: 5,	 Epoch: 1/80,	 Avg.loss: 0.0010,	 Accuracy: 656/1000(66%)
Task: 5,	 Epoch: 2/80,	 Avg.loss: 0.0011,	 Accuracy: 637/1000(64%)
Task: 5,	 Epoch: 3/80,	 Avg.loss: 0.0009,	 Accuracy: 680/1000(68%)
Task: 5,	 Epoch: 4/80,	 Avg.loss: 0.0010,	 Accuracy: 689/1000(69%)
Task: 5,	 Epoch: 5/80,	 Avg.loss: 0.0009,	 Accuracy: 705/1000(70%)
Task: 5,	 Epoch: 6/80,	 Avg.loss: 0.0008,	 Accuracy: 696/1000(70%)
Task: 5,	 Epoch: 7/80,	 Avg.loss: 0.0009,	 Accuracy: 695/1000(70%)
Task: 5,	 Epoch: 8/80,	 Avg.loss: 0.0008,	 Accuracy: 715/1000(72%)
Task: 5,	 Epoch: 9/80,	 Avg.loss: 0.0008,	 Accuracy: 734/1000(73%)
Task: 5,	 Epoch: 10/80,	 Avg.loss: 0.0008,	 Accuracy: 726/1000(73%)
Task: 5,	 Epoch: 11/80,	 Avg.loss: 0.0008,	 Accuracy: 712/1000(71%)
Task: 5,	 Epoch: 12/80,	 Avg.loss: 0.0008,	 Accuracy: 718/1000(72%)
Task: 5,	 Epoch: 13/80,	 Avg.loss: 0.0008,	 Accuracy: 716/1000(72%)
Task: 5,	 Epoch: 14/80,	 Avg.loss: 0.0008,	 Accuracy: 713/1000(71%)
Task: 5,	 Epoch: 15/80,	 Avg.loss: 0.0008,	 Accuracy: 720/1000(72%)
Task: 5,	 Epoch: 16/80,	 Avg.loss: 0.0008,	 Accuracy: 731/1000(73%)
Task: 5,	 Epoch: 17/80,	 Avg.loss: 0.0008,	 Accuracy: 736/1000(74%)
Task: 5,	 Epoch: 18/80,	 Avg.loss: 0.0008,	 Accuracy: 725/1000(72%)
Task: 5,	 Epoch: 19/80,	 Avg.loss: 0.0008,	 Accuracy: 732/1000(73%)
Task: 5,	 Epoch: 20/80,	 Avg.loss: 0.0008,	 Accuracy: 728/1000(73%)
Task: 5,	 Epoch: 21/80,	 Avg.loss: 0.0008,	 Accuracy: 720/1000(72%)
Task: 5,	 Epoch: 22/80,	 Avg.loss: 0.0008,	 Accuracy: 727/1000(73%)
Task: 5,	 Epoch: 23/80,	 Avg.loss: 0.0008,	 Accuracy: 720/1000(72%)
Task: 5,	 Epoch: 24/80,	 Avg.loss: 0.0008,	 Accuracy: 712/1000(71%)
Task: 5,	 Epoch: 25/80,	 Avg.loss: 0.0008,	 Accuracy: 724/1000(72%)
Task: 5,	 Epoch: 26/80,	 Avg.loss: 0.0008,	 Accuracy: 716/1000(72%)
Task: 5,	 Epoch: 27/80,	 Avg.loss: 0.0008,	 Accuracy: 723/1000(72%)
Task: 5,	 Epoch: 28/80,	 Avg.loss: 0.0008,	 Accuracy: 737/1000(74%)
Task: 5,	 Epoch: 29/80,	 Avg.loss: 0.0008,	 Accuracy: 732/1000(73%)
Task: 5,	 Epoch: 30/80,	 Avg.loss: 0.0008,	 Accuracy: 721/1000(72%)
Task: 5,	 Epoch: 31/80,	 Avg.loss: 0.0008,	 Accuracy: 709/1000(71%)
Task: 5,	 Epoch: 32/80,	 Avg.loss: 0.0008,	 Accuracy: 714/1000(71%)
Task: 5,	 Epoch: 33/80,	 Avg.loss: 0.0008,	 Accuracy: 719/1000(72%)
Task: 5,	 Epoch: 34/80,	 Avg.loss: 0.0008,	 Accuracy: 729/1000(73%)
Task: 5,	 Epoch: 35/80,	 Avg.loss: 0.0008,	 Accuracy: 726/1000(73%)
Task: 5,	 Epoch: 36/80,	 Avg.loss: 0.0008,	 Accuracy: 729/1000(73%)
Task: 5,	 Epoch: 37/80,	 Avg.loss: 0.0008,	 Accuracy: 729/1000(73%)
Task: 5,	 Epoch: 38/80,	 Avg.loss: 0.0008,	 Accuracy: 732/1000(73%)
Task: 5,	 Epoch: 39/80,	 Avg.loss: 0.0008,	 Accuracy: 734/1000(73%)
Task: 5,	 Epoch: 40/80,	 Avg.loss: 0.0008,	 Accuracy: 732/1000(73%)
Task: 5,	 Epoch: 41/80,	 Avg.loss: 0.0008,	 Accuracy: 729/1000(73%)
Task: 5,	 Epoch: 42/80,	 Avg.loss: 0.0008,	 Accuracy: 739/1000(74%)
Task: 5,	 Epoch: 43/80,	 Avg.loss: 0.0008,	 Accuracy: 747/1000(75%)
Task: 5,	 Epoch: 44/80,	 Avg.loss: 0.0008,	 Accuracy: 716/1000(72%)
Task: 5,	 Epoch: 45/80,	 Avg.loss: 0.0008,	 Accuracy: 722/1000(72%)
Task: 5,	 Epoch: 46/80,	 Avg.loss: 0.0008,	 Accuracy: 728/1000(73%)
Task: 5,	 Epoch: 47/80,	 Avg.loss: 0.0008,	 Accuracy: 722/1000(72%)
Task: 5,	 Epoch: 48/80,	 Avg.loss: 0.0008,	 Accuracy: 731/1000(73%)
Task: 5,	 Epoch: 49/80,	 Avg.loss: 0.0008,	 Accuracy: 740/1000(74%)
Task: 5,	 Epoch: 50/80,	 Avg.loss: 0.0007,	 Accuracy: 741/1000(74%)
Task: 5,	 Epoch: 51/80,	 Avg.loss: 0.0007,	 Accuracy: 747/1000(75%)
Task: 5,	 Epoch: 52/80,	 Avg.loss: 0.0007,	 Accuracy: 742/1000(74%)
Task: 5,	 Epoch: 53/80,	 Avg.loss: 0.0007,	 Accuracy: 737/1000(74%)
Task: 5,	 Epoch: 54/80,	 Avg.loss: 0.0007,	 Accuracy: 739/1000(74%)
Task: 5,	 Epoch: 55/80,	 Avg.loss: 0.0007,	 Accuracy: 741/1000(74%)
Task: 5,	 Epoch: 56/80,	 Avg.loss: 0.0007,	 Accuracy: 751/1000(75%)
Task: 5,	 Epoch: 57/80,	 Avg.loss: 0.0007,	 Accuracy: 747/1000(75%)
Task: 5,	 Epoch: 58/80,	 Avg.loss: 0.0007,	 Accuracy: 741/1000(74%)
Task: 5,	 Epoch: 59/80,	 Avg.loss: 0.0007,	 Accuracy: 741/1000(74%)
Task: 5,	 Epoch: 60/80,	 Avg.loss: 0.0007,	 Accuracy: 736/1000(74%)
Task: 5,	 Epoch: 61/80,	 Avg.loss: 0.0007,	 Accuracy: 739/1000(74%)
Task: 5,	 Epoch: 62/80,	 Avg.loss: 0.0007,	 Accuracy: 741/1000(74%)
Task: 5,	 Epoch: 63/80,	 Avg.loss: 0.0007,	 Accuracy: 744/1000(74%)
Task: 5,	 Epoch: 64/80,	 Avg.loss: 0.0007,	 Accuracy: 745/1000(74%)
Task: 5,	 Epoch: 65/80,	 Avg.loss: 0.0007,	 Accuracy: 740/1000(74%)
Task: 5,	 Epoch: 66/80,	 Avg.loss: 0.0007,	 Accuracy: 740/1000(74%)
Task: 5,	 Epoch: 67/80,	 Avg.loss: 0.0007,	 Accuracy: 740/1000(74%)
Task: 5,	 Epoch: 68/80,	 Avg.loss: 0.0007,	 Accuracy: 740/1000(74%)
Task: 5,	 Epoch: 69/80,	 Avg.loss: 0.0007,	 Accuracy: 741/1000(74%)
Task: 5,	 Epoch: 70/80,	 Avg.loss: 0.0007,	 Accuracy: 745/1000(74%)
Task: 5,	 Epoch: 71/80,	 Avg.loss: 0.0007,	 Accuracy: 741/1000(74%)
Task: 5,	 Epoch: 72/80,	 Avg.loss: 0.0007,	 Accuracy: 746/1000(75%)
Task: 5,	 Epoch: 73/80,	 Avg.loss: 0.0007,	 Accuracy: 743/1000(74%)
Task: 5,	 Epoch: 74/80,	 Avg.loss: 0.0007,	 Accuracy: 743/1000(74%)
Task: 5,	 Epoch: 75/80,	 Avg.loss: 0.0007,	 Accuracy: 749/1000(75%)
Task: 5,	 Epoch: 76/80,	 Avg.loss: 0.0007,	 Accuracy: 747/1000(75%)
Task: 5,	 Epoch: 77/80,	 Avg.loss: 0.0007,	 Accuracy: 747/1000(75%)
Task: 5,	 Epoch: 78/80,	 Avg.loss: 0.0007,	 Accuracy: 746/1000(75%)
Task: 5,	 Epoch: 79/80,	 Avg.loss: 0.0007,	 Accuracy: 741/1000(74%)
Task: 0,	 Epoch: -1/80,	 Avg.loss: 0.0007,	 Accuracy: 863/1000(86%)
Trained Task:5, Loaded task:0, Accuracy:86.3%
Task: 1,	 Epoch: -1/80,	 Avg.loss: 0.0008,	 Accuracy: 774/1000(77%)
Trained Task:5, Loaded task:1, Accuracy:77.4%
Task: 2,	 Epoch: -1/80,	 Avg.loss: 0.0007,	 Accuracy: 780/1000(78%)
Trained Task:5, Loaded task:2, Accuracy:78.0%
Task: 3,	 Epoch: -1/80,	 Avg.loss: 0.0009,	 Accuracy: 723/1000(72%)
Trained Task:5, Loaded task:3, Accuracy:72.3%
Task: 4,	 Epoch: -1/80,	 Avg.loss: 0.0007,	 Accuracy: 769/1000(77%)
Trained Task:5, Loaded task:4, Accuracy:76.9%
Task: 5,	 Epoch: -1/80,	 Avg.loss: 0.0007,	 Accuracy: 741/1000(74%)
Trained Task:5, Loaded task:5, Accuracy:74.1%
Trained Task:5, Avg. Accuracy: 77.5 

Layer        : conv1_layer.2.weight
Sum Omega    : 763.4675903320312
Max Fisher   : 1.0
Max Omega    : 1.0
Max Relevance: 1.5487483739852905
Mask active  : 8192.0/8192

Layer        : conv2_layer.2.weight
Sum Omega    : 1904.1160888671875
Max Fisher   : 1.0
Max Omega    : 1.0
Max Relevance: 1.6182221174240112
Mask active  : 4096.0/4096

Layer        : fc1_layer.0.weight
Sum Omega    : 43598.51171875
Max Fisher   : 1.0
Max Omega    : 1.0
Max Relevance: 2.1694836616516113
Mask active  : 256.0/512

Mask histogram conv1_layer.2.weight: 	 tensor([   0.,    0.,    0.,    0.,    0.,    0.,    0., 8192.,    0.,    0.],
       device='cuda:0')
Mask histogram conv2_layer.2.weight: 	 tensor([   0.,    0.,    0.,    0.,    0.,    0.,    0., 4096.,    0.,    0.],
       device='cuda:0')
Mask histogram fc1_layer.0.weight: 	 tensor([249.,   2.,   1.,   1.,   2.,   5.,  12., 240.,   0.,   0.],
       device='cuda:0')
Task: 6,	 Epoch: 0/80,	 Avg.loss: 0.0012,	 Accuracy: 600/1000(60%)
Task: 6,	 Epoch: 1/80,	 Avg.loss: 0.0011,	 Accuracy: 637/1000(64%)
Task: 6,	 Epoch: 2/80,	 Avg.loss: 0.0009,	 Accuracy: 686/1000(69%)
Task: 6,	 Epoch: 3/80,	 Avg.loss: 0.0008,	 Accuracy: 710/1000(71%)
Task: 6,	 Epoch: 4/80,	 Avg.loss: 0.0009,	 Accuracy: 701/1000(70%)
Task: 6,	 Epoch: 5/80,	 Avg.loss: 0.0009,	 Accuracy: 697/1000(70%)
Task: 6,	 Epoch: 6/80,	 Avg.loss: 0.0008,	 Accuracy: 706/1000(71%)
Task: 6,	 Epoch: 7/80,	 Avg.loss: 0.0008,	 Accuracy: 710/1000(71%)
Task: 6,	 Epoch: 8/80,	 Avg.loss: 0.0009,	 Accuracy: 700/1000(70%)
Task: 6,	 Epoch: 9/80,	 Avg.loss: 0.0008,	 Accuracy: 716/1000(72%)
Task: 6,	 Epoch: 10/80,	 Avg.loss: 0.0008,	 Accuracy: 721/1000(72%)
Task: 6,	 Epoch: 11/80,	 Avg.loss: 0.0008,	 Accuracy: 726/1000(73%)
Task: 6,	 Epoch: 12/80,	 Avg.loss: 0.0008,	 Accuracy: 733/1000(73%)
Task: 6,	 Epoch: 13/80,	 Avg.loss: 0.0008,	 Accuracy: 731/1000(73%)
Task: 6,	 Epoch: 14/80,	 Avg.loss: 0.0008,	 Accuracy: 736/1000(74%)
Task: 6,	 Epoch: 15/80,	 Avg.loss: 0.0008,	 Accuracy: 736/1000(74%)
Task: 6,	 Epoch: 16/80,	 Avg.loss: 0.0008,	 Accuracy: 723/1000(72%)
Task: 6,	 Epoch: 17/80,	 Avg.loss: 0.0008,	 Accuracy: 728/1000(73%)
Task: 6,	 Epoch: 18/80,	 Avg.loss: 0.0008,	 Accuracy: 741/1000(74%)
Task: 6,	 Epoch: 19/80,	 Avg.loss: 0.0008,	 Accuracy: 726/1000(73%)
Task: 6,	 Epoch: 20/80,	 Avg.loss: 0.0008,	 Accuracy: 737/1000(74%)
Task: 6,	 Epoch: 21/80,	 Avg.loss: 0.0008,	 Accuracy: 722/1000(72%)
Task: 6,	 Epoch: 22/80,	 Avg.loss: 0.0008,	 Accuracy: 725/1000(72%)
Task: 6,	 Epoch: 23/80,	 Avg.loss: 0.0008,	 Accuracy: 731/1000(73%)
Task: 6,	 Epoch: 24/80,	 Avg.loss: 0.0008,	 Accuracy: 743/1000(74%)
Task: 6,	 Epoch: 25/80,	 Avg.loss: 0.0008,	 Accuracy: 747/1000(75%)
Task: 6,	 Epoch: 26/80,	 Avg.loss: 0.0008,	 Accuracy: 723/1000(72%)
Task: 6,	 Epoch: 27/80,	 Avg.loss: 0.0008,	 Accuracy: 735/1000(74%)
Task: 6,	 Epoch: 28/80,	 Avg.loss: 0.0008,	 Accuracy: 735/1000(74%)
Task: 6,	 Epoch: 29/80,	 Avg.loss: 0.0008,	 Accuracy: 713/1000(71%)
Task: 6,	 Epoch: 30/80,	 Avg.loss: 0.0008,	 Accuracy: 740/1000(74%)
Task: 6,	 Epoch: 31/80,	 Avg.loss: 0.0008,	 Accuracy: 750/1000(75%)
Task: 6,	 Epoch: 32/80,	 Avg.loss: 0.0008,	 Accuracy: 733/1000(73%)
Task: 6,	 Epoch: 33/80,	 Avg.loss: 0.0008,	 Accuracy: 725/1000(72%)
Task: 6,	 Epoch: 34/80,	 Avg.loss: 0.0008,	 Accuracy: 737/1000(74%)
Task: 6,	 Epoch: 35/80,	 Avg.loss: 0.0008,	 Accuracy: 729/1000(73%)
Task: 6,	 Epoch: 36/80,	 Avg.loss: 0.0008,	 Accuracy: 737/1000(74%)
Task: 6,	 Epoch: 37/80,	 Avg.loss: 0.0008,	 Accuracy: 733/1000(73%)
Task: 6,	 Epoch: 38/80,	 Avg.loss: 0.0008,	 Accuracy: 750/1000(75%)
Task: 6,	 Epoch: 39/80,	 Avg.loss: 0.0008,	 Accuracy: 726/1000(73%)
Task: 6,	 Epoch: 40/80,	 Avg.loss: 0.0008,	 Accuracy: 729/1000(73%)
Task: 6,	 Epoch: 41/80,	 Avg.loss: 0.0008,	 Accuracy: 731/1000(73%)
Task: 6,	 Epoch: 42/80,	 Avg.loss: 0.0008,	 Accuracy: 730/1000(73%)
Task: 6,	 Epoch: 43/80,	 Avg.loss: 0.0008,	 Accuracy: 753/1000(75%)
Task: 6,	 Epoch: 44/80,	 Avg.loss: 0.0008,	 Accuracy: 747/1000(75%)
Task: 6,	 Epoch: 45/80,	 Avg.loss: 0.0008,	 Accuracy: 741/1000(74%)
Task: 6,	 Epoch: 46/80,	 Avg.loss: 0.0008,	 Accuracy: 742/1000(74%)
Task: 6,	 Epoch: 47/80,	 Avg.loss: 0.0008,	 Accuracy: 728/1000(73%)
Task: 6,	 Epoch: 48/80,	 Avg.loss: 0.0008,	 Accuracy: 737/1000(74%)
Task: 6,	 Epoch: 49/80,	 Avg.loss: 0.0008,	 Accuracy: 722/1000(72%)
Task: 6,	 Epoch: 50/80,	 Avg.loss: 0.0008,	 Accuracy: 742/1000(74%)
Task: 6,	 Epoch: 51/80,	 Avg.loss: 0.0008,	 Accuracy: 745/1000(74%)
Task: 6,	 Epoch: 52/80,	 Avg.loss: 0.0008,	 Accuracy: 743/1000(74%)
Task: 6,	 Epoch: 53/80,	 Avg.loss: 0.0008,	 Accuracy: 747/1000(75%)
Task: 6,	 Epoch: 54/80,	 Avg.loss: 0.0008,	 Accuracy: 748/1000(75%)
Task: 6,	 Epoch: 55/80,	 Avg.loss: 0.0008,	 Accuracy: 747/1000(75%)
Task: 6,	 Epoch: 56/80,	 Avg.loss: 0.0008,	 Accuracy: 749/1000(75%)
Task: 6,	 Epoch: 57/80,	 Avg.loss: 0.0008,	 Accuracy: 753/1000(75%)
Task: 6,	 Epoch: 58/80,	 Avg.loss: 0.0008,	 Accuracy: 747/1000(75%)
Task: 6,	 Epoch: 59/80,	 Avg.loss: 0.0008,	 Accuracy: 756/1000(76%)
Task: 6,	 Epoch: 60/80,	 Avg.loss: 0.0008,	 Accuracy: 749/1000(75%)
Task: 6,	 Epoch: 61/80,	 Avg.loss: 0.0008,	 Accuracy: 752/1000(75%)
Task: 6,	 Epoch: 62/80,	 Avg.loss: 0.0008,	 Accuracy: 753/1000(75%)
Task: 6,	 Epoch: 63/80,	 Avg.loss: 0.0008,	 Accuracy: 754/1000(75%)
Task: 6,	 Epoch: 64/80,	 Avg.loss: 0.0008,	 Accuracy: 751/1000(75%)
Task: 6,	 Epoch: 65/80,	 Avg.loss: 0.0008,	 Accuracy: 750/1000(75%)
Task: 6,	 Epoch: 66/80,	 Avg.loss: 0.0008,	 Accuracy: 744/1000(74%)
Task: 6,	 Epoch: 67/80,	 Avg.loss: 0.0008,	 Accuracy: 755/1000(76%)
Task: 6,	 Epoch: 68/80,	 Avg.loss: 0.0008,	 Accuracy: 753/1000(75%)
Task: 6,	 Epoch: 69/80,	 Avg.loss: 0.0008,	 Accuracy: 757/1000(76%)
Task: 6,	 Epoch: 70/80,	 Avg.loss: 0.0008,	 Accuracy: 755/1000(76%)
Task: 6,	 Epoch: 71/80,	 Avg.loss: 0.0008,	 Accuracy: 751/1000(75%)
Task: 6,	 Epoch: 72/80,	 Avg.loss: 0.0008,	 Accuracy: 754/1000(75%)
Task: 6,	 Epoch: 73/80,	 Avg.loss: 0.0008,	 Accuracy: 760/1000(76%)
Task: 6,	 Epoch: 74/80,	 Avg.loss: 0.0007,	 Accuracy: 758/1000(76%)
Task: 6,	 Epoch: 75/80,	 Avg.loss: 0.0008,	 Accuracy: 753/1000(75%)
Task: 6,	 Epoch: 76/80,	 Avg.loss: 0.0007,	 Accuracy: 758/1000(76%)
Task: 6,	 Epoch: 77/80,	 Avg.loss: 0.0008,	 Accuracy: 752/1000(75%)
Task: 6,	 Epoch: 78/80,	 Avg.loss: 0.0007,	 Accuracy: 758/1000(76%)
Task: 6,	 Epoch: 79/80,	 Avg.loss: 0.0007,	 Accuracy: 751/1000(75%)
Task: 0,	 Epoch: -1/80,	 Avg.loss: 0.0007,	 Accuracy: 866/1000(87%)
Trained Task:6, Loaded task:0, Accuracy:86.6%
Task: 1,	 Epoch: -1/80,	 Avg.loss: 0.0008,	 Accuracy: 772/1000(77%)
Trained Task:6, Loaded task:1, Accuracy:77.2%
Task: 2,	 Epoch: -1/80,	 Avg.loss: 0.0007,	 Accuracy: 782/1000(78%)
Trained Task:6, Loaded task:2, Accuracy:78.2%
Task: 3,	 Epoch: -1/80,	 Avg.loss: 0.0009,	 Accuracy: 726/1000(73%)
Trained Task:6, Loaded task:3, Accuracy:72.6%
Task: 4,	 Epoch: -1/80,	 Avg.loss: 0.0007,	 Accuracy: 769/1000(77%)
Trained Task:6, Loaded task:4, Accuracy:76.9%
Task: 5,	 Epoch: -1/80,	 Avg.loss: 0.0007,	 Accuracy: 742/1000(74%)
Trained Task:6, Loaded task:5, Accuracy:74.2%
Task: 6,	 Epoch: -1/80,	 Avg.loss: 0.0007,	 Accuracy: 751/1000(75%)
Trained Task:6, Loaded task:6, Accuracy:75.1%
Trained Task:6, Avg. Accuracy: 77.3 

Layer        : conv1_layer.2.weight
Sum Omega    : 773.3552856445312
Max Fisher   : 1.0
Max Omega    : 1.0
Max Relevance: 1.849937081336975
Mask active  : 8192.0/8192

Layer        : conv2_layer.2.weight
Sum Omega    : 1935.4854736328125
Max Fisher   : 1.0
Max Omega    : 1.0
Max Relevance: 1.4242571592330933
Mask active  : 4096.0/4096

Layer        : fc1_layer.0.weight
Sum Omega    : 45750.4765625
Max Fisher   : 1.0
Max Omega    : 1.0
Max Relevance: 2.437286138534546
Mask active  : 256.0/512

Mask histogram conv1_layer.2.weight: 	 tensor([   0.,    0.,    0.,    0.,    0.,    0.,    0.,    0., 8192.,    0.],
       device='cuda:0')
Mask histogram conv2_layer.2.weight: 	 tensor([   0.,    0.,    0.,    0.,    0.,    0.,    0.,    0., 4096.,    0.],
       device='cuda:0')
Mask histogram fc1_layer.0.weight: 	 tensor([249.,   2.,   1.,   1.,   1.,   2.,   5.,  11., 240.,   0.],
       device='cuda:0')
Task: 7,	 Epoch: 0/80,	 Avg.loss: 0.0013,	 Accuracy: 604/1000(60%)
Task: 7,	 Epoch: 1/80,	 Avg.loss: 0.0011,	 Accuracy: 628/1000(63%)
Task: 7,	 Epoch: 2/80,	 Avg.loss: 0.0010,	 Accuracy: 665/1000(66%)
Task: 7,	 Epoch: 3/80,	 Avg.loss: 0.0010,	 Accuracy: 672/1000(67%)
Task: 7,	 Epoch: 4/80,	 Avg.loss: 0.0010,	 Accuracy: 679/1000(68%)
Task: 7,	 Epoch: 5/80,	 Avg.loss: 0.0009,	 Accuracy: 680/1000(68%)
Task: 7,	 Epoch: 6/80,	 Avg.loss: 0.0009,	 Accuracy: 693/1000(69%)
Task: 7,	 Epoch: 7/80,	 Avg.loss: 0.0009,	 Accuracy: 703/1000(70%)
Task: 7,	 Epoch: 8/80,	 Avg.loss: 0.0009,	 Accuracy: 700/1000(70%)
Task: 7,	 Epoch: 9/80,	 Avg.loss: 0.0009,	 Accuracy: 710/1000(71%)
Task: 7,	 Epoch: 10/80,	 Avg.loss: 0.0009,	 Accuracy: 703/1000(70%)
Task: 7,	 Epoch: 11/80,	 Avg.loss: 0.0009,	 Accuracy: 707/1000(71%)
Task: 7,	 Epoch: 12/80,	 Avg.loss: 0.0009,	 Accuracy: 692/1000(69%)
Task: 7,	 Epoch: 13/80,	 Avg.loss: 0.0009,	 Accuracy: 698/1000(70%)
Task: 7,	 Epoch: 14/80,	 Avg.loss: 0.0009,	 Accuracy: 699/1000(70%)
Task: 7,	 Epoch: 15/80,	 Avg.loss: 0.0009,	 Accuracy: 702/1000(70%)
Task: 7,	 Epoch: 16/80,	 Avg.loss: 0.0009,	 Accuracy: 705/1000(70%)
Task: 7,	 Epoch: 17/80,	 Avg.loss: 0.0009,	 Accuracy: 704/1000(70%)
Task: 7,	 Epoch: 18/80,	 Avg.loss: 0.0009,	 Accuracy: 704/1000(70%)
Task: 7,	 Epoch: 19/80,	 Avg.loss: 0.0009,	 Accuracy: 684/1000(68%)
Task: 7,	 Epoch: 20/80,	 Avg.loss: 0.0009,	 Accuracy: 705/1000(70%)
Task: 7,	 Epoch: 21/80,	 Avg.loss: 0.0009,	 Accuracy: 691/1000(69%)
Task: 7,	 Epoch: 22/80,	 Avg.loss: 0.0009,	 Accuracy: 707/1000(71%)
Task: 7,	 Epoch: 23/80,	 Avg.loss: 0.0009,	 Accuracy: 704/1000(70%)
Task: 7,	 Epoch: 24/80,	 Avg.loss: 0.0009,	 Accuracy: 690/1000(69%)
Task: 7,	 Epoch: 25/80,	 Avg.loss: 0.0009,	 Accuracy: 707/1000(71%)
Task: 7,	 Epoch: 26/80,	 Avg.loss: 0.0009,	 Accuracy: 713/1000(71%)
Task: 7,	 Epoch: 27/80,	 Avg.loss: 0.0009,	 Accuracy: 690/1000(69%)
Task: 7,	 Epoch: 28/80,	 Avg.loss: 0.0009,	 Accuracy: 710/1000(71%)
Task: 7,	 Epoch: 29/80,	 Avg.loss: 0.0009,	 Accuracy: 700/1000(70%)
Task: 7,	 Epoch: 30/80,	 Avg.loss: 0.0009,	 Accuracy: 722/1000(72%)
Task: 7,	 Epoch: 31/80,	 Avg.loss: 0.0008,	 Accuracy: 716/1000(72%)
Task: 7,	 Epoch: 32/80,	 Avg.loss: 0.0009,	 Accuracy: 692/1000(69%)
Task: 7,	 Epoch: 33/80,	 Avg.loss: 0.0009,	 Accuracy: 695/1000(70%)
Task: 7,	 Epoch: 34/80,	 Avg.loss: 0.0009,	 Accuracy: 697/1000(70%)
Task: 7,	 Epoch: 35/80,	 Avg.loss: 0.0009,	 Accuracy: 700/1000(70%)
Task: 7,	 Epoch: 36/80,	 Avg.loss: 0.0009,	 Accuracy: 707/1000(71%)
Task: 7,	 Epoch: 37/80,	 Avg.loss: 0.0009,	 Accuracy: 706/1000(71%)
Task: 7,	 Epoch: 38/80,	 Avg.loss: 0.0009,	 Accuracy: 699/1000(70%)
Task: 7,	 Epoch: 39/80,	 Avg.loss: 0.0009,	 Accuracy: 698/1000(70%)
Task: 7,	 Epoch: 40/80,	 Avg.loss: 0.0009,	 Accuracy: 697/1000(70%)
Task: 7,	 Epoch: 41/80,	 Avg.loss: 0.0009,	 Accuracy: 700/1000(70%)
Task: 7,	 Epoch: 42/80,	 Avg.loss: 0.0009,	 Accuracy: 705/1000(70%)
Task: 7,	 Epoch: 43/80,	 Avg.loss: 0.0009,	 Accuracy: 707/1000(71%)
Task: 7,	 Epoch: 44/80,	 Avg.loss: 0.0009,	 Accuracy: 702/1000(70%)
Task: 7,	 Epoch: 45/80,	 Avg.loss: 0.0009,	 Accuracy: 699/1000(70%)
Task: 7,	 Epoch: 46/80,	 Avg.loss: 0.0009,	 Accuracy: 710/1000(71%)
Task: 7,	 Epoch: 47/80,	 Avg.loss: 0.0009,	 Accuracy: 691/1000(69%)
Task: 7,	 Epoch: 48/80,	 Avg.loss: 0.0009,	 Accuracy: 685/1000(68%)
Task: 7,	 Epoch: 49/80,	 Avg.loss: 0.0009,	 Accuracy: 713/1000(71%)
Task: 7,	 Epoch: 50/80,	 Avg.loss: 0.0009,	 Accuracy: 705/1000(70%)
Task: 7,	 Epoch: 51/80,	 Avg.loss: 0.0009,	 Accuracy: 706/1000(71%)
Task: 7,	 Epoch: 52/80,	 Avg.loss: 0.0009,	 Accuracy: 707/1000(71%)
Task: 7,	 Epoch: 53/80,	 Avg.loss: 0.0009,	 Accuracy: 706/1000(71%)
Task: 7,	 Epoch: 54/80,	 Avg.loss: 0.0009,	 Accuracy: 712/1000(71%)
Task: 7,	 Epoch: 55/80,	 Avg.loss: 0.0008,	 Accuracy: 711/1000(71%)
Task: 7,	 Epoch: 56/80,	 Avg.loss: 0.0008,	 Accuracy: 711/1000(71%)
Task: 7,	 Epoch: 57/80,	 Avg.loss: 0.0009,	 Accuracy: 717/1000(72%)
Task: 7,	 Epoch: 58/80,	 Avg.loss: 0.0009,	 Accuracy: 707/1000(71%)
Task: 7,	 Epoch: 59/80,	 Avg.loss: 0.0008,	 Accuracy: 715/1000(72%)
Task: 7,	 Epoch: 60/80,	 Avg.loss: 0.0009,	 Accuracy: 717/1000(72%)
Task: 7,	 Epoch: 61/80,	 Avg.loss: 0.0008,	 Accuracy: 717/1000(72%)
Task: 7,	 Epoch: 62/80,	 Avg.loss: 0.0008,	 Accuracy: 711/1000(71%)
Task: 7,	 Epoch: 63/80,	 Avg.loss: 0.0008,	 Accuracy: 717/1000(72%)
Task: 7,	 Epoch: 64/80,	 Avg.loss: 0.0008,	 Accuracy: 712/1000(71%)
Task: 7,	 Epoch: 65/80,	 Avg.loss: 0.0008,	 Accuracy: 710/1000(71%)
Task: 7,	 Epoch: 66/80,	 Avg.loss: 0.0008,	 Accuracy: 713/1000(71%)
Task: 7,	 Epoch: 67/80,	 Avg.loss: 0.0008,	 Accuracy: 705/1000(70%)
Task: 7,	 Epoch: 68/80,	 Avg.loss: 0.0008,	 Accuracy: 717/1000(72%)
Task: 7,	 Epoch: 69/80,	 Avg.loss: 0.0008,	 Accuracy: 720/1000(72%)
Task: 7,	 Epoch: 70/80,	 Avg.loss: 0.0008,	 Accuracy: 714/1000(71%)
Task: 7,	 Epoch: 71/80,	 Avg.loss: 0.0008,	 Accuracy: 720/1000(72%)
Task: 7,	 Epoch: 72/80,	 Avg.loss: 0.0008,	 Accuracy: 708/1000(71%)
Task: 7,	 Epoch: 73/80,	 Avg.loss: 0.0008,	 Accuracy: 717/1000(72%)
Task: 7,	 Epoch: 74/80,	 Avg.loss: 0.0008,	 Accuracy: 720/1000(72%)
Task: 7,	 Epoch: 75/80,	 Avg.loss: 0.0008,	 Accuracy: 715/1000(72%)
Task: 7,	 Epoch: 76/80,	 Avg.loss: 0.0008,	 Accuracy: 715/1000(72%)
Task: 7,	 Epoch: 77/80,	 Avg.loss: 0.0008,	 Accuracy: 712/1000(71%)
Task: 7,	 Epoch: 78/80,	 Avg.loss: 0.0008,	 Accuracy: 718/1000(72%)
Task: 7,	 Epoch: 79/80,	 Avg.loss: 0.0008,	 Accuracy: 711/1000(71%)
Task: 0,	 Epoch: -1/80,	 Avg.loss: 0.0007,	 Accuracy: 866/1000(87%)
Trained Task:7, Loaded task:0, Accuracy:86.6%
Task: 1,	 Epoch: -1/80,	 Avg.loss: 0.0008,	 Accuracy: 769/1000(77%)
Trained Task:7, Loaded task:1, Accuracy:76.9%
Task: 2,	 Epoch: -1/80,	 Avg.loss: 0.0007,	 Accuracy: 782/1000(78%)
Trained Task:7, Loaded task:2, Accuracy:78.2%
Task: 3,	 Epoch: -1/80,	 Avg.loss: 0.0009,	 Accuracy: 717/1000(72%)
Trained Task:7, Loaded task:3, Accuracy:71.7%
Task: 4,	 Epoch: -1/80,	 Avg.loss: 0.0007,	 Accuracy: 765/1000(76%)
Trained Task:7, Loaded task:4, Accuracy:76.5%
Task: 5,	 Epoch: -1/80,	 Avg.loss: 0.0007,	 Accuracy: 741/1000(74%)
Trained Task:7, Loaded task:5, Accuracy:74.1%
Task: 6,	 Epoch: -1/80,	 Avg.loss: 0.0008,	 Accuracy: 750/1000(75%)
Trained Task:7, Loaded task:6, Accuracy:75.0%
Task: 7,	 Epoch: -1/80,	 Avg.loss: 0.0008,	 Accuracy: 711/1000(71%)
Trained Task:7, Loaded task:7, Accuracy:71.1%
Trained Task:7, Avg. Accuracy: 76.3 

Layer        : conv1_layer.2.weight
Sum Omega    : 790.5809326171875
Max Fisher   : 1.0
Max Omega    : 1.0
Max Relevance: 1.5582396984100342
Mask active  : 8192.0/8192

Layer        : conv2_layer.2.weight
Sum Omega    : 1948.826171875
Max Fisher   : 1.0
Max Omega    : 1.0
Max Relevance: 1.5034714937210083
Mask active  : 4096.0/4096

Layer        : fc1_layer.0.weight
Sum Omega    : 48299.72265625
Max Fisher   : 1.0
Max Omega    : 1.0
Max Relevance: 1.5028733015060425
Mask active  : 256.0/512

Mask histogram conv1_layer.2.weight: 	 tensor([   0.,    0.,    0.,    0.,    0.,    0.,    0.,    0.,    0., 8192.],
       device='cuda:0')
Mask histogram conv2_layer.2.weight: 	 tensor([   0.,    0.,    0.,    0.,    0.,    0.,    0.,    0.,    0., 4096.],
       device='cuda:0')
Mask histogram fc1_layer.0.weight: 	 tensor([249.,   1.,   2.,   1.,   0.,   2.,   2.,   5.,  11., 239.],
       device='cuda:0')
Task: 8,	 Epoch: 0/80,	 Avg.loss: 0.0013,	 Accuracy: 610/1000(61%)
Task: 8,	 Epoch: 1/80,	 Avg.loss: 0.0009,	 Accuracy: 708/1000(71%)
Task: 8,	 Epoch: 2/80,	 Avg.loss: 0.0008,	 Accuracy: 744/1000(74%)
Task: 8,	 Epoch: 3/80,	 Avg.loss: 0.0008,	 Accuracy: 715/1000(72%)
Task: 8,	 Epoch: 4/80,	 Avg.loss: 0.0008,	 Accuracy: 728/1000(73%)
Task: 8,	 Epoch: 5/80,	 Avg.loss: 0.0008,	 Accuracy: 718/1000(72%)
Task: 8,	 Epoch: 6/80,	 Avg.loss: 0.0008,	 Accuracy: 743/1000(74%)
Task: 8,	 Epoch: 7/80,	 Avg.loss: 0.0008,	 Accuracy: 738/1000(74%)
Task: 8,	 Epoch: 8/80,	 Avg.loss: 0.0007,	 Accuracy: 748/1000(75%)
Task: 8,	 Epoch: 9/80,	 Avg.loss: 0.0007,	 Accuracy: 758/1000(76%)
Task: 8,	 Epoch: 10/80,	 Avg.loss: 0.0007,	 Accuracy: 757/1000(76%)
Task: 8,	 Epoch: 11/80,	 Avg.loss: 0.0007,	 Accuracy: 757/1000(76%)
Task: 8,	 Epoch: 12/80,	 Avg.loss: 0.0007,	 Accuracy: 763/1000(76%)
Task: 8,	 Epoch: 13/80,	 Avg.loss: 0.0007,	 Accuracy: 759/1000(76%)
Task: 8,	 Epoch: 14/80,	 Avg.loss: 0.0007,	 Accuracy: 770/1000(77%)
Task: 8,	 Epoch: 15/80,	 Avg.loss: 0.0007,	 Accuracy: 765/1000(76%)
Task: 8,	 Epoch: 16/80,	 Avg.loss: 0.0008,	 Accuracy: 753/1000(75%)
Task: 8,	 Epoch: 17/80,	 Avg.loss: 0.0007,	 Accuracy: 758/1000(76%)
Task: 8,	 Epoch: 18/80,	 Avg.loss: 0.0007,	 Accuracy: 744/1000(74%)
Task: 8,	 Epoch: 19/80,	 Avg.loss: 0.0008,	 Accuracy: 749/1000(75%)
Task: 8,	 Epoch: 20/80,	 Avg.loss: 0.0008,	 Accuracy: 740/1000(74%)
Task: 8,	 Epoch: 21/80,	 Avg.loss: 0.0007,	 Accuracy: 760/1000(76%)
Task: 8,	 Epoch: 22/80,	 Avg.loss: 0.0008,	 Accuracy: 744/1000(74%)
Task: 8,	 Epoch: 23/80,	 Avg.loss: 0.0007,	 Accuracy: 729/1000(73%)
Task: 8,	 Epoch: 24/80,	 Avg.loss: 0.0007,	 Accuracy: 764/1000(76%)
Task: 8,	 Epoch: 25/80,	 Avg.loss: 0.0007,	 Accuracy: 745/1000(74%)
Task: 8,	 Epoch: 26/80,	 Avg.loss: 0.0008,	 Accuracy: 753/1000(75%)
Task: 8,	 Epoch: 27/80,	 Avg.loss: 0.0007,	 Accuracy: 764/1000(76%)
Task: 8,	 Epoch: 28/80,	 Avg.loss: 0.0007,	 Accuracy: 766/1000(77%)
Task: 8,	 Epoch: 29/80,	 Avg.loss: 0.0008,	 Accuracy: 744/1000(74%)
Task: 8,	 Epoch: 30/80,	 Avg.loss: 0.0008,	 Accuracy: 750/1000(75%)
Task: 8,	 Epoch: 31/80,	 Avg.loss: 0.0008,	 Accuracy: 739/1000(74%)
Task: 8,	 Epoch: 32/80,	 Avg.loss: 0.0007,	 Accuracy: 759/1000(76%)
Task: 8,	 Epoch: 33/80,	 Avg.loss: 0.0007,	 Accuracy: 763/1000(76%)
Task: 8,	 Epoch: 34/80,	 Avg.loss: 0.0007,	 Accuracy: 766/1000(77%)
Task: 8,	 Epoch: 35/80,	 Avg.loss: 0.0007,	 Accuracy: 760/1000(76%)
Task: 8,	 Epoch: 36/80,	 Avg.loss: 0.0007,	 Accuracy: 764/1000(76%)
Task: 8,	 Epoch: 37/80,	 Avg.loss: 0.0007,	 Accuracy: 777/1000(78%)
Task: 8,	 Epoch: 38/80,	 Avg.loss: 0.0007,	 Accuracy: 770/1000(77%)
Task: 8,	 Epoch: 39/80,	 Avg.loss: 0.0007,	 Accuracy: 766/1000(77%)
Task: 8,	 Epoch: 40/80,	 Avg.loss: 0.0007,	 Accuracy: 754/1000(75%)
Task: 8,	 Epoch: 41/80,	 Avg.loss: 0.0007,	 Accuracy: 756/1000(76%)
Task: 8,	 Epoch: 42/80,	 Avg.loss: 0.0007,	 Accuracy: 756/1000(76%)
Task: 8,	 Epoch: 43/80,	 Avg.loss: 0.0008,	 Accuracy: 740/1000(74%)
Task: 8,	 Epoch: 44/80,	 Avg.loss: 0.0007,	 Accuracy: 769/1000(77%)
Task: 8,	 Epoch: 45/80,	 Avg.loss: 0.0007,	 Accuracy: 762/1000(76%)
Task: 8,	 Epoch: 46/80,	 Avg.loss: 0.0008,	 Accuracy: 754/1000(75%)
Task: 8,	 Epoch: 47/80,	 Avg.loss: 0.0007,	 Accuracy: 760/1000(76%)
Task: 8,	 Epoch: 48/80,	 Avg.loss: 0.0007,	 Accuracy: 751/1000(75%)
Task: 8,	 Epoch: 49/80,	 Avg.loss: 0.0008,	 Accuracy: 742/1000(74%)
Task: 8,	 Epoch: 50/80,	 Avg.loss: 0.0007,	 Accuracy: 765/1000(76%)
Task: 8,	 Epoch: 51/80,	 Avg.loss: 0.0007,	 Accuracy: 771/1000(77%)
Task: 8,	 Epoch: 52/80,	 Avg.loss: 0.0007,	 Accuracy: 775/1000(78%)
Task: 8,	 Epoch: 53/80,	 Avg.loss: 0.0007,	 Accuracy: 775/1000(78%)
Task: 8,	 Epoch: 54/80,	 Avg.loss: 0.0007,	 Accuracy: 777/1000(78%)
Task: 8,	 Epoch: 55/80,	 Avg.loss: 0.0007,	 Accuracy: 778/1000(78%)
Task: 8,	 Epoch: 56/80,	 Avg.loss: 0.0007,	 Accuracy: 785/1000(78%)
Task: 8,	 Epoch: 57/80,	 Avg.loss: 0.0007,	 Accuracy: 784/1000(78%)
Task: 8,	 Epoch: 58/80,	 Avg.loss: 0.0007,	 Accuracy: 780/1000(78%)
Task: 8,	 Epoch: 59/80,	 Avg.loss: 0.0007,	 Accuracy: 781/1000(78%)
Task: 8,	 Epoch: 60/80,	 Avg.loss: 0.0007,	 Accuracy: 776/1000(78%)
Task: 8,	 Epoch: 61/80,	 Avg.loss: 0.0007,	 Accuracy: 781/1000(78%)
Task: 8,	 Epoch: 62/80,	 Avg.loss: 0.0007,	 Accuracy: 779/1000(78%)
Task: 8,	 Epoch: 63/80,	 Avg.loss: 0.0007,	 Accuracy: 783/1000(78%)
Task: 8,	 Epoch: 64/80,	 Avg.loss: 0.0007,	 Accuracy: 779/1000(78%)
Task: 8,	 Epoch: 65/80,	 Avg.loss: 0.0007,	 Accuracy: 783/1000(78%)
Task: 8,	 Epoch: 66/80,	 Avg.loss: 0.0007,	 Accuracy: 773/1000(77%)
Task: 8,	 Epoch: 67/80,	 Avg.loss: 0.0007,	 Accuracy: 779/1000(78%)
Task: 8,	 Epoch: 68/80,	 Avg.loss: 0.0007,	 Accuracy: 777/1000(78%)
Task: 8,	 Epoch: 69/80,	 Avg.loss: 0.0007,	 Accuracy: 775/1000(78%)
Task: 8,	 Epoch: 70/80,	 Avg.loss: 0.0007,	 Accuracy: 779/1000(78%)
Task: 8,	 Epoch: 71/80,	 Avg.loss: 0.0007,	 Accuracy: 777/1000(78%)
Task: 8,	 Epoch: 72/80,	 Avg.loss: 0.0007,	 Accuracy: 776/1000(78%)
Task: 8,	 Epoch: 73/80,	 Avg.loss: 0.0007,	 Accuracy: 776/1000(78%)
Task: 8,	 Epoch: 74/80,	 Avg.loss: 0.0007,	 Accuracy: 778/1000(78%)
Task: 8,	 Epoch: 75/80,	 Avg.loss: 0.0007,	 Accuracy: 778/1000(78%)
Task: 8,	 Epoch: 76/80,	 Avg.loss: 0.0007,	 Accuracy: 780/1000(78%)
Task: 8,	 Epoch: 77/80,	 Avg.loss: 0.0007,	 Accuracy: 779/1000(78%)
Task: 8,	 Epoch: 78/80,	 Avg.loss: 0.0007,	 Accuracy: 769/1000(77%)
Task: 8,	 Epoch: 79/80,	 Avg.loss: 0.0007,	 Accuracy: 780/1000(78%)
Task: 0,	 Epoch: -1/80,	 Avg.loss: 0.0007,	 Accuracy: 869/1000(87%)
Trained Task:8, Loaded task:0, Accuracy:86.9%
Task: 1,	 Epoch: -1/80,	 Avg.loss: 0.0008,	 Accuracy: 767/1000(77%)
Trained Task:8, Loaded task:1, Accuracy:76.7%
Task: 2,	 Epoch: -1/80,	 Avg.loss: 0.0007,	 Accuracy: 777/1000(78%)
Trained Task:8, Loaded task:2, Accuracy:77.7%
Task: 3,	 Epoch: -1/80,	 Avg.loss: 0.0009,	 Accuracy: 724/1000(72%)
Trained Task:8, Loaded task:3, Accuracy:72.4%
Task: 4,	 Epoch: -1/80,	 Avg.loss: 0.0007,	 Accuracy: 766/1000(77%)
Trained Task:8, Loaded task:4, Accuracy:76.6%
Task: 5,	 Epoch: -1/80,	 Avg.loss: 0.0007,	 Accuracy: 738/1000(74%)
Trained Task:8, Loaded task:5, Accuracy:73.8%
Task: 6,	 Epoch: -1/80,	 Avg.loss: 0.0008,	 Accuracy: 751/1000(75%)
Trained Task:8, Loaded task:6, Accuracy:75.1%
Task: 7,	 Epoch: -1/80,	 Avg.loss: 0.0008,	 Accuracy: 710/1000(71%)
Trained Task:8, Loaded task:7, Accuracy:71.0%
Task: 8,	 Epoch: -1/80,	 Avg.loss: 0.0007,	 Accuracy: 780/1000(78%)
Trained Task:8, Loaded task:8, Accuracy:78.0%
Trained Task:8, Avg. Accuracy: 76.5 

Layer        : conv1_layer.2.weight
Sum Omega    : 805.0570678710938
Max Fisher   : 1.0
Max Omega    : 1.0
Max Relevance: 1.3045769929885864
Mask active  : 8192.0/8192

Layer        : conv2_layer.2.weight
Sum Omega    : 1964.2091064453125
Max Fisher   : 1.0
Max Omega    : 1.0
Max Relevance: 1.165672779083252
Mask active  : 4096.0/4096

Layer        : fc1_layer.0.weight
Sum Omega    : 50098.5703125
Max Fisher   : 1.0
Max Omega    : 1.0
Max Relevance: 1.6631531715393066
Mask active  : 256.0/512

Mask histogram conv1_layer.2.weight: 	 tensor([   0.,    0.,    0.,    0.,    0.,    0.,    0.,    0.,    0., 8192.],
       device='cuda:0')
Mask histogram conv2_layer.2.weight: 	 tensor([   0.,    0.,    0.,    0.,    0.,    0.,    0.,    0.,    0., 4096.],
       device='cuda:0')
Mask histogram fc1_layer.0.weight: 	 tensor([249.,   1.,   1.,   1.,   1.,   1.,   1.,   5.,   3., 249.],
       device='cuda:0')
Task: 9,	 Epoch: 0/80,	 Avg.loss: 0.0010,	 Accuracy: 690/1000(69%)
Task: 9,	 Epoch: 1/80,	 Avg.loss: 0.0008,	 Accuracy: 742/1000(74%)
Task: 9,	 Epoch: 2/80,	 Avg.loss: 0.0008,	 Accuracy: 758/1000(76%)
Task: 9,	 Epoch: 3/80,	 Avg.loss: 0.0007,	 Accuracy: 777/1000(78%)
Task: 9,	 Epoch: 4/80,	 Avg.loss: 0.0008,	 Accuracy: 765/1000(76%)
Task: 9,	 Epoch: 5/80,	 Avg.loss: 0.0007,	 Accuracy: 789/1000(79%)
Task: 9,	 Epoch: 6/80,	 Avg.loss: 0.0007,	 Accuracy: 777/1000(78%)
Task: 9,	 Epoch: 7/80,	 Avg.loss: 0.0007,	 Accuracy: 794/1000(79%)
Task: 9,	 Epoch: 8/80,	 Avg.loss: 0.0007,	 Accuracy: 784/1000(78%)
Task: 9,	 Epoch: 9/80,	 Avg.loss: 0.0007,	 Accuracy: 787/1000(79%)
Task: 9,	 Epoch: 10/80,	 Avg.loss: 0.0006,	 Accuracy: 792/1000(79%)
Task: 9,	 Epoch: 11/80,	 Avg.loss: 0.0007,	 Accuracy: 785/1000(78%)
Task: 9,	 Epoch: 12/80,	 Avg.loss: 0.0007,	 Accuracy: 778/1000(78%)
Task: 9,	 Epoch: 13/80,	 Avg.loss: 0.0006,	 Accuracy: 805/1000(81%)
Task: 9,	 Epoch: 14/80,	 Avg.loss: 0.0007,	 Accuracy: 781/1000(78%)
Task: 9,	 Epoch: 15/80,	 Avg.loss: 0.0007,	 Accuracy: 785/1000(78%)
Task: 9,	 Epoch: 16/80,	 Avg.loss: 0.0007,	 Accuracy: 794/1000(79%)
Task: 9,	 Epoch: 17/80,	 Avg.loss: 0.0006,	 Accuracy: 797/1000(80%)
Task: 9,	 Epoch: 18/80,	 Avg.loss: 0.0006,	 Accuracy: 784/1000(78%)
Task: 9,	 Epoch: 19/80,	 Avg.loss: 0.0006,	 Accuracy: 789/1000(79%)
Task: 9,	 Epoch: 20/80,	 Avg.loss: 0.0006,	 Accuracy: 802/1000(80%)
Task: 9,	 Epoch: 21/80,	 Avg.loss: 0.0006,	 Accuracy: 806/1000(81%)
Task: 9,	 Epoch: 22/80,	 Avg.loss: 0.0006,	 Accuracy: 799/1000(80%)
Task: 9,	 Epoch: 23/80,	 Avg.loss: 0.0006,	 Accuracy: 798/1000(80%)
Task: 9,	 Epoch: 24/80,	 Avg.loss: 0.0007,	 Accuracy: 802/1000(80%)
Task: 9,	 Epoch: 25/80,	 Avg.loss: 0.0007,	 Accuracy: 785/1000(78%)
Task: 9,	 Epoch: 26/80,	 Avg.loss: 0.0006,	 Accuracy: 802/1000(80%)
Task: 9,	 Epoch: 27/80,	 Avg.loss: 0.0007,	 Accuracy: 796/1000(80%)
Task: 9,	 Epoch: 28/80,	 Avg.loss: 0.0006,	 Accuracy: 778/1000(78%)
Task: 9,	 Epoch: 29/80,	 Avg.loss: 0.0006,	 Accuracy: 800/1000(80%)
Task: 9,	 Epoch: 30/80,	 Avg.loss: 0.0007,	 Accuracy: 780/1000(78%)
Task: 9,	 Epoch: 31/80,	 Avg.loss: 0.0007,	 Accuracy: 774/1000(77%)
Task: 9,	 Epoch: 32/80,	 Avg.loss: 0.0006,	 Accuracy: 786/1000(79%)
Task: 9,	 Epoch: 33/80,	 Avg.loss: 0.0007,	 Accuracy: 787/1000(79%)
Task: 9,	 Epoch: 34/80,	 Avg.loss: 0.0007,	 Accuracy: 805/1000(81%)
Task: 9,	 Epoch: 35/80,	 Avg.loss: 0.0006,	 Accuracy: 797/1000(80%)
Task: 9,	 Epoch: 36/80,	 Avg.loss: 0.0006,	 Accuracy: 786/1000(79%)
Task: 9,	 Epoch: 37/80,	 Avg.loss: 0.0006,	 Accuracy: 804/1000(80%)
Task: 9,	 Epoch: 38/80,	 Avg.loss: 0.0007,	 Accuracy: 794/1000(79%)
Task: 9,	 Epoch: 39/80,	 Avg.loss: 0.0007,	 Accuracy: 793/1000(79%)
Task: 9,	 Epoch: 40/80,	 Avg.loss: 0.0007,	 Accuracy: 782/1000(78%)
Task: 9,	 Epoch: 41/80,	 Avg.loss: 0.0007,	 Accuracy: 795/1000(80%)
Task: 9,	 Epoch: 42/80,	 Avg.loss: 0.0006,	 Accuracy: 809/1000(81%)
Task: 9,	 Epoch: 43/80,	 Avg.loss: 0.0007,	 Accuracy: 800/1000(80%)
Task: 9,	 Epoch: 44/80,	 Avg.loss: 0.0006,	 Accuracy: 795/1000(80%)
Task: 9,	 Epoch: 45/80,	 Avg.loss: 0.0007,	 Accuracy: 788/1000(79%)
Task: 9,	 Epoch: 46/80,	 Avg.loss: 0.0007,	 Accuracy: 785/1000(78%)
Task: 9,	 Epoch: 47/80,	 Avg.loss: 0.0007,	 Accuracy: 790/1000(79%)
Task: 9,	 Epoch: 48/80,	 Avg.loss: 0.0006,	 Accuracy: 804/1000(80%)
Task: 9,	 Epoch: 49/80,	 Avg.loss: 0.0007,	 Accuracy: 790/1000(79%)
Task: 9,	 Epoch: 50/80,	 Avg.loss: 0.0006,	 Accuracy: 807/1000(81%)
Task: 9,	 Epoch: 51/80,	 Avg.loss: 0.0006,	 Accuracy: 812/1000(81%)
Task: 9,	 Epoch: 52/80,	 Avg.loss: 0.0006,	 Accuracy: 813/1000(81%)
Task: 9,	 Epoch: 53/80,	 Avg.loss: 0.0006,	 Accuracy: 810/1000(81%)
Task: 9,	 Epoch: 54/80,	 Avg.loss: 0.0006,	 Accuracy: 810/1000(81%)
Task: 9,	 Epoch: 55/80,	 Avg.loss: 0.0006,	 Accuracy: 808/1000(81%)
Task: 9,	 Epoch: 56/80,	 Avg.loss: 0.0006,	 Accuracy: 806/1000(81%)
Task: 9,	 Epoch: 57/80,	 Avg.loss: 0.0006,	 Accuracy: 805/1000(81%)
Task: 9,	 Epoch: 58/80,	 Avg.loss: 0.0006,	 Accuracy: 811/1000(81%)
Task: 9,	 Epoch: 59/80,	 Avg.loss: 0.0006,	 Accuracy: 809/1000(81%)
Task: 9,	 Epoch: 60/80,	 Avg.loss: 0.0006,	 Accuracy: 804/1000(80%)
Task: 9,	 Epoch: 61/80,	 Avg.loss: 0.0006,	 Accuracy: 809/1000(81%)
Task: 9,	 Epoch: 62/80,	 Avg.loss: 0.0006,	 Accuracy: 808/1000(81%)
Task: 9,	 Epoch: 63/80,	 Avg.loss: 0.0006,	 Accuracy: 809/1000(81%)
Task: 9,	 Epoch: 64/80,	 Avg.loss: 0.0006,	 Accuracy: 811/1000(81%)
Task: 9,	 Epoch: 65/80,	 Avg.loss: 0.0006,	 Accuracy: 808/1000(81%)
Task: 9,	 Epoch: 66/80,	 Avg.loss: 0.0006,	 Accuracy: 807/1000(81%)
Task: 9,	 Epoch: 67/80,	 Avg.loss: 0.0006,	 Accuracy: 808/1000(81%)
Task: 9,	 Epoch: 68/80,	 Avg.loss: 0.0006,	 Accuracy: 810/1000(81%)
Task: 9,	 Epoch: 69/80,	 Avg.loss: 0.0006,	 Accuracy: 807/1000(81%)
Task: 9,	 Epoch: 70/80,	 Avg.loss: 0.0006,	 Accuracy: 810/1000(81%)
Task: 9,	 Epoch: 71/80,	 Avg.loss: 0.0006,	 Accuracy: 809/1000(81%)
Task: 9,	 Epoch: 72/80,	 Avg.loss: 0.0006,	 Accuracy: 813/1000(81%)
Task: 9,	 Epoch: 73/80,	 Avg.loss: 0.0006,	 Accuracy: 811/1000(81%)
Task: 9,	 Epoch: 74/80,	 Avg.loss: 0.0006,	 Accuracy: 809/1000(81%)
Task: 9,	 Epoch: 75/80,	 Avg.loss: 0.0006,	 Accuracy: 812/1000(81%)
Task: 9,	 Epoch: 76/80,	 Avg.loss: 0.0006,	 Accuracy: 814/1000(81%)
Task: 9,	 Epoch: 77/80,	 Avg.loss: 0.0006,	 Accuracy: 816/1000(82%)
Task: 9,	 Epoch: 78/80,	 Avg.loss: 0.0006,	 Accuracy: 810/1000(81%)
Task: 9,	 Epoch: 79/80,	 Avg.loss: 0.0006,	 Accuracy: 808/1000(81%)
Task: 0,	 Epoch: -1/80,	 Avg.loss: 0.0008,	 Accuracy: 864/1000(86%)
Trained Task:9, Loaded task:0, Accuracy:86.4%
Task: 1,	 Epoch: -1/80,	 Avg.loss: 0.0008,	 Accuracy: 768/1000(77%)
Trained Task:9, Loaded task:1, Accuracy:76.8%
Task: 2,	 Epoch: -1/80,	 Avg.loss: 0.0007,	 Accuracy: 774/1000(77%)
Trained Task:9, Loaded task:2, Accuracy:77.4%
Task: 3,	 Epoch: -1/80,	 Avg.loss: 0.0009,	 Accuracy: 722/1000(72%)
Trained Task:9, Loaded task:3, Accuracy:72.2%
Task: 4,	 Epoch: -1/80,	 Avg.loss: 0.0007,	 Accuracy: 765/1000(76%)
Trained Task:9, Loaded task:4, Accuracy:76.5%
Task: 5,	 Epoch: -1/80,	 Avg.loss: 0.0007,	 Accuracy: 739/1000(74%)
Trained Task:9, Loaded task:5, Accuracy:73.9%
Task: 6,	 Epoch: -1/80,	 Avg.loss: 0.0008,	 Accuracy: 752/1000(75%)
Trained Task:9, Loaded task:6, Accuracy:75.2%
Task: 7,	 Epoch: -1/80,	 Avg.loss: 0.0008,	 Accuracy: 714/1000(71%)
Trained Task:9, Loaded task:7, Accuracy:71.4%
Task: 8,	 Epoch: -1/80,	 Avg.loss: 0.0007,	 Accuracy: 773/1000(77%)
Trained Task:9, Loaded task:8, Accuracy:77.3%
Task: 9,	 Epoch: -1/80,	 Avg.loss: 0.0006,	 Accuracy: 808/1000(81%)
Trained Task:9, Loaded task:9, Accuracy:80.8%
Trained Task:9, Avg. Accuracy: 76.8 

List of avg. accuracy: [86.7, 81.3, 80.3, 78.6, 78.1, 77.5, 77.3, 76.3, 76.5, 76.8]
