Layer        : conv1_layer.2.weight
Sum Omega    : 9216.0
Max Fisher   : 1.0
Max Omega    : 1.0
Max Relevance: 1.0
Mask active  : 8192.0/8192

Layer        : conv2_layer.2.weight
Sum Omega    : 36864.0
Max Fisher   : 1.0
Max Omega    : 1.0
Max Relevance: 1.0
Mask active  : 2048.0/4096

Layer        : fc1_layer.0.weight
Sum Omega    : 2097152.0
Max Fisher   : 1.0
Max Omega    : 1.0
Max Relevance: 1.0
Mask active  : 512.0/512

Mask histogram conv1_layer.2.weight: 	 tensor([   0., 8192.,    0.,    0.,    0.,    0.,    0.,    0.,    0.,    0.],
       device='cuda:0')
Mask histogram conv2_layer.2.weight: 	 tensor([2048., 2048.,    0.,    0.,    0.,    0.,    0.,    0.,    0.,    0.],
       device='cuda:0')
Mask histogram fc1_layer.0.weight: 	 tensor([  0., 512.,   0.,   0.,   0.,   0.,   0.,   0.,   0.,   0.],
       device='cuda:0')
Task: 0,	 Epoch: 0/80,	 Avg.loss: 0.0010,	 Accuracy: 657/1000(66%)
Task: 0,	 Epoch: 1/80,	 Avg.loss: 0.0008,	 Accuracy: 741/1000(74%)
Task: 0,	 Epoch: 2/80,	 Avg.loss: 0.0007,	 Accuracy: 768/1000(77%)
Task: 0,	 Epoch: 3/80,	 Avg.loss: 0.0006,	 Accuracy: 791/1000(79%)
Task: 0,	 Epoch: 4/80,	 Avg.loss: 0.0006,	 Accuracy: 781/1000(78%)
Task: 0,	 Epoch: 5/80,	 Avg.loss: 0.0006,	 Accuracy: 790/1000(79%)
Task: 0,	 Epoch: 6/80,	 Avg.loss: 0.0006,	 Accuracy: 797/1000(80%)
Task: 0,	 Epoch: 7/80,	 Avg.loss: 0.0006,	 Accuracy: 809/1000(81%)
Task: 0,	 Epoch: 8/80,	 Avg.loss: 0.0006,	 Accuracy: 806/1000(81%)
Task: 0,	 Epoch: 9/80,	 Avg.loss: 0.0006,	 Accuracy: 812/1000(81%)
Task: 0,	 Epoch: 10/80,	 Avg.loss: 0.0006,	 Accuracy: 813/1000(81%)
Task: 0,	 Epoch: 11/80,	 Avg.loss: 0.0006,	 Accuracy: 815/1000(82%)
Task: 0,	 Epoch: 12/80,	 Avg.loss: 0.0006,	 Accuracy: 804/1000(80%)
Task: 0,	 Epoch: 13/80,	 Avg.loss: 0.0006,	 Accuracy: 811/1000(81%)
Task: 0,	 Epoch: 14/80,	 Avg.loss: 0.0006,	 Accuracy: 805/1000(81%)
Task: 0,	 Epoch: 15/80,	 Avg.loss: 0.0005,	 Accuracy: 833/1000(83%)
Task: 0,	 Epoch: 16/80,	 Avg.loss: 0.0006,	 Accuracy: 825/1000(83%)
Task: 0,	 Epoch: 17/80,	 Avg.loss: 0.0005,	 Accuracy: 846/1000(85%)
Task: 0,	 Epoch: 18/80,	 Avg.loss: 0.0005,	 Accuracy: 832/1000(83%)
Task: 0,	 Epoch: 19/80,	 Avg.loss: 0.0005,	 Accuracy: 833/1000(83%)
Task: 0,	 Epoch: 20/80,	 Avg.loss: 0.0005,	 Accuracy: 847/1000(85%)
Task: 0,	 Epoch: 21/80,	 Avg.loss: 0.0006,	 Accuracy: 829/1000(83%)
Task: 0,	 Epoch: 22/80,	 Avg.loss: 0.0006,	 Accuracy: 824/1000(82%)
Task: 0,	 Epoch: 23/80,	 Avg.loss: 0.0006,	 Accuracy: 844/1000(84%)
Task: 0,	 Epoch: 24/80,	 Avg.loss: 0.0006,	 Accuracy: 833/1000(83%)
Task: 0,	 Epoch: 25/80,	 Avg.loss: 0.0006,	 Accuracy: 841/1000(84%)
Task: 0,	 Epoch: 26/80,	 Avg.loss: 0.0006,	 Accuracy: 825/1000(83%)
Task: 0,	 Epoch: 27/80,	 Avg.loss: 0.0006,	 Accuracy: 832/1000(83%)
Task: 0,	 Epoch: 28/80,	 Avg.loss: 0.0006,	 Accuracy: 841/1000(84%)
Task: 0,	 Epoch: 29/80,	 Avg.loss: 0.0006,	 Accuracy: 837/1000(84%)
Task: 0,	 Epoch: 30/80,	 Avg.loss: 0.0007,	 Accuracy: 833/1000(83%)
Task: 0,	 Epoch: 31/80,	 Avg.loss: 0.0007,	 Accuracy: 821/1000(82%)
Task: 0,	 Epoch: 32/80,	 Avg.loss: 0.0006,	 Accuracy: 831/1000(83%)
Task: 0,	 Epoch: 33/80,	 Avg.loss: 0.0006,	 Accuracy: 833/1000(83%)
Task: 0,	 Epoch: 34/80,	 Avg.loss: 0.0006,	 Accuracy: 846/1000(85%)
Task: 0,	 Epoch: 35/80,	 Avg.loss: 0.0007,	 Accuracy: 835/1000(84%)
Task: 0,	 Epoch: 36/80,	 Avg.loss: 0.0007,	 Accuracy: 825/1000(83%)
Task: 0,	 Epoch: 37/80,	 Avg.loss: 0.0006,	 Accuracy: 837/1000(84%)
Task: 0,	 Epoch: 38/80,	 Avg.loss: 0.0007,	 Accuracy: 838/1000(84%)
Task: 0,	 Epoch: 39/80,	 Avg.loss: 0.0006,	 Accuracy: 837/1000(84%)
Task: 0,	 Epoch: 40/80,	 Avg.loss: 0.0006,	 Accuracy: 853/1000(85%)
Task: 0,	 Epoch: 41/80,	 Avg.loss: 0.0006,	 Accuracy: 852/1000(85%)
Task: 0,	 Epoch: 42/80,	 Avg.loss: 0.0007,	 Accuracy: 845/1000(85%)
Task: 0,	 Epoch: 43/80,	 Avg.loss: 0.0007,	 Accuracy: 855/1000(86%)
Task: 0,	 Epoch: 44/80,	 Avg.loss: 0.0007,	 Accuracy: 830/1000(83%)
Task: 0,	 Epoch: 45/80,	 Avg.loss: 0.0007,	 Accuracy: 841/1000(84%)
Task: 0,	 Epoch: 46/80,	 Avg.loss: 0.0007,	 Accuracy: 848/1000(85%)
Task: 0,	 Epoch: 47/80,	 Avg.loss: 0.0007,	 Accuracy: 845/1000(85%)
Task: 0,	 Epoch: 48/80,	 Avg.loss: 0.0007,	 Accuracy: 842/1000(84%)
Task: 0,	 Epoch: 49/80,	 Avg.loss: 0.0007,	 Accuracy: 838/1000(84%)
Task: 0,	 Epoch: 50/80,	 Avg.loss: 0.0006,	 Accuracy: 850/1000(85%)
Task: 0,	 Epoch: 51/80,	 Avg.loss: 0.0006,	 Accuracy: 856/1000(86%)
Task: 0,	 Epoch: 52/80,	 Avg.loss: 0.0006,	 Accuracy: 847/1000(85%)
Task: 0,	 Epoch: 53/80,	 Avg.loss: 0.0006,	 Accuracy: 858/1000(86%)
Task: 0,	 Epoch: 54/80,	 Avg.loss: 0.0006,	 Accuracy: 856/1000(86%)
Task: 0,	 Epoch: 55/80,	 Avg.loss: 0.0006,	 Accuracy: 855/1000(86%)
Task: 0,	 Epoch: 56/80,	 Avg.loss: 0.0006,	 Accuracy: 851/1000(85%)
Task: 0,	 Epoch: 57/80,	 Avg.loss: 0.0006,	 Accuracy: 856/1000(86%)
Task: 0,	 Epoch: 58/80,	 Avg.loss: 0.0006,	 Accuracy: 853/1000(85%)
Task: 0,	 Epoch: 59/80,	 Avg.loss: 0.0006,	 Accuracy: 854/1000(85%)
Task: 0,	 Epoch: 60/80,	 Avg.loss: 0.0006,	 Accuracy: 855/1000(86%)
Task: 0,	 Epoch: 61/80,	 Avg.loss: 0.0006,	 Accuracy: 853/1000(85%)
Task: 0,	 Epoch: 62/80,	 Avg.loss: 0.0006,	 Accuracy: 859/1000(86%)
Task: 0,	 Epoch: 63/80,	 Avg.loss: 0.0006,	 Accuracy: 863/1000(86%)
Task: 0,	 Epoch: 64/80,	 Avg.loss: 0.0006,	 Accuracy: 851/1000(85%)
Task: 0,	 Epoch: 65/80,	 Avg.loss: 0.0007,	 Accuracy: 857/1000(86%)
Task: 0,	 Epoch: 66/80,	 Avg.loss: 0.0007,	 Accuracy: 855/1000(86%)
Task: 0,	 Epoch: 67/80,	 Avg.loss: 0.0007,	 Accuracy: 854/1000(85%)
Task: 0,	 Epoch: 68/80,	 Avg.loss: 0.0007,	 Accuracy: 851/1000(85%)
Task: 0,	 Epoch: 69/80,	 Avg.loss: 0.0007,	 Accuracy: 852/1000(85%)
Task: 0,	 Epoch: 70/80,	 Avg.loss: 0.0007,	 Accuracy: 860/1000(86%)
Task: 0,	 Epoch: 71/80,	 Avg.loss: 0.0007,	 Accuracy: 856/1000(86%)
Task: 0,	 Epoch: 72/80,	 Avg.loss: 0.0007,	 Accuracy: 852/1000(85%)
Task: 0,	 Epoch: 73/80,	 Avg.loss: 0.0007,	 Accuracy: 853/1000(85%)
Task: 0,	 Epoch: 74/80,	 Avg.loss: 0.0007,	 Accuracy: 856/1000(86%)
Task: 0,	 Epoch: 75/80,	 Avg.loss: 0.0007,	 Accuracy: 853/1000(85%)
Task: 0,	 Epoch: 76/80,	 Avg.loss: 0.0007,	 Accuracy: 860/1000(86%)
Task: 0,	 Epoch: 77/80,	 Avg.loss: 0.0007,	 Accuracy: 855/1000(86%)
Task: 0,	 Epoch: 78/80,	 Avg.loss: 0.0006,	 Accuracy: 856/1000(86%)
Task: 0,	 Epoch: 79/80,	 Avg.loss: 0.0007,	 Accuracy: 857/1000(86%)
Task: 0,	 Epoch: -1/80,	 Avg.loss: 0.0007,	 Accuracy: 857/1000(86%)
Trained Task:0, Loaded task:0, Accuracy:85.7%
Trained Task:0, Avg. Accuracy: 85.7 

Layer        : conv1_layer.2.weight
Sum Omega    : 665.8878173828125
Max Fisher   : 1.0
Max Omega    : 1.0
Max Relevance: 1.5112943649291992
Mask active  : 8192.0/8192

Layer        : conv2_layer.2.weight
Sum Omega    : 1660.1182861328125
Max Fisher   : 1.0
Max Omega    : 1.0
Max Relevance: 1.1664178371429443
Mask active  : 2048.0/4096

Layer        : fc1_layer.0.weight
Sum Omega    : 22039.404296875
Max Fisher   : 1.0
Max Omega    : 1.0
Max Relevance: 2.4662582874298096
Mask active  : 512.0/512

Mask histogram conv1_layer.2.weight: 	 tensor([   0.,    0., 8192.,    0.,    0.,    0.,    0.,    0.,    0.,    0.],
       device='cuda:0')
Mask histogram conv2_layer.2.weight: 	 tensor([1984.,  128., 1984.,    0.,    0.,    0.,    0.,    0.,    0.,    0.],
       device='cuda:0')
Mask histogram fc1_layer.0.weight: 	 tensor([  0.,   0., 512.,   0.,   0.,   0.,   0.,   0.,   0.,   0.],
       device='cuda:0')
Task: 1,	 Epoch: 0/80,	 Avg.loss: 0.0010,	 Accuracy: 652/1000(65%)
Task: 1,	 Epoch: 1/80,	 Avg.loss: 0.0011,	 Accuracy: 634/1000(63%)
Task: 1,	 Epoch: 2/80,	 Avg.loss: 0.0010,	 Accuracy: 664/1000(66%)
Task: 1,	 Epoch: 3/80,	 Avg.loss: 0.0009,	 Accuracy: 686/1000(69%)
Task: 1,	 Epoch: 4/80,	 Avg.loss: 0.0009,	 Accuracy: 691/1000(69%)
Task: 1,	 Epoch: 5/80,	 Avg.loss: 0.0009,	 Accuracy: 693/1000(69%)
Task: 1,	 Epoch: 6/80,	 Avg.loss: 0.0009,	 Accuracy: 687/1000(69%)
Task: 1,	 Epoch: 7/80,	 Avg.loss: 0.0009,	 Accuracy: 696/1000(70%)
Task: 1,	 Epoch: 8/80,	 Avg.loss: 0.0009,	 Accuracy: 708/1000(71%)
Task: 1,	 Epoch: 9/80,	 Avg.loss: 0.0008,	 Accuracy: 708/1000(71%)
Task: 1,	 Epoch: 10/80,	 Avg.loss: 0.0008,	 Accuracy: 710/1000(71%)
Task: 1,	 Epoch: 11/80,	 Avg.loss: 0.0009,	 Accuracy: 694/1000(69%)
Task: 1,	 Epoch: 12/80,	 Avg.loss: 0.0008,	 Accuracy: 720/1000(72%)
Task: 1,	 Epoch: 13/80,	 Avg.loss: 0.0008,	 Accuracy: 706/1000(71%)
Task: 1,	 Epoch: 14/80,	 Avg.loss: 0.0008,	 Accuracy: 713/1000(71%)
Task: 1,	 Epoch: 15/80,	 Avg.loss: 0.0008,	 Accuracy: 714/1000(71%)
Task: 1,	 Epoch: 16/80,	 Avg.loss: 0.0008,	 Accuracy: 721/1000(72%)
Task: 1,	 Epoch: 17/80,	 Avg.loss: 0.0008,	 Accuracy: 717/1000(72%)
Task: 1,	 Epoch: 18/80,	 Avg.loss: 0.0008,	 Accuracy: 726/1000(73%)
Task: 1,	 Epoch: 19/80,	 Avg.loss: 0.0009,	 Accuracy: 705/1000(70%)
Task: 1,	 Epoch: 20/80,	 Avg.loss: 0.0008,	 Accuracy: 707/1000(71%)
Task: 1,	 Epoch: 21/80,	 Avg.loss: 0.0008,	 Accuracy: 714/1000(71%)
Task: 1,	 Epoch: 22/80,	 Avg.loss: 0.0008,	 Accuracy: 706/1000(71%)
Task: 1,	 Epoch: 23/80,	 Avg.loss: 0.0009,	 Accuracy: 717/1000(72%)
Task: 1,	 Epoch: 24/80,	 Avg.loss: 0.0008,	 Accuracy: 713/1000(71%)
Task: 1,	 Epoch: 25/80,	 Avg.loss: 0.0009,	 Accuracy: 708/1000(71%)
Task: 1,	 Epoch: 26/80,	 Avg.loss: 0.0008,	 Accuracy: 722/1000(72%)
Task: 1,	 Epoch: 27/80,	 Avg.loss: 0.0009,	 Accuracy: 725/1000(72%)
Task: 1,	 Epoch: 28/80,	 Avg.loss: 0.0009,	 Accuracy: 708/1000(71%)
Task: 1,	 Epoch: 29/80,	 Avg.loss: 0.0008,	 Accuracy: 720/1000(72%)
Task: 1,	 Epoch: 30/80,	 Avg.loss: 0.0008,	 Accuracy: 714/1000(71%)
Task: 1,	 Epoch: 31/80,	 Avg.loss: 0.0008,	 Accuracy: 715/1000(72%)
Task: 1,	 Epoch: 32/80,	 Avg.loss: 0.0008,	 Accuracy: 715/1000(72%)
Task: 1,	 Epoch: 33/80,	 Avg.loss: 0.0008,	 Accuracy: 720/1000(72%)
Task: 1,	 Epoch: 34/80,	 Avg.loss: 0.0008,	 Accuracy: 712/1000(71%)
Task: 1,	 Epoch: 35/80,	 Avg.loss: 0.0008,	 Accuracy: 725/1000(72%)
Task: 1,	 Epoch: 36/80,	 Avg.loss: 0.0008,	 Accuracy: 737/1000(74%)
Task: 1,	 Epoch: 37/80,	 Avg.loss: 0.0009,	 Accuracy: 702/1000(70%)
Task: 1,	 Epoch: 38/80,	 Avg.loss: 0.0008,	 Accuracy: 735/1000(74%)
Task: 1,	 Epoch: 39/80,	 Avg.loss: 0.0008,	 Accuracy: 716/1000(72%)
Task: 1,	 Epoch: 40/80,	 Avg.loss: 0.0008,	 Accuracy: 711/1000(71%)
Task: 1,	 Epoch: 41/80,	 Avg.loss: 0.0008,	 Accuracy: 723/1000(72%)
Task: 1,	 Epoch: 42/80,	 Avg.loss: 0.0008,	 Accuracy: 737/1000(74%)
Task: 1,	 Epoch: 43/80,	 Avg.loss: 0.0008,	 Accuracy: 705/1000(70%)
Task: 1,	 Epoch: 44/80,	 Avg.loss: 0.0009,	 Accuracy: 696/1000(70%)
Task: 1,	 Epoch: 45/80,	 Avg.loss: 0.0008,	 Accuracy: 732/1000(73%)
Task: 1,	 Epoch: 46/80,	 Avg.loss: 0.0009,	 Accuracy: 698/1000(70%)
Task: 1,	 Epoch: 47/80,	 Avg.loss: 0.0008,	 Accuracy: 726/1000(73%)
Task: 1,	 Epoch: 48/80,	 Avg.loss: 0.0008,	 Accuracy: 717/1000(72%)
Task: 1,	 Epoch: 49/80,	 Avg.loss: 0.0008,	 Accuracy: 718/1000(72%)
Task: 1,	 Epoch: 50/80,	 Avg.loss: 0.0008,	 Accuracy: 729/1000(73%)
Task: 1,	 Epoch: 51/80,	 Avg.loss: 0.0008,	 Accuracy: 729/1000(73%)
Task: 1,	 Epoch: 52/80,	 Avg.loss: 0.0008,	 Accuracy: 723/1000(72%)
Task: 1,	 Epoch: 53/80,	 Avg.loss: 0.0008,	 Accuracy: 735/1000(74%)
Task: 1,	 Epoch: 54/80,	 Avg.loss: 0.0008,	 Accuracy: 728/1000(73%)
Task: 1,	 Epoch: 55/80,	 Avg.loss: 0.0008,	 Accuracy: 728/1000(73%)
Task: 1,	 Epoch: 56/80,	 Avg.loss: 0.0008,	 Accuracy: 732/1000(73%)
Task: 1,	 Epoch: 57/80,	 Avg.loss: 0.0008,	 Accuracy: 725/1000(72%)
Task: 1,	 Epoch: 58/80,	 Avg.loss: 0.0008,	 Accuracy: 729/1000(73%)
Task: 1,	 Epoch: 59/80,	 Avg.loss: 0.0008,	 Accuracy: 738/1000(74%)
Task: 1,	 Epoch: 60/80,	 Avg.loss: 0.0008,	 Accuracy: 737/1000(74%)
Task: 1,	 Epoch: 61/80,	 Avg.loss: 0.0008,	 Accuracy: 737/1000(74%)
Task: 1,	 Epoch: 62/80,	 Avg.loss: 0.0008,	 Accuracy: 732/1000(73%)
Task: 1,	 Epoch: 63/80,	 Avg.loss: 0.0008,	 Accuracy: 731/1000(73%)
Task: 1,	 Epoch: 64/80,	 Avg.loss: 0.0008,	 Accuracy: 732/1000(73%)
Task: 1,	 Epoch: 65/80,	 Avg.loss: 0.0008,	 Accuracy: 741/1000(74%)
Task: 1,	 Epoch: 66/80,	 Avg.loss: 0.0008,	 Accuracy: 737/1000(74%)
Task: 1,	 Epoch: 67/80,	 Avg.loss: 0.0008,	 Accuracy: 736/1000(74%)
Task: 1,	 Epoch: 68/80,	 Avg.loss: 0.0008,	 Accuracy: 735/1000(74%)
Task: 1,	 Epoch: 69/80,	 Avg.loss: 0.0008,	 Accuracy: 742/1000(74%)
Task: 1,	 Epoch: 70/80,	 Avg.loss: 0.0008,	 Accuracy: 738/1000(74%)
Task: 1,	 Epoch: 71/80,	 Avg.loss: 0.0008,	 Accuracy: 735/1000(74%)
Task: 1,	 Epoch: 72/80,	 Avg.loss: 0.0008,	 Accuracy: 742/1000(74%)
Task: 1,	 Epoch: 73/80,	 Avg.loss: 0.0008,	 Accuracy: 735/1000(74%)
Task: 1,	 Epoch: 74/80,	 Avg.loss: 0.0008,	 Accuracy: 736/1000(74%)
Task: 1,	 Epoch: 75/80,	 Avg.loss: 0.0008,	 Accuracy: 745/1000(74%)
Task: 1,	 Epoch: 76/80,	 Avg.loss: 0.0008,	 Accuracy: 741/1000(74%)
Task: 1,	 Epoch: 77/80,	 Avg.loss: 0.0008,	 Accuracy: 738/1000(74%)
Task: 1,	 Epoch: 78/80,	 Avg.loss: 0.0008,	 Accuracy: 738/1000(74%)
Task: 1,	 Epoch: 79/80,	 Avg.loss: 0.0008,	 Accuracy: 737/1000(74%)
Task: 0,	 Epoch: -1/80,	 Avg.loss: 0.0007,	 Accuracy: 858/1000(86%)
Trained Task:1, Loaded task:0, Accuracy:85.8%
Task: 1,	 Epoch: -1/80,	 Avg.loss: 0.0008,	 Accuracy: 737/1000(74%)
Trained Task:1, Loaded task:1, Accuracy:73.7%
Trained Task:1, Avg. Accuracy: 79.8 

Layer        : conv1_layer.2.weight
Sum Omega    : 683.1124877929688
Max Fisher   : 1.0
Max Omega    : 1.0
Max Relevance: 1.712446689605713
Mask active  : 8192.0/8192

Layer        : conv2_layer.2.weight
Sum Omega    : 1604.888916015625
Max Fisher   : 1.0
Max Omega    : 1.0
Max Relevance: 1.9678677320480347
Mask active  : 2048.0/4096

Layer        : fc1_layer.0.weight
Sum Omega    : 25120.509765625
Max Fisher   : 1.0
Max Omega    : 1.0
Max Relevance: 3.8648951053619385
Mask active  : 512.0/512

Mask histogram conv1_layer.2.weight: 	 tensor([   0.,    0.,    0., 8192.,    0.,    0.,    0.,    0.,    0.,    0.],
       device='cuda:0')
Mask histogram conv2_layer.2.weight: 	 tensor([1856.,  192.,  192., 1856.,    0.,    0.,    0.,    0.,    0.,    0.],
       device='cuda:0')
Mask histogram fc1_layer.0.weight: 	 tensor([  0.,   0.,   0., 512.,   0.,   0.,   0.,   0.,   0.,   0.],
       device='cuda:0')
Task: 2,	 Epoch: 0/80,	 Avg.loss: 0.0011,	 Accuracy: 666/1000(67%)
Task: 2,	 Epoch: 1/80,	 Avg.loss: 0.0009,	 Accuracy: 710/1000(71%)
Task: 2,	 Epoch: 2/80,	 Avg.loss: 0.0009,	 Accuracy: 721/1000(72%)
Task: 2,	 Epoch: 3/80,	 Avg.loss: 0.0008,	 Accuracy: 742/1000(74%)
Task: 2,	 Epoch: 4/80,	 Avg.loss: 0.0008,	 Accuracy: 742/1000(74%)
Task: 2,	 Epoch: 5/80,	 Avg.loss: 0.0008,	 Accuracy: 740/1000(74%)
Task: 2,	 Epoch: 6/80,	 Avg.loss: 0.0008,	 Accuracy: 746/1000(75%)
Task: 2,	 Epoch: 7/80,	 Avg.loss: 0.0007,	 Accuracy: 758/1000(76%)
Task: 2,	 Epoch: 8/80,	 Avg.loss: 0.0007,	 Accuracy: 767/1000(77%)
Task: 2,	 Epoch: 9/80,	 Avg.loss: 0.0008,	 Accuracy: 755/1000(76%)
Task: 2,	 Epoch: 10/80,	 Avg.loss: 0.0007,	 Accuracy: 769/1000(77%)
Task: 2,	 Epoch: 11/80,	 Avg.loss: 0.0008,	 Accuracy: 767/1000(77%)
Task: 2,	 Epoch: 12/80,	 Avg.loss: 0.0008,	 Accuracy: 744/1000(74%)
Task: 2,	 Epoch: 13/80,	 Avg.loss: 0.0008,	 Accuracy: 749/1000(75%)
Task: 2,	 Epoch: 14/80,	 Avg.loss: 0.0007,	 Accuracy: 776/1000(78%)
Task: 2,	 Epoch: 15/80,	 Avg.loss: 0.0007,	 Accuracy: 755/1000(76%)
Task: 2,	 Epoch: 16/80,	 Avg.loss: 0.0007,	 Accuracy: 783/1000(78%)
Task: 2,	 Epoch: 17/80,	 Avg.loss: 0.0008,	 Accuracy: 757/1000(76%)
Task: 2,	 Epoch: 18/80,	 Avg.loss: 0.0008,	 Accuracy: 747/1000(75%)
Task: 2,	 Epoch: 19/80,	 Avg.loss: 0.0008,	 Accuracy: 770/1000(77%)
Task: 2,	 Epoch: 20/80,	 Avg.loss: 0.0007,	 Accuracy: 761/1000(76%)
Task: 2,	 Epoch: 21/80,	 Avg.loss: 0.0007,	 Accuracy: 767/1000(77%)
Task: 2,	 Epoch: 22/80,	 Avg.loss: 0.0008,	 Accuracy: 768/1000(77%)
Task: 2,	 Epoch: 23/80,	 Avg.loss: 0.0008,	 Accuracy: 763/1000(76%)
Task: 2,	 Epoch: 24/80,	 Avg.loss: 0.0008,	 Accuracy: 750/1000(75%)
Task: 2,	 Epoch: 25/80,	 Avg.loss: 0.0008,	 Accuracy: 767/1000(77%)
Task: 2,	 Epoch: 26/80,	 Avg.loss: 0.0009,	 Accuracy: 751/1000(75%)
Task: 2,	 Epoch: 27/80,	 Avg.loss: 0.0007,	 Accuracy: 775/1000(78%)
Task: 2,	 Epoch: 28/80,	 Avg.loss: 0.0007,	 Accuracy: 767/1000(77%)
Task: 2,	 Epoch: 29/80,	 Avg.loss: 0.0007,	 Accuracy: 777/1000(78%)
Task: 2,	 Epoch: 30/80,	 Avg.loss: 0.0007,	 Accuracy: 782/1000(78%)
Task: 2,	 Epoch: 31/80,	 Avg.loss: 0.0008,	 Accuracy: 777/1000(78%)
Task: 2,	 Epoch: 32/80,	 Avg.loss: 0.0008,	 Accuracy: 777/1000(78%)
Task: 2,	 Epoch: 33/80,	 Avg.loss: 0.0007,	 Accuracy: 779/1000(78%)
Task: 2,	 Epoch: 34/80,	 Avg.loss: 0.0008,	 Accuracy: 779/1000(78%)
Task: 2,	 Epoch: 35/80,	 Avg.loss: 0.0008,	 Accuracy: 774/1000(77%)
Task: 2,	 Epoch: 36/80,	 Avg.loss: 0.0008,	 Accuracy: 766/1000(77%)
Task: 2,	 Epoch: 37/80,	 Avg.loss: 0.0007,	 Accuracy: 779/1000(78%)
Task: 2,	 Epoch: 38/80,	 Avg.loss: 0.0008,	 Accuracy: 779/1000(78%)
Task: 2,	 Epoch: 39/80,	 Avg.loss: 0.0008,	 Accuracy: 786/1000(79%)
Task: 2,	 Epoch: 40/80,	 Avg.loss: 0.0007,	 Accuracy: 790/1000(79%)
Task: 2,	 Epoch: 41/80,	 Avg.loss: 0.0008,	 Accuracy: 773/1000(77%)
Task: 2,	 Epoch: 42/80,	 Avg.loss: 0.0007,	 Accuracy: 788/1000(79%)
Task: 2,	 Epoch: 43/80,	 Avg.loss: 0.0008,	 Accuracy: 784/1000(78%)
Task: 2,	 Epoch: 44/80,	 Avg.loss: 0.0008,	 Accuracy: 784/1000(78%)
Task: 2,	 Epoch: 45/80,	 Avg.loss: 0.0007,	 Accuracy: 788/1000(79%)
Task: 2,	 Epoch: 46/80,	 Avg.loss: 0.0008,	 Accuracy: 773/1000(77%)
Task: 2,	 Epoch: 47/80,	 Avg.loss: 0.0008,	 Accuracy: 770/1000(77%)
Task: 2,	 Epoch: 48/80,	 Avg.loss: 0.0008,	 Accuracy: 778/1000(78%)
Task: 2,	 Epoch: 49/80,	 Avg.loss: 0.0008,	 Accuracy: 784/1000(78%)
Task: 2,	 Epoch: 50/80,	 Avg.loss: 0.0007,	 Accuracy: 788/1000(79%)
Task: 2,	 Epoch: 51/80,	 Avg.loss: 0.0007,	 Accuracy: 785/1000(78%)
Task: 2,	 Epoch: 52/80,	 Avg.loss: 0.0007,	 Accuracy: 789/1000(79%)
Task: 2,	 Epoch: 53/80,	 Avg.loss: 0.0007,	 Accuracy: 788/1000(79%)
Task: 2,	 Epoch: 54/80,	 Avg.loss: 0.0007,	 Accuracy: 788/1000(79%)
Task: 2,	 Epoch: 55/80,	 Avg.loss: 0.0007,	 Accuracy: 785/1000(78%)
Task: 2,	 Epoch: 56/80,	 Avg.loss: 0.0007,	 Accuracy: 788/1000(79%)
Task: 2,	 Epoch: 57/80,	 Avg.loss: 0.0007,	 Accuracy: 790/1000(79%)
Task: 2,	 Epoch: 58/80,	 Avg.loss: 0.0007,	 Accuracy: 785/1000(78%)
Task: 2,	 Epoch: 59/80,	 Avg.loss: 0.0007,	 Accuracy: 787/1000(79%)
Task: 2,	 Epoch: 60/80,	 Avg.loss: 0.0007,	 Accuracy: 789/1000(79%)
Task: 2,	 Epoch: 61/80,	 Avg.loss: 0.0007,	 Accuracy: 791/1000(79%)
Task: 2,	 Epoch: 62/80,	 Avg.loss: 0.0007,	 Accuracy: 778/1000(78%)
Task: 2,	 Epoch: 63/80,	 Avg.loss: 0.0007,	 Accuracy: 786/1000(79%)
Task: 2,	 Epoch: 64/80,	 Avg.loss: 0.0007,	 Accuracy: 784/1000(78%)
Task: 2,	 Epoch: 65/80,	 Avg.loss: 0.0007,	 Accuracy: 787/1000(79%)
Task: 2,	 Epoch: 66/80,	 Avg.loss: 0.0007,	 Accuracy: 787/1000(79%)
Task: 2,	 Epoch: 67/80,	 Avg.loss: 0.0007,	 Accuracy: 784/1000(78%)
Task: 2,	 Epoch: 68/80,	 Avg.loss: 0.0007,	 Accuracy: 785/1000(78%)
Task: 2,	 Epoch: 69/80,	 Avg.loss: 0.0007,	 Accuracy: 789/1000(79%)
Task: 2,	 Epoch: 70/80,	 Avg.loss: 0.0007,	 Accuracy: 788/1000(79%)
Task: 2,	 Epoch: 71/80,	 Avg.loss: 0.0007,	 Accuracy: 788/1000(79%)
Task: 2,	 Epoch: 72/80,	 Avg.loss: 0.0007,	 Accuracy: 789/1000(79%)
Task: 2,	 Epoch: 73/80,	 Avg.loss: 0.0007,	 Accuracy: 782/1000(78%)
Task: 2,	 Epoch: 74/80,	 Avg.loss: 0.0007,	 Accuracy: 791/1000(79%)
Task: 2,	 Epoch: 75/80,	 Avg.loss: 0.0007,	 Accuracy: 787/1000(79%)
Task: 2,	 Epoch: 76/80,	 Avg.loss: 0.0007,	 Accuracy: 786/1000(79%)
Task: 2,	 Epoch: 77/80,	 Avg.loss: 0.0007,	 Accuracy: 790/1000(79%)
Task: 2,	 Epoch: 78/80,	 Avg.loss: 0.0007,	 Accuracy: 783/1000(78%)
Task: 2,	 Epoch: 79/80,	 Avg.loss: 0.0007,	 Accuracy: 787/1000(79%)
Task: 0,	 Epoch: -1/80,	 Avg.loss: 0.0007,	 Accuracy: 859/1000(86%)
Trained Task:2, Loaded task:0, Accuracy:85.9%
Task: 1,	 Epoch: -1/80,	 Avg.loss: 0.0008,	 Accuracy: 727/1000(73%)
Trained Task:2, Loaded task:1, Accuracy:72.7%
Task: 2,	 Epoch: -1/80,	 Avg.loss: 0.0007,	 Accuracy: 787/1000(79%)
Trained Task:2, Loaded task:2, Accuracy:78.7%
Trained Task:2, Avg. Accuracy: 79.1 

Layer        : conv1_layer.2.weight
Sum Omega    : 738.2484130859375
Max Fisher   : 1.0
Max Omega    : 1.0
Max Relevance: 1.3163301944732666
Mask active  : 8192.0/8192

Layer        : conv2_layer.2.weight
Sum Omega    : 1657.069580078125
Max Fisher   : 1.0
Max Omega    : 1.0
Max Relevance: 1.9702562093734741
Mask active  : 2048.0/4096

Layer        : fc1_layer.0.weight
Sum Omega    : 30524.353515625
Max Fisher   : 1.0
Max Omega    : 1.0
Max Relevance: 3.5348167419433594
Mask active  : 512.0/512

Mask histogram conv1_layer.2.weight: 	 tensor([   0.,    0.,    0.,    0., 8192.,    0.,    0.,    0.,    0.,    0.],
       device='cuda:0')
Mask histogram conv2_layer.2.weight: 	 tensor([1536.,  320.,  192.,  704., 1344.,    0.,    0.,    0.,    0.,    0.],
       device='cuda:0')
Mask histogram fc1_layer.0.weight: 	 tensor([  0.,   0.,   0.,   0., 512.,   0.,   0.,   0.,   0.,   0.],
       device='cuda:0')
Task: 3,	 Epoch: 0/80,	 Avg.loss: 0.0011,	 Accuracy: 611/1000(61%)
Task: 3,	 Epoch: 1/80,	 Avg.loss: 0.0011,	 Accuracy: 645/1000(64%)
Task: 3,	 Epoch: 2/80,	 Avg.loss: 0.0009,	 Accuracy: 701/1000(70%)
Task: 3,	 Epoch: 3/80,	 Avg.loss: 0.0009,	 Accuracy: 697/1000(70%)
Task: 3,	 Epoch: 4/80,	 Avg.loss: 0.0009,	 Accuracy: 703/1000(70%)
Task: 3,	 Epoch: 5/80,	 Avg.loss: 0.0008,	 Accuracy: 729/1000(73%)
Task: 3,	 Epoch: 6/80,	 Avg.loss: 0.0009,	 Accuracy: 700/1000(70%)
Task: 3,	 Epoch: 7/80,	 Avg.loss: 0.0009,	 Accuracy: 720/1000(72%)
Task: 3,	 Epoch: 8/80,	 Avg.loss: 0.0008,	 Accuracy: 712/1000(71%)
Task: 3,	 Epoch: 9/80,	 Avg.loss: 0.0009,	 Accuracy: 720/1000(72%)
Task: 3,	 Epoch: 10/80,	 Avg.loss: 0.0008,	 Accuracy: 727/1000(73%)
Task: 3,	 Epoch: 11/80,	 Avg.loss: 0.0008,	 Accuracy: 737/1000(74%)
Task: 3,	 Epoch: 12/80,	 Avg.loss: 0.0009,	 Accuracy: 710/1000(71%)
Task: 3,	 Epoch: 13/80,	 Avg.loss: 0.0008,	 Accuracy: 748/1000(75%)
Task: 3,	 Epoch: 14/80,	 Avg.loss: 0.0008,	 Accuracy: 752/1000(75%)
Task: 3,	 Epoch: 15/80,	 Avg.loss: 0.0008,	 Accuracy: 739/1000(74%)
Task: 3,	 Epoch: 16/80,	 Avg.loss: 0.0008,	 Accuracy: 743/1000(74%)
Task: 3,	 Epoch: 17/80,	 Avg.loss: 0.0008,	 Accuracy: 758/1000(76%)
Task: 3,	 Epoch: 18/80,	 Avg.loss: 0.0008,	 Accuracy: 758/1000(76%)
Task: 3,	 Epoch: 19/80,	 Avg.loss: 0.0008,	 Accuracy: 754/1000(75%)
Task: 3,	 Epoch: 20/80,	 Avg.loss: 0.0008,	 Accuracy: 743/1000(74%)
Task: 3,	 Epoch: 21/80,	 Avg.loss: 0.0008,	 Accuracy: 749/1000(75%)
Task: 3,	 Epoch: 22/80,	 Avg.loss: 0.0008,	 Accuracy: 737/1000(74%)
Task: 3,	 Epoch: 23/80,	 Avg.loss: 0.0009,	 Accuracy: 736/1000(74%)
Task: 3,	 Epoch: 24/80,	 Avg.loss: 0.0008,	 Accuracy: 753/1000(75%)
Task: 3,	 Epoch: 25/80,	 Avg.loss: 0.0008,	 Accuracy: 734/1000(73%)
Task: 3,	 Epoch: 26/80,	 Avg.loss: 0.0008,	 Accuracy: 742/1000(74%)
Task: 3,	 Epoch: 27/80,	 Avg.loss: 0.0008,	 Accuracy: 758/1000(76%)
Task: 3,	 Epoch: 28/80,	 Avg.loss: 0.0008,	 Accuracy: 739/1000(74%)
Task: 3,	 Epoch: 29/80,	 Avg.loss: 0.0008,	 Accuracy: 755/1000(76%)
Task: 3,	 Epoch: 30/80,	 Avg.loss: 0.0008,	 Accuracy: 737/1000(74%)
Task: 3,	 Epoch: 31/80,	 Avg.loss: 0.0008,	 Accuracy: 752/1000(75%)
Task: 3,	 Epoch: 32/80,	 Avg.loss: 0.0008,	 Accuracy: 758/1000(76%)
Task: 3,	 Epoch: 33/80,	 Avg.loss: 0.0008,	 Accuracy: 760/1000(76%)
Task: 3,	 Epoch: 34/80,	 Avg.loss: 0.0008,	 Accuracy: 757/1000(76%)
Task: 3,	 Epoch: 35/80,	 Avg.loss: 0.0008,	 Accuracy: 757/1000(76%)
Task: 3,	 Epoch: 36/80,	 Avg.loss: 0.0008,	 Accuracy: 768/1000(77%)
Task: 3,	 Epoch: 37/80,	 Avg.loss: 0.0008,	 Accuracy: 762/1000(76%)
Task: 3,	 Epoch: 38/80,	 Avg.loss: 0.0008,	 Accuracy: 747/1000(75%)
Task: 3,	 Epoch: 39/80,	 Avg.loss: 0.0008,	 Accuracy: 744/1000(74%)
Task: 3,	 Epoch: 40/80,	 Avg.loss: 0.0008,	 Accuracy: 756/1000(76%)
Task: 3,	 Epoch: 41/80,	 Avg.loss: 0.0008,	 Accuracy: 772/1000(77%)
Task: 3,	 Epoch: 42/80,	 Avg.loss: 0.0008,	 Accuracy: 754/1000(75%)
Task: 3,	 Epoch: 43/80,	 Avg.loss: 0.0008,	 Accuracy: 767/1000(77%)
Task: 3,	 Epoch: 44/80,	 Avg.loss: 0.0008,	 Accuracy: 765/1000(76%)
Task: 3,	 Epoch: 45/80,	 Avg.loss: 0.0008,	 Accuracy: 770/1000(77%)
Task: 3,	 Epoch: 46/80,	 Avg.loss: 0.0008,	 Accuracy: 764/1000(76%)
Task: 3,	 Epoch: 47/80,	 Avg.loss: 0.0008,	 Accuracy: 758/1000(76%)
Task: 3,	 Epoch: 48/80,	 Avg.loss: 0.0008,	 Accuracy: 760/1000(76%)
Task: 3,	 Epoch: 49/80,	 Avg.loss: 0.0008,	 Accuracy: 768/1000(77%)
Task: 3,	 Epoch: 50/80,	 Avg.loss: 0.0008,	 Accuracy: 781/1000(78%)
Task: 3,	 Epoch: 51/80,	 Avg.loss: 0.0008,	 Accuracy: 781/1000(78%)
Task: 3,	 Epoch: 52/80,	 Avg.loss: 0.0008,	 Accuracy: 782/1000(78%)
Task: 3,	 Epoch: 53/80,	 Avg.loss: 0.0008,	 Accuracy: 781/1000(78%)
Task: 3,	 Epoch: 54/80,	 Avg.loss: 0.0008,	 Accuracy: 775/1000(78%)
Task: 3,	 Epoch: 55/80,	 Avg.loss: 0.0008,	 Accuracy: 781/1000(78%)
Task: 3,	 Epoch: 56/80,	 Avg.loss: 0.0008,	 Accuracy: 779/1000(78%)
Task: 3,	 Epoch: 57/80,	 Avg.loss: 0.0008,	 Accuracy: 778/1000(78%)
Task: 3,	 Epoch: 58/80,	 Avg.loss: 0.0008,	 Accuracy: 784/1000(78%)
Task: 3,	 Epoch: 59/80,	 Avg.loss: 0.0008,	 Accuracy: 785/1000(78%)
Task: 3,	 Epoch: 60/80,	 Avg.loss: 0.0008,	 Accuracy: 789/1000(79%)
Task: 3,	 Epoch: 61/80,	 Avg.loss: 0.0008,	 Accuracy: 785/1000(78%)
Task: 3,	 Epoch: 62/80,	 Avg.loss: 0.0008,	 Accuracy: 778/1000(78%)
Task: 3,	 Epoch: 63/80,	 Avg.loss: 0.0008,	 Accuracy: 785/1000(78%)
Task: 3,	 Epoch: 64/80,	 Avg.loss: 0.0008,	 Accuracy: 783/1000(78%)
Task: 3,	 Epoch: 65/80,	 Avg.loss: 0.0008,	 Accuracy: 779/1000(78%)
Task: 3,	 Epoch: 66/80,	 Avg.loss: 0.0008,	 Accuracy: 781/1000(78%)
Task: 3,	 Epoch: 67/80,	 Avg.loss: 0.0008,	 Accuracy: 786/1000(79%)
Task: 3,	 Epoch: 68/80,	 Avg.loss: 0.0008,	 Accuracy: 780/1000(78%)
Task: 3,	 Epoch: 69/80,	 Avg.loss: 0.0008,	 Accuracy: 783/1000(78%)
Task: 3,	 Epoch: 70/80,	 Avg.loss: 0.0008,	 Accuracy: 778/1000(78%)
Task: 3,	 Epoch: 71/80,	 Avg.loss: 0.0008,	 Accuracy: 778/1000(78%)
Task: 3,	 Epoch: 72/80,	 Avg.loss: 0.0008,	 Accuracy: 778/1000(78%)
Task: 3,	 Epoch: 73/80,	 Avg.loss: 0.0008,	 Accuracy: 780/1000(78%)
Task: 3,	 Epoch: 74/80,	 Avg.loss: 0.0008,	 Accuracy: 783/1000(78%)
Task: 3,	 Epoch: 75/80,	 Avg.loss: 0.0008,	 Accuracy: 779/1000(78%)
Task: 3,	 Epoch: 76/80,	 Avg.loss: 0.0008,	 Accuracy: 779/1000(78%)
Task: 3,	 Epoch: 77/80,	 Avg.loss: 0.0008,	 Accuracy: 777/1000(78%)
Task: 3,	 Epoch: 78/80,	 Avg.loss: 0.0008,	 Accuracy: 780/1000(78%)
Task: 3,	 Epoch: 79/80,	 Avg.loss: 0.0008,	 Accuracy: 780/1000(78%)
Task: 0,	 Epoch: -1/80,	 Avg.loss: 0.0007,	 Accuracy: 854/1000(85%)
Trained Task:3, Loaded task:0, Accuracy:85.4%
Task: 1,	 Epoch: -1/80,	 Avg.loss: 0.0008,	 Accuracy: 722/1000(72%)
Trained Task:3, Loaded task:1, Accuracy:72.2%
Task: 2,	 Epoch: -1/80,	 Avg.loss: 0.0007,	 Accuracy: 784/1000(78%)
Trained Task:3, Loaded task:2, Accuracy:78.4%
Task: 3,	 Epoch: -1/80,	 Avg.loss: 0.0008,	 Accuracy: 780/1000(78%)
Trained Task:3, Loaded task:3, Accuracy:78.0%
Trained Task:3, Avg. Accuracy: 78.5 

Layer        : conv1_layer.2.weight
Sum Omega    : 755.4061889648438
Max Fisher   : 1.0
Max Omega    : 1.0
Max Relevance: 2.0323100090026855
Mask active  : 8192.0/8192

Layer        : conv2_layer.2.weight
Sum Omega    : 1667.774169921875
Max Fisher   : 1.0
Max Omega    : 1.0
Max Relevance: 2.564791440963745
Mask active  : 2048.0/4096

Layer        : fc1_layer.0.weight
Sum Omega    : 35373.05859375
Max Fisher   : 1.0
Max Omega    : 1.0
Max Relevance: 3.7985260486602783
Mask active  : 512.0/512

Mask histogram conv1_layer.2.weight: 	 tensor([   0.,    0.,    0.,    0.,    0., 8192.,    0.,    0.,    0.,    0.],
       device='cuda:0')
Mask histogram conv2_layer.2.weight: 	 tensor([1472.,   64.,  320.,  448.,  768., 1024.,    0.,    0.,    0.,    0.],
       device='cuda:0')
Mask histogram fc1_layer.0.weight: 	 tensor([  0.,   0.,   0.,   0.,   0., 512.,   0.,   0.,   0.,   0.],
       device='cuda:0')
Task: 4,	 Epoch: 0/80,	 Avg.loss: 0.0011,	 Accuracy: 666/1000(67%)
Task: 4,	 Epoch: 1/80,	 Avg.loss: 0.0010,	 Accuracy: 698/1000(70%)
Task: 4,	 Epoch: 2/80,	 Avg.loss: 0.0009,	 Accuracy: 715/1000(72%)
Task: 4,	 Epoch: 3/80,	 Avg.loss: 0.0009,	 Accuracy: 710/1000(71%)
Task: 4,	 Epoch: 4/80,	 Avg.loss: 0.0009,	 Accuracy: 717/1000(72%)
Task: 4,	 Epoch: 5/80,	 Avg.loss: 0.0009,	 Accuracy: 718/1000(72%)
Task: 4,	 Epoch: 6/80,	 Avg.loss: 0.0008,	 Accuracy: 721/1000(72%)
Task: 4,	 Epoch: 7/80,	 Avg.loss: 0.0009,	 Accuracy: 721/1000(72%)
Task: 4,	 Epoch: 8/80,	 Avg.loss: 0.0009,	 Accuracy: 724/1000(72%)
Task: 4,	 Epoch: 9/80,	 Avg.loss: 0.0009,	 Accuracy: 732/1000(73%)
Task: 4,	 Epoch: 10/80,	 Avg.loss: 0.0009,	 Accuracy: 712/1000(71%)
Task: 4,	 Epoch: 11/80,	 Avg.loss: 0.0009,	 Accuracy: 724/1000(72%)
Task: 4,	 Epoch: 12/80,	 Avg.loss: 0.0009,	 Accuracy: 719/1000(72%)
Task: 4,	 Epoch: 13/80,	 Avg.loss: 0.0009,	 Accuracy: 728/1000(73%)
Task: 4,	 Epoch: 14/80,	 Avg.loss: 0.0009,	 Accuracy: 734/1000(73%)
Task: 4,	 Epoch: 15/80,	 Avg.loss: 0.0008,	 Accuracy: 733/1000(73%)
Task: 4,	 Epoch: 16/80,	 Avg.loss: 0.0009,	 Accuracy: 741/1000(74%)
Task: 4,	 Epoch: 17/80,	 Avg.loss: 0.0008,	 Accuracy: 747/1000(75%)
Task: 4,	 Epoch: 18/80,	 Avg.loss: 0.0008,	 Accuracy: 731/1000(73%)
Task: 4,	 Epoch: 19/80,	 Avg.loss: 0.0009,	 Accuracy: 729/1000(73%)
Task: 4,	 Epoch: 20/80,	 Avg.loss: 0.0008,	 Accuracy: 732/1000(73%)
Task: 4,	 Epoch: 21/80,	 Avg.loss: 0.0009,	 Accuracy: 716/1000(72%)
Task: 4,	 Epoch: 22/80,	 Avg.loss: 0.0008,	 Accuracy: 749/1000(75%)
Task: 4,	 Epoch: 23/80,	 Avg.loss: 0.0008,	 Accuracy: 735/1000(74%)
Task: 4,	 Epoch: 24/80,	 Avg.loss: 0.0008,	 Accuracy: 748/1000(75%)
Task: 4,	 Epoch: 25/80,	 Avg.loss: 0.0008,	 Accuracy: 730/1000(73%)
Task: 4,	 Epoch: 26/80,	 Avg.loss: 0.0008,	 Accuracy: 735/1000(74%)
Task: 4,	 Epoch: 27/80,	 Avg.loss: 0.0008,	 Accuracy: 746/1000(75%)
Task: 4,	 Epoch: 28/80,	 Avg.loss: 0.0009,	 Accuracy: 732/1000(73%)
Task: 4,	 Epoch: 29/80,	 Avg.loss: 0.0008,	 Accuracy: 746/1000(75%)
Task: 4,	 Epoch: 30/80,	 Avg.loss: 0.0008,	 Accuracy: 741/1000(74%)
Task: 4,	 Epoch: 31/80,	 Avg.loss: 0.0008,	 Accuracy: 752/1000(75%)
Task: 4,	 Epoch: 32/80,	 Avg.loss: 0.0008,	 Accuracy: 761/1000(76%)
Task: 4,	 Epoch: 33/80,	 Avg.loss: 0.0008,	 Accuracy: 728/1000(73%)
Task: 4,	 Epoch: 34/80,	 Avg.loss: 0.0009,	 Accuracy: 730/1000(73%)
Task: 4,	 Epoch: 35/80,	 Avg.loss: 0.0008,	 Accuracy: 757/1000(76%)
Task: 4,	 Epoch: 36/80,	 Avg.loss: 0.0008,	 Accuracy: 745/1000(74%)
Task: 4,	 Epoch: 37/80,	 Avg.loss: 0.0008,	 Accuracy: 736/1000(74%)
Task: 4,	 Epoch: 38/80,	 Avg.loss: 0.0008,	 Accuracy: 757/1000(76%)
Task: 4,	 Epoch: 39/80,	 Avg.loss: 0.0008,	 Accuracy: 750/1000(75%)
Task: 4,	 Epoch: 40/80,	 Avg.loss: 0.0008,	 Accuracy: 735/1000(74%)
Task: 4,	 Epoch: 41/80,	 Avg.loss: 0.0008,	 Accuracy: 751/1000(75%)
Task: 4,	 Epoch: 42/80,	 Avg.loss: 0.0008,	 Accuracy: 739/1000(74%)
Task: 4,	 Epoch: 43/80,	 Avg.loss: 0.0008,	 Accuracy: 741/1000(74%)
Task: 4,	 Epoch: 44/80,	 Avg.loss: 0.0008,	 Accuracy: 756/1000(76%)
Task: 4,	 Epoch: 45/80,	 Avg.loss: 0.0008,	 Accuracy: 750/1000(75%)
Task: 4,	 Epoch: 46/80,	 Avg.loss: 0.0009,	 Accuracy: 721/1000(72%)
Task: 4,	 Epoch: 47/80,	 Avg.loss: 0.0008,	 Accuracy: 742/1000(74%)
Task: 4,	 Epoch: 48/80,	 Avg.loss: 0.0008,	 Accuracy: 731/1000(73%)
Task: 4,	 Epoch: 49/80,	 Avg.loss: 0.0008,	 Accuracy: 754/1000(75%)
Task: 4,	 Epoch: 50/80,	 Avg.loss: 0.0008,	 Accuracy: 752/1000(75%)
Task: 4,	 Epoch: 51/80,	 Avg.loss: 0.0008,	 Accuracy: 753/1000(75%)
Task: 4,	 Epoch: 52/80,	 Avg.loss: 0.0008,	 Accuracy: 752/1000(75%)
Task: 4,	 Epoch: 53/80,	 Avg.loss: 0.0008,	 Accuracy: 752/1000(75%)
Task: 4,	 Epoch: 54/80,	 Avg.loss: 0.0008,	 Accuracy: 753/1000(75%)
Task: 4,	 Epoch: 55/80,	 Avg.loss: 0.0008,	 Accuracy: 750/1000(75%)
Task: 4,	 Epoch: 56/80,	 Avg.loss: 0.0008,	 Accuracy: 756/1000(76%)
Task: 4,	 Epoch: 57/80,	 Avg.loss: 0.0008,	 Accuracy: 749/1000(75%)
Task: 4,	 Epoch: 58/80,	 Avg.loss: 0.0008,	 Accuracy: 759/1000(76%)
Task: 4,	 Epoch: 59/80,	 Avg.loss: 0.0008,	 Accuracy: 757/1000(76%)
Task: 4,	 Epoch: 60/80,	 Avg.loss: 0.0008,	 Accuracy: 755/1000(76%)
Task: 4,	 Epoch: 61/80,	 Avg.loss: 0.0008,	 Accuracy: 756/1000(76%)
Task: 4,	 Epoch: 62/80,	 Avg.loss: 0.0008,	 Accuracy: 756/1000(76%)
Task: 4,	 Epoch: 63/80,	 Avg.loss: 0.0008,	 Accuracy: 756/1000(76%)
Task: 4,	 Epoch: 64/80,	 Avg.loss: 0.0008,	 Accuracy: 753/1000(75%)
Task: 4,	 Epoch: 65/80,	 Avg.loss: 0.0008,	 Accuracy: 753/1000(75%)
Task: 4,	 Epoch: 66/80,	 Avg.loss: 0.0008,	 Accuracy: 755/1000(76%)
Task: 4,	 Epoch: 67/80,	 Avg.loss: 0.0008,	 Accuracy: 754/1000(75%)
Task: 4,	 Epoch: 68/80,	 Avg.loss: 0.0008,	 Accuracy: 755/1000(76%)
Task: 4,	 Epoch: 69/80,	 Avg.loss: 0.0008,	 Accuracy: 757/1000(76%)
Task: 4,	 Epoch: 70/80,	 Avg.loss: 0.0008,	 Accuracy: 760/1000(76%)
Task: 4,	 Epoch: 71/80,	 Avg.loss: 0.0008,	 Accuracy: 759/1000(76%)
Task: 4,	 Epoch: 72/80,	 Avg.loss: 0.0008,	 Accuracy: 761/1000(76%)
Task: 4,	 Epoch: 73/80,	 Avg.loss: 0.0008,	 Accuracy: 755/1000(76%)
Task: 4,	 Epoch: 74/80,	 Avg.loss: 0.0008,	 Accuracy: 759/1000(76%)
Task: 4,	 Epoch: 75/80,	 Avg.loss: 0.0008,	 Accuracy: 764/1000(76%)
Task: 4,	 Epoch: 76/80,	 Avg.loss: 0.0008,	 Accuracy: 761/1000(76%)
Task: 4,	 Epoch: 77/80,	 Avg.loss: 0.0008,	 Accuracy: 758/1000(76%)
Task: 4,	 Epoch: 78/80,	 Avg.loss: 0.0008,	 Accuracy: 762/1000(76%)
Task: 4,	 Epoch: 79/80,	 Avg.loss: 0.0008,	 Accuracy: 758/1000(76%)
Task: 0,	 Epoch: -1/80,	 Avg.loss: 0.0008,	 Accuracy: 849/1000(85%)
Trained Task:4, Loaded task:0, Accuracy:84.9%
Task: 1,	 Epoch: -1/80,	 Avg.loss: 0.0008,	 Accuracy: 715/1000(72%)
Trained Task:4, Loaded task:1, Accuracy:71.5%
Task: 2,	 Epoch: -1/80,	 Avg.loss: 0.0008,	 Accuracy: 775/1000(78%)
Trained Task:4, Loaded task:2, Accuracy:77.5%
Task: 3,	 Epoch: -1/80,	 Avg.loss: 0.0008,	 Accuracy: 775/1000(78%)
Trained Task:4, Loaded task:3, Accuracy:77.5%
Task: 4,	 Epoch: -1/80,	 Avg.loss: 0.0008,	 Accuracy: 758/1000(76%)
Trained Task:4, Loaded task:4, Accuracy:75.8%
Trained Task:4, Avg. Accuracy: 77.4 

Layer        : conv1_layer.2.weight
Sum Omega    : 784.220703125
Max Fisher   : 1.0
Max Omega    : 1.0
Max Relevance: 2.06722092628479
Mask active  : 8192.0/8192

Layer        : conv2_layer.2.weight
Sum Omega    : 1863.68408203125
Max Fisher   : 1.0
Max Omega    : 1.0
Max Relevance: 3.014744520187378
Mask active  : 2048.0/4096

Layer        : fc1_layer.0.weight
Sum Omega    : 39429.6796875
Max Fisher   : 1.0
Max Omega    : 1.0
Max Relevance: 3.2964208126068115
Mask active  : 512.0/512

Mask histogram conv1_layer.2.weight: 	 tensor([   0.,    0.,    0.,    0.,    0.,    0., 8192.,    0.,    0.,    0.],
       device='cuda:0')
Mask histogram conv2_layer.2.weight: 	 tensor([1472.,    0.,  128.,  320.,  576.,  832.,  768.,    0.,    0.,    0.],
       device='cuda:0')
Mask histogram fc1_layer.0.weight: 	 tensor([  0.,   0.,   0.,   0.,   0.,   0., 512.,   0.,   0.,   0.],
       device='cuda:0')
Task: 5,	 Epoch: 0/80,	 Avg.loss: 0.0013,	 Accuracy: 602/1000(60%)
Task: 5,	 Epoch: 1/80,	 Avg.loss: 0.0010,	 Accuracy: 670/1000(67%)
Task: 5,	 Epoch: 2/80,	 Avg.loss: 0.0010,	 Accuracy: 653/1000(65%)
Task: 5,	 Epoch: 3/80,	 Avg.loss: 0.0009,	 Accuracy: 700/1000(70%)
Task: 5,	 Epoch: 4/80,	 Avg.loss: 0.0009,	 Accuracy: 686/1000(69%)
Task: 5,	 Epoch: 5/80,	 Avg.loss: 0.0008,	 Accuracy: 707/1000(71%)
Task: 5,	 Epoch: 6/80,	 Avg.loss: 0.0008,	 Accuracy: 723/1000(72%)
Task: 5,	 Epoch: 7/80,	 Avg.loss: 0.0008,	 Accuracy: 710/1000(71%)
Task: 5,	 Epoch: 8/80,	 Avg.loss: 0.0009,	 Accuracy: 697/1000(70%)
Task: 5,	 Epoch: 9/80,	 Avg.loss: 0.0009,	 Accuracy: 700/1000(70%)
Task: 5,	 Epoch: 10/80,	 Avg.loss: 0.0009,	 Accuracy: 703/1000(70%)
Task: 5,	 Epoch: 11/80,	 Avg.loss: 0.0008,	 Accuracy: 707/1000(71%)
Task: 5,	 Epoch: 12/80,	 Avg.loss: 0.0008,	 Accuracy: 710/1000(71%)
Task: 5,	 Epoch: 13/80,	 Avg.loss: 0.0008,	 Accuracy: 716/1000(72%)
Task: 5,	 Epoch: 14/80,	 Avg.loss: 0.0008,	 Accuracy: 726/1000(73%)
Task: 5,	 Epoch: 15/80,	 Avg.loss: 0.0008,	 Accuracy: 716/1000(72%)
Task: 5,	 Epoch: 16/80,	 Avg.loss: 0.0008,	 Accuracy: 715/1000(72%)
Task: 5,	 Epoch: 17/80,	 Avg.loss: 0.0008,	 Accuracy: 707/1000(71%)
Task: 5,	 Epoch: 18/80,	 Avg.loss: 0.0008,	 Accuracy: 727/1000(73%)
Task: 5,	 Epoch: 19/80,	 Avg.loss: 0.0008,	 Accuracy: 740/1000(74%)
Task: 5,	 Epoch: 20/80,	 Avg.loss: 0.0008,	 Accuracy: 732/1000(73%)
Task: 5,	 Epoch: 21/80,	 Avg.loss: 0.0008,	 Accuracy: 724/1000(72%)
Task: 5,	 Epoch: 22/80,	 Avg.loss: 0.0008,	 Accuracy: 730/1000(73%)
Task: 5,	 Epoch: 23/80,	 Avg.loss: 0.0008,	 Accuracy: 733/1000(73%)
Task: 5,	 Epoch: 24/80,	 Avg.loss: 0.0008,	 Accuracy: 728/1000(73%)
Task: 5,	 Epoch: 25/80,	 Avg.loss: 0.0008,	 Accuracy: 706/1000(71%)
Task: 5,	 Epoch: 26/80,	 Avg.loss: 0.0008,	 Accuracy: 724/1000(72%)
Task: 5,	 Epoch: 27/80,	 Avg.loss: 0.0008,	 Accuracy: 735/1000(74%)
Task: 5,	 Epoch: 28/80,	 Avg.loss: 0.0008,	 Accuracy: 730/1000(73%)
Task: 5,	 Epoch: 29/80,	 Avg.loss: 0.0008,	 Accuracy: 719/1000(72%)
Task: 5,	 Epoch: 30/80,	 Avg.loss: 0.0008,	 Accuracy: 752/1000(75%)
Task: 5,	 Epoch: 31/80,	 Avg.loss: 0.0008,	 Accuracy: 720/1000(72%)
Task: 5,	 Epoch: 32/80,	 Avg.loss: 0.0008,	 Accuracy: 731/1000(73%)
Task: 5,	 Epoch: 33/80,	 Avg.loss: 0.0008,	 Accuracy: 749/1000(75%)
Task: 5,	 Epoch: 34/80,	 Avg.loss: 0.0008,	 Accuracy: 731/1000(73%)
Task: 5,	 Epoch: 35/80,	 Avg.loss: 0.0008,	 Accuracy: 721/1000(72%)
Task: 5,	 Epoch: 36/80,	 Avg.loss: 0.0008,	 Accuracy: 731/1000(73%)
Task: 5,	 Epoch: 37/80,	 Avg.loss: 0.0008,	 Accuracy: 742/1000(74%)
Task: 5,	 Epoch: 38/80,	 Avg.loss: 0.0008,	 Accuracy: 726/1000(73%)
Task: 5,	 Epoch: 39/80,	 Avg.loss: 0.0008,	 Accuracy: 711/1000(71%)
Task: 5,	 Epoch: 40/80,	 Avg.loss: 0.0008,	 Accuracy: 731/1000(73%)
Task: 5,	 Epoch: 41/80,	 Avg.loss: 0.0008,	 Accuracy: 725/1000(72%)
Task: 5,	 Epoch: 42/80,	 Avg.loss: 0.0008,	 Accuracy: 717/1000(72%)
Task: 5,	 Epoch: 43/80,	 Avg.loss: 0.0008,	 Accuracy: 721/1000(72%)
Task: 5,	 Epoch: 44/80,	 Avg.loss: 0.0008,	 Accuracy: 735/1000(74%)
Task: 5,	 Epoch: 45/80,	 Avg.loss: 0.0008,	 Accuracy: 736/1000(74%)
Task: 5,	 Epoch: 46/80,	 Avg.loss: 0.0008,	 Accuracy: 732/1000(73%)
Task: 5,	 Epoch: 47/80,	 Avg.loss: 0.0008,	 Accuracy: 738/1000(74%)
Task: 5,	 Epoch: 48/80,	 Avg.loss: 0.0008,	 Accuracy: 733/1000(73%)
Task: 5,	 Epoch: 49/80,	 Avg.loss: 0.0008,	 Accuracy: 733/1000(73%)
Task: 5,	 Epoch: 50/80,	 Avg.loss: 0.0008,	 Accuracy: 746/1000(75%)
Task: 5,	 Epoch: 51/80,	 Avg.loss: 0.0007,	 Accuracy: 741/1000(74%)
Task: 5,	 Epoch: 52/80,	 Avg.loss: 0.0007,	 Accuracy: 742/1000(74%)
Task: 5,	 Epoch: 53/80,	 Avg.loss: 0.0007,	 Accuracy: 745/1000(74%)
Task: 5,	 Epoch: 54/80,	 Avg.loss: 0.0008,	 Accuracy: 747/1000(75%)
Task: 5,	 Epoch: 55/80,	 Avg.loss: 0.0007,	 Accuracy: 743/1000(74%)
Task: 5,	 Epoch: 56/80,	 Avg.loss: 0.0007,	 Accuracy: 741/1000(74%)
Task: 5,	 Epoch: 57/80,	 Avg.loss: 0.0007,	 Accuracy: 747/1000(75%)
Task: 5,	 Epoch: 58/80,	 Avg.loss: 0.0008,	 Accuracy: 742/1000(74%)
Task: 5,	 Epoch: 59/80,	 Avg.loss: 0.0008,	 Accuracy: 748/1000(75%)
Task: 5,	 Epoch: 60/80,	 Avg.loss: 0.0008,	 Accuracy: 742/1000(74%)
Task: 5,	 Epoch: 61/80,	 Avg.loss: 0.0007,	 Accuracy: 743/1000(74%)
Task: 5,	 Epoch: 62/80,	 Avg.loss: 0.0007,	 Accuracy: 740/1000(74%)
Task: 5,	 Epoch: 63/80,	 Avg.loss: 0.0008,	 Accuracy: 736/1000(74%)
Task: 5,	 Epoch: 64/80,	 Avg.loss: 0.0007,	 Accuracy: 752/1000(75%)
Task: 5,	 Epoch: 65/80,	 Avg.loss: 0.0007,	 Accuracy: 750/1000(75%)
Task: 5,	 Epoch: 66/80,	 Avg.loss: 0.0007,	 Accuracy: 751/1000(75%)
Task: 5,	 Epoch: 67/80,	 Avg.loss: 0.0007,	 Accuracy: 747/1000(75%)
Task: 5,	 Epoch: 68/80,	 Avg.loss: 0.0007,	 Accuracy: 745/1000(74%)
Task: 5,	 Epoch: 69/80,	 Avg.loss: 0.0007,	 Accuracy: 748/1000(75%)
Task: 5,	 Epoch: 70/80,	 Avg.loss: 0.0007,	 Accuracy: 750/1000(75%)
Task: 5,	 Epoch: 71/80,	 Avg.loss: 0.0007,	 Accuracy: 752/1000(75%)
Task: 5,	 Epoch: 72/80,	 Avg.loss: 0.0008,	 Accuracy: 739/1000(74%)
Task: 5,	 Epoch: 73/80,	 Avg.loss: 0.0007,	 Accuracy: 740/1000(74%)
Task: 5,	 Epoch: 74/80,	 Avg.loss: 0.0007,	 Accuracy: 751/1000(75%)
Task: 5,	 Epoch: 75/80,	 Avg.loss: 0.0007,	 Accuracy: 749/1000(75%)
Task: 5,	 Epoch: 76/80,	 Avg.loss: 0.0007,	 Accuracy: 750/1000(75%)
Task: 5,	 Epoch: 77/80,	 Avg.loss: 0.0007,	 Accuracy: 756/1000(76%)
Task: 5,	 Epoch: 78/80,	 Avg.loss: 0.0007,	 Accuracy: 743/1000(74%)
Task: 5,	 Epoch: 79/80,	 Avg.loss: 0.0007,	 Accuracy: 752/1000(75%)
Task: 0,	 Epoch: -1/80,	 Avg.loss: 0.0008,	 Accuracy: 852/1000(85%)
Trained Task:5, Loaded task:0, Accuracy:85.2%
Task: 1,	 Epoch: -1/80,	 Avg.loss: 0.0009,	 Accuracy: 721/1000(72%)
Trained Task:5, Loaded task:1, Accuracy:72.1%
Task: 2,	 Epoch: -1/80,	 Avg.loss: 0.0008,	 Accuracy: 764/1000(76%)
Trained Task:5, Loaded task:2, Accuracy:76.4%
Task: 3,	 Epoch: -1/80,	 Avg.loss: 0.0009,	 Accuracy: 775/1000(78%)
Trained Task:5, Loaded task:3, Accuracy:77.5%
Task: 4,	 Epoch: -1/80,	 Avg.loss: 0.0008,	 Accuracy: 761/1000(76%)
Trained Task:5, Loaded task:4, Accuracy:76.1%
Task: 5,	 Epoch: -1/80,	 Avg.loss: 0.0007,	 Accuracy: 752/1000(75%)
Trained Task:5, Loaded task:5, Accuracy:75.2%
Trained Task:5, Avg. Accuracy: 77.1 

Layer        : conv1_layer.2.weight
Sum Omega    : 799.3414306640625
Max Fisher   : 1.0
Max Omega    : 1.0
Max Relevance: 1.9257687330245972
Mask active  : 8192.0/8192

Layer        : conv2_layer.2.weight
Sum Omega    : 1883.564208984375
Max Fisher   : 1.0
Max Omega    : 1.0
Max Relevance: 2.321117877960205
Mask active  : 2048.0/4096

Layer        : fc1_layer.0.weight
Sum Omega    : 46881.93359375
Max Fisher   : 1.0
Max Omega    : 1.0
Max Relevance: 2.6382672786712646
Mask active  : 512.0/512

Mask histogram conv1_layer.2.weight: 	 tensor([   0.,    0.,    0.,    0.,    0.,    0.,    0., 8192.,    0.,    0.],
       device='cuda:0')
Mask histogram conv2_layer.2.weight: 	 tensor([1472.,    0.,    0.,  128.,  576.,  448.,  896.,  576.,    0.,    0.],
       device='cuda:0')
Mask histogram fc1_layer.0.weight: 	 tensor([  0.,   0.,   0.,   0.,   0.,   0.,   0., 512.,   0.,   0.],
       device='cuda:0')
Task: 6,	 Epoch: 0/80,	 Avg.loss: 0.0012,	 Accuracy: 619/1000(62%)
Task: 6,	 Epoch: 1/80,	 Avg.loss: 0.0011,	 Accuracy: 656/1000(66%)
Task: 6,	 Epoch: 2/80,	 Avg.loss: 0.0009,	 Accuracy: 665/1000(66%)
Task: 6,	 Epoch: 3/80,	 Avg.loss: 0.0009,	 Accuracy: 688/1000(69%)
Task: 6,	 Epoch: 4/80,	 Avg.loss: 0.0009,	 Accuracy: 720/1000(72%)
Task: 6,	 Epoch: 5/80,	 Avg.loss: 0.0009,	 Accuracy: 689/1000(69%)
Task: 6,	 Epoch: 6/80,	 Avg.loss: 0.0008,	 Accuracy: 712/1000(71%)
Task: 6,	 Epoch: 7/80,	 Avg.loss: 0.0008,	 Accuracy: 703/1000(70%)
Task: 6,	 Epoch: 8/80,	 Avg.loss: 0.0008,	 Accuracy: 722/1000(72%)
Task: 6,	 Epoch: 9/80,	 Avg.loss: 0.0008,	 Accuracy: 713/1000(71%)
Task: 6,	 Epoch: 10/80,	 Avg.loss: 0.0008,	 Accuracy: 722/1000(72%)
Task: 6,	 Epoch: 11/80,	 Avg.loss: 0.0009,	 Accuracy: 705/1000(70%)
Task: 6,	 Epoch: 12/80,	 Avg.loss: 0.0008,	 Accuracy: 732/1000(73%)
Task: 6,	 Epoch: 13/80,	 Avg.loss: 0.0008,	 Accuracy: 719/1000(72%)
Task: 6,	 Epoch: 14/80,	 Avg.loss: 0.0008,	 Accuracy: 715/1000(72%)
Task: 6,	 Epoch: 15/80,	 Avg.loss: 0.0008,	 Accuracy: 723/1000(72%)
Task: 6,	 Epoch: 16/80,	 Avg.loss: 0.0008,	 Accuracy: 709/1000(71%)
Task: 6,	 Epoch: 17/80,	 Avg.loss: 0.0008,	 Accuracy: 728/1000(73%)
Task: 6,	 Epoch: 18/80,	 Avg.loss: 0.0008,	 Accuracy: 723/1000(72%)
Task: 6,	 Epoch: 19/80,	 Avg.loss: 0.0008,	 Accuracy: 703/1000(70%)
Task: 6,	 Epoch: 20/80,	 Avg.loss: 0.0008,	 Accuracy: 722/1000(72%)
Task: 6,	 Epoch: 21/80,	 Avg.loss: 0.0008,	 Accuracy: 722/1000(72%)
Task: 6,	 Epoch: 22/80,	 Avg.loss: 0.0008,	 Accuracy: 734/1000(73%)
Task: 6,	 Epoch: 23/80,	 Avg.loss: 0.0008,	 Accuracy: 717/1000(72%)
Task: 6,	 Epoch: 24/80,	 Avg.loss: 0.0008,	 Accuracy: 722/1000(72%)
Task: 6,	 Epoch: 25/80,	 Avg.loss: 0.0008,	 Accuracy: 715/1000(72%)
Task: 6,	 Epoch: 26/80,	 Avg.loss: 0.0008,	 Accuracy: 729/1000(73%)
Task: 6,	 Epoch: 27/80,	 Avg.loss: 0.0008,	 Accuracy: 717/1000(72%)
Task: 6,	 Epoch: 28/80,	 Avg.loss: 0.0008,	 Accuracy: 722/1000(72%)
Task: 6,	 Epoch: 29/80,	 Avg.loss: 0.0008,	 Accuracy: 727/1000(73%)
Task: 6,	 Epoch: 30/80,	 Avg.loss: 0.0008,	 Accuracy: 726/1000(73%)
Task: 6,	 Epoch: 31/80,	 Avg.loss: 0.0008,	 Accuracy: 716/1000(72%)
Task: 6,	 Epoch: 32/80,	 Avg.loss: 0.0008,	 Accuracy: 710/1000(71%)
Task: 6,	 Epoch: 33/80,	 Avg.loss: 0.0008,	 Accuracy: 720/1000(72%)
Task: 6,	 Epoch: 34/80,	 Avg.loss: 0.0008,	 Accuracy: 725/1000(72%)
Task: 6,	 Epoch: 35/80,	 Avg.loss: 0.0008,	 Accuracy: 716/1000(72%)
Task: 6,	 Epoch: 36/80,	 Avg.loss: 0.0008,	 Accuracy: 719/1000(72%)
Task: 6,	 Epoch: 37/80,	 Avg.loss: 0.0008,	 Accuracy: 714/1000(71%)
Task: 6,	 Epoch: 38/80,	 Avg.loss: 0.0008,	 Accuracy: 719/1000(72%)
Task: 6,	 Epoch: 39/80,	 Avg.loss: 0.0009,	 Accuracy: 726/1000(73%)
Task: 6,	 Epoch: 40/80,	 Avg.loss: 0.0008,	 Accuracy: 713/1000(71%)
Task: 6,	 Epoch: 41/80,	 Avg.loss: 0.0008,	 Accuracy: 727/1000(73%)
Task: 6,	 Epoch: 42/80,	 Avg.loss: 0.0008,	 Accuracy: 729/1000(73%)
Task: 6,	 Epoch: 43/80,	 Avg.loss: 0.0008,	 Accuracy: 734/1000(73%)
Task: 6,	 Epoch: 44/80,	 Avg.loss: 0.0008,	 Accuracy: 719/1000(72%)
Task: 6,	 Epoch: 45/80,	 Avg.loss: 0.0008,	 Accuracy: 734/1000(73%)
Task: 6,	 Epoch: 46/80,	 Avg.loss: 0.0008,	 Accuracy: 725/1000(72%)
Task: 6,	 Epoch: 47/80,	 Avg.loss: 0.0008,	 Accuracy: 732/1000(73%)
Task: 6,	 Epoch: 48/80,	 Avg.loss: 0.0008,	 Accuracy: 727/1000(73%)
Task: 6,	 Epoch: 49/80,	 Avg.loss: 0.0008,	 Accuracy: 733/1000(73%)
Task: 6,	 Epoch: 50/80,	 Avg.loss: 0.0008,	 Accuracy: 733/1000(73%)
Task: 6,	 Epoch: 51/80,	 Avg.loss: 0.0008,	 Accuracy: 728/1000(73%)
Task: 6,	 Epoch: 52/80,	 Avg.loss: 0.0008,	 Accuracy: 743/1000(74%)
Task: 6,	 Epoch: 53/80,	 Avg.loss: 0.0008,	 Accuracy: 738/1000(74%)
Task: 6,	 Epoch: 54/80,	 Avg.loss: 0.0008,	 Accuracy: 738/1000(74%)
Task: 6,	 Epoch: 55/80,	 Avg.loss: 0.0008,	 Accuracy: 742/1000(74%)
Task: 6,	 Epoch: 56/80,	 Avg.loss: 0.0008,	 Accuracy: 739/1000(74%)
Task: 6,	 Epoch: 57/80,	 Avg.loss: 0.0008,	 Accuracy: 737/1000(74%)
Task: 6,	 Epoch: 58/80,	 Avg.loss: 0.0008,	 Accuracy: 747/1000(75%)
Task: 6,	 Epoch: 59/80,	 Avg.loss: 0.0008,	 Accuracy: 739/1000(74%)
Task: 6,	 Epoch: 60/80,	 Avg.loss: 0.0008,	 Accuracy: 744/1000(74%)
Task: 6,	 Epoch: 61/80,	 Avg.loss: 0.0008,	 Accuracy: 741/1000(74%)
Task: 6,	 Epoch: 62/80,	 Avg.loss: 0.0008,	 Accuracy: 740/1000(74%)
Task: 6,	 Epoch: 63/80,	 Avg.loss: 0.0008,	 Accuracy: 739/1000(74%)
Task: 6,	 Epoch: 64/80,	 Avg.loss: 0.0008,	 Accuracy: 740/1000(74%)
Task: 6,	 Epoch: 65/80,	 Avg.loss: 0.0007,	 Accuracy: 744/1000(74%)
Task: 6,	 Epoch: 66/80,	 Avg.loss: 0.0007,	 Accuracy: 744/1000(74%)
Task: 6,	 Epoch: 67/80,	 Avg.loss: 0.0007,	 Accuracy: 739/1000(74%)
Task: 6,	 Epoch: 68/80,	 Avg.loss: 0.0007,	 Accuracy: 741/1000(74%)
Task: 6,	 Epoch: 69/80,	 Avg.loss: 0.0007,	 Accuracy: 740/1000(74%)
Task: 6,	 Epoch: 70/80,	 Avg.loss: 0.0008,	 Accuracy: 740/1000(74%)
Task: 6,	 Epoch: 71/80,	 Avg.loss: 0.0007,	 Accuracy: 740/1000(74%)
Task: 6,	 Epoch: 72/80,	 Avg.loss: 0.0007,	 Accuracy: 743/1000(74%)
Task: 6,	 Epoch: 73/80,	 Avg.loss: 0.0007,	 Accuracy: 743/1000(74%)
Task: 6,	 Epoch: 74/80,	 Avg.loss: 0.0007,	 Accuracy: 740/1000(74%)
Task: 6,	 Epoch: 75/80,	 Avg.loss: 0.0007,	 Accuracy: 740/1000(74%)
Task: 6,	 Epoch: 76/80,	 Avg.loss: 0.0007,	 Accuracy: 743/1000(74%)
Task: 6,	 Epoch: 77/80,	 Avg.loss: 0.0007,	 Accuracy: 746/1000(75%)
Task: 6,	 Epoch: 78/80,	 Avg.loss: 0.0008,	 Accuracy: 742/1000(74%)
Task: 6,	 Epoch: 79/80,	 Avg.loss: 0.0008,	 Accuracy: 740/1000(74%)
Task: 0,	 Epoch: -1/80,	 Avg.loss: 0.0009,	 Accuracy: 845/1000(85%)
Trained Task:6, Loaded task:0, Accuracy:84.5%
Task: 1,	 Epoch: -1/80,	 Avg.loss: 0.0010,	 Accuracy: 703/1000(70%)
Trained Task:6, Loaded task:1, Accuracy:70.3%
Task: 2,	 Epoch: -1/80,	 Avg.loss: 0.0009,	 Accuracy: 766/1000(77%)
Trained Task:6, Loaded task:2, Accuracy:76.6%
Task: 3,	 Epoch: -1/80,	 Avg.loss: 0.0010,	 Accuracy: 768/1000(77%)
Trained Task:6, Loaded task:3, Accuracy:76.8%
Task: 4,	 Epoch: -1/80,	 Avg.loss: 0.0008,	 Accuracy: 752/1000(75%)
Trained Task:6, Loaded task:4, Accuracy:75.2%
Task: 5,	 Epoch: -1/80,	 Avg.loss: 0.0008,	 Accuracy: 730/1000(73%)
Trained Task:6, Loaded task:5, Accuracy:73.0%
Task: 6,	 Epoch: -1/80,	 Avg.loss: 0.0008,	 Accuracy: 740/1000(74%)
Trained Task:6, Loaded task:6, Accuracy:74.0%
Trained Task:6, Avg. Accuracy: 75.8 

Layer        : conv1_layer.2.weight
Sum Omega    : 818.257080078125
Max Fisher   : 1.0
Max Omega    : 1.0
Max Relevance: 1.9339959621429443
Mask active  : 8192.0/8192

Layer        : conv2_layer.2.weight
Sum Omega    : 1852.236572265625
Max Fisher   : 1.0
Max Omega    : 1.0
Max Relevance: 3.0678529739379883
Mask active  : 2048.0/4096

Layer        : fc1_layer.0.weight
Sum Omega    : 48653.62109375
Max Fisher   : 1.0
Max Omega    : 1.0
Max Relevance: 2.0568344593048096
Mask active  : 512.0/512

Mask histogram conv1_layer.2.weight: 	 tensor([   0.,    0.,    0.,    0.,    0.,    0.,    0.,    0., 8192.,    0.],
       device='cuda:0')
Mask histogram conv2_layer.2.weight: 	 tensor([1472.,    0.,    0.,    0.,  320.,  512.,  576.,  640.,  576.,    0.],
       device='cuda:0')
Mask histogram fc1_layer.0.weight: 	 tensor([  0.,   0.,   0.,   0.,   0.,   0.,   0.,   0., 512.,   0.],
       device='cuda:0')
Task: 7,	 Epoch: 0/80,	 Avg.loss: 0.0013,	 Accuracy: 596/1000(60%)
Task: 7,	 Epoch: 1/80,	 Avg.loss: 0.0011,	 Accuracy: 637/1000(64%)
Task: 7,	 Epoch: 2/80,	 Avg.loss: 0.0011,	 Accuracy: 648/1000(65%)
Task: 7,	 Epoch: 3/80,	 Avg.loss: 0.0010,	 Accuracy: 660/1000(66%)
Task: 7,	 Epoch: 4/80,	 Avg.loss: 0.0010,	 Accuracy: 668/1000(67%)
Task: 7,	 Epoch: 5/80,	 Avg.loss: 0.0010,	 Accuracy: 661/1000(66%)
Task: 7,	 Epoch: 6/80,	 Avg.loss: 0.0010,	 Accuracy: 663/1000(66%)
Task: 7,	 Epoch: 7/80,	 Avg.loss: 0.0010,	 Accuracy: 681/1000(68%)
Task: 7,	 Epoch: 8/80,	 Avg.loss: 0.0010,	 Accuracy: 672/1000(67%)
Task: 7,	 Epoch: 9/80,	 Avg.loss: 0.0010,	 Accuracy: 656/1000(66%)
Task: 7,	 Epoch: 10/80,	 Avg.loss: 0.0009,	 Accuracy: 684/1000(68%)
Task: 7,	 Epoch: 11/80,	 Avg.loss: 0.0010,	 Accuracy: 669/1000(67%)
Task: 7,	 Epoch: 12/80,	 Avg.loss: 0.0009,	 Accuracy: 695/1000(70%)
Task: 7,	 Epoch: 13/80,	 Avg.loss: 0.0010,	 Accuracy: 684/1000(68%)
Task: 7,	 Epoch: 14/80,	 Avg.loss: 0.0010,	 Accuracy: 680/1000(68%)
Task: 7,	 Epoch: 15/80,	 Avg.loss: 0.0009,	 Accuracy: 690/1000(69%)
Task: 7,	 Epoch: 16/80,	 Avg.loss: 0.0009,	 Accuracy: 687/1000(69%)
Task: 7,	 Epoch: 17/80,	 Avg.loss: 0.0010,	 Accuracy: 689/1000(69%)
Task: 7,	 Epoch: 18/80,	 Avg.loss: 0.0009,	 Accuracy: 693/1000(69%)
Task: 7,	 Epoch: 19/80,	 Avg.loss: 0.0009,	 Accuracy: 700/1000(70%)
Task: 7,	 Epoch: 20/80,	 Avg.loss: 0.0009,	 Accuracy: 700/1000(70%)
Task: 7,	 Epoch: 21/80,	 Avg.loss: 0.0009,	 Accuracy: 672/1000(67%)
Task: 7,	 Epoch: 22/80,	 Avg.loss: 0.0010,	 Accuracy: 677/1000(68%)
Task: 7,	 Epoch: 23/80,	 Avg.loss: 0.0009,	 Accuracy: 676/1000(68%)
Task: 7,	 Epoch: 24/80,	 Avg.loss: 0.0009,	 Accuracy: 685/1000(68%)
Task: 7,	 Epoch: 25/80,	 Avg.loss: 0.0009,	 Accuracy: 689/1000(69%)
Task: 7,	 Epoch: 26/80,	 Avg.loss: 0.0010,	 Accuracy: 681/1000(68%)
Task: 7,	 Epoch: 27/80,	 Avg.loss: 0.0010,	 Accuracy: 690/1000(69%)
Task: 7,	 Epoch: 28/80,	 Avg.loss: 0.0009,	 Accuracy: 690/1000(69%)
Task: 7,	 Epoch: 29/80,	 Avg.loss: 0.0009,	 Accuracy: 697/1000(70%)
Task: 7,	 Epoch: 30/80,	 Avg.loss: 0.0010,	 Accuracy: 685/1000(68%)
Task: 7,	 Epoch: 31/80,	 Avg.loss: 0.0010,	 Accuracy: 677/1000(68%)
Task: 7,	 Epoch: 32/80,	 Avg.loss: 0.0009,	 Accuracy: 688/1000(69%)
Task: 7,	 Epoch: 33/80,	 Avg.loss: 0.0010,	 Accuracy: 683/1000(68%)
Task: 7,	 Epoch: 34/80,	 Avg.loss: 0.0009,	 Accuracy: 692/1000(69%)
Task: 7,	 Epoch: 35/80,	 Avg.loss: 0.0010,	 Accuracy: 674/1000(67%)
Task: 7,	 Epoch: 36/80,	 Avg.loss: 0.0010,	 Accuracy: 672/1000(67%)
Task: 7,	 Epoch: 37/80,	 Avg.loss: 0.0010,	 Accuracy: 689/1000(69%)
Task: 7,	 Epoch: 38/80,	 Avg.loss: 0.0010,	 Accuracy: 679/1000(68%)
Task: 7,	 Epoch: 39/80,	 Avg.loss: 0.0009,	 Accuracy: 685/1000(68%)
Task: 7,	 Epoch: 40/80,	 Avg.loss: 0.0009,	 Accuracy: 692/1000(69%)
Task: 7,	 Epoch: 41/80,	 Avg.loss: 0.0009,	 Accuracy: 675/1000(68%)
Task: 7,	 Epoch: 42/80,	 Avg.loss: 0.0009,	 Accuracy: 689/1000(69%)
Task: 7,	 Epoch: 43/80,	 Avg.loss: 0.0009,	 Accuracy: 697/1000(70%)
Task: 7,	 Epoch: 44/80,	 Avg.loss: 0.0009,	 Accuracy: 681/1000(68%)
Task: 7,	 Epoch: 45/80,	 Avg.loss: 0.0010,	 Accuracy: 682/1000(68%)
Task: 7,	 Epoch: 46/80,	 Avg.loss: 0.0010,	 Accuracy: 686/1000(69%)
Task: 7,	 Epoch: 47/80,	 Avg.loss: 0.0009,	 Accuracy: 675/1000(68%)
Task: 7,	 Epoch: 48/80,	 Avg.loss: 0.0009,	 Accuracy: 683/1000(68%)
Task: 7,	 Epoch: 49/80,	 Avg.loss: 0.0009,	 Accuracy: 703/1000(70%)
Task: 7,	 Epoch: 50/80,	 Avg.loss: 0.0009,	 Accuracy: 703/1000(70%)
Task: 7,	 Epoch: 51/80,	 Avg.loss: 0.0009,	 Accuracy: 704/1000(70%)
Task: 7,	 Epoch: 52/80,	 Avg.loss: 0.0009,	 Accuracy: 697/1000(70%)
Task: 7,	 Epoch: 53/80,	 Avg.loss: 0.0009,	 Accuracy: 700/1000(70%)
Task: 7,	 Epoch: 54/80,	 Avg.loss: 0.0009,	 Accuracy: 702/1000(70%)
Task: 7,	 Epoch: 55/80,	 Avg.loss: 0.0009,	 Accuracy: 695/1000(70%)
Task: 7,	 Epoch: 56/80,	 Avg.loss: 0.0009,	 Accuracy: 697/1000(70%)
Task: 7,	 Epoch: 57/80,	 Avg.loss: 0.0009,	 Accuracy: 702/1000(70%)
Task: 7,	 Epoch: 58/80,	 Avg.loss: 0.0009,	 Accuracy: 693/1000(69%)
Task: 7,	 Epoch: 59/80,	 Avg.loss: 0.0009,	 Accuracy: 700/1000(70%)
Task: 7,	 Epoch: 60/80,	 Avg.loss: 0.0009,	 Accuracy: 702/1000(70%)
Task: 7,	 Epoch: 61/80,	 Avg.loss: 0.0009,	 Accuracy: 699/1000(70%)
Task: 7,	 Epoch: 62/80,	 Avg.loss: 0.0009,	 Accuracy: 689/1000(69%)
Task: 7,	 Epoch: 63/80,	 Avg.loss: 0.0009,	 Accuracy: 703/1000(70%)
Task: 7,	 Epoch: 64/80,	 Avg.loss: 0.0009,	 Accuracy: 697/1000(70%)
Task: 7,	 Epoch: 65/80,	 Avg.loss: 0.0009,	 Accuracy: 693/1000(69%)
Task: 7,	 Epoch: 66/80,	 Avg.loss: 0.0009,	 Accuracy: 697/1000(70%)
Task: 7,	 Epoch: 67/80,	 Avg.loss: 0.0009,	 Accuracy: 694/1000(69%)
Task: 7,	 Epoch: 68/80,	 Avg.loss: 0.0009,	 Accuracy: 700/1000(70%)
Task: 7,	 Epoch: 69/80,	 Avg.loss: 0.0009,	 Accuracy: 696/1000(70%)
Task: 7,	 Epoch: 70/80,	 Avg.loss: 0.0009,	 Accuracy: 700/1000(70%)
Task: 7,	 Epoch: 71/80,	 Avg.loss: 0.0009,	 Accuracy: 702/1000(70%)
Task: 7,	 Epoch: 72/80,	 Avg.loss: 0.0009,	 Accuracy: 703/1000(70%)
Task: 7,	 Epoch: 73/80,	 Avg.loss: 0.0009,	 Accuracy: 701/1000(70%)
Task: 7,	 Epoch: 74/80,	 Avg.loss: 0.0009,	 Accuracy: 702/1000(70%)
Task: 7,	 Epoch: 75/80,	 Avg.loss: 0.0009,	 Accuracy: 704/1000(70%)
Task: 7,	 Epoch: 76/80,	 Avg.loss: 0.0009,	 Accuracy: 699/1000(70%)
Task: 7,	 Epoch: 77/80,	 Avg.loss: 0.0009,	 Accuracy: 693/1000(69%)
Task: 7,	 Epoch: 78/80,	 Avg.loss: 0.0009,	 Accuracy: 701/1000(70%)
Task: 7,	 Epoch: 79/80,	 Avg.loss: 0.0009,	 Accuracy: 705/1000(70%)
Task: 0,	 Epoch: -1/80,	 Avg.loss: 0.0009,	 Accuracy: 844/1000(84%)
Trained Task:7, Loaded task:0, Accuracy:84.4%
Task: 1,	 Epoch: -1/80,	 Avg.loss: 0.0010,	 Accuracy: 703/1000(70%)
Trained Task:7, Loaded task:1, Accuracy:70.3%
Task: 2,	 Epoch: -1/80,	 Avg.loss: 0.0009,	 Accuracy: 770/1000(77%)
Trained Task:7, Loaded task:2, Accuracy:77.0%
Task: 3,	 Epoch: -1/80,	 Avg.loss: 0.0010,	 Accuracy: 772/1000(77%)
Trained Task:7, Loaded task:3, Accuracy:77.2%
Task: 4,	 Epoch: -1/80,	 Avg.loss: 0.0008,	 Accuracy: 754/1000(75%)
Trained Task:7, Loaded task:4, Accuracy:75.4%
Task: 5,	 Epoch: -1/80,	 Avg.loss: 0.0008,	 Accuracy: 719/1000(72%)
Trained Task:7, Loaded task:5, Accuracy:71.9%
Task: 6,	 Epoch: -1/80,	 Avg.loss: 0.0008,	 Accuracy: 735/1000(74%)
Trained Task:7, Loaded task:6, Accuracy:73.5%
Task: 7,	 Epoch: -1/80,	 Avg.loss: 0.0009,	 Accuracy: 705/1000(70%)
Trained Task:7, Loaded task:7, Accuracy:70.5%
Trained Task:7, Avg. Accuracy: 75.0 

Layer        : conv1_layer.2.weight
Sum Omega    : 846.8450927734375
Max Fisher   : 1.0
Max Omega    : 1.0
Max Relevance: 1.942171335220337
Mask active  : 8192.0/8192

Layer        : conv2_layer.2.weight
Sum Omega    : 1882.6357421875
Max Fisher   : 1.0
Max Omega    : 1.0
Max Relevance: 2.8085219860076904
Mask active  : 2048.0/4096

Layer        : fc1_layer.0.weight
Sum Omega    : 42354.6953125
Max Fisher   : 1.0
Max Omega    : 1.0
Max Relevance: 2.801948070526123
Mask active  : 512.0/512

Mask histogram conv1_layer.2.weight: 	 tensor([   0.,    0.,    0.,    0.,    0.,    0.,    0.,    0.,    0., 8192.],
       device='cuda:0')
Mask histogram conv2_layer.2.weight: 	 tensor([1472.,    0.,    0.,    0.,  128.,  320.,  448.,  704.,  512.,  512.],
       device='cuda:0')
Mask histogram fc1_layer.0.weight: 	 tensor([  0.,   0.,   0.,   0.,   0.,   0.,   0.,   0.,   0., 512.],
       device='cuda:0')
Task: 8,	 Epoch: 0/80,	 Avg.loss: 0.0015,	 Accuracy: 546/1000(55%)
Task: 8,	 Epoch: 1/80,	 Avg.loss: 0.0010,	 Accuracy: 671/1000(67%)
Task: 8,	 Epoch: 2/80,	 Avg.loss: 0.0010,	 Accuracy: 668/1000(67%)
Task: 8,	 Epoch: 3/80,	 Avg.loss: 0.0009,	 Accuracy: 678/1000(68%)
Task: 8,	 Epoch: 4/80,	 Avg.loss: 0.0009,	 Accuracy: 692/1000(69%)
Task: 8,	 Epoch: 5/80,	 Avg.loss: 0.0009,	 Accuracy: 691/1000(69%)
Task: 8,	 Epoch: 6/80,	 Avg.loss: 0.0009,	 Accuracy: 697/1000(70%)
Task: 8,	 Epoch: 7/80,	 Avg.loss: 0.0009,	 Accuracy: 711/1000(71%)
Task: 8,	 Epoch: 8/80,	 Avg.loss: 0.0009,	 Accuracy: 722/1000(72%)
Task: 8,	 Epoch: 9/80,	 Avg.loss: 0.0009,	 Accuracy: 695/1000(70%)
Task: 8,	 Epoch: 10/80,	 Avg.loss: 0.0008,	 Accuracy: 717/1000(72%)
Task: 8,	 Epoch: 11/80,	 Avg.loss: 0.0008,	 Accuracy: 709/1000(71%)
Task: 8,	 Epoch: 12/80,	 Avg.loss: 0.0008,	 Accuracy: 725/1000(72%)
Task: 8,	 Epoch: 13/80,	 Avg.loss: 0.0008,	 Accuracy: 701/1000(70%)
Task: 8,	 Epoch: 14/80,	 Avg.loss: 0.0009,	 Accuracy: 708/1000(71%)
Task: 8,	 Epoch: 15/80,	 Avg.loss: 0.0008,	 Accuracy: 714/1000(71%)
Task: 8,	 Epoch: 16/80,	 Avg.loss: 0.0008,	 Accuracy: 723/1000(72%)
Task: 8,	 Epoch: 17/80,	 Avg.loss: 0.0008,	 Accuracy: 721/1000(72%)
Task: 8,	 Epoch: 18/80,	 Avg.loss: 0.0008,	 Accuracy: 705/1000(70%)
Task: 8,	 Epoch: 19/80,	 Avg.loss: 0.0009,	 Accuracy: 693/1000(69%)
Task: 8,	 Epoch: 20/80,	 Avg.loss: 0.0009,	 Accuracy: 712/1000(71%)
Task: 8,	 Epoch: 21/80,	 Avg.loss: 0.0009,	 Accuracy: 689/1000(69%)
Task: 8,	 Epoch: 22/80,	 Avg.loss: 0.0009,	 Accuracy: 702/1000(70%)
Task: 8,	 Epoch: 23/80,	 Avg.loss: 0.0008,	 Accuracy: 720/1000(72%)
Task: 8,	 Epoch: 24/80,	 Avg.loss: 0.0008,	 Accuracy: 719/1000(72%)
Task: 8,	 Epoch: 25/80,	 Avg.loss: 0.0008,	 Accuracy: 724/1000(72%)
Task: 8,	 Epoch: 26/80,	 Avg.loss: 0.0008,	 Accuracy: 713/1000(71%)
Task: 8,	 Epoch: 27/80,	 Avg.loss: 0.0008,	 Accuracy: 711/1000(71%)
Task: 8,	 Epoch: 28/80,	 Avg.loss: 0.0008,	 Accuracy: 730/1000(73%)
Task: 8,	 Epoch: 29/80,	 Avg.loss: 0.0008,	 Accuracy: 724/1000(72%)
Task: 8,	 Epoch: 30/80,	 Avg.loss: 0.0008,	 Accuracy: 734/1000(73%)
Task: 8,	 Epoch: 31/80,	 Avg.loss: 0.0008,	 Accuracy: 726/1000(73%)
Task: 8,	 Epoch: 32/80,	 Avg.loss: 0.0008,	 Accuracy: 724/1000(72%)
Task: 8,	 Epoch: 33/80,	 Avg.loss: 0.0008,	 Accuracy: 729/1000(73%)
Task: 8,	 Epoch: 34/80,	 Avg.loss: 0.0008,	 Accuracy: 730/1000(73%)
Task: 8,	 Epoch: 35/80,	 Avg.loss: 0.0008,	 Accuracy: 712/1000(71%)
Task: 8,	 Epoch: 36/80,	 Avg.loss: 0.0008,	 Accuracy: 729/1000(73%)
Task: 8,	 Epoch: 37/80,	 Avg.loss: 0.0008,	 Accuracy: 735/1000(74%)
Task: 8,	 Epoch: 38/80,	 Avg.loss: 0.0009,	 Accuracy: 705/1000(70%)
Task: 8,	 Epoch: 39/80,	 Avg.loss: 0.0008,	 Accuracy: 717/1000(72%)
Task: 8,	 Epoch: 40/80,	 Avg.loss: 0.0008,	 Accuracy: 739/1000(74%)
Task: 8,	 Epoch: 41/80,	 Avg.loss: 0.0008,	 Accuracy: 740/1000(74%)
Task: 8,	 Epoch: 42/80,	 Avg.loss: 0.0008,	 Accuracy: 726/1000(73%)
Task: 8,	 Epoch: 43/80,	 Avg.loss: 0.0008,	 Accuracy: 726/1000(73%)
Task: 8,	 Epoch: 44/80,	 Avg.loss: 0.0008,	 Accuracy: 724/1000(72%)
Task: 8,	 Epoch: 45/80,	 Avg.loss: 0.0008,	 Accuracy: 721/1000(72%)
Task: 8,	 Epoch: 46/80,	 Avg.loss: 0.0008,	 Accuracy: 718/1000(72%)
Task: 8,	 Epoch: 47/80,	 Avg.loss: 0.0009,	 Accuracy: 689/1000(69%)
Task: 8,	 Epoch: 48/80,	 Avg.loss: 0.0008,	 Accuracy: 724/1000(72%)
Task: 8,	 Epoch: 49/80,	 Avg.loss: 0.0008,	 Accuracy: 713/1000(71%)
Task: 8,	 Epoch: 50/80,	 Avg.loss: 0.0008,	 Accuracy: 727/1000(73%)
Task: 8,	 Epoch: 51/80,	 Avg.loss: 0.0008,	 Accuracy: 732/1000(73%)
Task: 8,	 Epoch: 52/80,	 Avg.loss: 0.0008,	 Accuracy: 733/1000(73%)
Task: 8,	 Epoch: 53/80,	 Avg.loss: 0.0008,	 Accuracy: 730/1000(73%)
Task: 8,	 Epoch: 54/80,	 Avg.loss: 0.0008,	 Accuracy: 723/1000(72%)
Task: 8,	 Epoch: 55/80,	 Avg.loss: 0.0008,	 Accuracy: 732/1000(73%)
Task: 8,	 Epoch: 56/80,	 Avg.loss: 0.0008,	 Accuracy: 738/1000(74%)
Task: 8,	 Epoch: 57/80,	 Avg.loss: 0.0008,	 Accuracy: 736/1000(74%)
Task: 8,	 Epoch: 58/80,	 Avg.loss: 0.0008,	 Accuracy: 732/1000(73%)
Task: 8,	 Epoch: 59/80,	 Avg.loss: 0.0008,	 Accuracy: 738/1000(74%)
Task: 8,	 Epoch: 60/80,	 Avg.loss: 0.0008,	 Accuracy: 737/1000(74%)
Task: 8,	 Epoch: 61/80,	 Avg.loss: 0.0008,	 Accuracy: 737/1000(74%)
Task: 8,	 Epoch: 62/80,	 Avg.loss: 0.0008,	 Accuracy: 737/1000(74%)
Task: 8,	 Epoch: 63/80,	 Avg.loss: 0.0008,	 Accuracy: 739/1000(74%)
Task: 8,	 Epoch: 64/80,	 Avg.loss: 0.0008,	 Accuracy: 736/1000(74%)
Task: 8,	 Epoch: 65/80,	 Avg.loss: 0.0008,	 Accuracy: 740/1000(74%)
Task: 8,	 Epoch: 66/80,	 Avg.loss: 0.0008,	 Accuracy: 738/1000(74%)
Task: 8,	 Epoch: 67/80,	 Avg.loss: 0.0008,	 Accuracy: 737/1000(74%)
Task: 8,	 Epoch: 68/80,	 Avg.loss: 0.0008,	 Accuracy: 729/1000(73%)
Task: 8,	 Epoch: 69/80,	 Avg.loss: 0.0008,	 Accuracy: 736/1000(74%)
Task: 8,	 Epoch: 70/80,	 Avg.loss: 0.0008,	 Accuracy: 729/1000(73%)
Task: 8,	 Epoch: 71/80,	 Avg.loss: 0.0008,	 Accuracy: 733/1000(73%)
Task: 8,	 Epoch: 72/80,	 Avg.loss: 0.0008,	 Accuracy: 736/1000(74%)
Task: 8,	 Epoch: 73/80,	 Avg.loss: 0.0008,	 Accuracy: 739/1000(74%)
Task: 8,	 Epoch: 74/80,	 Avg.loss: 0.0008,	 Accuracy: 739/1000(74%)
Task: 8,	 Epoch: 75/80,	 Avg.loss: 0.0008,	 Accuracy: 735/1000(74%)
Task: 8,	 Epoch: 76/80,	 Avg.loss: 0.0008,	 Accuracy: 732/1000(73%)
Task: 8,	 Epoch: 77/80,	 Avg.loss: 0.0008,	 Accuracy: 737/1000(74%)
Task: 8,	 Epoch: 78/80,	 Avg.loss: 0.0008,	 Accuracy: 727/1000(73%)
Task: 8,	 Epoch: 79/80,	 Avg.loss: 0.0008,	 Accuracy: 737/1000(74%)
Task: 0,	 Epoch: -1/80,	 Avg.loss: 0.0009,	 Accuracy: 847/1000(85%)
Trained Task:8, Loaded task:0, Accuracy:84.7%
Task: 1,	 Epoch: -1/80,	 Avg.loss: 0.0010,	 Accuracy: 700/1000(70%)
Trained Task:8, Loaded task:1, Accuracy:70.0%
Task: 2,	 Epoch: -1/80,	 Avg.loss: 0.0009,	 Accuracy: 766/1000(77%)
Trained Task:8, Loaded task:2, Accuracy:76.6%
Task: 3,	 Epoch: -1/80,	 Avg.loss: 0.0010,	 Accuracy: 763/1000(76%)
Trained Task:8, Loaded task:3, Accuracy:76.3%
Task: 4,	 Epoch: -1/80,	 Avg.loss: 0.0008,	 Accuracy: 737/1000(74%)
Trained Task:8, Loaded task:4, Accuracy:73.7%
Task: 5,	 Epoch: -1/80,	 Avg.loss: 0.0008,	 Accuracy: 730/1000(73%)
Trained Task:8, Loaded task:5, Accuracy:73.0%
Task: 6,	 Epoch: -1/80,	 Avg.loss: 0.0008,	 Accuracy: 729/1000(73%)
Trained Task:8, Loaded task:6, Accuracy:72.9%
Task: 7,	 Epoch: -1/80,	 Avg.loss: 0.0009,	 Accuracy: 695/1000(70%)
Trained Task:8, Loaded task:7, Accuracy:69.5%
Task: 8,	 Epoch: -1/80,	 Avg.loss: 0.0008,	 Accuracy: 737/1000(74%)
Trained Task:8, Loaded task:8, Accuracy:73.7%
Trained Task:8, Avg. Accuracy: 74.5 

Layer        : conv1_layer.2.weight
Sum Omega    : 865.7830810546875
Max Fisher   : 1.0
Max Omega    : 1.0
Max Relevance: 1.7737340927124023
Mask active  : 8192.0/8192

Layer        : conv2_layer.2.weight
Sum Omega    : 1836.36181640625
Max Fisher   : 1.0
Max Omega    : 1.0
Max Relevance: 1.9975981712341309
Mask active  : 2048.0/4096

Layer        : fc1_layer.0.weight
Sum Omega    : 40246.0859375
Max Fisher   : 1.0
Max Omega    : 1.0
Max Relevance: 1.760642647743225
Mask active  : 512.0/512

Mask histogram conv1_layer.2.weight: 	 tensor([   0.,    0.,    0.,    0.,    0.,    0.,    0.,    0.,    0., 8192.],
       device='cuda:0')
Mask histogram conv2_layer.2.weight: 	 tensor([1472.,    0.,    0.,    0.,  128.,  128.,  256.,  512.,  704.,  896.],
       device='cuda:0')
Mask histogram fc1_layer.0.weight: 	 tensor([  0.,   0.,   0.,   0.,   0.,   0.,   0.,   0.,   0., 512.],
       device='cuda:0')
Task: 9,	 Epoch: 0/80,	 Avg.loss: 0.0010,	 Accuracy: 681/1000(68%)
Task: 9,	 Epoch: 1/80,	 Avg.loss: 0.0009,	 Accuracy: 717/1000(72%)
Task: 9,	 Epoch: 2/80,	 Avg.loss: 0.0008,	 Accuracy: 731/1000(73%)
Task: 9,	 Epoch: 3/80,	 Avg.loss: 0.0008,	 Accuracy: 735/1000(74%)
Task: 9,	 Epoch: 4/80,	 Avg.loss: 0.0008,	 Accuracy: 750/1000(75%)
Task: 9,	 Epoch: 5/80,	 Avg.loss: 0.0007,	 Accuracy: 773/1000(77%)
Task: 9,	 Epoch: 6/80,	 Avg.loss: 0.0007,	 Accuracy: 769/1000(77%)
Task: 9,	 Epoch: 7/80,	 Avg.loss: 0.0007,	 Accuracy: 772/1000(77%)
Task: 9,	 Epoch: 8/80,	 Avg.loss: 0.0007,	 Accuracy: 776/1000(78%)
Task: 9,	 Epoch: 9/80,	 Avg.loss: 0.0007,	 Accuracy: 780/1000(78%)
Task: 9,	 Epoch: 10/80,	 Avg.loss: 0.0007,	 Accuracy: 787/1000(79%)
Task: 9,	 Epoch: 11/80,	 Avg.loss: 0.0007,	 Accuracy: 763/1000(76%)
Task: 9,	 Epoch: 12/80,	 Avg.loss: 0.0007,	 Accuracy: 782/1000(78%)
Task: 9,	 Epoch: 13/80,	 Avg.loss: 0.0007,	 Accuracy: 779/1000(78%)
Task: 9,	 Epoch: 14/80,	 Avg.loss: 0.0007,	 Accuracy: 780/1000(78%)
Task: 9,	 Epoch: 15/80,	 Avg.loss: 0.0007,	 Accuracy: 780/1000(78%)
Task: 9,	 Epoch: 16/80,	 Avg.loss: 0.0007,	 Accuracy: 782/1000(78%)
Task: 9,	 Epoch: 17/80,	 Avg.loss: 0.0007,	 Accuracy: 765/1000(76%)
Task: 9,	 Epoch: 18/80,	 Avg.loss: 0.0007,	 Accuracy: 787/1000(79%)
Task: 9,	 Epoch: 19/80,	 Avg.loss: 0.0007,	 Accuracy: 797/1000(80%)
Task: 9,	 Epoch: 20/80,	 Avg.loss: 0.0007,	 Accuracy: 785/1000(78%)
Task: 9,	 Epoch: 21/80,	 Avg.loss: 0.0007,	 Accuracy: 784/1000(78%)
Task: 9,	 Epoch: 22/80,	 Avg.loss: 0.0007,	 Accuracy: 778/1000(78%)
Task: 9,	 Epoch: 23/80,	 Avg.loss: 0.0007,	 Accuracy: 765/1000(76%)
Task: 9,	 Epoch: 24/80,	 Avg.loss: 0.0007,	 Accuracy: 776/1000(78%)
Task: 9,	 Epoch: 25/80,	 Avg.loss: 0.0007,	 Accuracy: 773/1000(77%)
Task: 9,	 Epoch: 26/80,	 Avg.loss: 0.0007,	 Accuracy: 771/1000(77%)
Task: 9,	 Epoch: 27/80,	 Avg.loss: 0.0007,	 Accuracy: 755/1000(76%)
Task: 9,	 Epoch: 28/80,	 Avg.loss: 0.0007,	 Accuracy: 778/1000(78%)
Task: 9,	 Epoch: 29/80,	 Avg.loss: 0.0007,	 Accuracy: 770/1000(77%)
Task: 9,	 Epoch: 30/80,	 Avg.loss: 0.0007,	 Accuracy: 773/1000(77%)
Task: 9,	 Epoch: 31/80,	 Avg.loss: 0.0007,	 Accuracy: 779/1000(78%)
Task: 9,	 Epoch: 32/80,	 Avg.loss: 0.0007,	 Accuracy: 756/1000(76%)
Task: 9,	 Epoch: 33/80,	 Avg.loss: 0.0007,	 Accuracy: 755/1000(76%)
Task: 9,	 Epoch: 34/80,	 Avg.loss: 0.0007,	 Accuracy: 773/1000(77%)
Task: 9,	 Epoch: 35/80,	 Avg.loss: 0.0007,	 Accuracy: 780/1000(78%)
Task: 9,	 Epoch: 36/80,	 Avg.loss: 0.0007,	 Accuracy: 784/1000(78%)
Task: 9,	 Epoch: 37/80,	 Avg.loss: 0.0007,	 Accuracy: 770/1000(77%)
Task: 9,	 Epoch: 38/80,	 Avg.loss: 0.0007,	 Accuracy: 776/1000(78%)
Task: 9,	 Epoch: 39/80,	 Avg.loss: 0.0007,	 Accuracy: 774/1000(77%)
Task: 9,	 Epoch: 40/80,	 Avg.loss: 0.0007,	 Accuracy: 766/1000(77%)
Task: 9,	 Epoch: 41/80,	 Avg.loss: 0.0007,	 Accuracy: 789/1000(79%)
Task: 9,	 Epoch: 42/80,	 Avg.loss: 0.0007,	 Accuracy: 771/1000(77%)
Task: 9,	 Epoch: 43/80,	 Avg.loss: 0.0007,	 Accuracy: 784/1000(78%)
Task: 9,	 Epoch: 44/80,	 Avg.loss: 0.0007,	 Accuracy: 783/1000(78%)
Task: 9,	 Epoch: 45/80,	 Avg.loss: 0.0007,	 Accuracy: 777/1000(78%)
Task: 9,	 Epoch: 46/80,	 Avg.loss: 0.0007,	 Accuracy: 781/1000(78%)
Task: 9,	 Epoch: 47/80,	 Avg.loss: 0.0007,	 Accuracy: 779/1000(78%)
Task: 9,	 Epoch: 48/80,	 Avg.loss: 0.0007,	 Accuracy: 785/1000(78%)
Task: 9,	 Epoch: 49/80,	 Avg.loss: 0.0007,	 Accuracy: 781/1000(78%)
Task: 9,	 Epoch: 50/80,	 Avg.loss: 0.0006,	 Accuracy: 797/1000(80%)
Task: 9,	 Epoch: 51/80,	 Avg.loss: 0.0006,	 Accuracy: 797/1000(80%)
Task: 9,	 Epoch: 52/80,	 Avg.loss: 0.0006,	 Accuracy: 798/1000(80%)
Task: 9,	 Epoch: 53/80,	 Avg.loss: 0.0006,	 Accuracy: 800/1000(80%)
Task: 9,	 Epoch: 54/80,	 Avg.loss: 0.0006,	 Accuracy: 798/1000(80%)
Task: 9,	 Epoch: 55/80,	 Avg.loss: 0.0006,	 Accuracy: 793/1000(79%)
Task: 9,	 Epoch: 56/80,	 Avg.loss: 0.0006,	 Accuracy: 796/1000(80%)
Task: 9,	 Epoch: 57/80,	 Avg.loss: 0.0006,	 Accuracy: 794/1000(79%)
Task: 9,	 Epoch: 58/80,	 Avg.loss: 0.0006,	 Accuracy: 794/1000(79%)
Task: 9,	 Epoch: 59/80,	 Avg.loss: 0.0006,	 Accuracy: 798/1000(80%)
Task: 9,	 Epoch: 60/80,	 Avg.loss: 0.0006,	 Accuracy: 800/1000(80%)
Task: 9,	 Epoch: 61/80,	 Avg.loss: 0.0006,	 Accuracy: 801/1000(80%)
Task: 9,	 Epoch: 62/80,	 Avg.loss: 0.0006,	 Accuracy: 802/1000(80%)
Task: 9,	 Epoch: 63/80,	 Avg.loss: 0.0006,	 Accuracy: 796/1000(80%)
Task: 9,	 Epoch: 64/80,	 Avg.loss: 0.0006,	 Accuracy: 801/1000(80%)
Task: 9,	 Epoch: 65/80,	 Avg.loss: 0.0006,	 Accuracy: 800/1000(80%)
Task: 9,	 Epoch: 66/80,	 Avg.loss: 0.0006,	 Accuracy: 801/1000(80%)
Task: 9,	 Epoch: 67/80,	 Avg.loss: 0.0006,	 Accuracy: 804/1000(80%)
Task: 9,	 Epoch: 68/80,	 Avg.loss: 0.0006,	 Accuracy: 804/1000(80%)
Task: 9,	 Epoch: 69/80,	 Avg.loss: 0.0006,	 Accuracy: 803/1000(80%)
Task: 9,	 Epoch: 70/80,	 Avg.loss: 0.0006,	 Accuracy: 805/1000(81%)
Task: 9,	 Epoch: 71/80,	 Avg.loss: 0.0006,	 Accuracy: 802/1000(80%)
Task: 9,	 Epoch: 72/80,	 Avg.loss: 0.0006,	 Accuracy: 807/1000(81%)
Task: 9,	 Epoch: 73/80,	 Avg.loss: 0.0007,	 Accuracy: 796/1000(80%)
Task: 9,	 Epoch: 74/80,	 Avg.loss: 0.0006,	 Accuracy: 802/1000(80%)
Task: 9,	 Epoch: 75/80,	 Avg.loss: 0.0006,	 Accuracy: 798/1000(80%)
Task: 9,	 Epoch: 76/80,	 Avg.loss: 0.0006,	 Accuracy: 795/1000(80%)
Task: 9,	 Epoch: 77/80,	 Avg.loss: 0.0006,	 Accuracy: 802/1000(80%)
Task: 9,	 Epoch: 78/80,	 Avg.loss: 0.0006,	 Accuracy: 800/1000(80%)
Task: 9,	 Epoch: 79/80,	 Avg.loss: 0.0006,	 Accuracy: 803/1000(80%)
Task: 0,	 Epoch: -1/80,	 Avg.loss: 0.0009,	 Accuracy: 850/1000(85%)
Trained Task:9, Loaded task:0, Accuracy:85.0%
Task: 1,	 Epoch: -1/80,	 Avg.loss: 0.0010,	 Accuracy: 707/1000(71%)
Trained Task:9, Loaded task:1, Accuracy:70.7%
Task: 2,	 Epoch: -1/80,	 Avg.loss: 0.0009,	 Accuracy: 762/1000(76%)
Trained Task:9, Loaded task:2, Accuracy:76.2%
Task: 3,	 Epoch: -1/80,	 Avg.loss: 0.0010,	 Accuracy: 763/1000(76%)
Trained Task:9, Loaded task:3, Accuracy:76.3%
Task: 4,	 Epoch: -1/80,	 Avg.loss: 0.0008,	 Accuracy: 744/1000(74%)
Trained Task:9, Loaded task:4, Accuracy:74.4%
Task: 5,	 Epoch: -1/80,	 Avg.loss: 0.0008,	 Accuracy: 723/1000(72%)
Trained Task:9, Loaded task:5, Accuracy:72.3%
Task: 6,	 Epoch: -1/80,	 Avg.loss: 0.0008,	 Accuracy: 736/1000(74%)
Trained Task:9, Loaded task:6, Accuracy:73.6%
Task: 7,	 Epoch: -1/80,	 Avg.loss: 0.0009,	 Accuracy: 704/1000(70%)
Trained Task:9, Loaded task:7, Accuracy:70.4%
Task: 8,	 Epoch: -1/80,	 Avg.loss: 0.0008,	 Accuracy: 739/1000(74%)
Trained Task:9, Loaded task:8, Accuracy:73.9%
Task: 9,	 Epoch: -1/80,	 Avg.loss: 0.0006,	 Accuracy: 803/1000(80%)
Trained Task:9, Loaded task:9, Accuracy:80.3%
Trained Task:9, Avg. Accuracy: 75.3 

List of avg. accuracy: [85.7, 79.8, 79.1, 78.5, 77.4, 77.1, 75.8, 75.0, 74.5, 75.3]
