Layer        : conv1_layer.2.weight
R.histogram  : tensor([3., 7., 6., 5., 2., 1., 3., 1., 1., 3.], device='cuda:0')
R_sum max/min: 53.1/1.2
F.num_zeros  : 0/9216
W.num_zeros  : 0/9216
O.num_zeros  : 0/9216
Layer        : conv2_layer.2.weight
R.histogram  : tensor([11., 13.,  8.,  9.,  5.,  2.,  5.,  3.,  3.,  5.], device='cuda:0')
R_sum max/min: 58.4/0.0
F.num_zeros  : 4091/36864
W.num_zeros  : 0/36864
O.num_zeros  : 0/36864
Layer        : fc1_layer.1.weight
R.histogram  : tensor([300., 135.,  47.,  19.,   3.,   3.,   2.,   0.,   2.,   1.],
       device='cuda:0')
R_sum max/min: 724.4/0.0
F.num_zeros  : 919193/2097152
W.num_zeros  : 0/2097152
O.num_zeros  : 0/2097152
Mask histogram
conv1_layer.2.weight: 	 tensor([   0., 8192.,    0.,    0.,    0.,    0.,    0.,    0.,    0.,    0.,
           0.], device='cuda:0')
conv2_layer.2.weight: 	 tensor([2496., 1600.,    0.,    0.,    0.,    0.,    0.,    0.,    0.,    0.,
           0.], device='cuda:0')
fc1_layer.1.weight: 	 tensor([308., 204.,   0.,   0.,   0.,   0.,   0.,   0.,   0.,   0.,   0.],
       device='cuda:0')
conv1_layer.0.weight False
conv1_layer.0.bias False
conv1_layer.2.weight False
conv1_layer.2.bias False
conv2_layer.0.weight False
conv2_layer.0.bias False
conv2_layer.2.weight False
conv2_layer.2.bias False
fc1_layer.1.weight False
fc1_layer.1.bias False
fc_head.weight True
fc_head.bias True
