Mask histogram
fc1.weight: 
 tensor([   0, 2000,    0,    0,    0,    0,    0,    0,    0,    0,    0],
       device='cuda:0', dtype=torch.int32)
fc2.weight: 
 tensor([   0, 2000,    0,    0,    0,    0,    0,    0,    0,    0,    0],
       device='cuda:0', dtype=torch.int32)
Head Finetuning    :Task: 0,	 Epoch: 0/20,	 Avg.loss: 0.0011,	 Test Accuracy: 8430/10000(84%)
Head Finetuning    :Task: 0,	 Epoch: 1/20,	 Avg.loss: 0.0007,	 Test Accuracy: 8722/10000(87%)
Head Finetuning    :Task: 0,	 Epoch: 2/20,	 Avg.loss: 0.0006,	 Test Accuracy: 8865/10000(89%)
Head Finetuning    :Task: 0,	 Epoch: 3/20,	 Avg.loss: 0.0005,	 Test Accuracy: 8946/10000(89%)
Head Finetuning    :Task: 0,	 Epoch: 4/20,	 Avg.loss: 0.0004,	 Test Accuracy: 9027/10000(90%)
Head Finetuning    :Task: 0,	 Epoch: 5/20,	 Avg.loss: 0.0004,	 Test Accuracy: 9079/10000(91%)
Head Finetuning    :Task: 0,	 Epoch: 6/20,	 Avg.loss: 0.0004,	 Test Accuracy: 9121/10000(91%)
Head Finetuning    :Task: 0,	 Epoch: 7/20,	 Avg.loss: 0.0003,	 Test Accuracy: 9169/10000(92%)
Head Finetuning    :Task: 0,	 Epoch: 8/20,	 Avg.loss: 0.0003,	 Test Accuracy: 9190/10000(92%)
Head Finetuning    :Task: 0,	 Epoch: 9/20,	 Avg.loss: 0.0003,	 Test Accuracy: 9222/10000(92%)
Head Finetuning    :Task: 0,	 Epoch: 10/20,	 Avg.loss: 0.0003,	 Test Accuracy: 9262/10000(93%)
Head Finetuning    :Task: 0,	 Epoch: 11/20,	 Avg.loss: 0.0003,	 Test Accuracy: 9275/10000(93%)
Head Finetuning    :Task: 0,	 Epoch: 12/20,	 Avg.loss: 0.0003,	 Test Accuracy: 9284/10000(93%)
Head Finetuning    :Task: 0,	 Epoch: 13/20,	 Avg.loss: 0.0003,	 Test Accuracy: 9308/10000(93%)
Head Finetuning    :Task: 0,	 Epoch: 14/20,	 Avg.loss: 0.0003,	 Test Accuracy: 9321/10000(93%)
Head Finetuning    :Task: 0,	 Epoch: 15/20,	 Avg.loss: 0.0003,	 Test Accuracy: 9333/10000(93%)
Head Finetuning    :Task: 0,	 Epoch: 16/20,	 Avg.loss: 0.0002,	 Test Accuracy: 9344/10000(93%)
Head Finetuning    :Task: 0,	 Epoch: 17/20,	 Avg.loss: 0.0002,	 Test Accuracy: 9362/10000(94%)
Head Finetuning    :Task: 0,	 Epoch: 18/20,	 Avg.loss: 0.0002,	 Test Accuracy: 9366/10000(94%)
Head Finetuning    :Task: 0,	 Epoch: 19/20,	 Avg.loss: 0.0002,	 Test Accuracy: 9374/10000(94%)
Task: 0,	 Epoch: 0/20,	 Avg.loss: 0.0001,	 Test Accuracy: 9580/10000(96%)
Task: 0,	 Epoch: 1/20,	 Avg.loss: 0.0001,	 Test Accuracy: 9722/10000(97%)
Task: 0,	 Epoch: 2/20,	 Avg.loss: 0.0001,	 Test Accuracy: 9778/10000(98%)
Task: 0,	 Epoch: 3/20,	 Avg.loss: 0.0001,	 Test Accuracy: 9756/10000(98%)
Task: 0,	 Epoch: 4/20,	 Avg.loss: 0.0001,	 Test Accuracy: 9788/10000(98%)
Task: 0,	 Epoch: 5/20,	 Avg.loss: 0.0001,	 Test Accuracy: 9802/10000(98%)
Task: 0,	 Epoch: 6/20,	 Avg.loss: 0.0001,	 Test Accuracy: 9808/10000(98%)
Task: 0,	 Epoch: 7/20,	 Avg.loss: 0.0001,	 Test Accuracy: 9811/10000(98%)
Task: 0,	 Epoch: 8/20,	 Avg.loss: 0.0001,	 Test Accuracy: 9810/10000(98%)
Task: 0,	 Epoch: 9/20,	 Avg.loss: 0.0001,	 Test Accuracy: 9796/10000(98%)
Task: 0,	 Epoch: 10/20,	 Avg.loss: 0.0001,	 Test Accuracy: 9847/10000(98%)
Task: 0,	 Epoch: 11/20,	 Avg.loss: 0.0001,	 Test Accuracy: 9846/10000(98%)
Task: 0,	 Epoch: 12/20,	 Avg.loss: 0.0001,	 Test Accuracy: 9843/10000(98%)
Task: 0,	 Epoch: 13/20,	 Avg.loss: 0.0001,	 Test Accuracy: 9846/10000(98%)
Task: 0,	 Epoch: 14/20,	 Avg.loss: 0.0001,	 Test Accuracy: 9845/10000(98%)
Task: 0,	 Epoch: 15/20,	 Avg.loss: 0.0001,	 Test Accuracy: 9843/10000(98%)
Task: 0,	 Epoch: 16/20,	 Avg.loss: 0.0001,	 Test Accuracy: 9841/10000(98%)
Task: 0,	 Epoch: 17/20,	 Avg.loss: 0.0001,	 Test Accuracy: 9843/10000(98%)
Task: 0,	 Epoch: 18/20,	 Avg.loss: 0.0001,	 Test Accuracy: 9840/10000(98%)
Task: 0,	 Epoch: 19/20,	 Avg.loss: 0.0001,	 Test Accuracy: 9839/10000(98%)
