Mask histogram
conv1_layer.2.weight: 	 tensor([   0., 8192.,    0.,    0.,    0.,    0.,    0.,    0.,    0.,    0.,
           0.], device='cuda:0')
conv2_layer.2.weight: 	 tensor([   0., 4096.,    0.,    0.,    0.,    0.,    0.,    0.,    0.,    0.,
           0.], device='cuda:0')
fc1_layer.1.weight: 	 tensor([  0., 512.,   0.,   0.,   0.,   0.,   0.,   0.,   0.,   0.,   0.],
       device='cuda:0')
True
tensor([[[[ 9.7571e-02,  9.8700e-02,  8.1033e-02],
          [ 6.4745e-02,  6.4757e-02,  4.4409e-02],
          [ 6.2333e-02,  5.4365e-02,  5.2684e-02]],

         [[ 1.3062e-01,  1.3714e-01,  1.2130e-01],
          [ 9.6826e-02,  1.0637e-01,  9.0047e-02],
          [ 7.4661e-02,  7.6750e-02,  8.0972e-02]],

         [[ 1.2389e-01,  1.2916e-01,  1.1071e-01],
          [ 1.0775e-01,  1.1441e-01,  9.5260e-02],
          [ 8.2201e-02,  8.8034e-02,  9.0834e-02]]],


        [[[ 4.1560e-02,  3.7527e-02,  1.0953e-02],
          [ 1.8606e-02,  2.0728e-03, -1.6794e-02],
          [ 3.5605e-02,  1.7168e-02, -4.7056e-04]],

         [[ 5.2381e-02,  5.3966e-02,  2.9058e-02],
          [ 3.2655e-02,  1.7580e-02, -1.1495e-03],
          [ 4.1908e-02,  2.6941e-02,  1.1871e-02]],

         [[ 8.0973e-02,  8.2757e-02,  6.2159e-02],
          [ 6.1120e-02,  4.4429e-02,  2.8301e-02],
          [ 5.6063e-02,  4.2861e-02,  3.0297e-02]]],


        [[[ 2.0456e-02,  4.2736e-03,  3.9069e-02],
          [-3.9402e-03, -2.4752e-02,  1.9594e-02],
          [-3.3621e-02, -5.9619e-02, -2.4213e-02]],

         [[ 5.5786e-02,  3.9334e-02,  7.2140e-02],
          [ 3.3792e-02,  1.0808e-02,  4.8817e-02],
          [-7.6334e-04, -2.9848e-02, -1.3200e-03]],

         [[ 8.6783e-02,  7.4304e-02,  1.0564e-01],
          [ 6.5962e-02,  4.5210e-02,  8.3724e-02],
          [ 3.8112e-02,  1.1812e-02,  4.0854e-02]]],


        [[[-3.0633e-02, -2.3739e-02, -4.7364e-03],
          [ 5.2852e-03,  1.0562e-03,  8.4830e-03],
          [ 2.0923e-02,  1.3045e-02,  2.3063e-02]],

         [[ 3.1159e-02,  2.5901e-02,  3.3157e-02],
          [ 5.6613e-02,  4.0269e-02,  3.5109e-02],
          [ 7.6060e-02,  5.6557e-02,  5.3329e-02]],

         [[ 2.7894e-02,  2.1260e-02,  2.4305e-02],
          [ 5.6259e-02,  3.7498e-02,  2.8109e-02],
          [ 7.6563e-02,  5.7939e-02,  4.9880e-02]]],


        [[[ 7.9651e-03, -1.3251e-02, -3.4130e-02],
          [ 2.6435e-02, -2.8263e-02, -7.0258e-02],
          [ 2.6369e-03, -4.9315e-02, -8.9594e-02]],

         [[ 2.0304e-02, -9.6142e-04, -2.4709e-02],
          [ 3.7827e-02, -2.0556e-02, -6.0683e-02],
          [ 1.6315e-02, -4.1455e-02, -7.9726e-02]],

         [[ 3.4425e-02,  1.1565e-02, -2.0364e-02],
          [ 4.7471e-02, -1.1065e-02, -5.5462e-02],
          [ 2.3109e-02, -3.4116e-02, -7.3906e-02]]],


        [[[-4.1669e-02, -5.0961e-02, -7.2526e-02],
          [-6.8234e-02, -5.8407e-02, -5.4653e-02],
          [-1.0881e-01, -8.8422e-02, -5.9463e-02]],

         [[-1.7336e-02, -1.0935e-02, -2.3633e-02],
          [-2.6422e-02, -6.2075e-03, -8.7932e-04],
          [-6.3934e-02, -4.1171e-02, -1.9316e-02]],

         [[-2.7825e-02, -1.6858e-02, -2.4855e-02],
          [-2.6617e-02, -1.0250e-02, -3.7837e-03],
          [-5.5185e-02, -4.1049e-02, -2.5565e-02]]],


        [[[-3.7397e-02, -1.0542e-02,  7.1308e-03],
          [-6.7395e-02,  2.8201e-03,  1.4261e-02],
          [-6.4662e-02,  8.8452e-03,  1.0354e-02]],

         [[-5.1475e-02, -2.9821e-02, -1.8444e-02],
          [-6.4255e-02, -2.4793e-03, -1.3602e-03],
          [-5.3961e-02,  1.1067e-02,  4.1745e-03]],

         [[-6.1414e-02, -3.6777e-02, -2.7176e-02],
          [-7.6424e-02, -1.4632e-02, -1.1924e-02],
          [-5.8180e-02,  3.3424e-03, -3.7657e-03]]],


        [[[-6.1205e-02, -8.3541e-02, -1.0692e-01],
          [-7.8717e-02, -9.4365e-02, -1.1959e-01],
          [-5.1898e-02, -7.6608e-02, -1.0793e-01]],

         [[ 1.7159e-03, -1.1646e-02, -2.3186e-02],
          [-1.8518e-02, -2.3293e-02, -4.1038e-02],
          [ 8.9799e-04, -1.1719e-02, -4.1864e-02]],

         [[ 4.8965e-02,  3.8087e-02,  3.6671e-02],
          [ 3.6797e-02,  3.6609e-02,  2.6778e-02],
          [ 4.7723e-02,  4.5733e-02,  2.7435e-02]]],


        [[[ 1.1028e-02,  1.3345e-02,  2.0668e-02],
          [ 9.3037e-03,  9.4696e-04, -4.0664e-03],
          [-2.4177e-02, -5.0304e-02, -5.1042e-02]],

         [[ 2.6337e-03,  4.2370e-03,  1.2096e-02],
          [ 2.5070e-04, -4.8876e-03, -5.8056e-03],
          [-2.6260e-02, -5.2707e-02, -4.8781e-02]],

         [[-1.6615e-02, -1.7103e-02, -8.8125e-03],
          [-2.2732e-02, -2.8047e-02, -2.8414e-02],
          [-3.9532e-02, -6.5362e-02, -6.2560e-02]]],


        [[[ 7.0411e-02,  9.7811e-02,  7.2482e-02],
          [ 4.5402e-02,  7.1519e-02,  3.6553e-02],
          [ 3.5318e-02,  3.7679e-02,  1.3098e-02]],

         [[ 1.0134e-01,  1.3164e-01,  1.0319e-01],
          [ 8.1963e-02,  1.0671e-01,  6.9385e-02],
          [ 6.9029e-02,  7.5729e-02,  5.4380e-02]],

         [[ 9.4439e-02,  1.2016e-01,  9.6442e-02],
          [ 8.5062e-02,  1.0228e-01,  6.8773e-02],
          [ 8.1788e-02,  8.4428e-02,  6.0658e-02]]],


        [[[ 9.3844e-02,  8.0244e-02,  9.0538e-02],
          [ 9.8241e-02,  1.1328e-01,  1.0284e-01],
          [ 1.2567e-01,  1.5615e-01,  1.1322e-01]],

         [[ 1.2417e-01,  1.2117e-01,  1.3758e-01],
          [ 1.4229e-01,  1.6574e-01,  1.6019e-01],
          [ 1.7936e-01,  2.1165e-01,  1.7008e-01]],

         [[ 1.0244e-01,  1.0100e-01,  1.1888e-01],
          [ 1.0459e-01,  1.2806e-01,  1.2590e-01],
          [ 1.2879e-01,  1.5722e-01,  1.2622e-01]]],


        [[[-4.4584e-02, -1.4609e-02, -2.2570e-02],
          [-3.0507e-02, -8.3564e-03, -1.8459e-02],
          [-9.4721e-03, -8.0368e-04, -1.6706e-02]],

         [[-3.0150e-02, -6.1200e-04, -1.5051e-03],
          [-1.5551e-02,  8.1283e-03,  7.2480e-03],
          [ 4.2605e-03,  1.9163e-02,  1.6228e-02]],

         [[-6.6863e-03,  1.4109e-02,  8.0530e-03],
          [ 1.2420e-02,  3.2555e-02,  2.6351e-02],
          [ 3.4896e-02,  4.5412e-02,  3.5875e-02]]],


        [[[ 6.4758e-02,  7.4777e-02,  1.0916e-01],
          [-2.1265e-02,  1.5957e-02,  1.0822e-01],
          [-1.0875e-01, -5.6356e-02,  4.8678e-02]],

         [[-3.6089e-02, -1.3583e-02,  2.5921e-02],
          [-9.5953e-02, -4.6449e-02,  4.6639e-02],
          [-1.6185e-01, -1.0132e-01,  1.5165e-03]],

         [[-7.6472e-02, -5.1487e-02, -6.6778e-03],
          [-1.0771e-01, -6.0291e-02,  2.4931e-02],
          [-1.6836e-01, -1.1648e-01, -2.2024e-02]]],


        [[[-6.4463e-02, -7.2071e-02, -2.5783e-02],
          [ 4.7095e-03, -1.8975e-02, -1.7927e-02],
          [ 6.7416e-02,  1.8045e-02, -1.6495e-02]],

         [[-5.7697e-03, -2.5260e-02,  8.3269e-03],
          [ 5.0118e-02,  1.7414e-02,  7.2117e-03],
          [ 8.9777e-02,  3.9941e-02,  4.6883e-03]],

         [[-4.8516e-02, -6.5991e-02, -3.1494e-02],
          [ 5.4781e-03, -2.1494e-02, -2.4337e-02],
          [ 5.1594e-02,  7.2112e-03, -2.1865e-02]]],


        [[[-5.9337e-02, -3.5370e-02, -6.0088e-03],
          [-2.5934e-02,  1.9843e-02,  3.3711e-02],
          [ 2.2470e-02,  7.0286e-02,  6.2865e-02]],

         [[-2.1281e-02,  1.0563e-03,  2.7582e-02],
          [ 5.7397e-03,  4.5799e-02,  5.4166e-02],
          [ 3.8608e-02,  7.8083e-02,  6.7015e-02]],

         [[ 1.1782e-02,  2.6609e-02,  4.6231e-02],
          [ 3.1777e-02,  6.3488e-02,  6.7389e-02],
          [ 5.4124e-02,  8.6633e-02,  7.8985e-02]]],


        [[[ 5.5853e-02,  3.9642e-02,  4.2845e-02],
          [ 5.5339e-02,  2.7034e-02,  4.0193e-02],
          [ 4.2496e-02,  1.8239e-02,  5.7153e-02]],

         [[ 7.3197e-02,  5.6107e-02,  5.7308e-02],
          [ 7.3228e-02,  4.3906e-02,  5.3334e-02],
          [ 5.4584e-02,  3.2195e-02,  6.7944e-02]],

         [[ 6.8700e-02,  5.0296e-02,  5.2692e-02],
          [ 6.9329e-02,  4.2109e-02,  5.5143e-02],
          [ 5.0357e-02,  3.1745e-02,  6.7432e-02]]],


        [[[-1.9946e-01, -1.7419e-01, -9.2527e-02],
          [-2.2225e-01, -1.6398e-01, -5.9471e-02],
          [-1.9315e-01, -1.2438e-01, -4.9342e-02]],

         [[-1.8377e-01, -1.7070e-01, -1.0974e-01],
          [-2.1299e-01, -1.6511e-01, -8.5161e-02],
          [-2.0511e-01, -1.3463e-01, -8.0889e-02]],

         [[-9.8644e-02, -7.8727e-02, -2.6950e-02],
          [-1.1757e-01, -7.0188e-02, -3.2633e-03],
          [-1.0349e-01, -4.0168e-02,  1.3053e-03]]],


        [[[ 2.3281e-02,  4.8511e-02,  5.4636e-02],
          [ 5.7252e-02,  2.7979e-02,  2.6156e-02],
          [ 1.0594e-01,  4.1439e-02,  2.8909e-02]],

         [[ 4.3677e-02,  5.9570e-02,  8.0386e-02],
          [ 7.0832e-02,  4.1840e-02,  5.6345e-02],
          [ 1.1085e-01,  5.4019e-02,  5.4542e-02]],

         [[ 9.8810e-02,  9.8540e-02,  1.0671e-01],
          [ 1.1177e-01,  7.5445e-02,  8.1959e-02],
          [ 1.3845e-01,  8.0118e-02,  7.4125e-02]]],


        [[[ 2.2146e-01,  1.6168e-01,  1.1574e-01],
          [ 2.5683e-01,  1.7525e-01,  1.0634e-01],
          [ 2.5733e-01,  1.5732e-01,  1.0819e-01]],

         [[ 1.9142e-01,  1.2644e-01,  8.5462e-02],
          [ 2.3327e-01,  1.5141e-01,  8.4982e-02],
          [ 2.4543e-01,  1.5884e-01,  1.0719e-01]],

         [[ 1.9010e-01,  1.0859e-01,  6.0421e-02],
          [ 2.2518e-01,  1.2432e-01,  5.6341e-02],
          [ 2.1926e-01,  1.2203e-01,  6.7942e-02]]],


        [[[-7.3696e-02, -9.4639e-02, -8.9636e-02],
          [-1.0514e-01, -1.3042e-01, -1.4273e-01],
          [-1.4560e-01, -1.3741e-01, -1.9466e-01]],

         [[ 6.7158e-02,  4.4940e-02,  3.7686e-02],
          [ 3.8498e-02,  1.2657e-02, -9.0778e-03],
          [-9.8299e-03,  5.3244e-03, -5.5662e-02]],

         [[ 9.1468e-02,  9.3306e-02,  1.0487e-01],
          [ 7.5482e-02,  6.9692e-02,  6.3629e-02],
          [ 4.3218e-02,  7.0947e-02,  3.6595e-02]]],


        [[[-2.6621e-02, -6.5166e-03,  1.1400e-02],
          [-4.2970e-02, -1.1987e-03,  1.2473e-02],
          [-3.6008e-02, -2.6393e-03, -1.2281e-02]],

         [[-1.0862e-02,  1.2269e-02,  3.2531e-02],
          [-2.3957e-02,  2.1001e-02,  3.8808e-02],
          [-9.0153e-03,  2.4465e-02,  1.9365e-02]],

         [[-4.2147e-02, -1.2899e-02,  6.6420e-03],
          [-4.7750e-02, -2.5112e-04,  1.4724e-02],
          [-3.2039e-02,  4.8854e-03, -2.7044e-03]]],


        [[[-1.0967e-02, -7.2809e-03,  1.8186e-02],
          [-7.8506e-02, -3.8908e-02, -4.5993e-03],
          [-1.4155e-01, -1.2974e-01, -6.9171e-02]],

         [[-8.1774e-02, -8.2967e-02, -6.4352e-02],
          [-1.1215e-01, -7.8713e-02, -6.5699e-02],
          [-1.5989e-01, -1.4989e-01, -1.0961e-01]],

         [[-1.2564e-01, -1.2956e-01, -1.0817e-01],
          [-1.2798e-01, -1.0704e-01, -9.7139e-02],
          [-1.7269e-01, -1.6677e-01, -1.2977e-01]]],


        [[[ 2.0021e-02, -7.9950e-03, -3.3287e-02],
          [ 5.4661e-02,  2.7852e-02,  6.2576e-03],
          [ 4.7845e-02,  3.4933e-02,  2.0212e-02]],

         [[ 4.4288e-02,  2.4036e-02,  2.5048e-03],
          [ 7.4031e-02,  5.1098e-02,  3.1404e-02],
          [ 6.5150e-02,  5.4256e-02,  3.8990e-02]],

         [[ 6.2720e-02,  4.3362e-02,  2.5936e-02],
          [ 7.7483e-02,  5.3853e-02,  3.8341e-02],
          [ 5.7885e-02,  4.6300e-02,  3.8175e-02]]],


        [[[-4.3424e-02,  5.4870e-02,  4.9800e-02],
          [-6.2541e-02,  3.2601e-02,  1.0002e-02],
          [-5.5230e-02,  9.3773e-04, -8.8097e-03]],

         [[-6.6097e-02,  3.4032e-02,  2.8197e-02],
          [-7.7278e-02,  7.1622e-03, -1.7029e-02],
          [-7.2723e-02, -2.4601e-02, -3.3200e-02]],

         [[-4.3713e-02,  4.0586e-02,  3.0126e-02],
          [-6.3205e-02,  7.8016e-03, -1.3276e-02],
          [-6.3570e-02, -2.4391e-02, -3.2427e-02]]],


        [[[-1.1214e-01, -1.1532e-01, -1.1465e-01],
          [-4.7305e-02, -7.5004e-02, -9.2222e-02],
          [-1.9243e-02, -3.1548e-02, -7.3891e-02]],

         [[-1.5947e-01, -1.6828e-01, -1.6732e-01],
          [-1.0449e-01, -1.2993e-01, -1.4276e-01],
          [-8.7087e-02, -9.9213e-02, -1.3394e-01]],

         [[-1.2152e-01, -1.4221e-01, -1.4959e-01],
          [-6.9929e-02, -1.0163e-01, -1.2014e-01],
          [-7.2633e-02, -9.2969e-02, -1.2444e-01]]],


        [[[-3.4663e-02, -3.0789e-02, -3.4499e-02],
          [ 2.4065e-03, -4.6191e-02, -6.0419e-02],
          [ 3.8570e-03, -1.7951e-02, -6.7247e-02]],

         [[ 2.9474e-02,  3.1789e-02,  2.1378e-02],
          [ 7.4748e-02,  1.9436e-02, -5.3027e-03],
          [ 6.9767e-02,  3.8794e-02, -1.5175e-02]],

         [[ 2.9717e-03,  1.7184e-03, -2.6395e-03],
          [ 4.8202e-02,  3.4772e-03, -1.8441e-02],
          [ 3.7601e-02,  1.6922e-02, -2.1443e-02]]],


        [[[-8.9289e-02, -9.4566e-02, -7.8014e-02],
          [-3.2810e-02, -4.1800e-02, -3.1481e-02],
          [ 1.6126e-02,  3.5559e-02,  1.0113e-02]],

         [[-2.1150e-02, -3.1126e-02, -2.9413e-02],
          [ 3.0242e-02,  1.9744e-02,  1.2568e-02],
          [ 6.9370e-02,  8.1177e-02,  4.6352e-02]],

         [[-8.3656e-02, -7.7419e-02, -6.9360e-02],
          [-2.9588e-02, -2.1954e-02, -2.4774e-02],
          [ 5.6086e-03,  3.0606e-02,  5.4434e-03]]],


        [[[ 1.2990e-01,  1.2385e-01,  1.6575e-01],
          [ 1.4907e-01,  1.1100e-01,  1.1984e-01],
          [ 1.7316e-01,  1.2488e-01,  8.1500e-02]],

         [[ 5.7425e-02,  3.2420e-02,  7.2541e-02],
          [ 7.8066e-02,  3.3554e-02,  4.0455e-02],
          [ 9.8006e-02,  4.2610e-02,  9.8066e-04]],

         [[ 3.2393e-02,  1.9464e-02,  7.5269e-02],
          [ 4.9180e-02,  2.0336e-02,  4.0933e-02],
          [ 6.1663e-02,  1.6660e-02, -1.1250e-02]]],


        [[[ 9.1994e-03,  3.7843e-03, -4.7596e-03],
          [ 5.7493e-03,  1.6889e-02,  1.2986e-02],
          [-1.8902e-02, -4.6985e-03, -8.5774e-03]],

         [[ 1.7243e-02,  3.5164e-03, -9.7226e-03],
          [ 1.7184e-02,  1.5993e-02,  5.6315e-03],
          [-7.2587e-03, -5.7113e-03, -1.2624e-02]],

         [[ 2.8875e-02,  1.3273e-02, -2.8857e-03],
          [ 2.5458e-02,  2.1186e-02,  6.9438e-03],
          [ 9.6376e-03,  7.3480e-03, -6.0990e-03]]],


        [[[ 7.2160e-03, -7.7076e-03, -1.2319e-03],
          [ 2.8868e-02,  1.2372e-02, -3.1088e-02],
          [ 5.3519e-02,  3.8253e-02, -1.1059e-02]],

         [[ 2.5517e-02,  5.2815e-03,  9.0060e-03],
          [ 5.6647e-02,  3.6346e-02, -9.6742e-03],
          [ 8.1183e-02,  6.6001e-02,  1.3684e-02]],

         [[ 4.3361e-02,  2.1900e-02,  2.1599e-02],
          [ 6.6957e-02,  5.0304e-02,  5.5560e-03],
          [ 8.3638e-02,  7.6519e-02,  3.0730e-02]]],


        [[[-2.3166e-02,  3.0157e-02,  1.6073e-02],
          [-2.3136e-02,  4.3759e-02,  1.8773e-02],
          [ 3.5969e-02,  7.2842e-02,  1.8225e-02]],

         [[ 1.7323e-02,  5.6287e-02,  2.7868e-02],
          [ 3.6207e-03,  5.3933e-02,  1.8078e-02],
          [ 5.1141e-02,  7.2474e-02,  5.2261e-03]],

         [[ 8.0125e-02,  1.1822e-01,  8.8300e-02],
          [ 6.0538e-02,  1.1559e-01,  8.8104e-02],
          [ 9.4457e-02,  1.2068e-01,  6.3883e-02]]],


        [[[ 7.0730e-02,  6.4344e-02,  5.6154e-02],
          [ 1.6222e-01,  1.0364e-01,  4.7431e-02],
          [ 2.1241e-01,  1.4380e-01,  8.2308e-02]],

         [[ 4.2167e-02,  1.6913e-02, -8.0068e-03],
          [ 9.0622e-02,  1.9981e-02, -4.2588e-02],
          [ 1.1563e-01,  3.6763e-02, -3.1075e-02]],

         [[ 2.6782e-02, -1.3173e-02, -4.5041e-02],
          [ 5.6066e-02, -2.1001e-02, -8.5758e-02],
          [ 6.4837e-02, -1.3560e-02, -8.2273e-02]]]], device='cuda:0')
True
