Layer        : conv1_layer.2.weight
R.histogram  : tensor([5., 5., 6., 5., 2., 1., 3., 1., 2., 2.], device='cuda:0')
R_sum max/min: 54.0/1.3
F.num_zeros  : 0/9216
W.num_zeros  : 0/9216
O.num_zeros  : 0/9216
Layer        : conv2_layer.2.weight
R.histogram  : tensor([11., 11., 10.,  9.,  5.,  2.,  6.,  1.,  4.,  5.], device='cuda:0')
R_sum max/min: 59.0/0.0
F.num_zeros  : 4113/36864
W.num_zeros  : 0/36864
O.num_zeros  : 0/36864
Layer        : fc1_layer.1.weight
R.histogram  : tensor([303., 133.,  48.,  18.,   2.,   3.,   2.,   0.,   2.,   1.],
       device='cuda:0')
R_sum max/min: 699.1/0.0
F.num_zeros  : 917825/2097152
W.num_zeros  : 0/2097152
O.num_zeros  : 0/2097152
Mask histogram
conv1_layer.2.weight: 	 tensor([   0., 8192.,    0.,    0.,    0.,    0.,    0.,    0.,    0.,    0.,
           0.], device='cuda:0')
conv2_layer.2.weight: 	 tensor([2496., 1600.,    0.,    0.,    0.,    0.,    0.,    0.,    0.,    0.,
           0.], device='cuda:0')
fc1_layer.1.weight: 	 tensor([308., 204.,   0.,   0.,   0.,   0.,   0.,   0.,   0.,   0.,   0.],
       device='cuda:0')
Task: 0,	 Epoch: 0/1,	 Avg.loss: 0.0011,	 Test Accuracy: 616/1000(62%)
Trained Task:0, Loaded task:0, Accuracy:61.6%
Trained Task:0, Avg. Accuracy: 61.6 

List of avg. accuracy: [61.6]
Layer        : conv1_layer.2.weight
R.histogram  : tensor([10.,  4.,  7.,  1.,  4.,  3.,  1.,  0.,  1.,  1.], device='cuda:0')
R_sum max/min: 63.9/2.1
F.num_zeros  : 0/9216
W.num_zeros  : 0/9216
O.num_zeros  : 0/9216
Layer        : conv2_layer.2.weight
R.histogram  : tensor([25., 13., 14.,  4.,  3.,  2.,  0.,  0.,  2.,  1.], device='cuda:0')
R_sum max/min: 112.0/0.0
F.num_zeros  : 4118/36864
W.num_zeros  : 0/36864
O.num_zeros  : 22661/36864
Layer        : fc1_layer.1.weight
R.histogram  : tensor([325.,  96.,  48.,  14.,  11.,   8.,   5.,   4.,   0.,   1.],
       device='cuda:0')
R_sum max/min: 563.4/0.0
F.num_zeros  : 925803/2097152
W.num_zeros  : 0/2097152
O.num_zeros  : 1770803/2097152
Mask histogram
conv1_layer.2.weight: 	 tensor([   0.,    0., 8192.,    0.,    0.,    0.,    0.,    0.,    0.,    0.,
           0.], device='cuda:0')
conv2_layer.2.weight: 	 tensor([1792., 1408.,  896.,    0.,    0.,    0.,    0.,    0.,    0.,    0.,
           0.], device='cuda:0')
fc1_layer.1.weight: 	 tensor([274.,  68., 170.,   0.,   0.,   0.,   0.,   0.,   0.,   0.,   0.],
       device='cuda:0')
Task: 1,	 Epoch: 0/1,	 Avg.loss: 0.0012,	 Test Accuracy: 590/1000(59%)
Trained Task:1, Loaded task:0, Accuracy:51.8%
Trained Task:1, Loaded task:1, Accuracy:59.0%
Trained Task:1, Avg. Accuracy: 55.4 

List of avg. accuracy: [61.6, 55.4]
Layer        : conv1_layer.2.weight
R.histogram  : tensor([12.,  6.,  5.,  1.,  3.,  1.,  2.,  0.,  1.,  1.], device='cuda:0')
R_sum max/min: 83.2/4.4
F.num_zeros  : 0/9216
W.num_zeros  : 0/9216
O.num_zeros  : 0/9216
Layer        : conv2_layer.2.weight
R.histogram  : tensor([34., 10.,  9.,  5.,  0.,  1.,  2.,  2.,  0.,  1.], device='cuda:0')
R_sum max/min: 69.4/0.0
F.num_zeros  : 4276/36864
W.num_zeros  : 0/36864
O.num_zeros  : 16424/36864
Layer        : fc1_layer.1.weight
R.histogram  : tensor([388.,  71.,  25.,   8.,  12.,   1.,   2.,   2.,   2.,   1.],
       device='cuda:0')
R_sum max/min: 542.0/0.0
F.num_zeros  : 941967/2097152
W.num_zeros  : 0/2097152
O.num_zeros  : 1597556/2097152
Mask histogram
conv1_layer.2.weight: 	 tensor([   0.,    0.,    0., 8192.,    0.,    0.,    0.,    0.,    0.,    0.,
           0.], device='cuda:0')
conv2_layer.2.weight: 	 tensor([1536.,  960.,  960.,  640.,    0.,    0.,    0.,    0.,    0.,    0.,
           0.], device='cuda:0')
fc1_layer.1.weight: 	 tensor([245.,  59.,  71., 137.,   0.,   0.,   0.,   0.,   0.,   0.,   0.],
       device='cuda:0')
Task: 2,	 Epoch: 0/1,	 Avg.loss: 0.0011,	 Test Accuracy: 646/1000(65%)
Trained Task:2, Loaded task:0, Accuracy:50.6%
Trained Task:2, Loaded task:1, Accuracy:55.7%
Trained Task:2, Loaded task:2, Accuracy:64.6%
Trained Task:2, Avg. Accuracy: 57.0 

List of avg. accuracy: [61.6, 55.4, 57.0]
Layer        : conv1_layer.2.weight
R.histogram  : tensor([10.,  3.,  6.,  1.,  2.,  3.,  4.,  0.,  1.,  2.], device='cuda:0')
R_sum max/min: 53.9/3.1
F.num_zeros  : 0/9216
W.num_zeros  : 0/9216
O.num_zeros  : 0/9216
Layer        : conv2_layer.2.weight
R.histogram  : tensor([37., 13.,  7.,  4.,  1.,  0.,  0.,  1.,  0.,  1.], device='cuda:0')
R_sum max/min: 88.8/0.0
F.num_zeros  : 4206/36864
W.num_zeros  : 0/36864
O.num_zeros  : 14156/36864
Layer        : fc1_layer.1.weight
R.histogram  : tensor([363.,  69.,  30.,  22.,  10.,   6.,   3.,   5.,   1.,   3.],
       device='cuda:0')
R_sum max/min: 535.5/0.0
F.num_zeros  : 949081/2097152
W.num_zeros  : 0/2097152
O.num_zeros  : 1493359/2097152
Mask histogram
conv1_layer.2.weight: 	 tensor([   0.,    0.,    0.,    0., 8192.,    0.,    0.,    0.,    0.,    0.,
           0.], device='cuda:0')
conv2_layer.2.weight: 	 tensor([1408.,  704.,  832.,  576.,  576.,    0.,    0.,    0.,    0.,    0.,
           0.], device='cuda:0')
fc1_layer.1.weight: 	 tensor([242.,  34.,  57.,  48., 131.,   0.,   0.,   0.,   0.,   0.,   0.],
       device='cuda:0')
Task: 3,	 Epoch: 0/1,	 Avg.loss: 0.0011,	 Test Accuracy: 619/1000(62%)
Trained Task:3, Loaded task:0, Accuracy:51.8%
Trained Task:3, Loaded task:1, Accuracy:55.8%
Trained Task:3, Loaded task:2, Accuracy:62.0%
Trained Task:3, Loaded task:3, Accuracy:61.9%
Trained Task:3, Avg. Accuracy: 57.9 

List of avg. accuracy: [61.6, 55.4, 57.0, 57.9]
Layer        : conv1_layer.2.weight
R.histogram  : tensor([4., 6., 6., 5., 2., 1., 3., 1., 1., 3.], device='cuda:0')
R_sum max/min: 52.3/1.1
F.num_zeros  : 0/9216
W.num_zeros  : 0/9216
O.num_zeros  : 0/9216
Layer        : conv2_layer.2.weight
R.histogram  : tensor([10., 11., 11.,  9.,  5.,  2.,  4.,  3.,  5.,  4.], device='cuda:0')
R_sum max/min: 59.5/0.0
F.num_zeros  : 4138/36864
W.num_zeros  : 0/36864
O.num_zeros  : 0/36864
Layer        : fc1_layer.1.weight
R.histogram  : tensor([302., 133.,  49.,  17.,   4.,   1.,   2.,   3.,   0.,   1.],
       device='cuda:0')
R_sum max/min: 727.3/0.0
F.num_zeros  : 918875/2097152
W.num_zeros  : 0/2097152
O.num_zeros  : 0/2097152
Mask histogram
conv1_layer.2.weight: 	 tensor([   0., 8192.,    0.,    0.,    0.,    0.,    0.,    0.,    0.,    0.,
           0.], device='cuda:0')
conv2_layer.2.weight: 	 tensor([2496., 1600.,    0.,    0.,    0.,    0.,    0.,    0.,    0.,    0.,
           0.], device='cuda:0')
fc1_layer.1.weight: 	 tensor([308., 204.,   0.,   0.,   0.,   0.,   0.,   0.,   0.,   0.,   0.],
       device='cuda:0')
Task: 0,	 Epoch: 0/1,	 Avg.loss: 0.0011,	 Test Accuracy: 599/1000(60%)
Trained Task:0, Loaded task:0, Accuracy:59.9%
Trained Task:0, Avg. Accuracy: 59.9 

List of avg. accuracy: [59.9]
Layer        : conv1_layer.2.weight
R.histogram  : tensor([19.,  8.,  1.,  2.,  1.,  0.,  0.,  0.,  0.,  1.], device='cuda:0')
R_sum max/min: 72.3/0.9
F.num_zeros  : 0/9216
W.num_zeros  : 0/9216
O.num_zeros  : 0/9216
Layer        : conv2_layer.2.weight
R.histogram  : tensor([36., 15.,  4.,  1.,  1.,  2.,  2.,  0.,  1.,  2.], device='cuda:0')
R_sum max/min: 80.3/0.0
F.num_zeros  : 4275/36864
W.num_zeros  : 0/36864
O.num_zeros  : 22689/36864
Layer        : fc1_layer.1.weight
R.histogram  : tensor([357.,  75.,  38.,  20.,   9.,   6.,   3.,   1.,   0.,   3.],
       device='cuda:0')
R_sum max/min: 439.0/0.0
F.num_zeros  : 929950/2097152
W.num_zeros  : 0/2097152
O.num_zeros  : 1771261/2097152
Mask histogram
conv1_layer.2.weight: 	 tensor([   0.,    0., 8192.,    0.,    0.,    0.,    0.,    0.,    0.,    0.,
           0.], device='cuda:0')
conv2_layer.2.weight: 	 tensor([1792., 1408.,  896.,    0.,    0.,    0.,    0.,    0.,    0.,    0.,
           0.], device='cuda:0')
fc1_layer.1.weight: 	 tensor([262.,  92., 158.,   0.,   0.,   0.,   0.,   0.,   0.,   0.,   0.],
       device='cuda:0')
Task: 1,	 Epoch: 0/1,	 Avg.loss: 0.0011,	 Test Accuracy: 602/1000(60%)
Trained Task:1, Loaded task:0, Accuracy:54.1%
Trained Task:1, Loaded task:1, Accuracy:60.2%
Trained Task:1, Avg. Accuracy: 57.2 

List of avg. accuracy: [59.9, 57.2]
Layer        : conv1_layer.2.weight
R.histogram  : tensor([14.,  7.,  6.,  0.,  1.,  1.,  0.,  1.,  1.,  1.], device='cuda:0')
R_sum max/min: 60.0/2.1
F.num_zeros  : 0/9216
W.num_zeros  : 0/9216
O.num_zeros  : 0/9216
Layer        : conv2_layer.2.weight
R.histogram  : tensor([38., 13.,  4.,  4.,  2.,  0.,  2.,  0.,  0.,  1.], device='cuda:0')
R_sum max/min: 112.7/0.0
F.num_zeros  : 4315/36864
W.num_zeros  : 0/36864
O.num_zeros  : 16441/36864
Layer        : fc1_layer.1.weight
R.histogram  : tensor([348.,  57.,  49.,  12.,  18.,  14.,   7.,   3.,   1.,   3.],
       device='cuda:0')
R_sum max/min: 398.3/0.0
F.num_zeros  : 935737/2097152
W.num_zeros  : 0/2097152
O.num_zeros  : 1586550/2097152
Mask histogram
conv1_layer.2.weight: 	 tensor([   0.,    0.,    0., 8192.,    0.,    0.,    0.,    0.,    0.,    0.,
           0.], device='cuda:0')
conv2_layer.2.weight: 	 tensor([1472., 1152.,  768.,  704.,    0.,    0.,    0.,    0.,    0.,    0.,
           0.], device='cuda:0')
fc1_layer.1.weight: 	 tensor([247.,  57.,  69., 139.,   0.,   0.,   0.,   0.,   0.,   0.,   0.],
       device='cuda:0')
Task: 2,	 Epoch: 0/1,	 Avg.loss: 0.0010,	 Test Accuracy: 664/1000(66%)
Trained Task:2, Loaded task:0, Accuracy:47.9%
Trained Task:2, Loaded task:1, Accuracy:51.2%
Trained Task:2, Loaded task:2, Accuracy:66.4%
Trained Task:2, Avg. Accuracy: 55.2 

List of avg. accuracy: [59.9, 57.2, 55.2]
Layer        : conv1_layer.2.weight
R.histogram  : tensor([8., 6., 7., 3., 1., 4., 2., 0., 0., 1.], device='cuda:0')
R_sum max/min: 86.0/3.0
F.num_zeros  : 0/9216
W.num_zeros  : 0/9216
O.num_zeros  : 0/9216
Layer        : conv2_layer.2.weight
R.histogram  : tensor([37., 12.,  6.,  2.,  1.,  1.,  0.,  1.,  0.,  4.], device='cuda:0')
R_sum max/min: 90.3/0.0
F.num_zeros  : 4168/36864
W.num_zeros  : 0/36864
O.num_zeros  : 13606/36864
Layer        : fc1_layer.1.weight
R.histogram  : tensor([395.,  53.,  29.,  17.,   9.,   4.,   3.,   0.,   1.,   1.],
       device='cuda:0')
R_sum max/min: 413.4/0.0
F.num_zeros  : 938312/2097152
W.num_zeros  : 0/2097152
O.num_zeros  : 1488652/2097152
Mask histogram
conv1_layer.2.weight: 	 tensor([   0.,    0.,    0.,    0., 8192.,    0.,    0.,    0.,    0.,    0.,
           0.], device='cuda:0')
conv2_layer.2.weight: 	 tensor([1408.,  768.,  768.,  512.,  640.,    0.,    0.,    0.,    0.,    0.,
           0.], device='cuda:0')
fc1_layer.1.weight: 	 tensor([240.,  39.,  46.,  63., 124.,   0.,   0.,   0.,   0.,   0.,   0.],
       device='cuda:0')
Task: 3,	 Epoch: 0/1,	 Avg.loss: 0.0012,	 Test Accuracy: 579/1000(58%)
Trained Task:3, Loaded task:0, Accuracy:46.6%
Trained Task:3, Loaded task:1, Accuracy:52.3%
Trained Task:3, Loaded task:2, Accuracy:56.2%
Trained Task:3, Loaded task:3, Accuracy:57.9%
Trained Task:3, Avg. Accuracy: 53.3 

List of avg. accuracy: [59.9, 57.2, 55.2, 53.3]
