Mask histogram
conv1_layer.2.weight: 	 tensor([   0., 8192.,    0.,    0.,    0.,    0.,    0.,    0.,    0.,    0.,
           0.], device='cuda:0')
conv2_layer.2.weight: 	 tensor([   0., 4096.,    0.,    0.,    0.,    0.,    0.,    0.,    0.,    0.,
           0.], device='cuda:0')
fc1_layer.1.weight: 	 tensor([  0., 512.,   0.,   0.,   0.,   0.,   0.,   0.,   0.,   0.,   0.],
       device='cuda:0')
Task: 0,	 Epoch: 0/80,	 Avg.loss: 0.0010,	 Test Accuracy: 642/1000(64%)
Task: 0,	 Epoch: 1/80,	 Avg.loss: 0.0008,	 Test Accuracy: 718/1000(72%)
Task: 0,	 Epoch: 2/80,	 Avg.loss: 0.0007,	 Test Accuracy: 765/1000(76%)
Task: 0,	 Epoch: 3/80,	 Avg.loss: 0.0006,	 Test Accuracy: 782/1000(78%)
Task: 0,	 Epoch: 4/80,	 Avg.loss: 0.0006,	 Test Accuracy: 791/1000(79%)
Task: 0,	 Epoch: 5/80,	 Avg.loss: 0.0006,	 Test Accuracy: 800/1000(80%)
Task: 0,	 Epoch: 6/80,	 Avg.loss: 0.0006,	 Test Accuracy: 815/1000(82%)
Task: 0,	 Epoch: 7/80,	 Avg.loss: 0.0007,	 Test Accuracy: 780/1000(78%)
Task: 0,	 Epoch: 8/80,	 Avg.loss: 0.0005,	 Test Accuracy: 828/1000(83%)
Task: 0,	 Epoch: 9/80,	 Avg.loss: 0.0006,	 Test Accuracy: 821/1000(82%)
Task: 0,	 Epoch: 10/80,	 Avg.loss: 0.0005,	 Test Accuracy: 822/1000(82%)
Task: 0,	 Epoch: 11/80,	 Avg.loss: 0.0005,	 Test Accuracy: 830/1000(83%)
Task: 0,	 Epoch: 12/80,	 Avg.loss: 0.0005,	 Test Accuracy: 828/1000(83%)
Task: 0,	 Epoch: 13/80,	 Avg.loss: 0.0005,	 Test Accuracy: 836/1000(84%)
Task: 0,	 Epoch: 14/80,	 Avg.loss: 0.0006,	 Test Accuracy: 825/1000(83%)
Task: 0,	 Epoch: 15/80,	 Avg.loss: 0.0006,	 Test Accuracy: 832/1000(83%)
Task: 0,	 Epoch: 16/80,	 Avg.loss: 0.0006,	 Test Accuracy: 847/1000(85%)
Task: 0,	 Epoch: 17/80,	 Avg.loss: 0.0006,	 Test Accuracy: 829/1000(83%)
Task: 0,	 Epoch: 18/80,	 Avg.loss: 0.0005,	 Test Accuracy: 843/1000(84%)
Task: 0,	 Epoch: 19/80,	 Avg.loss: 0.0006,	 Test Accuracy: 844/1000(84%)
Task: 0,	 Epoch: 20/80,	 Avg.loss: 0.0005,	 Test Accuracy: 850/1000(85%)
Task: 0,	 Epoch: 21/80,	 Avg.loss: 0.0005,	 Test Accuracy: 852/1000(85%)
Task: 0,	 Epoch: 22/80,	 Avg.loss: 0.0006,	 Test Accuracy: 837/1000(84%)
Task: 0,	 Epoch: 23/80,	 Avg.loss: 0.0006,	 Test Accuracy: 842/1000(84%)
Task: 0,	 Epoch: 24/80,	 Avg.loss: 0.0006,	 Test Accuracy: 841/1000(84%)
Task: 0,	 Epoch: 25/80,	 Avg.loss: 0.0006,	 Test Accuracy: 833/1000(83%)
Task: 0,	 Epoch: 26/80,	 Avg.loss: 0.0006,	 Test Accuracy: 838/1000(84%)
Task: 0,	 Epoch: 27/80,	 Avg.loss: 0.0006,	 Test Accuracy: 850/1000(85%)
Task: 0,	 Epoch: 28/80,	 Avg.loss: 0.0006,	 Test Accuracy: 848/1000(85%)
Task: 0,	 Epoch: 29/80,	 Avg.loss: 0.0006,	 Test Accuracy: 849/1000(85%)
Task: 0,	 Epoch: 30/80,	 Avg.loss: 0.0006,	 Test Accuracy: 853/1000(85%)
Task: 0,	 Epoch: 31/80,	 Avg.loss: 0.0006,	 Test Accuracy: 843/1000(84%)
Task: 0,	 Epoch: 32/80,	 Avg.loss: 0.0007,	 Test Accuracy: 828/1000(83%)
Task: 0,	 Epoch: 33/80,	 Avg.loss: 0.0006,	 Test Accuracy: 851/1000(85%)
Task: 0,	 Epoch: 34/80,	 Avg.loss: 0.0006,	 Test Accuracy: 860/1000(86%)
Task: 0,	 Epoch: 35/80,	 Avg.loss: 0.0006,	 Test Accuracy: 842/1000(84%)
Task: 0,	 Epoch: 36/80,	 Avg.loss: 0.0006,	 Test Accuracy: 867/1000(87%)
Task: 0,	 Epoch: 37/80,	 Avg.loss: 0.0006,	 Test Accuracy: 857/1000(86%)
Task: 0,	 Epoch: 38/80,	 Avg.loss: 0.0006,	 Test Accuracy: 846/1000(85%)
Task: 0,	 Epoch: 39/80,	 Avg.loss: 0.0007,	 Test Accuracy: 861/1000(86%)
Task: 0,	 Epoch: 40/80,	 Avg.loss: 0.0007,	 Test Accuracy: 848/1000(85%)
Task: 0,	 Epoch: 41/80,	 Avg.loss: 0.0006,	 Test Accuracy: 853/1000(85%)
Task: 0,	 Epoch: 42/80,	 Avg.loss: 0.0006,	 Test Accuracy: 850/1000(85%)
Task: 0,	 Epoch: 43/80,	 Avg.loss: 0.0006,	 Test Accuracy: 860/1000(86%)
Task: 0,	 Epoch: 44/80,	 Avg.loss: 0.0006,	 Test Accuracy: 871/1000(87%)
Task: 0,	 Epoch: 45/80,	 Avg.loss: 0.0006,	 Test Accuracy: 849/1000(85%)
Task: 0,	 Epoch: 46/80,	 Avg.loss: 0.0007,	 Test Accuracy: 854/1000(85%)
Task: 0,	 Epoch: 47/80,	 Avg.loss: 0.0006,	 Test Accuracy: 853/1000(85%)
Task: 0,	 Epoch: 48/80,	 Avg.loss: 0.0007,	 Test Accuracy: 844/1000(84%)
Task: 0,	 Epoch: 49/80,	 Avg.loss: 0.0007,	 Test Accuracy: 835/1000(84%)
Task: 0,	 Epoch: 50/80,	 Avg.loss: 0.0007,	 Test Accuracy: 858/1000(86%)
Task: 0,	 Epoch: 51/80,	 Avg.loss: 0.0006,	 Test Accuracy: 863/1000(86%)
Task: 0,	 Epoch: 52/80,	 Avg.loss: 0.0006,	 Test Accuracy: 870/1000(87%)
Task: 0,	 Epoch: 53/80,	 Avg.loss: 0.0006,	 Test Accuracy: 867/1000(87%)
Task: 0,	 Epoch: 54/80,	 Avg.loss: 0.0006,	 Test Accuracy: 863/1000(86%)
Task: 0,	 Epoch: 55/80,	 Avg.loss: 0.0006,	 Test Accuracy: 859/1000(86%)
Task: 0,	 Epoch: 56/80,	 Avg.loss: 0.0006,	 Test Accuracy: 864/1000(86%)
Task: 0,	 Epoch: 57/80,	 Avg.loss: 0.0006,	 Test Accuracy: 863/1000(86%)
Task: 0,	 Epoch: 58/80,	 Avg.loss: 0.0006,	 Test Accuracy: 866/1000(87%)
Task: 0,	 Epoch: 59/80,	 Avg.loss: 0.0006,	 Test Accuracy: 864/1000(86%)
Task: 0,	 Epoch: 60/80,	 Avg.loss: 0.0006,	 Test Accuracy: 867/1000(87%)
Task: 0,	 Epoch: 61/80,	 Avg.loss: 0.0006,	 Test Accuracy: 862/1000(86%)
Task: 0,	 Epoch: 62/80,	 Avg.loss: 0.0006,	 Test Accuracy: 870/1000(87%)
Task: 0,	 Epoch: 63/80,	 Avg.loss: 0.0006,	 Test Accuracy: 867/1000(87%)
Task: 0,	 Epoch: 64/80,	 Avg.loss: 0.0006,	 Test Accuracy: 864/1000(86%)
Task: 0,	 Epoch: 65/80,	 Avg.loss: 0.0006,	 Test Accuracy: 867/1000(87%)
Task: 0,	 Epoch: 66/80,	 Avg.loss: 0.0006,	 Test Accuracy: 866/1000(87%)
Task: 0,	 Epoch: 67/80,	 Avg.loss: 0.0007,	 Test Accuracy: 866/1000(87%)
Task: 0,	 Epoch: 68/80,	 Avg.loss: 0.0006,	 Test Accuracy: 866/1000(87%)
Task: 0,	 Epoch: 69/80,	 Avg.loss: 0.0007,	 Test Accuracy: 868/1000(87%)
Task: 0,	 Epoch: 70/80,	 Avg.loss: 0.0007,	 Test Accuracy: 866/1000(87%)
Task: 0,	 Epoch: 71/80,	 Avg.loss: 0.0006,	 Test Accuracy: 866/1000(87%)
Task: 0,	 Epoch: 72/80,	 Avg.loss: 0.0007,	 Test Accuracy: 864/1000(86%)
Task: 0,	 Epoch: 73/80,	 Avg.loss: 0.0007,	 Test Accuracy: 870/1000(87%)
Task: 0,	 Epoch: 74/80,	 Avg.loss: 0.0007,	 Test Accuracy: 867/1000(87%)
Task: 0,	 Epoch: 75/80,	 Avg.loss: 0.0007,	 Test Accuracy: 867/1000(87%)
Task: 0,	 Epoch: 76/80,	 Avg.loss: 0.0007,	 Test Accuracy: 865/1000(87%)
Task: 0,	 Epoch: 77/80,	 Avg.loss: 0.0007,	 Test Accuracy: 863/1000(86%)
Task: 0,	 Epoch: 78/80,	 Avg.loss: 0.0007,	 Test Accuracy: 861/1000(86%)
Task: 0,	 Epoch: 79/80,	 Avg.loss: 0.0007,	 Test Accuracy: 869/1000(87%)
conv1_layer.0.weight ************************* tensor(41.1608, device='cuda:0')
conv1_layer.0.bias ************************* tensor(1.4090, device='cuda:0')
conv1_layer.2.weight ************************* tensor(13.2792, device='cuda:0')
conv1_layer.2.bias ************************* tensor(1.2355, device='cuda:0')
conv2_layer.0.weight ************************* tensor(8.3707, device='cuda:0')
conv2_layer.0.bias ************************* tensor(0.4924, device='cuda:0')
conv2_layer.2.weight ************************* tensor(4.5686, device='cuda:0')
conv2_layer.2.bias ************************* tensor(0.1186, device='cuda:0')
fc1_layer.1.weight ************************* tensor(1.4216, device='cuda:0')
fc1_layer.1.bias ************************* tensor(0.0010, device='cuda:0')
Trained Task:0, Loaded task:0, Accuracy:86.9%
Trained Task:0, Avg. Accuracy: 86.9 

List of avg. accuracy: [86.9]
Mask histogram
conv1_layer.2.weight: 	 tensor([   0.,    0., 8192.,    0.,    0.,    0.,    0.,    0.,    0.,    0.,
           0.], device='cuda:0')
conv2_layer.2.weight: 	 tensor([   0.,    0., 4096.,    0.,    0.,    0.,    0.,    0.,    0.,    0.,
           0.], device='cuda:0')
fc1_layer.1.weight: 	 tensor([  0.,   0., 512.,   0.,   0.,   0.,   0.,   0.,   0.,   0.,   0.],
       device='cuda:0')
Task: 1,	 Epoch: 0/80,	 Avg.loss: 0.0010,	 Test Accuracy: 633/1000(63%)
Task: 1,	 Epoch: 1/80,	 Avg.loss: 0.0008,	 Test Accuracy: 706/1000(71%)
Task: 1,	 Epoch: 2/80,	 Avg.loss: 0.0008,	 Test Accuracy: 739/1000(74%)
Task: 1,	 Epoch: 3/80,	 Avg.loss: 0.0007,	 Test Accuracy: 755/1000(76%)
Task: 1,	 Epoch: 4/80,	 Avg.loss: 0.0006,	 Test Accuracy: 774/1000(77%)
Task: 1,	 Epoch: 5/80,	 Avg.loss: 0.0006,	 Test Accuracy: 777/1000(78%)
Task: 1,	 Epoch: 6/80,	 Avg.loss: 0.0007,	 Test Accuracy: 780/1000(78%)
Task: 1,	 Epoch: 7/80,	 Avg.loss: 0.0006,	 Test Accuracy: 784/1000(78%)
Task: 1,	 Epoch: 8/80,	 Avg.loss: 0.0007,	 Test Accuracy: 771/1000(77%)
Task: 1,	 Epoch: 9/80,	 Avg.loss: 0.0007,	 Test Accuracy: 788/1000(79%)
Task: 1,	 Epoch: 10/80,	 Avg.loss: 0.0007,	 Test Accuracy: 790/1000(79%)
Task: 1,	 Epoch: 11/80,	 Avg.loss: 0.0007,	 Test Accuracy: 782/1000(78%)
Task: 1,	 Epoch: 12/80,	 Avg.loss: 0.0006,	 Test Accuracy: 789/1000(79%)
Task: 1,	 Epoch: 13/80,	 Avg.loss: 0.0007,	 Test Accuracy: 798/1000(80%)
Task: 1,	 Epoch: 14/80,	 Avg.loss: 0.0007,	 Test Accuracy: 783/1000(78%)
Task: 1,	 Epoch: 15/80,	 Avg.loss: 0.0006,	 Test Accuracy: 805/1000(81%)
Task: 1,	 Epoch: 16/80,	 Avg.loss: 0.0006,	 Test Accuracy: 800/1000(80%)
Task: 1,	 Epoch: 17/80,	 Avg.loss: 0.0007,	 Test Accuracy: 808/1000(81%)
Task: 1,	 Epoch: 18/80,	 Avg.loss: 0.0007,	 Test Accuracy: 798/1000(80%)
Task: 1,	 Epoch: 19/80,	 Avg.loss: 0.0006,	 Test Accuracy: 816/1000(82%)
Task: 1,	 Epoch: 20/80,	 Avg.loss: 0.0007,	 Test Accuracy: 816/1000(82%)
Task: 1,	 Epoch: 21/80,	 Avg.loss: 0.0007,	 Test Accuracy: 814/1000(81%)
Task: 1,	 Epoch: 22/80,	 Avg.loss: 0.0007,	 Test Accuracy: 808/1000(81%)
Task: 1,	 Epoch: 23/80,	 Avg.loss: 0.0007,	 Test Accuracy: 809/1000(81%)
Task: 1,	 Epoch: 24/80,	 Avg.loss: 0.0007,	 Test Accuracy: 825/1000(83%)
Task: 1,	 Epoch: 25/80,	 Avg.loss: 0.0007,	 Test Accuracy: 807/1000(81%)
Task: 1,	 Epoch: 26/80,	 Avg.loss: 0.0007,	 Test Accuracy: 808/1000(81%)
Task: 1,	 Epoch: 27/80,	 Avg.loss: 0.0006,	 Test Accuracy: 810/1000(81%)
Task: 1,	 Epoch: 28/80,	 Avg.loss: 0.0006,	 Test Accuracy: 817/1000(82%)
Task: 1,	 Epoch: 29/80,	 Avg.loss: 0.0007,	 Test Accuracy: 814/1000(81%)
Task: 1,	 Epoch: 30/80,	 Avg.loss: 0.0008,	 Test Accuracy: 807/1000(81%)
Task: 1,	 Epoch: 31/80,	 Avg.loss: 0.0008,	 Test Accuracy: 800/1000(80%)
Task: 1,	 Epoch: 32/80,	 Avg.loss: 0.0008,	 Test Accuracy: 804/1000(80%)
Task: 1,	 Epoch: 33/80,	 Avg.loss: 0.0007,	 Test Accuracy: 817/1000(82%)
Task: 1,	 Epoch: 34/80,	 Avg.loss: 0.0008,	 Test Accuracy: 811/1000(81%)
Task: 1,	 Epoch: 35/80,	 Avg.loss: 0.0007,	 Test Accuracy: 822/1000(82%)
Task: 1,	 Epoch: 36/80,	 Avg.loss: 0.0007,	 Test Accuracy: 818/1000(82%)
Task: 1,	 Epoch: 37/80,	 Avg.loss: 0.0007,	 Test Accuracy: 815/1000(82%)
Task: 1,	 Epoch: 38/80,	 Avg.loss: 0.0008,	 Test Accuracy: 805/1000(81%)
Task: 1,	 Epoch: 39/80,	 Avg.loss: 0.0007,	 Test Accuracy: 811/1000(81%)
Task: 1,	 Epoch: 40/80,	 Avg.loss: 0.0008,	 Test Accuracy: 817/1000(82%)
Task: 1,	 Epoch: 41/80,	 Avg.loss: 0.0008,	 Test Accuracy: 809/1000(81%)
Task: 1,	 Epoch: 42/80,	 Avg.loss: 0.0008,	 Test Accuracy: 823/1000(82%)
Task: 1,	 Epoch: 43/80,	 Avg.loss: 0.0008,	 Test Accuracy: 817/1000(82%)
Task: 1,	 Epoch: 44/80,	 Avg.loss: 0.0008,	 Test Accuracy: 813/1000(81%)
Task: 1,	 Epoch: 45/80,	 Avg.loss: 0.0008,	 Test Accuracy: 820/1000(82%)
Task: 1,	 Epoch: 46/80,	 Avg.loss: 0.0008,	 Test Accuracy: 820/1000(82%)
Task: 1,	 Epoch: 47/80,	 Avg.loss: 0.0008,	 Test Accuracy: 825/1000(83%)
Task: 1,	 Epoch: 48/80,	 Avg.loss: 0.0008,	 Test Accuracy: 822/1000(82%)
Task: 1,	 Epoch: 49/80,	 Avg.loss: 0.0009,	 Test Accuracy: 820/1000(82%)
Task: 1,	 Epoch: 50/80,	 Avg.loss: 0.0008,	 Test Accuracy: 827/1000(83%)
Task: 1,	 Epoch: 51/80,	 Avg.loss: 0.0008,	 Test Accuracy: 820/1000(82%)
Task: 1,	 Epoch: 52/80,	 Avg.loss: 0.0008,	 Test Accuracy: 829/1000(83%)
Task: 1,	 Epoch: 53/80,	 Avg.loss: 0.0008,	 Test Accuracy: 831/1000(83%)
Task: 1,	 Epoch: 54/80,	 Avg.loss: 0.0008,	 Test Accuracy: 832/1000(83%)
Task: 1,	 Epoch: 55/80,	 Avg.loss: 0.0008,	 Test Accuracy: 830/1000(83%)
Task: 1,	 Epoch: 56/80,	 Avg.loss: 0.0008,	 Test Accuracy: 833/1000(83%)
Task: 1,	 Epoch: 57/80,	 Avg.loss: 0.0008,	 Test Accuracy: 833/1000(83%)
Task: 1,	 Epoch: 58/80,	 Avg.loss: 0.0008,	 Test Accuracy: 828/1000(83%)
Task: 1,	 Epoch: 59/80,	 Avg.loss: 0.0008,	 Test Accuracy: 834/1000(83%)
Task: 1,	 Epoch: 60/80,	 Avg.loss: 0.0008,	 Test Accuracy: 831/1000(83%)
Task: 1,	 Epoch: 61/80,	 Avg.loss: 0.0008,	 Test Accuracy: 833/1000(83%)
Task: 1,	 Epoch: 62/80,	 Avg.loss: 0.0008,	 Test Accuracy: 834/1000(83%)
Task: 1,	 Epoch: 63/80,	 Avg.loss: 0.0008,	 Test Accuracy: 842/1000(84%)
Task: 1,	 Epoch: 64/80,	 Avg.loss: 0.0008,	 Test Accuracy: 836/1000(84%)
Task: 1,	 Epoch: 65/80,	 Avg.loss: 0.0008,	 Test Accuracy: 837/1000(84%)
Task: 1,	 Epoch: 66/80,	 Avg.loss: 0.0008,	 Test Accuracy: 837/1000(84%)
Task: 1,	 Epoch: 67/80,	 Avg.loss: 0.0008,	 Test Accuracy: 833/1000(83%)
Task: 1,	 Epoch: 68/80,	 Avg.loss: 0.0008,	 Test Accuracy: 833/1000(83%)
Task: 1,	 Epoch: 69/80,	 Avg.loss: 0.0008,	 Test Accuracy: 838/1000(84%)
Task: 1,	 Epoch: 70/80,	 Avg.loss: 0.0008,	 Test Accuracy: 832/1000(83%)
Task: 1,	 Epoch: 71/80,	 Avg.loss: 0.0008,	 Test Accuracy: 837/1000(84%)
Task: 1,	 Epoch: 72/80,	 Avg.loss: 0.0008,	 Test Accuracy: 831/1000(83%)
Task: 1,	 Epoch: 73/80,	 Avg.loss: 0.0008,	 Test Accuracy: 833/1000(83%)
Task: 1,	 Epoch: 74/80,	 Avg.loss: 0.0008,	 Test Accuracy: 834/1000(83%)
Task: 1,	 Epoch: 75/80,	 Avg.loss: 0.0008,	 Test Accuracy: 831/1000(83%)
Task: 1,	 Epoch: 76/80,	 Avg.loss: 0.0008,	 Test Accuracy: 829/1000(83%)
Task: 1,	 Epoch: 77/80,	 Avg.loss: 0.0008,	 Test Accuracy: 829/1000(83%)
Task: 1,	 Epoch: 78/80,	 Avg.loss: 0.0008,	 Test Accuracy: 830/1000(83%)
Task: 1,	 Epoch: 79/80,	 Avg.loss: 0.0008,	 Test Accuracy: 831/1000(83%)
conv1_layer.0.weight ************************* tensor(87.2988, device='cuda:0')
conv1_layer.0.bias ************************* tensor(2.7615, device='cuda:0')
conv1_layer.2.weight ************************* tensor(26.6847, device='cuda:0')
conv1_layer.2.bias ************************* tensor(2.3805, device='cuda:0')
conv2_layer.0.weight ************************* tensor(16.2908, device='cuda:0')
conv2_layer.0.bias ************************* tensor(0.9138, device='cuda:0')
conv2_layer.2.weight ************************* tensor(9.3286, device='cuda:0')
conv2_layer.2.bias ************************* tensor(0.2322, device='cuda:0')
fc1_layer.1.weight ************************* tensor(3.1560, device='cuda:0')
fc1_layer.1.bias ************************* tensor(0.0023, device='cuda:0')
Trained Task:1, Loaded task:0, Accuracy:63.3%
Trained Task:1, Loaded task:1, Accuracy:83.1%
Trained Task:1, Avg. Accuracy: 73.2 

List of avg. accuracy: [86.9, 73.2]
Mask histogram
conv1_layer.2.weight: 	 tensor([   0.,    0.,    0., 8192.,    0.,    0.,    0.,    0.,    0.,    0.,
           0.], device='cuda:0')
conv2_layer.2.weight: 	 tensor([   0.,    0.,    0., 4096.,    0.,    0.,    0.,    0.,    0.,    0.,
           0.], device='cuda:0')
fc1_layer.1.weight: 	 tensor([  0.,   0.,   0., 512.,   0.,   0.,   0.,   0.,   0.,   0.,   0.],
       device='cuda:0')
Task: 2,	 Epoch: 0/80,	 Avg.loss: 0.0009,	 Test Accuracy: 695/1000(70%)
Task: 2,	 Epoch: 1/80,	 Avg.loss: 0.0008,	 Test Accuracy: 751/1000(75%)
Task: 2,	 Epoch: 2/80,	 Avg.loss: 0.0007,	 Test Accuracy: 768/1000(77%)
Task: 2,	 Epoch: 3/80,	 Avg.loss: 0.0008,	 Test Accuracy: 777/1000(78%)
Task: 2,	 Epoch: 4/80,	 Avg.loss: 0.0007,	 Test Accuracy: 792/1000(79%)
Task: 2,	 Epoch: 5/80,	 Avg.loss: 0.0007,	 Test Accuracy: 783/1000(78%)
Task: 2,	 Epoch: 6/80,	 Avg.loss: 0.0007,	 Test Accuracy: 801/1000(80%)
Task: 2,	 Epoch: 7/80,	 Avg.loss: 0.0007,	 Test Accuracy: 805/1000(81%)
Task: 2,	 Epoch: 8/80,	 Avg.loss: 0.0006,	 Test Accuracy: 815/1000(82%)
Task: 2,	 Epoch: 9/80,	 Avg.loss: 0.0006,	 Test Accuracy: 822/1000(82%)
Task: 2,	 Epoch: 10/80,	 Avg.loss: 0.0006,	 Test Accuracy: 835/1000(84%)
Task: 2,	 Epoch: 11/80,	 Avg.loss: 0.0007,	 Test Accuracy: 823/1000(82%)
Task: 2,	 Epoch: 12/80,	 Avg.loss: 0.0006,	 Test Accuracy: 824/1000(82%)
Task: 2,	 Epoch: 13/80,	 Avg.loss: 0.0006,	 Test Accuracy: 827/1000(83%)
Task: 2,	 Epoch: 14/80,	 Avg.loss: 0.0007,	 Test Accuracy: 812/1000(81%)
Task: 2,	 Epoch: 15/80,	 Avg.loss: 0.0006,	 Test Accuracy: 853/1000(85%)
Task: 2,	 Epoch: 16/80,	 Avg.loss: 0.0006,	 Test Accuracy: 851/1000(85%)
Task: 2,	 Epoch: 17/80,	 Avg.loss: 0.0007,	 Test Accuracy: 827/1000(83%)
Task: 2,	 Epoch: 18/80,	 Avg.loss: 0.0006,	 Test Accuracy: 835/1000(84%)
Task: 2,	 Epoch: 19/80,	 Avg.loss: 0.0007,	 Test Accuracy: 824/1000(82%)
Task: 2,	 Epoch: 20/80,	 Avg.loss: 0.0007,	 Test Accuracy: 820/1000(82%)
Task: 2,	 Epoch: 21/80,	 Avg.loss: 0.0007,	 Test Accuracy: 824/1000(82%)
Task: 2,	 Epoch: 22/80,	 Avg.loss: 0.0007,	 Test Accuracy: 842/1000(84%)
Task: 2,	 Epoch: 23/80,	 Avg.loss: 0.0007,	 Test Accuracy: 838/1000(84%)
Task: 2,	 Epoch: 24/80,	 Avg.loss: 0.0007,	 Test Accuracy: 830/1000(83%)
Task: 2,	 Epoch: 25/80,	 Avg.loss: 0.0007,	 Test Accuracy: 840/1000(84%)
Task: 2,	 Epoch: 26/80,	 Avg.loss: 0.0007,	 Test Accuracy: 844/1000(84%)
Task: 2,	 Epoch: 27/80,	 Avg.loss: 0.0008,	 Test Accuracy: 831/1000(83%)
Task: 2,	 Epoch: 28/80,	 Avg.loss: 0.0007,	 Test Accuracy: 842/1000(84%)
Task: 2,	 Epoch: 29/80,	 Avg.loss: 0.0007,	 Test Accuracy: 828/1000(83%)
Task: 2,	 Epoch: 30/80,	 Avg.loss: 0.0008,	 Test Accuracy: 831/1000(83%)
Task: 2,	 Epoch: 31/80,	 Avg.loss: 0.0008,	 Test Accuracy: 832/1000(83%)
Task: 2,	 Epoch: 32/80,	 Avg.loss: 0.0009,	 Test Accuracy: 818/1000(82%)
Task: 2,	 Epoch: 33/80,	 Avg.loss: 0.0007,	 Test Accuracy: 828/1000(83%)
Task: 2,	 Epoch: 34/80,	 Avg.loss: 0.0007,	 Test Accuracy: 835/1000(84%)
Task: 2,	 Epoch: 35/80,	 Avg.loss: 0.0007,	 Test Accuracy: 835/1000(84%)
Task: 2,	 Epoch: 36/80,	 Avg.loss: 0.0007,	 Test Accuracy: 838/1000(84%)
Task: 2,	 Epoch: 37/80,	 Avg.loss: 0.0008,	 Test Accuracy: 842/1000(84%)
Task: 2,	 Epoch: 38/80,	 Avg.loss: 0.0008,	 Test Accuracy: 832/1000(83%)
Task: 2,	 Epoch: 39/80,	 Avg.loss: 0.0008,	 Test Accuracy: 838/1000(84%)
Task: 2,	 Epoch: 40/80,	 Avg.loss: 0.0008,	 Test Accuracy: 840/1000(84%)
Task: 2,	 Epoch: 41/80,	 Avg.loss: 0.0008,	 Test Accuracy: 832/1000(83%)
Task: 2,	 Epoch: 42/80,	 Avg.loss: 0.0009,	 Test Accuracy: 825/1000(83%)
Task: 2,	 Epoch: 43/80,	 Avg.loss: 0.0009,	 Test Accuracy: 829/1000(83%)
Task: 2,	 Epoch: 44/80,	 Avg.loss: 0.0008,	 Test Accuracy: 832/1000(83%)
Task: 2,	 Epoch: 45/80,	 Avg.loss: 0.0008,	 Test Accuracy: 841/1000(84%)
Task: 2,	 Epoch: 46/80,	 Avg.loss: 0.0009,	 Test Accuracy: 839/1000(84%)
Task: 2,	 Epoch: 47/80,	 Avg.loss: 0.0009,	 Test Accuracy: 838/1000(84%)
Task: 2,	 Epoch: 48/80,	 Avg.loss: 0.0009,	 Test Accuracy: 838/1000(84%)
Task: 2,	 Epoch: 49/80,	 Avg.loss: 0.0009,	 Test Accuracy: 842/1000(84%)
Task: 2,	 Epoch: 50/80,	 Avg.loss: 0.0008,	 Test Accuracy: 841/1000(84%)
Task: 2,	 Epoch: 51/80,	 Avg.loss: 0.0008,	 Test Accuracy: 838/1000(84%)
Task: 2,	 Epoch: 52/80,	 Avg.loss: 0.0008,	 Test Accuracy: 842/1000(84%)
Task: 2,	 Epoch: 53/80,	 Avg.loss: 0.0008,	 Test Accuracy: 847/1000(85%)
Task: 2,	 Epoch: 54/80,	 Avg.loss: 0.0009,	 Test Accuracy: 842/1000(84%)
Task: 2,	 Epoch: 55/80,	 Avg.loss: 0.0008,	 Test Accuracy: 847/1000(85%)
Task: 2,	 Epoch: 56/80,	 Avg.loss: 0.0008,	 Test Accuracy: 847/1000(85%)
Task: 2,	 Epoch: 57/80,	 Avg.loss: 0.0008,	 Test Accuracy: 846/1000(85%)
Task: 2,	 Epoch: 58/80,	 Avg.loss: 0.0008,	 Test Accuracy: 848/1000(85%)
Task: 2,	 Epoch: 59/80,	 Avg.loss: 0.0008,	 Test Accuracy: 848/1000(85%)
Task: 2,	 Epoch: 60/80,	 Avg.loss: 0.0008,	 Test Accuracy: 851/1000(85%)
Task: 2,	 Epoch: 61/80,	 Avg.loss: 0.0009,	 Test Accuracy: 849/1000(85%)
Task: 2,	 Epoch: 62/80,	 Avg.loss: 0.0009,	 Test Accuracy: 851/1000(85%)
Task: 2,	 Epoch: 63/80,	 Avg.loss: 0.0009,	 Test Accuracy: 852/1000(85%)
Task: 2,	 Epoch: 64/80,	 Avg.loss: 0.0009,	 Test Accuracy: 847/1000(85%)
Task: 2,	 Epoch: 65/80,	 Avg.loss: 0.0009,	 Test Accuracy: 854/1000(85%)
Task: 2,	 Epoch: 66/80,	 Avg.loss: 0.0008,	 Test Accuracy: 852/1000(85%)
Task: 2,	 Epoch: 67/80,	 Avg.loss: 0.0008,	 Test Accuracy: 850/1000(85%)
Task: 2,	 Epoch: 68/80,	 Avg.loss: 0.0008,	 Test Accuracy: 852/1000(85%)
Task: 2,	 Epoch: 69/80,	 Avg.loss: 0.0008,	 Test Accuracy: 854/1000(85%)
Task: 2,	 Epoch: 70/80,	 Avg.loss: 0.0009,	 Test Accuracy: 852/1000(85%)
Task: 2,	 Epoch: 71/80,	 Avg.loss: 0.0009,	 Test Accuracy: 858/1000(86%)
Task: 2,	 Epoch: 72/80,	 Avg.loss: 0.0009,	 Test Accuracy: 860/1000(86%)
Task: 2,	 Epoch: 73/80,	 Avg.loss: 0.0008,	 Test Accuracy: 859/1000(86%)
Task: 2,	 Epoch: 74/80,	 Avg.loss: 0.0008,	 Test Accuracy: 856/1000(86%)
Task: 2,	 Epoch: 75/80,	 Avg.loss: 0.0009,	 Test Accuracy: 852/1000(85%)
Task: 2,	 Epoch: 76/80,	 Avg.loss: 0.0009,	 Test Accuracy: 852/1000(85%)
Task: 2,	 Epoch: 77/80,	 Avg.loss: 0.0009,	 Test Accuracy: 851/1000(85%)
Task: 2,	 Epoch: 78/80,	 Avg.loss: 0.0009,	 Test Accuracy: 859/1000(86%)
Task: 2,	 Epoch: 79/80,	 Avg.loss: 0.0009,	 Test Accuracy: 857/1000(86%)
conv1_layer.0.weight ************************* tensor(127.9523, device='cuda:0')
conv1_layer.0.bias ************************* tensor(4.1035, device='cuda:0')
conv1_layer.2.weight ************************* tensor(38.4570, device='cuda:0')
conv1_layer.2.bias ************************* tensor(3.6892, device='cuda:0')
conv2_layer.0.weight ************************* tensor(22.4700, device='cuda:0')
conv2_layer.0.bias ************************* tensor(1.3381, device='cuda:0')
conv2_layer.2.weight ************************* tensor(12.6270, device='cuda:0')
conv2_layer.2.bias ************************* tensor(0.3220, device='cuda:0')
fc1_layer.1.weight ************************* tensor(4.3116, device='cuda:0')
fc1_layer.1.bias ************************* tensor(0.0031, device='cuda:0')
Trained Task:2, Loaded task:0, Accuracy:64.9%
Trained Task:2, Loaded task:1, Accuracy:75.9%
Trained Task:2, Loaded task:2, Accuracy:85.7%
Trained Task:2, Avg. Accuracy: 75.5 

List of avg. accuracy: [86.9, 73.2, 75.5]
Mask histogram
conv1_layer.2.weight: 	 tensor([   0.,    0.,    0.,    0., 8192.,    0.,    0.,    0.,    0.,    0.,
           0.], device='cuda:0')
conv2_layer.2.weight: 	 tensor([   0.,    0.,    0.,    0., 4096.,    0.,    0.,    0.,    0.,    0.,
           0.], device='cuda:0')
fc1_layer.1.weight: 	 tensor([  0.,   0.,   0.,   0., 512.,   0.,   0.,   0.,   0.,   0.,   0.],
       device='cuda:0')
Task: 3,	 Epoch: 0/80,	 Avg.loss: 0.0009,	 Test Accuracy: 704/1000(70%)
Task: 3,	 Epoch: 1/80,	 Avg.loss: 0.0008,	 Test Accuracy: 722/1000(72%)
Task: 3,	 Epoch: 2/80,	 Avg.loss: 0.0008,	 Test Accuracy: 777/1000(78%)
Task: 3,	 Epoch: 3/80,	 Avg.loss: 0.0007,	 Test Accuracy: 781/1000(78%)
Task: 3,	 Epoch: 4/80,	 Avg.loss: 0.0007,	 Test Accuracy: 788/1000(79%)
Task: 3,	 Epoch: 5/80,	 Avg.loss: 0.0007,	 Test Accuracy: 781/1000(78%)
Task: 3,	 Epoch: 6/80,	 Avg.loss: 0.0007,	 Test Accuracy: 783/1000(78%)
Task: 3,	 Epoch: 7/80,	 Avg.loss: 0.0007,	 Test Accuracy: 806/1000(81%)
Task: 3,	 Epoch: 8/80,	 Avg.loss: 0.0006,	 Test Accuracy: 806/1000(81%)
Task: 3,	 Epoch: 9/80,	 Avg.loss: 0.0007,	 Test Accuracy: 805/1000(81%)
Task: 3,	 Epoch: 10/80,	 Avg.loss: 0.0007,	 Test Accuracy: 816/1000(82%)
Task: 3,	 Epoch: 11/80,	 Avg.loss: 0.0007,	 Test Accuracy: 815/1000(82%)
Task: 3,	 Epoch: 12/80,	 Avg.loss: 0.0006,	 Test Accuracy: 811/1000(81%)
Task: 3,	 Epoch: 13/80,	 Avg.loss: 0.0007,	 Test Accuracy: 803/1000(80%)
Task: 3,	 Epoch: 14/80,	 Avg.loss: 0.0007,	 Test Accuracy: 815/1000(82%)
Task: 3,	 Epoch: 15/80,	 Avg.loss: 0.0007,	 Test Accuracy: 812/1000(81%)
Task: 3,	 Epoch: 16/80,	 Avg.loss: 0.0007,	 Test Accuracy: 822/1000(82%)
Task: 3,	 Epoch: 17/80,	 Avg.loss: 0.0007,	 Test Accuracy: 824/1000(82%)
Task: 3,	 Epoch: 18/80,	 Avg.loss: 0.0007,	 Test Accuracy: 834/1000(83%)
Task: 3,	 Epoch: 19/80,	 Avg.loss: 0.0007,	 Test Accuracy: 823/1000(82%)
Task: 3,	 Epoch: 20/80,	 Avg.loss: 0.0007,	 Test Accuracy: 833/1000(83%)
Task: 3,	 Epoch: 21/80,	 Avg.loss: 0.0007,	 Test Accuracy: 819/1000(82%)
Task: 3,	 Epoch: 22/80,	 Avg.loss: 0.0007,	 Test Accuracy: 829/1000(83%)
Task: 3,	 Epoch: 23/80,	 Avg.loss: 0.0007,	 Test Accuracy: 824/1000(82%)
Task: 3,	 Epoch: 24/80,	 Avg.loss: 0.0007,	 Test Accuracy: 834/1000(83%)
Task: 3,	 Epoch: 25/80,	 Avg.loss: 0.0007,	 Test Accuracy: 838/1000(84%)
Task: 3,	 Epoch: 26/80,	 Avg.loss: 0.0007,	 Test Accuracy: 831/1000(83%)
Task: 3,	 Epoch: 27/80,	 Avg.loss: 0.0007,	 Test Accuracy: 839/1000(84%)
Task: 3,	 Epoch: 28/80,	 Avg.loss: 0.0007,	 Test Accuracy: 832/1000(83%)
Task: 3,	 Epoch: 29/80,	 Avg.loss: 0.0008,	 Test Accuracy: 809/1000(81%)
Task: 3,	 Epoch: 30/80,	 Avg.loss: 0.0007,	 Test Accuracy: 840/1000(84%)
Task: 3,	 Epoch: 31/80,	 Avg.loss: 0.0007,	 Test Accuracy: 841/1000(84%)
Task: 3,	 Epoch: 32/80,	 Avg.loss: 0.0008,	 Test Accuracy: 817/1000(82%)
Task: 3,	 Epoch: 33/80,	 Avg.loss: 0.0008,	 Test Accuracy: 820/1000(82%)
Task: 3,	 Epoch: 34/80,	 Avg.loss: 0.0007,	 Test Accuracy: 835/1000(84%)
Task: 3,	 Epoch: 35/80,	 Avg.loss: 0.0008,	 Test Accuracy: 821/1000(82%)
Task: 3,	 Epoch: 36/80,	 Avg.loss: 0.0007,	 Test Accuracy: 825/1000(83%)
Task: 3,	 Epoch: 37/80,	 Avg.loss: 0.0008,	 Test Accuracy: 822/1000(82%)
Task: 3,	 Epoch: 38/80,	 Avg.loss: 0.0007,	 Test Accuracy: 845/1000(85%)
Task: 3,	 Epoch: 39/80,	 Avg.loss: 0.0007,	 Test Accuracy: 832/1000(83%)
Task: 3,	 Epoch: 40/80,	 Avg.loss: 0.0008,	 Test Accuracy: 831/1000(83%)
Task: 3,	 Epoch: 41/80,	 Avg.loss: 0.0008,	 Test Accuracy: 830/1000(83%)
Task: 3,	 Epoch: 42/80,	 Avg.loss: 0.0009,	 Test Accuracy: 813/1000(81%)
Task: 3,	 Epoch: 43/80,	 Avg.loss: 0.0009,	 Test Accuracy: 825/1000(83%)
Task: 3,	 Epoch: 44/80,	 Avg.loss: 0.0008,	 Test Accuracy: 835/1000(84%)
Task: 3,	 Epoch: 45/80,	 Avg.loss: 0.0008,	 Test Accuracy: 830/1000(83%)
Task: 3,	 Epoch: 46/80,	 Avg.loss: 0.0008,	 Test Accuracy: 842/1000(84%)
Task: 3,	 Epoch: 47/80,	 Avg.loss: 0.0008,	 Test Accuracy: 843/1000(84%)
Task: 3,	 Epoch: 48/80,	 Avg.loss: 0.0008,	 Test Accuracy: 836/1000(84%)
Task: 3,	 Epoch: 49/80,	 Avg.loss: 0.0008,	 Test Accuracy: 847/1000(85%)
Task: 3,	 Epoch: 50/80,	 Avg.loss: 0.0008,	 Test Accuracy: 849/1000(85%)
Task: 3,	 Epoch: 51/80,	 Avg.loss: 0.0008,	 Test Accuracy: 851/1000(85%)
Task: 3,	 Epoch: 52/80,	 Avg.loss: 0.0008,	 Test Accuracy: 849/1000(85%)
Task: 3,	 Epoch: 53/80,	 Avg.loss: 0.0008,	 Test Accuracy: 845/1000(85%)
Task: 3,	 Epoch: 54/80,	 Avg.loss: 0.0008,	 Test Accuracy: 846/1000(85%)
Task: 3,	 Epoch: 55/80,	 Avg.loss: 0.0008,	 Test Accuracy: 842/1000(84%)
Task: 3,	 Epoch: 56/80,	 Avg.loss: 0.0008,	 Test Accuracy: 845/1000(85%)
Task: 3,	 Epoch: 57/80,	 Avg.loss: 0.0008,	 Test Accuracy: 846/1000(85%)
Task: 3,	 Epoch: 58/80,	 Avg.loss: 0.0008,	 Test Accuracy: 845/1000(85%)
Task: 3,	 Epoch: 59/80,	 Avg.loss: 0.0008,	 Test Accuracy: 847/1000(85%)
Task: 3,	 Epoch: 60/80,	 Avg.loss: 0.0008,	 Test Accuracy: 847/1000(85%)
Task: 3,	 Epoch: 61/80,	 Avg.loss: 0.0008,	 Test Accuracy: 847/1000(85%)
Task: 3,	 Epoch: 62/80,	 Avg.loss: 0.0008,	 Test Accuracy: 850/1000(85%)
Task: 3,	 Epoch: 63/80,	 Avg.loss: 0.0008,	 Test Accuracy: 848/1000(85%)
Task: 3,	 Epoch: 64/80,	 Avg.loss: 0.0008,	 Test Accuracy: 849/1000(85%)
Task: 3,	 Epoch: 65/80,	 Avg.loss: 0.0008,	 Test Accuracy: 849/1000(85%)
Task: 3,	 Epoch: 66/80,	 Avg.loss: 0.0008,	 Test Accuracy: 850/1000(85%)
Task: 3,	 Epoch: 67/80,	 Avg.loss: 0.0008,	 Test Accuracy: 847/1000(85%)
Task: 3,	 Epoch: 68/80,	 Avg.loss: 0.0008,	 Test Accuracy: 850/1000(85%)
Task: 3,	 Epoch: 69/80,	 Avg.loss: 0.0008,	 Test Accuracy: 847/1000(85%)
Task: 3,	 Epoch: 70/80,	 Avg.loss: 0.0008,	 Test Accuracy: 847/1000(85%)
Task: 3,	 Epoch: 71/80,	 Avg.loss: 0.0008,	 Test Accuracy: 845/1000(85%)
Task: 3,	 Epoch: 72/80,	 Avg.loss: 0.0008,	 Test Accuracy: 846/1000(85%)
Task: 3,	 Epoch: 73/80,	 Avg.loss: 0.0008,	 Test Accuracy: 852/1000(85%)
Task: 3,	 Epoch: 74/80,	 Avg.loss: 0.0008,	 Test Accuracy: 845/1000(85%)
Task: 3,	 Epoch: 75/80,	 Avg.loss: 0.0008,	 Test Accuracy: 844/1000(84%)
Task: 3,	 Epoch: 76/80,	 Avg.loss: 0.0008,	 Test Accuracy: 846/1000(85%)
Task: 3,	 Epoch: 77/80,	 Avg.loss: 0.0008,	 Test Accuracy: 844/1000(84%)
Task: 3,	 Epoch: 78/80,	 Avg.loss: 0.0008,	 Test Accuracy: 850/1000(85%)
Task: 3,	 Epoch: 79/80,	 Avg.loss: 0.0008,	 Test Accuracy: 849/1000(85%)
conv1_layer.0.weight ************************* tensor(199.4050, device='cuda:0')
conv1_layer.0.bias ************************* tensor(6.7581, device='cuda:0')
conv1_layer.2.weight ************************* tensor(57.6919, device='cuda:0')
conv1_layer.2.bias ************************* tensor(6.0269, device='cuda:0')
conv2_layer.0.weight ************************* tensor(31.6568, device='cuda:0')
conv2_layer.0.bias ************************* tensor(1.9755, device='cuda:0')
conv2_layer.2.weight ************************* tensor(17.5371, device='cuda:0')
conv2_layer.2.bias ************************* tensor(0.4722, device='cuda:0')
fc1_layer.1.weight ************************* tensor(5.9246, device='cuda:0')
fc1_layer.1.bias ************************* tensor(0.0045, device='cuda:0')
Trained Task:3, Loaded task:0, Accuracy:59.4%
Trained Task:3, Loaded task:1, Accuracy:71.8%
Trained Task:3, Loaded task:2, Accuracy:77.2%
Trained Task:3, Loaded task:3, Accuracy:84.9%
Trained Task:3, Avg. Accuracy: 73.3 

List of avg. accuracy: [86.9, 73.2, 75.5, 73.3]
Mask histogram
conv1_layer.2.weight: 	 tensor([   0.,    0.,    0.,    0.,    0., 8192.,    0.,    0.,    0.,    0.,
           0.], device='cuda:0')
conv2_layer.2.weight: 	 tensor([   0.,    0.,    0.,    0.,    0., 4096.,    0.,    0.,    0.,    0.,
           0.], device='cuda:0')
fc1_layer.1.weight: 	 tensor([  0.,   0.,   0.,   0.,   0., 512.,   0.,   0.,   0.,   0.,   0.],
       device='cuda:0')
Task: 4,	 Epoch: 0/80,	 Avg.loss: 0.0009,	 Test Accuracy: 719/1000(72%)
Task: 4,	 Epoch: 1/80,	 Avg.loss: 0.0007,	 Test Accuracy: 787/1000(79%)
Task: 4,	 Epoch: 2/80,	 Avg.loss: 0.0006,	 Test Accuracy: 798/1000(80%)
Task: 4,	 Epoch: 3/80,	 Avg.loss: 0.0006,	 Test Accuracy: 804/1000(80%)
Task: 4,	 Epoch: 4/80,	 Avg.loss: 0.0006,	 Test Accuracy: 835/1000(84%)
Task: 4,	 Epoch: 5/80,	 Avg.loss: 0.0006,	 Test Accuracy: 816/1000(82%)
Task: 4,	 Epoch: 6/80,	 Avg.loss: 0.0006,	 Test Accuracy: 825/1000(83%)
Task: 4,	 Epoch: 7/80,	 Avg.loss: 0.0006,	 Test Accuracy: 828/1000(83%)
Task: 4,	 Epoch: 8/80,	 Avg.loss: 0.0006,	 Test Accuracy: 832/1000(83%)
Task: 4,	 Epoch: 9/80,	 Avg.loss: 0.0006,	 Test Accuracy: 844/1000(84%)
Task: 4,	 Epoch: 10/80,	 Avg.loss: 0.0006,	 Test Accuracy: 830/1000(83%)
Task: 4,	 Epoch: 11/80,	 Avg.loss: 0.0006,	 Test Accuracy: 840/1000(84%)
Task: 4,	 Epoch: 12/80,	 Avg.loss: 0.0006,	 Test Accuracy: 830/1000(83%)
Task: 4,	 Epoch: 13/80,	 Avg.loss: 0.0006,	 Test Accuracy: 836/1000(84%)
Task: 4,	 Epoch: 14/80,	 Avg.loss: 0.0006,	 Test Accuracy: 841/1000(84%)
Task: 4,	 Epoch: 15/80,	 Avg.loss: 0.0006,	 Test Accuracy: 838/1000(84%)
Task: 4,	 Epoch: 16/80,	 Avg.loss: 0.0006,	 Test Accuracy: 832/1000(83%)
Task: 4,	 Epoch: 17/80,	 Avg.loss: 0.0006,	 Test Accuracy: 850/1000(85%)
Task: 4,	 Epoch: 18/80,	 Avg.loss: 0.0006,	 Test Accuracy: 846/1000(85%)
Task: 4,	 Epoch: 19/80,	 Avg.loss: 0.0006,	 Test Accuracy: 837/1000(84%)
Task: 4,	 Epoch: 20/80,	 Avg.loss: 0.0006,	 Test Accuracy: 837/1000(84%)
Task: 4,	 Epoch: 21/80,	 Avg.loss: 0.0006,	 Test Accuracy: 846/1000(85%)
Task: 4,	 Epoch: 22/80,	 Avg.loss: 0.0006,	 Test Accuracy: 852/1000(85%)
Task: 4,	 Epoch: 23/80,	 Avg.loss: 0.0006,	 Test Accuracy: 850/1000(85%)
Task: 4,	 Epoch: 24/80,	 Avg.loss: 0.0006,	 Test Accuracy: 850/1000(85%)
Task: 4,	 Epoch: 25/80,	 Avg.loss: 0.0006,	 Test Accuracy: 855/1000(86%)
Task: 4,	 Epoch: 26/80,	 Avg.loss: 0.0006,	 Test Accuracy: 852/1000(85%)
Task: 4,	 Epoch: 27/80,	 Avg.loss: 0.0008,	 Test Accuracy: 828/1000(83%)
Task: 4,	 Epoch: 28/80,	 Avg.loss: 0.0006,	 Test Accuracy: 860/1000(86%)
Task: 4,	 Epoch: 29/80,	 Avg.loss: 0.0006,	 Test Accuracy: 839/1000(84%)
Task: 4,	 Epoch: 30/80,	 Avg.loss: 0.0007,	 Test Accuracy: 857/1000(86%)
Task: 4,	 Epoch: 31/80,	 Avg.loss: 0.0007,	 Test Accuracy: 840/1000(84%)
Task: 4,	 Epoch: 32/80,	 Avg.loss: 0.0007,	 Test Accuracy: 851/1000(85%)
Task: 4,	 Epoch: 33/80,	 Avg.loss: 0.0007,	 Test Accuracy: 842/1000(84%)
Task: 4,	 Epoch: 34/80,	 Avg.loss: 0.0007,	 Test Accuracy: 853/1000(85%)
Task: 4,	 Epoch: 35/80,	 Avg.loss: 0.0007,	 Test Accuracy: 868/1000(87%)
Task: 4,	 Epoch: 36/80,	 Avg.loss: 0.0008,	 Test Accuracy: 836/1000(84%)
Task: 4,	 Epoch: 37/80,	 Avg.loss: 0.0007,	 Test Accuracy: 853/1000(85%)
Task: 4,	 Epoch: 38/80,	 Avg.loss: 0.0007,	 Test Accuracy: 855/1000(86%)
Task: 4,	 Epoch: 39/80,	 Avg.loss: 0.0008,	 Test Accuracy: 846/1000(85%)
Task: 4,	 Epoch: 40/80,	 Avg.loss: 0.0006,	 Test Accuracy: 851/1000(85%)
Task: 4,	 Epoch: 41/80,	 Avg.loss: 0.0007,	 Test Accuracy: 851/1000(85%)
Task: 4,	 Epoch: 42/80,	 Avg.loss: 0.0007,	 Test Accuracy: 858/1000(86%)
Task: 4,	 Epoch: 43/80,	 Avg.loss: 0.0008,	 Test Accuracy: 846/1000(85%)
Task: 4,	 Epoch: 44/80,	 Avg.loss: 0.0007,	 Test Accuracy: 854/1000(85%)
Task: 4,	 Epoch: 45/80,	 Avg.loss: 0.0008,	 Test Accuracy: 839/1000(84%)
Task: 4,	 Epoch: 46/80,	 Avg.loss: 0.0007,	 Test Accuracy: 851/1000(85%)
Task: 4,	 Epoch: 47/80,	 Avg.loss: 0.0008,	 Test Accuracy: 847/1000(85%)
Task: 4,	 Epoch: 48/80,	 Avg.loss: 0.0007,	 Test Accuracy: 849/1000(85%)
Task: 4,	 Epoch: 49/80,	 Avg.loss: 0.0007,	 Test Accuracy: 851/1000(85%)
Task: 4,	 Epoch: 50/80,	 Avg.loss: 0.0007,	 Test Accuracy: 859/1000(86%)
Task: 4,	 Epoch: 51/80,	 Avg.loss: 0.0007,	 Test Accuracy: 855/1000(86%)
Task: 4,	 Epoch: 52/80,	 Avg.loss: 0.0007,	 Test Accuracy: 852/1000(85%)
Task: 4,	 Epoch: 53/80,	 Avg.loss: 0.0007,	 Test Accuracy: 860/1000(86%)
Task: 4,	 Epoch: 54/80,	 Avg.loss: 0.0007,	 Test Accuracy: 859/1000(86%)
Task: 4,	 Epoch: 55/80,	 Avg.loss: 0.0007,	 Test Accuracy: 862/1000(86%)
Task: 4,	 Epoch: 56/80,	 Avg.loss: 0.0007,	 Test Accuracy: 859/1000(86%)
Task: 4,	 Epoch: 57/80,	 Avg.loss: 0.0007,	 Test Accuracy: 858/1000(86%)
Task: 4,	 Epoch: 58/80,	 Avg.loss: 0.0007,	 Test Accuracy: 858/1000(86%)
Task: 4,	 Epoch: 59/80,	 Avg.loss: 0.0007,	 Test Accuracy: 860/1000(86%)
Task: 4,	 Epoch: 60/80,	 Avg.loss: 0.0007,	 Test Accuracy: 862/1000(86%)
Task: 4,	 Epoch: 61/80,	 Avg.loss: 0.0007,	 Test Accuracy: 858/1000(86%)
Task: 4,	 Epoch: 62/80,	 Avg.loss: 0.0007,	 Test Accuracy: 864/1000(86%)
Task: 4,	 Epoch: 63/80,	 Avg.loss: 0.0007,	 Test Accuracy: 858/1000(86%)
Task: 4,	 Epoch: 64/80,	 Avg.loss: 0.0007,	 Test Accuracy: 859/1000(86%)
Task: 4,	 Epoch: 65/80,	 Avg.loss: 0.0007,	 Test Accuracy: 864/1000(86%)
Task: 4,	 Epoch: 66/80,	 Avg.loss: 0.0007,	 Test Accuracy: 862/1000(86%)
Task: 4,	 Epoch: 67/80,	 Avg.loss: 0.0007,	 Test Accuracy: 860/1000(86%)
Task: 4,	 Epoch: 68/80,	 Avg.loss: 0.0007,	 Test Accuracy: 866/1000(87%)
Task: 4,	 Epoch: 69/80,	 Avg.loss: 0.0007,	 Test Accuracy: 864/1000(86%)
Task: 4,	 Epoch: 70/80,	 Avg.loss: 0.0007,	 Test Accuracy: 863/1000(86%)
Task: 4,	 Epoch: 71/80,	 Avg.loss: 0.0007,	 Test Accuracy: 859/1000(86%)
Task: 4,	 Epoch: 72/80,	 Avg.loss: 0.0007,	 Test Accuracy: 865/1000(87%)
Task: 4,	 Epoch: 73/80,	 Avg.loss: 0.0007,	 Test Accuracy: 869/1000(87%)
Task: 4,	 Epoch: 74/80,	 Avg.loss: 0.0007,	 Test Accuracy: 860/1000(86%)
Task: 4,	 Epoch: 75/80,	 Avg.loss: 0.0007,	 Test Accuracy: 865/1000(87%)
Task: 4,	 Epoch: 76/80,	 Avg.loss: 0.0007,	 Test Accuracy: 861/1000(86%)
Task: 4,	 Epoch: 77/80,	 Avg.loss: 0.0007,	 Test Accuracy: 862/1000(86%)
Task: 4,	 Epoch: 78/80,	 Avg.loss: 0.0007,	 Test Accuracy: 864/1000(86%)
Task: 4,	 Epoch: 79/80,	 Avg.loss: 0.0007,	 Test Accuracy: 861/1000(86%)
conv1_layer.0.weight ************************* tensor(238.6892, device='cuda:0')
conv1_layer.0.bias ************************* tensor(8.2694, device='cuda:0')
conv1_layer.2.weight ************************* tensor(71.5979, device='cuda:0')
conv1_layer.2.bias ************************* tensor(7.5373, device='cuda:0')
conv2_layer.0.weight ************************* tensor(39.0025, device='cuda:0')
conv2_layer.0.bias ************************* tensor(2.3411, device='cuda:0')
conv2_layer.2.weight ************************* tensor(21.7371, device='cuda:0')
conv2_layer.2.bias ************************* tensor(0.5625, device='cuda:0')
fc1_layer.1.weight ************************* tensor(7.2103, device='cuda:0')
fc1_layer.1.bias ************************* tensor(0.0054, device='cuda:0')
Trained Task:4, Loaded task:0, Accuracy:58.2%
Trained Task:4, Loaded task:1, Accuracy:63.6%
Trained Task:4, Loaded task:2, Accuracy:68.9%
Trained Task:4, Loaded task:3, Accuracy:74.2%
Trained Task:4, Loaded task:4, Accuracy:86.1%
Trained Task:4, Avg. Accuracy: 70.2 

List of avg. accuracy: [86.9, 73.2, 75.5, 73.3, 70.2]
Mask histogram
conv1_layer.2.weight: 	 tensor([   0.,    0.,    0.,    0.,    0.,    0., 8192.,    0.,    0.,    0.,
           0.], device='cuda:0')
conv2_layer.2.weight: 	 tensor([   0.,    0.,    0.,    0.,    0.,    0., 4096.,    0.,    0.,    0.,
           0.], device='cuda:0')
fc1_layer.1.weight: 	 tensor([  0.,   0.,   0.,   0.,   0.,   0., 512.,   0.,   0.,   0.,   0.],
       device='cuda:0')
Task: 5,	 Epoch: 0/80,	 Avg.loss: 0.0009,	 Test Accuracy: 678/1000(68%)
Task: 5,	 Epoch: 1/80,	 Avg.loss: 0.0007,	 Test Accuracy: 738/1000(74%)
Task: 5,	 Epoch: 2/80,	 Avg.loss: 0.0006,	 Test Accuracy: 750/1000(75%)
Task: 5,	 Epoch: 3/80,	 Avg.loss: 0.0007,	 Test Accuracy: 759/1000(76%)
Task: 5,	 Epoch: 4/80,	 Avg.loss: 0.0007,	 Test Accuracy: 770/1000(77%)
Task: 5,	 Epoch: 5/80,	 Avg.loss: 0.0006,	 Test Accuracy: 792/1000(79%)
Task: 5,	 Epoch: 6/80,	 Avg.loss: 0.0006,	 Test Accuracy: 806/1000(81%)
Task: 5,	 Epoch: 7/80,	 Avg.loss: 0.0006,	 Test Accuracy: 797/1000(80%)
Task: 5,	 Epoch: 8/80,	 Avg.loss: 0.0006,	 Test Accuracy: 803/1000(80%)
Task: 5,	 Epoch: 9/80,	 Avg.loss: 0.0005,	 Test Accuracy: 822/1000(82%)
Task: 5,	 Epoch: 10/80,	 Avg.loss: 0.0006,	 Test Accuracy: 804/1000(80%)
Task: 5,	 Epoch: 11/80,	 Avg.loss: 0.0005,	 Test Accuracy: 821/1000(82%)
Task: 5,	 Epoch: 12/80,	 Avg.loss: 0.0005,	 Test Accuracy: 832/1000(83%)
Task: 5,	 Epoch: 13/80,	 Avg.loss: 0.0006,	 Test Accuracy: 822/1000(82%)
Task: 5,	 Epoch: 14/80,	 Avg.loss: 0.0006,	 Test Accuracy: 822/1000(82%)
Task: 5,	 Epoch: 15/80,	 Avg.loss: 0.0006,	 Test Accuracy: 825/1000(83%)
Task: 5,	 Epoch: 16/80,	 Avg.loss: 0.0006,	 Test Accuracy: 814/1000(81%)
Task: 5,	 Epoch: 17/80,	 Avg.loss: 0.0006,	 Test Accuracy: 825/1000(83%)
Task: 5,	 Epoch: 18/80,	 Avg.loss: 0.0006,	 Test Accuracy: 825/1000(83%)
Task: 5,	 Epoch: 19/80,	 Avg.loss: 0.0006,	 Test Accuracy: 829/1000(83%)
Task: 5,	 Epoch: 20/80,	 Avg.loss: 0.0006,	 Test Accuracy: 841/1000(84%)
Task: 5,	 Epoch: 21/80,	 Avg.loss: 0.0006,	 Test Accuracy: 833/1000(83%)
Task: 5,	 Epoch: 22/80,	 Avg.loss: 0.0007,	 Test Accuracy: 812/1000(81%)
Task: 5,	 Epoch: 23/80,	 Avg.loss: 0.0007,	 Test Accuracy: 812/1000(81%)
Task: 5,	 Epoch: 24/80,	 Avg.loss: 0.0006,	 Test Accuracy: 824/1000(82%)
Task: 5,	 Epoch: 25/80,	 Avg.loss: 0.0006,	 Test Accuracy: 827/1000(83%)
Task: 5,	 Epoch: 26/80,	 Avg.loss: 0.0006,	 Test Accuracy: 838/1000(84%)
Task: 5,	 Epoch: 27/80,	 Avg.loss: 0.0006,	 Test Accuracy: 839/1000(84%)
Task: 5,	 Epoch: 28/80,	 Avg.loss: 0.0006,	 Test Accuracy: 831/1000(83%)
Task: 5,	 Epoch: 29/80,	 Avg.loss: 0.0006,	 Test Accuracy: 839/1000(84%)
Task: 5,	 Epoch: 30/80,	 Avg.loss: 0.0006,	 Test Accuracy: 831/1000(83%)
Task: 5,	 Epoch: 31/80,	 Avg.loss: 0.0006,	 Test Accuracy: 828/1000(83%)
Task: 5,	 Epoch: 32/80,	 Avg.loss: 0.0007,	 Test Accuracy: 814/1000(81%)
Task: 5,	 Epoch: 33/80,	 Avg.loss: 0.0007,	 Test Accuracy: 840/1000(84%)
Task: 5,	 Epoch: 34/80,	 Avg.loss: 0.0007,	 Test Accuracy: 823/1000(82%)
Task: 5,	 Epoch: 35/80,	 Avg.loss: 0.0007,	 Test Accuracy: 831/1000(83%)
Task: 5,	 Epoch: 36/80,	 Avg.loss: 0.0007,	 Test Accuracy: 821/1000(82%)
Task: 5,	 Epoch: 37/80,	 Avg.loss: 0.0007,	 Test Accuracy: 843/1000(84%)
Task: 5,	 Epoch: 38/80,	 Avg.loss: 0.0006,	 Test Accuracy: 832/1000(83%)
Task: 5,	 Epoch: 39/80,	 Avg.loss: 0.0006,	 Test Accuracy: 831/1000(83%)
Task: 5,	 Epoch: 40/80,	 Avg.loss: 0.0006,	 Test Accuracy: 829/1000(83%)
Task: 5,	 Epoch: 41/80,	 Avg.loss: 0.0007,	 Test Accuracy: 824/1000(82%)
Task: 5,	 Epoch: 42/80,	 Avg.loss: 0.0007,	 Test Accuracy: 828/1000(83%)
Task: 5,	 Epoch: 43/80,	 Avg.loss: 0.0007,	 Test Accuracy: 822/1000(82%)
Task: 5,	 Epoch: 44/80,	 Avg.loss: 0.0007,	 Test Accuracy: 831/1000(83%)
Task: 5,	 Epoch: 45/80,	 Avg.loss: 0.0007,	 Test Accuracy: 831/1000(83%)
Task: 5,	 Epoch: 46/80,	 Avg.loss: 0.0007,	 Test Accuracy: 843/1000(84%)
Task: 5,	 Epoch: 47/80,	 Avg.loss: 0.0006,	 Test Accuracy: 828/1000(83%)
Task: 5,	 Epoch: 48/80,	 Avg.loss: 0.0007,	 Test Accuracy: 840/1000(84%)
Task: 5,	 Epoch: 49/80,	 Avg.loss: 0.0007,	 Test Accuracy: 834/1000(83%)
Task: 5,	 Epoch: 50/80,	 Avg.loss: 0.0006,	 Test Accuracy: 833/1000(83%)
Task: 5,	 Epoch: 51/80,	 Avg.loss: 0.0006,	 Test Accuracy: 846/1000(85%)
Task: 5,	 Epoch: 52/80,	 Avg.loss: 0.0006,	 Test Accuracy: 843/1000(84%)
Task: 5,	 Epoch: 53/80,	 Avg.loss: 0.0006,	 Test Accuracy: 841/1000(84%)
Task: 5,	 Epoch: 54/80,	 Avg.loss: 0.0006,	 Test Accuracy: 842/1000(84%)
Task: 5,	 Epoch: 55/80,	 Avg.loss: 0.0006,	 Test Accuracy: 839/1000(84%)
Task: 5,	 Epoch: 56/80,	 Avg.loss: 0.0006,	 Test Accuracy: 839/1000(84%)
Task: 5,	 Epoch: 57/80,	 Avg.loss: 0.0006,	 Test Accuracy: 837/1000(84%)
Task: 5,	 Epoch: 58/80,	 Avg.loss: 0.0006,	 Test Accuracy: 846/1000(85%)
Task: 5,	 Epoch: 59/80,	 Avg.loss: 0.0006,	 Test Accuracy: 844/1000(84%)
Task: 5,	 Epoch: 60/80,	 Avg.loss: 0.0006,	 Test Accuracy: 844/1000(84%)
Task: 5,	 Epoch: 61/80,	 Avg.loss: 0.0006,	 Test Accuracy: 836/1000(84%)
Task: 5,	 Epoch: 62/80,	 Avg.loss: 0.0006,	 Test Accuracy: 843/1000(84%)
Task: 5,	 Epoch: 63/80,	 Avg.loss: 0.0006,	 Test Accuracy: 842/1000(84%)
Task: 5,	 Epoch: 64/80,	 Avg.loss: 0.0006,	 Test Accuracy: 837/1000(84%)
Task: 5,	 Epoch: 65/80,	 Avg.loss: 0.0006,	 Test Accuracy: 842/1000(84%)
Task: 5,	 Epoch: 66/80,	 Avg.loss: 0.0006,	 Test Accuracy: 843/1000(84%)
Task: 5,	 Epoch: 67/80,	 Avg.loss: 0.0006,	 Test Accuracy: 840/1000(84%)
Task: 5,	 Epoch: 68/80,	 Avg.loss: 0.0006,	 Test Accuracy: 837/1000(84%)
Task: 5,	 Epoch: 69/80,	 Avg.loss: 0.0006,	 Test Accuracy: 840/1000(84%)
Task: 5,	 Epoch: 70/80,	 Avg.loss: 0.0006,	 Test Accuracy: 841/1000(84%)
Task: 5,	 Epoch: 71/80,	 Avg.loss: 0.0006,	 Test Accuracy: 841/1000(84%)
Task: 5,	 Epoch: 72/80,	 Avg.loss: 0.0007,	 Test Accuracy: 842/1000(84%)
Task: 5,	 Epoch: 73/80,	 Avg.loss: 0.0006,	 Test Accuracy: 842/1000(84%)
Task: 5,	 Epoch: 74/80,	 Avg.loss: 0.0007,	 Test Accuracy: 846/1000(85%)
Task: 5,	 Epoch: 75/80,	 Avg.loss: 0.0007,	 Test Accuracy: 843/1000(84%)
Task: 5,	 Epoch: 76/80,	 Avg.loss: 0.0007,	 Test Accuracy: 839/1000(84%)
Task: 5,	 Epoch: 77/80,	 Avg.loss: 0.0007,	 Test Accuracy: 840/1000(84%)
Task: 5,	 Epoch: 78/80,	 Avg.loss: 0.0007,	 Test Accuracy: 842/1000(84%)
Task: 5,	 Epoch: 79/80,	 Avg.loss: 0.0007,	 Test Accuracy: 835/1000(84%)
conv1_layer.0.weight ************************* tensor(302.3037, device='cuda:0')
conv1_layer.0.bias ************************* tensor(10.3715, device='cuda:0')
conv1_layer.2.weight ************************* tensor(89.4613, device='cuda:0')
conv1_layer.2.bias ************************* tensor(9.4944, device='cuda:0')
conv2_layer.0.weight ************************* tensor(48.0386, device='cuda:0')
conv2_layer.0.bias ************************* tensor(2.8905, device='cuda:0')
conv2_layer.2.weight ************************* tensor(26.5021, device='cuda:0')
conv2_layer.2.bias ************************* tensor(0.7092, device='cuda:0')
fc1_layer.1.weight ************************* tensor(8.8109, device='cuda:0')
fc1_layer.1.bias ************************* tensor(0.0067, device='cuda:0')
Trained Task:5, Loaded task:0, Accuracy:53.4%
Trained Task:5, Loaded task:1, Accuracy:60.3%
Trained Task:5, Loaded task:2, Accuracy:64.5%
Trained Task:5, Loaded task:3, Accuracy:69.5%
Trained Task:5, Loaded task:4, Accuracy:78.7%
Trained Task:5, Loaded task:5, Accuracy:83.5%
Trained Task:5, Avg. Accuracy: 68.3 

List of avg. accuracy: [86.9, 73.2, 75.5, 73.3, 70.2, 68.3]
Mask histogram
conv1_layer.2.weight: 	 tensor([   0.,    0.,    0.,    0.,    0.,    0.,    0., 8192.,    0.,    0.,
           0.], device='cuda:0')
conv2_layer.2.weight: 	 tensor([   0.,    0.,    0.,    0.,    0.,    0.,    0., 4096.,    0.,    0.,
           0.], device='cuda:0')
fc1_layer.1.weight: 	 tensor([  0.,   0.,   0.,   0.,   0.,   0.,   0., 512.,   0.,   0.,   0.],
       device='cuda:0')
Task: 6,	 Epoch: 0/80,	 Avg.loss: 0.0008,	 Test Accuracy: 733/1000(73%)
Task: 6,	 Epoch: 1/80,	 Avg.loss: 0.0007,	 Test Accuracy: 763/1000(76%)
Task: 6,	 Epoch: 2/80,	 Avg.loss: 0.0006,	 Test Accuracy: 784/1000(78%)
Task: 6,	 Epoch: 3/80,	 Avg.loss: 0.0006,	 Test Accuracy: 773/1000(77%)
Task: 6,	 Epoch: 4/80,	 Avg.loss: 0.0006,	 Test Accuracy: 796/1000(80%)
Task: 6,	 Epoch: 5/80,	 Avg.loss: 0.0006,	 Test Accuracy: 804/1000(80%)
Task: 6,	 Epoch: 6/80,	 Avg.loss: 0.0006,	 Test Accuracy: 815/1000(82%)
Task: 6,	 Epoch: 7/80,	 Avg.loss: 0.0006,	 Test Accuracy: 805/1000(81%)
Task: 6,	 Epoch: 8/80,	 Avg.loss: 0.0006,	 Test Accuracy: 819/1000(82%)
Task: 6,	 Epoch: 9/80,	 Avg.loss: 0.0006,	 Test Accuracy: 829/1000(83%)
Task: 6,	 Epoch: 10/80,	 Avg.loss: 0.0006,	 Test Accuracy: 816/1000(82%)
Task: 6,	 Epoch: 11/80,	 Avg.loss: 0.0006,	 Test Accuracy: 818/1000(82%)
Task: 6,	 Epoch: 12/80,	 Avg.loss: 0.0006,	 Test Accuracy: 826/1000(83%)
Task: 6,	 Epoch: 13/80,	 Avg.loss: 0.0006,	 Test Accuracy: 822/1000(82%)
Task: 6,	 Epoch: 14/80,	 Avg.loss: 0.0006,	 Test Accuracy: 821/1000(82%)
Task: 6,	 Epoch: 15/80,	 Avg.loss: 0.0006,	 Test Accuracy: 826/1000(83%)
Task: 6,	 Epoch: 16/80,	 Avg.loss: 0.0006,	 Test Accuracy: 837/1000(84%)
Task: 6,	 Epoch: 17/80,	 Avg.loss: 0.0006,	 Test Accuracy: 835/1000(84%)
Task: 6,	 Epoch: 18/80,	 Avg.loss: 0.0006,	 Test Accuracy: 804/1000(80%)
Task: 6,	 Epoch: 19/80,	 Avg.loss: 0.0006,	 Test Accuracy: 837/1000(84%)
Task: 6,	 Epoch: 20/80,	 Avg.loss: 0.0006,	 Test Accuracy: 828/1000(83%)
Task: 6,	 Epoch: 21/80,	 Avg.loss: 0.0006,	 Test Accuracy: 828/1000(83%)
Task: 6,	 Epoch: 22/80,	 Avg.loss: 0.0006,	 Test Accuracy: 837/1000(84%)
Task: 6,	 Epoch: 23/80,	 Avg.loss: 0.0007,	 Test Accuracy: 824/1000(82%)
Task: 6,	 Epoch: 24/80,	 Avg.loss: 0.0007,	 Test Accuracy: 838/1000(84%)
Task: 6,	 Epoch: 25/80,	 Avg.loss: 0.0006,	 Test Accuracy: 830/1000(83%)
Task: 6,	 Epoch: 26/80,	 Avg.loss: 0.0007,	 Test Accuracy: 828/1000(83%)
Task: 6,	 Epoch: 27/80,	 Avg.loss: 0.0007,	 Test Accuracy: 828/1000(83%)
Task: 6,	 Epoch: 28/80,	 Avg.loss: 0.0007,	 Test Accuracy: 833/1000(83%)
Task: 6,	 Epoch: 29/80,	 Avg.loss: 0.0007,	 Test Accuracy: 838/1000(84%)
Task: 6,	 Epoch: 30/80,	 Avg.loss: 0.0007,	 Test Accuracy: 834/1000(83%)
Task: 6,	 Epoch: 31/80,	 Avg.loss: 0.0007,	 Test Accuracy: 840/1000(84%)
Task: 6,	 Epoch: 32/80,	 Avg.loss: 0.0007,	 Test Accuracy: 828/1000(83%)
Task: 6,	 Epoch: 33/80,	 Avg.loss: 0.0007,	 Test Accuracy: 835/1000(84%)
Task: 6,	 Epoch: 34/80,	 Avg.loss: 0.0007,	 Test Accuracy: 836/1000(84%)
Task: 6,	 Epoch: 35/80,	 Avg.loss: 0.0007,	 Test Accuracy: 829/1000(83%)
Task: 6,	 Epoch: 36/80,	 Avg.loss: 0.0007,	 Test Accuracy: 836/1000(84%)
Task: 6,	 Epoch: 37/80,	 Avg.loss: 0.0007,	 Test Accuracy: 840/1000(84%)
Task: 6,	 Epoch: 38/80,	 Avg.loss: 0.0006,	 Test Accuracy: 838/1000(84%)
Task: 6,	 Epoch: 39/80,	 Avg.loss: 0.0007,	 Test Accuracy: 837/1000(84%)
Task: 6,	 Epoch: 40/80,	 Avg.loss: 0.0007,	 Test Accuracy: 844/1000(84%)
Task: 6,	 Epoch: 41/80,	 Avg.loss: 0.0007,	 Test Accuracy: 830/1000(83%)
Task: 6,	 Epoch: 42/80,	 Avg.loss: 0.0006,	 Test Accuracy: 851/1000(85%)
Task: 6,	 Epoch: 43/80,	 Avg.loss: 0.0006,	 Test Accuracy: 853/1000(85%)
Task: 6,	 Epoch: 44/80,	 Avg.loss: 0.0007,	 Test Accuracy: 845/1000(85%)
Task: 6,	 Epoch: 45/80,	 Avg.loss: 0.0007,	 Test Accuracy: 845/1000(85%)
Task: 6,	 Epoch: 46/80,	 Avg.loss: 0.0007,	 Test Accuracy: 833/1000(83%)
Task: 6,	 Epoch: 47/80,	 Avg.loss: 0.0008,	 Test Accuracy: 826/1000(83%)
Task: 6,	 Epoch: 48/80,	 Avg.loss: 0.0007,	 Test Accuracy: 852/1000(85%)
Task: 6,	 Epoch: 49/80,	 Avg.loss: 0.0007,	 Test Accuracy: 843/1000(84%)
Task: 6,	 Epoch: 50/80,	 Avg.loss: 0.0007,	 Test Accuracy: 855/1000(86%)
Task: 6,	 Epoch: 51/80,	 Avg.loss: 0.0007,	 Test Accuracy: 855/1000(86%)
Task: 6,	 Epoch: 52/80,	 Avg.loss: 0.0006,	 Test Accuracy: 851/1000(85%)
Task: 6,	 Epoch: 53/80,	 Avg.loss: 0.0006,	 Test Accuracy: 855/1000(86%)
Task: 6,	 Epoch: 54/80,	 Avg.loss: 0.0007,	 Test Accuracy: 857/1000(86%)
Task: 6,	 Epoch: 55/80,	 Avg.loss: 0.0006,	 Test Accuracy: 860/1000(86%)
Task: 6,	 Epoch: 56/80,	 Avg.loss: 0.0006,	 Test Accuracy: 855/1000(86%)
Task: 6,	 Epoch: 57/80,	 Avg.loss: 0.0007,	 Test Accuracy: 854/1000(85%)
Task: 6,	 Epoch: 58/80,	 Avg.loss: 0.0007,	 Test Accuracy: 856/1000(86%)
Task: 6,	 Epoch: 59/80,	 Avg.loss: 0.0007,	 Test Accuracy: 853/1000(85%)
Task: 6,	 Epoch: 60/80,	 Avg.loss: 0.0007,	 Test Accuracy: 853/1000(85%)
Task: 6,	 Epoch: 61/80,	 Avg.loss: 0.0007,	 Test Accuracy: 851/1000(85%)
Task: 6,	 Epoch: 62/80,	 Avg.loss: 0.0007,	 Test Accuracy: 852/1000(85%)
Task: 6,	 Epoch: 63/80,	 Avg.loss: 0.0007,	 Test Accuracy: 854/1000(85%)
Task: 6,	 Epoch: 64/80,	 Avg.loss: 0.0007,	 Test Accuracy: 850/1000(85%)
Task: 6,	 Epoch: 65/80,	 Avg.loss: 0.0007,	 Test Accuracy: 851/1000(85%)
Task: 6,	 Epoch: 66/80,	 Avg.loss: 0.0007,	 Test Accuracy: 850/1000(85%)
Task: 6,	 Epoch: 67/80,	 Avg.loss: 0.0007,	 Test Accuracy: 847/1000(85%)
Task: 6,	 Epoch: 68/80,	 Avg.loss: 0.0007,	 Test Accuracy: 851/1000(85%)
Task: 6,	 Epoch: 69/80,	 Avg.loss: 0.0007,	 Test Accuracy: 846/1000(85%)
Task: 6,	 Epoch: 70/80,	 Avg.loss: 0.0007,	 Test Accuracy: 848/1000(85%)
Task: 6,	 Epoch: 71/80,	 Avg.loss: 0.0007,	 Test Accuracy: 849/1000(85%)
Task: 6,	 Epoch: 72/80,	 Avg.loss: 0.0007,	 Test Accuracy: 845/1000(85%)
Task: 6,	 Epoch: 73/80,	 Avg.loss: 0.0007,	 Test Accuracy: 847/1000(85%)
Task: 6,	 Epoch: 74/80,	 Avg.loss: 0.0007,	 Test Accuracy: 850/1000(85%)
Task: 6,	 Epoch: 75/80,	 Avg.loss: 0.0007,	 Test Accuracy: 840/1000(84%)
Task: 6,	 Epoch: 76/80,	 Avg.loss: 0.0007,	 Test Accuracy: 847/1000(85%)
Task: 6,	 Epoch: 77/80,	 Avg.loss: 0.0007,	 Test Accuracy: 844/1000(84%)
Task: 6,	 Epoch: 78/80,	 Avg.loss: 0.0007,	 Test Accuracy: 853/1000(85%)
Task: 6,	 Epoch: 79/80,	 Avg.loss: 0.0007,	 Test Accuracy: 849/1000(85%)
conv1_layer.0.weight ************************* tensor(358.1574, device='cuda:0')
conv1_layer.0.bias ************************* tensor(12.5416, device='cuda:0')
conv1_layer.2.weight ************************* tensor(104.9460, device='cuda:0')
conv1_layer.2.bias ************************* tensor(11.3234, device='cuda:0')
conv2_layer.0.weight ************************* tensor(56.4433, device='cuda:0')
conv2_layer.0.bias ************************* tensor(3.5064, device='cuda:0')
conv2_layer.2.weight ************************* tensor(31.3380, device='cuda:0')
conv2_layer.2.bias ************************* tensor(0.8382, device='cuda:0')
fc1_layer.1.weight ************************* tensor(10.5513, device='cuda:0')
fc1_layer.1.bias ************************* tensor(0.0081, device='cuda:0')
Trained Task:6, Loaded task:0, Accuracy:47.2%
Trained Task:6, Loaded task:1, Accuracy:59.4%
Trained Task:6, Loaded task:2, Accuracy:59.3%
Trained Task:6, Loaded task:3, Accuracy:64.2%
Trained Task:6, Loaded task:4, Accuracy:69.7%
Trained Task:6, Loaded task:5, Accuracy:77.9%
Trained Task:6, Loaded task:6, Accuracy:84.9%
Trained Task:6, Avg. Accuracy: 66.1 

List of avg. accuracy: [86.9, 73.2, 75.5, 73.3, 70.2, 68.3, 66.1]
Mask histogram
conv1_layer.2.weight: 	 tensor([   0.,    0.,    0.,    0.,    0.,    0.,    0.,    0., 8192.,    0.,
           0.], device='cuda:0')
conv2_layer.2.weight: 	 tensor([   0.,    0.,    0.,    0.,    0.,    0.,    0.,    0., 4096.,    0.,
           0.], device='cuda:0')
fc1_layer.1.weight: 	 tensor([  0.,   0.,   0.,   0.,   0.,   0.,   0.,   0., 512.,   0.,   0.],
       device='cuda:0')
Task: 7,	 Epoch: 0/80,	 Avg.loss: 0.0009,	 Test Accuracy: 679/1000(68%)
Task: 7,	 Epoch: 1/80,	 Avg.loss: 0.0008,	 Test Accuracy: 723/1000(72%)
Task: 7,	 Epoch: 2/80,	 Avg.loss: 0.0008,	 Test Accuracy: 751/1000(75%)
Task: 7,	 Epoch: 3/80,	 Avg.loss: 0.0008,	 Test Accuracy: 751/1000(75%)
Task: 7,	 Epoch: 4/80,	 Avg.loss: 0.0007,	 Test Accuracy: 762/1000(76%)
Task: 7,	 Epoch: 5/80,	 Avg.loss: 0.0007,	 Test Accuracy: 753/1000(75%)
Task: 7,	 Epoch: 6/80,	 Avg.loss: 0.0007,	 Test Accuracy: 787/1000(79%)
Task: 7,	 Epoch: 7/80,	 Avg.loss: 0.0007,	 Test Accuracy: 791/1000(79%)
Task: 7,	 Epoch: 8/80,	 Avg.loss: 0.0007,	 Test Accuracy: 800/1000(80%)
Task: 7,	 Epoch: 9/80,	 Avg.loss: 0.0007,	 Test Accuracy: 772/1000(77%)
Task: 7,	 Epoch: 10/80,	 Avg.loss: 0.0007,	 Test Accuracy: 799/1000(80%)
Task: 7,	 Epoch: 11/80,	 Avg.loss: 0.0007,	 Test Accuracy: 786/1000(79%)
Task: 7,	 Epoch: 12/80,	 Avg.loss: 0.0007,	 Test Accuracy: 793/1000(79%)
Task: 7,	 Epoch: 13/80,	 Avg.loss: 0.0007,	 Test Accuracy: 794/1000(79%)
Task: 7,	 Epoch: 14/80,	 Avg.loss: 0.0007,	 Test Accuracy: 802/1000(80%)
Task: 7,	 Epoch: 15/80,	 Avg.loss: 0.0007,	 Test Accuracy: 793/1000(79%)
Task: 7,	 Epoch: 16/80,	 Avg.loss: 0.0007,	 Test Accuracy: 788/1000(79%)
Task: 7,	 Epoch: 17/80,	 Avg.loss: 0.0007,	 Test Accuracy: 805/1000(81%)
Task: 7,	 Epoch: 18/80,	 Avg.loss: 0.0007,	 Test Accuracy: 804/1000(80%)
Task: 7,	 Epoch: 19/80,	 Avg.loss: 0.0007,	 Test Accuracy: 804/1000(80%)
Task: 7,	 Epoch: 20/80,	 Avg.loss: 0.0007,	 Test Accuracy: 821/1000(82%)
Task: 7,	 Epoch: 21/80,	 Avg.loss: 0.0007,	 Test Accuracy: 800/1000(80%)
Task: 7,	 Epoch: 22/80,	 Avg.loss: 0.0007,	 Test Accuracy: 821/1000(82%)
Task: 7,	 Epoch: 23/80,	 Avg.loss: 0.0007,	 Test Accuracy: 813/1000(81%)
Task: 7,	 Epoch: 24/80,	 Avg.loss: 0.0007,	 Test Accuracy: 810/1000(81%)
Task: 7,	 Epoch: 25/80,	 Avg.loss: 0.0007,	 Test Accuracy: 804/1000(80%)
Task: 7,	 Epoch: 26/80,	 Avg.loss: 0.0007,	 Test Accuracy: 818/1000(82%)
Task: 7,	 Epoch: 27/80,	 Avg.loss: 0.0007,	 Test Accuracy: 827/1000(83%)
Task: 7,	 Epoch: 28/80,	 Avg.loss: 0.0007,	 Test Accuracy: 814/1000(81%)
Task: 7,	 Epoch: 29/80,	 Avg.loss: 0.0008,	 Test Accuracy: 821/1000(82%)
Task: 7,	 Epoch: 30/80,	 Avg.loss: 0.0008,	 Test Accuracy: 816/1000(82%)
Task: 7,	 Epoch: 31/80,	 Avg.loss: 0.0008,	 Test Accuracy: 806/1000(81%)
Task: 7,	 Epoch: 32/80,	 Avg.loss: 0.0008,	 Test Accuracy: 804/1000(80%)
Task: 7,	 Epoch: 33/80,	 Avg.loss: 0.0008,	 Test Accuracy: 804/1000(80%)
Task: 7,	 Epoch: 34/80,	 Avg.loss: 0.0008,	 Test Accuracy: 805/1000(81%)
Task: 7,	 Epoch: 35/80,	 Avg.loss: 0.0008,	 Test Accuracy: 820/1000(82%)
Task: 7,	 Epoch: 36/80,	 Avg.loss: 0.0008,	 Test Accuracy: 820/1000(82%)
Task: 7,	 Epoch: 37/80,	 Avg.loss: 0.0008,	 Test Accuracy: 810/1000(81%)
Task: 7,	 Epoch: 38/80,	 Avg.loss: 0.0008,	 Test Accuracy: 809/1000(81%)
Task: 7,	 Epoch: 39/80,	 Avg.loss: 0.0009,	 Test Accuracy: 802/1000(80%)
Task: 7,	 Epoch: 40/80,	 Avg.loss: 0.0008,	 Test Accuracy: 803/1000(80%)
Task: 7,	 Epoch: 41/80,	 Avg.loss: 0.0009,	 Test Accuracy: 814/1000(81%)
Task: 7,	 Epoch: 42/80,	 Avg.loss: 0.0009,	 Test Accuracy: 812/1000(81%)
Task: 7,	 Epoch: 43/80,	 Avg.loss: 0.0009,	 Test Accuracy: 803/1000(80%)
Task: 7,	 Epoch: 44/80,	 Avg.loss: 0.0009,	 Test Accuracy: 803/1000(80%)
Task: 7,	 Epoch: 45/80,	 Avg.loss: 0.0009,	 Test Accuracy: 806/1000(81%)
Task: 7,	 Epoch: 46/80,	 Avg.loss: 0.0009,	 Test Accuracy: 812/1000(81%)
Task: 7,	 Epoch: 47/80,	 Avg.loss: 0.0009,	 Test Accuracy: 804/1000(80%)
Task: 7,	 Epoch: 48/80,	 Avg.loss: 0.0009,	 Test Accuracy: 819/1000(82%)
Task: 7,	 Epoch: 49/80,	 Avg.loss: 0.0009,	 Test Accuracy: 806/1000(81%)
Task: 7,	 Epoch: 50/80,	 Avg.loss: 0.0009,	 Test Accuracy: 825/1000(83%)
Task: 7,	 Epoch: 51/80,	 Avg.loss: 0.0009,	 Test Accuracy: 827/1000(83%)
Task: 7,	 Epoch: 52/80,	 Avg.loss: 0.0008,	 Test Accuracy: 825/1000(83%)
Task: 7,	 Epoch: 53/80,	 Avg.loss: 0.0008,	 Test Accuracy: 820/1000(82%)
Task: 7,	 Epoch: 54/80,	 Avg.loss: 0.0009,	 Test Accuracy: 822/1000(82%)
Task: 7,	 Epoch: 55/80,	 Avg.loss: 0.0009,	 Test Accuracy: 824/1000(82%)
Task: 7,	 Epoch: 56/80,	 Avg.loss: 0.0009,	 Test Accuracy: 826/1000(83%)
Task: 7,	 Epoch: 57/80,	 Avg.loss: 0.0009,	 Test Accuracy: 824/1000(82%)
Task: 7,	 Epoch: 58/80,	 Avg.loss: 0.0009,	 Test Accuracy: 821/1000(82%)
Task: 7,	 Epoch: 59/80,	 Avg.loss: 0.0009,	 Test Accuracy: 825/1000(83%)
Task: 7,	 Epoch: 60/80,	 Avg.loss: 0.0009,	 Test Accuracy: 822/1000(82%)
Task: 7,	 Epoch: 61/80,	 Avg.loss: 0.0009,	 Test Accuracy: 822/1000(82%)
Task: 7,	 Epoch: 62/80,	 Avg.loss: 0.0009,	 Test Accuracy: 828/1000(83%)
Task: 7,	 Epoch: 63/80,	 Avg.loss: 0.0009,	 Test Accuracy: 819/1000(82%)
Task: 7,	 Epoch: 64/80,	 Avg.loss: 0.0009,	 Test Accuracy: 821/1000(82%)
Task: 7,	 Epoch: 65/80,	 Avg.loss: 0.0009,	 Test Accuracy: 820/1000(82%)
Task: 7,	 Epoch: 66/80,	 Avg.loss: 0.0009,	 Test Accuracy: 817/1000(82%)
Task: 7,	 Epoch: 67/80,	 Avg.loss: 0.0009,	 Test Accuracy: 818/1000(82%)
Task: 7,	 Epoch: 68/80,	 Avg.loss: 0.0009,	 Test Accuracy: 819/1000(82%)
Task: 7,	 Epoch: 69/80,	 Avg.loss: 0.0009,	 Test Accuracy: 814/1000(81%)
Task: 7,	 Epoch: 70/80,	 Avg.loss: 0.0009,	 Test Accuracy: 823/1000(82%)
Task: 7,	 Epoch: 71/80,	 Avg.loss: 0.0009,	 Test Accuracy: 816/1000(82%)
Task: 7,	 Epoch: 72/80,	 Avg.loss: 0.0009,	 Test Accuracy: 820/1000(82%)
Task: 7,	 Epoch: 73/80,	 Avg.loss: 0.0009,	 Test Accuracy: 821/1000(82%)
Task: 7,	 Epoch: 74/80,	 Avg.loss: 0.0009,	 Test Accuracy: 822/1000(82%)
Task: 7,	 Epoch: 75/80,	 Avg.loss: 0.0009,	 Test Accuracy: 823/1000(82%)
Task: 7,	 Epoch: 76/80,	 Avg.loss: 0.0009,	 Test Accuracy: 815/1000(82%)
Task: 7,	 Epoch: 77/80,	 Avg.loss: 0.0009,	 Test Accuracy: 819/1000(82%)
Task: 7,	 Epoch: 78/80,	 Avg.loss: 0.0009,	 Test Accuracy: 819/1000(82%)
Task: 7,	 Epoch: 79/80,	 Avg.loss: 0.0009,	 Test Accuracy: 816/1000(82%)
conv1_layer.0.weight ************************* tensor(417.8929, device='cuda:0')
conv1_layer.0.bias ************************* tensor(14.8493, device='cuda:0')
conv1_layer.2.weight ************************* tensor(121.6424, device='cuda:0')
conv1_layer.2.bias ************************* tensor(12.9211, device='cuda:0')
conv2_layer.0.weight ************************* tensor(65.3437, device='cuda:0')
conv2_layer.0.bias ************************* tensor(4.0691, device='cuda:0')
conv2_layer.2.weight ************************* tensor(36.2795, device='cuda:0')
conv2_layer.2.bias ************************* tensor(0.9516, device='cuda:0')
fc1_layer.1.weight ************************* tensor(12.5206, device='cuda:0')
fc1_layer.1.bias ************************* tensor(0.0095, device='cuda:0')
Trained Task:7, Loaded task:0, Accuracy:42.3%
Trained Task:7, Loaded task:1, Accuracy:54.0%
Trained Task:7, Loaded task:2, Accuracy:57.4%
Trained Task:7, Loaded task:3, Accuracy:61.6%
Trained Task:7, Loaded task:4, Accuracy:66.0%
Trained Task:7, Loaded task:5, Accuracy:73.1%
Trained Task:7, Loaded task:6, Accuracy:78.7%
Trained Task:7, Loaded task:7, Accuracy:81.6%
Trained Task:7, Avg. Accuracy: 64.3 

List of avg. accuracy: [86.9, 73.2, 75.5, 73.3, 70.2, 68.3, 66.1, 64.3]
Mask histogram
conv1_layer.2.weight: 	 tensor([   0.,    0.,    0.,    0.,    0.,    0.,    0.,    0.,    0., 8192.,
           0.], device='cuda:0')
conv2_layer.2.weight: 	 tensor([   0.,    0.,    0.,    0.,    0.,    0.,    0.,    0.,    0., 4096.,
           0.], device='cuda:0')
fc1_layer.1.weight: 	 tensor([  0.,   0.,   0.,   0.,   0.,   0.,   0.,   0.,   0., 512.,   0.],
       device='cuda:0')
Task: 8,	 Epoch: 0/80,	 Avg.loss: 0.0009,	 Test Accuracy: 694/1000(69%)
Task: 8,	 Epoch: 1/80,	 Avg.loss: 0.0008,	 Test Accuracy: 740/1000(74%)
Task: 8,	 Epoch: 2/80,	 Avg.loss: 0.0007,	 Test Accuracy: 760/1000(76%)
Task: 8,	 Epoch: 3/80,	 Avg.loss: 0.0007,	 Test Accuracy: 773/1000(77%)
Task: 8,	 Epoch: 4/80,	 Avg.loss: 0.0007,	 Test Accuracy: 786/1000(79%)
Task: 8,	 Epoch: 5/80,	 Avg.loss: 0.0006,	 Test Accuracy: 790/1000(79%)
Task: 8,	 Epoch: 6/80,	 Avg.loss: 0.0007,	 Test Accuracy: 794/1000(79%)
Task: 8,	 Epoch: 7/80,	 Avg.loss: 0.0006,	 Test Accuracy: 808/1000(81%)
Task: 8,	 Epoch: 8/80,	 Avg.loss: 0.0006,	 Test Accuracy: 816/1000(82%)
Task: 8,	 Epoch: 9/80,	 Avg.loss: 0.0006,	 Test Accuracy: 816/1000(82%)
Task: 8,	 Epoch: 10/80,	 Avg.loss: 0.0006,	 Test Accuracy: 829/1000(83%)
Task: 8,	 Epoch: 11/80,	 Avg.loss: 0.0006,	 Test Accuracy: 809/1000(81%)
Task: 8,	 Epoch: 12/80,	 Avg.loss: 0.0006,	 Test Accuracy: 808/1000(81%)
Task: 8,	 Epoch: 13/80,	 Avg.loss: 0.0006,	 Test Accuracy: 831/1000(83%)
Task: 8,	 Epoch: 14/80,	 Avg.loss: 0.0006,	 Test Accuracy: 817/1000(82%)
Task: 8,	 Epoch: 15/80,	 Avg.loss: 0.0007,	 Test Accuracy: 821/1000(82%)
Task: 8,	 Epoch: 16/80,	 Avg.loss: 0.0007,	 Test Accuracy: 829/1000(83%)
Task: 8,	 Epoch: 17/80,	 Avg.loss: 0.0006,	 Test Accuracy: 832/1000(83%)
Task: 8,	 Epoch: 18/80,	 Avg.loss: 0.0006,	 Test Accuracy: 829/1000(83%)
Task: 8,	 Epoch: 19/80,	 Avg.loss: 0.0006,	 Test Accuracy: 832/1000(83%)
Task: 8,	 Epoch: 20/80,	 Avg.loss: 0.0006,	 Test Accuracy: 841/1000(84%)
Task: 8,	 Epoch: 21/80,	 Avg.loss: 0.0006,	 Test Accuracy: 826/1000(83%)
Task: 8,	 Epoch: 22/80,	 Avg.loss: 0.0007,	 Test Accuracy: 833/1000(83%)
Task: 8,	 Epoch: 23/80,	 Avg.loss: 0.0006,	 Test Accuracy: 841/1000(84%)
Task: 8,	 Epoch: 24/80,	 Avg.loss: 0.0006,	 Test Accuracy: 827/1000(83%)
Task: 8,	 Epoch: 25/80,	 Avg.loss: 0.0007,	 Test Accuracy: 825/1000(83%)
Task: 8,	 Epoch: 26/80,	 Avg.loss: 0.0006,	 Test Accuracy: 845/1000(85%)
Task: 8,	 Epoch: 27/80,	 Avg.loss: 0.0006,	 Test Accuracy: 835/1000(84%)
Task: 8,	 Epoch: 28/80,	 Avg.loss: 0.0006,	 Test Accuracy: 846/1000(85%)
Task: 8,	 Epoch: 29/80,	 Avg.loss: 0.0007,	 Test Accuracy: 836/1000(84%)
Task: 8,	 Epoch: 30/80,	 Avg.loss: 0.0007,	 Test Accuracy: 852/1000(85%)
Task: 8,	 Epoch: 31/80,	 Avg.loss: 0.0007,	 Test Accuracy: 847/1000(85%)
Task: 8,	 Epoch: 32/80,	 Avg.loss: 0.0007,	 Test Accuracy: 835/1000(84%)
Task: 8,	 Epoch: 33/80,	 Avg.loss: 0.0007,	 Test Accuracy: 832/1000(83%)
Task: 8,	 Epoch: 34/80,	 Avg.loss: 0.0008,	 Test Accuracy: 826/1000(83%)
Task: 8,	 Epoch: 35/80,	 Avg.loss: 0.0007,	 Test Accuracy: 831/1000(83%)
Task: 8,	 Epoch: 36/80,	 Avg.loss: 0.0007,	 Test Accuracy: 832/1000(83%)
Task: 8,	 Epoch: 37/80,	 Avg.loss: 0.0007,	 Test Accuracy: 841/1000(84%)
Task: 8,	 Epoch: 38/80,	 Avg.loss: 0.0007,	 Test Accuracy: 835/1000(84%)
Task: 8,	 Epoch: 39/80,	 Avg.loss: 0.0008,	 Test Accuracy: 829/1000(83%)
Task: 8,	 Epoch: 40/80,	 Avg.loss: 0.0007,	 Test Accuracy: 841/1000(84%)
Task: 8,	 Epoch: 41/80,	 Avg.loss: 0.0007,	 Test Accuracy: 836/1000(84%)
Task: 8,	 Epoch: 42/80,	 Avg.loss: 0.0007,	 Test Accuracy: 844/1000(84%)
Task: 8,	 Epoch: 43/80,	 Avg.loss: 0.0007,	 Test Accuracy: 845/1000(85%)
Task: 8,	 Epoch: 44/80,	 Avg.loss: 0.0007,	 Test Accuracy: 852/1000(85%)
Task: 8,	 Epoch: 45/80,	 Avg.loss: 0.0007,	 Test Accuracy: 843/1000(84%)
Task: 8,	 Epoch: 46/80,	 Avg.loss: 0.0008,	 Test Accuracy: 841/1000(84%)
Task: 8,	 Epoch: 47/80,	 Avg.loss: 0.0008,	 Test Accuracy: 832/1000(83%)
Task: 8,	 Epoch: 48/80,	 Avg.loss: 0.0007,	 Test Accuracy: 855/1000(86%)
Task: 8,	 Epoch: 49/80,	 Avg.loss: 0.0008,	 Test Accuracy: 837/1000(84%)
Task: 8,	 Epoch: 50/80,	 Avg.loss: 0.0007,	 Test Accuracy: 845/1000(85%)
Task: 8,	 Epoch: 51/80,	 Avg.loss: 0.0007,	 Test Accuracy: 844/1000(84%)
Task: 8,	 Epoch: 52/80,	 Avg.loss: 0.0007,	 Test Accuracy: 852/1000(85%)
Task: 8,	 Epoch: 53/80,	 Avg.loss: 0.0007,	 Test Accuracy: 852/1000(85%)
Task: 8,	 Epoch: 54/80,	 Avg.loss: 0.0007,	 Test Accuracy: 853/1000(85%)
Task: 8,	 Epoch: 55/80,	 Avg.loss: 0.0007,	 Test Accuracy: 855/1000(86%)
Task: 8,	 Epoch: 56/80,	 Avg.loss: 0.0007,	 Test Accuracy: 853/1000(85%)
Task: 8,	 Epoch: 57/80,	 Avg.loss: 0.0007,	 Test Accuracy: 852/1000(85%)
Task: 8,	 Epoch: 58/80,	 Avg.loss: 0.0007,	 Test Accuracy: 854/1000(85%)
Task: 8,	 Epoch: 59/80,	 Avg.loss: 0.0007,	 Test Accuracy: 852/1000(85%)
Task: 8,	 Epoch: 60/80,	 Avg.loss: 0.0007,	 Test Accuracy: 857/1000(86%)
Task: 8,	 Epoch: 61/80,	 Avg.loss: 0.0007,	 Test Accuracy: 858/1000(86%)
Task: 8,	 Epoch: 62/80,	 Avg.loss: 0.0007,	 Test Accuracy: 859/1000(86%)
Task: 8,	 Epoch: 63/80,	 Avg.loss: 0.0007,	 Test Accuracy: 855/1000(86%)
Task: 8,	 Epoch: 64/80,	 Avg.loss: 0.0007,	 Test Accuracy: 847/1000(85%)
Task: 8,	 Epoch: 65/80,	 Avg.loss: 0.0007,	 Test Accuracy: 846/1000(85%)
Task: 8,	 Epoch: 66/80,	 Avg.loss: 0.0007,	 Test Accuracy: 858/1000(86%)
Task: 8,	 Epoch: 67/80,	 Avg.loss: 0.0007,	 Test Accuracy: 852/1000(85%)
Task: 8,	 Epoch: 68/80,	 Avg.loss: 0.0007,	 Test Accuracy: 854/1000(85%)
Task: 8,	 Epoch: 69/80,	 Avg.loss: 0.0007,	 Test Accuracy: 851/1000(85%)
Task: 8,	 Epoch: 70/80,	 Avg.loss: 0.0007,	 Test Accuracy: 854/1000(85%)
Task: 8,	 Epoch: 71/80,	 Avg.loss: 0.0007,	 Test Accuracy: 858/1000(86%)
Task: 8,	 Epoch: 72/80,	 Avg.loss: 0.0007,	 Test Accuracy: 848/1000(85%)
Task: 8,	 Epoch: 73/80,	 Avg.loss: 0.0007,	 Test Accuracy: 852/1000(85%)
Task: 8,	 Epoch: 74/80,	 Avg.loss: 0.0007,	 Test Accuracy: 851/1000(85%)
Task: 8,	 Epoch: 75/80,	 Avg.loss: 0.0007,	 Test Accuracy: 856/1000(86%)
Task: 8,	 Epoch: 76/80,	 Avg.loss: 0.0007,	 Test Accuracy: 853/1000(85%)
Task: 8,	 Epoch: 77/80,	 Avg.loss: 0.0007,	 Test Accuracy: 855/1000(86%)
Task: 8,	 Epoch: 78/80,	 Avg.loss: 0.0007,	 Test Accuracy: 859/1000(86%)
Task: 8,	 Epoch: 79/80,	 Avg.loss: 0.0007,	 Test Accuracy: 854/1000(85%)
conv1_layer.0.weight ************************* tensor(473.4107, device='cuda:0')
conv1_layer.0.bias ************************* tensor(17.1506, device='cuda:0')
conv1_layer.2.weight ************************* tensor(140.3169, device='cuda:0')
conv1_layer.2.bias ************************* tensor(14.6949, device='cuda:0')
conv2_layer.0.weight ************************* tensor(74.9084, device='cuda:0')
conv2_layer.0.bias ************************* tensor(4.5804, device='cuda:0')
conv2_layer.2.weight ************************* tensor(41.5493, device='cuda:0')
conv2_layer.2.bias ************************* tensor(1.0657, device='cuda:0')
fc1_layer.1.weight ************************* tensor(14.3246, device='cuda:0')
fc1_layer.1.bias ************************* tensor(0.0106, device='cuda:0')
Trained Task:8, Loaded task:0, Accuracy:45.4%
Trained Task:8, Loaded task:1, Accuracy:57.1%
Trained Task:8, Loaded task:2, Accuracy:60.2%
Trained Task:8, Loaded task:3, Accuracy:56.5%
Trained Task:8, Loaded task:4, Accuracy:64.3%
Trained Task:8, Loaded task:5, Accuracy:66.7%
Trained Task:8, Loaded task:6, Accuracy:75.5%
Trained Task:8, Loaded task:7, Accuracy:74.6%
Trained Task:8, Loaded task:8, Accuracy:85.4%
Trained Task:8, Avg. Accuracy: 65.1 

List of avg. accuracy: [86.9, 73.2, 75.5, 73.3, 70.2, 68.3, 66.1, 64.3, 65.1]
Mask histogram
conv1_layer.2.weight: 	 tensor([   0.,    0.,    0.,    0.,    0.,    0.,    0.,    0.,    0.,    0.,
        8192.], device='cuda:0')
conv2_layer.2.weight: 	 tensor([   0.,    0.,    0.,    0.,    0.,    0.,    0.,    0.,    0.,    0.,
        4096.], device='cuda:0')
fc1_layer.1.weight: 	 tensor([  0.,   0.,   0.,   0.,   0.,   0.,   0.,   0.,   0.,   0., 512.],
       device='cuda:0')
Task: 9,	 Epoch: 0/80,	 Avg.loss: 0.0007,	 Test Accuracy: 780/1000(78%)
Task: 9,	 Epoch: 1/80,	 Avg.loss: 0.0006,	 Test Accuracy: 816/1000(82%)
Task: 9,	 Epoch: 2/80,	 Avg.loss: 0.0005,	 Test Accuracy: 832/1000(83%)
Task: 9,	 Epoch: 3/80,	 Avg.loss: 0.0005,	 Test Accuracy: 833/1000(83%)
Task: 9,	 Epoch: 4/80,	 Avg.loss: 0.0005,	 Test Accuracy: 847/1000(85%)
Task: 9,	 Epoch: 5/80,	 Avg.loss: 0.0005,	 Test Accuracy: 853/1000(85%)
Task: 9,	 Epoch: 6/80,	 Avg.loss: 0.0005,	 Test Accuracy: 848/1000(85%)
Task: 9,	 Epoch: 7/80,	 Avg.loss: 0.0005,	 Test Accuracy: 840/1000(84%)
Task: 9,	 Epoch: 8/80,	 Avg.loss: 0.0005,	 Test Accuracy: 852/1000(85%)
Task: 9,	 Epoch: 9/80,	 Avg.loss: 0.0005,	 Test Accuracy: 856/1000(86%)
Task: 9,	 Epoch: 10/80,	 Avg.loss: 0.0005,	 Test Accuracy: 851/1000(85%)
Task: 9,	 Epoch: 11/80,	 Avg.loss: 0.0005,	 Test Accuracy: 870/1000(87%)
Task: 9,	 Epoch: 12/80,	 Avg.loss: 0.0005,	 Test Accuracy: 869/1000(87%)
Task: 9,	 Epoch: 13/80,	 Avg.loss: 0.0006,	 Test Accuracy: 835/1000(84%)
Task: 9,	 Epoch: 14/80,	 Avg.loss: 0.0005,	 Test Accuracy: 849/1000(85%)
Task: 9,	 Epoch: 15/80,	 Avg.loss: 0.0005,	 Test Accuracy: 869/1000(87%)
Task: 9,	 Epoch: 16/80,	 Avg.loss: 0.0006,	 Test Accuracy: 859/1000(86%)
Task: 9,	 Epoch: 17/80,	 Avg.loss: 0.0005,	 Test Accuracy: 872/1000(87%)
Task: 9,	 Epoch: 18/80,	 Avg.loss: 0.0005,	 Test Accuracy: 873/1000(87%)
Task: 9,	 Epoch: 19/80,	 Avg.loss: 0.0006,	 Test Accuracy: 857/1000(86%)
Task: 9,	 Epoch: 20/80,	 Avg.loss: 0.0005,	 Test Accuracy: 865/1000(87%)
Task: 9,	 Epoch: 21/80,	 Avg.loss: 0.0006,	 Test Accuracy: 876/1000(88%)
Task: 9,	 Epoch: 22/80,	 Avg.loss: 0.0005,	 Test Accuracy: 867/1000(87%)
Task: 9,	 Epoch: 23/80,	 Avg.loss: 0.0006,	 Test Accuracy: 869/1000(87%)
Task: 9,	 Epoch: 24/80,	 Avg.loss: 0.0006,	 Test Accuracy: 871/1000(87%)
Task: 9,	 Epoch: 25/80,	 Avg.loss: 0.0006,	 Test Accuracy: 869/1000(87%)
Task: 9,	 Epoch: 26/80,	 Avg.loss: 0.0005,	 Test Accuracy: 886/1000(89%)
Task: 9,	 Epoch: 27/80,	 Avg.loss: 0.0005,	 Test Accuracy: 868/1000(87%)
Task: 9,	 Epoch: 28/80,	 Avg.loss: 0.0005,	 Test Accuracy: 884/1000(88%)
Task: 9,	 Epoch: 29/80,	 Avg.loss: 0.0005,	 Test Accuracy: 876/1000(88%)
Task: 9,	 Epoch: 30/80,	 Avg.loss: 0.0005,	 Test Accuracy: 878/1000(88%)
Task: 9,	 Epoch: 31/80,	 Avg.loss: 0.0006,	 Test Accuracy: 875/1000(88%)
Task: 9,	 Epoch: 32/80,	 Avg.loss: 0.0006,	 Test Accuracy: 874/1000(87%)
Task: 9,	 Epoch: 33/80,	 Avg.loss: 0.0006,	 Test Accuracy: 882/1000(88%)
Task: 9,	 Epoch: 34/80,	 Avg.loss: 0.0006,	 Test Accuracy: 886/1000(89%)
Task: 9,	 Epoch: 35/80,	 Avg.loss: 0.0006,	 Test Accuracy: 878/1000(88%)
Task: 9,	 Epoch: 36/80,	 Avg.loss: 0.0006,	 Test Accuracy: 868/1000(87%)
Task: 9,	 Epoch: 37/80,	 Avg.loss: 0.0006,	 Test Accuracy: 881/1000(88%)
Task: 9,	 Epoch: 38/80,	 Avg.loss: 0.0006,	 Test Accuracy: 876/1000(88%)
Task: 9,	 Epoch: 39/80,	 Avg.loss: 0.0006,	 Test Accuracy: 863/1000(86%)
Task: 9,	 Epoch: 40/80,	 Avg.loss: 0.0006,	 Test Accuracy: 875/1000(88%)
Task: 9,	 Epoch: 41/80,	 Avg.loss: 0.0007,	 Test Accuracy: 866/1000(87%)
Task: 9,	 Epoch: 42/80,	 Avg.loss: 0.0006,	 Test Accuracy: 881/1000(88%)
Task: 9,	 Epoch: 43/80,	 Avg.loss: 0.0006,	 Test Accuracy: 867/1000(87%)
Task: 9,	 Epoch: 44/80,	 Avg.loss: 0.0006,	 Test Accuracy: 882/1000(88%)
Task: 9,	 Epoch: 45/80,	 Avg.loss: 0.0006,	 Test Accuracy: 865/1000(87%)
Task: 9,	 Epoch: 46/80,	 Avg.loss: 0.0006,	 Test Accuracy: 870/1000(87%)
Task: 9,	 Epoch: 47/80,	 Avg.loss: 0.0006,	 Test Accuracy: 874/1000(87%)
Task: 9,	 Epoch: 48/80,	 Avg.loss: 0.0007,	 Test Accuracy: 878/1000(88%)
Task: 9,	 Epoch: 49/80,	 Avg.loss: 0.0007,	 Test Accuracy: 872/1000(87%)
Task: 9,	 Epoch: 50/80,	 Avg.loss: 0.0006,	 Test Accuracy: 876/1000(88%)
Task: 9,	 Epoch: 51/80,	 Avg.loss: 0.0006,	 Test Accuracy: 878/1000(88%)
Task: 9,	 Epoch: 52/80,	 Avg.loss: 0.0006,	 Test Accuracy: 876/1000(88%)
Task: 9,	 Epoch: 53/80,	 Avg.loss: 0.0006,	 Test Accuracy: 885/1000(89%)
Task: 9,	 Epoch: 54/80,	 Avg.loss: 0.0006,	 Test Accuracy: 889/1000(89%)
Task: 9,	 Epoch: 55/80,	 Avg.loss: 0.0006,	 Test Accuracy: 887/1000(89%)
Task: 9,	 Epoch: 56/80,	 Avg.loss: 0.0006,	 Test Accuracy: 883/1000(88%)
Task: 9,	 Epoch: 57/80,	 Avg.loss: 0.0006,	 Test Accuracy: 888/1000(89%)
Task: 9,	 Epoch: 58/80,	 Avg.loss: 0.0006,	 Test Accuracy: 886/1000(89%)
Task: 9,	 Epoch: 59/80,	 Avg.loss: 0.0006,	 Test Accuracy: 889/1000(89%)
Task: 9,	 Epoch: 60/80,	 Avg.loss: 0.0006,	 Test Accuracy: 888/1000(89%)
Task: 9,	 Epoch: 61/80,	 Avg.loss: 0.0006,	 Test Accuracy: 890/1000(89%)
Task: 9,	 Epoch: 62/80,	 Avg.loss: 0.0006,	 Test Accuracy: 885/1000(89%)
Task: 9,	 Epoch: 63/80,	 Avg.loss: 0.0006,	 Test Accuracy: 886/1000(89%)
Task: 9,	 Epoch: 64/80,	 Avg.loss: 0.0006,	 Test Accuracy: 887/1000(89%)
Task: 9,	 Epoch: 65/80,	 Avg.loss: 0.0006,	 Test Accuracy: 884/1000(88%)
Task: 9,	 Epoch: 66/80,	 Avg.loss: 0.0006,	 Test Accuracy: 889/1000(89%)
Task: 9,	 Epoch: 67/80,	 Avg.loss: 0.0006,	 Test Accuracy: 887/1000(89%)
Task: 9,	 Epoch: 68/80,	 Avg.loss: 0.0006,	 Test Accuracy: 889/1000(89%)
Task: 9,	 Epoch: 69/80,	 Avg.loss: 0.0006,	 Test Accuracy: 893/1000(89%)
Task: 9,	 Epoch: 70/80,	 Avg.loss: 0.0006,	 Test Accuracy: 890/1000(89%)
Task: 9,	 Epoch: 71/80,	 Avg.loss: 0.0006,	 Test Accuracy: 886/1000(89%)
Task: 9,	 Epoch: 72/80,	 Avg.loss: 0.0006,	 Test Accuracy: 890/1000(89%)
Task: 9,	 Epoch: 73/80,	 Avg.loss: 0.0006,	 Test Accuracy: 892/1000(89%)
Task: 9,	 Epoch: 74/80,	 Avg.loss: 0.0006,	 Test Accuracy: 890/1000(89%)
Task: 9,	 Epoch: 75/80,	 Avg.loss: 0.0006,	 Test Accuracy: 890/1000(89%)
Task: 9,	 Epoch: 76/80,	 Avg.loss: 0.0006,	 Test Accuracy: 886/1000(89%)
Task: 9,	 Epoch: 77/80,	 Avg.loss: 0.0007,	 Test Accuracy: 889/1000(89%)
Task: 9,	 Epoch: 78/80,	 Avg.loss: 0.0006,	 Test Accuracy: 889/1000(89%)
Task: 9,	 Epoch: 79/80,	 Avg.loss: 0.0006,	 Test Accuracy: 893/1000(89%)
conv1_layer.0.weight ************************* tensor(509.0062, device='cuda:0')
conv1_layer.0.bias ************************* tensor(18.4210, device='cuda:0')
conv1_layer.2.weight ************************* tensor(151.0286, device='cuda:0')
conv1_layer.2.bias ************************* tensor(15.6458, device='cuda:0')
conv2_layer.0.weight ************************* tensor(79.9986, device='cuda:0')
conv2_layer.0.bias ************************* tensor(4.8798, device='cuda:0')
conv2_layer.2.weight ************************* tensor(44.4013, device='cuda:0')
conv2_layer.2.bias ************************* tensor(1.1230, device='cuda:0')
fc1_layer.1.weight ************************* tensor(15.3049, device='cuda:0')
fc1_layer.1.bias ************************* tensor(0.0111, device='cuda:0')
Trained Task:9, Loaded task:0, Accuracy:50.2%
Trained Task:9, Loaded task:1, Accuracy:58.5%
Trained Task:9, Loaded task:2, Accuracy:61.0%
Trained Task:9, Loaded task:3, Accuracy:60.6%
Trained Task:9, Loaded task:4, Accuracy:67.8%
Trained Task:9, Loaded task:5, Accuracy:66.7%
Trained Task:9, Loaded task:6, Accuracy:75.8%
Trained Task:9, Loaded task:7, Accuracy:73.1%
Trained Task:9, Loaded task:8, Accuracy:78.8%
Trained Task:9, Loaded task:9, Accuracy:89.3%
Trained Task:9, Avg. Accuracy: 68.2 

List of avg. accuracy: [86.9, 73.2, 75.5, 73.3, 70.2, 68.3, 66.1, 64.3, 65.1, 68.2]
