Layer        : conv1_layer.2.weight
R.histogram  : tensor([5., 6., 5., 5., 3., 0., 3., 1., 1., 3.], device='cuda:0')
R_sum max/min: 5593.7/409.8
F max  		: 0.38301870226860046
O masx 		: 0.0
Layer        : conv2_layer.2.weight
R.histogram  : tensor([11., 12.,  9.,  9.,  5.,  2.,  5.,  2.,  3.,  6.], device='cuda:0')
R_sum max/min: 6353.1/576.0
F max  		: 0.1811349093914032
O masx 		: 0.0
Layer        : fc1_layer.1.weight
R.histogram  : tensor([304., 131.,  47.,  19.,   4.,   2.,   2.,   2.,   0.,   1.],
       device='cuda:0')
R_sum max/min: 76005.9/4096.0
F max  		: 0.009245886467397213
O masx 		: 0.0
Mask histogram
conv1_layer.2.weight: 	 tensor([   0., 8192.,    0.,    0.,    0.,    0.,    0.,    0.,    0.,    0.,
           0.], device='cuda:0')
conv2_layer.2.weight: 	 tensor([2496., 1600.,    0.,    0.,    0.,    0.,    0.,    0.,    0.,    0.,
           0.], device='cuda:0')
fc1_layer.1.weight: 	 tensor([308., 204.,   0.,   0.,   0.,   0.,   0.,   0.,   0.,   0.,   0.],
       device='cuda:0')
Head Finetuning    :Task: 0,	 Epoch: 0/40,	 Avg.loss: 0.0014,	 Test Accuracy: 510/1000(51%)
Head Finetuning    :Task: 0,	 Epoch: 1/40,	 Avg.loss: 0.0012,	 Test Accuracy: 588/1000(59%)
Head Finetuning    :Task: 0,	 Epoch: 2/40,	 Avg.loss: 0.0011,	 Test Accuracy: 628/1000(63%)
Head Finetuning    :Task: 0,	 Epoch: 3/40,	 Avg.loss: 0.0011,	 Test Accuracy: 636/1000(64%)
Head Finetuning    :Task: 0,	 Epoch: 4/40,	 Avg.loss: 0.0010,	 Test Accuracy: 662/1000(66%)
Head Finetuning    :Task: 0,	 Epoch: 5/40,	 Avg.loss: 0.0010,	 Test Accuracy: 662/1000(66%)
Head Finetuning    :Task: 0,	 Epoch: 6/40,	 Avg.loss: 0.0010,	 Test Accuracy: 662/1000(66%)
Head Finetuning    :Task: 0,	 Epoch: 7/40,	 Avg.loss: 0.0010,	 Test Accuracy: 674/1000(67%)
Head Finetuning    :Task: 0,	 Epoch: 8/40,	 Avg.loss: 0.0010,	 Test Accuracy: 670/1000(67%)
Head Finetuning    :Task: 0,	 Epoch: 9/40,	 Avg.loss: 0.0010,	 Test Accuracy: 677/1000(68%)
Head Finetuning    :Task: 0,	 Epoch: 10/40,	 Avg.loss: 0.0010,	 Test Accuracy: 679/1000(68%)
Head Finetuning    :Task: 0,	 Epoch: 11/40,	 Avg.loss: 0.0009,	 Test Accuracy: 687/1000(69%)
Head Finetuning    :Task: 0,	 Epoch: 12/40,	 Avg.loss: 0.0009,	 Test Accuracy: 681/1000(68%)
Head Finetuning    :Task: 0,	 Epoch: 13/40,	 Avg.loss: 0.0009,	 Test Accuracy: 683/1000(68%)
