Layer        : conv1_layer.2.weight
R.histogram  : tensor([5., 5., 5., 6., 2., 1., 3., 1., 1., 3.], device='cuda:0')
R_sum max/min: 818.8/300.7
F max  		: 0.4089798927307129
O masx 		: 0.0
Layer        : conv2_layer.2.weight
R.histogram  : tensor([11., 11., 10.,  9.,  5.,  2.,  5.,  2.,  4.,  5.], device='cuda:0')
R_sum max/min: 1155.3/576.0
F max  		: 0.19640249013900757
O masx 		: 0.0
Layer        : fc1_layer.1.weight
R.histogram  : tensor([297., 134.,  51.,  19.,   2.,   3.,   2.,   1.,   2.,   1.],
       device='cuda:0')
R_sum max/min: 10629.9/4096.0
F max  		: 0.010844817385077477
O masx 		: 0.0
Mask histogram
conv1_layer.2.weight: 	 tensor([   0., 8192.,    0.,    0.,    0.,    0.,    0.,    0.,    0.,    0.,
           0.], device='cuda:0')
conv2_layer.2.weight: 	 tensor([2496., 1600.,    0.,    0.,    0.,    0.,    0.,    0.,    0.,    0.,
           0.], device='cuda:0')
fc1_layer.1.weight: 	 tensor([308., 204.,   0.,   0.,   0.,   0.,   0.,   0.,   0.,   0.,   0.],
       device='cuda:0')
Head Finetuning    :Task: 0,	 Epoch: 0/40,	 Avg.loss: 0.0014,	 Test Accuracy: 534/1000(53%)
Head Finetuning    :Task: 0,	 Epoch: 1/40,	 Avg.loss: 0.0012,	 Test Accuracy: 600/1000(60%)
Head Finetuning    :Task: 0,	 Epoch: 2/40,	 Avg.loss: 0.0011,	 Test Accuracy: 614/1000(61%)
Head Finetuning    :Task: 0,	 Epoch: 3/40,	 Avg.loss: 0.0010,	 Test Accuracy: 638/1000(64%)
Head Finetuning    :Task: 0,	 Epoch: 4/40,	 Avg.loss: 0.0010,	 Test Accuracy: 645/1000(64%)
Head Finetuning    :Task: 0,	 Epoch: 5/40,	 Avg.loss: 0.0010,	 Test Accuracy: 658/1000(66%)
Head Finetuning    :Task: 0,	 Epoch: 6/40,	 Avg.loss: 0.0010,	 Test Accuracy: 664/1000(66%)
Head Finetuning    :Task: 0,	 Epoch: 7/40,	 Avg.loss: 0.0010,	 Test Accuracy: 670/1000(67%)
Head Finetuning    :Task: 0,	 Epoch: 8/40,	 Avg.loss: 0.0010,	 Test Accuracy: 680/1000(68%)
Head Finetuning    :Task: 0,	 Epoch: 9/40,	 Avg.loss: 0.0010,	 Test Accuracy: 676/1000(68%)
Head Finetuning    :Task: 0,	 Epoch: 10/40,	 Avg.loss: 0.0010,	 Test Accuracy: 681/1000(68%)
Head Finetuning    :Task: 0,	 Epoch: 11/40,	 Avg.loss: 0.0009,	 Test Accuracy: 676/1000(68%)
Head Finetuning    :Task: 0,	 Epoch: 12/40,	 Avg.loss: 0.0009,	 Test Accuracy: 676/1000(68%)
Head Finetuning    :Task: 0,	 Epoch: 13/40,	 Avg.loss: 0.0009,	 Test Accuracy: 678/1000(68%)
Head Finetuning    :Task: 0,	 Epoch: 14/40,	 Avg.loss: 0.0009,	 Test Accuracy: 681/1000(68%)
Head Finetuning    :Task: 0,	 Epoch: 15/40,	 Avg.loss: 0.0009,	 Test Accuracy: 680/1000(68%)
Head Finetuning    :Task: 0,	 Epoch: 16/40,	 Avg.loss: 0.0009,	 Test Accuracy: 690/1000(69%)
Head Finetuning    :Task: 0,	 Epoch: 17/40,	 Avg.loss: 0.0009,	 Test Accuracy: 682/1000(68%)
Head Finetuning    :Task: 0,	 Epoch: 18/40,	 Avg.loss: 0.0009,	 Test Accuracy: 690/1000(69%)
Head Finetuning    :Task: 0,	 Epoch: 19/40,	 Avg.loss: 0.0009,	 Test Accuracy: 687/1000(69%)
Task: 0,	 Epoch: 0/40,	 Avg.loss: 0.0009,	 Test Accuracy: 692/1000(69%)
Task: 0,	 Epoch: 1/40,	 Avg.loss: 0.0007,	 Test Accuracy: 736/1000(74%)
Task: 0,	 Epoch: 2/40,	 Avg.loss: 0.0006,	 Test Accuracy: 791/1000(79%)
Task: 0,	 Epoch: 3/40,	 Avg.loss: 0.0007,	 Test Accuracy: 781/1000(78%)
Task: 0,	 Epoch: 4/40,	 Avg.loss: 0.0006,	 Test Accuracy: 796/1000(80%)
Task: 0,	 Epoch: 5/40,	 Avg.loss: 0.0006,	 Test Accuracy: 803/1000(80%)
Task: 0,	 Epoch: 6/40,	 Avg.loss: 0.0006,	 Test Accuracy: 814/1000(81%)
Task: 0,	 Epoch: 7/40,	 Avg.loss: 0.0006,	 Test Accuracy: 809/1000(81%)
Task: 0,	 Epoch: 8/40,	 Avg.loss: 0.0006,	 Test Accuracy: 802/1000(80%)
Task: 0,	 Epoch: 9/40,	 Avg.loss: 0.0005,	 Test Accuracy: 826/1000(83%)
Task: 0,	 Epoch: 10/40,	 Avg.loss: 0.0006,	 Test Accuracy: 803/1000(80%)
Task: 0,	 Epoch: 11/40,	 Avg.loss: 0.0005,	 Test Accuracy: 831/1000(83%)
Task: 0,	 Epoch: 12/40,	 Avg.loss: 0.0006,	 Test Accuracy: 813/1000(81%)
Task: 0,	 Epoch: 13/40,	 Avg.loss: 0.0006,	 Test Accuracy: 815/1000(82%)
Task: 0,	 Epoch: 14/40,	 Avg.loss: 0.0005,	 Test Accuracy: 843/1000(84%)
Task: 0,	 Epoch: 15/40,	 Avg.loss: 0.0005,	 Test Accuracy: 842/1000(84%)
Task: 0,	 Epoch: 16/40,	 Avg.loss: 0.0006,	 Test Accuracy: 826/1000(83%)
Task: 0,	 Epoch: 17/40,	 Avg.loss: 0.0005,	 Test Accuracy: 828/1000(83%)
Task: 0,	 Epoch: 18/40,	 Avg.loss: 0.0005,	 Test Accuracy: 845/1000(85%)
Task: 0,	 Epoch: 19/40,	 Avg.loss: 0.0005,	 Test Accuracy: 848/1000(85%)
Task: 0,	 Epoch: 20/40,	 Avg.loss: 0.0005,	 Test Accuracy: 846/1000(85%)
Task: 0,	 Epoch: 21/40,	 Avg.loss: 0.0005,	 Test Accuracy: 854/1000(85%)
Task: 0,	 Epoch: 22/40,	 Avg.loss: 0.0005,	 Test Accuracy: 848/1000(85%)
Task: 0,	 Epoch: 23/40,	 Avg.loss: 0.0005,	 Test Accuracy: 854/1000(85%)
Task: 0,	 Epoch: 24/40,	 Avg.loss: 0.0005,	 Test Accuracy: 851/1000(85%)
Task: 0,	 Epoch: 25/40,	 Avg.loss: 0.0005,	 Test Accuracy: 855/1000(86%)
Task: 0,	 Epoch: 26/40,	 Avg.loss: 0.0005,	 Test Accuracy: 854/1000(85%)
Task: 0,	 Epoch: 27/40,	 Avg.loss: 0.0005,	 Test Accuracy: 854/1000(85%)
Task: 0,	 Epoch: 28/40,	 Avg.loss: 0.0005,	 Test Accuracy: 858/1000(86%)
Task: 0,	 Epoch: 29/40,	 Avg.loss: 0.0005,	 Test Accuracy: 851/1000(85%)
Task: 0,	 Epoch: 30/40,	 Avg.loss: 0.0005,	 Test Accuracy: 857/1000(86%)
Task: 0,	 Epoch: 31/40,	 Avg.loss: 0.0005,	 Test Accuracy: 859/1000(86%)
Task: 0,	 Epoch: 32/40,	 Avg.loss: 0.0005,	 Test Accuracy: 854/1000(85%)
Task: 0,	 Epoch: 33/40,	 Avg.loss: 0.0005,	 Test Accuracy: 852/1000(85%)
Task: 0,	 Epoch: 34/40,	 Avg.loss: 0.0005,	 Test Accuracy: 857/1000(86%)
Task: 0,	 Epoch: 35/40,	 Avg.loss: 0.0005,	 Test Accuracy: 856/1000(86%)
Task: 0,	 Epoch: 36/40,	 Avg.loss: 0.0005,	 Test Accuracy: 854/1000(85%)
Task: 0,	 Epoch: 37/40,	 Avg.loss: 0.0005,	 Test Accuracy: 862/1000(86%)
Task: 0,	 Epoch: 38/40,	 Avg.loss: 0.0005,	 Test Accuracy: 851/1000(85%)
Task: 0,	 Epoch: 39/40,	 Avg.loss: 0.0005,	 Test Accuracy: 853/1000(85%)
Trained Task:0, Loaded task:0, Accuracy:85.3%
Trained Task:0, Avg. Accuracy: 85.3 

List of avg. accuracy: [85.3]
Layer        : conv1_layer.2.weight
R.histogram  : tensor([1., 0., 5., 4., 8., 1., 6., 4., 2., 1.], device='cuda:0')
R_sum max/min: 177.0/45.1
F max  		: 1.4763550758361816
O masx 		: 15.244996070861816
Layer        : conv2_layer.2.weight
R.histogram  : tensor([14., 11.,  0.,  0.,  7., 22.,  6.,  2.,  1.,  1.], device='cuda:0')
R_sum max/min: 1141.4/71.6
F max  		: 0.44288575649261475
O masx 		: 5.215269088745117
Layer        : fc1_layer.1.weight
R.histogram  : tensor([ 27.,  55.,  55.,  32.,  13., 249.,  41.,  27.,  11.,   2.],
       device='cuda:0')
R_sum max/min: 5194.3/2855.5
F max  		: 0.029000287875533104
O masx 		: 0.48125073313713074
Mask histogram
conv1_layer.2.weight: 	 tensor([   0.,    0., 8192.,    0.,    0.,    0.,    0.,    0.,    0.,    0.,
           0.], device='cuda:0')
conv2_layer.2.weight: 	 tensor([ 896., 3200.,    0.,    0.,    0.,    0.,    0.,    0.,    0.,    0.,
           0.], device='cuda:0')
fc1_layer.1.weight: 	 tensor([123., 370.,  19.,   0.,   0.,   0.,   0.,   0.,   0.,   0.,   0.],
       device='cuda:0')
Head Finetuning    :Task: 1,	 Epoch: 0/40,	 Avg.loss: 0.0023,	 Test Accuracy: 116/1000(12%)
Head Finetuning    :Task: 1,	 Epoch: 1/40,	 Avg.loss: 0.0023,	 Test Accuracy: 125/1000(13%)
Head Finetuning    :Task: 1,	 Epoch: 2/40,	 Avg.loss: 0.0023,	 Test Accuracy: 129/1000(13%)
Head Finetuning    :Task: 1,	 Epoch: 3/40,	 Avg.loss: 0.0022,	 Test Accuracy: 134/1000(13%)
Head Finetuning    :Task: 1,	 Epoch: 4/40,	 Avg.loss: 0.0022,	 Test Accuracy: 136/1000(14%)
Head Finetuning    :Task: 1,	 Epoch: 5/40,	 Avg.loss: 0.0022,	 Test Accuracy: 142/1000(14%)
Head Finetuning    :Task: 1,	 Epoch: 6/40,	 Avg.loss: 0.0022,	 Test Accuracy: 146/1000(15%)
Head Finetuning    :Task: 1,	 Epoch: 7/40,	 Avg.loss: 0.0022,	 Test Accuracy: 156/1000(16%)
Head Finetuning    :Task: 1,	 Epoch: 8/40,	 Avg.loss: 0.0022,	 Test Accuracy: 162/1000(16%)
Head Finetuning    :Task: 1,	 Epoch: 9/40,	 Avg.loss: 0.0022,	 Test Accuracy: 168/1000(17%)
Head Finetuning    :Task: 1,	 Epoch: 10/40,	 Avg.loss: 0.0022,	 Test Accuracy: 174/1000(17%)
Head Finetuning    :Task: 1,	 Epoch: 11/40,	 Avg.loss: 0.0022,	 Test Accuracy: 178/1000(18%)
Head Finetuning    :Task: 1,	 Epoch: 12/40,	 Avg.loss: 0.0021,	 Test Accuracy: 189/1000(19%)
Head Finetuning    :Task: 1,	 Epoch: 13/40,	 Avg.loss: 0.0021,	 Test Accuracy: 193/1000(19%)
Head Finetuning    :Task: 1,	 Epoch: 14/40,	 Avg.loss: 0.0021,	 Test Accuracy: 198/1000(20%)
Head Finetuning    :Task: 1,	 Epoch: 15/40,	 Avg.loss: 0.0021,	 Test Accuracy: 199/1000(20%)
Head Finetuning    :Task: 1,	 Epoch: 16/40,	 Avg.loss: 0.0021,	 Test Accuracy: 200/1000(20%)
Head Finetuning    :Task: 1,	 Epoch: 17/40,	 Avg.loss: 0.0021,	 Test Accuracy: 203/1000(20%)
Head Finetuning    :Task: 1,	 Epoch: 18/40,	 Avg.loss: 0.0021,	 Test Accuracy: 205/1000(21%)
Head Finetuning    :Task: 1,	 Epoch: 19/40,	 Avg.loss: 0.0021,	 Test Accuracy: 213/1000(21%)
Task: 1,	 Epoch: 0/40,	 Avg.loss: 0.0011,	 Test Accuracy: 622/1000(62%)
Task: 1,	 Epoch: 1/40,	 Avg.loss: 0.0009,	 Test Accuracy: 684/1000(68%)
Task: 1,	 Epoch: 2/40,	 Avg.loss: 0.0009,	 Test Accuracy: 699/1000(70%)
Task: 1,	 Epoch: 3/40,	 Avg.loss: 0.0008,	 Test Accuracy: 698/1000(70%)
Task: 1,	 Epoch: 4/40,	 Avg.loss: 0.0009,	 Test Accuracy: 707/1000(71%)
Task: 1,	 Epoch: 5/40,	 Avg.loss: 0.0008,	 Test Accuracy: 722/1000(72%)
Task: 1,	 Epoch: 6/40,	 Avg.loss: 0.0007,	 Test Accuracy: 746/1000(75%)
Task: 1,	 Epoch: 7/40,	 Avg.loss: 0.0008,	 Test Accuracy: 715/1000(72%)
Task: 1,	 Epoch: 8/40,	 Avg.loss: 0.0007,	 Test Accuracy: 758/1000(76%)
Task: 1,	 Epoch: 9/40,	 Avg.loss: 0.0008,	 Test Accuracy: 731/1000(73%)
Task: 1,	 Epoch: 10/40,	 Avg.loss: 0.0007,	 Test Accuracy: 757/1000(76%)
Task: 1,	 Epoch: 11/40,	 Avg.loss: 0.0007,	 Test Accuracy: 770/1000(77%)
Task: 1,	 Epoch: 12/40,	 Avg.loss: 0.0007,	 Test Accuracy: 786/1000(79%)
Task: 1,	 Epoch: 13/40,	 Avg.loss: 0.0008,	 Test Accuracy: 741/1000(74%)
Task: 1,	 Epoch: 14/40,	 Avg.loss: 0.0007,	 Test Accuracy: 762/1000(76%)
Task: 1,	 Epoch: 15/40,	 Avg.loss: 0.0008,	 Test Accuracy: 738/1000(74%)
Task: 1,	 Epoch: 16/40,	 Avg.loss: 0.0007,	 Test Accuracy: 771/1000(77%)
Task: 1,	 Epoch: 17/40,	 Avg.loss: 0.0007,	 Test Accuracy: 777/1000(78%)
Task: 1,	 Epoch: 18/40,	 Avg.loss: 0.0007,	 Test Accuracy: 776/1000(78%)
Task: 1,	 Epoch: 19/40,	 Avg.loss: 0.0007,	 Test Accuracy: 780/1000(78%)
Task: 1,	 Epoch: 20/40,	 Avg.loss: 0.0006,	 Test Accuracy: 795/1000(80%)
Task: 1,	 Epoch: 21/40,	 Avg.loss: 0.0006,	 Test Accuracy: 793/1000(79%)
Task: 1,	 Epoch: 22/40,	 Avg.loss: 0.0006,	 Test Accuracy: 796/1000(80%)
Task: 1,	 Epoch: 23/40,	 Avg.loss: 0.0006,	 Test Accuracy: 801/1000(80%)
Task: 1,	 Epoch: 24/40,	 Avg.loss: 0.0006,	 Test Accuracy: 799/1000(80%)
Task: 1,	 Epoch: 25/40,	 Avg.loss: 0.0006,	 Test Accuracy: 795/1000(80%)
Task: 1,	 Epoch: 26/40,	 Avg.loss: 0.0006,	 Test Accuracy: 794/1000(79%)
Task: 1,	 Epoch: 27/40,	 Avg.loss: 0.0006,	 Test Accuracy: 803/1000(80%)
Task: 1,	 Epoch: 28/40,	 Avg.loss: 0.0006,	 Test Accuracy: 797/1000(80%)
Task: 1,	 Epoch: 29/40,	 Avg.loss: 0.0006,	 Test Accuracy: 799/1000(80%)
Task: 1,	 Epoch: 30/40,	 Avg.loss: 0.0006,	 Test Accuracy: 797/1000(80%)
Task: 1,	 Epoch: 31/40,	 Avg.loss: 0.0006,	 Test Accuracy: 794/1000(79%)
Task: 1,	 Epoch: 32/40,	 Avg.loss: 0.0006,	 Test Accuracy: 801/1000(80%)
Task: 1,	 Epoch: 33/40,	 Avg.loss: 0.0006,	 Test Accuracy: 797/1000(80%)
Task: 1,	 Epoch: 34/40,	 Avg.loss: 0.0006,	 Test Accuracy: 789/1000(79%)
Task: 1,	 Epoch: 35/40,	 Avg.loss: 0.0006,	 Test Accuracy: 795/1000(80%)
Task: 1,	 Epoch: 36/40,	 Avg.loss: 0.0006,	 Test Accuracy: 793/1000(79%)
Task: 1,	 Epoch: 37/40,	 Avg.loss: 0.0006,	 Test Accuracy: 800/1000(80%)
Task: 1,	 Epoch: 38/40,	 Avg.loss: 0.0006,	 Test Accuracy: 796/1000(80%)
Task: 1,	 Epoch: 39/40,	 Avg.loss: 0.0006,	 Test Accuracy: 794/1000(79%)
