Layer        : conv1_layer.2.weight
Sum Omega    : 9216.0
W.num_zeros  : 0/9216
F.num_zeros  : 288/9216
O.num_zeros  : 0/9216
Max Fisher   : 1.0
Max Omega    : 1.0
Min Fisher   : 0.0
Min Omega    : 1.0
Max Relevance: 0.3999999761581421
Layer        : conv2_layer.2.weight
Sum Omega    : 36864.0
W.num_zeros  : 0/36864
F.num_zeros  : 9041/36864
O.num_zeros  : 0/36864
Max Fisher   : 1.0
Max Omega    : 1.0
Min Fisher   : 0.0
Min Omega    : 1.0
Max Relevance: 0.3999999761581421
Layer        : fc1_layer.0.weight
Sum Omega    : 2097152.0
W.num_zeros  : 0/2097152
F.num_zeros  : 1273975/2097152
O.num_zeros  : 0/2097152
Max Fisher   : 1.0
Max Omega    : 1.0
Min Fisher   : 0.0
Min Omega    : 1.0
Max Relevance: 0.3999999761581421
Mask histogram conv1_layer.2.weight: 	 tensor([   0., 8192.,    0.,    0.,    0.,    0.,    0.,    0.,    0.,    0.],
       device='cuda:0')
Mask histogram conv2_layer.2.weight: 	 tensor([2048., 2048.,    0.,    0.,    0.,    0.,    0.,    0.,    0.,    0.],
       device='cuda:0')
Mask histogram fc1_layer.0.weight: 	 tensor([  0., 512.,   0.,   0.,   0.,   0.,   0.,   0.,   0.,   0.],
       device='cuda:0')
Task: 0,	 Epoch: 0/80,	 Avg.loss: 0.0010,	 Accuracy: 656/1000(66%)
Task: 0,	 Epoch: 1/80,	 Avg.loss: 0.0008,	 Accuracy: 718/1000(72%)
Task: 0,	 Epoch: 2/80,	 Avg.loss: 0.0007,	 Accuracy: 781/1000(78%)
Task: 0,	 Epoch: 3/80,	 Avg.loss: 0.0007,	 Accuracy: 780/1000(78%)
Task: 0,	 Epoch: 4/80,	 Avg.loss: 0.0007,	 Accuracy: 780/1000(78%)
Task: 0,	 Epoch: 5/80,	 Avg.loss: 0.0006,	 Accuracy: 804/1000(80%)
Task: 0,	 Epoch: 6/80,	 Avg.loss: 0.0006,	 Accuracy: 815/1000(82%)
Task: 0,	 Epoch: 7/80,	 Avg.loss: 0.0006,	 Accuracy: 810/1000(81%)
Task: 0,	 Epoch: 8/80,	 Avg.loss: 0.0005,	 Accuracy: 819/1000(82%)
Task: 0,	 Epoch: 9/80,	 Avg.loss: 0.0006,	 Accuracy: 823/1000(82%)
Task: 0,	 Epoch: 10/80,	 Avg.loss: 0.0006,	 Accuracy: 828/1000(83%)
Task: 0,	 Epoch: 11/80,	 Avg.loss: 0.0006,	 Accuracy: 832/1000(83%)
Task: 0,	 Epoch: 12/80,	 Avg.loss: 0.0005,	 Accuracy: 847/1000(85%)
Task: 0,	 Epoch: 13/80,	 Avg.loss: 0.0006,	 Accuracy: 820/1000(82%)
Task: 0,	 Epoch: 14/80,	 Avg.loss: 0.0005,	 Accuracy: 827/1000(83%)
Task: 0,	 Epoch: 15/80,	 Avg.loss: 0.0006,	 Accuracy: 826/1000(83%)
Task: 0,	 Epoch: 16/80,	 Avg.loss: 0.0005,	 Accuracy: 829/1000(83%)
Task: 0,	 Epoch: 17/80,	 Avg.loss: 0.0005,	 Accuracy: 828/1000(83%)
Task: 0,	 Epoch: 18/80,	 Avg.loss: 0.0007,	 Accuracy: 814/1000(81%)
Task: 0,	 Epoch: 19/80,	 Avg.loss: 0.0005,	 Accuracy: 838/1000(84%)
Task: 0,	 Epoch: 20/80,	 Avg.loss: 0.0005,	 Accuracy: 844/1000(84%)
Task: 0,	 Epoch: 21/80,	 Avg.loss: 0.0006,	 Accuracy: 835/1000(84%)
Task: 0,	 Epoch: 22/80,	 Avg.loss: 0.0005,	 Accuracy: 837/1000(84%)
Task: 0,	 Epoch: 23/80,	 Avg.loss: 0.0005,	 Accuracy: 832/1000(83%)
Task: 0,	 Epoch: 24/80,	 Avg.loss: 0.0006,	 Accuracy: 841/1000(84%)
Task: 0,	 Epoch: 25/80,	 Avg.loss: 0.0006,	 Accuracy: 831/1000(83%)
Task: 0,	 Epoch: 26/80,	 Avg.loss: 0.0006,	 Accuracy: 844/1000(84%)
Task: 0,	 Epoch: 27/80,	 Avg.loss: 0.0006,	 Accuracy: 839/1000(84%)
Task: 0,	 Epoch: 28/80,	 Avg.loss: 0.0006,	 Accuracy: 831/1000(83%)
Task: 0,	 Epoch: 29/80,	 Avg.loss: 0.0006,	 Accuracy: 845/1000(85%)
Task: 0,	 Epoch: 30/80,	 Avg.loss: 0.0006,	 Accuracy: 833/1000(83%)
Task: 0,	 Epoch: 31/80,	 Avg.loss: 0.0006,	 Accuracy: 844/1000(84%)
Task: 0,	 Epoch: 32/80,	 Avg.loss: 0.0006,	 Accuracy: 851/1000(85%)
Task: 0,	 Epoch: 33/80,	 Avg.loss: 0.0006,	 Accuracy: 836/1000(84%)
Task: 0,	 Epoch: 34/80,	 Avg.loss: 0.0006,	 Accuracy: 831/1000(83%)
Task: 0,	 Epoch: 35/80,	 Avg.loss: 0.0007,	 Accuracy: 827/1000(83%)
Task: 0,	 Epoch: 36/80,	 Avg.loss: 0.0006,	 Accuracy: 850/1000(85%)
Task: 0,	 Epoch: 37/80,	 Avg.loss: 0.0006,	 Accuracy: 833/1000(83%)
Task: 0,	 Epoch: 38/80,	 Avg.loss: 0.0006,	 Accuracy: 834/1000(83%)
Task: 0,	 Epoch: 39/80,	 Avg.loss: 0.0007,	 Accuracy: 848/1000(85%)
Task: 0,	 Epoch: 40/80,	 Avg.loss: 0.0007,	 Accuracy: 833/1000(83%)
Task: 0,	 Epoch: 41/80,	 Avg.loss: 0.0006,	 Accuracy: 844/1000(84%)
Task: 0,	 Epoch: 42/80,	 Avg.loss: 0.0006,	 Accuracy: 848/1000(85%)
Task: 0,	 Epoch: 43/80,	 Avg.loss: 0.0007,	 Accuracy: 839/1000(84%)
Task: 0,	 Epoch: 44/80,	 Avg.loss: 0.0006,	 Accuracy: 849/1000(85%)
Task: 0,	 Epoch: 45/80,	 Avg.loss: 0.0007,	 Accuracy: 853/1000(85%)
Task: 0,	 Epoch: 46/80,	 Avg.loss: 0.0007,	 Accuracy: 848/1000(85%)
Task: 0,	 Epoch: 47/80,	 Avg.loss: 0.0006,	 Accuracy: 851/1000(85%)
Task: 0,	 Epoch: 48/80,	 Avg.loss: 0.0007,	 Accuracy: 847/1000(85%)
Task: 0,	 Epoch: 49/80,	 Avg.loss: 0.0007,	 Accuracy: 838/1000(84%)
Task: 0,	 Epoch: 50/80,	 Avg.loss: 0.0006,	 Accuracy: 846/1000(85%)
Task: 0,	 Epoch: 51/80,	 Avg.loss: 0.0006,	 Accuracy: 851/1000(85%)
Task: 0,	 Epoch: 52/80,	 Avg.loss: 0.0006,	 Accuracy: 854/1000(85%)
Task: 0,	 Epoch: 53/80,	 Avg.loss: 0.0006,	 Accuracy: 852/1000(85%)
Task: 0,	 Epoch: 54/80,	 Avg.loss: 0.0006,	 Accuracy: 855/1000(86%)
Task: 0,	 Epoch: 55/80,	 Avg.loss: 0.0006,	 Accuracy: 864/1000(86%)
Task: 0,	 Epoch: 56/80,	 Avg.loss: 0.0006,	 Accuracy: 861/1000(86%)
Task: 0,	 Epoch: 57/80,	 Avg.loss: 0.0006,	 Accuracy: 866/1000(87%)
Task: 0,	 Epoch: 58/80,	 Avg.loss: 0.0006,	 Accuracy: 857/1000(86%)
Task: 0,	 Epoch: 59/80,	 Avg.loss: 0.0006,	 Accuracy: 864/1000(86%)
Task: 0,	 Epoch: 60/80,	 Avg.loss: 0.0006,	 Accuracy: 861/1000(86%)
Task: 0,	 Epoch: 61/80,	 Avg.loss: 0.0006,	 Accuracy: 865/1000(87%)
Task: 0,	 Epoch: 62/80,	 Avg.loss: 0.0006,	 Accuracy: 863/1000(86%)
Task: 0,	 Epoch: 63/80,	 Avg.loss: 0.0006,	 Accuracy: 863/1000(86%)
Task: 0,	 Epoch: 64/80,	 Avg.loss: 0.0006,	 Accuracy: 864/1000(86%)
Task: 0,	 Epoch: 65/80,	 Avg.loss: 0.0006,	 Accuracy: 862/1000(86%)
Task: 0,	 Epoch: 66/80,	 Avg.loss: 0.0007,	 Accuracy: 867/1000(87%)
Task: 0,	 Epoch: 67/80,	 Avg.loss: 0.0006,	 Accuracy: 866/1000(87%)
Task: 0,	 Epoch: 68/80,	 Avg.loss: 0.0007,	 Accuracy: 868/1000(87%)
Task: 0,	 Epoch: 69/80,	 Avg.loss: 0.0006,	 Accuracy: 865/1000(87%)
Task: 0,	 Epoch: 70/80,	 Avg.loss: 0.0006,	 Accuracy: 870/1000(87%)
Task: 0,	 Epoch: 71/80,	 Avg.loss: 0.0007,	 Accuracy: 861/1000(86%)
Task: 0,	 Epoch: 72/80,	 Avg.loss: 0.0007,	 Accuracy: 870/1000(87%)
Task: 0,	 Epoch: 73/80,	 Avg.loss: 0.0007,	 Accuracy: 863/1000(86%)
Task: 0,	 Epoch: 74/80,	 Avg.loss: 0.0007,	 Accuracy: 866/1000(87%)
Task: 0,	 Epoch: 75/80,	 Avg.loss: 0.0007,	 Accuracy: 864/1000(86%)
Task: 0,	 Epoch: 76/80,	 Avg.loss: 0.0007,	 Accuracy: 867/1000(87%)
Task: 0,	 Epoch: 77/80,	 Avg.loss: 0.0007,	 Accuracy: 862/1000(86%)
Task: 0,	 Epoch: 78/80,	 Avg.loss: 0.0007,	 Accuracy: 867/1000(87%)
Task: 0,	 Epoch: 79/80,	 Avg.loss: 0.0007,	 Accuracy: 864/1000(86%)
Task: 0,	 Epoch: -1/80,	 Avg.loss: 0.0007,	 Accuracy: 864/1000(86%)
Trained Task:0, Loaded task:0, Accuracy:86.4%
Trained Task:0, Avg. Accuracy: 86.4 

Layer        : conv1_layer.2.weight
Sum Omega    : 671.7196655273438
W.num_zeros  : 0/9216
F.num_zeros  : 288/9216
O.num_zeros  : 288/9216
Max Fisher   : 1.0
Max Omega    : 1.0
Min Fisher   : 0.0
Min Omega    : 0.0
Max Relevance: 0.4733169674873352
Layer        : conv2_layer.2.weight
Sum Omega    : 1521.7105712890625
W.num_zeros  : 0/36864
F.num_zeros  : 9311/36864
O.num_zeros  : 18432/36864
Max Fisher   : 1.0
Max Omega    : 1.0
Min Fisher   : 0.0
Min Omega    : 0.0
Max Relevance: 0.40196657180786133
Layer        : fc1_layer.0.weight
Sum Omega    : 25294.234375
W.num_zeros  : 0/2097152
F.num_zeros  : 1264940/2097152
O.num_zeros  : 1520361/2097152
Max Fisher   : 1.0
Max Omega    : 1.0
Min Fisher   : 0.0
Min Omega    : 0.0
Max Relevance: 0.7531042695045471
Mask histogram conv1_layer.2.weight: 	 tensor([   0.,    0., 8192.,    0.,    0.,    0.,    0.,    0.,    0.,    0.],
       device='cuda:0')
Mask histogram conv2_layer.2.weight: 	 tensor([ 640., 2816.,  640.,    0.,    0.,    0.,    0.,    0.,    0.,    0.],
       device='cuda:0')
Mask histogram fc1_layer.0.weight: 	 tensor([  0.,   0., 512.,   0.,   0.,   0.,   0.,   0.,   0.,   0.],
       device='cuda:0')
Task: 1,	 Epoch: 0/80,	 Avg.loss: 0.0012,	 Accuracy: 587/1000(59%)
Task: 1,	 Epoch: 1/80,	 Avg.loss: 0.0010,	 Accuracy: 650/1000(65%)
Task: 1,	 Epoch: 2/80,	 Avg.loss: 0.0009,	 Accuracy: 678/1000(68%)
Task: 1,	 Epoch: 3/80,	 Avg.loss: 0.0009,	 Accuracy: 705/1000(70%)
Task: 1,	 Epoch: 4/80,	 Avg.loss: 0.0009,	 Accuracy: 692/1000(69%)
Task: 1,	 Epoch: 5/80,	 Avg.loss: 0.0008,	 Accuracy: 724/1000(72%)
Task: 1,	 Epoch: 6/80,	 Avg.loss: 0.0008,	 Accuracy: 723/1000(72%)
Task: 1,	 Epoch: 7/80,	 Avg.loss: 0.0008,	 Accuracy: 731/1000(73%)
Task: 1,	 Epoch: 8/80,	 Avg.loss: 0.0008,	 Accuracy: 743/1000(74%)
Task: 1,	 Epoch: 9/80,	 Avg.loss: 0.0008,	 Accuracy: 710/1000(71%)
Task: 1,	 Epoch: 10/80,	 Avg.loss: 0.0008,	 Accuracy: 742/1000(74%)
Task: 1,	 Epoch: 11/80,	 Avg.loss: 0.0007,	 Accuracy: 740/1000(74%)
Task: 1,	 Epoch: 12/80,	 Avg.loss: 0.0008,	 Accuracy: 737/1000(74%)
Task: 1,	 Epoch: 13/80,	 Avg.loss: 0.0007,	 Accuracy: 756/1000(76%)
Task: 1,	 Epoch: 14/80,	 Avg.loss: 0.0007,	 Accuracy: 754/1000(75%)
Task: 1,	 Epoch: 15/80,	 Avg.loss: 0.0007,	 Accuracy: 751/1000(75%)
Task: 1,	 Epoch: 16/80,	 Avg.loss: 0.0007,	 Accuracy: 754/1000(75%)
Task: 1,	 Epoch: 17/80,	 Avg.loss: 0.0007,	 Accuracy: 755/1000(76%)
Task: 1,	 Epoch: 18/80,	 Avg.loss: 0.0008,	 Accuracy: 762/1000(76%)
Task: 1,	 Epoch: 19/80,	 Avg.loss: 0.0008,	 Accuracy: 765/1000(76%)
Task: 1,	 Epoch: 20/80,	 Avg.loss: 0.0008,	 Accuracy: 763/1000(76%)
Task: 1,	 Epoch: 21/80,	 Avg.loss: 0.0007,	 Accuracy: 768/1000(77%)
Task: 1,	 Epoch: 22/80,	 Avg.loss: 0.0008,	 Accuracy: 761/1000(76%)
Task: 1,	 Epoch: 23/80,	 Avg.loss: 0.0008,	 Accuracy: 744/1000(74%)
Task: 1,	 Epoch: 24/80,	 Avg.loss: 0.0008,	 Accuracy: 763/1000(76%)
Task: 1,	 Epoch: 25/80,	 Avg.loss: 0.0009,	 Accuracy: 748/1000(75%)
Task: 1,	 Epoch: 26/80,	 Avg.loss: 0.0008,	 Accuracy: 750/1000(75%)
Task: 1,	 Epoch: 27/80,	 Avg.loss: 0.0009,	 Accuracy: 750/1000(75%)
Task: 1,	 Epoch: 28/80,	 Avg.loss: 0.0008,	 Accuracy: 754/1000(75%)
Task: 1,	 Epoch: 29/80,	 Avg.loss: 0.0008,	 Accuracy: 752/1000(75%)
Task: 1,	 Epoch: 30/80,	 Avg.loss: 0.0008,	 Accuracy: 766/1000(77%)
Task: 1,	 Epoch: 31/80,	 Avg.loss: 0.0009,	 Accuracy: 748/1000(75%)
Task: 1,	 Epoch: 32/80,	 Avg.loss: 0.0008,	 Accuracy: 766/1000(77%)
Task: 1,	 Epoch: 33/80,	 Avg.loss: 0.0008,	 Accuracy: 757/1000(76%)
Task: 1,	 Epoch: 34/80,	 Avg.loss: 0.0008,	 Accuracy: 755/1000(76%)
Task: 1,	 Epoch: 35/80,	 Avg.loss: 0.0008,	 Accuracy: 770/1000(77%)
Task: 1,	 Epoch: 36/80,	 Avg.loss: 0.0008,	 Accuracy: 764/1000(76%)
Task: 1,	 Epoch: 37/80,	 Avg.loss: 0.0008,	 Accuracy: 772/1000(77%)
Task: 1,	 Epoch: 38/80,	 Avg.loss: 0.0009,	 Accuracy: 750/1000(75%)
Task: 1,	 Epoch: 39/80,	 Avg.loss: 0.0008,	 Accuracy: 773/1000(77%)
Task: 1,	 Epoch: 40/80,	 Avg.loss: 0.0008,	 Accuracy: 774/1000(77%)
Task: 1,	 Epoch: 41/80,	 Avg.loss: 0.0008,	 Accuracy: 764/1000(76%)
Task: 1,	 Epoch: 42/80,	 Avg.loss: 0.0008,	 Accuracy: 772/1000(77%)
Task: 1,	 Epoch: 43/80,	 Avg.loss: 0.0008,	 Accuracy: 784/1000(78%)
Task: 1,	 Epoch: 44/80,	 Avg.loss: 0.0009,	 Accuracy: 766/1000(77%)
Task: 1,	 Epoch: 45/80,	 Avg.loss: 0.0008,	 Accuracy: 776/1000(78%)
Task: 1,	 Epoch: 46/80,	 Avg.loss: 0.0008,	 Accuracy: 777/1000(78%)
Task: 1,	 Epoch: 47/80,	 Avg.loss: 0.0008,	 Accuracy: 764/1000(76%)
Task: 1,	 Epoch: 48/80,	 Avg.loss: 0.0008,	 Accuracy: 768/1000(77%)
Task: 1,	 Epoch: 49/80,	 Avg.loss: 0.0008,	 Accuracy: 771/1000(77%)
Task: 1,	 Epoch: 50/80,	 Avg.loss: 0.0008,	 Accuracy: 769/1000(77%)
Task: 1,	 Epoch: 51/80,	 Avg.loss: 0.0008,	 Accuracy: 778/1000(78%)
Task: 1,	 Epoch: 52/80,	 Avg.loss: 0.0008,	 Accuracy: 768/1000(77%)
Task: 1,	 Epoch: 53/80,	 Avg.loss: 0.0008,	 Accuracy: 773/1000(77%)
Task: 1,	 Epoch: 54/80,	 Avg.loss: 0.0008,	 Accuracy: 773/1000(77%)
Task: 1,	 Epoch: 55/80,	 Avg.loss: 0.0008,	 Accuracy: 772/1000(77%)
Task: 1,	 Epoch: 56/80,	 Avg.loss: 0.0008,	 Accuracy: 779/1000(78%)
Task: 1,	 Epoch: 57/80,	 Avg.loss: 0.0008,	 Accuracy: 775/1000(78%)
Task: 1,	 Epoch: 58/80,	 Avg.loss: 0.0008,	 Accuracy: 773/1000(77%)
Task: 1,	 Epoch: 59/80,	 Avg.loss: 0.0008,	 Accuracy: 780/1000(78%)
Task: 1,	 Epoch: 60/80,	 Avg.loss: 0.0008,	 Accuracy: 776/1000(78%)
Task: 1,	 Epoch: 61/80,	 Avg.loss: 0.0008,	 Accuracy: 775/1000(78%)
Task: 1,	 Epoch: 62/80,	 Avg.loss: 0.0008,	 Accuracy: 770/1000(77%)
Task: 1,	 Epoch: 63/80,	 Avg.loss: 0.0008,	 Accuracy: 771/1000(77%)
Task: 1,	 Epoch: 64/80,	 Avg.loss: 0.0008,	 Accuracy: 771/1000(77%)
Task: 1,	 Epoch: 65/80,	 Avg.loss: 0.0008,	 Accuracy: 775/1000(78%)
Task: 1,	 Epoch: 66/80,	 Avg.loss: 0.0008,	 Accuracy: 775/1000(78%)
Task: 1,	 Epoch: 67/80,	 Avg.loss: 0.0008,	 Accuracy: 778/1000(78%)
Task: 1,	 Epoch: 68/80,	 Avg.loss: 0.0008,	 Accuracy: 780/1000(78%)
Task: 1,	 Epoch: 69/80,	 Avg.loss: 0.0008,	 Accuracy: 779/1000(78%)
Task: 1,	 Epoch: 70/80,	 Avg.loss: 0.0008,	 Accuracy: 782/1000(78%)
Task: 1,	 Epoch: 71/80,	 Avg.loss: 0.0008,	 Accuracy: 780/1000(78%)
Task: 1,	 Epoch: 72/80,	 Avg.loss: 0.0008,	 Accuracy: 775/1000(78%)
Task: 1,	 Epoch: 73/80,	 Avg.loss: 0.0008,	 Accuracy: 779/1000(78%)
Task: 1,	 Epoch: 74/80,	 Avg.loss: 0.0008,	 Accuracy: 780/1000(78%)
Task: 1,	 Epoch: 75/80,	 Avg.loss: 0.0008,	 Accuracy: 780/1000(78%)
Task: 1,	 Epoch: 76/80,	 Avg.loss: 0.0008,	 Accuracy: 775/1000(78%)
Task: 1,	 Epoch: 77/80,	 Avg.loss: 0.0008,	 Accuracy: 782/1000(78%)
Task: 1,	 Epoch: 78/80,	 Avg.loss: 0.0008,	 Accuracy: 780/1000(78%)
Task: 1,	 Epoch: 79/80,	 Avg.loss: 0.0008,	 Accuracy: 786/1000(79%)
Task: 0,	 Epoch: -1/80,	 Avg.loss: 0.0007,	 Accuracy: 865/1000(87%)
Trained Task:1, Loaded task:0, Accuracy:86.5%
Task: 1,	 Epoch: -1/80,	 Avg.loss: 0.0008,	 Accuracy: 786/1000(79%)
Trained Task:1, Loaded task:1, Accuracy:78.6%
Trained Task:1, Avg. Accuracy: 82.6 

Layer        : conv1_layer.2.weight
Sum Omega    : 688.55224609375
W.num_zeros  : 0/9216
F.num_zeros  : 288/9216
O.num_zeros  : 288/9216
Max Fisher   : 1.0
Max Omega    : 1.0
Min Fisher   : 0.0
Min Omega    : 0.0
Max Relevance: 0.43621188402175903
Layer        : conv2_layer.2.weight
Sum Omega    : 1415.4176025390625
W.num_zeros  : 0/36864
F.num_zeros  : 9216/36864
O.num_zeros  : 9217/36864
Max Fisher   : 1.0
Max Omega    : 1.0
Min Fisher   : 0.0
Min Omega    : 0.0
Max Relevance: 0.8663653135299683
Layer        : fc1_layer.0.weight
Sum Omega    : 19404.81640625
W.num_zeros  : 0/2097152
F.num_zeros  : 1142627/2097152
O.num_zeros  : 1182465/2097152
Max Fisher   : 1.0
Max Omega    : 1.0
Min Fisher   : 0.0
Min Omega    : 0.0
Max Relevance: 0.91984623670578
Mask histogram conv1_layer.2.weight: 	 tensor([   0.,    0.,    0., 8192.,    0.,    0.,    0.,    0.,    0.,    0.],
       device='cuda:0')
Mask histogram conv2_layer.2.weight: 	 tensor([ 640., 1088., 2048.,  320.,    0.,    0.,    0.,    0.,    0.,    0.],
       device='cuda:0')
Mask histogram fc1_layer.0.weight: 	 tensor([  0.,   0.,   0., 512.,   0.,   0.,   0.,   0.,   0.,   0.],
       device='cuda:0')
Task: 2,	 Epoch: 0/80,	 Avg.loss: 0.0010,	 Accuracy: 696/1000(70%)
Task: 2,	 Epoch: 1/80,	 Avg.loss: 0.0010,	 Accuracy: 691/1000(69%)
Task: 2,	 Epoch: 2/80,	 Avg.loss: 0.0010,	 Accuracy: 689/1000(69%)
Task: 2,	 Epoch: 3/80,	 Avg.loss: 0.0010,	 Accuracy: 700/1000(70%)
Task: 2,	 Epoch: 4/80,	 Avg.loss: 0.0010,	 Accuracy: 713/1000(71%)
Task: 2,	 Epoch: 5/80,	 Avg.loss: 0.0008,	 Accuracy: 747/1000(75%)
Task: 2,	 Epoch: 6/80,	 Avg.loss: 0.0009,	 Accuracy: 723/1000(72%)
Task: 2,	 Epoch: 7/80,	 Avg.loss: 0.0008,	 Accuracy: 742/1000(74%)
Task: 2,	 Epoch: 8/80,	 Avg.loss: 0.0008,	 Accuracy: 750/1000(75%)
Task: 2,	 Epoch: 9/80,	 Avg.loss: 0.0007,	 Accuracy: 776/1000(78%)
Task: 2,	 Epoch: 10/80,	 Avg.loss: 0.0008,	 Accuracy: 773/1000(77%)
Task: 2,	 Epoch: 11/80,	 Avg.loss: 0.0008,	 Accuracy: 743/1000(74%)
Task: 2,	 Epoch: 12/80,	 Avg.loss: 0.0008,	 Accuracy: 773/1000(77%)
Task: 2,	 Epoch: 13/80,	 Avg.loss: 0.0008,	 Accuracy: 763/1000(76%)
Task: 2,	 Epoch: 14/80,	 Avg.loss: 0.0008,	 Accuracy: 769/1000(77%)
Task: 2,	 Epoch: 15/80,	 Avg.loss: 0.0008,	 Accuracy: 768/1000(77%)
Task: 2,	 Epoch: 16/80,	 Avg.loss: 0.0008,	 Accuracy: 772/1000(77%)
Task: 2,	 Epoch: 17/80,	 Avg.loss: 0.0007,	 Accuracy: 776/1000(78%)
Task: 2,	 Epoch: 18/80,	 Avg.loss: 0.0007,	 Accuracy: 768/1000(77%)
Task: 2,	 Epoch: 19/80,	 Avg.loss: 0.0008,	 Accuracy: 778/1000(78%)
Task: 2,	 Epoch: 20/80,	 Avg.loss: 0.0007,	 Accuracy: 787/1000(79%)
Task: 2,	 Epoch: 21/80,	 Avg.loss: 0.0007,	 Accuracy: 775/1000(78%)
Task: 2,	 Epoch: 22/80,	 Avg.loss: 0.0007,	 Accuracy: 770/1000(77%)
Task: 2,	 Epoch: 23/80,	 Avg.loss: 0.0007,	 Accuracy: 777/1000(78%)
Task: 2,	 Epoch: 24/80,	 Avg.loss: 0.0008,	 Accuracy: 763/1000(76%)
Task: 2,	 Epoch: 25/80,	 Avg.loss: 0.0008,	 Accuracy: 769/1000(77%)
Task: 2,	 Epoch: 26/80,	 Avg.loss: 0.0008,	 Accuracy: 764/1000(76%)
Task: 2,	 Epoch: 27/80,	 Avg.loss: 0.0007,	 Accuracy: 784/1000(78%)
Task: 2,	 Epoch: 28/80,	 Avg.loss: 0.0007,	 Accuracy: 785/1000(78%)
Task: 2,	 Epoch: 29/80,	 Avg.loss: 0.0007,	 Accuracy: 787/1000(79%)
Task: 2,	 Epoch: 30/80,	 Avg.loss: 0.0008,	 Accuracy: 757/1000(76%)
Task: 2,	 Epoch: 31/80,	 Avg.loss: 0.0008,	 Accuracy: 776/1000(78%)
Task: 2,	 Epoch: 32/80,	 Avg.loss: 0.0008,	 Accuracy: 775/1000(78%)
Task: 2,	 Epoch: 33/80,	 Avg.loss: 0.0008,	 Accuracy: 787/1000(79%)
Task: 2,	 Epoch: 34/80,	 Avg.loss: 0.0007,	 Accuracy: 791/1000(79%)
Task: 2,	 Epoch: 35/80,	 Avg.loss: 0.0008,	 Accuracy: 768/1000(77%)
Task: 2,	 Epoch: 36/80,	 Avg.loss: 0.0007,	 Accuracy: 777/1000(78%)
Task: 2,	 Epoch: 37/80,	 Avg.loss: 0.0007,	 Accuracy: 782/1000(78%)
Task: 2,	 Epoch: 38/80,	 Avg.loss: 0.0007,	 Accuracy: 790/1000(79%)
Task: 2,	 Epoch: 39/80,	 Avg.loss: 0.0007,	 Accuracy: 791/1000(79%)
Task: 2,	 Epoch: 40/80,	 Avg.loss: 0.0008,	 Accuracy: 786/1000(79%)
Task: 2,	 Epoch: 41/80,	 Avg.loss: 0.0007,	 Accuracy: 794/1000(79%)
Task: 2,	 Epoch: 42/80,	 Avg.loss: 0.0007,	 Accuracy: 793/1000(79%)
Task: 2,	 Epoch: 43/80,	 Avg.loss: 0.0008,	 Accuracy: 780/1000(78%)
Task: 2,	 Epoch: 44/80,	 Avg.loss: 0.0008,	 Accuracy: 764/1000(76%)
Task: 2,	 Epoch: 45/80,	 Avg.loss: 0.0007,	 Accuracy: 789/1000(79%)
Task: 2,	 Epoch: 46/80,	 Avg.loss: 0.0008,	 Accuracy: 785/1000(78%)
Task: 2,	 Epoch: 47/80,	 Avg.loss: 0.0007,	 Accuracy: 782/1000(78%)
Task: 2,	 Epoch: 48/80,	 Avg.loss: 0.0008,	 Accuracy: 785/1000(78%)
Task: 2,	 Epoch: 49/80,	 Avg.loss: 0.0007,	 Accuracy: 792/1000(79%)
Task: 2,	 Epoch: 50/80,	 Avg.loss: 0.0007,	 Accuracy: 805/1000(81%)
Task: 2,	 Epoch: 51/80,	 Avg.loss: 0.0007,	 Accuracy: 805/1000(81%)
Task: 2,	 Epoch: 52/80,	 Avg.loss: 0.0007,	 Accuracy: 802/1000(80%)
Task: 2,	 Epoch: 53/80,	 Avg.loss: 0.0007,	 Accuracy: 801/1000(80%)
Task: 2,	 Epoch: 54/80,	 Avg.loss: 0.0007,	 Accuracy: 802/1000(80%)
Task: 2,	 Epoch: 55/80,	 Avg.loss: 0.0007,	 Accuracy: 803/1000(80%)
Task: 2,	 Epoch: 56/80,	 Avg.loss: 0.0007,	 Accuracy: 804/1000(80%)
Task: 2,	 Epoch: 57/80,	 Avg.loss: 0.0007,	 Accuracy: 806/1000(81%)
Task: 2,	 Epoch: 58/80,	 Avg.loss: 0.0007,	 Accuracy: 805/1000(81%)
Task: 2,	 Epoch: 59/80,	 Avg.loss: 0.0007,	 Accuracy: 811/1000(81%)
Task: 2,	 Epoch: 60/80,	 Avg.loss: 0.0007,	 Accuracy: 807/1000(81%)
Task: 2,	 Epoch: 61/80,	 Avg.loss: 0.0007,	 Accuracy: 800/1000(80%)
Task: 2,	 Epoch: 62/80,	 Avg.loss: 0.0007,	 Accuracy: 803/1000(80%)
Task: 2,	 Epoch: 63/80,	 Avg.loss: 0.0007,	 Accuracy: 805/1000(81%)
Task: 2,	 Epoch: 64/80,	 Avg.loss: 0.0007,	 Accuracy: 799/1000(80%)
Task: 2,	 Epoch: 65/80,	 Avg.loss: 0.0007,	 Accuracy: 801/1000(80%)
Task: 2,	 Epoch: 66/80,	 Avg.loss: 0.0007,	 Accuracy: 805/1000(81%)
Task: 2,	 Epoch: 67/80,	 Avg.loss: 0.0007,	 Accuracy: 805/1000(81%)
Task: 2,	 Epoch: 68/80,	 Avg.loss: 0.0007,	 Accuracy: 803/1000(80%)
Task: 2,	 Epoch: 69/80,	 Avg.loss: 0.0007,	 Accuracy: 801/1000(80%)
Task: 2,	 Epoch: 70/80,	 Avg.loss: 0.0007,	 Accuracy: 801/1000(80%)
Task: 2,	 Epoch: 71/80,	 Avg.loss: 0.0007,	 Accuracy: 798/1000(80%)
Task: 2,	 Epoch: 72/80,	 Avg.loss: 0.0007,	 Accuracy: 810/1000(81%)
Task: 2,	 Epoch: 73/80,	 Avg.loss: 0.0007,	 Accuracy: 808/1000(81%)
Task: 2,	 Epoch: 74/80,	 Avg.loss: 0.0007,	 Accuracy: 803/1000(80%)
Task: 2,	 Epoch: 75/80,	 Avg.loss: 0.0007,	 Accuracy: 802/1000(80%)
Task: 2,	 Epoch: 76/80,	 Avg.loss: 0.0007,	 Accuracy: 799/1000(80%)
Task: 2,	 Epoch: 77/80,	 Avg.loss: 0.0007,	 Accuracy: 800/1000(80%)
Task: 2,	 Epoch: 78/80,	 Avg.loss: 0.0007,	 Accuracy: 807/1000(81%)
Task: 2,	 Epoch: 79/80,	 Avg.loss: 0.0007,	 Accuracy: 807/1000(81%)
Task: 0,	 Epoch: -1/80,	 Avg.loss: 0.0007,	 Accuracy: 853/1000(85%)
Trained Task:2, Loaded task:0, Accuracy:85.3%
Task: 1,	 Epoch: -1/80,	 Avg.loss: 0.0008,	 Accuracy: 789/1000(79%)
Trained Task:2, Loaded task:1, Accuracy:78.9%
Task: 2,	 Epoch: -1/80,	 Avg.loss: 0.0007,	 Accuracy: 807/1000(81%)
Trained Task:2, Loaded task:2, Accuracy:80.7%
Trained Task:2, Avg. Accuracy: 81.6 

Layer        : conv1_layer.2.weight
Sum Omega    : 679.944580078125
W.num_zeros  : 0/9216
F.num_zeros  : 288/9216
O.num_zeros  : 288/9216
Max Fisher   : 1.0
Max Omega    : 1.0
Min Fisher   : 0.0
Min Omega    : 0.0
Max Relevance: 0.41779834032058716
Layer        : conv2_layer.2.weight
Sum Omega    : 1616.2926025390625
W.num_zeros  : 0/36864
F.num_zeros  : 9216/36864
O.num_zeros  : 9217/36864
Max Fisher   : 1.0
Max Omega    : 1.0
Min Fisher   : 0.0
Min Omega    : 0.0
Max Relevance: 0.8814705610275269
Layer        : fc1_layer.0.weight
Sum Omega    : 13728.76953125
W.num_zeros  : 0/2097152
F.num_zeros  : 1144835/2097152
O.num_zeros  : 1151815/2097152
Max Fisher   : 1.0
Max Omega    : 1.0
Min Fisher   : 0.0
Min Omega    : 0.0
Max Relevance: 0.9231548309326172
Mask histogram conv1_layer.2.weight: 	 tensor([   0.,    0.,    0.,    0., 8192.,    0.,    0.,    0.,    0.,    0.],
       device='cuda:0')
Mask histogram conv2_layer.2.weight: 	 tensor([ 640.,  640., 1088., 1536.,  192.,    0.,    0.,    0.,    0.,    0.],
       device='cuda:0')
Mask histogram fc1_layer.0.weight: 	 tensor([  0.,   0.,   0.,   0., 512.,   0.,   0.,   0.,   0.,   0.],
       device='cuda:0')
Task: 3,	 Epoch: 0/80,	 Avg.loss: 0.0012,	 Accuracy: 593/1000(59%)
Task: 3,	 Epoch: 1/80,	 Avg.loss: 0.0011,	 Accuracy: 627/1000(63%)
Task: 3,	 Epoch: 2/80,	 Avg.loss: 0.0010,	 Accuracy: 662/1000(66%)
Task: 3,	 Epoch: 3/80,	 Avg.loss: 0.0011,	 Accuracy: 631/1000(63%)
Task: 3,	 Epoch: 4/80,	 Avg.loss: 0.0011,	 Accuracy: 649/1000(65%)
Task: 3,	 Epoch: 5/80,	 Avg.loss: 0.0010,	 Accuracy: 689/1000(69%)
Task: 3,	 Epoch: 6/80,	 Avg.loss: 0.0009,	 Accuracy: 701/1000(70%)
Task: 3,	 Epoch: 7/80,	 Avg.loss: 0.0010,	 Accuracy: 680/1000(68%)
Task: 3,	 Epoch: 8/80,	 Avg.loss: 0.0009,	 Accuracy: 686/1000(69%)
Task: 3,	 Epoch: 9/80,	 Avg.loss: 0.0009,	 Accuracy: 698/1000(70%)
Task: 3,	 Epoch: 10/80,	 Avg.loss: 0.0010,	 Accuracy: 701/1000(70%)
Task: 3,	 Epoch: 11/80,	 Avg.loss: 0.0009,	 Accuracy: 699/1000(70%)
Task: 3,	 Epoch: 12/80,	 Avg.loss: 0.0009,	 Accuracy: 705/1000(70%)
Task: 3,	 Epoch: 13/80,	 Avg.loss: 0.0009,	 Accuracy: 705/1000(70%)
Task: 3,	 Epoch: 14/80,	 Avg.loss: 0.0009,	 Accuracy: 705/1000(70%)
Task: 3,	 Epoch: 15/80,	 Avg.loss: 0.0009,	 Accuracy: 708/1000(71%)
Task: 3,	 Epoch: 16/80,	 Avg.loss: 0.0010,	 Accuracy: 684/1000(68%)
Task: 3,	 Epoch: 17/80,	 Avg.loss: 0.0009,	 Accuracy: 695/1000(70%)
Task: 3,	 Epoch: 18/80,	 Avg.loss: 0.0009,	 Accuracy: 711/1000(71%)
Task: 3,	 Epoch: 19/80,	 Avg.loss: 0.0010,	 Accuracy: 699/1000(70%)
Task: 3,	 Epoch: 20/80,	 Avg.loss: 0.0010,	 Accuracy: 688/1000(69%)
Task: 3,	 Epoch: 21/80,	 Avg.loss: 0.0009,	 Accuracy: 694/1000(69%)
Task: 3,	 Epoch: 22/80,	 Avg.loss: 0.0009,	 Accuracy: 721/1000(72%)
Task: 3,	 Epoch: 23/80,	 Avg.loss: 0.0009,	 Accuracy: 705/1000(70%)
Task: 3,	 Epoch: 24/80,	 Avg.loss: 0.0009,	 Accuracy: 711/1000(71%)
Task: 3,	 Epoch: 25/80,	 Avg.loss: 0.0009,	 Accuracy: 713/1000(71%)
Task: 3,	 Epoch: 26/80,	 Avg.loss: 0.0009,	 Accuracy: 706/1000(71%)
Task: 3,	 Epoch: 27/80,	 Avg.loss: 0.0009,	 Accuracy: 707/1000(71%)
Task: 3,	 Epoch: 28/80,	 Avg.loss: 0.0010,	 Accuracy: 696/1000(70%)
Task: 3,	 Epoch: 29/80,	 Avg.loss: 0.0009,	 Accuracy: 694/1000(69%)
Task: 3,	 Epoch: 30/80,	 Avg.loss: 0.0009,	 Accuracy: 691/1000(69%)
Task: 3,	 Epoch: 31/80,	 Avg.loss: 0.0009,	 Accuracy: 724/1000(72%)
Task: 3,	 Epoch: 32/80,	 Avg.loss: 0.0009,	 Accuracy: 713/1000(71%)
Task: 3,	 Epoch: 33/80,	 Avg.loss: 0.0009,	 Accuracy: 699/1000(70%)
Task: 3,	 Epoch: 34/80,	 Avg.loss: 0.0009,	 Accuracy: 723/1000(72%)
Task: 3,	 Epoch: 35/80,	 Avg.loss: 0.0009,	 Accuracy: 717/1000(72%)
Task: 3,	 Epoch: 36/80,	 Avg.loss: 0.0009,	 Accuracy: 700/1000(70%)
Task: 3,	 Epoch: 37/80,	 Avg.loss: 0.0009,	 Accuracy: 716/1000(72%)
Task: 3,	 Epoch: 38/80,	 Avg.loss: 0.0010,	 Accuracy: 680/1000(68%)
Task: 3,	 Epoch: 39/80,	 Avg.loss: 0.0009,	 Accuracy: 718/1000(72%)
Task: 3,	 Epoch: 40/80,	 Avg.loss: 0.0009,	 Accuracy: 718/1000(72%)
Task: 3,	 Epoch: 41/80,	 Avg.loss: 0.0009,	 Accuracy: 723/1000(72%)
Task: 3,	 Epoch: 42/80,	 Avg.loss: 0.0009,	 Accuracy: 717/1000(72%)
Task: 3,	 Epoch: 43/80,	 Avg.loss: 0.0009,	 Accuracy: 718/1000(72%)
Task: 3,	 Epoch: 44/80,	 Avg.loss: 0.0010,	 Accuracy: 691/1000(69%)
Task: 3,	 Epoch: 45/80,	 Avg.loss: 0.0009,	 Accuracy: 719/1000(72%)
Task: 3,	 Epoch: 46/80,	 Avg.loss: 0.0009,	 Accuracy: 710/1000(71%)
Task: 3,	 Epoch: 47/80,	 Avg.loss: 0.0009,	 Accuracy: 711/1000(71%)
Task: 3,	 Epoch: 48/80,	 Avg.loss: 0.0009,	 Accuracy: 717/1000(72%)
Task: 3,	 Epoch: 49/80,	 Avg.loss: 0.0009,	 Accuracy: 713/1000(71%)
Task: 3,	 Epoch: 50/80,	 Avg.loss: 0.0008,	 Accuracy: 730/1000(73%)
Task: 3,	 Epoch: 51/80,	 Avg.loss: 0.0009,	 Accuracy: 736/1000(74%)
Task: 3,	 Epoch: 52/80,	 Avg.loss: 0.0008,	 Accuracy: 727/1000(73%)
Task: 3,	 Epoch: 53/80,	 Avg.loss: 0.0008,	 Accuracy: 738/1000(74%)
Task: 3,	 Epoch: 54/80,	 Avg.loss: 0.0008,	 Accuracy: 736/1000(74%)
Task: 3,	 Epoch: 55/80,	 Avg.loss: 0.0008,	 Accuracy: 733/1000(73%)
Task: 3,	 Epoch: 56/80,	 Avg.loss: 0.0009,	 Accuracy: 732/1000(73%)
Task: 3,	 Epoch: 57/80,	 Avg.loss: 0.0008,	 Accuracy: 723/1000(72%)
Task: 3,	 Epoch: 58/80,	 Avg.loss: 0.0008,	 Accuracy: 728/1000(73%)
Task: 3,	 Epoch: 59/80,	 Avg.loss: 0.0008,	 Accuracy: 734/1000(73%)
Task: 3,	 Epoch: 60/80,	 Avg.loss: 0.0009,	 Accuracy: 733/1000(73%)
Task: 3,	 Epoch: 61/80,	 Avg.loss: 0.0008,	 Accuracy: 736/1000(74%)
Task: 3,	 Epoch: 62/80,	 Avg.loss: 0.0008,	 Accuracy: 733/1000(73%)
Task: 3,	 Epoch: 63/80,	 Avg.loss: 0.0008,	 Accuracy: 734/1000(73%)
Task: 3,	 Epoch: 64/80,	 Avg.loss: 0.0008,	 Accuracy: 737/1000(74%)
Task: 3,	 Epoch: 65/80,	 Avg.loss: 0.0008,	 Accuracy: 734/1000(73%)
Task: 3,	 Epoch: 66/80,	 Avg.loss: 0.0008,	 Accuracy: 736/1000(74%)
Task: 3,	 Epoch: 67/80,	 Avg.loss: 0.0008,	 Accuracy: 736/1000(74%)
Task: 3,	 Epoch: 68/80,	 Avg.loss: 0.0008,	 Accuracy: 731/1000(73%)
Task: 3,	 Epoch: 69/80,	 Avg.loss: 0.0009,	 Accuracy: 738/1000(74%)
Task: 3,	 Epoch: 70/80,	 Avg.loss: 0.0009,	 Accuracy: 743/1000(74%)
Task: 3,	 Epoch: 71/80,	 Avg.loss: 0.0008,	 Accuracy: 733/1000(73%)
Task: 3,	 Epoch: 72/80,	 Avg.loss: 0.0008,	 Accuracy: 732/1000(73%)
Task: 3,	 Epoch: 73/80,	 Avg.loss: 0.0009,	 Accuracy: 732/1000(73%)
Task: 3,	 Epoch: 74/80,	 Avg.loss: 0.0009,	 Accuracy: 737/1000(74%)
Task: 3,	 Epoch: 75/80,	 Avg.loss: 0.0008,	 Accuracy: 733/1000(73%)
Task: 3,	 Epoch: 76/80,	 Avg.loss: 0.0009,	 Accuracy: 735/1000(74%)
Task: 3,	 Epoch: 77/80,	 Avg.loss: 0.0009,	 Accuracy: 739/1000(74%)
Task: 3,	 Epoch: 78/80,	 Avg.loss: 0.0009,	 Accuracy: 734/1000(73%)
Task: 3,	 Epoch: 79/80,	 Avg.loss: 0.0009,	 Accuracy: 727/1000(73%)
Task: 0,	 Epoch: -1/80,	 Avg.loss: 0.0008,	 Accuracy: 844/1000(84%)
Trained Task:3, Loaded task:0, Accuracy:84.4%
Task: 1,	 Epoch: -1/80,	 Avg.loss: 0.0009,	 Accuracy: 780/1000(78%)
Trained Task:3, Loaded task:1, Accuracy:78.0%
Task: 2,	 Epoch: -1/80,	 Avg.loss: 0.0007,	 Accuracy: 804/1000(80%)
Trained Task:3, Loaded task:2, Accuracy:80.4%
Task: 3,	 Epoch: -1/80,	 Avg.loss: 0.0009,	 Accuracy: 727/1000(73%)
Trained Task:3, Loaded task:3, Accuracy:72.7%
Trained Task:3, Avg. Accuracy: 78.9 

Layer        : conv1_layer.2.weight
Sum Omega    : 660.498779296875
W.num_zeros  : 0/9216
F.num_zeros  : 288/9216
O.num_zeros  : 288/9216
Max Fisher   : 1.0
Max Omega    : 1.0
Min Fisher   : 0.0
Min Omega    : 0.0
Max Relevance: 0.47454357147216797
Layer        : conv2_layer.2.weight
Sum Omega    : 1615.892822265625
W.num_zeros  : 0/36864
F.num_zeros  : 9216/36864
O.num_zeros  : 9217/36864
Max Fisher   : 1.0
Max Omega    : 1.0
Min Fisher   : 0.0
Min Omega    : 0.0
Max Relevance: 0.7120702862739563
Layer        : fc1_layer.0.weight
Sum Omega    : 14431.2880859375
W.num_zeros  : 0/2097152
F.num_zeros  : 1134589/2097152
O.num_zeros  : 1140602/2097152
Max Fisher   : 1.0
Max Omega    : 1.0
Min Fisher   : 0.0
Min Omega    : 0.0
Max Relevance: 0.4434208869934082
Mask histogram conv1_layer.2.weight: 	 tensor([   0.,    0.,    0.,    0.,    0., 8192.,    0.,    0.,    0.,    0.],
       device='cuda:0')
Mask histogram conv2_layer.2.weight: 	 tensor([ 640.,  512.,  576., 1024., 1216.,  128.,    0.,    0.,    0.,    0.],
       device='cuda:0')
Mask histogram fc1_layer.0.weight: 	 tensor([  0.,   0.,   0.,   0.,   0., 512.,   0.,   0.,   0.,   0.],
       device='cuda:0')
Task: 4,	 Epoch: 0/80,	 Avg.loss: 0.0012,	 Accuracy: 639/1000(64%)
Task: 4,	 Epoch: 1/80,	 Avg.loss: 0.0010,	 Accuracy: 654/1000(65%)
Task: 4,	 Epoch: 2/80,	 Avg.loss: 0.0010,	 Accuracy: 686/1000(69%)
Task: 4,	 Epoch: 3/80,	 Avg.loss: 0.0009,	 Accuracy: 716/1000(72%)
Task: 4,	 Epoch: 4/80,	 Avg.loss: 0.0008,	 Accuracy: 720/1000(72%)
Task: 4,	 Epoch: 5/80,	 Avg.loss: 0.0009,	 Accuracy: 700/1000(70%)
Task: 4,	 Epoch: 6/80,	 Avg.loss: 0.0008,	 Accuracy: 735/1000(74%)
Task: 4,	 Epoch: 7/80,	 Avg.loss: 0.0009,	 Accuracy: 693/1000(69%)
Task: 4,	 Epoch: 8/80,	 Avg.loss: 0.0008,	 Accuracy: 733/1000(73%)
Task: 4,	 Epoch: 9/80,	 Avg.loss: 0.0008,	 Accuracy: 737/1000(74%)
Task: 4,	 Epoch: 10/80,	 Avg.loss: 0.0008,	 Accuracy: 761/1000(76%)
Task: 4,	 Epoch: 11/80,	 Avg.loss: 0.0008,	 Accuracy: 747/1000(75%)
Task: 4,	 Epoch: 12/80,	 Avg.loss: 0.0008,	 Accuracy: 744/1000(74%)
Task: 4,	 Epoch: 13/80,	 Avg.loss: 0.0009,	 Accuracy: 723/1000(72%)
Task: 4,	 Epoch: 14/80,	 Avg.loss: 0.0008,	 Accuracy: 763/1000(76%)
Task: 4,	 Epoch: 15/80,	 Avg.loss: 0.0008,	 Accuracy: 748/1000(75%)
Task: 4,	 Epoch: 16/80,	 Avg.loss: 0.0008,	 Accuracy: 737/1000(74%)
Task: 4,	 Epoch: 17/80,	 Avg.loss: 0.0008,	 Accuracy: 721/1000(72%)
Task: 4,	 Epoch: 18/80,	 Avg.loss: 0.0008,	 Accuracy: 745/1000(74%)
Task: 4,	 Epoch: 19/80,	 Avg.loss: 0.0008,	 Accuracy: 730/1000(73%)
Task: 4,	 Epoch: 20/80,	 Avg.loss: 0.0009,	 Accuracy: 715/1000(72%)
Task: 4,	 Epoch: 21/80,	 Avg.loss: 0.0008,	 Accuracy: 734/1000(73%)
Task: 4,	 Epoch: 22/80,	 Avg.loss: 0.0008,	 Accuracy: 747/1000(75%)
Task: 4,	 Epoch: 23/80,	 Avg.loss: 0.0008,	 Accuracy: 763/1000(76%)
Task: 4,	 Epoch: 24/80,	 Avg.loss: 0.0008,	 Accuracy: 758/1000(76%)
Task: 4,	 Epoch: 25/80,	 Avg.loss: 0.0008,	 Accuracy: 734/1000(73%)
Task: 4,	 Epoch: 26/80,	 Avg.loss: 0.0008,	 Accuracy: 749/1000(75%)
Task: 4,	 Epoch: 27/80,	 Avg.loss: 0.0008,	 Accuracy: 762/1000(76%)
Task: 4,	 Epoch: 28/80,	 Avg.loss: 0.0008,	 Accuracy: 748/1000(75%)
Task: 4,	 Epoch: 29/80,	 Avg.loss: 0.0008,	 Accuracy: 747/1000(75%)
Task: 4,	 Epoch: 30/80,	 Avg.loss: 0.0008,	 Accuracy: 754/1000(75%)
Task: 4,	 Epoch: 31/80,	 Avg.loss: 0.0008,	 Accuracy: 741/1000(74%)
Task: 4,	 Epoch: 32/80,	 Avg.loss: 0.0008,	 Accuracy: 745/1000(74%)
Task: 4,	 Epoch: 33/80,	 Avg.loss: 0.0008,	 Accuracy: 752/1000(75%)
Task: 4,	 Epoch: 34/80,	 Avg.loss: 0.0008,	 Accuracy: 756/1000(76%)
Task: 4,	 Epoch: 35/80,	 Avg.loss: 0.0008,	 Accuracy: 742/1000(74%)
Task: 4,	 Epoch: 36/80,	 Avg.loss: 0.0008,	 Accuracy: 749/1000(75%)
Task: 4,	 Epoch: 37/80,	 Avg.loss: 0.0008,	 Accuracy: 751/1000(75%)
Task: 4,	 Epoch: 38/80,	 Avg.loss: 0.0008,	 Accuracy: 736/1000(74%)
Task: 4,	 Epoch: 39/80,	 Avg.loss: 0.0008,	 Accuracy: 742/1000(74%)
Task: 4,	 Epoch: 40/80,	 Avg.loss: 0.0008,	 Accuracy: 746/1000(75%)
Task: 4,	 Epoch: 41/80,	 Avg.loss: 0.0008,	 Accuracy: 745/1000(74%)
Task: 4,	 Epoch: 42/80,	 Avg.loss: 0.0008,	 Accuracy: 761/1000(76%)
Task: 4,	 Epoch: 43/80,	 Avg.loss: 0.0008,	 Accuracy: 738/1000(74%)
Task: 4,	 Epoch: 44/80,	 Avg.loss: 0.0008,	 Accuracy: 760/1000(76%)
Task: 4,	 Epoch: 45/80,	 Avg.loss: 0.0008,	 Accuracy: 737/1000(74%)
Task: 4,	 Epoch: 46/80,	 Avg.loss: 0.0008,	 Accuracy: 764/1000(76%)
Task: 4,	 Epoch: 47/80,	 Avg.loss: 0.0008,	 Accuracy: 760/1000(76%)
Task: 4,	 Epoch: 48/80,	 Avg.loss: 0.0007,	 Accuracy: 764/1000(76%)
Task: 4,	 Epoch: 49/80,	 Avg.loss: 0.0007,	 Accuracy: 762/1000(76%)
Task: 4,	 Epoch: 50/80,	 Avg.loss: 0.0007,	 Accuracy: 765/1000(76%)
Task: 4,	 Epoch: 51/80,	 Avg.loss: 0.0007,	 Accuracy: 768/1000(77%)
Task: 4,	 Epoch: 52/80,	 Avg.loss: 0.0007,	 Accuracy: 774/1000(77%)
Task: 4,	 Epoch: 53/80,	 Avg.loss: 0.0007,	 Accuracy: 767/1000(77%)
Task: 4,	 Epoch: 54/80,	 Avg.loss: 0.0007,	 Accuracy: 773/1000(77%)
Task: 4,	 Epoch: 55/80,	 Avg.loss: 0.0007,	 Accuracy: 768/1000(77%)
Task: 4,	 Epoch: 56/80,	 Avg.loss: 0.0007,	 Accuracy: 771/1000(77%)
Task: 4,	 Epoch: 57/80,	 Avg.loss: 0.0007,	 Accuracy: 765/1000(76%)
Task: 4,	 Epoch: 58/80,	 Avg.loss: 0.0007,	 Accuracy: 773/1000(77%)
Task: 4,	 Epoch: 59/80,	 Avg.loss: 0.0007,	 Accuracy: 774/1000(77%)
Task: 4,	 Epoch: 60/80,	 Avg.loss: 0.0007,	 Accuracy: 775/1000(78%)
Task: 4,	 Epoch: 61/80,	 Avg.loss: 0.0007,	 Accuracy: 781/1000(78%)
Task: 4,	 Epoch: 62/80,	 Avg.loss: 0.0007,	 Accuracy: 776/1000(78%)
Task: 4,	 Epoch: 63/80,	 Avg.loss: 0.0007,	 Accuracy: 777/1000(78%)
Task: 4,	 Epoch: 64/80,	 Avg.loss: 0.0007,	 Accuracy: 774/1000(77%)
Task: 4,	 Epoch: 65/80,	 Avg.loss: 0.0007,	 Accuracy: 777/1000(78%)
Task: 4,	 Epoch: 66/80,	 Avg.loss: 0.0007,	 Accuracy: 775/1000(78%)
Task: 4,	 Epoch: 67/80,	 Avg.loss: 0.0007,	 Accuracy: 773/1000(77%)
Task: 4,	 Epoch: 68/80,	 Avg.loss: 0.0007,	 Accuracy: 776/1000(78%)
Task: 4,	 Epoch: 69/80,	 Avg.loss: 0.0007,	 Accuracy: 779/1000(78%)
Task: 4,	 Epoch: 70/80,	 Avg.loss: 0.0007,	 Accuracy: 773/1000(77%)
Task: 4,	 Epoch: 71/80,	 Avg.loss: 0.0007,	 Accuracy: 779/1000(78%)
Task: 4,	 Epoch: 72/80,	 Avg.loss: 0.0007,	 Accuracy: 780/1000(78%)
Task: 4,	 Epoch: 73/80,	 Avg.loss: 0.0007,	 Accuracy: 777/1000(78%)
Task: 4,	 Epoch: 74/80,	 Avg.loss: 0.0007,	 Accuracy: 770/1000(77%)
Task: 4,	 Epoch: 75/80,	 Avg.loss: 0.0007,	 Accuracy: 769/1000(77%)
Task: 4,	 Epoch: 76/80,	 Avg.loss: 0.0007,	 Accuracy: 777/1000(78%)
Task: 4,	 Epoch: 77/80,	 Avg.loss: 0.0007,	 Accuracy: 772/1000(77%)
Task: 4,	 Epoch: 78/80,	 Avg.loss: 0.0007,	 Accuracy: 771/1000(77%)
Task: 4,	 Epoch: 79/80,	 Avg.loss: 0.0007,	 Accuracy: 770/1000(77%)
Task: 0,	 Epoch: -1/80,	 Avg.loss: 0.0008,	 Accuracy: 839/1000(84%)
Trained Task:4, Loaded task:0, Accuracy:83.9%
Task: 1,	 Epoch: -1/80,	 Avg.loss: 0.0009,	 Accuracy: 771/1000(77%)
Trained Task:4, Loaded task:1, Accuracy:77.1%
Task: 2,	 Epoch: -1/80,	 Avg.loss: 0.0007,	 Accuracy: 805/1000(81%)
Trained Task:4, Loaded task:2, Accuracy:80.5%
Task: 3,	 Epoch: -1/80,	 Avg.loss: 0.0009,	 Accuracy: 725/1000(72%)
Trained Task:4, Loaded task:3, Accuracy:72.5%
Task: 4,	 Epoch: -1/80,	 Avg.loss: 0.0007,	 Accuracy: 770/1000(77%)
Trained Task:4, Loaded task:4, Accuracy:77.0%
Trained Task:4, Avg. Accuracy: 78.2 

Layer        : conv1_layer.2.weight
Sum Omega    : 651.4998779296875
W.num_zeros  : 0/9216
F.num_zeros  : 288/9216
O.num_zeros  : 288/9216
Max Fisher   : 1.0
Max Omega    : 1.0
Min Fisher   : 0.0
Min Omega    : 0.0
Max Relevance: 0.3999999761581421
Layer        : conv2_layer.2.weight
Sum Omega    : 1803.3699951171875
W.num_zeros  : 0/36864
F.num_zeros  : 9216/36864
O.num_zeros  : 9216/36864
Max Fisher   : 1.0
Max Omega    : 1.0
Min Fisher   : 0.0
Min Omega    : 0.0
Max Relevance: 0.7329407930374146
Layer        : fc1_layer.0.weight
Sum Omega    : 14980.341796875
W.num_zeros  : 0/2097152
F.num_zeros  : 1113122/2097152
O.num_zeros  : 1122535/2097152
Max Fisher   : 1.0
Max Omega    : 1.0
Min Fisher   : 0.0
Min Omega    : 0.0
Max Relevance: 0.8613112568855286
Mask histogram conv1_layer.2.weight: 	 tensor([   0.,    0.,    0.,    0.,    0.,    0., 8192.,    0.,    0.,    0.],
       device='cuda:0')
Mask histogram conv2_layer.2.weight: 	 tensor([ 640.,  512.,  192.,  832.,  768., 1088.,   64.,    0.,    0.,    0.],
       device='cuda:0')
Mask histogram fc1_layer.0.weight: 	 tensor([  0.,   0.,   0.,   0.,   0.,   0., 512.,   0.,   0.,   0.],
       device='cuda:0')
Task: 5,	 Epoch: 0/80,	 Avg.loss: 0.0012,	 Accuracy: 591/1000(59%)
Task: 5,	 Epoch: 1/80,	 Avg.loss: 0.0011,	 Accuracy: 625/1000(63%)
Task: 5,	 Epoch: 2/80,	 Avg.loss: 0.0010,	 Accuracy: 669/1000(67%)
Task: 5,	 Epoch: 3/80,	 Avg.loss: 0.0009,	 Accuracy: 682/1000(68%)
Task: 5,	 Epoch: 4/80,	 Avg.loss: 0.0009,	 Accuracy: 692/1000(69%)
Task: 5,	 Epoch: 5/80,	 Avg.loss: 0.0009,	 Accuracy: 708/1000(71%)
Task: 5,	 Epoch: 6/80,	 Avg.loss: 0.0009,	 Accuracy: 688/1000(69%)
Task: 5,	 Epoch: 7/80,	 Avg.loss: 0.0009,	 Accuracy: 703/1000(70%)
Task: 5,	 Epoch: 8/80,	 Avg.loss: 0.0008,	 Accuracy: 701/1000(70%)
Task: 5,	 Epoch: 9/80,	 Avg.loss: 0.0009,	 Accuracy: 701/1000(70%)
Task: 5,	 Epoch: 10/80,	 Avg.loss: 0.0009,	 Accuracy: 709/1000(71%)
Task: 5,	 Epoch: 11/80,	 Avg.loss: 0.0008,	 Accuracy: 686/1000(69%)
Task: 5,	 Epoch: 12/80,	 Avg.loss: 0.0009,	 Accuracy: 709/1000(71%)
Task: 5,	 Epoch: 13/80,	 Avg.loss: 0.0008,	 Accuracy: 724/1000(72%)
Task: 5,	 Epoch: 14/80,	 Avg.loss: 0.0008,	 Accuracy: 710/1000(71%)
Task: 5,	 Epoch: 15/80,	 Avg.loss: 0.0008,	 Accuracy: 729/1000(73%)
Task: 5,	 Epoch: 16/80,	 Avg.loss: 0.0008,	 Accuracy: 726/1000(73%)
Task: 5,	 Epoch: 17/80,	 Avg.loss: 0.0009,	 Accuracy: 699/1000(70%)
Task: 5,	 Epoch: 18/80,	 Avg.loss: 0.0008,	 Accuracy: 698/1000(70%)
Task: 5,	 Epoch: 19/80,	 Avg.loss: 0.0008,	 Accuracy: 719/1000(72%)
Task: 5,	 Epoch: 20/80,	 Avg.loss: 0.0009,	 Accuracy: 721/1000(72%)
Task: 5,	 Epoch: 21/80,	 Avg.loss: 0.0008,	 Accuracy: 730/1000(73%)
Task: 5,	 Epoch: 22/80,	 Avg.loss: 0.0008,	 Accuracy: 723/1000(72%)
Task: 5,	 Epoch: 23/80,	 Avg.loss: 0.0008,	 Accuracy: 723/1000(72%)
Task: 5,	 Epoch: 24/80,	 Avg.loss: 0.0008,	 Accuracy: 731/1000(73%)
Task: 5,	 Epoch: 25/80,	 Avg.loss: 0.0008,	 Accuracy: 725/1000(72%)
Task: 5,	 Epoch: 26/80,	 Avg.loss: 0.0008,	 Accuracy: 726/1000(73%)
Task: 5,	 Epoch: 27/80,	 Avg.loss: 0.0008,	 Accuracy: 737/1000(74%)
Task: 5,	 Epoch: 28/80,	 Avg.loss: 0.0008,	 Accuracy: 711/1000(71%)
Task: 5,	 Epoch: 29/80,	 Avg.loss: 0.0008,	 Accuracy: 725/1000(72%)
Task: 5,	 Epoch: 30/80,	 Avg.loss: 0.0008,	 Accuracy: 717/1000(72%)
Task: 5,	 Epoch: 31/80,	 Avg.loss: 0.0008,	 Accuracy: 714/1000(71%)
Task: 5,	 Epoch: 32/80,	 Avg.loss: 0.0008,	 Accuracy: 719/1000(72%)
Task: 5,	 Epoch: 33/80,	 Avg.loss: 0.0008,	 Accuracy: 718/1000(72%)
Task: 5,	 Epoch: 34/80,	 Avg.loss: 0.0008,	 Accuracy: 721/1000(72%)
Task: 5,	 Epoch: 35/80,	 Avg.loss: 0.0010,	 Accuracy: 690/1000(69%)
Task: 5,	 Epoch: 36/80,	 Avg.loss: 0.0008,	 Accuracy: 712/1000(71%)
Task: 5,	 Epoch: 37/80,	 Avg.loss: 0.0008,	 Accuracy: 741/1000(74%)
Task: 5,	 Epoch: 38/80,	 Avg.loss: 0.0008,	 Accuracy: 736/1000(74%)
Task: 5,	 Epoch: 39/80,	 Avg.loss: 0.0008,	 Accuracy: 736/1000(74%)
Task: 5,	 Epoch: 40/80,	 Avg.loss: 0.0009,	 Accuracy: 713/1000(71%)
Task: 5,	 Epoch: 41/80,	 Avg.loss: 0.0008,	 Accuracy: 743/1000(74%)
Task: 5,	 Epoch: 42/80,	 Avg.loss: 0.0008,	 Accuracy: 719/1000(72%)
Task: 5,	 Epoch: 43/80,	 Avg.loss: 0.0009,	 Accuracy: 707/1000(71%)
Task: 5,	 Epoch: 44/80,	 Avg.loss: 0.0008,	 Accuracy: 745/1000(74%)
Task: 5,	 Epoch: 45/80,	 Avg.loss: 0.0008,	 Accuracy: 747/1000(75%)
Task: 5,	 Epoch: 46/80,	 Avg.loss: 0.0008,	 Accuracy: 732/1000(73%)
Task: 5,	 Epoch: 47/80,	 Avg.loss: 0.0008,	 Accuracy: 732/1000(73%)
Task: 5,	 Epoch: 48/80,	 Avg.loss: 0.0008,	 Accuracy: 721/1000(72%)
Task: 5,	 Epoch: 49/80,	 Avg.loss: 0.0008,	 Accuracy: 731/1000(73%)
Task: 5,	 Epoch: 50/80,	 Avg.loss: 0.0008,	 Accuracy: 745/1000(74%)
Task: 5,	 Epoch: 51/80,	 Avg.loss: 0.0008,	 Accuracy: 747/1000(75%)
Task: 5,	 Epoch: 52/80,	 Avg.loss: 0.0008,	 Accuracy: 746/1000(75%)
Task: 5,	 Epoch: 53/80,	 Avg.loss: 0.0008,	 Accuracy: 743/1000(74%)
Task: 5,	 Epoch: 54/80,	 Avg.loss: 0.0008,	 Accuracy: 746/1000(75%)
Task: 5,	 Epoch: 55/80,	 Avg.loss: 0.0008,	 Accuracy: 746/1000(75%)
Task: 5,	 Epoch: 56/80,	 Avg.loss: 0.0008,	 Accuracy: 744/1000(74%)
Task: 5,	 Epoch: 57/80,	 Avg.loss: 0.0008,	 Accuracy: 737/1000(74%)
Task: 5,	 Epoch: 58/80,	 Avg.loss: 0.0008,	 Accuracy: 745/1000(74%)
Task: 5,	 Epoch: 59/80,	 Avg.loss: 0.0008,	 Accuracy: 751/1000(75%)
Task: 5,	 Epoch: 60/80,	 Avg.loss: 0.0008,	 Accuracy: 739/1000(74%)
Task: 5,	 Epoch: 61/80,	 Avg.loss: 0.0008,	 Accuracy: 747/1000(75%)
Task: 5,	 Epoch: 62/80,	 Avg.loss: 0.0008,	 Accuracy: 749/1000(75%)
Task: 5,	 Epoch: 63/80,	 Avg.loss: 0.0008,	 Accuracy: 743/1000(74%)
Task: 5,	 Epoch: 64/80,	 Avg.loss: 0.0008,	 Accuracy: 743/1000(74%)
Task: 5,	 Epoch: 65/80,	 Avg.loss: 0.0008,	 Accuracy: 743/1000(74%)
Task: 5,	 Epoch: 66/80,	 Avg.loss: 0.0008,	 Accuracy: 748/1000(75%)
Task: 5,	 Epoch: 67/80,	 Avg.loss: 0.0008,	 Accuracy: 747/1000(75%)
Task: 5,	 Epoch: 68/80,	 Avg.loss: 0.0008,	 Accuracy: 743/1000(74%)
Task: 5,	 Epoch: 69/80,	 Avg.loss: 0.0008,	 Accuracy: 740/1000(74%)
Task: 5,	 Epoch: 70/80,	 Avg.loss: 0.0008,	 Accuracy: 738/1000(74%)
Task: 5,	 Epoch: 71/80,	 Avg.loss: 0.0008,	 Accuracy: 750/1000(75%)
Task: 5,	 Epoch: 72/80,	 Avg.loss: 0.0008,	 Accuracy: 739/1000(74%)
Task: 5,	 Epoch: 73/80,	 Avg.loss: 0.0008,	 Accuracy: 750/1000(75%)
Task: 5,	 Epoch: 74/80,	 Avg.loss: 0.0008,	 Accuracy: 738/1000(74%)
Task: 5,	 Epoch: 75/80,	 Avg.loss: 0.0008,	 Accuracy: 743/1000(74%)
Task: 5,	 Epoch: 76/80,	 Avg.loss: 0.0008,	 Accuracy: 747/1000(75%)
Task: 5,	 Epoch: 77/80,	 Avg.loss: 0.0008,	 Accuracy: 744/1000(74%)
Task: 5,	 Epoch: 78/80,	 Avg.loss: 0.0008,	 Accuracy: 742/1000(74%)
Task: 5,	 Epoch: 79/80,	 Avg.loss: 0.0008,	 Accuracy: 742/1000(74%)
Task: 0,	 Epoch: -1/80,	 Avg.loss: 0.0009,	 Accuracy: 839/1000(84%)
Trained Task:5, Loaded task:0, Accuracy:83.9%
Task: 1,	 Epoch: -1/80,	 Avg.loss: 0.0009,	 Accuracy: 770/1000(77%)
Trained Task:5, Loaded task:1, Accuracy:77.0%
Task: 2,	 Epoch: -1/80,	 Avg.loss: 0.0007,	 Accuracy: 799/1000(80%)
Trained Task:5, Loaded task:2, Accuracy:79.9%
Task: 3,	 Epoch: -1/80,	 Avg.loss: 0.0009,	 Accuracy: 717/1000(72%)
Trained Task:5, Loaded task:3, Accuracy:71.7%
Task: 4,	 Epoch: -1/80,	 Avg.loss: 0.0007,	 Accuracy: 770/1000(77%)
Trained Task:5, Loaded task:4, Accuracy:77.0%
Task: 5,	 Epoch: -1/80,	 Avg.loss: 0.0008,	 Accuracy: 742/1000(74%)
Trained Task:5, Loaded task:5, Accuracy:74.2%
Trained Task:5, Avg. Accuracy: 77.3 

Layer        : conv1_layer.2.weight
Sum Omega    : 613.199462890625
W.num_zeros  : 0/9216
F.num_zeros  : 288/9216
O.num_zeros  : 288/9216
Max Fisher   : 1.0
Max Omega    : 1.0
Min Fisher   : 0.0
Min Omega    : 0.0
Max Relevance: 0.44118213653564453
Layer        : conv2_layer.2.weight
Sum Omega    : 2109.478271484375
W.num_zeros  : 0/36864
F.num_zeros  : 9216/36864
O.num_zeros  : 9216/36864
Max Fisher   : 1.0
Max Omega    : 1.0
Min Fisher   : 0.0
Min Omega    : 0.0
Max Relevance: 0.7321042418479919
Layer        : fc1_layer.0.weight
Sum Omega    : 15985.451171875
W.num_zeros  : 0/2097152
F.num_zeros  : 1114263/2097152
O.num_zeros  : 1120181/2097152
Max Fisher   : 1.0
Max Omega    : 1.0
Min Fisher   : 0.0
Min Omega    : 0.0
Max Relevance: 0.8085417747497559
Mask histogram conv1_layer.2.weight: 	 tensor([   0.,    0.,    0.,    0.,    0.,    0.,    0., 8192.,    0.,    0.],
       device='cuda:0')
Mask histogram conv2_layer.2.weight: 	 tensor([ 640.,  512.,  192.,  384.,  704.,  576., 1024.,   64.,    0.,    0.],
       device='cuda:0')
Mask histogram fc1_layer.0.weight: 	 tensor([  0.,   0.,   0.,   0.,   0.,   0.,   0., 512.,   0.,   0.],
       device='cuda:0')
Task: 6,	 Epoch: 0/80,	 Avg.loss: 0.0012,	 Accuracy: 600/1000(60%)
Task: 6,	 Epoch: 1/80,	 Avg.loss: 0.0011,	 Accuracy: 635/1000(64%)
Task: 6,	 Epoch: 2/80,	 Avg.loss: 0.0010,	 Accuracy: 668/1000(67%)
Task: 6,	 Epoch: 3/80,	 Avg.loss: 0.0009,	 Accuracy: 680/1000(68%)
Task: 6,	 Epoch: 4/80,	 Avg.loss: 0.0009,	 Accuracy: 684/1000(68%)
Task: 6,	 Epoch: 5/80,	 Avg.loss: 0.0009,	 Accuracy: 706/1000(71%)
Task: 6,	 Epoch: 6/80,	 Avg.loss: 0.0009,	 Accuracy: 703/1000(70%)
Task: 6,	 Epoch: 7/80,	 Avg.loss: 0.0009,	 Accuracy: 711/1000(71%)
Task: 6,	 Epoch: 8/80,	 Avg.loss: 0.0009,	 Accuracy: 679/1000(68%)
Task: 6,	 Epoch: 9/80,	 Avg.loss: 0.0009,	 Accuracy: 702/1000(70%)
Task: 6,	 Epoch: 10/80,	 Avg.loss: 0.0008,	 Accuracy: 713/1000(71%)
Task: 6,	 Epoch: 11/80,	 Avg.loss: 0.0009,	 Accuracy: 711/1000(71%)
Task: 6,	 Epoch: 12/80,	 Avg.loss: 0.0008,	 Accuracy: 714/1000(71%)
Task: 6,	 Epoch: 13/80,	 Avg.loss: 0.0008,	 Accuracy: 726/1000(73%)
Task: 6,	 Epoch: 14/80,	 Avg.loss: 0.0008,	 Accuracy: 706/1000(71%)
Task: 6,	 Epoch: 15/80,	 Avg.loss: 0.0008,	 Accuracy: 710/1000(71%)
Task: 6,	 Epoch: 16/80,	 Avg.loss: 0.0009,	 Accuracy: 694/1000(69%)
Task: 6,	 Epoch: 17/80,	 Avg.loss: 0.0008,	 Accuracy: 716/1000(72%)
Task: 6,	 Epoch: 18/80,	 Avg.loss: 0.0008,	 Accuracy: 707/1000(71%)
Task: 6,	 Epoch: 19/80,	 Avg.loss: 0.0009,	 Accuracy: 725/1000(72%)
Task: 6,	 Epoch: 20/80,	 Avg.loss: 0.0008,	 Accuracy: 725/1000(72%)
Task: 6,	 Epoch: 21/80,	 Avg.loss: 0.0008,	 Accuracy: 723/1000(72%)
Task: 6,	 Epoch: 22/80,	 Avg.loss: 0.0009,	 Accuracy: 705/1000(70%)
Task: 6,	 Epoch: 23/80,	 Avg.loss: 0.0008,	 Accuracy: 733/1000(73%)
Task: 6,	 Epoch: 24/80,	 Avg.loss: 0.0008,	 Accuracy: 734/1000(73%)
Task: 6,	 Epoch: 25/80,	 Avg.loss: 0.0009,	 Accuracy: 711/1000(71%)
Task: 6,	 Epoch: 26/80,	 Avg.loss: 0.0008,	 Accuracy: 727/1000(73%)
Task: 6,	 Epoch: 27/80,	 Avg.loss: 0.0008,	 Accuracy: 723/1000(72%)
Task: 6,	 Epoch: 28/80,	 Avg.loss: 0.0008,	 Accuracy: 706/1000(71%)
Task: 6,	 Epoch: 29/80,	 Avg.loss: 0.0008,	 Accuracy: 710/1000(71%)
Task: 6,	 Epoch: 30/80,	 Avg.loss: 0.0008,	 Accuracy: 711/1000(71%)
Task: 6,	 Epoch: 31/80,	 Avg.loss: 0.0008,	 Accuracy: 725/1000(72%)
Task: 6,	 Epoch: 32/80,	 Avg.loss: 0.0008,	 Accuracy: 714/1000(71%)
Task: 6,	 Epoch: 33/80,	 Avg.loss: 0.0008,	 Accuracy: 720/1000(72%)
Task: 6,	 Epoch: 34/80,	 Avg.loss: 0.0008,	 Accuracy: 719/1000(72%)
Task: 6,	 Epoch: 35/80,	 Avg.loss: 0.0008,	 Accuracy: 720/1000(72%)
Task: 6,	 Epoch: 36/80,	 Avg.loss: 0.0008,	 Accuracy: 715/1000(72%)
Task: 6,	 Epoch: 37/80,	 Avg.loss: 0.0009,	 Accuracy: 722/1000(72%)
Task: 6,	 Epoch: 38/80,	 Avg.loss: 0.0009,	 Accuracy: 708/1000(71%)
Task: 6,	 Epoch: 39/80,	 Avg.loss: 0.0009,	 Accuracy: 718/1000(72%)
Task: 6,	 Epoch: 40/80,	 Avg.loss: 0.0008,	 Accuracy: 721/1000(72%)
Task: 6,	 Epoch: 41/80,	 Avg.loss: 0.0009,	 Accuracy: 706/1000(71%)
Task: 6,	 Epoch: 42/80,	 Avg.loss: 0.0008,	 Accuracy: 731/1000(73%)
Task: 6,	 Epoch: 43/80,	 Avg.loss: 0.0009,	 Accuracy: 720/1000(72%)
Task: 6,	 Epoch: 44/80,	 Avg.loss: 0.0008,	 Accuracy: 724/1000(72%)
Task: 6,	 Epoch: 45/80,	 Avg.loss: 0.0008,	 Accuracy: 733/1000(73%)
Task: 6,	 Epoch: 46/80,	 Avg.loss: 0.0008,	 Accuracy: 715/1000(72%)
Task: 6,	 Epoch: 47/80,	 Avg.loss: 0.0008,	 Accuracy: 729/1000(73%)
Task: 6,	 Epoch: 48/80,	 Avg.loss: 0.0008,	 Accuracy: 730/1000(73%)
Task: 6,	 Epoch: 49/80,	 Avg.loss: 0.0008,	 Accuracy: 719/1000(72%)
Task: 6,	 Epoch: 50/80,	 Avg.loss: 0.0008,	 Accuracy: 743/1000(74%)
Task: 6,	 Epoch: 51/80,	 Avg.loss: 0.0008,	 Accuracy: 749/1000(75%)
Task: 6,	 Epoch: 52/80,	 Avg.loss: 0.0008,	 Accuracy: 736/1000(74%)
Task: 6,	 Epoch: 53/80,	 Avg.loss: 0.0008,	 Accuracy: 741/1000(74%)
Task: 6,	 Epoch: 54/80,	 Avg.loss: 0.0008,	 Accuracy: 741/1000(74%)
Task: 6,	 Epoch: 55/80,	 Avg.loss: 0.0008,	 Accuracy: 751/1000(75%)
Task: 6,	 Epoch: 56/80,	 Avg.loss: 0.0008,	 Accuracy: 734/1000(73%)
Task: 6,	 Epoch: 57/80,	 Avg.loss: 0.0008,	 Accuracy: 742/1000(74%)
Task: 6,	 Epoch: 58/80,	 Avg.loss: 0.0008,	 Accuracy: 735/1000(74%)
Task: 6,	 Epoch: 59/80,	 Avg.loss: 0.0007,	 Accuracy: 745/1000(74%)
Task: 6,	 Epoch: 60/80,	 Avg.loss: 0.0007,	 Accuracy: 749/1000(75%)
Task: 6,	 Epoch: 61/80,	 Avg.loss: 0.0007,	 Accuracy: 748/1000(75%)
Task: 6,	 Epoch: 62/80,	 Avg.loss: 0.0007,	 Accuracy: 737/1000(74%)
Task: 6,	 Epoch: 63/80,	 Avg.loss: 0.0007,	 Accuracy: 734/1000(73%)
Task: 6,	 Epoch: 64/80,	 Avg.loss: 0.0007,	 Accuracy: 739/1000(74%)
Task: 6,	 Epoch: 65/80,	 Avg.loss: 0.0007,	 Accuracy: 744/1000(74%)
Task: 6,	 Epoch: 66/80,	 Avg.loss: 0.0007,	 Accuracy: 746/1000(75%)
Task: 6,	 Epoch: 67/80,	 Avg.loss: 0.0007,	 Accuracy: 740/1000(74%)
Task: 6,	 Epoch: 68/80,	 Avg.loss: 0.0008,	 Accuracy: 733/1000(73%)
Task: 6,	 Epoch: 69/80,	 Avg.loss: 0.0007,	 Accuracy: 740/1000(74%)
Task: 6,	 Epoch: 70/80,	 Avg.loss: 0.0007,	 Accuracy: 743/1000(74%)
Task: 6,	 Epoch: 71/80,	 Avg.loss: 0.0008,	 Accuracy: 738/1000(74%)
Task: 6,	 Epoch: 72/80,	 Avg.loss: 0.0007,	 Accuracy: 747/1000(75%)
Task: 6,	 Epoch: 73/80,	 Avg.loss: 0.0007,	 Accuracy: 746/1000(75%)
Task: 6,	 Epoch: 74/80,	 Avg.loss: 0.0007,	 Accuracy: 749/1000(75%)
Task: 6,	 Epoch: 75/80,	 Avg.loss: 0.0008,	 Accuracy: 736/1000(74%)
Task: 6,	 Epoch: 76/80,	 Avg.loss: 0.0007,	 Accuracy: 736/1000(74%)
Task: 6,	 Epoch: 77/80,	 Avg.loss: 0.0007,	 Accuracy: 737/1000(74%)
Task: 6,	 Epoch: 78/80,	 Avg.loss: 0.0008,	 Accuracy: 740/1000(74%)
Task: 6,	 Epoch: 79/80,	 Avg.loss: 0.0008,	 Accuracy: 735/1000(74%)
Task: 0,	 Epoch: -1/80,	 Avg.loss: 0.0009,	 Accuracy: 836/1000(84%)
Trained Task:6, Loaded task:0, Accuracy:83.6%
Task: 1,	 Epoch: -1/80,	 Avg.loss: 0.0010,	 Accuracy: 765/1000(76%)
Trained Task:6, Loaded task:1, Accuracy:76.5%
Task: 2,	 Epoch: -1/80,	 Avg.loss: 0.0008,	 Accuracy: 796/1000(80%)
Trained Task:6, Loaded task:2, Accuracy:79.6%
Task: 3,	 Epoch: -1/80,	 Avg.loss: 0.0009,	 Accuracy: 729/1000(73%)
Trained Task:6, Loaded task:3, Accuracy:72.9%
Task: 4,	 Epoch: -1/80,	 Avg.loss: 0.0007,	 Accuracy: 769/1000(77%)
Trained Task:6, Loaded task:4, Accuracy:76.9%
Task: 5,	 Epoch: -1/80,	 Avg.loss: 0.0008,	 Accuracy: 743/1000(74%)
Trained Task:6, Loaded task:5, Accuracy:74.3%
Task: 6,	 Epoch: -1/80,	 Avg.loss: 0.0008,	 Accuracy: 735/1000(74%)
Trained Task:6, Loaded task:6, Accuracy:73.5%
Trained Task:6, Avg. Accuracy: 76.8 

Layer        : conv1_layer.2.weight
Sum Omega    : 621.39013671875
W.num_zeros  : 0/9216
F.num_zeros  : 288/9216
O.num_zeros  : 288/9216
Max Fisher   : 1.0
Max Omega    : 1.0
Min Fisher   : 0.0
Min Omega    : 0.0
Max Relevance: 0.42057663202285767
Layer        : conv2_layer.2.weight
Sum Omega    : 2321.13427734375
W.num_zeros  : 0/36864
F.num_zeros  : 9216/36864
O.num_zeros  : 9216/36864
Max Fisher   : 1.0
Max Omega    : 1.0
Min Fisher   : 0.0
Min Omega    : 0.0
Max Relevance: 0.8042690753936768
Layer        : fc1_layer.0.weight
Sum Omega    : 17312.130859375
W.num_zeros  : 0/2097152
F.num_zeros  : 1108131/2097152
O.num_zeros  : 1116627/2097152
Max Fisher   : 1.0
Max Omega    : 1.0
Min Fisher   : 0.0
Min Omega    : 0.0
Max Relevance: 0.7622916102409363
Mask histogram conv1_layer.2.weight: 	 tensor([   0.,    0.,    0.,    0.,    0.,    0.,    0.,    0., 8192.,    0.],
       device='cuda:0')
Mask histogram conv2_layer.2.weight: 	 tensor([ 640.,  256.,  448.,  320.,  512.,  448.,  384., 1024.,   64.,    0.],
       device='cuda:0')
Mask histogram fc1_layer.0.weight: 	 tensor([  0.,   0.,   0.,   0.,   0.,   0.,   0.,   0., 512.,   0.],
       device='cuda:0')
Task: 7,	 Epoch: 0/80,	 Avg.loss: 0.0013,	 Accuracy: 584/1000(58%)
Task: 7,	 Epoch: 1/80,	 Avg.loss: 0.0010,	 Accuracy: 662/1000(66%)
Task: 7,	 Epoch: 2/80,	 Avg.loss: 0.0010,	 Accuracy: 651/1000(65%)
Task: 7,	 Epoch: 3/80,	 Avg.loss: 0.0010,	 Accuracy: 646/1000(65%)
Task: 7,	 Epoch: 4/80,	 Avg.loss: 0.0009,	 Accuracy: 704/1000(70%)
Task: 7,	 Epoch: 5/80,	 Avg.loss: 0.0009,	 Accuracy: 673/1000(67%)
Task: 7,	 Epoch: 6/80,	 Avg.loss: 0.0009,	 Accuracy: 685/1000(68%)
Task: 7,	 Epoch: 7/80,	 Avg.loss: 0.0011,	 Accuracy: 660/1000(66%)
Task: 7,	 Epoch: 8/80,	 Avg.loss: 0.0009,	 Accuracy: 690/1000(69%)
Task: 7,	 Epoch: 9/80,	 Avg.loss: 0.0009,	 Accuracy: 707/1000(71%)
Task: 7,	 Epoch: 10/80,	 Avg.loss: 0.0009,	 Accuracy: 697/1000(70%)
Task: 7,	 Epoch: 11/80,	 Avg.loss: 0.0009,	 Accuracy: 698/1000(70%)
Task: 7,	 Epoch: 12/80,	 Avg.loss: 0.0009,	 Accuracy: 694/1000(69%)
Task: 7,	 Epoch: 13/80,	 Avg.loss: 0.0009,	 Accuracy: 690/1000(69%)
Task: 7,	 Epoch: 14/80,	 Avg.loss: 0.0009,	 Accuracy: 704/1000(70%)
Task: 7,	 Epoch: 15/80,	 Avg.loss: 0.0009,	 Accuracy: 707/1000(71%)
Task: 7,	 Epoch: 16/80,	 Avg.loss: 0.0010,	 Accuracy: 677/1000(68%)
Task: 7,	 Epoch: 17/80,	 Avg.loss: 0.0009,	 Accuracy: 695/1000(70%)
Task: 7,	 Epoch: 18/80,	 Avg.loss: 0.0009,	 Accuracy: 708/1000(71%)
Task: 7,	 Epoch: 19/80,	 Avg.loss: 0.0008,	 Accuracy: 710/1000(71%)
Task: 7,	 Epoch: 20/80,	 Avg.loss: 0.0009,	 Accuracy: 693/1000(69%)
Task: 7,	 Epoch: 21/80,	 Avg.loss: 0.0009,	 Accuracy: 707/1000(71%)
Task: 7,	 Epoch: 22/80,	 Avg.loss: 0.0009,	 Accuracy: 699/1000(70%)
Task: 7,	 Epoch: 23/80,	 Avg.loss: 0.0009,	 Accuracy: 706/1000(71%)
Task: 7,	 Epoch: 24/80,	 Avg.loss: 0.0009,	 Accuracy: 683/1000(68%)
Task: 7,	 Epoch: 25/80,	 Avg.loss: 0.0009,	 Accuracy: 705/1000(70%)
Task: 7,	 Epoch: 26/80,	 Avg.loss: 0.0009,	 Accuracy: 704/1000(70%)
Task: 7,	 Epoch: 27/80,	 Avg.loss: 0.0008,	 Accuracy: 716/1000(72%)
Task: 7,	 Epoch: 28/80,	 Avg.loss: 0.0009,	 Accuracy: 704/1000(70%)
Task: 7,	 Epoch: 29/80,	 Avg.loss: 0.0009,	 Accuracy: 692/1000(69%)
Task: 7,	 Epoch: 30/80,	 Avg.loss: 0.0008,	 Accuracy: 731/1000(73%)
Task: 7,	 Epoch: 31/80,	 Avg.loss: 0.0009,	 Accuracy: 712/1000(71%)
Task: 7,	 Epoch: 32/80,	 Avg.loss: 0.0009,	 Accuracy: 702/1000(70%)
Task: 7,	 Epoch: 33/80,	 Avg.loss: 0.0009,	 Accuracy: 703/1000(70%)
Task: 7,	 Epoch: 34/80,	 Avg.loss: 0.0009,	 Accuracy: 693/1000(69%)
Task: 7,	 Epoch: 35/80,	 Avg.loss: 0.0009,	 Accuracy: 716/1000(72%)
Task: 7,	 Epoch: 36/80,	 Avg.loss: 0.0008,	 Accuracy: 725/1000(72%)
Task: 7,	 Epoch: 37/80,	 Avg.loss: 0.0009,	 Accuracy: 716/1000(72%)
Task: 7,	 Epoch: 38/80,	 Avg.loss: 0.0009,	 Accuracy: 709/1000(71%)
Task: 7,	 Epoch: 39/80,	 Avg.loss: 0.0008,	 Accuracy: 711/1000(71%)
Task: 7,	 Epoch: 40/80,	 Avg.loss: 0.0009,	 Accuracy: 706/1000(71%)
Task: 7,	 Epoch: 41/80,	 Avg.loss: 0.0009,	 Accuracy: 713/1000(71%)
Task: 7,	 Epoch: 42/80,	 Avg.loss: 0.0009,	 Accuracy: 713/1000(71%)
Task: 7,	 Epoch: 43/80,	 Avg.loss: 0.0008,	 Accuracy: 716/1000(72%)
Task: 7,	 Epoch: 44/80,	 Avg.loss: 0.0009,	 Accuracy: 707/1000(71%)
Task: 7,	 Epoch: 45/80,	 Avg.loss: 0.0009,	 Accuracy: 703/1000(70%)
Task: 7,	 Epoch: 46/80,	 Avg.loss: 0.0008,	 Accuracy: 730/1000(73%)
Task: 7,	 Epoch: 47/80,	 Avg.loss: 0.0009,	 Accuracy: 703/1000(70%)
Task: 7,	 Epoch: 48/80,	 Avg.loss: 0.0009,	 Accuracy: 713/1000(71%)
Task: 7,	 Epoch: 49/80,	 Avg.loss: 0.0008,	 Accuracy: 724/1000(72%)
Task: 7,	 Epoch: 50/80,	 Avg.loss: 0.0008,	 Accuracy: 729/1000(73%)
Task: 7,	 Epoch: 51/80,	 Avg.loss: 0.0008,	 Accuracy: 733/1000(73%)
Task: 7,	 Epoch: 52/80,	 Avg.loss: 0.0008,	 Accuracy: 731/1000(73%)
Task: 7,	 Epoch: 53/80,	 Avg.loss: 0.0008,	 Accuracy: 724/1000(72%)
Task: 7,	 Epoch: 54/80,	 Avg.loss: 0.0008,	 Accuracy: 737/1000(74%)
Task: 7,	 Epoch: 55/80,	 Avg.loss: 0.0008,	 Accuracy: 735/1000(74%)
Task: 7,	 Epoch: 56/80,	 Avg.loss: 0.0008,	 Accuracy: 737/1000(74%)
Task: 7,	 Epoch: 57/80,	 Avg.loss: 0.0008,	 Accuracy: 733/1000(73%)
Task: 7,	 Epoch: 58/80,	 Avg.loss: 0.0008,	 Accuracy: 734/1000(73%)
Task: 7,	 Epoch: 59/80,	 Avg.loss: 0.0008,	 Accuracy: 734/1000(73%)
Task: 7,	 Epoch: 60/80,	 Avg.loss: 0.0008,	 Accuracy: 731/1000(73%)
Task: 7,	 Epoch: 61/80,	 Avg.loss: 0.0008,	 Accuracy: 737/1000(74%)
Task: 7,	 Epoch: 62/80,	 Avg.loss: 0.0008,	 Accuracy: 739/1000(74%)
Task: 7,	 Epoch: 63/80,	 Avg.loss: 0.0008,	 Accuracy: 740/1000(74%)
Task: 7,	 Epoch: 64/80,	 Avg.loss: 0.0008,	 Accuracy: 724/1000(72%)
Task: 7,	 Epoch: 65/80,	 Avg.loss: 0.0008,	 Accuracy: 733/1000(73%)
Task: 7,	 Epoch: 66/80,	 Avg.loss: 0.0008,	 Accuracy: 726/1000(73%)
Task: 7,	 Epoch: 67/80,	 Avg.loss: 0.0008,	 Accuracy: 730/1000(73%)
Task: 7,	 Epoch: 68/80,	 Avg.loss: 0.0008,	 Accuracy: 732/1000(73%)
Task: 7,	 Epoch: 69/80,	 Avg.loss: 0.0008,	 Accuracy: 729/1000(73%)
Task: 7,	 Epoch: 70/80,	 Avg.loss: 0.0008,	 Accuracy: 738/1000(74%)
Task: 7,	 Epoch: 71/80,	 Avg.loss: 0.0008,	 Accuracy: 739/1000(74%)
Task: 7,	 Epoch: 72/80,	 Avg.loss: 0.0008,	 Accuracy: 730/1000(73%)
Task: 7,	 Epoch: 73/80,	 Avg.loss: 0.0008,	 Accuracy: 735/1000(74%)
Task: 7,	 Epoch: 74/80,	 Avg.loss: 0.0008,	 Accuracy: 731/1000(73%)
Task: 7,	 Epoch: 75/80,	 Avg.loss: 0.0008,	 Accuracy: 731/1000(73%)
Task: 7,	 Epoch: 76/80,	 Avg.loss: 0.0008,	 Accuracy: 736/1000(74%)
Task: 7,	 Epoch: 77/80,	 Avg.loss: 0.0008,	 Accuracy: 726/1000(73%)
Task: 7,	 Epoch: 78/80,	 Avg.loss: 0.0008,	 Accuracy: 732/1000(73%)
Task: 7,	 Epoch: 79/80,	 Avg.loss: 0.0008,	 Accuracy: 731/1000(73%)
Task: 0,	 Epoch: -1/80,	 Avg.loss: 0.0009,	 Accuracy: 842/1000(84%)
Trained Task:7, Loaded task:0, Accuracy:84.2%
Task: 1,	 Epoch: -1/80,	 Avg.loss: 0.0010,	 Accuracy: 761/1000(76%)
Trained Task:7, Loaded task:1, Accuracy:76.1%
Task: 2,	 Epoch: -1/80,	 Avg.loss: 0.0008,	 Accuracy: 803/1000(80%)
Trained Task:7, Loaded task:2, Accuracy:80.3%
Task: 3,	 Epoch: -1/80,	 Avg.loss: 0.0009,	 Accuracy: 728/1000(73%)
Trained Task:7, Loaded task:3, Accuracy:72.8%
Task: 4,	 Epoch: -1/80,	 Avg.loss: 0.0007,	 Accuracy: 762/1000(76%)
Trained Task:7, Loaded task:4, Accuracy:76.2%
Task: 5,	 Epoch: -1/80,	 Avg.loss: 0.0008,	 Accuracy: 739/1000(74%)
Trained Task:7, Loaded task:5, Accuracy:73.9%
Task: 6,	 Epoch: -1/80,	 Avg.loss: 0.0008,	 Accuracy: 735/1000(74%)
Trained Task:7, Loaded task:6, Accuracy:73.5%
Task: 7,	 Epoch: -1/80,	 Avg.loss: 0.0008,	 Accuracy: 731/1000(73%)
Trained Task:7, Loaded task:7, Accuracy:73.1%
Trained Task:7, Avg. Accuracy: 76.3 

Layer        : conv1_layer.2.weight
Sum Omega    : 640.9675903320312
W.num_zeros  : 0/9216
F.num_zeros  : 288/9216
O.num_zeros  : 288/9216
Max Fisher   : 1.0
Max Omega    : 1.0
Min Fisher   : 0.0
Min Omega    : 0.0
Max Relevance: 0.3999999761581421
Layer        : conv2_layer.2.weight
Sum Omega    : 2516.8662109375
W.num_zeros  : 0/36864
F.num_zeros  : 9216/36864
O.num_zeros  : 9216/36864
Max Fisher   : 1.0
Max Omega    : 1.0
Min Fisher   : 0.0
Min Omega    : 0.0
Max Relevance: 0.6248681545257568
Layer        : fc1_layer.0.weight
Sum Omega    : 17884.0234375
W.num_zeros  : 0/2097152
F.num_zeros  : 1095900/2097152
O.num_zeros  : 1109724/2097152
Max Fisher   : 1.0
Max Omega    : 1.0
Min Fisher   : 0.0
Min Omega    : 0.0
Max Relevance: 0.49487558007240295
Mask histogram conv1_layer.2.weight: 	 tensor([   0.,    0.,    0.,    0.,    0.,    0.,    0.,    0.,    0., 8192.],
       device='cuda:0')
Mask histogram conv2_layer.2.weight: 	 tensor([640., 192., 128., 512., 512., 384., 448., 512., 704.,  64.],
       device='cuda:0')
Mask histogram fc1_layer.0.weight: 	 tensor([  0.,   0.,   0.,   0.,   0.,   0.,   0.,   0.,   0., 512.],
       device='cuda:0')
Task: 8,	 Epoch: 0/80,	 Avg.loss: 0.0014,	 Accuracy: 574/1000(57%)
Task: 8,	 Epoch: 1/80,	 Avg.loss: 0.0011,	 Accuracy: 643/1000(64%)
Task: 8,	 Epoch: 2/80,	 Avg.loss: 0.0009,	 Accuracy: 706/1000(71%)
Task: 8,	 Epoch: 3/80,	 Avg.loss: 0.0010,	 Accuracy: 674/1000(67%)
Task: 8,	 Epoch: 4/80,	 Avg.loss: 0.0011,	 Accuracy: 672/1000(67%)
Task: 8,	 Epoch: 5/80,	 Avg.loss: 0.0010,	 Accuracy: 674/1000(67%)
Task: 8,	 Epoch: 6/80,	 Avg.loss: 0.0009,	 Accuracy: 695/1000(70%)
Task: 8,	 Epoch: 7/80,	 Avg.loss: 0.0009,	 Accuracy: 722/1000(72%)
Task: 8,	 Epoch: 8/80,	 Avg.loss: 0.0009,	 Accuracy: 696/1000(70%)
Task: 8,	 Epoch: 9/80,	 Avg.loss: 0.0009,	 Accuracy: 727/1000(73%)
Task: 8,	 Epoch: 10/80,	 Avg.loss: 0.0009,	 Accuracy: 702/1000(70%)
Task: 8,	 Epoch: 11/80,	 Avg.loss: 0.0009,	 Accuracy: 698/1000(70%)
Task: 8,	 Epoch: 12/80,	 Avg.loss: 0.0008,	 Accuracy: 733/1000(73%)
Task: 8,	 Epoch: 13/80,	 Avg.loss: 0.0008,	 Accuracy: 730/1000(73%)
Task: 8,	 Epoch: 14/80,	 Avg.loss: 0.0008,	 Accuracy: 739/1000(74%)
Task: 8,	 Epoch: 15/80,	 Avg.loss: 0.0008,	 Accuracy: 740/1000(74%)
Task: 8,	 Epoch: 16/80,	 Avg.loss: 0.0009,	 Accuracy: 710/1000(71%)
Task: 8,	 Epoch: 17/80,	 Avg.loss: 0.0009,	 Accuracy: 704/1000(70%)
Task: 8,	 Epoch: 18/80,	 Avg.loss: 0.0009,	 Accuracy: 714/1000(71%)
Task: 8,	 Epoch: 19/80,	 Avg.loss: 0.0008,	 Accuracy: 716/1000(72%)
Task: 8,	 Epoch: 20/80,	 Avg.loss: 0.0009,	 Accuracy: 730/1000(73%)
Task: 8,	 Epoch: 21/80,	 Avg.loss: 0.0008,	 Accuracy: 757/1000(76%)
Task: 8,	 Epoch: 22/80,	 Avg.loss: 0.0009,	 Accuracy: 740/1000(74%)
Task: 8,	 Epoch: 23/80,	 Avg.loss: 0.0008,	 Accuracy: 742/1000(74%)
Task: 8,	 Epoch: 24/80,	 Avg.loss: 0.0009,	 Accuracy: 720/1000(72%)
Task: 8,	 Epoch: 25/80,	 Avg.loss: 0.0008,	 Accuracy: 737/1000(74%)
Task: 8,	 Epoch: 26/80,	 Avg.loss: 0.0009,	 Accuracy: 724/1000(72%)
Task: 8,	 Epoch: 27/80,	 Avg.loss: 0.0008,	 Accuracy: 730/1000(73%)
Task: 8,	 Epoch: 28/80,	 Avg.loss: 0.0008,	 Accuracy: 740/1000(74%)
Task: 8,	 Epoch: 29/80,	 Avg.loss: 0.0008,	 Accuracy: 734/1000(73%)
Task: 8,	 Epoch: 30/80,	 Avg.loss: 0.0008,	 Accuracy: 751/1000(75%)
Task: 8,	 Epoch: 31/80,	 Avg.loss: 0.0008,	 Accuracy: 727/1000(73%)
Task: 8,	 Epoch: 32/80,	 Avg.loss: 0.0009,	 Accuracy: 711/1000(71%)
Task: 8,	 Epoch: 33/80,	 Avg.loss: 0.0008,	 Accuracy: 732/1000(73%)
Task: 8,	 Epoch: 34/80,	 Avg.loss: 0.0008,	 Accuracy: 729/1000(73%)
Task: 8,	 Epoch: 35/80,	 Avg.loss: 0.0009,	 Accuracy: 724/1000(72%)
Task: 8,	 Epoch: 36/80,	 Avg.loss: 0.0008,	 Accuracy: 741/1000(74%)
Task: 8,	 Epoch: 37/80,	 Avg.loss: 0.0008,	 Accuracy: 724/1000(72%)
Task: 8,	 Epoch: 38/80,	 Avg.loss: 0.0009,	 Accuracy: 709/1000(71%)
Task: 8,	 Epoch: 39/80,	 Avg.loss: 0.0009,	 Accuracy: 725/1000(72%)
Task: 8,	 Epoch: 40/80,	 Avg.loss: 0.0008,	 Accuracy: 732/1000(73%)
Task: 8,	 Epoch: 41/80,	 Avg.loss: 0.0008,	 Accuracy: 739/1000(74%)
Task: 8,	 Epoch: 42/80,	 Avg.loss: 0.0008,	 Accuracy: 742/1000(74%)
Task: 8,	 Epoch: 43/80,	 Avg.loss: 0.0008,	 Accuracy: 734/1000(73%)
Task: 8,	 Epoch: 44/80,	 Avg.loss: 0.0008,	 Accuracy: 738/1000(74%)
Task: 8,	 Epoch: 45/80,	 Avg.loss: 0.0008,	 Accuracy: 732/1000(73%)
Task: 8,	 Epoch: 46/80,	 Avg.loss: 0.0009,	 Accuracy: 721/1000(72%)
Task: 8,	 Epoch: 47/80,	 Avg.loss: 0.0008,	 Accuracy: 733/1000(73%)
Task: 8,	 Epoch: 48/80,	 Avg.loss: 0.0008,	 Accuracy: 743/1000(74%)
Task: 8,	 Epoch: 49/80,	 Avg.loss: 0.0008,	 Accuracy: 726/1000(73%)
Task: 8,	 Epoch: 50/80,	 Avg.loss: 0.0008,	 Accuracy: 743/1000(74%)
Task: 8,	 Epoch: 51/80,	 Avg.loss: 0.0008,	 Accuracy: 749/1000(75%)
Task: 8,	 Epoch: 52/80,	 Avg.loss: 0.0008,	 Accuracy: 751/1000(75%)
Task: 8,	 Epoch: 53/80,	 Avg.loss: 0.0008,	 Accuracy: 743/1000(74%)
Task: 8,	 Epoch: 54/80,	 Avg.loss: 0.0008,	 Accuracy: 754/1000(75%)
Task: 8,	 Epoch: 55/80,	 Avg.loss: 0.0008,	 Accuracy: 746/1000(75%)
Task: 8,	 Epoch: 56/80,	 Avg.loss: 0.0008,	 Accuracy: 742/1000(74%)
Task: 8,	 Epoch: 57/80,	 Avg.loss: 0.0008,	 Accuracy: 752/1000(75%)
Task: 8,	 Epoch: 58/80,	 Avg.loss: 0.0008,	 Accuracy: 745/1000(74%)
Task: 8,	 Epoch: 59/80,	 Avg.loss: 0.0008,	 Accuracy: 743/1000(74%)
Task: 8,	 Epoch: 60/80,	 Avg.loss: 0.0008,	 Accuracy: 753/1000(75%)
Task: 8,	 Epoch: 61/80,	 Avg.loss: 0.0008,	 Accuracy: 758/1000(76%)
Task: 8,	 Epoch: 62/80,	 Avg.loss: 0.0008,	 Accuracy: 746/1000(75%)
Task: 8,	 Epoch: 63/80,	 Avg.loss: 0.0008,	 Accuracy: 751/1000(75%)
Task: 8,	 Epoch: 64/80,	 Avg.loss: 0.0008,	 Accuracy: 751/1000(75%)
Task: 8,	 Epoch: 65/80,	 Avg.loss: 0.0008,	 Accuracy: 750/1000(75%)
Task: 8,	 Epoch: 66/80,	 Avg.loss: 0.0008,	 Accuracy: 746/1000(75%)
Task: 8,	 Epoch: 67/80,	 Avg.loss: 0.0008,	 Accuracy: 754/1000(75%)
Task: 8,	 Epoch: 68/80,	 Avg.loss: 0.0008,	 Accuracy: 756/1000(76%)
Task: 8,	 Epoch: 69/80,	 Avg.loss: 0.0008,	 Accuracy: 748/1000(75%)
Task: 8,	 Epoch: 70/80,	 Avg.loss: 0.0008,	 Accuracy: 752/1000(75%)
Task: 8,	 Epoch: 71/80,	 Avg.loss: 0.0008,	 Accuracy: 753/1000(75%)
Task: 8,	 Epoch: 72/80,	 Avg.loss: 0.0008,	 Accuracy: 749/1000(75%)
Task: 8,	 Epoch: 73/80,	 Avg.loss: 0.0008,	 Accuracy: 750/1000(75%)
Task: 8,	 Epoch: 74/80,	 Avg.loss: 0.0008,	 Accuracy: 752/1000(75%)
Task: 8,	 Epoch: 75/80,	 Avg.loss: 0.0008,	 Accuracy: 751/1000(75%)
Task: 8,	 Epoch: 76/80,	 Avg.loss: 0.0008,	 Accuracy: 750/1000(75%)
Task: 8,	 Epoch: 77/80,	 Avg.loss: 0.0008,	 Accuracy: 748/1000(75%)
Task: 8,	 Epoch: 78/80,	 Avg.loss: 0.0008,	 Accuracy: 749/1000(75%)
Task: 8,	 Epoch: 79/80,	 Avg.loss: 0.0008,	 Accuracy: 752/1000(75%)
Task: 0,	 Epoch: -1/80,	 Avg.loss: 0.0008,	 Accuracy: 846/1000(85%)
Trained Task:8, Loaded task:0, Accuracy:84.6%
Task: 1,	 Epoch: -1/80,	 Avg.loss: 0.0010,	 Accuracy: 753/1000(75%)
Trained Task:8, Loaded task:1, Accuracy:75.3%
Task: 2,	 Epoch: -1/80,	 Avg.loss: 0.0008,	 Accuracy: 798/1000(80%)
Trained Task:8, Loaded task:2, Accuracy:79.8%
Task: 3,	 Epoch: -1/80,	 Avg.loss: 0.0009,	 Accuracy: 719/1000(72%)
Trained Task:8, Loaded task:3, Accuracy:71.9%
Task: 4,	 Epoch: -1/80,	 Avg.loss: 0.0008,	 Accuracy: 765/1000(76%)
Trained Task:8, Loaded task:4, Accuracy:76.5%
Task: 5,	 Epoch: -1/80,	 Avg.loss: 0.0008,	 Accuracy: 732/1000(73%)
Trained Task:8, Loaded task:5, Accuracy:73.2%
Task: 6,	 Epoch: -1/80,	 Avg.loss: 0.0008,	 Accuracy: 732/1000(73%)
Trained Task:8, Loaded task:6, Accuracy:73.2%
Task: 7,	 Epoch: -1/80,	 Avg.loss: 0.0008,	 Accuracy: 733/1000(73%)
Trained Task:8, Loaded task:7, Accuracy:73.3%
Task: 8,	 Epoch: -1/80,	 Avg.loss: 0.0008,	 Accuracy: 752/1000(75%)
Trained Task:8, Loaded task:8, Accuracy:75.2%
Trained Task:8, Avg. Accuracy: 75.9 

Layer        : conv1_layer.2.weight
Sum Omega    : 639.4752807617188
W.num_zeros  : 0/9216
F.num_zeros  : 288/9216
O.num_zeros  : 288/9216
Max Fisher   : 1.0
Max Omega    : 1.0
Min Fisher   : 0.0
Min Omega    : 0.0
Max Relevance: 0.3999999761581421
Layer        : conv2_layer.2.weight
Sum Omega    : 2368.521484375
W.num_zeros  : 0/36864
F.num_zeros  : 9216/36864
O.num_zeros  : 9216/36864
Max Fisher   : 1.0
Max Omega    : 1.0
Min Fisher   : 0.0
Min Omega    : 0.0
Max Relevance: 0.5401505827903748
Layer        : fc1_layer.0.weight
Sum Omega    : 18824.7421875
W.num_zeros  : 0/2097152
F.num_zeros  : 1092685/2097152
O.num_zeros  : 1099746/2097152
Max Fisher   : 1.0
Max Omega    : 1.0
Min Fisher   : 0.0
Min Omega    : 0.0
Max Relevance: 0.8849484324455261
Mask histogram conv1_layer.2.weight: 	 tensor([   0.,    0.,    0.,    0.,    0.,    0.,    0.,    0.,    0., 8192.],
       device='cuda:0')
Mask histogram conv2_layer.2.weight: 	 tensor([640., 192.,  64., 448., 384., 448., 256., 576., 384., 704.],
       device='cuda:0')
Mask histogram fc1_layer.0.weight: 	 tensor([  0.,   0.,   0.,   0.,   0.,   0.,   0.,   0.,   0., 512.],
       device='cuda:0')
Task: 9,	 Epoch: 0/80,	 Avg.loss: 0.0012,	 Accuracy: 666/1000(67%)
Task: 9,	 Epoch: 1/80,	 Avg.loss: 0.0010,	 Accuracy: 708/1000(71%)
Task: 9,	 Epoch: 2/80,	 Avg.loss: 0.0009,	 Accuracy: 728/1000(73%)
Task: 9,	 Epoch: 3/80,	 Avg.loss: 0.0008,	 Accuracy: 761/1000(76%)
Task: 9,	 Epoch: 4/80,	 Avg.loss: 0.0008,	 Accuracy: 737/1000(74%)
Task: 9,	 Epoch: 5/80,	 Avg.loss: 0.0009,	 Accuracy: 735/1000(74%)
Task: 9,	 Epoch: 6/80,	 Avg.loss: 0.0008,	 Accuracy: 762/1000(76%)
Task: 9,	 Epoch: 7/80,	 Avg.loss: 0.0009,	 Accuracy: 734/1000(73%)
Task: 9,	 Epoch: 8/80,	 Avg.loss: 0.0009,	 Accuracy: 724/1000(72%)
Task: 9,	 Epoch: 9/80,	 Avg.loss: 0.0008,	 Accuracy: 748/1000(75%)
Task: 9,	 Epoch: 10/80,	 Avg.loss: 0.0008,	 Accuracy: 757/1000(76%)
Task: 9,	 Epoch: 11/80,	 Avg.loss: 0.0008,	 Accuracy: 748/1000(75%)
Task: 9,	 Epoch: 12/80,	 Avg.loss: 0.0008,	 Accuracy: 747/1000(75%)
Task: 9,	 Epoch: 13/80,	 Avg.loss: 0.0008,	 Accuracy: 737/1000(74%)
Task: 9,	 Epoch: 14/80,	 Avg.loss: 0.0007,	 Accuracy: 765/1000(76%)
Task: 9,	 Epoch: 15/80,	 Avg.loss: 0.0007,	 Accuracy: 756/1000(76%)
Task: 9,	 Epoch: 16/80,	 Avg.loss: 0.0008,	 Accuracy: 750/1000(75%)
Task: 9,	 Epoch: 17/80,	 Avg.loss: 0.0008,	 Accuracy: 756/1000(76%)
Task: 9,	 Epoch: 18/80,	 Avg.loss: 0.0007,	 Accuracy: 768/1000(77%)
Task: 9,	 Epoch: 19/80,	 Avg.loss: 0.0007,	 Accuracy: 767/1000(77%)
Task: 9,	 Epoch: 20/80,	 Avg.loss: 0.0008,	 Accuracy: 747/1000(75%)
Task: 9,	 Epoch: 21/80,	 Avg.loss: 0.0008,	 Accuracy: 758/1000(76%)
Task: 9,	 Epoch: 22/80,	 Avg.loss: 0.0008,	 Accuracy: 768/1000(77%)
Task: 9,	 Epoch: 23/80,	 Avg.loss: 0.0008,	 Accuracy: 751/1000(75%)
Task: 9,	 Epoch: 24/80,	 Avg.loss: 0.0008,	 Accuracy: 764/1000(76%)
Task: 9,	 Epoch: 25/80,	 Avg.loss: 0.0008,	 Accuracy: 756/1000(76%)
Task: 9,	 Epoch: 26/80,	 Avg.loss: 0.0008,	 Accuracy: 761/1000(76%)
Task: 9,	 Epoch: 27/80,	 Avg.loss: 0.0007,	 Accuracy: 773/1000(77%)
Task: 9,	 Epoch: 28/80,	 Avg.loss: 0.0007,	 Accuracy: 769/1000(77%)
Task: 9,	 Epoch: 29/80,	 Avg.loss: 0.0008,	 Accuracy: 754/1000(75%)
Task: 9,	 Epoch: 30/80,	 Avg.loss: 0.0007,	 Accuracy: 778/1000(78%)
Task: 9,	 Epoch: 31/80,	 Avg.loss: 0.0007,	 Accuracy: 763/1000(76%)
Task: 9,	 Epoch: 32/80,	 Avg.loss: 0.0007,	 Accuracy: 769/1000(77%)
Task: 9,	 Epoch: 33/80,	 Avg.loss: 0.0008,	 Accuracy: 762/1000(76%)
Task: 9,	 Epoch: 34/80,	 Avg.loss: 0.0008,	 Accuracy: 747/1000(75%)
Task: 9,	 Epoch: 35/80,	 Avg.loss: 0.0009,	 Accuracy: 730/1000(73%)
Task: 9,	 Epoch: 36/80,	 Avg.loss: 0.0008,	 Accuracy: 766/1000(77%)
Task: 9,	 Epoch: 37/80,	 Avg.loss: 0.0008,	 Accuracy: 755/1000(76%)
Task: 9,	 Epoch: 38/80,	 Avg.loss: 0.0008,	 Accuracy: 744/1000(74%)
Task: 9,	 Epoch: 39/80,	 Avg.loss: 0.0008,	 Accuracy: 757/1000(76%)
Task: 9,	 Epoch: 40/80,	 Avg.loss: 0.0007,	 Accuracy: 774/1000(77%)
Task: 9,	 Epoch: 41/80,	 Avg.loss: 0.0007,	 Accuracy: 775/1000(78%)
Task: 9,	 Epoch: 42/80,	 Avg.loss: 0.0007,	 Accuracy: 765/1000(76%)
Task: 9,	 Epoch: 43/80,	 Avg.loss: 0.0007,	 Accuracy: 768/1000(77%)
Task: 9,	 Epoch: 44/80,	 Avg.loss: 0.0008,	 Accuracy: 770/1000(77%)
Task: 9,	 Epoch: 45/80,	 Avg.loss: 0.0007,	 Accuracy: 778/1000(78%)
Task: 9,	 Epoch: 46/80,	 Avg.loss: 0.0008,	 Accuracy: 774/1000(77%)
Task: 9,	 Epoch: 47/80,	 Avg.loss: 0.0008,	 Accuracy: 779/1000(78%)
Task: 9,	 Epoch: 48/80,	 Avg.loss: 0.0008,	 Accuracy: 755/1000(76%)
Task: 9,	 Epoch: 49/80,	 Avg.loss: 0.0008,	 Accuracy: 769/1000(77%)
Task: 9,	 Epoch: 50/80,	 Avg.loss: 0.0007,	 Accuracy: 774/1000(77%)
Task: 9,	 Epoch: 51/80,	 Avg.loss: 0.0007,	 Accuracy: 775/1000(78%)
Task: 9,	 Epoch: 52/80,	 Avg.loss: 0.0007,	 Accuracy: 770/1000(77%)
Task: 9,	 Epoch: 53/80,	 Avg.loss: 0.0007,	 Accuracy: 779/1000(78%)
Task: 9,	 Epoch: 54/80,	 Avg.loss: 0.0007,	 Accuracy: 775/1000(78%)
Task: 9,	 Epoch: 55/80,	 Avg.loss: 0.0007,	 Accuracy: 776/1000(78%)
Task: 9,	 Epoch: 56/80,	 Avg.loss: 0.0007,	 Accuracy: 773/1000(77%)
Task: 9,	 Epoch: 57/80,	 Avg.loss: 0.0007,	 Accuracy: 775/1000(78%)
Task: 9,	 Epoch: 58/80,	 Avg.loss: 0.0007,	 Accuracy: 770/1000(77%)
Task: 9,	 Epoch: 59/80,	 Avg.loss: 0.0007,	 Accuracy: 773/1000(77%)
Task: 9,	 Epoch: 60/80,	 Avg.loss: 0.0007,	 Accuracy: 778/1000(78%)
Task: 9,	 Epoch: 61/80,	 Avg.loss: 0.0007,	 Accuracy: 773/1000(77%)
Task: 9,	 Epoch: 62/80,	 Avg.loss: 0.0007,	 Accuracy: 775/1000(78%)
Task: 9,	 Epoch: 63/80,	 Avg.loss: 0.0007,	 Accuracy: 778/1000(78%)
Task: 9,	 Epoch: 64/80,	 Avg.loss: 0.0007,	 Accuracy: 779/1000(78%)
Task: 9,	 Epoch: 65/80,	 Avg.loss: 0.0007,	 Accuracy: 776/1000(78%)
Task: 9,	 Epoch: 66/80,	 Avg.loss: 0.0007,	 Accuracy: 772/1000(77%)
Task: 9,	 Epoch: 67/80,	 Avg.loss: 0.0007,	 Accuracy: 774/1000(77%)
Task: 9,	 Epoch: 68/80,	 Avg.loss: 0.0007,	 Accuracy: 773/1000(77%)
Task: 9,	 Epoch: 69/80,	 Avg.loss: 0.0007,	 Accuracy: 774/1000(77%)
Task: 9,	 Epoch: 70/80,	 Avg.loss: 0.0007,	 Accuracy: 776/1000(78%)
Task: 9,	 Epoch: 71/80,	 Avg.loss: 0.0007,	 Accuracy: 779/1000(78%)
Task: 9,	 Epoch: 72/80,	 Avg.loss: 0.0007,	 Accuracy: 775/1000(78%)
Task: 9,	 Epoch: 73/80,	 Avg.loss: 0.0007,	 Accuracy: 778/1000(78%)
Task: 9,	 Epoch: 74/80,	 Avg.loss: 0.0007,	 Accuracy: 772/1000(77%)
Task: 9,	 Epoch: 75/80,	 Avg.loss: 0.0007,	 Accuracy: 770/1000(77%)
Task: 9,	 Epoch: 76/80,	 Avg.loss: 0.0007,	 Accuracy: 767/1000(77%)
Task: 9,	 Epoch: 77/80,	 Avg.loss: 0.0007,	 Accuracy: 774/1000(77%)
Task: 9,	 Epoch: 78/80,	 Avg.loss: 0.0007,	 Accuracy: 774/1000(77%)
Task: 9,	 Epoch: 79/80,	 Avg.loss: 0.0007,	 Accuracy: 774/1000(77%)
Task: 0,	 Epoch: -1/80,	 Avg.loss: 0.0008,	 Accuracy: 852/1000(85%)
Trained Task:9, Loaded task:0, Accuracy:85.2%
Task: 1,	 Epoch: -1/80,	 Avg.loss: 0.0010,	 Accuracy: 754/1000(75%)
Trained Task:9, Loaded task:1, Accuracy:75.4%
Task: 2,	 Epoch: -1/80,	 Avg.loss: 0.0008,	 Accuracy: 796/1000(80%)
Trained Task:9, Loaded task:2, Accuracy:79.6%
Task: 3,	 Epoch: -1/80,	 Avg.loss: 0.0009,	 Accuracy: 713/1000(71%)
Trained Task:9, Loaded task:3, Accuracy:71.3%
Task: 4,	 Epoch: -1/80,	 Avg.loss: 0.0008,	 Accuracy: 764/1000(76%)
Trained Task:9, Loaded task:4, Accuracy:76.4%
Task: 5,	 Epoch: -1/80,	 Avg.loss: 0.0008,	 Accuracy: 731/1000(73%)
Trained Task:9, Loaded task:5, Accuracy:73.1%
Task: 6,	 Epoch: -1/80,	 Avg.loss: 0.0008,	 Accuracy: 744/1000(74%)
Trained Task:9, Loaded task:6, Accuracy:74.4%
Task: 7,	 Epoch: -1/80,	 Avg.loss: 0.0008,	 Accuracy: 732/1000(73%)
Trained Task:9, Loaded task:7, Accuracy:73.2%
Task: 8,	 Epoch: -1/80,	 Avg.loss: 0.0008,	 Accuracy: 753/1000(75%)
Trained Task:9, Loaded task:8, Accuracy:75.3%
Task: 9,	 Epoch: -1/80,	 Avg.loss: 0.0007,	 Accuracy: 774/1000(77%)
Trained Task:9, Loaded task:9, Accuracy:77.4%
Trained Task:9, Avg. Accuracy: 76.1 

List of avg. accuracy: [86.4, 82.6, 81.6, 78.9, 78.2, 77.3, 76.8, 76.3, 75.9, 76.1]
