Mask active  : 16384/16384
Mask active  : 4162/8192
Mask active  : 507/1024
Saving  mask (task#:0)
save_mask: ****  16384/16384
save_mask: ****  4162/8192
save_mask: ****  507/1024
Task: 0 Train Epoch: 0 [0/5000 (0%)]	Loss: 2.302662
Task: 0 Train Epoch: 0 [1280/5000 (25%)]	Loss: 2.064675
Task: 0 Train Epoch: 0 [2560/5000 (50%)]	Loss: 1.969132
Task: 0 Train Epoch: 0 [3840/5000 (75%)]	Loss: 1.766598

Task: 0   Test set: Avg. loss: 0.0017, Accuracy: 380/1000(38%)

Saving head
Computing MAS
Loading head (task#:0)
Loading mask (task#:0)
load_mask: ****  16384/16384
load_mask: ****  4162/8192
load_mask: ****  507/1024

Task: 0   Test set: Avg. loss: 0.0017, Accuracy: 380/1000(38%)

Trained Task:0, Loaded task:0, Accuracy:38.0
Layer        : conv1_layer.2.weight
Sum Omega    : 616.293212890625
Max Fisher   : 0.08699750900268555
Max Omega    : 0.6645497679710388
Max Relevance: 0.011718181893229485
Mask active  : 16384.0/16384

Layer        : conv2_layer.2.weight
Sum Omega    : 760.7556762695312
Max Fisher   : 0.014962649904191494
Max Omega    : 0.14406411349773407
Max Relevance: 0.0019571760203689337
Mask active  : 4096.0/8192

Layer        : fc1_layer.0.weight
Sum Omega    : 917.8626708984375
Max Fisher   : 0.0024726090487092733
Max Omega    : 0.02809017151594162
Max Relevance: 0.0024726090487092733
Mask active  : 512.0/1024

Saving  mask (task#:1)
save_mask: ****  16384.0/16384
save_mask: ****  4096.0/8192
save_mask: ****  512.0/1024
Task: 1 Train Epoch: 0 [0/5000 (0%)]	Loss: 2.304351
Task: 1 Train Epoch: 0 [1280/5000 (25%)]	Loss: 2.149557
Task: 1 Train Epoch: 0 [2560/5000 (50%)]	Loss: 1.846156
Task: 1 Train Epoch: 0 [3840/5000 (75%)]	Loss: 1.927885

Task: 1   Test set: Avg. loss: 0.0018, Accuracy: 361/1000(36%)

Saving head
Computing MAS
Loading head (task#:0)
Loading mask (task#:0)
load_mask: ****  16384/16384
load_mask: ****  8192/8192
load_mask: ****  1024/1024
