Layer        : conv1_layer.2.weight
R.histogram  : tensor([ 0.,  0.,  0.,  0.,  0., 32.,  0.,  0.,  0.,  0.], device='cuda:0')
R_sum max/min: -288.0/-288.0
F.num_zeros  : 576/9216
W.num_zeros  : 0/9216
O.num_zeros  : 0/9216
Layer        : conv2_layer.2.weight
R.histogram  : tensor([ 0.,  0.,  0.,  0.,  0., 64.,  0.,  0.,  0.,  0.], device='cuda:0')
R_sum max/min: -576.0/-576.0
F.num_zeros  : 3897/36864
W.num_zeros  : 0/36864
O.num_zeros  : 0/36864
Layer        : fc1_layer.1.weight
R.histogram  : tensor([  0.,   0.,   0.,   0.,   0., 512.,   0.,   0.,   0.,   0.],
       device='cuda:0')
R_sum max/min: -4096.0/-4096.0
F.num_zeros  : 806089/2097152
W.num_zeros  : 0/2097152
O.num_zeros  : 0/2097152
Mask histogram
conv1_layer.2.weight: 	 tensor([   0., 8192.,    0.,    0.,    0.,    0.,    0.,    0.,    0.,    0.,
           0.], device='cuda:0')
conv2_layer.2.weight: 	 tensor([2496., 1600.,    0.,    0.,    0.,    0.,    0.,    0.,    0.,    0.,
           0.], device='cuda:0')
fc1_layer.1.weight: 	 tensor([308., 204.,   0.,   0.,   0.,   0.,   0.,   0.,   0.,   0.,   0.],
       device='cuda:0')
Task: 0,	 Epoch: 0/80,	 Avg.loss: 0.0013,	 Test Accuracy: 556/1000(56%)
Task: 0,	 Epoch: 1/80,	 Avg.loss: 0.0010,	 Test Accuracy: 633/1000(63%)
Task: 0,	 Epoch: 2/80,	 Avg.loss: 0.0008,	 Test Accuracy: 701/1000(70%)
Task: 0,	 Epoch: 3/80,	 Avg.loss: 0.0008,	 Test Accuracy: 722/1000(72%)
Task: 0,	 Epoch: 4/80,	 Avg.loss: 0.0007,	 Test Accuracy: 751/1000(75%)
Task: 0,	 Epoch: 5/80,	 Avg.loss: 0.0007,	 Test Accuracy: 750/1000(75%)
Task: 0,	 Epoch: 6/80,	 Avg.loss: 0.0007,	 Test Accuracy: 770/1000(77%)
Task: 0,	 Epoch: 7/80,	 Avg.loss: 0.0007,	 Test Accuracy: 767/1000(77%)
Task: 0,	 Epoch: 8/80,	 Avg.loss: 0.0006,	 Test Accuracy: 795/1000(80%)
Task: 0,	 Epoch: 9/80,	 Avg.loss: 0.0006,	 Test Accuracy: 799/1000(80%)
Task: 0,	 Epoch: 10/80,	 Avg.loss: 0.0006,	 Test Accuracy: 802/1000(80%)
Task: 0,	 Epoch: 11/80,	 Avg.loss: 0.0007,	 Test Accuracy: 787/1000(79%)
Task: 0,	 Epoch: 12/80,	 Avg.loss: 0.0006,	 Test Accuracy: 806/1000(81%)
Task: 0,	 Epoch: 13/80,	 Avg.loss: 0.0006,	 Test Accuracy: 823/1000(82%)
Task: 0,	 Epoch: 14/80,	 Avg.loss: 0.0006,	 Test Accuracy: 789/1000(79%)
Task: 0,	 Epoch: 15/80,	 Avg.loss: 0.0006,	 Test Accuracy: 785/1000(78%)
Task: 0,	 Epoch: 16/80,	 Avg.loss: 0.0006,	 Test Accuracy: 808/1000(81%)
Task: 0,	 Epoch: 17/80,	 Avg.loss: 0.0006,	 Test Accuracy: 820/1000(82%)
Task: 0,	 Epoch: 18/80,	 Avg.loss: 0.0006,	 Test Accuracy: 810/1000(81%)
Task: 0,	 Epoch: 19/80,	 Avg.loss: 0.0005,	 Test Accuracy: 829/1000(83%)
Task: 0,	 Epoch: 20/80,	 Avg.loss: 0.0005,	 Test Accuracy: 828/1000(83%)
Task: 0,	 Epoch: 21/80,	 Avg.loss: 0.0005,	 Test Accuracy: 840/1000(84%)
Task: 0,	 Epoch: 22/80,	 Avg.loss: 0.0005,	 Test Accuracy: 838/1000(84%)
Task: 0,	 Epoch: 23/80,	 Avg.loss: 0.0005,	 Test Accuracy: 835/1000(84%)
Task: 0,	 Epoch: 24/80,	 Avg.loss: 0.0005,	 Test Accuracy: 829/1000(83%)
Task: 0,	 Epoch: 25/80,	 Avg.loss: 0.0005,	 Test Accuracy: 838/1000(84%)
Task: 0,	 Epoch: 26/80,	 Avg.loss: 0.0005,	 Test Accuracy: 848/1000(85%)
Task: 0,	 Epoch: 27/80,	 Avg.loss: 0.0005,	 Test Accuracy: 850/1000(85%)
Task: 0,	 Epoch: 28/80,	 Avg.loss: 0.0005,	 Test Accuracy: 843/1000(84%)
Task: 0,	 Epoch: 29/80,	 Avg.loss: 0.0005,	 Test Accuracy: 846/1000(85%)
Task: 0,	 Epoch: 30/80,	 Avg.loss: 0.0005,	 Test Accuracy: 852/1000(85%)
Task: 0,	 Epoch: 31/80,	 Avg.loss: 0.0006,	 Test Accuracy: 817/1000(82%)
Task: 0,	 Epoch: 32/80,	 Avg.loss: 0.0005,	 Test Accuracy: 843/1000(84%)
Task: 0,	 Epoch: 33/80,	 Avg.loss: 0.0005,	 Test Accuracy: 848/1000(85%)
Task: 0,	 Epoch: 34/80,	 Avg.loss: 0.0005,	 Test Accuracy: 838/1000(84%)
Task: 0,	 Epoch: 35/80,	 Avg.loss: 0.0005,	 Test Accuracy: 832/1000(83%)
Task: 0,	 Epoch: 36/80,	 Avg.loss: 0.0005,	 Test Accuracy: 843/1000(84%)
Task: 0,	 Epoch: 37/80,	 Avg.loss: 0.0005,	 Test Accuracy: 843/1000(84%)
Task: 0,	 Epoch: 38/80,	 Avg.loss: 0.0005,	 Test Accuracy: 846/1000(85%)
Task: 0,	 Epoch: 39/80,	 Avg.loss: 0.0005,	 Test Accuracy: 860/1000(86%)
Task: 0,	 Epoch: 40/80,	 Avg.loss: 0.0005,	 Test Accuracy: 847/1000(85%)
Task: 0,	 Epoch: 41/80,	 Avg.loss: 0.0005,	 Test Accuracy: 835/1000(84%)
Task: 0,	 Epoch: 42/80,	 Avg.loss: 0.0005,	 Test Accuracy: 852/1000(85%)
Task: 0,	 Epoch: 43/80,	 Avg.loss: 0.0005,	 Test Accuracy: 840/1000(84%)
Task: 0,	 Epoch: 44/80,	 Avg.loss: 0.0005,	 Test Accuracy: 857/1000(86%)
Task: 0,	 Epoch: 45/80,	 Avg.loss: 0.0005,	 Test Accuracy: 851/1000(85%)
Task: 0,	 Epoch: 46/80,	 Avg.loss: 0.0005,	 Test Accuracy: 848/1000(85%)
Task: 0,	 Epoch: 47/80,	 Avg.loss: 0.0005,	 Test Accuracy: 848/1000(85%)
Task: 0,	 Epoch: 48/80,	 Avg.loss: 0.0005,	 Test Accuracy: 856/1000(86%)
Task: 0,	 Epoch: 49/80,	 Avg.loss: 0.0006,	 Test Accuracy: 830/1000(83%)
Task: 0,	 Epoch: 50/80,	 Avg.loss: 0.0005,	 Test Accuracy: 852/1000(85%)
Task: 0,	 Epoch: 51/80,	 Avg.loss: 0.0005,	 Test Accuracy: 866/1000(87%)
Task: 0,	 Epoch: 52/80,	 Avg.loss: 0.0005,	 Test Accuracy: 860/1000(86%)
Task: 0,	 Epoch: 53/80,	 Avg.loss: 0.0005,	 Test Accuracy: 863/1000(86%)
Task: 0,	 Epoch: 54/80,	 Avg.loss: 0.0005,	 Test Accuracy: 864/1000(86%)
Task: 0,	 Epoch: 55/80,	 Avg.loss: 0.0005,	 Test Accuracy: 872/1000(87%)
Task: 0,	 Epoch: 56/80,	 Avg.loss: 0.0005,	 Test Accuracy: 872/1000(87%)
Task: 0,	 Epoch: 57/80,	 Avg.loss: 0.0005,	 Test Accuracy: 871/1000(87%)
Task: 0,	 Epoch: 58/80,	 Avg.loss: 0.0005,	 Test Accuracy: 868/1000(87%)
Task: 0,	 Epoch: 59/80,	 Avg.loss: 0.0005,	 Test Accuracy: 864/1000(86%)
Task: 0,	 Epoch: 60/80,	 Avg.loss: 0.0005,	 Test Accuracy: 866/1000(87%)
Task: 0,	 Epoch: 61/80,	 Avg.loss: 0.0005,	 Test Accuracy: 867/1000(87%)
Task: 0,	 Epoch: 62/80,	 Avg.loss: 0.0005,	 Test Accuracy: 869/1000(87%)
Task: 0,	 Epoch: 63/80,	 Avg.loss: 0.0005,	 Test Accuracy: 871/1000(87%)
Task: 0,	 Epoch: 64/80,	 Avg.loss: 0.0005,	 Test Accuracy: 867/1000(87%)
Task: 0,	 Epoch: 65/80,	 Avg.loss: 0.0005,	 Test Accuracy: 871/1000(87%)
Task: 0,	 Epoch: 66/80,	 Avg.loss: 0.0005,	 Test Accuracy: 866/1000(87%)
Task: 0,	 Epoch: 67/80,	 Avg.loss: 0.0005,	 Test Accuracy: 868/1000(87%)
Task: 0,	 Epoch: 68/80,	 Avg.loss: 0.0005,	 Test Accuracy: 868/1000(87%)
Task: 0,	 Epoch: 69/80,	 Avg.loss: 0.0005,	 Test Accuracy: 869/1000(87%)
Task: 0,	 Epoch: 70/80,	 Avg.loss: 0.0005,	 Test Accuracy: 871/1000(87%)
Task: 0,	 Epoch: 71/80,	 Avg.loss: 0.0005,	 Test Accuracy: 872/1000(87%)
Task: 0,	 Epoch: 72/80,	 Avg.loss: 0.0005,	 Test Accuracy: 863/1000(86%)
Task: 0,	 Epoch: 73/80,	 Avg.loss: 0.0005,	 Test Accuracy: 870/1000(87%)
Task: 0,	 Epoch: 74/80,	 Avg.loss: 0.0005,	 Test Accuracy: 871/1000(87%)
Task: 0,	 Epoch: 75/80,	 Avg.loss: 0.0005,	 Test Accuracy: 870/1000(87%)
Task: 0,	 Epoch: 76/80,	 Avg.loss: 0.0005,	 Test Accuracy: 870/1000(87%)
Task: 0,	 Epoch: 77/80,	 Avg.loss: 0.0005,	 Test Accuracy: 866/1000(87%)
Task: 0,	 Epoch: 78/80,	 Avg.loss: 0.0005,	 Test Accuracy: 867/1000(87%)
Task: 0,	 Epoch: 79/80,	 Avg.loss: 0.0005,	 Test Accuracy: 871/1000(87%)
Trained Task:0, Loaded task:0, Accuracy:87.1%
Trained Task:0, Avg. Accuracy: 87.1 

List of avg. accuracy: [87.1]
Layer        : conv1_layer.2.weight
R.histogram  : tensor([2., 1., 2., 2., 4., 5., 3., 5., 5., 3.], device='cuda:0')
R_sum max/min: 0.0/-66.8
F.num_zeros  : 576/9216
W.num_zeros  : 0/9216
O.num_zeros  : 576/9216
Layer        : conv2_layer.2.weight
R.histogram  : tensor([ 2.,  2.,  1.,  0.,  3.,  2.,  5.,  3.,  4., 42.], device='cuda:0')
R_sum max/min: 0.0/-124.4
F.num_zeros  : 3978/36864
W.num_zeros  : 0/36864
O.num_zeros  : 24390/36864
Layer        : fc1_layer.1.weight
R.histogram  : tensor([  2.,   1.,   4.,   3.,   9.,  17.,  21.,  34.,  40., 381.],
       device='cuda:0')
R_sum max/min: 0.0/-282.9
F.num_zeros  : 786458/2097152
W.num_zeros  : 0/2097152
O.num_zeros  : 1894402/2097152
Mask histogram
conv1_layer.2.weight: 	 tensor([   0.,    0., 8192.,    0.,    0.,    0.,    0.,    0.,    0.,    0.,
           0.], device='cuda:0')
conv2_layer.2.weight: 	 tensor([1088., 2816.,  192.,    0.,    0.,    0.,    0.,    0.,    0.,    0.,
           0.], device='cuda:0')
fc1_layer.1.weight: 	 tensor([164., 288.,  60.,   0.,   0.,   0.,   0.,   0.,   0.,   0.,   0.],
       device='cuda:0')
Task: 1,	 Epoch: 0/80,	 Avg.loss: 0.0011,	 Test Accuracy: 625/1000(63%)
Task: 1,	 Epoch: 1/80,	 Avg.loss: 0.0009,	 Test Accuracy: 685/1000(68%)
Task: 1,	 Epoch: 2/80,	 Avg.loss: 0.0008,	 Test Accuracy: 720/1000(72%)
Task: 1,	 Epoch: 3/80,	 Avg.loss: 0.0008,	 Test Accuracy: 723/1000(72%)
Task: 1,	 Epoch: 4/80,	 Avg.loss: 0.0008,	 Test Accuracy: 713/1000(71%)
Task: 1,	 Epoch: 5/80,	 Avg.loss: 0.0008,	 Test Accuracy: 743/1000(74%)
Task: 1,	 Epoch: 6/80,	 Avg.loss: 0.0008,	 Test Accuracy: 723/1000(72%)
Task: 1,	 Epoch: 7/80,	 Avg.loss: 0.0008,	 Test Accuracy: 735/1000(74%)
Task: 1,	 Epoch: 8/80,	 Avg.loss: 0.0007,	 Test Accuracy: 742/1000(74%)
Task: 1,	 Epoch: 9/80,	 Avg.loss: 0.0007,	 Test Accuracy: 739/1000(74%)
Task: 1,	 Epoch: 10/80,	 Avg.loss: 0.0007,	 Test Accuracy: 750/1000(75%)
Task: 1,	 Epoch: 11/80,	 Avg.loss: 0.0007,	 Test Accuracy: 761/1000(76%)
Task: 1,	 Epoch: 12/80,	 Avg.loss: 0.0007,	 Test Accuracy: 760/1000(76%)
Task: 1,	 Epoch: 13/80,	 Avg.loss: 0.0008,	 Test Accuracy: 732/1000(73%)
Task: 1,	 Epoch: 14/80,	 Avg.loss: 0.0007,	 Test Accuracy: 744/1000(74%)
Task: 1,	 Epoch: 15/80,	 Avg.loss: 0.0007,	 Test Accuracy: 763/1000(76%)
Task: 1,	 Epoch: 16/80,	 Avg.loss: 0.0007,	 Test Accuracy: 774/1000(77%)
Task: 1,	 Epoch: 17/80,	 Avg.loss: 0.0007,	 Test Accuracy: 756/1000(76%)
Task: 1,	 Epoch: 18/80,	 Avg.loss: 0.0007,	 Test Accuracy: 769/1000(77%)
Task: 1,	 Epoch: 19/80,	 Avg.loss: 0.0007,	 Test Accuracy: 770/1000(77%)
Task: 1,	 Epoch: 20/80,	 Avg.loss: 0.0007,	 Test Accuracy: 781/1000(78%)
Task: 1,	 Epoch: 21/80,	 Avg.loss: 0.0007,	 Test Accuracy: 769/1000(77%)
Task: 1,	 Epoch: 22/80,	 Avg.loss: 0.0007,	 Test Accuracy: 779/1000(78%)
Task: 1,	 Epoch: 23/80,	 Avg.loss: 0.0007,	 Test Accuracy: 783/1000(78%)
Task: 1,	 Epoch: 24/80,	 Avg.loss: 0.0007,	 Test Accuracy: 771/1000(77%)
Task: 1,	 Epoch: 25/80,	 Avg.loss: 0.0007,	 Test Accuracy: 779/1000(78%)
Task: 1,	 Epoch: 26/80,	 Avg.loss: 0.0007,	 Test Accuracy: 778/1000(78%)
Task: 1,	 Epoch: 27/80,	 Avg.loss: 0.0007,	 Test Accuracy: 772/1000(77%)
Task: 1,	 Epoch: 28/80,	 Avg.loss: 0.0007,	 Test Accuracy: 771/1000(77%)
Task: 1,	 Epoch: 29/80,	 Avg.loss: 0.0007,	 Test Accuracy: 766/1000(77%)
Task: 1,	 Epoch: 30/80,	 Avg.loss: 0.0007,	 Test Accuracy: 774/1000(77%)
Task: 1,	 Epoch: 31/80,	 Avg.loss: 0.0007,	 Test Accuracy: 779/1000(78%)
Task: 1,	 Epoch: 32/80,	 Avg.loss: 0.0007,	 Test Accuracy: 787/1000(79%)
Task: 1,	 Epoch: 33/80,	 Avg.loss: 0.0007,	 Test Accuracy: 764/1000(76%)
Task: 1,	 Epoch: 34/80,	 Avg.loss: 0.0007,	 Test Accuracy: 771/1000(77%)
Task: 1,	 Epoch: 35/80,	 Avg.loss: 0.0007,	 Test Accuracy: 765/1000(76%)
Task: 1,	 Epoch: 36/80,	 Avg.loss: 0.0007,	 Test Accuracy: 783/1000(78%)
Task: 1,	 Epoch: 37/80,	 Avg.loss: 0.0007,	 Test Accuracy: 766/1000(77%)
Task: 1,	 Epoch: 38/80,	 Avg.loss: 0.0007,	 Test Accuracy: 771/1000(77%)
Task: 1,	 Epoch: 39/80,	 Avg.loss: 0.0007,	 Test Accuracy: 790/1000(79%)
Task: 1,	 Epoch: 40/80,	 Avg.loss: 0.0007,	 Test Accuracy: 775/1000(78%)
Task: 1,	 Epoch: 41/80,	 Avg.loss: 0.0007,	 Test Accuracy: 768/1000(77%)
Task: 1,	 Epoch: 42/80,	 Avg.loss: 0.0007,	 Test Accuracy: 777/1000(78%)
Task: 1,	 Epoch: 43/80,	 Avg.loss: 0.0007,	 Test Accuracy: 779/1000(78%)
Task: 1,	 Epoch: 44/80,	 Avg.loss: 0.0007,	 Test Accuracy: 782/1000(78%)
Task: 1,	 Epoch: 45/80,	 Avg.loss: 0.0007,	 Test Accuracy: 792/1000(79%)
Task: 1,	 Epoch: 46/80,	 Avg.loss: 0.0007,	 Test Accuracy: 782/1000(78%)
Task: 1,	 Epoch: 47/80,	 Avg.loss: 0.0007,	 Test Accuracy: 784/1000(78%)
Task: 1,	 Epoch: 48/80,	 Avg.loss: 0.0007,	 Test Accuracy: 791/1000(79%)
Task: 1,	 Epoch: 49/80,	 Avg.loss: 0.0007,	 Test Accuracy: 774/1000(77%)
Task: 1,	 Epoch: 50/80,	 Avg.loss: 0.0007,	 Test Accuracy: 780/1000(78%)
Task: 1,	 Epoch: 51/80,	 Avg.loss: 0.0007,	 Test Accuracy: 785/1000(78%)
Task: 1,	 Epoch: 52/80,	 Avg.loss: 0.0007,	 Test Accuracy: 787/1000(79%)
Task: 1,	 Epoch: 53/80,	 Avg.loss: 0.0007,	 Test Accuracy: 785/1000(78%)
Task: 1,	 Epoch: 54/80,	 Avg.loss: 0.0007,	 Test Accuracy: 791/1000(79%)
Task: 1,	 Epoch: 55/80,	 Avg.loss: 0.0007,	 Test Accuracy: 782/1000(78%)
Task: 1,	 Epoch: 56/80,	 Avg.loss: 0.0007,	 Test Accuracy: 785/1000(78%)
Task: 1,	 Epoch: 57/80,	 Avg.loss: 0.0007,	 Test Accuracy: 787/1000(79%)
Task: 1,	 Epoch: 58/80,	 Avg.loss: 0.0007,	 Test Accuracy: 787/1000(79%)
Task: 1,	 Epoch: 59/80,	 Avg.loss: 0.0007,	 Test Accuracy: 789/1000(79%)
Task: 1,	 Epoch: 60/80,	 Avg.loss: 0.0007,	 Test Accuracy: 786/1000(79%)
Task: 1,	 Epoch: 61/80,	 Avg.loss: 0.0007,	 Test Accuracy: 790/1000(79%)
Task: 1,	 Epoch: 62/80,	 Avg.loss: 0.0007,	 Test Accuracy: 787/1000(79%)
Task: 1,	 Epoch: 63/80,	 Avg.loss: 0.0007,	 Test Accuracy: 783/1000(78%)
Task: 1,	 Epoch: 64/80,	 Avg.loss: 0.0007,	 Test Accuracy: 789/1000(79%)
Task: 1,	 Epoch: 65/80,	 Avg.loss: 0.0007,	 Test Accuracy: 791/1000(79%)
Task: 1,	 Epoch: 66/80,	 Avg.loss: 0.0007,	 Test Accuracy: 789/1000(79%)
Task: 1,	 Epoch: 67/80,	 Avg.loss: 0.0007,	 Test Accuracy: 785/1000(78%)
Task: 1,	 Epoch: 68/80,	 Avg.loss: 0.0007,	 Test Accuracy: 781/1000(78%)
Task: 1,	 Epoch: 69/80,	 Avg.loss: 0.0007,	 Test Accuracy: 788/1000(79%)
Task: 1,	 Epoch: 70/80,	 Avg.loss: 0.0007,	 Test Accuracy: 788/1000(79%)
Task: 1,	 Epoch: 71/80,	 Avg.loss: 0.0007,	 Test Accuracy: 787/1000(79%)
Task: 1,	 Epoch: 72/80,	 Avg.loss: 0.0007,	 Test Accuracy: 791/1000(79%)
Task: 1,	 Epoch: 73/80,	 Avg.loss: 0.0007,	 Test Accuracy: 784/1000(78%)
Task: 1,	 Epoch: 74/80,	 Avg.loss: 0.0007,	 Test Accuracy: 787/1000(79%)
Task: 1,	 Epoch: 75/80,	 Avg.loss: 0.0007,	 Test Accuracy: 782/1000(78%)
Task: 1,	 Epoch: 76/80,	 Avg.loss: 0.0007,	 Test Accuracy: 783/1000(78%)
Task: 1,	 Epoch: 77/80,	 Avg.loss: 0.0007,	 Test Accuracy: 787/1000(79%)
Task: 1,	 Epoch: 78/80,	 Avg.loss: 0.0007,	 Test Accuracy: 785/1000(78%)
Task: 1,	 Epoch: 79/80,	 Avg.loss: 0.0007,	 Test Accuracy: 789/1000(79%)
Trained Task:1, Loaded task:0, Accuracy:86.5%
Trained Task:1, Loaded task:1, Accuracy:78.9%
Trained Task:1, Avg. Accuracy: 82.7 

List of avg. accuracy: [87.1, 82.7]
Layer        : conv1_layer.2.weight
R.histogram  : tensor([2., 0., 2., 1., 6., 6., 4., 4., 5., 2.], device='cuda:0')
R_sum max/min: 0.0/-75.4
F.num_zeros  : 576/9216
W.num_zeros  : 0/9216
O.num_zeros  : 576/9216
Layer        : conv2_layer.2.weight
R.histogram  : tensor([ 2.,  2.,  2.,  1.,  3.,  6.,  9., 10.,  8., 21.], device='cuda:0')
R_sum max/min: 0.0/-124.4
F.num_zeros  : 3944/36864
W.num_zeros  : 0/36864
O.num_zeros  : 12483/36864
Layer        : fc1_layer.1.weight
R.histogram  : tensor([  2.,   0.,   3.,   5.,  14.,  18.,  31.,  55.,  83., 301.],
       device='cuda:0')
R_sum max/min: 0.0/-215.3
F.num_zeros  : 728304/2097152
W.num_zeros  : 0/2097152
O.num_zeros  : 1734842/2097152
Mask histogram
conv1_layer.2.weight: 	 tensor([   0.,    0.,    0., 8192.,    0.,    0.,    0.,    0.,    0.,    0.,
           0.], device='cuda:0')
conv2_layer.2.weight: 	 tensor([   0., 3584.,  320.,  192.,    0.,    0.,    0.,    0.,    0.,    0.,
           0.], device='cuda:0')
fc1_layer.1.weight: 	 tensor([ 44., 374.,  44.,  50.,   0.,   0.,   0.,   0.,   0.,   0.,   0.],
       device='cuda:0')
Task: 2,	 Epoch: 0/80,	 Avg.loss: 0.0010,	 Test Accuracy: 678/1000(68%)
Task: 2,	 Epoch: 1/80,	 Avg.loss: 0.0009,	 Test Accuracy: 738/1000(74%)
Task: 2,	 Epoch: 2/80,	 Avg.loss: 0.0008,	 Test Accuracy: 741/1000(74%)
Task: 2,	 Epoch: 3/80,	 Avg.loss: 0.0007,	 Test Accuracy: 764/1000(76%)
Task: 2,	 Epoch: 4/80,	 Avg.loss: 0.0007,	 Test Accuracy: 765/1000(76%)
Task: 2,	 Epoch: 5/80,	 Avg.loss: 0.0007,	 Test Accuracy: 782/1000(78%)
Task: 2,	 Epoch: 6/80,	 Avg.loss: 0.0007,	 Test Accuracy: 788/1000(79%)
Task: 2,	 Epoch: 7/80,	 Avg.loss: 0.0007,	 Test Accuracy: 777/1000(78%)
Task: 2,	 Epoch: 8/80,	 Avg.loss: 0.0007,	 Test Accuracy: 788/1000(79%)
Task: 2,	 Epoch: 9/80,	 Avg.loss: 0.0007,	 Test Accuracy: 802/1000(80%)
Task: 2,	 Epoch: 10/80,	 Avg.loss: 0.0007,	 Test Accuracy: 772/1000(77%)
Task: 2,	 Epoch: 11/80,	 Avg.loss: 0.0006,	 Test Accuracy: 804/1000(80%)
Task: 2,	 Epoch: 12/80,	 Avg.loss: 0.0006,	 Test Accuracy: 812/1000(81%)
Task: 2,	 Epoch: 13/80,	 Avg.loss: 0.0006,	 Test Accuracy: 800/1000(80%)
Task: 2,	 Epoch: 14/80,	 Avg.loss: 0.0006,	 Test Accuracy: 806/1000(81%)
Task: 2,	 Epoch: 15/80,	 Avg.loss: 0.0006,	 Test Accuracy: 794/1000(79%)
Task: 2,	 Epoch: 16/80,	 Avg.loss: 0.0007,	 Test Accuracy: 797/1000(80%)
Task: 2,	 Epoch: 17/80,	 Avg.loss: 0.0006,	 Test Accuracy: 806/1000(81%)
Task: 2,	 Epoch: 18/80,	 Avg.loss: 0.0006,	 Test Accuracy: 804/1000(80%)
Task: 2,	 Epoch: 19/80,	 Avg.loss: 0.0006,	 Test Accuracy: 802/1000(80%)
Task: 2,	 Epoch: 20/80,	 Avg.loss: 0.0006,	 Test Accuracy: 813/1000(81%)
Task: 2,	 Epoch: 21/80,	 Avg.loss: 0.0006,	 Test Accuracy: 810/1000(81%)
Task: 2,	 Epoch: 22/80,	 Avg.loss: 0.0006,	 Test Accuracy: 815/1000(82%)
Task: 2,	 Epoch: 23/80,	 Avg.loss: 0.0006,	 Test Accuracy: 813/1000(81%)
Task: 2,	 Epoch: 24/80,	 Avg.loss: 0.0006,	 Test Accuracy: 816/1000(82%)
Task: 2,	 Epoch: 25/80,	 Avg.loss: 0.0006,	 Test Accuracy: 821/1000(82%)
Task: 2,	 Epoch: 26/80,	 Avg.loss: 0.0006,	 Test Accuracy: 806/1000(81%)
Task: 2,	 Epoch: 27/80,	 Avg.loss: 0.0006,	 Test Accuracy: 812/1000(81%)
Task: 2,	 Epoch: 28/80,	 Avg.loss: 0.0006,	 Test Accuracy: 803/1000(80%)
Task: 2,	 Epoch: 29/80,	 Avg.loss: 0.0006,	 Test Accuracy: 798/1000(80%)
Task: 2,	 Epoch: 30/80,	 Avg.loss: 0.0006,	 Test Accuracy: 809/1000(81%)
Task: 2,	 Epoch: 31/80,	 Avg.loss: 0.0006,	 Test Accuracy: 814/1000(81%)
Task: 2,	 Epoch: 32/80,	 Avg.loss: 0.0006,	 Test Accuracy: 808/1000(81%)
Task: 2,	 Epoch: 33/80,	 Avg.loss: 0.0006,	 Test Accuracy: 809/1000(81%)
Task: 2,	 Epoch: 34/80,	 Avg.loss: 0.0006,	 Test Accuracy: 801/1000(80%)
Task: 2,	 Epoch: 35/80,	 Avg.loss: 0.0006,	 Test Accuracy: 811/1000(81%)
Task: 2,	 Epoch: 36/80,	 Avg.loss: 0.0007,	 Test Accuracy: 812/1000(81%)
Task: 2,	 Epoch: 37/80,	 Avg.loss: 0.0006,	 Test Accuracy: 802/1000(80%)
Task: 2,	 Epoch: 38/80,	 Avg.loss: 0.0006,	 Test Accuracy: 809/1000(81%)
Task: 2,	 Epoch: 39/80,	 Avg.loss: 0.0006,	 Test Accuracy: 817/1000(82%)
Task: 2,	 Epoch: 40/80,	 Avg.loss: 0.0006,	 Test Accuracy: 816/1000(82%)
Task: 2,	 Epoch: 41/80,	 Avg.loss: 0.0006,	 Test Accuracy: 804/1000(80%)
Task: 2,	 Epoch: 42/80,	 Avg.loss: 0.0006,	 Test Accuracy: 818/1000(82%)
Task: 2,	 Epoch: 43/80,	 Avg.loss: 0.0007,	 Test Accuracy: 804/1000(80%)
Task: 2,	 Epoch: 44/80,	 Avg.loss: 0.0006,	 Test Accuracy: 810/1000(81%)
Task: 2,	 Epoch: 45/80,	 Avg.loss: 0.0006,	 Test Accuracy: 816/1000(82%)
Task: 2,	 Epoch: 46/80,	 Avg.loss: 0.0007,	 Test Accuracy: 817/1000(82%)
Task: 2,	 Epoch: 47/80,	 Avg.loss: 0.0006,	 Test Accuracy: 810/1000(81%)
Task: 2,	 Epoch: 48/80,	 Avg.loss: 0.0007,	 Test Accuracy: 820/1000(82%)
Task: 2,	 Epoch: 49/80,	 Avg.loss: 0.0007,	 Test Accuracy: 813/1000(81%)
Task: 2,	 Epoch: 50/80,	 Avg.loss: 0.0006,	 Test Accuracy: 820/1000(82%)
Task: 2,	 Epoch: 51/80,	 Avg.loss: 0.0006,	 Test Accuracy: 825/1000(83%)
Task: 2,	 Epoch: 52/80,	 Avg.loss: 0.0006,	 Test Accuracy: 822/1000(82%)
Task: 2,	 Epoch: 53/80,	 Avg.loss: 0.0006,	 Test Accuracy: 823/1000(82%)
Task: 2,	 Epoch: 54/80,	 Avg.loss: 0.0006,	 Test Accuracy: 824/1000(82%)
Task: 2,	 Epoch: 55/80,	 Avg.loss: 0.0006,	 Test Accuracy: 820/1000(82%)
Task: 2,	 Epoch: 56/80,	 Avg.loss: 0.0006,	 Test Accuracy: 822/1000(82%)
Task: 2,	 Epoch: 57/80,	 Avg.loss: 0.0006,	 Test Accuracy: 823/1000(82%)
Task: 2,	 Epoch: 58/80,	 Avg.loss: 0.0006,	 Test Accuracy: 818/1000(82%)
Task: 2,	 Epoch: 59/80,	 Avg.loss: 0.0006,	 Test Accuracy: 821/1000(82%)
Task: 2,	 Epoch: 60/80,	 Avg.loss: 0.0006,	 Test Accuracy: 816/1000(82%)
Task: 2,	 Epoch: 61/80,	 Avg.loss: 0.0006,	 Test Accuracy: 819/1000(82%)
Task: 2,	 Epoch: 62/80,	 Avg.loss: 0.0006,	 Test Accuracy: 818/1000(82%)
Task: 2,	 Epoch: 63/80,	 Avg.loss: 0.0006,	 Test Accuracy: 820/1000(82%)
Task: 2,	 Epoch: 64/80,	 Avg.loss: 0.0006,	 Test Accuracy: 821/1000(82%)
Task: 2,	 Epoch: 65/80,	 Avg.loss: 0.0006,	 Test Accuracy: 818/1000(82%)
Task: 2,	 Epoch: 66/80,	 Avg.loss: 0.0006,	 Test Accuracy: 814/1000(81%)
Task: 2,	 Epoch: 67/80,	 Avg.loss: 0.0006,	 Test Accuracy: 820/1000(82%)
Task: 2,	 Epoch: 68/80,	 Avg.loss: 0.0006,	 Test Accuracy: 817/1000(82%)
Task: 2,	 Epoch: 69/80,	 Avg.loss: 0.0006,	 Test Accuracy: 815/1000(82%)
Task: 2,	 Epoch: 70/80,	 Avg.loss: 0.0006,	 Test Accuracy: 817/1000(82%)
Task: 2,	 Epoch: 71/80,	 Avg.loss: 0.0006,	 Test Accuracy: 816/1000(82%)
Task: 2,	 Epoch: 72/80,	 Avg.loss: 0.0006,	 Test Accuracy: 822/1000(82%)
Task: 2,	 Epoch: 73/80,	 Avg.loss: 0.0006,	 Test Accuracy: 812/1000(81%)
Task: 2,	 Epoch: 74/80,	 Avg.loss: 0.0006,	 Test Accuracy: 817/1000(82%)
Task: 2,	 Epoch: 75/80,	 Avg.loss: 0.0006,	 Test Accuracy: 821/1000(82%)
Task: 2,	 Epoch: 76/80,	 Avg.loss: 0.0006,	 Test Accuracy: 816/1000(82%)
Task: 2,	 Epoch: 77/80,	 Avg.loss: 0.0006,	 Test Accuracy: 823/1000(82%)
Task: 2,	 Epoch: 78/80,	 Avg.loss: 0.0006,	 Test Accuracy: 820/1000(82%)
Task: 2,	 Epoch: 79/80,	 Avg.loss: 0.0006,	 Test Accuracy: 818/1000(82%)
Trained Task:2, Loaded task:0, Accuracy:86.4%
Trained Task:2, Loaded task:1, Accuracy:79.1%
Trained Task:2, Loaded task:2, Accuracy:81.8%
Trained Task:2, Avg. Accuracy: 82.4 

List of avg. accuracy: [87.1, 82.7, 82.4]
Layer        : conv1_layer.2.weight
R.histogram  : tensor([1., 0., 2., 2., 3., 8., 4., 6., 4., 2.], device='cuda:0')
R_sum max/min: 0.0/-75.2
F.num_zeros  : 576/9216
W.num_zeros  : 0/9216
O.num_zeros  : 576/9216
Layer        : conv2_layer.2.weight
R.histogram  : tensor([ 3.,  3.,  3.,  1.,  4.,  8., 12., 15.,  9.,  6.], device='cuda:0')
R_sum max/min: 0.0/-124.4
F.num_zeros  : 3861/36864
W.num_zeros  : 0/36864
O.num_zeros  : 3827/36864
Layer        : fc1_layer.1.weight
R.histogram  : tensor([  1.,   1.,   2.,   0.,   6.,  23.,  29.,  76., 150., 224.],
       device='cuda:0')
R_sum max/min: 0.0/-116.4
F.num_zeros  : 564137/2097152
W.num_zeros  : 0/2097152
O.num_zeros  : 1571504/2097152
Mask histogram
conv1_layer.2.weight: 	 tensor([   0.,    0.,    0.,    0., 8192.,    0.,    0.,    0.,    0.,    0.,
           0.], device='cuda:0')
conv2_layer.2.weight: 	 tensor([   0., 2304., 1472.,  128.,  192.,    0.,    0.,    0.,    0.,    0.,
           0.], device='cuda:0')
fc1_layer.1.weight: 	 tensor([  0., 314., 123.,  44.,  31.,   0.,   0.,   0.,   0.,   0.,   0.],
       device='cuda:0')
Task: 3,	 Epoch: 0/80,	 Avg.loss: 0.0011,	 Test Accuracy: 613/1000(61%)
Task: 3,	 Epoch: 1/80,	 Avg.loss: 0.0010,	 Test Accuracy: 649/1000(65%)
Task: 3,	 Epoch: 2/80,	 Avg.loss: 0.0010,	 Test Accuracy: 672/1000(67%)
Task: 3,	 Epoch: 3/80,	 Avg.loss: 0.0009,	 Test Accuracy: 679/1000(68%)
Task: 3,	 Epoch: 4/80,	 Avg.loss: 0.0009,	 Test Accuracy: 694/1000(69%)
Task: 3,	 Epoch: 5/80,	 Avg.loss: 0.0009,	 Test Accuracy: 701/1000(70%)
Task: 3,	 Epoch: 6/80,	 Avg.loss: 0.0009,	 Test Accuracy: 706/1000(71%)
Task: 3,	 Epoch: 7/80,	 Avg.loss: 0.0009,	 Test Accuracy: 699/1000(70%)
Task: 3,	 Epoch: 8/80,	 Avg.loss: 0.0009,	 Test Accuracy: 707/1000(71%)
Task: 3,	 Epoch: 9/80,	 Avg.loss: 0.0008,	 Test Accuracy: 714/1000(71%)
Task: 3,	 Epoch: 10/80,	 Avg.loss: 0.0009,	 Test Accuracy: 710/1000(71%)
Task: 3,	 Epoch: 11/80,	 Avg.loss: 0.0008,	 Test Accuracy: 734/1000(73%)
Task: 3,	 Epoch: 12/80,	 Avg.loss: 0.0008,	 Test Accuracy: 724/1000(72%)
Task: 3,	 Epoch: 13/80,	 Avg.loss: 0.0008,	 Test Accuracy: 733/1000(73%)
Task: 3,	 Epoch: 14/80,	 Avg.loss: 0.0008,	 Test Accuracy: 726/1000(73%)
Task: 3,	 Epoch: 15/80,	 Avg.loss: 0.0008,	 Test Accuracy: 732/1000(73%)
Task: 3,	 Epoch: 16/80,	 Avg.loss: 0.0008,	 Test Accuracy: 733/1000(73%)
Task: 3,	 Epoch: 17/80,	 Avg.loss: 0.0008,	 Test Accuracy: 736/1000(74%)
Task: 3,	 Epoch: 18/80,	 Avg.loss: 0.0008,	 Test Accuracy: 753/1000(75%)
Task: 3,	 Epoch: 19/80,	 Avg.loss: 0.0008,	 Test Accuracy: 733/1000(73%)
Task: 3,	 Epoch: 20/80,	 Avg.loss: 0.0008,	 Test Accuracy: 744/1000(74%)
Task: 3,	 Epoch: 21/80,	 Avg.loss: 0.0008,	 Test Accuracy: 744/1000(74%)
Task: 3,	 Epoch: 22/80,	 Avg.loss: 0.0008,	 Test Accuracy: 749/1000(75%)
Task: 3,	 Epoch: 23/80,	 Avg.loss: 0.0008,	 Test Accuracy: 744/1000(74%)
Task: 3,	 Epoch: 24/80,	 Avg.loss: 0.0008,	 Test Accuracy: 739/1000(74%)
Task: 3,	 Epoch: 25/80,	 Avg.loss: 0.0008,	 Test Accuracy: 743/1000(74%)
Task: 3,	 Epoch: 26/80,	 Avg.loss: 0.0008,	 Test Accuracy: 743/1000(74%)
Task: 3,	 Epoch: 27/80,	 Avg.loss: 0.0008,	 Test Accuracy: 746/1000(75%)
Task: 3,	 Epoch: 28/80,	 Avg.loss: 0.0008,	 Test Accuracy: 742/1000(74%)
Task: 3,	 Epoch: 29/80,	 Avg.loss: 0.0008,	 Test Accuracy: 737/1000(74%)
Task: 3,	 Epoch: 30/80,	 Avg.loss: 0.0008,	 Test Accuracy: 737/1000(74%)
Task: 3,	 Epoch: 31/80,	 Avg.loss: 0.0008,	 Test Accuracy: 745/1000(74%)
Task: 3,	 Epoch: 32/80,	 Avg.loss: 0.0008,	 Test Accuracy: 744/1000(74%)
Task: 3,	 Epoch: 33/80,	 Avg.loss: 0.0008,	 Test Accuracy: 751/1000(75%)
Task: 3,	 Epoch: 34/80,	 Avg.loss: 0.0008,	 Test Accuracy: 748/1000(75%)
Task: 3,	 Epoch: 35/80,	 Avg.loss: 0.0008,	 Test Accuracy: 746/1000(75%)
Task: 3,	 Epoch: 36/80,	 Avg.loss: 0.0008,	 Test Accuracy: 734/1000(73%)
Task: 3,	 Epoch: 37/80,	 Avg.loss: 0.0008,	 Test Accuracy: 746/1000(75%)
Task: 3,	 Epoch: 38/80,	 Avg.loss: 0.0008,	 Test Accuracy: 741/1000(74%)
Task: 3,	 Epoch: 39/80,	 Avg.loss: 0.0008,	 Test Accuracy: 747/1000(75%)
Task: 3,	 Epoch: 40/80,	 Avg.loss: 0.0008,	 Test Accuracy: 743/1000(74%)
Task: 3,	 Epoch: 41/80,	 Avg.loss: 0.0008,	 Test Accuracy: 751/1000(75%)
Task: 3,	 Epoch: 42/80,	 Avg.loss: 0.0008,	 Test Accuracy: 739/1000(74%)
Task: 3,	 Epoch: 43/80,	 Avg.loss: 0.0008,	 Test Accuracy: 745/1000(74%)
Task: 3,	 Epoch: 44/80,	 Avg.loss: 0.0008,	 Test Accuracy: 744/1000(74%)
Task: 3,	 Epoch: 45/80,	 Avg.loss: 0.0009,	 Test Accuracy: 737/1000(74%)
Task: 3,	 Epoch: 46/80,	 Avg.loss: 0.0008,	 Test Accuracy: 742/1000(74%)
Task: 3,	 Epoch: 47/80,	 Avg.loss: 0.0008,	 Test Accuracy: 749/1000(75%)
Task: 3,	 Epoch: 48/80,	 Avg.loss: 0.0008,	 Test Accuracy: 744/1000(74%)
Task: 3,	 Epoch: 49/80,	 Avg.loss: 0.0008,	 Test Accuracy: 758/1000(76%)
Task: 3,	 Epoch: 50/80,	 Avg.loss: 0.0008,	 Test Accuracy: 750/1000(75%)
Task: 3,	 Epoch: 51/80,	 Avg.loss: 0.0008,	 Test Accuracy: 754/1000(75%)
Task: 3,	 Epoch: 52/80,	 Avg.loss: 0.0008,	 Test Accuracy: 752/1000(75%)
Task: 3,	 Epoch: 53/80,	 Avg.loss: 0.0008,	 Test Accuracy: 750/1000(75%)
Task: 3,	 Epoch: 54/80,	 Avg.loss: 0.0008,	 Test Accuracy: 749/1000(75%)
Task: 3,	 Epoch: 55/80,	 Avg.loss: 0.0008,	 Test Accuracy: 751/1000(75%)
Task: 3,	 Epoch: 56/80,	 Avg.loss: 0.0008,	 Test Accuracy: 750/1000(75%)
Task: 3,	 Epoch: 57/80,	 Avg.loss: 0.0008,	 Test Accuracy: 754/1000(75%)
Task: 3,	 Epoch: 58/80,	 Avg.loss: 0.0008,	 Test Accuracy: 750/1000(75%)
Task: 3,	 Epoch: 59/80,	 Avg.loss: 0.0008,	 Test Accuracy: 754/1000(75%)
Task: 3,	 Epoch: 60/80,	 Avg.loss: 0.0008,	 Test Accuracy: 752/1000(75%)
Task: 3,	 Epoch: 61/80,	 Avg.loss: 0.0008,	 Test Accuracy: 759/1000(76%)
Task: 3,	 Epoch: 62/80,	 Avg.loss: 0.0008,	 Test Accuracy: 757/1000(76%)
Task: 3,	 Epoch: 63/80,	 Avg.loss: 0.0008,	 Test Accuracy: 755/1000(76%)
Task: 3,	 Epoch: 64/80,	 Avg.loss: 0.0008,	 Test Accuracy: 756/1000(76%)
Task: 3,	 Epoch: 65/80,	 Avg.loss: 0.0008,	 Test Accuracy: 754/1000(75%)
Task: 3,	 Epoch: 66/80,	 Avg.loss: 0.0008,	 Test Accuracy: 748/1000(75%)
Task: 3,	 Epoch: 67/80,	 Avg.loss: 0.0008,	 Test Accuracy: 750/1000(75%)
Task: 3,	 Epoch: 68/80,	 Avg.loss: 0.0008,	 Test Accuracy: 755/1000(76%)
Task: 3,	 Epoch: 69/80,	 Avg.loss: 0.0008,	 Test Accuracy: 751/1000(75%)
Task: 3,	 Epoch: 70/80,	 Avg.loss: 0.0008,	 Test Accuracy: 749/1000(75%)
Task: 3,	 Epoch: 71/80,	 Avg.loss: 0.0008,	 Test Accuracy: 754/1000(75%)
Task: 3,	 Epoch: 72/80,	 Avg.loss: 0.0008,	 Test Accuracy: 753/1000(75%)
Task: 3,	 Epoch: 73/80,	 Avg.loss: 0.0008,	 Test Accuracy: 750/1000(75%)
Task: 3,	 Epoch: 74/80,	 Avg.loss: 0.0008,	 Test Accuracy: 752/1000(75%)
Task: 3,	 Epoch: 75/80,	 Avg.loss: 0.0008,	 Test Accuracy: 753/1000(75%)
Task: 3,	 Epoch: 76/80,	 Avg.loss: 0.0008,	 Test Accuracy: 754/1000(75%)
Task: 3,	 Epoch: 77/80,	 Avg.loss: 0.0008,	 Test Accuracy: 746/1000(75%)
Task: 3,	 Epoch: 78/80,	 Avg.loss: 0.0008,	 Test Accuracy: 745/1000(74%)
Task: 3,	 Epoch: 79/80,	 Avg.loss: 0.0008,	 Test Accuracy: 748/1000(75%)
Trained Task:3, Loaded task:0, Accuracy:85.3%
Trained Task:3, Loaded task:1, Accuracy:78.6%
Trained Task:3, Loaded task:2, Accuracy:81.3%
Trained Task:3, Loaded task:3, Accuracy:74.8%
Trained Task:3, Avg. Accuracy: 80.0 

List of avg. accuracy: [87.1, 82.7, 82.4, 80.0]
Layer        : conv1_layer.2.weight
R.histogram  : tensor([1., 0., 1., 3., 3., 6., 5., 9., 2., 2.], device='cuda:0')
R_sum max/min: 0.0/-76.4
F.num_zeros  : 576/9216
W.num_zeros  : 0/9216
O.num_zeros  : 576/9216
Layer        : conv2_layer.2.weight
R.histogram  : tensor([ 3.,  3.,  4.,  1.,  7., 11., 20.,  9.,  0.,  6.], device='cuda:0')
R_sum max/min: 0.0/-124.4
F.num_zeros  : 3422/36864
W.num_zeros  : 0/36864
O.num_zeros  : 3424/36864
Layer        : fc1_layer.1.weight
R.histogram  : tensor([  1.,   1.,   2.,   0.,   6.,  25.,  33.,  89., 206., 149.],
       device='cuda:0')
R_sum max/min: 0.0/-116.4
F.num_zeros  : 505272/2097152
W.num_zeros  : 0/2097152
O.num_zeros  : 1442333/2097152
Mask histogram
conv1_layer.2.weight: 	 tensor([   0.,    0.,    0.,    0.,    0., 8192.,    0.,    0.,    0.,    0.,
           0.], device='cuda:0')
conv2_layer.2.weight: 	 tensor([   0., 1792., 1216.,  768.,  128.,  192.,    0.,    0.,    0.,    0.,
           0.], device='cuda:0')
fc1_layer.1.weight: 	 tensor([  0., 226., 144.,  90.,  24.,  28.,   0.,   0.,   0.,   0.,   0.],
       device='cuda:0')
Task: 4,	 Epoch: 0/80,	 Avg.loss: 0.0010,	 Test Accuracy: 690/1000(69%)
Task: 4,	 Epoch: 1/80,	 Avg.loss: 0.0008,	 Test Accuracy: 735/1000(74%)
Task: 4,	 Epoch: 2/80,	 Avg.loss: 0.0008,	 Test Accuracy: 733/1000(73%)
Task: 4,	 Epoch: 3/80,	 Avg.loss: 0.0008,	 Test Accuracy: 739/1000(74%)
Task: 4,	 Epoch: 4/80,	 Avg.loss: 0.0007,	 Test Accuracy: 751/1000(75%)
Task: 4,	 Epoch: 5/80,	 Avg.loss: 0.0007,	 Test Accuracy: 735/1000(74%)
Task: 4,	 Epoch: 6/80,	 Avg.loss: 0.0007,	 Test Accuracy: 754/1000(75%)
Task: 4,	 Epoch: 7/80,	 Avg.loss: 0.0008,	 Test Accuracy: 752/1000(75%)
Task: 4,	 Epoch: 8/80,	 Avg.loss: 0.0007,	 Test Accuracy: 752/1000(75%)
Task: 4,	 Epoch: 9/80,	 Avg.loss: 0.0007,	 Test Accuracy: 778/1000(78%)
Task: 4,	 Epoch: 10/80,	 Avg.loss: 0.0007,	 Test Accuracy: 763/1000(76%)
Task: 4,	 Epoch: 11/80,	 Avg.loss: 0.0007,	 Test Accuracy: 771/1000(77%)
Task: 4,	 Epoch: 12/80,	 Avg.loss: 0.0007,	 Test Accuracy: 771/1000(77%)
Task: 4,	 Epoch: 13/80,	 Avg.loss: 0.0007,	 Test Accuracy: 766/1000(77%)
Task: 4,	 Epoch: 14/80,	 Avg.loss: 0.0007,	 Test Accuracy: 759/1000(76%)
Task: 4,	 Epoch: 15/80,	 Avg.loss: 0.0007,	 Test Accuracy: 774/1000(77%)
Task: 4,	 Epoch: 16/80,	 Avg.loss: 0.0007,	 Test Accuracy: 768/1000(77%)
Task: 4,	 Epoch: 17/80,	 Avg.loss: 0.0007,	 Test Accuracy: 760/1000(76%)
Task: 4,	 Epoch: 18/80,	 Avg.loss: 0.0007,	 Test Accuracy: 777/1000(78%)
Task: 4,	 Epoch: 19/80,	 Avg.loss: 0.0007,	 Test Accuracy: 766/1000(77%)
Task: 4,	 Epoch: 20/80,	 Avg.loss: 0.0007,	 Test Accuracy: 780/1000(78%)
Task: 4,	 Epoch: 21/80,	 Avg.loss: 0.0007,	 Test Accuracy: 769/1000(77%)
Task: 4,	 Epoch: 22/80,	 Avg.loss: 0.0007,	 Test Accuracy: 779/1000(78%)
Task: 4,	 Epoch: 23/80,	 Avg.loss: 0.0007,	 Test Accuracy: 779/1000(78%)
Task: 4,	 Epoch: 24/80,	 Avg.loss: 0.0006,	 Test Accuracy: 786/1000(79%)
Task: 4,	 Epoch: 25/80,	 Avg.loss: 0.0007,	 Test Accuracy: 781/1000(78%)
Task: 4,	 Epoch: 26/80,	 Avg.loss: 0.0007,	 Test Accuracy: 786/1000(79%)
Task: 4,	 Epoch: 27/80,	 Avg.loss: 0.0006,	 Test Accuracy: 793/1000(79%)
Task: 4,	 Epoch: 28/80,	 Avg.loss: 0.0007,	 Test Accuracy: 784/1000(78%)
Task: 4,	 Epoch: 29/80,	 Avg.loss: 0.0007,	 Test Accuracy: 783/1000(78%)
Task: 4,	 Epoch: 30/80,	 Avg.loss: 0.0007,	 Test Accuracy: 780/1000(78%)
Task: 4,	 Epoch: 31/80,	 Avg.loss: 0.0007,	 Test Accuracy: 790/1000(79%)
Task: 4,	 Epoch: 32/80,	 Avg.loss: 0.0007,	 Test Accuracy: 786/1000(79%)
Task: 4,	 Epoch: 33/80,	 Avg.loss: 0.0007,	 Test Accuracy: 791/1000(79%)
Task: 4,	 Epoch: 34/80,	 Avg.loss: 0.0007,	 Test Accuracy: 779/1000(78%)
Task: 4,	 Epoch: 35/80,	 Avg.loss: 0.0007,	 Test Accuracy: 785/1000(78%)
Task: 4,	 Epoch: 36/80,	 Avg.loss: 0.0007,	 Test Accuracy: 794/1000(79%)
Task: 4,	 Epoch: 37/80,	 Avg.loss: 0.0007,	 Test Accuracy: 787/1000(79%)
Task: 4,	 Epoch: 38/80,	 Avg.loss: 0.0007,	 Test Accuracy: 782/1000(78%)
Task: 4,	 Epoch: 39/80,	 Avg.loss: 0.0007,	 Test Accuracy: 788/1000(79%)
Task: 4,	 Epoch: 40/80,	 Avg.loss: 0.0007,	 Test Accuracy: 786/1000(79%)
Task: 4,	 Epoch: 41/80,	 Avg.loss: 0.0006,	 Test Accuracy: 791/1000(79%)
Task: 4,	 Epoch: 42/80,	 Avg.loss: 0.0007,	 Test Accuracy: 782/1000(78%)
Task: 4,	 Epoch: 43/80,	 Avg.loss: 0.0007,	 Test Accuracy: 793/1000(79%)
Task: 4,	 Epoch: 44/80,	 Avg.loss: 0.0007,	 Test Accuracy: 781/1000(78%)
Task: 4,	 Epoch: 45/80,	 Avg.loss: 0.0006,	 Test Accuracy: 793/1000(79%)
Task: 4,	 Epoch: 46/80,	 Avg.loss: 0.0007,	 Test Accuracy: 780/1000(78%)
Task: 4,	 Epoch: 47/80,	 Avg.loss: 0.0006,	 Test Accuracy: 789/1000(79%)
Task: 4,	 Epoch: 48/80,	 Avg.loss: 0.0007,	 Test Accuracy: 793/1000(79%)
Task: 4,	 Epoch: 49/80,	 Avg.loss: 0.0007,	 Test Accuracy: 786/1000(79%)
Task: 4,	 Epoch: 50/80,	 Avg.loss: 0.0006,	 Test Accuracy: 792/1000(79%)
Task: 4,	 Epoch: 51/80,	 Avg.loss: 0.0006,	 Test Accuracy: 788/1000(79%)
Task: 4,	 Epoch: 52/80,	 Avg.loss: 0.0006,	 Test Accuracy: 794/1000(79%)
Task: 4,	 Epoch: 53/80,	 Avg.loss: 0.0006,	 Test Accuracy: 799/1000(80%)
Task: 4,	 Epoch: 54/80,	 Avg.loss: 0.0006,	 Test Accuracy: 791/1000(79%)
Task: 4,	 Epoch: 55/80,	 Avg.loss: 0.0006,	 Test Accuracy: 792/1000(79%)
Task: 4,	 Epoch: 56/80,	 Avg.loss: 0.0006,	 Test Accuracy: 797/1000(80%)
Task: 4,	 Epoch: 57/80,	 Avg.loss: 0.0006,	 Test Accuracy: 788/1000(79%)
Task: 4,	 Epoch: 58/80,	 Avg.loss: 0.0006,	 Test Accuracy: 789/1000(79%)
Task: 4,	 Epoch: 59/80,	 Avg.loss: 0.0006,	 Test Accuracy: 795/1000(80%)
Task: 4,	 Epoch: 60/80,	 Avg.loss: 0.0006,	 Test Accuracy: 795/1000(80%)
Task: 4,	 Epoch: 61/80,	 Avg.loss: 0.0006,	 Test Accuracy: 793/1000(79%)
Task: 4,	 Epoch: 62/80,	 Avg.loss: 0.0006,	 Test Accuracy: 798/1000(80%)
Task: 4,	 Epoch: 63/80,	 Avg.loss: 0.0006,	 Test Accuracy: 797/1000(80%)
Task: 4,	 Epoch: 64/80,	 Avg.loss: 0.0006,	 Test Accuracy: 796/1000(80%)
Task: 4,	 Epoch: 65/80,	 Avg.loss: 0.0006,	 Test Accuracy: 797/1000(80%)
Task: 4,	 Epoch: 66/80,	 Avg.loss: 0.0006,	 Test Accuracy: 802/1000(80%)
Task: 4,	 Epoch: 67/80,	 Avg.loss: 0.0006,	 Test Accuracy: 801/1000(80%)
Task: 4,	 Epoch: 68/80,	 Avg.loss: 0.0006,	 Test Accuracy: 801/1000(80%)
Task: 4,	 Epoch: 69/80,	 Avg.loss: 0.0006,	 Test Accuracy: 799/1000(80%)
Task: 4,	 Epoch: 70/80,	 Avg.loss: 0.0006,	 Test Accuracy: 800/1000(80%)
Task: 4,	 Epoch: 71/80,	 Avg.loss: 0.0006,	 Test Accuracy: 793/1000(79%)
Task: 4,	 Epoch: 72/80,	 Avg.loss: 0.0006,	 Test Accuracy: 798/1000(80%)
Task: 4,	 Epoch: 73/80,	 Avg.loss: 0.0006,	 Test Accuracy: 797/1000(80%)
Task: 4,	 Epoch: 74/80,	 Avg.loss: 0.0006,	 Test Accuracy: 796/1000(80%)
Task: 4,	 Epoch: 75/80,	 Avg.loss: 0.0006,	 Test Accuracy: 799/1000(80%)
Task: 4,	 Epoch: 76/80,	 Avg.loss: 0.0006,	 Test Accuracy: 799/1000(80%)
Task: 4,	 Epoch: 77/80,	 Avg.loss: 0.0006,	 Test Accuracy: 797/1000(80%)
Task: 4,	 Epoch: 78/80,	 Avg.loss: 0.0006,	 Test Accuracy: 796/1000(80%)
Task: 4,	 Epoch: 79/80,	 Avg.loss: 0.0006,	 Test Accuracy: 796/1000(80%)
Trained Task:4, Loaded task:0, Accuracy:85.8%
Trained Task:4, Loaded task:1, Accuracy:78.7%
Trained Task:4, Loaded task:2, Accuracy:80.4%
Trained Task:4, Loaded task:3, Accuracy:74.3%
Trained Task:4, Loaded task:4, Accuracy:79.6%
Trained Task:4, Avg. Accuracy: 79.8 

List of avg. accuracy: [87.1, 82.7, 82.4, 80.0, 79.8]
Layer        : conv1_layer.2.weight
R.histogram  : tensor([1., 1., 2., 1., 5., 7., 4., 7., 2., 2.], device='cuda:0')
R_sum max/min: 0.0/-76.5
F.num_zeros  : 576/9216
W.num_zeros  : 0/9216
O.num_zeros  : 576/9216
Layer        : conv2_layer.2.weight
R.histogram  : tensor([ 3.,  4.,  4.,  4.,  8., 17., 18.,  1.,  0.,  5.], device='cuda:0')
R_sum max/min: 0.0/-124.4
F.num_zeros  : 3411/36864
W.num_zeros  : 0/36864
O.num_zeros  : 3411/36864
Layer        : fc1_layer.1.weight
R.histogram  : tensor([  1.,   1.,   2.,   0.,   6.,  25.,  44., 108., 234.,  91.],
       device='cuda:0')
R_sum max/min: 0.0/-116.4
F.num_zeros  : 465638/2097152
W.num_zeros  : 0/2097152
O.num_zeros  : 1349526/2097152
Mask histogram
conv1_layer.2.weight: 	 tensor([   0.,    0.,    0.,    0.,    0.,    0., 8192.,    0.,    0.,    0.,
           0.], device='cuda:0')
conv2_layer.2.weight: 	 tensor([   0., 1408., 1216.,  640.,  512.,  128.,  192.,    0.,    0.,    0.,
           0.], device='cuda:0')
fc1_layer.1.weight: 	 tensor([  0., 184., 123.,  99.,  61.,  17.,  28.,   0.,   0.,   0.,   0.],
       device='cuda:0')
Task: 5,	 Epoch: 0/80,	 Avg.loss: 0.0011,	 Test Accuracy: 618/1000(62%)
Task: 5,	 Epoch: 1/80,	 Avg.loss: 0.0009,	 Test Accuracy: 669/1000(67%)
Task: 5,	 Epoch: 2/80,	 Avg.loss: 0.0009,	 Test Accuracy: 684/1000(68%)
Task: 5,	 Epoch: 3/80,	 Avg.loss: 0.0009,	 Test Accuracy: 670/1000(67%)
Task: 5,	 Epoch: 4/80,	 Avg.loss: 0.0008,	 Test Accuracy: 687/1000(69%)
Task: 5,	 Epoch: 5/80,	 Avg.loss: 0.0008,	 Test Accuracy: 690/1000(69%)
Task: 5,	 Epoch: 6/80,	 Avg.loss: 0.0008,	 Test Accuracy: 703/1000(70%)
Task: 5,	 Epoch: 7/80,	 Avg.loss: 0.0008,	 Test Accuracy: 711/1000(71%)
Task: 5,	 Epoch: 8/80,	 Avg.loss: 0.0008,	 Test Accuracy: 693/1000(69%)
Task: 5,	 Epoch: 9/80,	 Avg.loss: 0.0008,	 Test Accuracy: 701/1000(70%)
Task: 5,	 Epoch: 10/80,	 Avg.loss: 0.0008,	 Test Accuracy: 709/1000(71%)
Task: 5,	 Epoch: 11/80,	 Avg.loss: 0.0008,	 Test Accuracy: 710/1000(71%)
Task: 5,	 Epoch: 12/80,	 Avg.loss: 0.0008,	 Test Accuracy: 720/1000(72%)
Task: 5,	 Epoch: 13/80,	 Avg.loss: 0.0008,	 Test Accuracy: 712/1000(71%)
Task: 5,	 Epoch: 14/80,	 Avg.loss: 0.0008,	 Test Accuracy: 715/1000(72%)
Task: 5,	 Epoch: 15/80,	 Avg.loss: 0.0007,	 Test Accuracy: 729/1000(73%)
Task: 5,	 Epoch: 16/80,	 Avg.loss: 0.0007,	 Test Accuracy: 731/1000(73%)
Task: 5,	 Epoch: 17/80,	 Avg.loss: 0.0008,	 Test Accuracy: 732/1000(73%)
Task: 5,	 Epoch: 18/80,	 Avg.loss: 0.0007,	 Test Accuracy: 736/1000(74%)
Task: 5,	 Epoch: 19/80,	 Avg.loss: 0.0007,	 Test Accuracy: 742/1000(74%)
Task: 5,	 Epoch: 20/80,	 Avg.loss: 0.0007,	 Test Accuracy: 727/1000(73%)
Task: 5,	 Epoch: 21/80,	 Avg.loss: 0.0007,	 Test Accuracy: 730/1000(73%)
Task: 5,	 Epoch: 22/80,	 Avg.loss: 0.0007,	 Test Accuracy: 726/1000(73%)
Task: 5,	 Epoch: 23/80,	 Avg.loss: 0.0007,	 Test Accuracy: 728/1000(73%)
Task: 5,	 Epoch: 24/80,	 Avg.loss: 0.0007,	 Test Accuracy: 740/1000(74%)
Task: 5,	 Epoch: 25/80,	 Avg.loss: 0.0007,	 Test Accuracy: 729/1000(73%)
Task: 5,	 Epoch: 26/80,	 Avg.loss: 0.0007,	 Test Accuracy: 733/1000(73%)
Task: 5,	 Epoch: 27/80,	 Avg.loss: 0.0007,	 Test Accuracy: 737/1000(74%)
Task: 5,	 Epoch: 28/80,	 Avg.loss: 0.0007,	 Test Accuracy: 746/1000(75%)
Task: 5,	 Epoch: 29/80,	 Avg.loss: 0.0007,	 Test Accuracy: 739/1000(74%)
Task: 5,	 Epoch: 30/80,	 Avg.loss: 0.0007,	 Test Accuracy: 737/1000(74%)
Task: 5,	 Epoch: 31/80,	 Avg.loss: 0.0007,	 Test Accuracy: 733/1000(73%)
Task: 5,	 Epoch: 32/80,	 Avg.loss: 0.0007,	 Test Accuracy: 740/1000(74%)
Task: 5,	 Epoch: 33/80,	 Avg.loss: 0.0007,	 Test Accuracy: 734/1000(73%)
Task: 5,	 Epoch: 34/80,	 Avg.loss: 0.0007,	 Test Accuracy: 747/1000(75%)
Task: 5,	 Epoch: 35/80,	 Avg.loss: 0.0007,	 Test Accuracy: 742/1000(74%)
Task: 5,	 Epoch: 36/80,	 Avg.loss: 0.0007,	 Test Accuracy: 735/1000(74%)
Task: 5,	 Epoch: 37/80,	 Avg.loss: 0.0007,	 Test Accuracy: 735/1000(74%)
Task: 5,	 Epoch: 38/80,	 Avg.loss: 0.0007,	 Test Accuracy: 738/1000(74%)
Task: 5,	 Epoch: 39/80,	 Avg.loss: 0.0007,	 Test Accuracy: 738/1000(74%)
Task: 5,	 Epoch: 40/80,	 Avg.loss: 0.0007,	 Test Accuracy: 746/1000(75%)
Task: 5,	 Epoch: 41/80,	 Avg.loss: 0.0007,	 Test Accuracy: 745/1000(74%)
Task: 5,	 Epoch: 42/80,	 Avg.loss: 0.0007,	 Test Accuracy: 748/1000(75%)
Task: 5,	 Epoch: 43/80,	 Avg.loss: 0.0007,	 Test Accuracy: 738/1000(74%)
Task: 5,	 Epoch: 44/80,	 Avg.loss: 0.0007,	 Test Accuracy: 744/1000(74%)
Task: 5,	 Epoch: 45/80,	 Avg.loss: 0.0007,	 Test Accuracy: 751/1000(75%)
Task: 5,	 Epoch: 46/80,	 Avg.loss: 0.0007,	 Test Accuracy: 746/1000(75%)
Task: 5,	 Epoch: 47/80,	 Avg.loss: 0.0007,	 Test Accuracy: 745/1000(74%)
Task: 5,	 Epoch: 48/80,	 Avg.loss: 0.0007,	 Test Accuracy: 744/1000(74%)
Task: 5,	 Epoch: 49/80,	 Avg.loss: 0.0007,	 Test Accuracy: 749/1000(75%)
Task: 5,	 Epoch: 50/80,	 Avg.loss: 0.0007,	 Test Accuracy: 753/1000(75%)
Task: 5,	 Epoch: 51/80,	 Avg.loss: 0.0007,	 Test Accuracy: 756/1000(76%)
Task: 5,	 Epoch: 52/80,	 Avg.loss: 0.0007,	 Test Accuracy: 759/1000(76%)
Task: 5,	 Epoch: 53/80,	 Avg.loss: 0.0007,	 Test Accuracy: 758/1000(76%)
Task: 5,	 Epoch: 54/80,	 Avg.loss: 0.0007,	 Test Accuracy: 757/1000(76%)
Task: 5,	 Epoch: 55/80,	 Avg.loss: 0.0007,	 Test Accuracy: 759/1000(76%)
Task: 5,	 Epoch: 56/80,	 Avg.loss: 0.0007,	 Test Accuracy: 759/1000(76%)
Task: 5,	 Epoch: 57/80,	 Avg.loss: 0.0007,	 Test Accuracy: 760/1000(76%)
Task: 5,	 Epoch: 58/80,	 Avg.loss: 0.0007,	 Test Accuracy: 759/1000(76%)
Task: 5,	 Epoch: 59/80,	 Avg.loss: 0.0007,	 Test Accuracy: 759/1000(76%)
Task: 5,	 Epoch: 60/80,	 Avg.loss: 0.0007,	 Test Accuracy: 758/1000(76%)
Task: 5,	 Epoch: 61/80,	 Avg.loss: 0.0007,	 Test Accuracy: 760/1000(76%)
Task: 5,	 Epoch: 62/80,	 Avg.loss: 0.0007,	 Test Accuracy: 753/1000(75%)
Task: 5,	 Epoch: 63/80,	 Avg.loss: 0.0007,	 Test Accuracy: 758/1000(76%)
Task: 5,	 Epoch: 64/80,	 Avg.loss: 0.0007,	 Test Accuracy: 762/1000(76%)
Task: 5,	 Epoch: 65/80,	 Avg.loss: 0.0007,	 Test Accuracy: 762/1000(76%)
Task: 5,	 Epoch: 66/80,	 Avg.loss: 0.0007,	 Test Accuracy: 762/1000(76%)
Task: 5,	 Epoch: 67/80,	 Avg.loss: 0.0007,	 Test Accuracy: 763/1000(76%)
Task: 5,	 Epoch: 68/80,	 Avg.loss: 0.0007,	 Test Accuracy: 766/1000(77%)
Task: 5,	 Epoch: 69/80,	 Avg.loss: 0.0007,	 Test Accuracy: 762/1000(76%)
Task: 5,	 Epoch: 70/80,	 Avg.loss: 0.0007,	 Test Accuracy: 761/1000(76%)
Task: 5,	 Epoch: 71/80,	 Avg.loss: 0.0007,	 Test Accuracy: 765/1000(76%)
Task: 5,	 Epoch: 72/80,	 Avg.loss: 0.0007,	 Test Accuracy: 764/1000(76%)
Task: 5,	 Epoch: 73/80,	 Avg.loss: 0.0007,	 Test Accuracy: 761/1000(76%)
Task: 5,	 Epoch: 74/80,	 Avg.loss: 0.0007,	 Test Accuracy: 764/1000(76%)
Task: 5,	 Epoch: 75/80,	 Avg.loss: 0.0007,	 Test Accuracy: 760/1000(76%)
Task: 5,	 Epoch: 76/80,	 Avg.loss: 0.0007,	 Test Accuracy: 759/1000(76%)
Task: 5,	 Epoch: 77/80,	 Avg.loss: 0.0007,	 Test Accuracy: 759/1000(76%)
Task: 5,	 Epoch: 78/80,	 Avg.loss: 0.0007,	 Test Accuracy: 764/1000(76%)
Task: 5,	 Epoch: 79/80,	 Avg.loss: 0.0007,	 Test Accuracy: 760/1000(76%)
Trained Task:5, Loaded task:0, Accuracy:85.7%
Trained Task:5, Loaded task:1, Accuracy:78.2%
Trained Task:5, Loaded task:2, Accuracy:81.1%
Trained Task:5, Loaded task:3, Accuracy:74.6%
Trained Task:5, Loaded task:4, Accuracy:79.4%
Trained Task:5, Loaded task:5, Accuracy:76.0%
Trained Task:5, Avg. Accuracy: 79.2 

List of avg. accuracy: [87.1, 82.7, 82.4, 80.0, 79.8, 79.2]
Layer        : conv1_layer.2.weight
R.histogram  : tensor([1., 0., 2., 3., 5., 6., 4., 8., 1., 2.], device='cuda:0')
R_sum max/min: 0.0/-76.8
F.num_zeros  : 576/9216
W.num_zeros  : 0/9216
O.num_zeros  : 576/9216
Layer        : conv2_layer.2.weight
R.histogram  : tensor([ 1.,  3.,  9., 10.,  7., 20.,  9.,  0.,  0.,  5.], device='cuda:0')
R_sum max/min: 0.0/-93.1
F.num_zeros  : 3411/36864
W.num_zeros  : 0/36864
O.num_zeros  : 3411/36864
Layer        : fc1_layer.1.weight
R.histogram  : tensor([  1.,   1.,   1.,   2.,   2.,   7.,  30.,  75., 293., 100.],
       device='cuda:0')
R_sum max/min: 0.0/-161.3
F.num_zeros  : 447692/2097152
W.num_zeros  : 0/2097152
O.num_zeros  : 1277615/2097152
Mask histogram
conv1_layer.2.weight: 	 tensor([   0.,    0.,    0.,    0.,    0.,    0.,    0., 8192.,    0.,    0.,
           0.], device='cuda:0')
conv2_layer.2.weight: 	 tensor([   0.,  896., 1408.,  640.,  576.,  384.,    0.,  192.,    0.,    0.,
           0.], device='cuda:0')
fc1_layer.1.weight: 	 tensor([  0., 142., 135.,  82.,  67.,  42.,  16.,  28.,   0.,   0.,   0.],
       device='cuda:0')
Task: 6,	 Epoch: 0/80,	 Avg.loss: 0.0011,	 Test Accuracy: 593/1000(59%)
Task: 6,	 Epoch: 1/80,	 Avg.loss: 0.0010,	 Test Accuracy: 615/1000(62%)
Task: 6,	 Epoch: 2/80,	 Avg.loss: 0.0009,	 Test Accuracy: 677/1000(68%)
Task: 6,	 Epoch: 3/80,	 Avg.loss: 0.0009,	 Test Accuracy: 691/1000(69%)
Task: 6,	 Epoch: 4/80,	 Avg.loss: 0.0009,	 Test Accuracy: 701/1000(70%)
Task: 6,	 Epoch: 5/80,	 Avg.loss: 0.0009,	 Test Accuracy: 685/1000(68%)
Task: 6,	 Epoch: 6/80,	 Avg.loss: 0.0008,	 Test Accuracy: 708/1000(71%)
Task: 6,	 Epoch: 7/80,	 Avg.loss: 0.0008,	 Test Accuracy: 691/1000(69%)
Task: 6,	 Epoch: 8/80,	 Avg.loss: 0.0008,	 Test Accuracy: 723/1000(72%)
Task: 6,	 Epoch: 9/80,	 Avg.loss: 0.0008,	 Test Accuracy: 719/1000(72%)
Task: 6,	 Epoch: 10/80,	 Avg.loss: 0.0008,	 Test Accuracy: 705/1000(70%)
Task: 6,	 Epoch: 11/80,	 Avg.loss: 0.0008,	 Test Accuracy: 723/1000(72%)
Task: 6,	 Epoch: 12/80,	 Avg.loss: 0.0008,	 Test Accuracy: 730/1000(73%)
Task: 6,	 Epoch: 13/80,	 Avg.loss: 0.0008,	 Test Accuracy: 724/1000(72%)
Task: 6,	 Epoch: 14/80,	 Avg.loss: 0.0008,	 Test Accuracy: 741/1000(74%)
Task: 6,	 Epoch: 15/80,	 Avg.loss: 0.0008,	 Test Accuracy: 739/1000(74%)
Task: 6,	 Epoch: 16/80,	 Avg.loss: 0.0008,	 Test Accuracy: 712/1000(71%)
Task: 6,	 Epoch: 17/80,	 Avg.loss: 0.0008,	 Test Accuracy: 717/1000(72%)
Task: 6,	 Epoch: 18/80,	 Avg.loss: 0.0008,	 Test Accuracy: 741/1000(74%)
Task: 6,	 Epoch: 19/80,	 Avg.loss: 0.0008,	 Test Accuracy: 733/1000(73%)
Task: 6,	 Epoch: 20/80,	 Avg.loss: 0.0008,	 Test Accuracy: 706/1000(71%)
Task: 6,	 Epoch: 21/80,	 Avg.loss: 0.0008,	 Test Accuracy: 740/1000(74%)
Task: 6,	 Epoch: 22/80,	 Avg.loss: 0.0008,	 Test Accuracy: 733/1000(73%)
Task: 6,	 Epoch: 23/80,	 Avg.loss: 0.0009,	 Test Accuracy: 705/1000(70%)
Task: 6,	 Epoch: 24/80,	 Avg.loss: 0.0008,	 Test Accuracy: 726/1000(73%)
Task: 6,	 Epoch: 25/80,	 Avg.loss: 0.0008,	 Test Accuracy: 739/1000(74%)
Task: 6,	 Epoch: 26/80,	 Avg.loss: 0.0007,	 Test Accuracy: 741/1000(74%)
Task: 6,	 Epoch: 27/80,	 Avg.loss: 0.0008,	 Test Accuracy: 733/1000(73%)
Task: 6,	 Epoch: 28/80,	 Avg.loss: 0.0008,	 Test Accuracy: 740/1000(74%)
Task: 6,	 Epoch: 29/80,	 Avg.loss: 0.0008,	 Test Accuracy: 744/1000(74%)
Task: 6,	 Epoch: 30/80,	 Avg.loss: 0.0007,	 Test Accuracy: 749/1000(75%)
Task: 6,	 Epoch: 31/80,	 Avg.loss: 0.0008,	 Test Accuracy: 740/1000(74%)
Task: 6,	 Epoch: 32/80,	 Avg.loss: 0.0008,	 Test Accuracy: 748/1000(75%)
Task: 6,	 Epoch: 33/80,	 Avg.loss: 0.0007,	 Test Accuracy: 749/1000(75%)
Task: 6,	 Epoch: 34/80,	 Avg.loss: 0.0008,	 Test Accuracy: 724/1000(72%)
Task: 6,	 Epoch: 35/80,	 Avg.loss: 0.0007,	 Test Accuracy: 735/1000(74%)
Task: 6,	 Epoch: 36/80,	 Avg.loss: 0.0007,	 Test Accuracy: 744/1000(74%)
Task: 6,	 Epoch: 37/80,	 Avg.loss: 0.0007,	 Test Accuracy: 742/1000(74%)
Task: 6,	 Epoch: 38/80,	 Avg.loss: 0.0008,	 Test Accuracy: 726/1000(73%)
Task: 6,	 Epoch: 39/80,	 Avg.loss: 0.0007,	 Test Accuracy: 747/1000(75%)
Task: 6,	 Epoch: 40/80,	 Avg.loss: 0.0007,	 Test Accuracy: 741/1000(74%)
Task: 6,	 Epoch: 41/80,	 Avg.loss: 0.0007,	 Test Accuracy: 753/1000(75%)
Task: 6,	 Epoch: 42/80,	 Avg.loss: 0.0008,	 Test Accuracy: 736/1000(74%)
Task: 6,	 Epoch: 43/80,	 Avg.loss: 0.0007,	 Test Accuracy: 745/1000(74%)
Task: 6,	 Epoch: 44/80,	 Avg.loss: 0.0007,	 Test Accuracy: 733/1000(73%)
Task: 6,	 Epoch: 45/80,	 Avg.loss: 0.0008,	 Test Accuracy: 729/1000(73%)
Task: 6,	 Epoch: 46/80,	 Avg.loss: 0.0007,	 Test Accuracy: 745/1000(74%)
Task: 6,	 Epoch: 47/80,	 Avg.loss: 0.0007,	 Test Accuracy: 747/1000(75%)
Task: 6,	 Epoch: 48/80,	 Avg.loss: 0.0007,	 Test Accuracy: 754/1000(75%)
Task: 6,	 Epoch: 49/80,	 Avg.loss: 0.0008,	 Test Accuracy: 733/1000(73%)
Task: 6,	 Epoch: 50/80,	 Avg.loss: 0.0007,	 Test Accuracy: 753/1000(75%)
Task: 6,	 Epoch: 51/80,	 Avg.loss: 0.0007,	 Test Accuracy: 757/1000(76%)
Task: 6,	 Epoch: 52/80,	 Avg.loss: 0.0007,	 Test Accuracy: 757/1000(76%)
Task: 6,	 Epoch: 53/80,	 Avg.loss: 0.0007,	 Test Accuracy: 754/1000(75%)
Task: 6,	 Epoch: 54/80,	 Avg.loss: 0.0007,	 Test Accuracy: 757/1000(76%)
Task: 6,	 Epoch: 55/80,	 Avg.loss: 0.0007,	 Test Accuracy: 753/1000(75%)
Task: 6,	 Epoch: 56/80,	 Avg.loss: 0.0007,	 Test Accuracy: 750/1000(75%)
Task: 6,	 Epoch: 57/80,	 Avg.loss: 0.0007,	 Test Accuracy: 757/1000(76%)
Task: 6,	 Epoch: 58/80,	 Avg.loss: 0.0007,	 Test Accuracy: 757/1000(76%)
Task: 6,	 Epoch: 59/80,	 Avg.loss: 0.0007,	 Test Accuracy: 757/1000(76%)
Task: 6,	 Epoch: 60/80,	 Avg.loss: 0.0007,	 Test Accuracy: 758/1000(76%)
Task: 6,	 Epoch: 61/80,	 Avg.loss: 0.0007,	 Test Accuracy: 751/1000(75%)
Task: 6,	 Epoch: 62/80,	 Avg.loss: 0.0007,	 Test Accuracy: 754/1000(75%)
Task: 6,	 Epoch: 63/80,	 Avg.loss: 0.0007,	 Test Accuracy: 754/1000(75%)
Task: 6,	 Epoch: 64/80,	 Avg.loss: 0.0007,	 Test Accuracy: 754/1000(75%)
Task: 6,	 Epoch: 65/80,	 Avg.loss: 0.0007,	 Test Accuracy: 759/1000(76%)
Task: 6,	 Epoch: 66/80,	 Avg.loss: 0.0007,	 Test Accuracy: 759/1000(76%)
Task: 6,	 Epoch: 67/80,	 Avg.loss: 0.0007,	 Test Accuracy: 757/1000(76%)
Task: 6,	 Epoch: 68/80,	 Avg.loss: 0.0007,	 Test Accuracy: 754/1000(75%)
Task: 6,	 Epoch: 69/80,	 Avg.loss: 0.0007,	 Test Accuracy: 755/1000(76%)
Task: 6,	 Epoch: 70/80,	 Avg.loss: 0.0007,	 Test Accuracy: 754/1000(75%)
Task: 6,	 Epoch: 71/80,	 Avg.loss: 0.0007,	 Test Accuracy: 762/1000(76%)
Task: 6,	 Epoch: 72/80,	 Avg.loss: 0.0007,	 Test Accuracy: 753/1000(75%)
Task: 6,	 Epoch: 73/80,	 Avg.loss: 0.0007,	 Test Accuracy: 760/1000(76%)
Task: 6,	 Epoch: 74/80,	 Avg.loss: 0.0007,	 Test Accuracy: 761/1000(76%)
Task: 6,	 Epoch: 75/80,	 Avg.loss: 0.0007,	 Test Accuracy: 749/1000(75%)
Task: 6,	 Epoch: 76/80,	 Avg.loss: 0.0007,	 Test Accuracy: 753/1000(75%)
Task: 6,	 Epoch: 77/80,	 Avg.loss: 0.0007,	 Test Accuracy: 758/1000(76%)
Task: 6,	 Epoch: 78/80,	 Avg.loss: 0.0007,	 Test Accuracy: 754/1000(75%)
Task: 6,	 Epoch: 79/80,	 Avg.loss: 0.0007,	 Test Accuracy: 752/1000(75%)
Trained Task:6, Loaded task:0, Accuracy:85.2%
Trained Task:6, Loaded task:1, Accuracy:78.1%
Trained Task:6, Loaded task:2, Accuracy:81.3%
Trained Task:6, Loaded task:3, Accuracy:74.3%
Trained Task:6, Loaded task:4, Accuracy:79.6%
Trained Task:6, Loaded task:5, Accuracy:76.1%
Trained Task:6, Loaded task:6, Accuracy:75.2%
Trained Task:6, Avg. Accuracy: 78.5 

List of avg. accuracy: [87.1, 82.7, 82.4, 80.0, 79.8, 79.2, 78.5]
Layer        : conv1_layer.2.weight
R.histogram  : tensor([1., 1., 4., 2., 5., 5., 4., 7., 1., 2.], device='cuda:0')
R_sum max/min: 0.0/-78.8
F.num_zeros  : 576/9216
W.num_zeros  : 0/9216
O.num_zeros  : 576/9216
Layer        : conv2_layer.2.weight
R.histogram  : tensor([ 1.,  2.,  6., 14., 15., 18.,  3.,  0.,  0.,  5.], device='cuda:0')
R_sum max/min: 0.0/-105.7
F.num_zeros  : 3411/36864
W.num_zeros  : 0/36864
O.num_zeros  : 3411/36864
Layer        : fc1_layer.1.weight
R.histogram  : tensor([  1.,   1.,   2.,   4.,   3.,   8.,  38.,  98., 277.,  80.],
       device='cuda:0')
R_sum max/min: 0.0/-161.3
F.num_zeros  : 449782/2097152
W.num_zeros  : 0/2097152
O.num_zeros  : 1195899/2097152
Mask histogram
conv1_layer.2.weight: 	 tensor([   0.,    0.,    0.,    0.,    0.,    0.,    0.,    0., 8192.,    0.,
           0.], device='cuda:0')
conv2_layer.2.weight: 	 tensor([   0.,  640., 1152., 1024.,  512.,  256.,  320.,    0.,  192.,    0.,
           0.], device='cuda:0')
fc1_layer.1.weight: 	 tensor([  0., 117., 137.,  75.,  52.,  50.,  37.,  16.,  28.,   0.,   0.],
       device='cuda:0')
Task: 7,	 Epoch: 0/80,	 Avg.loss: 0.0012,	 Test Accuracy: 565/1000(57%)
Task: 7,	 Epoch: 1/80,	 Avg.loss: 0.0011,	 Test Accuracy: 611/1000(61%)
Task: 7,	 Epoch: 2/80,	 Avg.loss: 0.0010,	 Test Accuracy: 653/1000(65%)
Task: 7,	 Epoch: 3/80,	 Avg.loss: 0.0010,	 Test Accuracy: 649/1000(65%)
Task: 7,	 Epoch: 4/80,	 Avg.loss: 0.0010,	 Test Accuracy: 646/1000(65%)
Task: 7,	 Epoch: 5/80,	 Avg.loss: 0.0010,	 Test Accuracy: 640/1000(64%)
Task: 7,	 Epoch: 6/80,	 Avg.loss: 0.0010,	 Test Accuracy: 652/1000(65%)
Task: 7,	 Epoch: 7/80,	 Avg.loss: 0.0009,	 Test Accuracy: 686/1000(69%)
Task: 7,	 Epoch: 8/80,	 Avg.loss: 0.0010,	 Test Accuracy: 669/1000(67%)
Task: 7,	 Epoch: 9/80,	 Avg.loss: 0.0010,	 Test Accuracy: 682/1000(68%)
Task: 7,	 Epoch: 10/80,	 Avg.loss: 0.0010,	 Test Accuracy: 668/1000(67%)
Task: 7,	 Epoch: 11/80,	 Avg.loss: 0.0009,	 Test Accuracy: 679/1000(68%)
Task: 7,	 Epoch: 12/80,	 Avg.loss: 0.0009,	 Test Accuracy: 690/1000(69%)
Task: 7,	 Epoch: 13/80,	 Avg.loss: 0.0010,	 Test Accuracy: 681/1000(68%)
Task: 7,	 Epoch: 14/80,	 Avg.loss: 0.0009,	 Test Accuracy: 689/1000(69%)
Task: 7,	 Epoch: 15/80,	 Avg.loss: 0.0010,	 Test Accuracy: 681/1000(68%)
Task: 7,	 Epoch: 16/80,	 Avg.loss: 0.0009,	 Test Accuracy: 685/1000(68%)
Task: 7,	 Epoch: 17/80,	 Avg.loss: 0.0009,	 Test Accuracy: 681/1000(68%)
Task: 7,	 Epoch: 18/80,	 Avg.loss: 0.0009,	 Test Accuracy: 695/1000(70%)
Task: 7,	 Epoch: 19/80,	 Avg.loss: 0.0009,	 Test Accuracy: 704/1000(70%)
Task: 7,	 Epoch: 20/80,	 Avg.loss: 0.0009,	 Test Accuracy: 695/1000(70%)
Task: 7,	 Epoch: 21/80,	 Avg.loss: 0.0009,	 Test Accuracy: 700/1000(70%)
Task: 7,	 Epoch: 22/80,	 Avg.loss: 0.0009,	 Test Accuracy: 698/1000(70%)
Task: 7,	 Epoch: 23/80,	 Avg.loss: 0.0009,	 Test Accuracy: 713/1000(71%)
Task: 7,	 Epoch: 24/80,	 Avg.loss: 0.0009,	 Test Accuracy: 685/1000(68%)
Task: 7,	 Epoch: 25/80,	 Avg.loss: 0.0009,	 Test Accuracy: 690/1000(69%)
Task: 7,	 Epoch: 26/80,	 Avg.loss: 0.0009,	 Test Accuracy: 701/1000(70%)
Task: 7,	 Epoch: 27/80,	 Avg.loss: 0.0009,	 Test Accuracy: 701/1000(70%)
Task: 7,	 Epoch: 28/80,	 Avg.loss: 0.0009,	 Test Accuracy: 699/1000(70%)
Task: 7,	 Epoch: 29/80,	 Avg.loss: 0.0009,	 Test Accuracy: 698/1000(70%)
Task: 7,	 Epoch: 30/80,	 Avg.loss: 0.0009,	 Test Accuracy: 692/1000(69%)
Task: 7,	 Epoch: 31/80,	 Avg.loss: 0.0009,	 Test Accuracy: 696/1000(70%)
Task: 7,	 Epoch: 32/80,	 Avg.loss: 0.0009,	 Test Accuracy: 700/1000(70%)
Task: 7,	 Epoch: 33/80,	 Avg.loss: 0.0009,	 Test Accuracy: 687/1000(69%)
Task: 7,	 Epoch: 34/80,	 Avg.loss: 0.0009,	 Test Accuracy: 681/1000(68%)
Task: 7,	 Epoch: 35/80,	 Avg.loss: 0.0009,	 Test Accuracy: 700/1000(70%)
Task: 7,	 Epoch: 36/80,	 Avg.loss: 0.0009,	 Test Accuracy: 702/1000(70%)
Task: 7,	 Epoch: 37/80,	 Avg.loss: 0.0009,	 Test Accuracy: 679/1000(68%)
Task: 7,	 Epoch: 38/80,	 Avg.loss: 0.0009,	 Test Accuracy: 699/1000(70%)
Task: 7,	 Epoch: 39/80,	 Avg.loss: 0.0009,	 Test Accuracy: 692/1000(69%)
Task: 7,	 Epoch: 40/80,	 Avg.loss: 0.0009,	 Test Accuracy: 688/1000(69%)
Task: 7,	 Epoch: 41/80,	 Avg.loss: 0.0009,	 Test Accuracy: 673/1000(67%)
Task: 7,	 Epoch: 42/80,	 Avg.loss: 0.0009,	 Test Accuracy: 706/1000(71%)
Task: 7,	 Epoch: 43/80,	 Avg.loss: 0.0009,	 Test Accuracy: 702/1000(70%)
Task: 7,	 Epoch: 44/80,	 Avg.loss: 0.0009,	 Test Accuracy: 701/1000(70%)
Task: 7,	 Epoch: 45/80,	 Avg.loss: 0.0009,	 Test Accuracy: 696/1000(70%)
Task: 7,	 Epoch: 46/80,	 Avg.loss: 0.0009,	 Test Accuracy: 703/1000(70%)
Task: 7,	 Epoch: 47/80,	 Avg.loss: 0.0009,	 Test Accuracy: 697/1000(70%)
Task: 7,	 Epoch: 48/80,	 Avg.loss: 0.0009,	 Test Accuracy: 690/1000(69%)
Task: 7,	 Epoch: 49/80,	 Avg.loss: 0.0009,	 Test Accuracy: 706/1000(71%)
Task: 7,	 Epoch: 50/80,	 Avg.loss: 0.0009,	 Test Accuracy: 704/1000(70%)
Task: 7,	 Epoch: 51/80,	 Avg.loss: 0.0009,	 Test Accuracy: 704/1000(70%)
Task: 7,	 Epoch: 52/80,	 Avg.loss: 0.0009,	 Test Accuracy: 706/1000(71%)
Task: 7,	 Epoch: 53/80,	 Avg.loss: 0.0009,	 Test Accuracy: 702/1000(70%)
Task: 7,	 Epoch: 54/80,	 Avg.loss: 0.0009,	 Test Accuracy: 700/1000(70%)
Task: 7,	 Epoch: 55/80,	 Avg.loss: 0.0009,	 Test Accuracy: 708/1000(71%)
Task: 7,	 Epoch: 56/80,	 Avg.loss: 0.0009,	 Test Accuracy: 705/1000(70%)
Task: 7,	 Epoch: 57/80,	 Avg.loss: 0.0009,	 Test Accuracy: 702/1000(70%)
Task: 7,	 Epoch: 58/80,	 Avg.loss: 0.0009,	 Test Accuracy: 709/1000(71%)
Task: 7,	 Epoch: 59/80,	 Avg.loss: 0.0009,	 Test Accuracy: 709/1000(71%)
Task: 7,	 Epoch: 60/80,	 Avg.loss: 0.0009,	 Test Accuracy: 708/1000(71%)
Task: 7,	 Epoch: 61/80,	 Avg.loss: 0.0009,	 Test Accuracy: 711/1000(71%)
Task: 7,	 Epoch: 62/80,	 Avg.loss: 0.0009,	 Test Accuracy: 706/1000(71%)
Task: 7,	 Epoch: 63/80,	 Avg.loss: 0.0009,	 Test Accuracy: 713/1000(71%)
Task: 7,	 Epoch: 64/80,	 Avg.loss: 0.0009,	 Test Accuracy: 712/1000(71%)
Task: 7,	 Epoch: 65/80,	 Avg.loss: 0.0009,	 Test Accuracy: 711/1000(71%)
Task: 7,	 Epoch: 66/80,	 Avg.loss: 0.0009,	 Test Accuracy: 715/1000(72%)
Task: 7,	 Epoch: 67/80,	 Avg.loss: 0.0009,	 Test Accuracy: 711/1000(71%)
Task: 7,	 Epoch: 68/80,	 Avg.loss: 0.0009,	 Test Accuracy: 711/1000(71%)
Task: 7,	 Epoch: 69/80,	 Avg.loss: 0.0009,	 Test Accuracy: 716/1000(72%)
Task: 7,	 Epoch: 70/80,	 Avg.loss: 0.0009,	 Test Accuracy: 718/1000(72%)
Task: 7,	 Epoch: 71/80,	 Avg.loss: 0.0009,	 Test Accuracy: 715/1000(72%)
Task: 7,	 Epoch: 72/80,	 Avg.loss: 0.0009,	 Test Accuracy: 712/1000(71%)
Task: 7,	 Epoch: 73/80,	 Avg.loss: 0.0009,	 Test Accuracy: 711/1000(71%)
Task: 7,	 Epoch: 74/80,	 Avg.loss: 0.0009,	 Test Accuracy: 713/1000(71%)
Task: 7,	 Epoch: 75/80,	 Avg.loss: 0.0009,	 Test Accuracy: 721/1000(72%)
Task: 7,	 Epoch: 76/80,	 Avg.loss: 0.0009,	 Test Accuracy: 718/1000(72%)
Task: 7,	 Epoch: 77/80,	 Avg.loss: 0.0009,	 Test Accuracy: 716/1000(72%)
Task: 7,	 Epoch: 78/80,	 Avg.loss: 0.0009,	 Test Accuracy: 713/1000(71%)
Task: 7,	 Epoch: 79/80,	 Avg.loss: 0.0009,	 Test Accuracy: 713/1000(71%)
Trained Task:7, Loaded task:0, Accuracy:84.8%
Trained Task:7, Loaded task:1, Accuracy:79.1%
Trained Task:7, Loaded task:2, Accuracy:81.4%
Trained Task:7, Loaded task:3, Accuracy:74.4%
Trained Task:7, Loaded task:4, Accuracy:79.3%
Trained Task:7, Loaded task:5, Accuracy:76.1%
Trained Task:7, Loaded task:6, Accuracy:74.4%
Trained Task:7, Loaded task:7, Accuracy:71.3%
Trained Task:7, Avg. Accuracy: 77.6 

List of avg. accuracy: [87.1, 82.7, 82.4, 80.0, 79.8, 79.2, 78.5, 77.6]
Layer        : conv1_layer.2.weight
R.histogram  : tensor([2., 1., 3., 3., 7., 2., 4., 7., 1., 2.], device='cuda:0')
R_sum max/min: 0.0/-77.5
F.num_zeros  : 576/9216
W.num_zeros  : 0/9216
O.num_zeros  : 576/9216
Layer        : conv2_layer.2.weight
R.histogram  : tensor([ 1.,  3.,  6., 20., 24.,  5.,  0.,  0.,  0.,  5.], device='cuda:0')
R_sum max/min: 0.0/-105.7
F.num_zeros  : 3411/36864
W.num_zeros  : 0/36864
O.num_zeros  : 3411/36864
Layer        : fc1_layer.1.weight
R.histogram  : tensor([  1.,   1.,   2.,   4.,   4.,   8.,  43., 123., 257.,  69.],
       device='cuda:0')
R_sum max/min: 0.0/-161.3
F.num_zeros  : 426263/2097152
W.num_zeros  : 0/2097152
O.num_zeros  : 1130355/2097152
Mask histogram
conv1_layer.2.weight: 	 tensor([   0.,    0.,    0.,    0.,    0.,    0.,    0.,    0.,    0., 8192.,
           0.], device='cuda:0')
conv2_layer.2.weight: 	 tensor([   0.,  576.,  768., 1088.,  704.,  320.,  256.,  192.,    0.,  192.,
           0.], device='cuda:0')
fc1_layer.1.weight: 	 tensor([  0.,  96., 137.,  78.,  48.,  29.,  44.,  37.,  15.,  28.,   0.],
       device='cuda:0')
Task: 8,	 Epoch: 0/80,	 Avg.loss: 0.0011,	 Test Accuracy: 620/1000(62%)
Task: 8,	 Epoch: 1/80,	 Avg.loss: 0.0009,	 Test Accuracy: 655/1000(66%)
Task: 8,	 Epoch: 2/80,	 Avg.loss: 0.0009,	 Test Accuracy: 680/1000(68%)
Task: 8,	 Epoch: 3/80,	 Avg.loss: 0.0008,	 Test Accuracy: 704/1000(70%)
Task: 8,	 Epoch: 4/80,	 Avg.loss: 0.0009,	 Test Accuracy: 680/1000(68%)
Task: 8,	 Epoch: 5/80,	 Avg.loss: 0.0008,	 Test Accuracy: 699/1000(70%)
Task: 8,	 Epoch: 6/80,	 Avg.loss: 0.0008,	 Test Accuracy: 731/1000(73%)
Task: 8,	 Epoch: 7/80,	 Avg.loss: 0.0008,	 Test Accuracy: 737/1000(74%)
Task: 8,	 Epoch: 8/80,	 Avg.loss: 0.0008,	 Test Accuracy: 720/1000(72%)
Task: 8,	 Epoch: 9/80,	 Avg.loss: 0.0008,	 Test Accuracy: 729/1000(73%)
Task: 8,	 Epoch: 10/80,	 Avg.loss: 0.0008,	 Test Accuracy: 705/1000(70%)
Task: 8,	 Epoch: 11/80,	 Avg.loss: 0.0008,	 Test Accuracy: 731/1000(73%)
Task: 8,	 Epoch: 12/80,	 Avg.loss: 0.0008,	 Test Accuracy: 730/1000(73%)
Task: 8,	 Epoch: 13/80,	 Avg.loss: 0.0008,	 Test Accuracy: 737/1000(74%)
Task: 8,	 Epoch: 14/80,	 Avg.loss: 0.0007,	 Test Accuracy: 746/1000(75%)
Task: 8,	 Epoch: 15/80,	 Avg.loss: 0.0007,	 Test Accuracy: 735/1000(74%)
Task: 8,	 Epoch: 16/80,	 Avg.loss: 0.0008,	 Test Accuracy: 732/1000(73%)
Task: 8,	 Epoch: 17/80,	 Avg.loss: 0.0007,	 Test Accuracy: 732/1000(73%)
Task: 8,	 Epoch: 18/80,	 Avg.loss: 0.0008,	 Test Accuracy: 737/1000(74%)
Task: 8,	 Epoch: 19/80,	 Avg.loss: 0.0007,	 Test Accuracy: 747/1000(75%)
Task: 8,	 Epoch: 20/80,	 Avg.loss: 0.0008,	 Test Accuracy: 727/1000(73%)
Task: 8,	 Epoch: 21/80,	 Avg.loss: 0.0007,	 Test Accuracy: 744/1000(74%)
Task: 8,	 Epoch: 22/80,	 Avg.loss: 0.0007,	 Test Accuracy: 758/1000(76%)
Task: 8,	 Epoch: 23/80,	 Avg.loss: 0.0007,	 Test Accuracy: 736/1000(74%)
Task: 8,	 Epoch: 24/80,	 Avg.loss: 0.0007,	 Test Accuracy: 740/1000(74%)
Task: 8,	 Epoch: 25/80,	 Avg.loss: 0.0007,	 Test Accuracy: 753/1000(75%)
Task: 8,	 Epoch: 26/80,	 Avg.loss: 0.0007,	 Test Accuracy: 761/1000(76%)
Task: 8,	 Epoch: 27/80,	 Avg.loss: 0.0008,	 Test Accuracy: 728/1000(73%)
Task: 8,	 Epoch: 28/80,	 Avg.loss: 0.0007,	 Test Accuracy: 740/1000(74%)
Task: 8,	 Epoch: 29/80,	 Avg.loss: 0.0007,	 Test Accuracy: 767/1000(77%)
Task: 8,	 Epoch: 30/80,	 Avg.loss: 0.0007,	 Test Accuracy: 753/1000(75%)
Task: 8,	 Epoch: 31/80,	 Avg.loss: 0.0007,	 Test Accuracy: 740/1000(74%)
Task: 8,	 Epoch: 32/80,	 Avg.loss: 0.0007,	 Test Accuracy: 756/1000(76%)
Task: 8,	 Epoch: 33/80,	 Avg.loss: 0.0007,	 Test Accuracy: 759/1000(76%)
Task: 8,	 Epoch: 34/80,	 Avg.loss: 0.0007,	 Test Accuracy: 766/1000(77%)
Task: 8,	 Epoch: 35/80,	 Avg.loss: 0.0007,	 Test Accuracy: 752/1000(75%)
Task: 8,	 Epoch: 36/80,	 Avg.loss: 0.0007,	 Test Accuracy: 755/1000(76%)
Task: 8,	 Epoch: 37/80,	 Avg.loss: 0.0007,	 Test Accuracy: 742/1000(74%)
Task: 8,	 Epoch: 38/80,	 Avg.loss: 0.0007,	 Test Accuracy: 752/1000(75%)
Task: 8,	 Epoch: 39/80,	 Avg.loss: 0.0007,	 Test Accuracy: 764/1000(76%)
Task: 8,	 Epoch: 40/80,	 Avg.loss: 0.0007,	 Test Accuracy: 746/1000(75%)
Task: 8,	 Epoch: 41/80,	 Avg.loss: 0.0007,	 Test Accuracy: 765/1000(76%)
Task: 8,	 Epoch: 42/80,	 Avg.loss: 0.0007,	 Test Accuracy: 770/1000(77%)
Task: 8,	 Epoch: 43/80,	 Avg.loss: 0.0007,	 Test Accuracy: 752/1000(75%)
Task: 8,	 Epoch: 44/80,	 Avg.loss: 0.0007,	 Test Accuracy: 752/1000(75%)
Task: 8,	 Epoch: 45/80,	 Avg.loss: 0.0007,	 Test Accuracy: 751/1000(75%)
Task: 8,	 Epoch: 46/80,	 Avg.loss: 0.0007,	 Test Accuracy: 755/1000(76%)
Task: 8,	 Epoch: 47/80,	 Avg.loss: 0.0007,	 Test Accuracy: 759/1000(76%)
Task: 8,	 Epoch: 48/80,	 Avg.loss: 0.0007,	 Test Accuracy: 764/1000(76%)
Task: 8,	 Epoch: 49/80,	 Avg.loss: 0.0007,	 Test Accuracy: 761/1000(76%)
Task: 8,	 Epoch: 50/80,	 Avg.loss: 0.0007,	 Test Accuracy: 776/1000(78%)
Task: 8,	 Epoch: 51/80,	 Avg.loss: 0.0007,	 Test Accuracy: 771/1000(77%)
Task: 8,	 Epoch: 52/80,	 Avg.loss: 0.0007,	 Test Accuracy: 777/1000(78%)
Task: 8,	 Epoch: 53/80,	 Avg.loss: 0.0007,	 Test Accuracy: 767/1000(77%)
Task: 8,	 Epoch: 54/80,	 Avg.loss: 0.0007,	 Test Accuracy: 772/1000(77%)
Task: 8,	 Epoch: 55/80,	 Avg.loss: 0.0007,	 Test Accuracy: 769/1000(77%)
Task: 8,	 Epoch: 56/80,	 Avg.loss: 0.0007,	 Test Accuracy: 765/1000(76%)
Task: 8,	 Epoch: 57/80,	 Avg.loss: 0.0007,	 Test Accuracy: 774/1000(77%)
Task: 8,	 Epoch: 58/80,	 Avg.loss: 0.0007,	 Test Accuracy: 772/1000(77%)
Task: 8,	 Epoch: 59/80,	 Avg.loss: 0.0007,	 Test Accuracy: 775/1000(78%)
Task: 8,	 Epoch: 60/80,	 Avg.loss: 0.0007,	 Test Accuracy: 773/1000(77%)
Task: 8,	 Epoch: 61/80,	 Avg.loss: 0.0007,	 Test Accuracy: 767/1000(77%)
Task: 8,	 Epoch: 62/80,	 Avg.loss: 0.0007,	 Test Accuracy: 774/1000(77%)
Task: 8,	 Epoch: 63/80,	 Avg.loss: 0.0007,	 Test Accuracy: 773/1000(77%)
Task: 8,	 Epoch: 64/80,	 Avg.loss: 0.0007,	 Test Accuracy: 773/1000(77%)
Task: 8,	 Epoch: 65/80,	 Avg.loss: 0.0007,	 Test Accuracy: 772/1000(77%)
Task: 8,	 Epoch: 66/80,	 Avg.loss: 0.0007,	 Test Accuracy: 768/1000(77%)
Task: 8,	 Epoch: 67/80,	 Avg.loss: 0.0007,	 Test Accuracy: 770/1000(77%)
Task: 8,	 Epoch: 68/80,	 Avg.loss: 0.0007,	 Test Accuracy: 775/1000(78%)
Task: 8,	 Epoch: 69/80,	 Avg.loss: 0.0007,	 Test Accuracy: 776/1000(78%)
Task: 8,	 Epoch: 70/80,	 Avg.loss: 0.0007,	 Test Accuracy: 771/1000(77%)
Task: 8,	 Epoch: 71/80,	 Avg.loss: 0.0007,	 Test Accuracy: 769/1000(77%)
Task: 8,	 Epoch: 72/80,	 Avg.loss: 0.0007,	 Test Accuracy: 769/1000(77%)
Task: 8,	 Epoch: 73/80,	 Avg.loss: 0.0007,	 Test Accuracy: 770/1000(77%)
Task: 8,	 Epoch: 74/80,	 Avg.loss: 0.0007,	 Test Accuracy: 770/1000(77%)
Task: 8,	 Epoch: 75/80,	 Avg.loss: 0.0007,	 Test Accuracy: 773/1000(77%)
Task: 8,	 Epoch: 76/80,	 Avg.loss: 0.0007,	 Test Accuracy: 770/1000(77%)
Task: 8,	 Epoch: 77/80,	 Avg.loss: 0.0007,	 Test Accuracy: 774/1000(77%)
Task: 8,	 Epoch: 78/80,	 Avg.loss: 0.0007,	 Test Accuracy: 766/1000(77%)
Task: 8,	 Epoch: 79/80,	 Avg.loss: 0.0007,	 Test Accuracy: 769/1000(77%)
Trained Task:8, Loaded task:0, Accuracy:85.0%
Trained Task:8, Loaded task:1, Accuracy:79.0%
Trained Task:8, Loaded task:2, Accuracy:81.0%
Trained Task:8, Loaded task:3, Accuracy:74.6%
Trained Task:8, Loaded task:4, Accuracy:78.4%
Trained Task:8, Loaded task:5, Accuracy:76.1%
Trained Task:8, Loaded task:6, Accuracy:73.8%
Trained Task:8, Loaded task:7, Accuracy:71.3%
Trained Task:8, Loaded task:8, Accuracy:76.9%
Trained Task:8, Avg. Accuracy: 77.3 

List of avg. accuracy: [87.1, 82.7, 82.4, 80.0, 79.8, 79.2, 78.5, 77.6, 77.3]
Layer        : conv1_layer.2.weight
R.histogram  : tensor([1., 1., 3., 3., 5., 5., 4., 8., 0., 2.], device='cuda:0')
R_sum max/min: 0.0/-80.1
F.num_zeros  : 576/9216
W.num_zeros  : 0/9216
O.num_zeros  : 576/9216
Layer        : conv2_layer.2.weight
R.histogram  : tensor([ 1.,  3., 10., 28., 17.,  0.,  0.,  0.,  0.,  5.], device='cuda:0')
R_sum max/min: 0.0/-105.7
F.num_zeros  : 3411/36864
W.num_zeros  : 0/36864
O.num_zeros  : 3411/36864
Layer        : fc1_layer.1.weight
R.histogram  : tensor([  1.,   1.,   2.,   4.,   4.,   8.,  52., 153., 222.,  65.],
       device='cuda:0')
R_sum max/min: 0.0/-161.3
F.num_zeros  : 417790/2097152
W.num_zeros  : 0/2097152
O.num_zeros  : 1084030/2097152
Mask histogram
conv1_layer.2.weight: 	 tensor([   0.,    0.,    0.,    0.,    0.,    0.,    0.,    0.,    0.,    0.,
        8192.], device='cuda:0')
conv2_layer.2.weight: 	 tensor([  0., 384., 896., 832., 576., 640., 320.,  64., 192.,   0., 192.],
       device='cuda:0')
fc1_layer.1.weight: 	 tensor([  0.,  73., 145.,  75.,  50.,  27.,  25.,  39.,  35.,  16.,  27.],
       device='cuda:0')
Task: 9,	 Epoch: 0/80,	 Avg.loss: 0.0010,	 Test Accuracy: 690/1000(69%)
Task: 9,	 Epoch: 1/80,	 Avg.loss: 0.0009,	 Test Accuracy: 714/1000(71%)
Task: 9,	 Epoch: 2/80,	 Avg.loss: 0.0008,	 Test Accuracy: 721/1000(72%)
Task: 9,	 Epoch: 3/80,	 Avg.loss: 0.0007,	 Test Accuracy: 747/1000(75%)
Task: 9,	 Epoch: 4/80,	 Avg.loss: 0.0007,	 Test Accuracy: 749/1000(75%)
Task: 9,	 Epoch: 5/80,	 Avg.loss: 0.0007,	 Test Accuracy: 763/1000(76%)
Task: 9,	 Epoch: 6/80,	 Avg.loss: 0.0007,	 Test Accuracy: 761/1000(76%)
Task: 9,	 Epoch: 7/80,	 Avg.loss: 0.0007,	 Test Accuracy: 756/1000(76%)
Task: 9,	 Epoch: 8/80,	 Avg.loss: 0.0007,	 Test Accuracy: 768/1000(77%)
Task: 9,	 Epoch: 9/80,	 Avg.loss: 0.0007,	 Test Accuracy: 767/1000(77%)
Task: 9,	 Epoch: 10/80,	 Avg.loss: 0.0007,	 Test Accuracy: 769/1000(77%)
Task: 9,	 Epoch: 11/80,	 Avg.loss: 0.0007,	 Test Accuracy: 766/1000(77%)
Task: 9,	 Epoch: 12/80,	 Avg.loss: 0.0007,	 Test Accuracy: 767/1000(77%)
Task: 9,	 Epoch: 13/80,	 Avg.loss: 0.0006,	 Test Accuracy: 784/1000(78%)
Task: 9,	 Epoch: 14/80,	 Avg.loss: 0.0007,	 Test Accuracy: 780/1000(78%)
Task: 9,	 Epoch: 15/80,	 Avg.loss: 0.0007,	 Test Accuracy: 769/1000(77%)
Task: 9,	 Epoch: 16/80,	 Avg.loss: 0.0007,	 Test Accuracy: 769/1000(77%)
Task: 9,	 Epoch: 17/80,	 Avg.loss: 0.0007,	 Test Accuracy: 787/1000(79%)
Task: 9,	 Epoch: 18/80,	 Avg.loss: 0.0006,	 Test Accuracy: 798/1000(80%)
Task: 9,	 Epoch: 19/80,	 Avg.loss: 0.0007,	 Test Accuracy: 788/1000(79%)
Task: 9,	 Epoch: 20/80,	 Avg.loss: 0.0007,	 Test Accuracy: 776/1000(78%)
Task: 9,	 Epoch: 21/80,	 Avg.loss: 0.0007,	 Test Accuracy: 782/1000(78%)
Task: 9,	 Epoch: 22/80,	 Avg.loss: 0.0006,	 Test Accuracy: 794/1000(79%)
Task: 9,	 Epoch: 23/80,	 Avg.loss: 0.0006,	 Test Accuracy: 798/1000(80%)
Task: 9,	 Epoch: 24/80,	 Avg.loss: 0.0007,	 Test Accuracy: 783/1000(78%)
Task: 9,	 Epoch: 25/80,	 Avg.loss: 0.0006,	 Test Accuracy: 789/1000(79%)
Task: 9,	 Epoch: 26/80,	 Avg.loss: 0.0007,	 Test Accuracy: 780/1000(78%)
Task: 9,	 Epoch: 27/80,	 Avg.loss: 0.0006,	 Test Accuracy: 787/1000(79%)
Task: 9,	 Epoch: 28/80,	 Avg.loss: 0.0006,	 Test Accuracy: 793/1000(79%)
Task: 9,	 Epoch: 29/80,	 Avg.loss: 0.0007,	 Test Accuracy: 785/1000(78%)
Task: 9,	 Epoch: 30/80,	 Avg.loss: 0.0006,	 Test Accuracy: 784/1000(78%)
Task: 9,	 Epoch: 31/80,	 Avg.loss: 0.0006,	 Test Accuracy: 786/1000(79%)
Task: 9,	 Epoch: 32/80,	 Avg.loss: 0.0007,	 Test Accuracy: 782/1000(78%)
Task: 9,	 Epoch: 33/80,	 Avg.loss: 0.0006,	 Test Accuracy: 792/1000(79%)
Task: 9,	 Epoch: 34/80,	 Avg.loss: 0.0006,	 Test Accuracy: 787/1000(79%)
Task: 9,	 Epoch: 35/80,	 Avg.loss: 0.0006,	 Test Accuracy: 787/1000(79%)
Task: 9,	 Epoch: 36/80,	 Avg.loss: 0.0006,	 Test Accuracy: 782/1000(78%)
Task: 9,	 Epoch: 37/80,	 Avg.loss: 0.0007,	 Test Accuracy: 791/1000(79%)
Task: 9,	 Epoch: 38/80,	 Avg.loss: 0.0006,	 Test Accuracy: 787/1000(79%)
Task: 9,	 Epoch: 39/80,	 Avg.loss: 0.0006,	 Test Accuracy: 792/1000(79%)
Task: 9,	 Epoch: 40/80,	 Avg.loss: 0.0006,	 Test Accuracy: 798/1000(80%)
Task: 9,	 Epoch: 41/80,	 Avg.loss: 0.0007,	 Test Accuracy: 792/1000(79%)
Task: 9,	 Epoch: 42/80,	 Avg.loss: 0.0006,	 Test Accuracy: 779/1000(78%)
Task: 9,	 Epoch: 43/80,	 Avg.loss: 0.0006,	 Test Accuracy: 788/1000(79%)
Task: 9,	 Epoch: 44/80,	 Avg.loss: 0.0006,	 Test Accuracy: 795/1000(80%)
Task: 9,	 Epoch: 45/80,	 Avg.loss: 0.0006,	 Test Accuracy: 787/1000(79%)
Task: 9,	 Epoch: 46/80,	 Avg.loss: 0.0006,	 Test Accuracy: 784/1000(78%)
Task: 9,	 Epoch: 47/80,	 Avg.loss: 0.0007,	 Test Accuracy: 779/1000(78%)
Task: 9,	 Epoch: 48/80,	 Avg.loss: 0.0006,	 Test Accuracy: 793/1000(79%)
Task: 9,	 Epoch: 49/80,	 Avg.loss: 0.0006,	 Test Accuracy: 792/1000(79%)
Task: 9,	 Epoch: 50/80,	 Avg.loss: 0.0006,	 Test Accuracy: 789/1000(79%)
Task: 9,	 Epoch: 51/80,	 Avg.loss: 0.0006,	 Test Accuracy: 784/1000(78%)
Task: 9,	 Epoch: 52/80,	 Avg.loss: 0.0006,	 Test Accuracy: 790/1000(79%)
Task: 9,	 Epoch: 53/80,	 Avg.loss: 0.0006,	 Test Accuracy: 790/1000(79%)
Task: 9,	 Epoch: 54/80,	 Avg.loss: 0.0006,	 Test Accuracy: 792/1000(79%)
Task: 9,	 Epoch: 55/80,	 Avg.loss: 0.0006,	 Test Accuracy: 795/1000(80%)
Task: 9,	 Epoch: 56/80,	 Avg.loss: 0.0006,	 Test Accuracy: 789/1000(79%)
Task: 9,	 Epoch: 57/80,	 Avg.loss: 0.0006,	 Test Accuracy: 794/1000(79%)
Task: 9,	 Epoch: 58/80,	 Avg.loss: 0.0006,	 Test Accuracy: 793/1000(79%)
Task: 9,	 Epoch: 59/80,	 Avg.loss: 0.0006,	 Test Accuracy: 798/1000(80%)
Task: 9,	 Epoch: 60/80,	 Avg.loss: 0.0006,	 Test Accuracy: 797/1000(80%)
Task: 9,	 Epoch: 61/80,	 Avg.loss: 0.0006,	 Test Accuracy: 797/1000(80%)
Task: 9,	 Epoch: 62/80,	 Avg.loss: 0.0006,	 Test Accuracy: 792/1000(79%)
Task: 9,	 Epoch: 63/80,	 Avg.loss: 0.0006,	 Test Accuracy: 797/1000(80%)
Task: 9,	 Epoch: 64/80,	 Avg.loss: 0.0006,	 Test Accuracy: 797/1000(80%)
Task: 9,	 Epoch: 65/80,	 Avg.loss: 0.0006,	 Test Accuracy: 799/1000(80%)
Task: 9,	 Epoch: 66/80,	 Avg.loss: 0.0006,	 Test Accuracy: 793/1000(79%)
Task: 9,	 Epoch: 67/80,	 Avg.loss: 0.0006,	 Test Accuracy: 794/1000(79%)
Task: 9,	 Epoch: 68/80,	 Avg.loss: 0.0006,	 Test Accuracy: 798/1000(80%)
Task: 9,	 Epoch: 69/80,	 Avg.loss: 0.0006,	 Test Accuracy: 796/1000(80%)
Task: 9,	 Epoch: 70/80,	 Avg.loss: 0.0006,	 Test Accuracy: 797/1000(80%)
Task: 9,	 Epoch: 71/80,	 Avg.loss: 0.0006,	 Test Accuracy: 806/1000(81%)
Task: 9,	 Epoch: 72/80,	 Avg.loss: 0.0006,	 Test Accuracy: 805/1000(81%)
Task: 9,	 Epoch: 73/80,	 Avg.loss: 0.0006,	 Test Accuracy: 801/1000(80%)
Task: 9,	 Epoch: 74/80,	 Avg.loss: 0.0006,	 Test Accuracy: 802/1000(80%)
Task: 9,	 Epoch: 75/80,	 Avg.loss: 0.0006,	 Test Accuracy: 795/1000(80%)
Task: 9,	 Epoch: 76/80,	 Avg.loss: 0.0006,	 Test Accuracy: 793/1000(79%)
Task: 9,	 Epoch: 77/80,	 Avg.loss: 0.0006,	 Test Accuracy: 799/1000(80%)
Task: 9,	 Epoch: 78/80,	 Avg.loss: 0.0006,	 Test Accuracy: 807/1000(81%)
Task: 9,	 Epoch: 79/80,	 Avg.loss: 0.0006,	 Test Accuracy: 794/1000(79%)
Trained Task:9, Loaded task:0, Accuracy:85.6%
Trained Task:9, Loaded task:1, Accuracy:78.6%
Trained Task:9, Loaded task:2, Accuracy:81.6%
Trained Task:9, Loaded task:3, Accuracy:74.6%
Trained Task:9, Loaded task:4, Accuracy:79.7%
Trained Task:9, Loaded task:5, Accuracy:76.1%
Trained Task:9, Loaded task:6, Accuracy:74.0%
Trained Task:9, Loaded task:7, Accuracy:71.1%
Trained Task:9, Loaded task:8, Accuracy:76.9%
Trained Task:9, Loaded task:9, Accuracy:79.4%
Trained Task:9, Avg. Accuracy: 77.8 

List of avg. accuracy: [87.1, 82.7, 82.4, 80.0, 79.8, 79.2, 78.5, 77.6, 77.3, 77.8]
