fc1
fc2
Mask histogram
conv1_layer.0.weight: 
 tensor([    0, 32768,     0,     0,     0,     0,     0,     0,     0,     0,
            0], device='cuda:0', dtype=torch.int32)
conv2_layer.0.weight: 
 tensor([   0, 8192,    0,    0,    0,    0,    0,    0,    0,    0,    0],
       device='cuda:0', dtype=torch.int32)
conv3_layer.0.weight: 
 tensor([    0, 16384,     0,     0,     0,     0,     0,     0,     0,     0,
            0], device='cuda:0', dtype=torch.int32)
conv4_layer.0.weight: 
 tensor([   0, 4096,    0,    0,    0,    0,    0,    0,    0,    0,    0],
       device='cuda:0', dtype=torch.int32)
fc1_layer.0.weight: 
 tensor([  0, 512,   0,   0,   0,   0,   0,   0,   0,   0,   0],
       device='cuda:0', dtype=torch.int32)
Head Finetuning    :Task: 0,	 Epoch: 0/40,	 Avg.loss: 0.0013,	 Test Accuracy: 583/1000(58%)
Head Finetuning    :Task: 0,	 Epoch: 1/40,	 Avg.loss: 0.0011,	 Test Accuracy: 651/1000(65%)
Head Finetuning    :Task: 0,	 Epoch: 2/40,	 Avg.loss: 0.0010,	 Test Accuracy: 682/1000(68%)
Head Finetuning    :Task: 0,	 Epoch: 3/40,	 Avg.loss: 0.0009,	 Test Accuracy: 694/1000(69%)
Head Finetuning    :Task: 0,	 Epoch: 4/40,	 Avg.loss: 0.0009,	 Test Accuracy: 702/1000(70%)
Head Finetuning    :Task: 0,	 Epoch: 5/40,	 Avg.loss: 0.0009,	 Test Accuracy: 700/1000(70%)
Head Finetuning    :Task: 0,	 Epoch: 6/40,	 Avg.loss: 0.0009,	 Test Accuracy: 694/1000(69%)
Head Finetuning    :Task: 0,	 Epoch: 7/40,	 Avg.loss: 0.0009,	 Test Accuracy: 703/1000(70%)
Head Finetuning    :Task: 0,	 Epoch: 8/40,	 Avg.loss: 0.0009,	 Test Accuracy: 706/1000(71%)
Head Finetuning    :Task: 0,	 Epoch: 9/40,	 Avg.loss: 0.0009,	 Test Accuracy: 714/1000(71%)
Head Finetuning    :Task: 0,	 Epoch: 10/40,	 Avg.loss: 0.0009,	 Test Accuracy: 716/1000(72%)
Head Finetuning    :Task: 0,	 Epoch: 11/40,	 Avg.loss: 0.0008,	 Test Accuracy: 712/1000(71%)
Head Finetuning    :Task: 0,	 Epoch: 12/40,	 Avg.loss: 0.0009,	 Test Accuracy: 716/1000(72%)
Head Finetuning    :Task: 0,	 Epoch: 13/40,	 Avg.loss: 0.0008,	 Test Accuracy: 706/1000(71%)
Head Finetuning    :Task: 0,	 Epoch: 14/40,	 Avg.loss: 0.0008,	 Test Accuracy: 705/1000(70%)
Task: 0,	 Epoch: 0/40,	 Avg.loss: 0.0025,	 Test Accuracy: 103/1000(10%)
Task: 0,	 Epoch: 0/40,	 Avg.loss: 0.0020,	 Test Accuracy: 280/1000(28%)
Task: 0,	 Epoch: 0/40,	 Avg.loss: 0.0017,	 Test Accuracy: 407/1000(41%)
Task: 0,	 Epoch: 0/40,	 Avg.loss: 0.0014,	 Test Accuracy: 541/1000(54%)
Task: 0,	 Epoch: 0/40,	 Avg.loss: 0.0012,	 Test Accuracy: 586/1000(59%)
Task: 0,	 Epoch: 0/40,	 Avg.loss: 0.0011,	 Test Accuracy: 616/1000(62%)
Task: 0,	 Epoch: 0/40,	 Avg.loss: 0.0011,	 Test Accuracy: 623/1000(62%)
Task: 0,	 Epoch: 0/40,	 Avg.loss: 0.0010,	 Test Accuracy: 683/1000(68%)
Task: 0,	 Epoch: 1/40,	 Avg.loss: 0.0008,	 Test Accuracy: 749/1000(75%)
Task: 0,	 Epoch: 2/40,	 Avg.loss: 0.0007,	 Test Accuracy: 786/1000(79%)
Task: 0,	 Epoch: 3/40,	 Avg.loss: 0.0006,	 Test Accuracy: 780/1000(78%)
Task: 0,	 Epoch: 4/40,	 Avg.loss: 0.0006,	 Test Accuracy: 799/1000(80%)
Task: 0,	 Epoch: 5/40,	 Avg.loss: 0.0006,	 Test Accuracy: 799/1000(80%)
Task: 0,	 Epoch: 6/40,	 Avg.loss: 0.0006,	 Test Accuracy: 813/1000(81%)
Task: 0,	 Epoch: 7/40,	 Avg.loss: 0.0006,	 Test Accuracy: 802/1000(80%)
Task: 0,	 Epoch: 8/40,	 Avg.loss: 0.0006,	 Test Accuracy: 803/1000(80%)
Task: 0,	 Epoch: 9/40,	 Avg.loss: 0.0006,	 Test Accuracy: 823/1000(82%)
Task: 0,	 Epoch: 10/40,	 Avg.loss: 0.0006,	 Test Accuracy: 817/1000(82%)
Task: 0,	 Epoch: 11/40,	 Avg.loss: 0.0006,	 Test Accuracy: 811/1000(81%)
Task: 0,	 Epoch: 12/40,	 Avg.loss: 0.0006,	 Test Accuracy: 826/1000(83%)
Task: 0,	 Epoch: 13/40,	 Avg.loss: 0.0006,	 Test Accuracy: 837/1000(84%)
Task: 0,	 Epoch: 14/40,	 Avg.loss: 0.0005,	 Test Accuracy: 839/1000(84%)
Task: 0,	 Epoch: 15/40,	 Avg.loss: 0.0006,	 Test Accuracy: 832/1000(83%)
Task: 0,	 Epoch: 16/40,	 Avg.loss: 0.0005,	 Test Accuracy: 840/1000(84%)
Task: 0,	 Epoch: 17/40,	 Avg.loss: 0.0006,	 Test Accuracy: 816/1000(82%)
Task: 0,	 Epoch: 18/40,	 Avg.loss: 0.0005,	 Test Accuracy: 832/1000(83%)
Task: 0,	 Epoch: 19/40,	 Avg.loss: 0.0006,	 Test Accuracy: 847/1000(85%)
Task: 0,	 Epoch: 20/40,	 Avg.loss: 0.0005,	 Test Accuracy: 858/1000(86%)
Task: 0,	 Epoch: 21/40,	 Avg.loss: 0.0005,	 Test Accuracy: 854/1000(85%)
Task: 0,	 Epoch: 22/40,	 Avg.loss: 0.0005,	 Test Accuracy: 849/1000(85%)
Task: 0,	 Epoch: 23/40,	 Avg.loss: 0.0005,	 Test Accuracy: 863/1000(86%)
Task: 0,	 Epoch: 24/40,	 Avg.loss: 0.0005,	 Test Accuracy: 862/1000(86%)
Task: 0,	 Epoch: 25/40,	 Avg.loss: 0.0005,	 Test Accuracy: 862/1000(86%)
Task: 0,	 Epoch: 26/40,	 Avg.loss: 0.0005,	 Test Accuracy: 858/1000(86%)
Task: 0,	 Epoch: 27/40,	 Avg.loss: 0.0005,	 Test Accuracy: 865/1000(87%)
Task: 0,	 Epoch: 28/40,	 Avg.loss: 0.0005,	 Test Accuracy: 856/1000(86%)
Task: 0,	 Epoch: 29/40,	 Avg.loss: 0.0005,	 Test Accuracy: 855/1000(86%)
Task: 0,	 Epoch: 30/40,	 Avg.loss: 0.0005,	 Test Accuracy: 859/1000(86%)
Task: 0,	 Epoch: 31/40,	 Avg.loss: 0.0005,	 Test Accuracy: 858/1000(86%)
Task: 0,	 Epoch: 32/40,	 Avg.loss: 0.0005,	 Test Accuracy: 858/1000(86%)
Task: 0,	 Epoch: 33/40,	 Avg.loss: 0.0005,	 Test Accuracy: 858/1000(86%)
Task: 0,	 Epoch: 34/40,	 Avg.loss: 0.0005,	 Test Accuracy: 860/1000(86%)
Task: 0,	 Epoch: 35/40,	 Avg.loss: 0.0005,	 Test Accuracy: 857/1000(86%)
Task: 0,	 Epoch: 36/40,	 Avg.loss: 0.0005,	 Test Accuracy: 862/1000(86%)
Task: 0,	 Epoch: 37/40,	 Avg.loss: 0.0005,	 Test Accuracy: 864/1000(86%)
Task: 0,	 Epoch: 38/40,	 Avg.loss: 0.0005,	 Test Accuracy: 861/1000(86%)
Task: 0,	 Epoch: 39/40,	 Avg.loss: 0.0005,	 Test Accuracy: 859/1000(86%)
Trained Task:0, Loaded task:0, Accuracy:85.9%
Trained Task:0, Avg. Accuracy: 85.9 

List of avg. accuracy: [85.9]
Mask histogram
conv1_layer.0.weight: 
 tensor([    0,     0, 32768,     0,     0,     0,     0,     0,     0,     0,
            0], device='cuda:0', dtype=torch.int32)
conv2_layer.0.weight: 
 tensor([   0,    0, 8192,    0,    0,    0,    0,    0,    0,    0,    0],
       device='cuda:0', dtype=torch.int32)
conv3_layer.0.weight: 
 tensor([    0,     0, 16384,     0,     0,     0,     0,     0,     0,     0,
            0], device='cuda:0', dtype=torch.int32)
conv4_layer.0.weight: 
 tensor([   0,    0, 4096,    0,    0,    0,    0,    0,    0,    0,    0],
       device='cuda:0', dtype=torch.int32)
fc1_layer.0.weight: 
 tensor([  0,   0, 512,   0,   0,   0,   0,   0,   0,   0,   0],
       device='cuda:0', dtype=torch.int32)
Head Finetuning    :Task: 1,	 Epoch: 0/40,	 Avg.loss: 0.0028,	 Test Accuracy: 166/1000(17%)
Head Finetuning    :Task: 1,	 Epoch: 1/40,	 Avg.loss: 0.0026,	 Test Accuracy: 200/1000(20%)
Head Finetuning    :Task: 1,	 Epoch: 2/40,	 Avg.loss: 0.0024,	 Test Accuracy: 223/1000(22%)
Head Finetuning    :Task: 1,	 Epoch: 3/40,	 Avg.loss: 0.0023,	 Test Accuracy: 248/1000(25%)
Head Finetuning    :Task: 1,	 Epoch: 4/40,	 Avg.loss: 0.0022,	 Test Accuracy: 275/1000(28%)
Head Finetuning    :Task: 1,	 Epoch: 5/40,	 Avg.loss: 0.0022,	 Test Accuracy: 290/1000(29%)
Head Finetuning    :Task: 1,	 Epoch: 6/40,	 Avg.loss: 0.0021,	 Test Accuracy: 303/1000(30%)
Head Finetuning    :Task: 1,	 Epoch: 7/40,	 Avg.loss: 0.0020,	 Test Accuracy: 318/1000(32%)
Head Finetuning    :Task: 1,	 Epoch: 8/40,	 Avg.loss: 0.0020,	 Test Accuracy: 330/1000(33%)
Head Finetuning    :Task: 1,	 Epoch: 9/40,	 Avg.loss: 0.0019,	 Test Accuracy: 343/1000(34%)
Head Finetuning    :Task: 1,	 Epoch: 10/40,	 Avg.loss: 0.0019,	 Test Accuracy: 355/1000(36%)
Head Finetuning    :Task: 1,	 Epoch: 11/40,	 Avg.loss: 0.0019,	 Test Accuracy: 356/1000(36%)
Head Finetuning    :Task: 1,	 Epoch: 12/40,	 Avg.loss: 0.0018,	 Test Accuracy: 373/1000(37%)
Head Finetuning    :Task: 1,	 Epoch: 13/40,	 Avg.loss: 0.0018,	 Test Accuracy: 380/1000(38%)
Head Finetuning    :Task: 1,	 Epoch: 14/40,	 Avg.loss: 0.0018,	 Test Accuracy: 388/1000(39%)
Task: 1,	 Epoch: 0/40,	 Avg.loss: 0.0028,	 Test Accuracy: 152/1000(15%)
Task: 1,	 Epoch: 0/40,	 Avg.loss: 0.0017,	 Test Accuracy: 409/1000(41%)
Task: 1,	 Epoch: 0/40,	 Avg.loss: 0.0013,	 Test Accuracy: 538/1000(54%)
Task: 1,	 Epoch: 0/40,	 Avg.loss: 0.0011,	 Test Accuracy: 606/1000(61%)
Task: 1,	 Epoch: 0/40,	 Avg.loss: 0.0010,	 Test Accuracy: 663/1000(66%)
Task: 1,	 Epoch: 0/40,	 Avg.loss: 0.0009,	 Test Accuracy: 686/1000(69%)
Task: 1,	 Epoch: 0/40,	 Avg.loss: 0.0009,	 Test Accuracy: 685/1000(68%)
Task: 1,	 Epoch: 0/40,	 Avg.loss: 0.0009,	 Test Accuracy: 704/1000(70%)
Task: 1,	 Epoch: 1/40,	 Avg.loss: 0.0008,	 Test Accuracy: 713/1000(71%)
Task: 1,	 Epoch: 2/40,	 Avg.loss: 0.0008,	 Test Accuracy: 738/1000(74%)
Task: 1,	 Epoch: 3/40,	 Avg.loss: 0.0007,	 Test Accuracy: 751/1000(75%)
Task: 1,	 Epoch: 4/40,	 Avg.loss: 0.0007,	 Test Accuracy: 755/1000(76%)
Task: 1,	 Epoch: 5/40,	 Avg.loss: 0.0007,	 Test Accuracy: 751/1000(75%)
Task: 1,	 Epoch: 6/40,	 Avg.loss: 0.0007,	 Test Accuracy: 760/1000(76%)
Task: 1,	 Epoch: 7/40,	 Avg.loss: 0.0008,	 Test Accuracy: 742/1000(74%)
Task: 1,	 Epoch: 8/40,	 Avg.loss: 0.0008,	 Test Accuracy: 744/1000(74%)
Task: 1,	 Epoch: 9/40,	 Avg.loss: 0.0008,	 Test Accuracy: 747/1000(75%)
Task: 1,	 Epoch: 10/40,	 Avg.loss: 0.0007,	 Test Accuracy: 771/1000(77%)
Task: 1,	 Epoch: 11/40,	 Avg.loss: 0.0007,	 Test Accuracy: 779/1000(78%)
Task: 1,	 Epoch: 12/40,	 Avg.loss: 0.0007,	 Test Accuracy: 775/1000(78%)
Task: 1,	 Epoch: 13/40,	 Avg.loss: 0.0007,	 Test Accuracy: 779/1000(78%)
Task: 1,	 Epoch: 14/40,	 Avg.loss: 0.0007,	 Test Accuracy: 773/1000(77%)
Task: 1,	 Epoch: 15/40,	 Avg.loss: 0.0007,	 Test Accuracy: 791/1000(79%)
Task: 1,	 Epoch: 16/40,	 Avg.loss: 0.0007,	 Test Accuracy: 781/1000(78%)
Task: 1,	 Epoch: 17/40,	 Avg.loss: 0.0007,	 Test Accuracy: 754/1000(75%)
Task: 1,	 Epoch: 18/40,	 Avg.loss: 0.0007,	 Test Accuracy: 766/1000(77%)
Task: 1,	 Epoch: 19/40,	 Avg.loss: 0.0008,	 Test Accuracy: 746/1000(75%)
Task: 1,	 Epoch: 20/40,	 Avg.loss: 0.0007,	 Test Accuracy: 778/1000(78%)
Task: 1,	 Epoch: 21/40,	 Avg.loss: 0.0006,	 Test Accuracy: 786/1000(79%)
Task: 1,	 Epoch: 22/40,	 Avg.loss: 0.0006,	 Test Accuracy: 788/1000(79%)
Task: 1,	 Epoch: 23/40,	 Avg.loss: 0.0006,	 Test Accuracy: 790/1000(79%)
Task: 1,	 Epoch: 24/40,	 Avg.loss: 0.0006,	 Test Accuracy: 784/1000(78%)
Task: 1,	 Epoch: 25/40,	 Avg.loss: 0.0006,	 Test Accuracy: 790/1000(79%)
Task: 1,	 Epoch: 26/40,	 Avg.loss: 0.0006,	 Test Accuracy: 788/1000(79%)
Task: 1,	 Epoch: 27/40,	 Avg.loss: 0.0006,	 Test Accuracy: 785/1000(78%)
Task: 1,	 Epoch: 28/40,	 Avg.loss: 0.0006,	 Test Accuracy: 786/1000(79%)
Task: 1,	 Epoch: 29/40,	 Avg.loss: 0.0006,	 Test Accuracy: 787/1000(79%)
Task: 1,	 Epoch: 30/40,	 Avg.loss: 0.0006,	 Test Accuracy: 788/1000(79%)
Task: 1,	 Epoch: 31/40,	 Avg.loss: 0.0006,	 Test Accuracy: 787/1000(79%)
Task: 1,	 Epoch: 32/40,	 Avg.loss: 0.0006,	 Test Accuracy: 784/1000(78%)
Task: 1,	 Epoch: 33/40,	 Avg.loss: 0.0006,	 Test Accuracy: 778/1000(78%)
Task: 1,	 Epoch: 34/40,	 Avg.loss: 0.0006,	 Test Accuracy: 786/1000(79%)
Task: 1,	 Epoch: 35/40,	 Avg.loss: 0.0006,	 Test Accuracy: 780/1000(78%)
Task: 1,	 Epoch: 36/40,	 Avg.loss: 0.0006,	 Test Accuracy: 791/1000(79%)
Task: 1,	 Epoch: 37/40,	 Avg.loss: 0.0006,	 Test Accuracy: 786/1000(79%)
Task: 1,	 Epoch: 38/40,	 Avg.loss: 0.0006,	 Test Accuracy: 791/1000(79%)
Task: 1,	 Epoch: 39/40,	 Avg.loss: 0.0006,	 Test Accuracy: 785/1000(78%)
Trained Task:1, Loaded task:0, Accuracy:82.3%
Trained Task:1, Loaded task:1, Accuracy:78.5%
Trained Task:1, Avg. Accuracy: 80.4 

List of avg. accuracy: [85.9, 80.4]
Mask histogram
conv1_layer.0.weight: 
 tensor([    0,     0,     0, 32768,     0,     0,     0,     0,     0,     0,
            0], device='cuda:0', dtype=torch.int32)
conv2_layer.0.weight: 
 tensor([   0,    0,    0, 8192,    0,    0,    0,    0,    0,    0,    0],
       device='cuda:0', dtype=torch.int32)
conv3_layer.0.weight: 
 tensor([    0,     0,     0, 16384,     0,     0,     0,     0,     0,     0,
            0], device='cuda:0', dtype=torch.int32)
conv4_layer.0.weight: 
 tensor([   0,    0,    0, 4096,    0,    0,    0,    0,    0,    0,    0],
       device='cuda:0', dtype=torch.int32)
fc1_layer.0.weight: 
 tensor([  0,   0,   0, 512,   0,   0,   0,   0,   0,   0,   0],
       device='cuda:0', dtype=torch.int32)
Head Finetuning    :Task: 2,	 Epoch: 0/40,	 Avg.loss: 0.0036,	 Test Accuracy: 89/1000(9%)
Head Finetuning    :Task: 2,	 Epoch: 1/40,	 Avg.loss: 0.0033,	 Test Accuracy: 119/1000(12%)
Head Finetuning    :Task: 2,	 Epoch: 2/40,	 Avg.loss: 0.0031,	 Test Accuracy: 150/1000(15%)
Head Finetuning    :Task: 2,	 Epoch: 3/40,	 Avg.loss: 0.0029,	 Test Accuracy: 170/1000(17%)
Head Finetuning    :Task: 2,	 Epoch: 4/40,	 Avg.loss: 0.0028,	 Test Accuracy: 192/1000(19%)
Head Finetuning    :Task: 2,	 Epoch: 5/40,	 Avg.loss: 0.0027,	 Test Accuracy: 210/1000(21%)
Head Finetuning    :Task: 2,	 Epoch: 6/40,	 Avg.loss: 0.0026,	 Test Accuracy: 233/1000(23%)
Head Finetuning    :Task: 2,	 Epoch: 7/40,	 Avg.loss: 0.0025,	 Test Accuracy: 264/1000(26%)
Head Finetuning    :Task: 2,	 Epoch: 8/40,	 Avg.loss: 0.0024,	 Test Accuracy: 277/1000(28%)
Head Finetuning    :Task: 2,	 Epoch: 9/40,	 Avg.loss: 0.0023,	 Test Accuracy: 295/1000(30%)
Head Finetuning    :Task: 2,	 Epoch: 10/40,	 Avg.loss: 0.0023,	 Test Accuracy: 301/1000(30%)
Head Finetuning    :Task: 2,	 Epoch: 11/40,	 Avg.loss: 0.0022,	 Test Accuracy: 316/1000(32%)
Head Finetuning    :Task: 2,	 Epoch: 12/40,	 Avg.loss: 0.0021,	 Test Accuracy: 329/1000(33%)
Head Finetuning    :Task: 2,	 Epoch: 13/40,	 Avg.loss: 0.0021,	 Test Accuracy: 345/1000(34%)
Head Finetuning    :Task: 2,	 Epoch: 14/40,	 Avg.loss: 0.0021,	 Test Accuracy: 356/1000(36%)
Task: 2,	 Epoch: 0/40,	 Avg.loss: 0.0034,	 Test Accuracy: 97/1000(10%)
Task: 2,	 Epoch: 0/40,	 Avg.loss: 0.0017,	 Test Accuracy: 388/1000(39%)
Task: 2,	 Epoch: 0/40,	 Avg.loss: 0.0013,	 Test Accuracy: 571/1000(57%)
Task: 2,	 Epoch: 0/40,	 Avg.loss: 0.0012,	 Test Accuracy: 628/1000(63%)
Task: 2,	 Epoch: 0/40,	 Avg.loss: 0.0011,	 Test Accuracy: 664/1000(66%)
Task: 2,	 Epoch: 0/40,	 Avg.loss: 0.0010,	 Test Accuracy: 686/1000(69%)
Task: 2,	 Epoch: 0/40,	 Avg.loss: 0.0010,	 Test Accuracy: 688/1000(69%)
Task: 2,	 Epoch: 0/40,	 Avg.loss: 0.0009,	 Test Accuracy: 700/1000(70%)
Task: 2,	 Epoch: 1/40,	 Avg.loss: 0.0008,	 Test Accuracy: 739/1000(74%)
Task: 2,	 Epoch: 2/40,	 Avg.loss: 0.0008,	 Test Accuracy: 745/1000(74%)
Task: 2,	 Epoch: 3/40,	 Avg.loss: 0.0008,	 Test Accuracy: 748/1000(75%)
Task: 2,	 Epoch: 4/40,	 Avg.loss: 0.0008,	 Test Accuracy: 757/1000(76%)
Task: 2,	 Epoch: 5/40,	 Avg.loss: 0.0008,	 Test Accuracy: 745/1000(74%)
Task: 2,	 Epoch: 6/40,	 Avg.loss: 0.0007,	 Test Accuracy: 767/1000(77%)
Task: 2,	 Epoch: 7/40,	 Avg.loss: 0.0008,	 Test Accuracy: 739/1000(74%)
Task: 2,	 Epoch: 8/40,	 Avg.loss: 0.0008,	 Test Accuracy: 746/1000(75%)
Task: 2,	 Epoch: 9/40,	 Avg.loss: 0.0007,	 Test Accuracy: 768/1000(77%)
Task: 2,	 Epoch: 10/40,	 Avg.loss: 0.0008,	 Test Accuracy: 771/1000(77%)
Task: 2,	 Epoch: 11/40,	 Avg.loss: 0.0007,	 Test Accuracy: 785/1000(78%)
Task: 2,	 Epoch: 12/40,	 Avg.loss: 0.0007,	 Test Accuracy: 785/1000(78%)
Task: 2,	 Epoch: 13/40,	 Avg.loss: 0.0007,	 Test Accuracy: 781/1000(78%)
Task: 2,	 Epoch: 14/40,	 Avg.loss: 0.0008,	 Test Accuracy: 767/1000(77%)
Task: 2,	 Epoch: 15/40,	 Avg.loss: 0.0007,	 Test Accuracy: 781/1000(78%)
Task: 2,	 Epoch: 16/40,	 Avg.loss: 0.0007,	 Test Accuracy: 770/1000(77%)
Task: 2,	 Epoch: 17/40,	 Avg.loss: 0.0007,	 Test Accuracy: 778/1000(78%)
Task: 2,	 Epoch: 18/40,	 Avg.loss: 0.0007,	 Test Accuracy: 770/1000(77%)
Task: 2,	 Epoch: 19/40,	 Avg.loss: 0.0007,	 Test Accuracy: 775/1000(78%)
Task: 2,	 Epoch: 20/40,	 Avg.loss: 0.0006,	 Test Accuracy: 797/1000(80%)
Task: 2,	 Epoch: 21/40,	 Avg.loss: 0.0006,	 Test Accuracy: 790/1000(79%)
Task: 2,	 Epoch: 22/40,	 Avg.loss: 0.0006,	 Test Accuracy: 794/1000(79%)
Task: 2,	 Epoch: 23/40,	 Avg.loss: 0.0006,	 Test Accuracy: 789/1000(79%)
Task: 2,	 Epoch: 24/40,	 Avg.loss: 0.0006,	 Test Accuracy: 793/1000(79%)
Task: 2,	 Epoch: 25/40,	 Avg.loss: 0.0006,	 Test Accuracy: 794/1000(79%)
Task: 2,	 Epoch: 26/40,	 Avg.loss: 0.0006,	 Test Accuracy: 794/1000(79%)
Task: 2,	 Epoch: 27/40,	 Avg.loss: 0.0006,	 Test Accuracy: 794/1000(79%)
Task: 2,	 Epoch: 28/40,	 Avg.loss: 0.0006,	 Test Accuracy: 798/1000(80%)
Task: 2,	 Epoch: 29/40,	 Avg.loss: 0.0006,	 Test Accuracy: 796/1000(80%)
Task: 2,	 Epoch: 30/40,	 Avg.loss: 0.0006,	 Test Accuracy: 793/1000(79%)
Task: 2,	 Epoch: 31/40,	 Avg.loss: 0.0006,	 Test Accuracy: 796/1000(80%)
Task: 2,	 Epoch: 32/40,	 Avg.loss: 0.0006,	 Test Accuracy: 799/1000(80%)
Task: 2,	 Epoch: 33/40,	 Avg.loss: 0.0006,	 Test Accuracy: 797/1000(80%)
Task: 2,	 Epoch: 34/40,	 Avg.loss: 0.0006,	 Test Accuracy: 795/1000(80%)
Task: 2,	 Epoch: 35/40,	 Avg.loss: 0.0006,	 Test Accuracy: 798/1000(80%)
Task: 2,	 Epoch: 36/40,	 Avg.loss: 0.0006,	 Test Accuracy: 796/1000(80%)
Task: 2,	 Epoch: 37/40,	 Avg.loss: 0.0006,	 Test Accuracy: 798/1000(80%)
Task: 2,	 Epoch: 38/40,	 Avg.loss: 0.0006,	 Test Accuracy: 797/1000(80%)
Task: 2,	 Epoch: 39/40,	 Avg.loss: 0.0006,	 Test Accuracy: 795/1000(80%)
Trained Task:2, Loaded task:0, Accuracy:82.5%
Trained Task:2, Loaded task:1, Accuracy:78.5%
Trained Task:2, Loaded task:2, Accuracy:79.5%
Trained Task:2, Avg. Accuracy: 80.2 

List of avg. accuracy: [85.9, 80.4, 80.2]
Mask histogram
conv1_layer.0.weight: 
 tensor([    0,     0,     0,     0, 32768,     0,     0,     0,     0,     0,
            0], device='cuda:0', dtype=torch.int32)
conv2_layer.0.weight: 
 tensor([   0,    0,    0,    0, 8192,    0,    0,    0,    0,    0,    0],
       device='cuda:0', dtype=torch.int32)
conv3_layer.0.weight: 
 tensor([    0,     0,     0,     0, 16384,     0,     0,     0,     0,     0,
            0], device='cuda:0', dtype=torch.int32)
conv4_layer.0.weight: 
 tensor([   0,    0,    0,    0, 4096,    0,    0,    0,    0,    0,    0],
       device='cuda:0', dtype=torch.int32)
fc1_layer.0.weight: 
 tensor([  0,   0,   0,   0, 512,   0,   0,   0,   0,   0,   0],
       device='cuda:0', dtype=torch.int32)
Head Finetuning    :Task: 3,	 Epoch: 0/40,	 Avg.loss: 0.0040,	 Test Accuracy: 110/1000(11%)
Head Finetuning    :Task: 3,	 Epoch: 1/40,	 Avg.loss: 0.0036,	 Test Accuracy: 127/1000(13%)
Head Finetuning    :Task: 3,	 Epoch: 2/40,	 Avg.loss: 0.0034,	 Test Accuracy: 151/1000(15%)
Head Finetuning    :Task: 3,	 Epoch: 3/40,	 Avg.loss: 0.0032,	 Test Accuracy: 171/1000(17%)
Head Finetuning    :Task: 3,	 Epoch: 4/40,	 Avg.loss: 0.0031,	 Test Accuracy: 186/1000(19%)
Head Finetuning    :Task: 3,	 Epoch: 5/40,	 Avg.loss: 0.0030,	 Test Accuracy: 203/1000(20%)
Head Finetuning    :Task: 3,	 Epoch: 6/40,	 Avg.loss: 0.0029,	 Test Accuracy: 215/1000(22%)
Head Finetuning    :Task: 3,	 Epoch: 7/40,	 Avg.loss: 0.0028,	 Test Accuracy: 230/1000(23%)
Head Finetuning    :Task: 3,	 Epoch: 8/40,	 Avg.loss: 0.0027,	 Test Accuracy: 240/1000(24%)
Head Finetuning    :Task: 3,	 Epoch: 9/40,	 Avg.loss: 0.0026,	 Test Accuracy: 257/1000(26%)
Head Finetuning    :Task: 3,	 Epoch: 10/40,	 Avg.loss: 0.0025,	 Test Accuracy: 270/1000(27%)
Head Finetuning    :Task: 3,	 Epoch: 11/40,	 Avg.loss: 0.0025,	 Test Accuracy: 281/1000(28%)
Head Finetuning    :Task: 3,	 Epoch: 12/40,	 Avg.loss: 0.0024,	 Test Accuracy: 293/1000(29%)
Head Finetuning    :Task: 3,	 Epoch: 13/40,	 Avg.loss: 0.0024,	 Test Accuracy: 298/1000(30%)
Head Finetuning    :Task: 3,	 Epoch: 14/40,	 Avg.loss: 0.0023,	 Test Accuracy: 310/1000(31%)
Task: 3,	 Epoch: 0/40,	 Avg.loss: 0.0037,	 Test Accuracy: 131/1000(13%)
Task: 3,	 Epoch: 0/40,	 Avg.loss: 0.0019,	 Test Accuracy: 354/1000(35%)
Task: 3,	 Epoch: 0/40,	 Avg.loss: 0.0014,	 Test Accuracy: 525/1000(53%)
Task: 3,	 Epoch: 0/40,	 Avg.loss: 0.0012,	 Test Accuracy: 586/1000(59%)
Task: 3,	 Epoch: 0/40,	 Avg.loss: 0.0012,	 Test Accuracy: 603/1000(60%)
Task: 3,	 Epoch: 0/40,	 Avg.loss: 0.0011,	 Test Accuracy: 646/1000(65%)
Task: 3,	 Epoch: 0/40,	 Avg.loss: 0.0011,	 Test Accuracy: 639/1000(64%)
Task: 3,	 Epoch: 0/40,	 Avg.loss: 0.0010,	 Test Accuracy: 646/1000(65%)
Task: 3,	 Epoch: 1/40,	 Avg.loss: 0.0010,	 Test Accuracy: 688/1000(69%)
Task: 3,	 Epoch: 2/40,	 Avg.loss: 0.0009,	 Test Accuracy: 703/1000(70%)
Task: 3,	 Epoch: 3/40,	 Avg.loss: 0.0009,	 Test Accuracy: 692/1000(69%)
Task: 3,	 Epoch: 4/40,	 Avg.loss: 0.0008,	 Test Accuracy: 712/1000(71%)
Task: 3,	 Epoch: 5/40,	 Avg.loss: 0.0008,	 Test Accuracy: 738/1000(74%)
Task: 3,	 Epoch: 6/40,	 Avg.loss: 0.0008,	 Test Accuracy: 732/1000(73%)
Task: 3,	 Epoch: 7/40,	 Avg.loss: 0.0008,	 Test Accuracy: 736/1000(74%)
Task: 3,	 Epoch: 8/40,	 Avg.loss: 0.0008,	 Test Accuracy: 761/1000(76%)
Task: 3,	 Epoch: 9/40,	 Avg.loss: 0.0008,	 Test Accuracy: 754/1000(75%)
Task: 3,	 Epoch: 10/40,	 Avg.loss: 0.0008,	 Test Accuracy: 748/1000(75%)
Task: 3,	 Epoch: 11/40,	 Avg.loss: 0.0008,	 Test Accuracy: 741/1000(74%)
Task: 3,	 Epoch: 12/40,	 Avg.loss: 0.0007,	 Test Accuracy: 771/1000(77%)
Task: 3,	 Epoch: 13/40,	 Avg.loss: 0.0008,	 Test Accuracy: 753/1000(75%)
Task: 3,	 Epoch: 14/40,	 Avg.loss: 0.0008,	 Test Accuracy: 738/1000(74%)
Task: 3,	 Epoch: 15/40,	 Avg.loss: 0.0007,	 Test Accuracy: 765/1000(76%)
Task: 3,	 Epoch: 16/40,	 Avg.loss: 0.0008,	 Test Accuracy: 765/1000(76%)
Task: 3,	 Epoch: 17/40,	 Avg.loss: 0.0008,	 Test Accuracy: 743/1000(74%)
Task: 3,	 Epoch: 18/40,	 Avg.loss: 0.0008,	 Test Accuracy: 741/1000(74%)
Task: 3,	 Epoch: 19/40,	 Avg.loss: 0.0008,	 Test Accuracy: 746/1000(75%)
Task: 3,	 Epoch: 20/40,	 Avg.loss: 0.0007,	 Test Accuracy: 772/1000(77%)
Task: 3,	 Epoch: 21/40,	 Avg.loss: 0.0007,	 Test Accuracy: 776/1000(78%)
Task: 3,	 Epoch: 22/40,	 Avg.loss: 0.0007,	 Test Accuracy: 774/1000(77%)
Task: 3,	 Epoch: 23/40,	 Avg.loss: 0.0007,	 Test Accuracy: 777/1000(78%)
Task: 3,	 Epoch: 24/40,	 Avg.loss: 0.0007,	 Test Accuracy: 777/1000(78%)
Task: 3,	 Epoch: 25/40,	 Avg.loss: 0.0007,	 Test Accuracy: 778/1000(78%)
Task: 3,	 Epoch: 26/40,	 Avg.loss: 0.0007,	 Test Accuracy: 788/1000(79%)
Task: 3,	 Epoch: 27/40,	 Avg.loss: 0.0007,	 Test Accuracy: 779/1000(78%)
Task: 3,	 Epoch: 28/40,	 Avg.loss: 0.0007,	 Test Accuracy: 777/1000(78%)
Task: 3,	 Epoch: 29/40,	 Avg.loss: 0.0007,	 Test Accuracy: 778/1000(78%)
Task: 3,	 Epoch: 30/40,	 Avg.loss: 0.0007,	 Test Accuracy: 784/1000(78%)
Task: 3,	 Epoch: 31/40,	 Avg.loss: 0.0007,	 Test Accuracy: 781/1000(78%)
Task: 3,	 Epoch: 32/40,	 Avg.loss: 0.0007,	 Test Accuracy: 784/1000(78%)
Task: 3,	 Epoch: 33/40,	 Avg.loss: 0.0007,	 Test Accuracy: 776/1000(78%)
Task: 3,	 Epoch: 34/40,	 Avg.loss: 0.0007,	 Test Accuracy: 776/1000(78%)
Task: 3,	 Epoch: 35/40,	 Avg.loss: 0.0007,	 Test Accuracy: 778/1000(78%)
Task: 3,	 Epoch: 36/40,	 Avg.loss: 0.0007,	 Test Accuracy: 779/1000(78%)
Task: 3,	 Epoch: 37/40,	 Avg.loss: 0.0007,	 Test Accuracy: 784/1000(78%)
Task: 3,	 Epoch: 38/40,	 Avg.loss: 0.0007,	 Test Accuracy: 784/1000(78%)
Task: 3,	 Epoch: 39/40,	 Avg.loss: 0.0007,	 Test Accuracy: 780/1000(78%)
Trained Task:3, Loaded task:0, Accuracy:81.0%
Trained Task:3, Loaded task:1, Accuracy:79.5%
Trained Task:3, Loaded task:2, Accuracy:78.1%
Trained Task:3, Loaded task:3, Accuracy:78.0%
Trained Task:3, Avg. Accuracy: 79.2 

List of avg. accuracy: [85.9, 80.4, 80.2, 79.2]
Mask histogram
conv1_layer.0.weight: 
 tensor([    0,     0,     0,     0,     0, 32768,     0,     0,     0,     0,
            0], device='cuda:0', dtype=torch.int32)
conv2_layer.0.weight: 
 tensor([   0,    0,    0,    0,    0, 8192,    0,    0,    0,    0,    0],
       device='cuda:0', dtype=torch.int32)
conv3_layer.0.weight: 
 tensor([    0,     0,     0,     0,     0, 16384,     0,     0,     0,     0,
            0], device='cuda:0', dtype=torch.int32)
conv4_layer.0.weight: 
 tensor([   0,    0,    0,    0,    0, 4096,    0,    0,    0,    0,    0],
       device='cuda:0', dtype=torch.int32)
fc1_layer.0.weight: 
 tensor([  0,   0,   0,   0,   0, 512,   0,   0,   0,   0,   0],
       device='cuda:0', dtype=torch.int32)
Head Finetuning    :Task: 4,	 Epoch: 0/40,	 Avg.loss: 0.0042,	 Test Accuracy: 146/1000(15%)
Head Finetuning    :Task: 4,	 Epoch: 1/40,	 Avg.loss: 0.0037,	 Test Accuracy: 169/1000(17%)
Head Finetuning    :Task: 4,	 Epoch: 2/40,	 Avg.loss: 0.0034,	 Test Accuracy: 190/1000(19%)
Head Finetuning    :Task: 4,	 Epoch: 3/40,	 Avg.loss: 0.0032,	 Test Accuracy: 215/1000(22%)
Head Finetuning    :Task: 4,	 Epoch: 4/40,	 Avg.loss: 0.0030,	 Test Accuracy: 239/1000(24%)
Head Finetuning    :Task: 4,	 Epoch: 5/40,	 Avg.loss: 0.0029,	 Test Accuracy: 250/1000(25%)
Head Finetuning    :Task: 4,	 Epoch: 6/40,	 Avg.loss: 0.0028,	 Test Accuracy: 262/1000(26%)
Head Finetuning    :Task: 4,	 Epoch: 7/40,	 Avg.loss: 0.0027,	 Test Accuracy: 277/1000(28%)
Head Finetuning    :Task: 4,	 Epoch: 8/40,	 Avg.loss: 0.0026,	 Test Accuracy: 297/1000(30%)
Head Finetuning    :Task: 4,	 Epoch: 9/40,	 Avg.loss: 0.0025,	 Test Accuracy: 312/1000(31%)
Head Finetuning    :Task: 4,	 Epoch: 10/40,	 Avg.loss: 0.0024,	 Test Accuracy: 332/1000(33%)
Head Finetuning    :Task: 4,	 Epoch: 11/40,	 Avg.loss: 0.0023,	 Test Accuracy: 349/1000(35%)
Head Finetuning    :Task: 4,	 Epoch: 12/40,	 Avg.loss: 0.0022,	 Test Accuracy: 367/1000(37%)
Head Finetuning    :Task: 4,	 Epoch: 13/40,	 Avg.loss: 0.0022,	 Test Accuracy: 389/1000(39%)
Head Finetuning    :Task: 4,	 Epoch: 14/40,	 Avg.loss: 0.0021,	 Test Accuracy: 398/1000(40%)
Task: 4,	 Epoch: 0/40,	 Avg.loss: 0.0039,	 Test Accuracy: 144/1000(14%)
Task: 4,	 Epoch: 0/40,	 Avg.loss: 0.0017,	 Test Accuracy: 431/1000(43%)
Task: 4,	 Epoch: 0/40,	 Avg.loss: 0.0013,	 Test Accuracy: 623/1000(62%)
Task: 4,	 Epoch: 0/40,	 Avg.loss: 0.0011,	 Test Accuracy: 670/1000(67%)
Task: 4,	 Epoch: 0/40,	 Avg.loss: 0.0010,	 Test Accuracy: 682/1000(68%)
Task: 4,	 Epoch: 0/40,	 Avg.loss: 0.0010,	 Test Accuracy: 718/1000(72%)
Task: 4,	 Epoch: 0/40,	 Avg.loss: 0.0010,	 Test Accuracy: 675/1000(68%)
Task: 4,	 Epoch: 0/40,	 Avg.loss: 0.0011,	 Test Accuracy: 669/1000(67%)
Task: 4,	 Epoch: 1/40,	 Avg.loss: 0.0009,	 Test Accuracy: 731/1000(73%)
Task: 4,	 Epoch: 2/40,	 Avg.loss: 0.0009,	 Test Accuracy: 712/1000(71%)
Task: 4,	 Epoch: 3/40,	 Avg.loss: 0.0009,	 Test Accuracy: 717/1000(72%)
Task: 4,	 Epoch: 4/40,	 Avg.loss: 0.0008,	 Test Accuracy: 755/1000(76%)
Task: 4,	 Epoch: 5/40,	 Avg.loss: 0.0008,	 Test Accuracy: 754/1000(75%)
Task: 4,	 Epoch: 6/40,	 Avg.loss: 0.0007,	 Test Accuracy: 768/1000(77%)
Task: 4,	 Epoch: 7/40,	 Avg.loss: 0.0007,	 Test Accuracy: 755/1000(76%)
Task: 4,	 Epoch: 8/40,	 Avg.loss: 0.0007,	 Test Accuracy: 761/1000(76%)
Task: 4,	 Epoch: 9/40,	 Avg.loss: 0.0008,	 Test Accuracy: 750/1000(75%)
Task: 4,	 Epoch: 10/40,	 Avg.loss: 0.0007,	 Test Accuracy: 757/1000(76%)
Task: 4,	 Epoch: 11/40,	 Avg.loss: 0.0007,	 Test Accuracy: 769/1000(77%)
Task: 4,	 Epoch: 12/40,	 Avg.loss: 0.0007,	 Test Accuracy: 773/1000(77%)
Task: 4,	 Epoch: 13/40,	 Avg.loss: 0.0008,	 Test Accuracy: 752/1000(75%)
Task: 4,	 Epoch: 14/40,	 Avg.loss: 0.0008,	 Test Accuracy: 763/1000(76%)
Task: 4,	 Epoch: 15/40,	 Avg.loss: 0.0007,	 Test Accuracy: 766/1000(77%)
Task: 4,	 Epoch: 16/40,	 Avg.loss: 0.0007,	 Test Accuracy: 752/1000(75%)
Task: 4,	 Epoch: 17/40,	 Avg.loss: 0.0007,	 Test Accuracy: 767/1000(77%)
Task: 4,	 Epoch: 18/40,	 Avg.loss: 0.0007,	 Test Accuracy: 784/1000(78%)
Task: 4,	 Epoch: 19/40,	 Avg.loss: 0.0008,	 Test Accuracy: 751/1000(75%)
Task: 4,	 Epoch: 20/40,	 Avg.loss: 0.0006,	 Test Accuracy: 790/1000(79%)
Task: 4,	 Epoch: 21/40,	 Avg.loss: 0.0006,	 Test Accuracy: 784/1000(78%)
Task: 4,	 Epoch: 22/40,	 Avg.loss: 0.0006,	 Test Accuracy: 792/1000(79%)
Task: 4,	 Epoch: 23/40,	 Avg.loss: 0.0006,	 Test Accuracy: 789/1000(79%)
Task: 4,	 Epoch: 24/40,	 Avg.loss: 0.0006,	 Test Accuracy: 784/1000(78%)
Task: 4,	 Epoch: 25/40,	 Avg.loss: 0.0006,	 Test Accuracy: 795/1000(80%)
Task: 4,	 Epoch: 26/40,	 Avg.loss: 0.0006,	 Test Accuracy: 795/1000(80%)
Task: 4,	 Epoch: 27/40,	 Avg.loss: 0.0006,	 Test Accuracy: 791/1000(79%)
Task: 4,	 Epoch: 28/40,	 Avg.loss: 0.0006,	 Test Accuracy: 793/1000(79%)
Task: 4,	 Epoch: 29/40,	 Avg.loss: 0.0006,	 Test Accuracy: 795/1000(80%)
Task: 4,	 Epoch: 30/40,	 Avg.loss: 0.0006,	 Test Accuracy: 795/1000(80%)
Task: 4,	 Epoch: 31/40,	 Avg.loss: 0.0006,	 Test Accuracy: 793/1000(79%)
Task: 4,	 Epoch: 32/40,	 Avg.loss: 0.0006,	 Test Accuracy: 797/1000(80%)
Task: 4,	 Epoch: 33/40,	 Avg.loss: 0.0006,	 Test Accuracy: 782/1000(78%)
Task: 4,	 Epoch: 34/40,	 Avg.loss: 0.0006,	 Test Accuracy: 792/1000(79%)
Task: 4,	 Epoch: 35/40,	 Avg.loss: 0.0006,	 Test Accuracy: 790/1000(79%)
Task: 4,	 Epoch: 36/40,	 Avg.loss: 0.0006,	 Test Accuracy: 790/1000(79%)
Task: 4,	 Epoch: 37/40,	 Avg.loss: 0.0006,	 Test Accuracy: 794/1000(79%)
Task: 4,	 Epoch: 38/40,	 Avg.loss: 0.0006,	 Test Accuracy: 794/1000(79%)
Task: 4,	 Epoch: 39/40,	 Avg.loss: 0.0006,	 Test Accuracy: 795/1000(80%)
Trained Task:4, Loaded task:0, Accuracy:80.7%
Trained Task:4, Loaded task:1, Accuracy:78.0%
Trained Task:4, Loaded task:2, Accuracy:77.7%
Trained Task:4, Loaded task:3, Accuracy:77.6%
Trained Task:4, Loaded task:4, Accuracy:79.5%
Trained Task:4, Avg. Accuracy: 78.7 

List of avg. accuracy: [85.9, 80.4, 80.2, 79.2, 78.7]
Mask histogram
conv1_layer.0.weight: 
 tensor([    0,     0,     0,     0,     0,     0, 32768,     0,     0,     0,
            0], device='cuda:0', dtype=torch.int32)
conv2_layer.0.weight: 
 tensor([   0,    0,    0,    0,    0,    0, 8192,    0,    0,    0,    0],
       device='cuda:0', dtype=torch.int32)
conv3_layer.0.weight: 
 tensor([    0,     0,     0,     0,     0,     0, 16384,     0,     0,     0,
            0], device='cuda:0', dtype=torch.int32)
conv4_layer.0.weight: 
 tensor([   0,    0,    0,    0,    0,    0, 4096,    0,    0,    0,    0],
       device='cuda:0', dtype=torch.int32)
fc1_layer.0.weight: 
 tensor([  0,   0,   0,   0,   0,   0, 512,   0,   0,   0,   0],
       device='cuda:0', dtype=torch.int32)
Head Finetuning    :Task: 5,	 Epoch: 0/40,	 Avg.loss: 0.0052,	 Test Accuracy: 91/1000(9%)
Head Finetuning    :Task: 5,	 Epoch: 1/40,	 Avg.loss: 0.0044,	 Test Accuracy: 103/1000(10%)
Head Finetuning    :Task: 5,	 Epoch: 2/40,	 Avg.loss: 0.0040,	 Test Accuracy: 124/1000(12%)
Head Finetuning    :Task: 5,	 Epoch: 3/40,	 Avg.loss: 0.0036,	 Test Accuracy: 148/1000(15%)
Head Finetuning    :Task: 5,	 Epoch: 4/40,	 Avg.loss: 0.0034,	 Test Accuracy: 168/1000(17%)
Head Finetuning    :Task: 5,	 Epoch: 5/40,	 Avg.loss: 0.0032,	 Test Accuracy: 192/1000(19%)
Head Finetuning    :Task: 5,	 Epoch: 6/40,	 Avg.loss: 0.0030,	 Test Accuracy: 209/1000(21%)
Head Finetuning    :Task: 5,	 Epoch: 7/40,	 Avg.loss: 0.0028,	 Test Accuracy: 224/1000(22%)
Head Finetuning    :Task: 5,	 Epoch: 8/40,	 Avg.loss: 0.0027,	 Test Accuracy: 238/1000(24%)
Head Finetuning    :Task: 5,	 Epoch: 9/40,	 Avg.loss: 0.0026,	 Test Accuracy: 257/1000(26%)
Head Finetuning    :Task: 5,	 Epoch: 10/40,	 Avg.loss: 0.0025,	 Test Accuracy: 269/1000(27%)
Head Finetuning    :Task: 5,	 Epoch: 11/40,	 Avg.loss: 0.0024,	 Test Accuracy: 290/1000(29%)
Head Finetuning    :Task: 5,	 Epoch: 12/40,	 Avg.loss: 0.0023,	 Test Accuracy: 303/1000(30%)
Head Finetuning    :Task: 5,	 Epoch: 13/40,	 Avg.loss: 0.0022,	 Test Accuracy: 318/1000(32%)
Head Finetuning    :Task: 5,	 Epoch: 14/40,	 Avg.loss: 0.0022,	 Test Accuracy: 336/1000(34%)
Task: 5,	 Epoch: 0/40,	 Avg.loss: 0.0037,	 Test Accuracy: 124/1000(12%)
Task: 5,	 Epoch: 0/40,	 Avg.loss: 0.0018,	 Test Accuracy: 373/1000(37%)
Task: 5,	 Epoch: 0/40,	 Avg.loss: 0.0013,	 Test Accuracy: 556/1000(56%)
Task: 5,	 Epoch: 0/40,	 Avg.loss: 0.0013,	 Test Accuracy: 602/1000(60%)
Task: 5,	 Epoch: 0/40,	 Avg.loss: 0.0011,	 Test Accuracy: 617/1000(62%)
Task: 5,	 Epoch: 0/40,	 Avg.loss: 0.0010,	 Test Accuracy: 644/1000(64%)
Task: 5,	 Epoch: 0/40,	 Avg.loss: 0.0009,	 Test Accuracy: 672/1000(67%)
Task: 5,	 Epoch: 0/40,	 Avg.loss: 0.0010,	 Test Accuracy: 666/1000(67%)
Task: 5,	 Epoch: 1/40,	 Avg.loss: 0.0010,	 Test Accuracy: 652/1000(65%)
Task: 5,	 Epoch: 2/40,	 Avg.loss: 0.0009,	 Test Accuracy: 697/1000(70%)
Task: 5,	 Epoch: 3/40,	 Avg.loss: 0.0009,	 Test Accuracy: 697/1000(70%)
Task: 5,	 Epoch: 4/40,	 Avg.loss: 0.0009,	 Test Accuracy: 717/1000(72%)
Task: 5,	 Epoch: 5/40,	 Avg.loss: 0.0009,	 Test Accuracy: 691/1000(69%)
Task: 5,	 Epoch: 6/40,	 Avg.loss: 0.0008,	 Test Accuracy: 735/1000(74%)
Task: 5,	 Epoch: 7/40,	 Avg.loss: 0.0008,	 Test Accuracy: 734/1000(73%)
Task: 5,	 Epoch: 8/40,	 Avg.loss: 0.0007,	 Test Accuracy: 736/1000(74%)
Task: 5,	 Epoch: 9/40,	 Avg.loss: 0.0008,	 Test Accuracy: 725/1000(72%)
Task: 5,	 Epoch: 10/40,	 Avg.loss: 0.0007,	 Test Accuracy: 743/1000(74%)
Task: 5,	 Epoch: 11/40,	 Avg.loss: 0.0008,	 Test Accuracy: 729/1000(73%)
Task: 5,	 Epoch: 12/40,	 Avg.loss: 0.0007,	 Test Accuracy: 744/1000(74%)
Task: 5,	 Epoch: 13/40,	 Avg.loss: 0.0008,	 Test Accuracy: 733/1000(73%)
Task: 5,	 Epoch: 14/40,	 Avg.loss: 0.0007,	 Test Accuracy: 730/1000(73%)
Task: 5,	 Epoch: 15/40,	 Avg.loss: 0.0007,	 Test Accuracy: 750/1000(75%)
Task: 5,	 Epoch: 16/40,	 Avg.loss: 0.0008,	 Test Accuracy: 719/1000(72%)
Task: 5,	 Epoch: 17/40,	 Avg.loss: 0.0008,	 Test Accuracy: 734/1000(73%)
Task: 5,	 Epoch: 18/40,	 Avg.loss: 0.0008,	 Test Accuracy: 728/1000(73%)
Task: 5,	 Epoch: 19/40,	 Avg.loss: 0.0007,	 Test Accuracy: 740/1000(74%)
Task: 5,	 Epoch: 20/40,	 Avg.loss: 0.0007,	 Test Accuracy: 752/1000(75%)
Task: 5,	 Epoch: 21/40,	 Avg.loss: 0.0007,	 Test Accuracy: 748/1000(75%)
Task: 5,	 Epoch: 22/40,	 Avg.loss: 0.0007,	 Test Accuracy: 756/1000(76%)
Task: 5,	 Epoch: 23/40,	 Avg.loss: 0.0007,	 Test Accuracy: 752/1000(75%)
Task: 5,	 Epoch: 24/40,	 Avg.loss: 0.0007,	 Test Accuracy: 749/1000(75%)
Task: 5,	 Epoch: 25/40,	 Avg.loss: 0.0007,	 Test Accuracy: 749/1000(75%)
Task: 5,	 Epoch: 26/40,	 Avg.loss: 0.0007,	 Test Accuracy: 752/1000(75%)
Task: 5,	 Epoch: 27/40,	 Avg.loss: 0.0007,	 Test Accuracy: 755/1000(76%)
Task: 5,	 Epoch: 28/40,	 Avg.loss: 0.0007,	 Test Accuracy: 750/1000(75%)
Task: 5,	 Epoch: 29/40,	 Avg.loss: 0.0007,	 Test Accuracy: 753/1000(75%)
Task: 5,	 Epoch: 30/40,	 Avg.loss: 0.0007,	 Test Accuracy: 751/1000(75%)
Task: 5,	 Epoch: 31/40,	 Avg.loss: 0.0007,	 Test Accuracy: 752/1000(75%)
Task: 5,	 Epoch: 32/40,	 Avg.loss: 0.0007,	 Test Accuracy: 754/1000(75%)
Task: 5,	 Epoch: 33/40,	 Avg.loss: 0.0007,	 Test Accuracy: 753/1000(75%)
Task: 5,	 Epoch: 34/40,	 Avg.loss: 0.0007,	 Test Accuracy: 753/1000(75%)
Task: 5,	 Epoch: 35/40,	 Avg.loss: 0.0007,	 Test Accuracy: 754/1000(75%)
Task: 5,	 Epoch: 36/40,	 Avg.loss: 0.0007,	 Test Accuracy: 756/1000(76%)
Task: 5,	 Epoch: 37/40,	 Avg.loss: 0.0007,	 Test Accuracy: 752/1000(75%)
Task: 5,	 Epoch: 38/40,	 Avg.loss: 0.0007,	 Test Accuracy: 753/1000(75%)
Task: 5,	 Epoch: 39/40,	 Avg.loss: 0.0007,	 Test Accuracy: 753/1000(75%)
Trained Task:5, Loaded task:0, Accuracy:79.1%
Trained Task:5, Loaded task:1, Accuracy:78.2%
Trained Task:5, Loaded task:2, Accuracy:78.2%
Trained Task:5, Loaded task:3, Accuracy:78.5%
Trained Task:5, Loaded task:4, Accuracy:79.2%
Trained Task:5, Loaded task:5, Accuracy:75.3%
Trained Task:5, Avg. Accuracy: 78.1 

List of avg. accuracy: [85.9, 80.4, 80.2, 79.2, 78.7, 78.1]
Mask histogram
conv1_layer.0.weight: 
 tensor([    0,     0,     0,     0,     0,     0,     0, 32768,     0,     0,
            0], device='cuda:0', dtype=torch.int32)
conv2_layer.0.weight: 
 tensor([   0,    0,    0,    0,    0,    0,    0, 8192,    0,    0,    0],
       device='cuda:0', dtype=torch.int32)
conv3_layer.0.weight: 
 tensor([    0,     0,     0,     0,     0,     0,     0, 16384,     0,     0,
            0], device='cuda:0', dtype=torch.int32)
conv4_layer.0.weight: 
 tensor([   0,    0,    0,    0,    0,    0,    0, 4096,    0,    0,    0],
       device='cuda:0', dtype=torch.int32)
fc1_layer.0.weight: 
 tensor([  0,   0,   0,   0,   0,   0,   0, 512,   0,   0,   0],
       device='cuda:0', dtype=torch.int32)
Head Finetuning    :Task: 6,	 Epoch: 0/40,	 Avg.loss: 0.0041,	 Test Accuracy: 88/1000(9%)
Head Finetuning    :Task: 6,	 Epoch: 1/40,	 Avg.loss: 0.0036,	 Test Accuracy: 127/1000(13%)
Head Finetuning    :Task: 6,	 Epoch: 2/40,	 Avg.loss: 0.0033,	 Test Accuracy: 162/1000(16%)
Head Finetuning    :Task: 6,	 Epoch: 3/40,	 Avg.loss: 0.0031,	 Test Accuracy: 194/1000(19%)
Head Finetuning    :Task: 6,	 Epoch: 4/40,	 Avg.loss: 0.0029,	 Test Accuracy: 214/1000(21%)
Head Finetuning    :Task: 6,	 Epoch: 5/40,	 Avg.loss: 0.0027,	 Test Accuracy: 231/1000(23%)
Head Finetuning    :Task: 6,	 Epoch: 6/40,	 Avg.loss: 0.0026,	 Test Accuracy: 247/1000(25%)
Head Finetuning    :Task: 6,	 Epoch: 7/40,	 Avg.loss: 0.0025,	 Test Accuracy: 276/1000(28%)
Head Finetuning    :Task: 6,	 Epoch: 8/40,	 Avg.loss: 0.0024,	 Test Accuracy: 297/1000(30%)
Head Finetuning    :Task: 6,	 Epoch: 9/40,	 Avg.loss: 0.0023,	 Test Accuracy: 312/1000(31%)
Head Finetuning    :Task: 6,	 Epoch: 10/40,	 Avg.loss: 0.0022,	 Test Accuracy: 329/1000(33%)
Head Finetuning    :Task: 6,	 Epoch: 11/40,	 Avg.loss: 0.0021,	 Test Accuracy: 350/1000(35%)
Head Finetuning    :Task: 6,	 Epoch: 12/40,	 Avg.loss: 0.0021,	 Test Accuracy: 362/1000(36%)
Head Finetuning    :Task: 6,	 Epoch: 13/40,	 Avg.loss: 0.0020,	 Test Accuracy: 370/1000(37%)
Head Finetuning    :Task: 6,	 Epoch: 14/40,	 Avg.loss: 0.0020,	 Test Accuracy: 389/1000(39%)
Task: 6,	 Epoch: 0/40,	 Avg.loss: 0.0036,	 Test Accuracy: 135/1000(14%)
Task: 6,	 Epoch: 0/40,	 Avg.loss: 0.0015,	 Test Accuracy: 509/1000(51%)
Task: 6,	 Epoch: 0/40,	 Avg.loss: 0.0012,	 Test Accuracy: 600/1000(60%)
Task: 6,	 Epoch: 0/40,	 Avg.loss: 0.0011,	 Test Accuracy: 655/1000(66%)
Task: 6,	 Epoch: 0/40,	 Avg.loss: 0.0010,	 Test Accuracy: 642/1000(64%)
Task: 6,	 Epoch: 0/40,	 Avg.loss: 0.0010,	 Test Accuracy: 668/1000(67%)
Task: 6,	 Epoch: 0/40,	 Avg.loss: 0.0009,	 Test Accuracy: 675/1000(68%)
Task: 6,	 Epoch: 0/40,	 Avg.loss: 0.0010,	 Test Accuracy: 656/1000(66%)
Task: 6,	 Epoch: 1/40,	 Avg.loss: 0.0012,	 Test Accuracy: 642/1000(64%)
Task: 6,	 Epoch: 2/40,	 Avg.loss: 0.0008,	 Test Accuracy: 717/1000(72%)
Task: 6,	 Epoch: 3/40,	 Avg.loss: 0.0008,	 Test Accuracy: 715/1000(72%)
Task: 6,	 Epoch: 4/40,	 Avg.loss: 0.0008,	 Test Accuracy: 748/1000(75%)
Task: 6,	 Epoch: 5/40,	 Avg.loss: 0.0007,	 Test Accuracy: 750/1000(75%)
Task: 6,	 Epoch: 6/40,	 Avg.loss: 0.0008,	 Test Accuracy: 724/1000(72%)
Task: 6,	 Epoch: 7/40,	 Avg.loss: 0.0008,	 Test Accuracy: 729/1000(73%)
Task: 6,	 Epoch: 8/40,	 Avg.loss: 0.0008,	 Test Accuracy: 738/1000(74%)
Task: 6,	 Epoch: 9/40,	 Avg.loss: 0.0008,	 Test Accuracy: 727/1000(73%)
Task: 6,	 Epoch: 10/40,	 Avg.loss: 0.0007,	 Test Accuracy: 741/1000(74%)
Task: 6,	 Epoch: 11/40,	 Avg.loss: 0.0008,	 Test Accuracy: 719/1000(72%)
Task: 6,	 Epoch: 12/40,	 Avg.loss: 0.0007,	 Test Accuracy: 751/1000(75%)
Task: 6,	 Epoch: 13/40,	 Avg.loss: 0.0007,	 Test Accuracy: 749/1000(75%)
Task: 6,	 Epoch: 14/40,	 Avg.loss: 0.0007,	 Test Accuracy: 758/1000(76%)
Task: 6,	 Epoch: 15/40,	 Avg.loss: 0.0007,	 Test Accuracy: 759/1000(76%)
Task: 6,	 Epoch: 16/40,	 Avg.loss: 0.0007,	 Test Accuracy: 739/1000(74%)
Task: 6,	 Epoch: 17/40,	 Avg.loss: 0.0007,	 Test Accuracy: 753/1000(75%)
Task: 6,	 Epoch: 18/40,	 Avg.loss: 0.0007,	 Test Accuracy: 755/1000(76%)
Task: 6,	 Epoch: 19/40,	 Avg.loss: 0.0007,	 Test Accuracy: 758/1000(76%)
Task: 6,	 Epoch: 20/40,	 Avg.loss: 0.0007,	 Test Accuracy: 773/1000(77%)
Task: 6,	 Epoch: 21/40,	 Avg.loss: 0.0006,	 Test Accuracy: 771/1000(77%)
Task: 6,	 Epoch: 22/40,	 Avg.loss: 0.0006,	 Test Accuracy: 762/1000(76%)
Task: 6,	 Epoch: 23/40,	 Avg.loss: 0.0007,	 Test Accuracy: 773/1000(77%)
Task: 6,	 Epoch: 24/40,	 Avg.loss: 0.0006,	 Test Accuracy: 768/1000(77%)
Task: 6,	 Epoch: 25/40,	 Avg.loss: 0.0007,	 Test Accuracy: 766/1000(77%)
Task: 6,	 Epoch: 26/40,	 Avg.loss: 0.0006,	 Test Accuracy: 772/1000(77%)
Task: 6,	 Epoch: 27/40,	 Avg.loss: 0.0006,	 Test Accuracy: 765/1000(76%)
Task: 6,	 Epoch: 28/40,	 Avg.loss: 0.0006,	 Test Accuracy: 771/1000(77%)
Task: 6,	 Epoch: 29/40,	 Avg.loss: 0.0007,	 Test Accuracy: 769/1000(77%)
Task: 6,	 Epoch: 30/40,	 Avg.loss: 0.0006,	 Test Accuracy: 771/1000(77%)
Task: 6,	 Epoch: 31/40,	 Avg.loss: 0.0007,	 Test Accuracy: 766/1000(77%)
Task: 6,	 Epoch: 32/40,	 Avg.loss: 0.0007,	 Test Accuracy: 769/1000(77%)
Task: 6,	 Epoch: 33/40,	 Avg.loss: 0.0007,	 Test Accuracy: 767/1000(77%)
Task: 6,	 Epoch: 34/40,	 Avg.loss: 0.0007,	 Test Accuracy: 765/1000(76%)
Task: 6,	 Epoch: 35/40,	 Avg.loss: 0.0007,	 Test Accuracy: 764/1000(76%)
Task: 6,	 Epoch: 36/40,	 Avg.loss: 0.0007,	 Test Accuracy: 767/1000(77%)
Task: 6,	 Epoch: 37/40,	 Avg.loss: 0.0006,	 Test Accuracy: 769/1000(77%)
Task: 6,	 Epoch: 38/40,	 Avg.loss: 0.0007,	 Test Accuracy: 760/1000(76%)
Task: 6,	 Epoch: 39/40,	 Avg.loss: 0.0006,	 Test Accuracy: 773/1000(77%)
Trained Task:6, Loaded task:0, Accuracy:79.7%
Trained Task:6, Loaded task:1, Accuracy:78.4%
Trained Task:6, Loaded task:2, Accuracy:77.7%
Trained Task:6, Loaded task:3, Accuracy:78.2%
Trained Task:6, Loaded task:4, Accuracy:79.8%
Trained Task:6, Loaded task:5, Accuracy:75.0%
Trained Task:6, Loaded task:6, Accuracy:77.3%
Trained Task:6, Avg. Accuracy: 78.0 

List of avg. accuracy: [85.9, 80.4, 80.2, 79.2, 78.7, 78.1, 78.0]
Mask histogram
conv1_layer.0.weight: 
 tensor([    0,     0,     0,     0,     0,     0,     0,     0, 32768,     0,
            0], device='cuda:0', dtype=torch.int32)
conv2_layer.0.weight: 
 tensor([   0,    0,    0,    0,    0,    0,    0,    0, 8192,    0,    0],
       device='cuda:0', dtype=torch.int32)
conv3_layer.0.weight: 
 tensor([    0,     0,     0,     0,     0,     0,     0,     0, 16384,     0,
            0], device='cuda:0', dtype=torch.int32)
conv4_layer.0.weight: 
 tensor([   0,    0,    0,    0,    0,    0,    0,    0, 4096,    0,    0],
       device='cuda:0', dtype=torch.int32)
fc1_layer.0.weight: 
 tensor([  0,   0,   0,   0,   0,   0,   0,   0, 512,   0,   0],
       device='cuda:0', dtype=torch.int32)
Head Finetuning    :Task: 7,	 Epoch: 0/40,	 Avg.loss: 0.0046,	 Test Accuracy: 134/1000(13%)
Head Finetuning    :Task: 7,	 Epoch: 1/40,	 Avg.loss: 0.0040,	 Test Accuracy: 147/1000(15%)
Head Finetuning    :Task: 7,	 Epoch: 2/40,	 Avg.loss: 0.0036,	 Test Accuracy: 167/1000(17%)
Head Finetuning    :Task: 7,	 Epoch: 3/40,	 Avg.loss: 0.0034,	 Test Accuracy: 186/1000(19%)
Head Finetuning    :Task: 7,	 Epoch: 4/40,	 Avg.loss: 0.0032,	 Test Accuracy: 199/1000(20%)
Head Finetuning    :Task: 7,	 Epoch: 5/40,	 Avg.loss: 0.0031,	 Test Accuracy: 221/1000(22%)
Head Finetuning    :Task: 7,	 Epoch: 6/40,	 Avg.loss: 0.0030,	 Test Accuracy: 235/1000(24%)
Head Finetuning    :Task: 7,	 Epoch: 7/40,	 Avg.loss: 0.0029,	 Test Accuracy: 260/1000(26%)
Head Finetuning    :Task: 7,	 Epoch: 8/40,	 Avg.loss: 0.0028,	 Test Accuracy: 280/1000(28%)
Head Finetuning    :Task: 7,	 Epoch: 9/40,	 Avg.loss: 0.0027,	 Test Accuracy: 292/1000(29%)
Head Finetuning    :Task: 7,	 Epoch: 10/40,	 Avg.loss: 0.0026,	 Test Accuracy: 304/1000(30%)
Head Finetuning    :Task: 7,	 Epoch: 11/40,	 Avg.loss: 0.0025,	 Test Accuracy: 321/1000(32%)
Head Finetuning    :Task: 7,	 Epoch: 12/40,	 Avg.loss: 0.0025,	 Test Accuracy: 338/1000(34%)
Head Finetuning    :Task: 7,	 Epoch: 13/40,	 Avg.loss: 0.0024,	 Test Accuracy: 342/1000(34%)
Head Finetuning    :Task: 7,	 Epoch: 14/40,	 Avg.loss: 0.0024,	 Test Accuracy: 349/1000(35%)
Task: 7,	 Epoch: 0/40,	 Avg.loss: 0.0040,	 Test Accuracy: 153/1000(15%)
Task: 7,	 Epoch: 0/40,	 Avg.loss: 0.0019,	 Test Accuracy: 395/1000(40%)
Task: 7,	 Epoch: 0/40,	 Avg.loss: 0.0015,	 Test Accuracy: 540/1000(54%)
Task: 7,	 Epoch: 0/40,	 Avg.loss: 0.0014,	 Test Accuracy: 588/1000(59%)
Task: 7,	 Epoch: 0/40,	 Avg.loss: 0.0013,	 Test Accuracy: 603/1000(60%)
Task: 7,	 Epoch: 0/40,	 Avg.loss: 0.0012,	 Test Accuracy: 620/1000(62%)
Task: 7,	 Epoch: 0/40,	 Avg.loss: 0.0012,	 Test Accuracy: 613/1000(61%)
Task: 7,	 Epoch: 0/40,	 Avg.loss: 0.0012,	 Test Accuracy: 616/1000(62%)
Task: 7,	 Epoch: 1/40,	 Avg.loss: 0.0011,	 Test Accuracy: 648/1000(65%)
Task: 7,	 Epoch: 2/40,	 Avg.loss: 0.0010,	 Test Accuracy: 667/1000(67%)
Task: 7,	 Epoch: 3/40,	 Avg.loss: 0.0010,	 Test Accuracy: 698/1000(70%)
Task: 7,	 Epoch: 4/40,	 Avg.loss: 0.0009,	 Test Accuracy: 682/1000(68%)
Task: 7,	 Epoch: 5/40,	 Avg.loss: 0.0009,	 Test Accuracy: 693/1000(69%)
Task: 7,	 Epoch: 6/40,	 Avg.loss: 0.0009,	 Test Accuracy: 702/1000(70%)
Task: 7,	 Epoch: 7/40,	 Avg.loss: 0.0009,	 Test Accuracy: 712/1000(71%)
Task: 7,	 Epoch: 8/40,	 Avg.loss: 0.0008,	 Test Accuracy: 731/1000(73%)
Task: 7,	 Epoch: 9/40,	 Avg.loss: 0.0008,	 Test Accuracy: 715/1000(72%)
Task: 7,	 Epoch: 10/40,	 Avg.loss: 0.0008,	 Test Accuracy: 712/1000(71%)
Task: 7,	 Epoch: 11/40,	 Avg.loss: 0.0009,	 Test Accuracy: 711/1000(71%)
Task: 7,	 Epoch: 12/40,	 Avg.loss: 0.0008,	 Test Accuracy: 733/1000(73%)
Task: 7,	 Epoch: 13/40,	 Avg.loss: 0.0009,	 Test Accuracy: 712/1000(71%)
Task: 7,	 Epoch: 14/40,	 Avg.loss: 0.0008,	 Test Accuracy: 726/1000(73%)
Task: 7,	 Epoch: 15/40,	 Avg.loss: 0.0009,	 Test Accuracy: 713/1000(71%)
Task: 7,	 Epoch: 16/40,	 Avg.loss: 0.0008,	 Test Accuracy: 729/1000(73%)
Task: 7,	 Epoch: 17/40,	 Avg.loss: 0.0008,	 Test Accuracy: 726/1000(73%)
Task: 7,	 Epoch: 18/40,	 Avg.loss: 0.0008,	 Test Accuracy: 727/1000(73%)
Task: 7,	 Epoch: 19/40,	 Avg.loss: 0.0008,	 Test Accuracy: 720/1000(72%)
Task: 7,	 Epoch: 20/40,	 Avg.loss: 0.0008,	 Test Accuracy: 731/1000(73%)
Task: 7,	 Epoch: 21/40,	 Avg.loss: 0.0007,	 Test Accuracy: 737/1000(74%)
Task: 7,	 Epoch: 22/40,	 Avg.loss: 0.0007,	 Test Accuracy: 735/1000(74%)
Task: 7,	 Epoch: 23/40,	 Avg.loss: 0.0007,	 Test Accuracy: 741/1000(74%)
Task: 7,	 Epoch: 24/40,	 Avg.loss: 0.0007,	 Test Accuracy: 741/1000(74%)
Task: 7,	 Epoch: 25/40,	 Avg.loss: 0.0007,	 Test Accuracy: 738/1000(74%)
Task: 7,	 Epoch: 26/40,	 Avg.loss: 0.0007,	 Test Accuracy: 739/1000(74%)
Task: 7,	 Epoch: 27/40,	 Avg.loss: 0.0007,	 Test Accuracy: 738/1000(74%)
Task: 7,	 Epoch: 28/40,	 Avg.loss: 0.0007,	 Test Accuracy: 744/1000(74%)
Task: 7,	 Epoch: 29/40,	 Avg.loss: 0.0007,	 Test Accuracy: 746/1000(75%)
Task: 7,	 Epoch: 30/40,	 Avg.loss: 0.0007,	 Test Accuracy: 741/1000(74%)
Task: 7,	 Epoch: 31/40,	 Avg.loss: 0.0007,	 Test Accuracy: 748/1000(75%)
Task: 7,	 Epoch: 32/40,	 Avg.loss: 0.0007,	 Test Accuracy: 737/1000(74%)
Task: 7,	 Epoch: 33/40,	 Avg.loss: 0.0007,	 Test Accuracy: 742/1000(74%)
Task: 7,	 Epoch: 34/40,	 Avg.loss: 0.0007,	 Test Accuracy: 742/1000(74%)
Task: 7,	 Epoch: 35/40,	 Avg.loss: 0.0007,	 Test Accuracy: 742/1000(74%)
Task: 7,	 Epoch: 36/40,	 Avg.loss: 0.0007,	 Test Accuracy: 738/1000(74%)
Task: 7,	 Epoch: 37/40,	 Avg.loss: 0.0007,	 Test Accuracy: 744/1000(74%)
Task: 7,	 Epoch: 38/40,	 Avg.loss: 0.0007,	 Test Accuracy: 745/1000(74%)
Task: 7,	 Epoch: 39/40,	 Avg.loss: 0.0007,	 Test Accuracy: 747/1000(75%)
Trained Task:7, Loaded task:0, Accuracy:80.1%
Trained Task:7, Loaded task:1, Accuracy:78.4%
Trained Task:7, Loaded task:2, Accuracy:77.4%
Trained Task:7, Loaded task:3, Accuracy:78.8%
Trained Task:7, Loaded task:4, Accuracy:80.1%
Trained Task:7, Loaded task:5, Accuracy:75.4%
Trained Task:7, Loaded task:6, Accuracy:77.1%
Trained Task:7, Loaded task:7, Accuracy:74.7%
Trained Task:7, Avg. Accuracy: 77.8 

List of avg. accuracy: [85.9, 80.4, 80.2, 79.2, 78.7, 78.1, 78.0, 77.8]
Mask histogram
conv1_layer.0.weight: 
 tensor([    0,     0,     0,     0,     0,     0,     0,     0,     0, 32768,
            0], device='cuda:0', dtype=torch.int32)
conv2_layer.0.weight: 
 tensor([   0,    0,    0,    0,    0,    0,    0,    0,    0, 8192,    0],
       device='cuda:0', dtype=torch.int32)
conv3_layer.0.weight: 
 tensor([    0,     0,     0,     0,     0,     0,     0,     0,     0, 16384,
            0], device='cuda:0', dtype=torch.int32)
conv4_layer.0.weight: 
 tensor([   0,    0,    0,    0,    0,    0,    0,    0,    0, 4096,    0],
       device='cuda:0', dtype=torch.int32)
fc1_layer.0.weight: 
 tensor([  0,   0,   0,   0,   0,   0,   0,   0,   0, 512,   0],
       device='cuda:0', dtype=torch.int32)
Head Finetuning    :Task: 8,	 Epoch: 0/40,	 Avg.loss: 0.0044,	 Test Accuracy: 128/1000(13%)
Head Finetuning    :Task: 8,	 Epoch: 1/40,	 Avg.loss: 0.0039,	 Test Accuracy: 131/1000(13%)
Head Finetuning    :Task: 8,	 Epoch: 2/40,	 Avg.loss: 0.0036,	 Test Accuracy: 142/1000(14%)
Head Finetuning    :Task: 8,	 Epoch: 3/40,	 Avg.loss: 0.0033,	 Test Accuracy: 161/1000(16%)
Head Finetuning    :Task: 8,	 Epoch: 4/40,	 Avg.loss: 0.0031,	 Test Accuracy: 180/1000(18%)
Head Finetuning    :Task: 8,	 Epoch: 5/40,	 Avg.loss: 0.0030,	 Test Accuracy: 202/1000(20%)
Head Finetuning    :Task: 8,	 Epoch: 6/40,	 Avg.loss: 0.0028,	 Test Accuracy: 222/1000(22%)
Head Finetuning    :Task: 8,	 Epoch: 7/40,	 Avg.loss: 0.0027,	 Test Accuracy: 246/1000(25%)
Head Finetuning    :Task: 8,	 Epoch: 8/40,	 Avg.loss: 0.0026,	 Test Accuracy: 257/1000(26%)
Head Finetuning    :Task: 8,	 Epoch: 9/40,	 Avg.loss: 0.0025,	 Test Accuracy: 275/1000(28%)
Head Finetuning    :Task: 8,	 Epoch: 10/40,	 Avg.loss: 0.0024,	 Test Accuracy: 286/1000(29%)
Head Finetuning    :Task: 8,	 Epoch: 11/40,	 Avg.loss: 0.0024,	 Test Accuracy: 302/1000(30%)
Head Finetuning    :Task: 8,	 Epoch: 12/40,	 Avg.loss: 0.0023,	 Test Accuracy: 315/1000(32%)
Head Finetuning    :Task: 8,	 Epoch: 13/40,	 Avg.loss: 0.0022,	 Test Accuracy: 323/1000(32%)
Head Finetuning    :Task: 8,	 Epoch: 14/40,	 Avg.loss: 0.0022,	 Test Accuracy: 342/1000(34%)
Task: 8,	 Epoch: 0/40,	 Avg.loss: 0.0040,	 Test Accuracy: 154/1000(15%)
Task: 8,	 Epoch: 0/40,	 Avg.loss: 0.0017,	 Test Accuracy: 420/1000(42%)
Task: 8,	 Epoch: 0/40,	 Avg.loss: 0.0012,	 Test Accuracy: 592/1000(59%)
Task: 8,	 Epoch: 0/40,	 Avg.loss: 0.0012,	 Test Accuracy: 638/1000(64%)
Task: 8,	 Epoch: 0/40,	 Avg.loss: 0.0010,	 Test Accuracy: 675/1000(68%)
Task: 8,	 Epoch: 0/40,	 Avg.loss: 0.0011,	 Test Accuracy: 639/1000(64%)
Task: 8,	 Epoch: 0/40,	 Avg.loss: 0.0010,	 Test Accuracy: 659/1000(66%)
Task: 8,	 Epoch: 0/40,	 Avg.loss: 0.0011,	 Test Accuracy: 603/1000(60%)
Task: 8,	 Epoch: 1/40,	 Avg.loss: 0.0010,	 Test Accuracy: 663/1000(66%)
Task: 8,	 Epoch: 2/40,	 Avg.loss: 0.0009,	 Test Accuracy: 698/1000(70%)
Task: 8,	 Epoch: 3/40,	 Avg.loss: 0.0008,	 Test Accuracy: 732/1000(73%)
Task: 8,	 Epoch: 4/40,	 Avg.loss: 0.0008,	 Test Accuracy: 721/1000(72%)
Task: 8,	 Epoch: 5/40,	 Avg.loss: 0.0008,	 Test Accuracy: 742/1000(74%)
Task: 8,	 Epoch: 6/40,	 Avg.loss: 0.0007,	 Test Accuracy: 757/1000(76%)
Task: 8,	 Epoch: 7/40,	 Avg.loss: 0.0008,	 Test Accuracy: 739/1000(74%)
Task: 8,	 Epoch: 8/40,	 Avg.loss: 0.0007,	 Test Accuracy: 777/1000(78%)
Task: 8,	 Epoch: 9/40,	 Avg.loss: 0.0007,	 Test Accuracy: 764/1000(76%)
Task: 8,	 Epoch: 10/40,	 Avg.loss: 0.0007,	 Test Accuracy: 754/1000(75%)
Task: 8,	 Epoch: 11/40,	 Avg.loss: 0.0007,	 Test Accuracy: 770/1000(77%)
Task: 8,	 Epoch: 12/40,	 Avg.loss: 0.0007,	 Test Accuracy: 749/1000(75%)
Task: 8,	 Epoch: 13/40,	 Avg.loss: 0.0007,	 Test Accuracy: 766/1000(77%)
Task: 8,	 Epoch: 14/40,	 Avg.loss: 0.0007,	 Test Accuracy: 777/1000(78%)
Task: 8,	 Epoch: 15/40,	 Avg.loss: 0.0006,	 Test Accuracy: 786/1000(79%)
Task: 8,	 Epoch: 16/40,	 Avg.loss: 0.0006,	 Test Accuracy: 788/1000(79%)
Task: 8,	 Epoch: 17/40,	 Avg.loss: 0.0008,	 Test Accuracy: 736/1000(74%)
Task: 8,	 Epoch: 18/40,	 Avg.loss: 0.0007,	 Test Accuracy: 762/1000(76%)
Task: 8,	 Epoch: 19/40,	 Avg.loss: 0.0006,	 Test Accuracy: 781/1000(78%)
Task: 8,	 Epoch: 20/40,	 Avg.loss: 0.0006,	 Test Accuracy: 803/1000(80%)
Task: 8,	 Epoch: 21/40,	 Avg.loss: 0.0006,	 Test Accuracy: 803/1000(80%)
Task: 8,	 Epoch: 22/40,	 Avg.loss: 0.0006,	 Test Accuracy: 809/1000(81%)
Task: 8,	 Epoch: 23/40,	 Avg.loss: 0.0006,	 Test Accuracy: 801/1000(80%)
Task: 8,	 Epoch: 24/40,	 Avg.loss: 0.0006,	 Test Accuracy: 806/1000(81%)
Task: 8,	 Epoch: 25/40,	 Avg.loss: 0.0006,	 Test Accuracy: 807/1000(81%)
Task: 8,	 Epoch: 26/40,	 Avg.loss: 0.0006,	 Test Accuracy: 804/1000(80%)
Task: 8,	 Epoch: 27/40,	 Avg.loss: 0.0006,	 Test Accuracy: 813/1000(81%)
Task: 8,	 Epoch: 28/40,	 Avg.loss: 0.0006,	 Test Accuracy: 808/1000(81%)
Task: 8,	 Epoch: 29/40,	 Avg.loss: 0.0006,	 Test Accuracy: 809/1000(81%)
Task: 8,	 Epoch: 30/40,	 Avg.loss: 0.0006,	 Test Accuracy: 808/1000(81%)
Task: 8,	 Epoch: 31/40,	 Avg.loss: 0.0006,	 Test Accuracy: 808/1000(81%)
Task: 8,	 Epoch: 32/40,	 Avg.loss: 0.0006,	 Test Accuracy: 808/1000(81%)
Task: 8,	 Epoch: 33/40,	 Avg.loss: 0.0006,	 Test Accuracy: 815/1000(82%)
Task: 8,	 Epoch: 34/40,	 Avg.loss: 0.0006,	 Test Accuracy: 809/1000(81%)
Task: 8,	 Epoch: 35/40,	 Avg.loss: 0.0006,	 Test Accuracy: 809/1000(81%)
Task: 8,	 Epoch: 36/40,	 Avg.loss: 0.0006,	 Test Accuracy: 815/1000(82%)
Task: 8,	 Epoch: 37/40,	 Avg.loss: 0.0006,	 Test Accuracy: 810/1000(81%)
Task: 8,	 Epoch: 38/40,	 Avg.loss: 0.0006,	 Test Accuracy: 813/1000(81%)
Task: 8,	 Epoch: 39/40,	 Avg.loss: 0.0006,	 Test Accuracy: 809/1000(81%)
Trained Task:8, Loaded task:0, Accuracy:80.5%
Trained Task:8, Loaded task:1, Accuracy:77.6%
Trained Task:8, Loaded task:2, Accuracy:78.2%
Trained Task:8, Loaded task:3, Accuracy:79.2%
Trained Task:8, Loaded task:4, Accuracy:79.3%
Trained Task:8, Loaded task:5, Accuracy:75.2%
Trained Task:8, Loaded task:6, Accuracy:77.2%
Trained Task:8, Loaded task:7, Accuracy:74.1%
Trained Task:8, Loaded task:8, Accuracy:80.9%
Trained Task:8, Avg. Accuracy: 78.0 

List of avg. accuracy: [85.9, 80.4, 80.2, 79.2, 78.7, 78.1, 78.0, 77.8, 78.0]
Mask histogram
conv1_layer.0.weight: 
 tensor([    0,     0,     0,     0,     0,     0,     0,     0,     0,     0,
        32768], device='cuda:0', dtype=torch.int32)
conv2_layer.0.weight: 
 tensor([   0,    0,    0,    0,    0,    0,    0,    0,    0,    0, 8192],
       device='cuda:0', dtype=torch.int32)
conv3_layer.0.weight: 
 tensor([    0,     0,     0,     0,     0,     0,     0,     0,     0,     0,
        16384], device='cuda:0', dtype=torch.int32)
conv4_layer.0.weight: 
 tensor([   0,    0,    0,    0,    0,    0,    0,    0,    0,    0, 4096],
       device='cuda:0', dtype=torch.int32)
fc1_layer.0.weight: 
 tensor([  0,   0,   0,   0,   0,   0,   0,   0,   0,   0, 512],
       device='cuda:0', dtype=torch.int32)
Head Finetuning    :Task: 9,	 Epoch: 0/40,	 Avg.loss: 0.0040,	 Test Accuracy: 162/1000(16%)
Head Finetuning    :Task: 9,	 Epoch: 1/40,	 Avg.loss: 0.0035,	 Test Accuracy: 187/1000(19%)
Head Finetuning    :Task: 9,	 Epoch: 2/40,	 Avg.loss: 0.0032,	 Test Accuracy: 215/1000(22%)
Head Finetuning    :Task: 9,	 Epoch: 3/40,	 Avg.loss: 0.0030,	 Test Accuracy: 244/1000(24%)
Head Finetuning    :Task: 9,	 Epoch: 4/40,	 Avg.loss: 0.0028,	 Test Accuracy: 271/1000(27%)
Head Finetuning    :Task: 9,	 Epoch: 5/40,	 Avg.loss: 0.0027,	 Test Accuracy: 291/1000(29%)
Head Finetuning    :Task: 9,	 Epoch: 6/40,	 Avg.loss: 0.0026,	 Test Accuracy: 314/1000(31%)
Head Finetuning    :Task: 9,	 Epoch: 7/40,	 Avg.loss: 0.0024,	 Test Accuracy: 332/1000(33%)
Head Finetuning    :Task: 9,	 Epoch: 8/40,	 Avg.loss: 0.0024,	 Test Accuracy: 353/1000(35%)
Head Finetuning    :Task: 9,	 Epoch: 9/40,	 Avg.loss: 0.0023,	 Test Accuracy: 364/1000(36%)
Head Finetuning    :Task: 9,	 Epoch: 10/40,	 Avg.loss: 0.0022,	 Test Accuracy: 377/1000(38%)
Head Finetuning    :Task: 9,	 Epoch: 11/40,	 Avg.loss: 0.0021,	 Test Accuracy: 390/1000(39%)
Head Finetuning    :Task: 9,	 Epoch: 12/40,	 Avg.loss: 0.0021,	 Test Accuracy: 408/1000(41%)
Head Finetuning    :Task: 9,	 Epoch: 13/40,	 Avg.loss: 0.0020,	 Test Accuracy: 423/1000(42%)
Head Finetuning    :Task: 9,	 Epoch: 14/40,	 Avg.loss: 0.0019,	 Test Accuracy: 438/1000(44%)
Task: 9,	 Epoch: 0/40,	 Avg.loss: 0.0037,	 Test Accuracy: 186/1000(19%)
Task: 9,	 Epoch: 0/40,	 Avg.loss: 0.0018,	 Test Accuracy: 500/1000(50%)
Task: 9,	 Epoch: 0/40,	 Avg.loss: 0.0013,	 Test Accuracy: 619/1000(62%)
Task: 9,	 Epoch: 0/40,	 Avg.loss: 0.0011,	 Test Accuracy: 679/1000(68%)
Task: 9,	 Epoch: 0/40,	 Avg.loss: 0.0010,	 Test Accuracy: 693/1000(69%)
Task: 9,	 Epoch: 0/40,	 Avg.loss: 0.0009,	 Test Accuracy: 703/1000(70%)
Task: 9,	 Epoch: 0/40,	 Avg.loss: 0.0009,	 Test Accuracy: 710/1000(71%)
Task: 9,	 Epoch: 0/40,	 Avg.loss: 0.0009,	 Test Accuracy: 690/1000(69%)
Task: 9,	 Epoch: 1/40,	 Avg.loss: 0.0008,	 Test Accuracy: 732/1000(73%)
Task: 9,	 Epoch: 2/40,	 Avg.loss: 0.0007,	 Test Accuracy: 753/1000(75%)
Task: 9,	 Epoch: 3/40,	 Avg.loss: 0.0008,	 Test Accuracy: 739/1000(74%)
Task: 9,	 Epoch: 4/40,	 Avg.loss: 0.0006,	 Test Accuracy: 788/1000(79%)
Task: 9,	 Epoch: 5/40,	 Avg.loss: 0.0006,	 Test Accuracy: 782/1000(78%)
Task: 9,	 Epoch: 6/40,	 Avg.loss: 0.0006,	 Test Accuracy: 790/1000(79%)
Task: 9,	 Epoch: 7/40,	 Avg.loss: 0.0006,	 Test Accuracy: 805/1000(81%)
Task: 9,	 Epoch: 8/40,	 Avg.loss: 0.0006,	 Test Accuracy: 805/1000(81%)
Task: 9,	 Epoch: 9/40,	 Avg.loss: 0.0006,	 Test Accuracy: 811/1000(81%)
Task: 9,	 Epoch: 10/40,	 Avg.loss: 0.0006,	 Test Accuracy: 797/1000(80%)
Task: 9,	 Epoch: 11/40,	 Avg.loss: 0.0006,	 Test Accuracy: 811/1000(81%)
Task: 9,	 Epoch: 12/40,	 Avg.loss: 0.0006,	 Test Accuracy: 809/1000(81%)
Task: 9,	 Epoch: 13/40,	 Avg.loss: 0.0006,	 Test Accuracy: 800/1000(80%)
Task: 9,	 Epoch: 14/40,	 Avg.loss: 0.0006,	 Test Accuracy: 813/1000(81%)
Task: 9,	 Epoch: 15/40,	 Avg.loss: 0.0005,	 Test Accuracy: 824/1000(82%)
Task: 9,	 Epoch: 16/40,	 Avg.loss: 0.0006,	 Test Accuracy: 798/1000(80%)
Task: 9,	 Epoch: 17/40,	 Avg.loss: 0.0006,	 Test Accuracy: 796/1000(80%)
Task: 9,	 Epoch: 18/40,	 Avg.loss: 0.0006,	 Test Accuracy: 799/1000(80%)
Task: 9,	 Epoch: 19/40,	 Avg.loss: 0.0005,	 Test Accuracy: 823/1000(82%)
Task: 9,	 Epoch: 20/40,	 Avg.loss: 0.0005,	 Test Accuracy: 818/1000(82%)
Task: 9,	 Epoch: 21/40,	 Avg.loss: 0.0005,	 Test Accuracy: 826/1000(83%)
Task: 9,	 Epoch: 22/40,	 Avg.loss: 0.0005,	 Test Accuracy: 824/1000(82%)
Task: 9,	 Epoch: 23/40,	 Avg.loss: 0.0005,	 Test Accuracy: 826/1000(83%)
Task: 9,	 Epoch: 24/40,	 Avg.loss: 0.0005,	 Test Accuracy: 826/1000(83%)
Task: 9,	 Epoch: 25/40,	 Avg.loss: 0.0005,	 Test Accuracy: 830/1000(83%)
Task: 9,	 Epoch: 26/40,	 Avg.loss: 0.0005,	 Test Accuracy: 829/1000(83%)
Task: 9,	 Epoch: 27/40,	 Avg.loss: 0.0005,	 Test Accuracy: 831/1000(83%)
Task: 9,	 Epoch: 28/40,	 Avg.loss: 0.0005,	 Test Accuracy: 826/1000(83%)
Task: 9,	 Epoch: 29/40,	 Avg.loss: 0.0005,	 Test Accuracy: 832/1000(83%)
Task: 9,	 Epoch: 30/40,	 Avg.loss: 0.0005,	 Test Accuracy: 827/1000(83%)
Task: 9,	 Epoch: 31/40,	 Avg.loss: 0.0005,	 Test Accuracy: 834/1000(83%)
Task: 9,	 Epoch: 32/40,	 Avg.loss: 0.0005,	 Test Accuracy: 830/1000(83%)
Task: 9,	 Epoch: 33/40,	 Avg.loss: 0.0005,	 Test Accuracy: 832/1000(83%)
Task: 9,	 Epoch: 34/40,	 Avg.loss: 0.0005,	 Test Accuracy: 833/1000(83%)
Task: 9,	 Epoch: 35/40,	 Avg.loss: 0.0005,	 Test Accuracy: 827/1000(83%)
Task: 9,	 Epoch: 36/40,	 Avg.loss: 0.0005,	 Test Accuracy: 825/1000(83%)
Task: 9,	 Epoch: 37/40,	 Avg.loss: 0.0005,	 Test Accuracy: 830/1000(83%)
Task: 9,	 Epoch: 38/40,	 Avg.loss: 0.0005,	 Test Accuracy: 832/1000(83%)
Task: 9,	 Epoch: 39/40,	 Avg.loss: 0.0005,	 Test Accuracy: 830/1000(83%)
Trained Task:9, Loaded task:0, Accuracy:79.6%
Trained Task:9, Loaded task:1, Accuracy:77.8%
Trained Task:9, Loaded task:2, Accuracy:78.2%
Trained Task:9, Loaded task:3, Accuracy:79.1%
Trained Task:9, Loaded task:4, Accuracy:79.5%
Trained Task:9, Loaded task:5, Accuracy:75.4%
Trained Task:9, Loaded task:6, Accuracy:77.2%
Trained Task:9, Loaded task:7, Accuracy:74.2%
Trained Task:9, Loaded task:8, Accuracy:81.2%
Trained Task:9, Loaded task:9, Accuracy:83.0%
Trained Task:9, Avg. Accuracy: 78.5 

List of avg. accuracy: [85.9, 80.4, 80.2, 79.2, 78.7, 78.1, 78.0, 77.8, 78.0, 78.5]
