fc1
fc2
Mask histogram
conv1_layer.0.weight: 
 tensor([    0, 32768,     0,     0,     0,     0,     0,     0,     0,     0,
            0], device='cuda:0', dtype=torch.int32)
conv2_layer.0.weight: 
 tensor([   0, 8192,    0,    0,    0,    0,    0,    0,    0,    0,    0],
       device='cuda:0', dtype=torch.int32)
conv3_layer.0.weight: 
 tensor([    0, 16384,     0,     0,     0,     0,     0,     0,     0,     0,
            0], device='cuda:0', dtype=torch.int32)
conv4_layer.0.weight: 
 tensor([   0, 4096,    0,    0,    0,    0,    0,    0,    0,    0,    0],
       device='cuda:0', dtype=torch.int32)
fc1_layer.0.weight: 
 tensor([  0, 512,   0,   0,   0,   0,   0,   0,   0,   0,   0],
       device='cuda:0', dtype=torch.int32)
Head Finetuning    :Task: 0,	 Epoch: 0/40,	 Avg.loss: 0.0013,	 Test Accuracy: 587/1000(59%)
Head Finetuning    :Task: 0,	 Epoch: 1/40,	 Avg.loss: 0.0011,	 Test Accuracy: 651/1000(65%)
Head Finetuning    :Task: 0,	 Epoch: 2/40,	 Avg.loss: 0.0010,	 Test Accuracy: 682/1000(68%)
Head Finetuning    :Task: 0,	 Epoch: 3/40,	 Avg.loss: 0.0009,	 Test Accuracy: 704/1000(70%)
Head Finetuning    :Task: 0,	 Epoch: 4/40,	 Avg.loss: 0.0009,	 Test Accuracy: 714/1000(71%)
Head Finetuning    :Task: 0,	 Epoch: 5/40,	 Avg.loss: 0.0009,	 Test Accuracy: 706/1000(71%)
Head Finetuning    :Task: 0,	 Epoch: 6/40,	 Avg.loss: 0.0009,	 Test Accuracy: 715/1000(72%)
Head Finetuning    :Task: 0,	 Epoch: 7/40,	 Avg.loss: 0.0009,	 Test Accuracy: 718/1000(72%)
Head Finetuning    :Task: 0,	 Epoch: 8/40,	 Avg.loss: 0.0009,	 Test Accuracy: 716/1000(72%)
Head Finetuning    :Task: 0,	 Epoch: 9/40,	 Avg.loss: 0.0009,	 Test Accuracy: 720/1000(72%)
Head Finetuning    :Task: 0,	 Epoch: 10/40,	 Avg.loss: 0.0009,	 Test Accuracy: 718/1000(72%)
Head Finetuning    :Task: 0,	 Epoch: 11/40,	 Avg.loss: 0.0008,	 Test Accuracy: 721/1000(72%)
Head Finetuning    :Task: 0,	 Epoch: 12/40,	 Avg.loss: 0.0008,	 Test Accuracy: 712/1000(71%)
Head Finetuning    :Task: 0,	 Epoch: 13/40,	 Avg.loss: 0.0008,	 Test Accuracy: 709/1000(71%)
Head Finetuning    :Task: 0,	 Epoch: 14/40,	 Avg.loss: 0.0008,	 Test Accuracy: 725/1000(72%)
Task: 0,	 Epoch: 0/40,	 Avg.loss: 0.0023,	 Test Accuracy: 150/1000(15%)
Task: 0,	 Epoch: 0/40,	 Avg.loss: 0.0018,	 Test Accuracy: 383/1000(38%)
Task: 0,	 Epoch: 0/40,	 Avg.loss: 0.0016,	 Test Accuracy: 442/1000(44%)
Task: 0,	 Epoch: 0/40,	 Avg.loss: 0.0013,	 Test Accuracy: 547/1000(55%)
Task: 0,	 Epoch: 0/40,	 Avg.loss: 0.0012,	 Test Accuracy: 618/1000(62%)
Task: 0,	 Epoch: 0/40,	 Avg.loss: 0.0011,	 Test Accuracy: 612/1000(61%)
Task: 0,	 Epoch: 0/40,	 Avg.loss: 0.0011,	 Test Accuracy: 641/1000(64%)
Task: 0,	 Epoch: 0/40,	 Avg.loss: 0.0009,	 Test Accuracy: 679/1000(68%)
Task: 0,	 Epoch: 1/40,	 Avg.loss: 0.0007,	 Test Accuracy: 747/1000(75%)
Task: 0,	 Epoch: 2/40,	 Avg.loss: 0.0007,	 Test Accuracy: 769/1000(77%)
Task: 0,	 Epoch: 3/40,	 Avg.loss: 0.0006,	 Test Accuracy: 786/1000(79%)
Task: 0,	 Epoch: 4/40,	 Avg.loss: 0.0006,	 Test Accuracy: 807/1000(81%)
Task: 0,	 Epoch: 5/40,	 Avg.loss: 0.0006,	 Test Accuracy: 790/1000(79%)
Task: 0,	 Epoch: 6/40,	 Avg.loss: 0.0006,	 Test Accuracy: 805/1000(81%)
Task: 0,	 Epoch: 7/40,	 Avg.loss: 0.0006,	 Test Accuracy: 799/1000(80%)
Task: 0,	 Epoch: 8/40,	 Avg.loss: 0.0006,	 Test Accuracy: 796/1000(80%)
Task: 0,	 Epoch: 9/40,	 Avg.loss: 0.0005,	 Test Accuracy: 826/1000(83%)
Task: 0,	 Epoch: 10/40,	 Avg.loss: 0.0005,	 Test Accuracy: 819/1000(82%)
Task: 0,	 Epoch: 11/40,	 Avg.loss: 0.0006,	 Test Accuracy: 809/1000(81%)
Task: 0,	 Epoch: 12/40,	 Avg.loss: 0.0005,	 Test Accuracy: 836/1000(84%)
Task: 0,	 Epoch: 13/40,	 Avg.loss: 0.0006,	 Test Accuracy: 822/1000(82%)
Task: 0,	 Epoch: 14/40,	 Avg.loss: 0.0005,	 Test Accuracy: 839/1000(84%)
Task: 0,	 Epoch: 15/40,	 Avg.loss: 0.0005,	 Test Accuracy: 837/1000(84%)
Task: 0,	 Epoch: 16/40,	 Avg.loss: 0.0006,	 Test Accuracy: 832/1000(83%)
Task: 0,	 Epoch: 17/40,	 Avg.loss: 0.0005,	 Test Accuracy: 848/1000(85%)
Task: 0,	 Epoch: 18/40,	 Avg.loss: 0.0006,	 Test Accuracy: 833/1000(83%)
Task: 0,	 Epoch: 19/40,	 Avg.loss: 0.0006,	 Test Accuracy: 834/1000(83%)
Task: 0,	 Epoch: 20/40,	 Avg.loss: 0.0005,	 Test Accuracy: 852/1000(85%)
Task: 0,	 Epoch: 21/40,	 Avg.loss: 0.0005,	 Test Accuracy: 856/1000(86%)
Task: 0,	 Epoch: 22/40,	 Avg.loss: 0.0005,	 Test Accuracy: 860/1000(86%)
Task: 0,	 Epoch: 23/40,	 Avg.loss: 0.0005,	 Test Accuracy: 855/1000(86%)
Task: 0,	 Epoch: 24/40,	 Avg.loss: 0.0005,	 Test Accuracy: 857/1000(86%)
Task: 0,	 Epoch: 25/40,	 Avg.loss: 0.0005,	 Test Accuracy: 857/1000(86%)
Task: 0,	 Epoch: 26/40,	 Avg.loss: 0.0005,	 Test Accuracy: 860/1000(86%)
Task: 0,	 Epoch: 27/40,	 Avg.loss: 0.0005,	 Test Accuracy: 862/1000(86%)
Task: 0,	 Epoch: 28/40,	 Avg.loss: 0.0005,	 Test Accuracy: 864/1000(86%)
Task: 0,	 Epoch: 29/40,	 Avg.loss: 0.0005,	 Test Accuracy: 855/1000(86%)
Task: 0,	 Epoch: 30/40,	 Avg.loss: 0.0005,	 Test Accuracy: 866/1000(87%)
Task: 0,	 Epoch: 31/40,	 Avg.loss: 0.0005,	 Test Accuracy: 863/1000(86%)
Task: 0,	 Epoch: 32/40,	 Avg.loss: 0.0005,	 Test Accuracy: 864/1000(86%)
Task: 0,	 Epoch: 33/40,	 Avg.loss: 0.0005,	 Test Accuracy: 864/1000(86%)
Task: 0,	 Epoch: 34/40,	 Avg.loss: 0.0005,	 Test Accuracy: 858/1000(86%)
Task: 0,	 Epoch: 35/40,	 Avg.loss: 0.0005,	 Test Accuracy: 853/1000(85%)
Task: 0,	 Epoch: 36/40,	 Avg.loss: 0.0005,	 Test Accuracy: 863/1000(86%)
Task: 0,	 Epoch: 37/40,	 Avg.loss: 0.0005,	 Test Accuracy: 866/1000(87%)
Task: 0,	 Epoch: 38/40,	 Avg.loss: 0.0005,	 Test Accuracy: 864/1000(86%)
Task: 0,	 Epoch: 39/40,	 Avg.loss: 0.0005,	 Test Accuracy: 871/1000(87%)
Trained Task:0, Loaded task:0, Accuracy:87.1%
Trained Task:0, Avg. Accuracy: 87.1 

List of avg. accuracy: [87.1]
Mask histogram
conv1_layer.0.weight: 
 tensor([    0,     0, 32768,     0,     0,     0,     0,     0,     0,     0,
            0], device='cuda:0', dtype=torch.int32)
conv2_layer.0.weight: 
 tensor([   0,    0, 8192,    0,    0,    0,    0,    0,    0,    0,    0],
       device='cuda:0', dtype=torch.int32)
conv3_layer.0.weight: 
 tensor([    0,     0, 16384,     0,     0,     0,     0,     0,     0,     0,
            0], device='cuda:0', dtype=torch.int32)
conv4_layer.0.weight: 
 tensor([   0,    0, 4096,    0,    0,    0,    0,    0,    0,    0,    0],
       device='cuda:0', dtype=torch.int32)
fc1_layer.0.weight: 
 tensor([  0,   0, 512,   0,   0,   0,   0,   0,   0,   0,   0],
       device='cuda:0', dtype=torch.int32)
Head Finetuning    :Task: 1,	 Epoch: 0/40,	 Avg.loss: 0.0035,	 Test Accuracy: 86/1000(9%)
Head Finetuning    :Task: 1,	 Epoch: 1/40,	 Avg.loss: 0.0032,	 Test Accuracy: 105/1000(11%)
Head Finetuning    :Task: 1,	 Epoch: 2/40,	 Avg.loss: 0.0030,	 Test Accuracy: 122/1000(12%)
Head Finetuning    :Task: 1,	 Epoch: 3/40,	 Avg.loss: 0.0028,	 Test Accuracy: 138/1000(14%)
Head Finetuning    :Task: 1,	 Epoch: 4/40,	 Avg.loss: 0.0027,	 Test Accuracy: 163/1000(16%)
Head Finetuning    :Task: 1,	 Epoch: 5/40,	 Avg.loss: 0.0026,	 Test Accuracy: 189/1000(19%)
Head Finetuning    :Task: 1,	 Epoch: 6/40,	 Avg.loss: 0.0025,	 Test Accuracy: 207/1000(21%)
Head Finetuning    :Task: 1,	 Epoch: 7/40,	 Avg.loss: 0.0024,	 Test Accuracy: 220/1000(22%)
Head Finetuning    :Task: 1,	 Epoch: 8/40,	 Avg.loss: 0.0023,	 Test Accuracy: 249/1000(25%)
Head Finetuning    :Task: 1,	 Epoch: 9/40,	 Avg.loss: 0.0023,	 Test Accuracy: 259/1000(26%)
Head Finetuning    :Task: 1,	 Epoch: 10/40,	 Avg.loss: 0.0022,	 Test Accuracy: 274/1000(27%)
Head Finetuning    :Task: 1,	 Epoch: 11/40,	 Avg.loss: 0.0021,	 Test Accuracy: 289/1000(29%)
Head Finetuning    :Task: 1,	 Epoch: 12/40,	 Avg.loss: 0.0021,	 Test Accuracy: 300/1000(30%)
Head Finetuning    :Task: 1,	 Epoch: 13/40,	 Avg.loss: 0.0020,	 Test Accuracy: 315/1000(32%)
Head Finetuning    :Task: 1,	 Epoch: 14/40,	 Avg.loss: 0.0020,	 Test Accuracy: 321/1000(32%)
Task: 1,	 Epoch: 0/40,	 Avg.loss: 0.0034,	 Test Accuracy: 94/1000(9%)
Task: 1,	 Epoch: 0/40,	 Avg.loss: 0.0019,	 Test Accuracy: 343/1000(34%)
Task: 1,	 Epoch: 0/40,	 Avg.loss: 0.0015,	 Test Accuracy: 504/1000(50%)
Task: 1,	 Epoch: 0/40,	 Avg.loss: 0.0012,	 Test Accuracy: 578/1000(58%)
Task: 1,	 Epoch: 0/40,	 Avg.loss: 0.0011,	 Test Accuracy: 622/1000(62%)
Task: 1,	 Epoch: 0/40,	 Avg.loss: 0.0011,	 Test Accuracy: 619/1000(62%)
Task: 1,	 Epoch: 0/40,	 Avg.loss: 0.0010,	 Test Accuracy: 646/1000(65%)
Task: 1,	 Epoch: 0/40,	 Avg.loss: 0.0010,	 Test Accuracy: 663/1000(66%)
Task: 1,	 Epoch: 1/40,	 Avg.loss: 0.0010,	 Test Accuracy: 682/1000(68%)
Task: 1,	 Epoch: 2/40,	 Avg.loss: 0.0009,	 Test Accuracy: 675/1000(68%)
Task: 1,	 Epoch: 3/40,	 Avg.loss: 0.0008,	 Test Accuracy: 704/1000(70%)
Task: 1,	 Epoch: 4/40,	 Avg.loss: 0.0008,	 Test Accuracy: 722/1000(72%)
Task: 1,	 Epoch: 5/40,	 Avg.loss: 0.0008,	 Test Accuracy: 719/1000(72%)
Task: 1,	 Epoch: 6/40,	 Avg.loss: 0.0009,	 Test Accuracy: 712/1000(71%)
Task: 1,	 Epoch: 7/40,	 Avg.loss: 0.0008,	 Test Accuracy: 745/1000(74%)
Task: 1,	 Epoch: 8/40,	 Avg.loss: 0.0008,	 Test Accuracy: 721/1000(72%)
Task: 1,	 Epoch: 9/40,	 Avg.loss: 0.0008,	 Test Accuracy: 714/1000(71%)
Task: 1,	 Epoch: 10/40,	 Avg.loss: 0.0008,	 Test Accuracy: 737/1000(74%)
Task: 1,	 Epoch: 11/40,	 Avg.loss: 0.0008,	 Test Accuracy: 724/1000(72%)
Task: 1,	 Epoch: 12/40,	 Avg.loss: 0.0007,	 Test Accuracy: 750/1000(75%)
Task: 1,	 Epoch: 13/40,	 Avg.loss: 0.0008,	 Test Accuracy: 733/1000(73%)
Task: 1,	 Epoch: 14/40,	 Avg.loss: 0.0008,	 Test Accuracy: 732/1000(73%)
Task: 1,	 Epoch: 15/40,	 Avg.loss: 0.0008,	 Test Accuracy: 724/1000(72%)
Task: 1,	 Epoch: 16/40,	 Avg.loss: 0.0008,	 Test Accuracy: 747/1000(75%)
Task: 1,	 Epoch: 17/40,	 Avg.loss: 0.0008,	 Test Accuracy: 726/1000(73%)
Task: 1,	 Epoch: 18/40,	 Avg.loss: 0.0008,	 Test Accuracy: 745/1000(74%)
Task: 1,	 Epoch: 19/40,	 Avg.loss: 0.0008,	 Test Accuracy: 743/1000(74%)
Task: 1,	 Epoch: 20/40,	 Avg.loss: 0.0007,	 Test Accuracy: 775/1000(78%)
Task: 1,	 Epoch: 21/40,	 Avg.loss: 0.0007,	 Test Accuracy: 773/1000(77%)
Task: 1,	 Epoch: 22/40,	 Avg.loss: 0.0007,	 Test Accuracy: 769/1000(77%)
Task: 1,	 Epoch: 23/40,	 Avg.loss: 0.0007,	 Test Accuracy: 769/1000(77%)
Task: 1,	 Epoch: 24/40,	 Avg.loss: 0.0007,	 Test Accuracy: 773/1000(77%)
Task: 1,	 Epoch: 25/40,	 Avg.loss: 0.0007,	 Test Accuracy: 773/1000(77%)
Task: 1,	 Epoch: 26/40,	 Avg.loss: 0.0007,	 Test Accuracy: 772/1000(77%)
Task: 1,	 Epoch: 27/40,	 Avg.loss: 0.0007,	 Test Accuracy: 767/1000(77%)
Task: 1,	 Epoch: 28/40,	 Avg.loss: 0.0007,	 Test Accuracy: 768/1000(77%)
Task: 1,	 Epoch: 29/40,	 Avg.loss: 0.0007,	 Test Accuracy: 765/1000(76%)
Task: 1,	 Epoch: 30/40,	 Avg.loss: 0.0007,	 Test Accuracy: 773/1000(77%)
Task: 1,	 Epoch: 31/40,	 Avg.loss: 0.0007,	 Test Accuracy: 771/1000(77%)
Task: 1,	 Epoch: 32/40,	 Avg.loss: 0.0007,	 Test Accuracy: 772/1000(77%)
Task: 1,	 Epoch: 33/40,	 Avg.loss: 0.0007,	 Test Accuracy: 772/1000(77%)
Task: 1,	 Epoch: 34/40,	 Avg.loss: 0.0007,	 Test Accuracy: 778/1000(78%)
Task: 1,	 Epoch: 35/40,	 Avg.loss: 0.0007,	 Test Accuracy: 771/1000(77%)
Task: 1,	 Epoch: 36/40,	 Avg.loss: 0.0007,	 Test Accuracy: 768/1000(77%)
Task: 1,	 Epoch: 37/40,	 Avg.loss: 0.0007,	 Test Accuracy: 771/1000(77%)
Task: 1,	 Epoch: 38/40,	 Avg.loss: 0.0007,	 Test Accuracy: 772/1000(77%)
Task: 1,	 Epoch: 39/40,	 Avg.loss: 0.0007,	 Test Accuracy: 769/1000(77%)
Trained Task:1, Loaded task:0, Accuracy:84.3%
Trained Task:1, Loaded task:1, Accuracy:76.9%
Trained Task:1, Avg. Accuracy: 80.6 

List of avg. accuracy: [87.1, 80.6]
Mask histogram
conv1_layer.0.weight: 
 tensor([    0,     0,     0, 32768,     0,     0,     0,     0,     0,     0,
            0], device='cuda:0', dtype=torch.int32)
conv2_layer.0.weight: 
 tensor([   0,    0,    0, 8192,    0,    0,    0,    0,    0,    0,    0],
       device='cuda:0', dtype=torch.int32)
conv3_layer.0.weight: 
 tensor([    0,     0,     0, 16384,     0,     0,     0,     0,     0,     0,
            0], device='cuda:0', dtype=torch.int32)
conv4_layer.0.weight: 
 tensor([   0,    0,    0, 4096,    0,    0,    0,    0,    0,    0,    0],
       device='cuda:0', dtype=torch.int32)
fc1_layer.0.weight: 
 tensor([  0,   0,   0, 512,   0,   0,   0,   0,   0,   0,   0],
       device='cuda:0', dtype=torch.int32)
Head Finetuning    :Task: 2,	 Epoch: 0/40,	 Avg.loss: 0.0035,	 Test Accuracy: 117/1000(12%)
Head Finetuning    :Task: 2,	 Epoch: 1/40,	 Avg.loss: 0.0032,	 Test Accuracy: 144/1000(14%)
Head Finetuning    :Task: 2,	 Epoch: 2/40,	 Avg.loss: 0.0030,	 Test Accuracy: 163/1000(16%)
Head Finetuning    :Task: 2,	 Epoch: 3/40,	 Avg.loss: 0.0029,	 Test Accuracy: 186/1000(19%)
Head Finetuning    :Task: 2,	 Epoch: 4/40,	 Avg.loss: 0.0027,	 Test Accuracy: 206/1000(21%)
Head Finetuning    :Task: 2,	 Epoch: 5/40,	 Avg.loss: 0.0026,	 Test Accuracy: 224/1000(22%)
Head Finetuning    :Task: 2,	 Epoch: 6/40,	 Avg.loss: 0.0025,	 Test Accuracy: 239/1000(24%)
Head Finetuning    :Task: 2,	 Epoch: 7/40,	 Avg.loss: 0.0024,	 Test Accuracy: 257/1000(26%)
Head Finetuning    :Task: 2,	 Epoch: 8/40,	 Avg.loss: 0.0023,	 Test Accuracy: 273/1000(27%)
Head Finetuning    :Task: 2,	 Epoch: 9/40,	 Avg.loss: 0.0023,	 Test Accuracy: 288/1000(29%)
Head Finetuning    :Task: 2,	 Epoch: 10/40,	 Avg.loss: 0.0022,	 Test Accuracy: 297/1000(30%)
Head Finetuning    :Task: 2,	 Epoch: 11/40,	 Avg.loss: 0.0021,	 Test Accuracy: 318/1000(32%)
Head Finetuning    :Task: 2,	 Epoch: 12/40,	 Avg.loss: 0.0021,	 Test Accuracy: 329/1000(33%)
Head Finetuning    :Task: 2,	 Epoch: 13/40,	 Avg.loss: 0.0020,	 Test Accuracy: 333/1000(33%)
Head Finetuning    :Task: 2,	 Epoch: 14/40,	 Avg.loss: 0.0020,	 Test Accuracy: 343/1000(34%)
Task: 2,	 Epoch: 0/40,	 Avg.loss: 0.0033,	 Test Accuracy: 128/1000(13%)
Task: 2,	 Epoch: 0/40,	 Avg.loss: 0.0018,	 Test Accuracy: 397/1000(40%)
Task: 2,	 Epoch: 0/40,	 Avg.loss: 0.0013,	 Test Accuracy: 534/1000(53%)
Task: 2,	 Epoch: 0/40,	 Avg.loss: 0.0011,	 Test Accuracy: 625/1000(63%)
Task: 2,	 Epoch: 0/40,	 Avg.loss: 0.0011,	 Test Accuracy: 657/1000(66%)
Task: 2,	 Epoch: 0/40,	 Avg.loss: 0.0010,	 Test Accuracy: 667/1000(67%)
Task: 2,	 Epoch: 0/40,	 Avg.loss: 0.0010,	 Test Accuracy: 673/1000(67%)
Task: 2,	 Epoch: 0/40,	 Avg.loss: 0.0010,	 Test Accuracy: 681/1000(68%)
Task: 2,	 Epoch: 1/40,	 Avg.loss: 0.0009,	 Test Accuracy: 717/1000(72%)
Task: 2,	 Epoch: 2/40,	 Avg.loss: 0.0008,	 Test Accuracy: 712/1000(71%)
Task: 2,	 Epoch: 3/40,	 Avg.loss: 0.0008,	 Test Accuracy: 738/1000(74%)
Task: 2,	 Epoch: 4/40,	 Avg.loss: 0.0008,	 Test Accuracy: 739/1000(74%)
Task: 2,	 Epoch: 5/40,	 Avg.loss: 0.0008,	 Test Accuracy: 734/1000(73%)
Task: 2,	 Epoch: 6/40,	 Avg.loss: 0.0007,	 Test Accuracy: 759/1000(76%)
Task: 2,	 Epoch: 7/40,	 Avg.loss: 0.0008,	 Test Accuracy: 720/1000(72%)
Task: 2,	 Epoch: 8/40,	 Avg.loss: 0.0007,	 Test Accuracy: 738/1000(74%)
Task: 2,	 Epoch: 9/40,	 Avg.loss: 0.0008,	 Test Accuracy: 756/1000(76%)
Task: 2,	 Epoch: 10/40,	 Avg.loss: 0.0008,	 Test Accuracy: 756/1000(76%)
Task: 2,	 Epoch: 11/40,	 Avg.loss: 0.0008,	 Test Accuracy: 744/1000(74%)
Task: 2,	 Epoch: 12/40,	 Avg.loss: 0.0007,	 Test Accuracy: 762/1000(76%)
Task: 2,	 Epoch: 13/40,	 Avg.loss: 0.0007,	 Test Accuracy: 767/1000(77%)
Task: 2,	 Epoch: 14/40,	 Avg.loss: 0.0007,	 Test Accuracy: 781/1000(78%)
Task: 2,	 Epoch: 15/40,	 Avg.loss: 0.0008,	 Test Accuracy: 772/1000(77%)
Task: 2,	 Epoch: 16/40,	 Avg.loss: 0.0007,	 Test Accuracy: 769/1000(77%)
Task: 2,	 Epoch: 17/40,	 Avg.loss: 0.0007,	 Test Accuracy: 785/1000(78%)
Task: 2,	 Epoch: 18/40,	 Avg.loss: 0.0007,	 Test Accuracy: 762/1000(76%)
Task: 2,	 Epoch: 19/40,	 Avg.loss: 0.0007,	 Test Accuracy: 773/1000(77%)
Task: 2,	 Epoch: 20/40,	 Avg.loss: 0.0007,	 Test Accuracy: 789/1000(79%)
Task: 2,	 Epoch: 21/40,	 Avg.loss: 0.0007,	 Test Accuracy: 782/1000(78%)
Task: 2,	 Epoch: 22/40,	 Avg.loss: 0.0007,	 Test Accuracy: 787/1000(79%)
Task: 2,	 Epoch: 23/40,	 Avg.loss: 0.0007,	 Test Accuracy: 793/1000(79%)
Task: 2,	 Epoch: 24/40,	 Avg.loss: 0.0007,	 Test Accuracy: 790/1000(79%)
Task: 2,	 Epoch: 25/40,	 Avg.loss: 0.0007,	 Test Accuracy: 791/1000(79%)
Task: 2,	 Epoch: 26/40,	 Avg.loss: 0.0007,	 Test Accuracy: 788/1000(79%)
Task: 2,	 Epoch: 27/40,	 Avg.loss: 0.0007,	 Test Accuracy: 780/1000(78%)
Task: 2,	 Epoch: 28/40,	 Avg.loss: 0.0007,	 Test Accuracy: 784/1000(78%)
Task: 2,	 Epoch: 29/40,	 Avg.loss: 0.0007,	 Test Accuracy: 784/1000(78%)
Task: 2,	 Epoch: 30/40,	 Avg.loss: 0.0007,	 Test Accuracy: 784/1000(78%)
Task: 2,	 Epoch: 31/40,	 Avg.loss: 0.0007,	 Test Accuracy: 781/1000(78%)
Task: 2,	 Epoch: 32/40,	 Avg.loss: 0.0007,	 Test Accuracy: 783/1000(78%)
Task: 2,	 Epoch: 33/40,	 Avg.loss: 0.0007,	 Test Accuracy: 783/1000(78%)
Task: 2,	 Epoch: 34/40,	 Avg.loss: 0.0007,	 Test Accuracy: 790/1000(79%)
Task: 2,	 Epoch: 35/40,	 Avg.loss: 0.0007,	 Test Accuracy: 788/1000(79%)
Task: 2,	 Epoch: 36/40,	 Avg.loss: 0.0007,	 Test Accuracy: 788/1000(79%)
Task: 2,	 Epoch: 37/40,	 Avg.loss: 0.0007,	 Test Accuracy: 788/1000(79%)
Task: 2,	 Epoch: 38/40,	 Avg.loss: 0.0007,	 Test Accuracy: 788/1000(79%)
Task: 2,	 Epoch: 39/40,	 Avg.loss: 0.0007,	 Test Accuracy: 786/1000(79%)
Trained Task:2, Loaded task:0, Accuracy:83.7%
Trained Task:2, Loaded task:1, Accuracy:76.0%
Trained Task:2, Loaded task:2, Accuracy:78.6%
Trained Task:2, Avg. Accuracy: 79.4 

List of avg. accuracy: [87.1, 80.6, 79.4]
Mask histogram
conv1_layer.0.weight: 
 tensor([    0,     0,     0,     0, 32768,     0,     0,     0,     0,     0,
            0], device='cuda:0', dtype=torch.int32)
conv2_layer.0.weight: 
 tensor([   0,    0,    0,    0, 8192,    0,    0,    0,    0,    0,    0],
       device='cuda:0', dtype=torch.int32)
conv3_layer.0.weight: 
 tensor([    0,     0,     0,     0, 16384,     0,     0,     0,     0,     0,
            0], device='cuda:0', dtype=torch.int32)
conv4_layer.0.weight: 
 tensor([   0,    0,    0,    0, 4096,    0,    0,    0,    0,    0,    0],
       device='cuda:0', dtype=torch.int32)
fc1_layer.0.weight: 
 tensor([  0,   0,   0,   0, 512,   0,   0,   0,   0,   0,   0],
       device='cuda:0', dtype=torch.int32)
Head Finetuning    :Task: 3,	 Epoch: 0/40,	 Avg.loss: 0.0039,	 Test Accuracy: 77/1000(8%)
Head Finetuning    :Task: 3,	 Epoch: 1/40,	 Avg.loss: 0.0036,	 Test Accuracy: 85/1000(8%)
Head Finetuning    :Task: 3,	 Epoch: 2/40,	 Avg.loss: 0.0033,	 Test Accuracy: 101/1000(10%)
Head Finetuning    :Task: 3,	 Epoch: 3/40,	 Avg.loss: 0.0032,	 Test Accuracy: 116/1000(12%)
Head Finetuning    :Task: 3,	 Epoch: 4/40,	 Avg.loss: 0.0030,	 Test Accuracy: 128/1000(13%)
Head Finetuning    :Task: 3,	 Epoch: 5/40,	 Avg.loss: 0.0029,	 Test Accuracy: 144/1000(14%)
Head Finetuning    :Task: 3,	 Epoch: 6/40,	 Avg.loss: 0.0028,	 Test Accuracy: 161/1000(16%)
Head Finetuning    :Task: 3,	 Epoch: 7/40,	 Avg.loss: 0.0027,	 Test Accuracy: 186/1000(19%)
Head Finetuning    :Task: 3,	 Epoch: 8/40,	 Avg.loss: 0.0026,	 Test Accuracy: 206/1000(21%)
Head Finetuning    :Task: 3,	 Epoch: 9/40,	 Avg.loss: 0.0026,	 Test Accuracy: 220/1000(22%)
Head Finetuning    :Task: 3,	 Epoch: 10/40,	 Avg.loss: 0.0025,	 Test Accuracy: 238/1000(24%)
Head Finetuning    :Task: 3,	 Epoch: 11/40,	 Avg.loss: 0.0024,	 Test Accuracy: 255/1000(26%)
Head Finetuning    :Task: 3,	 Epoch: 12/40,	 Avg.loss: 0.0024,	 Test Accuracy: 268/1000(27%)
Head Finetuning    :Task: 3,	 Epoch: 13/40,	 Avg.loss: 0.0023,	 Test Accuracy: 277/1000(28%)
Head Finetuning    :Task: 3,	 Epoch: 14/40,	 Avg.loss: 0.0023,	 Test Accuracy: 286/1000(29%)
Task: 3,	 Epoch: 0/40,	 Avg.loss: 0.0036,	 Test Accuracy: 88/1000(9%)
Task: 3,	 Epoch: 0/40,	 Avg.loss: 0.0019,	 Test Accuracy: 366/1000(37%)
Task: 3,	 Epoch: 0/40,	 Avg.loss: 0.0015,	 Test Accuracy: 487/1000(49%)
Task: 3,	 Epoch: 0/40,	 Avg.loss: 0.0013,	 Test Accuracy: 571/1000(57%)
Task: 3,	 Epoch: 0/40,	 Avg.loss: 0.0012,	 Test Accuracy: 591/1000(59%)
Task: 3,	 Epoch: 0/40,	 Avg.loss: 0.0012,	 Test Accuracy: 600/1000(60%)
Task: 3,	 Epoch: 0/40,	 Avg.loss: 0.0011,	 Test Accuracy: 626/1000(63%)
Task: 3,	 Epoch: 0/40,	 Avg.loss: 0.0012,	 Test Accuracy: 626/1000(63%)
Task: 3,	 Epoch: 1/40,	 Avg.loss: 0.0010,	 Test Accuracy: 655/1000(66%)
Task: 3,	 Epoch: 2/40,	 Avg.loss: 0.0010,	 Test Accuracy: 679/1000(68%)
Task: 3,	 Epoch: 3/40,	 Avg.loss: 0.0010,	 Test Accuracy: 668/1000(67%)
Task: 3,	 Epoch: 4/40,	 Avg.loss: 0.0009,	 Test Accuracy: 716/1000(72%)
Task: 3,	 Epoch: 5/40,	 Avg.loss: 0.0009,	 Test Accuracy: 710/1000(71%)
Task: 3,	 Epoch: 6/40,	 Avg.loss: 0.0009,	 Test Accuracy: 683/1000(68%)
Task: 3,	 Epoch: 7/40,	 Avg.loss: 0.0008,	 Test Accuracy: 717/1000(72%)
Task: 3,	 Epoch: 8/40,	 Avg.loss: 0.0008,	 Test Accuracy: 727/1000(73%)
Task: 3,	 Epoch: 9/40,	 Avg.loss: 0.0008,	 Test Accuracy: 732/1000(73%)
Task: 3,	 Epoch: 10/40,	 Avg.loss: 0.0008,	 Test Accuracy: 721/1000(72%)
Task: 3,	 Epoch: 11/40,	 Avg.loss: 0.0008,	 Test Accuracy: 745/1000(74%)
Task: 3,	 Epoch: 12/40,	 Avg.loss: 0.0008,	 Test Accuracy: 756/1000(76%)
Task: 3,	 Epoch: 13/40,	 Avg.loss: 0.0008,	 Test Accuracy: 744/1000(74%)
Task: 3,	 Epoch: 14/40,	 Avg.loss: 0.0008,	 Test Accuracy: 728/1000(73%)
Task: 3,	 Epoch: 15/40,	 Avg.loss: 0.0007,	 Test Accuracy: 755/1000(76%)
Task: 3,	 Epoch: 16/40,	 Avg.loss: 0.0008,	 Test Accuracy: 755/1000(76%)
Task: 3,	 Epoch: 17/40,	 Avg.loss: 0.0008,	 Test Accuracy: 752/1000(75%)
Task: 3,	 Epoch: 18/40,	 Avg.loss: 0.0008,	 Test Accuracy: 751/1000(75%)
Task: 3,	 Epoch: 19/40,	 Avg.loss: 0.0008,	 Test Accuracy: 736/1000(74%)
Task: 3,	 Epoch: 20/40,	 Avg.loss: 0.0007,	 Test Accuracy: 767/1000(77%)
Task: 3,	 Epoch: 21/40,	 Avg.loss: 0.0007,	 Test Accuracy: 763/1000(76%)
Task: 3,	 Epoch: 22/40,	 Avg.loss: 0.0007,	 Test Accuracy: 773/1000(77%)
Task: 3,	 Epoch: 23/40,	 Avg.loss: 0.0007,	 Test Accuracy: 766/1000(77%)
Task: 3,	 Epoch: 24/40,	 Avg.loss: 0.0007,	 Test Accuracy: 776/1000(78%)
Task: 3,	 Epoch: 25/40,	 Avg.loss: 0.0007,	 Test Accuracy: 770/1000(77%)
Task: 3,	 Epoch: 26/40,	 Avg.loss: 0.0007,	 Test Accuracy: 772/1000(77%)
Task: 3,	 Epoch: 27/40,	 Avg.loss: 0.0007,	 Test Accuracy: 770/1000(77%)
Task: 3,	 Epoch: 28/40,	 Avg.loss: 0.0007,	 Test Accuracy: 774/1000(77%)
Task: 3,	 Epoch: 29/40,	 Avg.loss: 0.0007,	 Test Accuracy: 784/1000(78%)
Task: 3,	 Epoch: 30/40,	 Avg.loss: 0.0007,	 Test Accuracy: 771/1000(77%)
Task: 3,	 Epoch: 31/40,	 Avg.loss: 0.0007,	 Test Accuracy: 771/1000(77%)
Task: 3,	 Epoch: 32/40,	 Avg.loss: 0.0007,	 Test Accuracy: 773/1000(77%)
Task: 3,	 Epoch: 33/40,	 Avg.loss: 0.0007,	 Test Accuracy: 769/1000(77%)
Task: 3,	 Epoch: 34/40,	 Avg.loss: 0.0007,	 Test Accuracy: 775/1000(78%)
Task: 3,	 Epoch: 35/40,	 Avg.loss: 0.0007,	 Test Accuracy: 783/1000(78%)
Task: 3,	 Epoch: 36/40,	 Avg.loss: 0.0007,	 Test Accuracy: 772/1000(77%)
Task: 3,	 Epoch: 37/40,	 Avg.loss: 0.0007,	 Test Accuracy: 769/1000(77%)
Task: 3,	 Epoch: 38/40,	 Avg.loss: 0.0007,	 Test Accuracy: 770/1000(77%)
Task: 3,	 Epoch: 39/40,	 Avg.loss: 0.0007,	 Test Accuracy: 773/1000(77%)
Trained Task:3, Loaded task:0, Accuracy:84.2%
Trained Task:3, Loaded task:1, Accuracy:76.4%
Trained Task:3, Loaded task:2, Accuracy:78.5%
Trained Task:3, Loaded task:3, Accuracy:77.3%
Trained Task:3, Avg. Accuracy: 79.1 

List of avg. accuracy: [87.1, 80.6, 79.4, 79.1]
Mask histogram
conv1_layer.0.weight: 
 tensor([    0,     0,     0,     0,     0, 32768,     0,     0,     0,     0,
            0], device='cuda:0', dtype=torch.int32)
conv2_layer.0.weight: 
 tensor([   0,    0,    0,    0,    0, 8192,    0,    0,    0,    0,    0],
       device='cuda:0', dtype=torch.int32)
conv3_layer.0.weight: 
 tensor([    0,     0,     0,     0,     0, 16384,     0,     0,     0,     0,
            0], device='cuda:0', dtype=torch.int32)
conv4_layer.0.weight: 
 tensor([   0,    0,    0,    0,    0, 4096,    0,    0,    0,    0,    0],
       device='cuda:0', dtype=torch.int32)
fc1_layer.0.weight: 
 tensor([  0,   0,   0,   0,   0, 512,   0,   0,   0,   0,   0],
       device='cuda:0', dtype=torch.int32)
Head Finetuning    :Task: 4,	 Epoch: 0/40,	 Avg.loss: 0.0034,	 Test Accuracy: 119/1000(12%)
Head Finetuning    :Task: 4,	 Epoch: 1/40,	 Avg.loss: 0.0031,	 Test Accuracy: 139/1000(14%)
Head Finetuning    :Task: 4,	 Epoch: 2/40,	 Avg.loss: 0.0029,	 Test Accuracy: 169/1000(17%)
Head Finetuning    :Task: 4,	 Epoch: 3/40,	 Avg.loss: 0.0027,	 Test Accuracy: 206/1000(21%)
Head Finetuning    :Task: 4,	 Epoch: 4/40,	 Avg.loss: 0.0026,	 Test Accuracy: 232/1000(23%)
Head Finetuning    :Task: 4,	 Epoch: 5/40,	 Avg.loss: 0.0025,	 Test Accuracy: 252/1000(25%)
Head Finetuning    :Task: 4,	 Epoch: 6/40,	 Avg.loss: 0.0024,	 Test Accuracy: 278/1000(28%)
Head Finetuning    :Task: 4,	 Epoch: 7/40,	 Avg.loss: 0.0023,	 Test Accuracy: 293/1000(29%)
Head Finetuning    :Task: 4,	 Epoch: 8/40,	 Avg.loss: 0.0022,	 Test Accuracy: 315/1000(32%)
Head Finetuning    :Task: 4,	 Epoch: 9/40,	 Avg.loss: 0.0022,	 Test Accuracy: 329/1000(33%)
Head Finetuning    :Task: 4,	 Epoch: 10/40,	 Avg.loss: 0.0021,	 Test Accuracy: 342/1000(34%)
Head Finetuning    :Task: 4,	 Epoch: 11/40,	 Avg.loss: 0.0020,	 Test Accuracy: 362/1000(36%)
Head Finetuning    :Task: 4,	 Epoch: 12/40,	 Avg.loss: 0.0020,	 Test Accuracy: 376/1000(38%)
Head Finetuning    :Task: 4,	 Epoch: 13/40,	 Avg.loss: 0.0019,	 Test Accuracy: 384/1000(38%)
Head Finetuning    :Task: 4,	 Epoch: 14/40,	 Avg.loss: 0.0019,	 Test Accuracy: 400/1000(40%)
Task: 4,	 Epoch: 0/40,	 Avg.loss: 0.0031,	 Test Accuracy: 144/1000(14%)
Task: 4,	 Epoch: 0/40,	 Avg.loss: 0.0017,	 Test Accuracy: 438/1000(44%)
Task: 4,	 Epoch: 0/40,	 Avg.loss: 0.0013,	 Test Accuracy: 582/1000(58%)
Task: 4,	 Epoch: 0/40,	 Avg.loss: 0.0012,	 Test Accuracy: 600/1000(60%)
Task: 4,	 Epoch: 0/40,	 Avg.loss: 0.0011,	 Test Accuracy: 639/1000(64%)
Task: 4,	 Epoch: 0/40,	 Avg.loss: 0.0011,	 Test Accuracy: 643/1000(64%)
Task: 4,	 Epoch: 0/40,	 Avg.loss: 0.0010,	 Test Accuracy: 672/1000(67%)
Task: 4,	 Epoch: 0/40,	 Avg.loss: 0.0010,	 Test Accuracy: 674/1000(67%)
Task: 4,	 Epoch: 1/40,	 Avg.loss: 0.0009,	 Test Accuracy: 722/1000(72%)
Task: 4,	 Epoch: 2/40,	 Avg.loss: 0.0009,	 Test Accuracy: 711/1000(71%)
Task: 4,	 Epoch: 3/40,	 Avg.loss: 0.0009,	 Test Accuracy: 719/1000(72%)
Task: 4,	 Epoch: 4/40,	 Avg.loss: 0.0008,	 Test Accuracy: 730/1000(73%)
Task: 4,	 Epoch: 5/40,	 Avg.loss: 0.0009,	 Test Accuracy: 731/1000(73%)
Task: 4,	 Epoch: 6/40,	 Avg.loss: 0.0009,	 Test Accuracy: 708/1000(71%)
Task: 4,	 Epoch: 7/40,	 Avg.loss: 0.0008,	 Test Accuracy: 739/1000(74%)
Task: 4,	 Epoch: 8/40,	 Avg.loss: 0.0008,	 Test Accuracy: 734/1000(73%)
Task: 4,	 Epoch: 9/40,	 Avg.loss: 0.0009,	 Test Accuracy: 709/1000(71%)
Task: 4,	 Epoch: 10/40,	 Avg.loss: 0.0007,	 Test Accuracy: 765/1000(76%)
Task: 4,	 Epoch: 11/40,	 Avg.loss: 0.0007,	 Test Accuracy: 760/1000(76%)
Task: 4,	 Epoch: 12/40,	 Avg.loss: 0.0008,	 Test Accuracy: 748/1000(75%)
Task: 4,	 Epoch: 13/40,	 Avg.loss: 0.0008,	 Test Accuracy: 749/1000(75%)
Task: 4,	 Epoch: 14/40,	 Avg.loss: 0.0008,	 Test Accuracy: 748/1000(75%)
Task: 4,	 Epoch: 15/40,	 Avg.loss: 0.0007,	 Test Accuracy: 774/1000(77%)
Task: 4,	 Epoch: 16/40,	 Avg.loss: 0.0008,	 Test Accuracy: 734/1000(73%)
Task: 4,	 Epoch: 17/40,	 Avg.loss: 0.0007,	 Test Accuracy: 769/1000(77%)
Task: 4,	 Epoch: 18/40,	 Avg.loss: 0.0007,	 Test Accuracy: 769/1000(77%)
Task: 4,	 Epoch: 19/40,	 Avg.loss: 0.0007,	 Test Accuracy: 745/1000(74%)
Task: 4,	 Epoch: 20/40,	 Avg.loss: 0.0007,	 Test Accuracy: 779/1000(78%)
Task: 4,	 Epoch: 21/40,	 Avg.loss: 0.0007,	 Test Accuracy: 770/1000(77%)
Task: 4,	 Epoch: 22/40,	 Avg.loss: 0.0007,	 Test Accuracy: 774/1000(77%)
Task: 4,	 Epoch: 23/40,	 Avg.loss: 0.0007,	 Test Accuracy: 772/1000(77%)
Task: 4,	 Epoch: 24/40,	 Avg.loss: 0.0007,	 Test Accuracy: 774/1000(77%)
Task: 4,	 Epoch: 25/40,	 Avg.loss: 0.0007,	 Test Accuracy: 779/1000(78%)
Task: 4,	 Epoch: 26/40,	 Avg.loss: 0.0007,	 Test Accuracy: 764/1000(76%)
Task: 4,	 Epoch: 27/40,	 Avg.loss: 0.0007,	 Test Accuracy: 775/1000(78%)
Task: 4,	 Epoch: 28/40,	 Avg.loss: 0.0007,	 Test Accuracy: 773/1000(77%)
Task: 4,	 Epoch: 29/40,	 Avg.loss: 0.0007,	 Test Accuracy: 779/1000(78%)
Task: 4,	 Epoch: 30/40,	 Avg.loss: 0.0007,	 Test Accuracy: 770/1000(77%)
Task: 4,	 Epoch: 31/40,	 Avg.loss: 0.0007,	 Test Accuracy: 771/1000(77%)
Task: 4,	 Epoch: 32/40,	 Avg.loss: 0.0007,	 Test Accuracy: 774/1000(77%)
Task: 4,	 Epoch: 33/40,	 Avg.loss: 0.0007,	 Test Accuracy: 774/1000(77%)
Task: 4,	 Epoch: 34/40,	 Avg.loss: 0.0007,	 Test Accuracy: 778/1000(78%)
Task: 4,	 Epoch: 35/40,	 Avg.loss: 0.0007,	 Test Accuracy: 771/1000(77%)
Task: 4,	 Epoch: 36/40,	 Avg.loss: 0.0007,	 Test Accuracy: 767/1000(77%)
Task: 4,	 Epoch: 37/40,	 Avg.loss: 0.0007,	 Test Accuracy: 772/1000(77%)
Task: 4,	 Epoch: 38/40,	 Avg.loss: 0.0007,	 Test Accuracy: 779/1000(78%)
Task: 4,	 Epoch: 39/40,	 Avg.loss: 0.0007,	 Test Accuracy: 778/1000(78%)
Trained Task:4, Loaded task:0, Accuracy:84.3%
Trained Task:4, Loaded task:1, Accuracy:75.5%
Trained Task:4, Loaded task:2, Accuracy:78.1%
Trained Task:4, Loaded task:3, Accuracy:77.5%
Trained Task:4, Loaded task:4, Accuracy:77.8%
Trained Task:4, Avg. Accuracy: 78.6 

List of avg. accuracy: [87.1, 80.6, 79.4, 79.1, 78.6]
Mask histogram
conv1_layer.0.weight: 
 tensor([    0,     0,     0,     0,     0,     0, 32768,     0,     0,     0,
            0], device='cuda:0', dtype=torch.int32)
conv2_layer.0.weight: 
 tensor([   0,    0,    0,    0,    0,    0, 8192,    0,    0,    0,    0],
       device='cuda:0', dtype=torch.int32)
conv3_layer.0.weight: 
 tensor([    0,     0,     0,     0,     0,     0, 16384,     0,     0,     0,
            0], device='cuda:0', dtype=torch.int32)
conv4_layer.0.weight: 
 tensor([   0,    0,    0,    0,    0,    0, 4096,    0,    0,    0,    0],
       device='cuda:0', dtype=torch.int32)
fc1_layer.0.weight: 
 tensor([  0,   0,   0,   0,   0,   0, 512,   0,   0,   0,   0],
       device='cuda:0', dtype=torch.int32)
Head Finetuning    :Task: 5,	 Epoch: 0/40,	 Avg.loss: 0.0036,	 Test Accuracy: 140/1000(14%)
Head Finetuning    :Task: 5,	 Epoch: 1/40,	 Avg.loss: 0.0032,	 Test Accuracy: 158/1000(16%)
Head Finetuning    :Task: 5,	 Epoch: 2/40,	 Avg.loss: 0.0029,	 Test Accuracy: 188/1000(19%)
Head Finetuning    :Task: 5,	 Epoch: 3/40,	 Avg.loss: 0.0027,	 Test Accuracy: 210/1000(21%)
Head Finetuning    :Task: 5,	 Epoch: 4/40,	 Avg.loss: 0.0026,	 Test Accuracy: 237/1000(24%)
Head Finetuning    :Task: 5,	 Epoch: 5/40,	 Avg.loss: 0.0024,	 Test Accuracy: 262/1000(26%)
Head Finetuning    :Task: 5,	 Epoch: 6/40,	 Avg.loss: 0.0023,	 Test Accuracy: 284/1000(28%)
Head Finetuning    :Task: 5,	 Epoch: 7/40,	 Avg.loss: 0.0022,	 Test Accuracy: 300/1000(30%)
Head Finetuning    :Task: 5,	 Epoch: 8/40,	 Avg.loss: 0.0021,	 Test Accuracy: 325/1000(32%)
Head Finetuning    :Task: 5,	 Epoch: 9/40,	 Avg.loss: 0.0021,	 Test Accuracy: 344/1000(34%)
Head Finetuning    :Task: 5,	 Epoch: 10/40,	 Avg.loss: 0.0020,	 Test Accuracy: 357/1000(36%)
Head Finetuning    :Task: 5,	 Epoch: 11/40,	 Avg.loss: 0.0019,	 Test Accuracy: 367/1000(37%)
Head Finetuning    :Task: 5,	 Epoch: 12/40,	 Avg.loss: 0.0019,	 Test Accuracy: 379/1000(38%)
Head Finetuning    :Task: 5,	 Epoch: 13/40,	 Avg.loss: 0.0018,	 Test Accuracy: 395/1000(40%)
Head Finetuning    :Task: 5,	 Epoch: 14/40,	 Avg.loss: 0.0018,	 Test Accuracy: 416/1000(42%)
Task: 5,	 Epoch: 0/40,	 Avg.loss: 0.0033,	 Test Accuracy: 148/1000(15%)
Task: 5,	 Epoch: 0/40,	 Avg.loss: 0.0016,	 Test Accuracy: 419/1000(42%)
Task: 5,	 Epoch: 0/40,	 Avg.loss: 0.0012,	 Test Accuracy: 577/1000(58%)
Task: 5,	 Epoch: 0/40,	 Avg.loss: 0.0011,	 Test Accuracy: 629/1000(63%)
Task: 5,	 Epoch: 0/40,	 Avg.loss: 0.0010,	 Test Accuracy: 657/1000(66%)
Task: 5,	 Epoch: 0/40,	 Avg.loss: 0.0010,	 Test Accuracy: 653/1000(65%)
Task: 5,	 Epoch: 0/40,	 Avg.loss: 0.0010,	 Test Accuracy: 647/1000(65%)
Task: 5,	 Epoch: 0/40,	 Avg.loss: 0.0009,	 Test Accuracy: 666/1000(67%)
Task: 5,	 Epoch: 1/40,	 Avg.loss: 0.0009,	 Test Accuracy: 663/1000(66%)
Task: 5,	 Epoch: 2/40,	 Avg.loss: 0.0008,	 Test Accuracy: 694/1000(69%)
Task: 5,	 Epoch: 3/40,	 Avg.loss: 0.0008,	 Test Accuracy: 713/1000(71%)
Task: 5,	 Epoch: 4/40,	 Avg.loss: 0.0008,	 Test Accuracy: 717/1000(72%)
Task: 5,	 Epoch: 5/40,	 Avg.loss: 0.0008,	 Test Accuracy: 733/1000(73%)
Task: 5,	 Epoch: 6/40,	 Avg.loss: 0.0008,	 Test Accuracy: 737/1000(74%)
Task: 5,	 Epoch: 7/40,	 Avg.loss: 0.0007,	 Test Accuracy: 749/1000(75%)
Task: 5,	 Epoch: 8/40,	 Avg.loss: 0.0008,	 Test Accuracy: 731/1000(73%)
Task: 5,	 Epoch: 9/40,	 Avg.loss: 0.0008,	 Test Accuracy: 721/1000(72%)
Task: 5,	 Epoch: 10/40,	 Avg.loss: 0.0007,	 Test Accuracy: 739/1000(74%)
Task: 5,	 Epoch: 11/40,	 Avg.loss: 0.0007,	 Test Accuracy: 727/1000(73%)
Task: 5,	 Epoch: 12/40,	 Avg.loss: 0.0007,	 Test Accuracy: 736/1000(74%)
Task: 5,	 Epoch: 13/40,	 Avg.loss: 0.0007,	 Test Accuracy: 733/1000(73%)
Task: 5,	 Epoch: 14/40,	 Avg.loss: 0.0007,	 Test Accuracy: 747/1000(75%)
Task: 5,	 Epoch: 15/40,	 Avg.loss: 0.0008,	 Test Accuracy: 706/1000(71%)
Task: 5,	 Epoch: 16/40,	 Avg.loss: 0.0008,	 Test Accuracy: 719/1000(72%)
Task: 5,	 Epoch: 17/40,	 Avg.loss: 0.0007,	 Test Accuracy: 739/1000(74%)
Task: 5,	 Epoch: 18/40,	 Avg.loss: 0.0007,	 Test Accuracy: 755/1000(76%)
Task: 5,	 Epoch: 19/40,	 Avg.loss: 0.0007,	 Test Accuracy: 740/1000(74%)
Task: 5,	 Epoch: 20/40,	 Avg.loss: 0.0007,	 Test Accuracy: 757/1000(76%)
Task: 5,	 Epoch: 21/40,	 Avg.loss: 0.0007,	 Test Accuracy: 756/1000(76%)
Task: 5,	 Epoch: 22/40,	 Avg.loss: 0.0007,	 Test Accuracy: 766/1000(77%)
Task: 5,	 Epoch: 23/40,	 Avg.loss: 0.0007,	 Test Accuracy: 767/1000(77%)
Task: 5,	 Epoch: 24/40,	 Avg.loss: 0.0007,	 Test Accuracy: 763/1000(76%)
Task: 5,	 Epoch: 25/40,	 Avg.loss: 0.0007,	 Test Accuracy: 763/1000(76%)
Task: 5,	 Epoch: 26/40,	 Avg.loss: 0.0007,	 Test Accuracy: 756/1000(76%)
Task: 5,	 Epoch: 27/40,	 Avg.loss: 0.0007,	 Test Accuracy: 770/1000(77%)
Task: 5,	 Epoch: 28/40,	 Avg.loss: 0.0007,	 Test Accuracy: 762/1000(76%)
Task: 5,	 Epoch: 29/40,	 Avg.loss: 0.0007,	 Test Accuracy: 761/1000(76%)
Task: 5,	 Epoch: 30/40,	 Avg.loss: 0.0007,	 Test Accuracy: 766/1000(77%)
Task: 5,	 Epoch: 31/40,	 Avg.loss: 0.0007,	 Test Accuracy: 757/1000(76%)
Task: 5,	 Epoch: 32/40,	 Avg.loss: 0.0007,	 Test Accuracy: 756/1000(76%)
Task: 5,	 Epoch: 33/40,	 Avg.loss: 0.0007,	 Test Accuracy: 760/1000(76%)
Task: 5,	 Epoch: 34/40,	 Avg.loss: 0.0007,	 Test Accuracy: 758/1000(76%)
Task: 5,	 Epoch: 35/40,	 Avg.loss: 0.0007,	 Test Accuracy: 760/1000(76%)
Task: 5,	 Epoch: 36/40,	 Avg.loss: 0.0007,	 Test Accuracy: 761/1000(76%)
Task: 5,	 Epoch: 37/40,	 Avg.loss: 0.0007,	 Test Accuracy: 763/1000(76%)
Task: 5,	 Epoch: 38/40,	 Avg.loss: 0.0007,	 Test Accuracy: 757/1000(76%)
Task: 5,	 Epoch: 39/40,	 Avg.loss: 0.0007,	 Test Accuracy: 764/1000(76%)
Trained Task:5, Loaded task:0, Accuracy:83.1%
Trained Task:5, Loaded task:1, Accuracy:73.8%
Trained Task:5, Loaded task:2, Accuracy:78.5%
Trained Task:5, Loaded task:3, Accuracy:76.9%
Trained Task:5, Loaded task:4, Accuracy:77.0%
Trained Task:5, Loaded task:5, Accuracy:76.4%
Trained Task:5, Avg. Accuracy: 77.6 

List of avg. accuracy: [87.1, 80.6, 79.4, 79.1, 78.6, 77.6]
Mask histogram
conv1_layer.0.weight: 
 tensor([    0,     0,     0,     0,     0,     0,     0, 32768,     0,     0,
            0], device='cuda:0', dtype=torch.int32)
conv2_layer.0.weight: 
 tensor([   0,    0,    0,    0,    0,    0,    0, 8192,    0,    0,    0],
       device='cuda:0', dtype=torch.int32)
conv3_layer.0.weight: 
 tensor([    0,     0,     0,     0,     0,     0,     0, 16384,     0,     0,
            0], device='cuda:0', dtype=torch.int32)
conv4_layer.0.weight: 
 tensor([   0,    0,    0,    0,    0,    0,    0, 4096,    0,    0,    0],
       device='cuda:0', dtype=torch.int32)
fc1_layer.0.weight: 
 tensor([  0,   0,   0,   0,   0,   0,   0, 512,   0,   0,   0],
       device='cuda:0', dtype=torch.int32)
Head Finetuning    :Task: 6,	 Epoch: 0/40,	 Avg.loss: 0.0036,	 Test Accuracy: 128/1000(13%)
Head Finetuning    :Task: 6,	 Epoch: 1/40,	 Avg.loss: 0.0032,	 Test Accuracy: 151/1000(15%)
Head Finetuning    :Task: 6,	 Epoch: 2/40,	 Avg.loss: 0.0030,	 Test Accuracy: 181/1000(18%)
Head Finetuning    :Task: 6,	 Epoch: 3/40,	 Avg.loss: 0.0028,	 Test Accuracy: 206/1000(21%)
Head Finetuning    :Task: 6,	 Epoch: 4/40,	 Avg.loss: 0.0027,	 Test Accuracy: 237/1000(24%)
Head Finetuning    :Task: 6,	 Epoch: 5/40,	 Avg.loss: 0.0025,	 Test Accuracy: 254/1000(25%)
Head Finetuning    :Task: 6,	 Epoch: 6/40,	 Avg.loss: 0.0024,	 Test Accuracy: 275/1000(28%)
Head Finetuning    :Task: 6,	 Epoch: 7/40,	 Avg.loss: 0.0024,	 Test Accuracy: 288/1000(29%)
Head Finetuning    :Task: 6,	 Epoch: 8/40,	 Avg.loss: 0.0023,	 Test Accuracy: 315/1000(32%)
Head Finetuning    :Task: 6,	 Epoch: 9/40,	 Avg.loss: 0.0022,	 Test Accuracy: 337/1000(34%)
Head Finetuning    :Task: 6,	 Epoch: 10/40,	 Avg.loss: 0.0021,	 Test Accuracy: 347/1000(35%)
Head Finetuning    :Task: 6,	 Epoch: 11/40,	 Avg.loss: 0.0021,	 Test Accuracy: 353/1000(35%)
Head Finetuning    :Task: 6,	 Epoch: 12/40,	 Avg.loss: 0.0020,	 Test Accuracy: 368/1000(37%)
Head Finetuning    :Task: 6,	 Epoch: 13/40,	 Avg.loss: 0.0020,	 Test Accuracy: 383/1000(38%)
Head Finetuning    :Task: 6,	 Epoch: 14/40,	 Avg.loss: 0.0019,	 Test Accuracy: 397/1000(40%)
Task: 6,	 Epoch: 0/40,	 Avg.loss: 0.0033,	 Test Accuracy: 125/1000(13%)
Task: 6,	 Epoch: 0/40,	 Avg.loss: 0.0016,	 Test Accuracy: 457/1000(46%)
Task: 6,	 Epoch: 0/40,	 Avg.loss: 0.0013,	 Test Accuracy: 571/1000(57%)
Task: 6,	 Epoch: 0/40,	 Avg.loss: 0.0013,	 Test Accuracy: 566/1000(57%)
Task: 6,	 Epoch: 0/40,	 Avg.loss: 0.0012,	 Test Accuracy: 583/1000(58%)
Task: 6,	 Epoch: 0/40,	 Avg.loss: 0.0011,	 Test Accuracy: 610/1000(61%)
Task: 6,	 Epoch: 0/40,	 Avg.loss: 0.0011,	 Test Accuracy: 629/1000(63%)
Task: 6,	 Epoch: 0/40,	 Avg.loss: 0.0012,	 Test Accuracy: 620/1000(62%)
Task: 6,	 Epoch: 1/40,	 Avg.loss: 0.0010,	 Test Accuracy: 656/1000(66%)
Task: 6,	 Epoch: 2/40,	 Avg.loss: 0.0009,	 Test Accuracy: 695/1000(70%)
Task: 6,	 Epoch: 3/40,	 Avg.loss: 0.0008,	 Test Accuracy: 706/1000(71%)
Task: 6,	 Epoch: 4/40,	 Avg.loss: 0.0008,	 Test Accuracy: 708/1000(71%)
Task: 6,	 Epoch: 5/40,	 Avg.loss: 0.0008,	 Test Accuracy: 705/1000(70%)
Task: 6,	 Epoch: 6/40,	 Avg.loss: 0.0008,	 Test Accuracy: 717/1000(72%)
Task: 6,	 Epoch: 7/40,	 Avg.loss: 0.0008,	 Test Accuracy: 722/1000(72%)
Task: 6,	 Epoch: 8/40,	 Avg.loss: 0.0008,	 Test Accuracy: 720/1000(72%)
Task: 6,	 Epoch: 9/40,	 Avg.loss: 0.0007,	 Test Accuracy: 746/1000(75%)
Task: 6,	 Epoch: 10/40,	 Avg.loss: 0.0007,	 Test Accuracy: 737/1000(74%)
Task: 6,	 Epoch: 11/40,	 Avg.loss: 0.0008,	 Test Accuracy: 721/1000(72%)
Task: 6,	 Epoch: 12/40,	 Avg.loss: 0.0007,	 Test Accuracy: 736/1000(74%)
Task: 6,	 Epoch: 13/40,	 Avg.loss: 0.0008,	 Test Accuracy: 727/1000(73%)
Task: 6,	 Epoch: 14/40,	 Avg.loss: 0.0008,	 Test Accuracy: 733/1000(73%)
Task: 6,	 Epoch: 15/40,	 Avg.loss: 0.0007,	 Test Accuracy: 742/1000(74%)
Task: 6,	 Epoch: 16/40,	 Avg.loss: 0.0007,	 Test Accuracy: 739/1000(74%)
Task: 6,	 Epoch: 17/40,	 Avg.loss: 0.0007,	 Test Accuracy: 733/1000(73%)
Task: 6,	 Epoch: 18/40,	 Avg.loss: 0.0007,	 Test Accuracy: 731/1000(73%)
Task: 6,	 Epoch: 19/40,	 Avg.loss: 0.0007,	 Test Accuracy: 751/1000(75%)
Task: 6,	 Epoch: 20/40,	 Avg.loss: 0.0007,	 Test Accuracy: 748/1000(75%)
Task: 6,	 Epoch: 21/40,	 Avg.loss: 0.0007,	 Test Accuracy: 753/1000(75%)
Task: 6,	 Epoch: 22/40,	 Avg.loss: 0.0007,	 Test Accuracy: 746/1000(75%)
Task: 6,	 Epoch: 23/40,	 Avg.loss: 0.0007,	 Test Accuracy: 747/1000(75%)
Task: 6,	 Epoch: 24/40,	 Avg.loss: 0.0007,	 Test Accuracy: 757/1000(76%)
Task: 6,	 Epoch: 25/40,	 Avg.loss: 0.0007,	 Test Accuracy: 749/1000(75%)
Task: 6,	 Epoch: 26/40,	 Avg.loss: 0.0007,	 Test Accuracy: 752/1000(75%)
Task: 6,	 Epoch: 27/40,	 Avg.loss: 0.0007,	 Test Accuracy: 754/1000(75%)
Task: 6,	 Epoch: 28/40,	 Avg.loss: 0.0007,	 Test Accuracy: 750/1000(75%)
Task: 6,	 Epoch: 29/40,	 Avg.loss: 0.0007,	 Test Accuracy: 763/1000(76%)
Task: 6,	 Epoch: 30/40,	 Avg.loss: 0.0007,	 Test Accuracy: 746/1000(75%)
Task: 6,	 Epoch: 31/40,	 Avg.loss: 0.0007,	 Test Accuracy: 752/1000(75%)
Task: 6,	 Epoch: 32/40,	 Avg.loss: 0.0007,	 Test Accuracy: 749/1000(75%)
Task: 6,	 Epoch: 33/40,	 Avg.loss: 0.0007,	 Test Accuracy: 756/1000(76%)
Task: 6,	 Epoch: 34/40,	 Avg.loss: 0.0007,	 Test Accuracy: 754/1000(75%)
Task: 6,	 Epoch: 35/40,	 Avg.loss: 0.0007,	 Test Accuracy: 744/1000(74%)
Task: 6,	 Epoch: 36/40,	 Avg.loss: 0.0007,	 Test Accuracy: 751/1000(75%)
Task: 6,	 Epoch: 37/40,	 Avg.loss: 0.0007,	 Test Accuracy: 746/1000(75%)
Task: 6,	 Epoch: 38/40,	 Avg.loss: 0.0007,	 Test Accuracy: 748/1000(75%)
Task: 6,	 Epoch: 39/40,	 Avg.loss: 0.0007,	 Test Accuracy: 755/1000(76%)
Trained Task:6, Loaded task:0, Accuracy:82.5%
Trained Task:6, Loaded task:1, Accuracy:73.6%
Trained Task:6, Loaded task:2, Accuracy:78.6%
Trained Task:6, Loaded task:3, Accuracy:77.0%
Trained Task:6, Loaded task:4, Accuracy:76.7%
Trained Task:6, Loaded task:5, Accuracy:76.6%
Trained Task:6, Loaded task:6, Accuracy:75.5%
Trained Task:6, Avg. Accuracy: 77.2 

List of avg. accuracy: [87.1, 80.6, 79.4, 79.1, 78.6, 77.6, 77.2]
Mask histogram
conv1_layer.0.weight: 
 tensor([    0,     0,     0,     0,     0,     0,     0,     0, 32768,     0,
            0], device='cuda:0', dtype=torch.int32)
conv2_layer.0.weight: 
 tensor([   0,    0,    0,    0,    0,    0,    0,    0, 8192,    0,    0],
       device='cuda:0', dtype=torch.int32)
conv3_layer.0.weight: 
 tensor([    0,     0,     0,     0,     0,     0,     0,     0, 16384,     0,
            0], device='cuda:0', dtype=torch.int32)
conv4_layer.0.weight: 
 tensor([   0,    0,    0,    0,    0,    0,    0,    0, 4096,    0,    0],
       device='cuda:0', dtype=torch.int32)
fc1_layer.0.weight: 
 tensor([  0,   0,   0,   0,   0,   0,   0,   0, 512,   0,   0],
       device='cuda:0', dtype=torch.int32)
Head Finetuning    :Task: 7,	 Epoch: 0/40,	 Avg.loss: 0.0038,	 Test Accuracy: 150/1000(15%)
Head Finetuning    :Task: 7,	 Epoch: 1/40,	 Avg.loss: 0.0033,	 Test Accuracy: 155/1000(16%)
Head Finetuning    :Task: 7,	 Epoch: 2/40,	 Avg.loss: 0.0031,	 Test Accuracy: 176/1000(18%)
Head Finetuning    :Task: 7,	 Epoch: 3/40,	 Avg.loss: 0.0029,	 Test Accuracy: 197/1000(20%)
Head Finetuning    :Task: 7,	 Epoch: 4/40,	 Avg.loss: 0.0027,	 Test Accuracy: 220/1000(22%)
Head Finetuning    :Task: 7,	 Epoch: 5/40,	 Avg.loss: 0.0026,	 Test Accuracy: 237/1000(24%)
Head Finetuning    :Task: 7,	 Epoch: 6/40,	 Avg.loss: 0.0025,	 Test Accuracy: 250/1000(25%)
Head Finetuning    :Task: 7,	 Epoch: 7/40,	 Avg.loss: 0.0024,	 Test Accuracy: 261/1000(26%)
Head Finetuning    :Task: 7,	 Epoch: 8/40,	 Avg.loss: 0.0024,	 Test Accuracy: 281/1000(28%)
Head Finetuning    :Task: 7,	 Epoch: 9/40,	 Avg.loss: 0.0023,	 Test Accuracy: 295/1000(30%)
Head Finetuning    :Task: 7,	 Epoch: 10/40,	 Avg.loss: 0.0022,	 Test Accuracy: 300/1000(30%)
Head Finetuning    :Task: 7,	 Epoch: 11/40,	 Avg.loss: 0.0022,	 Test Accuracy: 315/1000(32%)
Head Finetuning    :Task: 7,	 Epoch: 12/40,	 Avg.loss: 0.0021,	 Test Accuracy: 323/1000(32%)
Head Finetuning    :Task: 7,	 Epoch: 13/40,	 Avg.loss: 0.0021,	 Test Accuracy: 333/1000(33%)
Head Finetuning    :Task: 7,	 Epoch: 14/40,	 Avg.loss: 0.0020,	 Test Accuracy: 346/1000(35%)
Task: 7,	 Epoch: 0/40,	 Avg.loss: 0.0036,	 Test Accuracy: 153/1000(15%)
Task: 7,	 Epoch: 0/40,	 Avg.loss: 0.0019,	 Test Accuracy: 358/1000(36%)
Task: 7,	 Epoch: 0/40,	 Avg.loss: 0.0014,	 Test Accuracy: 543/1000(54%)
Task: 7,	 Epoch: 0/40,	 Avg.loss: 0.0014,	 Test Accuracy: 542/1000(54%)
Task: 7,	 Epoch: 0/40,	 Avg.loss: 0.0013,	 Test Accuracy: 576/1000(58%)
Task: 7,	 Epoch: 0/40,	 Avg.loss: 0.0012,	 Test Accuracy: 604/1000(60%)
Task: 7,	 Epoch: 0/40,	 Avg.loss: 0.0012,	 Test Accuracy: 606/1000(61%)
Task: 7,	 Epoch: 0/40,	 Avg.loss: 0.0012,	 Test Accuracy: 614/1000(61%)
Task: 7,	 Epoch: 1/40,	 Avg.loss: 0.0011,	 Test Accuracy: 621/1000(62%)
Task: 7,	 Epoch: 2/40,	 Avg.loss: 0.0010,	 Test Accuracy: 667/1000(67%)
Task: 7,	 Epoch: 3/40,	 Avg.loss: 0.0009,	 Test Accuracy: 664/1000(66%)
Task: 7,	 Epoch: 4/40,	 Avg.loss: 0.0009,	 Test Accuracy: 680/1000(68%)
Task: 7,	 Epoch: 5/40,	 Avg.loss: 0.0009,	 Test Accuracy: 696/1000(70%)
Task: 7,	 Epoch: 6/40,	 Avg.loss: 0.0009,	 Test Accuracy: 714/1000(71%)
Task: 7,	 Epoch: 7/40,	 Avg.loss: 0.0008,	 Test Accuracy: 727/1000(73%)
Task: 7,	 Epoch: 8/40,	 Avg.loss: 0.0009,	 Test Accuracy: 696/1000(70%)
Task: 7,	 Epoch: 9/40,	 Avg.loss: 0.0008,	 Test Accuracy: 712/1000(71%)
Task: 7,	 Epoch: 10/40,	 Avg.loss: 0.0009,	 Test Accuracy: 700/1000(70%)
Task: 7,	 Epoch: 11/40,	 Avg.loss: 0.0009,	 Test Accuracy: 696/1000(70%)
Task: 7,	 Epoch: 12/40,	 Avg.loss: 0.0009,	 Test Accuracy: 695/1000(70%)
Task: 7,	 Epoch: 13/40,	 Avg.loss: 0.0008,	 Test Accuracy: 722/1000(72%)
Task: 7,	 Epoch: 14/40,	 Avg.loss: 0.0008,	 Test Accuracy: 721/1000(72%)
Task: 7,	 Epoch: 15/40,	 Avg.loss: 0.0008,	 Test Accuracy: 728/1000(73%)
Task: 7,	 Epoch: 16/40,	 Avg.loss: 0.0008,	 Test Accuracy: 735/1000(74%)
Task: 7,	 Epoch: 17/40,	 Avg.loss: 0.0008,	 Test Accuracy: 719/1000(72%)
Task: 7,	 Epoch: 18/40,	 Avg.loss: 0.0008,	 Test Accuracy: 718/1000(72%)
Task: 7,	 Epoch: 19/40,	 Avg.loss: 0.0008,	 Test Accuracy: 721/1000(72%)
Task: 7,	 Epoch: 20/40,	 Avg.loss: 0.0008,	 Test Accuracy: 745/1000(74%)
Task: 7,	 Epoch: 21/40,	 Avg.loss: 0.0008,	 Test Accuracy: 737/1000(74%)
Task: 7,	 Epoch: 22/40,	 Avg.loss: 0.0008,	 Test Accuracy: 745/1000(74%)
Task: 7,	 Epoch: 23/40,	 Avg.loss: 0.0008,	 Test Accuracy: 740/1000(74%)
Task: 7,	 Epoch: 24/40,	 Avg.loss: 0.0008,	 Test Accuracy: 736/1000(74%)
Task: 7,	 Epoch: 25/40,	 Avg.loss: 0.0008,	 Test Accuracy: 745/1000(74%)
Task: 7,	 Epoch: 26/40,	 Avg.loss: 0.0008,	 Test Accuracy: 744/1000(74%)
Task: 7,	 Epoch: 27/40,	 Avg.loss: 0.0008,	 Test Accuracy: 745/1000(74%)
Task: 7,	 Epoch: 28/40,	 Avg.loss: 0.0008,	 Test Accuracy: 744/1000(74%)
Task: 7,	 Epoch: 29/40,	 Avg.loss: 0.0008,	 Test Accuracy: 741/1000(74%)
Task: 7,	 Epoch: 30/40,	 Avg.loss: 0.0008,	 Test Accuracy: 744/1000(74%)
Task: 7,	 Epoch: 31/40,	 Avg.loss: 0.0008,	 Test Accuracy: 738/1000(74%)
Task: 7,	 Epoch: 32/40,	 Avg.loss: 0.0008,	 Test Accuracy: 742/1000(74%)
Task: 7,	 Epoch: 33/40,	 Avg.loss: 0.0008,	 Test Accuracy: 743/1000(74%)
Task: 7,	 Epoch: 34/40,	 Avg.loss: 0.0007,	 Test Accuracy: 749/1000(75%)
Task: 7,	 Epoch: 35/40,	 Avg.loss: 0.0008,	 Test Accuracy: 744/1000(74%)
Task: 7,	 Epoch: 36/40,	 Avg.loss: 0.0008,	 Test Accuracy: 743/1000(74%)
Task: 7,	 Epoch: 37/40,	 Avg.loss: 0.0008,	 Test Accuracy: 751/1000(75%)
Task: 7,	 Epoch: 38/40,	 Avg.loss: 0.0008,	 Test Accuracy: 748/1000(75%)
Task: 7,	 Epoch: 39/40,	 Avg.loss: 0.0008,	 Test Accuracy: 743/1000(74%)
Trained Task:7, Loaded task:0, Accuracy:82.6%
Trained Task:7, Loaded task:1, Accuracy:74.0%
Trained Task:7, Loaded task:2, Accuracy:78.3%
Trained Task:7, Loaded task:3, Accuracy:77.3%
Trained Task:7, Loaded task:4, Accuracy:77.5%
Trained Task:7, Loaded task:5, Accuracy:76.5%
Trained Task:7, Loaded task:6, Accuracy:75.1%
Trained Task:7, Loaded task:7, Accuracy:74.3%
Trained Task:7, Avg. Accuracy: 77.0 

List of avg. accuracy: [87.1, 80.6, 79.4, 79.1, 78.6, 77.6, 77.2, 77.0]
Mask histogram
conv1_layer.0.weight: 
 tensor([    0,     0,     0,     0,     0,     0,     0,     0,     0, 32768,
            0], device='cuda:0', dtype=torch.int32)
conv2_layer.0.weight: 
 tensor([   0,    0,    0,    0,    0,    0,    0,    0,    0, 8192,    0],
       device='cuda:0', dtype=torch.int32)
conv3_layer.0.weight: 
 tensor([    0,     0,     0,     0,     0,     0,     0,     0,     0, 16384,
            0], device='cuda:0', dtype=torch.int32)
conv4_layer.0.weight: 
 tensor([   0,    0,    0,    0,    0,    0,    0,    0,    0, 4096,    0],
       device='cuda:0', dtype=torch.int32)
fc1_layer.0.weight: 
 tensor([  0,   0,   0,   0,   0,   0,   0,   0,   0, 512,   0],
       device='cuda:0', dtype=torch.int32)
Head Finetuning    :Task: 8,	 Epoch: 0/40,	 Avg.loss: 0.0040,	 Test Accuracy: 102/1000(10%)
Head Finetuning    :Task: 8,	 Epoch: 1/40,	 Avg.loss: 0.0036,	 Test Accuracy: 120/1000(12%)
Head Finetuning    :Task: 8,	 Epoch: 2/40,	 Avg.loss: 0.0033,	 Test Accuracy: 137/1000(14%)
Head Finetuning    :Task: 8,	 Epoch: 3/40,	 Avg.loss: 0.0031,	 Test Accuracy: 165/1000(16%)
Head Finetuning    :Task: 8,	 Epoch: 4/40,	 Avg.loss: 0.0029,	 Test Accuracy: 190/1000(19%)
Head Finetuning    :Task: 8,	 Epoch: 5/40,	 Avg.loss: 0.0028,	 Test Accuracy: 210/1000(21%)
Head Finetuning    :Task: 8,	 Epoch: 6/40,	 Avg.loss: 0.0027,	 Test Accuracy: 230/1000(23%)
Head Finetuning    :Task: 8,	 Epoch: 7/40,	 Avg.loss: 0.0026,	 Test Accuracy: 237/1000(24%)
Head Finetuning    :Task: 8,	 Epoch: 8/40,	 Avg.loss: 0.0025,	 Test Accuracy: 245/1000(25%)
Head Finetuning    :Task: 8,	 Epoch: 9/40,	 Avg.loss: 0.0024,	 Test Accuracy: 257/1000(26%)
Head Finetuning    :Task: 8,	 Epoch: 10/40,	 Avg.loss: 0.0023,	 Test Accuracy: 272/1000(27%)
Head Finetuning    :Task: 8,	 Epoch: 11/40,	 Avg.loss: 0.0023,	 Test Accuracy: 293/1000(29%)
Head Finetuning    :Task: 8,	 Epoch: 12/40,	 Avg.loss: 0.0022,	 Test Accuracy: 306/1000(31%)
Head Finetuning    :Task: 8,	 Epoch: 13/40,	 Avg.loss: 0.0021,	 Test Accuracy: 331/1000(33%)
Head Finetuning    :Task: 8,	 Epoch: 14/40,	 Avg.loss: 0.0021,	 Test Accuracy: 344/1000(34%)
Task: 8,	 Epoch: 0/40,	 Avg.loss: 0.0036,	 Test Accuracy: 101/1000(10%)
Task: 8,	 Epoch: 0/40,	 Avg.loss: 0.0019,	 Test Accuracy: 367/1000(37%)
Task: 8,	 Epoch: 0/40,	 Avg.loss: 0.0013,	 Test Accuracy: 541/1000(54%)
Task: 8,	 Epoch: 0/40,	 Avg.loss: 0.0012,	 Test Accuracy: 601/1000(60%)
Task: 8,	 Epoch: 0/40,	 Avg.loss: 0.0013,	 Test Accuracy: 587/1000(59%)
Task: 8,	 Epoch: 0/40,	 Avg.loss: 0.0011,	 Test Accuracy: 614/1000(61%)
Task: 8,	 Epoch: 0/40,	 Avg.loss: 0.0011,	 Test Accuracy: 625/1000(63%)
Task: 8,	 Epoch: 0/40,	 Avg.loss: 0.0011,	 Test Accuracy: 632/1000(63%)
Task: 8,	 Epoch: 1/40,	 Avg.loss: 0.0010,	 Test Accuracy: 688/1000(69%)
Task: 8,	 Epoch: 2/40,	 Avg.loss: 0.0009,	 Test Accuracy: 700/1000(70%)
Task: 8,	 Epoch: 3/40,	 Avg.loss: 0.0009,	 Test Accuracy: 706/1000(71%)
Task: 8,	 Epoch: 4/40,	 Avg.loss: 0.0009,	 Test Accuracy: 721/1000(72%)
Task: 8,	 Epoch: 5/40,	 Avg.loss: 0.0008,	 Test Accuracy: 742/1000(74%)
Task: 8,	 Epoch: 6/40,	 Avg.loss: 0.0008,	 Test Accuracy: 745/1000(74%)
Task: 8,	 Epoch: 7/40,	 Avg.loss: 0.0007,	 Test Accuracy: 755/1000(76%)
Task: 8,	 Epoch: 8/40,	 Avg.loss: 0.0008,	 Test Accuracy: 721/1000(72%)
Task: 8,	 Epoch: 9/40,	 Avg.loss: 0.0007,	 Test Accuracy: 744/1000(74%)
Task: 8,	 Epoch: 10/40,	 Avg.loss: 0.0007,	 Test Accuracy: 758/1000(76%)
Task: 8,	 Epoch: 11/40,	 Avg.loss: 0.0007,	 Test Accuracy: 751/1000(75%)
Task: 8,	 Epoch: 12/40,	 Avg.loss: 0.0008,	 Test Accuracy: 746/1000(75%)
Task: 8,	 Epoch: 13/40,	 Avg.loss: 0.0007,	 Test Accuracy: 751/1000(75%)
Task: 8,	 Epoch: 14/40,	 Avg.loss: 0.0007,	 Test Accuracy: 747/1000(75%)
Task: 8,	 Epoch: 15/40,	 Avg.loss: 0.0007,	 Test Accuracy: 744/1000(74%)
Task: 8,	 Epoch: 16/40,	 Avg.loss: 0.0007,	 Test Accuracy: 768/1000(77%)
Task: 8,	 Epoch: 17/40,	 Avg.loss: 0.0007,	 Test Accuracy: 762/1000(76%)
Task: 8,	 Epoch: 18/40,	 Avg.loss: 0.0007,	 Test Accuracy: 755/1000(76%)
Task: 8,	 Epoch: 19/40,	 Avg.loss: 0.0007,	 Test Accuracy: 754/1000(75%)
Task: 8,	 Epoch: 20/40,	 Avg.loss: 0.0006,	 Test Accuracy: 782/1000(78%)
Task: 8,	 Epoch: 21/40,	 Avg.loss: 0.0006,	 Test Accuracy: 786/1000(79%)
Task: 8,	 Epoch: 22/40,	 Avg.loss: 0.0006,	 Test Accuracy: 777/1000(78%)
Task: 8,	 Epoch: 23/40,	 Avg.loss: 0.0006,	 Test Accuracy: 782/1000(78%)
Task: 8,	 Epoch: 24/40,	 Avg.loss: 0.0006,	 Test Accuracy: 786/1000(79%)
Task: 8,	 Epoch: 25/40,	 Avg.loss: 0.0006,	 Test Accuracy: 785/1000(78%)
Task: 8,	 Epoch: 26/40,	 Avg.loss: 0.0006,	 Test Accuracy: 785/1000(78%)
Task: 8,	 Epoch: 27/40,	 Avg.loss: 0.0006,	 Test Accuracy: 785/1000(78%)
Task: 8,	 Epoch: 28/40,	 Avg.loss: 0.0006,	 Test Accuracy: 777/1000(78%)
Task: 8,	 Epoch: 29/40,	 Avg.loss: 0.0006,	 Test Accuracy: 779/1000(78%)
Task: 8,	 Epoch: 30/40,	 Avg.loss: 0.0006,	 Test Accuracy: 775/1000(78%)
Task: 8,	 Epoch: 31/40,	 Avg.loss: 0.0006,	 Test Accuracy: 781/1000(78%)
Task: 8,	 Epoch: 32/40,	 Avg.loss: 0.0006,	 Test Accuracy: 778/1000(78%)
Task: 8,	 Epoch: 33/40,	 Avg.loss: 0.0006,	 Test Accuracy: 784/1000(78%)
Task: 8,	 Epoch: 34/40,	 Avg.loss: 0.0006,	 Test Accuracy: 783/1000(78%)
Task: 8,	 Epoch: 35/40,	 Avg.loss: 0.0006,	 Test Accuracy: 783/1000(78%)
Task: 8,	 Epoch: 36/40,	 Avg.loss: 0.0006,	 Test Accuracy: 778/1000(78%)
Task: 8,	 Epoch: 37/40,	 Avg.loss: 0.0006,	 Test Accuracy: 780/1000(78%)
Task: 8,	 Epoch: 38/40,	 Avg.loss: 0.0006,	 Test Accuracy: 781/1000(78%)
Task: 8,	 Epoch: 39/40,	 Avg.loss: 0.0006,	 Test Accuracy: 787/1000(79%)
Trained Task:8, Loaded task:0, Accuracy:81.8%
Trained Task:8, Loaded task:1, Accuracy:73.7%
Trained Task:8, Loaded task:2, Accuracy:78.1%
Trained Task:8, Loaded task:3, Accuracy:77.4%
Trained Task:8, Loaded task:4, Accuracy:77.1%
Trained Task:8, Loaded task:5, Accuracy:76.0%
Trained Task:8, Loaded task:6, Accuracy:74.6%
Trained Task:8, Loaded task:7, Accuracy:73.7%
Trained Task:8, Loaded task:8, Accuracy:78.7%
Trained Task:8, Avg. Accuracy: 76.8 

List of avg. accuracy: [87.1, 80.6, 79.4, 79.1, 78.6, 77.6, 77.2, 77.0, 76.8]
Mask histogram
conv1_layer.0.weight: 
 tensor([    0,     0,     0,     0,     0,     0,     0,     0,     0,     0,
        32768], device='cuda:0', dtype=torch.int32)
conv2_layer.0.weight: 
 tensor([   0,    0,    0,    0,    0,    0,    0,    0,    0,    0, 8192],
       device='cuda:0', dtype=torch.int32)
conv3_layer.0.weight: 
 tensor([    0,     0,     0,     0,     0,     0,     0,     0,     0,     0,
        16384], device='cuda:0', dtype=torch.int32)
conv4_layer.0.weight: 
 tensor([   0,    0,    0,    0,    0,    0,    0,    0,    0,    0, 4096],
       device='cuda:0', dtype=torch.int32)
fc1_layer.0.weight: 
 tensor([  0,   0,   0,   0,   0,   0,   0,   0,   0,   0, 512],
       device='cuda:0', dtype=torch.int32)
Head Finetuning    :Task: 9,	 Epoch: 0/40,	 Avg.loss: 0.0040,	 Test Accuracy: 112/1000(11%)
Head Finetuning    :Task: 9,	 Epoch: 1/40,	 Avg.loss: 0.0035,	 Test Accuracy: 131/1000(13%)
Head Finetuning    :Task: 9,	 Epoch: 2/40,	 Avg.loss: 0.0032,	 Test Accuracy: 158/1000(16%)
Head Finetuning    :Task: 9,	 Epoch: 3/40,	 Avg.loss: 0.0030,	 Test Accuracy: 182/1000(18%)
Head Finetuning    :Task: 9,	 Epoch: 4/40,	 Avg.loss: 0.0028,	 Test Accuracy: 204/1000(20%)
Head Finetuning    :Task: 9,	 Epoch: 5/40,	 Avg.loss: 0.0027,	 Test Accuracy: 219/1000(22%)
Head Finetuning    :Task: 9,	 Epoch: 6/40,	 Avg.loss: 0.0026,	 Test Accuracy: 241/1000(24%)
Head Finetuning    :Task: 9,	 Epoch: 7/40,	 Avg.loss: 0.0024,	 Test Accuracy: 269/1000(27%)
Head Finetuning    :Task: 9,	 Epoch: 8/40,	 Avg.loss: 0.0023,	 Test Accuracy: 286/1000(29%)
Head Finetuning    :Task: 9,	 Epoch: 9/40,	 Avg.loss: 0.0023,	 Test Accuracy: 300/1000(30%)
Head Finetuning    :Task: 9,	 Epoch: 10/40,	 Avg.loss: 0.0022,	 Test Accuracy: 317/1000(32%)
Head Finetuning    :Task: 9,	 Epoch: 11/40,	 Avg.loss: 0.0021,	 Test Accuracy: 338/1000(34%)
Head Finetuning    :Task: 9,	 Epoch: 12/40,	 Avg.loss: 0.0020,	 Test Accuracy: 356/1000(36%)
Head Finetuning    :Task: 9,	 Epoch: 13/40,	 Avg.loss: 0.0020,	 Test Accuracy: 378/1000(38%)
Head Finetuning    :Task: 9,	 Epoch: 14/40,	 Avg.loss: 0.0019,	 Test Accuracy: 395/1000(40%)
Task: 9,	 Epoch: 0/40,	 Avg.loss: 0.0037,	 Test Accuracy: 117/1000(12%)
Task: 9,	 Epoch: 0/40,	 Avg.loss: 0.0016,	 Test Accuracy: 457/1000(46%)
Task: 9,	 Epoch: 0/40,	 Avg.loss: 0.0012,	 Test Accuracy: 636/1000(64%)
Task: 9,	 Epoch: 0/40,	 Avg.loss: 0.0011,	 Test Accuracy: 653/1000(65%)
Task: 9,	 Epoch: 0/40,	 Avg.loss: 0.0012,	 Test Accuracy: 622/1000(62%)
Task: 9,	 Epoch: 0/40,	 Avg.loss: 0.0010,	 Test Accuracy: 662/1000(66%)
Task: 9,	 Epoch: 0/40,	 Avg.loss: 0.0010,	 Test Accuracy: 667/1000(67%)
Task: 9,	 Epoch: 0/40,	 Avg.loss: 0.0009,	 Test Accuracy: 698/1000(70%)
Task: 9,	 Epoch: 1/40,	 Avg.loss: 0.0008,	 Test Accuracy: 726/1000(73%)
Task: 9,	 Epoch: 2/40,	 Avg.loss: 0.0008,	 Test Accuracy: 733/1000(73%)
Task: 9,	 Epoch: 3/40,	 Avg.loss: 0.0007,	 Test Accuracy: 767/1000(77%)
Task: 9,	 Epoch: 4/40,	 Avg.loss: 0.0007,	 Test Accuracy: 773/1000(77%)
Task: 9,	 Epoch: 5/40,	 Avg.loss: 0.0007,	 Test Accuracy: 771/1000(77%)
Task: 9,	 Epoch: 6/40,	 Avg.loss: 0.0007,	 Test Accuracy: 787/1000(79%)
Task: 9,	 Epoch: 7/40,	 Avg.loss: 0.0006,	 Test Accuracy: 787/1000(79%)
Task: 9,	 Epoch: 8/40,	 Avg.loss: 0.0007,	 Test Accuracy: 776/1000(78%)
Task: 9,	 Epoch: 9/40,	 Avg.loss: 0.0007,	 Test Accuracy: 782/1000(78%)
Task: 9,	 Epoch: 10/40,	 Avg.loss: 0.0006,	 Test Accuracy: 793/1000(79%)
Task: 9,	 Epoch: 11/40,	 Avg.loss: 0.0006,	 Test Accuracy: 806/1000(81%)
Task: 9,	 Epoch: 12/40,	 Avg.loss: 0.0006,	 Test Accuracy: 806/1000(81%)
Task: 9,	 Epoch: 13/40,	 Avg.loss: 0.0006,	 Test Accuracy: 801/1000(80%)
Task: 9,	 Epoch: 14/40,	 Avg.loss: 0.0006,	 Test Accuracy: 790/1000(79%)
Task: 9,	 Epoch: 15/40,	 Avg.loss: 0.0006,	 Test Accuracy: 800/1000(80%)
Task: 9,	 Epoch: 16/40,	 Avg.loss: 0.0006,	 Test Accuracy: 795/1000(80%)
Task: 9,	 Epoch: 17/40,	 Avg.loss: 0.0007,	 Test Accuracy: 786/1000(79%)
Task: 9,	 Epoch: 18/40,	 Avg.loss: 0.0006,	 Test Accuracy: 817/1000(82%)
Task: 9,	 Epoch: 19/40,	 Avg.loss: 0.0006,	 Test Accuracy: 816/1000(82%)
Task: 9,	 Epoch: 20/40,	 Avg.loss: 0.0005,	 Test Accuracy: 816/1000(82%)
Task: 9,	 Epoch: 21/40,	 Avg.loss: 0.0005,	 Test Accuracy: 826/1000(83%)
Task: 9,	 Epoch: 22/40,	 Avg.loss: 0.0005,	 Test Accuracy: 819/1000(82%)
Task: 9,	 Epoch: 23/40,	 Avg.loss: 0.0005,	 Test Accuracy: 816/1000(82%)
Task: 9,	 Epoch: 24/40,	 Avg.loss: 0.0005,	 Test Accuracy: 829/1000(83%)
Task: 9,	 Epoch: 25/40,	 Avg.loss: 0.0005,	 Test Accuracy: 826/1000(83%)
Task: 9,	 Epoch: 26/40,	 Avg.loss: 0.0005,	 Test Accuracy: 819/1000(82%)
Task: 9,	 Epoch: 27/40,	 Avg.loss: 0.0005,	 Test Accuracy: 830/1000(83%)
Task: 9,	 Epoch: 28/40,	 Avg.loss: 0.0005,	 Test Accuracy: 826/1000(83%)
Task: 9,	 Epoch: 29/40,	 Avg.loss: 0.0005,	 Test Accuracy: 826/1000(83%)
Task: 9,	 Epoch: 30/40,	 Avg.loss: 0.0005,	 Test Accuracy: 825/1000(83%)
Task: 9,	 Epoch: 31/40,	 Avg.loss: 0.0005,	 Test Accuracy: 821/1000(82%)
Task: 9,	 Epoch: 32/40,	 Avg.loss: 0.0005,	 Test Accuracy: 829/1000(83%)
Task: 9,	 Epoch: 33/40,	 Avg.loss: 0.0005,	 Test Accuracy: 825/1000(83%)
Task: 9,	 Epoch: 34/40,	 Avg.loss: 0.0005,	 Test Accuracy: 822/1000(82%)
Task: 9,	 Epoch: 35/40,	 Avg.loss: 0.0005,	 Test Accuracy: 826/1000(83%)
Task: 9,	 Epoch: 36/40,	 Avg.loss: 0.0005,	 Test Accuracy: 827/1000(83%)
Task: 9,	 Epoch: 37/40,	 Avg.loss: 0.0005,	 Test Accuracy: 830/1000(83%)
Task: 9,	 Epoch: 38/40,	 Avg.loss: 0.0005,	 Test Accuracy: 830/1000(83%)
Task: 9,	 Epoch: 39/40,	 Avg.loss: 0.0005,	 Test Accuracy: 822/1000(82%)
Trained Task:9, Loaded task:0, Accuracy:82.1%
Trained Task:9, Loaded task:1, Accuracy:74.0%
Trained Task:9, Loaded task:2, Accuracy:78.0%
Trained Task:9, Loaded task:3, Accuracy:77.4%
Trained Task:9, Loaded task:4, Accuracy:75.9%
Trained Task:9, Loaded task:5, Accuracy:75.8%
Trained Task:9, Loaded task:6, Accuracy:74.4%
Trained Task:9, Loaded task:7, Accuracy:74.0%
Trained Task:9, Loaded task:8, Accuracy:79.1%
Trained Task:9, Loaded task:9, Accuracy:82.2%
Trained Task:9, Avg. Accuracy: 77.3 

List of avg. accuracy: [87.1, 80.6, 79.4, 79.1, 78.6, 77.6, 77.2, 77.0, 76.8, 77.3]
