fc1
fc2
Mask histogram
conv1_layer.0.weight: 
 tensor([    0, 32768,     0,     0,     0,     0,     0,     0,     0,     0,
            0], device='cuda:0', dtype=torch.int32)
conv2_layer.0.weight: 
 tensor([   0, 8192,    0,    0,    0,    0,    0,    0,    0,    0,    0],
       device='cuda:0', dtype=torch.int32)
conv3_layer.0.weight: 
 tensor([    0, 16384,     0,     0,     0,     0,     0,     0,     0,     0,
            0], device='cuda:0', dtype=torch.int32)
conv4_layer.0.weight: 
 tensor([2496, 1600,    0,    0,    0,    0,    0,    0,    0,    0,    0],
       device='cuda:0', dtype=torch.int32)
fc1_layer.0.weight: 
 tensor([308, 204,   0,   0,   0,   0,   0,   0,   0,   0,   0],
       device='cuda:0', dtype=torch.int32)
Head Finetuning    :Task: 0,	 Epoch: 0/40,	 Avg.loss: 0.0014,	 Test Accuracy: 548/1000(55%)
Head Finetuning    :Task: 0,	 Epoch: 1/40,	 Avg.loss: 0.0012,	 Test Accuracy: 603/1000(60%)
Head Finetuning    :Task: 0,	 Epoch: 2/40,	 Avg.loss: 0.0011,	 Test Accuracy: 622/1000(62%)
Head Finetuning    :Task: 0,	 Epoch: 3/40,	 Avg.loss: 0.0011,	 Test Accuracy: 631/1000(63%)
Head Finetuning    :Task: 0,	 Epoch: 4/40,	 Avg.loss: 0.0011,	 Test Accuracy: 650/1000(65%)
Head Finetuning    :Task: 0,	 Epoch: 5/40,	 Avg.loss: 0.0010,	 Test Accuracy: 647/1000(65%)
Head Finetuning    :Task: 0,	 Epoch: 6/40,	 Avg.loss: 0.0010,	 Test Accuracy: 652/1000(65%)
Head Finetuning    :Task: 0,	 Epoch: 7/40,	 Avg.loss: 0.0010,	 Test Accuracy: 662/1000(66%)
Head Finetuning    :Task: 0,	 Epoch: 8/40,	 Avg.loss: 0.0010,	 Test Accuracy: 660/1000(66%)
Head Finetuning    :Task: 0,	 Epoch: 9/40,	 Avg.loss: 0.0010,	 Test Accuracy: 658/1000(66%)
Head Finetuning    :Task: 0,	 Epoch: 10/40,	 Avg.loss: 0.0010,	 Test Accuracy: 660/1000(66%)
Head Finetuning    :Task: 0,	 Epoch: 11/40,	 Avg.loss: 0.0010,	 Test Accuracy: 656/1000(66%)
Head Finetuning    :Task: 0,	 Epoch: 12/40,	 Avg.loss: 0.0010,	 Test Accuracy: 659/1000(66%)
Head Finetuning    :Task: 0,	 Epoch: 13/40,	 Avg.loss: 0.0009,	 Test Accuracy: 665/1000(66%)
Head Finetuning    :Task: 0,	 Epoch: 14/40,	 Avg.loss: 0.0009,	 Test Accuracy: 661/1000(66%)
Task: 0,	 Epoch: 0/40,	 Avg.loss: 0.0023,	 Test Accuracy: 124/1000(12%)
Task: 0,	 Epoch: 0/40,	 Avg.loss: 0.0021,	 Test Accuracy: 270/1000(27%)
Task: 0,	 Epoch: 0/40,	 Avg.loss: 0.0017,	 Test Accuracy: 414/1000(41%)
Task: 0,	 Epoch: 0/40,	 Avg.loss: 0.0015,	 Test Accuracy: 458/1000(46%)
Task: 0,	 Epoch: 0/40,	 Avg.loss: 0.0015,	 Test Accuracy: 477/1000(48%)
Task: 0,	 Epoch: 0/40,	 Avg.loss: 0.0014,	 Test Accuracy: 512/1000(51%)
Task: 0,	 Epoch: 0/40,	 Avg.loss: 0.0012,	 Test Accuracy: 581/1000(58%)
Task: 0,	 Epoch: 0/40,	 Avg.loss: 0.0012,	 Test Accuracy: 587/1000(59%)
Task: 0,	 Epoch: 1/40,	 Avg.loss: 0.0010,	 Test Accuracy: 656/1000(66%)
Task: 0,	 Epoch: 2/40,	 Avg.loss: 0.0007,	 Test Accuracy: 741/1000(74%)
Task: 0,	 Epoch: 3/40,	 Avg.loss: 0.0007,	 Test Accuracy: 775/1000(78%)
Task: 0,	 Epoch: 4/40,	 Avg.loss: 0.0006,	 Test Accuracy: 782/1000(78%)
Task: 0,	 Epoch: 5/40,	 Avg.loss: 0.0006,	 Test Accuracy: 780/1000(78%)
Task: 0,	 Epoch: 6/40,	 Avg.loss: 0.0006,	 Test Accuracy: 792/1000(79%)
Task: 0,	 Epoch: 7/40,	 Avg.loss: 0.0005,	 Test Accuracy: 816/1000(82%)
Task: 0,	 Epoch: 8/40,	 Avg.loss: 0.0006,	 Test Accuracy: 807/1000(81%)
Task: 0,	 Epoch: 9/40,	 Avg.loss: 0.0006,	 Test Accuracy: 794/1000(79%)
Task: 0,	 Epoch: 10/40,	 Avg.loss: 0.0005,	 Test Accuracy: 819/1000(82%)
Task: 0,	 Epoch: 11/40,	 Avg.loss: 0.0005,	 Test Accuracy: 837/1000(84%)
Task: 0,	 Epoch: 12/40,	 Avg.loss: 0.0006,	 Test Accuracy: 817/1000(82%)
Task: 0,	 Epoch: 13/40,	 Avg.loss: 0.0005,	 Test Accuracy: 827/1000(83%)
Task: 0,	 Epoch: 14/40,	 Avg.loss: 0.0005,	 Test Accuracy: 820/1000(82%)
Task: 0,	 Epoch: 15/40,	 Avg.loss: 0.0005,	 Test Accuracy: 847/1000(85%)
Task: 0,	 Epoch: 16/40,	 Avg.loss: 0.0005,	 Test Accuracy: 813/1000(81%)
Task: 0,	 Epoch: 17/40,	 Avg.loss: 0.0005,	 Test Accuracy: 840/1000(84%)
Task: 0,	 Epoch: 18/40,	 Avg.loss: 0.0005,	 Test Accuracy: 841/1000(84%)
Task: 0,	 Epoch: 19/40,	 Avg.loss: 0.0005,	 Test Accuracy: 852/1000(85%)
Task: 0,	 Epoch: 20/40,	 Avg.loss: 0.0005,	 Test Accuracy: 859/1000(86%)
Task: 0,	 Epoch: 21/40,	 Avg.loss: 0.0005,	 Test Accuracy: 856/1000(86%)
Task: 0,	 Epoch: 22/40,	 Avg.loss: 0.0005,	 Test Accuracy: 860/1000(86%)
Task: 0,	 Epoch: 23/40,	 Avg.loss: 0.0005,	 Test Accuracy: 861/1000(86%)
Task: 0,	 Epoch: 24/40,	 Avg.loss: 0.0005,	 Test Accuracy: 860/1000(86%)
Task: 0,	 Epoch: 25/40,	 Avg.loss: 0.0005,	 Test Accuracy: 860/1000(86%)
Task: 0,	 Epoch: 26/40,	 Avg.loss: 0.0005,	 Test Accuracy: 863/1000(86%)
Task: 0,	 Epoch: 27/40,	 Avg.loss: 0.0005,	 Test Accuracy: 859/1000(86%)
Task: 0,	 Epoch: 28/40,	 Avg.loss: 0.0005,	 Test Accuracy: 857/1000(86%)
Task: 0,	 Epoch: 29/40,	 Avg.loss: 0.0005,	 Test Accuracy: 858/1000(86%)
Task: 0,	 Epoch: 30/40,	 Avg.loss: 0.0005,	 Test Accuracy: 850/1000(85%)
Task: 0,	 Epoch: 31/40,	 Avg.loss: 0.0005,	 Test Accuracy: 851/1000(85%)
Task: 0,	 Epoch: 32/40,	 Avg.loss: 0.0005,	 Test Accuracy: 858/1000(86%)
Task: 0,	 Epoch: 33/40,	 Avg.loss: 0.0005,	 Test Accuracy: 853/1000(85%)
Task: 0,	 Epoch: 34/40,	 Avg.loss: 0.0005,	 Test Accuracy: 858/1000(86%)
Task: 0,	 Epoch: 35/40,	 Avg.loss: 0.0005,	 Test Accuracy: 855/1000(86%)
Task: 0,	 Epoch: 36/40,	 Avg.loss: 0.0005,	 Test Accuracy: 857/1000(86%)
Task: 0,	 Epoch: 37/40,	 Avg.loss: 0.0005,	 Test Accuracy: 859/1000(86%)
Task: 0,	 Epoch: 38/40,	 Avg.loss: 0.0005,	 Test Accuracy: 857/1000(86%)
Task: 0,	 Epoch: 39/40,	 Avg.loss: 0.0005,	 Test Accuracy: 859/1000(86%)
Trained Task:0, Loaded task:0, Accuracy:85.9%
Trained Task:0, Avg. Accuracy: 85.9 

List of avg. accuracy: [85.9]
Mask histogram
conv1_layer.0.weight: 
 tensor([    0,     0, 32768,     0,     0,     0,     0,     0,     0,     0,
            0], device='cuda:0', dtype=torch.int32)
conv2_layer.0.weight: 
 tensor([   0,    0, 8192,    0,    0,    0,    0,    0,    0,    0,    0],
       device='cuda:0', dtype=torch.int32)
conv3_layer.0.weight: 
 tensor([    0,     0, 16384,     0,     0,     0,     0,     0,     0,     0,
            0], device='cuda:0', dtype=torch.int32)
conv4_layer.0.weight: 
 tensor([ 896, 3200,    0,    0,    0,    0,    0,    0,    0,    0,    0],
       device='cuda:0', dtype=torch.int32)
fc1_layer.0.weight: 
 tensor([229, 158, 125,   0,   0,   0,   0,   0,   0,   0,   0],
       device='cuda:0', dtype=torch.int32)
Head Finetuning    :Task: 1,	 Epoch: 0/40,	 Avg.loss: 0.0024,	 Test Accuracy: 101/1000(10%)
Head Finetuning    :Task: 1,	 Epoch: 1/40,	 Avg.loss: 0.0024,	 Test Accuracy: 113/1000(11%)
Head Finetuning    :Task: 1,	 Epoch: 2/40,	 Avg.loss: 0.0024,	 Test Accuracy: 122/1000(12%)
Head Finetuning    :Task: 1,	 Epoch: 3/40,	 Avg.loss: 0.0023,	 Test Accuracy: 129/1000(13%)
Head Finetuning    :Task: 1,	 Epoch: 4/40,	 Avg.loss: 0.0023,	 Test Accuracy: 137/1000(14%)
Head Finetuning    :Task: 1,	 Epoch: 5/40,	 Avg.loss: 0.0023,	 Test Accuracy: 146/1000(15%)
Head Finetuning    :Task: 1,	 Epoch: 6/40,	 Avg.loss: 0.0023,	 Test Accuracy: 150/1000(15%)
Head Finetuning    :Task: 1,	 Epoch: 7/40,	 Avg.loss: 0.0023,	 Test Accuracy: 159/1000(16%)
Head Finetuning    :Task: 1,	 Epoch: 8/40,	 Avg.loss: 0.0023,	 Test Accuracy: 163/1000(16%)
Head Finetuning    :Task: 1,	 Epoch: 9/40,	 Avg.loss: 0.0022,	 Test Accuracy: 166/1000(17%)
Head Finetuning    :Task: 1,	 Epoch: 10/40,	 Avg.loss: 0.0022,	 Test Accuracy: 175/1000(18%)
Head Finetuning    :Task: 1,	 Epoch: 11/40,	 Avg.loss: 0.0022,	 Test Accuracy: 179/1000(18%)
Head Finetuning    :Task: 1,	 Epoch: 12/40,	 Avg.loss: 0.0022,	 Test Accuracy: 184/1000(18%)
Head Finetuning    :Task: 1,	 Epoch: 13/40,	 Avg.loss: 0.0022,	 Test Accuracy: 188/1000(19%)
Head Finetuning    :Task: 1,	 Epoch: 14/40,	 Avg.loss: 0.0022,	 Test Accuracy: 192/1000(19%)
Task: 1,	 Epoch: 0/40,	 Avg.loss: 0.0023,	 Test Accuracy: 126/1000(13%)
Task: 1,	 Epoch: 0/40,	 Avg.loss: 0.0019,	 Test Accuracy: 354/1000(35%)
Task: 1,	 Epoch: 0/40,	 Avg.loss: 0.0015,	 Test Accuracy: 484/1000(48%)
Task: 1,	 Epoch: 0/40,	 Avg.loss: 0.0014,	 Test Accuracy: 557/1000(56%)
Task: 1,	 Epoch: 0/40,	 Avg.loss: 0.0013,	 Test Accuracy: 559/1000(56%)
Task: 1,	 Epoch: 0/40,	 Avg.loss: 0.0012,	 Test Accuracy: 588/1000(59%)
Task: 1,	 Epoch: 0/40,	 Avg.loss: 0.0011,	 Test Accuracy: 627/1000(63%)
Task: 1,	 Epoch: 0/40,	 Avg.loss: 0.0011,	 Test Accuracy: 637/1000(64%)
Task: 1,	 Epoch: 1/40,	 Avg.loss: 0.0009,	 Test Accuracy: 701/1000(70%)
Task: 1,	 Epoch: 2/40,	 Avg.loss: 0.0008,	 Test Accuracy: 717/1000(72%)
Task: 1,	 Epoch: 3/40,	 Avg.loss: 0.0009,	 Test Accuracy: 679/1000(68%)
Task: 1,	 Epoch: 4/40,	 Avg.loss: 0.0008,	 Test Accuracy: 737/1000(74%)
Task: 1,	 Epoch: 5/40,	 Avg.loss: 0.0007,	 Test Accuracy: 736/1000(74%)
Task: 1,	 Epoch: 6/40,	 Avg.loss: 0.0007,	 Test Accuracy: 751/1000(75%)
Task: 1,	 Epoch: 7/40,	 Avg.loss: 0.0007,	 Test Accuracy: 757/1000(76%)
Task: 1,	 Epoch: 8/40,	 Avg.loss: 0.0007,	 Test Accuracy: 734/1000(73%)
Task: 1,	 Epoch: 9/40,	 Avg.loss: 0.0007,	 Test Accuracy: 764/1000(76%)
Task: 1,	 Epoch: 10/40,	 Avg.loss: 0.0007,	 Test Accuracy: 772/1000(77%)
Task: 1,	 Epoch: 11/40,	 Avg.loss: 0.0007,	 Test Accuracy: 756/1000(76%)
Task: 1,	 Epoch: 12/40,	 Avg.loss: 0.0007,	 Test Accuracy: 765/1000(76%)
Task: 1,	 Epoch: 13/40,	 Avg.loss: 0.0009,	 Test Accuracy: 728/1000(73%)
Task: 1,	 Epoch: 14/40,	 Avg.loss: 0.0007,	 Test Accuracy: 762/1000(76%)
Task: 1,	 Epoch: 15/40,	 Avg.loss: 0.0007,	 Test Accuracy: 776/1000(78%)
Task: 1,	 Epoch: 16/40,	 Avg.loss: 0.0007,	 Test Accuracy: 784/1000(78%)
Task: 1,	 Epoch: 17/40,	 Avg.loss: 0.0007,	 Test Accuracy: 778/1000(78%)
Task: 1,	 Epoch: 18/40,	 Avg.loss: 0.0007,	 Test Accuracy: 779/1000(78%)
Task: 1,	 Epoch: 19/40,	 Avg.loss: 0.0007,	 Test Accuracy: 786/1000(79%)
Task: 1,	 Epoch: 20/40,	 Avg.loss: 0.0006,	 Test Accuracy: 781/1000(78%)
Task: 1,	 Epoch: 21/40,	 Avg.loss: 0.0006,	 Test Accuracy: 778/1000(78%)
Task: 1,	 Epoch: 22/40,	 Avg.loss: 0.0006,	 Test Accuracy: 782/1000(78%)
Task: 1,	 Epoch: 23/40,	 Avg.loss: 0.0006,	 Test Accuracy: 787/1000(79%)
Task: 1,	 Epoch: 24/40,	 Avg.loss: 0.0006,	 Test Accuracy: 792/1000(79%)
Task: 1,	 Epoch: 25/40,	 Avg.loss: 0.0006,	 Test Accuracy: 787/1000(79%)
Task: 1,	 Epoch: 26/40,	 Avg.loss: 0.0006,	 Test Accuracy: 785/1000(78%)
Task: 1,	 Epoch: 27/40,	 Avg.loss: 0.0006,	 Test Accuracy: 788/1000(79%)
Task: 1,	 Epoch: 28/40,	 Avg.loss: 0.0006,	 Test Accuracy: 788/1000(79%)
Task: 1,	 Epoch: 29/40,	 Avg.loss: 0.0006,	 Test Accuracy: 788/1000(79%)
Task: 1,	 Epoch: 30/40,	 Avg.loss: 0.0006,	 Test Accuracy: 793/1000(79%)
Task: 1,	 Epoch: 31/40,	 Avg.loss: 0.0006,	 Test Accuracy: 791/1000(79%)
Task: 1,	 Epoch: 32/40,	 Avg.loss: 0.0006,	 Test Accuracy: 794/1000(79%)
Task: 1,	 Epoch: 33/40,	 Avg.loss: 0.0006,	 Test Accuracy: 787/1000(79%)
Task: 1,	 Epoch: 34/40,	 Avg.loss: 0.0006,	 Test Accuracy: 786/1000(79%)
Task: 1,	 Epoch: 35/40,	 Avg.loss: 0.0006,	 Test Accuracy: 794/1000(79%)
Task: 1,	 Epoch: 36/40,	 Avg.loss: 0.0006,	 Test Accuracy: 793/1000(79%)
Task: 1,	 Epoch: 37/40,	 Avg.loss: 0.0006,	 Test Accuracy: 788/1000(79%)
Task: 1,	 Epoch: 38/40,	 Avg.loss: 0.0007,	 Test Accuracy: 786/1000(79%)
Task: 1,	 Epoch: 39/40,	 Avg.loss: 0.0007,	 Test Accuracy: 788/1000(79%)
Trained Task:1, Loaded task:0, Accuracy:85.9%
Trained Task:1, Loaded task:1, Accuracy:78.8%
Trained Task:1, Avg. Accuracy: 82.4 

List of avg. accuracy: [85.9, 82.4]
Mask histogram
conv1_layer.0.weight: 
 tensor([    0,     0,     0, 32768,     0,     0,     0,     0,     0,     0,
            0], device='cuda:0', dtype=torch.int32)
conv2_layer.0.weight: 
 tensor([   0,    0,    0, 8192,    0,    0,    0,    0,    0,    0,    0],
       device='cuda:0', dtype=torch.int32)
conv3_layer.0.weight: 
 tensor([    0,     0,     0, 16384,     0,     0,     0,     0,     0,     0,
            0], device='cuda:0', dtype=torch.int32)
conv4_layer.0.weight: 
 tensor([   0, 3392,  704,    0,    0,    0,    0,    0,    0,    0,    0],
       device='cuda:0', dtype=torch.int32)
fc1_layer.0.weight: 
 tensor([ 95, 222, 195,   0,   0,   0,   0,   0,   0,   0,   0],
       device='cuda:0', dtype=torch.int32)
Head Finetuning    :Task: 2,	 Epoch: 0/40,	 Avg.loss: 0.0024,	 Test Accuracy: 94/1000(9%)
Head Finetuning    :Task: 2,	 Epoch: 1/40,	 Avg.loss: 0.0023,	 Test Accuracy: 104/1000(10%)
Head Finetuning    :Task: 2,	 Epoch: 2/40,	 Avg.loss: 0.0023,	 Test Accuracy: 114/1000(11%)
Head Finetuning    :Task: 2,	 Epoch: 3/40,	 Avg.loss: 0.0023,	 Test Accuracy: 119/1000(12%)
Head Finetuning    :Task: 2,	 Epoch: 4/40,	 Avg.loss: 0.0023,	 Test Accuracy: 125/1000(13%)
Head Finetuning    :Task: 2,	 Epoch: 5/40,	 Avg.loss: 0.0023,	 Test Accuracy: 128/1000(13%)
Head Finetuning    :Task: 2,	 Epoch: 6/40,	 Avg.loss: 0.0023,	 Test Accuracy: 132/1000(13%)
Head Finetuning    :Task: 2,	 Epoch: 7/40,	 Avg.loss: 0.0023,	 Test Accuracy: 137/1000(14%)
Head Finetuning    :Task: 2,	 Epoch: 8/40,	 Avg.loss: 0.0023,	 Test Accuracy: 140/1000(14%)
Head Finetuning    :Task: 2,	 Epoch: 9/40,	 Avg.loss: 0.0023,	 Test Accuracy: 145/1000(15%)
Head Finetuning    :Task: 2,	 Epoch: 10/40,	 Avg.loss: 0.0022,	 Test Accuracy: 150/1000(15%)
Head Finetuning    :Task: 2,	 Epoch: 11/40,	 Avg.loss: 0.0022,	 Test Accuracy: 150/1000(15%)
Head Finetuning    :Task: 2,	 Epoch: 12/40,	 Avg.loss: 0.0022,	 Test Accuracy: 155/1000(16%)
Head Finetuning    :Task: 2,	 Epoch: 13/40,	 Avg.loss: 0.0022,	 Test Accuracy: 158/1000(16%)
Head Finetuning    :Task: 2,	 Epoch: 14/40,	 Avg.loss: 0.0022,	 Test Accuracy: 163/1000(16%)
Task: 2,	 Epoch: 0/40,	 Avg.loss: 0.0023,	 Test Accuracy: 96/1000(10%)
Task: 2,	 Epoch: 0/40,	 Avg.loss: 0.0021,	 Test Accuracy: 224/1000(22%)
Task: 2,	 Epoch: 0/40,	 Avg.loss: 0.0018,	 Test Accuracy: 436/1000(44%)
Task: 2,	 Epoch: 0/40,	 Avg.loss: 0.0015,	 Test Accuracy: 515/1000(52%)
Task: 2,	 Epoch: 0/40,	 Avg.loss: 0.0014,	 Test Accuracy: 559/1000(56%)
Task: 2,	 Epoch: 0/40,	 Avg.loss: 0.0013,	 Test Accuracy: 564/1000(56%)
Task: 2,	 Epoch: 0/40,	 Avg.loss: 0.0012,	 Test Accuracy: 580/1000(58%)
Task: 2,	 Epoch: 0/40,	 Avg.loss: 0.0012,	 Test Accuracy: 581/1000(58%)
Task: 2,	 Epoch: 1/40,	 Avg.loss: 0.0010,	 Test Accuracy: 670/1000(67%)
Task: 2,	 Epoch: 2/40,	 Avg.loss: 0.0009,	 Test Accuracy: 705/1000(70%)
Task: 2,	 Epoch: 3/40,	 Avg.loss: 0.0009,	 Test Accuracy: 697/1000(70%)
Task: 2,	 Epoch: 4/40,	 Avg.loss: 0.0009,	 Test Accuracy: 700/1000(70%)
Task: 2,	 Epoch: 5/40,	 Avg.loss: 0.0009,	 Test Accuracy: 718/1000(72%)
Task: 2,	 Epoch: 6/40,	 Avg.loss: 0.0008,	 Test Accuracy: 735/1000(74%)
Task: 2,	 Epoch: 7/40,	 Avg.loss: 0.0008,	 Test Accuracy: 750/1000(75%)
Task: 2,	 Epoch: 8/40,	 Avg.loss: 0.0008,	 Test Accuracy: 743/1000(74%)
Task: 2,	 Epoch: 9/40,	 Avg.loss: 0.0008,	 Test Accuracy: 732/1000(73%)
Task: 2,	 Epoch: 10/40,	 Avg.loss: 0.0008,	 Test Accuracy: 745/1000(74%)
Task: 2,	 Epoch: 11/40,	 Avg.loss: 0.0008,	 Test Accuracy: 738/1000(74%)
Task: 2,	 Epoch: 12/40,	 Avg.loss: 0.0008,	 Test Accuracy: 726/1000(73%)
Task: 2,	 Epoch: 13/40,	 Avg.loss: 0.0008,	 Test Accuracy: 752/1000(75%)
Task: 2,	 Epoch: 14/40,	 Avg.loss: 0.0008,	 Test Accuracy: 743/1000(74%)
Task: 2,	 Epoch: 15/40,	 Avg.loss: 0.0008,	 Test Accuracy: 742/1000(74%)
Task: 2,	 Epoch: 16/40,	 Avg.loss: 0.0008,	 Test Accuracy: 736/1000(74%)
Task: 2,	 Epoch: 17/40,	 Avg.loss: 0.0007,	 Test Accuracy: 770/1000(77%)
Task: 2,	 Epoch: 18/40,	 Avg.loss: 0.0007,	 Test Accuracy: 763/1000(76%)
Task: 2,	 Epoch: 19/40,	 Avg.loss: 0.0008,	 Test Accuracy: 745/1000(74%)
Task: 2,	 Epoch: 20/40,	 Avg.loss: 0.0007,	 Test Accuracy: 767/1000(77%)
Task: 2,	 Epoch: 21/40,	 Avg.loss: 0.0007,	 Test Accuracy: 763/1000(76%)
Task: 2,	 Epoch: 22/40,	 Avg.loss: 0.0007,	 Test Accuracy: 766/1000(77%)
Task: 2,	 Epoch: 23/40,	 Avg.loss: 0.0007,	 Test Accuracy: 773/1000(77%)
Task: 2,	 Epoch: 24/40,	 Avg.loss: 0.0007,	 Test Accuracy: 770/1000(77%)
Task: 2,	 Epoch: 25/40,	 Avg.loss: 0.0007,	 Test Accuracy: 774/1000(77%)
Task: 2,	 Epoch: 26/40,	 Avg.loss: 0.0007,	 Test Accuracy: 770/1000(77%)
Task: 2,	 Epoch: 27/40,	 Avg.loss: 0.0007,	 Test Accuracy: 772/1000(77%)
Task: 2,	 Epoch: 28/40,	 Avg.loss: 0.0007,	 Test Accuracy: 771/1000(77%)
Task: 2,	 Epoch: 29/40,	 Avg.loss: 0.0007,	 Test Accuracy: 767/1000(77%)
Task: 2,	 Epoch: 30/40,	 Avg.loss: 0.0007,	 Test Accuracy: 774/1000(77%)
Task: 2,	 Epoch: 31/40,	 Avg.loss: 0.0007,	 Test Accuracy: 770/1000(77%)
Task: 2,	 Epoch: 32/40,	 Avg.loss: 0.0007,	 Test Accuracy: 768/1000(77%)
Task: 2,	 Epoch: 33/40,	 Avg.loss: 0.0007,	 Test Accuracy: 768/1000(77%)
Task: 2,	 Epoch: 34/40,	 Avg.loss: 0.0007,	 Test Accuracy: 772/1000(77%)
Task: 2,	 Epoch: 35/40,	 Avg.loss: 0.0007,	 Test Accuracy: 766/1000(77%)
Task: 2,	 Epoch: 36/40,	 Avg.loss: 0.0007,	 Test Accuracy: 770/1000(77%)
Task: 2,	 Epoch: 37/40,	 Avg.loss: 0.0007,	 Test Accuracy: 765/1000(76%)
Task: 2,	 Epoch: 38/40,	 Avg.loss: 0.0007,	 Test Accuracy: 764/1000(76%)
Task: 2,	 Epoch: 39/40,	 Avg.loss: 0.0007,	 Test Accuracy: 763/1000(76%)
Trained Task:2, Loaded task:0, Accuracy:82.6%
Trained Task:2, Loaded task:1, Accuracy:77.6%
Trained Task:2, Loaded task:2, Accuracy:76.3%
Trained Task:2, Avg. Accuracy: 78.8 

List of avg. accuracy: [85.9, 82.4, 78.8]
Mask histogram
conv1_layer.0.weight: 
 tensor([    0,     0,     0,     0, 32768,     0,     0,     0,     0,     0,
            0], device='cuda:0', dtype=torch.int32)
conv2_layer.0.weight: 
 tensor([   0,    0,    0,    0, 8192,    0,    0,    0,    0,    0,    0],
       device='cuda:0', dtype=torch.int32)
conv3_layer.0.weight: 
 tensor([    0,     0,     0,     0, 16384,     0,     0,     0,     0,     0,
            0], device='cuda:0', dtype=torch.int32)
conv4_layer.0.weight: 
 tensor([   0, 1856, 2176,   64,    0,    0,    0,    0,    0,    0,    0],
       device='cuda:0', dtype=torch.int32)
fc1_layer.0.weight: 
 tensor([ 38, 177, 252,  45,   0,   0,   0,   0,   0,   0,   0],
       device='cuda:0', dtype=torch.int32)
Head Finetuning    :Task: 3,	 Epoch: 0/40,	 Avg.loss: 0.0024,	 Test Accuracy: 126/1000(13%)
Head Finetuning    :Task: 3,	 Epoch: 1/40,	 Avg.loss: 0.0023,	 Test Accuracy: 138/1000(14%)
Head Finetuning    :Task: 3,	 Epoch: 2/40,	 Avg.loss: 0.0023,	 Test Accuracy: 145/1000(15%)
Head Finetuning    :Task: 3,	 Epoch: 3/40,	 Avg.loss: 0.0022,	 Test Accuracy: 168/1000(17%)
Head Finetuning    :Task: 3,	 Epoch: 4/40,	 Avg.loss: 0.0022,	 Test Accuracy: 180/1000(18%)
Head Finetuning    :Task: 3,	 Epoch: 5/40,	 Avg.loss: 0.0022,	 Test Accuracy: 190/1000(19%)
Head Finetuning    :Task: 3,	 Epoch: 6/40,	 Avg.loss: 0.0022,	 Test Accuracy: 206/1000(21%)
Head Finetuning    :Task: 3,	 Epoch: 7/40,	 Avg.loss: 0.0022,	 Test Accuracy: 212/1000(21%)
Head Finetuning    :Task: 3,	 Epoch: 8/40,	 Avg.loss: 0.0021,	 Test Accuracy: 215/1000(22%)
Head Finetuning    :Task: 3,	 Epoch: 9/40,	 Avg.loss: 0.0021,	 Test Accuracy: 224/1000(22%)
Head Finetuning    :Task: 3,	 Epoch: 10/40,	 Avg.loss: 0.0021,	 Test Accuracy: 235/1000(24%)
Head Finetuning    :Task: 3,	 Epoch: 11/40,	 Avg.loss: 0.0021,	 Test Accuracy: 245/1000(25%)
Head Finetuning    :Task: 3,	 Epoch: 12/40,	 Avg.loss: 0.0021,	 Test Accuracy: 249/1000(25%)
Head Finetuning    :Task: 3,	 Epoch: 13/40,	 Avg.loss: 0.0021,	 Test Accuracy: 258/1000(26%)
Head Finetuning    :Task: 3,	 Epoch: 14/40,	 Avg.loss: 0.0021,	 Test Accuracy: 261/1000(26%)
Task: 3,	 Epoch: 0/40,	 Avg.loss: 0.0023,	 Test Accuracy: 128/1000(13%)
Task: 3,	 Epoch: 0/40,	 Avg.loss: 0.0019,	 Test Accuracy: 327/1000(33%)
Task: 3,	 Epoch: 0/40,	 Avg.loss: 0.0016,	 Test Accuracy: 412/1000(41%)
Task: 3,	 Epoch: 0/40,	 Avg.loss: 0.0014,	 Test Accuracy: 505/1000(51%)
Task: 3,	 Epoch: 0/40,	 Avg.loss: 0.0014,	 Test Accuracy: 505/1000(51%)
Task: 3,	 Epoch: 0/40,	 Avg.loss: 0.0013,	 Test Accuracy: 562/1000(56%)
Task: 3,	 Epoch: 0/40,	 Avg.loss: 0.0012,	 Test Accuracy: 560/1000(56%)
Task: 3,	 Epoch: 0/40,	 Avg.loss: 0.0014,	 Test Accuracy: 528/1000(53%)
Task: 3,	 Epoch: 1/40,	 Avg.loss: 0.0011,	 Test Accuracy: 618/1000(62%)
Task: 3,	 Epoch: 2/40,	 Avg.loss: 0.0011,	 Test Accuracy: 609/1000(61%)
Task: 3,	 Epoch: 3/40,	 Avg.loss: 0.0010,	 Test Accuracy: 670/1000(67%)
Task: 3,	 Epoch: 4/40,	 Avg.loss: 0.0010,	 Test Accuracy: 645/1000(64%)
Task: 3,	 Epoch: 5/40,	 Avg.loss: 0.0010,	 Test Accuracy: 666/1000(67%)
Task: 3,	 Epoch: 6/40,	 Avg.loss: 0.0010,	 Test Accuracy: 672/1000(67%)
Task: 3,	 Epoch: 7/40,	 Avg.loss: 0.0009,	 Test Accuracy: 686/1000(69%)
Task: 3,	 Epoch: 8/40,	 Avg.loss: 0.0009,	 Test Accuracy: 685/1000(68%)
Task: 3,	 Epoch: 9/40,	 Avg.loss: 0.0009,	 Test Accuracy: 709/1000(71%)
Task: 3,	 Epoch: 10/40,	 Avg.loss: 0.0010,	 Test Accuracy: 642/1000(64%)
Task: 3,	 Epoch: 11/40,	 Avg.loss: 0.0010,	 Test Accuracy: 671/1000(67%)
Task: 3,	 Epoch: 12/40,	 Avg.loss: 0.0010,	 Test Accuracy: 670/1000(67%)
Task: 3,	 Epoch: 13/40,	 Avg.loss: 0.0009,	 Test Accuracy: 697/1000(70%)
Task: 3,	 Epoch: 14/40,	 Avg.loss: 0.0009,	 Test Accuracy: 700/1000(70%)
Task: 3,	 Epoch: 15/40,	 Avg.loss: 0.0009,	 Test Accuracy: 713/1000(71%)
Task: 3,	 Epoch: 16/40,	 Avg.loss: 0.0010,	 Test Accuracy: 696/1000(70%)
Task: 3,	 Epoch: 17/40,	 Avg.loss: 0.0009,	 Test Accuracy: 706/1000(71%)
Task: 3,	 Epoch: 18/40,	 Avg.loss: 0.0009,	 Test Accuracy: 710/1000(71%)
Task: 3,	 Epoch: 19/40,	 Avg.loss: 0.0009,	 Test Accuracy: 694/1000(69%)
Task: 3,	 Epoch: 20/40,	 Avg.loss: 0.0008,	 Test Accuracy: 736/1000(74%)
Task: 3,	 Epoch: 21/40,	 Avg.loss: 0.0009,	 Test Accuracy: 728/1000(73%)
Task: 3,	 Epoch: 22/40,	 Avg.loss: 0.0008,	 Test Accuracy: 729/1000(73%)
Task: 3,	 Epoch: 23/40,	 Avg.loss: 0.0008,	 Test Accuracy: 735/1000(74%)
Task: 3,	 Epoch: 24/40,	 Avg.loss: 0.0008,	 Test Accuracy: 731/1000(73%)
Task: 3,	 Epoch: 25/40,	 Avg.loss: 0.0008,	 Test Accuracy: 723/1000(72%)
Task: 3,	 Epoch: 26/40,	 Avg.loss: 0.0009,	 Test Accuracy: 729/1000(73%)
Task: 3,	 Epoch: 27/40,	 Avg.loss: 0.0008,	 Test Accuracy: 730/1000(73%)
Task: 3,	 Epoch: 28/40,	 Avg.loss: 0.0008,	 Test Accuracy: 728/1000(73%)
Task: 3,	 Epoch: 29/40,	 Avg.loss: 0.0008,	 Test Accuracy: 734/1000(73%)
Task: 3,	 Epoch: 30/40,	 Avg.loss: 0.0008,	 Test Accuracy: 729/1000(73%)
Task: 3,	 Epoch: 31/40,	 Avg.loss: 0.0008,	 Test Accuracy: 729/1000(73%)
Task: 3,	 Epoch: 32/40,	 Avg.loss: 0.0008,	 Test Accuracy: 734/1000(73%)
Task: 3,	 Epoch: 33/40,	 Avg.loss: 0.0008,	 Test Accuracy: 733/1000(73%)
Task: 3,	 Epoch: 34/40,	 Avg.loss: 0.0008,	 Test Accuracy: 741/1000(74%)
Task: 3,	 Epoch: 35/40,	 Avg.loss: 0.0008,	 Test Accuracy: 736/1000(74%)
Task: 3,	 Epoch: 36/40,	 Avg.loss: 0.0008,	 Test Accuracy: 735/1000(74%)
Task: 3,	 Epoch: 37/40,	 Avg.loss: 0.0008,	 Test Accuracy: 735/1000(74%)
Task: 3,	 Epoch: 38/40,	 Avg.loss: 0.0008,	 Test Accuracy: 730/1000(73%)
Task: 3,	 Epoch: 39/40,	 Avg.loss: 0.0008,	 Test Accuracy: 735/1000(74%)
Trained Task:3, Loaded task:0, Accuracy:74.6%
Trained Task:3, Loaded task:1, Accuracy:74.9%
Trained Task:3, Loaded task:2, Accuracy:75.9%
Trained Task:3, Loaded task:3, Accuracy:73.5%
Trained Task:3, Avg. Accuracy: 74.7 

List of avg. accuracy: [85.9, 82.4, 78.8, 74.7]
Mask histogram
conv1_layer.0.weight: 
 tensor([    0,     0,     0,     0,     0, 32768,     0,     0,     0,     0,
            0], device='cuda:0', dtype=torch.int32)
conv2_layer.0.weight: 
 tensor([   0,    0,    0,    0,    0, 8192,    0,    0,    0,    0,    0],
       device='cuda:0', dtype=torch.int32)
conv3_layer.0.weight: 
 tensor([    0,     0,     0,     0,     0, 16384,     0,     0,     0,     0,
            0], device='cuda:0', dtype=torch.int32)
conv4_layer.0.weight: 
 tensor([   0, 1472, 1408, 1152,   64,    0,    0,    0,    0,    0,    0],
       device='cuda:0', dtype=torch.int32)
fc1_layer.0.weight: 
 tensor([ 23, 129, 221, 107,  32,   0,   0,   0,   0,   0,   0],
       device='cuda:0', dtype=torch.int32)
Head Finetuning    :Task: 4,	 Epoch: 0/40,	 Avg.loss: 0.0028,	 Test Accuracy: 92/1000(9%)
Head Finetuning    :Task: 4,	 Epoch: 1/40,	 Avg.loss: 0.0026,	 Test Accuracy: 102/1000(10%)
Head Finetuning    :Task: 4,	 Epoch: 2/40,	 Avg.loss: 0.0026,	 Test Accuracy: 108/1000(11%)
Head Finetuning    :Task: 4,	 Epoch: 3/40,	 Avg.loss: 0.0025,	 Test Accuracy: 116/1000(12%)
Head Finetuning    :Task: 4,	 Epoch: 4/40,	 Avg.loss: 0.0025,	 Test Accuracy: 124/1000(12%)
Head Finetuning    :Task: 4,	 Epoch: 5/40,	 Avg.loss: 0.0024,	 Test Accuracy: 129/1000(13%)
Head Finetuning    :Task: 4,	 Epoch: 6/40,	 Avg.loss: 0.0024,	 Test Accuracy: 132/1000(13%)
Head Finetuning    :Task: 4,	 Epoch: 7/40,	 Avg.loss: 0.0024,	 Test Accuracy: 134/1000(13%)
Head Finetuning    :Task: 4,	 Epoch: 8/40,	 Avg.loss: 0.0023,	 Test Accuracy: 142/1000(14%)
Head Finetuning    :Task: 4,	 Epoch: 9/40,	 Avg.loss: 0.0023,	 Test Accuracy: 152/1000(15%)
Head Finetuning    :Task: 4,	 Epoch: 10/40,	 Avg.loss: 0.0023,	 Test Accuracy: 156/1000(16%)
Head Finetuning    :Task: 4,	 Epoch: 11/40,	 Avg.loss: 0.0023,	 Test Accuracy: 162/1000(16%)
Head Finetuning    :Task: 4,	 Epoch: 12/40,	 Avg.loss: 0.0023,	 Test Accuracy: 174/1000(17%)
Head Finetuning    :Task: 4,	 Epoch: 13/40,	 Avg.loss: 0.0022,	 Test Accuracy: 185/1000(18%)
Head Finetuning    :Task: 4,	 Epoch: 14/40,	 Avg.loss: 0.0022,	 Test Accuracy: 193/1000(19%)
Task: 4,	 Epoch: 0/40,	 Avg.loss: 0.0026,	 Test Accuracy: 108/1000(11%)
Task: 4,	 Epoch: 0/40,	 Avg.loss: 0.0021,	 Test Accuracy: 243/1000(24%)
Task: 4,	 Epoch: 0/40,	 Avg.loss: 0.0019,	 Test Accuracy: 334/1000(33%)
Task: 4,	 Epoch: 0/40,	 Avg.loss: 0.0015,	 Test Accuracy: 502/1000(50%)
Task: 4,	 Epoch: 0/40,	 Avg.loss: 0.0014,	 Test Accuracy: 536/1000(54%)
Task: 4,	 Epoch: 0/40,	 Avg.loss: 0.0013,	 Test Accuracy: 561/1000(56%)
Task: 4,	 Epoch: 0/40,	 Avg.loss: 0.0012,	 Test Accuracy: 611/1000(61%)
Task: 4,	 Epoch: 0/40,	 Avg.loss: 0.0012,	 Test Accuracy: 593/1000(59%)
Task: 4,	 Epoch: 1/40,	 Avg.loss: 0.0010,	 Test Accuracy: 678/1000(68%)
Task: 4,	 Epoch: 2/40,	 Avg.loss: 0.0010,	 Test Accuracy: 682/1000(68%)
Task: 4,	 Epoch: 3/40,	 Avg.loss: 0.0009,	 Test Accuracy: 714/1000(71%)
Task: 4,	 Epoch: 4/40,	 Avg.loss: 0.0009,	 Test Accuracy: 705/1000(70%)
Task: 4,	 Epoch: 5/40,	 Avg.loss: 0.0009,	 Test Accuracy: 725/1000(72%)
Task: 4,	 Epoch: 6/40,	 Avg.loss: 0.0009,	 Test Accuracy: 722/1000(72%)
Task: 4,	 Epoch: 7/40,	 Avg.loss: 0.0009,	 Test Accuracy: 719/1000(72%)
Task: 4,	 Epoch: 8/40,	 Avg.loss: 0.0009,	 Test Accuracy: 713/1000(71%)
Task: 4,	 Epoch: 9/40,	 Avg.loss: 0.0009,	 Test Accuracy: 715/1000(72%)
Task: 4,	 Epoch: 10/40,	 Avg.loss: 0.0008,	 Test Accuracy: 730/1000(73%)
Task: 4,	 Epoch: 11/40,	 Avg.loss: 0.0008,	 Test Accuracy: 731/1000(73%)
Task: 4,	 Epoch: 12/40,	 Avg.loss: 0.0008,	 Test Accuracy: 734/1000(73%)
Task: 4,	 Epoch: 13/40,	 Avg.loss: 0.0008,	 Test Accuracy: 737/1000(74%)
Task: 4,	 Epoch: 14/40,	 Avg.loss: 0.0008,	 Test Accuracy: 740/1000(74%)
Task: 4,	 Epoch: 15/40,	 Avg.loss: 0.0009,	 Test Accuracy: 722/1000(72%)
Task: 4,	 Epoch: 16/40,	 Avg.loss: 0.0009,	 Test Accuracy: 737/1000(74%)
Task: 4,	 Epoch: 17/40,	 Avg.loss: 0.0008,	 Test Accuracy: 744/1000(74%)
Task: 4,	 Epoch: 18/40,	 Avg.loss: 0.0008,	 Test Accuracy: 753/1000(75%)
Task: 4,	 Epoch: 19/40,	 Avg.loss: 0.0008,	 Test Accuracy: 742/1000(74%)
Task: 4,	 Epoch: 20/40,	 Avg.loss: 0.0008,	 Test Accuracy: 760/1000(76%)
Task: 4,	 Epoch: 21/40,	 Avg.loss: 0.0007,	 Test Accuracy: 760/1000(76%)
Task: 4,	 Epoch: 22/40,	 Avg.loss: 0.0008,	 Test Accuracy: 758/1000(76%)
Task: 4,	 Epoch: 23/40,	 Avg.loss: 0.0007,	 Test Accuracy: 762/1000(76%)
Task: 4,	 Epoch: 24/40,	 Avg.loss: 0.0007,	 Test Accuracy: 765/1000(76%)
Task: 4,	 Epoch: 25/40,	 Avg.loss: 0.0007,	 Test Accuracy: 758/1000(76%)
Task: 4,	 Epoch: 26/40,	 Avg.loss: 0.0008,	 Test Accuracy: 757/1000(76%)
Task: 4,	 Epoch: 27/40,	 Avg.loss: 0.0007,	 Test Accuracy: 762/1000(76%)
Task: 4,	 Epoch: 28/40,	 Avg.loss: 0.0007,	 Test Accuracy: 761/1000(76%)
Task: 4,	 Epoch: 29/40,	 Avg.loss: 0.0007,	 Test Accuracy: 761/1000(76%)
Task: 4,	 Epoch: 30/40,	 Avg.loss: 0.0007,	 Test Accuracy: 765/1000(76%)
Task: 4,	 Epoch: 31/40,	 Avg.loss: 0.0007,	 Test Accuracy: 762/1000(76%)
Task: 4,	 Epoch: 32/40,	 Avg.loss: 0.0007,	 Test Accuracy: 763/1000(76%)
Task: 4,	 Epoch: 33/40,	 Avg.loss: 0.0007,	 Test Accuracy: 762/1000(76%)
Task: 4,	 Epoch: 34/40,	 Avg.loss: 0.0007,	 Test Accuracy: 760/1000(76%)
Task: 4,	 Epoch: 35/40,	 Avg.loss: 0.0008,	 Test Accuracy: 757/1000(76%)
Task: 4,	 Epoch: 36/40,	 Avg.loss: 0.0007,	 Test Accuracy: 761/1000(76%)
Task: 4,	 Epoch: 37/40,	 Avg.loss: 0.0007,	 Test Accuracy: 758/1000(76%)
Task: 4,	 Epoch: 38/40,	 Avg.loss: 0.0007,	 Test Accuracy: 762/1000(76%)
Task: 4,	 Epoch: 39/40,	 Avg.loss: 0.0007,	 Test Accuracy: 768/1000(77%)
Trained Task:4, Loaded task:0, Accuracy:69.4%
Trained Task:4, Loaded task:1, Accuracy:74.5%
Trained Task:4, Loaded task:2, Accuracy:72.2%
Trained Task:4, Loaded task:3, Accuracy:67.9%
Trained Task:4, Loaded task:4, Accuracy:76.8%
Trained Task:4, Avg. Accuracy: 72.2 

List of avg. accuracy: [85.9, 82.4, 78.8, 74.7, 72.2]
Mask histogram
conv1_layer.0.weight: 
 tensor([    0,     0,     0,     0,     0,     0, 32768,     0,     0,     0,
            0], device='cuda:0', dtype=torch.int32)
conv2_layer.0.weight: 
 tensor([   0,    0,    0,    0,    0,    0, 8192,    0,    0,    0,    0],
       device='cuda:0', dtype=torch.int32)
conv3_layer.0.weight: 
 tensor([    0,     0,     0,     0,     0,     0, 16384,     0,     0,     0,
            0], device='cuda:0', dtype=torch.int32)
conv4_layer.0.weight: 
 tensor([   0, 1216, 1280,  640,  896,   64,    0,    0,    0,    0,    0],
       device='cuda:0', dtype=torch.int32)
fc1_layer.0.weight: 
 tensor([ 23, 122, 147,  98,  96,  26,   0,   0,   0,   0,   0],
       device='cuda:0', dtype=torch.int32)
Head Finetuning    :Task: 5,	 Epoch: 0/40,	 Avg.loss: 0.0030,	 Test Accuracy: 135/1000(14%)
Head Finetuning    :Task: 5,	 Epoch: 1/40,	 Avg.loss: 0.0027,	 Test Accuracy: 140/1000(14%)
Head Finetuning    :Task: 5,	 Epoch: 2/40,	 Avg.loss: 0.0026,	 Test Accuracy: 145/1000(15%)
Head Finetuning    :Task: 5,	 Epoch: 3/40,	 Avg.loss: 0.0025,	 Test Accuracy: 155/1000(16%)
Head Finetuning    :Task: 5,	 Epoch: 4/40,	 Avg.loss: 0.0024,	 Test Accuracy: 170/1000(17%)
Head Finetuning    :Task: 5,	 Epoch: 5/40,	 Avg.loss: 0.0024,	 Test Accuracy: 179/1000(18%)
Head Finetuning    :Task: 5,	 Epoch: 6/40,	 Avg.loss: 0.0023,	 Test Accuracy: 183/1000(18%)
Head Finetuning    :Task: 5,	 Epoch: 7/40,	 Avg.loss: 0.0023,	 Test Accuracy: 185/1000(18%)
Head Finetuning    :Task: 5,	 Epoch: 8/40,	 Avg.loss: 0.0023,	 Test Accuracy: 190/1000(19%)
Head Finetuning    :Task: 5,	 Epoch: 9/40,	 Avg.loss: 0.0022,	 Test Accuracy: 201/1000(20%)
Head Finetuning    :Task: 5,	 Epoch: 10/40,	 Avg.loss: 0.0022,	 Test Accuracy: 205/1000(21%)
Head Finetuning    :Task: 5,	 Epoch: 11/40,	 Avg.loss: 0.0022,	 Test Accuracy: 203/1000(20%)
Head Finetuning    :Task: 5,	 Epoch: 12/40,	 Avg.loss: 0.0022,	 Test Accuracy: 209/1000(21%)
Head Finetuning    :Task: 5,	 Epoch: 13/40,	 Avg.loss: 0.0021,	 Test Accuracy: 216/1000(22%)
Head Finetuning    :Task: 5,	 Epoch: 14/40,	 Avg.loss: 0.0021,	 Test Accuracy: 220/1000(22%)
Task: 5,	 Epoch: 0/40,	 Avg.loss: 0.0027,	 Test Accuracy: 139/1000(14%)
Task: 5,	 Epoch: 0/40,	 Avg.loss: 0.0020,	 Test Accuracy: 281/1000(28%)
Task: 5,	 Epoch: 0/40,	 Avg.loss: 0.0015,	 Test Accuracy: 442/1000(44%)
Task: 5,	 Epoch: 0/40,	 Avg.loss: 0.0013,	 Test Accuracy: 535/1000(54%)
Task: 5,	 Epoch: 0/40,	 Avg.loss: 0.0012,	 Test Accuracy: 576/1000(58%)
Task: 5,	 Epoch: 0/40,	 Avg.loss: 0.0012,	 Test Accuracy: 576/1000(58%)
Task: 5,	 Epoch: 0/40,	 Avg.loss: 0.0011,	 Test Accuracy: 597/1000(60%)
Task: 5,	 Epoch: 0/40,	 Avg.loss: 0.0011,	 Test Accuracy: 595/1000(60%)
Task: 5,	 Epoch: 1/40,	 Avg.loss: 0.0011,	 Test Accuracy: 618/1000(62%)
Task: 5,	 Epoch: 2/40,	 Avg.loss: 0.0009,	 Test Accuracy: 672/1000(67%)
Task: 5,	 Epoch: 3/40,	 Avg.loss: 0.0009,	 Test Accuracy: 651/1000(65%)
Task: 5,	 Epoch: 4/40,	 Avg.loss: 0.0009,	 Test Accuracy: 672/1000(67%)
Task: 5,	 Epoch: 5/40,	 Avg.loss: 0.0009,	 Test Accuracy: 685/1000(68%)
Task: 5,	 Epoch: 6/40,	 Avg.loss: 0.0008,	 Test Accuracy: 716/1000(72%)
Task: 5,	 Epoch: 7/40,	 Avg.loss: 0.0009,	 Test Accuracy: 678/1000(68%)
Task: 5,	 Epoch: 8/40,	 Avg.loss: 0.0008,	 Test Accuracy: 703/1000(70%)
Task: 5,	 Epoch: 9/40,	 Avg.loss: 0.0009,	 Test Accuracy: 674/1000(67%)
Task: 5,	 Epoch: 10/40,	 Avg.loss: 0.0009,	 Test Accuracy: 693/1000(69%)
Task: 5,	 Epoch: 11/40,	 Avg.loss: 0.0009,	 Test Accuracy: 690/1000(69%)
Task: 5,	 Epoch: 12/40,	 Avg.loss: 0.0008,	 Test Accuracy: 708/1000(71%)
Task: 5,	 Epoch: 13/40,	 Avg.loss: 0.0009,	 Test Accuracy: 688/1000(69%)
Task: 5,	 Epoch: 14/40,	 Avg.loss: 0.0008,	 Test Accuracy: 710/1000(71%)
Task: 5,	 Epoch: 15/40,	 Avg.loss: 0.0009,	 Test Accuracy: 704/1000(70%)
Task: 5,	 Epoch: 16/40,	 Avg.loss: 0.0009,	 Test Accuracy: 696/1000(70%)
Task: 5,	 Epoch: 17/40,	 Avg.loss: 0.0008,	 Test Accuracy: 724/1000(72%)
Task: 5,	 Epoch: 18/40,	 Avg.loss: 0.0008,	 Test Accuracy: 723/1000(72%)
Task: 5,	 Epoch: 19/40,	 Avg.loss: 0.0008,	 Test Accuracy: 725/1000(72%)
Task: 5,	 Epoch: 20/40,	 Avg.loss: 0.0008,	 Test Accuracy: 734/1000(73%)
Task: 5,	 Epoch: 21/40,	 Avg.loss: 0.0008,	 Test Accuracy: 745/1000(74%)
Task: 5,	 Epoch: 22/40,	 Avg.loss: 0.0008,	 Test Accuracy: 742/1000(74%)
Task: 5,	 Epoch: 23/40,	 Avg.loss: 0.0008,	 Test Accuracy: 736/1000(74%)
Task: 5,	 Epoch: 24/40,	 Avg.loss: 0.0008,	 Test Accuracy: 737/1000(74%)
Task: 5,	 Epoch: 25/40,	 Avg.loss: 0.0008,	 Test Accuracy: 734/1000(73%)
Task: 5,	 Epoch: 26/40,	 Avg.loss: 0.0008,	 Test Accuracy: 734/1000(73%)
Task: 5,	 Epoch: 27/40,	 Avg.loss: 0.0008,	 Test Accuracy: 732/1000(73%)
Task: 5,	 Epoch: 28/40,	 Avg.loss: 0.0008,	 Test Accuracy: 738/1000(74%)
Task: 5,	 Epoch: 29/40,	 Avg.loss: 0.0008,	 Test Accuracy: 741/1000(74%)
Task: 5,	 Epoch: 30/40,	 Avg.loss: 0.0008,	 Test Accuracy: 748/1000(75%)
Task: 5,	 Epoch: 31/40,	 Avg.loss: 0.0008,	 Test Accuracy: 739/1000(74%)
Task: 5,	 Epoch: 32/40,	 Avg.loss: 0.0008,	 Test Accuracy: 743/1000(74%)
Task: 5,	 Epoch: 33/40,	 Avg.loss: 0.0008,	 Test Accuracy: 736/1000(74%)
Task: 5,	 Epoch: 34/40,	 Avg.loss: 0.0007,	 Test Accuracy: 745/1000(74%)
Task: 5,	 Epoch: 35/40,	 Avg.loss: 0.0008,	 Test Accuracy: 739/1000(74%)
Task: 5,	 Epoch: 36/40,	 Avg.loss: 0.0007,	 Test Accuracy: 736/1000(74%)
Task: 5,	 Epoch: 37/40,	 Avg.loss: 0.0008,	 Test Accuracy: 741/1000(74%)
Task: 5,	 Epoch: 38/40,	 Avg.loss: 0.0007,	 Test Accuracy: 745/1000(74%)
Task: 5,	 Epoch: 39/40,	 Avg.loss: 0.0007,	 Test Accuracy: 746/1000(75%)
Trained Task:5, Loaded task:0, Accuracy:67.7%
Trained Task:5, Loaded task:1, Accuracy:73.5%
Trained Task:5, Loaded task:2, Accuracy:71.7%
Trained Task:5, Loaded task:3, Accuracy:63.9%
Trained Task:5, Loaded task:4, Accuracy:75.1%
Trained Task:5, Loaded task:5, Accuracy:74.6%
Trained Task:5, Avg. Accuracy: 71.1 

List of avg. accuracy: [85.9, 82.4, 78.8, 74.7, 72.2, 71.1]
Mask histogram
conv1_layer.0.weight: 
 tensor([    0,     0,     0,     0,     0,     0,     0, 32768,     0,     0,
            0], device='cuda:0', dtype=torch.int32)
conv2_layer.0.weight: 
 tensor([   0,    0,    0,    0,    0,    0,    0, 8192,    0,    0,    0],
       device='cuda:0', dtype=torch.int32)
conv3_layer.0.weight: 
 tensor([    0,     0,     0,     0,     0,     0,     0, 16384,     0,     0,
            0], device='cuda:0', dtype=torch.int32)
conv4_layer.0.weight: 
 tensor([   0,  960, 1088,  960,  256,  832,    0,    0,    0,    0,    0],
       device='cuda:0', dtype=torch.int32)
fc1_layer.0.weight: 
 tensor([ 11, 110, 154,  61,  71,  87,  18,   0,   0,   0,   0],
       device='cuda:0', dtype=torch.int32)
Head Finetuning    :Task: 6,	 Epoch: 0/40,	 Avg.loss: 0.0031,	 Test Accuracy: 136/1000(14%)
Head Finetuning    :Task: 6,	 Epoch: 1/40,	 Avg.loss: 0.0030,	 Test Accuracy: 134/1000(13%)
Head Finetuning    :Task: 6,	 Epoch: 2/40,	 Avg.loss: 0.0029,	 Test Accuracy: 129/1000(13%)
Head Finetuning    :Task: 6,	 Epoch: 3/40,	 Avg.loss: 0.0028,	 Test Accuracy: 120/1000(12%)
Head Finetuning    :Task: 6,	 Epoch: 4/40,	 Avg.loss: 0.0027,	 Test Accuracy: 117/1000(12%)
Head Finetuning    :Task: 6,	 Epoch: 5/40,	 Avg.loss: 0.0027,	 Test Accuracy: 115/1000(12%)
Head Finetuning    :Task: 6,	 Epoch: 6/40,	 Avg.loss: 0.0026,	 Test Accuracy: 115/1000(12%)
Head Finetuning    :Task: 6,	 Epoch: 7/40,	 Avg.loss: 0.0026,	 Test Accuracy: 113/1000(11%)
Head Finetuning    :Task: 6,	 Epoch: 8/40,	 Avg.loss: 0.0025,	 Test Accuracy: 118/1000(12%)
Head Finetuning    :Task: 6,	 Epoch: 9/40,	 Avg.loss: 0.0025,	 Test Accuracy: 120/1000(12%)
Head Finetuning    :Task: 6,	 Epoch: 10/40,	 Avg.loss: 0.0025,	 Test Accuracy: 119/1000(12%)
Head Finetuning    :Task: 6,	 Epoch: 11/40,	 Avg.loss: 0.0025,	 Test Accuracy: 123/1000(12%)
Head Finetuning    :Task: 6,	 Epoch: 12/40,	 Avg.loss: 0.0024,	 Test Accuracy: 127/1000(13%)
Head Finetuning    :Task: 6,	 Epoch: 13/40,	 Avg.loss: 0.0024,	 Test Accuracy: 135/1000(14%)
Head Finetuning    :Task: 6,	 Epoch: 14/40,	 Avg.loss: 0.0024,	 Test Accuracy: 145/1000(15%)
Task: 6,	 Epoch: 0/40,	 Avg.loss: 0.0028,	 Test Accuracy: 134/1000(13%)
Task: 6,	 Epoch: 0/40,	 Avg.loss: 0.0021,	 Test Accuracy: 235/1000(24%)
Task: 6,	 Epoch: 0/40,	 Avg.loss: 0.0016,	 Test Accuracy: 422/1000(42%)
Task: 6,	 Epoch: 0/40,	 Avg.loss: 0.0014,	 Test Accuracy: 502/1000(50%)
Task: 6,	 Epoch: 0/40,	 Avg.loss: 0.0013,	 Test Accuracy: 546/1000(55%)
Task: 6,	 Epoch: 0/40,	 Avg.loss: 0.0012,	 Test Accuracy: 587/1000(59%)
Task: 6,	 Epoch: 0/40,	 Avg.loss: 0.0012,	 Test Accuracy: 598/1000(60%)
Task: 6,	 Epoch: 0/40,	 Avg.loss: 0.0012,	 Test Accuracy: 591/1000(59%)
Task: 6,	 Epoch: 1/40,	 Avg.loss: 0.0010,	 Test Accuracy: 637/1000(64%)
Task: 6,	 Epoch: 2/40,	 Avg.loss: 0.0009,	 Test Accuracy: 651/1000(65%)
Task: 6,	 Epoch: 3/40,	 Avg.loss: 0.0010,	 Test Accuracy: 660/1000(66%)
Task: 6,	 Epoch: 4/40,	 Avg.loss: 0.0009,	 Test Accuracy: 679/1000(68%)
Task: 6,	 Epoch: 5/40,	 Avg.loss: 0.0009,	 Test Accuracy: 690/1000(69%)
Task: 6,	 Epoch: 6/40,	 Avg.loss: 0.0008,	 Test Accuracy: 680/1000(68%)
Task: 6,	 Epoch: 7/40,	 Avg.loss: 0.0009,	 Test Accuracy: 695/1000(70%)
Task: 6,	 Epoch: 8/40,	 Avg.loss: 0.0008,	 Test Accuracy: 687/1000(69%)
Task: 6,	 Epoch: 9/40,	 Avg.loss: 0.0009,	 Test Accuracy: 683/1000(68%)
Task: 6,	 Epoch: 10/40,	 Avg.loss: 0.0009,	 Test Accuracy: 694/1000(69%)
Task: 6,	 Epoch: 11/40,	 Avg.loss: 0.0008,	 Test Accuracy: 704/1000(70%)
Task: 6,	 Epoch: 12/40,	 Avg.loss: 0.0008,	 Test Accuracy: 713/1000(71%)
Task: 6,	 Epoch: 13/40,	 Avg.loss: 0.0008,	 Test Accuracy: 703/1000(70%)
Task: 6,	 Epoch: 14/40,	 Avg.loss: 0.0008,	 Test Accuracy: 705/1000(70%)
Task: 6,	 Epoch: 15/40,	 Avg.loss: 0.0008,	 Test Accuracy: 716/1000(72%)
Task: 6,	 Epoch: 16/40,	 Avg.loss: 0.0008,	 Test Accuracy: 707/1000(71%)
Task: 6,	 Epoch: 17/40,	 Avg.loss: 0.0008,	 Test Accuracy: 703/1000(70%)
Task: 6,	 Epoch: 18/40,	 Avg.loss: 0.0009,	 Test Accuracy: 701/1000(70%)
Task: 6,	 Epoch: 19/40,	 Avg.loss: 0.0008,	 Test Accuracy: 696/1000(70%)
Task: 6,	 Epoch: 20/40,	 Avg.loss: 0.0008,	 Test Accuracy: 730/1000(73%)
Task: 6,	 Epoch: 21/40,	 Avg.loss: 0.0008,	 Test Accuracy: 731/1000(73%)
Task: 6,	 Epoch: 22/40,	 Avg.loss: 0.0008,	 Test Accuracy: 734/1000(73%)
Task: 6,	 Epoch: 23/40,	 Avg.loss: 0.0008,	 Test Accuracy: 728/1000(73%)
Task: 6,	 Epoch: 24/40,	 Avg.loss: 0.0008,	 Test Accuracy: 728/1000(73%)
Task: 6,	 Epoch: 25/40,	 Avg.loss: 0.0008,	 Test Accuracy: 727/1000(73%)
Task: 6,	 Epoch: 26/40,	 Avg.loss: 0.0008,	 Test Accuracy: 724/1000(72%)
Task: 6,	 Epoch: 27/40,	 Avg.loss: 0.0008,	 Test Accuracy: 728/1000(73%)
Task: 6,	 Epoch: 28/40,	 Avg.loss: 0.0008,	 Test Accuracy: 727/1000(73%)
Task: 6,	 Epoch: 29/40,	 Avg.loss: 0.0008,	 Test Accuracy: 735/1000(74%)
Task: 6,	 Epoch: 30/40,	 Avg.loss: 0.0008,	 Test Accuracy: 734/1000(73%)
Task: 6,	 Epoch: 31/40,	 Avg.loss: 0.0008,	 Test Accuracy: 722/1000(72%)
Task: 6,	 Epoch: 32/40,	 Avg.loss: 0.0008,	 Test Accuracy: 726/1000(73%)
Task: 6,	 Epoch: 33/40,	 Avg.loss: 0.0008,	 Test Accuracy: 727/1000(73%)
Task: 6,	 Epoch: 34/40,	 Avg.loss: 0.0008,	 Test Accuracy: 727/1000(73%)
Task: 6,	 Epoch: 35/40,	 Avg.loss: 0.0008,	 Test Accuracy: 721/1000(72%)
Task: 6,	 Epoch: 36/40,	 Avg.loss: 0.0008,	 Test Accuracy: 727/1000(73%)
Task: 6,	 Epoch: 37/40,	 Avg.loss: 0.0008,	 Test Accuracy: 725/1000(72%)
Task: 6,	 Epoch: 38/40,	 Avg.loss: 0.0008,	 Test Accuracy: 725/1000(72%)
Task: 6,	 Epoch: 39/40,	 Avg.loss: 0.0008,	 Test Accuracy: 724/1000(72%)
Trained Task:6, Loaded task:0, Accuracy:66.1%
Trained Task:6, Loaded task:1, Accuracy:73.8%
Trained Task:6, Loaded task:2, Accuracy:72.4%
Trained Task:6, Loaded task:3, Accuracy:59.4%
Trained Task:6, Loaded task:4, Accuracy:74.5%
Trained Task:6, Loaded task:5, Accuracy:74.9%
Trained Task:6, Loaded task:6, Accuracy:72.4%
Trained Task:6, Avg. Accuracy: 70.5 

List of avg. accuracy: [85.9, 82.4, 78.8, 74.7, 72.2, 71.1, 70.5]
Mask histogram
conv1_layer.0.weight: 
 tensor([    0,     0,     0,     0,     0,     0,     0,     0, 32768,     0,
            0], device='cuda:0', dtype=torch.int32)
conv2_layer.0.weight: 
 tensor([   0,    0,    0,    0,    0,    0,    0,    0, 8192,    0,    0],
       device='cuda:0', dtype=torch.int32)
conv3_layer.0.weight: 
 tensor([    0,     0,     0,     0,     0,     0,     0,     0, 16384,     0,
            0], device='cuda:0', dtype=torch.int32)
conv4_layer.0.weight: 
 tensor([  0, 896, 768, 960, 640,  64, 768,   0,   0,   0,   0],
       device='cuda:0', dtype=torch.int32)
fc1_layer.0.weight: 
 tensor([  0, 105, 148,  65,  40,  60,  82,  12,   0,   0,   0],
       device='cuda:0', dtype=torch.int32)
Head Finetuning    :Task: 7,	 Epoch: 0/40,	 Avg.loss: 0.0024,	 Test Accuracy: 221/1000(22%)
Head Finetuning    :Task: 7,	 Epoch: 1/40,	 Avg.loss: 0.0022,	 Test Accuracy: 237/1000(24%)
Head Finetuning    :Task: 7,	 Epoch: 2/40,	 Avg.loss: 0.0022,	 Test Accuracy: 242/1000(24%)
Head Finetuning    :Task: 7,	 Epoch: 3/40,	 Avg.loss: 0.0021,	 Test Accuracy: 256/1000(26%)
Head Finetuning    :Task: 7,	 Epoch: 4/40,	 Avg.loss: 0.0021,	 Test Accuracy: 270/1000(27%)
Head Finetuning    :Task: 7,	 Epoch: 5/40,	 Avg.loss: 0.0020,	 Test Accuracy: 280/1000(28%)
Head Finetuning    :Task: 7,	 Epoch: 6/40,	 Avg.loss: 0.0020,	 Test Accuracy: 288/1000(29%)
Head Finetuning    :Task: 7,	 Epoch: 7/40,	 Avg.loss: 0.0020,	 Test Accuracy: 301/1000(30%)
Head Finetuning    :Task: 7,	 Epoch: 8/40,	 Avg.loss: 0.0020,	 Test Accuracy: 308/1000(31%)
Head Finetuning    :Task: 7,	 Epoch: 9/40,	 Avg.loss: 0.0020,	 Test Accuracy: 313/1000(31%)
Head Finetuning    :Task: 7,	 Epoch: 10/40,	 Avg.loss: 0.0019,	 Test Accuracy: 318/1000(32%)
Head Finetuning    :Task: 7,	 Epoch: 11/40,	 Avg.loss: 0.0019,	 Test Accuracy: 327/1000(33%)
Head Finetuning    :Task: 7,	 Epoch: 12/40,	 Avg.loss: 0.0019,	 Test Accuracy: 335/1000(34%)
Head Finetuning    :Task: 7,	 Epoch: 13/40,	 Avg.loss: 0.0019,	 Test Accuracy: 339/1000(34%)
Head Finetuning    :Task: 7,	 Epoch: 14/40,	 Avg.loss: 0.0019,	 Test Accuracy: 343/1000(34%)
Task: 7,	 Epoch: 0/40,	 Avg.loss: 0.0022,	 Test Accuracy: 240/1000(24%)
Task: 7,	 Epoch: 0/40,	 Avg.loss: 0.0018,	 Test Accuracy: 383/1000(38%)
Task: 7,	 Epoch: 0/40,	 Avg.loss: 0.0015,	 Test Accuracy: 477/1000(48%)
Task: 7,	 Epoch: 0/40,	 Avg.loss: 0.0014,	 Test Accuracy: 512/1000(51%)
Task: 7,	 Epoch: 0/40,	 Avg.loss: 0.0013,	 Test Accuracy: 550/1000(55%)
Task: 7,	 Epoch: 0/40,	 Avg.loss: 0.0013,	 Test Accuracy: 567/1000(57%)
Task: 7,	 Epoch: 0/40,	 Avg.loss: 0.0012,	 Test Accuracy: 569/1000(57%)
Task: 7,	 Epoch: 0/40,	 Avg.loss: 0.0013,	 Test Accuracy: 541/1000(54%)
Task: 7,	 Epoch: 1/40,	 Avg.loss: 0.0011,	 Test Accuracy: 597/1000(60%)
Task: 7,	 Epoch: 2/40,	 Avg.loss: 0.0011,	 Test Accuracy: 626/1000(63%)
Task: 7,	 Epoch: 3/40,	 Avg.loss: 0.0011,	 Test Accuracy: 610/1000(61%)
Task: 7,	 Epoch: 4/40,	 Avg.loss: 0.0011,	 Test Accuracy: 615/1000(62%)
Task: 7,	 Epoch: 5/40,	 Avg.loss: 0.0011,	 Test Accuracy: 622/1000(62%)
Task: 7,	 Epoch: 6/40,	 Avg.loss: 0.0011,	 Test Accuracy: 626/1000(63%)
Task: 7,	 Epoch: 7/40,	 Avg.loss: 0.0010,	 Test Accuracy: 653/1000(65%)
Task: 7,	 Epoch: 8/40,	 Avg.loss: 0.0010,	 Test Accuracy: 639/1000(64%)
Task: 7,	 Epoch: 9/40,	 Avg.loss: 0.0010,	 Test Accuracy: 654/1000(65%)
Task: 7,	 Epoch: 10/40,	 Avg.loss: 0.0010,	 Test Accuracy: 648/1000(65%)
Task: 7,	 Epoch: 11/40,	 Avg.loss: 0.0010,	 Test Accuracy: 653/1000(65%)
Task: 7,	 Epoch: 12/40,	 Avg.loss: 0.0009,	 Test Accuracy: 666/1000(67%)
Task: 7,	 Epoch: 13/40,	 Avg.loss: 0.0009,	 Test Accuracy: 678/1000(68%)
Task: 7,	 Epoch: 14/40,	 Avg.loss: 0.0010,	 Test Accuracy: 660/1000(66%)
Task: 7,	 Epoch: 15/40,	 Avg.loss: 0.0010,	 Test Accuracy: 668/1000(67%)
Task: 7,	 Epoch: 16/40,	 Avg.loss: 0.0010,	 Test Accuracy: 656/1000(66%)
Task: 7,	 Epoch: 17/40,	 Avg.loss: 0.0009,	 Test Accuracy: 676/1000(68%)
Task: 7,	 Epoch: 18/40,	 Avg.loss: 0.0010,	 Test Accuracy: 662/1000(66%)
Task: 7,	 Epoch: 19/40,	 Avg.loss: 0.0009,	 Test Accuracy: 670/1000(67%)
Task: 7,	 Epoch: 20/40,	 Avg.loss: 0.0009,	 Test Accuracy: 690/1000(69%)
Task: 7,	 Epoch: 21/40,	 Avg.loss: 0.0009,	 Test Accuracy: 685/1000(68%)
Task: 7,	 Epoch: 22/40,	 Avg.loss: 0.0009,	 Test Accuracy: 687/1000(69%)
Task: 7,	 Epoch: 23/40,	 Avg.loss: 0.0009,	 Test Accuracy: 692/1000(69%)
Task: 7,	 Epoch: 24/40,	 Avg.loss: 0.0009,	 Test Accuracy: 681/1000(68%)
Task: 7,	 Epoch: 25/40,	 Avg.loss: 0.0009,	 Test Accuracy: 684/1000(68%)
Task: 7,	 Epoch: 26/40,	 Avg.loss: 0.0009,	 Test Accuracy: 683/1000(68%)
Task: 7,	 Epoch: 27/40,	 Avg.loss: 0.0009,	 Test Accuracy: 682/1000(68%)
Task: 7,	 Epoch: 28/40,	 Avg.loss: 0.0009,	 Test Accuracy: 684/1000(68%)
Task: 7,	 Epoch: 29/40,	 Avg.loss: 0.0009,	 Test Accuracy: 680/1000(68%)
Task: 7,	 Epoch: 30/40,	 Avg.loss: 0.0009,	 Test Accuracy: 677/1000(68%)
Task: 7,	 Epoch: 31/40,	 Avg.loss: 0.0009,	 Test Accuracy: 686/1000(69%)
Task: 7,	 Epoch: 32/40,	 Avg.loss: 0.0009,	 Test Accuracy: 685/1000(68%)
Task: 7,	 Epoch: 33/40,	 Avg.loss: 0.0009,	 Test Accuracy: 687/1000(69%)
Task: 7,	 Epoch: 34/40,	 Avg.loss: 0.0009,	 Test Accuracy: 684/1000(68%)
Task: 7,	 Epoch: 35/40,	 Avg.loss: 0.0009,	 Test Accuracy: 686/1000(69%)
Task: 7,	 Epoch: 36/40,	 Avg.loss: 0.0009,	 Test Accuracy: 683/1000(68%)
Task: 7,	 Epoch: 37/40,	 Avg.loss: 0.0009,	 Test Accuracy: 689/1000(69%)
Task: 7,	 Epoch: 38/40,	 Avg.loss: 0.0009,	 Test Accuracy: 679/1000(68%)
Task: 7,	 Epoch: 39/40,	 Avg.loss: 0.0009,	 Test Accuracy: 687/1000(69%)
Trained Task:7, Loaded task:0, Accuracy:62.4%
Trained Task:7, Loaded task:1, Accuracy:73.1%
Trained Task:7, Loaded task:2, Accuracy:71.6%
Trained Task:7, Loaded task:3, Accuracy:59.8%
Trained Task:7, Loaded task:4, Accuracy:74.9%
Trained Task:7, Loaded task:5, Accuracy:74.1%
Trained Task:7, Loaded task:6, Accuracy:71.5%
Trained Task:7, Loaded task:7, Accuracy:68.7%
Trained Task:7, Avg. Accuracy: 69.5 

List of avg. accuracy: [85.9, 82.4, 78.8, 74.7, 72.2, 71.1, 70.5, 69.5]
Mask histogram
conv1_layer.0.weight: 
 tensor([    0,     0,     0,     0,     0,     0,     0,     0,     0, 32768,
            0], device='cuda:0', dtype=torch.int32)
conv2_layer.0.weight: 
 tensor([   0,    0,    0,    0,    0,    0,    0,    0,    0, 8192,    0],
       device='cuda:0', dtype=torch.int32)
conv3_layer.0.weight: 
 tensor([    0,     0,     0,     0,     0,     0,     0,     0,     0, 16384,
            0], device='cuda:0', dtype=torch.int32)
conv4_layer.0.weight: 
 tensor([  0, 640, 768, 960, 832, 128,   0, 768,   0,   0,   0],
       device='cuda:0', dtype=torch.int32)
fc1_layer.0.weight: 
 tensor([  0,  91, 142,  57,  49,  35,  56,  73,   9,   0,   0],
       device='cuda:0', dtype=torch.int32)
Head Finetuning    :Task: 8,	 Epoch: 0/40,	 Avg.loss: 0.0028,	 Test Accuracy: 99/1000(10%)
Head Finetuning    :Task: 8,	 Epoch: 1/40,	 Avg.loss: 0.0026,	 Test Accuracy: 108/1000(11%)
Head Finetuning    :Task: 8,	 Epoch: 2/40,	 Avg.loss: 0.0025,	 Test Accuracy: 121/1000(12%)
Head Finetuning    :Task: 8,	 Epoch: 3/40,	 Avg.loss: 0.0025,	 Test Accuracy: 139/1000(14%)
Head Finetuning    :Task: 8,	 Epoch: 4/40,	 Avg.loss: 0.0024,	 Test Accuracy: 150/1000(15%)
Head Finetuning    :Task: 8,	 Epoch: 5/40,	 Avg.loss: 0.0024,	 Test Accuracy: 157/1000(16%)
Head Finetuning    :Task: 8,	 Epoch: 6/40,	 Avg.loss: 0.0024,	 Test Accuracy: 161/1000(16%)
Head Finetuning    :Task: 8,	 Epoch: 7/40,	 Avg.loss: 0.0023,	 Test Accuracy: 165/1000(16%)
Head Finetuning    :Task: 8,	 Epoch: 8/40,	 Avg.loss: 0.0023,	 Test Accuracy: 165/1000(16%)
Head Finetuning    :Task: 8,	 Epoch: 9/40,	 Avg.loss: 0.0023,	 Test Accuracy: 179/1000(18%)
Head Finetuning    :Task: 8,	 Epoch: 10/40,	 Avg.loss: 0.0023,	 Test Accuracy: 190/1000(19%)
Head Finetuning    :Task: 8,	 Epoch: 11/40,	 Avg.loss: 0.0022,	 Test Accuracy: 195/1000(20%)
Head Finetuning    :Task: 8,	 Epoch: 12/40,	 Avg.loss: 0.0022,	 Test Accuracy: 204/1000(20%)
Head Finetuning    :Task: 8,	 Epoch: 13/40,	 Avg.loss: 0.0022,	 Test Accuracy: 211/1000(21%)
Head Finetuning    :Task: 8,	 Epoch: 14/40,	 Avg.loss: 0.0022,	 Test Accuracy: 214/1000(21%)
Task: 8,	 Epoch: 0/40,	 Avg.loss: 0.0027,	 Test Accuracy: 123/1000(12%)
Task: 8,	 Epoch: 0/40,	 Avg.loss: 0.0020,	 Test Accuracy: 311/1000(31%)
Task: 8,	 Epoch: 0/40,	 Avg.loss: 0.0016,	 Test Accuracy: 445/1000(45%)
Task: 8,	 Epoch: 0/40,	 Avg.loss: 0.0014,	 Test Accuracy: 498/1000(50%)
Task: 8,	 Epoch: 0/40,	 Avg.loss: 0.0013,	 Test Accuracy: 547/1000(55%)
Task: 8,	 Epoch: 0/40,	 Avg.loss: 0.0012,	 Test Accuracy: 562/1000(56%)
Task: 8,	 Epoch: 0/40,	 Avg.loss: 0.0012,	 Test Accuracy: 567/1000(57%)
Task: 8,	 Epoch: 0/40,	 Avg.loss: 0.0013,	 Test Accuracy: 575/1000(58%)
Task: 8,	 Epoch: 1/40,	 Avg.loss: 0.0010,	 Test Accuracy: 655/1000(66%)
Task: 8,	 Epoch: 2/40,	 Avg.loss: 0.0010,	 Test Accuracy: 665/1000(66%)
Task: 8,	 Epoch: 3/40,	 Avg.loss: 0.0010,	 Test Accuracy: 629/1000(63%)
Task: 8,	 Epoch: 4/40,	 Avg.loss: 0.0009,	 Test Accuracy: 702/1000(70%)
Task: 8,	 Epoch: 5/40,	 Avg.loss: 0.0009,	 Test Accuracy: 684/1000(68%)
Task: 8,	 Epoch: 6/40,	 Avg.loss: 0.0010,	 Test Accuracy: 655/1000(66%)
Task: 8,	 Epoch: 7/40,	 Avg.loss: 0.0009,	 Test Accuracy: 699/1000(70%)
Task: 8,	 Epoch: 8/40,	 Avg.loss: 0.0009,	 Test Accuracy: 659/1000(66%)
Task: 8,	 Epoch: 9/40,	 Avg.loss: 0.0009,	 Test Accuracy: 685/1000(68%)
Task: 8,	 Epoch: 10/40,	 Avg.loss: 0.0009,	 Test Accuracy: 699/1000(70%)
Task: 8,	 Epoch: 11/40,	 Avg.loss: 0.0008,	 Test Accuracy: 722/1000(72%)
Task: 8,	 Epoch: 12/40,	 Avg.loss: 0.0008,	 Test Accuracy: 710/1000(71%)
Task: 8,	 Epoch: 13/40,	 Avg.loss: 0.0009,	 Test Accuracy: 711/1000(71%)
Task: 8,	 Epoch: 14/40,	 Avg.loss: 0.0008,	 Test Accuracy: 717/1000(72%)
Task: 8,	 Epoch: 15/40,	 Avg.loss: 0.0008,	 Test Accuracy: 721/1000(72%)
Task: 8,	 Epoch: 16/40,	 Avg.loss: 0.0008,	 Test Accuracy: 727/1000(73%)
Task: 8,	 Epoch: 17/40,	 Avg.loss: 0.0009,	 Test Accuracy: 689/1000(69%)
Task: 8,	 Epoch: 18/40,	 Avg.loss: 0.0008,	 Test Accuracy: 709/1000(71%)
Task: 8,	 Epoch: 19/40,	 Avg.loss: 0.0009,	 Test Accuracy: 706/1000(71%)
Task: 8,	 Epoch: 20/40,	 Avg.loss: 0.0008,	 Test Accuracy: 737/1000(74%)
Task: 8,	 Epoch: 21/40,	 Avg.loss: 0.0008,	 Test Accuracy: 735/1000(74%)
Task: 8,	 Epoch: 22/40,	 Avg.loss: 0.0008,	 Test Accuracy: 737/1000(74%)
Task: 8,	 Epoch: 23/40,	 Avg.loss: 0.0008,	 Test Accuracy: 739/1000(74%)
Task: 8,	 Epoch: 24/40,	 Avg.loss: 0.0008,	 Test Accuracy: 727/1000(73%)
Task: 8,	 Epoch: 25/40,	 Avg.loss: 0.0008,	 Test Accuracy: 734/1000(73%)
Task: 8,	 Epoch: 26/40,	 Avg.loss: 0.0007,	 Test Accuracy: 741/1000(74%)
Task: 8,	 Epoch: 27/40,	 Avg.loss: 0.0008,	 Test Accuracy: 733/1000(73%)
Task: 8,	 Epoch: 28/40,	 Avg.loss: 0.0008,	 Test Accuracy: 732/1000(73%)
Task: 8,	 Epoch: 29/40,	 Avg.loss: 0.0008,	 Test Accuracy: 726/1000(73%)
Task: 8,	 Epoch: 30/40,	 Avg.loss: 0.0007,	 Test Accuracy: 731/1000(73%)
Task: 8,	 Epoch: 31/40,	 Avg.loss: 0.0007,	 Test Accuracy: 737/1000(74%)
Task: 8,	 Epoch: 32/40,	 Avg.loss: 0.0007,	 Test Accuracy: 735/1000(74%)
Task: 8,	 Epoch: 33/40,	 Avg.loss: 0.0007,	 Test Accuracy: 732/1000(73%)
Task: 8,	 Epoch: 34/40,	 Avg.loss: 0.0007,	 Test Accuracy: 746/1000(75%)
Task: 8,	 Epoch: 35/40,	 Avg.loss: 0.0007,	 Test Accuracy: 737/1000(74%)
Task: 8,	 Epoch: 36/40,	 Avg.loss: 0.0007,	 Test Accuracy: 729/1000(73%)
Task: 8,	 Epoch: 37/40,	 Avg.loss: 0.0007,	 Test Accuracy: 734/1000(73%)
Task: 8,	 Epoch: 38/40,	 Avg.loss: 0.0007,	 Test Accuracy: 733/1000(73%)
Task: 8,	 Epoch: 39/40,	 Avg.loss: 0.0007,	 Test Accuracy: 733/1000(73%)
Trained Task:8, Loaded task:0, Accuracy:60.9%
Trained Task:8, Loaded task:1, Accuracy:72.4%
Trained Task:8, Loaded task:2, Accuracy:70.8%
Trained Task:8, Loaded task:3, Accuracy:57.3%
Trained Task:8, Loaded task:4, Accuracy:74.4%
Trained Task:8, Loaded task:5, Accuracy:73.9%
Trained Task:8, Loaded task:6, Accuracy:71.9%
Trained Task:8, Loaded task:7, Accuracy:68.0%
Trained Task:8, Loaded task:8, Accuracy:73.3%
Trained Task:8, Avg. Accuracy: 69.2 

List of avg. accuracy: [85.9, 82.4, 78.8, 74.7, 72.2, 71.1, 70.5, 69.5, 69.2]
Mask histogram
conv1_layer.0.weight: 
 tensor([    0,     0,     0,     0,     0,     0,     0,     0,     0,     0,
        32768], device='cuda:0', dtype=torch.int32)
conv2_layer.0.weight: 
 tensor([   0,    0,    0,    0,    0,    0,    0,    0,    0,    0, 8192],
       device='cuda:0', dtype=torch.int32)
conv3_layer.0.weight: 
 tensor([    0,     0,     0,     0,     0,     0,     0,     0,     0,     0,
        16384], device='cuda:0', dtype=torch.int32)
conv4_layer.0.weight: 
 tensor([  0, 640, 576, 896, 768, 384,  64,   0, 768,   0,   0],
       device='cuda:0', dtype=torch.int32)
fc1_layer.0.weight: 
 tensor([  0,  83, 126,  65,  43,  41,  29,  47,  72,   6,   0],
       device='cuda:0', dtype=torch.int32)
Head Finetuning    :Task: 9,	 Epoch: 0/40,	 Avg.loss: 0.0030,	 Test Accuracy: 106/1000(11%)
Head Finetuning    :Task: 9,	 Epoch: 1/40,	 Avg.loss: 0.0028,	 Test Accuracy: 124/1000(12%)
Head Finetuning    :Task: 9,	 Epoch: 2/40,	 Avg.loss: 0.0027,	 Test Accuracy: 129/1000(13%)
Head Finetuning    :Task: 9,	 Epoch: 3/40,	 Avg.loss: 0.0026,	 Test Accuracy: 133/1000(13%)
Head Finetuning    :Task: 9,	 Epoch: 4/40,	 Avg.loss: 0.0025,	 Test Accuracy: 146/1000(15%)
Head Finetuning    :Task: 9,	 Epoch: 5/40,	 Avg.loss: 0.0025,	 Test Accuracy: 156/1000(16%)
Head Finetuning    :Task: 9,	 Epoch: 6/40,	 Avg.loss: 0.0024,	 Test Accuracy: 161/1000(16%)
Head Finetuning    :Task: 9,	 Epoch: 7/40,	 Avg.loss: 0.0024,	 Test Accuracy: 166/1000(17%)
Head Finetuning    :Task: 9,	 Epoch: 8/40,	 Avg.loss: 0.0024,	 Test Accuracy: 174/1000(17%)
Head Finetuning    :Task: 9,	 Epoch: 9/40,	 Avg.loss: 0.0024,	 Test Accuracy: 178/1000(18%)
Head Finetuning    :Task: 9,	 Epoch: 10/40,	 Avg.loss: 0.0023,	 Test Accuracy: 186/1000(19%)
Head Finetuning    :Task: 9,	 Epoch: 11/40,	 Avg.loss: 0.0023,	 Test Accuracy: 197/1000(20%)
Head Finetuning    :Task: 9,	 Epoch: 12/40,	 Avg.loss: 0.0023,	 Test Accuracy: 202/1000(20%)
Head Finetuning    :Task: 9,	 Epoch: 13/40,	 Avg.loss: 0.0023,	 Test Accuracy: 208/1000(21%)
Head Finetuning    :Task: 9,	 Epoch: 14/40,	 Avg.loss: 0.0023,	 Test Accuracy: 212/1000(21%)
Task: 9,	 Epoch: 0/40,	 Avg.loss: 0.0028,	 Test Accuracy: 140/1000(14%)
Task: 9,	 Epoch: 0/40,	 Avg.loss: 0.0021,	 Test Accuracy: 241/1000(24%)
Task: 9,	 Epoch: 0/40,	 Avg.loss: 0.0017,	 Test Accuracy: 457/1000(46%)
Task: 9,	 Epoch: 0/40,	 Avg.loss: 0.0017,	 Test Accuracy: 403/1000(40%)
Task: 9,	 Epoch: 0/40,	 Avg.loss: 0.0015,	 Test Accuracy: 519/1000(52%)
Task: 9,	 Epoch: 0/40,	 Avg.loss: 0.0014,	 Test Accuracy: 529/1000(53%)
Task: 9,	 Epoch: 0/40,	 Avg.loss: 0.0013,	 Test Accuracy: 572/1000(57%)
Task: 9,	 Epoch: 0/40,	 Avg.loss: 0.0013,	 Test Accuracy: 560/1000(56%)
Task: 9,	 Epoch: 1/40,	 Avg.loss: 0.0010,	 Test Accuracy: 669/1000(67%)
Task: 9,	 Epoch: 2/40,	 Avg.loss: 0.0010,	 Test Accuracy: 681/1000(68%)
Task: 9,	 Epoch: 3/40,	 Avg.loss: 0.0010,	 Test Accuracy: 681/1000(68%)
Task: 9,	 Epoch: 4/40,	 Avg.loss: 0.0009,	 Test Accuracy: 695/1000(70%)
Task: 9,	 Epoch: 5/40,	 Avg.loss: 0.0009,	 Test Accuracy: 696/1000(70%)
Task: 9,	 Epoch: 6/40,	 Avg.loss: 0.0009,	 Test Accuracy: 725/1000(72%)
Task: 9,	 Epoch: 7/40,	 Avg.loss: 0.0008,	 Test Accuracy: 714/1000(71%)
Task: 9,	 Epoch: 8/40,	 Avg.loss: 0.0008,	 Test Accuracy: 730/1000(73%)
Task: 9,	 Epoch: 9/40,	 Avg.loss: 0.0008,	 Test Accuracy: 741/1000(74%)
Task: 9,	 Epoch: 10/40,	 Avg.loss: 0.0008,	 Test Accuracy: 710/1000(71%)
Task: 9,	 Epoch: 11/40,	 Avg.loss: 0.0009,	 Test Accuracy: 702/1000(70%)
Task: 9,	 Epoch: 12/40,	 Avg.loss: 0.0009,	 Test Accuracy: 723/1000(72%)
Task: 9,	 Epoch: 13/40,	 Avg.loss: 0.0008,	 Test Accuracy: 737/1000(74%)
Task: 9,	 Epoch: 14/40,	 Avg.loss: 0.0008,	 Test Accuracy: 737/1000(74%)
Task: 9,	 Epoch: 15/40,	 Avg.loss: 0.0008,	 Test Accuracy: 739/1000(74%)
Task: 9,	 Epoch: 16/40,	 Avg.loss: 0.0008,	 Test Accuracy: 738/1000(74%)
Task: 9,	 Epoch: 17/40,	 Avg.loss: 0.0008,	 Test Accuracy: 729/1000(73%)
Task: 9,	 Epoch: 18/40,	 Avg.loss: 0.0008,	 Test Accuracy: 753/1000(75%)
Task: 9,	 Epoch: 19/40,	 Avg.loss: 0.0007,	 Test Accuracy: 755/1000(76%)
Task: 9,	 Epoch: 20/40,	 Avg.loss: 0.0007,	 Test Accuracy: 767/1000(77%)
Task: 9,	 Epoch: 21/40,	 Avg.loss: 0.0007,	 Test Accuracy: 770/1000(77%)
Task: 9,	 Epoch: 22/40,	 Avg.loss: 0.0007,	 Test Accuracy: 765/1000(76%)
Task: 9,	 Epoch: 23/40,	 Avg.loss: 0.0007,	 Test Accuracy: 759/1000(76%)
Task: 9,	 Epoch: 24/40,	 Avg.loss: 0.0007,	 Test Accuracy: 765/1000(76%)
Task: 9,	 Epoch: 25/40,	 Avg.loss: 0.0007,	 Test Accuracy: 770/1000(77%)
Task: 9,	 Epoch: 26/40,	 Avg.loss: 0.0007,	 Test Accuracy: 762/1000(76%)
Task: 9,	 Epoch: 27/40,	 Avg.loss: 0.0007,	 Test Accuracy: 764/1000(76%)
Task: 9,	 Epoch: 28/40,	 Avg.loss: 0.0007,	 Test Accuracy: 769/1000(77%)
Task: 9,	 Epoch: 29/40,	 Avg.loss: 0.0007,	 Test Accuracy: 769/1000(77%)
Task: 9,	 Epoch: 30/40,	 Avg.loss: 0.0007,	 Test Accuracy: 767/1000(77%)
Task: 9,	 Epoch: 31/40,	 Avg.loss: 0.0007,	 Test Accuracy: 776/1000(78%)
Task: 9,	 Epoch: 32/40,	 Avg.loss: 0.0007,	 Test Accuracy: 768/1000(77%)
Task: 9,	 Epoch: 33/40,	 Avg.loss: 0.0007,	 Test Accuracy: 771/1000(77%)
Task: 9,	 Epoch: 34/40,	 Avg.loss: 0.0007,	 Test Accuracy: 768/1000(77%)
Task: 9,	 Epoch: 35/40,	 Avg.loss: 0.0007,	 Test Accuracy: 773/1000(77%)
Task: 9,	 Epoch: 36/40,	 Avg.loss: 0.0007,	 Test Accuracy: 774/1000(77%)
Task: 9,	 Epoch: 37/40,	 Avg.loss: 0.0007,	 Test Accuracy: 762/1000(76%)
Task: 9,	 Epoch: 38/40,	 Avg.loss: 0.0007,	 Test Accuracy: 770/1000(77%)
Task: 9,	 Epoch: 39/40,	 Avg.loss: 0.0007,	 Test Accuracy: 758/1000(76%)
Trained Task:9, Loaded task:0, Accuracy:60.7%
Trained Task:9, Loaded task:1, Accuracy:69.8%
Trained Task:9, Loaded task:2, Accuracy:69.7%
Trained Task:9, Loaded task:3, Accuracy:55.8%
Trained Task:9, Loaded task:4, Accuracy:70.6%
Trained Task:9, Loaded task:5, Accuracy:74.4%
Trained Task:9, Loaded task:6, Accuracy:70.8%
Trained Task:9, Loaded task:7, Accuracy:68.7%
Trained Task:9, Loaded task:8, Accuracy:73.2%
Trained Task:9, Loaded task:9, Accuracy:75.8%
Trained Task:9, Avg. Accuracy: 69.0 

List of avg. accuracy: [85.9, 82.4, 78.8, 74.7, 72.2, 71.1, 70.5, 69.5, 69.2, 69.0]
