Mask histogram
conv1_layer.2.weight: 	 tensor([   0., 8192.,    0.,    0.,    0.,    0.,    0.,    0.,    0.,    0.,
           0.], device='cuda:0')
conv2_layer.2.weight: 	 tensor([   0., 4096.,    0.,    0.,    0.,    0.,    0.,    0.,    0.,    0.,
           0.], device='cuda:0')
fc1_layer.1.weight: 	 tensor([  0., 512.,   0.,   0.,   0.,   0.,   0.,   0.,   0.,   0.,   0.],
       device='cuda:0')
Head Finetuning    :Task: 0,	 Epoch: 0/1,	 Avg.loss: 0.0013,	 Test Accuracy: 594/1000(59%)
Task: 0,	 Epoch: 0/1,	 Avg.loss: 0.0008,	 Test Accuracy: 745/1000(74%)
Trained Task:0, Loaded task:0, Accuracy:74.5%
Trained Task:0, Avg. Accuracy: 74.5 

List of avg. accuracy: [74.5]
Mask histogram
conv1_layer.2.weight: 	 tensor([   0.,    0., 8192.,    0.,    0.,    0.,    0.,    0.,    0.,    0.,
           0.], device='cuda:0')
conv2_layer.2.weight: 	 tensor([   0.,    0., 4096.,    0.,    0.,    0.,    0.,    0.,    0.,    0.,
           0.], device='cuda:0')
fc1_layer.1.weight: 	 tensor([  0.,   0., 512.,   0.,   0.,   0.,   0.,   0.,   0.,   0.,   0.],
       device='cuda:0')
Head Finetuning    :Task: 1,	 Epoch: 0/1,	 Avg.loss: 0.0025,	 Test Accuracy: 159/1000(16%)
Task: 1,	 Epoch: 0/1,	 Avg.loss: 0.0009,	 Test Accuracy: 679/1000(68%)
Trained Task:1, Loaded task:0, Accuracy:69.8%
Backward (BWT) Head Finetuning    :Task: 0,	 Epoch: 0/1,	 Avg.loss: 0.0008,	 Test Accuracy: 724/1000(72%)
Trained Task:1, Loaded task:1, Accuracy:68.5%
Trained Task:1, Avg. Accuracy: 69.2 

List of avg. accuracy: [74.5, 69.2]
Mask histogram
conv1_layer.2.weight: 	 tensor([   0.,    0.,    0., 8192.,    0.,    0.,    0.,    0.,    0.,    0.,
           0.], device='cuda:0')
conv2_layer.2.weight: 	 tensor([   0.,    0.,    0., 4096.,    0.,    0.,    0.,    0.,    0.,    0.,
           0.], device='cuda:0')
fc1_layer.1.weight: 	 tensor([  0.,   0.,   0., 512.,   0.,   0.,   0.,   0.,   0.,   0.,   0.],
       device='cuda:0')
Head Finetuning    :Task: 2,	 Epoch: 0/1,	 Avg.loss: 0.0024,	 Test Accuracy: 170/1000(17%)
Task: 2,	 Epoch: 0/1,	 Avg.loss: 0.0009,	 Test Accuracy: 705/1000(70%)
Trained Task:2, Loaded task:0, Accuracy:71.5%
Backward (BWT) Head Finetuning    :Task: 0,	 Epoch: 0/1,	 Avg.loss: 0.0008,	 Test Accuracy: 738/1000(74%)
Trained Task:2, Loaded task:1, Accuracy:65.0%
Backward (BWT) Head Finetuning    :Task: 1,	 Epoch: 0/1,	 Avg.loss: 0.0009,	 Test Accuracy: 673/1000(67%)
Trained Task:2, Loaded task:2, Accuracy:70.0%
Trained Task:2, Avg. Accuracy: 68.8 

List of avg. accuracy: [74.5, 69.2, 68.8]
Mask histogram
conv1_layer.2.weight: 	 tensor([   0.,    0.,    0.,    0., 8192.,    0.,    0.,    0.,    0.,    0.,
           0.], device='cuda:0')
conv2_layer.2.weight: 	 tensor([   0.,    0.,    0.,    0., 4096.,    0.,    0.,    0.,    0.,    0.,
           0.], device='cuda:0')
fc1_layer.1.weight: 	 tensor([  0.,   0.,   0.,   0., 512.,   0.,   0.,   0.,   0.,   0.,   0.],
       device='cuda:0')
Head Finetuning    :Task: 3,	 Epoch: 0/1,	 Avg.loss: 0.0023,	 Test Accuracy: 223/1000(22%)
Task: 3,	 Epoch: 0/1,	 Avg.loss: 0.0010,	 Test Accuracy: 668/1000(67%)
Trained Task:3, Loaded task:0, Accuracy:69.4%
Backward (BWT) Head Finetuning    :Task: 0,	 Epoch: 0/1,	 Avg.loss: 0.0008,	 Test Accuracy: 731/1000(73%)
Trained Task:3, Loaded task:1, Accuracy:64.8%
Backward (BWT) Head Finetuning    :Task: 1,	 Epoch: 0/1,	 Avg.loss: 0.0010,	 Test Accuracy: 676/1000(68%)
Trained Task:3, Loaded task:2, Accuracy:67.3%
Backward (BWT) Head Finetuning    :Task: 2,	 Epoch: 0/1,	 Avg.loss: 0.0009,	 Test Accuracy: 690/1000(69%)
Trained Task:3, Loaded task:3, Accuracy:66.0%
Trained Task:3, Avg. Accuracy: 66.9 

List of avg. accuracy: [74.5, 69.2, 68.8, 66.9]
Mask histogram
conv1_layer.2.weight: 	 tensor([   0.,    0.,    0.,    0.,    0., 8192.,    0.,    0.,    0.,    0.,
           0.], device='cuda:0')
conv2_layer.2.weight: 	 tensor([   0.,    0.,    0.,    0.,    0., 4096.,    0.,    0.,    0.,    0.,
           0.], device='cuda:0')
fc1_layer.1.weight: 	 tensor([  0.,   0.,   0.,   0.,   0., 512.,   0.,   0.,   0.,   0.,   0.],
       device='cuda:0')
Head Finetuning    :Task: 4,	 Epoch: 0/1,	 Avg.loss: 0.0023,	 Test Accuracy: 190/1000(19%)
Task: 4,	 Epoch: 0/1,	 Avg.loss: 0.0009,	 Test Accuracy: 714/1000(71%)
Trained Task:4, Loaded task:0, Accuracy:67.7%
Backward (BWT) Head Finetuning    :Task: 0,	 Epoch: 0/1,	 Avg.loss: 0.0009,	 Test Accuracy: 702/1000(70%)
Trained Task:4, Loaded task:1, Accuracy:62.0%
Backward (BWT) Head Finetuning    :Task: 1,	 Epoch: 0/1,	 Avg.loss: 0.0010,	 Test Accuracy: 664/1000(66%)
Trained Task:4, Loaded task:2, Accuracy:66.8%
Backward (BWT) Head Finetuning    :Task: 2,	 Epoch: 0/1,	 Avg.loss: 0.0010,	 Test Accuracy: 682/1000(68%)
Trained Task:4, Loaded task:3, Accuracy:64.5%
Backward (BWT) Head Finetuning    :Task: 3,	 Epoch: 0/1,	 Avg.loss: 0.0009,	 Test Accuracy: 694/1000(69%)
Trained Task:4, Loaded task:4, Accuracy:69.6%
Trained Task:4, Avg. Accuracy: 66.1 

List of avg. accuracy: [74.5, 69.2, 68.8, 66.9, 66.1]
Mask histogram
conv1_layer.2.weight: 	 tensor([   0.,    0.,    0.,    0.,    0.,    0., 8192.,    0.,    0.,    0.,
           0.], device='cuda:0')
conv2_layer.2.weight: 	 tensor([   0.,    0.,    0.,    0.,    0.,    0., 4096.,    0.,    0.,    0.,
           0.], device='cuda:0')
fc1_layer.1.weight: 	 tensor([  0.,   0.,   0.,   0.,   0.,   0., 512.,   0.,   0.,   0.,   0.],
       device='cuda:0')
Head Finetuning    :Task: 5,	 Epoch: 0/1,	 Avg.loss: 0.0022,	 Test Accuracy: 269/1000(27%)
Task: 5,	 Epoch: 0/1,	 Avg.loss: 0.0009,	 Test Accuracy: 667/1000(67%)
Trained Task:5, Loaded task:0, Accuracy:65.1%
Backward (BWT) Head Finetuning    :Task: 0,	 Epoch: 0/1,	 Avg.loss: 0.0008,	 Test Accuracy: 705/1000(70%)
Trained Task:5, Loaded task:1, Accuracy:66.3%
Backward (BWT) Head Finetuning    :Task: 1,	 Epoch: 0/1,	 Avg.loss: 0.0010,	 Test Accuracy: 666/1000(67%)
Trained Task:5, Loaded task:2, Accuracy:65.0%
Backward (BWT) Head Finetuning    :Task: 2,	 Epoch: 0/1,	 Avg.loss: 0.0010,	 Test Accuracy: 672/1000(67%)
Trained Task:5, Loaded task:3, Accuracy:65.1%
Backward (BWT) Head Finetuning    :Task: 3,	 Epoch: 0/1,	 Avg.loss: 0.0009,	 Test Accuracy: 691/1000(69%)
Trained Task:5, Loaded task:4, Accuracy:68.5%
Backward (BWT) Head Finetuning    :Task: 4,	 Epoch: 0/1,	 Avg.loss: 0.0009,	 Test Accuracy: 710/1000(71%)
Trained Task:5, Loaded task:5, Accuracy:67.7%
Trained Task:5, Avg. Accuracy: 66.3 

List of avg. accuracy: [74.5, 69.2, 68.8, 66.9, 66.1, 66.3]
Mask histogram
conv1_layer.2.weight: 	 tensor([   0.,    0.,    0.,    0.,    0.,    0.,    0., 8192.,    0.,    0.,
           0.], device='cuda:0')
conv2_layer.2.weight: 	 tensor([   0.,    0.,    0.,    0.,    0.,    0.,    0., 4096.,    0.,    0.,
           0.], device='cuda:0')
fc1_layer.1.weight: 	 tensor([  0.,   0.,   0.,   0.,   0.,   0.,   0., 512.,   0.,   0.,   0.],
       device='cuda:0')
Head Finetuning    :Task: 6,	 Epoch: 0/1,	 Avg.loss: 0.0020,	 Test Accuracy: 317/1000(32%)
Task: 6,	 Epoch: 0/1,	 Avg.loss: 0.0009,	 Test Accuracy: 690/1000(69%)
Trained Task:6, Loaded task:0, Accuracy:67.2%
Backward (BWT) Head Finetuning    :Task: 0,	 Epoch: 0/1,	 Avg.loss: 0.0009,	 Test Accuracy: 712/1000(71%)
Trained Task:6, Loaded task:1, Accuracy:61.5%
Backward (BWT) Head Finetuning    :Task: 1,	 Epoch: 0/1,	 Avg.loss: 0.0010,	 Test Accuracy: 663/1000(66%)
Trained Task:6, Loaded task:2, Accuracy:65.9%
Backward (BWT) Head Finetuning    :Task: 2,	 Epoch: 0/1,	 Avg.loss: 0.0010,	 Test Accuracy: 671/1000(67%)
Trained Task:6, Loaded task:3, Accuracy:61.2%
Backward (BWT) Head Finetuning    :Task: 3,	 Epoch: 0/1,	 Avg.loss: 0.0010,	 Test Accuracy: 661/1000(66%)
Trained Task:6, Loaded task:4, Accuracy:68.6%
Backward (BWT) Head Finetuning    :Task: 4,	 Epoch: 0/1,	 Avg.loss: 0.0009,	 Test Accuracy: 708/1000(71%)
Trained Task:6, Loaded task:5, Accuracy:65.9%
Backward (BWT) Head Finetuning    :Task: 5,	 Epoch: 0/1,	 Avg.loss: 0.0009,	 Test Accuracy: 676/1000(68%)
Trained Task:6, Loaded task:6, Accuracy:68.0%
Trained Task:6, Avg. Accuracy: 65.5 

List of avg. accuracy: [74.5, 69.2, 68.8, 66.9, 66.1, 66.3, 65.5]
Mask histogram
conv1_layer.2.weight: 	 tensor([   0.,    0.,    0.,    0.,    0.,    0.,    0.,    0., 8192.,    0.,
           0.], device='cuda:0')
conv2_layer.2.weight: 	 tensor([   0.,    0.,    0.,    0.,    0.,    0.,    0.,    0., 4096.,    0.,
           0.], device='cuda:0')
fc1_layer.1.weight: 	 tensor([  0.,   0.,   0.,   0.,   0.,   0.,   0.,   0., 512.,   0.,   0.],
       device='cuda:0')
Head Finetuning    :Task: 7,	 Epoch: 0/1,	 Avg.loss: 0.0020,	 Test Accuracy: 323/1000(32%)
Task: 7,	 Epoch: 0/1,	 Avg.loss: 0.0010,	 Test Accuracy: 640/1000(64%)
Trained Task:7, Loaded task:0, Accuracy:67.5%
Backward (BWT) Head Finetuning    :Task: 0,	 Epoch: 0/1,	 Avg.loss: 0.0009,	 Test Accuracy: 701/1000(70%)
Trained Task:7, Loaded task:1, Accuracy:62.1%
Backward (BWT) Head Finetuning    :Task: 1,	 Epoch: 0/1,	 Avg.loss: 0.0010,	 Test Accuracy: 662/1000(66%)
Trained Task:7, Loaded task:2, Accuracy:66.0%
Backward (BWT) Head Finetuning    :Task: 2,	 Epoch: 0/1,	 Avg.loss: 0.0010,	 Test Accuracy: 664/1000(66%)
Trained Task:7, Loaded task:3, Accuracy:61.8%
Backward (BWT) Head Finetuning    :Task: 3,	 Epoch: 0/1,	 Avg.loss: 0.0010,	 Test Accuracy: 661/1000(66%)
Trained Task:7, Loaded task:4, Accuracy:65.9%
Backward (BWT) Head Finetuning    :Task: 4,	 Epoch: 0/1,	 Avg.loss: 0.0009,	 Test Accuracy: 692/1000(69%)
Trained Task:7, Loaded task:5, Accuracy:62.4%
Backward (BWT) Head Finetuning    :Task: 5,	 Epoch: 0/1,	 Avg.loss: 0.0009,	 Test Accuracy: 661/1000(66%)
Trained Task:7, Loaded task:6, Accuracy:66.1%
Backward (BWT) Head Finetuning    :Task: 6,	 Epoch: 0/1,	 Avg.loss: 0.0009,	 Test Accuracy: 684/1000(68%)
Trained Task:7, Loaded task:7, Accuracy:62.1%
Trained Task:7, Avg. Accuracy: 64.2 

List of avg. accuracy: [74.5, 69.2, 68.8, 66.9, 66.1, 66.3, 65.5, 64.2]
Mask histogram
conv1_layer.2.weight: 	 tensor([   0.,    0.,    0.,    0.,    0.,    0.,    0.,    0.,    0., 8192.,
           0.], device='cuda:0')
conv2_layer.2.weight: 	 tensor([   0.,    0.,    0.,    0.,    0.,    0.,    0.,    0.,    0., 4096.,
           0.], device='cuda:0')
fc1_layer.1.weight: 	 tensor([  0.,   0.,   0.,   0.,   0.,   0.,   0.,   0.,   0., 512.,   0.],
       device='cuda:0')
Head Finetuning    :Task: 8,	 Epoch: 0/1,	 Avg.loss: 0.0023,	 Test Accuracy: 213/1000(21%)
Task: 8,	 Epoch: 0/1,	 Avg.loss: 0.0009,	 Test Accuracy: 686/1000(69%)
Trained Task:8, Loaded task:0, Accuracy:68.6%
Backward (BWT) Head Finetuning    :Task: 0,	 Epoch: 0/1,	 Avg.loss: 0.0008,	 Test Accuracy: 726/1000(73%)
Trained Task:8, Loaded task:1, Accuracy:65.3%
Backward (BWT) Head Finetuning    :Task: 1,	 Epoch: 0/1,	 Avg.loss: 0.0010,	 Test Accuracy: 670/1000(67%)
Trained Task:8, Loaded task:2, Accuracy:64.8%
Backward (BWT) Head Finetuning    :Task: 2,	 Epoch: 0/1,	 Avg.loss: 0.0009,	 Test Accuracy: 667/1000(67%)
Trained Task:8, Loaded task:3, Accuracy:64.5%
Backward (BWT) Head Finetuning    :Task: 3,	 Epoch: 0/1,	 Avg.loss: 0.0010,	 Test Accuracy: 674/1000(67%)
Trained Task:8, Loaded task:4, Accuracy:65.6%
Backward (BWT) Head Finetuning    :Task: 4,	 Epoch: 0/1,	 Avg.loss: 0.0009,	 Test Accuracy: 707/1000(71%)
Trained Task:8, Loaded task:5, Accuracy:66.1%
Backward (BWT) Head Finetuning    :Task: 5,	 Epoch: 0/1,	 Avg.loss: 0.0009,	 Test Accuracy: 679/1000(68%)
Trained Task:8, Loaded task:6, Accuracy:66.5%
Backward (BWT) Head Finetuning    :Task: 6,	 Epoch: 0/1,	 Avg.loss: 0.0009,	 Test Accuracy: 696/1000(70%)
Trained Task:8, Loaded task:7, Accuracy:61.4%
Backward (BWT) Head Finetuning    :Task: 7,	 Epoch: 0/1,	 Avg.loss: 0.0010,	 Test Accuracy: 650/1000(65%)
Trained Task:8, Loaded task:8, Accuracy:66.6%
Trained Task:8, Avg. Accuracy: 65.5 

List of avg. accuracy: [74.5, 69.2, 68.8, 66.9, 66.1, 66.3, 65.5, 64.2, 65.5]
Mask histogram
conv1_layer.2.weight: 	 tensor([   0.,    0.,    0.,    0.,    0.,    0.,    0.,    0.,    0.,    0.,
        8192.], device='cuda:0')
conv2_layer.2.weight: 	 tensor([   0.,    0.,    0.,    0.,    0.,    0.,    0.,    0.,    0.,    0.,
        4096.], device='cuda:0')
fc1_layer.1.weight: 	 tensor([  0.,   0.,   0.,   0.,   0.,   0.,   0.,   0.,   0.,   0., 512.],
       device='cuda:0')
Head Finetuning    :Task: 9,	 Epoch: 0/1,	 Avg.loss: 0.0020,	 Test Accuracy: 325/1000(32%)
Task: 9,	 Epoch: 0/1,	 Avg.loss: 0.0008,	 Test Accuracy: 754/1000(75%)
Trained Task:9, Loaded task:0, Accuracy:63.0%
Backward (BWT) Head Finetuning    :Task: 0,	 Epoch: 0/1,	 Avg.loss: 0.0009,	 Test Accuracy: 696/1000(70%)
Trained Task:9, Loaded task:1, Accuracy:59.3%
Backward (BWT) Head Finetuning    :Task: 1,	 Epoch: 0/1,	 Avg.loss: 0.0011,	 Test Accuracy: 643/1000(64%)
Trained Task:9, Loaded task:2, Accuracy:59.4%
Backward (BWT) Head Finetuning    :Task: 2,	 Epoch: 0/1,	 Avg.loss: 0.0010,	 Test Accuracy: 665/1000(66%)
Trained Task:9, Loaded task:3, Accuracy:59.4%
Backward (BWT) Head Finetuning    :Task: 3,	 Epoch: 0/1,	 Avg.loss: 0.0011,	 Test Accuracy: 649/1000(65%)
Trained Task:9, Loaded task:4, Accuracy:58.2%
Backward (BWT) Head Finetuning    :Task: 4,	 Epoch: 0/1,	 Avg.loss: 0.0010,	 Test Accuracy: 698/1000(70%)
Trained Task:9, Loaded task:5, Accuracy:59.1%
Backward (BWT) Head Finetuning    :Task: 5,	 Epoch: 0/1,	 Avg.loss: 0.0010,	 Test Accuracy: 642/1000(64%)
Trained Task:9, Loaded task:6, Accuracy:63.5%
Backward (BWT) Head Finetuning    :Task: 6,	 Epoch: 0/1,	 Avg.loss: 0.0009,	 Test Accuracy: 671/1000(67%)
Trained Task:9, Loaded task:7, Accuracy:56.8%
Backward (BWT) Head Finetuning    :Task: 7,	 Epoch: 0/1,	 Avg.loss: 0.0011,	 Test Accuracy: 631/1000(63%)
Trained Task:9, Loaded task:8, Accuracy:57.3%
Backward (BWT) Head Finetuning    :Task: 8,	 Epoch: 0/1,	 Avg.loss: 0.0010,	 Test Accuracy: 669/1000(67%)
Trained Task:9, Loaded task:9, Accuracy:71.4%
Trained Task:9, Avg. Accuracy: 60.7 

List of avg. accuracy: [74.5, 69.2, 68.8, 66.9, 66.1, 66.3, 65.5, 64.2, 65.5, 60.7]
Mask histogram
conv1_layer.2.weight: 	 tensor([   0., 8192.,    0.,    0.,    0.,    0.,    0.,    0.,    0.,    0.,
           0.], device='cuda:0')
conv2_layer.2.weight: 	 tensor([   0., 4096.,    0.,    0.,    0.,    0.,    0.,    0.,    0.,    0.,
           0.], device='cuda:0')
fc1_layer.1.weight: 	 tensor([  0., 512.,   0.,   0.,   0.,   0.,   0.,   0.,   0.,   0.,   0.],
       device='cuda:0')
Head Finetuning    :Task: 0,	 Epoch: 0/1,	 Avg.loss: 0.0012,	 Test Accuracy: 579/1000(58%)
Task: 0,	 Epoch: 0/1,	 Avg.loss: 0.0008,	 Test Accuracy: 740/1000(74%)
Trained Task:0, Loaded task:0, Accuracy:74.0%
Trained Task:0, Avg. Accuracy: 74.0 

List of avg. accuracy: [74.0]
Mask histogram
conv1_layer.2.weight: 	 tensor([   0.,    0., 8192.,    0.,    0.,    0.,    0.,    0.,    0.,    0.,
           0.], device='cuda:0')
conv2_layer.2.weight: 	 tensor([   0.,    0., 4096.,    0.,    0.,    0.,    0.,    0.,    0.,    0.,
           0.], device='cuda:0')
fc1_layer.1.weight: 	 tensor([  0.,   0., 512.,   0.,   0.,   0.,   0.,   0.,   0.,   0.,   0.],
       device='cuda:0')
Head Finetuning    :Task: 1,	 Epoch: 0/1,	 Avg.loss: 0.0026,	 Test Accuracy: 149/1000(15%)
Task: 1,	 Epoch: 0/1,	 Avg.loss: 0.0009,	 Test Accuracy: 681/1000(68%)
Trained Task:1, Loaded task:0, Accuracy:70.5%
Backward (BWT) Head Finetuning    :Task: 0,	 Epoch: 0/1,	 Avg.loss: 0.0008,	 Test Accuracy: 723/1000(72%)
Trained Task:1, Loaded task:1, Accuracy:67.5%
Trained Task:1, Avg. Accuracy: 69.0 

List of avg. accuracy: [74.0, 69.0]
Mask histogram
conv1_layer.2.weight: 	 tensor([   0.,    0.,    0., 8192.,    0.,    0.,    0.,    0.,    0.,    0.,
           0.], device='cuda:0')
conv2_layer.2.weight: 	 tensor([   0.,    0.,    0., 4096.,    0.,    0.,    0.,    0.,    0.,    0.,
           0.], device='cuda:0')
fc1_layer.1.weight: 	 tensor([  0.,   0.,   0., 512.,   0.,   0.,   0.,   0.,   0.,   0.,   0.],
       device='cuda:0')
Head Finetuning    :Task: 2,	 Epoch: 0/1,	 Avg.loss: 0.0025,	 Test Accuracy: 143/1000(14%)
Task: 2,	 Epoch: 0/1,	 Avg.loss: 0.0009,	 Test Accuracy: 709/1000(71%)
Trained Task:2, Loaded task:0, Accuracy:68.5%
Backward (BWT) Head Finetuning    :Task: 0,	 Epoch: 0/1,	 Avg.loss: 0.0008,	 Test Accuracy: 700/1000(70%)
Trained Task:2, Loaded task:1, Accuracy:64.9%
Backward (BWT) Head Finetuning    :Task: 1,	 Epoch: 0/1,	 Avg.loss: 0.0010,	 Test Accuracy: 671/1000(67%)
Trained Task:2, Loaded task:2, Accuracy:69.5%
Trained Task:2, Avg. Accuracy: 67.6 

List of avg. accuracy: [74.0, 69.0, 67.6]
Mask histogram
conv1_layer.2.weight: 	 tensor([   0.,    0.,    0.,    0., 8192.,    0.,    0.,    0.,    0.,    0.,
           0.], device='cuda:0')
conv2_layer.2.weight: 	 tensor([   0.,    0.,    0.,    0., 4096.,    0.,    0.,    0.,    0.,    0.,
           0.], device='cuda:0')
fc1_layer.1.weight: 	 tensor([  0.,   0.,   0.,   0., 512.,   0.,   0.,   0.,   0.,   0.,   0.],
       device='cuda:0')
Head Finetuning    :Task: 3,	 Epoch: 0/1,	 Avg.loss: 0.0024,	 Test Accuracy: 200/1000(20%)
Task: 3,	 Epoch: 0/1,	 Avg.loss: 0.0010,	 Test Accuracy: 643/1000(64%)
Trained Task:3, Loaded task:0, Accuracy:67.5%
Backward (BWT) Head Finetuning    :Task: 0,	 Epoch: 0/1,	 Avg.loss: 0.0009,	 Test Accuracy: 706/1000(71%)
Trained Task:3, Loaded task:1, Accuracy:63.6%
Backward (BWT) Head Finetuning    :Task: 1,	 Epoch: 0/1,	 Avg.loss: 0.0010,	 Test Accuracy: 664/1000(66%)
Trained Task:3, Loaded task:2, Accuracy:68.0%
Backward (BWT) Head Finetuning    :Task: 2,	 Epoch: 0/1,	 Avg.loss: 0.0009,	 Test Accuracy: 706/1000(71%)
Trained Task:3, Loaded task:3, Accuracy:63.5%
Trained Task:3, Avg. Accuracy: 65.7 

List of avg. accuracy: [74.0, 69.0, 67.6, 65.7]
Mask histogram
conv1_layer.2.weight: 	 tensor([   0.,    0.,    0.,    0.,    0., 8192.,    0.,    0.,    0.,    0.,
           0.], device='cuda:0')
conv2_layer.2.weight: 	 tensor([   0.,    0.,    0.,    0.,    0., 4096.,    0.,    0.,    0.,    0.,
           0.], device='cuda:0')
fc1_layer.1.weight: 	 tensor([  0.,   0.,   0.,   0.,   0., 512.,   0.,   0.,   0.,   0.,   0.],
       device='cuda:0')
Head Finetuning    :Task: 4,	 Epoch: 0/1,	 Avg.loss: 0.0023,	 Test Accuracy: 217/1000(22%)
Task: 4,	 Epoch: 0/1,	 Avg.loss: 0.0009,	 Test Accuracy: 703/1000(70%)
Trained Task:4, Loaded task:0, Accuracy:69.8%
Backward (BWT) Head Finetuning    :Task: 0,	 Epoch: 0/1,	 Avg.loss: 0.0009,	 Test Accuracy: 712/1000(71%)
Trained Task:4, Loaded task:1, Accuracy:64.1%
Backward (BWT) Head Finetuning    :Task: 1,	 Epoch: 0/1,	 Avg.loss: 0.0010,	 Test Accuracy: 661/1000(66%)
Trained Task:4, Loaded task:2, Accuracy:66.0%
Backward (BWT) Head Finetuning    :Task: 2,	 Epoch: 0/1,	 Avg.loss: 0.0010,	 Test Accuracy: 693/1000(69%)
Trained Task:4, Loaded task:3, Accuracy:57.2%
Backward (BWT) Head Finetuning    :Task: 3,	 Epoch: 0/1,	 Avg.loss: 0.0011,	 Test Accuracy: 654/1000(65%)
Trained Task:4, Loaded task:4, Accuracy:68.8%
Trained Task:4, Avg. Accuracy: 65.2 

List of avg. accuracy: [74.0, 69.0, 67.6, 65.7, 65.2]
Mask histogram
conv1_layer.2.weight: 	 tensor([   0.,    0.,    0.,    0.,    0.,    0., 8192.,    0.,    0.,    0.,
           0.], device='cuda:0')
conv2_layer.2.weight: 	 tensor([   0.,    0.,    0.,    0.,    0.,    0., 4096.,    0.,    0.,    0.,
           0.], device='cuda:0')
fc1_layer.1.weight: 	 tensor([  0.,   0.,   0.,   0.,   0.,   0., 512.,   0.,   0.,   0.,   0.],
       device='cuda:0')
Head Finetuning    :Task: 5,	 Epoch: 0/1,	 Avg.loss: 0.0021,	 Test Accuracy: 305/1000(31%)
Task: 5,	 Epoch: 0/1,	 Avg.loss: 0.0009,	 Test Accuracy: 664/1000(66%)
Trained Task:5, Loaded task:0, Accuracy:69.9%
Backward (BWT) Head Finetuning    :Task: 0,	 Epoch: 0/1,	 Avg.loss: 0.0008,	 Test Accuracy: 722/1000(72%)
Trained Task:5, Loaded task:1, Accuracy:63.3%
Backward (BWT) Head Finetuning    :Task: 1,	 Epoch: 0/1,	 Avg.loss: 0.0010,	 Test Accuracy: 665/1000(66%)
Trained Task:5, Loaded task:2, Accuracy:68.1%
Backward (BWT) Head Finetuning    :Task: 2,	 Epoch: 0/1,	 Avg.loss: 0.0010,	 Test Accuracy: 701/1000(70%)
Trained Task:5, Loaded task:3, Accuracy:60.1%
Backward (BWT) Head Finetuning    :Task: 3,	 Epoch: 0/1,	 Avg.loss: 0.0011,	 Test Accuracy: 650/1000(65%)
Trained Task:5, Loaded task:4, Accuracy:67.0%
Backward (BWT) Head Finetuning    :Task: 4,	 Epoch: 0/1,	 Avg.loss: 0.0009,	 Test Accuracy: 702/1000(70%)
Trained Task:5, Loaded task:5, Accuracy:67.3%
Trained Task:5, Avg. Accuracy: 66.0 

List of avg. accuracy: [74.0, 69.0, 67.6, 65.7, 65.2, 66.0]
Mask histogram
conv1_layer.2.weight: 	 tensor([   0.,    0.,    0.,    0.,    0.,    0.,    0., 8192.,    0.,    0.,
           0.], device='cuda:0')
conv2_layer.2.weight: 	 tensor([   0.,    0.,    0.,    0.,    0.,    0.,    0., 4096.,    0.,    0.,
           0.], device='cuda:0')
fc1_layer.1.weight: 	 tensor([  0.,   0.,   0.,   0.,   0.,   0.,   0., 512.,   0.,   0.,   0.],
       device='cuda:0')
Head Finetuning    :Task: 6,	 Epoch: 0/1,	 Avg.loss: 0.0020,	 Test Accuracy: 308/1000(31%)
Task: 6,	 Epoch: 0/1,	 Avg.loss: 0.0010,	 Test Accuracy: 641/1000(64%)
Trained Task:6, Loaded task:0, Accuracy:67.0%
Backward (BWT) Head Finetuning    :Task: 0,	 Epoch: 0/1,	 Avg.loss: 0.0009,	 Test Accuracy: 689/1000(69%)
Trained Task:6, Loaded task:1, Accuracy:61.0%
Backward (BWT) Head Finetuning    :Task: 1,	 Epoch: 0/1,	 Avg.loss: 0.0010,	 Test Accuracy: 657/1000(66%)
Trained Task:6, Loaded task:2, Accuracy:61.8%
Backward (BWT) Head Finetuning    :Task: 2,	 Epoch: 0/1,	 Avg.loss: 0.0010,	 Test Accuracy: 695/1000(70%)
Trained Task:6, Loaded task:3, Accuracy:56.9%
Backward (BWT) Head Finetuning    :Task: 3,	 Epoch: 0/1,	 Avg.loss: 0.0011,	 Test Accuracy: 623/1000(62%)
Trained Task:6, Loaded task:4, Accuracy:63.5%
Backward (BWT) Head Finetuning    :Task: 4,	 Epoch: 0/1,	 Avg.loss: 0.0010,	 Test Accuracy: 674/1000(67%)
Trained Task:6, Loaded task:5, Accuracy:59.5%
Backward (BWT) Head Finetuning    :Task: 5,	 Epoch: 0/1,	 Avg.loss: 0.0009,	 Test Accuracy: 668/1000(67%)
Trained Task:6, Loaded task:6, Accuracy:61.3%
Trained Task:6, Avg. Accuracy: 61.6 

List of avg. accuracy: [74.0, 69.0, 67.6, 65.7, 65.2, 66.0, 61.6]
Mask histogram
conv1_layer.2.weight: 	 tensor([   0.,    0.,    0.,    0.,    0.,    0.,    0.,    0., 8192.,    0.,
           0.], device='cuda:0')
conv2_layer.2.weight: 	 tensor([   0.,    0.,    0.,    0.,    0.,    0.,    0.,    0., 4096.,    0.,
           0.], device='cuda:0')
fc1_layer.1.weight: 	 tensor([  0.,   0.,   0.,   0.,   0.,   0.,   0.,   0., 512.,   0.,   0.],
       device='cuda:0')
Head Finetuning    :Task: 7,	 Epoch: 0/1,	 Avg.loss: 0.0021,	 Test Accuracy: 332/1000(33%)
Task: 7,	 Epoch: 0/1,	 Avg.loss: 0.0011,	 Test Accuracy: 630/1000(63%)
Trained Task:7, Loaded task:0, Accuracy:70.0%
Backward (BWT) Head Finetuning    :Task: 0,	 Epoch: 0/1,	 Avg.loss: 0.0008,	 Test Accuracy: 715/1000(72%)
Trained Task:7, Loaded task:1, Accuracy:64.2%
Backward (BWT) Head Finetuning    :Task: 1,	 Epoch: 0/1,	 Avg.loss: 0.0010,	 Test Accuracy: 671/1000(67%)
Trained Task:7, Loaded task:2, Accuracy:62.0%
Backward (BWT) Head Finetuning    :Task: 2,	 Epoch: 0/1,	 Avg.loss: 0.0010,	 Test Accuracy: 687/1000(69%)
Trained Task:7, Loaded task:3, Accuracy:59.2%
Backward (BWT) Head Finetuning    :Task: 3,	 Epoch: 0/1,	 Avg.loss: 0.0011,	 Test Accuracy: 625/1000(63%)
Trained Task:7, Loaded task:4, Accuracy:66.5%
Backward (BWT) Head Finetuning    :Task: 4,	 Epoch: 0/1,	 Avg.loss: 0.0009,	 Test Accuracy: 696/1000(70%)
Trained Task:7, Loaded task:5, Accuracy:63.0%
Backward (BWT) Head Finetuning    :Task: 5,	 Epoch: 0/1,	 Avg.loss: 0.0009,	 Test Accuracy: 683/1000(68%)
Trained Task:7, Loaded task:6, Accuracy:67.0%
Backward (BWT) Head Finetuning    :Task: 6,	 Epoch: 0/1,	 Avg.loss: 0.0009,	 Test Accuracy: 692/1000(69%)
Trained Task:7, Loaded task:7, Accuracy:60.5%
Trained Task:7, Avg. Accuracy: 64.1 

List of avg. accuracy: [74.0, 69.0, 67.6, 65.7, 65.2, 66.0, 61.6, 64.1]
Mask histogram
conv1_layer.2.weight: 	 tensor([   0.,    0.,    0.,    0.,    0.,    0.,    0.,    0.,    0., 8192.,
           0.], device='cuda:0')
conv2_layer.2.weight: 	 tensor([   0.,    0.,    0.,    0.,    0.,    0.,    0.,    0.,    0., 4096.,
           0.], device='cuda:0')
fc1_layer.1.weight: 	 tensor([  0.,   0.,   0.,   0.,   0.,   0.,   0.,   0.,   0., 512.,   0.],
       device='cuda:0')
Head Finetuning    :Task: 8,	 Epoch: 0/1,	 Avg.loss: 0.0022,	 Test Accuracy: 258/1000(26%)
Task: 8,	 Epoch: 0/1,	 Avg.loss: 0.0010,	 Test Accuracy: 664/1000(66%)
Trained Task:8, Loaded task:0, Accuracy:66.8%
Backward (BWT) Head Finetuning    :Task: 0,	 Epoch: 0/1,	 Avg.loss: 0.0009,	 Test Accuracy: 711/1000(71%)
Trained Task:8, Loaded task:1, Accuracy:57.4%
Backward (BWT) Head Finetuning    :Task: 1,	 Epoch: 0/1,	 Avg.loss: 0.0010,	 Test Accuracy: 675/1000(68%)
Trained Task:8, Loaded task:2, Accuracy:64.1%
Backward (BWT) Head Finetuning    :Task: 2,	 Epoch: 0/1,	 Avg.loss: 0.0010,	 Test Accuracy: 698/1000(70%)
Trained Task:8, Loaded task:3, Accuracy:53.9%
Backward (BWT) Head Finetuning    :Task: 3,	 Epoch: 0/1,	 Avg.loss: 0.0011,	 Test Accuracy: 620/1000(62%)
Trained Task:8, Loaded task:4, Accuracy:61.1%
Backward (BWT) Head Finetuning    :Task: 4,	 Epoch: 0/1,	 Avg.loss: 0.0009,	 Test Accuracy: 702/1000(70%)
Trained Task:8, Loaded task:5, Accuracy:63.8%
Backward (BWT) Head Finetuning    :Task: 5,	 Epoch: 0/1,	 Avg.loss: 0.0009,	 Test Accuracy: 672/1000(67%)
Trained Task:8, Loaded task:6, Accuracy:64.7%
Backward (BWT) Head Finetuning    :Task: 6,	 Epoch: 0/1,	 Avg.loss: 0.0009,	 Test Accuracy: 687/1000(69%)
Trained Task:8, Loaded task:7, Accuracy:58.7%
Backward (BWT) Head Finetuning    :Task: 7,	 Epoch: 0/1,	 Avg.loss: 0.0010,	 Test Accuracy: 635/1000(64%)
Trained Task:8, Loaded task:8, Accuracy:63.8%
Trained Task:8, Avg. Accuracy: 61.6 

List of avg. accuracy: [74.0, 69.0, 67.6, 65.7, 65.2, 66.0, 61.6, 64.1, 61.6]
Mask histogram
conv1_layer.2.weight: 	 tensor([   0.,    0.,    0.,    0.,    0.,    0.,    0.,    0.,    0.,    0.,
        8192.], device='cuda:0')
conv2_layer.2.weight: 	 tensor([   0.,    0.,    0.,    0.,    0.,    0.,    0.,    0.,    0.,    0.,
        4096.], device='cuda:0')
fc1_layer.1.weight: 	 tensor([  0.,   0.,   0.,   0.,   0.,   0.,   0.,   0.,   0.,   0., 512.],
       device='cuda:0')
Head Finetuning    :Task: 9,	 Epoch: 0/1,	 Avg.loss: 0.0020,	 Test Accuracy: 334/1000(33%)
Task: 9,	 Epoch: 0/1,	 Avg.loss: 0.0008,	 Test Accuracy: 718/1000(72%)
Trained Task:9, Loaded task:0, Accuracy:66.5%
Backward (BWT) Head Finetuning    :Task: 0,	 Epoch: 0/1,	 Avg.loss: 0.0009,	 Test Accuracy: 718/1000(72%)
Trained Task:9, Loaded task:1, Accuracy:58.9%
Backward (BWT) Head Finetuning    :Task: 1,	 Epoch: 0/1,	 Avg.loss: 0.0010,	 Test Accuracy: 680/1000(68%)
Trained Task:9, Loaded task:2, Accuracy:61.9%
Backward (BWT) Head Finetuning    :Task: 2,	 Epoch: 0/1,	 Avg.loss: 0.0010,	 Test Accuracy: 677/1000(68%)
Trained Task:9, Loaded task:3, Accuracy:52.0%
Backward (BWT) Head Finetuning    :Task: 3,	 Epoch: 0/1,	 Avg.loss: 0.0011,	 Test Accuracy: 617/1000(62%)
Trained Task:9, Loaded task:4, Accuracy:58.3%
Backward (BWT) Head Finetuning    :Task: 4,	 Epoch: 0/1,	 Avg.loss: 0.0009,	 Test Accuracy: 691/1000(69%)
Trained Task:9, Loaded task:5, Accuracy:63.5%
Backward (BWT) Head Finetuning    :Task: 5,	 Epoch: 0/1,	 Avg.loss: 0.0009,	 Test Accuracy: 682/1000(68%)
Trained Task:9, Loaded task:6, Accuracy:65.0%
Backward (BWT) Head Finetuning    :Task: 6,	 Epoch: 0/1,	 Avg.loss: 0.0009,	 Test Accuracy: 685/1000(68%)
Trained Task:9, Loaded task:7, Accuracy:56.2%
Backward (BWT) Head Finetuning    :Task: 7,	 Epoch: 0/1,	 Avg.loss: 0.0011,	 Test Accuracy: 600/1000(60%)
Trained Task:9, Loaded task:8, Accuracy:61.6%
Backward (BWT) Head Finetuning    :Task: 8,	 Epoch: 0/1,	 Avg.loss: 0.0009,	 Test Accuracy: 676/1000(68%)
Trained Task:9, Loaded task:9, Accuracy:66.9%
Trained Task:9, Avg. Accuracy: 61.1 

List of avg. accuracy: [74.0, 69.0, 67.6, 65.7, 65.2, 66.0, 61.6, 64.1, 61.6, 61.1]
