Layer        : conv1_layer.2.weight
Sum Omega    : 9216.0
F.histogram  : tensor([7.1930e+03, 1.3260e+03, 4.1500e+02, 1.7400e+02, 5.8000e+01, 2.4000e+01,
        1.2000e+01, 8.0000e+00, 1.0000e+00, 5.0000e+00], device='cuda:0')
F.num_zeros  : 288/9216
W.num_zeros  : 0/9216
O.num_zeros  : 0/9216
Layer        : conv2_layer.2.weight
Sum Omega    : 36864.0
F.histogram  : tensor([3.2708e+04, 3.0240e+03, 7.2500e+02, 2.6900e+02, 8.7000e+01, 3.5000e+01,
        1.1000e+01, 4.0000e+00, 0.0000e+00, 1.0000e+00], device='cuda:0')
F.num_zeros  : 9015/36864
W.num_zeros  : 0/36864
O.num_zeros  : 0/36864
Layer        : fc1_layer.0.weight
Sum Omega    : 2097152.0
F.histogram  : tensor([2.0521e+06, 3.7401e+04, 5.7520e+03, 1.3460e+03, 3.9800e+02, 1.1400e+02,
        5.4000e+01, 1.0000e+01, 8.0000e+00, 3.0000e+00], device='cuda:0')
F.num_zeros  : 1274933/2097152
W.num_zeros  : 0/2097152
O.num_zeros  : 0/2097152
Mask histogram conv1_layer.2.weight: 	 tensor([   0., 8192.,    0.,    0.,    0.,    0.,    0.,    0.,    0.,    0.],
       device='cuda:0')
Mask histogram conv2_layer.2.weight: 	 tensor([2496., 1600.,    0.,    0.,    0.,    0.,    0.,    0.,    0.,    0.],
       device='cuda:0')
Mask histogram fc1_layer.0.weight: 	 tensor([308., 204.,   0.,   0.,   0.,   0.,   0.,   0.,   0.,   0.],
       device='cuda:0')
Task: 0,	 Epoch: 0/80,	 Avg.loss: 0.0011,	 Accuracy: 643/1000(64%)
Task: 0,	 Epoch: 1/80,	 Avg.loss: 0.0008,	 Accuracy: 716/1000(72%)
Task: 0,	 Epoch: 2/80,	 Avg.loss: 0.0008,	 Accuracy: 735/1000(74%)
Task: 0,	 Epoch: 3/80,	 Avg.loss: 0.0007,	 Accuracy: 758/1000(76%)
Task: 0,	 Epoch: 4/80,	 Avg.loss: 0.0007,	 Accuracy: 769/1000(77%)
Task: 0,	 Epoch: 5/80,	 Avg.loss: 0.0006,	 Accuracy: 799/1000(80%)
Task: 0,	 Epoch: 6/80,	 Avg.loss: 0.0006,	 Accuracy: 805/1000(81%)
Task: 0,	 Epoch: 7/80,	 Avg.loss: 0.0006,	 Accuracy: 793/1000(79%)
Task: 0,	 Epoch: 8/80,	 Avg.loss: 0.0006,	 Accuracy: 819/1000(82%)
Task: 0,	 Epoch: 9/80,	 Avg.loss: 0.0006,	 Accuracy: 812/1000(81%)
Task: 0,	 Epoch: 10/80,	 Avg.loss: 0.0006,	 Accuracy: 814/1000(81%)
Task: 0,	 Epoch: 11/80,	 Avg.loss: 0.0005,	 Accuracy: 827/1000(83%)
Task: 0,	 Epoch: 12/80,	 Avg.loss: 0.0006,	 Accuracy: 803/1000(80%)
Task: 0,	 Epoch: 13/80,	 Avg.loss: 0.0006,	 Accuracy: 822/1000(82%)
Task: 0,	 Epoch: 14/80,	 Avg.loss: 0.0006,	 Accuracy: 810/1000(81%)
Task: 0,	 Epoch: 15/80,	 Avg.loss: 0.0005,	 Accuracy: 832/1000(83%)
Task: 0,	 Epoch: 16/80,	 Avg.loss: 0.0006,	 Accuracy: 813/1000(81%)
Task: 0,	 Epoch: 17/80,	 Avg.loss: 0.0006,	 Accuracy: 823/1000(82%)
Task: 0,	 Epoch: 18/80,	 Avg.loss: 0.0006,	 Accuracy: 828/1000(83%)
Task: 0,	 Epoch: 19/80,	 Avg.loss: 0.0006,	 Accuracy: 820/1000(82%)
Task: 0,	 Epoch: 20/80,	 Avg.loss: 0.0007,	 Accuracy: 821/1000(82%)
Task: 0,	 Epoch: 21/80,	 Avg.loss: 0.0006,	 Accuracy: 823/1000(82%)
Task: 0,	 Epoch: 22/80,	 Avg.loss: 0.0006,	 Accuracy: 823/1000(82%)
Task: 0,	 Epoch: 23/80,	 Avg.loss: 0.0006,	 Accuracy: 818/1000(82%)
Task: 0,	 Epoch: 24/80,	 Avg.loss: 0.0006,	 Accuracy: 838/1000(84%)
Task: 0,	 Epoch: 25/80,	 Avg.loss: 0.0006,	 Accuracy: 828/1000(83%)
Task: 0,	 Epoch: 26/80,	 Avg.loss: 0.0006,	 Accuracy: 837/1000(84%)
Task: 0,	 Epoch: 27/80,	 Avg.loss: 0.0007,	 Accuracy: 827/1000(83%)
Task: 0,	 Epoch: 28/80,	 Avg.loss: 0.0006,	 Accuracy: 829/1000(83%)
Task: 0,	 Epoch: 29/80,	 Avg.loss: 0.0007,	 Accuracy: 803/1000(80%)
Task: 0,	 Epoch: 30/80,	 Avg.loss: 0.0006,	 Accuracy: 842/1000(84%)
Task: 0,	 Epoch: 31/80,	 Avg.loss: 0.0006,	 Accuracy: 843/1000(84%)
Task: 0,	 Epoch: 32/80,	 Avg.loss: 0.0006,	 Accuracy: 832/1000(83%)
Task: 0,	 Epoch: 33/80,	 Avg.loss: 0.0007,	 Accuracy: 837/1000(84%)
Task: 0,	 Epoch: 34/80,	 Avg.loss: 0.0007,	 Accuracy: 836/1000(84%)
Task: 0,	 Epoch: 35/80,	 Avg.loss: 0.0006,	 Accuracy: 841/1000(84%)
Task: 0,	 Epoch: 36/80,	 Avg.loss: 0.0006,	 Accuracy: 835/1000(84%)
Task: 0,	 Epoch: 37/80,	 Avg.loss: 0.0007,	 Accuracy: 828/1000(83%)
Task: 0,	 Epoch: 38/80,	 Avg.loss: 0.0006,	 Accuracy: 835/1000(84%)
Task: 0,	 Epoch: 39/80,	 Avg.loss: 0.0006,	 Accuracy: 840/1000(84%)
Task: 0,	 Epoch: 40/80,	 Avg.loss: 0.0007,	 Accuracy: 841/1000(84%)
Task: 0,	 Epoch: 41/80,	 Avg.loss: 0.0006,	 Accuracy: 848/1000(85%)
Task: 0,	 Epoch: 42/80,	 Avg.loss: 0.0006,	 Accuracy: 857/1000(86%)
Task: 0,	 Epoch: 43/80,	 Avg.loss: 0.0007,	 Accuracy: 842/1000(84%)
Task: 0,	 Epoch: 44/80,	 Avg.loss: 0.0008,	 Accuracy: 826/1000(83%)
Task: 0,	 Epoch: 45/80,	 Avg.loss: 0.0006,	 Accuracy: 842/1000(84%)
Task: 0,	 Epoch: 46/80,	 Avg.loss: 0.0006,	 Accuracy: 833/1000(83%)
Task: 0,	 Epoch: 47/80,	 Avg.loss: 0.0006,	 Accuracy: 836/1000(84%)
Task: 0,	 Epoch: 48/80,	 Avg.loss: 0.0006,	 Accuracy: 846/1000(85%)
Task: 0,	 Epoch: 49/80,	 Avg.loss: 0.0006,	 Accuracy: 847/1000(85%)
Task: 0,	 Epoch: 50/80,	 Avg.loss: 0.0006,	 Accuracy: 853/1000(85%)
Task: 0,	 Epoch: 51/80,	 Avg.loss: 0.0006,	 Accuracy: 846/1000(85%)
Task: 0,	 Epoch: 52/80,	 Avg.loss: 0.0006,	 Accuracy: 852/1000(85%)
Task: 0,	 Epoch: 53/80,	 Avg.loss: 0.0006,	 Accuracy: 851/1000(85%)
Task: 0,	 Epoch: 54/80,	 Avg.loss: 0.0006,	 Accuracy: 849/1000(85%)
Task: 0,	 Epoch: 55/80,	 Avg.loss: 0.0006,	 Accuracy: 849/1000(85%)
Task: 0,	 Epoch: 56/80,	 Avg.loss: 0.0006,	 Accuracy: 852/1000(85%)
Task: 0,	 Epoch: 57/80,	 Avg.loss: 0.0006,	 Accuracy: 855/1000(86%)
Task: 0,	 Epoch: 58/80,	 Avg.loss: 0.0006,	 Accuracy: 855/1000(86%)
Task: 0,	 Epoch: 59/80,	 Avg.loss: 0.0006,	 Accuracy: 846/1000(85%)
Task: 0,	 Epoch: 60/80,	 Avg.loss: 0.0006,	 Accuracy: 850/1000(85%)
Task: 0,	 Epoch: 61/80,	 Avg.loss: 0.0006,	 Accuracy: 853/1000(85%)
Task: 0,	 Epoch: 62/80,	 Avg.loss: 0.0006,	 Accuracy: 855/1000(86%)
Task: 0,	 Epoch: 63/80,	 Avg.loss: 0.0006,	 Accuracy: 851/1000(85%)
Task: 0,	 Epoch: 64/80,	 Avg.loss: 0.0006,	 Accuracy: 854/1000(85%)
Task: 0,	 Epoch: 65/80,	 Avg.loss: 0.0006,	 Accuracy: 853/1000(85%)
Task: 0,	 Epoch: 66/80,	 Avg.loss: 0.0006,	 Accuracy: 851/1000(85%)
Task: 0,	 Epoch: 67/80,	 Avg.loss: 0.0006,	 Accuracy: 852/1000(85%)
Task: 0,	 Epoch: 68/80,	 Avg.loss: 0.0006,	 Accuracy: 849/1000(85%)
Task: 0,	 Epoch: 69/80,	 Avg.loss: 0.0006,	 Accuracy: 851/1000(85%)
Task: 0,	 Epoch: 70/80,	 Avg.loss: 0.0006,	 Accuracy: 850/1000(85%)
Task: 0,	 Epoch: 71/80,	 Avg.loss: 0.0006,	 Accuracy: 851/1000(85%)
Task: 0,	 Epoch: 72/80,	 Avg.loss: 0.0006,	 Accuracy: 855/1000(86%)
Task: 0,	 Epoch: 73/80,	 Avg.loss: 0.0006,	 Accuracy: 850/1000(85%)
Task: 0,	 Epoch: 74/80,	 Avg.loss: 0.0006,	 Accuracy: 856/1000(86%)
Task: 0,	 Epoch: 75/80,	 Avg.loss: 0.0006,	 Accuracy: 858/1000(86%)
Task: 0,	 Epoch: 76/80,	 Avg.loss: 0.0006,	 Accuracy: 854/1000(85%)
Task: 0,	 Epoch: 77/80,	 Avg.loss: 0.0007,	 Accuracy: 854/1000(85%)
Task: 0,	 Epoch: 78/80,	 Avg.loss: 0.0007,	 Accuracy: 849/1000(85%)
Task: 0,	 Epoch: 79/80,	 Avg.loss: 0.0007,	 Accuracy: 853/1000(85%)
Task: 0,	 Epoch: -1/80,	 Avg.loss: 0.0007,	 Accuracy: 853/1000(85%)
Trained Task:0, Loaded task:0, Accuracy:85.3%
Trained Task:0, Avg. Accuracy: 85.3 

List of avg. accuracy: [85.3]
Layer        : conv1_layer.2.weight
Sum Omega    : 651.4793701171875
F.histogram  : tensor([6.9910e+03, 1.4490e+03, 4.4500e+02, 1.8000e+02, 8.1000e+01, 3.3000e+01,
        1.9000e+01, 9.0000e+00, 4.0000e+00, 5.0000e+00], device='cuda:0')
F.num_zeros  : 288/9216
W.num_zeros  : 0/9216
O.num_zeros  : 288/9216
Layer        : conv2_layer.2.weight
Sum Omega    : 1668.62109375
F.histogram  : tensor([3.3401e+04, 2.3630e+03, 7.1400e+02, 2.6400e+02, 6.6000e+01, 3.3000e+01,
        1.3000e+01, 4.0000e+00, 3.0000e+00, 3.0000e+00], device='cuda:0')
F.num_zeros  : 9137/36864
W.num_zeros  : 0/36864
O.num_zeros  : 22464/36864
Layer        : fc1_layer.0.weight
Sum Omega    : 23890.646484375
F.histogram  : tensor([2.0108e+06, 6.3279e+04, 1.5427e+04, 4.9190e+03, 1.7290e+03, 6.9300e+02,
        2.1500e+02, 5.4000e+01, 1.3000e+01, 1.0000e+00], device='cuda:0')
F.num_zeros  : 1287109/2097152
W.num_zeros  : 0/2097152
O.num_zeros  : 1770753/2097152
Mask histogram conv1_layer.2.weight: 	 tensor([   0.,    0., 8192.,    0.,    0.,    0.,    0.,    0.,    0.,    0.],
       device='cuda:0')
Mask histogram conv2_layer.2.weight: 	 tensor([1216., 2560.,  320.,    0.,    0.,    0.,    0.,    0.,    0.,    0.],
       device='cuda:0')
Mask histogram fc1_layer.0.weight: 	 tensor([243., 130., 139.,   0.,   0.,   0.,   0.,   0.,   0.,   0.],
       device='cuda:0')
Task: 1,	 Epoch: 0/80,	 Avg.loss: 0.0011,	 Accuracy: 621/1000(62%)
Task: 1,	 Epoch: 1/80,	 Avg.loss: 0.0008,	 Accuracy: 689/1000(69%)
Task: 1,	 Epoch: 2/80,	 Avg.loss: 0.0008,	 Accuracy: 703/1000(70%)
Task: 1,	 Epoch: 3/80,	 Avg.loss: 0.0009,	 Accuracy: 691/1000(69%)
Task: 1,	 Epoch: 4/80,	 Avg.loss: 0.0008,	 Accuracy: 732/1000(73%)
Task: 1,	 Epoch: 5/80,	 Avg.loss: 0.0007,	 Accuracy: 740/1000(74%)
Task: 1,	 Epoch: 6/80,	 Avg.loss: 0.0007,	 Accuracy: 735/1000(74%)
Task: 1,	 Epoch: 7/80,	 Avg.loss: 0.0007,	 Accuracy: 745/1000(74%)
Task: 1,	 Epoch: 8/80,	 Avg.loss: 0.0007,	 Accuracy: 761/1000(76%)
Task: 1,	 Epoch: 9/80,	 Avg.loss: 0.0007,	 Accuracy: 747/1000(75%)
Task: 1,	 Epoch: 10/80,	 Avg.loss: 0.0007,	 Accuracy: 754/1000(75%)
Task: 1,	 Epoch: 11/80,	 Avg.loss: 0.0007,	 Accuracy: 749/1000(75%)
Task: 1,	 Epoch: 12/80,	 Avg.loss: 0.0007,	 Accuracy: 758/1000(76%)
Task: 1,	 Epoch: 13/80,	 Avg.loss: 0.0007,	 Accuracy: 769/1000(77%)
Task: 1,	 Epoch: 14/80,	 Avg.loss: 0.0007,	 Accuracy: 753/1000(75%)
Task: 1,	 Epoch: 15/80,	 Avg.loss: 0.0007,	 Accuracy: 756/1000(76%)
Task: 1,	 Epoch: 16/80,	 Avg.loss: 0.0007,	 Accuracy: 766/1000(77%)
Task: 1,	 Epoch: 17/80,	 Avg.loss: 0.0007,	 Accuracy: 763/1000(76%)
Task: 1,	 Epoch: 18/80,	 Avg.loss: 0.0007,	 Accuracy: 778/1000(78%)
Task: 1,	 Epoch: 19/80,	 Avg.loss: 0.0007,	 Accuracy: 768/1000(77%)
Task: 1,	 Epoch: 20/80,	 Avg.loss: 0.0008,	 Accuracy: 761/1000(76%)
Task: 1,	 Epoch: 21/80,	 Avg.loss: 0.0007,	 Accuracy: 778/1000(78%)
Task: 1,	 Epoch: 22/80,	 Avg.loss: 0.0007,	 Accuracy: 778/1000(78%)
Task: 1,	 Epoch: 23/80,	 Avg.loss: 0.0007,	 Accuracy: 780/1000(78%)
Task: 1,	 Epoch: 24/80,	 Avg.loss: 0.0007,	 Accuracy: 785/1000(78%)
Task: 1,	 Epoch: 25/80,	 Avg.loss: 0.0007,	 Accuracy: 780/1000(78%)
Task: 1,	 Epoch: 26/80,	 Avg.loss: 0.0007,	 Accuracy: 784/1000(78%)
Task: 1,	 Epoch: 27/80,	 Avg.loss: 0.0007,	 Accuracy: 792/1000(79%)
Task: 1,	 Epoch: 28/80,	 Avg.loss: 0.0007,	 Accuracy: 790/1000(79%)
Task: 1,	 Epoch: 29/80,	 Avg.loss: 0.0007,	 Accuracy: 782/1000(78%)
Task: 1,	 Epoch: 30/80,	 Avg.loss: 0.0007,	 Accuracy: 785/1000(78%)
Task: 1,	 Epoch: 31/80,	 Avg.loss: 0.0008,	 Accuracy: 770/1000(77%)
Task: 1,	 Epoch: 32/80,	 Avg.loss: 0.0007,	 Accuracy: 774/1000(77%)
Task: 1,	 Epoch: 33/80,	 Avg.loss: 0.0008,	 Accuracy: 776/1000(78%)
Task: 1,	 Epoch: 34/80,	 Avg.loss: 0.0007,	 Accuracy: 792/1000(79%)
Task: 1,	 Epoch: 35/80,	 Avg.loss: 0.0008,	 Accuracy: 783/1000(78%)
Task: 1,	 Epoch: 36/80,	 Avg.loss: 0.0008,	 Accuracy: 786/1000(79%)
Task: 1,	 Epoch: 37/80,	 Avg.loss: 0.0007,	 Accuracy: 792/1000(79%)
Task: 1,	 Epoch: 38/80,	 Avg.loss: 0.0007,	 Accuracy: 790/1000(79%)
Task: 1,	 Epoch: 39/80,	 Avg.loss: 0.0008,	 Accuracy: 779/1000(78%)
Task: 1,	 Epoch: 40/80,	 Avg.loss: 0.0008,	 Accuracy: 784/1000(78%)
Task: 1,	 Epoch: 41/80,	 Avg.loss: 0.0008,	 Accuracy: 780/1000(78%)
Task: 1,	 Epoch: 42/80,	 Avg.loss: 0.0008,	 Accuracy: 771/1000(77%)
Task: 1,	 Epoch: 43/80,	 Avg.loss: 0.0009,	 Accuracy: 756/1000(76%)
Task: 1,	 Epoch: 44/80,	 Avg.loss: 0.0007,	 Accuracy: 796/1000(80%)
Task: 1,	 Epoch: 45/80,	 Avg.loss: 0.0008,	 Accuracy: 776/1000(78%)
Task: 1,	 Epoch: 46/80,	 Avg.loss: 0.0008,	 Accuracy: 780/1000(78%)
Task: 1,	 Epoch: 47/80,	 Avg.loss: 0.0008,	 Accuracy: 775/1000(78%)
Task: 1,	 Epoch: 48/80,	 Avg.loss: 0.0008,	 Accuracy: 784/1000(78%)
Task: 1,	 Epoch: 49/80,	 Avg.loss: 0.0008,	 Accuracy: 781/1000(78%)
Task: 1,	 Epoch: 50/80,	 Avg.loss: 0.0008,	 Accuracy: 789/1000(79%)
Task: 1,	 Epoch: 51/80,	 Avg.loss: 0.0008,	 Accuracy: 797/1000(80%)
Task: 1,	 Epoch: 52/80,	 Avg.loss: 0.0008,	 Accuracy: 802/1000(80%)
Task: 1,	 Epoch: 53/80,	 Avg.loss: 0.0008,	 Accuracy: 799/1000(80%)
Task: 1,	 Epoch: 54/80,	 Avg.loss: 0.0008,	 Accuracy: 796/1000(80%)
Task: 1,	 Epoch: 55/80,	 Avg.loss: 0.0008,	 Accuracy: 796/1000(80%)
Task: 1,	 Epoch: 56/80,	 Avg.loss: 0.0008,	 Accuracy: 799/1000(80%)
Task: 1,	 Epoch: 57/80,	 Avg.loss: 0.0008,	 Accuracy: 803/1000(80%)
Task: 1,	 Epoch: 58/80,	 Avg.loss: 0.0008,	 Accuracy: 806/1000(81%)
Task: 1,	 Epoch: 59/80,	 Avg.loss: 0.0008,	 Accuracy: 804/1000(80%)
Task: 1,	 Epoch: 60/80,	 Avg.loss: 0.0008,	 Accuracy: 806/1000(81%)
Task: 1,	 Epoch: 61/80,	 Avg.loss: 0.0008,	 Accuracy: 803/1000(80%)
Task: 1,	 Epoch: 62/80,	 Avg.loss: 0.0008,	 Accuracy: 804/1000(80%)
Task: 1,	 Epoch: 63/80,	 Avg.loss: 0.0008,	 Accuracy: 803/1000(80%)
Task: 1,	 Epoch: 64/80,	 Avg.loss: 0.0008,	 Accuracy: 803/1000(80%)
Task: 1,	 Epoch: 65/80,	 Avg.loss: 0.0008,	 Accuracy: 800/1000(80%)
Task: 1,	 Epoch: 66/80,	 Avg.loss: 0.0008,	 Accuracy: 803/1000(80%)
Task: 1,	 Epoch: 67/80,	 Avg.loss: 0.0008,	 Accuracy: 808/1000(81%)
Task: 1,	 Epoch: 68/80,	 Avg.loss: 0.0008,	 Accuracy: 804/1000(80%)
Task: 1,	 Epoch: 69/80,	 Avg.loss: 0.0008,	 Accuracy: 801/1000(80%)
Task: 1,	 Epoch: 70/80,	 Avg.loss: 0.0008,	 Accuracy: 803/1000(80%)
Task: 1,	 Epoch: 71/80,	 Avg.loss: 0.0008,	 Accuracy: 800/1000(80%)
Task: 1,	 Epoch: 72/80,	 Avg.loss: 0.0008,	 Accuracy: 807/1000(81%)
Task: 1,	 Epoch: 73/80,	 Avg.loss: 0.0008,	 Accuracy: 804/1000(80%)
Task: 1,	 Epoch: 74/80,	 Avg.loss: 0.0008,	 Accuracy: 804/1000(80%)
Task: 1,	 Epoch: 75/80,	 Avg.loss: 0.0008,	 Accuracy: 796/1000(80%)
Task: 1,	 Epoch: 76/80,	 Avg.loss: 0.0008,	 Accuracy: 810/1000(81%)
Task: 1,	 Epoch: 77/80,	 Avg.loss: 0.0008,	 Accuracy: 808/1000(81%)
Task: 1,	 Epoch: 78/80,	 Avg.loss: 0.0008,	 Accuracy: 811/1000(81%)
Task: 1,	 Epoch: 79/80,	 Avg.loss: 0.0008,	 Accuracy: 804/1000(80%)
Task: 0,	 Epoch: -1/80,	 Avg.loss: 0.0007,	 Accuracy: 850/1000(85%)
Trained Task:1, Loaded task:0, Accuracy:85.0%
Task: 1,	 Epoch: -1/80,	 Avg.loss: 0.0008,	 Accuracy: 804/1000(80%)
Trained Task:1, Loaded task:1, Accuracy:80.4%
Trained Task:1, Avg. Accuracy: 82.7 

List of avg. accuracy: [85.3, 82.7]
Layer        : conv1_layer.2.weight
Sum Omega    : 755.9954833984375
F.histogram  : tensor([7.1380e+03, 1.4110e+03, 4.1800e+02, 1.5800e+02, 5.2000e+01, 1.8000e+01,
        1.1000e+01, 5.0000e+00, 3.0000e+00, 2.0000e+00], device='cuda:0')
F.num_zeros  : 288/9216
W.num_zeros  : 0/9216
O.num_zeros  : 288/9216
Layer        : conv2_layer.2.weight
Sum Omega    : 1463.3458251953125
F.histogram  : tensor([3.1127e+04, 3.6350e+03, 1.2520e+03, 5.0200e+02, 2.1500e+02, 7.0000e+01,
        3.6000e+01, 1.5000e+01, 7.0000e+00, 5.0000e+00], device='cuda:0')
F.num_zeros  : 9138/36864
W.num_zeros  : 0/36864
O.num_zeros  : 10944/36864
Layer        : fc1_layer.0.weight
Sum Omega    : 28715.71484375
F.histogram  : tensor([2.0893e+06, 7.0490e+03, 6.9100e+02, 9.3000e+01, 2.2000e+01, 3.0000e+00,
        3.0000e+00, 1.0000e+00, 0.0000e+00, 1.0000e+00], device='cuda:0')
F.num_zeros  : 1296226/2097152
W.num_zeros  : 0/2097152
O.num_zeros  : 1492900/2097152
Mask histogram conv1_layer.2.weight: 	 tensor([   0.,    0.,    0., 8192.,    0.,    0.,    0.,    0.,    0.,    0.],
       device='cuda:0')
Mask histogram conv2_layer.2.weight: 	 tensor([1216., 1088., 1664.,  128.,    0.,    0.,    0.,    0.,    0.,    0.],
       device='cuda:0')
Mask histogram fc1_layer.0.weight: 	 tensor([ 70., 296., 122.,  24.,   0.,   0.,   0.,   0.,   0.,   0.],
       device='cuda:0')
Task: 2,	 Epoch: 0/80,	 Avg.loss: 0.0012,	 Accuracy: 624/1000(62%)
Task: 2,	 Epoch: 1/80,	 Avg.loss: 0.0011,	 Accuracy: 658/1000(66%)
Task: 2,	 Epoch: 2/80,	 Avg.loss: 0.0010,	 Accuracy: 687/1000(69%)
Task: 2,	 Epoch: 3/80,	 Avg.loss: 0.0009,	 Accuracy: 691/1000(69%)
Task: 2,	 Epoch: 4/80,	 Avg.loss: 0.0009,	 Accuracy: 711/1000(71%)
Task: 2,	 Epoch: 5/80,	 Avg.loss: 0.0009,	 Accuracy: 712/1000(71%)
Task: 2,	 Epoch: 6/80,	 Avg.loss: 0.0009,	 Accuracy: 712/1000(71%)
Task: 2,	 Epoch: 7/80,	 Avg.loss: 0.0009,	 Accuracy: 728/1000(73%)
Task: 2,	 Epoch: 8/80,	 Avg.loss: 0.0008,	 Accuracy: 730/1000(73%)
Task: 2,	 Epoch: 9/80,	 Avg.loss: 0.0009,	 Accuracy: 723/1000(72%)
Task: 2,	 Epoch: 10/80,	 Avg.loss: 0.0008,	 Accuracy: 721/1000(72%)
Task: 2,	 Epoch: 11/80,	 Avg.loss: 0.0010,	 Accuracy: 677/1000(68%)
Task: 2,	 Epoch: 12/80,	 Avg.loss: 0.0008,	 Accuracy: 726/1000(73%)
Task: 2,	 Epoch: 13/80,	 Avg.loss: 0.0008,	 Accuracy: 739/1000(74%)
Task: 2,	 Epoch: 14/80,	 Avg.loss: 0.0009,	 Accuracy: 724/1000(72%)
Task: 2,	 Epoch: 15/80,	 Avg.loss: 0.0009,	 Accuracy: 728/1000(73%)
Task: 2,	 Epoch: 16/80,	 Avg.loss: 0.0009,	 Accuracy: 713/1000(71%)
Task: 2,	 Epoch: 17/80,	 Avg.loss: 0.0008,	 Accuracy: 739/1000(74%)
Task: 2,	 Epoch: 18/80,	 Avg.loss: 0.0008,	 Accuracy: 744/1000(74%)
Task: 2,	 Epoch: 19/80,	 Avg.loss: 0.0008,	 Accuracy: 754/1000(75%)
Task: 2,	 Epoch: 20/80,	 Avg.loss: 0.0008,	 Accuracy: 757/1000(76%)
Task: 2,	 Epoch: 21/80,	 Avg.loss: 0.0008,	 Accuracy: 760/1000(76%)
Task: 2,	 Epoch: 22/80,	 Avg.loss: 0.0008,	 Accuracy: 761/1000(76%)
Task: 2,	 Epoch: 23/80,	 Avg.loss: 0.0008,	 Accuracy: 754/1000(75%)
Task: 2,	 Epoch: 24/80,	 Avg.loss: 0.0008,	 Accuracy: 756/1000(76%)
Task: 2,	 Epoch: 25/80,	 Avg.loss: 0.0009,	 Accuracy: 733/1000(73%)
Task: 2,	 Epoch: 26/80,	 Avg.loss: 0.0008,	 Accuracy: 752/1000(75%)
Task: 2,	 Epoch: 27/80,	 Avg.loss: 0.0009,	 Accuracy: 746/1000(75%)
Task: 2,	 Epoch: 28/80,	 Avg.loss: 0.0008,	 Accuracy: 754/1000(75%)
Task: 2,	 Epoch: 29/80,	 Avg.loss: 0.0008,	 Accuracy: 751/1000(75%)
Task: 2,	 Epoch: 30/80,	 Avg.loss: 0.0008,	 Accuracy: 759/1000(76%)
Task: 2,	 Epoch: 31/80,	 Avg.loss: 0.0008,	 Accuracy: 740/1000(74%)
Task: 2,	 Epoch: 32/80,	 Avg.loss: 0.0008,	 Accuracy: 748/1000(75%)
Task: 2,	 Epoch: 33/80,	 Avg.loss: 0.0008,	 Accuracy: 744/1000(74%)
Task: 2,	 Epoch: 34/80,	 Avg.loss: 0.0008,	 Accuracy: 750/1000(75%)
Task: 2,	 Epoch: 35/80,	 Avg.loss: 0.0008,	 Accuracy: 770/1000(77%)
Task: 2,	 Epoch: 36/80,	 Avg.loss: 0.0008,	 Accuracy: 752/1000(75%)
Task: 2,	 Epoch: 37/80,	 Avg.loss: 0.0008,	 Accuracy: 763/1000(76%)
Task: 2,	 Epoch: 38/80,	 Avg.loss: 0.0008,	 Accuracy: 762/1000(76%)
Task: 2,	 Epoch: 39/80,	 Avg.loss: 0.0008,	 Accuracy: 738/1000(74%)
Task: 2,	 Epoch: 40/80,	 Avg.loss: 0.0008,	 Accuracy: 760/1000(76%)
Task: 2,	 Epoch: 41/80,	 Avg.loss: 0.0008,	 Accuracy: 760/1000(76%)
Task: 2,	 Epoch: 42/80,	 Avg.loss: 0.0008,	 Accuracy: 753/1000(75%)
Task: 2,	 Epoch: 43/80,	 Avg.loss: 0.0008,	 Accuracy: 766/1000(77%)
Task: 2,	 Epoch: 44/80,	 Avg.loss: 0.0009,	 Accuracy: 739/1000(74%)
Task: 2,	 Epoch: 45/80,	 Avg.loss: 0.0008,	 Accuracy: 764/1000(76%)
Task: 2,	 Epoch: 46/80,	 Avg.loss: 0.0008,	 Accuracy: 760/1000(76%)
Task: 2,	 Epoch: 47/80,	 Avg.loss: 0.0008,	 Accuracy: 771/1000(77%)
Task: 2,	 Epoch: 48/80,	 Avg.loss: 0.0008,	 Accuracy: 768/1000(77%)
Task: 2,	 Epoch: 49/80,	 Avg.loss: 0.0008,	 Accuracy: 760/1000(76%)
Task: 2,	 Epoch: 50/80,	 Avg.loss: 0.0008,	 Accuracy: 772/1000(77%)
Task: 2,	 Epoch: 51/80,	 Avg.loss: 0.0008,	 Accuracy: 762/1000(76%)
Task: 2,	 Epoch: 52/80,	 Avg.loss: 0.0008,	 Accuracy: 769/1000(77%)
Task: 2,	 Epoch: 53/80,	 Avg.loss: 0.0008,	 Accuracy: 767/1000(77%)
Task: 2,	 Epoch: 54/80,	 Avg.loss: 0.0008,	 Accuracy: 768/1000(77%)
Task: 2,	 Epoch: 55/80,	 Avg.loss: 0.0008,	 Accuracy: 762/1000(76%)
Task: 2,	 Epoch: 56/80,	 Avg.loss: 0.0008,	 Accuracy: 769/1000(77%)
Task: 2,	 Epoch: 57/80,	 Avg.loss: 0.0008,	 Accuracy: 772/1000(77%)
Task: 2,	 Epoch: 58/80,	 Avg.loss: 0.0008,	 Accuracy: 763/1000(76%)
Task: 2,	 Epoch: 59/80,	 Avg.loss: 0.0008,	 Accuracy: 767/1000(77%)
Task: 2,	 Epoch: 60/80,	 Avg.loss: 0.0008,	 Accuracy: 774/1000(77%)
Task: 2,	 Epoch: 61/80,	 Avg.loss: 0.0008,	 Accuracy: 772/1000(77%)
Task: 2,	 Epoch: 62/80,	 Avg.loss: 0.0008,	 Accuracy: 773/1000(77%)
Task: 2,	 Epoch: 63/80,	 Avg.loss: 0.0008,	 Accuracy: 770/1000(77%)
Task: 2,	 Epoch: 64/80,	 Avg.loss: 0.0008,	 Accuracy: 773/1000(77%)
Task: 2,	 Epoch: 65/80,	 Avg.loss: 0.0008,	 Accuracy: 770/1000(77%)
Task: 2,	 Epoch: 66/80,	 Avg.loss: 0.0008,	 Accuracy: 769/1000(77%)
Task: 2,	 Epoch: 67/80,	 Avg.loss: 0.0008,	 Accuracy: 772/1000(77%)
Task: 2,	 Epoch: 68/80,	 Avg.loss: 0.0008,	 Accuracy: 772/1000(77%)
Task: 2,	 Epoch: 69/80,	 Avg.loss: 0.0008,	 Accuracy: 780/1000(78%)
Task: 2,	 Epoch: 70/80,	 Avg.loss: 0.0008,	 Accuracy: 769/1000(77%)
Task: 2,	 Epoch: 71/80,	 Avg.loss: 0.0008,	 Accuracy: 769/1000(77%)
Task: 2,	 Epoch: 72/80,	 Avg.loss: 0.0008,	 Accuracy: 769/1000(77%)
Task: 2,	 Epoch: 73/80,	 Avg.loss: 0.0008,	 Accuracy: 767/1000(77%)
Task: 2,	 Epoch: 74/80,	 Avg.loss: 0.0008,	 Accuracy: 774/1000(77%)
Task: 2,	 Epoch: 75/80,	 Avg.loss: 0.0008,	 Accuracy: 767/1000(77%)
Task: 2,	 Epoch: 76/80,	 Avg.loss: 0.0008,	 Accuracy: 767/1000(77%)
Task: 2,	 Epoch: 77/80,	 Avg.loss: 0.0008,	 Accuracy: 775/1000(78%)
Task: 2,	 Epoch: 78/80,	 Avg.loss: 0.0008,	 Accuracy: 768/1000(77%)
Task: 2,	 Epoch: 79/80,	 Avg.loss: 0.0008,	 Accuracy: 769/1000(77%)
Task: 0,	 Epoch: -1/80,	 Avg.loss: 0.0007,	 Accuracy: 844/1000(84%)
Trained Task:2, Loaded task:0, Accuracy:84.4%
Task: 1,	 Epoch: -1/80,	 Avg.loss: 0.0008,	 Accuracy: 797/1000(80%)
Trained Task:2, Loaded task:1, Accuracy:79.7%
Task: 2,	 Epoch: -1/80,	 Avg.loss: 0.0008,	 Accuracy: 769/1000(77%)
Trained Task:2, Loaded task:2, Accuracy:76.9%
Trained Task:2, Avg. Accuracy: 80.3 

List of avg. accuracy: [85.3, 82.7, 80.3]
Layer        : conv1_layer.2.weight
Sum Omega    : 727.4818115234375
F.histogram  : tensor([7.0870e+03, 1.3800e+03, 4.3700e+02, 1.6700e+02, 8.2000e+01, 4.1000e+01,
        1.1000e+01, 5.0000e+00, 4.0000e+00, 2.0000e+00], device='cuda:0')
F.num_zeros  : 288/9216
W.num_zeros  : 0/9216
O.num_zeros  : 288/9216
Layer        : conv2_layer.2.weight
Sum Omega    : 1580.1741943359375
F.histogram  : tensor([3.0529e+04, 3.8510e+03, 1.3190e+03, 5.8100e+02, 3.1700e+02, 1.2300e+02,
        7.4000e+01, 4.7000e+01, 1.7000e+01, 6.0000e+00], device='cuda:0')
F.num_zeros  : 9225/36864
W.num_zeros  : 0/36864
O.num_zeros  : 10944/36864
Layer        : fc1_layer.0.weight
Sum Omega    : 9453.234375
F.histogram  : tensor([2.0297e+06, 4.7468e+04, 1.3209e+04, 4.3570e+03, 1.5220e+03, 5.5200e+02,
        2.2600e+02, 1.0400e+02, 1.4000e+01, 8.0000e+00], device='cuda:0')
F.num_zeros  : 1266463/2097152
W.num_zeros  : 0/2097152
O.num_zeros  : 1465449/2097152
Mask histogram conv1_layer.2.weight: 	 tensor([   0.,    0.,    0.,    0., 8192.,    0.,    0.,    0.,    0.,    0.],
       device='cuda:0')
Mask histogram conv2_layer.2.weight: 	 tensor([1216.,  704.,  896., 1216.,   64.,    0.,    0.,    0.,    0.,    0.],
       device='cuda:0')
Mask histogram fc1_layer.0.weight: 	 tensor([ 70., 224.,  86., 108.,  24.,   0.,   0.,   0.,   0.,   0.],
       device='cuda:0')
Task: 3,	 Epoch: 0/80,	 Avg.loss: 0.0013,	 Accuracy: 572/1000(57%)
Task: 3,	 Epoch: 1/80,	 Avg.loss: 0.0012,	 Accuracy: 614/1000(61%)
Task: 3,	 Epoch: 2/80,	 Avg.loss: 0.0011,	 Accuracy: 616/1000(62%)
Task: 3,	 Epoch: 3/80,	 Avg.loss: 0.0011,	 Accuracy: 649/1000(65%)
Task: 3,	 Epoch: 4/80,	 Avg.loss: 0.0010,	 Accuracy: 662/1000(66%)
Task: 3,	 Epoch: 5/80,	 Avg.loss: 0.0009,	 Accuracy: 689/1000(69%)
Task: 3,	 Epoch: 6/80,	 Avg.loss: 0.0010,	 Accuracy: 677/1000(68%)
Task: 3,	 Epoch: 7/80,	 Avg.loss: 0.0010,	 Accuracy: 683/1000(68%)
Task: 3,	 Epoch: 8/80,	 Avg.loss: 0.0010,	 Accuracy: 678/1000(68%)
Task: 3,	 Epoch: 9/80,	 Avg.loss: 0.0009,	 Accuracy: 681/1000(68%)
Task: 3,	 Epoch: 10/80,	 Avg.loss: 0.0010,	 Accuracy: 676/1000(68%)
Task: 3,	 Epoch: 11/80,	 Avg.loss: 0.0009,	 Accuracy: 698/1000(70%)
Task: 3,	 Epoch: 12/80,	 Avg.loss: 0.0010,	 Accuracy: 705/1000(70%)
Task: 3,	 Epoch: 13/80,	 Avg.loss: 0.0010,	 Accuracy: 690/1000(69%)
Task: 3,	 Epoch: 14/80,	 Avg.loss: 0.0010,	 Accuracy: 693/1000(69%)
Task: 3,	 Epoch: 15/80,	 Avg.loss: 0.0010,	 Accuracy: 690/1000(69%)
Task: 3,	 Epoch: 16/80,	 Avg.loss: 0.0010,	 Accuracy: 688/1000(69%)
Task: 3,	 Epoch: 17/80,	 Avg.loss: 0.0010,	 Accuracy: 677/1000(68%)
Task: 3,	 Epoch: 18/80,	 Avg.loss: 0.0009,	 Accuracy: 722/1000(72%)
Task: 3,	 Epoch: 19/80,	 Avg.loss: 0.0009,	 Accuracy: 719/1000(72%)
Task: 3,	 Epoch: 20/80,	 Avg.loss: 0.0009,	 Accuracy: 701/1000(70%)
Task: 3,	 Epoch: 21/80,	 Avg.loss: 0.0009,	 Accuracy: 702/1000(70%)
Task: 3,	 Epoch: 22/80,	 Avg.loss: 0.0009,	 Accuracy: 704/1000(70%)
Task: 3,	 Epoch: 23/80,	 Avg.loss: 0.0010,	 Accuracy: 695/1000(70%)
Task: 3,	 Epoch: 24/80,	 Avg.loss: 0.0009,	 Accuracy: 716/1000(72%)
Task: 3,	 Epoch: 25/80,	 Avg.loss: 0.0009,	 Accuracy: 704/1000(70%)
Task: 3,	 Epoch: 26/80,	 Avg.loss: 0.0009,	 Accuracy: 733/1000(73%)
Task: 3,	 Epoch: 27/80,	 Avg.loss: 0.0009,	 Accuracy: 713/1000(71%)
Task: 3,	 Epoch: 28/80,	 Avg.loss: 0.0009,	 Accuracy: 723/1000(72%)
Task: 3,	 Epoch: 29/80,	 Avg.loss: 0.0009,	 Accuracy: 729/1000(73%)
Task: 3,	 Epoch: 30/80,	 Avg.loss: 0.0009,	 Accuracy: 720/1000(72%)
Task: 3,	 Epoch: 31/80,	 Avg.loss: 0.0009,	 Accuracy: 716/1000(72%)
Task: 3,	 Epoch: 32/80,	 Avg.loss: 0.0010,	 Accuracy: 702/1000(70%)
Task: 3,	 Epoch: 33/80,	 Avg.loss: 0.0009,	 Accuracy: 714/1000(71%)
Task: 3,	 Epoch: 34/80,	 Avg.loss: 0.0010,	 Accuracy: 703/1000(70%)
Task: 3,	 Epoch: 35/80,	 Avg.loss: 0.0009,	 Accuracy: 713/1000(71%)
Task: 3,	 Epoch: 36/80,	 Avg.loss: 0.0010,	 Accuracy: 715/1000(72%)
Task: 3,	 Epoch: 37/80,	 Avg.loss: 0.0009,	 Accuracy: 719/1000(72%)
Task: 3,	 Epoch: 38/80,	 Avg.loss: 0.0009,	 Accuracy: 726/1000(73%)
Task: 3,	 Epoch: 39/80,	 Avg.loss: 0.0010,	 Accuracy: 693/1000(69%)
Task: 3,	 Epoch: 40/80,	 Avg.loss: 0.0010,	 Accuracy: 708/1000(71%)
Task: 3,	 Epoch: 41/80,	 Avg.loss: 0.0009,	 Accuracy: 718/1000(72%)
Task: 3,	 Epoch: 42/80,	 Avg.loss: 0.0010,	 Accuracy: 698/1000(70%)
Task: 3,	 Epoch: 43/80,	 Avg.loss: 0.0010,	 Accuracy: 706/1000(71%)
Task: 3,	 Epoch: 44/80,	 Avg.loss: 0.0010,	 Accuracy: 713/1000(71%)
Task: 3,	 Epoch: 45/80,	 Avg.loss: 0.0010,	 Accuracy: 697/1000(70%)
Task: 3,	 Epoch: 46/80,	 Avg.loss: 0.0009,	 Accuracy: 725/1000(72%)
Task: 3,	 Epoch: 47/80,	 Avg.loss: 0.0009,	 Accuracy: 727/1000(73%)
Task: 3,	 Epoch: 48/80,	 Avg.loss: 0.0009,	 Accuracy: 699/1000(70%)
Task: 3,	 Epoch: 49/80,	 Avg.loss: 0.0009,	 Accuracy: 715/1000(72%)
Task: 3,	 Epoch: 50/80,	 Avg.loss: 0.0009,	 Accuracy: 719/1000(72%)
Task: 3,	 Epoch: 51/80,	 Avg.loss: 0.0009,	 Accuracy: 732/1000(73%)
Task: 3,	 Epoch: 52/80,	 Avg.loss: 0.0009,	 Accuracy: 733/1000(73%)
Task: 3,	 Epoch: 53/80,	 Avg.loss: 0.0009,	 Accuracy: 731/1000(73%)
Task: 3,	 Epoch: 54/80,	 Avg.loss: 0.0009,	 Accuracy: 735/1000(74%)
Task: 3,	 Epoch: 55/80,	 Avg.loss: 0.0009,	 Accuracy: 731/1000(73%)
Task: 3,	 Epoch: 56/80,	 Avg.loss: 0.0009,	 Accuracy: 740/1000(74%)
Task: 3,	 Epoch: 57/80,	 Avg.loss: 0.0009,	 Accuracy: 741/1000(74%)
Task: 3,	 Epoch: 58/80,	 Avg.loss: 0.0009,	 Accuracy: 742/1000(74%)
Task: 3,	 Epoch: 59/80,	 Avg.loss: 0.0009,	 Accuracy: 745/1000(74%)
Task: 3,	 Epoch: 60/80,	 Avg.loss: 0.0009,	 Accuracy: 743/1000(74%)
Task: 3,	 Epoch: 61/80,	 Avg.loss: 0.0009,	 Accuracy: 743/1000(74%)
Task: 3,	 Epoch: 62/80,	 Avg.loss: 0.0009,	 Accuracy: 740/1000(74%)
Task: 3,	 Epoch: 63/80,	 Avg.loss: 0.0009,	 Accuracy: 741/1000(74%)
Task: 3,	 Epoch: 64/80,	 Avg.loss: 0.0009,	 Accuracy: 736/1000(74%)
Task: 3,	 Epoch: 65/80,	 Avg.loss: 0.0009,	 Accuracy: 739/1000(74%)
Task: 3,	 Epoch: 66/80,	 Avg.loss: 0.0009,	 Accuracy: 738/1000(74%)
Task: 3,	 Epoch: 67/80,	 Avg.loss: 0.0009,	 Accuracy: 741/1000(74%)
Task: 3,	 Epoch: 68/80,	 Avg.loss: 0.0009,	 Accuracy: 737/1000(74%)
Task: 3,	 Epoch: 69/80,	 Avg.loss: 0.0009,	 Accuracy: 738/1000(74%)
Task: 3,	 Epoch: 70/80,	 Avg.loss: 0.0009,	 Accuracy: 734/1000(73%)
Task: 3,	 Epoch: 71/80,	 Avg.loss: 0.0009,	 Accuracy: 737/1000(74%)
Task: 3,	 Epoch: 72/80,	 Avg.loss: 0.0009,	 Accuracy: 731/1000(73%)
Task: 3,	 Epoch: 73/80,	 Avg.loss: 0.0009,	 Accuracy: 742/1000(74%)
Task: 3,	 Epoch: 74/80,	 Avg.loss: 0.0009,	 Accuracy: 742/1000(74%)
Task: 3,	 Epoch: 75/80,	 Avg.loss: 0.0009,	 Accuracy: 736/1000(74%)
Task: 3,	 Epoch: 76/80,	 Avg.loss: 0.0009,	 Accuracy: 736/1000(74%)
Task: 3,	 Epoch: 77/80,	 Avg.loss: 0.0009,	 Accuracy: 746/1000(75%)
Task: 3,	 Epoch: 78/80,	 Avg.loss: 0.0009,	 Accuracy: 733/1000(73%)
Task: 3,	 Epoch: 79/80,	 Avg.loss: 0.0009,	 Accuracy: 741/1000(74%)
Task: 0,	 Epoch: -1/80,	 Avg.loss: 0.0007,	 Accuracy: 847/1000(85%)
Trained Task:3, Loaded task:0, Accuracy:84.7%
Task: 1,	 Epoch: -1/80,	 Avg.loss: 0.0008,	 Accuracy: 797/1000(80%)
Trained Task:3, Loaded task:1, Accuracy:79.7%
Task: 2,	 Epoch: -1/80,	 Avg.loss: 0.0008,	 Accuracy: 768/1000(77%)
Trained Task:3, Loaded task:2, Accuracy:76.8%
Task: 3,	 Epoch: -1/80,	 Avg.loss: 0.0009,	 Accuracy: 741/1000(74%)
Trained Task:3, Loaded task:3, Accuracy:74.1%
Trained Task:3, Avg. Accuracy: 78.8 

List of avg. accuracy: [85.3, 82.7, 80.3, 78.8]
Layer        : conv1_layer.2.weight
Sum Omega    : 747.5220947265625
F.histogram  : tensor([6.3670e+03, 1.7750e+03, 6.5700e+02, 2.4200e+02, 1.0900e+02, 3.8000e+01,
        1.7000e+01, 7.0000e+00, 2.0000e+00, 2.0000e+00], device='cuda:0')
F.num_zeros  : 288/9216
W.num_zeros  : 0/9216
O.num_zeros  : 288/9216
Layer        : conv2_layer.2.weight
Sum Omega    : 1672.0272216796875
F.histogram  : tensor([3.2101e+04, 3.3080e+03, 8.4900e+02, 3.6000e+02, 1.3200e+02, 4.8000e+01,
        2.6000e+01, 1.9000e+01, 1.2000e+01, 9.0000e+00], device='cuda:0')
F.num_zeros  : 9167/36864
W.num_zeros  : 0/36864
O.num_zeros  : 10944/36864
Layer        : fc1_layer.0.weight
Sum Omega    : 10509.931640625
F.histogram  : tensor([2.0589e+06, 3.0649e+04, 5.8450e+03, 1.4180e+03, 2.6400e+02, 7.0000e+01,
        1.7000e+01, 2.0000e+00, 0.0000e+00, 1.0000e+00], device='cuda:0')
F.num_zeros  : 1265179/2097152
W.num_zeros  : 0/2097152
O.num_zeros  : 1410812/2097152
Mask histogram conv1_layer.2.weight: 	 tensor([   0.,    0.,    0.,    0.,    0., 8192.,    0.,    0.,    0.,    0.],
       device='cuda:0')
Mask histogram conv2_layer.2.weight: 	 tensor([1216.,  640.,  448.,  704., 1088.,    0.,    0.,    0.,    0.,    0.],
       device='cuda:0')
Mask histogram fc1_layer.0.weight: 	 tensor([ 70., 199.,  51.,  73.,  95.,  24.,   0.,   0.,   0.,   0.],
       device='cuda:0')
Task: 4,	 Epoch: 0/80,	 Avg.loss: 0.0010,	 Accuracy: 658/1000(66%)
Task: 4,	 Epoch: 1/80,	 Avg.loss: 0.0009,	 Accuracy: 691/1000(69%)
Task: 4,	 Epoch: 2/80,	 Avg.loss: 0.0010,	 Accuracy: 657/1000(66%)
Task: 4,	 Epoch: 3/80,	 Avg.loss: 0.0009,	 Accuracy: 738/1000(74%)
Task: 4,	 Epoch: 4/80,	 Avg.loss: 0.0009,	 Accuracy: 706/1000(71%)
Task: 4,	 Epoch: 5/80,	 Avg.loss: 0.0008,	 Accuracy: 724/1000(72%)
Task: 4,	 Epoch: 6/80,	 Avg.loss: 0.0009,	 Accuracy: 719/1000(72%)
Task: 4,	 Epoch: 7/80,	 Avg.loss: 0.0009,	 Accuracy: 723/1000(72%)
Task: 4,	 Epoch: 8/80,	 Avg.loss: 0.0008,	 Accuracy: 749/1000(75%)
Task: 4,	 Epoch: 9/80,	 Avg.loss: 0.0009,	 Accuracy: 717/1000(72%)
Task: 4,	 Epoch: 10/80,	 Avg.loss: 0.0009,	 Accuracy: 733/1000(73%)
Task: 4,	 Epoch: 11/80,	 Avg.loss: 0.0009,	 Accuracy: 704/1000(70%)
Task: 4,	 Epoch: 12/80,	 Avg.loss: 0.0008,	 Accuracy: 736/1000(74%)
Task: 4,	 Epoch: 13/80,	 Avg.loss: 0.0009,	 Accuracy: 729/1000(73%)
Task: 4,	 Epoch: 14/80,	 Avg.loss: 0.0008,	 Accuracy: 739/1000(74%)
Task: 4,	 Epoch: 15/80,	 Avg.loss: 0.0008,	 Accuracy: 752/1000(75%)
Task: 4,	 Epoch: 16/80,	 Avg.loss: 0.0008,	 Accuracy: 744/1000(74%)
Task: 4,	 Epoch: 17/80,	 Avg.loss: 0.0008,	 Accuracy: 740/1000(74%)
Task: 4,	 Epoch: 18/80,	 Avg.loss: 0.0008,	 Accuracy: 739/1000(74%)
Task: 4,	 Epoch: 19/80,	 Avg.loss: 0.0008,	 Accuracy: 733/1000(73%)
Task: 4,	 Epoch: 20/80,	 Avg.loss: 0.0009,	 Accuracy: 728/1000(73%)
Task: 4,	 Epoch: 21/80,	 Avg.loss: 0.0008,	 Accuracy: 750/1000(75%)
Task: 4,	 Epoch: 22/80,	 Avg.loss: 0.0008,	 Accuracy: 756/1000(76%)
Task: 4,	 Epoch: 23/80,	 Avg.loss: 0.0008,	 Accuracy: 764/1000(76%)
Task: 4,	 Epoch: 24/80,	 Avg.loss: 0.0008,	 Accuracy: 746/1000(75%)
Task: 4,	 Epoch: 25/80,	 Avg.loss: 0.0008,	 Accuracy: 750/1000(75%)
Task: 4,	 Epoch: 26/80,	 Avg.loss: 0.0007,	 Accuracy: 754/1000(75%)
Task: 4,	 Epoch: 27/80,	 Avg.loss: 0.0008,	 Accuracy: 753/1000(75%)
Task: 4,	 Epoch: 28/80,	 Avg.loss: 0.0008,	 Accuracy: 730/1000(73%)
Task: 4,	 Epoch: 29/80,	 Avg.loss: 0.0008,	 Accuracy: 753/1000(75%)
Task: 4,	 Epoch: 30/80,	 Avg.loss: 0.0008,	 Accuracy: 751/1000(75%)
Task: 4,	 Epoch: 31/80,	 Avg.loss: 0.0009,	 Accuracy: 716/1000(72%)
Task: 4,	 Epoch: 32/80,	 Avg.loss: 0.0008,	 Accuracy: 750/1000(75%)
Task: 4,	 Epoch: 33/80,	 Avg.loss: 0.0007,	 Accuracy: 752/1000(75%)
Task: 4,	 Epoch: 34/80,	 Avg.loss: 0.0008,	 Accuracy: 755/1000(76%)
Task: 4,	 Epoch: 35/80,	 Avg.loss: 0.0010,	 Accuracy: 702/1000(70%)
Task: 4,	 Epoch: 36/80,	 Avg.loss: 0.0008,	 Accuracy: 740/1000(74%)
Task: 4,	 Epoch: 37/80,	 Avg.loss: 0.0008,	 Accuracy: 750/1000(75%)
Task: 4,	 Epoch: 38/80,	 Avg.loss: 0.0008,	 Accuracy: 752/1000(75%)
Task: 4,	 Epoch: 39/80,	 Avg.loss: 0.0009,	 Accuracy: 721/1000(72%)
Task: 4,	 Epoch: 40/80,	 Avg.loss: 0.0008,	 Accuracy: 761/1000(76%)
Task: 4,	 Epoch: 41/80,	 Avg.loss: 0.0008,	 Accuracy: 738/1000(74%)
Task: 4,	 Epoch: 42/80,	 Avg.loss: 0.0008,	 Accuracy: 747/1000(75%)
Task: 4,	 Epoch: 43/80,	 Avg.loss: 0.0008,	 Accuracy: 768/1000(77%)
Task: 4,	 Epoch: 44/80,	 Avg.loss: 0.0008,	 Accuracy: 746/1000(75%)
Task: 4,	 Epoch: 45/80,	 Avg.loss: 0.0008,	 Accuracy: 740/1000(74%)
Task: 4,	 Epoch: 46/80,	 Avg.loss: 0.0008,	 Accuracy: 753/1000(75%)
Task: 4,	 Epoch: 47/80,	 Avg.loss: 0.0007,	 Accuracy: 764/1000(76%)
Task: 4,	 Epoch: 48/80,	 Avg.loss: 0.0008,	 Accuracy: 748/1000(75%)
Task: 4,	 Epoch: 49/80,	 Avg.loss: 0.0007,	 Accuracy: 759/1000(76%)
Task: 4,	 Epoch: 50/80,	 Avg.loss: 0.0007,	 Accuracy: 766/1000(77%)
Task: 4,	 Epoch: 51/80,	 Avg.loss: 0.0007,	 Accuracy: 774/1000(77%)
Task: 4,	 Epoch: 52/80,	 Avg.loss: 0.0007,	 Accuracy: 769/1000(77%)
Task: 4,	 Epoch: 53/80,	 Avg.loss: 0.0007,	 Accuracy: 762/1000(76%)
Task: 4,	 Epoch: 54/80,	 Avg.loss: 0.0007,	 Accuracy: 770/1000(77%)
Task: 4,	 Epoch: 55/80,	 Avg.loss: 0.0007,	 Accuracy: 771/1000(77%)
Task: 4,	 Epoch: 56/80,	 Avg.loss: 0.0007,	 Accuracy: 766/1000(77%)
Task: 4,	 Epoch: 57/80,	 Avg.loss: 0.0007,	 Accuracy: 774/1000(77%)
Task: 4,	 Epoch: 58/80,	 Avg.loss: 0.0007,	 Accuracy: 776/1000(78%)
Task: 4,	 Epoch: 59/80,	 Avg.loss: 0.0007,	 Accuracy: 771/1000(77%)
Task: 4,	 Epoch: 60/80,	 Avg.loss: 0.0007,	 Accuracy: 767/1000(77%)
Task: 4,	 Epoch: 61/80,	 Avg.loss: 0.0007,	 Accuracy: 774/1000(77%)
Task: 4,	 Epoch: 62/80,	 Avg.loss: 0.0007,	 Accuracy: 766/1000(77%)
Task: 4,	 Epoch: 63/80,	 Avg.loss: 0.0007,	 Accuracy: 769/1000(77%)
Task: 4,	 Epoch: 64/80,	 Avg.loss: 0.0007,	 Accuracy: 770/1000(77%)
Task: 4,	 Epoch: 65/80,	 Avg.loss: 0.0007,	 Accuracy: 776/1000(78%)
Task: 4,	 Epoch: 66/80,	 Avg.loss: 0.0007,	 Accuracy: 766/1000(77%)
Task: 4,	 Epoch: 67/80,	 Avg.loss: 0.0007,	 Accuracy: 768/1000(77%)
Task: 4,	 Epoch: 68/80,	 Avg.loss: 0.0007,	 Accuracy: 771/1000(77%)
Task: 4,	 Epoch: 69/80,	 Avg.loss: 0.0007,	 Accuracy: 770/1000(77%)
Task: 4,	 Epoch: 70/80,	 Avg.loss: 0.0007,	 Accuracy: 770/1000(77%)
Task: 4,	 Epoch: 71/80,	 Avg.loss: 0.0007,	 Accuracy: 765/1000(76%)
Task: 4,	 Epoch: 72/80,	 Avg.loss: 0.0007,	 Accuracy: 771/1000(77%)
Task: 4,	 Epoch: 73/80,	 Avg.loss: 0.0007,	 Accuracy: 772/1000(77%)
Task: 4,	 Epoch: 74/80,	 Avg.loss: 0.0007,	 Accuracy: 780/1000(78%)
Task: 4,	 Epoch: 75/80,	 Avg.loss: 0.0007,	 Accuracy: 778/1000(78%)
Task: 4,	 Epoch: 76/80,	 Avg.loss: 0.0007,	 Accuracy: 776/1000(78%)
Task: 4,	 Epoch: 77/80,	 Avg.loss: 0.0007,	 Accuracy: 769/1000(77%)
Task: 4,	 Epoch: 78/80,	 Avg.loss: 0.0007,	 Accuracy: 770/1000(77%)
Task: 4,	 Epoch: 79/80,	 Avg.loss: 0.0007,	 Accuracy: 775/1000(78%)
Task: 0,	 Epoch: -1/80,	 Avg.loss: 0.0008,	 Accuracy: 847/1000(85%)
Trained Task:4, Loaded task:0, Accuracy:84.7%
Task: 1,	 Epoch: -1/80,	 Avg.loss: 0.0008,	 Accuracy: 798/1000(80%)
Trained Task:4, Loaded task:1, Accuracy:79.8%
Task: 2,	 Epoch: -1/80,	 Avg.loss: 0.0008,	 Accuracy: 778/1000(78%)
Trained Task:4, Loaded task:2, Accuracy:77.8%
Task: 3,	 Epoch: -1/80,	 Avg.loss: 0.0009,	 Accuracy: 743/1000(74%)
Trained Task:4, Loaded task:3, Accuracy:74.3%
Task: 4,	 Epoch: -1/80,	 Avg.loss: 0.0007,	 Accuracy: 775/1000(78%)
Trained Task:4, Loaded task:4, Accuracy:77.5%
Trained Task:4, Avg. Accuracy: 78.8 

List of avg. accuracy: [85.3, 82.7, 80.3, 78.8, 78.8]
Layer        : conv1_layer.2.weight
Sum Omega    : 775.6441650390625
F.histogram  : tensor([6.5020e+03, 1.7080e+03, 6.2500e+02, 2.3000e+02, 1.0900e+02, 1.8000e+01,
        1.5000e+01, 4.0000e+00, 3.0000e+00, 2.0000e+00], device='cuda:0')
F.num_zeros  : 288/9216
W.num_zeros  : 0/9216
O.num_zeros  : 288/9216
Layer        : conv2_layer.2.weight
Sum Omega    : 1946.94580078125
F.histogram  : tensor([3.1443e+04, 3.5370e+03, 1.0970e+03, 4.2200e+02, 1.9100e+02, 1.0800e+02,
        3.8000e+01, 1.4000e+01, 1.0000e+01, 4.0000e+00], device='cuda:0')
F.num_zeros  : 9169/36864
W.num_zeros  : 0/36864
O.num_zeros  : 10944/36864
Layer        : fc1_layer.0.weight
Sum Omega    : 12359.072265625
F.histogram  : tensor([2.0229e+06, 5.6150e+04, 1.2885e+04, 3.6760e+03, 1.0790e+03, 3.4800e+02,
        9.4000e+01, 3.5000e+01, 2.3000e+01, 1.0000e+00], device='cuda:0')
F.num_zeros  : 1263427/2097152
W.num_zeros  : 0/2097152
O.num_zeros  : 1388969/2097152
Mask histogram conv1_layer.2.weight: 	 tensor([   0.,    0.,    0.,    0.,    0.,    0., 8192.,    0.,    0.,    0.],
       device='cuda:0')
Mask histogram conv2_layer.2.weight: 	 tensor([1024.,  640.,  448.,  640.,  576.,  768.,    0.,    0.,    0.,    0.],
       device='cuda:0')
Mask histogram fc1_layer.0.weight: 	 tensor([ 70., 194.,  34.,  36.,  60.,  94.,  24.,   0.,   0.,   0.],
       device='cuda:0')
Task: 5,	 Epoch: 0/80,	 Avg.loss: 0.0011,	 Accuracy: 615/1000(62%)
Task: 5,	 Epoch: 1/80,	 Avg.loss: 0.0010,	 Accuracy: 666/1000(67%)
Task: 5,	 Epoch: 2/80,	 Avg.loss: 0.0010,	 Accuracy: 663/1000(66%)
Task: 5,	 Epoch: 3/80,	 Avg.loss: 0.0010,	 Accuracy: 671/1000(67%)
Task: 5,	 Epoch: 4/80,	 Avg.loss: 0.0008,	 Accuracy: 720/1000(72%)
Task: 5,	 Epoch: 5/80,	 Avg.loss: 0.0008,	 Accuracy: 728/1000(73%)
Task: 5,	 Epoch: 6/80,	 Avg.loss: 0.0009,	 Accuracy: 692/1000(69%)
Task: 5,	 Epoch: 7/80,	 Avg.loss: 0.0009,	 Accuracy: 706/1000(71%)
Task: 5,	 Epoch: 8/80,	 Avg.loss: 0.0008,	 Accuracy: 721/1000(72%)
Task: 5,	 Epoch: 9/80,	 Avg.loss: 0.0008,	 Accuracy: 721/1000(72%)
Task: 5,	 Epoch: 10/80,	 Avg.loss: 0.0008,	 Accuracy: 743/1000(74%)
Task: 5,	 Epoch: 11/80,	 Avg.loss: 0.0008,	 Accuracy: 722/1000(72%)
Task: 5,	 Epoch: 12/80,	 Avg.loss: 0.0008,	 Accuracy: 717/1000(72%)
Task: 5,	 Epoch: 13/80,	 Avg.loss: 0.0008,	 Accuracy: 710/1000(71%)
Task: 5,	 Epoch: 14/80,	 Avg.loss: 0.0008,	 Accuracy: 729/1000(73%)
Task: 5,	 Epoch: 15/80,	 Avg.loss: 0.0008,	 Accuracy: 743/1000(74%)
Task: 5,	 Epoch: 16/80,	 Avg.loss: 0.0008,	 Accuracy: 715/1000(72%)
Task: 5,	 Epoch: 17/80,	 Avg.loss: 0.0008,	 Accuracy: 714/1000(71%)
Task: 5,	 Epoch: 18/80,	 Avg.loss: 0.0008,	 Accuracy: 714/1000(71%)
Task: 5,	 Epoch: 19/80,	 Avg.loss: 0.0008,	 Accuracy: 747/1000(75%)
Task: 5,	 Epoch: 20/80,	 Avg.loss: 0.0008,	 Accuracy: 736/1000(74%)
Task: 5,	 Epoch: 21/80,	 Avg.loss: 0.0008,	 Accuracy: 739/1000(74%)
Task: 5,	 Epoch: 22/80,	 Avg.loss: 0.0008,	 Accuracy: 741/1000(74%)
Task: 5,	 Epoch: 23/80,	 Avg.loss: 0.0008,	 Accuracy: 729/1000(73%)
Task: 5,	 Epoch: 24/80,	 Avg.loss: 0.0008,	 Accuracy: 743/1000(74%)
Task: 5,	 Epoch: 25/80,	 Avg.loss: 0.0008,	 Accuracy: 752/1000(75%)
Task: 5,	 Epoch: 26/80,	 Avg.loss: 0.0008,	 Accuracy: 743/1000(74%)
Task: 5,	 Epoch: 27/80,	 Avg.loss: 0.0008,	 Accuracy: 745/1000(74%)
Task: 5,	 Epoch: 28/80,	 Avg.loss: 0.0008,	 Accuracy: 722/1000(72%)
Task: 5,	 Epoch: 29/80,	 Avg.loss: 0.0007,	 Accuracy: 745/1000(74%)
Task: 5,	 Epoch: 30/80,	 Avg.loss: 0.0008,	 Accuracy: 747/1000(75%)
Task: 5,	 Epoch: 31/80,	 Avg.loss: 0.0008,	 Accuracy: 721/1000(72%)
Task: 5,	 Epoch: 32/80,	 Avg.loss: 0.0008,	 Accuracy: 727/1000(73%)
Task: 5,	 Epoch: 33/80,	 Avg.loss: 0.0008,	 Accuracy: 727/1000(73%)
Task: 5,	 Epoch: 34/80,	 Avg.loss: 0.0008,	 Accuracy: 747/1000(75%)
Task: 5,	 Epoch: 35/80,	 Avg.loss: 0.0008,	 Accuracy: 747/1000(75%)
Task: 5,	 Epoch: 36/80,	 Avg.loss: 0.0007,	 Accuracy: 751/1000(75%)
Task: 5,	 Epoch: 37/80,	 Avg.loss: 0.0007,	 Accuracy: 738/1000(74%)
Task: 5,	 Epoch: 38/80,	 Avg.loss: 0.0008,	 Accuracy: 742/1000(74%)
Task: 5,	 Epoch: 39/80,	 Avg.loss: 0.0008,	 Accuracy: 722/1000(72%)
Task: 5,	 Epoch: 40/80,	 Avg.loss: 0.0007,	 Accuracy: 756/1000(76%)
Task: 5,	 Epoch: 41/80,	 Avg.loss: 0.0008,	 Accuracy: 735/1000(74%)
Task: 5,	 Epoch: 42/80,	 Avg.loss: 0.0008,	 Accuracy: 727/1000(73%)
Task: 5,	 Epoch: 43/80,	 Avg.loss: 0.0008,	 Accuracy: 737/1000(74%)
Task: 5,	 Epoch: 44/80,	 Avg.loss: 0.0008,	 Accuracy: 728/1000(73%)
Task: 5,	 Epoch: 45/80,	 Avg.loss: 0.0008,	 Accuracy: 747/1000(75%)
Task: 5,	 Epoch: 46/80,	 Avg.loss: 0.0007,	 Accuracy: 742/1000(74%)
Task: 5,	 Epoch: 47/80,	 Avg.loss: 0.0007,	 Accuracy: 747/1000(75%)
Task: 5,	 Epoch: 48/80,	 Avg.loss: 0.0007,	 Accuracy: 743/1000(74%)
Task: 5,	 Epoch: 49/80,	 Avg.loss: 0.0008,	 Accuracy: 745/1000(74%)
Task: 5,	 Epoch: 50/80,	 Avg.loss: 0.0007,	 Accuracy: 741/1000(74%)
Task: 5,	 Epoch: 51/80,	 Avg.loss: 0.0007,	 Accuracy: 746/1000(75%)
Task: 5,	 Epoch: 52/80,	 Avg.loss: 0.0007,	 Accuracy: 756/1000(76%)
Task: 5,	 Epoch: 53/80,	 Avg.loss: 0.0007,	 Accuracy: 748/1000(75%)
Task: 5,	 Epoch: 54/80,	 Avg.loss: 0.0007,	 Accuracy: 749/1000(75%)
Task: 5,	 Epoch: 55/80,	 Avg.loss: 0.0007,	 Accuracy: 750/1000(75%)
Task: 5,	 Epoch: 56/80,	 Avg.loss: 0.0007,	 Accuracy: 751/1000(75%)
Task: 5,	 Epoch: 57/80,	 Avg.loss: 0.0007,	 Accuracy: 750/1000(75%)
Task: 5,	 Epoch: 58/80,	 Avg.loss: 0.0007,	 Accuracy: 749/1000(75%)
Task: 5,	 Epoch: 59/80,	 Avg.loss: 0.0007,	 Accuracy: 754/1000(75%)
Task: 5,	 Epoch: 60/80,	 Avg.loss: 0.0007,	 Accuracy: 747/1000(75%)
Task: 5,	 Epoch: 61/80,	 Avg.loss: 0.0007,	 Accuracy: 756/1000(76%)
Task: 5,	 Epoch: 62/80,	 Avg.loss: 0.0007,	 Accuracy: 760/1000(76%)
Task: 5,	 Epoch: 63/80,	 Avg.loss: 0.0007,	 Accuracy: 753/1000(75%)
Task: 5,	 Epoch: 64/80,	 Avg.loss: 0.0007,	 Accuracy: 747/1000(75%)
Task: 5,	 Epoch: 65/80,	 Avg.loss: 0.0007,	 Accuracy: 764/1000(76%)
Task: 5,	 Epoch: 66/80,	 Avg.loss: 0.0007,	 Accuracy: 755/1000(76%)
Task: 5,	 Epoch: 67/80,	 Avg.loss: 0.0007,	 Accuracy: 756/1000(76%)
Task: 5,	 Epoch: 68/80,	 Avg.loss: 0.0007,	 Accuracy: 755/1000(76%)
Task: 5,	 Epoch: 69/80,	 Avg.loss: 0.0007,	 Accuracy: 759/1000(76%)
Task: 5,	 Epoch: 70/80,	 Avg.loss: 0.0007,	 Accuracy: 754/1000(75%)
Task: 5,	 Epoch: 71/80,	 Avg.loss: 0.0007,	 Accuracy: 766/1000(77%)
Task: 5,	 Epoch: 72/80,	 Avg.loss: 0.0007,	 Accuracy: 760/1000(76%)
Task: 5,	 Epoch: 73/80,	 Avg.loss: 0.0007,	 Accuracy: 762/1000(76%)
Task: 5,	 Epoch: 74/80,	 Avg.loss: 0.0007,	 Accuracy: 759/1000(76%)
Task: 5,	 Epoch: 75/80,	 Avg.loss: 0.0007,	 Accuracy: 764/1000(76%)
Task: 5,	 Epoch: 76/80,	 Avg.loss: 0.0007,	 Accuracy: 763/1000(76%)
Task: 5,	 Epoch: 77/80,	 Avg.loss: 0.0007,	 Accuracy: 762/1000(76%)
Task: 5,	 Epoch: 78/80,	 Avg.loss: 0.0007,	 Accuracy: 761/1000(76%)
Task: 5,	 Epoch: 79/80,	 Avg.loss: 0.0007,	 Accuracy: 754/1000(75%)
Task: 0,	 Epoch: -1/80,	 Avg.loss: 0.0008,	 Accuracy: 844/1000(84%)
Trained Task:5, Loaded task:0, Accuracy:84.4%
Task: 1,	 Epoch: -1/80,	 Avg.loss: 0.0008,	 Accuracy: 801/1000(80%)
Trained Task:5, Loaded task:1, Accuracy:80.1%
Task: 2,	 Epoch: -1/80,	 Avg.loss: 0.0008,	 Accuracy: 770/1000(77%)
Trained Task:5, Loaded task:2, Accuracy:77.0%
Task: 3,	 Epoch: -1/80,	 Avg.loss: 0.0009,	 Accuracy: 743/1000(74%)
Trained Task:5, Loaded task:3, Accuracy:74.3%
Task: 4,	 Epoch: -1/80,	 Avg.loss: 0.0007,	 Accuracy: 769/1000(77%)
Trained Task:5, Loaded task:4, Accuracy:76.9%
Task: 5,	 Epoch: -1/80,	 Avg.loss: 0.0007,	 Accuracy: 754/1000(75%)
Trained Task:5, Loaded task:5, Accuracy:75.4%
Trained Task:5, Avg. Accuracy: 78.0 

List of avg. accuracy: [85.3, 82.7, 80.3, 78.8, 78.8, 78.0]
Layer        : conv1_layer.2.weight
Sum Omega    : 813.185791015625
F.histogram  : tensor([6.3180e+03, 1.8540e+03, 5.7800e+02, 2.1700e+02, 1.0300e+02, 6.4000e+01,
        4.5000e+01, 2.2000e+01, 9.0000e+00, 6.0000e+00], device='cuda:0')
F.num_zeros  : 288/9216
W.num_zeros  : 0/9216
O.num_zeros  : 288/9216
Layer        : conv2_layer.2.weight
Sum Omega    : 2168.978759765625
F.histogram  : tensor([3.2036e+04, 2.9720e+03, 1.0120e+03, 4.6600e+02, 2.0900e+02, 1.0300e+02,
        4.6000e+01, 1.1000e+01, 5.0000e+00, 4.0000e+00], device='cuda:0')
F.num_zeros  : 10128/36864
W.num_zeros  : 0/36864
O.num_zeros  : 10368/36864
Layer        : fc1_layer.0.weight
Sum Omega    : 13956.17578125
F.histogram  : tensor([2.0487e+06, 3.8330e+04, 7.3370e+03, 1.8090e+03, 6.0200e+02, 2.2200e+02,
        7.9000e+01, 1.7000e+01, 1.2000e+01, 1.1000e+01], device='cuda:0')
F.num_zeros  : 1264043/2097152
W.num_zeros  : 0/2097152
O.num_zeros  : 1364520/2097152
Mask histogram conv1_layer.2.weight: 	 tensor([   0.,    0.,    0.,    0.,    0.,    0.,    0., 8192.,    0.,    0.],
       device='cuda:0')
Mask histogram conv2_layer.2.weight: 	 tensor([ 256., 1216.,  576.,  576.,  640.,  448.,  384.,    0.,    0.,    0.],
       device='cuda:0')
Mask histogram fc1_layer.0.weight: 	 tensor([ 70., 175.,  37.,  31.,  37.,  57.,  82.,  23.,   0.,   0.],
       device='cuda:0')
Task: 6,	 Epoch: 0/80,	 Avg.loss: 0.0012,	 Accuracy: 584/1000(58%)
Task: 6,	 Epoch: 1/80,	 Avg.loss: 0.0011,	 Accuracy: 621/1000(62%)
Task: 6,	 Epoch: 2/80,	 Avg.loss: 0.0009,	 Accuracy: 671/1000(67%)
Task: 6,	 Epoch: 3/80,	 Avg.loss: 0.0009,	 Accuracy: 675/1000(68%)
Task: 6,	 Epoch: 4/80,	 Avg.loss: 0.0009,	 Accuracy: 689/1000(69%)
Task: 6,	 Epoch: 5/80,	 Avg.loss: 0.0008,	 Accuracy: 703/1000(70%)
Task: 6,	 Epoch: 6/80,	 Avg.loss: 0.0009,	 Accuracy: 696/1000(70%)
Task: 6,	 Epoch: 7/80,	 Avg.loss: 0.0008,	 Accuracy: 716/1000(72%)
Task: 6,	 Epoch: 8/80,	 Avg.loss: 0.0008,	 Accuracy: 717/1000(72%)
Task: 6,	 Epoch: 9/80,	 Avg.loss: 0.0008,	 Accuracy: 716/1000(72%)
Task: 6,	 Epoch: 10/80,	 Avg.loss: 0.0009,	 Accuracy: 704/1000(70%)
Task: 6,	 Epoch: 11/80,	 Avg.loss: 0.0008,	 Accuracy: 704/1000(70%)
Task: 6,	 Epoch: 12/80,	 Avg.loss: 0.0008,	 Accuracy: 713/1000(71%)
Task: 6,	 Epoch: 13/80,	 Avg.loss: 0.0008,	 Accuracy: 718/1000(72%)
Task: 6,	 Epoch: 14/80,	 Avg.loss: 0.0008,	 Accuracy: 720/1000(72%)
Task: 6,	 Epoch: 15/80,	 Avg.loss: 0.0009,	 Accuracy: 702/1000(70%)
Task: 6,	 Epoch: 16/80,	 Avg.loss: 0.0008,	 Accuracy: 727/1000(73%)
Task: 6,	 Epoch: 17/80,	 Avg.loss: 0.0008,	 Accuracy: 717/1000(72%)
Task: 6,	 Epoch: 18/80,	 Avg.loss: 0.0008,	 Accuracy: 736/1000(74%)
Task: 6,	 Epoch: 19/80,	 Avg.loss: 0.0008,	 Accuracy: 724/1000(72%)
Task: 6,	 Epoch: 20/80,	 Avg.loss: 0.0008,	 Accuracy: 720/1000(72%)
Task: 6,	 Epoch: 21/80,	 Avg.loss: 0.0008,	 Accuracy: 713/1000(71%)
Task: 6,	 Epoch: 22/80,	 Avg.loss: 0.0008,	 Accuracy: 721/1000(72%)
Task: 6,	 Epoch: 23/80,	 Avg.loss: 0.0008,	 Accuracy: 719/1000(72%)
Task: 6,	 Epoch: 24/80,	 Avg.loss: 0.0008,	 Accuracy: 714/1000(71%)
Task: 6,	 Epoch: 25/80,	 Avg.loss: 0.0008,	 Accuracy: 722/1000(72%)
Task: 6,	 Epoch: 26/80,	 Avg.loss: 0.0008,	 Accuracy: 715/1000(72%)
Task: 6,	 Epoch: 27/80,	 Avg.loss: 0.0008,	 Accuracy: 721/1000(72%)
Task: 6,	 Epoch: 28/80,	 Avg.loss: 0.0008,	 Accuracy: 709/1000(71%)
Task: 6,	 Epoch: 29/80,	 Avg.loss: 0.0008,	 Accuracy: 715/1000(72%)
Task: 6,	 Epoch: 30/80,	 Avg.loss: 0.0008,	 Accuracy: 720/1000(72%)
Task: 6,	 Epoch: 31/80,	 Avg.loss: 0.0008,	 Accuracy: 725/1000(72%)
Task: 6,	 Epoch: 32/80,	 Avg.loss: 0.0008,	 Accuracy: 710/1000(71%)
Task: 6,	 Epoch: 33/80,	 Avg.loss: 0.0008,	 Accuracy: 727/1000(73%)
Task: 6,	 Epoch: 34/80,	 Avg.loss: 0.0008,	 Accuracy: 723/1000(72%)
Task: 6,	 Epoch: 35/80,	 Avg.loss: 0.0008,	 Accuracy: 722/1000(72%)
Task: 6,	 Epoch: 36/80,	 Avg.loss: 0.0008,	 Accuracy: 715/1000(72%)
Task: 6,	 Epoch: 37/80,	 Avg.loss: 0.0008,	 Accuracy: 717/1000(72%)
Task: 6,	 Epoch: 38/80,	 Avg.loss: 0.0008,	 Accuracy: 714/1000(71%)
Task: 6,	 Epoch: 39/80,	 Avg.loss: 0.0008,	 Accuracy: 708/1000(71%)
Task: 6,	 Epoch: 40/80,	 Avg.loss: 0.0008,	 Accuracy: 718/1000(72%)
Task: 6,	 Epoch: 41/80,	 Avg.loss: 0.0008,	 Accuracy: 725/1000(72%)
Task: 6,	 Epoch: 42/80,	 Avg.loss: 0.0008,	 Accuracy: 726/1000(73%)
Task: 6,	 Epoch: 43/80,	 Avg.loss: 0.0008,	 Accuracy: 716/1000(72%)
Task: 6,	 Epoch: 44/80,	 Avg.loss: 0.0008,	 Accuracy: 718/1000(72%)
Task: 6,	 Epoch: 45/80,	 Avg.loss: 0.0008,	 Accuracy: 722/1000(72%)
Task: 6,	 Epoch: 46/80,	 Avg.loss: 0.0008,	 Accuracy: 723/1000(72%)
Task: 6,	 Epoch: 47/80,	 Avg.loss: 0.0008,	 Accuracy: 712/1000(71%)
Task: 6,	 Epoch: 48/80,	 Avg.loss: 0.0008,	 Accuracy: 715/1000(72%)
Task: 6,	 Epoch: 49/80,	 Avg.loss: 0.0008,	 Accuracy: 721/1000(72%)
Task: 6,	 Epoch: 50/80,	 Avg.loss: 0.0008,	 Accuracy: 719/1000(72%)
Task: 6,	 Epoch: 51/80,	 Avg.loss: 0.0008,	 Accuracy: 727/1000(73%)
Task: 6,	 Epoch: 52/80,	 Avg.loss: 0.0008,	 Accuracy: 726/1000(73%)
Task: 6,	 Epoch: 53/80,	 Avg.loss: 0.0008,	 Accuracy: 728/1000(73%)
Task: 6,	 Epoch: 54/80,	 Avg.loss: 0.0008,	 Accuracy: 726/1000(73%)
Task: 6,	 Epoch: 55/80,	 Avg.loss: 0.0008,	 Accuracy: 727/1000(73%)
Task: 6,	 Epoch: 56/80,	 Avg.loss: 0.0008,	 Accuracy: 725/1000(72%)
Task: 6,	 Epoch: 57/80,	 Avg.loss: 0.0008,	 Accuracy: 733/1000(73%)
Task: 6,	 Epoch: 58/80,	 Avg.loss: 0.0008,	 Accuracy: 723/1000(72%)
Task: 6,	 Epoch: 59/80,	 Avg.loss: 0.0008,	 Accuracy: 722/1000(72%)
Task: 6,	 Epoch: 60/80,	 Avg.loss: 0.0008,	 Accuracy: 727/1000(73%)
Task: 6,	 Epoch: 61/80,	 Avg.loss: 0.0008,	 Accuracy: 731/1000(73%)
Task: 6,	 Epoch: 62/80,	 Avg.loss: 0.0008,	 Accuracy: 725/1000(72%)
Task: 6,	 Epoch: 63/80,	 Avg.loss: 0.0008,	 Accuracy: 729/1000(73%)
Task: 6,	 Epoch: 64/80,	 Avg.loss: 0.0008,	 Accuracy: 730/1000(73%)
Task: 6,	 Epoch: 65/80,	 Avg.loss: 0.0008,	 Accuracy: 730/1000(73%)
Task: 6,	 Epoch: 66/80,	 Avg.loss: 0.0008,	 Accuracy: 729/1000(73%)
Task: 6,	 Epoch: 67/80,	 Avg.loss: 0.0008,	 Accuracy: 723/1000(72%)
Task: 6,	 Epoch: 68/80,	 Avg.loss: 0.0008,	 Accuracy: 729/1000(73%)
Task: 6,	 Epoch: 69/80,	 Avg.loss: 0.0008,	 Accuracy: 728/1000(73%)
Task: 6,	 Epoch: 70/80,	 Avg.loss: 0.0008,	 Accuracy: 731/1000(73%)
Task: 6,	 Epoch: 71/80,	 Avg.loss: 0.0008,	 Accuracy: 726/1000(73%)
Task: 6,	 Epoch: 72/80,	 Avg.loss: 0.0008,	 Accuracy: 727/1000(73%)
Task: 6,	 Epoch: 73/80,	 Avg.loss: 0.0008,	 Accuracy: 732/1000(73%)
Task: 6,	 Epoch: 74/80,	 Avg.loss: 0.0008,	 Accuracy: 725/1000(72%)
Task: 6,	 Epoch: 75/80,	 Avg.loss: 0.0008,	 Accuracy: 731/1000(73%)
Task: 6,	 Epoch: 76/80,	 Avg.loss: 0.0008,	 Accuracy: 729/1000(73%)
Task: 6,	 Epoch: 77/80,	 Avg.loss: 0.0008,	 Accuracy: 730/1000(73%)
Task: 6,	 Epoch: 78/80,	 Avg.loss: 0.0008,	 Accuracy: 733/1000(73%)
Task: 6,	 Epoch: 79/80,	 Avg.loss: 0.0008,	 Accuracy: 725/1000(72%)
Task: 0,	 Epoch: -1/80,	 Avg.loss: 0.0008,	 Accuracy: 843/1000(84%)
Trained Task:6, Loaded task:0, Accuracy:84.3%
Task: 1,	 Epoch: -1/80,	 Avg.loss: 0.0008,	 Accuracy: 804/1000(80%)
Trained Task:6, Loaded task:1, Accuracy:80.4%
Task: 2,	 Epoch: -1/80,	 Avg.loss: 0.0008,	 Accuracy: 771/1000(77%)
Trained Task:6, Loaded task:2, Accuracy:77.1%
Task: 3,	 Epoch: -1/80,	 Avg.loss: 0.0009,	 Accuracy: 743/1000(74%)
Trained Task:6, Loaded task:3, Accuracy:74.3%
Task: 4,	 Epoch: -1/80,	 Avg.loss: 0.0007,	 Accuracy: 772/1000(77%)
Trained Task:6, Loaded task:4, Accuracy:77.2%
Task: 5,	 Epoch: -1/80,	 Avg.loss: 0.0007,	 Accuracy: 751/1000(75%)
Trained Task:6, Loaded task:5, Accuracy:75.1%
Task: 6,	 Epoch: -1/80,	 Avg.loss: 0.0008,	 Accuracy: 725/1000(72%)
Trained Task:6, Loaded task:6, Accuracy:72.5%
Trained Task:6, Avg. Accuracy: 77.3 

List of avg. accuracy: [85.3, 82.7, 80.3, 78.8, 78.8, 78.0, 77.3]
Layer        : conv1_layer.2.weight
Sum Omega    : 834.2425537109375
F.histogram  : tensor([6.9300e+03, 1.5750e+03, 4.0100e+02, 1.4500e+02, 7.4000e+01, 5.9000e+01,
        2.0000e+01, 6.0000e+00, 3.0000e+00, 3.0000e+00], device='cuda:0')
F.num_zeros  : 288/9216
W.num_zeros  : 0/9216
O.num_zeros  : 288/9216
Layer        : conv2_layer.2.weight
Sum Omega    : 2348.416015625
F.histogram  : tensor([3.1951e+04, 3.1060e+03, 1.0290e+03, 3.8800e+02, 1.9300e+02, 1.0300e+02,
        4.5000e+01, 2.5000e+01, 1.4000e+01, 1.0000e+01], device='cuda:0')
F.num_zeros  : 9721/36864
W.num_zeros  : 0/36864
O.num_zeros  : 9792/36864
Layer        : fc1_layer.0.weight
Sum Omega    : 15153.3984375
F.histogram  : tensor([2.0690e+06, 2.3119e+04, 3.6080e+03, 9.6000e+02, 3.1100e+02, 1.1000e+02,
        3.6000e+01, 9.0000e+00, 4.0000e+00, 1.0000e+00], device='cuda:0')
F.num_zeros  : 1236678/2097152
W.num_zeros  : 0/2097152
O.num_zeros  : 1340520/2097152
Mask histogram conv1_layer.2.weight: 	 tensor([   0.,    0.,    0.,    0.,    0.,    0.,    0.,    0., 8192.,    0.],
       device='cuda:0')
Mask histogram conv2_layer.2.weight: 	 tensor([ 192.,  576., 1216.,  448.,  640.,  448.,  384.,  192.,    0.,    0.],
       device='cuda:0')
Mask histogram fc1_layer.0.weight: 	 tensor([ 70., 131.,  64.,  32.,  39.,  39.,  55.,  60.,  22.,   0.],
       device='cuda:0')
Task: 7,	 Epoch: 0/80,	 Avg.loss: 0.0013,	 Accuracy: 554/1000(55%)
Task: 7,	 Epoch: 1/80,	 Avg.loss: 0.0011,	 Accuracy: 612/1000(61%)
Task: 7,	 Epoch: 2/80,	 Avg.loss: 0.0011,	 Accuracy: 615/1000(62%)
Task: 7,	 Epoch: 3/80,	 Avg.loss: 0.0011,	 Accuracy: 626/1000(63%)
Task: 7,	 Epoch: 4/80,	 Avg.loss: 0.0010,	 Accuracy: 642/1000(64%)
Task: 7,	 Epoch: 5/80,	 Avg.loss: 0.0011,	 Accuracy: 647/1000(65%)
Task: 7,	 Epoch: 6/80,	 Avg.loss: 0.0010,	 Accuracy: 649/1000(65%)
Task: 7,	 Epoch: 7/80,	 Avg.loss: 0.0010,	 Accuracy: 654/1000(65%)
Task: 7,	 Epoch: 8/80,	 Avg.loss: 0.0010,	 Accuracy: 638/1000(64%)
Task: 7,	 Epoch: 9/80,	 Avg.loss: 0.0010,	 Accuracy: 644/1000(64%)
Task: 7,	 Epoch: 10/80,	 Avg.loss: 0.0010,	 Accuracy: 643/1000(64%)
Task: 7,	 Epoch: 11/80,	 Avg.loss: 0.0010,	 Accuracy: 655/1000(66%)
Task: 7,	 Epoch: 12/80,	 Avg.loss: 0.0010,	 Accuracy: 659/1000(66%)
Task: 7,	 Epoch: 13/80,	 Avg.loss: 0.0010,	 Accuracy: 644/1000(64%)
Task: 7,	 Epoch: 14/80,	 Avg.loss: 0.0010,	 Accuracy: 647/1000(65%)
Task: 7,	 Epoch: 15/80,	 Avg.loss: 0.0010,	 Accuracy: 659/1000(66%)
Task: 7,	 Epoch: 16/80,	 Avg.loss: 0.0010,	 Accuracy: 657/1000(66%)
Task: 7,	 Epoch: 17/80,	 Avg.loss: 0.0010,	 Accuracy: 651/1000(65%)
Task: 7,	 Epoch: 18/80,	 Avg.loss: 0.0010,	 Accuracy: 665/1000(66%)
Task: 7,	 Epoch: 19/80,	 Avg.loss: 0.0010,	 Accuracy: 668/1000(67%)
Task: 7,	 Epoch: 20/80,	 Avg.loss: 0.0009,	 Accuracy: 673/1000(67%)
Task: 7,	 Epoch: 21/80,	 Avg.loss: 0.0010,	 Accuracy: 648/1000(65%)
Task: 7,	 Epoch: 22/80,	 Avg.loss: 0.0010,	 Accuracy: 666/1000(67%)
Task: 7,	 Epoch: 23/80,	 Avg.loss: 0.0009,	 Accuracy: 675/1000(68%)
Task: 7,	 Epoch: 24/80,	 Avg.loss: 0.0009,	 Accuracy: 689/1000(69%)
Task: 7,	 Epoch: 25/80,	 Avg.loss: 0.0009,	 Accuracy: 691/1000(69%)
Task: 7,	 Epoch: 26/80,	 Avg.loss: 0.0009,	 Accuracy: 689/1000(69%)
Task: 7,	 Epoch: 27/80,	 Avg.loss: 0.0010,	 Accuracy: 676/1000(68%)
Task: 7,	 Epoch: 28/80,	 Avg.loss: 0.0010,	 Accuracy: 669/1000(67%)
Task: 7,	 Epoch: 29/80,	 Avg.loss: 0.0009,	 Accuracy: 685/1000(68%)
Task: 7,	 Epoch: 30/80,	 Avg.loss: 0.0009,	 Accuracy: 674/1000(67%)
Task: 7,	 Epoch: 31/80,	 Avg.loss: 0.0010,	 Accuracy: 676/1000(68%)
Task: 7,	 Epoch: 32/80,	 Avg.loss: 0.0010,	 Accuracy: 681/1000(68%)
Task: 7,	 Epoch: 33/80,	 Avg.loss: 0.0010,	 Accuracy: 696/1000(70%)
Task: 7,	 Epoch: 34/80,	 Avg.loss: 0.0010,	 Accuracy: 676/1000(68%)
Task: 7,	 Epoch: 35/80,	 Avg.loss: 0.0010,	 Accuracy: 673/1000(67%)
Task: 7,	 Epoch: 36/80,	 Avg.loss: 0.0010,	 Accuracy: 666/1000(67%)
Task: 7,	 Epoch: 37/80,	 Avg.loss: 0.0009,	 Accuracy: 674/1000(67%)
Task: 7,	 Epoch: 38/80,	 Avg.loss: 0.0009,	 Accuracy: 687/1000(69%)
Task: 7,	 Epoch: 39/80,	 Avg.loss: 0.0009,	 Accuracy: 677/1000(68%)
Task: 7,	 Epoch: 40/80,	 Avg.loss: 0.0009,	 Accuracy: 685/1000(68%)
Task: 7,	 Epoch: 41/80,	 Avg.loss: 0.0009,	 Accuracy: 676/1000(68%)
Task: 7,	 Epoch: 42/80,	 Avg.loss: 0.0010,	 Accuracy: 659/1000(66%)
Task: 7,	 Epoch: 43/80,	 Avg.loss: 0.0010,	 Accuracy: 679/1000(68%)
Task: 7,	 Epoch: 44/80,	 Avg.loss: 0.0009,	 Accuracy: 675/1000(68%)
Task: 7,	 Epoch: 45/80,	 Avg.loss: 0.0009,	 Accuracy: 696/1000(70%)
Task: 7,	 Epoch: 46/80,	 Avg.loss: 0.0010,	 Accuracy: 672/1000(67%)
Task: 7,	 Epoch: 47/80,	 Avg.loss: 0.0010,	 Accuracy: 686/1000(69%)
Task: 7,	 Epoch: 48/80,	 Avg.loss: 0.0010,	 Accuracy: 665/1000(66%)
Task: 7,	 Epoch: 49/80,	 Avg.loss: 0.0009,	 Accuracy: 679/1000(68%)
Task: 7,	 Epoch: 50/80,	 Avg.loss: 0.0009,	 Accuracy: 697/1000(70%)
Task: 7,	 Epoch: 51/80,	 Avg.loss: 0.0009,	 Accuracy: 696/1000(70%)
Task: 7,	 Epoch: 52/80,	 Avg.loss: 0.0009,	 Accuracy: 697/1000(70%)
Task: 7,	 Epoch: 53/80,	 Avg.loss: 0.0009,	 Accuracy: 689/1000(69%)
Task: 7,	 Epoch: 54/80,	 Avg.loss: 0.0009,	 Accuracy: 694/1000(69%)
Task: 7,	 Epoch: 55/80,	 Avg.loss: 0.0009,	 Accuracy: 692/1000(69%)
Task: 7,	 Epoch: 56/80,	 Avg.loss: 0.0009,	 Accuracy: 693/1000(69%)
Task: 7,	 Epoch: 57/80,	 Avg.loss: 0.0009,	 Accuracy: 692/1000(69%)
Task: 7,	 Epoch: 58/80,	 Avg.loss: 0.0009,	 Accuracy: 700/1000(70%)
Task: 7,	 Epoch: 59/80,	 Avg.loss: 0.0009,	 Accuracy: 697/1000(70%)
Task: 7,	 Epoch: 60/80,	 Avg.loss: 0.0009,	 Accuracy: 697/1000(70%)
Task: 7,	 Epoch: 61/80,	 Avg.loss: 0.0009,	 Accuracy: 701/1000(70%)
Task: 7,	 Epoch: 62/80,	 Avg.loss: 0.0009,	 Accuracy: 697/1000(70%)
Task: 7,	 Epoch: 63/80,	 Avg.loss: 0.0009,	 Accuracy: 699/1000(70%)
Task: 7,	 Epoch: 64/80,	 Avg.loss: 0.0009,	 Accuracy: 696/1000(70%)
Task: 7,	 Epoch: 65/80,	 Avg.loss: 0.0009,	 Accuracy: 695/1000(70%)
Task: 7,	 Epoch: 66/80,	 Avg.loss: 0.0009,	 Accuracy: 695/1000(70%)
Task: 7,	 Epoch: 67/80,	 Avg.loss: 0.0009,	 Accuracy: 695/1000(70%)
Task: 7,	 Epoch: 68/80,	 Avg.loss: 0.0009,	 Accuracy: 698/1000(70%)
Task: 7,	 Epoch: 69/80,	 Avg.loss: 0.0009,	 Accuracy: 695/1000(70%)
Task: 7,	 Epoch: 70/80,	 Avg.loss: 0.0009,	 Accuracy: 693/1000(69%)
Task: 7,	 Epoch: 71/80,	 Avg.loss: 0.0009,	 Accuracy: 695/1000(70%)
Task: 7,	 Epoch: 72/80,	 Avg.loss: 0.0009,	 Accuracy: 698/1000(70%)
Task: 7,	 Epoch: 73/80,	 Avg.loss: 0.0009,	 Accuracy: 701/1000(70%)
Task: 7,	 Epoch: 74/80,	 Avg.loss: 0.0009,	 Accuracy: 696/1000(70%)
Task: 7,	 Epoch: 75/80,	 Avg.loss: 0.0009,	 Accuracy: 694/1000(69%)
Task: 7,	 Epoch: 76/80,	 Avg.loss: 0.0009,	 Accuracy: 697/1000(70%)
Task: 7,	 Epoch: 77/80,	 Avg.loss: 0.0009,	 Accuracy: 696/1000(70%)
Task: 7,	 Epoch: 78/80,	 Avg.loss: 0.0009,	 Accuracy: 694/1000(69%)
Task: 7,	 Epoch: 79/80,	 Avg.loss: 0.0009,	 Accuracy: 699/1000(70%)
Task: 0,	 Epoch: -1/80,	 Avg.loss: 0.0008,	 Accuracy: 838/1000(84%)
Trained Task:7, Loaded task:0, Accuracy:83.8%
Task: 1,	 Epoch: -1/80,	 Avg.loss: 0.0008,	 Accuracy: 797/1000(80%)
Trained Task:7, Loaded task:1, Accuracy:79.7%
Task: 2,	 Epoch: -1/80,	 Avg.loss: 0.0008,	 Accuracy: 769/1000(77%)
Trained Task:7, Loaded task:2, Accuracy:76.9%
Task: 3,	 Epoch: -1/80,	 Avg.loss: 0.0009,	 Accuracy: 742/1000(74%)
Trained Task:7, Loaded task:3, Accuracy:74.2%
Task: 4,	 Epoch: -1/80,	 Avg.loss: 0.0007,	 Accuracy: 768/1000(77%)
Trained Task:7, Loaded task:4, Accuracy:76.8%
Task: 5,	 Epoch: -1/80,	 Avg.loss: 0.0007,	 Accuracy: 751/1000(75%)
Trained Task:7, Loaded task:5, Accuracy:75.1%
Task: 6,	 Epoch: -1/80,	 Avg.loss: 0.0008,	 Accuracy: 719/1000(72%)
Trained Task:7, Loaded task:6, Accuracy:71.9%
Task: 7,	 Epoch: -1/80,	 Avg.loss: 0.0009,	 Accuracy: 699/1000(70%)
Trained Task:7, Loaded task:7, Accuracy:69.9%
Trained Task:7, Avg. Accuracy: 76.0 

List of avg. accuracy: [85.3, 82.7, 80.3, 78.8, 78.8, 78.0, 77.3, 76.0]
Layer        : conv1_layer.2.weight
Sum Omega    : 852.7605590820312
F.histogram  : tensor([6.6370e+03, 1.6030e+03, 5.9900e+02, 2.2300e+02, 8.3000e+01, 2.9000e+01,
        1.9000e+01, 1.3000e+01, 8.0000e+00, 2.0000e+00], device='cuda:0')
F.num_zeros  : 288/9216
W.num_zeros  : 0/9216
O.num_zeros  : 288/9216
Layer        : conv2_layer.2.weight
Sum Omega    : 2475.890625
F.histogram  : tensor([3.1236e+04, 3.5260e+03, 1.1590e+03, 4.4900e+02, 2.1900e+02, 1.5300e+02,
        5.9000e+01, 3.2000e+01, 2.2000e+01, 9.0000e+00], device='cuda:0')
F.num_zeros  : 9792/36864
W.num_zeros  : 0/36864
O.num_zeros  : 9792/36864
Layer        : fc1_layer.0.weight
Sum Omega    : 16106.056640625
F.histogram  : tensor([2.0786e+06, 1.5277e+04, 2.4000e+03, 5.7200e+02, 1.4800e+02, 8.3000e+01,
        4.1000e+01, 1.7000e+01, 2.0000e+00, 3.0000e+00], device='cuda:0')
F.num_zeros  : 1227340/2097152
W.num_zeros  : 0/2097152
O.num_zeros  : 1332072/2097152
Mask histogram conv1_layer.2.weight: 	 tensor([   0.,    0.,    0.,    0.,    0.,    0.,    0.,    0.,    0., 8192.],
       device='cuda:0')
Mask histogram conv2_layer.2.weight: 	 tensor([ 192.,  384., 1216.,  320.,  640.,  448.,  448.,  448.,    0.,    0.],
       device='cuda:0')
Mask histogram fc1_layer.0.weight: 	 tensor([70., 82., 73., 60., 38., 37., 52., 40., 41., 19.], device='cuda:0')
Task: 8,	 Epoch: 0/80,	 Avg.loss: 0.0015,	 Accuracy: 551/1000(55%)
Task: 8,	 Epoch: 1/80,	 Avg.loss: 0.0011,	 Accuracy: 651/1000(65%)
Task: 8,	 Epoch: 2/80,	 Avg.loss: 0.0010,	 Accuracy: 674/1000(67%)
Task: 8,	 Epoch: 3/80,	 Avg.loss: 0.0011,	 Accuracy: 657/1000(66%)
Task: 8,	 Epoch: 4/80,	 Avg.loss: 0.0010,	 Accuracy: 682/1000(68%)
Task: 8,	 Epoch: 5/80,	 Avg.loss: 0.0010,	 Accuracy: 655/1000(66%)
Task: 8,	 Epoch: 6/80,	 Avg.loss: 0.0009,	 Accuracy: 682/1000(68%)
Task: 8,	 Epoch: 7/80,	 Avg.loss: 0.0009,	 Accuracy: 689/1000(69%)
Task: 8,	 Epoch: 8/80,	 Avg.loss: 0.0009,	 Accuracy: 699/1000(70%)
Task: 8,	 Epoch: 9/80,	 Avg.loss: 0.0009,	 Accuracy: 684/1000(68%)
Task: 8,	 Epoch: 10/80,	 Avg.loss: 0.0010,	 Accuracy: 689/1000(69%)
Task: 8,	 Epoch: 11/80,	 Avg.loss: 0.0009,	 Accuracy: 695/1000(70%)
Task: 8,	 Epoch: 12/80,	 Avg.loss: 0.0009,	 Accuracy: 697/1000(70%)
Task: 8,	 Epoch: 13/80,	 Avg.loss: 0.0009,	 Accuracy: 704/1000(70%)
Task: 8,	 Epoch: 14/80,	 Avg.loss: 0.0009,	 Accuracy: 699/1000(70%)
Task: 8,	 Epoch: 15/80,	 Avg.loss: 0.0009,	 Accuracy: 713/1000(71%)
Task: 8,	 Epoch: 16/80,	 Avg.loss: 0.0009,	 Accuracy: 691/1000(69%)
Task: 8,	 Epoch: 17/80,	 Avg.loss: 0.0009,	 Accuracy: 690/1000(69%)
Task: 8,	 Epoch: 18/80,	 Avg.loss: 0.0009,	 Accuracy: 701/1000(70%)
Task: 8,	 Epoch: 19/80,	 Avg.loss: 0.0009,	 Accuracy: 695/1000(70%)
Task: 8,	 Epoch: 20/80,	 Avg.loss: 0.0009,	 Accuracy: 703/1000(70%)
Task: 8,	 Epoch: 21/80,	 Avg.loss: 0.0009,	 Accuracy: 714/1000(71%)
Task: 8,	 Epoch: 22/80,	 Avg.loss: 0.0009,	 Accuracy: 712/1000(71%)
Task: 8,	 Epoch: 23/80,	 Avg.loss: 0.0009,	 Accuracy: 696/1000(70%)
Task: 8,	 Epoch: 24/80,	 Avg.loss: 0.0009,	 Accuracy: 701/1000(70%)
Task: 8,	 Epoch: 25/80,	 Avg.loss: 0.0009,	 Accuracy: 703/1000(70%)
Task: 8,	 Epoch: 26/80,	 Avg.loss: 0.0008,	 Accuracy: 717/1000(72%)
Task: 8,	 Epoch: 27/80,	 Avg.loss: 0.0009,	 Accuracy: 696/1000(70%)
Task: 8,	 Epoch: 28/80,	 Avg.loss: 0.0009,	 Accuracy: 693/1000(69%)
Task: 8,	 Epoch: 29/80,	 Avg.loss: 0.0009,	 Accuracy: 684/1000(68%)
Task: 8,	 Epoch: 30/80,	 Avg.loss: 0.0009,	 Accuracy: 706/1000(71%)
Task: 8,	 Epoch: 31/80,	 Avg.loss: 0.0009,	 Accuracy: 692/1000(69%)
Task: 8,	 Epoch: 32/80,	 Avg.loss: 0.0009,	 Accuracy: 707/1000(71%)
Task: 8,	 Epoch: 33/80,	 Avg.loss: 0.0009,	 Accuracy: 721/1000(72%)
Task: 8,	 Epoch: 34/80,	 Avg.loss: 0.0009,	 Accuracy: 720/1000(72%)
Task: 8,	 Epoch: 35/80,	 Avg.loss: 0.0009,	 Accuracy: 708/1000(71%)
Task: 8,	 Epoch: 36/80,	 Avg.loss: 0.0009,	 Accuracy: 707/1000(71%)
Task: 8,	 Epoch: 37/80,	 Avg.loss: 0.0009,	 Accuracy: 706/1000(71%)
Task: 8,	 Epoch: 38/80,	 Avg.loss: 0.0008,	 Accuracy: 716/1000(72%)
Task: 8,	 Epoch: 39/80,	 Avg.loss: 0.0009,	 Accuracy: 699/1000(70%)
Task: 8,	 Epoch: 40/80,	 Avg.loss: 0.0008,	 Accuracy: 719/1000(72%)
Task: 8,	 Epoch: 41/80,	 Avg.loss: 0.0009,	 Accuracy: 711/1000(71%)
Task: 8,	 Epoch: 42/80,	 Avg.loss: 0.0008,	 Accuracy: 710/1000(71%)
Task: 8,	 Epoch: 43/80,	 Avg.loss: 0.0008,	 Accuracy: 729/1000(73%)
Task: 8,	 Epoch: 44/80,	 Avg.loss: 0.0009,	 Accuracy: 697/1000(70%)
Task: 8,	 Epoch: 45/80,	 Avg.loss: 0.0008,	 Accuracy: 721/1000(72%)
Task: 8,	 Epoch: 46/80,	 Avg.loss: 0.0008,	 Accuracy: 728/1000(73%)
Task: 8,	 Epoch: 47/80,	 Avg.loss: 0.0008,	 Accuracy: 725/1000(72%)
Task: 8,	 Epoch: 48/80,	 Avg.loss: 0.0008,	 Accuracy: 728/1000(73%)
Task: 8,	 Epoch: 49/80,	 Avg.loss: 0.0008,	 Accuracy: 729/1000(73%)
Task: 8,	 Epoch: 50/80,	 Avg.loss: 0.0008,	 Accuracy: 732/1000(73%)
Task: 8,	 Epoch: 51/80,	 Avg.loss: 0.0008,	 Accuracy: 740/1000(74%)
Task: 8,	 Epoch: 52/80,	 Avg.loss: 0.0008,	 Accuracy: 739/1000(74%)
Task: 8,	 Epoch: 53/80,	 Avg.loss: 0.0008,	 Accuracy: 740/1000(74%)
Task: 8,	 Epoch: 54/80,	 Avg.loss: 0.0008,	 Accuracy: 741/1000(74%)
Task: 8,	 Epoch: 55/80,	 Avg.loss: 0.0008,	 Accuracy: 739/1000(74%)
Task: 8,	 Epoch: 56/80,	 Avg.loss: 0.0008,	 Accuracy: 741/1000(74%)
Task: 8,	 Epoch: 57/80,	 Avg.loss: 0.0008,	 Accuracy: 734/1000(73%)
Task: 8,	 Epoch: 58/80,	 Avg.loss: 0.0008,	 Accuracy: 732/1000(73%)
Task: 8,	 Epoch: 59/80,	 Avg.loss: 0.0008,	 Accuracy: 736/1000(74%)
Task: 8,	 Epoch: 60/80,	 Avg.loss: 0.0008,	 Accuracy: 735/1000(74%)
Task: 8,	 Epoch: 61/80,	 Avg.loss: 0.0008,	 Accuracy: 740/1000(74%)
Task: 8,	 Epoch: 62/80,	 Avg.loss: 0.0008,	 Accuracy: 741/1000(74%)
Task: 8,	 Epoch: 63/80,	 Avg.loss: 0.0008,	 Accuracy: 742/1000(74%)
Task: 8,	 Epoch: 64/80,	 Avg.loss: 0.0008,	 Accuracy: 730/1000(73%)
Task: 8,	 Epoch: 65/80,	 Avg.loss: 0.0008,	 Accuracy: 741/1000(74%)
Task: 8,	 Epoch: 66/80,	 Avg.loss: 0.0008,	 Accuracy: 740/1000(74%)
Task: 8,	 Epoch: 67/80,	 Avg.loss: 0.0008,	 Accuracy: 731/1000(73%)
Task: 8,	 Epoch: 68/80,	 Avg.loss: 0.0008,	 Accuracy: 740/1000(74%)
Task: 8,	 Epoch: 69/80,	 Avg.loss: 0.0008,	 Accuracy: 725/1000(72%)
Task: 8,	 Epoch: 70/80,	 Avg.loss: 0.0008,	 Accuracy: 736/1000(74%)
Task: 8,	 Epoch: 71/80,	 Avg.loss: 0.0008,	 Accuracy: 736/1000(74%)
Task: 8,	 Epoch: 72/80,	 Avg.loss: 0.0008,	 Accuracy: 727/1000(73%)
Task: 8,	 Epoch: 73/80,	 Avg.loss: 0.0008,	 Accuracy: 731/1000(73%)
Task: 8,	 Epoch: 74/80,	 Avg.loss: 0.0008,	 Accuracy: 733/1000(73%)
Task: 8,	 Epoch: 75/80,	 Avg.loss: 0.0008,	 Accuracy: 737/1000(74%)
Task: 8,	 Epoch: 76/80,	 Avg.loss: 0.0008,	 Accuracy: 729/1000(73%)
Task: 8,	 Epoch: 77/80,	 Avg.loss: 0.0008,	 Accuracy: 735/1000(74%)
Task: 8,	 Epoch: 78/80,	 Avg.loss: 0.0008,	 Accuracy: 737/1000(74%)
Task: 8,	 Epoch: 79/80,	 Avg.loss: 0.0008,	 Accuracy: 736/1000(74%)
Task: 0,	 Epoch: -1/80,	 Avg.loss: 0.0008,	 Accuracy: 834/1000(83%)
Trained Task:8, Loaded task:0, Accuracy:83.4%
Task: 1,	 Epoch: -1/80,	 Avg.loss: 0.0008,	 Accuracy: 797/1000(80%)
Trained Task:8, Loaded task:1, Accuracy:79.7%
Task: 2,	 Epoch: -1/80,	 Avg.loss: 0.0008,	 Accuracy: 770/1000(77%)
Trained Task:8, Loaded task:2, Accuracy:77.0%
Task: 3,	 Epoch: -1/80,	 Avg.loss: 0.0009,	 Accuracy: 747/1000(75%)
Trained Task:8, Loaded task:3, Accuracy:74.7%
Task: 4,	 Epoch: -1/80,	 Avg.loss: 0.0007,	 Accuracy: 766/1000(77%)
Trained Task:8, Loaded task:4, Accuracy:76.6%
Task: 5,	 Epoch: -1/80,	 Avg.loss: 0.0007,	 Accuracy: 749/1000(75%)
Trained Task:8, Loaded task:5, Accuracy:74.9%
Task: 6,	 Epoch: -1/80,	 Avg.loss: 0.0008,	 Accuracy: 722/1000(72%)
Trained Task:8, Loaded task:6, Accuracy:72.2%
Task: 7,	 Epoch: -1/80,	 Avg.loss: 0.0009,	 Accuracy: 693/1000(69%)
Trained Task:8, Loaded task:7, Accuracy:69.3%
Task: 8,	 Epoch: -1/80,	 Avg.loss: 0.0008,	 Accuracy: 736/1000(74%)
Trained Task:8, Loaded task:8, Accuracy:73.6%
Trained Task:8, Avg. Accuracy: 75.7 

List of avg. accuracy: [85.3, 82.7, 80.3, 78.8, 78.8, 78.0, 77.3, 76.0, 75.7]
Layer        : conv1_layer.2.weight
Sum Omega    : 861.4317626953125
F.histogram  : tensor([6.6440e+03, 1.6560e+03, 5.4300e+02, 1.9800e+02, 1.0100e+02, 3.3000e+01,
        1.8000e+01, 1.3000e+01, 5.0000e+00, 5.0000e+00], device='cuda:0')
F.num_zeros  : 288/9216
W.num_zeros  : 0/9216
O.num_zeros  : 288/9216
Layer        : conv2_layer.2.weight
Sum Omega    : 2495.98095703125
F.histogram  : tensor([3.2161e+04, 3.1530e+03, 9.5600e+02, 3.3400e+02, 1.3100e+02, 8.7000e+01,
        2.2000e+01, 1.1000e+01, 3.0000e+00, 6.0000e+00], device='cuda:0')
F.num_zeros  : 9792/36864
W.num_zeros  : 0/36864
O.num_zeros  : 9792/36864
Layer        : fc1_layer.0.weight
Sum Omega    : 16852.794921875
F.histogram  : tensor([2.0673e+06, 2.4322e+04, 4.0590e+03, 9.3600e+02, 3.1000e+02, 1.6400e+02,
        6.9000e+01, 2.2000e+01, 8.0000e+00, 1.0000e+00], device='cuda:0')
F.num_zeros  : 1223786/2097152
W.num_zeros  : 0/2097152
O.num_zeros  : 1321126/2097152
Mask histogram conv1_layer.2.weight: 	 tensor([   0.,    0.,    0.,    0.,    0.,    0.,    0.,    0.,    0., 8192.],
       device='cuda:0')
Mask histogram conv2_layer.2.weight: 	 tensor([  0., 384., 832., 704., 768., 448., 384., 384., 192.,   0.],
       device='cuda:0')
Mask histogram fc1_layer.0.weight: 	 tensor([70., 82., 49., 43., 65., 35., 48., 28., 35., 57.], device='cuda:0')
Task: 9,	 Epoch: 0/80,	 Avg.loss: 0.0013,	 Accuracy: 575/1000(58%)
Task: 9,	 Epoch: 1/80,	 Avg.loss: 0.0012,	 Accuracy: 602/1000(60%)
Task: 9,	 Epoch: 2/80,	 Avg.loss: 0.0012,	 Accuracy: 624/1000(62%)
Task: 9,	 Epoch: 3/80,	 Avg.loss: 0.0011,	 Accuracy: 625/1000(63%)
Task: 9,	 Epoch: 4/80,	 Avg.loss: 0.0011,	 Accuracy: 655/1000(66%)
Task: 9,	 Epoch: 5/80,	 Avg.loss: 0.0010,	 Accuracy: 669/1000(67%)
Task: 9,	 Epoch: 6/80,	 Avg.loss: 0.0010,	 Accuracy: 658/1000(66%)
Task: 9,	 Epoch: 7/80,	 Avg.loss: 0.0011,	 Accuracy: 656/1000(66%)
Task: 9,	 Epoch: 8/80,	 Avg.loss: 0.0010,	 Accuracy: 681/1000(68%)
Task: 9,	 Epoch: 9/80,	 Avg.loss: 0.0010,	 Accuracy: 668/1000(67%)
Task: 9,	 Epoch: 10/80,	 Avg.loss: 0.0010,	 Accuracy: 681/1000(68%)
Task: 9,	 Epoch: 11/80,	 Avg.loss: 0.0010,	 Accuracy: 695/1000(70%)
Task: 9,	 Epoch: 12/80,	 Avg.loss: 0.0010,	 Accuracy: 690/1000(69%)
Task: 9,	 Epoch: 13/80,	 Avg.loss: 0.0009,	 Accuracy: 689/1000(69%)
Task: 9,	 Epoch: 14/80,	 Avg.loss: 0.0010,	 Accuracy: 690/1000(69%)
Task: 9,	 Epoch: 15/80,	 Avg.loss: 0.0010,	 Accuracy: 684/1000(68%)
Task: 9,	 Epoch: 16/80,	 Avg.loss: 0.0009,	 Accuracy: 693/1000(69%)
Task: 9,	 Epoch: 17/80,	 Avg.loss: 0.0010,	 Accuracy: 693/1000(69%)
Task: 9,	 Epoch: 18/80,	 Avg.loss: 0.0010,	 Accuracy: 681/1000(68%)
Task: 9,	 Epoch: 19/80,	 Avg.loss: 0.0009,	 Accuracy: 696/1000(70%)
Task: 9,	 Epoch: 20/80,	 Avg.loss: 0.0009,	 Accuracy: 704/1000(70%)
Task: 9,	 Epoch: 21/80,	 Avg.loss: 0.0011,	 Accuracy: 648/1000(65%)
Task: 9,	 Epoch: 22/80,	 Avg.loss: 0.0010,	 Accuracy: 681/1000(68%)
Task: 9,	 Epoch: 23/80,	 Avg.loss: 0.0010,	 Accuracy: 682/1000(68%)
Task: 9,	 Epoch: 24/80,	 Avg.loss: 0.0010,	 Accuracy: 697/1000(70%)
Task: 9,	 Epoch: 25/80,	 Avg.loss: 0.0010,	 Accuracy: 685/1000(68%)
Task: 9,	 Epoch: 26/80,	 Avg.loss: 0.0009,	 Accuracy: 707/1000(71%)
Task: 9,	 Epoch: 27/80,	 Avg.loss: 0.0009,	 Accuracy: 707/1000(71%)
Task: 9,	 Epoch: 28/80,	 Avg.loss: 0.0009,	 Accuracy: 683/1000(68%)
Task: 9,	 Epoch: 29/80,	 Avg.loss: 0.0008,	 Accuracy: 726/1000(73%)
Task: 9,	 Epoch: 30/80,	 Avg.loss: 0.0009,	 Accuracy: 732/1000(73%)
Task: 9,	 Epoch: 31/80,	 Avg.loss: 0.0008,	 Accuracy: 722/1000(72%)
Task: 9,	 Epoch: 32/80,	 Avg.loss: 0.0008,	 Accuracy: 738/1000(74%)
Task: 9,	 Epoch: 33/80,	 Avg.loss: 0.0008,	 Accuracy: 731/1000(73%)
Task: 9,	 Epoch: 34/80,	 Avg.loss: 0.0008,	 Accuracy: 747/1000(75%)
Task: 9,	 Epoch: 35/80,	 Avg.loss: 0.0008,	 Accuracy: 745/1000(74%)
Task: 9,	 Epoch: 36/80,	 Avg.loss: 0.0009,	 Accuracy: 727/1000(73%)
Task: 9,	 Epoch: 37/80,	 Avg.loss: 0.0008,	 Accuracy: 732/1000(73%)
Task: 9,	 Epoch: 38/80,	 Avg.loss: 0.0008,	 Accuracy: 720/1000(72%)
Task: 9,	 Epoch: 39/80,	 Avg.loss: 0.0009,	 Accuracy: 727/1000(73%)
Task: 9,	 Epoch: 40/80,	 Avg.loss: 0.0009,	 Accuracy: 722/1000(72%)
Task: 9,	 Epoch: 41/80,	 Avg.loss: 0.0008,	 Accuracy: 739/1000(74%)
Task: 9,	 Epoch: 42/80,	 Avg.loss: 0.0008,	 Accuracy: 739/1000(74%)
Task: 9,	 Epoch: 43/80,	 Avg.loss: 0.0008,	 Accuracy: 744/1000(74%)
Task: 9,	 Epoch: 44/80,	 Avg.loss: 0.0008,	 Accuracy: 740/1000(74%)
Task: 9,	 Epoch: 45/80,	 Avg.loss: 0.0008,	 Accuracy: 733/1000(73%)
Task: 9,	 Epoch: 46/80,	 Avg.loss: 0.0008,	 Accuracy: 739/1000(74%)
Task: 9,	 Epoch: 47/80,	 Avg.loss: 0.0008,	 Accuracy: 744/1000(74%)
Task: 9,	 Epoch: 48/80,	 Avg.loss: 0.0008,	 Accuracy: 728/1000(73%)
Task: 9,	 Epoch: 49/80,	 Avg.loss: 0.0008,	 Accuracy: 739/1000(74%)
Task: 9,	 Epoch: 50/80,	 Avg.loss: 0.0008,	 Accuracy: 749/1000(75%)
Task: 9,	 Epoch: 51/80,	 Avg.loss: 0.0008,	 Accuracy: 751/1000(75%)
Task: 9,	 Epoch: 52/80,	 Avg.loss: 0.0008,	 Accuracy: 752/1000(75%)
Task: 9,	 Epoch: 53/80,	 Avg.loss: 0.0008,	 Accuracy: 750/1000(75%)
Task: 9,	 Epoch: 54/80,	 Avg.loss: 0.0008,	 Accuracy: 750/1000(75%)
Task: 9,	 Epoch: 55/80,	 Avg.loss: 0.0008,	 Accuracy: 751/1000(75%)
Task: 9,	 Epoch: 56/80,	 Avg.loss: 0.0008,	 Accuracy: 750/1000(75%)
Task: 9,	 Epoch: 57/80,	 Avg.loss: 0.0008,	 Accuracy: 755/1000(76%)
Task: 9,	 Epoch: 58/80,	 Avg.loss: 0.0008,	 Accuracy: 756/1000(76%)
Task: 9,	 Epoch: 59/80,	 Avg.loss: 0.0008,	 Accuracy: 751/1000(75%)
Task: 9,	 Epoch: 60/80,	 Avg.loss: 0.0008,	 Accuracy: 755/1000(76%)
Task: 9,	 Epoch: 61/80,	 Avg.loss: 0.0008,	 Accuracy: 751/1000(75%)
Task: 9,	 Epoch: 62/80,	 Avg.loss: 0.0008,	 Accuracy: 750/1000(75%)
Task: 9,	 Epoch: 63/80,	 Avg.loss: 0.0008,	 Accuracy: 754/1000(75%)
Task: 9,	 Epoch: 64/80,	 Avg.loss: 0.0008,	 Accuracy: 748/1000(75%)
Task: 9,	 Epoch: 65/80,	 Avg.loss: 0.0008,	 Accuracy: 752/1000(75%)
Task: 9,	 Epoch: 66/80,	 Avg.loss: 0.0008,	 Accuracy: 756/1000(76%)
Task: 9,	 Epoch: 67/80,	 Avg.loss: 0.0008,	 Accuracy: 755/1000(76%)
Task: 9,	 Epoch: 68/80,	 Avg.loss: 0.0008,	 Accuracy: 754/1000(75%)
Task: 9,	 Epoch: 69/80,	 Avg.loss: 0.0008,	 Accuracy: 752/1000(75%)
Task: 9,	 Epoch: 70/80,	 Avg.loss: 0.0008,	 Accuracy: 747/1000(75%)
Task: 9,	 Epoch: 71/80,	 Avg.loss: 0.0008,	 Accuracy: 750/1000(75%)
Task: 9,	 Epoch: 72/80,	 Avg.loss: 0.0008,	 Accuracy: 755/1000(76%)
Task: 9,	 Epoch: 73/80,	 Avg.loss: 0.0008,	 Accuracy: 752/1000(75%)
Task: 9,	 Epoch: 74/80,	 Avg.loss: 0.0008,	 Accuracy: 758/1000(76%)
Task: 9,	 Epoch: 75/80,	 Avg.loss: 0.0008,	 Accuracy: 753/1000(75%)
Task: 9,	 Epoch: 76/80,	 Avg.loss: 0.0008,	 Accuracy: 751/1000(75%)
Task: 9,	 Epoch: 77/80,	 Avg.loss: 0.0008,	 Accuracy: 759/1000(76%)
Task: 9,	 Epoch: 78/80,	 Avg.loss: 0.0008,	 Accuracy: 757/1000(76%)
Task: 9,	 Epoch: 79/80,	 Avg.loss: 0.0008,	 Accuracy: 751/1000(75%)
Task: 0,	 Epoch: -1/80,	 Avg.loss: 0.0009,	 Accuracy: 828/1000(83%)
Trained Task:9, Loaded task:0, Accuracy:82.8%
Task: 1,	 Epoch: -1/80,	 Avg.loss: 0.0008,	 Accuracy: 798/1000(80%)
Trained Task:9, Loaded task:1, Accuracy:79.8%
Task: 2,	 Epoch: -1/80,	 Avg.loss: 0.0008,	 Accuracy: 759/1000(76%)
Trained Task:9, Loaded task:2, Accuracy:75.9%
Task: 3,	 Epoch: -1/80,	 Avg.loss: 0.0009,	 Accuracy: 742/1000(74%)
Trained Task:9, Loaded task:3, Accuracy:74.2%
Task: 4,	 Epoch: -1/80,	 Avg.loss: 0.0007,	 Accuracy: 757/1000(76%)
Trained Task:9, Loaded task:4, Accuracy:75.7%
Task: 5,	 Epoch: -1/80,	 Avg.loss: 0.0007,	 Accuracy: 738/1000(74%)
Trained Task:9, Loaded task:5, Accuracy:73.8%
Task: 6,	 Epoch: -1/80,	 Avg.loss: 0.0008,	 Accuracy: 727/1000(73%)
Trained Task:9, Loaded task:6, Accuracy:72.7%
Task: 7,	 Epoch: -1/80,	 Avg.loss: 0.0009,	 Accuracy: 689/1000(69%)
Trained Task:9, Loaded task:7, Accuracy:68.9%
Task: 8,	 Epoch: -1/80,	 Avg.loss: 0.0008,	 Accuracy: 723/1000(72%)
Trained Task:9, Loaded task:8, Accuracy:72.3%
Task: 9,	 Epoch: -1/80,	 Avg.loss: 0.0008,	 Accuracy: 751/1000(75%)
Trained Task:9, Loaded task:9, Accuracy:75.1%
Trained Task:9, Avg. Accuracy: 75.1 

List of avg. accuracy: [85.3, 82.7, 80.3, 78.8, 78.8, 78.0, 77.3, 76.0, 75.7, 75.1]
