Task: -1,	 Epoch: 0/80,	 Avg.loss: 0.0012,	 Test Accuracy: 5415/10000(54%)
Task: -1,	 Epoch: 1/80,	 Avg.loss: 0.0009,	 Test Accuracy: 6788/10000(68%)
Task: -1,	 Epoch: 2/80,	 Avg.loss: 0.0008,	 Test Accuracy: 7201/10000(72%)
Task: -1,	 Epoch: 3/80,	 Avg.loss: 0.0008,	 Test Accuracy: 7395/10000(74%)
Task: -1,	 Epoch: 4/80,	 Avg.loss: 0.0007,	 Test Accuracy: 7663/10000(77%)
Task: -1,	 Epoch: 5/80,	 Avg.loss: 0.0007,	 Test Accuracy: 7720/10000(77%)
Task: -1,	 Epoch: 6/80,	 Avg.loss: 0.0006,	 Test Accuracy: 7953/10000(80%)
Task: -1,	 Epoch: 7/80,	 Avg.loss: 0.0006,	 Test Accuracy: 7839/10000(78%)
Task: -1,	 Epoch: 8/80,	 Avg.loss: 0.0006,	 Test Accuracy: 7916/10000(79%)
Task: -1,	 Epoch: 9/80,	 Avg.loss: 0.0006,	 Test Accuracy: 8086/10000(81%)
Task: -1,	 Epoch: 10/80,	 Avg.loss: 0.0006,	 Test Accuracy: 7982/10000(80%)
Task: -1,	 Epoch: 11/80,	 Avg.loss: 0.0006,	 Test Accuracy: 8063/10000(81%)
Task: -1,	 Epoch: 12/80,	 Avg.loss: 0.0005,	 Test Accuracy: 8191/10000(82%)
Task: -1,	 Epoch: 13/80,	 Avg.loss: 0.0006,	 Test Accuracy: 8090/10000(81%)
Task: -1,	 Epoch: 14/80,	 Avg.loss: 0.0005,	 Test Accuracy: 8252/10000(83%)
Task: -1,	 Epoch: 15/80,	 Avg.loss: 0.0005,	 Test Accuracy: 8190/10000(82%)
Task: -1,	 Epoch: 16/80,	 Avg.loss: 0.0005,	 Test Accuracy: 8200/10000(82%)
Task: -1,	 Epoch: 17/80,	 Avg.loss: 0.0005,	 Test Accuracy: 8185/10000(82%)
Task: -1,	 Epoch: 18/80,	 Avg.loss: 0.0005,	 Test Accuracy: 8284/10000(83%)
Task: -1,	 Epoch: 19/80,	 Avg.loss: 0.0005,	 Test Accuracy: 8303/10000(83%)
Task: -1,	 Epoch: 20/80,	 Avg.loss: 0.0005,	 Test Accuracy: 8378/10000(84%)
Task: -1,	 Epoch: 21/80,	 Avg.loss: 0.0005,	 Test Accuracy: 8416/10000(84%)
Task: -1,	 Epoch: 22/80,	 Avg.loss: 0.0005,	 Test Accuracy: 8320/10000(83%)
Task: -1,	 Epoch: 23/80,	 Avg.loss: 0.0005,	 Test Accuracy: 8302/10000(83%)
Task: -1,	 Epoch: 24/80,	 Avg.loss: 0.0005,	 Test Accuracy: 8382/10000(84%)
Task: -1,	 Epoch: 25/80,	 Avg.loss: 0.0005,	 Test Accuracy: 8351/10000(84%)
Task: -1,	 Epoch: 26/80,	 Avg.loss: 0.0005,	 Test Accuracy: 8378/10000(84%)
Task: -1,	 Epoch: 27/80,	 Avg.loss: 0.0005,	 Test Accuracy: 8431/10000(84%)
Task: -1,	 Epoch: 28/80,	 Avg.loss: 0.0005,	 Test Accuracy: 8383/10000(84%)
Task: -1,	 Epoch: 29/80,	 Avg.loss: 0.0005,	 Test Accuracy: 8447/10000(84%)
Task: -1,	 Epoch: 30/80,	 Avg.loss: 0.0005,	 Test Accuracy: 8429/10000(84%)
Task: -1,	 Epoch: 31/80,	 Avg.loss: 0.0005,	 Test Accuracy: 8360/10000(84%)
Task: -1,	 Epoch: 32/80,	 Avg.loss: 0.0005,	 Test Accuracy: 8429/10000(84%)
Task: -1,	 Epoch: 33/80,	 Avg.loss: 0.0005,	 Test Accuracy: 8448/10000(84%)
Task: -1,	 Epoch: 34/80,	 Avg.loss: 0.0005,	 Test Accuracy: 8454/10000(85%)
Task: -1,	 Epoch: 35/80,	 Avg.loss: 0.0005,	 Test Accuracy: 8424/10000(84%)
Task: -1,	 Epoch: 36/80,	 Avg.loss: 0.0005,	 Test Accuracy: 8451/10000(85%)
Task: -1,	 Epoch: 37/80,	 Avg.loss: 0.0005,	 Test Accuracy: 8454/10000(85%)
Task: -1,	 Epoch: 38/80,	 Avg.loss: 0.0005,	 Test Accuracy: 8466/10000(85%)
Task: -1,	 Epoch: 39/80,	 Avg.loss: 0.0005,	 Test Accuracy: 8449/10000(84%)
Task: -1,	 Epoch: 40/80,	 Avg.loss: 0.0005,	 Test Accuracy: 8456/10000(85%)
Task: -1,	 Epoch: 41/80,	 Avg.loss: 0.0005,	 Test Accuracy: 8445/10000(84%)
Task: -1,	 Epoch: 42/80,	 Avg.loss: 0.0005,	 Test Accuracy: 8366/10000(84%)
Task: -1,	 Epoch: 43/80,	 Avg.loss: 0.0005,	 Test Accuracy: 8462/10000(85%)
Task: -1,	 Epoch: 44/80,	 Avg.loss: 0.0005,	 Test Accuracy: 8464/10000(85%)
Task: -1,	 Epoch: 45/80,	 Avg.loss: 0.0005,	 Test Accuracy: 8445/10000(84%)
Task: -1,	 Epoch: 46/80,	 Avg.loss: 0.0005,	 Test Accuracy: 8383/10000(84%)
Task: -1,	 Epoch: 47/80,	 Avg.loss: 0.0005,	 Test Accuracy: 8455/10000(85%)
Task: -1,	 Epoch: 48/80,	 Avg.loss: 0.0005,	 Test Accuracy: 8446/10000(84%)
Task: -1,	 Epoch: 49/80,	 Avg.loss: 0.0005,	 Test Accuracy: 8472/10000(85%)
Task: -1,	 Epoch: 50/80,	 Avg.loss: 0.0005,	 Test Accuracy: 8584/10000(86%)
Task: -1,	 Epoch: 51/80,	 Avg.loss: 0.0005,	 Test Accuracy: 8636/10000(86%)
Task: -1,	 Epoch: 52/80,	 Avg.loss: 0.0005,	 Test Accuracy: 8648/10000(86%)
Task: -1,	 Epoch: 53/80,	 Avg.loss: 0.0005,	 Test Accuracy: 8633/10000(86%)
Task: -1,	 Epoch: 54/80,	 Avg.loss: 0.0005,	 Test Accuracy: 8630/10000(86%)
Task: -1,	 Epoch: 55/80,	 Avg.loss: 0.0005,	 Test Accuracy: 8629/10000(86%)
Task: -1,	 Epoch: 56/80,	 Avg.loss: 0.0005,	 Test Accuracy: 8635/10000(86%)
Task: -1,	 Epoch: 57/80,	 Avg.loss: 0.0005,	 Test Accuracy: 8644/10000(86%)
Task: -1,	 Epoch: 58/80,	 Avg.loss: 0.0005,	 Test Accuracy: 8646/10000(86%)
Task: -1,	 Epoch: 59/80,	 Avg.loss: 0.0005,	 Test Accuracy: 8667/10000(87%)
Task: -1,	 Epoch: 60/80,	 Avg.loss: 0.0005,	 Test Accuracy: 8635/10000(86%)
Task: -1,	 Epoch: 61/80,	 Avg.loss: 0.0005,	 Test Accuracy: 8665/10000(87%)
Task: -1,	 Epoch: 62/80,	 Avg.loss: 0.0005,	 Test Accuracy: 8646/10000(86%)
Task: -1,	 Epoch: 63/80,	 Avg.loss: 0.0005,	 Test Accuracy: 8629/10000(86%)
Task: -1,	 Epoch: 64/80,	 Avg.loss: 0.0005,	 Test Accuracy: 8655/10000(87%)
Task: -1,	 Epoch: 65/80,	 Avg.loss: 0.0005,	 Test Accuracy: 8647/10000(86%)
Task: -1,	 Epoch: 66/80,	 Avg.loss: 0.0005,	 Test Accuracy: 8656/10000(87%)
Task: -1,	 Epoch: 67/80,	 Avg.loss: 0.0005,	 Test Accuracy: 8654/10000(87%)
Task: -1,	 Epoch: 68/80,	 Avg.loss: 0.0005,	 Test Accuracy: 8639/10000(86%)
Task: -1,	 Epoch: 69/80,	 Avg.loss: 0.0005,	 Test Accuracy: 8649/10000(86%)
Task: -1,	 Epoch: 70/80,	 Avg.loss: 0.0005,	 Test Accuracy: 8666/10000(87%)
Task: -1,	 Epoch: 71/80,	 Avg.loss: 0.0005,	 Test Accuracy: 8648/10000(86%)
Task: -1,	 Epoch: 72/80,	 Avg.loss: 0.0005,	 Test Accuracy: 8648/10000(86%)
Task: -1,	 Epoch: 73/80,	 Avg.loss: 0.0005,	 Test Accuracy: 8656/10000(87%)
Task: -1,	 Epoch: 74/80,	 Avg.loss: 0.0005,	 Test Accuracy: 8668/10000(87%)
Task: -1,	 Epoch: 75/80,	 Avg.loss: 0.0005,	 Test Accuracy: 8679/10000(87%)
Task: -1,	 Epoch: 76/80,	 Avg.loss: 0.0005,	 Test Accuracy: 8671/10000(87%)
Task: -1,	 Epoch: 77/80,	 Avg.loss: 0.0005,	 Test Accuracy: 8666/10000(87%)
Task: -1,	 Epoch: 78/80,	 Avg.loss: 0.0005,	 Test Accuracy: 8677/10000(87%)
Task: -1,	 Epoch: 79/80,	 Avg.loss: 0.0005,	 Test Accuracy: 8670/10000(87%)
Task: -1,	 Epoch: 80/80,	 Avg.loss: 0.0005,	 Test Accuracy: 8678/10000(87%)
Layer        : conv1_layer.2.weight
R.histogram  : tensor([5., 5., 6., 5., 2., 1., 3., 1., 1., 3.], device='cuda:0')
R_sum max/min: -1.4/-53.1
F.num_zeros  : 0/9216
W.num_zeros  : 0/9216
O.num_zeros  : 0/9216
Layer        : conv2_layer.2.weight
R.histogram  : tensor([11., 13.,  8.,  9.,  6.,  2.,  5.,  2.,  5.,  3.], device='cuda:0')
R_sum max/min: -0.0/-57.8
F.num_zeros  : 4107/36864
W.num_zeros  : 0/36864
O.num_zeros  : 0/36864
Layer        : fc1_layer.1.weight
R.histogram  : tensor([293., 138.,  52.,  17.,   3.,   3.,   2.,   1.,   2.,   1.],
       device='cuda:0')
R_sum max/min: -0.0/-612.0
F.num_zeros  : 918648/2097152
W.num_zeros  : 0/2097152
O.num_zeros  : 0/2097152
Mask histogram
conv1_layer.2.weight: 	 tensor([   0., 8192.,    0.,    0.,    0.,    0.,    0.,    0.,    0.,    0.,
           0.], device='cuda:0')
conv2_layer.2.weight: 	 tensor([2496., 1600.,    0.,    0.,    0.,    0.,    0.,    0.,    0.,    0.,
           0.], device='cuda:0')
fc1_layer.1.weight: 	 tensor([308., 204.,   0.,   0.,   0.,   0.,   0.,   0.,   0.,   0.,   0.],
       device='cuda:0')
Task: 0,	 Epoch: 0/80,	 Avg.loss: 0.0010,	 Test Accuracy: 667/1000(67%)
Task: 0,	 Epoch: 1/80,	 Avg.loss: 0.0008,	 Test Accuracy: 721/1000(72%)
Task: 0,	 Epoch: 2/80,	 Avg.loss: 0.0007,	 Test Accuracy: 756/1000(76%)
Task: 0,	 Epoch: 3/80,	 Avg.loss: 0.0007,	 Test Accuracy: 764/1000(76%)
Task: 0,	 Epoch: 4/80,	 Avg.loss: 0.0007,	 Test Accuracy: 771/1000(77%)
Task: 0,	 Epoch: 5/80,	 Avg.loss: 0.0006,	 Test Accuracy: 773/1000(77%)
Task: 0,	 Epoch: 6/80,	 Avg.loss: 0.0006,	 Test Accuracy: 787/1000(79%)
Task: 0,	 Epoch: 7/80,	 Avg.loss: 0.0006,	 Test Accuracy: 800/1000(80%)
Task: 0,	 Epoch: 8/80,	 Avg.loss: 0.0006,	 Test Accuracy: 810/1000(81%)
Task: 0,	 Epoch: 9/80,	 Avg.loss: 0.0006,	 Test Accuracy: 808/1000(81%)
Task: 0,	 Epoch: 10/80,	 Avg.loss: 0.0005,	 Test Accuracy: 813/1000(81%)
Task: 0,	 Epoch: 11/80,	 Avg.loss: 0.0005,	 Test Accuracy: 838/1000(84%)
Task: 0,	 Epoch: 12/80,	 Avg.loss: 0.0005,	 Test Accuracy: 822/1000(82%)
Task: 0,	 Epoch: 13/80,	 Avg.loss: 0.0005,	 Test Accuracy: 821/1000(82%)
Task: 0,	 Epoch: 14/80,	 Avg.loss: 0.0005,	 Test Accuracy: 834/1000(83%)
Task: 0,	 Epoch: 15/80,	 Avg.loss: 0.0005,	 Test Accuracy: 848/1000(85%)
Task: 0,	 Epoch: 16/80,	 Avg.loss: 0.0005,	 Test Accuracy: 833/1000(83%)
Task: 0,	 Epoch: 17/80,	 Avg.loss: 0.0005,	 Test Accuracy: 831/1000(83%)
Task: 0,	 Epoch: 18/80,	 Avg.loss: 0.0006,	 Test Accuracy: 813/1000(81%)
Task: 0,	 Epoch: 19/80,	 Avg.loss: 0.0005,	 Test Accuracy: 834/1000(83%)
Task: 0,	 Epoch: 20/80,	 Avg.loss: 0.0005,	 Test Accuracy: 840/1000(84%)
Task: 0,	 Epoch: 21/80,	 Avg.loss: 0.0006,	 Test Accuracy: 821/1000(82%)
Task: 0,	 Epoch: 22/80,	 Avg.loss: 0.0005,	 Test Accuracy: 842/1000(84%)
Task: 0,	 Epoch: 23/80,	 Avg.loss: 0.0005,	 Test Accuracy: 823/1000(82%)
Task: 0,	 Epoch: 24/80,	 Avg.loss: 0.0005,	 Test Accuracy: 844/1000(84%)
Task: 0,	 Epoch: 25/80,	 Avg.loss: 0.0005,	 Test Accuracy: 839/1000(84%)
Task: 0,	 Epoch: 26/80,	 Avg.loss: 0.0005,	 Test Accuracy: 847/1000(85%)
Task: 0,	 Epoch: 27/80,	 Avg.loss: 0.0005,	 Test Accuracy: 849/1000(85%)
Task: 0,	 Epoch: 28/80,	 Avg.loss: 0.0005,	 Test Accuracy: 856/1000(86%)
Task: 0,	 Epoch: 29/80,	 Avg.loss: 0.0006,	 Test Accuracy: 833/1000(83%)
Task: 0,	 Epoch: 30/80,	 Avg.loss: 0.0005,	 Test Accuracy: 850/1000(85%)
Task: 0,	 Epoch: 31/80,	 Avg.loss: 0.0005,	 Test Accuracy: 837/1000(84%)
Task: 0,	 Epoch: 32/80,	 Avg.loss: 0.0005,	 Test Accuracy: 850/1000(85%)
Task: 0,	 Epoch: 33/80,	 Avg.loss: 0.0006,	 Test Accuracy: 831/1000(83%)
Task: 0,	 Epoch: 34/80,	 Avg.loss: 0.0005,	 Test Accuracy: 849/1000(85%)
Task: 0,	 Epoch: 35/80,	 Avg.loss: 0.0005,	 Test Accuracy: 852/1000(85%)
Task: 0,	 Epoch: 36/80,	 Avg.loss: 0.0005,	 Test Accuracy: 851/1000(85%)
Task: 0,	 Epoch: 37/80,	 Avg.loss: 0.0006,	 Test Accuracy: 825/1000(83%)
Task: 0,	 Epoch: 38/80,	 Avg.loss: 0.0006,	 Test Accuracy: 843/1000(84%)
Task: 0,	 Epoch: 39/80,	 Avg.loss: 0.0005,	 Test Accuracy: 855/1000(86%)
Task: 0,	 Epoch: 40/80,	 Avg.loss: 0.0006,	 Test Accuracy: 838/1000(84%)
Task: 0,	 Epoch: 41/80,	 Avg.loss: 0.0006,	 Test Accuracy: 850/1000(85%)
Task: 0,	 Epoch: 42/80,	 Avg.loss: 0.0006,	 Test Accuracy: 856/1000(86%)
Task: 0,	 Epoch: 43/80,	 Avg.loss: 0.0006,	 Test Accuracy: 848/1000(85%)
Task: 0,	 Epoch: 44/80,	 Avg.loss: 0.0006,	 Test Accuracy: 837/1000(84%)
Task: 0,	 Epoch: 45/80,	 Avg.loss: 0.0006,	 Test Accuracy: 839/1000(84%)
Task: 0,	 Epoch: 46/80,	 Avg.loss: 0.0007,	 Test Accuracy: 822/1000(82%)
Task: 0,	 Epoch: 47/80,	 Avg.loss: 0.0006,	 Test Accuracy: 843/1000(84%)
Task: 0,	 Epoch: 48/80,	 Avg.loss: 0.0005,	 Test Accuracy: 848/1000(85%)
Task: 0,	 Epoch: 49/80,	 Avg.loss: 0.0005,	 Test Accuracy: 857/1000(86%)
Task: 0,	 Epoch: 50/80,	 Avg.loss: 0.0005,	 Test Accuracy: 860/1000(86%)
Task: 0,	 Epoch: 51/80,	 Avg.loss: 0.0005,	 Test Accuracy: 858/1000(86%)
Task: 0,	 Epoch: 52/80,	 Avg.loss: 0.0005,	 Test Accuracy: 861/1000(86%)
Task: 0,	 Epoch: 53/80,	 Avg.loss: 0.0005,	 Test Accuracy: 858/1000(86%)
Task: 0,	 Epoch: 54/80,	 Avg.loss: 0.0005,	 Test Accuracy: 861/1000(86%)
Task: 0,	 Epoch: 55/80,	 Avg.loss: 0.0005,	 Test Accuracy: 865/1000(87%)
Task: 0,	 Epoch: 56/80,	 Avg.loss: 0.0005,	 Test Accuracy: 860/1000(86%)
Task: 0,	 Epoch: 57/80,	 Avg.loss: 0.0005,	 Test Accuracy: 864/1000(86%)
Task: 0,	 Epoch: 58/80,	 Avg.loss: 0.0005,	 Test Accuracy: 863/1000(86%)
Task: 0,	 Epoch: 59/80,	 Avg.loss: 0.0005,	 Test Accuracy: 860/1000(86%)
Task: 0,	 Epoch: 60/80,	 Avg.loss: 0.0005,	 Test Accuracy: 862/1000(86%)
Task: 0,	 Epoch: 61/80,	 Avg.loss: 0.0005,	 Test Accuracy: 865/1000(87%)
Task: 0,	 Epoch: 62/80,	 Avg.loss: 0.0005,	 Test Accuracy: 867/1000(87%)
Task: 0,	 Epoch: 63/80,	 Avg.loss: 0.0005,	 Test Accuracy: 864/1000(86%)
Task: 0,	 Epoch: 64/80,	 Avg.loss: 0.0005,	 Test Accuracy: 870/1000(87%)
Task: 0,	 Epoch: 65/80,	 Avg.loss: 0.0005,	 Test Accuracy: 864/1000(86%)
Task: 0,	 Epoch: 66/80,	 Avg.loss: 0.0005,	 Test Accuracy: 861/1000(86%)
Task: 0,	 Epoch: 67/80,	 Avg.loss: 0.0005,	 Test Accuracy: 861/1000(86%)
Task: 0,	 Epoch: 68/80,	 Avg.loss: 0.0005,	 Test Accuracy: 865/1000(87%)
Task: 0,	 Epoch: 69/80,	 Avg.loss: 0.0005,	 Test Accuracy: 866/1000(87%)
Task: 0,	 Epoch: 70/80,	 Avg.loss: 0.0005,	 Test Accuracy: 863/1000(86%)
Task: 0,	 Epoch: 71/80,	 Avg.loss: 0.0005,	 Test Accuracy: 868/1000(87%)
Task: 0,	 Epoch: 72/80,	 Avg.loss: 0.0005,	 Test Accuracy: 872/1000(87%)
Task: 0,	 Epoch: 73/80,	 Avg.loss: 0.0006,	 Test Accuracy: 862/1000(86%)
Task: 0,	 Epoch: 74/80,	 Avg.loss: 0.0006,	 Test Accuracy: 862/1000(86%)
Task: 0,	 Epoch: 75/80,	 Avg.loss: 0.0006,	 Test Accuracy: 868/1000(87%)
Task: 0,	 Epoch: 76/80,	 Avg.loss: 0.0005,	 Test Accuracy: 870/1000(87%)
Task: 0,	 Epoch: 77/80,	 Avg.loss: 0.0006,	 Test Accuracy: 869/1000(87%)
Task: 0,	 Epoch: 78/80,	 Avg.loss: 0.0006,	 Test Accuracy: 864/1000(86%)
Task: 0,	 Epoch: 79/80,	 Avg.loss: 0.0006,	 Test Accuracy: 866/1000(87%)
Trained Task:0, Loaded task:0, Accuracy:86.6%
Trained Task:0, Avg. Accuracy: 86.6 

List of avg. accuracy: [86.6]
Layer        : conv1_layer.2.weight
R.histogram  : tensor([11.,  7.,  5.,  3.,  2.,  0.,  1.,  1.,  1.,  1.], device='cuda:0')
R_sum max/min: -2.6/-67.6
F.num_zeros  : 0/9216
W.num_zeros  : 0/9216
O.num_zeros  : 0/9216
Layer        : conv2_layer.2.weight
R.histogram  : tensor([25., 21.,  8.,  3.,  2.,  2.,  1.,  0.,  0.,  2.], device='cuda:0')
R_sum max/min: -0.0/-108.2
F.num_zeros  : 4393/36864
W.num_zeros  : 0/36864
O.num_zeros  : 22689/36864
Layer        : fc1_layer.1.weight
R.histogram  : tensor([349.,  85.,  42.,  17.,   9.,   4.,   4.,   0.,   0.,   2.],
       device='cuda:0')
R_sum max/min: -0.0/-499.4
F.num_zeros  : 935215/2097152
W.num_zeros  : 0/2097152
O.num_zeros  : 1770757/2097152
Mask histogram
conv1_layer.2.weight: 	 tensor([   0.,    0., 8192.,    0.,    0.,    0.,    0.,    0.,    0.,    0.,
           0.], device='cuda:0')
conv2_layer.2.weight: 	 tensor([1920., 1152., 1024.,    0.,    0.,    0.,    0.,    0.,    0.,    0.,
           0.], device='cuda:0')
fc1_layer.1.weight: 	 tensor([270.,  76., 166.,   0.,   0.,   0.,   0.,   0.,   0.,   0.,   0.],
       device='cuda:0')
Task: 1,	 Epoch: 0/80,	 Avg.loss: 0.0011,	 Test Accuracy: 614/1000(61%)
Task: 1,	 Epoch: 1/80,	 Avg.loss: 0.0009,	 Test Accuracy: 671/1000(67%)
Task: 1,	 Epoch: 2/80,	 Avg.loss: 0.0009,	 Test Accuracy: 680/1000(68%)
Task: 1,	 Epoch: 3/80,	 Avg.loss: 0.0009,	 Test Accuracy: 673/1000(67%)
Task: 1,	 Epoch: 4/80,	 Avg.loss: 0.0008,	 Test Accuracy: 723/1000(72%)
Task: 1,	 Epoch: 5/80,	 Avg.loss: 0.0009,	 Test Accuracy: 684/1000(68%)
Task: 1,	 Epoch: 6/80,	 Avg.loss: 0.0008,	 Test Accuracy: 736/1000(74%)
Task: 1,	 Epoch: 7/80,	 Avg.loss: 0.0007,	 Test Accuracy: 744/1000(74%)
Task: 1,	 Epoch: 8/80,	 Avg.loss: 0.0008,	 Test Accuracy: 764/1000(76%)
Task: 1,	 Epoch: 9/80,	 Avg.loss: 0.0007,	 Test Accuracy: 766/1000(77%)
Task: 1,	 Epoch: 10/80,	 Avg.loss: 0.0008,	 Test Accuracy: 736/1000(74%)
Task: 1,	 Epoch: 11/80,	 Avg.loss: 0.0007,	 Test Accuracy: 760/1000(76%)
Task: 1,	 Epoch: 12/80,	 Avg.loss: 0.0007,	 Test Accuracy: 747/1000(75%)
Task: 1,	 Epoch: 13/80,	 Avg.loss: 0.0008,	 Test Accuracy: 727/1000(73%)
Task: 1,	 Epoch: 14/80,	 Avg.loss: 0.0007,	 Test Accuracy: 754/1000(75%)
Task: 1,	 Epoch: 15/80,	 Avg.loss: 0.0007,	 Test Accuracy: 760/1000(76%)
Task: 1,	 Epoch: 16/80,	 Avg.loss: 0.0007,	 Test Accuracy: 766/1000(77%)
Task: 1,	 Epoch: 17/80,	 Avg.loss: 0.0007,	 Test Accuracy: 743/1000(74%)
Task: 1,	 Epoch: 18/80,	 Avg.loss: 0.0007,	 Test Accuracy: 753/1000(75%)
Task: 1,	 Epoch: 19/80,	 Avg.loss: 0.0007,	 Test Accuracy: 778/1000(78%)
Task: 1,	 Epoch: 20/80,	 Avg.loss: 0.0007,	 Test Accuracy: 758/1000(76%)
Task: 1,	 Epoch: 21/80,	 Avg.loss: 0.0007,	 Test Accuracy: 764/1000(76%)
Task: 1,	 Epoch: 22/80,	 Avg.loss: 0.0007,	 Test Accuracy: 768/1000(77%)
Task: 1,	 Epoch: 23/80,	 Avg.loss: 0.0007,	 Test Accuracy: 762/1000(76%)
Task: 1,	 Epoch: 24/80,	 Avg.loss: 0.0007,	 Test Accuracy: 760/1000(76%)
Task: 1,	 Epoch: 25/80,	 Avg.loss: 0.0007,	 Test Accuracy: 767/1000(77%)
Task: 1,	 Epoch: 26/80,	 Avg.loss: 0.0007,	 Test Accuracy: 767/1000(77%)
Task: 1,	 Epoch: 27/80,	 Avg.loss: 0.0007,	 Test Accuracy: 761/1000(76%)
Task: 1,	 Epoch: 28/80,	 Avg.loss: 0.0007,	 Test Accuracy: 761/1000(76%)
Task: 1,	 Epoch: 29/80,	 Avg.loss: 0.0007,	 Test Accuracy: 778/1000(78%)
Task: 1,	 Epoch: 30/80,	 Avg.loss: 0.0007,	 Test Accuracy: 774/1000(77%)
Task: 1,	 Epoch: 31/80,	 Avg.loss: 0.0007,	 Test Accuracy: 758/1000(76%)
Task: 1,	 Epoch: 32/80,	 Avg.loss: 0.0007,	 Test Accuracy: 778/1000(78%)
Task: 1,	 Epoch: 33/80,	 Avg.loss: 0.0007,	 Test Accuracy: 775/1000(78%)
Task: 1,	 Epoch: 34/80,	 Avg.loss: 0.0007,	 Test Accuracy: 770/1000(77%)
Task: 1,	 Epoch: 35/80,	 Avg.loss: 0.0007,	 Test Accuracy: 768/1000(77%)
Task: 1,	 Epoch: 36/80,	 Avg.loss: 0.0007,	 Test Accuracy: 776/1000(78%)
Task: 1,	 Epoch: 37/80,	 Avg.loss: 0.0007,	 Test Accuracy: 778/1000(78%)
Task: 1,	 Epoch: 38/80,	 Avg.loss: 0.0008,	 Test Accuracy: 774/1000(77%)
Task: 1,	 Epoch: 39/80,	 Avg.loss: 0.0007,	 Test Accuracy: 782/1000(78%)
Task: 1,	 Epoch: 40/80,	 Avg.loss: 0.0007,	 Test Accuracy: 774/1000(77%)
Task: 1,	 Epoch: 41/80,	 Avg.loss: 0.0007,	 Test Accuracy: 787/1000(79%)
Task: 1,	 Epoch: 42/80,	 Avg.loss: 0.0008,	 Test Accuracy: 779/1000(78%)
Task: 1,	 Epoch: 43/80,	 Avg.loss: 0.0007,	 Test Accuracy: 793/1000(79%)
Task: 1,	 Epoch: 44/80,	 Avg.loss: 0.0007,	 Test Accuracy: 774/1000(77%)
Task: 1,	 Epoch: 45/80,	 Avg.loss: 0.0007,	 Test Accuracy: 764/1000(76%)
Task: 1,	 Epoch: 46/80,	 Avg.loss: 0.0007,	 Test Accuracy: 778/1000(78%)
Task: 1,	 Epoch: 47/80,	 Avg.loss: 0.0007,	 Test Accuracy: 768/1000(77%)
Task: 1,	 Epoch: 48/80,	 Avg.loss: 0.0008,	 Test Accuracy: 788/1000(79%)
Task: 1,	 Epoch: 49/80,	 Avg.loss: 0.0007,	 Test Accuracy: 775/1000(78%)
Task: 1,	 Epoch: 50/80,	 Avg.loss: 0.0007,	 Test Accuracy: 792/1000(79%)
Task: 1,	 Epoch: 51/80,	 Avg.loss: 0.0007,	 Test Accuracy: 791/1000(79%)
Task: 1,	 Epoch: 52/80,	 Avg.loss: 0.0007,	 Test Accuracy: 792/1000(79%)
Task: 1,	 Epoch: 53/80,	 Avg.loss: 0.0007,	 Test Accuracy: 790/1000(79%)
Task: 1,	 Epoch: 54/80,	 Avg.loss: 0.0007,	 Test Accuracy: 796/1000(80%)
Task: 1,	 Epoch: 55/80,	 Avg.loss: 0.0007,	 Test Accuracy: 792/1000(79%)
Task: 1,	 Epoch: 56/80,	 Avg.loss: 0.0007,	 Test Accuracy: 800/1000(80%)
Task: 1,	 Epoch: 57/80,	 Avg.loss: 0.0007,	 Test Accuracy: 794/1000(79%)
Task: 1,	 Epoch: 58/80,	 Avg.loss: 0.0007,	 Test Accuracy: 794/1000(79%)
Task: 1,	 Epoch: 59/80,	 Avg.loss: 0.0007,	 Test Accuracy: 792/1000(79%)
Task: 1,	 Epoch: 60/80,	 Avg.loss: 0.0007,	 Test Accuracy: 800/1000(80%)
Task: 1,	 Epoch: 61/80,	 Avg.loss: 0.0007,	 Test Accuracy: 796/1000(80%)
Task: 1,	 Epoch: 62/80,	 Avg.loss: 0.0007,	 Test Accuracy: 797/1000(80%)
Task: 1,	 Epoch: 63/80,	 Avg.loss: 0.0007,	 Test Accuracy: 799/1000(80%)
Task: 1,	 Epoch: 64/80,	 Avg.loss: 0.0007,	 Test Accuracy: 797/1000(80%)
Task: 1,	 Epoch: 65/80,	 Avg.loss: 0.0007,	 Test Accuracy: 799/1000(80%)
Task: 1,	 Epoch: 66/80,	 Avg.loss: 0.0007,	 Test Accuracy: 797/1000(80%)
Task: 1,	 Epoch: 67/80,	 Avg.loss: 0.0007,	 Test Accuracy: 798/1000(80%)
Task: 1,	 Epoch: 68/80,	 Avg.loss: 0.0007,	 Test Accuracy: 796/1000(80%)
Task: 1,	 Epoch: 69/80,	 Avg.loss: 0.0007,	 Test Accuracy: 794/1000(79%)
Task: 1,	 Epoch: 70/80,	 Avg.loss: 0.0007,	 Test Accuracy: 792/1000(79%)
Task: 1,	 Epoch: 71/80,	 Avg.loss: 0.0007,	 Test Accuracy: 791/1000(79%)
Task: 1,	 Epoch: 72/80,	 Avg.loss: 0.0007,	 Test Accuracy: 795/1000(80%)
Task: 1,	 Epoch: 73/80,	 Avg.loss: 0.0007,	 Test Accuracy: 789/1000(79%)
Task: 1,	 Epoch: 74/80,	 Avg.loss: 0.0007,	 Test Accuracy: 796/1000(80%)
Task: 1,	 Epoch: 75/80,	 Avg.loss: 0.0007,	 Test Accuracy: 800/1000(80%)
Task: 1,	 Epoch: 76/80,	 Avg.loss: 0.0007,	 Test Accuracy: 801/1000(80%)
Task: 1,	 Epoch: 77/80,	 Avg.loss: 0.0007,	 Test Accuracy: 809/1000(81%)
Task: 1,	 Epoch: 78/80,	 Avg.loss: 0.0007,	 Test Accuracy: 801/1000(80%)
Task: 1,	 Epoch: 79/80,	 Avg.loss: 0.0007,	 Test Accuracy: 802/1000(80%)
Trained Task:1, Loaded task:0, Accuracy:85.9%
Trained Task:1, Loaded task:1, Accuracy:80.2%
Trained Task:1, Avg. Accuracy: 83.1 

List of avg. accuracy: [86.6, 83.1]
Layer        : conv1_layer.2.weight
R.histogram  : tensor([15.,  8.,  4.,  2.,  1.,  1.,  0.,  0.,  0.,  1.], device='cuda:0')
R_sum max/min: -2.7/-69.5
F.num_zeros  : 0/9216
W.num_zeros  : 0/9216
O.num_zeros  : 0/9216
Layer        : conv2_layer.2.weight
R.histogram  : tensor([18., 16.,  9.,  2.,  5.,  8.,  1.,  1.,  2.,  2.], device='cuda:0')
R_sum max/min: -0.0/-79.6
F.num_zeros  : 4426/36864
W.num_zeros  : 0/36864
O.num_zeros  : 17586/36864
Layer        : fc1_layer.1.weight
R.histogram  : tensor([384.,  73.,  29.,  13.,   6.,   4.,   1.,   0.,   1.,   1.],
       device='cuda:0')
R_sum max/min: -0.0/-392.0
F.num_zeros  : 945395/2097152
W.num_zeros  : 0/2097152
O.num_zeros  : 1615942/2097152
Mask histogram
conv1_layer.2.weight: 	 tensor([   0.,    0.,    0., 8192.,    0.,    0.,    0.,    0.,    0.,    0.,
           0.], device='cuda:0')
conv2_layer.2.weight: 	 tensor([1856.,  512.,  896.,  832.,    0.,    0.,    0.,    0.,    0.,    0.,
           0.], device='cuda:0')
fc1_layer.1.weight: 	 tensor([250.,  58.,  58., 146.,   0.,   0.,   0.,   0.,   0.,   0.,   0.],
       device='cuda:0')
Task: 2,	 Epoch: 0/80,	 Avg.loss: 0.0010,	 Test Accuracy: 678/1000(68%)
Task: 2,	 Epoch: 1/80,	 Avg.loss: 0.0009,	 Test Accuracy: 705/1000(70%)
Task: 2,	 Epoch: 2/80,	 Avg.loss: 0.0008,	 Test Accuracy: 729/1000(73%)
Task: 2,	 Epoch: 3/80,	 Avg.loss: 0.0008,	 Test Accuracy: 737/1000(74%)
Task: 2,	 Epoch: 4/80,	 Avg.loss: 0.0008,	 Test Accuracy: 747/1000(75%)
Task: 2,	 Epoch: 5/80,	 Avg.loss: 0.0007,	 Test Accuracy: 753/1000(75%)
Task: 2,	 Epoch: 6/80,	 Avg.loss: 0.0008,	 Test Accuracy: 748/1000(75%)
Task: 2,	 Epoch: 7/80,	 Avg.loss: 0.0008,	 Test Accuracy: 751/1000(75%)
Task: 2,	 Epoch: 8/80,	 Avg.loss: 0.0007,	 Test Accuracy: 752/1000(75%)
Task: 2,	 Epoch: 9/80,	 Avg.loss: 0.0007,	 Test Accuracy: 759/1000(76%)
Task: 2,	 Epoch: 10/80,	 Avg.loss: 0.0007,	 Test Accuracy: 763/1000(76%)
Task: 2,	 Epoch: 11/80,	 Avg.loss: 0.0007,	 Test Accuracy: 755/1000(76%)
Task: 2,	 Epoch: 12/80,	 Avg.loss: 0.0008,	 Test Accuracy: 750/1000(75%)
Task: 2,	 Epoch: 13/80,	 Avg.loss: 0.0007,	 Test Accuracy: 759/1000(76%)
Task: 2,	 Epoch: 14/80,	 Avg.loss: 0.0007,	 Test Accuracy: 766/1000(77%)
Task: 2,	 Epoch: 15/80,	 Avg.loss: 0.0007,	 Test Accuracy: 770/1000(77%)
Task: 2,	 Epoch: 16/80,	 Avg.loss: 0.0008,	 Test Accuracy: 752/1000(75%)
Task: 2,	 Epoch: 17/80,	 Avg.loss: 0.0007,	 Test Accuracy: 768/1000(77%)
Task: 2,	 Epoch: 18/80,	 Avg.loss: 0.0008,	 Test Accuracy: 768/1000(77%)
Task: 2,	 Epoch: 19/80,	 Avg.loss: 0.0007,	 Test Accuracy: 770/1000(77%)
Task: 2,	 Epoch: 20/80,	 Avg.loss: 0.0007,	 Test Accuracy: 764/1000(76%)
Task: 2,	 Epoch: 21/80,	 Avg.loss: 0.0007,	 Test Accuracy: 774/1000(77%)
Task: 2,	 Epoch: 22/80,	 Avg.loss: 0.0007,	 Test Accuracy: 777/1000(78%)
Task: 2,	 Epoch: 23/80,	 Avg.loss: 0.0007,	 Test Accuracy: 768/1000(77%)
Task: 2,	 Epoch: 24/80,	 Avg.loss: 0.0007,	 Test Accuracy: 783/1000(78%)
Task: 2,	 Epoch: 25/80,	 Avg.loss: 0.0007,	 Test Accuracy: 768/1000(77%)
Task: 2,	 Epoch: 26/80,	 Avg.loss: 0.0007,	 Test Accuracy: 780/1000(78%)
Task: 2,	 Epoch: 27/80,	 Avg.loss: 0.0007,	 Test Accuracy: 774/1000(77%)
Task: 2,	 Epoch: 28/80,	 Avg.loss: 0.0007,	 Test Accuracy: 768/1000(77%)
Task: 2,	 Epoch: 29/80,	 Avg.loss: 0.0007,	 Test Accuracy: 768/1000(77%)
Task: 2,	 Epoch: 30/80,	 Avg.loss: 0.0007,	 Test Accuracy: 778/1000(78%)
Task: 2,	 Epoch: 31/80,	 Avg.loss: 0.0007,	 Test Accuracy: 781/1000(78%)
Task: 2,	 Epoch: 32/80,	 Avg.loss: 0.0007,	 Test Accuracy: 777/1000(78%)
Task: 2,	 Epoch: 33/80,	 Avg.loss: 0.0007,	 Test Accuracy: 782/1000(78%)
Task: 2,	 Epoch: 34/80,	 Avg.loss: 0.0007,	 Test Accuracy: 774/1000(77%)
Task: 2,	 Epoch: 35/80,	 Avg.loss: 0.0007,	 Test Accuracy: 778/1000(78%)
Task: 2,	 Epoch: 36/80,	 Avg.loss: 0.0007,	 Test Accuracy: 785/1000(78%)
Task: 2,	 Epoch: 37/80,	 Avg.loss: 0.0007,	 Test Accuracy: 775/1000(78%)
Task: 2,	 Epoch: 38/80,	 Avg.loss: 0.0007,	 Test Accuracy: 773/1000(77%)
Task: 2,	 Epoch: 39/80,	 Avg.loss: 0.0008,	 Test Accuracy: 787/1000(79%)
Task: 2,	 Epoch: 40/80,	 Avg.loss: 0.0007,	 Test Accuracy: 780/1000(78%)
Task: 2,	 Epoch: 41/80,	 Avg.loss: 0.0007,	 Test Accuracy: 780/1000(78%)
Task: 2,	 Epoch: 42/80,	 Avg.loss: 0.0007,	 Test Accuracy: 779/1000(78%)
Task: 2,	 Epoch: 43/80,	 Avg.loss: 0.0007,	 Test Accuracy: 781/1000(78%)
Task: 2,	 Epoch: 44/80,	 Avg.loss: 0.0007,	 Test Accuracy: 786/1000(79%)
Task: 2,	 Epoch: 45/80,	 Avg.loss: 0.0007,	 Test Accuracy: 773/1000(77%)
Task: 2,	 Epoch: 46/80,	 Avg.loss: 0.0007,	 Test Accuracy: 777/1000(78%)
Task: 2,	 Epoch: 47/80,	 Avg.loss: 0.0007,	 Test Accuracy: 782/1000(78%)
Task: 2,	 Epoch: 48/80,	 Avg.loss: 0.0007,	 Test Accuracy: 785/1000(78%)
Task: 2,	 Epoch: 49/80,	 Avg.loss: 0.0007,	 Test Accuracy: 787/1000(79%)
Task: 2,	 Epoch: 50/80,	 Avg.loss: 0.0007,	 Test Accuracy: 787/1000(79%)
Task: 2,	 Epoch: 51/80,	 Avg.loss: 0.0007,	 Test Accuracy: 787/1000(79%)
Task: 2,	 Epoch: 52/80,	 Avg.loss: 0.0007,	 Test Accuracy: 782/1000(78%)
Task: 2,	 Epoch: 53/80,	 Avg.loss: 0.0007,	 Test Accuracy: 784/1000(78%)
Task: 2,	 Epoch: 54/80,	 Avg.loss: 0.0007,	 Test Accuracy: 790/1000(79%)
Task: 2,	 Epoch: 55/80,	 Avg.loss: 0.0007,	 Test Accuracy: 788/1000(79%)
Task: 2,	 Epoch: 56/80,	 Avg.loss: 0.0007,	 Test Accuracy: 786/1000(79%)
Task: 2,	 Epoch: 57/80,	 Avg.loss: 0.0007,	 Test Accuracy: 790/1000(79%)
Task: 2,	 Epoch: 58/80,	 Avg.loss: 0.0007,	 Test Accuracy: 792/1000(79%)
Task: 2,	 Epoch: 59/80,	 Avg.loss: 0.0007,	 Test Accuracy: 794/1000(79%)
Task: 2,	 Epoch: 60/80,	 Avg.loss: 0.0007,	 Test Accuracy: 793/1000(79%)
Task: 2,	 Epoch: 61/80,	 Avg.loss: 0.0007,	 Test Accuracy: 788/1000(79%)
Task: 2,	 Epoch: 62/80,	 Avg.loss: 0.0007,	 Test Accuracy: 791/1000(79%)
Task: 2,	 Epoch: 63/80,	 Avg.loss: 0.0007,	 Test Accuracy: 790/1000(79%)
Task: 2,	 Epoch: 64/80,	 Avg.loss: 0.0007,	 Test Accuracy: 790/1000(79%)
Task: 2,	 Epoch: 65/80,	 Avg.loss: 0.0007,	 Test Accuracy: 788/1000(79%)
Task: 2,	 Epoch: 66/80,	 Avg.loss: 0.0007,	 Test Accuracy: 791/1000(79%)
Task: 2,	 Epoch: 67/80,	 Avg.loss: 0.0007,	 Test Accuracy: 798/1000(80%)
Task: 2,	 Epoch: 68/80,	 Avg.loss: 0.0007,	 Test Accuracy: 787/1000(79%)
Task: 2,	 Epoch: 69/80,	 Avg.loss: 0.0007,	 Test Accuracy: 789/1000(79%)
Task: 2,	 Epoch: 70/80,	 Avg.loss: 0.0007,	 Test Accuracy: 793/1000(79%)
Task: 2,	 Epoch: 71/80,	 Avg.loss: 0.0007,	 Test Accuracy: 789/1000(79%)
Task: 2,	 Epoch: 72/80,	 Avg.loss: 0.0007,	 Test Accuracy: 789/1000(79%)
Task: 2,	 Epoch: 73/80,	 Avg.loss: 0.0007,	 Test Accuracy: 789/1000(79%)
Task: 2,	 Epoch: 74/80,	 Avg.loss: 0.0007,	 Test Accuracy: 792/1000(79%)
Task: 2,	 Epoch: 75/80,	 Avg.loss: 0.0007,	 Test Accuracy: 788/1000(79%)
Task: 2,	 Epoch: 76/80,	 Avg.loss: 0.0007,	 Test Accuracy: 793/1000(79%)
Task: 2,	 Epoch: 77/80,	 Avg.loss: 0.0007,	 Test Accuracy: 787/1000(79%)
Task: 2,	 Epoch: 78/80,	 Avg.loss: 0.0007,	 Test Accuracy: 786/1000(79%)
Task: 2,	 Epoch: 79/80,	 Avg.loss: 0.0007,	 Test Accuracy: 787/1000(79%)
Trained Task:2, Loaded task:0, Accuracy:85.7%
Trained Task:2, Loaded task:1, Accuracy:79.7%
Trained Task:2, Loaded task:2, Accuracy:78.7%
Trained Task:2, Avg. Accuracy: 81.4 

List of avg. accuracy: [86.6, 83.1, 81.4]
Layer        : conv1_layer.2.weight
R.histogram  : tensor([7., 4., 9., 6., 3., 2., 0., 0., 0., 1.], device='cuda:0')
R_sum max/min: -2.0/-62.6
F.num_zeros  : 0/9216
W.num_zeros  : 0/9216
O.num_zeros  : 0/9216
Layer        : conv2_layer.2.weight
R.histogram  : tensor([32., 11., 12.,  6.,  2.,  0.,  0.,  0.,  0.,  1.], device='cuda:0')
R_sum max/min: -0.0/-102.8
F.num_zeros  : 4399/36864
W.num_zeros  : 0/36864
O.num_zeros  : 17019/36864
Layer        : fc1_layer.1.weight
R.histogram  : tensor([351.,  76.,  28.,  25.,  12.,   6.,   7.,   4.,   2.,   1.],
       device='cuda:0')
R_sum max/min: -0.0/-580.9
F.num_zeros  : 952739/2097152
W.num_zeros  : 0/2097152
O.num_zeros  : 1562952/2097152
Mask histogram
conv1_layer.2.weight: 	 tensor([   0.,    0.,    0.,    0., 8192.,    0.,    0.,    0.,    0.,    0.,
           0.], device='cuda:0')
conv2_layer.2.weight: 	 tensor([1664.,  448.,  576.,  832.,  576.,    0.,    0.,    0.,    0.,    0.,
           0.], device='cuda:0')
fc1_layer.1.weight: 	 tensor([247.,  37.,  32.,  69., 127.,   0.,   0.,   0.,   0.,   0.,   0.],
       device='cuda:0')
Task: 3,	 Epoch: 0/80,	 Avg.loss: 0.0011,	 Test Accuracy: 615/1000(62%)
Task: 3,	 Epoch: 1/80,	 Avg.loss: 0.0011,	 Test Accuracy: 624/1000(62%)
Task: 3,	 Epoch: 2/80,	 Avg.loss: 0.0010,	 Test Accuracy: 657/1000(66%)
Task: 3,	 Epoch: 3/80,	 Avg.loss: 0.0010,	 Test Accuracy: 666/1000(67%)
Task: 3,	 Epoch: 4/80,	 Avg.loss: 0.0009,	 Test Accuracy: 682/1000(68%)
Task: 3,	 Epoch: 5/80,	 Avg.loss: 0.0009,	 Test Accuracy: 702/1000(70%)
Task: 3,	 Epoch: 6/80,	 Avg.loss: 0.0009,	 Test Accuracy: 702/1000(70%)
Task: 3,	 Epoch: 7/80,	 Avg.loss: 0.0009,	 Test Accuracy: 689/1000(69%)
Task: 3,	 Epoch: 8/80,	 Avg.loss: 0.0009,	 Test Accuracy: 702/1000(70%)
Task: 3,	 Epoch: 9/80,	 Avg.loss: 0.0009,	 Test Accuracy: 700/1000(70%)
Task: 3,	 Epoch: 10/80,	 Avg.loss: 0.0009,	 Test Accuracy: 709/1000(71%)
Task: 3,	 Epoch: 11/80,	 Avg.loss: 0.0009,	 Test Accuracy: 709/1000(71%)
Task: 3,	 Epoch: 12/80,	 Avg.loss: 0.0009,	 Test Accuracy: 704/1000(70%)
Task: 3,	 Epoch: 13/80,	 Avg.loss: 0.0009,	 Test Accuracy: 726/1000(73%)
Task: 3,	 Epoch: 14/80,	 Avg.loss: 0.0008,	 Test Accuracy: 726/1000(73%)
Task: 3,	 Epoch: 15/80,	 Avg.loss: 0.0009,	 Test Accuracy: 716/1000(72%)
Task: 3,	 Epoch: 16/80,	 Avg.loss: 0.0009,	 Test Accuracy: 722/1000(72%)
Task: 3,	 Epoch: 17/80,	 Avg.loss: 0.0009,	 Test Accuracy: 704/1000(70%)
Task: 3,	 Epoch: 18/80,	 Avg.loss: 0.0008,	 Test Accuracy: 732/1000(73%)
Task: 3,	 Epoch: 19/80,	 Avg.loss: 0.0009,	 Test Accuracy: 720/1000(72%)
Task: 3,	 Epoch: 20/80,	 Avg.loss: 0.0008,	 Test Accuracy: 738/1000(74%)
Task: 3,	 Epoch: 21/80,	 Avg.loss: 0.0008,	 Test Accuracy: 737/1000(74%)
Task: 3,	 Epoch: 22/80,	 Avg.loss: 0.0008,	 Test Accuracy: 738/1000(74%)
Task: 3,	 Epoch: 23/80,	 Avg.loss: 0.0008,	 Test Accuracy: 740/1000(74%)
Task: 3,	 Epoch: 24/80,	 Avg.loss: 0.0008,	 Test Accuracy: 744/1000(74%)
Task: 3,	 Epoch: 25/80,	 Avg.loss: 0.0008,	 Test Accuracy: 727/1000(73%)
Task: 3,	 Epoch: 26/80,	 Avg.loss: 0.0009,	 Test Accuracy: 725/1000(72%)
Task: 3,	 Epoch: 27/80,	 Avg.loss: 0.0008,	 Test Accuracy: 727/1000(73%)
Task: 3,	 Epoch: 28/80,	 Avg.loss: 0.0008,	 Test Accuracy: 743/1000(74%)
Task: 3,	 Epoch: 29/80,	 Avg.loss: 0.0008,	 Test Accuracy: 749/1000(75%)
Task: 3,	 Epoch: 30/80,	 Avg.loss: 0.0008,	 Test Accuracy: 728/1000(73%)
Task: 3,	 Epoch: 31/80,	 Avg.loss: 0.0008,	 Test Accuracy: 747/1000(75%)
Task: 3,	 Epoch: 32/80,	 Avg.loss: 0.0008,	 Test Accuracy: 741/1000(74%)
Task: 3,	 Epoch: 33/80,	 Avg.loss: 0.0008,	 Test Accuracy: 740/1000(74%)
Task: 3,	 Epoch: 34/80,	 Avg.loss: 0.0008,	 Test Accuracy: 737/1000(74%)
Task: 3,	 Epoch: 35/80,	 Avg.loss: 0.0008,	 Test Accuracy: 732/1000(73%)
Task: 3,	 Epoch: 36/80,	 Avg.loss: 0.0008,	 Test Accuracy: 739/1000(74%)
Task: 3,	 Epoch: 37/80,	 Avg.loss: 0.0008,	 Test Accuracy: 745/1000(74%)
Task: 3,	 Epoch: 38/80,	 Avg.loss: 0.0008,	 Test Accuracy: 736/1000(74%)
Task: 3,	 Epoch: 39/80,	 Avg.loss: 0.0008,	 Test Accuracy: 736/1000(74%)
Task: 3,	 Epoch: 40/80,	 Avg.loss: 0.0008,	 Test Accuracy: 732/1000(73%)
Task: 3,	 Epoch: 41/80,	 Avg.loss: 0.0008,	 Test Accuracy: 755/1000(76%)
Task: 3,	 Epoch: 42/80,	 Avg.loss: 0.0008,	 Test Accuracy: 754/1000(75%)
Task: 3,	 Epoch: 43/80,	 Avg.loss: 0.0008,	 Test Accuracy: 749/1000(75%)
Task: 3,	 Epoch: 44/80,	 Avg.loss: 0.0008,	 Test Accuracy: 747/1000(75%)
Task: 3,	 Epoch: 45/80,	 Avg.loss: 0.0008,	 Test Accuracy: 744/1000(74%)
Task: 3,	 Epoch: 46/80,	 Avg.loss: 0.0008,	 Test Accuracy: 767/1000(77%)
Task: 3,	 Epoch: 47/80,	 Avg.loss: 0.0008,	 Test Accuracy: 745/1000(74%)
Task: 3,	 Epoch: 48/80,	 Avg.loss: 0.0008,	 Test Accuracy: 751/1000(75%)
Task: 3,	 Epoch: 49/80,	 Avg.loss: 0.0008,	 Test Accuracy: 728/1000(73%)
Task: 3,	 Epoch: 50/80,	 Avg.loss: 0.0008,	 Test Accuracy: 757/1000(76%)
Task: 3,	 Epoch: 51/80,	 Avg.loss: 0.0008,	 Test Accuracy: 759/1000(76%)
Task: 3,	 Epoch: 52/80,	 Avg.loss: 0.0008,	 Test Accuracy: 760/1000(76%)
Task: 3,	 Epoch: 53/80,	 Avg.loss: 0.0008,	 Test Accuracy: 758/1000(76%)
Task: 3,	 Epoch: 54/80,	 Avg.loss: 0.0008,	 Test Accuracy: 763/1000(76%)
Task: 3,	 Epoch: 55/80,	 Avg.loss: 0.0008,	 Test Accuracy: 756/1000(76%)
Task: 3,	 Epoch: 56/80,	 Avg.loss: 0.0008,	 Test Accuracy: 765/1000(76%)
Task: 3,	 Epoch: 57/80,	 Avg.loss: 0.0008,	 Test Accuracy: 763/1000(76%)
Task: 3,	 Epoch: 58/80,	 Avg.loss: 0.0008,	 Test Accuracy: 768/1000(77%)
Task: 3,	 Epoch: 59/80,	 Avg.loss: 0.0008,	 Test Accuracy: 763/1000(76%)
Task: 3,	 Epoch: 60/80,	 Avg.loss: 0.0008,	 Test Accuracy: 764/1000(76%)
Task: 3,	 Epoch: 61/80,	 Avg.loss: 0.0008,	 Test Accuracy: 765/1000(76%)
Task: 3,	 Epoch: 62/80,	 Avg.loss: 0.0008,	 Test Accuracy: 763/1000(76%)
Task: 3,	 Epoch: 63/80,	 Avg.loss: 0.0008,	 Test Accuracy: 764/1000(76%)
Task: 3,	 Epoch: 64/80,	 Avg.loss: 0.0008,	 Test Accuracy: 767/1000(77%)
Task: 3,	 Epoch: 65/80,	 Avg.loss: 0.0008,	 Test Accuracy: 769/1000(77%)
Task: 3,	 Epoch: 66/80,	 Avg.loss: 0.0008,	 Test Accuracy: 757/1000(76%)
Task: 3,	 Epoch: 67/80,	 Avg.loss: 0.0008,	 Test Accuracy: 761/1000(76%)
Task: 3,	 Epoch: 68/80,	 Avg.loss: 0.0008,	 Test Accuracy: 765/1000(76%)
Task: 3,	 Epoch: 69/80,	 Avg.loss: 0.0008,	 Test Accuracy: 763/1000(76%)
Task: 3,	 Epoch: 70/80,	 Avg.loss: 0.0008,	 Test Accuracy: 761/1000(76%)
Task: 3,	 Epoch: 71/80,	 Avg.loss: 0.0008,	 Test Accuracy: 767/1000(77%)
Task: 3,	 Epoch: 72/80,	 Avg.loss: 0.0008,	 Test Accuracy: 761/1000(76%)
Task: 3,	 Epoch: 73/80,	 Avg.loss: 0.0008,	 Test Accuracy: 764/1000(76%)
Task: 3,	 Epoch: 74/80,	 Avg.loss: 0.0008,	 Test Accuracy: 761/1000(76%)
Task: 3,	 Epoch: 75/80,	 Avg.loss: 0.0008,	 Test Accuracy: 765/1000(76%)
Task: 3,	 Epoch: 76/80,	 Avg.loss: 0.0008,	 Test Accuracy: 759/1000(76%)
Task: 3,	 Epoch: 77/80,	 Avg.loss: 0.0008,	 Test Accuracy: 764/1000(76%)
Task: 3,	 Epoch: 78/80,	 Avg.loss: 0.0008,	 Test Accuracy: 759/1000(76%)
Task: 3,	 Epoch: 79/80,	 Avg.loss: 0.0008,	 Test Accuracy: 762/1000(76%)
Trained Task:3, Loaded task:0, Accuracy:86.1%
Trained Task:3, Loaded task:1, Accuracy:79.5%
Trained Task:3, Loaded task:2, Accuracy:79.3%
Trained Task:3, Loaded task:3, Accuracy:76.2%
Trained Task:3, Avg. Accuracy: 80.3 

List of avg. accuracy: [86.6, 83.1, 81.4, 80.3]
Layer        : conv1_layer.2.weight
R.histogram  : tensor([12., 10.,  2.,  4.,  2.,  1.,  0.,  0.,  0.,  1.], device='cuda:0')
R_sum max/min: -3.1/-77.4
F.num_zeros  : 0/9216
W.num_zeros  : 0/9216
O.num_zeros  : 0/9216
Layer        : conv2_layer.2.weight
R.histogram  : tensor([26., 16.,  5.,  5.,  7.,  1.,  0.,  1.,  2.,  1.], device='cuda:0')
R_sum max/min: -0.0/-115.3
F.num_zeros  : 4348/36864
W.num_zeros  : 0/36864
O.num_zeros  : 15318/36864
Layer        : fc1_layer.1.weight
R.histogram  : tensor([427.,  52.,  17.,   7.,   3.,   3.,   1.,   0.,   1.,   1.],
       device='cuda:0')
R_sum max/min: -0.0/-609.3
F.num_zeros  : 975964/2097152
W.num_zeros  : 0/2097152
O.num_zeros  : 1506668/2097152
Mask histogram
conv1_layer.2.weight: 	 tensor([   0.,    0.,    0.,    0.,    0., 8192.,    0.,    0.,    0.,    0.,
           0.], device='cuda:0')
conv2_layer.2.weight: 	 tensor([1664.,  256.,  256.,  768.,  832.,  320.,    0.,    0.,    0.,    0.,
           0.], device='cuda:0')
fc1_layer.1.weight: 	 tensor([242.,  31.,  16.,  45.,  68., 110.,   0.,   0.,   0.,   0.,   0.],
       device='cuda:0')
Task: 4,	 Epoch: 0/80,	 Avg.loss: 0.0012,	 Test Accuracy: 639/1000(64%)
Task: 4,	 Epoch: 1/80,	 Avg.loss: 0.0010,	 Test Accuracy: 650/1000(65%)
Task: 4,	 Epoch: 2/80,	 Avg.loss: 0.0010,	 Test Accuracy: 689/1000(69%)
Task: 4,	 Epoch: 3/80,	 Avg.loss: 0.0009,	 Test Accuracy: 719/1000(72%)
Task: 4,	 Epoch: 4/80,	 Avg.loss: 0.0009,	 Test Accuracy: 711/1000(71%)
Task: 4,	 Epoch: 5/80,	 Avg.loss: 0.0009,	 Test Accuracy: 711/1000(71%)
Task: 4,	 Epoch: 6/80,	 Avg.loss: 0.0010,	 Test Accuracy: 688/1000(69%)
Task: 4,	 Epoch: 7/80,	 Avg.loss: 0.0009,	 Test Accuracy: 712/1000(71%)
Task: 4,	 Epoch: 8/80,	 Avg.loss: 0.0009,	 Test Accuracy: 708/1000(71%)
Task: 4,	 Epoch: 9/80,	 Avg.loss: 0.0008,	 Test Accuracy: 726/1000(73%)
Task: 4,	 Epoch: 10/80,	 Avg.loss: 0.0008,	 Test Accuracy: 723/1000(72%)
Task: 4,	 Epoch: 11/80,	 Avg.loss: 0.0008,	 Test Accuracy: 747/1000(75%)
Task: 4,	 Epoch: 12/80,	 Avg.loss: 0.0008,	 Test Accuracy: 725/1000(72%)
Task: 4,	 Epoch: 13/80,	 Avg.loss: 0.0008,	 Test Accuracy: 748/1000(75%)
Task: 4,	 Epoch: 14/80,	 Avg.loss: 0.0009,	 Test Accuracy: 730/1000(73%)
Task: 4,	 Epoch: 15/80,	 Avg.loss: 0.0008,	 Test Accuracy: 732/1000(73%)
Task: 4,	 Epoch: 16/80,	 Avg.loss: 0.0008,	 Test Accuracy: 744/1000(74%)
Task: 4,	 Epoch: 17/80,	 Avg.loss: 0.0009,	 Test Accuracy: 709/1000(71%)
Task: 4,	 Epoch: 18/80,	 Avg.loss: 0.0008,	 Test Accuracy: 743/1000(74%)
Task: 4,	 Epoch: 19/80,	 Avg.loss: 0.0008,	 Test Accuracy: 757/1000(76%)
Task: 4,	 Epoch: 20/80,	 Avg.loss: 0.0009,	 Test Accuracy: 714/1000(71%)
Task: 4,	 Epoch: 21/80,	 Avg.loss: 0.0008,	 Test Accuracy: 746/1000(75%)
Task: 4,	 Epoch: 22/80,	 Avg.loss: 0.0008,	 Test Accuracy: 728/1000(73%)
Task: 4,	 Epoch: 23/80,	 Avg.loss: 0.0008,	 Test Accuracy: 740/1000(74%)
Task: 4,	 Epoch: 24/80,	 Avg.loss: 0.0008,	 Test Accuracy: 719/1000(72%)
Task: 4,	 Epoch: 25/80,	 Avg.loss: 0.0008,	 Test Accuracy: 753/1000(75%)
Task: 4,	 Epoch: 26/80,	 Avg.loss: 0.0008,	 Test Accuracy: 747/1000(75%)
Task: 4,	 Epoch: 27/80,	 Avg.loss: 0.0008,	 Test Accuracy: 743/1000(74%)
Task: 4,	 Epoch: 28/80,	 Avg.loss: 0.0008,	 Test Accuracy: 751/1000(75%)
Task: 4,	 Epoch: 29/80,	 Avg.loss: 0.0008,	 Test Accuracy: 754/1000(75%)
Task: 4,	 Epoch: 30/80,	 Avg.loss: 0.0008,	 Test Accuracy: 763/1000(76%)
Task: 4,	 Epoch: 31/80,	 Avg.loss: 0.0008,	 Test Accuracy: 744/1000(74%)
Task: 4,	 Epoch: 32/80,	 Avg.loss: 0.0008,	 Test Accuracy: 756/1000(76%)
Task: 4,	 Epoch: 33/80,	 Avg.loss: 0.0008,	 Test Accuracy: 756/1000(76%)
Task: 4,	 Epoch: 34/80,	 Avg.loss: 0.0008,	 Test Accuracy: 753/1000(75%)
Task: 4,	 Epoch: 35/80,	 Avg.loss: 0.0008,	 Test Accuracy: 756/1000(76%)
Task: 4,	 Epoch: 36/80,	 Avg.loss: 0.0008,	 Test Accuracy: 750/1000(75%)
Task: 4,	 Epoch: 37/80,	 Avg.loss: 0.0008,	 Test Accuracy: 760/1000(76%)
Task: 4,	 Epoch: 38/80,	 Avg.loss: 0.0008,	 Test Accuracy: 749/1000(75%)
Task: 4,	 Epoch: 39/80,	 Avg.loss: 0.0008,	 Test Accuracy: 743/1000(74%)
Task: 4,	 Epoch: 40/80,	 Avg.loss: 0.0008,	 Test Accuracy: 758/1000(76%)
Task: 4,	 Epoch: 41/80,	 Avg.loss: 0.0008,	 Test Accuracy: 738/1000(74%)
Task: 4,	 Epoch: 42/80,	 Avg.loss: 0.0008,	 Test Accuracy: 765/1000(76%)
Task: 4,	 Epoch: 43/80,	 Avg.loss: 0.0008,	 Test Accuracy: 758/1000(76%)
Task: 4,	 Epoch: 44/80,	 Avg.loss: 0.0008,	 Test Accuracy: 759/1000(76%)
Task: 4,	 Epoch: 45/80,	 Avg.loss: 0.0008,	 Test Accuracy: 764/1000(76%)
Task: 4,	 Epoch: 46/80,	 Avg.loss: 0.0008,	 Test Accuracy: 748/1000(75%)
Task: 4,	 Epoch: 47/80,	 Avg.loss: 0.0008,	 Test Accuracy: 745/1000(74%)
Task: 4,	 Epoch: 48/80,	 Avg.loss: 0.0008,	 Test Accuracy: 766/1000(77%)
Task: 4,	 Epoch: 49/80,	 Avg.loss: 0.0008,	 Test Accuracy: 764/1000(76%)
Task: 4,	 Epoch: 50/80,	 Avg.loss: 0.0007,	 Test Accuracy: 761/1000(76%)
Task: 4,	 Epoch: 51/80,	 Avg.loss: 0.0008,	 Test Accuracy: 767/1000(77%)
Task: 4,	 Epoch: 52/80,	 Avg.loss: 0.0007,	 Test Accuracy: 768/1000(77%)
Task: 4,	 Epoch: 53/80,	 Avg.loss: 0.0007,	 Test Accuracy: 770/1000(77%)
Task: 4,	 Epoch: 54/80,	 Avg.loss: 0.0007,	 Test Accuracy: 768/1000(77%)
Task: 4,	 Epoch: 55/80,	 Avg.loss: 0.0007,	 Test Accuracy: 765/1000(76%)
Task: 4,	 Epoch: 56/80,	 Avg.loss: 0.0007,	 Test Accuracy: 766/1000(77%)
Task: 4,	 Epoch: 57/80,	 Avg.loss: 0.0007,	 Test Accuracy: 768/1000(77%)
Task: 4,	 Epoch: 58/80,	 Avg.loss: 0.0007,	 Test Accuracy: 768/1000(77%)
Task: 4,	 Epoch: 59/80,	 Avg.loss: 0.0007,	 Test Accuracy: 768/1000(77%)
Task: 4,	 Epoch: 60/80,	 Avg.loss: 0.0007,	 Test Accuracy: 767/1000(77%)
Task: 4,	 Epoch: 61/80,	 Avg.loss: 0.0007,	 Test Accuracy: 768/1000(77%)
Task: 4,	 Epoch: 62/80,	 Avg.loss: 0.0007,	 Test Accuracy: 769/1000(77%)
Task: 4,	 Epoch: 63/80,	 Avg.loss: 0.0007,	 Test Accuracy: 771/1000(77%)
Task: 4,	 Epoch: 64/80,	 Avg.loss: 0.0007,	 Test Accuracy: 771/1000(77%)
Task: 4,	 Epoch: 65/80,	 Avg.loss: 0.0007,	 Test Accuracy: 768/1000(77%)
Task: 4,	 Epoch: 66/80,	 Avg.loss: 0.0007,	 Test Accuracy: 761/1000(76%)
Task: 4,	 Epoch: 67/80,	 Avg.loss: 0.0007,	 Test Accuracy: 771/1000(77%)
Task: 4,	 Epoch: 68/80,	 Avg.loss: 0.0007,	 Test Accuracy: 773/1000(77%)
Task: 4,	 Epoch: 69/80,	 Avg.loss: 0.0007,	 Test Accuracy: 774/1000(77%)
Task: 4,	 Epoch: 70/80,	 Avg.loss: 0.0007,	 Test Accuracy: 768/1000(77%)
Task: 4,	 Epoch: 71/80,	 Avg.loss: 0.0007,	 Test Accuracy: 775/1000(78%)
Task: 4,	 Epoch: 72/80,	 Avg.loss: 0.0007,	 Test Accuracy: 773/1000(77%)
Task: 4,	 Epoch: 73/80,	 Avg.loss: 0.0007,	 Test Accuracy: 779/1000(78%)
Task: 4,	 Epoch: 74/80,	 Avg.loss: 0.0007,	 Test Accuracy: 769/1000(77%)
Task: 4,	 Epoch: 75/80,	 Avg.loss: 0.0007,	 Test Accuracy: 774/1000(77%)
Task: 4,	 Epoch: 76/80,	 Avg.loss: 0.0007,	 Test Accuracy: 769/1000(77%)
Task: 4,	 Epoch: 77/80,	 Avg.loss: 0.0007,	 Test Accuracy: 776/1000(78%)
Task: 4,	 Epoch: 78/80,	 Avg.loss: 0.0007,	 Test Accuracy: 768/1000(77%)
Task: 4,	 Epoch: 79/80,	 Avg.loss: 0.0007,	 Test Accuracy: 769/1000(77%)
Trained Task:4, Loaded task:0, Accuracy:86.0%
Trained Task:4, Loaded task:1, Accuracy:79.7%
Trained Task:4, Loaded task:2, Accuracy:79.5%
Trained Task:4, Loaded task:3, Accuracy:76.3%
Trained Task:4, Loaded task:4, Accuracy:76.9%
Trained Task:4, Avg. Accuracy: 79.7 

List of avg. accuracy: [86.6, 83.1, 81.4, 80.3, 79.7]
Layer        : conv1_layer.2.weight
R.histogram  : tensor([12., 12.,  4.,  3.,  0.,  0.,  0.,  0.,  0.,  1.], device='cuda:0')
R_sum max/min: -2.8/-84.4
F.num_zeros  : 0/9216
W.num_zeros  : 0/9216
O.num_zeros  : 0/9216
Layer        : conv2_layer.2.weight
R.histogram  : tensor([36.,  6.,  9.,  7.,  3.,  1.,  0.,  0.,  1.,  1.], device='cuda:0')
R_sum max/min: -0.0/-105.8
F.num_zeros  : 4311/36864
W.num_zeros  : 0/36864
O.num_zeros  : 15318/36864
Layer        : fc1_layer.1.weight
R.histogram  : tensor([387.,  49.,  33.,  20.,   6.,   8.,   2.,   4.,   2.,   1.],
       device='cuda:0')
R_sum max/min: -0.0/-577.0
F.num_zeros  : 972331/2097152
W.num_zeros  : 0/2097152
O.num_zeros  : 1486185/2097152
Mask histogram
conv1_layer.2.weight: 	 tensor([   0.,    0.,    0.,    0.,    0.,    0., 8192.,    0.,    0.,    0.,
           0.], device='cuda:0')
conv2_layer.2.weight: 	 tensor([1600.,  320.,   64.,  448.,  768.,  640.,  256.,    0.,    0.,    0.,
           0.], device='cuda:0')
fc1_layer.1.weight: 	 tensor([242.,  23.,  13.,  28.,  44.,  57., 105.,   0.,   0.,   0.,   0.],
       device='cuda:0')
Task: 5,	 Epoch: 0/80,	 Avg.loss: 0.0011,	 Test Accuracy: 609/1000(61%)
Task: 5,	 Epoch: 1/80,	 Avg.loss: 0.0009,	 Test Accuracy: 675/1000(68%)
Task: 5,	 Epoch: 2/80,	 Avg.loss: 0.0009,	 Test Accuracy: 672/1000(67%)
Task: 5,	 Epoch: 3/80,	 Avg.loss: 0.0009,	 Test Accuracy: 681/1000(68%)
Task: 5,	 Epoch: 4/80,	 Avg.loss: 0.0009,	 Test Accuracy: 712/1000(71%)
Task: 5,	 Epoch: 5/80,	 Avg.loss: 0.0008,	 Test Accuracy: 701/1000(70%)
Task: 5,	 Epoch: 6/80,	 Avg.loss: 0.0008,	 Test Accuracy: 708/1000(71%)
Task: 5,	 Epoch: 7/80,	 Avg.loss: 0.0009,	 Test Accuracy: 693/1000(69%)
Task: 5,	 Epoch: 8/80,	 Avg.loss: 0.0008,	 Test Accuracy: 726/1000(73%)
Task: 5,	 Epoch: 9/80,	 Avg.loss: 0.0008,	 Test Accuracy: 712/1000(71%)
Task: 5,	 Epoch: 10/80,	 Avg.loss: 0.0008,	 Test Accuracy: 712/1000(71%)
Task: 5,	 Epoch: 11/80,	 Avg.loss: 0.0008,	 Test Accuracy: 741/1000(74%)
Task: 5,	 Epoch: 12/80,	 Avg.loss: 0.0008,	 Test Accuracy: 726/1000(73%)
Task: 5,	 Epoch: 13/80,	 Avg.loss: 0.0008,	 Test Accuracy: 724/1000(72%)
Task: 5,	 Epoch: 14/80,	 Avg.loss: 0.0008,	 Test Accuracy: 713/1000(71%)
Task: 5,	 Epoch: 15/80,	 Avg.loss: 0.0008,	 Test Accuracy: 727/1000(73%)
Task: 5,	 Epoch: 16/80,	 Avg.loss: 0.0008,	 Test Accuracy: 707/1000(71%)
Task: 5,	 Epoch: 17/80,	 Avg.loss: 0.0008,	 Test Accuracy: 723/1000(72%)
Task: 5,	 Epoch: 18/80,	 Avg.loss: 0.0008,	 Test Accuracy: 716/1000(72%)
Task: 5,	 Epoch: 19/80,	 Avg.loss: 0.0007,	 Test Accuracy: 736/1000(74%)
Task: 5,	 Epoch: 20/80,	 Avg.loss: 0.0007,	 Test Accuracy: 727/1000(73%)
Task: 5,	 Epoch: 21/80,	 Avg.loss: 0.0007,	 Test Accuracy: 740/1000(74%)
Task: 5,	 Epoch: 22/80,	 Avg.loss: 0.0008,	 Test Accuracy: 722/1000(72%)
Task: 5,	 Epoch: 23/80,	 Avg.loss: 0.0008,	 Test Accuracy: 725/1000(72%)
Task: 5,	 Epoch: 24/80,	 Avg.loss: 0.0008,	 Test Accuracy: 727/1000(73%)
Task: 5,	 Epoch: 25/80,	 Avg.loss: 0.0008,	 Test Accuracy: 713/1000(71%)
Task: 5,	 Epoch: 26/80,	 Avg.loss: 0.0008,	 Test Accuracy: 717/1000(72%)
Task: 5,	 Epoch: 27/80,	 Avg.loss: 0.0008,	 Test Accuracy: 730/1000(73%)
Task: 5,	 Epoch: 28/80,	 Avg.loss: 0.0008,	 Test Accuracy: 720/1000(72%)
Task: 5,	 Epoch: 29/80,	 Avg.loss: 0.0008,	 Test Accuracy: 730/1000(73%)
Task: 5,	 Epoch: 30/80,	 Avg.loss: 0.0008,	 Test Accuracy: 727/1000(73%)
Task: 5,	 Epoch: 31/80,	 Avg.loss: 0.0008,	 Test Accuracy: 728/1000(73%)
Task: 5,	 Epoch: 32/80,	 Avg.loss: 0.0008,	 Test Accuracy: 743/1000(74%)
Task: 5,	 Epoch: 33/80,	 Avg.loss: 0.0008,	 Test Accuracy: 732/1000(73%)
Task: 5,	 Epoch: 34/80,	 Avg.loss: 0.0008,	 Test Accuracy: 720/1000(72%)
Task: 5,	 Epoch: 35/80,	 Avg.loss: 0.0008,	 Test Accuracy: 730/1000(73%)
Task: 5,	 Epoch: 36/80,	 Avg.loss: 0.0008,	 Test Accuracy: 706/1000(71%)
Task: 5,	 Epoch: 37/80,	 Avg.loss: 0.0008,	 Test Accuracy: 724/1000(72%)
Task: 5,	 Epoch: 38/80,	 Avg.loss: 0.0008,	 Test Accuracy: 716/1000(72%)
Task: 5,	 Epoch: 39/80,	 Avg.loss: 0.0008,	 Test Accuracy: 728/1000(73%)
Task: 5,	 Epoch: 40/80,	 Avg.loss: 0.0008,	 Test Accuracy: 732/1000(73%)
Task: 5,	 Epoch: 41/80,	 Avg.loss: 0.0008,	 Test Accuracy: 711/1000(71%)
Task: 5,	 Epoch: 42/80,	 Avg.loss: 0.0008,	 Test Accuracy: 720/1000(72%)
Task: 5,	 Epoch: 43/80,	 Avg.loss: 0.0007,	 Test Accuracy: 748/1000(75%)
Task: 5,	 Epoch: 44/80,	 Avg.loss: 0.0008,	 Test Accuracy: 744/1000(74%)
Task: 5,	 Epoch: 45/80,	 Avg.loss: 0.0008,	 Test Accuracy: 723/1000(72%)
Task: 5,	 Epoch: 46/80,	 Avg.loss: 0.0008,	 Test Accuracy: 722/1000(72%)
Task: 5,	 Epoch: 47/80,	 Avg.loss: 0.0007,	 Test Accuracy: 735/1000(74%)
Task: 5,	 Epoch: 48/80,	 Avg.loss: 0.0008,	 Test Accuracy: 712/1000(71%)
Task: 5,	 Epoch: 49/80,	 Avg.loss: 0.0007,	 Test Accuracy: 730/1000(73%)
Task: 5,	 Epoch: 50/80,	 Avg.loss: 0.0007,	 Test Accuracy: 736/1000(74%)
Task: 5,	 Epoch: 51/80,	 Avg.loss: 0.0007,	 Test Accuracy: 743/1000(74%)
Task: 5,	 Epoch: 52/80,	 Avg.loss: 0.0007,	 Test Accuracy: 742/1000(74%)
Task: 5,	 Epoch: 53/80,	 Avg.loss: 0.0007,	 Test Accuracy: 744/1000(74%)
Task: 5,	 Epoch: 54/80,	 Avg.loss: 0.0007,	 Test Accuracy: 744/1000(74%)
Task: 5,	 Epoch: 55/80,	 Avg.loss: 0.0007,	 Test Accuracy: 743/1000(74%)
Task: 5,	 Epoch: 56/80,	 Avg.loss: 0.0007,	 Test Accuracy: 743/1000(74%)
Task: 5,	 Epoch: 57/80,	 Avg.loss: 0.0007,	 Test Accuracy: 749/1000(75%)
Task: 5,	 Epoch: 58/80,	 Avg.loss: 0.0007,	 Test Accuracy: 742/1000(74%)
Task: 5,	 Epoch: 59/80,	 Avg.loss: 0.0007,	 Test Accuracy: 742/1000(74%)
Task: 5,	 Epoch: 60/80,	 Avg.loss: 0.0007,	 Test Accuracy: 744/1000(74%)
Task: 5,	 Epoch: 61/80,	 Avg.loss: 0.0007,	 Test Accuracy: 747/1000(75%)
Task: 5,	 Epoch: 62/80,	 Avg.loss: 0.0007,	 Test Accuracy: 743/1000(74%)
Task: 5,	 Epoch: 63/80,	 Avg.loss: 0.0007,	 Test Accuracy: 743/1000(74%)
Task: 5,	 Epoch: 64/80,	 Avg.loss: 0.0007,	 Test Accuracy: 742/1000(74%)
Task: 5,	 Epoch: 65/80,	 Avg.loss: 0.0007,	 Test Accuracy: 743/1000(74%)
Task: 5,	 Epoch: 66/80,	 Avg.loss: 0.0007,	 Test Accuracy: 744/1000(74%)
Task: 5,	 Epoch: 67/80,	 Avg.loss: 0.0007,	 Test Accuracy: 741/1000(74%)
Task: 5,	 Epoch: 68/80,	 Avg.loss: 0.0007,	 Test Accuracy: 741/1000(74%)
Task: 5,	 Epoch: 69/80,	 Avg.loss: 0.0007,	 Test Accuracy: 745/1000(74%)
Task: 5,	 Epoch: 70/80,	 Avg.loss: 0.0007,	 Test Accuracy: 741/1000(74%)
Task: 5,	 Epoch: 71/80,	 Avg.loss: 0.0007,	 Test Accuracy: 747/1000(75%)
Task: 5,	 Epoch: 72/80,	 Avg.loss: 0.0007,	 Test Accuracy: 742/1000(74%)
Task: 5,	 Epoch: 73/80,	 Avg.loss: 0.0007,	 Test Accuracy: 747/1000(75%)
Task: 5,	 Epoch: 74/80,	 Avg.loss: 0.0007,	 Test Accuracy: 750/1000(75%)
Task: 5,	 Epoch: 75/80,	 Avg.loss: 0.0007,	 Test Accuracy: 743/1000(74%)
Task: 5,	 Epoch: 76/80,	 Avg.loss: 0.0007,	 Test Accuracy: 742/1000(74%)
Task: 5,	 Epoch: 77/80,	 Avg.loss: 0.0007,	 Test Accuracy: 749/1000(75%)
Task: 5,	 Epoch: 78/80,	 Avg.loss: 0.0007,	 Test Accuracy: 747/1000(75%)
Task: 5,	 Epoch: 79/80,	 Avg.loss: 0.0007,	 Test Accuracy: 754/1000(75%)
Trained Task:5, Loaded task:0, Accuracy:85.4%
Trained Task:5, Loaded task:1, Accuracy:78.9%
Trained Task:5, Loaded task:2, Accuracy:78.6%
Trained Task:5, Loaded task:3, Accuracy:75.8%
Trained Task:5, Loaded task:4, Accuracy:77.1%
Trained Task:5, Loaded task:5, Accuracy:75.4%
Trained Task:5, Avg. Accuracy: 78.5 

List of avg. accuracy: [86.6, 83.1, 81.4, 80.3, 79.7, 78.5]
Layer        : conv1_layer.2.weight
R.histogram  : tensor([15.,  7.,  3.,  4.,  0.,  2.,  0.,  0.,  0.,  1.], device='cuda:0')
R_sum max/min: -4.2/-83.7
F.num_zeros  : 0/9216
W.num_zeros  : 0/9216
O.num_zeros  : 0/9216
Layer        : conv2_layer.2.weight
R.histogram  : tensor([49.,  3.,  8.,  3.,  0.,  0.,  0.,  0.,  0.,  1.], device='cuda:0')
R_sum max/min: -0.0/-156.0
F.num_zeros  : 4545/36864
W.num_zeros  : 0/36864
O.num_zeros  : 14751/36864
Layer        : fc1_layer.1.weight
R.histogram  : tensor([421.,  40.,  29.,  11.,   7.,   2.,   1.,   0.,   0.,   1.],
       device='cuda:0')
R_sum max/min: -0.0/-412.0
F.num_zeros  : 980129/2097152
W.num_zeros  : 0/2097152
O.num_zeros  : 1471017/2097152
Mask histogram
conv1_layer.2.weight: 	 tensor([   0.,    0.,    0.,    0.,    0.,    0.,    0., 8192.,    0.,    0.,
           0.], device='cuda:0')
conv2_layer.2.weight: 	 tensor([1600.,  256.,  128.,   64.,  768.,  448.,  640.,  192.,    0.,    0.,
           0.], device='cuda:0')
fc1_layer.1.weight: 	 tensor([241.,  22.,   7.,  16.,  36.,  39.,  52.,  99.,   0.,   0.,   0.],
       device='cuda:0')
Task: 6,	 Epoch: 0/80,	 Avg.loss: 0.0011,	 Test Accuracy: 618/1000(62%)
Task: 6,	 Epoch: 1/80,	 Avg.loss: 0.0010,	 Test Accuracy: 658/1000(66%)
Task: 6,	 Epoch: 2/80,	 Avg.loss: 0.0010,	 Test Accuracy: 668/1000(67%)
Task: 6,	 Epoch: 3/80,	 Avg.loss: 0.0009,	 Test Accuracy: 664/1000(66%)
Task: 6,	 Epoch: 4/80,	 Avg.loss: 0.0009,	 Test Accuracy: 686/1000(69%)
Task: 6,	 Epoch: 5/80,	 Avg.loss: 0.0009,	 Test Accuracy: 684/1000(68%)
Task: 6,	 Epoch: 6/80,	 Avg.loss: 0.0009,	 Test Accuracy: 692/1000(69%)
Task: 6,	 Epoch: 7/80,	 Avg.loss: 0.0009,	 Test Accuracy: 679/1000(68%)
Task: 6,	 Epoch: 8/80,	 Avg.loss: 0.0009,	 Test Accuracy: 695/1000(70%)
Task: 6,	 Epoch: 9/80,	 Avg.loss: 0.0009,	 Test Accuracy: 712/1000(71%)
Task: 6,	 Epoch: 10/80,	 Avg.loss: 0.0009,	 Test Accuracy: 707/1000(71%)
Task: 6,	 Epoch: 11/80,	 Avg.loss: 0.0009,	 Test Accuracy: 699/1000(70%)
Task: 6,	 Epoch: 12/80,	 Avg.loss: 0.0009,	 Test Accuracy: 701/1000(70%)
Task: 6,	 Epoch: 13/80,	 Avg.loss: 0.0009,	 Test Accuracy: 693/1000(69%)
Task: 6,	 Epoch: 14/80,	 Avg.loss: 0.0008,	 Test Accuracy: 702/1000(70%)
Task: 6,	 Epoch: 15/80,	 Avg.loss: 0.0008,	 Test Accuracy: 703/1000(70%)
Task: 6,	 Epoch: 16/80,	 Avg.loss: 0.0009,	 Test Accuracy: 693/1000(69%)
Task: 6,	 Epoch: 17/80,	 Avg.loss: 0.0009,	 Test Accuracy: 699/1000(70%)
Task: 6,	 Epoch: 18/80,	 Avg.loss: 0.0008,	 Test Accuracy: 714/1000(71%)
Task: 6,	 Epoch: 19/80,	 Avg.loss: 0.0008,	 Test Accuracy: 723/1000(72%)
Task: 6,	 Epoch: 20/80,	 Avg.loss: 0.0008,	 Test Accuracy: 725/1000(72%)
Task: 6,	 Epoch: 21/80,	 Avg.loss: 0.0008,	 Test Accuracy: 728/1000(73%)
Task: 6,	 Epoch: 22/80,	 Avg.loss: 0.0008,	 Test Accuracy: 712/1000(71%)
Task: 6,	 Epoch: 23/80,	 Avg.loss: 0.0008,	 Test Accuracy: 705/1000(70%)
Task: 6,	 Epoch: 24/80,	 Avg.loss: 0.0009,	 Test Accuracy: 698/1000(70%)
Task: 6,	 Epoch: 25/80,	 Avg.loss: 0.0008,	 Test Accuracy: 712/1000(71%)
Task: 6,	 Epoch: 26/80,	 Avg.loss: 0.0008,	 Test Accuracy: 707/1000(71%)
Task: 6,	 Epoch: 27/80,	 Avg.loss: 0.0009,	 Test Accuracy: 697/1000(70%)
Task: 6,	 Epoch: 28/80,	 Avg.loss: 0.0008,	 Test Accuracy: 713/1000(71%)
Task: 6,	 Epoch: 29/80,	 Avg.loss: 0.0009,	 Test Accuracy: 704/1000(70%)
Task: 6,	 Epoch: 30/80,	 Avg.loss: 0.0008,	 Test Accuracy: 722/1000(72%)
Task: 6,	 Epoch: 31/80,	 Avg.loss: 0.0009,	 Test Accuracy: 704/1000(70%)
Task: 6,	 Epoch: 32/80,	 Avg.loss: 0.0008,	 Test Accuracy: 722/1000(72%)
Task: 6,	 Epoch: 33/80,	 Avg.loss: 0.0008,	 Test Accuracy: 715/1000(72%)
Task: 6,	 Epoch: 34/80,	 Avg.loss: 0.0008,	 Test Accuracy: 722/1000(72%)
Task: 6,	 Epoch: 35/80,	 Avg.loss: 0.0009,	 Test Accuracy: 706/1000(71%)
Task: 6,	 Epoch: 36/80,	 Avg.loss: 0.0008,	 Test Accuracy: 707/1000(71%)
Task: 6,	 Epoch: 37/80,	 Avg.loss: 0.0008,	 Test Accuracy: 711/1000(71%)
Task: 6,	 Epoch: 38/80,	 Avg.loss: 0.0008,	 Test Accuracy: 725/1000(72%)
Task: 6,	 Epoch: 39/80,	 Avg.loss: 0.0009,	 Test Accuracy: 703/1000(70%)
Task: 6,	 Epoch: 40/80,	 Avg.loss: 0.0008,	 Test Accuracy: 703/1000(70%)
Task: 6,	 Epoch: 41/80,	 Avg.loss: 0.0008,	 Test Accuracy: 713/1000(71%)
Task: 6,	 Epoch: 42/80,	 Avg.loss: 0.0009,	 Test Accuracy: 699/1000(70%)
Task: 6,	 Epoch: 43/80,	 Avg.loss: 0.0009,	 Test Accuracy: 706/1000(71%)
Task: 6,	 Epoch: 44/80,	 Avg.loss: 0.0008,	 Test Accuracy: 712/1000(71%)
Task: 6,	 Epoch: 45/80,	 Avg.loss: 0.0009,	 Test Accuracy: 701/1000(70%)
Task: 6,	 Epoch: 46/80,	 Avg.loss: 0.0008,	 Test Accuracy: 701/1000(70%)
Task: 6,	 Epoch: 47/80,	 Avg.loss: 0.0008,	 Test Accuracy: 720/1000(72%)
Task: 6,	 Epoch: 48/80,	 Avg.loss: 0.0008,	 Test Accuracy: 706/1000(71%)
Task: 6,	 Epoch: 49/80,	 Avg.loss: 0.0008,	 Test Accuracy: 720/1000(72%)
Task: 6,	 Epoch: 50/80,	 Avg.loss: 0.0008,	 Test Accuracy: 725/1000(72%)
Task: 6,	 Epoch: 51/80,	 Avg.loss: 0.0008,	 Test Accuracy: 713/1000(71%)
Task: 6,	 Epoch: 52/80,	 Avg.loss: 0.0008,	 Test Accuracy: 723/1000(72%)
Task: 6,	 Epoch: 53/80,	 Avg.loss: 0.0008,	 Test Accuracy: 722/1000(72%)
Task: 6,	 Epoch: 54/80,	 Avg.loss: 0.0008,	 Test Accuracy: 725/1000(72%)
Task: 6,	 Epoch: 55/80,	 Avg.loss: 0.0008,	 Test Accuracy: 722/1000(72%)
Task: 6,	 Epoch: 56/80,	 Avg.loss: 0.0008,	 Test Accuracy: 726/1000(73%)
Task: 6,	 Epoch: 57/80,	 Avg.loss: 0.0008,	 Test Accuracy: 726/1000(73%)
Task: 6,	 Epoch: 58/80,	 Avg.loss: 0.0008,	 Test Accuracy: 723/1000(72%)
Task: 6,	 Epoch: 59/80,	 Avg.loss: 0.0008,	 Test Accuracy: 721/1000(72%)
Task: 6,	 Epoch: 60/80,	 Avg.loss: 0.0008,	 Test Accuracy: 722/1000(72%)
Task: 6,	 Epoch: 61/80,	 Avg.loss: 0.0008,	 Test Accuracy: 724/1000(72%)
Task: 6,	 Epoch: 62/80,	 Avg.loss: 0.0008,	 Test Accuracy: 719/1000(72%)
Task: 6,	 Epoch: 63/80,	 Avg.loss: 0.0008,	 Test Accuracy: 724/1000(72%)
Task: 6,	 Epoch: 64/80,	 Avg.loss: 0.0008,	 Test Accuracy: 728/1000(73%)
Task: 6,	 Epoch: 65/80,	 Avg.loss: 0.0008,	 Test Accuracy: 722/1000(72%)
Task: 6,	 Epoch: 66/80,	 Avg.loss: 0.0008,	 Test Accuracy: 726/1000(73%)
Task: 6,	 Epoch: 67/80,	 Avg.loss: 0.0008,	 Test Accuracy: 719/1000(72%)
Task: 6,	 Epoch: 68/80,	 Avg.loss: 0.0008,	 Test Accuracy: 725/1000(72%)
Task: 6,	 Epoch: 69/80,	 Avg.loss: 0.0008,	 Test Accuracy: 722/1000(72%)
Task: 6,	 Epoch: 70/80,	 Avg.loss: 0.0008,	 Test Accuracy: 723/1000(72%)
Task: 6,	 Epoch: 71/80,	 Avg.loss: 0.0008,	 Test Accuracy: 721/1000(72%)
Task: 6,	 Epoch: 72/80,	 Avg.loss: 0.0008,	 Test Accuracy: 721/1000(72%)
Task: 6,	 Epoch: 73/80,	 Avg.loss: 0.0008,	 Test Accuracy: 726/1000(73%)
Task: 6,	 Epoch: 74/80,	 Avg.loss: 0.0008,	 Test Accuracy: 723/1000(72%)
Task: 6,	 Epoch: 75/80,	 Avg.loss: 0.0008,	 Test Accuracy: 722/1000(72%)
Task: 6,	 Epoch: 76/80,	 Avg.loss: 0.0008,	 Test Accuracy: 722/1000(72%)
Task: 6,	 Epoch: 77/80,	 Avg.loss: 0.0008,	 Test Accuracy: 720/1000(72%)
Task: 6,	 Epoch: 78/80,	 Avg.loss: 0.0008,	 Test Accuracy: 722/1000(72%)
Task: 6,	 Epoch: 79/80,	 Avg.loss: 0.0008,	 Test Accuracy: 720/1000(72%)
Trained Task:6, Loaded task:0, Accuracy:85.7%
Trained Task:6, Loaded task:1, Accuracy:78.8%
Trained Task:6, Loaded task:2, Accuracy:78.6%
Trained Task:6, Loaded task:3, Accuracy:75.7%
Trained Task:6, Loaded task:4, Accuracy:77.0%
Trained Task:6, Loaded task:5, Accuracy:74.8%
Trained Task:6, Loaded task:6, Accuracy:72.0%
Trained Task:6, Avg. Accuracy: 77.5 

List of avg. accuracy: [86.6, 83.1, 81.4, 80.3, 79.7, 78.5, 77.5]
Layer        : conv1_layer.2.weight
R.histogram  : tensor([14., 10.,  2.,  2.,  1.,  0.,  0.,  1.,  1.,  1.], device='cuda:0')
R_sum max/min: -2.4/-54.0
F.num_zeros  : 0/9216
W.num_zeros  : 0/9216
O.num_zeros  : 0/9216
Layer        : conv2_layer.2.weight
R.histogram  : tensor([43.,  9.,  4.,  5.,  1.,  1.,  0.,  0.,  0.,  1.], device='cuda:0')
R_sum max/min: -0.0/-135.3
F.num_zeros  : 4478/36864
W.num_zeros  : 0/36864
O.num_zeros  : 14751/36864
Layer        : fc1_layer.1.weight
R.histogram  : tensor([389.,  66.,  22.,  12.,  11.,   7.,   3.,   1.,   0.,   1.],
       device='cuda:0')
R_sum max/min: -0.0/-364.8
F.num_zeros  : 978934/2097152
W.num_zeros  : 0/2097152
O.num_zeros  : 1464745/2097152
Mask histogram
conv1_layer.2.weight: 	 tensor([   0.,    0.,    0.,    0.,    0.,    0.,    0.,    0., 8192.,    0.,
           0.], device='cuda:0')
conv2_layer.2.weight: 	 tensor([1600.,  256.,   64.,  128.,  384.,  512.,  320.,  640.,  192.,    0.,
           0.], device='cuda:0')
fc1_layer.1.weight: 	 tensor([240.,  21.,   7.,   9.,  27.,  29.,  35.,  45.,  99.,   0.,   0.],
       device='cuda:0')
Task: 7,	 Epoch: 0/80,	 Avg.loss: 0.0013,	 Test Accuracy: 577/1000(58%)
Task: 7,	 Epoch: 1/80,	 Avg.loss: 0.0012,	 Test Accuracy: 619/1000(62%)
Task: 7,	 Epoch: 2/80,	 Avg.loss: 0.0011,	 Test Accuracy: 633/1000(63%)
Task: 7,	 Epoch: 3/80,	 Avg.loss: 0.0010,	 Test Accuracy: 650/1000(65%)
Task: 7,	 Epoch: 4/80,	 Avg.loss: 0.0010,	 Test Accuracy: 652/1000(65%)
Task: 7,	 Epoch: 5/80,	 Avg.loss: 0.0010,	 Test Accuracy: 658/1000(66%)
Task: 7,	 Epoch: 6/80,	 Avg.loss: 0.0010,	 Test Accuracy: 665/1000(66%)
Task: 7,	 Epoch: 7/80,	 Avg.loss: 0.0010,	 Test Accuracy: 671/1000(67%)
Task: 7,	 Epoch: 8/80,	 Avg.loss: 0.0009,	 Test Accuracy: 677/1000(68%)
Task: 7,	 Epoch: 9/80,	 Avg.loss: 0.0010,	 Test Accuracy: 678/1000(68%)
Task: 7,	 Epoch: 10/80,	 Avg.loss: 0.0010,	 Test Accuracy: 664/1000(66%)
Task: 7,	 Epoch: 11/80,	 Avg.loss: 0.0010,	 Test Accuracy: 659/1000(66%)
Task: 7,	 Epoch: 12/80,	 Avg.loss: 0.0010,	 Test Accuracy: 668/1000(67%)
Task: 7,	 Epoch: 13/80,	 Avg.loss: 0.0010,	 Test Accuracy: 684/1000(68%)
Task: 7,	 Epoch: 14/80,	 Avg.loss: 0.0009,	 Test Accuracy: 690/1000(69%)
Task: 7,	 Epoch: 15/80,	 Avg.loss: 0.0009,	 Test Accuracy: 705/1000(70%)
Task: 7,	 Epoch: 16/80,	 Avg.loss: 0.0009,	 Test Accuracy: 685/1000(68%)
Task: 7,	 Epoch: 17/80,	 Avg.loss: 0.0009,	 Test Accuracy: 703/1000(70%)
Task: 7,	 Epoch: 18/80,	 Avg.loss: 0.0009,	 Test Accuracy: 693/1000(69%)
Task: 7,	 Epoch: 19/80,	 Avg.loss: 0.0009,	 Test Accuracy: 697/1000(70%)
Task: 7,	 Epoch: 20/80,	 Avg.loss: 0.0009,	 Test Accuracy: 691/1000(69%)
Task: 7,	 Epoch: 21/80,	 Avg.loss: 0.0010,	 Test Accuracy: 680/1000(68%)
Task: 7,	 Epoch: 22/80,	 Avg.loss: 0.0009,	 Test Accuracy: 690/1000(69%)
Task: 7,	 Epoch: 23/80,	 Avg.loss: 0.0010,	 Test Accuracy: 677/1000(68%)
Task: 7,	 Epoch: 24/80,	 Avg.loss: 0.0009,	 Test Accuracy: 688/1000(69%)
Task: 7,	 Epoch: 25/80,	 Avg.loss: 0.0009,	 Test Accuracy: 684/1000(68%)
Task: 7,	 Epoch: 26/80,	 Avg.loss: 0.0009,	 Test Accuracy: 705/1000(70%)
Task: 7,	 Epoch: 27/80,	 Avg.loss: 0.0009,	 Test Accuracy: 684/1000(68%)
Task: 7,	 Epoch: 28/80,	 Avg.loss: 0.0009,	 Test Accuracy: 705/1000(70%)
Task: 7,	 Epoch: 29/80,	 Avg.loss: 0.0009,	 Test Accuracy: 689/1000(69%)
Task: 7,	 Epoch: 30/80,	 Avg.loss: 0.0009,	 Test Accuracy: 702/1000(70%)
Task: 7,	 Epoch: 31/80,	 Avg.loss: 0.0009,	 Test Accuracy: 694/1000(69%)
Task: 7,	 Epoch: 32/80,	 Avg.loss: 0.0010,	 Test Accuracy: 674/1000(67%)
Task: 7,	 Epoch: 33/80,	 Avg.loss: 0.0009,	 Test Accuracy: 683/1000(68%)
Task: 7,	 Epoch: 34/80,	 Avg.loss: 0.0009,	 Test Accuracy: 708/1000(71%)
Task: 7,	 Epoch: 35/80,	 Avg.loss: 0.0009,	 Test Accuracy: 682/1000(68%)
Task: 7,	 Epoch: 36/80,	 Avg.loss: 0.0009,	 Test Accuracy: 683/1000(68%)
Task: 7,	 Epoch: 37/80,	 Avg.loss: 0.0009,	 Test Accuracy: 684/1000(68%)
Task: 7,	 Epoch: 38/80,	 Avg.loss: 0.0009,	 Test Accuracy: 696/1000(70%)
Task: 7,	 Epoch: 39/80,	 Avg.loss: 0.0009,	 Test Accuracy: 684/1000(68%)
Task: 7,	 Epoch: 40/80,	 Avg.loss: 0.0009,	 Test Accuracy: 711/1000(71%)
Task: 7,	 Epoch: 41/80,	 Avg.loss: 0.0009,	 Test Accuracy: 707/1000(71%)
Task: 7,	 Epoch: 42/80,	 Avg.loss: 0.0009,	 Test Accuracy: 680/1000(68%)
Task: 7,	 Epoch: 43/80,	 Avg.loss: 0.0009,	 Test Accuracy: 695/1000(70%)
Task: 7,	 Epoch: 44/80,	 Avg.loss: 0.0009,	 Test Accuracy: 704/1000(70%)
Task: 7,	 Epoch: 45/80,	 Avg.loss: 0.0009,	 Test Accuracy: 678/1000(68%)
Task: 7,	 Epoch: 46/80,	 Avg.loss: 0.0009,	 Test Accuracy: 678/1000(68%)
Task: 7,	 Epoch: 47/80,	 Avg.loss: 0.0009,	 Test Accuracy: 689/1000(69%)
Task: 7,	 Epoch: 48/80,	 Avg.loss: 0.0009,	 Test Accuracy: 706/1000(71%)
Task: 7,	 Epoch: 49/80,	 Avg.loss: 0.0009,	 Test Accuracy: 683/1000(68%)
Task: 7,	 Epoch: 50/80,	 Avg.loss: 0.0009,	 Test Accuracy: 703/1000(70%)
Task: 7,	 Epoch: 51/80,	 Avg.loss: 0.0009,	 Test Accuracy: 700/1000(70%)
Task: 7,	 Epoch: 52/80,	 Avg.loss: 0.0009,	 Test Accuracy: 704/1000(70%)
Task: 7,	 Epoch: 53/80,	 Avg.loss: 0.0009,	 Test Accuracy: 705/1000(70%)
Task: 7,	 Epoch: 54/80,	 Avg.loss: 0.0009,	 Test Accuracy: 699/1000(70%)
Task: 7,	 Epoch: 55/80,	 Avg.loss: 0.0009,	 Test Accuracy: 700/1000(70%)
Task: 7,	 Epoch: 56/80,	 Avg.loss: 0.0009,	 Test Accuracy: 699/1000(70%)
Task: 7,	 Epoch: 57/80,	 Avg.loss: 0.0009,	 Test Accuracy: 704/1000(70%)
Task: 7,	 Epoch: 58/80,	 Avg.loss: 0.0009,	 Test Accuracy: 697/1000(70%)
Task: 7,	 Epoch: 59/80,	 Avg.loss: 0.0009,	 Test Accuracy: 703/1000(70%)
Task: 7,	 Epoch: 60/80,	 Avg.loss: 0.0009,	 Test Accuracy: 701/1000(70%)
Task: 7,	 Epoch: 61/80,	 Avg.loss: 0.0009,	 Test Accuracy: 699/1000(70%)
Task: 7,	 Epoch: 62/80,	 Avg.loss: 0.0009,	 Test Accuracy: 703/1000(70%)
Task: 7,	 Epoch: 63/80,	 Avg.loss: 0.0009,	 Test Accuracy: 695/1000(70%)
Task: 7,	 Epoch: 64/80,	 Avg.loss: 0.0009,	 Test Accuracy: 699/1000(70%)
Task: 7,	 Epoch: 65/80,	 Avg.loss: 0.0009,	 Test Accuracy: 704/1000(70%)
Task: 7,	 Epoch: 66/80,	 Avg.loss: 0.0009,	 Test Accuracy: 697/1000(70%)
Task: 7,	 Epoch: 67/80,	 Avg.loss: 0.0009,	 Test Accuracy: 699/1000(70%)
Task: 7,	 Epoch: 68/80,	 Avg.loss: 0.0009,	 Test Accuracy: 694/1000(69%)
Task: 7,	 Epoch: 69/80,	 Avg.loss: 0.0009,	 Test Accuracy: 704/1000(70%)
Task: 7,	 Epoch: 70/80,	 Avg.loss: 0.0009,	 Test Accuracy: 701/1000(70%)
Task: 7,	 Epoch: 71/80,	 Avg.loss: 0.0009,	 Test Accuracy: 708/1000(71%)
Task: 7,	 Epoch: 72/80,	 Avg.loss: 0.0009,	 Test Accuracy: 700/1000(70%)
Task: 7,	 Epoch: 73/80,	 Avg.loss: 0.0009,	 Test Accuracy: 703/1000(70%)
Task: 7,	 Epoch: 74/80,	 Avg.loss: 0.0009,	 Test Accuracy: 702/1000(70%)
Task: 7,	 Epoch: 75/80,	 Avg.loss: 0.0009,	 Test Accuracy: 709/1000(71%)
Task: 7,	 Epoch: 76/80,	 Avg.loss: 0.0009,	 Test Accuracy: 709/1000(71%)
Task: 7,	 Epoch: 77/80,	 Avg.loss: 0.0009,	 Test Accuracy: 701/1000(70%)
Task: 7,	 Epoch: 78/80,	 Avg.loss: 0.0009,	 Test Accuracy: 706/1000(71%)
Task: 7,	 Epoch: 79/80,	 Avg.loss: 0.0009,	 Test Accuracy: 704/1000(70%)
Trained Task:7, Loaded task:0, Accuracy:85.6%
Trained Task:7, Loaded task:1, Accuracy:78.5%
Trained Task:7, Loaded task:2, Accuracy:79.1%
Trained Task:7, Loaded task:3, Accuracy:75.7%
Trained Task:7, Loaded task:4, Accuracy:76.4%
Trained Task:7, Loaded task:5, Accuracy:74.0%
Trained Task:7, Loaded task:6, Accuracy:72.4%
Trained Task:7, Loaded task:7, Accuracy:70.4%
Trained Task:7, Avg. Accuracy: 76.5 

List of avg. accuracy: [86.6, 83.1, 81.4, 80.3, 79.7, 78.5, 77.5, 76.5]
Layer        : conv1_layer.2.weight
R.histogram  : tensor([12.,  7.,  4.,  3.,  3.,  1.,  1.,  0.,  0.,  1.], device='cuda:0')
R_sum max/min: -1.6/-79.2
F.num_zeros  : 0/9216
W.num_zeros  : 0/9216
O.num_zeros  : 0/9216
Layer        : conv2_layer.2.weight
R.histogram  : tensor([35., 13.,  9.,  2.,  2.,  2.,  0.,  0.,  0.,  1.], device='cuda:0')
R_sum max/min: -0.0/-124.3
F.num_zeros  : 4435/36864
W.num_zeros  : 0/36864
O.num_zeros  : 14751/36864
Layer        : fc1_layer.1.weight
R.histogram  : tensor([397.,  61.,  24.,  14.,   6.,   4.,   2.,   2.,   1.,   1.],
       device='cuda:0')
R_sum max/min: -0.0/-463.8
F.num_zeros  : 975447/2097152
W.num_zeros  : 0/2097152
O.num_zeros  : 1461993/2097152
Mask histogram
conv1_layer.2.weight: 	 tensor([   0.,    0.,    0.,    0.,    0.,    0.,    0.,    0.,    0., 8192.,
           0.], device='cuda:0')
conv2_layer.2.weight: 	 tensor([1536.,  320.,   64.,   64.,  192.,  384.,  512.,  384.,  448.,  192.,
           0.], device='cuda:0')
fc1_layer.1.weight: 	 tensor([240.,  20.,   5.,   9.,  17.,  26.,  21.,  34.,  43.,  97.,   0.],
       device='cuda:0')
Task: 8,	 Epoch: 0/80,	 Avg.loss: 0.0012,	 Test Accuracy: 589/1000(59%)
Task: 8,	 Epoch: 1/80,	 Avg.loss: 0.0010,	 Test Accuracy: 665/1000(66%)
Task: 8,	 Epoch: 2/80,	 Avg.loss: 0.0009,	 Test Accuracy: 683/1000(68%)
Task: 8,	 Epoch: 3/80,	 Avg.loss: 0.0009,	 Test Accuracy: 690/1000(69%)
Task: 8,	 Epoch: 4/80,	 Avg.loss: 0.0009,	 Test Accuracy: 703/1000(70%)
Task: 8,	 Epoch: 5/80,	 Avg.loss: 0.0009,	 Test Accuracy: 691/1000(69%)
Task: 8,	 Epoch: 6/80,	 Avg.loss: 0.0009,	 Test Accuracy: 707/1000(71%)
Task: 8,	 Epoch: 7/80,	 Avg.loss: 0.0009,	 Test Accuracy: 711/1000(71%)
Task: 8,	 Epoch: 8/80,	 Avg.loss: 0.0009,	 Test Accuracy: 726/1000(73%)
Task: 8,	 Epoch: 9/80,	 Avg.loss: 0.0008,	 Test Accuracy: 713/1000(71%)
Task: 8,	 Epoch: 10/80,	 Avg.loss: 0.0009,	 Test Accuracy: 698/1000(70%)
Task: 8,	 Epoch: 11/80,	 Avg.loss: 0.0009,	 Test Accuracy: 726/1000(73%)
Task: 8,	 Epoch: 12/80,	 Avg.loss: 0.0008,	 Test Accuracy: 723/1000(72%)
Task: 8,	 Epoch: 13/80,	 Avg.loss: 0.0008,	 Test Accuracy: 729/1000(73%)
Task: 8,	 Epoch: 14/80,	 Avg.loss: 0.0008,	 Test Accuracy: 717/1000(72%)
Task: 8,	 Epoch: 15/80,	 Avg.loss: 0.0008,	 Test Accuracy: 723/1000(72%)
Task: 8,	 Epoch: 16/80,	 Avg.loss: 0.0008,	 Test Accuracy: 730/1000(73%)
Task: 8,	 Epoch: 17/80,	 Avg.loss: 0.0009,	 Test Accuracy: 713/1000(71%)
Task: 8,	 Epoch: 18/80,	 Avg.loss: 0.0008,	 Test Accuracy: 713/1000(71%)
Task: 8,	 Epoch: 19/80,	 Avg.loss: 0.0009,	 Test Accuracy: 715/1000(72%)
Task: 8,	 Epoch: 20/80,	 Avg.loss: 0.0008,	 Test Accuracy: 719/1000(72%)
Task: 8,	 Epoch: 21/80,	 Avg.loss: 0.0009,	 Test Accuracy: 716/1000(72%)
Task: 8,	 Epoch: 22/80,	 Avg.loss: 0.0008,	 Test Accuracy: 724/1000(72%)
Task: 8,	 Epoch: 23/80,	 Avg.loss: 0.0008,	 Test Accuracy: 730/1000(73%)
Task: 8,	 Epoch: 24/80,	 Avg.loss: 0.0008,	 Test Accuracy: 727/1000(73%)
Task: 8,	 Epoch: 25/80,	 Avg.loss: 0.0008,	 Test Accuracy: 727/1000(73%)
Task: 8,	 Epoch: 26/80,	 Avg.loss: 0.0008,	 Test Accuracy: 728/1000(73%)
Task: 8,	 Epoch: 27/80,	 Avg.loss: 0.0009,	 Test Accuracy: 708/1000(71%)
Task: 8,	 Epoch: 28/80,	 Avg.loss: 0.0008,	 Test Accuracy: 718/1000(72%)
Task: 8,	 Epoch: 29/80,	 Avg.loss: 0.0008,	 Test Accuracy: 719/1000(72%)
Task: 8,	 Epoch: 30/80,	 Avg.loss: 0.0008,	 Test Accuracy: 718/1000(72%)
Task: 8,	 Epoch: 31/80,	 Avg.loss: 0.0008,	 Test Accuracy: 734/1000(73%)
Task: 8,	 Epoch: 32/80,	 Avg.loss: 0.0008,	 Test Accuracy: 730/1000(73%)
Task: 8,	 Epoch: 33/80,	 Avg.loss: 0.0008,	 Test Accuracy: 737/1000(74%)
Task: 8,	 Epoch: 34/80,	 Avg.loss: 0.0008,	 Test Accuracy: 740/1000(74%)
Task: 8,	 Epoch: 35/80,	 Avg.loss: 0.0008,	 Test Accuracy: 727/1000(73%)
Task: 8,	 Epoch: 36/80,	 Avg.loss: 0.0008,	 Test Accuracy: 741/1000(74%)
Task: 8,	 Epoch: 37/80,	 Avg.loss: 0.0008,	 Test Accuracy: 727/1000(73%)
Task: 8,	 Epoch: 38/80,	 Avg.loss: 0.0008,	 Test Accuracy: 717/1000(72%)
Task: 8,	 Epoch: 39/80,	 Avg.loss: 0.0008,	 Test Accuracy: 746/1000(75%)
Task: 8,	 Epoch: 40/80,	 Avg.loss: 0.0008,	 Test Accuracy: 735/1000(74%)
Task: 8,	 Epoch: 41/80,	 Avg.loss: 0.0008,	 Test Accuracy: 737/1000(74%)
Task: 8,	 Epoch: 42/80,	 Avg.loss: 0.0008,	 Test Accuracy: 726/1000(73%)
Task: 8,	 Epoch: 43/80,	 Avg.loss: 0.0008,	 Test Accuracy: 735/1000(74%)
Task: 8,	 Epoch: 44/80,	 Avg.loss: 0.0008,	 Test Accuracy: 733/1000(73%)
Task: 8,	 Epoch: 45/80,	 Avg.loss: 0.0008,	 Test Accuracy: 735/1000(74%)
Task: 8,	 Epoch: 46/80,	 Avg.loss: 0.0009,	 Test Accuracy: 723/1000(72%)
Task: 8,	 Epoch: 47/80,	 Avg.loss: 0.0009,	 Test Accuracy: 714/1000(71%)
Task: 8,	 Epoch: 48/80,	 Avg.loss: 0.0008,	 Test Accuracy: 738/1000(74%)
Task: 8,	 Epoch: 49/80,	 Avg.loss: 0.0008,	 Test Accuracy: 735/1000(74%)
Task: 8,	 Epoch: 50/80,	 Avg.loss: 0.0008,	 Test Accuracy: 744/1000(74%)
Task: 8,	 Epoch: 51/80,	 Avg.loss: 0.0008,	 Test Accuracy: 745/1000(74%)
Task: 8,	 Epoch: 52/80,	 Avg.loss: 0.0008,	 Test Accuracy: 748/1000(75%)
Task: 8,	 Epoch: 53/80,	 Avg.loss: 0.0008,	 Test Accuracy: 755/1000(76%)
Task: 8,	 Epoch: 54/80,	 Avg.loss: 0.0008,	 Test Accuracy: 760/1000(76%)
Task: 8,	 Epoch: 55/80,	 Avg.loss: 0.0008,	 Test Accuracy: 748/1000(75%)
Task: 8,	 Epoch: 56/80,	 Avg.loss: 0.0008,	 Test Accuracy: 755/1000(76%)
Task: 8,	 Epoch: 57/80,	 Avg.loss: 0.0008,	 Test Accuracy: 748/1000(75%)
Task: 8,	 Epoch: 58/80,	 Avg.loss: 0.0008,	 Test Accuracy: 747/1000(75%)
Task: 8,	 Epoch: 59/80,	 Avg.loss: 0.0008,	 Test Accuracy: 753/1000(75%)
Task: 8,	 Epoch: 60/80,	 Avg.loss: 0.0008,	 Test Accuracy: 748/1000(75%)
Task: 8,	 Epoch: 61/80,	 Avg.loss: 0.0008,	 Test Accuracy: 750/1000(75%)
Task: 8,	 Epoch: 62/80,	 Avg.loss: 0.0008,	 Test Accuracy: 752/1000(75%)
Task: 8,	 Epoch: 63/80,	 Avg.loss: 0.0008,	 Test Accuracy: 746/1000(75%)
Task: 8,	 Epoch: 64/80,	 Avg.loss: 0.0008,	 Test Accuracy: 746/1000(75%)
Task: 8,	 Epoch: 65/80,	 Avg.loss: 0.0008,	 Test Accuracy: 745/1000(74%)
Task: 8,	 Epoch: 66/80,	 Avg.loss: 0.0008,	 Test Accuracy: 752/1000(75%)
Task: 8,	 Epoch: 67/80,	 Avg.loss: 0.0008,	 Test Accuracy: 749/1000(75%)
Task: 8,	 Epoch: 68/80,	 Avg.loss: 0.0008,	 Test Accuracy: 751/1000(75%)
Task: 8,	 Epoch: 69/80,	 Avg.loss: 0.0008,	 Test Accuracy: 751/1000(75%)
Task: 8,	 Epoch: 70/80,	 Avg.loss: 0.0008,	 Test Accuracy: 749/1000(75%)
Task: 8,	 Epoch: 71/80,	 Avg.loss: 0.0008,	 Test Accuracy: 746/1000(75%)
Task: 8,	 Epoch: 72/80,	 Avg.loss: 0.0007,	 Test Accuracy: 750/1000(75%)
Task: 8,	 Epoch: 73/80,	 Avg.loss: 0.0008,	 Test Accuracy: 756/1000(76%)
Task: 8,	 Epoch: 74/80,	 Avg.loss: 0.0008,	 Test Accuracy: 750/1000(75%)
Task: 8,	 Epoch: 75/80,	 Avg.loss: 0.0007,	 Test Accuracy: 751/1000(75%)
Task: 8,	 Epoch: 76/80,	 Avg.loss: 0.0008,	 Test Accuracy: 753/1000(75%)
Task: 8,	 Epoch: 77/80,	 Avg.loss: 0.0007,	 Test Accuracy: 750/1000(75%)
Task: 8,	 Epoch: 78/80,	 Avg.loss: 0.0007,	 Test Accuracy: 756/1000(76%)
Task: 8,	 Epoch: 79/80,	 Avg.loss: 0.0008,	 Test Accuracy: 753/1000(75%)
Trained Task:8, Loaded task:0, Accuracy:85.0%
Trained Task:8, Loaded task:1, Accuracy:78.2%
Trained Task:8, Loaded task:2, Accuracy:79.9%
Trained Task:8, Loaded task:3, Accuracy:75.2%
Trained Task:8, Loaded task:4, Accuracy:76.2%
Trained Task:8, Loaded task:5, Accuracy:73.6%
Trained Task:8, Loaded task:6, Accuracy:72.3%
Trained Task:8, Loaded task:7, Accuracy:69.5%
Trained Task:8, Loaded task:8, Accuracy:75.3%
Trained Task:8, Avg. Accuracy: 76.1 

List of avg. accuracy: [86.6, 83.1, 81.4, 80.3, 79.7, 78.5, 77.5, 76.5, 76.1]
Layer        : conv1_layer.2.weight
R.histogram  : tensor([10., 11.,  5.,  2.,  2.,  0.,  0.,  0.,  1.,  1.], device='cuda:0')
R_sum max/min: -2.5/-61.8
F.num_zeros  : 0/9216
W.num_zeros  : 0/9216
O.num_zeros  : 0/9216
Layer        : conv2_layer.2.weight
R.histogram  : tensor([53.,  6.,  4.,  0.,  0.,  0.,  0.,  0.,  0.,  1.], device='cuda:0')
R_sum max/min: -0.0/-173.8
F.num_zeros  : 4387/36864
W.num_zeros  : 0/36864
O.num_zeros  : 14184/36864
Layer        : fc1_layer.1.weight
R.histogram  : tensor([410.,  54.,  24.,  11.,   4.,   5.,   0.,   2.,   1.,   1.],
       device='cuda:0')
R_sum max/min: -0.0/-359.2
F.num_zeros  : 983834/2097152
W.num_zeros  : 0/2097152
O.num_zeros  : 1447152/2097152
Mask histogram
conv1_layer.2.weight: 	 tensor([   0.,    0.,    0.,    0.,    0.,    0.,    0.,    0.,    0.,    0.,
        8192.], device='cuda:0')
conv2_layer.2.weight: 	 tensor([1472.,  256.,  192.,   64.,  128.,  320.,  192.,  512.,  512.,  256.,
         192.], device='cuda:0')
fc1_layer.1.weight: 	 tensor([238.,  20.,   5.,   8.,  15.,  15.,  20.,  18.,  36.,  53.,  84.],
       device='cuda:0')
Task: 9,	 Epoch: 0/80,	 Avg.loss: 0.0010,	 Test Accuracy: 652/1000(65%)
Task: 9,	 Epoch: 1/80,	 Avg.loss: 0.0009,	 Test Accuracy: 715/1000(72%)
Task: 9,	 Epoch: 2/80,	 Avg.loss: 0.0008,	 Test Accuracy: 729/1000(73%)
Task: 9,	 Epoch: 3/80,	 Avg.loss: 0.0008,	 Test Accuracy: 748/1000(75%)
Task: 9,	 Epoch: 4/80,	 Avg.loss: 0.0008,	 Test Accuracy: 741/1000(74%)
Task: 9,	 Epoch: 5/80,	 Avg.loss: 0.0007,	 Test Accuracy: 761/1000(76%)
Task: 9,	 Epoch: 6/80,	 Avg.loss: 0.0007,	 Test Accuracy: 766/1000(77%)
Task: 9,	 Epoch: 7/80,	 Avg.loss: 0.0007,	 Test Accuracy: 759/1000(76%)
Task: 9,	 Epoch: 8/80,	 Avg.loss: 0.0007,	 Test Accuracy: 762/1000(76%)
Task: 9,	 Epoch: 9/80,	 Avg.loss: 0.0007,	 Test Accuracy: 771/1000(77%)
Task: 9,	 Epoch: 10/80,	 Avg.loss: 0.0007,	 Test Accuracy: 774/1000(77%)
Task: 9,	 Epoch: 11/80,	 Avg.loss: 0.0007,	 Test Accuracy: 786/1000(79%)
Task: 9,	 Epoch: 12/80,	 Avg.loss: 0.0007,	 Test Accuracy: 752/1000(75%)
Task: 9,	 Epoch: 13/80,	 Avg.loss: 0.0007,	 Test Accuracy: 768/1000(77%)
Task: 9,	 Epoch: 14/80,	 Avg.loss: 0.0007,	 Test Accuracy: 783/1000(78%)
Task: 9,	 Epoch: 15/80,	 Avg.loss: 0.0007,	 Test Accuracy: 787/1000(79%)
Task: 9,	 Epoch: 16/80,	 Avg.loss: 0.0006,	 Test Accuracy: 803/1000(80%)
Task: 9,	 Epoch: 17/80,	 Avg.loss: 0.0006,	 Test Accuracy: 791/1000(79%)
Task: 9,	 Epoch: 18/80,	 Avg.loss: 0.0007,	 Test Accuracy: 783/1000(78%)
Task: 9,	 Epoch: 19/80,	 Avg.loss: 0.0007,	 Test Accuracy: 788/1000(79%)
Task: 9,	 Epoch: 20/80,	 Avg.loss: 0.0006,	 Test Accuracy: 801/1000(80%)
Task: 9,	 Epoch: 21/80,	 Avg.loss: 0.0006,	 Test Accuracy: 786/1000(79%)
Task: 9,	 Epoch: 22/80,	 Avg.loss: 0.0007,	 Test Accuracy: 774/1000(77%)
Task: 9,	 Epoch: 23/80,	 Avg.loss: 0.0007,	 Test Accuracy: 786/1000(79%)
Task: 9,	 Epoch: 24/80,	 Avg.loss: 0.0006,	 Test Accuracy: 795/1000(80%)
Task: 9,	 Epoch: 25/80,	 Avg.loss: 0.0006,	 Test Accuracy: 799/1000(80%)
Task: 9,	 Epoch: 26/80,	 Avg.loss: 0.0006,	 Test Accuracy: 794/1000(79%)
Task: 9,	 Epoch: 27/80,	 Avg.loss: 0.0007,	 Test Accuracy: 788/1000(79%)
Task: 9,	 Epoch: 28/80,	 Avg.loss: 0.0006,	 Test Accuracy: 806/1000(81%)
Task: 9,	 Epoch: 29/80,	 Avg.loss: 0.0006,	 Test Accuracy: 804/1000(80%)
Task: 9,	 Epoch: 30/80,	 Avg.loss: 0.0006,	 Test Accuracy: 796/1000(80%)
Task: 9,	 Epoch: 31/80,	 Avg.loss: 0.0007,	 Test Accuracy: 796/1000(80%)
Task: 9,	 Epoch: 32/80,	 Avg.loss: 0.0006,	 Test Accuracy: 809/1000(81%)
Task: 9,	 Epoch: 33/80,	 Avg.loss: 0.0007,	 Test Accuracy: 787/1000(79%)
Task: 9,	 Epoch: 34/80,	 Avg.loss: 0.0006,	 Test Accuracy: 785/1000(78%)
Task: 9,	 Epoch: 35/80,	 Avg.loss: 0.0006,	 Test Accuracy: 797/1000(80%)
Task: 9,	 Epoch: 36/80,	 Avg.loss: 0.0007,	 Test Accuracy: 780/1000(78%)
Task: 9,	 Epoch: 37/80,	 Avg.loss: 0.0007,	 Test Accuracy: 792/1000(79%)
Task: 9,	 Epoch: 38/80,	 Avg.loss: 0.0006,	 Test Accuracy: 801/1000(80%)
Task: 9,	 Epoch: 39/80,	 Avg.loss: 0.0006,	 Test Accuracy: 805/1000(81%)
Task: 9,	 Epoch: 40/80,	 Avg.loss: 0.0006,	 Test Accuracy: 801/1000(80%)
Task: 9,	 Epoch: 41/80,	 Avg.loss: 0.0007,	 Test Accuracy: 785/1000(78%)
Task: 9,	 Epoch: 42/80,	 Avg.loss: 0.0006,	 Test Accuracy: 789/1000(79%)
Task: 9,	 Epoch: 43/80,	 Avg.loss: 0.0007,	 Test Accuracy: 792/1000(79%)
Task: 9,	 Epoch: 44/80,	 Avg.loss: 0.0006,	 Test Accuracy: 805/1000(81%)
Task: 9,	 Epoch: 45/80,	 Avg.loss: 0.0006,	 Test Accuracy: 800/1000(80%)
Task: 9,	 Epoch: 46/80,	 Avg.loss: 0.0007,	 Test Accuracy: 785/1000(78%)
Task: 9,	 Epoch: 47/80,	 Avg.loss: 0.0006,	 Test Accuracy: 806/1000(81%)
Task: 9,	 Epoch: 48/80,	 Avg.loss: 0.0006,	 Test Accuracy: 801/1000(80%)
Task: 9,	 Epoch: 49/80,	 Avg.loss: 0.0006,	 Test Accuracy: 793/1000(79%)
Task: 9,	 Epoch: 50/80,	 Avg.loss: 0.0006,	 Test Accuracy: 808/1000(81%)
Task: 9,	 Epoch: 51/80,	 Avg.loss: 0.0006,	 Test Accuracy: 807/1000(81%)
Task: 9,	 Epoch: 52/80,	 Avg.loss: 0.0006,	 Test Accuracy: 811/1000(81%)
Task: 9,	 Epoch: 53/80,	 Avg.loss: 0.0006,	 Test Accuracy: 807/1000(81%)
Task: 9,	 Epoch: 54/80,	 Avg.loss: 0.0006,	 Test Accuracy: 811/1000(81%)
Task: 9,	 Epoch: 55/80,	 Avg.loss: 0.0006,	 Test Accuracy: 807/1000(81%)
Task: 9,	 Epoch: 56/80,	 Avg.loss: 0.0006,	 Test Accuracy: 810/1000(81%)
Task: 9,	 Epoch: 57/80,	 Avg.loss: 0.0006,	 Test Accuracy: 816/1000(82%)
Task: 9,	 Epoch: 58/80,	 Avg.loss: 0.0006,	 Test Accuracy: 811/1000(81%)
Task: 9,	 Epoch: 59/80,	 Avg.loss: 0.0006,	 Test Accuracy: 804/1000(80%)
Task: 9,	 Epoch: 60/80,	 Avg.loss: 0.0006,	 Test Accuracy: 807/1000(81%)
Task: 9,	 Epoch: 61/80,	 Avg.loss: 0.0006,	 Test Accuracy: 810/1000(81%)
Task: 9,	 Epoch: 62/80,	 Avg.loss: 0.0006,	 Test Accuracy: 806/1000(81%)
Task: 9,	 Epoch: 63/80,	 Avg.loss: 0.0006,	 Test Accuracy: 807/1000(81%)
Task: 9,	 Epoch: 64/80,	 Avg.loss: 0.0006,	 Test Accuracy: 815/1000(82%)
Task: 9,	 Epoch: 65/80,	 Avg.loss: 0.0006,	 Test Accuracy: 811/1000(81%)
Task: 9,	 Epoch: 66/80,	 Avg.loss: 0.0006,	 Test Accuracy: 812/1000(81%)
Task: 9,	 Epoch: 67/80,	 Avg.loss: 0.0006,	 Test Accuracy: 812/1000(81%)
Task: 9,	 Epoch: 68/80,	 Avg.loss: 0.0006,	 Test Accuracy: 812/1000(81%)
Task: 9,	 Epoch: 69/80,	 Avg.loss: 0.0006,	 Test Accuracy: 812/1000(81%)
Task: 9,	 Epoch: 70/80,	 Avg.loss: 0.0006,	 Test Accuracy: 816/1000(82%)
Task: 9,	 Epoch: 71/80,	 Avg.loss: 0.0006,	 Test Accuracy: 809/1000(81%)
Task: 9,	 Epoch: 72/80,	 Avg.loss: 0.0006,	 Test Accuracy: 809/1000(81%)
Task: 9,	 Epoch: 73/80,	 Avg.loss: 0.0006,	 Test Accuracy: 811/1000(81%)
Task: 9,	 Epoch: 74/80,	 Avg.loss: 0.0006,	 Test Accuracy: 814/1000(81%)
Task: 9,	 Epoch: 75/80,	 Avg.loss: 0.0006,	 Test Accuracy: 812/1000(81%)
Task: 9,	 Epoch: 76/80,	 Avg.loss: 0.0006,	 Test Accuracy: 815/1000(82%)
Task: 9,	 Epoch: 77/80,	 Avg.loss: 0.0006,	 Test Accuracy: 820/1000(82%)
Task: 9,	 Epoch: 78/80,	 Avg.loss: 0.0006,	 Test Accuracy: 813/1000(81%)
Task: 9,	 Epoch: 79/80,	 Avg.loss: 0.0006,	 Test Accuracy: 819/1000(82%)
Trained Task:9, Loaded task:0, Accuracy:84.8%
Trained Task:9, Loaded task:1, Accuracy:78.1%
Trained Task:9, Loaded task:2, Accuracy:79.7%
Trained Task:9, Loaded task:3, Accuracy:75.4%
Trained Task:9, Loaded task:4, Accuracy:75.9%
Trained Task:9, Loaded task:5, Accuracy:73.7%
Trained Task:9, Loaded task:6, Accuracy:72.4%
Trained Task:9, Loaded task:7, Accuracy:69.1%
Trained Task:9, Loaded task:8, Accuracy:74.6%
Trained Task:9, Loaded task:9, Accuracy:81.9%
Trained Task:9, Avg. Accuracy: 76.6 

List of avg. accuracy: [86.6, 83.1, 81.4, 80.3, 79.7, 78.5, 77.5, 76.5, 76.1, 76.6]
