Files already downloaded and verified
Files already downloaded and verified
Layer        : conv1_layer.2.weight
Sum Omega    : 9216.0
Max Fisher   : 1.0
Max Omega    : 1.0
Max Relevance: 1.0
Mask active  : 8192.0/8192

Layer        : conv2_layer.2.weight
Sum Omega    : 36864.0
Max Fisher   : 1.0
Max Omega    : 1.0
Max Relevance: 1.0
Mask active  : 4096.0/4096

Layer        : fc1_layer.0.weight
Sum Omega    : 2097152.0
Max Fisher   : 1.0
Max Omega    : 1.0
Max Relevance: 1.0
Mask active  : 512.0/512

Saving  mask (task#:0)
Mask histogram conv1_layer.2.weight: 	 tensor([   0., 8192.,    0.,    0.,    0.,    0.,    0.,    0.,    0.,    0.],
       device='cuda:0')
Mask histogram conv2_layer.2.weight: 	 tensor([   0., 4096.,    0.,    0.,    0.,    0.,    0.,    0.,    0.,    0.],
       device='cuda:0')
Mask histogram fc1_layer.0.weight: 	 tensor([  0., 512.,   0.,   0.,   0.,   0.,   0.,   0.,   0.,   0.],
       device='cuda:0')
Task: 0,	 Epoch: 0/80,	 Avg.loss: 0.0010,	 Accuracy: 658/1000(66%)
Task: 0,	 Epoch: 1/80,	 Avg.loss: 0.0007,	 Accuracy: 746/1000(75%)
Task: 0,	 Epoch: 2/80,	 Avg.loss: 0.0007,	 Accuracy: 775/1000(78%)
Task: 0,	 Epoch: 3/80,	 Avg.loss: 0.0006,	 Accuracy: 793/1000(79%)
Task: 0,	 Epoch: 4/80,	 Avg.loss: 0.0006,	 Accuracy: 809/1000(81%)
Task: 0,	 Epoch: 5/80,	 Avg.loss: 0.0006,	 Accuracy: 807/1000(81%)
Task: 0,	 Epoch: 6/80,	 Avg.loss: 0.0005,	 Accuracy: 824/1000(82%)
Task: 0,	 Epoch: 7/80,	 Avg.loss: 0.0006,	 Accuracy: 798/1000(80%)
Task: 0,	 Epoch: 8/80,	 Avg.loss: 0.0005,	 Accuracy: 822/1000(82%)
Task: 0,	 Epoch: 9/80,	 Avg.loss: 0.0005,	 Accuracy: 830/1000(83%)
Task: 0,	 Epoch: 10/80,	 Avg.loss: 0.0005,	 Accuracy: 827/1000(83%)
Task: 0,	 Epoch: 11/80,	 Avg.loss: 0.0005,	 Accuracy: 836/1000(84%)
Task: 0,	 Epoch: 12/80,	 Avg.loss: 0.0005,	 Accuracy: 842/1000(84%)
Task: 0,	 Epoch: 13/80,	 Avg.loss: 0.0006,	 Accuracy: 806/1000(81%)
Task: 0,	 Epoch: 14/80,	 Avg.loss: 0.0005,	 Accuracy: 837/1000(84%)
Task: 0,	 Epoch: 15/80,	 Avg.loss: 0.0006,	 Accuracy: 822/1000(82%)
Task: 0,	 Epoch: 16/80,	 Avg.loss: 0.0005,	 Accuracy: 843/1000(84%)
Task: 0,	 Epoch: 17/80,	 Avg.loss: 0.0006,	 Accuracy: 834/1000(83%)
Task: 0,	 Epoch: 18/80,	 Avg.loss: 0.0006,	 Accuracy: 840/1000(84%)
Task: 0,	 Epoch: 19/80,	 Avg.loss: 0.0005,	 Accuracy: 843/1000(84%)
Task: 0,	 Epoch: 20/80,	 Avg.loss: 0.0005,	 Accuracy: 851/1000(85%)
Task: 0,	 Epoch: 21/80,	 Avg.loss: 0.0005,	 Accuracy: 843/1000(84%)
Task: 0,	 Epoch: 22/80,	 Avg.loss: 0.0005,	 Accuracy: 833/1000(83%)
Task: 0,	 Epoch: 23/80,	 Avg.loss: 0.0007,	 Accuracy: 820/1000(82%)
Task: 0,	 Epoch: 24/80,	 Avg.loss: 0.0006,	 Accuracy: 835/1000(84%)
Task: 0,	 Epoch: 25/80,	 Avg.loss: 0.0006,	 Accuracy: 845/1000(85%)
Task: 0,	 Epoch: 26/80,	 Avg.loss: 0.0006,	 Accuracy: 841/1000(84%)
Task: 0,	 Epoch: 27/80,	 Avg.loss: 0.0006,	 Accuracy: 849/1000(85%)
Task: 0,	 Epoch: 28/80,	 Avg.loss: 0.0006,	 Accuracy: 848/1000(85%)
Task: 0,	 Epoch: 29/80,	 Avg.loss: 0.0006,	 Accuracy: 847/1000(85%)
Task: 0,	 Epoch: 30/80,	 Avg.loss: 0.0006,	 Accuracy: 839/1000(84%)
Task: 0,	 Epoch: 31/80,	 Avg.loss: 0.0006,	 Accuracy: 849/1000(85%)
Task: 0,	 Epoch: 32/80,	 Avg.loss: 0.0006,	 Accuracy: 860/1000(86%)
Task: 0,	 Epoch: 33/80,	 Avg.loss: 0.0006,	 Accuracy: 850/1000(85%)
Task: 0,	 Epoch: 34/80,	 Avg.loss: 0.0006,	 Accuracy: 834/1000(83%)
Task: 0,	 Epoch: 35/80,	 Avg.loss: 0.0006,	 Accuracy: 847/1000(85%)
Task: 0,	 Epoch: 36/80,	 Avg.loss: 0.0007,	 Accuracy: 855/1000(86%)
Task: 0,	 Epoch: 37/80,	 Avg.loss: 0.0007,	 Accuracy: 853/1000(85%)
Task: 0,	 Epoch: 38/80,	 Avg.loss: 0.0007,	 Accuracy: 857/1000(86%)
Task: 0,	 Epoch: 39/80,	 Avg.loss: 0.0007,	 Accuracy: 856/1000(86%)
Task: 0,	 Epoch: 40/80,	 Avg.loss: 0.0006,	 Accuracy: 854/1000(85%)
Task: 0,	 Epoch: 41/80,	 Avg.loss: 0.0006,	 Accuracy: 857/1000(86%)
Task: 0,	 Epoch: 42/80,	 Avg.loss: 0.0006,	 Accuracy: 864/1000(86%)
Task: 0,	 Epoch: 43/80,	 Avg.loss: 0.0006,	 Accuracy: 860/1000(86%)
Task: 0,	 Epoch: 44/80,	 Avg.loss: 0.0007,	 Accuracy: 839/1000(84%)
Task: 0,	 Epoch: 45/80,	 Avg.loss: 0.0007,	 Accuracy: 851/1000(85%)
Task: 0,	 Epoch: 46/80,	 Avg.loss: 0.0007,	 Accuracy: 844/1000(84%)
Task: 0,	 Epoch: 47/80,	 Avg.loss: 0.0008,	 Accuracy: 850/1000(85%)
Task: 0,	 Epoch: 48/80,	 Avg.loss: 0.0007,	 Accuracy: 844/1000(84%)
Task: 0,	 Epoch: 49/80,	 Avg.loss: 0.0006,	 Accuracy: 856/1000(86%)
Task: 0,	 Epoch: 50/80,	 Avg.loss: 0.0006,	 Accuracy: 866/1000(87%)
Task: 0,	 Epoch: 51/80,	 Avg.loss: 0.0006,	 Accuracy: 873/1000(87%)
Task: 0,	 Epoch: 52/80,	 Avg.loss: 0.0007,	 Accuracy: 871/1000(87%)
Task: 0,	 Epoch: 53/80,	 Avg.loss: 0.0007,	 Accuracy: 868/1000(87%)
Task: 0,	 Epoch: 54/80,	 Avg.loss: 0.0007,	 Accuracy: 871/1000(87%)
Task: 0,	 Epoch: 55/80,	 Avg.loss: 0.0007,	 Accuracy: 868/1000(87%)
Task: 0,	 Epoch: 56/80,	 Avg.loss: 0.0007,	 Accuracy: 867/1000(87%)
Task: 0,	 Epoch: 57/80,	 Avg.loss: 0.0007,	 Accuracy: 869/1000(87%)
Task: 0,	 Epoch: 58/80,	 Avg.loss: 0.0007,	 Accuracy: 871/1000(87%)
Task: 0,	 Epoch: 59/80,	 Avg.loss: 0.0007,	 Accuracy: 871/1000(87%)
Task: 0,	 Epoch: 60/80,	 Avg.loss: 0.0007,	 Accuracy: 869/1000(87%)
Task: 0,	 Epoch: 61/80,	 Avg.loss: 0.0007,	 Accuracy: 868/1000(87%)
Task: 0,	 Epoch: 62/80,	 Avg.loss: 0.0007,	 Accuracy: 868/1000(87%)
Task: 0,	 Epoch: 63/80,	 Avg.loss: 0.0007,	 Accuracy: 870/1000(87%)
Task: 0,	 Epoch: 64/80,	 Avg.loss: 0.0007,	 Accuracy: 869/1000(87%)
Task: 0,	 Epoch: 65/80,	 Avg.loss: 0.0007,	 Accuracy: 868/1000(87%)
Task: 0,	 Epoch: 66/80,	 Avg.loss: 0.0007,	 Accuracy: 868/1000(87%)
Task: 0,	 Epoch: 67/80,	 Avg.loss: 0.0007,	 Accuracy: 866/1000(87%)
Task: 0,	 Epoch: 68/80,	 Avg.loss: 0.0007,	 Accuracy: 867/1000(87%)
Task: 0,	 Epoch: 69/80,	 Avg.loss: 0.0007,	 Accuracy: 863/1000(86%)
Task: 0,	 Epoch: 70/80,	 Avg.loss: 0.0007,	 Accuracy: 867/1000(87%)
Task: 0,	 Epoch: 71/80,	 Avg.loss: 0.0007,	 Accuracy: 861/1000(86%)
Task: 0,	 Epoch: 72/80,	 Avg.loss: 0.0007,	 Accuracy: 863/1000(86%)
Task: 0,	 Epoch: 73/80,	 Avg.loss: 0.0007,	 Accuracy: 864/1000(86%)
Task: 0,	 Epoch: 74/80,	 Avg.loss: 0.0007,	 Accuracy: 867/1000(87%)
Task: 0,	 Epoch: 75/80,	 Avg.loss: 0.0007,	 Accuracy: 869/1000(87%)
Task: 0,	 Epoch: 76/80,	 Avg.loss: 0.0007,	 Accuracy: 866/1000(87%)
Task: 0,	 Epoch: 77/80,	 Avg.loss: 0.0007,	 Accuracy: 863/1000(86%)
Task: 0,	 Epoch: 78/80,	 Avg.loss: 0.0007,	 Accuracy: 859/1000(86%)
Task: 0,	 Epoch: 79/80,	 Avg.loss: 0.0007,	 Accuracy: 861/1000(86%)
Saving head (task#: 0)
Computing MAS
Loading head (task#:0)
Loading mask (task#:0)
Files already downloaded and verified
Files already downloaded and verified
Task: 0,	 Epoch: -1/80,	 Avg.loss: 0.0007,	 Accuracy: 861/1000(86%)
Trained Task:0, Loaded task:0, Accuracy:86.1%
Files already downloaded and verified
Files already downloaded and verified
Layer        : conv1_layer.2.weight
Sum Omega    : 622.5126953125
Max Fisher   : 1.0
Max Omega    : 1.0
Max Relevance: 1.2517834901809692
Mask active  : 8192.0/8192

Layer        : conv2_layer.2.weight
Sum Omega    : 2276.45947265625
Max Fisher   : 1.0
Max Omega    : 1.0
Max Relevance: 1.1345270872116089
Mask active  : 4096.0/4096

Layer        : fc1_layer.0.weight
Sum Omega    : 24022.84375
Max Fisher   : 1.0
Max Omega    : 1.0
Max Relevance: 1.5208942890167236
Mask active  : 512.0/512

Saving  mask (task#:1)
Mask histogram conv1_layer.2.weight: 	 tensor([   0.,    0., 8192.,    0.,    0.,    0.,    0.,    0.,    0.,    0.],
       device='cuda:0')
Mask histogram conv2_layer.2.weight: 	 tensor([   0.,    0., 4096.,    0.,    0.,    0.,    0.,    0.,    0.,    0.],
       device='cuda:0')
Mask histogram fc1_layer.0.weight: 	 tensor([  0.,   0., 512.,   0.,   0.,   0.,   0.,   0.,   0.,   0.],
       device='cuda:0')
Task: 1,	 Epoch: 0/80,	 Avg.loss: 0.0009,	 Accuracy: 695/1000(70%)
Task: 1,	 Epoch: 1/80,	 Avg.loss: 0.0008,	 Accuracy: 720/1000(72%)
Task: 1,	 Epoch: 2/80,	 Avg.loss: 0.0007,	 Accuracy: 748/1000(75%)
Task: 1,	 Epoch: 3/80,	 Avg.loss: 0.0007,	 Accuracy: 785/1000(78%)
Task: 1,	 Epoch: 4/80,	 Avg.loss: 0.0007,	 Accuracy: 780/1000(78%)
Task: 1,	 Epoch: 5/80,	 Avg.loss: 0.0006,	 Accuracy: 780/1000(78%)
Task: 1,	 Epoch: 6/80,	 Avg.loss: 0.0006,	 Accuracy: 808/1000(81%)
Task: 1,	 Epoch: 7/80,	 Avg.loss: 0.0006,	 Accuracy: 793/1000(79%)
Task: 1,	 Epoch: 8/80,	 Avg.loss: 0.0006,	 Accuracy: 802/1000(80%)
Task: 1,	 Epoch: 9/80,	 Avg.loss: 0.0006,	 Accuracy: 805/1000(81%)
Task: 1,	 Epoch: 10/80,	 Avg.loss: 0.0006,	 Accuracy: 794/1000(79%)
Task: 1,	 Epoch: 11/80,	 Avg.loss: 0.0006,	 Accuracy: 799/1000(80%)
Task: 1,	 Epoch: 12/80,	 Avg.loss: 0.0006,	 Accuracy: 814/1000(81%)
Task: 1,	 Epoch: 13/80,	 Avg.loss: 0.0006,	 Accuracy: 797/1000(80%)
Task: 1,	 Epoch: 14/80,	 Avg.loss: 0.0006,	 Accuracy: 807/1000(81%)
Task: 1,	 Epoch: 15/80,	 Avg.loss: 0.0006,	 Accuracy: 799/1000(80%)
Task: 1,	 Epoch: 16/80,	 Avg.loss: 0.0006,	 Accuracy: 813/1000(81%)
Task: 1,	 Epoch: 17/80,	 Avg.loss: 0.0006,	 Accuracy: 821/1000(82%)
Task: 1,	 Epoch: 18/80,	 Avg.loss: 0.0006,	 Accuracy: 810/1000(81%)
Task: 1,	 Epoch: 19/80,	 Avg.loss: 0.0007,	 Accuracy: 806/1000(81%)
Task: 1,	 Epoch: 20/80,	 Avg.loss: 0.0006,	 Accuracy: 822/1000(82%)
Task: 1,	 Epoch: 21/80,	 Avg.loss: 0.0007,	 Accuracy: 815/1000(82%)
Task: 1,	 Epoch: 22/80,	 Avg.loss: 0.0007,	 Accuracy: 798/1000(80%)
Task: 1,	 Epoch: 23/80,	 Avg.loss: 0.0006,	 Accuracy: 818/1000(82%)
Task: 1,	 Epoch: 24/80,	 Avg.loss: 0.0007,	 Accuracy: 825/1000(83%)
Task: 1,	 Epoch: 25/80,	 Avg.loss: 0.0007,	 Accuracy: 816/1000(82%)
Task: 1,	 Epoch: 26/80,	 Avg.loss: 0.0007,	 Accuracy: 829/1000(83%)
Task: 1,	 Epoch: 27/80,	 Avg.loss: 0.0007,	 Accuracy: 811/1000(81%)
Task: 1,	 Epoch: 28/80,	 Avg.loss: 0.0007,	 Accuracy: 826/1000(83%)
Task: 1,	 Epoch: 29/80,	 Avg.loss: 0.0007,	 Accuracy: 819/1000(82%)
Task: 1,	 Epoch: 30/80,	 Avg.loss: 0.0007,	 Accuracy: 815/1000(82%)
Task: 1,	 Epoch: 31/80,	 Avg.loss: 0.0007,	 Accuracy: 817/1000(82%)
Task: 1,	 Epoch: 32/80,	 Avg.loss: 0.0008,	 Accuracy: 825/1000(83%)
Task: 1,	 Epoch: 33/80,	 Avg.loss: 0.0008,	 Accuracy: 815/1000(82%)
Task: 1,	 Epoch: 34/80,	 Avg.loss: 0.0008,	 Accuracy: 812/1000(81%)
Task: 1,	 Epoch: 35/80,	 Avg.loss: 0.0007,	 Accuracy: 818/1000(82%)
Task: 1,	 Epoch: 36/80,	 Avg.loss: 0.0007,	 Accuracy: 835/1000(84%)
Task: 1,	 Epoch: 37/80,	 Avg.loss: 0.0008,	 Accuracy: 823/1000(82%)
Task: 1,	 Epoch: 38/80,	 Avg.loss: 0.0008,	 Accuracy: 827/1000(83%)
Task: 1,	 Epoch: 39/80,	 Avg.loss: 0.0008,	 Accuracy: 822/1000(82%)
Task: 1,	 Epoch: 40/80,	 Avg.loss: 0.0008,	 Accuracy: 805/1000(81%)
Task: 1,	 Epoch: 41/80,	 Avg.loss: 0.0009,	 Accuracy: 800/1000(80%)
Task: 1,	 Epoch: 42/80,	 Avg.loss: 0.0008,	 Accuracy: 810/1000(81%)
Task: 1,	 Epoch: 43/80,	 Avg.loss: 0.0008,	 Accuracy: 812/1000(81%)
Task: 1,	 Epoch: 44/80,	 Avg.loss: 0.0009,	 Accuracy: 812/1000(81%)
Task: 1,	 Epoch: 45/80,	 Avg.loss: 0.0008,	 Accuracy: 814/1000(81%)
Task: 1,	 Epoch: 46/80,	 Avg.loss: 0.0008,	 Accuracy: 804/1000(80%)
Task: 1,	 Epoch: 47/80,	 Avg.loss: 0.0009,	 Accuracy: 820/1000(82%)
Task: 1,	 Epoch: 48/80,	 Avg.loss: 0.0009,	 Accuracy: 815/1000(82%)
Task: 1,	 Epoch: 49/80,	 Avg.loss: 0.0008,	 Accuracy: 820/1000(82%)
Task: 1,	 Epoch: 50/80,	 Avg.loss: 0.0008,	 Accuracy: 823/1000(82%)
Task: 1,	 Epoch: 51/80,	 Avg.loss: 0.0008,	 Accuracy: 822/1000(82%)
Task: 1,	 Epoch: 52/80,	 Avg.loss: 0.0008,	 Accuracy: 824/1000(82%)
Task: 1,	 Epoch: 53/80,	 Avg.loss: 0.0008,	 Accuracy: 825/1000(83%)
Task: 1,	 Epoch: 54/80,	 Avg.loss: 0.0008,	 Accuracy: 829/1000(83%)
Task: 1,	 Epoch: 55/80,	 Avg.loss: 0.0008,	 Accuracy: 829/1000(83%)
Task: 1,	 Epoch: 56/80,	 Avg.loss: 0.0008,	 Accuracy: 826/1000(83%)
Task: 1,	 Epoch: 57/80,	 Avg.loss: 0.0008,	 Accuracy: 826/1000(83%)
Task: 1,	 Epoch: 58/80,	 Avg.loss: 0.0008,	 Accuracy: 827/1000(83%)
Task: 1,	 Epoch: 59/80,	 Avg.loss: 0.0008,	 Accuracy: 831/1000(83%)
Task: 1,	 Epoch: 60/80,	 Avg.loss: 0.0008,	 Accuracy: 828/1000(83%)
Task: 1,	 Epoch: 61/80,	 Avg.loss: 0.0008,	 Accuracy: 830/1000(83%)
Task: 1,	 Epoch: 62/80,	 Avg.loss: 0.0008,	 Accuracy: 830/1000(83%)
Task: 1,	 Epoch: 63/80,	 Avg.loss: 0.0008,	 Accuracy: 829/1000(83%)
Task: 1,	 Epoch: 64/80,	 Avg.loss: 0.0008,	 Accuracy: 830/1000(83%)
Task: 1,	 Epoch: 65/80,	 Avg.loss: 0.0008,	 Accuracy: 827/1000(83%)
Task: 1,	 Epoch: 66/80,	 Avg.loss: 0.0008,	 Accuracy: 826/1000(83%)
Task: 1,	 Epoch: 67/80,	 Avg.loss: 0.0008,	 Accuracy: 831/1000(83%)
Task: 1,	 Epoch: 68/80,	 Avg.loss: 0.0008,	 Accuracy: 828/1000(83%)
Task: 1,	 Epoch: 69/80,	 Avg.loss: 0.0008,	 Accuracy: 826/1000(83%)
Task: 1,	 Epoch: 70/80,	 Avg.loss: 0.0008,	 Accuracy: 826/1000(83%)
Task: 1,	 Epoch: 71/80,	 Avg.loss: 0.0008,	 Accuracy: 826/1000(83%)
Task: 1,	 Epoch: 72/80,	 Avg.loss: 0.0008,	 Accuracy: 829/1000(83%)
Task: 1,	 Epoch: 73/80,	 Avg.loss: 0.0008,	 Accuracy: 829/1000(83%)
Task: 1,	 Epoch: 74/80,	 Avg.loss: 0.0008,	 Accuracy: 834/1000(83%)
Task: 1,	 Epoch: 75/80,	 Avg.loss: 0.0008,	 Accuracy: 831/1000(83%)
Task: 1,	 Epoch: 76/80,	 Avg.loss: 0.0008,	 Accuracy: 829/1000(83%)
Task: 1,	 Epoch: 77/80,	 Avg.loss: 0.0008,	 Accuracy: 831/1000(83%)
Task: 1,	 Epoch: 78/80,	 Avg.loss: 0.0008,	 Accuracy: 835/1000(84%)
Task: 1,	 Epoch: 79/80,	 Avg.loss: 0.0008,	 Accuracy: 829/1000(83%)
Saving head (task#: 1)
Computing MAS
Loading head (task#:0)
Loading mask (task#:0)
Files already downloaded and verified
Files already downloaded and verified
Task: 0,	 Epoch: -1/80,	 Avg.loss: 0.0015,	 Accuracy: 703/1000(70%)
Trained Task:1, Loaded task:0, Accuracy:70.3%
Loading head (task#:1)
Loading mask (task#:1)
Files already downloaded and verified
Files already downloaded and verified
Task: 1,	 Epoch: -1/80,	 Avg.loss: 0.0008,	 Accuracy: 829/1000(83%)
Trained Task:1, Loaded task:1, Accuracy:82.9%
Files already downloaded and verified
Files already downloaded and verified
Layer        : conv1_layer.2.weight
Sum Omega    : 727.728759765625
Max Fisher   : 1.0
Max Omega    : 1.0
Max Relevance: 1.1379671096801758
Mask active  : 8192.0/8192

Layer        : conv2_layer.2.weight
Sum Omega    : 2664.64404296875
Max Fisher   : 1.0
Max Omega    : 1.0
Max Relevance: 1.3933305740356445
Mask active  : 4096.0/4096

Layer        : fc1_layer.0.weight
Sum Omega    : 34898.77734375
Max Fisher   : 1.0
Max Omega    : 1.0
Max Relevance: 1.3833850622177124
Mask active  : 512.0/512

Saving  mask (task#:2)
Mask histogram conv1_layer.2.weight: 	 tensor([   0.,    0.,    0., 8192.,    0.,    0.,    0.,    0.,    0.,    0.],
       device='cuda:0')
Mask histogram conv2_layer.2.weight: 	 tensor([   0.,    0.,    0., 4096.,    0.,    0.,    0.,    0.,    0.,    0.],
       device='cuda:0')
Mask histogram fc1_layer.0.weight: 	 tensor([  0.,   0.,   0., 512.,   0.,   0.,   0.,   0.,   0.,   0.],
       device='cuda:0')
Task: 2,	 Epoch: 0/80,	 Avg.loss: 0.0009,	 Accuracy: 709/1000(71%)
Task: 2,	 Epoch: 1/80,	 Avg.loss: 0.0007,	 Accuracy: 758/1000(76%)
Task: 2,	 Epoch: 2/80,	 Avg.loss: 0.0007,	 Accuracy: 767/1000(77%)
Task: 2,	 Epoch: 3/80,	 Avg.loss: 0.0007,	 Accuracy: 763/1000(76%)
Task: 2,	 Epoch: 4/80,	 Avg.loss: 0.0006,	 Accuracy: 791/1000(79%)
Task: 2,	 Epoch: 5/80,	 Avg.loss: 0.0006,	 Accuracy: 797/1000(80%)
Task: 2,	 Epoch: 6/80,	 Avg.loss: 0.0006,	 Accuracy: 807/1000(81%)
Task: 2,	 Epoch: 7/80,	 Avg.loss: 0.0006,	 Accuracy: 823/1000(82%)
Task: 2,	 Epoch: 8/80,	 Avg.loss: 0.0006,	 Accuracy: 811/1000(81%)
Task: 2,	 Epoch: 9/80,	 Avg.loss: 0.0006,	 Accuracy: 813/1000(81%)
Task: 2,	 Epoch: 10/80,	 Avg.loss: 0.0006,	 Accuracy: 825/1000(83%)
Task: 2,	 Epoch: 11/80,	 Avg.loss: 0.0006,	 Accuracy: 823/1000(82%)
Task: 2,	 Epoch: 12/80,	 Avg.loss: 0.0006,	 Accuracy: 816/1000(82%)
Task: 2,	 Epoch: 13/80,	 Avg.loss: 0.0006,	 Accuracy: 822/1000(82%)
Task: 2,	 Epoch: 14/80,	 Avg.loss: 0.0006,	 Accuracy: 817/1000(82%)
Task: 2,	 Epoch: 15/80,	 Avg.loss: 0.0006,	 Accuracy: 809/1000(81%)
Task: 2,	 Epoch: 16/80,	 Avg.loss: 0.0006,	 Accuracy: 827/1000(83%)
Task: 2,	 Epoch: 17/80,	 Avg.loss: 0.0006,	 Accuracy: 827/1000(83%)
Task: 2,	 Epoch: 18/80,	 Avg.loss: 0.0006,	 Accuracy: 827/1000(83%)
Task: 2,	 Epoch: 19/80,	 Avg.loss: 0.0006,	 Accuracy: 837/1000(84%)
Task: 2,	 Epoch: 20/80,	 Avg.loss: 0.0006,	 Accuracy: 822/1000(82%)
Task: 2,	 Epoch: 21/80,	 Avg.loss: 0.0006,	 Accuracy: 839/1000(84%)
Task: 2,	 Epoch: 22/80,	 Avg.loss: 0.0006,	 Accuracy: 828/1000(83%)
Task: 2,	 Epoch: 23/80,	 Avg.loss: 0.0007,	 Accuracy: 824/1000(82%)
Task: 2,	 Epoch: 24/80,	 Avg.loss: 0.0006,	 Accuracy: 835/1000(84%)
Task: 2,	 Epoch: 25/80,	 Avg.loss: 0.0006,	 Accuracy: 838/1000(84%)
Task: 2,	 Epoch: 26/80,	 Avg.loss: 0.0007,	 Accuracy: 842/1000(84%)
Task: 2,	 Epoch: 27/80,	 Avg.loss: 0.0006,	 Accuracy: 833/1000(83%)
Task: 2,	 Epoch: 28/80,	 Avg.loss: 0.0007,	 Accuracy: 841/1000(84%)
Task: 2,	 Epoch: 29/80,	 Avg.loss: 0.0007,	 Accuracy: 839/1000(84%)
Task: 2,	 Epoch: 30/80,	 Avg.loss: 0.0007,	 Accuracy: 830/1000(83%)
Task: 2,	 Epoch: 31/80,	 Avg.loss: 0.0007,	 Accuracy: 837/1000(84%)
Task: 2,	 Epoch: 32/80,	 Avg.loss: 0.0006,	 Accuracy: 839/1000(84%)
Task: 2,	 Epoch: 33/80,	 Avg.loss: 0.0007,	 Accuracy: 839/1000(84%)
Task: 2,	 Epoch: 34/80,	 Avg.loss: 0.0006,	 Accuracy: 851/1000(85%)
Task: 2,	 Epoch: 35/80,	 Avg.loss: 0.0007,	 Accuracy: 851/1000(85%)
Task: 2,	 Epoch: 36/80,	 Avg.loss: 0.0007,	 Accuracy: 846/1000(85%)
Task: 2,	 Epoch: 37/80,	 Avg.loss: 0.0007,	 Accuracy: 836/1000(84%)
Task: 2,	 Epoch: 38/80,	 Avg.loss: 0.0008,	 Accuracy: 839/1000(84%)
Task: 2,	 Epoch: 39/80,	 Avg.loss: 0.0008,	 Accuracy: 834/1000(83%)
Task: 2,	 Epoch: 40/80,	 Avg.loss: 0.0007,	 Accuracy: 836/1000(84%)
Task: 2,	 Epoch: 41/80,	 Avg.loss: 0.0008,	 Accuracy: 825/1000(83%)
Task: 2,	 Epoch: 42/80,	 Avg.loss: 0.0008,	 Accuracy: 845/1000(85%)
Task: 2,	 Epoch: 43/80,	 Avg.loss: 0.0007,	 Accuracy: 829/1000(83%)
Task: 2,	 Epoch: 44/80,	 Avg.loss: 0.0008,	 Accuracy: 836/1000(84%)
Task: 2,	 Epoch: 45/80,	 Avg.loss: 0.0008,	 Accuracy: 836/1000(84%)
Task: 2,	 Epoch: 46/80,	 Avg.loss: 0.0008,	 Accuracy: 838/1000(84%)
Task: 2,	 Epoch: 47/80,	 Avg.loss: 0.0008,	 Accuracy: 838/1000(84%)
Task: 2,	 Epoch: 48/80,	 Avg.loss: 0.0009,	 Accuracy: 840/1000(84%)
Task: 2,	 Epoch: 49/80,	 Avg.loss: 0.0008,	 Accuracy: 831/1000(83%)
Task: 2,	 Epoch: 50/80,	 Avg.loss: 0.0008,	 Accuracy: 835/1000(84%)
Task: 2,	 Epoch: 51/80,	 Avg.loss: 0.0008,	 Accuracy: 838/1000(84%)
Task: 2,	 Epoch: 52/80,	 Avg.loss: 0.0008,	 Accuracy: 830/1000(83%)
Task: 2,	 Epoch: 53/80,	 Avg.loss: 0.0008,	 Accuracy: 833/1000(83%)
Task: 2,	 Epoch: 54/80,	 Avg.loss: 0.0008,	 Accuracy: 839/1000(84%)
Task: 2,	 Epoch: 55/80,	 Avg.loss: 0.0008,	 Accuracy: 836/1000(84%)
Task: 2,	 Epoch: 56/80,	 Avg.loss: 0.0008,	 Accuracy: 843/1000(84%)
Task: 2,	 Epoch: 57/80,	 Avg.loss: 0.0008,	 Accuracy: 839/1000(84%)
Task: 2,	 Epoch: 58/80,	 Avg.loss: 0.0008,	 Accuracy: 836/1000(84%)
Task: 2,	 Epoch: 59/80,	 Avg.loss: 0.0008,	 Accuracy: 836/1000(84%)
Task: 2,	 Epoch: 60/80,	 Avg.loss: 0.0008,	 Accuracy: 835/1000(84%)
Task: 2,	 Epoch: 61/80,	 Avg.loss: 0.0008,	 Accuracy: 842/1000(84%)
Task: 2,	 Epoch: 62/80,	 Avg.loss: 0.0008,	 Accuracy: 840/1000(84%)
Task: 2,	 Epoch: 63/80,	 Avg.loss: 0.0008,	 Accuracy: 841/1000(84%)
Task: 2,	 Epoch: 64/80,	 Avg.loss: 0.0008,	 Accuracy: 839/1000(84%)
Task: 2,	 Epoch: 65/80,	 Avg.loss: 0.0008,	 Accuracy: 838/1000(84%)
Task: 2,	 Epoch: 66/80,	 Avg.loss: 0.0008,	 Accuracy: 839/1000(84%)
Task: 2,	 Epoch: 67/80,	 Avg.loss: 0.0008,	 Accuracy: 851/1000(85%)
Task: 2,	 Epoch: 68/80,	 Avg.loss: 0.0008,	 Accuracy: 848/1000(85%)
Task: 2,	 Epoch: 69/80,	 Avg.loss: 0.0008,	 Accuracy: 844/1000(84%)
Task: 2,	 Epoch: 70/80,	 Avg.loss: 0.0008,	 Accuracy: 849/1000(85%)
Task: 2,	 Epoch: 71/80,	 Avg.loss: 0.0008,	 Accuracy: 845/1000(85%)
Task: 2,	 Epoch: 72/80,	 Avg.loss: 0.0008,	 Accuracy: 846/1000(85%)
Task: 2,	 Epoch: 73/80,	 Avg.loss: 0.0008,	 Accuracy: 848/1000(85%)
Task: 2,	 Epoch: 74/80,	 Avg.loss: 0.0008,	 Accuracy: 842/1000(84%)
Task: 2,	 Epoch: 75/80,	 Avg.loss: 0.0008,	 Accuracy: 845/1000(85%)
Task: 2,	 Epoch: 76/80,	 Avg.loss: 0.0008,	 Accuracy: 844/1000(84%)
Task: 2,	 Epoch: 77/80,	 Avg.loss: 0.0008,	 Accuracy: 849/1000(85%)
Task: 2,	 Epoch: 78/80,	 Avg.loss: 0.0008,	 Accuracy: 845/1000(85%)
Task: 2,	 Epoch: 79/80,	 Avg.loss: 0.0008,	 Accuracy: 847/1000(85%)
Saving head (task#: 2)
Computing MAS
Loading head (task#:0)
Loading mask (task#:0)
Files already downloaded and verified
Files already downloaded and verified
Task: 0,	 Epoch: -1/80,	 Avg.loss: 0.0022,	 Accuracy: 627/1000(63%)
Trained Task:2, Loaded task:0, Accuracy:62.7%
Loading head (task#:1)
Loading mask (task#:1)
Files already downloaded and verified
Files already downloaded and verified
Task: 1,	 Epoch: -1/80,	 Avg.loss: 0.0015,	 Accuracy: 733/1000(73%)
Trained Task:2, Loaded task:1, Accuracy:73.3%
Loading head (task#:2)
Loading mask (task#:2)
Files already downloaded and verified
Files already downloaded and verified
Task: 2,	 Epoch: -1/80,	 Avg.loss: 0.0008,	 Accuracy: 847/1000(85%)
Trained Task:2, Loaded task:2, Accuracy:84.7%
Files already downloaded and verified
Files already downloaded and verified
Layer        : conv1_layer.2.weight
Sum Omega    : 785.4942626953125
Max Fisher   : 1.0
Max Omega    : 1.0
Max Relevance: 1.0634535551071167
Mask active  : 8192.0/8192

Layer        : conv2_layer.2.weight
Sum Omega    : 2704.38330078125
Max Fisher   : 1.0
Max Omega    : 1.0
Max Relevance: 1.5558968782424927
Mask active  : 4096.0/4096

Layer        : fc1_layer.0.weight
Sum Omega    : 44232.0390625
Max Fisher   : 1.0
Max Omega    : 1.0
Max Relevance: 1.3620918989181519
Mask active  : 512.0/512

Saving  mask (task#:3)
Mask histogram conv1_layer.2.weight: 	 tensor([   0.,    0.,    0.,    0., 8192.,    0.,    0.,    0.,    0.,    0.],
       device='cuda:0')
Mask histogram conv2_layer.2.weight: 	 tensor([   0.,    0.,    0.,    0., 4096.,    0.,    0.,    0.,    0.,    0.],
       device='cuda:0')
Mask histogram fc1_layer.0.weight: 	 tensor([  0.,   0.,   0.,   0., 512.,   0.,   0.,   0.,   0.,   0.],
       device='cuda:0')
Task: 3,	 Epoch: 0/80,	 Avg.loss: 0.0010,	 Accuracy: 688/1000(69%)
Task: 3,	 Epoch: 1/80,	 Avg.loss: 0.0009,	 Accuracy: 709/1000(71%)
Task: 3,	 Epoch: 2/80,	 Avg.loss: 0.0008,	 Accuracy: 746/1000(75%)
Task: 3,	 Epoch: 3/80,	 Avg.loss: 0.0007,	 Accuracy: 765/1000(76%)
Task: 3,	 Epoch: 4/80,	 Avg.loss: 0.0007,	 Accuracy: 783/1000(78%)
Task: 3,	 Epoch: 5/80,	 Avg.loss: 0.0007,	 Accuracy: 783/1000(78%)
Task: 3,	 Epoch: 6/80,	 Avg.loss: 0.0007,	 Accuracy: 780/1000(78%)
Task: 3,	 Epoch: 7/80,	 Avg.loss: 0.0007,	 Accuracy: 802/1000(80%)
Task: 3,	 Epoch: 8/80,	 Avg.loss: 0.0007,	 Accuracy: 786/1000(79%)
Task: 3,	 Epoch: 9/80,	 Avg.loss: 0.0007,	 Accuracy: 800/1000(80%)
Task: 3,	 Epoch: 10/80,	 Avg.loss: 0.0006,	 Accuracy: 805/1000(81%)
Task: 3,	 Epoch: 11/80,	 Avg.loss: 0.0007,	 Accuracy: 797/1000(80%)
Task: 3,	 Epoch: 12/80,	 Avg.loss: 0.0007,	 Accuracy: 804/1000(80%)
Task: 3,	 Epoch: 13/80,	 Avg.loss: 0.0007,	 Accuracy: 797/1000(80%)
Task: 3,	 Epoch: 14/80,	 Avg.loss: 0.0007,	 Accuracy: 802/1000(80%)
Task: 3,	 Epoch: 15/80,	 Avg.loss: 0.0007,	 Accuracy: 822/1000(82%)
Task: 3,	 Epoch: 16/80,	 Avg.loss: 0.0007,	 Accuracy: 810/1000(81%)
Task: 3,	 Epoch: 17/80,	 Avg.loss: 0.0007,	 Accuracy: 813/1000(81%)
Task: 3,	 Epoch: 18/80,	 Avg.loss: 0.0007,	 Accuracy: 805/1000(81%)
Task: 3,	 Epoch: 19/80,	 Avg.loss: 0.0007,	 Accuracy: 828/1000(83%)
Task: 3,	 Epoch: 20/80,	 Avg.loss: 0.0007,	 Accuracy: 813/1000(81%)
Task: 3,	 Epoch: 21/80,	 Avg.loss: 0.0007,	 Accuracy: 814/1000(81%)
Task: 3,	 Epoch: 22/80,	 Avg.loss: 0.0007,	 Accuracy: 812/1000(81%)
Task: 3,	 Epoch: 23/80,	 Avg.loss: 0.0007,	 Accuracy: 828/1000(83%)
Task: 3,	 Epoch: 24/80,	 Avg.loss: 0.0008,	 Accuracy: 822/1000(82%)
Task: 3,	 Epoch: 25/80,	 Avg.loss: 0.0008,	 Accuracy: 810/1000(81%)
Task: 3,	 Epoch: 26/80,	 Avg.loss: 0.0008,	 Accuracy: 812/1000(81%)
Task: 3,	 Epoch: 27/80,	 Avg.loss: 0.0007,	 Accuracy: 835/1000(84%)
Task: 3,	 Epoch: 28/80,	 Avg.loss: 0.0008,	 Accuracy: 811/1000(81%)
Task: 3,	 Epoch: 29/80,	 Avg.loss: 0.0007,	 Accuracy: 827/1000(83%)
Task: 3,	 Epoch: 30/80,	 Avg.loss: 0.0008,	 Accuracy: 818/1000(82%)
Task: 3,	 Epoch: 31/80,	 Avg.loss: 0.0007,	 Accuracy: 828/1000(83%)
Task: 3,	 Epoch: 32/80,	 Avg.loss: 0.0008,	 Accuracy: 820/1000(82%)
Task: 3,	 Epoch: 33/80,	 Avg.loss: 0.0008,	 Accuracy: 823/1000(82%)
Task: 3,	 Epoch: 34/80,	 Avg.loss: 0.0008,	 Accuracy: 812/1000(81%)
Task: 3,	 Epoch: 35/80,	 Avg.loss: 0.0008,	 Accuracy: 817/1000(82%)
Task: 3,	 Epoch: 36/80,	 Avg.loss: 0.0008,	 Accuracy: 819/1000(82%)
Task: 3,	 Epoch: 37/80,	 Avg.loss: 0.0008,	 Accuracy: 828/1000(83%)
Task: 3,	 Epoch: 38/80,	 Avg.loss: 0.0008,	 Accuracy: 838/1000(84%)
Task: 3,	 Epoch: 39/80,	 Avg.loss: 0.0009,	 Accuracy: 818/1000(82%)
Task: 3,	 Epoch: 40/80,	 Avg.loss: 0.0008,	 Accuracy: 840/1000(84%)
Task: 3,	 Epoch: 41/80,	 Avg.loss: 0.0009,	 Accuracy: 827/1000(83%)
Task: 3,	 Epoch: 42/80,	 Avg.loss: 0.0009,	 Accuracy: 837/1000(84%)
Task: 3,	 Epoch: 43/80,	 Avg.loss: 0.0009,	 Accuracy: 819/1000(82%)
Task: 3,	 Epoch: 44/80,	 Avg.loss: 0.0009,	 Accuracy: 812/1000(81%)
Task: 3,	 Epoch: 45/80,	 Avg.loss: 0.0009,	 Accuracy: 825/1000(83%)
Task: 3,	 Epoch: 46/80,	 Avg.loss: 0.0009,	 Accuracy: 838/1000(84%)
Task: 3,	 Epoch: 47/80,	 Avg.loss: 0.0009,	 Accuracy: 829/1000(83%)
Task: 3,	 Epoch: 48/80,	 Avg.loss: 0.0010,	 Accuracy: 822/1000(82%)
Task: 3,	 Epoch: 49/80,	 Avg.loss: 0.0009,	 Accuracy: 833/1000(83%)
Task: 3,	 Epoch: 50/80,	 Avg.loss: 0.0008,	 Accuracy: 842/1000(84%)
Task: 3,	 Epoch: 51/80,	 Avg.loss: 0.0008,	 Accuracy: 840/1000(84%)
Task: 3,	 Epoch: 52/80,	 Avg.loss: 0.0008,	 Accuracy: 844/1000(84%)
Task: 3,	 Epoch: 53/80,	 Avg.loss: 0.0008,	 Accuracy: 844/1000(84%)
Task: 3,	 Epoch: 54/80,	 Avg.loss: 0.0008,	 Accuracy: 844/1000(84%)
Task: 3,	 Epoch: 55/80,	 Avg.loss: 0.0008,	 Accuracy: 843/1000(84%)
Task: 3,	 Epoch: 56/80,	 Avg.loss: 0.0008,	 Accuracy: 847/1000(85%)
Task: 3,	 Epoch: 57/80,	 Avg.loss: 0.0008,	 Accuracy: 845/1000(85%)
Task: 3,	 Epoch: 58/80,	 Avg.loss: 0.0008,	 Accuracy: 844/1000(84%)
Task: 3,	 Epoch: 59/80,	 Avg.loss: 0.0008,	 Accuracy: 849/1000(85%)
Task: 3,	 Epoch: 60/80,	 Avg.loss: 0.0008,	 Accuracy: 851/1000(85%)
Task: 3,	 Epoch: 61/80,	 Avg.loss: 0.0008,	 Accuracy: 849/1000(85%)
Task: 3,	 Epoch: 62/80,	 Avg.loss: 0.0008,	 Accuracy: 854/1000(85%)
Task: 3,	 Epoch: 63/80,	 Avg.loss: 0.0008,	 Accuracy: 851/1000(85%)
Task: 3,	 Epoch: 64/80,	 Avg.loss: 0.0008,	 Accuracy: 850/1000(85%)
Task: 3,	 Epoch: 65/80,	 Avg.loss: 0.0008,	 Accuracy: 847/1000(85%)
Task: 3,	 Epoch: 66/80,	 Avg.loss: 0.0008,	 Accuracy: 849/1000(85%)
Task: 3,	 Epoch: 67/80,	 Avg.loss: 0.0008,	 Accuracy: 848/1000(85%)
Task: 3,	 Epoch: 68/80,	 Avg.loss: 0.0008,	 Accuracy: 846/1000(85%)
Task: 3,	 Epoch: 69/80,	 Avg.loss: 0.0008,	 Accuracy: 855/1000(86%)
Task: 3,	 Epoch: 70/80,	 Avg.loss: 0.0009,	 Accuracy: 855/1000(86%)
Task: 3,	 Epoch: 71/80,	 Avg.loss: 0.0008,	 Accuracy: 856/1000(86%)
Task: 3,	 Epoch: 72/80,	 Avg.loss: 0.0008,	 Accuracy: 850/1000(85%)
Task: 3,	 Epoch: 73/80,	 Avg.loss: 0.0008,	 Accuracy: 852/1000(85%)
Task: 3,	 Epoch: 74/80,	 Avg.loss: 0.0008,	 Accuracy: 856/1000(86%)
Task: 3,	 Epoch: 75/80,	 Avg.loss: 0.0008,	 Accuracy: 857/1000(86%)
Task: 3,	 Epoch: 76/80,	 Avg.loss: 0.0008,	 Accuracy: 854/1000(85%)
Task: 3,	 Epoch: 77/80,	 Avg.loss: 0.0008,	 Accuracy: 851/1000(85%)
Task: 3,	 Epoch: 78/80,	 Avg.loss: 0.0008,	 Accuracy: 855/1000(86%)
Task: 3,	 Epoch: 79/80,	 Avg.loss: 0.0008,	 Accuracy: 849/1000(85%)
Saving head (task#: 3)
Computing MAS
Loading head (task#:0)
Loading mask (task#:0)
Files already downloaded and verified
Files already downloaded and verified
Task: 0,	 Epoch: -1/80,	 Avg.loss: 0.0030,	 Accuracy: 539/1000(54%)
Trained Task:3, Loaded task:0, Accuracy:53.9%
Loading head (task#:1)
Loading mask (task#:1)
Files already downloaded and verified
Files already downloaded and verified
Task: 1,	 Epoch: -1/80,	 Avg.loss: 0.0022,	 Accuracy: 628/1000(63%)
Trained Task:3, Loaded task:1, Accuracy:62.8%
Loading head (task#:2)
Loading mask (task#:2)
Files already downloaded and verified
Files already downloaded and verified
Task: 2,	 Epoch: -1/80,	 Avg.loss: 0.0015,	 Accuracy: 723/1000(72%)
Trained Task:3, Loaded task:2, Accuracy:72.3%
Loading head (task#:3)
Loading mask (task#:3)
Files already downloaded and verified
Files already downloaded and verified
Task: 3,	 Epoch: -1/80,	 Avg.loss: 0.0008,	 Accuracy: 849/1000(85%)
Trained Task:3, Loaded task:3, Accuracy:84.9%
Files already downloaded and verified
Files already downloaded and verified
Layer        : conv1_layer.2.weight
Sum Omega    : 740.6845703125
Max Fisher   : 1.0
Max Omega    : 1.0
Max Relevance: 1.10062837600708
Mask active  : 8192.0/8192

Layer        : conv2_layer.2.weight
Sum Omega    : 2801.281494140625
Max Fisher   : 1.0
Max Omega    : 1.0
Max Relevance: 1.5160781145095825
Mask active  : 4096.0/4096

Layer        : fc1_layer.0.weight
Sum Omega    : 49767.86328125
Max Fisher   : 1.0
Max Omega    : 1.0
Max Relevance: 1.4357913732528687
Mask active  : 512.0/512

Saving  mask (task#:4)
Mask histogram conv1_layer.2.weight: 	 tensor([   0.,    0.,    0.,    0.,    0., 8192.,    0.,    0.,    0.,    0.],
       device='cuda:0')
Mask histogram conv2_layer.2.weight: 	 tensor([   0.,    0.,    0.,    0.,    0., 4096.,    0.,    0.,    0.,    0.],
       device='cuda:0')
Mask histogram fc1_layer.0.weight: 	 tensor([  0.,   0.,   0.,   0.,   0., 512.,   0.,   0.,   0.,   0.],
       device='cuda:0')
Task: 4,	 Epoch: 0/80,	 Avg.loss: 0.0009,	 Accuracy: 698/1000(70%)
Task: 4,	 Epoch: 1/80,	 Avg.loss: 0.0008,	 Accuracy: 759/1000(76%)
Task: 4,	 Epoch: 2/80,	 Avg.loss: 0.0007,	 Accuracy: 783/1000(78%)
Task: 4,	 Epoch: 3/80,	 Avg.loss: 0.0007,	 Accuracy: 793/1000(79%)
Task: 4,	 Epoch: 4/80,	 Avg.loss: 0.0007,	 Accuracy: 783/1000(78%)
Task: 4,	 Epoch: 5/80,	 Avg.loss: 0.0006,	 Accuracy: 800/1000(80%)
Task: 4,	 Epoch: 6/80,	 Avg.loss: 0.0006,	 Accuracy: 811/1000(81%)
Task: 4,	 Epoch: 7/80,	 Avg.loss: 0.0006,	 Accuracy: 807/1000(81%)
Task: 4,	 Epoch: 8/80,	 Avg.loss: 0.0006,	 Accuracy: 814/1000(81%)
Task: 4,	 Epoch: 9/80,	 Avg.loss: 0.0006,	 Accuracy: 824/1000(82%)
Task: 4,	 Epoch: 10/80,	 Avg.loss: 0.0006,	 Accuracy: 814/1000(81%)
Task: 4,	 Epoch: 11/80,	 Avg.loss: 0.0006,	 Accuracy: 808/1000(81%)
Task: 4,	 Epoch: 12/80,	 Avg.loss: 0.0006,	 Accuracy: 841/1000(84%)
Task: 4,	 Epoch: 13/80,	 Avg.loss: 0.0006,	 Accuracy: 820/1000(82%)
Task: 4,	 Epoch: 14/80,	 Avg.loss: 0.0007,	 Accuracy: 817/1000(82%)
Task: 4,	 Epoch: 15/80,	 Avg.loss: 0.0006,	 Accuracy: 822/1000(82%)
Task: 4,	 Epoch: 16/80,	 Avg.loss: 0.0007,	 Accuracy: 815/1000(82%)
Task: 4,	 Epoch: 17/80,	 Avg.loss: 0.0007,	 Accuracy: 820/1000(82%)
Task: 4,	 Epoch: 18/80,	 Avg.loss: 0.0007,	 Accuracy: 817/1000(82%)
Task: 4,	 Epoch: 19/80,	 Avg.loss: 0.0007,	 Accuracy: 824/1000(82%)
Task: 4,	 Epoch: 20/80,	 Avg.loss: 0.0007,	 Accuracy: 823/1000(82%)
Task: 4,	 Epoch: 21/80,	 Avg.loss: 0.0007,	 Accuracy: 832/1000(83%)
Task: 4,	 Epoch: 22/80,	 Avg.loss: 0.0007,	 Accuracy: 838/1000(84%)
Task: 4,	 Epoch: 23/80,	 Avg.loss: 0.0007,	 Accuracy: 831/1000(83%)
Task: 4,	 Epoch: 24/80,	 Avg.loss: 0.0007,	 Accuracy: 847/1000(85%)
Task: 4,	 Epoch: 25/80,	 Avg.loss: 0.0007,	 Accuracy: 830/1000(83%)
Task: 4,	 Epoch: 26/80,	 Avg.loss: 0.0007,	 Accuracy: 838/1000(84%)
Task: 4,	 Epoch: 27/80,	 Avg.loss: 0.0008,	 Accuracy: 822/1000(82%)
Task: 4,	 Epoch: 28/80,	 Avg.loss: 0.0008,	 Accuracy: 830/1000(83%)
Task: 4,	 Epoch: 29/80,	 Avg.loss: 0.0007,	 Accuracy: 830/1000(83%)
Task: 4,	 Epoch: 30/80,	 Avg.loss: 0.0007,	 Accuracy: 838/1000(84%)
Task: 4,	 Epoch: 31/80,	 Avg.loss: 0.0007,	 Accuracy: 849/1000(85%)
Task: 4,	 Epoch: 32/80,	 Avg.loss: 0.0007,	 Accuracy: 841/1000(84%)
Task: 4,	 Epoch: 33/80,	 Avg.loss: 0.0008,	 Accuracy: 840/1000(84%)
Task: 4,	 Epoch: 34/80,	 Avg.loss: 0.0007,	 Accuracy: 844/1000(84%)
Task: 4,	 Epoch: 35/80,	 Avg.loss: 0.0007,	 Accuracy: 848/1000(85%)
Task: 4,	 Epoch: 36/80,	 Avg.loss: 0.0007,	 Accuracy: 848/1000(85%)
Task: 4,	 Epoch: 37/80,	 Avg.loss: 0.0008,	 Accuracy: 828/1000(83%)
Task: 4,	 Epoch: 38/80,	 Avg.loss: 0.0007,	 Accuracy: 849/1000(85%)
Task: 4,	 Epoch: 39/80,	 Avg.loss: 0.0008,	 Accuracy: 843/1000(84%)
Task: 4,	 Epoch: 40/80,	 Avg.loss: 0.0007,	 Accuracy: 851/1000(85%)
Task: 4,	 Epoch: 41/80,	 Avg.loss: 0.0008,	 Accuracy: 848/1000(85%)
Task: 4,	 Epoch: 42/80,	 Avg.loss: 0.0008,	 Accuracy: 838/1000(84%)
Task: 4,	 Epoch: 43/80,	 Avg.loss: 0.0008,	 Accuracy: 840/1000(84%)
Task: 4,	 Epoch: 44/80,	 Avg.loss: 0.0008,	 Accuracy: 838/1000(84%)
Task: 4,	 Epoch: 45/80,	 Avg.loss: 0.0008,	 Accuracy: 838/1000(84%)
Task: 4,	 Epoch: 46/80,	 Avg.loss: 0.0008,	 Accuracy: 827/1000(83%)
Task: 4,	 Epoch: 47/80,	 Avg.loss: 0.0008,	 Accuracy: 842/1000(84%)
Task: 4,	 Epoch: 48/80,	 Avg.loss: 0.0008,	 Accuracy: 833/1000(83%)
Task: 4,	 Epoch: 49/80,	 Avg.loss: 0.0008,	 Accuracy: 841/1000(84%)
Task: 4,	 Epoch: 50/80,	 Avg.loss: 0.0007,	 Accuracy: 850/1000(85%)
Task: 4,	 Epoch: 51/80,	 Avg.loss: 0.0007,	 Accuracy: 851/1000(85%)
Task: 4,	 Epoch: 52/80,	 Avg.loss: 0.0007,	 Accuracy: 851/1000(85%)
Task: 4,	 Epoch: 53/80,	 Avg.loss: 0.0007,	 Accuracy: 851/1000(85%)
Task: 4,	 Epoch: 54/80,	 Avg.loss: 0.0007,	 Accuracy: 846/1000(85%)
Task: 4,	 Epoch: 55/80,	 Avg.loss: 0.0007,	 Accuracy: 845/1000(85%)
Task: 4,	 Epoch: 56/80,	 Avg.loss: 0.0007,	 Accuracy: 852/1000(85%)
Task: 4,	 Epoch: 57/80,	 Avg.loss: 0.0008,	 Accuracy: 847/1000(85%)
Task: 4,	 Epoch: 58/80,	 Avg.loss: 0.0008,	 Accuracy: 848/1000(85%)
Task: 4,	 Epoch: 59/80,	 Avg.loss: 0.0008,	 Accuracy: 854/1000(85%)
Task: 4,	 Epoch: 60/80,	 Avg.loss: 0.0007,	 Accuracy: 856/1000(86%)
Task: 4,	 Epoch: 61/80,	 Avg.loss: 0.0007,	 Accuracy: 855/1000(86%)
Task: 4,	 Epoch: 62/80,	 Avg.loss: 0.0007,	 Accuracy: 856/1000(86%)
Task: 4,	 Epoch: 63/80,	 Avg.loss: 0.0008,	 Accuracy: 853/1000(85%)
Task: 4,	 Epoch: 64/80,	 Avg.loss: 0.0008,	 Accuracy: 855/1000(86%)
Task: 4,	 Epoch: 65/80,	 Avg.loss: 0.0008,	 Accuracy: 857/1000(86%)
Task: 4,	 Epoch: 66/80,	 Avg.loss: 0.0008,	 Accuracy: 858/1000(86%)
Task: 4,	 Epoch: 67/80,	 Avg.loss: 0.0008,	 Accuracy: 855/1000(86%)
Task: 4,	 Epoch: 68/80,	 Avg.loss: 0.0008,	 Accuracy: 852/1000(85%)
Task: 4,	 Epoch: 69/80,	 Avg.loss: 0.0008,	 Accuracy: 857/1000(86%)
Task: 4,	 Epoch: 70/80,	 Avg.loss: 0.0008,	 Accuracy: 854/1000(85%)
Task: 4,	 Epoch: 71/80,	 Avg.loss: 0.0008,	 Accuracy: 856/1000(86%)
Task: 4,	 Epoch: 72/80,	 Avg.loss: 0.0008,	 Accuracy: 858/1000(86%)
Task: 4,	 Epoch: 73/80,	 Avg.loss: 0.0008,	 Accuracy: 859/1000(86%)
Task: 4,	 Epoch: 74/80,	 Avg.loss: 0.0008,	 Accuracy: 858/1000(86%)
Task: 4,	 Epoch: 75/80,	 Avg.loss: 0.0008,	 Accuracy: 853/1000(85%)
Task: 4,	 Epoch: 76/80,	 Avg.loss: 0.0008,	 Accuracy: 855/1000(86%)
Task: 4,	 Epoch: 77/80,	 Avg.loss: 0.0008,	 Accuracy: 854/1000(85%)
Task: 4,	 Epoch: 78/80,	 Avg.loss: 0.0008,	 Accuracy: 858/1000(86%)
Task: 4,	 Epoch: 79/80,	 Avg.loss: 0.0008,	 Accuracy: 857/1000(86%)
Saving head (task#: 4)
Computing MAS
Loading head (task#:0)
Loading mask (task#:0)
Files already downloaded and verified
Files already downloaded and verified
Task: 0,	 Epoch: -1/80,	 Avg.loss: 0.0035,	 Accuracy: 511/1000(51%)
Trained Task:4, Loaded task:0, Accuracy:51.1%
Loading head (task#:1)
Loading mask (task#:1)
Files already downloaded and verified
Files already downloaded and verified
Task: 1,	 Epoch: -1/80,	 Avg.loss: 0.0025,	 Accuracy: 624/1000(62%)
Trained Task:4, Loaded task:1, Accuracy:62.4%
Loading head (task#:2)
Loading mask (task#:2)
Files already downloaded and verified
Files already downloaded and verified
Task: 2,	 Epoch: -1/80,	 Avg.loss: 0.0022,	 Accuracy: 667/1000(67%)
Trained Task:4, Loaded task:2, Accuracy:66.7%
Loading head (task#:3)
Loading mask (task#:3)
Files already downloaded and verified
Files already downloaded and verified
Task: 3,	 Epoch: -1/80,	 Avg.loss: 0.0019,	 Accuracy: 697/1000(70%)
Trained Task:4, Loaded task:3, Accuracy:69.7%
Loading head (task#:4)
Loading mask (task#:4)
Files already downloaded and verified
Files already downloaded and verified
Task: 4,	 Epoch: -1/80,	 Avg.loss: 0.0008,	 Accuracy: 857/1000(86%)
Trained Task:4, Loaded task:4, Accuracy:85.7%
Files already downloaded and verified
Files already downloaded and verified
Layer        : conv1_layer.2.weight
Sum Omega    : 766.5867919921875
Max Fisher   : 1.0
Max Omega    : 1.0
Max Relevance: 1.1946686506271362
Mask active  : 8192.0/8192

Layer        : conv2_layer.2.weight
Sum Omega    : 2741.875
Max Fisher   : 1.0
Max Omega    : 1.0
Max Relevance: 1.4588632583618164
Mask active  : 4096.0/4096

Layer        : fc1_layer.0.weight
Sum Omega    : 47595.8203125
Max Fisher   : 1.0
Max Omega    : 1.0
Max Relevance: 1.2550537586212158
Mask active  : 512.0/512

Saving  mask (task#:5)
Mask histogram conv1_layer.2.weight: 	 tensor([   0.,    0.,    0.,    0.,    0.,    0., 8192.,    0.,    0.,    0.],
       device='cuda:0')
Mask histogram conv2_layer.2.weight: 	 tensor([   0.,    0.,    0.,    0.,    0.,    0., 4096.,    0.,    0.,    0.],
       device='cuda:0')
Mask histogram fc1_layer.0.weight: 	 tensor([  0.,   0.,   0.,   0.,   0.,   0., 512.,   0.,   0.,   0.],
       device='cuda:0')
Task: 5,	 Epoch: 0/80,	 Avg.loss: 0.0009,	 Accuracy: 663/1000(66%)
Task: 5,	 Epoch: 1/80,	 Avg.loss: 0.0008,	 Accuracy: 730/1000(73%)
Task: 5,	 Epoch: 2/80,	 Avg.loss: 0.0007,	 Accuracy: 764/1000(76%)
Task: 5,	 Epoch: 3/80,	 Avg.loss: 0.0006,	 Accuracy: 792/1000(79%)
Task: 5,	 Epoch: 4/80,	 Avg.loss: 0.0006,	 Accuracy: 800/1000(80%)
Task: 5,	 Epoch: 5/80,	 Avg.loss: 0.0007,	 Accuracy: 779/1000(78%)
Task: 5,	 Epoch: 6/80,	 Avg.loss: 0.0006,	 Accuracy: 790/1000(79%)
Task: 5,	 Epoch: 7/80,	 Avg.loss: 0.0007,	 Accuracy: 783/1000(78%)
Task: 5,	 Epoch: 8/80,	 Avg.loss: 0.0006,	 Accuracy: 794/1000(79%)
Task: 5,	 Epoch: 9/80,	 Avg.loss: 0.0006,	 Accuracy: 806/1000(81%)
Task: 5,	 Epoch: 10/80,	 Avg.loss: 0.0006,	 Accuracy: 800/1000(80%)
Task: 5,	 Epoch: 11/80,	 Avg.loss: 0.0006,	 Accuracy: 812/1000(81%)
Task: 5,	 Epoch: 12/80,	 Avg.loss: 0.0006,	 Accuracy: 813/1000(81%)
Task: 5,	 Epoch: 13/80,	 Avg.loss: 0.0006,	 Accuracy: 824/1000(82%)
Task: 5,	 Epoch: 14/80,	 Avg.loss: 0.0006,	 Accuracy: 808/1000(81%)
Task: 5,	 Epoch: 15/80,	 Avg.loss: 0.0006,	 Accuracy: 827/1000(83%)
Task: 5,	 Epoch: 16/80,	 Avg.loss: 0.0006,	 Accuracy: 814/1000(81%)
Task: 5,	 Epoch: 17/80,	 Avg.loss: 0.0006,	 Accuracy: 818/1000(82%)
Task: 5,	 Epoch: 18/80,	 Avg.loss: 0.0007,	 Accuracy: 809/1000(81%)
Task: 5,	 Epoch: 19/80,	 Avg.loss: 0.0006,	 Accuracy: 817/1000(82%)
Task: 5,	 Epoch: 20/80,	 Avg.loss: 0.0006,	 Accuracy: 822/1000(82%)
Task: 5,	 Epoch: 21/80,	 Avg.loss: 0.0006,	 Accuracy: 826/1000(83%)
Task: 5,	 Epoch: 22/80,	 Avg.loss: 0.0007,	 Accuracy: 799/1000(80%)
Task: 5,	 Epoch: 23/80,	 Avg.loss: 0.0006,	 Accuracy: 825/1000(83%)
Task: 5,	 Epoch: 24/80,	 Avg.loss: 0.0006,	 Accuracy: 832/1000(83%)
Task: 5,	 Epoch: 25/80,	 Avg.loss: 0.0007,	 Accuracy: 832/1000(83%)
Task: 5,	 Epoch: 26/80,	 Avg.loss: 0.0007,	 Accuracy: 830/1000(83%)
Task: 5,	 Epoch: 27/80,	 Avg.loss: 0.0007,	 Accuracy: 830/1000(83%)
Task: 5,	 Epoch: 28/80,	 Avg.loss: 0.0007,	 Accuracy: 819/1000(82%)
Task: 5,	 Epoch: 29/80,	 Avg.loss: 0.0007,	 Accuracy: 825/1000(83%)
Task: 5,	 Epoch: 30/80,	 Avg.loss: 0.0007,	 Accuracy: 829/1000(83%)
Task: 5,	 Epoch: 31/80,	 Avg.loss: 0.0007,	 Accuracy: 829/1000(83%)
Task: 5,	 Epoch: 32/80,	 Avg.loss: 0.0007,	 Accuracy: 830/1000(83%)
Task: 5,	 Epoch: 33/80,	 Avg.loss: 0.0007,	 Accuracy: 826/1000(83%)
Task: 5,	 Epoch: 34/80,	 Avg.loss: 0.0007,	 Accuracy: 823/1000(82%)
Task: 5,	 Epoch: 35/80,	 Avg.loss: 0.0007,	 Accuracy: 825/1000(83%)
Task: 5,	 Epoch: 36/80,	 Avg.loss: 0.0007,	 Accuracy: 827/1000(83%)
Task: 5,	 Epoch: 37/80,	 Avg.loss: 0.0007,	 Accuracy: 828/1000(83%)
Task: 5,	 Epoch: 38/80,	 Avg.loss: 0.0008,	 Accuracy: 828/1000(83%)
Task: 5,	 Epoch: 39/80,	 Avg.loss: 0.0008,	 Accuracy: 833/1000(83%)
Task: 5,	 Epoch: 40/80,	 Avg.loss: 0.0008,	 Accuracy: 820/1000(82%)
Task: 5,	 Epoch: 41/80,	 Avg.loss: 0.0007,	 Accuracy: 835/1000(84%)
Task: 5,	 Epoch: 42/80,	 Avg.loss: 0.0007,	 Accuracy: 844/1000(84%)
Task: 5,	 Epoch: 43/80,	 Avg.loss: 0.0007,	 Accuracy: 838/1000(84%)
Task: 5,	 Epoch: 44/80,	 Avg.loss: 0.0008,	 Accuracy: 840/1000(84%)
Task: 5,	 Epoch: 45/80,	 Avg.loss: 0.0008,	 Accuracy: 832/1000(83%)
Task: 5,	 Epoch: 46/80,	 Avg.loss: 0.0008,	 Accuracy: 834/1000(83%)
Task: 5,	 Epoch: 47/80,	 Avg.loss: 0.0008,	 Accuracy: 834/1000(83%)
Task: 5,	 Epoch: 48/80,	 Avg.loss: 0.0008,	 Accuracy: 844/1000(84%)
Task: 5,	 Epoch: 49/80,	 Avg.loss: 0.0008,	 Accuracy: 822/1000(82%)
Task: 5,	 Epoch: 50/80,	 Avg.loss: 0.0007,	 Accuracy: 832/1000(83%)
Task: 5,	 Epoch: 51/80,	 Avg.loss: 0.0007,	 Accuracy: 834/1000(83%)
Task: 5,	 Epoch: 52/80,	 Avg.loss: 0.0007,	 Accuracy: 834/1000(83%)
Task: 5,	 Epoch: 53/80,	 Avg.loss: 0.0007,	 Accuracy: 841/1000(84%)
Task: 5,	 Epoch: 54/80,	 Avg.loss: 0.0007,	 Accuracy: 838/1000(84%)
Task: 5,	 Epoch: 55/80,	 Avg.loss: 0.0007,	 Accuracy: 841/1000(84%)
Task: 5,	 Epoch: 56/80,	 Avg.loss: 0.0007,	 Accuracy: 842/1000(84%)
Task: 5,	 Epoch: 57/80,	 Avg.loss: 0.0007,	 Accuracy: 835/1000(84%)
Task: 5,	 Epoch: 58/80,	 Avg.loss: 0.0007,	 Accuracy: 840/1000(84%)
Task: 5,	 Epoch: 59/80,	 Avg.loss: 0.0007,	 Accuracy: 839/1000(84%)
Task: 5,	 Epoch: 60/80,	 Avg.loss: 0.0007,	 Accuracy: 839/1000(84%)
Task: 5,	 Epoch: 61/80,	 Avg.loss: 0.0007,	 Accuracy: 839/1000(84%)
Task: 5,	 Epoch: 62/80,	 Avg.loss: 0.0007,	 Accuracy: 832/1000(83%)
Task: 5,	 Epoch: 63/80,	 Avg.loss: 0.0007,	 Accuracy: 833/1000(83%)
Task: 5,	 Epoch: 64/80,	 Avg.loss: 0.0007,	 Accuracy: 836/1000(84%)
Task: 5,	 Epoch: 65/80,	 Avg.loss: 0.0007,	 Accuracy: 834/1000(83%)
Task: 5,	 Epoch: 66/80,	 Avg.loss: 0.0007,	 Accuracy: 836/1000(84%)
Task: 5,	 Epoch: 67/80,	 Avg.loss: 0.0008,	 Accuracy: 838/1000(84%)
Task: 5,	 Epoch: 68/80,	 Avg.loss: 0.0007,	 Accuracy: 838/1000(84%)
Task: 5,	 Epoch: 69/80,	 Avg.loss: 0.0007,	 Accuracy: 839/1000(84%)
Task: 5,	 Epoch: 70/80,	 Avg.loss: 0.0007,	 Accuracy: 837/1000(84%)
Task: 5,	 Epoch: 71/80,	 Avg.loss: 0.0007,	 Accuracy: 840/1000(84%)
Task: 5,	 Epoch: 72/80,	 Avg.loss: 0.0007,	 Accuracy: 836/1000(84%)
Task: 5,	 Epoch: 73/80,	 Avg.loss: 0.0007,	 Accuracy: 833/1000(83%)
Task: 5,	 Epoch: 74/80,	 Avg.loss: 0.0007,	 Accuracy: 836/1000(84%)
Task: 5,	 Epoch: 75/80,	 Avg.loss: 0.0008,	 Accuracy: 839/1000(84%)
Task: 5,	 Epoch: 76/80,	 Avg.loss: 0.0008,	 Accuracy: 835/1000(84%)
Task: 5,	 Epoch: 77/80,	 Avg.loss: 0.0008,	 Accuracy: 840/1000(84%)
Task: 5,	 Epoch: 78/80,	 Avg.loss: 0.0008,	 Accuracy: 836/1000(84%)
Task: 5,	 Epoch: 79/80,	 Avg.loss: 0.0007,	 Accuracy: 841/1000(84%)
Saving head (task#: 5)
Computing MAS
Loading head (task#:0)
Loading mask (task#:0)
Files already downloaded and verified
Files already downloaded and verified
Task: 0,	 Epoch: -1/80,	 Avg.loss: 0.0032,	 Accuracy: 501/1000(50%)
Trained Task:5, Loaded task:0, Accuracy:50.1%
Loading head (task#:1)
Loading mask (task#:1)
Files already downloaded and verified
Files already downloaded and verified
Task: 1,	 Epoch: -1/80,	 Avg.loss: 0.0027,	 Accuracy: 558/1000(56%)
Trained Task:5, Loaded task:1, Accuracy:55.8%
Loading head (task#:2)
Loading mask (task#:2)
Files already downloaded and verified
Files already downloaded and verified
Task: 2,	 Epoch: -1/80,	 Avg.loss: 0.0023,	 Accuracy: 605/1000(61%)
Trained Task:5, Loaded task:2, Accuracy:60.5%
Loading head (task#:3)
Loading mask (task#:3)
Files already downloaded and verified
Files already downloaded and verified
Task: 3,	 Epoch: -1/80,	 Avg.loss: 0.0023,	 Accuracy: 628/1000(63%)
Trained Task:5, Loaded task:3, Accuracy:62.8%
Loading head (task#:4)
Loading mask (task#:4)
Files already downloaded and verified
Files already downloaded and verified
Task: 4,	 Epoch: -1/80,	 Avg.loss: 0.0014,	 Accuracy: 736/1000(74%)
Trained Task:5, Loaded task:4, Accuracy:73.6%
Loading head (task#:5)
Loading mask (task#:5)
Files already downloaded and verified
Files already downloaded and verified
Task: 5,	 Epoch: -1/80,	 Avg.loss: 0.0007,	 Accuracy: 841/1000(84%)
Trained Task:5, Loaded task:5, Accuracy:84.1%
Files already downloaded and verified
Files already downloaded and verified
Layer        : conv1_layer.2.weight
Sum Omega    : 803.8921508789062
Max Fisher   : 1.0
Max Omega    : 1.0
Max Relevance: 1.3246285915374756
Mask active  : 8192.0/8192

Layer        : conv2_layer.2.weight
Sum Omega    : 3030.576904296875
Max Fisher   : 1.0
Max Omega    : 1.0
Max Relevance: 1.3009185791015625
Mask active  : 4096.0/4096

Layer        : fc1_layer.0.weight
Sum Omega    : 47037.0390625
Max Fisher   : 1.0
Max Omega    : 1.0
Max Relevance: 1.2714433670043945
Mask active  : 512.0/512

Saving  mask (task#:6)
Mask histogram conv1_layer.2.weight: 	 tensor([   0.,    0.,    0.,    0.,    0.,    0.,    0., 8192.,    0.,    0.],
       device='cuda:0')
Mask histogram conv2_layer.2.weight: 	 tensor([   0.,    0.,    0.,    0.,    0.,    0.,    0., 4096.,    0.,    0.],
       device='cuda:0')
Mask histogram fc1_layer.0.weight: 	 tensor([  0.,   0.,   0.,   0.,   0.,   0.,   0., 512.,   0.,   0.],
       device='cuda:0')
Task: 6,	 Epoch: 0/80,	 Avg.loss: 0.0009,	 Accuracy: 685/1000(68%)
Task: 6,	 Epoch: 1/80,	 Avg.loss: 0.0007,	 Accuracy: 761/1000(76%)
Task: 6,	 Epoch: 2/80,	 Avg.loss: 0.0007,	 Accuracy: 764/1000(76%)
Task: 6,	 Epoch: 3/80,	 Avg.loss: 0.0006,	 Accuracy: 777/1000(78%)
Task: 6,	 Epoch: 4/80,	 Avg.loss: 0.0006,	 Accuracy: 793/1000(79%)
Task: 6,	 Epoch: 5/80,	 Avg.loss: 0.0006,	 Accuracy: 793/1000(79%)
Task: 6,	 Epoch: 6/80,	 Avg.loss: 0.0006,	 Accuracy: 796/1000(80%)
Task: 6,	 Epoch: 7/80,	 Avg.loss: 0.0006,	 Accuracy: 795/1000(80%)
Task: 6,	 Epoch: 8/80,	 Avg.loss: 0.0006,	 Accuracy: 803/1000(80%)
Task: 6,	 Epoch: 9/80,	 Avg.loss: 0.0006,	 Accuracy: 805/1000(81%)
Task: 6,	 Epoch: 10/80,	 Avg.loss: 0.0006,	 Accuracy: 819/1000(82%)
Task: 6,	 Epoch: 11/80,	 Avg.loss: 0.0006,	 Accuracy: 802/1000(80%)
Task: 6,	 Epoch: 12/80,	 Avg.loss: 0.0006,	 Accuracy: 821/1000(82%)
Task: 6,	 Epoch: 13/80,	 Avg.loss: 0.0006,	 Accuracy: 814/1000(81%)
Task: 6,	 Epoch: 14/80,	 Avg.loss: 0.0006,	 Accuracy: 811/1000(81%)
Task: 6,	 Epoch: 15/80,	 Avg.loss: 0.0006,	 Accuracy: 814/1000(81%)
Task: 6,	 Epoch: 16/80,	 Avg.loss: 0.0006,	 Accuracy: 817/1000(82%)
Task: 6,	 Epoch: 17/80,	 Avg.loss: 0.0006,	 Accuracy: 826/1000(83%)
Task: 6,	 Epoch: 18/80,	 Avg.loss: 0.0007,	 Accuracy: 830/1000(83%)
Task: 6,	 Epoch: 19/80,	 Avg.loss: 0.0007,	 Accuracy: 830/1000(83%)
Task: 6,	 Epoch: 20/80,	 Avg.loss: 0.0007,	 Accuracy: 827/1000(83%)
Task: 6,	 Epoch: 21/80,	 Avg.loss: 0.0007,	 Accuracy: 826/1000(83%)
Task: 6,	 Epoch: 22/80,	 Avg.loss: 0.0007,	 Accuracy: 824/1000(82%)
Task: 6,	 Epoch: 23/80,	 Avg.loss: 0.0007,	 Accuracy: 822/1000(82%)
Task: 6,	 Epoch: 24/80,	 Avg.loss: 0.0007,	 Accuracy: 828/1000(83%)
Task: 6,	 Epoch: 25/80,	 Avg.loss: 0.0007,	 Accuracy: 825/1000(83%)
Task: 6,	 Epoch: 26/80,	 Avg.loss: 0.0007,	 Accuracy: 822/1000(82%)
Task: 6,	 Epoch: 27/80,	 Avg.loss: 0.0007,	 Accuracy: 833/1000(83%)
Task: 6,	 Epoch: 28/80,	 Avg.loss: 0.0007,	 Accuracy: 846/1000(85%)
Task: 6,	 Epoch: 29/80,	 Avg.loss: 0.0007,	 Accuracy: 833/1000(83%)
Task: 6,	 Epoch: 30/80,	 Avg.loss: 0.0007,	 Accuracy: 826/1000(83%)
Task: 6,	 Epoch: 31/80,	 Avg.loss: 0.0007,	 Accuracy: 818/1000(82%)
Task: 6,	 Epoch: 32/80,	 Avg.loss: 0.0007,	 Accuracy: 845/1000(85%)
Task: 6,	 Epoch: 33/80,	 Avg.loss: 0.0008,	 Accuracy: 841/1000(84%)
Task: 6,	 Epoch: 34/80,	 Avg.loss: 0.0008,	 Accuracy: 830/1000(83%)
Task: 6,	 Epoch: 35/80,	 Avg.loss: 0.0008,	 Accuracy: 831/1000(83%)
Task: 6,	 Epoch: 36/80,	 Avg.loss: 0.0008,	 Accuracy: 832/1000(83%)
Task: 6,	 Epoch: 37/80,	 Avg.loss: 0.0008,	 Accuracy: 836/1000(84%)
Task: 6,	 Epoch: 38/80,	 Avg.loss: 0.0008,	 Accuracy: 840/1000(84%)
Task: 6,	 Epoch: 39/80,	 Avg.loss: 0.0008,	 Accuracy: 822/1000(82%)
Task: 6,	 Epoch: 40/80,	 Avg.loss: 0.0008,	 Accuracy: 830/1000(83%)
Task: 6,	 Epoch: 41/80,	 Avg.loss: 0.0008,	 Accuracy: 847/1000(85%)
Task: 6,	 Epoch: 42/80,	 Avg.loss: 0.0008,	 Accuracy: 839/1000(84%)
Task: 6,	 Epoch: 43/80,	 Avg.loss: 0.0008,	 Accuracy: 836/1000(84%)
Task: 6,	 Epoch: 44/80,	 Avg.loss: 0.0008,	 Accuracy: 826/1000(83%)
Task: 6,	 Epoch: 45/80,	 Avg.loss: 0.0008,	 Accuracy: 833/1000(83%)
Task: 6,	 Epoch: 46/80,	 Avg.loss: 0.0008,	 Accuracy: 839/1000(84%)
Task: 6,	 Epoch: 47/80,	 Avg.loss: 0.0008,	 Accuracy: 851/1000(85%)
Task: 6,	 Epoch: 48/80,	 Avg.loss: 0.0010,	 Accuracy: 811/1000(81%)
Task: 6,	 Epoch: 49/80,	 Avg.loss: 0.0009,	 Accuracy: 824/1000(82%)
Task: 6,	 Epoch: 50/80,	 Avg.loss: 0.0008,	 Accuracy: 836/1000(84%)
Task: 6,	 Epoch: 51/80,	 Avg.loss: 0.0008,	 Accuracy: 834/1000(83%)
Task: 6,	 Epoch: 52/80,	 Avg.loss: 0.0008,	 Accuracy: 839/1000(84%)
Task: 6,	 Epoch: 53/80,	 Avg.loss: 0.0008,	 Accuracy: 839/1000(84%)
Task: 6,	 Epoch: 54/80,	 Avg.loss: 0.0008,	 Accuracy: 839/1000(84%)
Task: 6,	 Epoch: 55/80,	 Avg.loss: 0.0008,	 Accuracy: 837/1000(84%)
Task: 6,	 Epoch: 56/80,	 Avg.loss: 0.0008,	 Accuracy: 841/1000(84%)
Task: 6,	 Epoch: 57/80,	 Avg.loss: 0.0008,	 Accuracy: 843/1000(84%)
Task: 6,	 Epoch: 58/80,	 Avg.loss: 0.0008,	 Accuracy: 838/1000(84%)
Task: 6,	 Epoch: 59/80,	 Avg.loss: 0.0008,	 Accuracy: 841/1000(84%)
Task: 6,	 Epoch: 60/80,	 Avg.loss: 0.0008,	 Accuracy: 840/1000(84%)
Task: 6,	 Epoch: 61/80,	 Avg.loss: 0.0008,	 Accuracy: 842/1000(84%)
Task: 6,	 Epoch: 62/80,	 Avg.loss: 0.0008,	 Accuracy: 844/1000(84%)
Task: 6,	 Epoch: 63/80,	 Avg.loss: 0.0008,	 Accuracy: 846/1000(85%)
Task: 6,	 Epoch: 64/80,	 Avg.loss: 0.0008,	 Accuracy: 844/1000(84%)
Task: 6,	 Epoch: 65/80,	 Avg.loss: 0.0008,	 Accuracy: 844/1000(84%)
Task: 6,	 Epoch: 66/80,	 Avg.loss: 0.0008,	 Accuracy: 844/1000(84%)
Task: 6,	 Epoch: 67/80,	 Avg.loss: 0.0008,	 Accuracy: 847/1000(85%)
Task: 6,	 Epoch: 68/80,	 Avg.loss: 0.0008,	 Accuracy: 847/1000(85%)
Task: 6,	 Epoch: 69/80,	 Avg.loss: 0.0008,	 Accuracy: 840/1000(84%)
Task: 6,	 Epoch: 70/80,	 Avg.loss: 0.0008,	 Accuracy: 844/1000(84%)
Task: 6,	 Epoch: 71/80,	 Avg.loss: 0.0008,	 Accuracy: 845/1000(85%)
Task: 6,	 Epoch: 72/80,	 Avg.loss: 0.0008,	 Accuracy: 840/1000(84%)
Task: 6,	 Epoch: 73/80,	 Avg.loss: 0.0008,	 Accuracy: 844/1000(84%)
Task: 6,	 Epoch: 74/80,	 Avg.loss: 0.0008,	 Accuracy: 847/1000(85%)
Task: 6,	 Epoch: 75/80,	 Avg.loss: 0.0008,	 Accuracy: 850/1000(85%)
Task: 6,	 Epoch: 76/80,	 Avg.loss: 0.0008,	 Accuracy: 845/1000(85%)
Task: 6,	 Epoch: 77/80,	 Avg.loss: 0.0008,	 Accuracy: 841/1000(84%)
Task: 6,	 Epoch: 78/80,	 Avg.loss: 0.0008,	 Accuracy: 842/1000(84%)
Task: 6,	 Epoch: 79/80,	 Avg.loss: 0.0008,	 Accuracy: 844/1000(84%)
Saving head (task#: 6)
Computing MAS
Loading head (task#:0)
Loading mask (task#:0)
Files already downloaded and verified
Files already downloaded and verified
Task: 0,	 Epoch: -1/80,	 Avg.loss: 0.0033,	 Accuracy: 483/1000(48%)
Trained Task:6, Loaded task:0, Accuracy:48.3%
Loading head (task#:1)
Loading mask (task#:1)
Files already downloaded and verified
Files already downloaded and verified
Task: 1,	 Epoch: -1/80,	 Avg.loss: 0.0031,	 Accuracy: 512/1000(51%)
Trained Task:6, Loaded task:1, Accuracy:51.2%
Loading head (task#:2)
Loading mask (task#:2)
Files already downloaded and verified
Files already downloaded and verified
Task: 2,	 Epoch: -1/80,	 Avg.loss: 0.0028,	 Accuracy: 528/1000(53%)
Trained Task:6, Loaded task:2, Accuracy:52.8%
Loading head (task#:3)
Loading mask (task#:3)
Files already downloaded and verified
Files already downloaded and verified
Task: 3,	 Epoch: -1/80,	 Avg.loss: 0.0028,	 Accuracy: 569/1000(57%)
Trained Task:6, Loaded task:3, Accuracy:56.9%
Loading head (task#:4)
Loading mask (task#:4)
Files already downloaded and verified
Files already downloaded and verified
Task: 4,	 Epoch: -1/80,	 Avg.loss: 0.0019,	 Accuracy: 652/1000(65%)
Trained Task:6, Loaded task:4, Accuracy:65.2%
Loading head (task#:5)
Loading mask (task#:5)
Files already downloaded and verified
Files already downloaded and verified
Task: 5,	 Epoch: -1/80,	 Avg.loss: 0.0016,	 Accuracy: 702/1000(70%)
Trained Task:6, Loaded task:5, Accuracy:70.2%
Loading head (task#:6)
Loading mask (task#:6)
Files already downloaded and verified
Files already downloaded and verified
Task: 6,	 Epoch: -1/80,	 Avg.loss: 0.0008,	 Accuracy: 844/1000(84%)
Trained Task:6, Loaded task:6, Accuracy:84.4%
Files already downloaded and verified
Files already downloaded and verified
Layer        : conv1_layer.2.weight
Sum Omega    : 834.885986328125
Max Fisher   : 1.0
Max Omega    : 1.0
Max Relevance: 1.2849385738372803
Mask active  : 8192.0/8192

Layer        : conv2_layer.2.weight
Sum Omega    : 3232.95263671875
Max Fisher   : 1.0
Max Omega    : 1.0
Max Relevance: 1.1804383993148804
Mask active  : 4096.0/4096

Layer        : fc1_layer.0.weight
Sum Omega    : 41424.8984375
Max Fisher   : 1.0
Max Omega    : 1.0
Max Relevance: 1.4068419933319092
Mask active  : 512.0/512

Saving  mask (task#:7)
Mask histogram conv1_layer.2.weight: 	 tensor([   0.,    0.,    0.,    0.,    0.,    0.,    0.,    0., 8192.,    0.],
       device='cuda:0')
Mask histogram conv2_layer.2.weight: 	 tensor([   0.,    0.,    0.,    0.,    0.,    0.,    0.,    0., 4096.,    0.],
       device='cuda:0')
Mask histogram fc1_layer.0.weight: 	 tensor([  0.,   0.,   0.,   0.,   0.,   0.,   0.,   0., 512.,   0.],
       device='cuda:0')
Task: 7,	 Epoch: 0/80,	 Avg.loss: 0.0010,	 Accuracy: 668/1000(67%)
Task: 7,	 Epoch: 1/80,	 Avg.loss: 0.0008,	 Accuracy: 727/1000(73%)
Task: 7,	 Epoch: 2/80,	 Avg.loss: 0.0008,	 Accuracy: 731/1000(73%)
Task: 7,	 Epoch: 3/80,	 Avg.loss: 0.0007,	 Accuracy: 759/1000(76%)
Task: 7,	 Epoch: 4/80,	 Avg.loss: 0.0007,	 Accuracy: 758/1000(76%)
Task: 7,	 Epoch: 5/80,	 Avg.loss: 0.0007,	 Accuracy: 783/1000(78%)
Task: 7,	 Epoch: 6/80,	 Avg.loss: 0.0007,	 Accuracy: 781/1000(78%)
Task: 7,	 Epoch: 7/80,	 Avg.loss: 0.0007,	 Accuracy: 786/1000(79%)
Task: 7,	 Epoch: 8/80,	 Avg.loss: 0.0007,	 Accuracy: 791/1000(79%)
Task: 7,	 Epoch: 9/80,	 Avg.loss: 0.0006,	 Accuracy: 805/1000(81%)
Task: 7,	 Epoch: 10/80,	 Avg.loss: 0.0007,	 Accuracy: 808/1000(81%)
Task: 7,	 Epoch: 11/80,	 Avg.loss: 0.0007,	 Accuracy: 791/1000(79%)
Task: 7,	 Epoch: 12/80,	 Avg.loss: 0.0007,	 Accuracy: 805/1000(81%)
Task: 7,	 Epoch: 13/80,	 Avg.loss: 0.0007,	 Accuracy: 795/1000(80%)
Task: 7,	 Epoch: 14/80,	 Avg.loss: 0.0007,	 Accuracy: 793/1000(79%)
Task: 7,	 Epoch: 15/80,	 Avg.loss: 0.0007,	 Accuracy: 812/1000(81%)
Task: 7,	 Epoch: 16/80,	 Avg.loss: 0.0006,	 Accuracy: 822/1000(82%)
Task: 7,	 Epoch: 17/80,	 Avg.loss: 0.0007,	 Accuracy: 809/1000(81%)
Task: 7,	 Epoch: 18/80,	 Avg.loss: 0.0007,	 Accuracy: 812/1000(81%)
Task: 7,	 Epoch: 19/80,	 Avg.loss: 0.0007,	 Accuracy: 815/1000(82%)
Task: 7,	 Epoch: 20/80,	 Avg.loss: 0.0007,	 Accuracy: 817/1000(82%)
Task: 7,	 Epoch: 21/80,	 Avg.loss: 0.0007,	 Accuracy: 821/1000(82%)
Task: 7,	 Epoch: 22/80,	 Avg.loss: 0.0007,	 Accuracy: 822/1000(82%)
Task: 7,	 Epoch: 23/80,	 Avg.loss: 0.0008,	 Accuracy: 801/1000(80%)
Task: 7,	 Epoch: 24/80,	 Avg.loss: 0.0008,	 Accuracy: 808/1000(81%)
Task: 7,	 Epoch: 25/80,	 Avg.loss: 0.0007,	 Accuracy: 812/1000(81%)
Task: 7,	 Epoch: 26/80,	 Avg.loss: 0.0008,	 Accuracy: 817/1000(82%)
Task: 7,	 Epoch: 27/80,	 Avg.loss: 0.0007,	 Accuracy: 809/1000(81%)
Task: 7,	 Epoch: 28/80,	 Avg.loss: 0.0007,	 Accuracy: 820/1000(82%)
Task: 7,	 Epoch: 29/80,	 Avg.loss: 0.0008,	 Accuracy: 823/1000(82%)
Task: 7,	 Epoch: 30/80,	 Avg.loss: 0.0008,	 Accuracy: 801/1000(80%)
Task: 7,	 Epoch: 31/80,	 Avg.loss: 0.0008,	 Accuracy: 805/1000(81%)
Task: 7,	 Epoch: 32/80,	 Avg.loss: 0.0008,	 Accuracy: 831/1000(83%)
Task: 7,	 Epoch: 33/80,	 Avg.loss: 0.0008,	 Accuracy: 819/1000(82%)
Task: 7,	 Epoch: 34/80,	 Avg.loss: 0.0008,	 Accuracy: 807/1000(81%)
Task: 7,	 Epoch: 35/80,	 Avg.loss: 0.0008,	 Accuracy: 805/1000(81%)
Task: 7,	 Epoch: 36/80,	 Avg.loss: 0.0008,	 Accuracy: 826/1000(83%)
Task: 7,	 Epoch: 37/80,	 Avg.loss: 0.0009,	 Accuracy: 821/1000(82%)
Task: 7,	 Epoch: 38/80,	 Avg.loss: 0.0009,	 Accuracy: 824/1000(82%)
Task: 7,	 Epoch: 39/80,	 Avg.loss: 0.0009,	 Accuracy: 816/1000(82%)
Task: 7,	 Epoch: 40/80,	 Avg.loss: 0.0009,	 Accuracy: 815/1000(82%)
Task: 7,	 Epoch: 41/80,	 Avg.loss: 0.0009,	 Accuracy: 821/1000(82%)
Task: 7,	 Epoch: 42/80,	 Avg.loss: 0.0009,	 Accuracy: 815/1000(82%)
Task: 7,	 Epoch: 43/80,	 Avg.loss: 0.0009,	 Accuracy: 829/1000(83%)
Task: 7,	 Epoch: 44/80,	 Avg.loss: 0.0009,	 Accuracy: 814/1000(81%)
Task: 7,	 Epoch: 45/80,	 Avg.loss: 0.0009,	 Accuracy: 817/1000(82%)
Task: 7,	 Epoch: 46/80,	 Avg.loss: 0.0009,	 Accuracy: 829/1000(83%)
Task: 7,	 Epoch: 47/80,	 Avg.loss: 0.0009,	 Accuracy: 822/1000(82%)
Task: 7,	 Epoch: 48/80,	 Avg.loss: 0.0009,	 Accuracy: 820/1000(82%)
Task: 7,	 Epoch: 49/80,	 Avg.loss: 0.0009,	 Accuracy: 813/1000(81%)
Task: 7,	 Epoch: 50/80,	 Avg.loss: 0.0009,	 Accuracy: 816/1000(82%)
Task: 7,	 Epoch: 51/80,	 Avg.loss: 0.0009,	 Accuracy: 819/1000(82%)
Task: 7,	 Epoch: 52/80,	 Avg.loss: 0.0009,	 Accuracy: 826/1000(83%)
Task: 7,	 Epoch: 53/80,	 Avg.loss: 0.0009,	 Accuracy: 828/1000(83%)
Task: 7,	 Epoch: 54/80,	 Avg.loss: 0.0009,	 Accuracy: 824/1000(82%)
Task: 7,	 Epoch: 55/80,	 Avg.loss: 0.0009,	 Accuracy: 825/1000(83%)
Task: 7,	 Epoch: 56/80,	 Avg.loss: 0.0009,	 Accuracy: 825/1000(83%)
Task: 7,	 Epoch: 57/80,	 Avg.loss: 0.0009,	 Accuracy: 825/1000(83%)
Task: 7,	 Epoch: 58/80,	 Avg.loss: 0.0009,	 Accuracy: 830/1000(83%)
Task: 7,	 Epoch: 59/80,	 Avg.loss: 0.0009,	 Accuracy: 827/1000(83%)
Task: 7,	 Epoch: 60/80,	 Avg.loss: 0.0009,	 Accuracy: 827/1000(83%)
Task: 7,	 Epoch: 61/80,	 Avg.loss: 0.0009,	 Accuracy: 827/1000(83%)
Task: 7,	 Epoch: 62/80,	 Avg.loss: 0.0009,	 Accuracy: 826/1000(83%)
Task: 7,	 Epoch: 63/80,	 Avg.loss: 0.0009,	 Accuracy: 824/1000(82%)
Task: 7,	 Epoch: 64/80,	 Avg.loss: 0.0009,	 Accuracy: 818/1000(82%)
Task: 7,	 Epoch: 65/80,	 Avg.loss: 0.0009,	 Accuracy: 825/1000(83%)
Task: 7,	 Epoch: 66/80,	 Avg.loss: 0.0009,	 Accuracy: 822/1000(82%)
Task: 7,	 Epoch: 67/80,	 Avg.loss: 0.0009,	 Accuracy: 822/1000(82%)
Task: 7,	 Epoch: 68/80,	 Avg.loss: 0.0009,	 Accuracy: 825/1000(83%)
Task: 7,	 Epoch: 69/80,	 Avg.loss: 0.0009,	 Accuracy: 825/1000(83%)
Task: 7,	 Epoch: 70/80,	 Avg.loss: 0.0009,	 Accuracy: 824/1000(82%)
Task: 7,	 Epoch: 71/80,	 Avg.loss: 0.0009,	 Accuracy: 823/1000(82%)
Task: 7,	 Epoch: 72/80,	 Avg.loss: 0.0009,	 Accuracy: 824/1000(82%)
Task: 7,	 Epoch: 73/80,	 Avg.loss: 0.0009,	 Accuracy: 819/1000(82%)
Task: 7,	 Epoch: 74/80,	 Avg.loss: 0.0009,	 Accuracy: 824/1000(82%)
Task: 7,	 Epoch: 75/80,	 Avg.loss: 0.0009,	 Accuracy: 823/1000(82%)
Task: 7,	 Epoch: 76/80,	 Avg.loss: 0.0010,	 Accuracy: 828/1000(83%)
Task: 7,	 Epoch: 77/80,	 Avg.loss: 0.0010,	 Accuracy: 831/1000(83%)
Task: 7,	 Epoch: 78/80,	 Avg.loss: 0.0009,	 Accuracy: 822/1000(82%)
Task: 7,	 Epoch: 79/80,	 Avg.loss: 0.0009,	 Accuracy: 821/1000(82%)
Saving head (task#: 7)
Computing MAS
Loading head (task#:0)
Loading mask (task#:0)
Files already downloaded and verified
Files already downloaded and verified
Task: 0,	 Epoch: -1/80,	 Avg.loss: 0.0038,	 Accuracy: 436/1000(44%)
Trained Task:7, Loaded task:0, Accuracy:43.6%
Loading head (task#:1)
Loading mask (task#:1)
Files already downloaded and verified
Files already downloaded and verified
Task: 1,	 Epoch: -1/80,	 Avg.loss: 0.0036,	 Accuracy: 454/1000(45%)
Trained Task:7, Loaded task:1, Accuracy:45.4%
Loading head (task#:2)
Loading mask (task#:2)
Files already downloaded and verified
Files already downloaded and verified
Task: 2,	 Epoch: -1/80,	 Avg.loss: 0.0039,	 Accuracy: 428/1000(43%)
Trained Task:7, Loaded task:2, Accuracy:42.8%
Loading head (task#:3)
Loading mask (task#:3)
Files already downloaded and verified
Files already downloaded and verified
Task: 3,	 Epoch: -1/80,	 Avg.loss: 0.0033,	 Accuracy: 486/1000(49%)
Trained Task:7, Loaded task:3, Accuracy:48.6%
Loading head (task#:4)
Loading mask (task#:4)
Files already downloaded and verified
Files already downloaded and verified
Task: 4,	 Epoch: -1/80,	 Avg.loss: 0.0026,	 Accuracy: 588/1000(59%)
Trained Task:7, Loaded task:4, Accuracy:58.8%
Loading head (task#:5)
Loading mask (task#:5)
Files already downloaded and verified
Files already downloaded and verified
Task: 5,	 Epoch: -1/80,	 Avg.loss: 0.0021,	 Accuracy: 641/1000(64%)
Trained Task:7, Loaded task:5, Accuracy:64.1%
Loading head (task#:6)
Loading mask (task#:6)
Files already downloaded and verified
Files already downloaded and verified
Task: 6,	 Epoch: -1/80,	 Avg.loss: 0.0015,	 Accuracy: 751/1000(75%)
Trained Task:7, Loaded task:6, Accuracy:75.1%
Loading head (task#:7)
Loading mask (task#:7)
Files already downloaded and verified
Files already downloaded and verified
Task: 7,	 Epoch: -1/80,	 Avg.loss: 0.0009,	 Accuracy: 821/1000(82%)
Trained Task:7, Loaded task:7, Accuracy:82.1%
Files already downloaded and verified
Files already downloaded and verified
Layer        : conv1_layer.2.weight
Sum Omega    : 872.25537109375
Max Fisher   : 1.0
Max Omega    : 1.0
Max Relevance: 1.4989922046661377
Mask active  : 8192.0/8192

Layer        : conv2_layer.2.weight
Sum Omega    : 3102.3876953125
Max Fisher   : 1.0
Max Omega    : 1.0
Max Relevance: 1.1746034622192383
Mask active  : 4096.0/4096

Layer        : fc1_layer.0.weight
Sum Omega    : 40705.66796875
Max Fisher   : 1.0
Max Omega    : 1.0
Max Relevance: 1.4670647382736206
Mask active  : 512.0/512

Saving  mask (task#:8)
Mask histogram conv1_layer.2.weight: 	 tensor([   0.,    0.,    0.,    0.,    0.,    0.,    0.,    0.,    0., 8192.],
       device='cuda:0')
Mask histogram conv2_layer.2.weight: 	 tensor([   0.,    0.,    0.,    0.,    0.,    0.,    0.,    0.,    0., 4096.],
       device='cuda:0')
Mask histogram fc1_layer.0.weight: 	 tensor([  0.,   0.,   0.,   0.,   0.,   0.,   0.,   0.,   0., 512.],
       device='cuda:0')
Task: 8,	 Epoch: 0/80,	 Avg.loss: 0.0009,	 Accuracy: 702/1000(70%)
Task: 8,	 Epoch: 1/80,	 Avg.loss: 0.0008,	 Accuracy: 763/1000(76%)
Task: 8,	 Epoch: 2/80,	 Avg.loss: 0.0007,	 Accuracy: 760/1000(76%)
Task: 8,	 Epoch: 3/80,	 Avg.loss: 0.0007,	 Accuracy: 794/1000(79%)
Task: 8,	 Epoch: 4/80,	 Avg.loss: 0.0007,	 Accuracy: 792/1000(79%)
Task: 8,	 Epoch: 5/80,	 Avg.loss: 0.0007,	 Accuracy: 793/1000(79%)
Task: 8,	 Epoch: 6/80,	 Avg.loss: 0.0007,	 Accuracy: 798/1000(80%)
Task: 8,	 Epoch: 7/80,	 Avg.loss: 0.0006,	 Accuracy: 805/1000(81%)
Task: 8,	 Epoch: 8/80,	 Avg.loss: 0.0007,	 Accuracy: 790/1000(79%)
Task: 8,	 Epoch: 9/80,	 Avg.loss: 0.0007,	 Accuracy: 801/1000(80%)
Task: 8,	 Epoch: 10/80,	 Avg.loss: 0.0006,	 Accuracy: 818/1000(82%)
Task: 8,	 Epoch: 11/80,	 Avg.loss: 0.0007,	 Accuracy: 817/1000(82%)
Task: 8,	 Epoch: 12/80,	 Avg.loss: 0.0006,	 Accuracy: 830/1000(83%)
Task: 8,	 Epoch: 13/80,	 Avg.loss: 0.0007,	 Accuracy: 823/1000(82%)
Task: 8,	 Epoch: 14/80,	 Avg.loss: 0.0007,	 Accuracy: 818/1000(82%)
Task: 8,	 Epoch: 15/80,	 Avg.loss: 0.0006,	 Accuracy: 832/1000(83%)
Task: 8,	 Epoch: 16/80,	 Avg.loss: 0.0007,	 Accuracy: 835/1000(84%)
Task: 8,	 Epoch: 17/80,	 Avg.loss: 0.0007,	 Accuracy: 835/1000(84%)
Task: 8,	 Epoch: 18/80,	 Avg.loss: 0.0007,	 Accuracy: 829/1000(83%)
Task: 8,	 Epoch: 19/80,	 Avg.loss: 0.0007,	 Accuracy: 838/1000(84%)
Task: 8,	 Epoch: 20/80,	 Avg.loss: 0.0006,	 Accuracy: 845/1000(85%)
Task: 8,	 Epoch: 21/80,	 Avg.loss: 0.0007,	 Accuracy: 836/1000(84%)
Task: 8,	 Epoch: 22/80,	 Avg.loss: 0.0007,	 Accuracy: 835/1000(84%)
Task: 8,	 Epoch: 23/80,	 Avg.loss: 0.0006,	 Accuracy: 839/1000(84%)
Task: 8,	 Epoch: 24/80,	 Avg.loss: 0.0007,	 Accuracy: 843/1000(84%)
Task: 8,	 Epoch: 25/80,	 Avg.loss: 0.0007,	 Accuracy: 835/1000(84%)
Task: 8,	 Epoch: 26/80,	 Avg.loss: 0.0007,	 Accuracy: 848/1000(85%)
Task: 8,	 Epoch: 27/80,	 Avg.loss: 0.0007,	 Accuracy: 841/1000(84%)
Task: 8,	 Epoch: 28/80,	 Avg.loss: 0.0007,	 Accuracy: 838/1000(84%)
Task: 8,	 Epoch: 29/80,	 Avg.loss: 0.0007,	 Accuracy: 842/1000(84%)
Task: 8,	 Epoch: 30/80,	 Avg.loss: 0.0007,	 Accuracy: 833/1000(83%)
Task: 8,	 Epoch: 31/80,	 Avg.loss: 0.0007,	 Accuracy: 837/1000(84%)
Task: 8,	 Epoch: 32/80,	 Avg.loss: 0.0007,	 Accuracy: 854/1000(85%)
Task: 8,	 Epoch: 33/80,	 Avg.loss: 0.0008,	 Accuracy: 832/1000(83%)
Task: 8,	 Epoch: 34/80,	 Avg.loss: 0.0008,	 Accuracy: 845/1000(85%)
Task: 8,	 Epoch: 35/80,	 Avg.loss: 0.0008,	 Accuracy: 836/1000(84%)
Task: 8,	 Epoch: 36/80,	 Avg.loss: 0.0008,	 Accuracy: 847/1000(85%)
Task: 8,	 Epoch: 37/80,	 Avg.loss: 0.0008,	 Accuracy: 839/1000(84%)
Task: 8,	 Epoch: 38/80,	 Avg.loss: 0.0008,	 Accuracy: 847/1000(85%)
Task: 8,	 Epoch: 39/80,	 Avg.loss: 0.0008,	 Accuracy: 832/1000(83%)
Task: 8,	 Epoch: 40/80,	 Avg.loss: 0.0008,	 Accuracy: 832/1000(83%)
Task: 8,	 Epoch: 41/80,	 Avg.loss: 0.0008,	 Accuracy: 838/1000(84%)
Task: 8,	 Epoch: 42/80,	 Avg.loss: 0.0008,	 Accuracy: 841/1000(84%)
Task: 8,	 Epoch: 43/80,	 Avg.loss: 0.0008,	 Accuracy: 845/1000(85%)
Task: 8,	 Epoch: 44/80,	 Avg.loss: 0.0008,	 Accuracy: 846/1000(85%)
Task: 8,	 Epoch: 45/80,	 Avg.loss: 0.0009,	 Accuracy: 851/1000(85%)
Task: 8,	 Epoch: 46/80,	 Avg.loss: 0.0009,	 Accuracy: 839/1000(84%)
Task: 8,	 Epoch: 47/80,	 Avg.loss: 0.0008,	 Accuracy: 846/1000(85%)
Task: 8,	 Epoch: 48/80,	 Avg.loss: 0.0009,	 Accuracy: 857/1000(86%)
Task: 8,	 Epoch: 49/80,	 Avg.loss: 0.0009,	 Accuracy: 833/1000(83%)
Task: 8,	 Epoch: 50/80,	 Avg.loss: 0.0008,	 Accuracy: 850/1000(85%)
Task: 8,	 Epoch: 51/80,	 Avg.loss: 0.0008,	 Accuracy: 856/1000(86%)
Task: 8,	 Epoch: 52/80,	 Avg.loss: 0.0008,	 Accuracy: 860/1000(86%)
Task: 8,	 Epoch: 53/80,	 Avg.loss: 0.0008,	 Accuracy: 857/1000(86%)
Task: 8,	 Epoch: 54/80,	 Avg.loss: 0.0008,	 Accuracy: 859/1000(86%)
Task: 8,	 Epoch: 55/80,	 Avg.loss: 0.0008,	 Accuracy: 862/1000(86%)
Task: 8,	 Epoch: 56/80,	 Avg.loss: 0.0008,	 Accuracy: 858/1000(86%)
Task: 8,	 Epoch: 57/80,	 Avg.loss: 0.0008,	 Accuracy: 860/1000(86%)
Task: 8,	 Epoch: 58/80,	 Avg.loss: 0.0008,	 Accuracy: 862/1000(86%)
Task: 8,	 Epoch: 59/80,	 Avg.loss: 0.0008,	 Accuracy: 864/1000(86%)
Task: 8,	 Epoch: 60/80,	 Avg.loss: 0.0008,	 Accuracy: 866/1000(87%)
Task: 8,	 Epoch: 61/80,	 Avg.loss: 0.0008,	 Accuracy: 862/1000(86%)
Task: 8,	 Epoch: 62/80,	 Avg.loss: 0.0008,	 Accuracy: 861/1000(86%)
Task: 8,	 Epoch: 63/80,	 Avg.loss: 0.0008,	 Accuracy: 859/1000(86%)
Task: 8,	 Epoch: 64/80,	 Avg.loss: 0.0008,	 Accuracy: 857/1000(86%)
Task: 8,	 Epoch: 65/80,	 Avg.loss: 0.0008,	 Accuracy: 860/1000(86%)
Task: 8,	 Epoch: 66/80,	 Avg.loss: 0.0008,	 Accuracy: 865/1000(87%)
Task: 8,	 Epoch: 67/80,	 Avg.loss: 0.0008,	 Accuracy: 861/1000(86%)
Task: 8,	 Epoch: 68/80,	 Avg.loss: 0.0008,	 Accuracy: 860/1000(86%)
Task: 8,	 Epoch: 69/80,	 Avg.loss: 0.0008,	 Accuracy: 858/1000(86%)
Task: 8,	 Epoch: 70/80,	 Avg.loss: 0.0008,	 Accuracy: 863/1000(86%)
Task: 8,	 Epoch: 71/80,	 Avg.loss: 0.0008,	 Accuracy: 863/1000(86%)
Task: 8,	 Epoch: 72/80,	 Avg.loss: 0.0008,	 Accuracy: 861/1000(86%)
Task: 8,	 Epoch: 73/80,	 Avg.loss: 0.0008,	 Accuracy: 858/1000(86%)
Task: 8,	 Epoch: 74/80,	 Avg.loss: 0.0008,	 Accuracy: 861/1000(86%)
Task: 8,	 Epoch: 75/80,	 Avg.loss: 0.0008,	 Accuracy: 861/1000(86%)
Task: 8,	 Epoch: 76/80,	 Avg.loss: 0.0008,	 Accuracy: 864/1000(86%)
Task: 8,	 Epoch: 77/80,	 Avg.loss: 0.0008,	 Accuracy: 861/1000(86%)
Task: 8,	 Epoch: 78/80,	 Avg.loss: 0.0008,	 Accuracy: 865/1000(87%)
Task: 8,	 Epoch: 79/80,	 Avg.loss: 0.0008,	 Accuracy: 858/1000(86%)
Saving head (task#: 8)
Computing MAS
Loading head (task#:0)
Loading mask (task#:0)
Files already downloaded and verified
Files already downloaded and verified
Task: 0,	 Epoch: -1/80,	 Avg.loss: 0.0038,	 Accuracy: 441/1000(44%)
Trained Task:8, Loaded task:0, Accuracy:44.1%
Loading head (task#:1)
Loading mask (task#:1)
Files already downloaded and verified
Files already downloaded and verified
Task: 1,	 Epoch: -1/80,	 Avg.loss: 0.0041,	 Accuracy: 445/1000(45%)
Trained Task:8, Loaded task:1, Accuracy:44.5%
Loading head (task#:2)
Loading mask (task#:2)
Files already downloaded and verified
Files already downloaded and verified
Task: 2,	 Epoch: -1/80,	 Avg.loss: 0.0037,	 Accuracy: 475/1000(48%)
Trained Task:8, Loaded task:2, Accuracy:47.5%
Loading head (task#:3)
Loading mask (task#:3)
Files already downloaded and verified
Files already downloaded and verified
Task: 3,	 Epoch: -1/80,	 Avg.loss: 0.0043,	 Accuracy: 471/1000(47%)
Trained Task:8, Loaded task:3, Accuracy:47.1%
Loading head (task#:4)
Loading mask (task#:4)
Files already downloaded and verified
Files already downloaded and verified
Task: 4,	 Epoch: -1/80,	 Avg.loss: 0.0032,	 Accuracy: 521/1000(52%)
Trained Task:8, Loaded task:4, Accuracy:52.1%
Loading head (task#:5)
Loading mask (task#:5)
Files already downloaded and verified
Files already downloaded and verified
Task: 5,	 Epoch: -1/80,	 Avg.loss: 0.0034,	 Accuracy: 523/1000(52%)
Trained Task:8, Loaded task:5, Accuracy:52.3%
Loading head (task#:6)
Loading mask (task#:6)
Files already downloaded and verified
Files already downloaded and verified
Task: 6,	 Epoch: -1/80,	 Avg.loss: 0.0020,	 Accuracy: 660/1000(66%)
Trained Task:8, Loaded task:6, Accuracy:66.0%
Loading head (task#:7)
Loading mask (task#:7)
Files already downloaded and verified
Files already downloaded and verified
Task: 7,	 Epoch: -1/80,	 Avg.loss: 0.0021,	 Accuracy: 684/1000(68%)
Trained Task:8, Loaded task:7, Accuracy:68.4%
Loading head (task#:8)
Loading mask (task#:8)
Files already downloaded and verified
Files already downloaded and verified
Task: 8,	 Epoch: -1/80,	 Avg.loss: 0.0008,	 Accuracy: 858/1000(86%)
Trained Task:8, Loaded task:8, Accuracy:85.8%
Files already downloaded and verified
Files already downloaded and verified
Layer        : conv1_layer.2.weight
Sum Omega    : 901.8372802734375
Max Fisher   : 1.0
Max Omega    : 1.0
Max Relevance: 1.2145793437957764
Mask active  : 8192.0/8192

Layer        : conv2_layer.2.weight
Sum Omega    : 3181.98828125
Max Fisher   : 1.0
Max Omega    : 1.0
Max Relevance: 1.2530983686447144
Mask active  : 4096.0/4096

Layer        : fc1_layer.0.weight
Sum Omega    : 36154.203125
Max Fisher   : 1.0
Max Omega    : 1.0
Max Relevance: 1.4220139980316162
Mask active  : 512.0/512

Saving  mask (task#:9)
Mask histogram conv1_layer.2.weight: 	 tensor([   0.,    0.,    0.,    0.,    0.,    0.,    0.,    0.,    0., 8192.],
       device='cuda:0')
Mask histogram conv2_layer.2.weight: 	 tensor([   0.,    0.,    0.,    0.,    0.,    0.,    0.,    0.,    0., 4096.],
       device='cuda:0')
Mask histogram fc1_layer.0.weight: 	 tensor([  0.,   0.,   0.,   0.,   0.,   0.,   0.,   0.,   0., 512.],
       device='cuda:0')
Task: 9,	 Epoch: 0/80,	 Avg.loss: 0.0007,	 Accuracy: 741/1000(74%)
Task: 9,	 Epoch: 1/80,	 Avg.loss: 0.0006,	 Accuracy: 815/1000(82%)
Task: 9,	 Epoch: 2/80,	 Avg.loss: 0.0006,	 Accuracy: 805/1000(81%)
Task: 9,	 Epoch: 3/80,	 Avg.loss: 0.0006,	 Accuracy: 813/1000(81%)
Task: 9,	 Epoch: 4/80,	 Avg.loss: 0.0005,	 Accuracy: 834/1000(83%)
Task: 9,	 Epoch: 5/80,	 Avg.loss: 0.0005,	 Accuracy: 854/1000(85%)
Task: 9,	 Epoch: 6/80,	 Avg.loss: 0.0005,	 Accuracy: 847/1000(85%)
Task: 9,	 Epoch: 7/80,	 Avg.loss: 0.0005,	 Accuracy: 853/1000(85%)
Task: 9,	 Epoch: 8/80,	 Avg.loss: 0.0005,	 Accuracy: 864/1000(86%)
Task: 9,	 Epoch: 9/80,	 Avg.loss: 0.0005,	 Accuracy: 857/1000(86%)
Task: 9,	 Epoch: 10/80,	 Avg.loss: 0.0005,	 Accuracy: 855/1000(86%)
Task: 9,	 Epoch: 11/80,	 Avg.loss: 0.0005,	 Accuracy: 854/1000(85%)
Task: 9,	 Epoch: 12/80,	 Avg.loss: 0.0005,	 Accuracy: 855/1000(86%)
Task: 9,	 Epoch: 13/80,	 Avg.loss: 0.0005,	 Accuracy: 851/1000(85%)
Task: 9,	 Epoch: 14/80,	 Avg.loss: 0.0006,	 Accuracy: 858/1000(86%)
Task: 9,	 Epoch: 15/80,	 Avg.loss: 0.0005,	 Accuracy: 854/1000(85%)
Task: 9,	 Epoch: 16/80,	 Avg.loss: 0.0005,	 Accuracy: 863/1000(86%)
Task: 9,	 Epoch: 17/80,	 Avg.loss: 0.0006,	 Accuracy: 847/1000(85%)
Task: 9,	 Epoch: 18/80,	 Avg.loss: 0.0005,	 Accuracy: 859/1000(86%)
Task: 9,	 Epoch: 19/80,	 Avg.loss: 0.0005,	 Accuracy: 860/1000(86%)
Task: 9,	 Epoch: 20/80,	 Avg.loss: 0.0005,	 Accuracy: 864/1000(86%)
Task: 9,	 Epoch: 21/80,	 Avg.loss: 0.0006,	 Accuracy: 865/1000(87%)
Task: 9,	 Epoch: 22/80,	 Avg.loss: 0.0005,	 Accuracy: 872/1000(87%)
Task: 9,	 Epoch: 23/80,	 Avg.loss: 0.0006,	 Accuracy: 863/1000(86%)
Task: 9,	 Epoch: 24/80,	 Avg.loss: 0.0006,	 Accuracy: 858/1000(86%)
Task: 9,	 Epoch: 25/80,	 Avg.loss: 0.0006,	 Accuracy: 872/1000(87%)
Task: 9,	 Epoch: 26/80,	 Avg.loss: 0.0006,	 Accuracy: 871/1000(87%)
Task: 9,	 Epoch: 27/80,	 Avg.loss: 0.0006,	 Accuracy: 862/1000(86%)
Task: 9,	 Epoch: 28/80,	 Avg.loss: 0.0006,	 Accuracy: 873/1000(87%)
Task: 9,	 Epoch: 29/80,	 Avg.loss: 0.0006,	 Accuracy: 879/1000(88%)
Task: 9,	 Epoch: 30/80,	 Avg.loss: 0.0005,	 Accuracy: 878/1000(88%)
Task: 9,	 Epoch: 31/80,	 Avg.loss: 0.0006,	 Accuracy: 872/1000(87%)
Task: 9,	 Epoch: 32/80,	 Avg.loss: 0.0006,	 Accuracy: 870/1000(87%)
Task: 9,	 Epoch: 33/80,	 Avg.loss: 0.0006,	 Accuracy: 872/1000(87%)
Task: 9,	 Epoch: 34/80,	 Avg.loss: 0.0006,	 Accuracy: 873/1000(87%)
Task: 9,	 Epoch: 35/80,	 Avg.loss: 0.0006,	 Accuracy: 871/1000(87%)
Task: 9,	 Epoch: 36/80,	 Avg.loss: 0.0006,	 Accuracy: 885/1000(89%)
Task: 9,	 Epoch: 37/80,	 Avg.loss: 0.0006,	 Accuracy: 866/1000(87%)
Task: 9,	 Epoch: 38/80,	 Avg.loss: 0.0006,	 Accuracy: 879/1000(88%)
Task: 9,	 Epoch: 39/80,	 Avg.loss: 0.0006,	 Accuracy: 872/1000(87%)
Task: 9,	 Epoch: 40/80,	 Avg.loss: 0.0006,	 Accuracy: 874/1000(87%)
Task: 9,	 Epoch: 41/80,	 Avg.loss: 0.0006,	 Accuracy: 874/1000(87%)
Task: 9,	 Epoch: 42/80,	 Avg.loss: 0.0006,	 Accuracy: 869/1000(87%)
Task: 9,	 Epoch: 43/80,	 Avg.loss: 0.0006,	 Accuracy: 880/1000(88%)
Task: 9,	 Epoch: 44/80,	 Avg.loss: 0.0006,	 Accuracy: 868/1000(87%)
Task: 9,	 Epoch: 45/80,	 Avg.loss: 0.0006,	 Accuracy: 883/1000(88%)
Task: 9,	 Epoch: 46/80,	 Avg.loss: 0.0006,	 Accuracy: 878/1000(88%)
Task: 9,	 Epoch: 47/80,	 Avg.loss: 0.0007,	 Accuracy: 857/1000(86%)
Task: 9,	 Epoch: 48/80,	 Avg.loss: 0.0006,	 Accuracy: 881/1000(88%)
Task: 9,	 Epoch: 49/80,	 Avg.loss: 0.0006,	 Accuracy: 889/1000(89%)
Task: 9,	 Epoch: 50/80,	 Avg.loss: 0.0006,	 Accuracy: 892/1000(89%)
Task: 9,	 Epoch: 51/80,	 Avg.loss: 0.0006,	 Accuracy: 891/1000(89%)
Task: 9,	 Epoch: 52/80,	 Avg.loss: 0.0006,	 Accuracy: 891/1000(89%)
Task: 9,	 Epoch: 53/80,	 Avg.loss: 0.0006,	 Accuracy: 882/1000(88%)
Task: 9,	 Epoch: 54/80,	 Avg.loss: 0.0006,	 Accuracy: 887/1000(89%)
Task: 9,	 Epoch: 55/80,	 Avg.loss: 0.0006,	 Accuracy: 890/1000(89%)
Task: 9,	 Epoch: 56/80,	 Avg.loss: 0.0006,	 Accuracy: 890/1000(89%)
Task: 9,	 Epoch: 57/80,	 Avg.loss: 0.0006,	 Accuracy: 885/1000(89%)
Task: 9,	 Epoch: 58/80,	 Avg.loss: 0.0006,	 Accuracy: 888/1000(89%)
Task: 9,	 Epoch: 59/80,	 Avg.loss: 0.0006,	 Accuracy: 887/1000(89%)
Task: 9,	 Epoch: 60/80,	 Avg.loss: 0.0006,	 Accuracy: 888/1000(89%)
Task: 9,	 Epoch: 61/80,	 Avg.loss: 0.0006,	 Accuracy: 888/1000(89%)
Task: 9,	 Epoch: 62/80,	 Avg.loss: 0.0006,	 Accuracy: 887/1000(89%)
Task: 9,	 Epoch: 63/80,	 Avg.loss: 0.0006,	 Accuracy: 890/1000(89%)
Task: 9,	 Epoch: 64/80,	 Avg.loss: 0.0006,	 Accuracy: 887/1000(89%)
Task: 9,	 Epoch: 65/80,	 Avg.loss: 0.0006,	 Accuracy: 885/1000(89%)
Task: 9,	 Epoch: 66/80,	 Avg.loss: 0.0006,	 Accuracy: 884/1000(88%)
Task: 9,	 Epoch: 67/80,	 Avg.loss: 0.0006,	 Accuracy: 883/1000(88%)
Task: 9,	 Epoch: 68/80,	 Avg.loss: 0.0006,	 Accuracy: 886/1000(89%)
Task: 9,	 Epoch: 69/80,	 Avg.loss: 0.0006,	 Accuracy: 882/1000(88%)
Task: 9,	 Epoch: 70/80,	 Avg.loss: 0.0006,	 Accuracy: 881/1000(88%)
Task: 9,	 Epoch: 71/80,	 Avg.loss: 0.0006,	 Accuracy: 881/1000(88%)
Task: 9,	 Epoch: 72/80,	 Avg.loss: 0.0006,	 Accuracy: 883/1000(88%)
Task: 9,	 Epoch: 73/80,	 Avg.loss: 0.0006,	 Accuracy: 888/1000(89%)
Task: 9,	 Epoch: 74/80,	 Avg.loss: 0.0006,	 Accuracy: 887/1000(89%)
Task: 9,	 Epoch: 75/80,	 Avg.loss: 0.0006,	 Accuracy: 886/1000(89%)
Task: 9,	 Epoch: 76/80,	 Avg.loss: 0.0006,	 Accuracy: 891/1000(89%)
Task: 9,	 Epoch: 77/80,	 Avg.loss: 0.0006,	 Accuracy: 886/1000(89%)
Task: 9,	 Epoch: 78/80,	 Avg.loss: 0.0006,	 Accuracy: 884/1000(88%)
Task: 9,	 Epoch: 79/80,	 Avg.loss: 0.0006,	 Accuracy: 884/1000(88%)
Saving head (task#: 9)
Computing MAS
Loading head (task#:0)
Loading mask (task#:0)
Files already downloaded and verified
Files already downloaded and verified
Task: 0,	 Epoch: -1/80,	 Avg.loss: 0.0030,	 Accuracy: 490/1000(49%)
Trained Task:9, Loaded task:0, Accuracy:49.0%
Loading head (task#:1)
Loading mask (task#:1)
Files already downloaded and verified
Files already downloaded and verified
Task: 1,	 Epoch: -1/80,	 Avg.loss: 0.0039,	 Accuracy: 448/1000(45%)
Trained Task:9, Loaded task:1, Accuracy:44.8%
Loading head (task#:2)
Loading mask (task#:2)
Files already downloaded and verified
Files already downloaded and verified
Task: 2,	 Epoch: -1/80,	 Avg.loss: 0.0036,	 Accuracy: 491/1000(49%)
Trained Task:9, Loaded task:2, Accuracy:49.1%
Loading head (task#:3)
Loading mask (task#:3)
Files already downloaded and verified
Files already downloaded and verified
Task: 3,	 Epoch: -1/80,	 Avg.loss: 0.0060,	 Accuracy: 369/1000(37%)
Trained Task:9, Loaded task:3, Accuracy:36.9%
Loading head (task#:4)
Loading mask (task#:4)
Files already downloaded and verified
Files already downloaded and verified
Task: 4,	 Epoch: -1/80,	 Avg.loss: 0.0030,	 Accuracy: 525/1000(53%)
Trained Task:9, Loaded task:4, Accuracy:52.5%
Loading head (task#:5)
Loading mask (task#:5)
Files already downloaded and verified
Files already downloaded and verified
Task: 5,	 Epoch: -1/80,	 Avg.loss: 0.0027,	 Accuracy: 584/1000(58%)
Trained Task:9, Loaded task:5, Accuracy:58.4%
Loading head (task#:6)
Loading mask (task#:6)
Files already downloaded and verified
Files already downloaded and verified
Task: 6,	 Epoch: -1/80,	 Avg.loss: 0.0020,	 Accuracy: 673/1000(67%)
Trained Task:9, Loaded task:6, Accuracy:67.3%
Loading head (task#:7)
Loading mask (task#:7)
Files already downloaded and verified
Files already downloaded and verified
Task: 7,	 Epoch: -1/80,	 Avg.loss: 0.0021,	 Accuracy: 653/1000(65%)
Trained Task:9, Loaded task:7, Accuracy:65.3%
Loading head (task#:8)
Loading mask (task#:8)
Files already downloaded and verified
Files already downloaded and verified
Task: 8,	 Epoch: -1/80,	 Avg.loss: 0.0017,	 Accuracy: 713/1000(71%)
Trained Task:9, Loaded task:8, Accuracy:71.3%
Loading head (task#:9)
Loading mask (task#:9)
Files already downloaded and verified
Files already downloaded and verified
Task: 9,	 Epoch: -1/80,	 Avg.loss: 0.0006,	 Accuracy: 884/1000(88%)
Trained Task:9, Loaded task:9, Accuracy:88.4%
