Mask histogram
conv1_layer.2.weight: 	 tensor([   0., 8192.,    0.,    0.,    0.,    0.,    0.,    0.,    0.,    0.,
           0.], device='cuda:0')
conv2_layer.2.weight: 	 tensor([2430., 1666.,    0.,    0.,    0.,    0.,    0.,    0.,    0.,    0.,
           0.], device='cuda:0')
fc1_layer.1.weight: 	 tensor([304., 208.,   0.,   0.,   0.,   0.,   0.,   0.,   0.,   0.,   0.],
       device='cuda:0')
Head Finetuning    :Task: 0,	 Epoch: 0/40,	 Avg.loss: 0.0019,	 Test Accuracy: 442/1000(44%)
Head Finetuning    :Task: 0,	 Epoch: 1/40,	 Avg.loss: 0.0016,	 Test Accuracy: 526/1000(53%)
Head Finetuning    :Task: 0,	 Epoch: 2/40,	 Avg.loss: 0.0015,	 Test Accuracy: 545/1000(55%)
Head Finetuning    :Task: 0,	 Epoch: 3/40,	 Avg.loss: 0.0014,	 Test Accuracy: 555/1000(56%)
Head Finetuning    :Task: 0,	 Epoch: 4/40,	 Avg.loss: 0.0014,	 Test Accuracy: 558/1000(56%)
Task: 0,	 Epoch: 0/40,	 Avg.loss: 0.0009,	 Test Accuracy: 696/1000(70%)
Task: 0,	 Epoch: 1/40,	 Avg.loss: 0.0008,	 Test Accuracy: 749/1000(75%)
Task: 0,	 Epoch: 2/40,	 Avg.loss: 0.0007,	 Test Accuracy: 784/1000(78%)
Task: 0,	 Epoch: 3/40,	 Avg.loss: 0.0007,	 Test Accuracy: 770/1000(77%)
Task: 0,	 Epoch: 4/40,	 Avg.loss: 0.0007,	 Test Accuracy: 786/1000(79%)
Task: 0,	 Epoch: 5/40,	 Avg.loss: 0.0007,	 Test Accuracy: 780/1000(78%)
Task: 0,	 Epoch: 6/40,	 Avg.loss: 0.0006,	 Test Accuracy: 793/1000(79%)
Task: 0,	 Epoch: 7/40,	 Avg.loss: 0.0006,	 Test Accuracy: 797/1000(80%)
Task: 0,	 Epoch: 8/40,	 Avg.loss: 0.0006,	 Test Accuracy: 800/1000(80%)
Task: 0,	 Epoch: 9/40,	 Avg.loss: 0.0006,	 Test Accuracy: 803/1000(80%)
Task: 0,	 Epoch: 10/40,	 Avg.loss: 0.0006,	 Test Accuracy: 809/1000(81%)
Task: 0,	 Epoch: 11/40,	 Avg.loss: 0.0006,	 Test Accuracy: 815/1000(82%)
Task: 0,	 Epoch: 12/40,	 Avg.loss: 0.0006,	 Test Accuracy: 810/1000(81%)
Task: 0,	 Epoch: 13/40,	 Avg.loss: 0.0006,	 Test Accuracy: 805/1000(81%)
Task: 0,	 Epoch: 14/40,	 Avg.loss: 0.0006,	 Test Accuracy: 808/1000(81%)
Task: 0,	 Epoch: 15/40,	 Avg.loss: 0.0006,	 Test Accuracy: 818/1000(82%)
Task: 0,	 Epoch: 16/40,	 Avg.loss: 0.0006,	 Test Accuracy: 815/1000(82%)
Task: 0,	 Epoch: 17/40,	 Avg.loss: 0.0005,	 Test Accuracy: 818/1000(82%)
Task: 0,	 Epoch: 18/40,	 Avg.loss: 0.0006,	 Test Accuracy: 820/1000(82%)
Task: 0,	 Epoch: 19/40,	 Avg.loss: 0.0006,	 Test Accuracy: 813/1000(81%)
Task: 0,	 Epoch: 20/40,	 Avg.loss: 0.0005,	 Test Accuracy: 836/1000(84%)
Task: 0,	 Epoch: 21/40,	 Avg.loss: 0.0005,	 Test Accuracy: 834/1000(83%)
Task: 0,	 Epoch: 22/40,	 Avg.loss: 0.0005,	 Test Accuracy: 836/1000(84%)
Task: 0,	 Epoch: 23/40,	 Avg.loss: 0.0005,	 Test Accuracy: 844/1000(84%)
Task: 0,	 Epoch: 24/40,	 Avg.loss: 0.0005,	 Test Accuracy: 841/1000(84%)
Task: 0,	 Epoch: 25/40,	 Avg.loss: 0.0005,	 Test Accuracy: 844/1000(84%)
Task: 0,	 Epoch: 26/40,	 Avg.loss: 0.0005,	 Test Accuracy: 843/1000(84%)
Task: 0,	 Epoch: 27/40,	 Avg.loss: 0.0005,	 Test Accuracy: 844/1000(84%)
Task: 0,	 Epoch: 28/40,	 Avg.loss: 0.0005,	 Test Accuracy: 840/1000(84%)
Task: 0,	 Epoch: 29/40,	 Avg.loss: 0.0005,	 Test Accuracy: 845/1000(85%)
Task: 0,	 Epoch: 30/40,	 Avg.loss: 0.0005,	 Test Accuracy: 849/1000(85%)
Task: 0,	 Epoch: 31/40,	 Avg.loss: 0.0005,	 Test Accuracy: 845/1000(85%)
Task: 0,	 Epoch: 32/40,	 Avg.loss: 0.0005,	 Test Accuracy: 845/1000(85%)
Task: 0,	 Epoch: 33/40,	 Avg.loss: 0.0005,	 Test Accuracy: 839/1000(84%)
Task: 0,	 Epoch: 34/40,	 Avg.loss: 0.0005,	 Test Accuracy: 842/1000(84%)
Task: 0,	 Epoch: 35/40,	 Avg.loss: 0.0005,	 Test Accuracy: 842/1000(84%)
Task: 0,	 Epoch: 36/40,	 Avg.loss: 0.0005,	 Test Accuracy: 841/1000(84%)
Task: 0,	 Epoch: 37/40,	 Avg.loss: 0.0005,	 Test Accuracy: 838/1000(84%)
Task: 0,	 Epoch: 38/40,	 Avg.loss: 0.0005,	 Test Accuracy: 839/1000(84%)
Task: 0,	 Epoch: 39/40,	 Avg.loss: 0.0005,	 Test Accuracy: 842/1000(84%)
Trained Task:0, Loaded task:0, Accuracy:84.2%
Trained Task:0, Avg. Accuracy: 84.2 

List of avg. accuracy: [84.2]
Mask histogram
conv1_layer.2.weight: 	 tensor([   0.,    0., 8192.,    0.,    0.,    0.,    0.,    0.,    0.,    0.,
           0.], device='cuda:0')
conv2_layer.2.weight: 	 tensor([1470., 1961.,  665.,    0.,    0.,    0.,    0.,    0.,    0.,    0.,
           0.], device='cuda:0')
fc1_layer.1.weight: 	 tensor([188., 245.,  79.,   0.,   0.,   0.,   0.,   0.,   0.,   0.,   0.],
       device='cuda:0')
Head Finetuning    :Task: 1,	 Epoch: 0/40,	 Avg.loss: 0.0024,	 Test Accuracy: 106/1000(11%)
Head Finetuning    :Task: 1,	 Epoch: 1/40,	 Avg.loss: 0.0024,	 Test Accuracy: 125/1000(13%)
Head Finetuning    :Task: 1,	 Epoch: 2/40,	 Avg.loss: 0.0023,	 Test Accuracy: 139/1000(14%)
Head Finetuning    :Task: 1,	 Epoch: 3/40,	 Avg.loss: 0.0023,	 Test Accuracy: 146/1000(15%)
Head Finetuning    :Task: 1,	 Epoch: 4/40,	 Avg.loss: 0.0023,	 Test Accuracy: 155/1000(16%)
Task: 1,	 Epoch: 0/40,	 Avg.loss: 0.0010,	 Test Accuracy: 642/1000(64%)
Task: 1,	 Epoch: 1/40,	 Avg.loss: 0.0010,	 Test Accuracy: 649/1000(65%)
Task: 1,	 Epoch: 2/40,	 Avg.loss: 0.0008,	 Test Accuracy: 705/1000(70%)
Task: 1,	 Epoch: 3/40,	 Avg.loss: 0.0008,	 Test Accuracy: 705/1000(70%)
Task: 1,	 Epoch: 4/40,	 Avg.loss: 0.0008,	 Test Accuracy: 719/1000(72%)
Task: 1,	 Epoch: 5/40,	 Avg.loss: 0.0008,	 Test Accuracy: 709/1000(71%)
Task: 1,	 Epoch: 6/40,	 Avg.loss: 0.0008,	 Test Accuracy: 725/1000(72%)
Task: 1,	 Epoch: 7/40,	 Avg.loss: 0.0008,	 Test Accuracy: 732/1000(73%)
Task: 1,	 Epoch: 8/40,	 Avg.loss: 0.0008,	 Test Accuracy: 750/1000(75%)
Task: 1,	 Epoch: 9/40,	 Avg.loss: 0.0008,	 Test Accuracy: 737/1000(74%)
Task: 1,	 Epoch: 10/40,	 Avg.loss: 0.0008,	 Test Accuracy: 732/1000(73%)
Task: 1,	 Epoch: 11/40,	 Avg.loss: 0.0007,	 Test Accuracy: 744/1000(74%)
Task: 1,	 Epoch: 12/40,	 Avg.loss: 0.0007,	 Test Accuracy: 765/1000(76%)
Task: 1,	 Epoch: 13/40,	 Avg.loss: 0.0007,	 Test Accuracy: 755/1000(76%)
Task: 1,	 Epoch: 14/40,	 Avg.loss: 0.0008,	 Test Accuracy: 747/1000(75%)
Task: 1,	 Epoch: 15/40,	 Avg.loss: 0.0007,	 Test Accuracy: 752/1000(75%)
Task: 1,	 Epoch: 16/40,	 Avg.loss: 0.0007,	 Test Accuracy: 745/1000(74%)
Task: 1,	 Epoch: 17/40,	 Avg.loss: 0.0007,	 Test Accuracy: 751/1000(75%)
Task: 1,	 Epoch: 18/40,	 Avg.loss: 0.0007,	 Test Accuracy: 755/1000(76%)
Task: 1,	 Epoch: 19/40,	 Avg.loss: 0.0007,	 Test Accuracy: 760/1000(76%)
Task: 1,	 Epoch: 20/40,	 Avg.loss: 0.0007,	 Test Accuracy: 766/1000(77%)
Task: 1,	 Epoch: 21/40,	 Avg.loss: 0.0007,	 Test Accuracy: 768/1000(77%)
Task: 1,	 Epoch: 22/40,	 Avg.loss: 0.0007,	 Test Accuracy: 772/1000(77%)
Task: 1,	 Epoch: 23/40,	 Avg.loss: 0.0007,	 Test Accuracy: 763/1000(76%)
Task: 1,	 Epoch: 24/40,	 Avg.loss: 0.0007,	 Test Accuracy: 766/1000(77%)
Task: 1,	 Epoch: 25/40,	 Avg.loss: 0.0007,	 Test Accuracy: 765/1000(76%)
Task: 1,	 Epoch: 26/40,	 Avg.loss: 0.0007,	 Test Accuracy: 762/1000(76%)
Task: 1,	 Epoch: 27/40,	 Avg.loss: 0.0007,	 Test Accuracy: 765/1000(76%)
Task: 1,	 Epoch: 28/40,	 Avg.loss: 0.0007,	 Test Accuracy: 764/1000(76%)
Task: 1,	 Epoch: 29/40,	 Avg.loss: 0.0007,	 Test Accuracy: 761/1000(76%)
Task: 1,	 Epoch: 30/40,	 Avg.loss: 0.0007,	 Test Accuracy: 767/1000(77%)
Task: 1,	 Epoch: 31/40,	 Avg.loss: 0.0007,	 Test Accuracy: 765/1000(76%)
Task: 1,	 Epoch: 32/40,	 Avg.loss: 0.0007,	 Test Accuracy: 770/1000(77%)
Task: 1,	 Epoch: 33/40,	 Avg.loss: 0.0007,	 Test Accuracy: 774/1000(77%)
Task: 1,	 Epoch: 34/40,	 Avg.loss: 0.0007,	 Test Accuracy: 769/1000(77%)
Task: 1,	 Epoch: 35/40,	 Avg.loss: 0.0007,	 Test Accuracy: 769/1000(77%)
Task: 1,	 Epoch: 36/40,	 Avg.loss: 0.0007,	 Test Accuracy: 771/1000(77%)
Task: 1,	 Epoch: 37/40,	 Avg.loss: 0.0007,	 Test Accuracy: 766/1000(77%)
Task: 1,	 Epoch: 38/40,	 Avg.loss: 0.0007,	 Test Accuracy: 777/1000(78%)
Task: 1,	 Epoch: 39/40,	 Avg.loss: 0.0007,	 Test Accuracy: 774/1000(77%)
Trained Task:1, Loaded task:0, Accuracy:83.4%
Trained Task:1, Loaded task:1, Accuracy:77.4%
Trained Task:1, Avg. Accuracy: 80.4 

List of avg. accuracy: [84.2, 80.4]
Mask histogram
conv1_layer.2.weight: 	 tensor([   0.,    0.,    0., 8192.,    0.,    0.,    0.,    0.,    0.,    0.,
           0.], device='cuda:0')
conv2_layer.2.weight: 	 tensor([ 835., 1817., 1177.,  267.,    0.,    0.,    0.,    0.,    0.,    0.,
           0.], device='cuda:0')
fc1_layer.1.weight: 	 tensor([110., 213., 163.,  26.,   0.,   0.,   0.,   0.,   0.,   0.,   0.],
       device='cuda:0')
Head Finetuning    :Task: 2,	 Epoch: 0/40,	 Avg.loss: 0.0024,	 Test Accuracy: 131/1000(13%)
Head Finetuning    :Task: 2,	 Epoch: 1/40,	 Avg.loss: 0.0024,	 Test Accuracy: 146/1000(15%)
Head Finetuning    :Task: 2,	 Epoch: 2/40,	 Avg.loss: 0.0023,	 Test Accuracy: 158/1000(16%)
Head Finetuning    :Task: 2,	 Epoch: 3/40,	 Avg.loss: 0.0023,	 Test Accuracy: 164/1000(16%)
Head Finetuning    :Task: 2,	 Epoch: 4/40,	 Avg.loss: 0.0023,	 Test Accuracy: 171/1000(17%)
Task: 2,	 Epoch: 0/40,	 Avg.loss: 0.0008,	 Test Accuracy: 713/1000(71%)
Task: 2,	 Epoch: 1/40,	 Avg.loss: 0.0008,	 Test Accuracy: 737/1000(74%)
Task: 2,	 Epoch: 2/40,	 Avg.loss: 0.0008,	 Test Accuracy: 753/1000(75%)
Task: 2,	 Epoch: 3/40,	 Avg.loss: 0.0007,	 Test Accuracy: 770/1000(77%)
Task: 2,	 Epoch: 4/40,	 Avg.loss: 0.0007,	 Test Accuracy: 768/1000(77%)
Task: 2,	 Epoch: 5/40,	 Avg.loss: 0.0007,	 Test Accuracy: 780/1000(78%)
Task: 2,	 Epoch: 6/40,	 Avg.loss: 0.0007,	 Test Accuracy: 780/1000(78%)
Task: 2,	 Epoch: 7/40,	 Avg.loss: 0.0007,	 Test Accuracy: 789/1000(79%)
Task: 2,	 Epoch: 8/40,	 Avg.loss: 0.0007,	 Test Accuracy: 795/1000(80%)
Task: 2,	 Epoch: 9/40,	 Avg.loss: 0.0006,	 Test Accuracy: 795/1000(80%)
Task: 2,	 Epoch: 10/40,	 Avg.loss: 0.0007,	 Test Accuracy: 780/1000(78%)
Task: 2,	 Epoch: 11/40,	 Avg.loss: 0.0007,	 Test Accuracy: 790/1000(79%)
Task: 2,	 Epoch: 12/40,	 Avg.loss: 0.0006,	 Test Accuracy: 806/1000(81%)
Task: 2,	 Epoch: 13/40,	 Avg.loss: 0.0007,	 Test Accuracy: 801/1000(80%)
Task: 2,	 Epoch: 14/40,	 Avg.loss: 0.0006,	 Test Accuracy: 805/1000(81%)
Task: 2,	 Epoch: 15/40,	 Avg.loss: 0.0007,	 Test Accuracy: 794/1000(79%)
Task: 2,	 Epoch: 16/40,	 Avg.loss: 0.0006,	 Test Accuracy: 800/1000(80%)
Task: 2,	 Epoch: 17/40,	 Avg.loss: 0.0007,	 Test Accuracy: 804/1000(80%)
Task: 2,	 Epoch: 18/40,	 Avg.loss: 0.0006,	 Test Accuracy: 806/1000(81%)
Task: 2,	 Epoch: 19/40,	 Avg.loss: 0.0006,	 Test Accuracy: 806/1000(81%)
Task: 2,	 Epoch: 20/40,	 Avg.loss: 0.0006,	 Test Accuracy: 817/1000(82%)
Task: 2,	 Epoch: 21/40,	 Avg.loss: 0.0006,	 Test Accuracy: 817/1000(82%)
Task: 2,	 Epoch: 22/40,	 Avg.loss: 0.0006,	 Test Accuracy: 817/1000(82%)
Task: 2,	 Epoch: 23/40,	 Avg.loss: 0.0006,	 Test Accuracy: 819/1000(82%)
Task: 2,	 Epoch: 24/40,	 Avg.loss: 0.0006,	 Test Accuracy: 815/1000(82%)
Task: 2,	 Epoch: 25/40,	 Avg.loss: 0.0006,	 Test Accuracy: 818/1000(82%)
Task: 2,	 Epoch: 26/40,	 Avg.loss: 0.0006,	 Test Accuracy: 816/1000(82%)
Task: 2,	 Epoch: 27/40,	 Avg.loss: 0.0006,	 Test Accuracy: 814/1000(81%)
Task: 2,	 Epoch: 28/40,	 Avg.loss: 0.0006,	 Test Accuracy: 814/1000(81%)
Task: 2,	 Epoch: 29/40,	 Avg.loss: 0.0006,	 Test Accuracy: 814/1000(81%)
Task: 2,	 Epoch: 30/40,	 Avg.loss: 0.0006,	 Test Accuracy: 818/1000(82%)
Task: 2,	 Epoch: 31/40,	 Avg.loss: 0.0006,	 Test Accuracy: 815/1000(82%)
Task: 2,	 Epoch: 32/40,	 Avg.loss: 0.0006,	 Test Accuracy: 815/1000(82%)
Task: 2,	 Epoch: 33/40,	 Avg.loss: 0.0006,	 Test Accuracy: 818/1000(82%)
Task: 2,	 Epoch: 34/40,	 Avg.loss: 0.0006,	 Test Accuracy: 821/1000(82%)
Task: 2,	 Epoch: 35/40,	 Avg.loss: 0.0006,	 Test Accuracy: 814/1000(81%)
Task: 2,	 Epoch: 36/40,	 Avg.loss: 0.0006,	 Test Accuracy: 814/1000(81%)
Task: 2,	 Epoch: 37/40,	 Avg.loss: 0.0006,	 Test Accuracy: 814/1000(81%)
Task: 2,	 Epoch: 38/40,	 Avg.loss: 0.0006,	 Test Accuracy: 821/1000(82%)
Task: 2,	 Epoch: 39/40,	 Avg.loss: 0.0006,	 Test Accuracy: 817/1000(82%)
Trained Task:2, Loaded task:0, Accuracy:81.3%
Trained Task:2, Loaded task:1, Accuracy:77.8%
Trained Task:2, Loaded task:2, Accuracy:81.7%
Trained Task:2, Avg. Accuracy: 80.3 

List of avg. accuracy: [84.2, 80.4, 80.3]
Mask histogram
conv1_layer.2.weight: 	 tensor([   0.,    0.,    0.,    0., 8192.,    0.,    0.,    0.,    0.,    0.,
           0.], device='cuda:0')
conv2_layer.2.weight: 	 tensor([ 491., 1462., 1394.,  650.,   99.,    0.,    0.,    0.,    0.,    0.,
           0.], device='cuda:0')
fc1_layer.1.weight: 	 tensor([ 63., 177., 176.,  85.,  11.,   0.,   0.,   0.,   0.,   0.,   0.],
       device='cuda:0')
Head Finetuning    :Task: 3,	 Epoch: 0/40,	 Avg.loss: 0.0024,	 Test Accuracy: 104/1000(10%)
Head Finetuning    :Task: 3,	 Epoch: 1/40,	 Avg.loss: 0.0024,	 Test Accuracy: 126/1000(13%)
Head Finetuning    :Task: 3,	 Epoch: 2/40,	 Avg.loss: 0.0023,	 Test Accuracy: 148/1000(15%)
Head Finetuning    :Task: 3,	 Epoch: 3/40,	 Avg.loss: 0.0023,	 Test Accuracy: 167/1000(17%)
Head Finetuning    :Task: 3,	 Epoch: 4/40,	 Avg.loss: 0.0022,	 Test Accuracy: 182/1000(18%)
Task: 3,	 Epoch: 0/40,	 Avg.loss: 0.0010,	 Test Accuracy: 653/1000(65%)
Task: 3,	 Epoch: 1/40,	 Avg.loss: 0.0009,	 Test Accuracy: 710/1000(71%)
Task: 3,	 Epoch: 2/40,	 Avg.loss: 0.0008,	 Test Accuracy: 703/1000(70%)
Task: 3,	 Epoch: 3/40,	 Avg.loss: 0.0008,	 Test Accuracy: 723/1000(72%)
Task: 3,	 Epoch: 4/40,	 Avg.loss: 0.0008,	 Test Accuracy: 724/1000(72%)
Task: 3,	 Epoch: 5/40,	 Avg.loss: 0.0008,	 Test Accuracy: 734/1000(73%)
Task: 3,	 Epoch: 6/40,	 Avg.loss: 0.0007,	 Test Accuracy: 752/1000(75%)
Task: 3,	 Epoch: 7/40,	 Avg.loss: 0.0008,	 Test Accuracy: 738/1000(74%)
Task: 3,	 Epoch: 8/40,	 Avg.loss: 0.0008,	 Test Accuracy: 744/1000(74%)
Task: 3,	 Epoch: 9/40,	 Avg.loss: 0.0008,	 Test Accuracy: 726/1000(73%)
Task: 3,	 Epoch: 10/40,	 Avg.loss: 0.0007,	 Test Accuracy: 750/1000(75%)
Task: 3,	 Epoch: 11/40,	 Avg.loss: 0.0008,	 Test Accuracy: 738/1000(74%)
Task: 3,	 Epoch: 12/40,	 Avg.loss: 0.0007,	 Test Accuracy: 760/1000(76%)
Task: 3,	 Epoch: 13/40,	 Avg.loss: 0.0007,	 Test Accuracy: 749/1000(75%)
Task: 3,	 Epoch: 14/40,	 Avg.loss: 0.0007,	 Test Accuracy: 762/1000(76%)
Task: 3,	 Epoch: 15/40,	 Avg.loss: 0.0007,	 Test Accuracy: 766/1000(77%)
Task: 3,	 Epoch: 16/40,	 Avg.loss: 0.0007,	 Test Accuracy: 759/1000(76%)
Task: 3,	 Epoch: 17/40,	 Avg.loss: 0.0007,	 Test Accuracy: 762/1000(76%)
Task: 3,	 Epoch: 18/40,	 Avg.loss: 0.0007,	 Test Accuracy: 774/1000(77%)
Task: 3,	 Epoch: 19/40,	 Avg.loss: 0.0007,	 Test Accuracy: 761/1000(76%)
Task: 3,	 Epoch: 20/40,	 Avg.loss: 0.0007,	 Test Accuracy: 773/1000(77%)
Task: 3,	 Epoch: 21/40,	 Avg.loss: 0.0007,	 Test Accuracy: 768/1000(77%)
Task: 3,	 Epoch: 22/40,	 Avg.loss: 0.0007,	 Test Accuracy: 770/1000(77%)
Task: 3,	 Epoch: 23/40,	 Avg.loss: 0.0007,	 Test Accuracy: 777/1000(78%)
Task: 3,	 Epoch: 24/40,	 Avg.loss: 0.0007,	 Test Accuracy: 770/1000(77%)
Task: 3,	 Epoch: 25/40,	 Avg.loss: 0.0007,	 Test Accuracy: 778/1000(78%)
Task: 3,	 Epoch: 26/40,	 Avg.loss: 0.0007,	 Test Accuracy: 777/1000(78%)
Task: 3,	 Epoch: 27/40,	 Avg.loss: 0.0007,	 Test Accuracy: 772/1000(77%)
Task: 3,	 Epoch: 28/40,	 Avg.loss: 0.0007,	 Test Accuracy: 768/1000(77%)
Task: 3,	 Epoch: 29/40,	 Avg.loss: 0.0007,	 Test Accuracy: 775/1000(78%)
Task: 3,	 Epoch: 30/40,	 Avg.loss: 0.0007,	 Test Accuracy: 771/1000(77%)
Task: 3,	 Epoch: 31/40,	 Avg.loss: 0.0007,	 Test Accuracy: 777/1000(78%)
Task: 3,	 Epoch: 32/40,	 Avg.loss: 0.0007,	 Test Accuracy: 774/1000(77%)
Task: 3,	 Epoch: 33/40,	 Avg.loss: 0.0007,	 Test Accuracy: 775/1000(78%)
Task: 3,	 Epoch: 34/40,	 Avg.loss: 0.0007,	 Test Accuracy: 777/1000(78%)
Task: 3,	 Epoch: 35/40,	 Avg.loss: 0.0007,	 Test Accuracy: 776/1000(78%)
Task: 3,	 Epoch: 36/40,	 Avg.loss: 0.0007,	 Test Accuracy: 778/1000(78%)
Task: 3,	 Epoch: 37/40,	 Avg.loss: 0.0007,	 Test Accuracy: 780/1000(78%)
Task: 3,	 Epoch: 38/40,	 Avg.loss: 0.0007,	 Test Accuracy: 776/1000(78%)
Task: 3,	 Epoch: 39/40,	 Avg.loss: 0.0007,	 Test Accuracy: 780/1000(78%)
Trained Task:3, Loaded task:0, Accuracy:81.2%
Trained Task:3, Loaded task:1, Accuracy:77.0%
Trained Task:3, Loaded task:2, Accuracy:81.2%
Trained Task:3, Loaded task:3, Accuracy:78.0%
Trained Task:3, Avg. Accuracy: 79.4 

List of avg. accuracy: [84.2, 80.4, 80.3, 79.4]
Mask histogram
conv1_layer.2.weight: 	 tensor([   0.,    0.,    0.,    0.,    0., 8192.,    0.,    0.,    0.,    0.,
           0.], device='cuda:0')
conv2_layer.2.weight: 	 tensor([ 296., 1069., 1394.,  984.,  320.,   33.,    0.,    0.,    0.,    0.,
           0.], device='cuda:0')
fc1_layer.1.weight: 	 tensor([ 34., 121., 197., 114.,  41.,   5.,   0.,   0.,   0.,   0.,   0.],
       device='cuda:0')
Head Finetuning    :Task: 4,	 Epoch: 0/40,	 Avg.loss: 0.0025,	 Test Accuracy: 126/1000(13%)
Head Finetuning    :Task: 4,	 Epoch: 1/40,	 Avg.loss: 0.0024,	 Test Accuracy: 130/1000(13%)
Head Finetuning    :Task: 4,	 Epoch: 2/40,	 Avg.loss: 0.0024,	 Test Accuracy: 138/1000(14%)
Head Finetuning    :Task: 4,	 Epoch: 3/40,	 Avg.loss: 0.0023,	 Test Accuracy: 153/1000(15%)
Head Finetuning    :Task: 4,	 Epoch: 4/40,	 Avg.loss: 0.0023,	 Test Accuracy: 162/1000(16%)
Task: 4,	 Epoch: 0/40,	 Avg.loss: 0.0008,	 Test Accuracy: 724/1000(72%)
Task: 4,	 Epoch: 1/40,	 Avg.loss: 0.0009,	 Test Accuracy: 708/1000(71%)
Task: 4,	 Epoch: 2/40,	 Avg.loss: 0.0007,	 Test Accuracy: 758/1000(76%)
Task: 4,	 Epoch: 3/40,	 Avg.loss: 0.0007,	 Test Accuracy: 763/1000(76%)
Task: 4,	 Epoch: 4/40,	 Avg.loss: 0.0007,	 Test Accuracy: 760/1000(76%)
Task: 4,	 Epoch: 5/40,	 Avg.loss: 0.0007,	 Test Accuracy: 774/1000(77%)
Task: 4,	 Epoch: 6/40,	 Avg.loss: 0.0007,	 Test Accuracy: 772/1000(77%)
Task: 4,	 Epoch: 7/40,	 Avg.loss: 0.0006,	 Test Accuracy: 791/1000(79%)
Task: 4,	 Epoch: 8/40,	 Avg.loss: 0.0006,	 Test Accuracy: 795/1000(80%)
Task: 4,	 Epoch: 9/40,	 Avg.loss: 0.0007,	 Test Accuracy: 781/1000(78%)
Task: 4,	 Epoch: 10/40,	 Avg.loss: 0.0007,	 Test Accuracy: 785/1000(78%)
Task: 4,	 Epoch: 11/40,	 Avg.loss: 0.0006,	 Test Accuracy: 791/1000(79%)
Task: 4,	 Epoch: 12/40,	 Avg.loss: 0.0006,	 Test Accuracy: 798/1000(80%)
Task: 4,	 Epoch: 13/40,	 Avg.loss: 0.0006,	 Test Accuracy: 796/1000(80%)
Task: 4,	 Epoch: 14/40,	 Avg.loss: 0.0006,	 Test Accuracy: 796/1000(80%)
Task: 4,	 Epoch: 15/40,	 Avg.loss: 0.0006,	 Test Accuracy: 801/1000(80%)
Task: 4,	 Epoch: 16/40,	 Avg.loss: 0.0006,	 Test Accuracy: 798/1000(80%)
Task: 4,	 Epoch: 17/40,	 Avg.loss: 0.0006,	 Test Accuracy: 803/1000(80%)
Task: 4,	 Epoch: 18/40,	 Avg.loss: 0.0007,	 Test Accuracy: 800/1000(80%)
Task: 4,	 Epoch: 19/40,	 Avg.loss: 0.0007,	 Test Accuracy: 798/1000(80%)
Task: 4,	 Epoch: 20/40,	 Avg.loss: 0.0006,	 Test Accuracy: 804/1000(80%)
Task: 4,	 Epoch: 21/40,	 Avg.loss: 0.0006,	 Test Accuracy: 805/1000(81%)
Task: 4,	 Epoch: 22/40,	 Avg.loss: 0.0006,	 Test Accuracy: 810/1000(81%)
Task: 4,	 Epoch: 23/40,	 Avg.loss: 0.0006,	 Test Accuracy: 809/1000(81%)
Task: 4,	 Epoch: 24/40,	 Avg.loss: 0.0006,	 Test Accuracy: 808/1000(81%)
Task: 4,	 Epoch: 25/40,	 Avg.loss: 0.0006,	 Test Accuracy: 812/1000(81%)
Task: 4,	 Epoch: 26/40,	 Avg.loss: 0.0006,	 Test Accuracy: 807/1000(81%)
Task: 4,	 Epoch: 27/40,	 Avg.loss: 0.0006,	 Test Accuracy: 806/1000(81%)
Task: 4,	 Epoch: 28/40,	 Avg.loss: 0.0006,	 Test Accuracy: 803/1000(80%)
Task: 4,	 Epoch: 29/40,	 Avg.loss: 0.0006,	 Test Accuracy: 808/1000(81%)
Task: 4,	 Epoch: 30/40,	 Avg.loss: 0.0006,	 Test Accuracy: 806/1000(81%)
Task: 4,	 Epoch: 31/40,	 Avg.loss: 0.0006,	 Test Accuracy: 810/1000(81%)
Task: 4,	 Epoch: 32/40,	 Avg.loss: 0.0006,	 Test Accuracy: 806/1000(81%)
Task: 4,	 Epoch: 33/40,	 Avg.loss: 0.0006,	 Test Accuracy: 813/1000(81%)
Task: 4,	 Epoch: 34/40,	 Avg.loss: 0.0006,	 Test Accuracy: 814/1000(81%)
Task: 4,	 Epoch: 35/40,	 Avg.loss: 0.0006,	 Test Accuracy: 813/1000(81%)
Task: 4,	 Epoch: 36/40,	 Avg.loss: 0.0006,	 Test Accuracy: 807/1000(81%)
Task: 4,	 Epoch: 37/40,	 Avg.loss: 0.0006,	 Test Accuracy: 808/1000(81%)
Task: 4,	 Epoch: 38/40,	 Avg.loss: 0.0006,	 Test Accuracy: 810/1000(81%)
Task: 4,	 Epoch: 39/40,	 Avg.loss: 0.0006,	 Test Accuracy: 807/1000(81%)
Trained Task:4, Loaded task:0, Accuracy:80.4%
Trained Task:4, Loaded task:1, Accuracy:77.3%
Trained Task:4, Loaded task:2, Accuracy:81.6%
Trained Task:4, Loaded task:3, Accuracy:78.1%
Trained Task:4, Loaded task:4, Accuracy:80.7%
Trained Task:4, Avg. Accuracy: 79.6 

List of avg. accuracy: [84.2, 80.4, 80.3, 79.4, 79.6]
Mask histogram
conv1_layer.2.weight: 	 tensor([   0.,    0.,    0.,    0.,    0.,    0., 8192.,    0.,    0.,    0.,
           0.], device='cuda:0')
conv2_layer.2.weight: 	 tensor([ 193.,  768., 1248., 1143.,  566.,  163.,   15.,    0.,    0.,    0.,
           0.], device='cuda:0')
fc1_layer.1.weight: 	 tensor([ 21.,  85., 171., 145.,  72.,  17.,   1.,   0.,   0.,   0.,   0.],
       device='cuda:0')
Head Finetuning    :Task: 5,	 Epoch: 0/40,	 Avg.loss: 0.0026,	 Test Accuracy: 90/1000(9%)
Head Finetuning    :Task: 5,	 Epoch: 1/40,	 Avg.loss: 0.0025,	 Test Accuracy: 102/1000(10%)
Head Finetuning    :Task: 5,	 Epoch: 2/40,	 Avg.loss: 0.0024,	 Test Accuracy: 116/1000(12%)
Head Finetuning    :Task: 5,	 Epoch: 3/40,	 Avg.loss: 0.0024,	 Test Accuracy: 128/1000(13%)
Head Finetuning    :Task: 5,	 Epoch: 4/40,	 Avg.loss: 0.0023,	 Test Accuracy: 136/1000(14%)
Task: 5,	 Epoch: 0/40,	 Avg.loss: 0.0009,	 Test Accuracy: 694/1000(69%)
Task: 5,	 Epoch: 1/40,	 Avg.loss: 0.0008,	 Test Accuracy: 709/1000(71%)
Task: 5,	 Epoch: 2/40,	 Avg.loss: 0.0008,	 Test Accuracy: 714/1000(71%)
Task: 5,	 Epoch: 3/40,	 Avg.loss: 0.0008,	 Test Accuracy: 720/1000(72%)
Task: 5,	 Epoch: 4/40,	 Avg.loss: 0.0008,	 Test Accuracy: 742/1000(74%)
Task: 5,	 Epoch: 5/40,	 Avg.loss: 0.0007,	 Test Accuracy: 737/1000(74%)
Task: 5,	 Epoch: 6/40,	 Avg.loss: 0.0007,	 Test Accuracy: 752/1000(75%)
Task: 5,	 Epoch: 7/40,	 Avg.loss: 0.0007,	 Test Accuracy: 763/1000(76%)
Task: 5,	 Epoch: 8/40,	 Avg.loss: 0.0007,	 Test Accuracy: 759/1000(76%)
Task: 5,	 Epoch: 9/40,	 Avg.loss: 0.0007,	 Test Accuracy: 766/1000(77%)
Task: 5,	 Epoch: 10/40,	 Avg.loss: 0.0008,	 Test Accuracy: 743/1000(74%)
Task: 5,	 Epoch: 11/40,	 Avg.loss: 0.0007,	 Test Accuracy: 772/1000(77%)
Task: 5,	 Epoch: 12/40,	 Avg.loss: 0.0007,	 Test Accuracy: 773/1000(77%)
Task: 5,	 Epoch: 13/40,	 Avg.loss: 0.0007,	 Test Accuracy: 771/1000(77%)
Task: 5,	 Epoch: 14/40,	 Avg.loss: 0.0007,	 Test Accuracy: 755/1000(76%)
Task: 5,	 Epoch: 15/40,	 Avg.loss: 0.0006,	 Test Accuracy: 772/1000(77%)
Task: 5,	 Epoch: 16/40,	 Avg.loss: 0.0006,	 Test Accuracy: 780/1000(78%)
Task: 5,	 Epoch: 17/40,	 Avg.loss: 0.0007,	 Test Accuracy: 768/1000(77%)
Task: 5,	 Epoch: 18/40,	 Avg.loss: 0.0007,	 Test Accuracy: 760/1000(76%)
Task: 5,	 Epoch: 19/40,	 Avg.loss: 0.0006,	 Test Accuracy: 772/1000(77%)
Task: 5,	 Epoch: 20/40,	 Avg.loss: 0.0006,	 Test Accuracy: 789/1000(79%)
Task: 5,	 Epoch: 21/40,	 Avg.loss: 0.0006,	 Test Accuracy: 790/1000(79%)
Task: 5,	 Epoch: 22/40,	 Avg.loss: 0.0006,	 Test Accuracy: 783/1000(78%)
Task: 5,	 Epoch: 23/40,	 Avg.loss: 0.0006,	 Test Accuracy: 787/1000(79%)
Task: 5,	 Epoch: 24/40,	 Avg.loss: 0.0006,	 Test Accuracy: 785/1000(78%)
Task: 5,	 Epoch: 25/40,	 Avg.loss: 0.0006,	 Test Accuracy: 788/1000(79%)
Task: 5,	 Epoch: 26/40,	 Avg.loss: 0.0006,	 Test Accuracy: 791/1000(79%)
Task: 5,	 Epoch: 27/40,	 Avg.loss: 0.0006,	 Test Accuracy: 784/1000(78%)
Task: 5,	 Epoch: 28/40,	 Avg.loss: 0.0006,	 Test Accuracy: 785/1000(78%)
Task: 5,	 Epoch: 29/40,	 Avg.loss: 0.0006,	 Test Accuracy: 785/1000(78%)
Task: 5,	 Epoch: 30/40,	 Avg.loss: 0.0006,	 Test Accuracy: 786/1000(79%)
Task: 5,	 Epoch: 31/40,	 Avg.loss: 0.0006,	 Test Accuracy: 785/1000(78%)
Task: 5,	 Epoch: 32/40,	 Avg.loss: 0.0006,	 Test Accuracy: 786/1000(79%)
Task: 5,	 Epoch: 33/40,	 Avg.loss: 0.0006,	 Test Accuracy: 783/1000(78%)
Task: 5,	 Epoch: 34/40,	 Avg.loss: 0.0006,	 Test Accuracy: 786/1000(79%)
Task: 5,	 Epoch: 35/40,	 Avg.loss: 0.0006,	 Test Accuracy: 792/1000(79%)
Task: 5,	 Epoch: 36/40,	 Avg.loss: 0.0006,	 Test Accuracy: 785/1000(78%)
Task: 5,	 Epoch: 37/40,	 Avg.loss: 0.0006,	 Test Accuracy: 781/1000(78%)
Task: 5,	 Epoch: 38/40,	 Avg.loss: 0.0006,	 Test Accuracy: 783/1000(78%)
Task: 5,	 Epoch: 39/40,	 Avg.loss: 0.0006,	 Test Accuracy: 790/1000(79%)
Trained Task:5, Loaded task:0, Accuracy:81.0%
Trained Task:5, Loaded task:1, Accuracy:77.3%
Trained Task:5, Loaded task:2, Accuracy:81.6%
Trained Task:5, Loaded task:3, Accuracy:77.6%
Trained Task:5, Loaded task:4, Accuracy:81.3%
Trained Task:5, Loaded task:5, Accuracy:79.0%
Trained Task:5, Avg. Accuracy: 79.6 

List of avg. accuracy: [84.2, 80.4, 80.3, 79.4, 79.6, 79.6]
Mask histogram
conv1_layer.2.weight: 	 tensor([   0.,    0.,    0.,    0.,    0.,    0.,    0., 8192.,    0.,    0.,
           0.], device='cuda:0')
conv2_layer.2.weight: 	 tensor([ 113.,  535., 1086., 1172.,  807.,  292.,   84.,    7.,    0.,    0.,
           0.], device='cuda:0')
fc1_layer.1.weight: 	 tensor([ 12.,  63., 149., 141.,  97.,  39.,  10.,   1.,   0.,   0.,   0.],
       device='cuda:0')
Head Finetuning    :Task: 6,	 Epoch: 0/40,	 Avg.loss: 0.0025,	 Test Accuracy: 137/1000(14%)
Head Finetuning    :Task: 6,	 Epoch: 1/40,	 Avg.loss: 0.0024,	 Test Accuracy: 157/1000(16%)
Head Finetuning    :Task: 6,	 Epoch: 2/40,	 Avg.loss: 0.0023,	 Test Accuracy: 165/1000(16%)
Head Finetuning    :Task: 6,	 Epoch: 3/40,	 Avg.loss: 0.0023,	 Test Accuracy: 186/1000(19%)
Head Finetuning    :Task: 6,	 Epoch: 4/40,	 Avg.loss: 0.0022,	 Test Accuracy: 204/1000(20%)
Task: 6,	 Epoch: 0/40,	 Avg.loss: 0.0009,	 Test Accuracy: 668/1000(67%)
Task: 6,	 Epoch: 1/40,	 Avg.loss: 0.0008,	 Test Accuracy: 707/1000(71%)
Task: 6,	 Epoch: 2/40,	 Avg.loss: 0.0008,	 Test Accuracy: 707/1000(71%)
Task: 6,	 Epoch: 3/40,	 Avg.loss: 0.0008,	 Test Accuracy: 730/1000(73%)
Task: 6,	 Epoch: 4/40,	 Avg.loss: 0.0007,	 Test Accuracy: 742/1000(74%)
Task: 6,	 Epoch: 5/40,	 Avg.loss: 0.0007,	 Test Accuracy: 720/1000(72%)
Task: 6,	 Epoch: 6/40,	 Avg.loss: 0.0007,	 Test Accuracy: 731/1000(73%)
Task: 6,	 Epoch: 7/40,	 Avg.loss: 0.0007,	 Test Accuracy: 734/1000(73%)
Task: 6,	 Epoch: 8/40,	 Avg.loss: 0.0007,	 Test Accuracy: 756/1000(76%)
Task: 6,	 Epoch: 9/40,	 Avg.loss: 0.0007,	 Test Accuracy: 749/1000(75%)
Task: 6,	 Epoch: 10/40,	 Avg.loss: 0.0007,	 Test Accuracy: 746/1000(75%)
Task: 6,	 Epoch: 11/40,	 Avg.loss: 0.0007,	 Test Accuracy: 748/1000(75%)
Task: 6,	 Epoch: 12/40,	 Avg.loss: 0.0007,	 Test Accuracy: 737/1000(74%)
Task: 6,	 Epoch: 13/40,	 Avg.loss: 0.0007,	 Test Accuracy: 747/1000(75%)
Task: 6,	 Epoch: 14/40,	 Avg.loss: 0.0007,	 Test Accuracy: 753/1000(75%)
Task: 6,	 Epoch: 15/40,	 Avg.loss: 0.0007,	 Test Accuracy: 751/1000(75%)
Task: 6,	 Epoch: 16/40,	 Avg.loss: 0.0007,	 Test Accuracy: 758/1000(76%)
Task: 6,	 Epoch: 17/40,	 Avg.loss: 0.0007,	 Test Accuracy: 749/1000(75%)
Task: 6,	 Epoch: 18/40,	 Avg.loss: 0.0007,	 Test Accuracy: 742/1000(74%)
Task: 6,	 Epoch: 19/40,	 Avg.loss: 0.0007,	 Test Accuracy: 766/1000(77%)
Task: 6,	 Epoch: 20/40,	 Avg.loss: 0.0007,	 Test Accuracy: 771/1000(77%)
Task: 6,	 Epoch: 21/40,	 Avg.loss: 0.0007,	 Test Accuracy: 770/1000(77%)
Task: 6,	 Epoch: 22/40,	 Avg.loss: 0.0007,	 Test Accuracy: 764/1000(76%)
Task: 6,	 Epoch: 23/40,	 Avg.loss: 0.0006,	 Test Accuracy: 766/1000(77%)
Task: 6,	 Epoch: 24/40,	 Avg.loss: 0.0006,	 Test Accuracy: 768/1000(77%)
Task: 6,	 Epoch: 25/40,	 Avg.loss: 0.0007,	 Test Accuracy: 769/1000(77%)
Task: 6,	 Epoch: 26/40,	 Avg.loss: 0.0006,	 Test Accuracy: 768/1000(77%)
Task: 6,	 Epoch: 27/40,	 Avg.loss: 0.0006,	 Test Accuracy: 769/1000(77%)
Task: 6,	 Epoch: 28/40,	 Avg.loss: 0.0006,	 Test Accuracy: 769/1000(77%)
Task: 6,	 Epoch: 29/40,	 Avg.loss: 0.0006,	 Test Accuracy: 773/1000(77%)
Task: 6,	 Epoch: 30/40,	 Avg.loss: 0.0006,	 Test Accuracy: 769/1000(77%)
Task: 6,	 Epoch: 31/40,	 Avg.loss: 0.0006,	 Test Accuracy: 767/1000(77%)
Task: 6,	 Epoch: 32/40,	 Avg.loss: 0.0006,	 Test Accuracy: 773/1000(77%)
Task: 6,	 Epoch: 33/40,	 Avg.loss: 0.0006,	 Test Accuracy: 772/1000(77%)
Task: 6,	 Epoch: 34/40,	 Avg.loss: 0.0006,	 Test Accuracy: 774/1000(77%)
Task: 6,	 Epoch: 35/40,	 Avg.loss: 0.0006,	 Test Accuracy: 779/1000(78%)
Task: 6,	 Epoch: 36/40,	 Avg.loss: 0.0006,	 Test Accuracy: 768/1000(77%)
Task: 6,	 Epoch: 37/40,	 Avg.loss: 0.0006,	 Test Accuracy: 770/1000(77%)
Task: 6,	 Epoch: 38/40,	 Avg.loss: 0.0006,	 Test Accuracy: 775/1000(78%)
Task: 6,	 Epoch: 39/40,	 Avg.loss: 0.0006,	 Test Accuracy: 775/1000(78%)
Trained Task:6, Loaded task:0, Accuracy:80.1%
Trained Task:6, Loaded task:1, Accuracy:77.0%
Trained Task:6, Loaded task:2, Accuracy:81.4%
Trained Task:6, Loaded task:3, Accuracy:77.3%
Trained Task:6, Loaded task:4, Accuracy:81.2%
Trained Task:6, Loaded task:5, Accuracy:78.4%
Trained Task:6, Loaded task:6, Accuracy:77.5%
Trained Task:6, Avg. Accuracy: 79.0 

List of avg. accuracy: [84.2, 80.4, 80.3, 79.4, 79.6, 79.6, 79.0]
Mask histogram
conv1_layer.2.weight: 	 tensor([   0.,    0.,    0.,    0.,    0.,    0.,    0.,    0., 8192.,    0.,
           0.], device='cuda:0')
conv2_layer.2.weight: 	 tensor([  63.,  368.,  874., 1107.,  988.,  505.,  153.,   36.,    2.,    0.,
           0.], device='cuda:0')
fc1_layer.1.weight: 	 tensor([ 10.,  36., 116., 137., 130.,  58.,  21.,   4.,   0.,   0.,   0.],
       device='cuda:0')
Head Finetuning    :Task: 7,	 Epoch: 0/40,	 Avg.loss: 0.0026,	 Test Accuracy: 147/1000(15%)
Head Finetuning    :Task: 7,	 Epoch: 1/40,	 Avg.loss: 0.0024,	 Test Accuracy: 176/1000(18%)
Head Finetuning    :Task: 7,	 Epoch: 2/40,	 Avg.loss: 0.0024,	 Test Accuracy: 197/1000(20%)
Head Finetuning    :Task: 7,	 Epoch: 3/40,	 Avg.loss: 0.0023,	 Test Accuracy: 217/1000(22%)
Head Finetuning    :Task: 7,	 Epoch: 4/40,	 Avg.loss: 0.0022,	 Test Accuracy: 227/1000(23%)
Task: 7,	 Epoch: 0/40,	 Avg.loss: 0.0010,	 Test Accuracy: 658/1000(66%)
Task: 7,	 Epoch: 1/40,	 Avg.loss: 0.0009,	 Test Accuracy: 710/1000(71%)
Task: 7,	 Epoch: 2/40,	 Avg.loss: 0.0008,	 Test Accuracy: 709/1000(71%)
Task: 7,	 Epoch: 3/40,	 Avg.loss: 0.0009,	 Test Accuracy: 711/1000(71%)
Task: 7,	 Epoch: 4/40,	 Avg.loss: 0.0008,	 Test Accuracy: 706/1000(71%)
Task: 7,	 Epoch: 5/40,	 Avg.loss: 0.0008,	 Test Accuracy: 701/1000(70%)
Task: 7,	 Epoch: 6/40,	 Avg.loss: 0.0007,	 Test Accuracy: 747/1000(75%)
Task: 7,	 Epoch: 7/40,	 Avg.loss: 0.0008,	 Test Accuracy: 717/1000(72%)
Task: 7,	 Epoch: 8/40,	 Avg.loss: 0.0007,	 Test Accuracy: 753/1000(75%)
Task: 7,	 Epoch: 9/40,	 Avg.loss: 0.0007,	 Test Accuracy: 749/1000(75%)
Task: 7,	 Epoch: 10/40,	 Avg.loss: 0.0007,	 Test Accuracy: 740/1000(74%)
Task: 7,	 Epoch: 11/40,	 Avg.loss: 0.0007,	 Test Accuracy: 744/1000(74%)
Task: 7,	 Epoch: 12/40,	 Avg.loss: 0.0007,	 Test Accuracy: 741/1000(74%)
Task: 7,	 Epoch: 13/40,	 Avg.loss: 0.0007,	 Test Accuracy: 740/1000(74%)
Task: 7,	 Epoch: 14/40,	 Avg.loss: 0.0007,	 Test Accuracy: 736/1000(74%)
Task: 7,	 Epoch: 15/40,	 Avg.loss: 0.0007,	 Test Accuracy: 750/1000(75%)
Task: 7,	 Epoch: 16/40,	 Avg.loss: 0.0007,	 Test Accuracy: 746/1000(75%)
Task: 7,	 Epoch: 17/40,	 Avg.loss: 0.0007,	 Test Accuracy: 736/1000(74%)
Task: 7,	 Epoch: 18/40,	 Avg.loss: 0.0007,	 Test Accuracy: 749/1000(75%)
Task: 7,	 Epoch: 19/40,	 Avg.loss: 0.0007,	 Test Accuracy: 742/1000(74%)
Task: 7,	 Epoch: 20/40,	 Avg.loss: 0.0007,	 Test Accuracy: 763/1000(76%)
Task: 7,	 Epoch: 21/40,	 Avg.loss: 0.0007,	 Test Accuracy: 758/1000(76%)
Task: 7,	 Epoch: 22/40,	 Avg.loss: 0.0007,	 Test Accuracy: 766/1000(77%)
Task: 7,	 Epoch: 23/40,	 Avg.loss: 0.0007,	 Test Accuracy: 762/1000(76%)
Task: 7,	 Epoch: 24/40,	 Avg.loss: 0.0007,	 Test Accuracy: 760/1000(76%)
Task: 7,	 Epoch: 25/40,	 Avg.loss: 0.0007,	 Test Accuracy: 756/1000(76%)
Task: 7,	 Epoch: 26/40,	 Avg.loss: 0.0007,	 Test Accuracy: 756/1000(76%)
Task: 7,	 Epoch: 27/40,	 Avg.loss: 0.0007,	 Test Accuracy: 761/1000(76%)
Task: 7,	 Epoch: 28/40,	 Avg.loss: 0.0007,	 Test Accuracy: 760/1000(76%)
Task: 7,	 Epoch: 29/40,	 Avg.loss: 0.0007,	 Test Accuracy: 756/1000(76%)
Task: 7,	 Epoch: 30/40,	 Avg.loss: 0.0007,	 Test Accuracy: 754/1000(75%)
Task: 7,	 Epoch: 31/40,	 Avg.loss: 0.0007,	 Test Accuracy: 765/1000(76%)
Task: 7,	 Epoch: 32/40,	 Avg.loss: 0.0007,	 Test Accuracy: 761/1000(76%)
Task: 7,	 Epoch: 33/40,	 Avg.loss: 0.0007,	 Test Accuracy: 767/1000(77%)
Task: 7,	 Epoch: 34/40,	 Avg.loss: 0.0007,	 Test Accuracy: 760/1000(76%)
Task: 7,	 Epoch: 35/40,	 Avg.loss: 0.0007,	 Test Accuracy: 761/1000(76%)
Task: 7,	 Epoch: 36/40,	 Avg.loss: 0.0007,	 Test Accuracy: 759/1000(76%)
Task: 7,	 Epoch: 37/40,	 Avg.loss: 0.0007,	 Test Accuracy: 764/1000(76%)
Task: 7,	 Epoch: 38/40,	 Avg.loss: 0.0007,	 Test Accuracy: 763/1000(76%)
Task: 7,	 Epoch: 39/40,	 Avg.loss: 0.0007,	 Test Accuracy: 758/1000(76%)
Trained Task:7, Loaded task:0, Accuracy:80.2%
Trained Task:7, Loaded task:1, Accuracy:77.1%
Trained Task:7, Loaded task:2, Accuracy:81.8%
Trained Task:7, Loaded task:3, Accuracy:77.2%
Trained Task:7, Loaded task:4, Accuracy:81.0%
Trained Task:7, Loaded task:5, Accuracy:78.1%
Trained Task:7, Loaded task:6, Accuracy:77.3%
Trained Task:7, Loaded task:7, Accuracy:75.8%
Trained Task:7, Avg. Accuracy: 78.6 

List of avg. accuracy: [84.2, 80.4, 80.3, 79.4, 79.6, 79.6, 79.0, 78.6]
Mask histogram
conv1_layer.2.weight: 	 tensor([   0.,    0.,    0.,    0.,    0.,    0.,    0.,    0.,    0., 8192.,
           0.], device='cuda:0')
conv2_layer.2.weight: 	 tensor([3.5000e+01, 2.4900e+02, 6.8300e+02, 1.0060e+03, 1.0260e+03, 6.7700e+02,
        3.2400e+02, 8.0000e+01, 1.5000e+01, 1.0000e+00, 0.0000e+00],
       device='cuda:0')
fc1_layer.1.weight: 	 tensor([  5.,  24.,  88., 131., 130.,  80.,  47.,   7.,   0.,   0.,   0.],
       device='cuda:0')
Head Finetuning    :Task: 8,	 Epoch: 0/40,	 Avg.loss: 0.0025,	 Test Accuracy: 140/1000(14%)
Head Finetuning    :Task: 8,	 Epoch: 1/40,	 Avg.loss: 0.0024,	 Test Accuracy: 151/1000(15%)
Head Finetuning    :Task: 8,	 Epoch: 2/40,	 Avg.loss: 0.0024,	 Test Accuracy: 161/1000(16%)
Head Finetuning    :Task: 8,	 Epoch: 3/40,	 Avg.loss: 0.0023,	 Test Accuracy: 172/1000(17%)
Head Finetuning    :Task: 8,	 Epoch: 4/40,	 Avg.loss: 0.0023,	 Test Accuracy: 182/1000(18%)
Task: 8,	 Epoch: 0/40,	 Avg.loss: 0.0008,	 Test Accuracy: 708/1000(71%)
Task: 8,	 Epoch: 1/40,	 Avg.loss: 0.0008,	 Test Accuracy: 724/1000(72%)
Task: 8,	 Epoch: 2/40,	 Avg.loss: 0.0008,	 Test Accuracy: 748/1000(75%)
Task: 8,	 Epoch: 3/40,	 Avg.loss: 0.0007,	 Test Accuracy: 750/1000(75%)
Task: 8,	 Epoch: 4/40,	 Avg.loss: 0.0007,	 Test Accuracy: 765/1000(76%)
Task: 8,	 Epoch: 5/40,	 Avg.loss: 0.0007,	 Test Accuracy: 748/1000(75%)
Task: 8,	 Epoch: 6/40,	 Avg.loss: 0.0007,	 Test Accuracy: 764/1000(76%)
Task: 8,	 Epoch: 7/40,	 Avg.loss: 0.0007,	 Test Accuracy: 768/1000(77%)
Task: 8,	 Epoch: 8/40,	 Avg.loss: 0.0007,	 Test Accuracy: 767/1000(77%)
Task: 8,	 Epoch: 9/40,	 Avg.loss: 0.0007,	 Test Accuracy: 771/1000(77%)
Task: 8,	 Epoch: 10/40,	 Avg.loss: 0.0007,	 Test Accuracy: 768/1000(77%)
Task: 8,	 Epoch: 11/40,	 Avg.loss: 0.0007,	 Test Accuracy: 766/1000(77%)
Task: 8,	 Epoch: 12/40,	 Avg.loss: 0.0006,	 Test Accuracy: 783/1000(78%)
Task: 8,	 Epoch: 13/40,	 Avg.loss: 0.0007,	 Test Accuracy: 775/1000(78%)
Task: 8,	 Epoch: 14/40,	 Avg.loss: 0.0006,	 Test Accuracy: 777/1000(78%)
Task: 8,	 Epoch: 15/40,	 Avg.loss: 0.0007,	 Test Accuracy: 761/1000(76%)
Task: 8,	 Epoch: 16/40,	 Avg.loss: 0.0007,	 Test Accuracy: 785/1000(78%)
Task: 8,	 Epoch: 17/40,	 Avg.loss: 0.0006,	 Test Accuracy: 784/1000(78%)
Task: 8,	 Epoch: 18/40,	 Avg.loss: 0.0007,	 Test Accuracy: 784/1000(78%)
Task: 8,	 Epoch: 19/40,	 Avg.loss: 0.0007,	 Test Accuracy: 763/1000(76%)
Task: 8,	 Epoch: 20/40,	 Avg.loss: 0.0006,	 Test Accuracy: 792/1000(79%)
Task: 8,	 Epoch: 21/40,	 Avg.loss: 0.0006,	 Test Accuracy: 790/1000(79%)
Task: 8,	 Epoch: 22/40,	 Avg.loss: 0.0006,	 Test Accuracy: 788/1000(79%)
Task: 8,	 Epoch: 23/40,	 Avg.loss: 0.0006,	 Test Accuracy: 790/1000(79%)
Task: 8,	 Epoch: 24/40,	 Avg.loss: 0.0006,	 Test Accuracy: 789/1000(79%)
Task: 8,	 Epoch: 25/40,	 Avg.loss: 0.0006,	 Test Accuracy: 789/1000(79%)
Task: 8,	 Epoch: 26/40,	 Avg.loss: 0.0006,	 Test Accuracy: 786/1000(79%)
Task: 8,	 Epoch: 27/40,	 Avg.loss: 0.0006,	 Test Accuracy: 787/1000(79%)
Task: 8,	 Epoch: 28/40,	 Avg.loss: 0.0006,	 Test Accuracy: 786/1000(79%)
Task: 8,	 Epoch: 29/40,	 Avg.loss: 0.0006,	 Test Accuracy: 792/1000(79%)
Task: 8,	 Epoch: 30/40,	 Avg.loss: 0.0006,	 Test Accuracy: 786/1000(79%)
Task: 8,	 Epoch: 31/40,	 Avg.loss: 0.0006,	 Test Accuracy: 787/1000(79%)
Task: 8,	 Epoch: 32/40,	 Avg.loss: 0.0006,	 Test Accuracy: 788/1000(79%)
Task: 8,	 Epoch: 33/40,	 Avg.loss: 0.0006,	 Test Accuracy: 789/1000(79%)
Task: 8,	 Epoch: 34/40,	 Avg.loss: 0.0006,	 Test Accuracy: 788/1000(79%)
Task: 8,	 Epoch: 35/40,	 Avg.loss: 0.0006,	 Test Accuracy: 789/1000(79%)
Task: 8,	 Epoch: 36/40,	 Avg.loss: 0.0006,	 Test Accuracy: 794/1000(79%)
Task: 8,	 Epoch: 37/40,	 Avg.loss: 0.0006,	 Test Accuracy: 785/1000(78%)
Task: 8,	 Epoch: 38/40,	 Avg.loss: 0.0006,	 Test Accuracy: 792/1000(79%)
Task: 8,	 Epoch: 39/40,	 Avg.loss: 0.0006,	 Test Accuracy: 785/1000(78%)
Trained Task:8, Loaded task:0, Accuracy:80.0%
Trained Task:8, Loaded task:1, Accuracy:77.5%
Trained Task:8, Loaded task:2, Accuracy:82.3%
Trained Task:8, Loaded task:3, Accuracy:76.5%
Trained Task:8, Loaded task:4, Accuracy:81.3%
Trained Task:8, Loaded task:5, Accuracy:78.3%
Trained Task:8, Loaded task:6, Accuracy:77.2%
Trained Task:8, Loaded task:7, Accuracy:75.6%
Trained Task:8, Loaded task:8, Accuracy:78.5%
Trained Task:8, Avg. Accuracy: 78.6 

List of avg. accuracy: [84.2, 80.4, 80.3, 79.4, 79.6, 79.6, 79.0, 78.6, 78.6]
Mask histogram
conv1_layer.2.weight: 	 tensor([   0.,    0.,    0.,    0.,    0.,    0.,    0.,    0.,    0.,    0.,
        8192.], device='cuda:0')
conv2_layer.2.weight: 	 tensor([  16.,  162.,  522.,  853., 1045.,  811.,  452.,  185.,   43.,    7.,
           0.], device='cuda:0')
fc1_layer.1.weight: 	 tensor([  3.,  17.,  54., 129., 121., 100.,  62.,  24.,   2.,   0.,   0.],
       device='cuda:0')
Head Finetuning    :Task: 9,	 Epoch: 0/40,	 Avg.loss: 0.0026,	 Test Accuracy: 129/1000(13%)
Head Finetuning    :Task: 9,	 Epoch: 1/40,	 Avg.loss: 0.0025,	 Test Accuracy: 154/1000(15%)
Head Finetuning    :Task: 9,	 Epoch: 2/40,	 Avg.loss: 0.0024,	 Test Accuracy: 186/1000(19%)
Head Finetuning    :Task: 9,	 Epoch: 3/40,	 Avg.loss: 0.0023,	 Test Accuracy: 201/1000(20%)
Head Finetuning    :Task: 9,	 Epoch: 4/40,	 Avg.loss: 0.0022,	 Test Accuracy: 224/1000(22%)
Task: 9,	 Epoch: 0/40,	 Avg.loss: 0.0008,	 Test Accuracy: 734/1000(73%)
Task: 9,	 Epoch: 1/40,	 Avg.loss: 0.0008,	 Test Accuracy: 730/1000(73%)
Task: 9,	 Epoch: 2/40,	 Avg.loss: 0.0007,	 Test Accuracy: 750/1000(75%)
Task: 9,	 Epoch: 3/40,	 Avg.loss: 0.0006,	 Test Accuracy: 782/1000(78%)
Task: 9,	 Epoch: 4/40,	 Avg.loss: 0.0007,	 Test Accuracy: 755/1000(76%)
Task: 9,	 Epoch: 5/40,	 Avg.loss: 0.0007,	 Test Accuracy: 762/1000(76%)
Task: 9,	 Epoch: 6/40,	 Avg.loss: 0.0006,	 Test Accuracy: 788/1000(79%)
Task: 9,	 Epoch: 7/40,	 Avg.loss: 0.0006,	 Test Accuracy: 783/1000(78%)
Task: 9,	 Epoch: 8/40,	 Avg.loss: 0.0006,	 Test Accuracy: 789/1000(79%)
Task: 9,	 Epoch: 9/40,	 Avg.loss: 0.0006,	 Test Accuracy: 799/1000(80%)
Task: 9,	 Epoch: 10/40,	 Avg.loss: 0.0006,	 Test Accuracy: 791/1000(79%)
Task: 9,	 Epoch: 11/40,	 Avg.loss: 0.0006,	 Test Accuracy: 796/1000(80%)
Task: 9,	 Epoch: 12/40,	 Avg.loss: 0.0006,	 Test Accuracy: 795/1000(80%)
Task: 9,	 Epoch: 13/40,	 Avg.loss: 0.0006,	 Test Accuracy: 803/1000(80%)
Task: 9,	 Epoch: 14/40,	 Avg.loss: 0.0006,	 Test Accuracy: 798/1000(80%)
Task: 9,	 Epoch: 15/40,	 Avg.loss: 0.0006,	 Test Accuracy: 794/1000(79%)
Task: 9,	 Epoch: 16/40,	 Avg.loss: 0.0006,	 Test Accuracy: 800/1000(80%)
Task: 9,	 Epoch: 17/40,	 Avg.loss: 0.0006,	 Test Accuracy: 804/1000(80%)
Task: 9,	 Epoch: 18/40,	 Avg.loss: 0.0006,	 Test Accuracy: 809/1000(81%)
Task: 9,	 Epoch: 19/40,	 Avg.loss: 0.0006,	 Test Accuracy: 812/1000(81%)
Task: 9,	 Epoch: 20/40,	 Avg.loss: 0.0006,	 Test Accuracy: 815/1000(82%)
Task: 9,	 Epoch: 21/40,	 Avg.loss: 0.0006,	 Test Accuracy: 815/1000(82%)
Task: 9,	 Epoch: 22/40,	 Avg.loss: 0.0006,	 Test Accuracy: 819/1000(82%)
Task: 9,	 Epoch: 23/40,	 Avg.loss: 0.0006,	 Test Accuracy: 817/1000(82%)
Task: 9,	 Epoch: 24/40,	 Avg.loss: 0.0006,	 Test Accuracy: 816/1000(82%)
Task: 9,	 Epoch: 25/40,	 Avg.loss: 0.0005,	 Test Accuracy: 818/1000(82%)
Task: 9,	 Epoch: 26/40,	 Avg.loss: 0.0006,	 Test Accuracy: 815/1000(82%)
Task: 9,	 Epoch: 27/40,	 Avg.loss: 0.0006,	 Test Accuracy: 815/1000(82%)
Task: 9,	 Epoch: 28/40,	 Avg.loss: 0.0006,	 Test Accuracy: 817/1000(82%)
Task: 9,	 Epoch: 29/40,	 Avg.loss: 0.0006,	 Test Accuracy: 816/1000(82%)
Task: 9,	 Epoch: 30/40,	 Avg.loss: 0.0006,	 Test Accuracy: 811/1000(81%)
Task: 9,	 Epoch: 31/40,	 Avg.loss: 0.0006,	 Test Accuracy: 818/1000(82%)
Task: 9,	 Epoch: 32/40,	 Avg.loss: 0.0005,	 Test Accuracy: 815/1000(82%)
Task: 9,	 Epoch: 33/40,	 Avg.loss: 0.0005,	 Test Accuracy: 817/1000(82%)
Task: 9,	 Epoch: 34/40,	 Avg.loss: 0.0006,	 Test Accuracy: 814/1000(81%)
Task: 9,	 Epoch: 35/40,	 Avg.loss: 0.0006,	 Test Accuracy: 813/1000(81%)
Task: 9,	 Epoch: 36/40,	 Avg.loss: 0.0006,	 Test Accuracy: 813/1000(81%)
Task: 9,	 Epoch: 37/40,	 Avg.loss: 0.0005,	 Test Accuracy: 815/1000(82%)
Task: 9,	 Epoch: 38/40,	 Avg.loss: 0.0006,	 Test Accuracy: 814/1000(81%)
Task: 9,	 Epoch: 39/40,	 Avg.loss: 0.0005,	 Test Accuracy: 818/1000(82%)
Trained Task:9, Loaded task:0, Accuracy:80.3%
Trained Task:9, Loaded task:1, Accuracy:77.4%
Trained Task:9, Loaded task:2, Accuracy:81.8%
Trained Task:9, Loaded task:3, Accuracy:76.6%
Trained Task:9, Loaded task:4, Accuracy:80.9%
Trained Task:9, Loaded task:5, Accuracy:78.9%
Trained Task:9, Loaded task:6, Accuracy:76.9%
Trained Task:9, Loaded task:7, Accuracy:75.4%
Trained Task:9, Loaded task:8, Accuracy:78.9%
Trained Task:9, Loaded task:9, Accuracy:81.8%
Trained Task:9, Avg. Accuracy: 78.9 

List of avg. accuracy: [84.2, 80.4, 80.3, 79.4, 79.6, 79.6, 79.0, 78.6, 78.6, 78.9]
PATH:     /home/sanghyun/Documents/CL/ISG/results/03-24-2021-00:00/
