Layer        : conv1_layer.2.weight
R.histogram  : tensor([6., 8., 1., 5., 4., 5., 1., 0., 1., 1.], device='cuda:0')
R_sum max/min: -148.9/-172.8
F.num_zeros  : 288/9216
W.num_zeros  : 0/9216
O.num_zeros  : 0/9216
Layer        : conv2_layer.2.weight
R.histogram  : tensor([22., 11., 10.,  8.,  2.,  4.,  1.,  2.,  2.,  2.], device='cuda:0')
R_sum max/min: -308.2/-345.6
F.num_zeros  : 8944/36864
W.num_zeros  : 0/36864
O.num_zeros  : 0/36864
Layer        : fc1_layer.0.weight
R.histogram  : tensor([332.,  95.,  51.,  20.,   6.,   5.,   1.,   1.,   0.,   1.],
       device='cuda:0')
R_sum max/min: -2245.9/-2457.6
F.num_zeros  : 1274907/2097152
W.num_zeros  : 0/2097152
O.num_zeros  : 0/2097152
Mask histogram conv1_layer.2.weight: 	 tensor([   0., 8192.,    0.,    0.,    0.,    0.,    0.,    0.,    0.,    0.,
           0.], device='cuda:0')
Mask histogram conv2_layer.2.weight: 	 tensor([2496., 1600.,    0.,    0.,    0.,    0.,    0.,    0.,    0.,    0.,
           0.], device='cuda:0')
Mask histogram fc1_layer.0.weight: 	 tensor([308., 204.,   0.,   0.,   0.,   0.,   0.,   0.,   0.,   0.,   0.],
       device='cuda:0')
Task: 0,	 Epoch: 0/80,	 Avg.loss: 0.0011,	 Accuracy: 633/1000(63%)
Task: 0,	 Epoch: 1/80,	 Avg.loss: 0.0009,	 Accuracy: 706/1000(71%)
Task: 0,	 Epoch: 2/80,	 Avg.loss: 0.0008,	 Accuracy: 733/1000(73%)
Task: 0,	 Epoch: 3/80,	 Avg.loss: 0.0008,	 Accuracy: 750/1000(75%)
Task: 0,	 Epoch: 4/80,	 Avg.loss: 0.0006,	 Accuracy: 781/1000(78%)
Task: 0,	 Epoch: 5/80,	 Avg.loss: 0.0006,	 Accuracy: 793/1000(79%)
Task: 0,	 Epoch: 6/80,	 Avg.loss: 0.0006,	 Accuracy: 799/1000(80%)
Task: 0,	 Epoch: 7/80,	 Avg.loss: 0.0005,	 Accuracy: 814/1000(81%)
Task: 0,	 Epoch: 8/80,	 Avg.loss: 0.0006,	 Accuracy: 812/1000(81%)
Task: 0,	 Epoch: 9/80,	 Avg.loss: 0.0006,	 Accuracy: 809/1000(81%)
Task: 0,	 Epoch: 10/80,	 Avg.loss: 0.0005,	 Accuracy: 821/1000(82%)
Task: 0,	 Epoch: 11/80,	 Avg.loss: 0.0005,	 Accuracy: 834/1000(83%)
Task: 0,	 Epoch: 12/80,	 Avg.loss: 0.0005,	 Accuracy: 823/1000(82%)
Task: 0,	 Epoch: 13/80,	 Avg.loss: 0.0005,	 Accuracy: 827/1000(83%)
Task: 0,	 Epoch: 14/80,	 Avg.loss: 0.0005,	 Accuracy: 837/1000(84%)
Task: 0,	 Epoch: 15/80,	 Avg.loss: 0.0005,	 Accuracy: 834/1000(83%)
Task: 0,	 Epoch: 16/80,	 Avg.loss: 0.0006,	 Accuracy: 821/1000(82%)
Task: 0,	 Epoch: 17/80,	 Avg.loss: 0.0005,	 Accuracy: 841/1000(84%)
Task: 0,	 Epoch: 18/80,	 Avg.loss: 0.0005,	 Accuracy: 841/1000(84%)
Task: 0,	 Epoch: 19/80,	 Avg.loss: 0.0005,	 Accuracy: 840/1000(84%)
Task: 0,	 Epoch: 20/80,	 Avg.loss: 0.0006,	 Accuracy: 833/1000(83%)
Task: 0,	 Epoch: 21/80,	 Avg.loss: 0.0006,	 Accuracy: 843/1000(84%)
Task: 0,	 Epoch: 22/80,	 Avg.loss: 0.0005,	 Accuracy: 838/1000(84%)
Task: 0,	 Epoch: 23/80,	 Avg.loss: 0.0006,	 Accuracy: 842/1000(84%)
Task: 0,	 Epoch: 24/80,	 Avg.loss: 0.0006,	 Accuracy: 834/1000(83%)
Task: 0,	 Epoch: 25/80,	 Avg.loss: 0.0006,	 Accuracy: 832/1000(83%)
Task: 0,	 Epoch: 26/80,	 Avg.loss: 0.0006,	 Accuracy: 834/1000(83%)
Task: 0,	 Epoch: 27/80,	 Avg.loss: 0.0006,	 Accuracy: 847/1000(85%)
Task: 0,	 Epoch: 28/80,	 Avg.loss: 0.0006,	 Accuracy: 842/1000(84%)
Task: 0,	 Epoch: 29/80,	 Avg.loss: 0.0006,	 Accuracy: 840/1000(84%)
Task: 0,	 Epoch: 30/80,	 Avg.loss: 0.0006,	 Accuracy: 842/1000(84%)
Task: 0,	 Epoch: 31/80,	 Avg.loss: 0.0006,	 Accuracy: 825/1000(83%)
Task: 0,	 Epoch: 32/80,	 Avg.loss: 0.0006,	 Accuracy: 834/1000(83%)
Task: 0,	 Epoch: 33/80,	 Avg.loss: 0.0006,	 Accuracy: 831/1000(83%)
Task: 0,	 Epoch: 34/80,	 Avg.loss: 0.0006,	 Accuracy: 838/1000(84%)
Task: 0,	 Epoch: 35/80,	 Avg.loss: 0.0008,	 Accuracy: 810/1000(81%)
Task: 0,	 Epoch: 36/80,	 Avg.loss: 0.0006,	 Accuracy: 839/1000(84%)
Task: 0,	 Epoch: 37/80,	 Avg.loss: 0.0006,	 Accuracy: 854/1000(85%)
Task: 0,	 Epoch: 38/80,	 Avg.loss: 0.0006,	 Accuracy: 848/1000(85%)
Task: 0,	 Epoch: 39/80,	 Avg.loss: 0.0006,	 Accuracy: 861/1000(86%)
Task: 0,	 Epoch: 40/80,	 Avg.loss: 0.0006,	 Accuracy: 850/1000(85%)
Task: 0,	 Epoch: 41/80,	 Avg.loss: 0.0006,	 Accuracy: 832/1000(83%)
Task: 0,	 Epoch: 42/80,	 Avg.loss: 0.0006,	 Accuracy: 827/1000(83%)
Task: 0,	 Epoch: 43/80,	 Avg.loss: 0.0006,	 Accuracy: 850/1000(85%)
Task: 0,	 Epoch: 44/80,	 Avg.loss: 0.0007,	 Accuracy: 836/1000(84%)
Task: 0,	 Epoch: 45/80,	 Avg.loss: 0.0006,	 Accuracy: 842/1000(84%)
Task: 0,	 Epoch: 46/80,	 Avg.loss: 0.0006,	 Accuracy: 848/1000(85%)
Task: 0,	 Epoch: 47/80,	 Avg.loss: 0.0006,	 Accuracy: 849/1000(85%)
Task: 0,	 Epoch: 48/80,	 Avg.loss: 0.0006,	 Accuracy: 852/1000(85%)
Task: 0,	 Epoch: 49/80,	 Avg.loss: 0.0007,	 Accuracy: 844/1000(84%)
Task: 0,	 Epoch: 50/80,	 Avg.loss: 0.0006,	 Accuracy: 849/1000(85%)
Task: 0,	 Epoch: 51/80,	 Avg.loss: 0.0006,	 Accuracy: 857/1000(86%)
Task: 0,	 Epoch: 52/80,	 Avg.loss: 0.0006,	 Accuracy: 855/1000(86%)
Task: 0,	 Epoch: 53/80,	 Avg.loss: 0.0006,	 Accuracy: 854/1000(85%)
Task: 0,	 Epoch: 54/80,	 Avg.loss: 0.0006,	 Accuracy: 854/1000(85%)
Task: 0,	 Epoch: 55/80,	 Avg.loss: 0.0006,	 Accuracy: 855/1000(86%)
Task: 0,	 Epoch: 56/80,	 Avg.loss: 0.0006,	 Accuracy: 850/1000(85%)
Task: 0,	 Epoch: 57/80,	 Avg.loss: 0.0006,	 Accuracy: 854/1000(85%)
Task: 0,	 Epoch: 58/80,	 Avg.loss: 0.0006,	 Accuracy: 856/1000(86%)
Task: 0,	 Epoch: 59/80,	 Avg.loss: 0.0006,	 Accuracy: 858/1000(86%)
Task: 0,	 Epoch: 60/80,	 Avg.loss: 0.0006,	 Accuracy: 853/1000(85%)
Task: 0,	 Epoch: 61/80,	 Avg.loss: 0.0006,	 Accuracy: 854/1000(85%)
Task: 0,	 Epoch: 62/80,	 Avg.loss: 0.0006,	 Accuracy: 860/1000(86%)
Task: 0,	 Epoch: 63/80,	 Avg.loss: 0.0006,	 Accuracy: 863/1000(86%)
Task: 0,	 Epoch: 64/80,	 Avg.loss: 0.0006,	 Accuracy: 861/1000(86%)
Task: 0,	 Epoch: 65/80,	 Avg.loss: 0.0006,	 Accuracy: 854/1000(85%)
Task: 0,	 Epoch: 66/80,	 Avg.loss: 0.0006,	 Accuracy: 854/1000(85%)
Task: 0,	 Epoch: 67/80,	 Avg.loss: 0.0007,	 Accuracy: 854/1000(85%)
Task: 0,	 Epoch: 68/80,	 Avg.loss: 0.0007,	 Accuracy: 854/1000(85%)
Task: 0,	 Epoch: 69/80,	 Avg.loss: 0.0007,	 Accuracy: 850/1000(85%)
Task: 0,	 Epoch: 70/80,	 Avg.loss: 0.0007,	 Accuracy: 859/1000(86%)
Task: 0,	 Epoch: 71/80,	 Avg.loss: 0.0007,	 Accuracy: 854/1000(85%)
Task: 0,	 Epoch: 72/80,	 Avg.loss: 0.0007,	 Accuracy: 859/1000(86%)
Task: 0,	 Epoch: 73/80,	 Avg.loss: 0.0007,	 Accuracy: 859/1000(86%)
Task: 0,	 Epoch: 74/80,	 Avg.loss: 0.0007,	 Accuracy: 863/1000(86%)
Task: 0,	 Epoch: 75/80,	 Avg.loss: 0.0007,	 Accuracy: 852/1000(85%)
Task: 0,	 Epoch: 76/80,	 Avg.loss: 0.0007,	 Accuracy: 860/1000(86%)
Task: 0,	 Epoch: 77/80,	 Avg.loss: 0.0007,	 Accuracy: 856/1000(86%)
Task: 0,	 Epoch: 78/80,	 Avg.loss: 0.0006,	 Accuracy: 860/1000(86%)
Task: 0,	 Epoch: 79/80,	 Avg.loss: 0.0007,	 Accuracy: 859/1000(86%)
Trained Task:0, Loaded task:0, Accuracy:85.9%
Trained Task:0, Avg. Accuracy: 85.9 

List of avg. accuracy: [85.9]
Layer        : conv1_layer.2.weight
R.histogram  : tensor([2., 0., 1., 0., 3., 2., 7., 8., 7., 2.], device='cuda:0')
R_sum max/min: 2.6/-20.1
F.num_zeros  : 288/9216
W.num_zeros  : 0/9216
O.num_zeros  : 288/9216
Layer        : conv2_layer.2.weight
R.histogram  : tensor([ 2.,  0.,  3.,  2.,  2.,  5.,  4.,  5., 26., 15.], device='cuda:0')
R_sum max/min: 4.8/-34.3
F.num_zeros  : 9444/36864
W.num_zeros  : 0/36864
O.num_zeros  : 22464/36864
Layer        : fc1_layer.0.weight
R.histogram  : tensor([  4.,   8.,  12.,  12.,  38.,  38.,  53., 327.,  17.,   3.],
       device='cuda:0')
R_sum max/min: 44.0/-134.0
F.num_zeros  : 1296086/2097152
W.num_zeros  : 0/2097152
O.num_zeros  : 1770752/2097152
Mask histogram conv1_layer.2.weight: 	 tensor([   0.,    0., 8192.,    0.,    0.,    0.,    0.,    0.,    0.,    0.,
           0.], device='cuda:0')
Mask histogram conv2_layer.2.weight: 	 tensor([ 896., 3200.,    0.,    0.,    0.,    0.,    0.,    0.,    0.,    0.,
           0.], device='cuda:0')
Mask histogram fc1_layer.0.weight: 	 tensor([128., 360.,  24.,   0.,   0.,   0.,   0.,   0.,   0.,   0.,   0.],
       device='cuda:0')
Task: 1,	 Epoch: 0/80,	 Avg.loss: 0.0012,	 Accuracy: 602/1000(60%)
Task: 1,	 Epoch: 1/80,	 Avg.loss: 0.0010,	 Accuracy: 655/1000(66%)
Task: 1,	 Epoch: 2/80,	 Avg.loss: 0.0009,	 Accuracy: 704/1000(70%)
Task: 1,	 Epoch: 3/80,	 Avg.loss: 0.0009,	 Accuracy: 709/1000(71%)
Task: 1,	 Epoch: 4/80,	 Avg.loss: 0.0008,	 Accuracy: 725/1000(72%)
Task: 1,	 Epoch: 5/80,	 Avg.loss: 0.0008,	 Accuracy: 723/1000(72%)
Task: 1,	 Epoch: 6/80,	 Avg.loss: 0.0008,	 Accuracy: 736/1000(74%)
Task: 1,	 Epoch: 7/80,	 Avg.loss: 0.0007,	 Accuracy: 749/1000(75%)
Task: 1,	 Epoch: 8/80,	 Avg.loss: 0.0008,	 Accuracy: 723/1000(72%)
Task: 1,	 Epoch: 9/80,	 Avg.loss: 0.0008,	 Accuracy: 739/1000(74%)
Task: 1,	 Epoch: 10/80,	 Avg.loss: 0.0007,	 Accuracy: 769/1000(77%)
Task: 1,	 Epoch: 11/80,	 Avg.loss: 0.0007,	 Accuracy: 767/1000(77%)
Task: 1,	 Epoch: 12/80,	 Avg.loss: 0.0008,	 Accuracy: 753/1000(75%)
Task: 1,	 Epoch: 13/80,	 Avg.loss: 0.0007,	 Accuracy: 761/1000(76%)
Task: 1,	 Epoch: 14/80,	 Avg.loss: 0.0007,	 Accuracy: 775/1000(78%)
Task: 1,	 Epoch: 15/80,	 Avg.loss: 0.0007,	 Accuracy: 754/1000(75%)
Task: 1,	 Epoch: 16/80,	 Avg.loss: 0.0007,	 Accuracy: 772/1000(77%)
Task: 1,	 Epoch: 17/80,	 Avg.loss: 0.0007,	 Accuracy: 777/1000(78%)
Task: 1,	 Epoch: 18/80,	 Avg.loss: 0.0007,	 Accuracy: 758/1000(76%)
Task: 1,	 Epoch: 19/80,	 Avg.loss: 0.0007,	 Accuracy: 768/1000(77%)
Task: 1,	 Epoch: 20/80,	 Avg.loss: 0.0007,	 Accuracy: 763/1000(76%)
Task: 1,	 Epoch: 21/80,	 Avg.loss: 0.0007,	 Accuracy: 775/1000(78%)
Task: 1,	 Epoch: 22/80,	 Avg.loss: 0.0007,	 Accuracy: 768/1000(77%)
Task: 1,	 Epoch: 23/80,	 Avg.loss: 0.0008,	 Accuracy: 749/1000(75%)
Task: 1,	 Epoch: 24/80,	 Avg.loss: 0.0007,	 Accuracy: 767/1000(77%)
Task: 1,	 Epoch: 25/80,	 Avg.loss: 0.0007,	 Accuracy: 790/1000(79%)
Task: 1,	 Epoch: 26/80,	 Avg.loss: 0.0007,	 Accuracy: 803/1000(80%)
Task: 1,	 Epoch: 27/80,	 Avg.loss: 0.0007,	 Accuracy: 794/1000(79%)
Task: 1,	 Epoch: 28/80,	 Avg.loss: 0.0007,	 Accuracy: 795/1000(80%)
Task: 1,	 Epoch: 29/80,	 Avg.loss: 0.0007,	 Accuracy: 781/1000(78%)
Task: 1,	 Epoch: 30/80,	 Avg.loss: 0.0007,	 Accuracy: 789/1000(79%)
Task: 1,	 Epoch: 31/80,	 Avg.loss: 0.0007,	 Accuracy: 796/1000(80%)
Task: 1,	 Epoch: 32/80,	 Avg.loss: 0.0007,	 Accuracy: 775/1000(78%)
Task: 1,	 Epoch: 33/80,	 Avg.loss: 0.0007,	 Accuracy: 793/1000(79%)
Task: 1,	 Epoch: 34/80,	 Avg.loss: 0.0007,	 Accuracy: 781/1000(78%)
Task: 1,	 Epoch: 35/80,	 Avg.loss: 0.0007,	 Accuracy: 775/1000(78%)
Task: 1,	 Epoch: 36/80,	 Avg.loss: 0.0007,	 Accuracy: 787/1000(79%)
Task: 1,	 Epoch: 37/80,	 Avg.loss: 0.0008,	 Accuracy: 769/1000(77%)
Task: 1,	 Epoch: 38/80,	 Avg.loss: 0.0007,	 Accuracy: 781/1000(78%)
Task: 1,	 Epoch: 39/80,	 Avg.loss: 0.0007,	 Accuracy: 776/1000(78%)
Task: 1,	 Epoch: 40/80,	 Avg.loss: 0.0007,	 Accuracy: 787/1000(79%)
Task: 1,	 Epoch: 41/80,	 Avg.loss: 0.0007,	 Accuracy: 789/1000(79%)
Task: 1,	 Epoch: 42/80,	 Avg.loss: 0.0008,	 Accuracy: 764/1000(76%)
Task: 1,	 Epoch: 43/80,	 Avg.loss: 0.0007,	 Accuracy: 795/1000(80%)
Task: 1,	 Epoch: 44/80,	 Avg.loss: 0.0007,	 Accuracy: 787/1000(79%)
Task: 1,	 Epoch: 45/80,	 Avg.loss: 0.0007,	 Accuracy: 800/1000(80%)
Task: 1,	 Epoch: 46/80,	 Avg.loss: 0.0007,	 Accuracy: 796/1000(80%)
Task: 1,	 Epoch: 47/80,	 Avg.loss: 0.0007,	 Accuracy: 773/1000(77%)
Task: 1,	 Epoch: 48/80,	 Avg.loss: 0.0007,	 Accuracy: 791/1000(79%)
Task: 1,	 Epoch: 49/80,	 Avg.loss: 0.0007,	 Accuracy: 798/1000(80%)
Task: 1,	 Epoch: 50/80,	 Avg.loss: 0.0007,	 Accuracy: 804/1000(80%)
Task: 1,	 Epoch: 51/80,	 Avg.loss: 0.0007,	 Accuracy: 808/1000(81%)
Task: 1,	 Epoch: 52/80,	 Avg.loss: 0.0006,	 Accuracy: 807/1000(81%)
Task: 1,	 Epoch: 53/80,	 Avg.loss: 0.0006,	 Accuracy: 813/1000(81%)
Task: 1,	 Epoch: 54/80,	 Avg.loss: 0.0007,	 Accuracy: 802/1000(80%)
Task: 1,	 Epoch: 55/80,	 Avg.loss: 0.0007,	 Accuracy: 800/1000(80%)
Task: 1,	 Epoch: 56/80,	 Avg.loss: 0.0007,	 Accuracy: 804/1000(80%)
Task: 1,	 Epoch: 57/80,	 Avg.loss: 0.0007,	 Accuracy: 809/1000(81%)
Task: 1,	 Epoch: 58/80,	 Avg.loss: 0.0007,	 Accuracy: 807/1000(81%)
Task: 1,	 Epoch: 59/80,	 Avg.loss: 0.0007,	 Accuracy: 805/1000(81%)
Task: 1,	 Epoch: 60/80,	 Avg.loss: 0.0007,	 Accuracy: 803/1000(80%)
Task: 1,	 Epoch: 61/80,	 Avg.loss: 0.0007,	 Accuracy: 808/1000(81%)
Task: 1,	 Epoch: 62/80,	 Avg.loss: 0.0007,	 Accuracy: 809/1000(81%)
Task: 1,	 Epoch: 63/80,	 Avg.loss: 0.0007,	 Accuracy: 803/1000(80%)
Task: 1,	 Epoch: 64/80,	 Avg.loss: 0.0007,	 Accuracy: 808/1000(81%)
Task: 1,	 Epoch: 65/80,	 Avg.loss: 0.0007,	 Accuracy: 805/1000(81%)
Task: 1,	 Epoch: 66/80,	 Avg.loss: 0.0007,	 Accuracy: 809/1000(81%)
Task: 1,	 Epoch: 67/80,	 Avg.loss: 0.0007,	 Accuracy: 801/1000(80%)
Task: 1,	 Epoch: 68/80,	 Avg.loss: 0.0007,	 Accuracy: 812/1000(81%)
Task: 1,	 Epoch: 69/80,	 Avg.loss: 0.0007,	 Accuracy: 803/1000(80%)
Task: 1,	 Epoch: 70/80,	 Avg.loss: 0.0007,	 Accuracy: 805/1000(81%)
Task: 1,	 Epoch: 71/80,	 Avg.loss: 0.0007,	 Accuracy: 806/1000(81%)
Task: 1,	 Epoch: 72/80,	 Avg.loss: 0.0007,	 Accuracy: 809/1000(81%)
Task: 1,	 Epoch: 73/80,	 Avg.loss: 0.0007,	 Accuracy: 807/1000(81%)
Task: 1,	 Epoch: 74/80,	 Avg.loss: 0.0007,	 Accuracy: 814/1000(81%)
Task: 1,	 Epoch: 75/80,	 Avg.loss: 0.0007,	 Accuracy: 808/1000(81%)
Task: 1,	 Epoch: 76/80,	 Avg.loss: 0.0007,	 Accuracy: 813/1000(81%)
Task: 1,	 Epoch: 77/80,	 Avg.loss: 0.0007,	 Accuracy: 802/1000(80%)
Task: 1,	 Epoch: 78/80,	 Avg.loss: 0.0007,	 Accuracy: 805/1000(81%)
Task: 1,	 Epoch: 79/80,	 Avg.loss: 0.0007,	 Accuracy: 808/1000(81%)
Trained Task:1, Loaded task:0, Accuracy:85.9%
Trained Task:1, Loaded task:1, Accuracy:80.8%
Trained Task:1, Avg. Accuracy: 83.4 

List of avg. accuracy: [85.9, 83.4]
Layer        : conv1_layer.2.weight
R.histogram  : tensor([ 3.,  0.,  1.,  1.,  4., 14.,  6.,  1.,  1.,  1.], device='cuda:0')
R_sum max/min: 7.5/-14.8
F.num_zeros  : 288/9216
W.num_zeros  : 0/9216
O.num_zeros  : 288/9216
Layer        : conv2_layer.2.weight
R.histogram  : tensor([ 2.,  2.,  1.,  6.,  7.,  8., 17., 20.,  0.,  1.], device='cuda:0')
R_sum max/min: 14.9/-41.0
F.num_zeros  : 9216/36864
W.num_zeros  : 0/36864
O.num_zeros  : 9216/36864
Layer        : fc1_layer.0.weight
R.histogram  : tensor([  2.,   5.,  28., 117., 318.,  30.,   9.,   1.,   1.,   1.],
       device='cuda:0')
R_sum max/min: 133.9/-101.6
F.num_zeros  : 1207931/2097152
W.num_zeros  : 0/2097152
O.num_zeros  : 1607504/2097152
Mask histogram conv1_layer.2.weight: 	 tensor([   0.,    0.,    0., 8192.,    0.,    0.,    0.,    0.,    0.,    0.,
           0.], device='cuda:0')
Mask histogram conv2_layer.2.weight: 	 tensor([   0., 3392.,  704.,    0.,    0.,    0.,    0.,    0.,    0.,    0.,
           0.], device='cuda:0')
Mask histogram fc1_layer.0.weight: 	 tensor([108., 213., 174.,  17.,   0.,   0.,   0.,   0.,   0.,   0.,   0.],
       device='cuda:0')
Task: 2,	 Epoch: 0/80,	 Avg.loss: 0.0013,	 Accuracy: 569/1000(57%)
Task: 2,	 Epoch: 1/80,	 Avg.loss: 0.0011,	 Accuracy: 648/1000(65%)
Task: 2,	 Epoch: 2/80,	 Avg.loss: 0.0011,	 Accuracy: 644/1000(64%)
Task: 2,	 Epoch: 3/80,	 Avg.loss: 0.0010,	 Accuracy: 685/1000(68%)
Task: 2,	 Epoch: 4/80,	 Avg.loss: 0.0010,	 Accuracy: 685/1000(68%)
Task: 2,	 Epoch: 5/80,	 Avg.loss: 0.0010,	 Accuracy: 684/1000(68%)
Task: 2,	 Epoch: 6/80,	 Avg.loss: 0.0010,	 Accuracy: 674/1000(67%)
Task: 2,	 Epoch: 7/80,	 Avg.loss: 0.0010,	 Accuracy: 679/1000(68%)
Task: 2,	 Epoch: 8/80,	 Avg.loss: 0.0009,	 Accuracy: 694/1000(69%)
Task: 2,	 Epoch: 9/80,	 Avg.loss: 0.0009,	 Accuracy: 689/1000(69%)
Task: 2,	 Epoch: 10/80,	 Avg.loss: 0.0009,	 Accuracy: 705/1000(70%)
Task: 2,	 Epoch: 11/80,	 Avg.loss: 0.0010,	 Accuracy: 686/1000(69%)
Task: 2,	 Epoch: 12/80,	 Avg.loss: 0.0009,	 Accuracy: 682/1000(68%)
Task: 2,	 Epoch: 13/80,	 Avg.loss: 0.0009,	 Accuracy: 694/1000(69%)
Task: 2,	 Epoch: 14/80,	 Avg.loss: 0.0010,	 Accuracy: 694/1000(69%)
Task: 2,	 Epoch: 15/80,	 Avg.loss: 0.0010,	 Accuracy: 688/1000(69%)
Task: 2,	 Epoch: 16/80,	 Avg.loss: 0.0009,	 Accuracy: 696/1000(70%)
Task: 2,	 Epoch: 17/80,	 Avg.loss: 0.0009,	 Accuracy: 705/1000(70%)
Task: 2,	 Epoch: 18/80,	 Avg.loss: 0.0010,	 Accuracy: 683/1000(68%)
Task: 2,	 Epoch: 19/80,	 Avg.loss: 0.0009,	 Accuracy: 701/1000(70%)
Task: 2,	 Epoch: 20/80,	 Avg.loss: 0.0009,	 Accuracy: 694/1000(69%)
Task: 2,	 Epoch: 21/80,	 Avg.loss: 0.0009,	 Accuracy: 705/1000(70%)
Task: 2,	 Epoch: 22/80,	 Avg.loss: 0.0009,	 Accuracy: 702/1000(70%)
Task: 2,	 Epoch: 23/80,	 Avg.loss: 0.0009,	 Accuracy: 706/1000(71%)
Task: 2,	 Epoch: 24/80,	 Avg.loss: 0.0009,	 Accuracy: 709/1000(71%)
Task: 2,	 Epoch: 25/80,	 Avg.loss: 0.0009,	 Accuracy: 694/1000(69%)
Task: 2,	 Epoch: 26/80,	 Avg.loss: 0.0009,	 Accuracy: 703/1000(70%)
Task: 2,	 Epoch: 27/80,	 Avg.loss: 0.0009,	 Accuracy: 709/1000(71%)
Task: 2,	 Epoch: 28/80,	 Avg.loss: 0.0009,	 Accuracy: 711/1000(71%)
Task: 2,	 Epoch: 29/80,	 Avg.loss: 0.0010,	 Accuracy: 676/1000(68%)
Task: 2,	 Epoch: 30/80,	 Avg.loss: 0.0009,	 Accuracy: 709/1000(71%)
Task: 2,	 Epoch: 31/80,	 Avg.loss: 0.0009,	 Accuracy: 694/1000(69%)
Task: 2,	 Epoch: 32/80,	 Avg.loss: 0.0009,	 Accuracy: 719/1000(72%)
Task: 2,	 Epoch: 33/80,	 Avg.loss: 0.0009,	 Accuracy: 704/1000(70%)
Task: 2,	 Epoch: 34/80,	 Avg.loss: 0.0009,	 Accuracy: 720/1000(72%)
Task: 2,	 Epoch: 35/80,	 Avg.loss: 0.0009,	 Accuracy: 712/1000(71%)
Task: 2,	 Epoch: 36/80,	 Avg.loss: 0.0009,	 Accuracy: 714/1000(71%)
Task: 2,	 Epoch: 37/80,	 Avg.loss: 0.0009,	 Accuracy: 728/1000(73%)
Task: 2,	 Epoch: 38/80,	 Avg.loss: 0.0009,	 Accuracy: 726/1000(73%)
Task: 2,	 Epoch: 39/80,	 Avg.loss: 0.0009,	 Accuracy: 729/1000(73%)
Task: 2,	 Epoch: 40/80,	 Avg.loss: 0.0009,	 Accuracy: 736/1000(74%)
Task: 2,	 Epoch: 41/80,	 Avg.loss: 0.0008,	 Accuracy: 729/1000(73%)
Task: 2,	 Epoch: 42/80,	 Avg.loss: 0.0009,	 Accuracy: 719/1000(72%)
Task: 2,	 Epoch: 43/80,	 Avg.loss: 0.0009,	 Accuracy: 718/1000(72%)
Task: 2,	 Epoch: 44/80,	 Avg.loss: 0.0009,	 Accuracy: 727/1000(73%)
Task: 2,	 Epoch: 45/80,	 Avg.loss: 0.0009,	 Accuracy: 736/1000(74%)
Task: 2,	 Epoch: 46/80,	 Avg.loss: 0.0008,	 Accuracy: 734/1000(73%)
Task: 2,	 Epoch: 47/80,	 Avg.loss: 0.0009,	 Accuracy: 717/1000(72%)
Task: 2,	 Epoch: 48/80,	 Avg.loss: 0.0008,	 Accuracy: 729/1000(73%)
Task: 2,	 Epoch: 49/80,	 Avg.loss: 0.0008,	 Accuracy: 745/1000(74%)
Task: 2,	 Epoch: 50/80,	 Avg.loss: 0.0008,	 Accuracy: 745/1000(74%)
Task: 2,	 Epoch: 51/80,	 Avg.loss: 0.0008,	 Accuracy: 739/1000(74%)
Task: 2,	 Epoch: 52/80,	 Avg.loss: 0.0008,	 Accuracy: 742/1000(74%)
Task: 2,	 Epoch: 53/80,	 Avg.loss: 0.0008,	 Accuracy: 743/1000(74%)
Task: 2,	 Epoch: 54/80,	 Avg.loss: 0.0008,	 Accuracy: 744/1000(74%)
Task: 2,	 Epoch: 55/80,	 Avg.loss: 0.0008,	 Accuracy: 745/1000(74%)
Task: 2,	 Epoch: 56/80,	 Avg.loss: 0.0008,	 Accuracy: 743/1000(74%)
Task: 2,	 Epoch: 57/80,	 Avg.loss: 0.0008,	 Accuracy: 734/1000(73%)
Task: 2,	 Epoch: 58/80,	 Avg.loss: 0.0008,	 Accuracy: 743/1000(74%)
Task: 2,	 Epoch: 59/80,	 Avg.loss: 0.0008,	 Accuracy: 747/1000(75%)
Task: 2,	 Epoch: 60/80,	 Avg.loss: 0.0008,	 Accuracy: 746/1000(75%)
Task: 2,	 Epoch: 61/80,	 Avg.loss: 0.0008,	 Accuracy: 738/1000(74%)
Task: 2,	 Epoch: 62/80,	 Avg.loss: 0.0008,	 Accuracy: 743/1000(74%)
Task: 2,	 Epoch: 63/80,	 Avg.loss: 0.0008,	 Accuracy: 746/1000(75%)
Task: 2,	 Epoch: 64/80,	 Avg.loss: 0.0008,	 Accuracy: 739/1000(74%)
Task: 2,	 Epoch: 65/80,	 Avg.loss: 0.0008,	 Accuracy: 740/1000(74%)
Task: 2,	 Epoch: 66/80,	 Avg.loss: 0.0008,	 Accuracy: 738/1000(74%)
Task: 2,	 Epoch: 67/80,	 Avg.loss: 0.0008,	 Accuracy: 738/1000(74%)
Task: 2,	 Epoch: 68/80,	 Avg.loss: 0.0008,	 Accuracy: 741/1000(74%)
Task: 2,	 Epoch: 69/80,	 Avg.loss: 0.0008,	 Accuracy: 742/1000(74%)
Task: 2,	 Epoch: 70/80,	 Avg.loss: 0.0008,	 Accuracy: 739/1000(74%)
Task: 2,	 Epoch: 71/80,	 Avg.loss: 0.0008,	 Accuracy: 739/1000(74%)
Task: 2,	 Epoch: 72/80,	 Avg.loss: 0.0008,	 Accuracy: 744/1000(74%)
Task: 2,	 Epoch: 73/80,	 Avg.loss: 0.0008,	 Accuracy: 742/1000(74%)
Task: 2,	 Epoch: 74/80,	 Avg.loss: 0.0008,	 Accuracy: 742/1000(74%)
Task: 2,	 Epoch: 75/80,	 Avg.loss: 0.0008,	 Accuracy: 744/1000(74%)
Task: 2,	 Epoch: 76/80,	 Avg.loss: 0.0008,	 Accuracy: 739/1000(74%)
Task: 2,	 Epoch: 77/80,	 Avg.loss: 0.0008,	 Accuracy: 739/1000(74%)
Task: 2,	 Epoch: 78/80,	 Avg.loss: 0.0008,	 Accuracy: 736/1000(74%)
Task: 2,	 Epoch: 79/80,	 Avg.loss: 0.0008,	 Accuracy: 745/1000(74%)
Trained Task:2, Loaded task:0, Accuracy:85.1%
Trained Task:2, Loaded task:1, Accuracy:78.5%
Trained Task:2, Loaded task:2, Accuracy:74.5%
Trained Task:2, Avg. Accuracy: 79.4 

List of avg. accuracy: [85.9, 83.4, 79.4]
Layer        : conv1_layer.2.weight
R.histogram  : tensor([2., 0., 1., 2., 2., 7., 9., 3., 4., 2.], device='cuda:0')
R_sum max/min: 3.9/-20.3
F.num_zeros  : 288/9216
W.num_zeros  : 0/9216
O.num_zeros  : 288/9216
Layer        : conv2_layer.2.weight
R.histogram  : tensor([ 1.,  3.,  0.,  2.,  8.,  2.,  6.,  6., 15., 21.], device='cuda:0')
R_sum max/min: 0.0/-43.7
F.num_zeros  : 8640/36864
W.num_zeros  : 0/36864
O.num_zeros  : 8640/36864
Layer        : fc1_layer.0.weight
R.histogram  : tensor([  3.,  15., 127., 287.,  37.,  16.,  14.,  10.,   2.,   1.],
       device='cuda:0')
R_sum max/min: 229.1/-106.1
F.num_zeros  : 1072639/2097152
W.num_zeros  : 0/2097152
O.num_zeros  : 1535514/2097152
Mask histogram conv1_layer.2.weight: 	 tensor([   0.,    0.,    0.,    0., 8192.,    0.,    0.,    0.,    0.,    0.,
           0.], device='cuda:0')
Mask histogram conv2_layer.2.weight: 	 tensor([   0., 2112., 1664.,  320.,    0.,    0.,    0.,    0.,    0.,    0.,
           0.], device='cuda:0')
Mask histogram fc1_layer.0.weight: 	 tensor([108., 147., 118., 123.,  16.,   0.,   0.,   0.,   0.,   0.,   0.],
       device='cuda:0')
Task: 3,	 Epoch: 0/80,	 Avg.loss: 0.0013,	 Accuracy: 547/1000(55%)
Task: 3,	 Epoch: 1/80,	 Avg.loss: 0.0012,	 Accuracy: 586/1000(59%)
Task: 3,	 Epoch: 2/80,	 Avg.loss: 0.0012,	 Accuracy: 570/1000(57%)
Task: 3,	 Epoch: 3/80,	 Avg.loss: 0.0012,	 Accuracy: 616/1000(62%)
Task: 3,	 Epoch: 4/80,	 Avg.loss: 0.0011,	 Accuracy: 626/1000(63%)
Task: 3,	 Epoch: 5/80,	 Avg.loss: 0.0011,	 Accuracy: 633/1000(63%)
Task: 3,	 Epoch: 6/80,	 Avg.loss: 0.0011,	 Accuracy: 635/1000(64%)
Task: 3,	 Epoch: 7/80,	 Avg.loss: 0.0011,	 Accuracy: 631/1000(63%)
Task: 3,	 Epoch: 8/80,	 Avg.loss: 0.0010,	 Accuracy: 643/1000(64%)
Task: 3,	 Epoch: 9/80,	 Avg.loss: 0.0011,	 Accuracy: 623/1000(62%)
Task: 3,	 Epoch: 10/80,	 Avg.loss: 0.0010,	 Accuracy: 648/1000(65%)
Task: 3,	 Epoch: 11/80,	 Avg.loss: 0.0011,	 Accuracy: 641/1000(64%)
Task: 3,	 Epoch: 12/80,	 Avg.loss: 0.0011,	 Accuracy: 632/1000(63%)
Task: 3,	 Epoch: 13/80,	 Avg.loss: 0.0010,	 Accuracy: 645/1000(64%)
Task: 3,	 Epoch: 14/80,	 Avg.loss: 0.0010,	 Accuracy: 660/1000(66%)
Task: 3,	 Epoch: 15/80,	 Avg.loss: 0.0011,	 Accuracy: 633/1000(63%)
Task: 3,	 Epoch: 16/80,	 Avg.loss: 0.0010,	 Accuracy: 651/1000(65%)
Task: 3,	 Epoch: 17/80,	 Avg.loss: 0.0011,	 Accuracy: 638/1000(64%)
Task: 3,	 Epoch: 18/80,	 Avg.loss: 0.0011,	 Accuracy: 632/1000(63%)
Task: 3,	 Epoch: 19/80,	 Avg.loss: 0.0011,	 Accuracy: 635/1000(64%)
Task: 3,	 Epoch: 20/80,	 Avg.loss: 0.0010,	 Accuracy: 658/1000(66%)
Task: 3,	 Epoch: 21/80,	 Avg.loss: 0.0010,	 Accuracy: 657/1000(66%)
Task: 3,	 Epoch: 22/80,	 Avg.loss: 0.0010,	 Accuracy: 660/1000(66%)
Task: 3,	 Epoch: 23/80,	 Avg.loss: 0.0011,	 Accuracy: 643/1000(64%)
Task: 3,	 Epoch: 24/80,	 Avg.loss: 0.0010,	 Accuracy: 648/1000(65%)
Task: 3,	 Epoch: 25/80,	 Avg.loss: 0.0010,	 Accuracy: 653/1000(65%)
Task: 3,	 Epoch: 26/80,	 Avg.loss: 0.0010,	 Accuracy: 662/1000(66%)
Task: 3,	 Epoch: 27/80,	 Avg.loss: 0.0010,	 Accuracy: 654/1000(65%)
Task: 3,	 Epoch: 28/80,	 Avg.loss: 0.0010,	 Accuracy: 665/1000(66%)
Task: 3,	 Epoch: 29/80,	 Avg.loss: 0.0010,	 Accuracy: 665/1000(66%)
Task: 3,	 Epoch: 30/80,	 Avg.loss: 0.0010,	 Accuracy: 667/1000(67%)
Task: 3,	 Epoch: 31/80,	 Avg.loss: 0.0010,	 Accuracy: 658/1000(66%)
Task: 3,	 Epoch: 32/80,	 Avg.loss: 0.0010,	 Accuracy: 654/1000(65%)
Task: 3,	 Epoch: 33/80,	 Avg.loss: 0.0010,	 Accuracy: 653/1000(65%)
Task: 3,	 Epoch: 34/80,	 Avg.loss: 0.0010,	 Accuracy: 666/1000(67%)
Task: 3,	 Epoch: 35/80,	 Avg.loss: 0.0010,	 Accuracy: 662/1000(66%)
Task: 3,	 Epoch: 36/80,	 Avg.loss: 0.0010,	 Accuracy: 656/1000(66%)
Task: 3,	 Epoch: 37/80,	 Avg.loss: 0.0011,	 Accuracy: 648/1000(65%)
Task: 3,	 Epoch: 38/80,	 Avg.loss: 0.0010,	 Accuracy: 648/1000(65%)
Task: 3,	 Epoch: 39/80,	 Avg.loss: 0.0010,	 Accuracy: 667/1000(67%)
Task: 3,	 Epoch: 40/80,	 Avg.loss: 0.0010,	 Accuracy: 658/1000(66%)
Task: 3,	 Epoch: 41/80,	 Avg.loss: 0.0010,	 Accuracy: 659/1000(66%)
Task: 3,	 Epoch: 42/80,	 Avg.loss: 0.0010,	 Accuracy: 676/1000(68%)
Task: 3,	 Epoch: 43/80,	 Avg.loss: 0.0010,	 Accuracy: 648/1000(65%)
Task: 3,	 Epoch: 44/80,	 Avg.loss: 0.0011,	 Accuracy: 647/1000(65%)
Task: 3,	 Epoch: 45/80,	 Avg.loss: 0.0011,	 Accuracy: 628/1000(63%)
Task: 3,	 Epoch: 46/80,	 Avg.loss: 0.0010,	 Accuracy: 652/1000(65%)
Task: 3,	 Epoch: 47/80,	 Avg.loss: 0.0010,	 Accuracy: 659/1000(66%)
Task: 3,	 Epoch: 48/80,	 Avg.loss: 0.0011,	 Accuracy: 649/1000(65%)
Task: 3,	 Epoch: 49/80,	 Avg.loss: 0.0010,	 Accuracy: 676/1000(68%)
Task: 3,	 Epoch: 50/80,	 Avg.loss: 0.0010,	 Accuracy: 670/1000(67%)
Task: 3,	 Epoch: 51/80,	 Avg.loss: 0.0010,	 Accuracy: 679/1000(68%)
Task: 3,	 Epoch: 52/80,	 Avg.loss: 0.0010,	 Accuracy: 682/1000(68%)
Task: 3,	 Epoch: 53/80,	 Avg.loss: 0.0010,	 Accuracy: 674/1000(67%)
Task: 3,	 Epoch: 54/80,	 Avg.loss: 0.0010,	 Accuracy: 671/1000(67%)
Task: 3,	 Epoch: 55/80,	 Avg.loss: 0.0010,	 Accuracy: 680/1000(68%)
Task: 3,	 Epoch: 56/80,	 Avg.loss: 0.0010,	 Accuracy: 678/1000(68%)
Task: 3,	 Epoch: 57/80,	 Avg.loss: 0.0010,	 Accuracy: 677/1000(68%)
Task: 3,	 Epoch: 58/80,	 Avg.loss: 0.0010,	 Accuracy: 675/1000(68%)
Task: 3,	 Epoch: 59/80,	 Avg.loss: 0.0010,	 Accuracy: 676/1000(68%)
Task: 3,	 Epoch: 60/80,	 Avg.loss: 0.0010,	 Accuracy: 679/1000(68%)
Task: 3,	 Epoch: 61/80,	 Avg.loss: 0.0010,	 Accuracy: 666/1000(67%)
Task: 3,	 Epoch: 62/80,	 Avg.loss: 0.0010,	 Accuracy: 672/1000(67%)
Task: 3,	 Epoch: 63/80,	 Avg.loss: 0.0010,	 Accuracy: 677/1000(68%)
Task: 3,	 Epoch: 64/80,	 Avg.loss: 0.0010,	 Accuracy: 679/1000(68%)
Task: 3,	 Epoch: 65/80,	 Avg.loss: 0.0010,	 Accuracy: 682/1000(68%)
Task: 3,	 Epoch: 66/80,	 Avg.loss: 0.0010,	 Accuracy: 676/1000(68%)
Task: 3,	 Epoch: 67/80,	 Avg.loss: 0.0010,	 Accuracy: 683/1000(68%)
Task: 3,	 Epoch: 68/80,	 Avg.loss: 0.0010,	 Accuracy: 682/1000(68%)
Task: 3,	 Epoch: 69/80,	 Avg.loss: 0.0010,	 Accuracy: 676/1000(68%)
Task: 3,	 Epoch: 70/80,	 Avg.loss: 0.0010,	 Accuracy: 673/1000(67%)
Task: 3,	 Epoch: 71/80,	 Avg.loss: 0.0010,	 Accuracy: 677/1000(68%)
Task: 3,	 Epoch: 72/80,	 Avg.loss: 0.0010,	 Accuracy: 679/1000(68%)
Task: 3,	 Epoch: 73/80,	 Avg.loss: 0.0010,	 Accuracy: 684/1000(68%)
Task: 3,	 Epoch: 74/80,	 Avg.loss: 0.0010,	 Accuracy: 689/1000(69%)
Task: 3,	 Epoch: 75/80,	 Avg.loss: 0.0010,	 Accuracy: 677/1000(68%)
Task: 3,	 Epoch: 76/80,	 Avg.loss: 0.0010,	 Accuracy: 684/1000(68%)
Task: 3,	 Epoch: 77/80,	 Avg.loss: 0.0010,	 Accuracy: 680/1000(68%)
Task: 3,	 Epoch: 78/80,	 Avg.loss: 0.0010,	 Accuracy: 683/1000(68%)
Task: 3,	 Epoch: 79/80,	 Avg.loss: 0.0010,	 Accuracy: 683/1000(68%)
Trained Task:3, Loaded task:0, Accuracy:85.4%
Trained Task:3, Loaded task:1, Accuracy:78.9%
Trained Task:3, Loaded task:2, Accuracy:72.5%
Trained Task:3, Loaded task:3, Accuracy:68.3%
Trained Task:3, Avg. Accuracy: 76.3 

List of avg. accuracy: [85.9, 83.4, 79.4, 76.3]
Layer        : conv1_layer.2.weight
R.histogram  : tensor([ 1.,  1.,  0.,  3.,  1.,  2., 12.,  7.,  2.,  3.], device='cuda:0')
R_sum max/min: 7.7/-25.4
F.num_zeros  : 288/9216
W.num_zeros  : 0/9216
O.num_zeros  : 288/9216
Layer        : conv2_layer.2.weight
R.histogram  : tensor([ 2.,  2.,  1.,  6.,  5., 10., 13., 19.,  2.,  4.], device='cuda:0')
R_sum max/min: 11.8/-41.4
F.num_zeros  : 8640/36864
W.num_zeros  : 0/36864
O.num_zeros  : 8640/36864
Layer        : fc1_layer.0.weight
R.histogram  : tensor([  4.,  24., 385.,  61.,  22.,  10.,   1.,   3.,   1.,   1.],
       device='cuda:0')
R_sum max/min: 243.5/-103.1
F.num_zeros  : 1053827/2097152
W.num_zeros  : 0/2097152
O.num_zeros  : 1477904/2097152
Mask histogram conv1_layer.2.weight: 	 tensor([   0.,    0.,    0.,    0.,    0., 8192.,    0.,    0.,    0.,    0.,
           0.], device='cuda:0')
Mask histogram conv2_layer.2.weight: 	 tensor([   0., 1856.,  768., 1280.,  192.,    0.,    0.,    0.,    0.,    0.,
           0.], device='cuda:0')
Mask histogram fc1_layer.0.weight: 	 tensor([ 58., 183., 102.,  59.,  94.,  16.,   0.,   0.,   0.,   0.,   0.],
       device='cuda:0')
Task: 4,	 Epoch: 0/80,	 Avg.loss: 0.0015,	 Accuracy: 554/1000(55%)
Task: 4,	 Epoch: 1/80,	 Avg.loss: 0.0013,	 Accuracy: 600/1000(60%)
Task: 4,	 Epoch: 2/80,	 Avg.loss: 0.0012,	 Accuracy: 626/1000(63%)
Task: 4,	 Epoch: 3/80,	 Avg.loss: 0.0011,	 Accuracy: 647/1000(65%)
Task: 4,	 Epoch: 4/80,	 Avg.loss: 0.0011,	 Accuracy: 648/1000(65%)
Task: 4,	 Epoch: 5/80,	 Avg.loss: 0.0010,	 Accuracy: 668/1000(67%)
Task: 4,	 Epoch: 6/80,	 Avg.loss: 0.0010,	 Accuracy: 683/1000(68%)
Task: 4,	 Epoch: 7/80,	 Avg.loss: 0.0010,	 Accuracy: 682/1000(68%)
Task: 4,	 Epoch: 8/80,	 Avg.loss: 0.0010,	 Accuracy: 672/1000(67%)
Task: 4,	 Epoch: 9/80,	 Avg.loss: 0.0010,	 Accuracy: 699/1000(70%)
Task: 4,	 Epoch: 10/80,	 Avg.loss: 0.0010,	 Accuracy: 687/1000(69%)
Task: 4,	 Epoch: 11/80,	 Avg.loss: 0.0010,	 Accuracy: 686/1000(69%)
Task: 4,	 Epoch: 12/80,	 Avg.loss: 0.0009,	 Accuracy: 700/1000(70%)
Task: 4,	 Epoch: 13/80,	 Avg.loss: 0.0010,	 Accuracy: 691/1000(69%)
Task: 4,	 Epoch: 14/80,	 Avg.loss: 0.0010,	 Accuracy: 679/1000(68%)
Task: 4,	 Epoch: 15/80,	 Avg.loss: 0.0009,	 Accuracy: 692/1000(69%)
Task: 4,	 Epoch: 16/80,	 Avg.loss: 0.0010,	 Accuracy: 685/1000(68%)
Task: 4,	 Epoch: 17/80,	 Avg.loss: 0.0009,	 Accuracy: 703/1000(70%)
Task: 4,	 Epoch: 18/80,	 Avg.loss: 0.0010,	 Accuracy: 687/1000(69%)
Task: 4,	 Epoch: 19/80,	 Avg.loss: 0.0010,	 Accuracy: 688/1000(69%)
Task: 4,	 Epoch: 20/80,	 Avg.loss: 0.0009,	 Accuracy: 715/1000(72%)
Task: 4,	 Epoch: 21/80,	 Avg.loss: 0.0009,	 Accuracy: 693/1000(69%)
Task: 4,	 Epoch: 22/80,	 Avg.loss: 0.0009,	 Accuracy: 703/1000(70%)
Task: 4,	 Epoch: 23/80,	 Avg.loss: 0.0010,	 Accuracy: 682/1000(68%)
Task: 4,	 Epoch: 24/80,	 Avg.loss: 0.0009,	 Accuracy: 700/1000(70%)
Task: 4,	 Epoch: 25/80,	 Avg.loss: 0.0009,	 Accuracy: 725/1000(72%)
Task: 4,	 Epoch: 26/80,	 Avg.loss: 0.0009,	 Accuracy: 698/1000(70%)
Task: 4,	 Epoch: 27/80,	 Avg.loss: 0.0009,	 Accuracy: 710/1000(71%)
Task: 4,	 Epoch: 28/80,	 Avg.loss: 0.0009,	 Accuracy: 714/1000(71%)
Task: 4,	 Epoch: 29/80,	 Avg.loss: 0.0009,	 Accuracy: 721/1000(72%)
Task: 4,	 Epoch: 30/80,	 Avg.loss: 0.0009,	 Accuracy: 704/1000(70%)
Task: 4,	 Epoch: 31/80,	 Avg.loss: 0.0009,	 Accuracy: 697/1000(70%)
Task: 4,	 Epoch: 32/80,	 Avg.loss: 0.0009,	 Accuracy: 696/1000(70%)
Task: 4,	 Epoch: 33/80,	 Avg.loss: 0.0009,	 Accuracy: 713/1000(71%)
Task: 4,	 Epoch: 34/80,	 Avg.loss: 0.0009,	 Accuracy: 715/1000(72%)
Task: 4,	 Epoch: 35/80,	 Avg.loss: 0.0009,	 Accuracy: 725/1000(72%)
Task: 4,	 Epoch: 36/80,	 Avg.loss: 0.0009,	 Accuracy: 704/1000(70%)
Task: 4,	 Epoch: 37/80,	 Avg.loss: 0.0010,	 Accuracy: 705/1000(70%)
Task: 4,	 Epoch: 38/80,	 Avg.loss: 0.0009,	 Accuracy: 726/1000(73%)
Task: 4,	 Epoch: 39/80,	 Avg.loss: 0.0009,	 Accuracy: 704/1000(70%)
Task: 4,	 Epoch: 40/80,	 Avg.loss: 0.0009,	 Accuracy: 712/1000(71%)
Task: 4,	 Epoch: 41/80,	 Avg.loss: 0.0009,	 Accuracy: 705/1000(70%)
Task: 4,	 Epoch: 42/80,	 Avg.loss: 0.0009,	 Accuracy: 702/1000(70%)
Task: 4,	 Epoch: 43/80,	 Avg.loss: 0.0009,	 Accuracy: 714/1000(71%)
Task: 4,	 Epoch: 44/80,	 Avg.loss: 0.0009,	 Accuracy: 724/1000(72%)
Task: 4,	 Epoch: 45/80,	 Avg.loss: 0.0009,	 Accuracy: 721/1000(72%)
Task: 4,	 Epoch: 46/80,	 Avg.loss: 0.0009,	 Accuracy: 720/1000(72%)
Task: 4,	 Epoch: 47/80,	 Avg.loss: 0.0009,	 Accuracy: 722/1000(72%)
Task: 4,	 Epoch: 48/80,	 Avg.loss: 0.0010,	 Accuracy: 688/1000(69%)
Task: 4,	 Epoch: 49/80,	 Avg.loss: 0.0009,	 Accuracy: 716/1000(72%)
Task: 4,	 Epoch: 50/80,	 Avg.loss: 0.0009,	 Accuracy: 727/1000(73%)
Task: 4,	 Epoch: 51/80,	 Avg.loss: 0.0009,	 Accuracy: 727/1000(73%)
Task: 4,	 Epoch: 52/80,	 Avg.loss: 0.0009,	 Accuracy: 729/1000(73%)
Task: 4,	 Epoch: 53/80,	 Avg.loss: 0.0009,	 Accuracy: 732/1000(73%)
Task: 4,	 Epoch: 54/80,	 Avg.loss: 0.0009,	 Accuracy: 729/1000(73%)
Task: 4,	 Epoch: 55/80,	 Avg.loss: 0.0009,	 Accuracy: 726/1000(73%)
Task: 4,	 Epoch: 56/80,	 Avg.loss: 0.0009,	 Accuracy: 731/1000(73%)
Task: 4,	 Epoch: 57/80,	 Avg.loss: 0.0009,	 Accuracy: 726/1000(73%)
Task: 4,	 Epoch: 58/80,	 Avg.loss: 0.0009,	 Accuracy: 726/1000(73%)
Task: 4,	 Epoch: 59/80,	 Avg.loss: 0.0009,	 Accuracy: 727/1000(73%)
Task: 4,	 Epoch: 60/80,	 Avg.loss: 0.0009,	 Accuracy: 728/1000(73%)
Task: 4,	 Epoch: 61/80,	 Avg.loss: 0.0009,	 Accuracy: 732/1000(73%)
Task: 4,	 Epoch: 62/80,	 Avg.loss: 0.0009,	 Accuracy: 729/1000(73%)
Task: 4,	 Epoch: 63/80,	 Avg.loss: 0.0009,	 Accuracy: 730/1000(73%)
Task: 4,	 Epoch: 64/80,	 Avg.loss: 0.0009,	 Accuracy: 731/1000(73%)
Task: 4,	 Epoch: 65/80,	 Avg.loss: 0.0009,	 Accuracy: 731/1000(73%)
Task: 4,	 Epoch: 66/80,	 Avg.loss: 0.0009,	 Accuracy: 733/1000(73%)
Task: 4,	 Epoch: 67/80,	 Avg.loss: 0.0009,	 Accuracy: 729/1000(73%)
Task: 4,	 Epoch: 68/80,	 Avg.loss: 0.0009,	 Accuracy: 734/1000(73%)
Task: 4,	 Epoch: 69/80,	 Avg.loss: 0.0009,	 Accuracy: 725/1000(72%)
Task: 4,	 Epoch: 70/80,	 Avg.loss: 0.0009,	 Accuracy: 729/1000(73%)
Task: 4,	 Epoch: 71/80,	 Avg.loss: 0.0009,	 Accuracy: 727/1000(73%)
Task: 4,	 Epoch: 72/80,	 Avg.loss: 0.0009,	 Accuracy: 727/1000(73%)
Task: 4,	 Epoch: 73/80,	 Avg.loss: 0.0009,	 Accuracy: 726/1000(73%)
Task: 4,	 Epoch: 74/80,	 Avg.loss: 0.0009,	 Accuracy: 725/1000(72%)
Task: 4,	 Epoch: 75/80,	 Avg.loss: 0.0009,	 Accuracy: 732/1000(73%)
Task: 4,	 Epoch: 76/80,	 Avg.loss: 0.0009,	 Accuracy: 727/1000(73%)
Task: 4,	 Epoch: 77/80,	 Avg.loss: 0.0009,	 Accuracy: 728/1000(73%)
Task: 4,	 Epoch: 78/80,	 Avg.loss: 0.0009,	 Accuracy: 728/1000(73%)
Task: 4,	 Epoch: 79/80,	 Avg.loss: 0.0009,	 Accuracy: 728/1000(73%)
Trained Task:4, Loaded task:0, Accuracy:84.1%
Trained Task:4, Loaded task:1, Accuracy:78.9%
Trained Task:4, Loaded task:2, Accuracy:71.8%
Trained Task:4, Loaded task:3, Accuracy:66.3%
Trained Task:4, Loaded task:4, Accuracy:72.8%
Trained Task:4, Avg. Accuracy: 74.8 

List of avg. accuracy: [85.9, 83.4, 79.4, 76.3, 74.8]
Layer        : conv1_layer.2.weight
R.histogram  : tensor([ 2.,  0.,  2.,  3., 12.,  6.,  2.,  3.,  0.,  2.], device='cuda:0')
R_sum max/min: 16.0/-18.9
F.num_zeros  : 288/9216
W.num_zeros  : 0/9216
O.num_zeros  : 288/9216
Layer        : conv2_layer.2.weight
R.histogram  : tensor([ 4.,  0.,  2.,  5.,  2.,  9., 14., 12., 15.,  1.], device='cuda:0')
R_sum max/min: 8.1/-41.0
F.num_zeros  : 8640/36864
W.num_zeros  : 0/36864
O.num_zeros  : 8640/36864
Layer        : fc1_layer.0.weight
R.histogram  : tensor([  4.,  33., 398.,  48.,  20.,   4.,   3.,   1.,   0.,   1.],
       device='cuda:0')
R_sum max/min: 278.4/-111.1
F.num_zeros  : 1024972/2097152
W.num_zeros  : 0/2097152
O.num_zeros  : 1452786/2097152
Mask histogram conv1_layer.2.weight: 	 tensor([   0.,    0.,    0.,    0.,    0.,    0., 8192.,    0.,    0.,    0.,
           0.], device='cuda:0')
Mask histogram conv2_layer.2.weight: 	 tensor([   0., 1536.,  896.,  576.,  896.,  192.,    0.,    0.,    0.,    0.,
           0.], device='cuda:0')
Mask histogram fc1_layer.0.weight: 	 tensor([ 27., 173., 127.,  56.,  30.,  85.,  14.,   0.,   0.,   0.,   0.],
       device='cuda:0')
Task: 5,	 Epoch: 0/80,	 Avg.loss: 0.0012,	 Accuracy: 579/1000(58%)
Task: 5,	 Epoch: 1/80,	 Avg.loss: 0.0010,	 Accuracy: 624/1000(62%)
Task: 5,	 Epoch: 2/80,	 Avg.loss: 0.0010,	 Accuracy: 636/1000(64%)
Task: 5,	 Epoch: 3/80,	 Avg.loss: 0.0010,	 Accuracy: 643/1000(64%)
Task: 5,	 Epoch: 4/80,	 Avg.loss: 0.0010,	 Accuracy: 636/1000(64%)
Task: 5,	 Epoch: 5/80,	 Avg.loss: 0.0010,	 Accuracy: 673/1000(67%)
Task: 5,	 Epoch: 6/80,	 Avg.loss: 0.0009,	 Accuracy: 667/1000(67%)
Task: 5,	 Epoch: 7/80,	 Avg.loss: 0.0010,	 Accuracy: 654/1000(65%)
Task: 5,	 Epoch: 8/80,	 Avg.loss: 0.0009,	 Accuracy: 676/1000(68%)
Task: 5,	 Epoch: 9/80,	 Avg.loss: 0.0009,	 Accuracy: 685/1000(68%)
Task: 5,	 Epoch: 10/80,	 Avg.loss: 0.0009,	 Accuracy: 655/1000(66%)
Task: 5,	 Epoch: 11/80,	 Avg.loss: 0.0009,	 Accuracy: 674/1000(67%)
Task: 5,	 Epoch: 12/80,	 Avg.loss: 0.0009,	 Accuracy: 672/1000(67%)
Task: 5,	 Epoch: 13/80,	 Avg.loss: 0.0009,	 Accuracy: 661/1000(66%)
Task: 5,	 Epoch: 14/80,	 Avg.loss: 0.0009,	 Accuracy: 677/1000(68%)
Task: 5,	 Epoch: 15/80,	 Avg.loss: 0.0009,	 Accuracy: 672/1000(67%)
Task: 5,	 Epoch: 16/80,	 Avg.loss: 0.0009,	 Accuracy: 686/1000(69%)
Task: 5,	 Epoch: 17/80,	 Avg.loss: 0.0009,	 Accuracy: 681/1000(68%)
Task: 5,	 Epoch: 18/80,	 Avg.loss: 0.0009,	 Accuracy: 678/1000(68%)
Task: 5,	 Epoch: 19/80,	 Avg.loss: 0.0009,	 Accuracy: 684/1000(68%)
Task: 5,	 Epoch: 20/80,	 Avg.loss: 0.0009,	 Accuracy: 679/1000(68%)
Task: 5,	 Epoch: 21/80,	 Avg.loss: 0.0009,	 Accuracy: 690/1000(69%)
Task: 5,	 Epoch: 22/80,	 Avg.loss: 0.0009,	 Accuracy: 693/1000(69%)
Task: 5,	 Epoch: 23/80,	 Avg.loss: 0.0009,	 Accuracy: 694/1000(69%)
Task: 5,	 Epoch: 24/80,	 Avg.loss: 0.0009,	 Accuracy: 671/1000(67%)
Task: 5,	 Epoch: 25/80,	 Avg.loss: 0.0010,	 Accuracy: 673/1000(67%)
Task: 5,	 Epoch: 26/80,	 Avg.loss: 0.0009,	 Accuracy: 683/1000(68%)
Task: 5,	 Epoch: 27/80,	 Avg.loss: 0.0009,	 Accuracy: 708/1000(71%)
Task: 5,	 Epoch: 28/80,	 Avg.loss: 0.0009,	 Accuracy: 688/1000(69%)
Task: 5,	 Epoch: 29/80,	 Avg.loss: 0.0009,	 Accuracy: 702/1000(70%)
Task: 5,	 Epoch: 30/80,	 Avg.loss: 0.0010,	 Accuracy: 679/1000(68%)
Task: 5,	 Epoch: 31/80,	 Avg.loss: 0.0009,	 Accuracy: 693/1000(69%)
Task: 5,	 Epoch: 32/80,	 Avg.loss: 0.0009,	 Accuracy: 709/1000(71%)
Task: 5,	 Epoch: 33/80,	 Avg.loss: 0.0008,	 Accuracy: 708/1000(71%)
Task: 5,	 Epoch: 34/80,	 Avg.loss: 0.0008,	 Accuracy: 711/1000(71%)
Task: 5,	 Epoch: 35/80,	 Avg.loss: 0.0008,	 Accuracy: 704/1000(70%)
Task: 5,	 Epoch: 36/80,	 Avg.loss: 0.0008,	 Accuracy: 730/1000(73%)
Task: 5,	 Epoch: 37/80,	 Avg.loss: 0.0008,	 Accuracy: 720/1000(72%)
Task: 5,	 Epoch: 38/80,	 Avg.loss: 0.0008,	 Accuracy: 715/1000(72%)
Task: 5,	 Epoch: 39/80,	 Avg.loss: 0.0008,	 Accuracy: 726/1000(73%)
Task: 5,	 Epoch: 40/80,	 Avg.loss: 0.0008,	 Accuracy: 710/1000(71%)
Task: 5,	 Epoch: 41/80,	 Avg.loss: 0.0008,	 Accuracy: 713/1000(71%)
Task: 5,	 Epoch: 42/80,	 Avg.loss: 0.0008,	 Accuracy: 717/1000(72%)
Task: 5,	 Epoch: 43/80,	 Avg.loss: 0.0008,	 Accuracy: 713/1000(71%)
Task: 5,	 Epoch: 44/80,	 Avg.loss: 0.0008,	 Accuracy: 734/1000(73%)
Task: 5,	 Epoch: 45/80,	 Avg.loss: 0.0008,	 Accuracy: 727/1000(73%)
Task: 5,	 Epoch: 46/80,	 Avg.loss: 0.0008,	 Accuracy: 728/1000(73%)
Task: 5,	 Epoch: 47/80,	 Avg.loss: 0.0009,	 Accuracy: 700/1000(70%)
Task: 5,	 Epoch: 48/80,	 Avg.loss: 0.0008,	 Accuracy: 718/1000(72%)
Task: 5,	 Epoch: 49/80,	 Avg.loss: 0.0008,	 Accuracy: 744/1000(74%)
Task: 5,	 Epoch: 50/80,	 Avg.loss: 0.0008,	 Accuracy: 734/1000(73%)
Task: 5,	 Epoch: 51/80,	 Avg.loss: 0.0008,	 Accuracy: 746/1000(75%)
Task: 5,	 Epoch: 52/80,	 Avg.loss: 0.0008,	 Accuracy: 744/1000(74%)
Task: 5,	 Epoch: 53/80,	 Avg.loss: 0.0008,	 Accuracy: 742/1000(74%)
Task: 5,	 Epoch: 54/80,	 Avg.loss: 0.0008,	 Accuracy: 740/1000(74%)
Task: 5,	 Epoch: 55/80,	 Avg.loss: 0.0008,	 Accuracy: 741/1000(74%)
Task: 5,	 Epoch: 56/80,	 Avg.loss: 0.0008,	 Accuracy: 743/1000(74%)
Task: 5,	 Epoch: 57/80,	 Avg.loss: 0.0008,	 Accuracy: 738/1000(74%)
Task: 5,	 Epoch: 58/80,	 Avg.loss: 0.0008,	 Accuracy: 735/1000(74%)
Task: 5,	 Epoch: 59/80,	 Avg.loss: 0.0008,	 Accuracy: 742/1000(74%)
Task: 5,	 Epoch: 60/80,	 Avg.loss: 0.0008,	 Accuracy: 738/1000(74%)
Task: 5,	 Epoch: 61/80,	 Avg.loss: 0.0008,	 Accuracy: 742/1000(74%)
Task: 5,	 Epoch: 62/80,	 Avg.loss: 0.0008,	 Accuracy: 741/1000(74%)
Task: 5,	 Epoch: 63/80,	 Avg.loss: 0.0008,	 Accuracy: 738/1000(74%)
Task: 5,	 Epoch: 64/80,	 Avg.loss: 0.0008,	 Accuracy: 740/1000(74%)
Task: 5,	 Epoch: 65/80,	 Avg.loss: 0.0008,	 Accuracy: 736/1000(74%)
Task: 5,	 Epoch: 66/80,	 Avg.loss: 0.0008,	 Accuracy: 736/1000(74%)
Task: 5,	 Epoch: 67/80,	 Avg.loss: 0.0008,	 Accuracy: 743/1000(74%)
Task: 5,	 Epoch: 68/80,	 Avg.loss: 0.0008,	 Accuracy: 737/1000(74%)
Task: 5,	 Epoch: 69/80,	 Avg.loss: 0.0008,	 Accuracy: 741/1000(74%)
Task: 5,	 Epoch: 70/80,	 Avg.loss: 0.0008,	 Accuracy: 736/1000(74%)
Task: 5,	 Epoch: 71/80,	 Avg.loss: 0.0008,	 Accuracy: 741/1000(74%)
Task: 5,	 Epoch: 72/80,	 Avg.loss: 0.0008,	 Accuracy: 743/1000(74%)
Task: 5,	 Epoch: 73/80,	 Avg.loss: 0.0008,	 Accuracy: 738/1000(74%)
Task: 5,	 Epoch: 74/80,	 Avg.loss: 0.0008,	 Accuracy: 745/1000(74%)
Task: 5,	 Epoch: 75/80,	 Avg.loss: 0.0008,	 Accuracy: 744/1000(74%)
Task: 5,	 Epoch: 76/80,	 Avg.loss: 0.0008,	 Accuracy: 742/1000(74%)
Task: 5,	 Epoch: 77/80,	 Avg.loss: 0.0008,	 Accuracy: 743/1000(74%)
Task: 5,	 Epoch: 78/80,	 Avg.loss: 0.0008,	 Accuracy: 736/1000(74%)
Task: 5,	 Epoch: 79/80,	 Avg.loss: 0.0008,	 Accuracy: 742/1000(74%)
Trained Task:5, Loaded task:0, Accuracy:83.7%
Trained Task:5, Loaded task:1, Accuracy:77.3%
Trained Task:5, Loaded task:2, Accuracy:70.8%
Trained Task:5, Loaded task:3, Accuracy:63.1%
Trained Task:5, Loaded task:4, Accuracy:71.4%
Trained Task:5, Loaded task:5, Accuracy:74.2%
Trained Task:5, Avg. Accuracy: 73.4 

List of avg. accuracy: [85.9, 83.4, 79.4, 76.3, 74.8, 73.4]
Layer        : conv1_layer.2.weight
R.histogram  : tensor([3., 0., 3., 2., 3., 4., 5., 4., 4., 4.], device='cuda:0')
R_sum max/min: 3.6/-18.2
F.num_zeros  : 288/9216
W.num_zeros  : 0/9216
O.num_zeros  : 288/9216
Layer        : conv2_layer.2.weight
R.histogram  : tensor([ 3.,  3.,  2.,  4.,  4.,  8.,  7., 11.,  7., 15.], device='cuda:0')
R_sum max/min: 0.0/-39.8
F.num_zeros  : 8064/36864
W.num_zeros  : 0/36864
O.num_zeros  : 8064/36864
Layer        : fc1_layer.0.weight
R.histogram  : tensor([  3.,  16., 184., 273.,  19.,   9.,   5.,   0.,   1.,   2.],
       device='cuda:0')
R_sum max/min: 225.1/-109.7
F.num_zeros  : 914158/2097152
W.num_zeros  : 0/2097152
O.num_zeros  : 1412627/2097152
Mask histogram conv1_layer.2.weight: 	 tensor([   0.,    0.,    0.,    0.,    0.,    0.,    0., 8192.,    0.,    0.,
           0.], device='cuda:0')
Mask histogram conv2_layer.2.weight: 	 tensor([   0., 1088., 1152.,  704.,  192.,  832.,  128.,    0.,    0.,    0.,
           0.], device='cuda:0')
Mask histogram fc1_layer.0.weight: 	 tensor([  0., 174., 110.,  85.,  28.,  36.,  66.,  13.,   0.,   0.,   0.],
       device='cuda:0')
Task: 6,	 Epoch: 0/80,	 Avg.loss: 0.0011,	 Accuracy: 603/1000(60%)
Task: 6,	 Epoch: 1/80,	 Avg.loss: 0.0010,	 Accuracy: 661/1000(66%)
Task: 6,	 Epoch: 2/80,	 Avg.loss: 0.0010,	 Accuracy: 662/1000(66%)
Task: 6,	 Epoch: 3/80,	 Avg.loss: 0.0010,	 Accuracy: 655/1000(66%)
Task: 6,	 Epoch: 4/80,	 Avg.loss: 0.0009,	 Accuracy: 697/1000(70%)
Task: 6,	 Epoch: 5/80,	 Avg.loss: 0.0009,	 Accuracy: 692/1000(69%)
Task: 6,	 Epoch: 6/80,	 Avg.loss: 0.0009,	 Accuracy: 689/1000(69%)
Task: 6,	 Epoch: 7/80,	 Avg.loss: 0.0009,	 Accuracy: 710/1000(71%)
Task: 6,	 Epoch: 8/80,	 Avg.loss: 0.0009,	 Accuracy: 688/1000(69%)
Task: 6,	 Epoch: 9/80,	 Avg.loss: 0.0009,	 Accuracy: 700/1000(70%)
Task: 6,	 Epoch: 10/80,	 Avg.loss: 0.0009,	 Accuracy: 706/1000(71%)
Task: 6,	 Epoch: 11/80,	 Avg.loss: 0.0009,	 Accuracy: 711/1000(71%)
Task: 6,	 Epoch: 12/80,	 Avg.loss: 0.0008,	 Accuracy: 725/1000(72%)
Task: 6,	 Epoch: 13/80,	 Avg.loss: 0.0009,	 Accuracy: 701/1000(70%)
Task: 6,	 Epoch: 14/80,	 Avg.loss: 0.0008,	 Accuracy: 706/1000(71%)
Task: 6,	 Epoch: 15/80,	 Avg.loss: 0.0009,	 Accuracy: 713/1000(71%)
Task: 6,	 Epoch: 16/80,	 Avg.loss: 0.0009,	 Accuracy: 690/1000(69%)
Task: 6,	 Epoch: 17/80,	 Avg.loss: 0.0008,	 Accuracy: 703/1000(70%)
Task: 6,	 Epoch: 18/80,	 Avg.loss: 0.0008,	 Accuracy: 717/1000(72%)
Task: 6,	 Epoch: 19/80,	 Avg.loss: 0.0008,	 Accuracy: 712/1000(71%)
Task: 6,	 Epoch: 20/80,	 Avg.loss: 0.0009,	 Accuracy: 691/1000(69%)
Task: 6,	 Epoch: 21/80,	 Avg.loss: 0.0008,	 Accuracy: 701/1000(70%)
Task: 6,	 Epoch: 22/80,	 Avg.loss: 0.0008,	 Accuracy: 716/1000(72%)
Task: 6,	 Epoch: 23/80,	 Avg.loss: 0.0008,	 Accuracy: 714/1000(71%)
Task: 6,	 Epoch: 24/80,	 Avg.loss: 0.0010,	 Accuracy: 683/1000(68%)
Task: 6,	 Epoch: 25/80,	 Avg.loss: 0.0008,	 Accuracy: 705/1000(70%)
Task: 6,	 Epoch: 26/80,	 Avg.loss: 0.0008,	 Accuracy: 719/1000(72%)
Task: 6,	 Epoch: 27/80,	 Avg.loss: 0.0008,	 Accuracy: 702/1000(70%)
Task: 6,	 Epoch: 28/80,	 Avg.loss: 0.0008,	 Accuracy: 717/1000(72%)
Task: 6,	 Epoch: 29/80,	 Avg.loss: 0.0008,	 Accuracy: 699/1000(70%)
Task: 6,	 Epoch: 30/80,	 Avg.loss: 0.0008,	 Accuracy: 714/1000(71%)
Task: 6,	 Epoch: 31/80,	 Avg.loss: 0.0008,	 Accuracy: 716/1000(72%)
Task: 6,	 Epoch: 32/80,	 Avg.loss: 0.0008,	 Accuracy: 717/1000(72%)
Task: 6,	 Epoch: 33/80,	 Avg.loss: 0.0009,	 Accuracy: 694/1000(69%)
Task: 6,	 Epoch: 34/80,	 Avg.loss: 0.0008,	 Accuracy: 707/1000(71%)
Task: 6,	 Epoch: 35/80,	 Avg.loss: 0.0008,	 Accuracy: 708/1000(71%)
Task: 6,	 Epoch: 36/80,	 Avg.loss: 0.0009,	 Accuracy: 709/1000(71%)
Task: 6,	 Epoch: 37/80,	 Avg.loss: 0.0008,	 Accuracy: 725/1000(72%)
Task: 6,	 Epoch: 38/80,	 Avg.loss: 0.0009,	 Accuracy: 711/1000(71%)
Task: 6,	 Epoch: 39/80,	 Avg.loss: 0.0008,	 Accuracy: 711/1000(71%)
Task: 6,	 Epoch: 40/80,	 Avg.loss: 0.0008,	 Accuracy: 711/1000(71%)
Task: 6,	 Epoch: 41/80,	 Avg.loss: 0.0008,	 Accuracy: 712/1000(71%)
Task: 6,	 Epoch: 42/80,	 Avg.loss: 0.0008,	 Accuracy: 704/1000(70%)
Task: 6,	 Epoch: 43/80,	 Avg.loss: 0.0009,	 Accuracy: 714/1000(71%)
Task: 6,	 Epoch: 44/80,	 Avg.loss: 0.0008,	 Accuracy: 720/1000(72%)
Task: 6,	 Epoch: 45/80,	 Avg.loss: 0.0009,	 Accuracy: 701/1000(70%)
Task: 6,	 Epoch: 46/80,	 Avg.loss: 0.0009,	 Accuracy: 697/1000(70%)
Task: 6,	 Epoch: 47/80,	 Avg.loss: 0.0008,	 Accuracy: 704/1000(70%)
Task: 6,	 Epoch: 48/80,	 Avg.loss: 0.0009,	 Accuracy: 695/1000(70%)
Task: 6,	 Epoch: 49/80,	 Avg.loss: 0.0008,	 Accuracy: 708/1000(71%)
Task: 6,	 Epoch: 50/80,	 Avg.loss: 0.0008,	 Accuracy: 721/1000(72%)
Task: 6,	 Epoch: 51/80,	 Avg.loss: 0.0008,	 Accuracy: 718/1000(72%)
Task: 6,	 Epoch: 52/80,	 Avg.loss: 0.0008,	 Accuracy: 718/1000(72%)
Task: 6,	 Epoch: 53/80,	 Avg.loss: 0.0008,	 Accuracy: 717/1000(72%)
Task: 6,	 Epoch: 54/80,	 Avg.loss: 0.0008,	 Accuracy: 714/1000(71%)
Task: 6,	 Epoch: 55/80,	 Avg.loss: 0.0008,	 Accuracy: 715/1000(72%)
Task: 6,	 Epoch: 56/80,	 Avg.loss: 0.0008,	 Accuracy: 714/1000(71%)
Task: 6,	 Epoch: 57/80,	 Avg.loss: 0.0008,	 Accuracy: 719/1000(72%)
Task: 6,	 Epoch: 58/80,	 Avg.loss: 0.0008,	 Accuracy: 718/1000(72%)
Task: 6,	 Epoch: 59/80,	 Avg.loss: 0.0008,	 Accuracy: 718/1000(72%)
Task: 6,	 Epoch: 60/80,	 Avg.loss: 0.0008,	 Accuracy: 713/1000(71%)
Task: 6,	 Epoch: 61/80,	 Avg.loss: 0.0008,	 Accuracy: 712/1000(71%)
Task: 6,	 Epoch: 62/80,	 Avg.loss: 0.0008,	 Accuracy: 716/1000(72%)
Task: 6,	 Epoch: 63/80,	 Avg.loss: 0.0008,	 Accuracy: 716/1000(72%)
Task: 6,	 Epoch: 64/80,	 Avg.loss: 0.0008,	 Accuracy: 714/1000(71%)
Task: 6,	 Epoch: 65/80,	 Avg.loss: 0.0008,	 Accuracy: 719/1000(72%)
Task: 6,	 Epoch: 66/80,	 Avg.loss: 0.0008,	 Accuracy: 723/1000(72%)
Task: 6,	 Epoch: 67/80,	 Avg.loss: 0.0008,	 Accuracy: 724/1000(72%)
Task: 6,	 Epoch: 68/80,	 Avg.loss: 0.0008,	 Accuracy: 721/1000(72%)
Task: 6,	 Epoch: 69/80,	 Avg.loss: 0.0008,	 Accuracy: 718/1000(72%)
Task: 6,	 Epoch: 70/80,	 Avg.loss: 0.0008,	 Accuracy: 719/1000(72%)
Task: 6,	 Epoch: 71/80,	 Avg.loss: 0.0008,	 Accuracy: 723/1000(72%)
Task: 6,	 Epoch: 72/80,	 Avg.loss: 0.0008,	 Accuracy: 721/1000(72%)
Task: 6,	 Epoch: 73/80,	 Avg.loss: 0.0008,	 Accuracy: 722/1000(72%)
Task: 6,	 Epoch: 74/80,	 Avg.loss: 0.0008,	 Accuracy: 720/1000(72%)
Task: 6,	 Epoch: 75/80,	 Avg.loss: 0.0008,	 Accuracy: 719/1000(72%)
Task: 6,	 Epoch: 76/80,	 Avg.loss: 0.0008,	 Accuracy: 723/1000(72%)
Task: 6,	 Epoch: 77/80,	 Avg.loss: 0.0008,	 Accuracy: 719/1000(72%)
Task: 6,	 Epoch: 78/80,	 Avg.loss: 0.0008,	 Accuracy: 722/1000(72%)
Task: 6,	 Epoch: 79/80,	 Avg.loss: 0.0008,	 Accuracy: 714/1000(71%)
Trained Task:6, Loaded task:0, Accuracy:81.5%
Trained Task:6, Loaded task:1, Accuracy:76.0%
Trained Task:6, Loaded task:2, Accuracy:70.4%
Trained Task:6, Loaded task:3, Accuracy:63.6%
Trained Task:6, Loaded task:4, Accuracy:70.9%
Trained Task:6, Loaded task:5, Accuracy:72.7%
Trained Task:6, Loaded task:6, Accuracy:71.4%
Trained Task:6, Avg. Accuracy: 72.4 

List of avg. accuracy: [85.9, 83.4, 79.4, 76.3, 74.8, 73.4, 72.4]
Layer        : conv1_layer.2.weight
R.histogram  : tensor([3., 2., 0., 5., 3., 3., 4., 5., 4., 3.], device='cuda:0')
R_sum max/min: 4.7/-17.8
F.num_zeros  : 288/9216
W.num_zeros  : 0/9216
O.num_zeros  : 288/9216
Layer        : conv2_layer.2.weight
R.histogram  : tensor([ 5.,  1.,  4.,  3.,  7.,  7., 11.,  9.,  3., 14.], device='cuda:0')
R_sum max/min: 0.0/-37.6
F.num_zeros  : 8064/36864
W.num_zeros  : 0/36864
O.num_zeros  : 8064/36864
Layer        : fc1_layer.0.weight
R.histogram  : tensor([  4.,  32., 403.,  47.,  17.,   5.,   0.,   1.,   0.,   3.],
       device='cuda:0')
R_sum max/min: 292.6/-117.0
F.num_zeros  : 830358/2097152
W.num_zeros  : 0/2097152
O.num_zeros  : 1375435/2097152
Mask histogram conv1_layer.2.weight: 	 tensor([   0.,    0.,    0.,    0.,    0.,    0.,    0.,    0., 8192.,    0.,
           0.], device='cuda:0')
Mask histogram conv2_layer.2.weight: 	 tensor([   0., 1024.,  832.,  896.,  320.,  128.,  768.,  128.,    0.,    0.,
           0.], device='cuda:0')
Mask histogram fc1_layer.0.weight: 	 tensor([  0., 143., 116.,  70.,  56.,  27.,  25.,  62.,  13.,   0.,   0.],
       device='cuda:0')
Task: 7,	 Epoch: 0/80,	 Avg.loss: 0.0012,	 Accuracy: 556/1000(56%)
Task: 7,	 Epoch: 1/80,	 Avg.loss: 0.0012,	 Accuracy: 590/1000(59%)
Task: 7,	 Epoch: 2/80,	 Avg.loss: 0.0011,	 Accuracy: 608/1000(61%)
Task: 7,	 Epoch: 3/80,	 Avg.loss: 0.0011,	 Accuracy: 630/1000(63%)
Task: 7,	 Epoch: 4/80,	 Avg.loss: 0.0011,	 Accuracy: 626/1000(63%)
Task: 7,	 Epoch: 5/80,	 Avg.loss: 0.0011,	 Accuracy: 615/1000(62%)
Task: 7,	 Epoch: 6/80,	 Avg.loss: 0.0010,	 Accuracy: 652/1000(65%)
Task: 7,	 Epoch: 7/80,	 Avg.loss: 0.0011,	 Accuracy: 621/1000(62%)
Task: 7,	 Epoch: 8/80,	 Avg.loss: 0.0010,	 Accuracy: 660/1000(66%)
Task: 7,	 Epoch: 9/80,	 Avg.loss: 0.0010,	 Accuracy: 644/1000(64%)
Task: 7,	 Epoch: 10/80,	 Avg.loss: 0.0010,	 Accuracy: 652/1000(65%)
Task: 7,	 Epoch: 11/80,	 Avg.loss: 0.0010,	 Accuracy: 655/1000(66%)
Task: 7,	 Epoch: 12/80,	 Avg.loss: 0.0011,	 Accuracy: 626/1000(63%)
Task: 7,	 Epoch: 13/80,	 Avg.loss: 0.0010,	 Accuracy: 655/1000(66%)
Task: 7,	 Epoch: 14/80,	 Avg.loss: 0.0010,	 Accuracy: 653/1000(65%)
Task: 7,	 Epoch: 15/80,	 Avg.loss: 0.0010,	 Accuracy: 649/1000(65%)
Task: 7,	 Epoch: 16/80,	 Avg.loss: 0.0010,	 Accuracy: 663/1000(66%)
Task: 7,	 Epoch: 17/80,	 Avg.loss: 0.0010,	 Accuracy: 677/1000(68%)
Task: 7,	 Epoch: 18/80,	 Avg.loss: 0.0009,	 Accuracy: 682/1000(68%)
Task: 7,	 Epoch: 19/80,	 Avg.loss: 0.0010,	 Accuracy: 664/1000(66%)
Task: 7,	 Epoch: 20/80,	 Avg.loss: 0.0010,	 Accuracy: 680/1000(68%)
Task: 7,	 Epoch: 21/80,	 Avg.loss: 0.0010,	 Accuracy: 656/1000(66%)
Task: 7,	 Epoch: 22/80,	 Avg.loss: 0.0009,	 Accuracy: 676/1000(68%)
Task: 7,	 Epoch: 23/80,	 Avg.loss: 0.0010,	 Accuracy: 658/1000(66%)
Task: 7,	 Epoch: 24/80,	 Avg.loss: 0.0010,	 Accuracy: 678/1000(68%)
Task: 7,	 Epoch: 25/80,	 Avg.loss: 0.0009,	 Accuracy: 690/1000(69%)
Task: 7,	 Epoch: 26/80,	 Avg.loss: 0.0009,	 Accuracy: 691/1000(69%)
Task: 7,	 Epoch: 27/80,	 Avg.loss: 0.0009,	 Accuracy: 698/1000(70%)
Task: 7,	 Epoch: 28/80,	 Avg.loss: 0.0009,	 Accuracy: 672/1000(67%)
Task: 7,	 Epoch: 29/80,	 Avg.loss: 0.0010,	 Accuracy: 650/1000(65%)
Task: 7,	 Epoch: 30/80,	 Avg.loss: 0.0010,	 Accuracy: 676/1000(68%)
Task: 7,	 Epoch: 31/80,	 Avg.loss: 0.0010,	 Accuracy: 676/1000(68%)
Task: 7,	 Epoch: 32/80,	 Avg.loss: 0.0009,	 Accuracy: 683/1000(68%)
Task: 7,	 Epoch: 33/80,	 Avg.loss: 0.0010,	 Accuracy: 671/1000(67%)
Task: 7,	 Epoch: 34/80,	 Avg.loss: 0.0010,	 Accuracy: 669/1000(67%)
Task: 7,	 Epoch: 35/80,	 Avg.loss: 0.0009,	 Accuracy: 687/1000(69%)
Task: 7,	 Epoch: 36/80,	 Avg.loss: 0.0009,	 Accuracy: 695/1000(70%)
Task: 7,	 Epoch: 37/80,	 Avg.loss: 0.0010,	 Accuracy: 656/1000(66%)
Task: 7,	 Epoch: 38/80,	 Avg.loss: 0.0010,	 Accuracy: 684/1000(68%)
Task: 7,	 Epoch: 39/80,	 Avg.loss: 0.0009,	 Accuracy: 690/1000(69%)
Task: 7,	 Epoch: 40/80,	 Avg.loss: 0.0009,	 Accuracy: 696/1000(70%)
Task: 7,	 Epoch: 41/80,	 Avg.loss: 0.0010,	 Accuracy: 668/1000(67%)
Task: 7,	 Epoch: 42/80,	 Avg.loss: 0.0010,	 Accuracy: 690/1000(69%)
Task: 7,	 Epoch: 43/80,	 Avg.loss: 0.0009,	 Accuracy: 690/1000(69%)
Task: 7,	 Epoch: 44/80,	 Avg.loss: 0.0009,	 Accuracy: 696/1000(70%)
Task: 7,	 Epoch: 45/80,	 Avg.loss: 0.0009,	 Accuracy: 692/1000(69%)
Task: 7,	 Epoch: 46/80,	 Avg.loss: 0.0010,	 Accuracy: 683/1000(68%)
Task: 7,	 Epoch: 47/80,	 Avg.loss: 0.0009,	 Accuracy: 689/1000(69%)
Task: 7,	 Epoch: 48/80,	 Avg.loss: 0.0009,	 Accuracy: 694/1000(69%)
Task: 7,	 Epoch: 49/80,	 Avg.loss: 0.0009,	 Accuracy: 698/1000(70%)
Task: 7,	 Epoch: 50/80,	 Avg.loss: 0.0009,	 Accuracy: 691/1000(69%)
Task: 7,	 Epoch: 51/80,	 Avg.loss: 0.0009,	 Accuracy: 690/1000(69%)
Task: 7,	 Epoch: 52/80,	 Avg.loss: 0.0009,	 Accuracy: 689/1000(69%)
Task: 7,	 Epoch: 53/80,	 Avg.loss: 0.0009,	 Accuracy: 688/1000(69%)
Task: 7,	 Epoch: 54/80,	 Avg.loss: 0.0009,	 Accuracy: 699/1000(70%)
Task: 7,	 Epoch: 55/80,	 Avg.loss: 0.0009,	 Accuracy: 692/1000(69%)
Task: 7,	 Epoch: 56/80,	 Avg.loss: 0.0009,	 Accuracy: 695/1000(70%)
Task: 7,	 Epoch: 57/80,	 Avg.loss: 0.0009,	 Accuracy: 689/1000(69%)
Task: 7,	 Epoch: 58/80,	 Avg.loss: 0.0009,	 Accuracy: 696/1000(70%)
Task: 7,	 Epoch: 59/80,	 Avg.loss: 0.0009,	 Accuracy: 691/1000(69%)
Task: 7,	 Epoch: 60/80,	 Avg.loss: 0.0009,	 Accuracy: 689/1000(69%)
Task: 7,	 Epoch: 61/80,	 Avg.loss: 0.0009,	 Accuracy: 683/1000(68%)
Task: 7,	 Epoch: 62/80,	 Avg.loss: 0.0009,	 Accuracy: 697/1000(70%)
Task: 7,	 Epoch: 63/80,	 Avg.loss: 0.0009,	 Accuracy: 700/1000(70%)
Task: 7,	 Epoch: 64/80,	 Avg.loss: 0.0009,	 Accuracy: 694/1000(69%)
Task: 7,	 Epoch: 65/80,	 Avg.loss: 0.0009,	 Accuracy: 697/1000(70%)
Task: 7,	 Epoch: 66/80,	 Avg.loss: 0.0009,	 Accuracy: 695/1000(70%)
Task: 7,	 Epoch: 67/80,	 Avg.loss: 0.0009,	 Accuracy: 696/1000(70%)
Task: 7,	 Epoch: 68/80,	 Avg.loss: 0.0009,	 Accuracy: 693/1000(69%)
Task: 7,	 Epoch: 69/80,	 Avg.loss: 0.0009,	 Accuracy: 693/1000(69%)
Task: 7,	 Epoch: 70/80,	 Avg.loss: 0.0009,	 Accuracy: 690/1000(69%)
Task: 7,	 Epoch: 71/80,	 Avg.loss: 0.0009,	 Accuracy: 694/1000(69%)
Task: 7,	 Epoch: 72/80,	 Avg.loss: 0.0009,	 Accuracy: 700/1000(70%)
Task: 7,	 Epoch: 73/80,	 Avg.loss: 0.0009,	 Accuracy: 691/1000(69%)
Task: 7,	 Epoch: 74/80,	 Avg.loss: 0.0009,	 Accuracy: 685/1000(68%)
Task: 7,	 Epoch: 75/80,	 Avg.loss: 0.0009,	 Accuracy: 693/1000(69%)
Task: 7,	 Epoch: 76/80,	 Avg.loss: 0.0009,	 Accuracy: 694/1000(69%)
Task: 7,	 Epoch: 77/80,	 Avg.loss: 0.0009,	 Accuracy: 690/1000(69%)
Task: 7,	 Epoch: 78/80,	 Avg.loss: 0.0009,	 Accuracy: 699/1000(70%)
Task: 7,	 Epoch: 79/80,	 Avg.loss: 0.0009,	 Accuracy: 700/1000(70%)
Trained Task:7, Loaded task:0, Accuracy:80.8%
Trained Task:7, Loaded task:1, Accuracy:76.7%
Trained Task:7, Loaded task:2, Accuracy:70.0%
Trained Task:7, Loaded task:3, Accuracy:61.6%
Trained Task:7, Loaded task:4, Accuracy:68.9%
Trained Task:7, Loaded task:5, Accuracy:72.4%
Trained Task:7, Loaded task:6, Accuracy:71.4%
Trained Task:7, Loaded task:7, Accuracy:70.0%
Trained Task:7, Avg. Accuracy: 71.5 

List of avg. accuracy: [85.9, 83.4, 79.4, 76.3, 74.8, 73.4, 72.4, 71.5]
Layer        : conv1_layer.2.weight
R.histogram  : tensor([3., 2., 3., 4., 8., 7., 2., 1., 0., 2.], device='cuda:0')
R_sum max/min: 17.4/-20.2
F.num_zeros  : 288/9216
W.num_zeros  : 0/9216
O.num_zeros  : 288/9216
Layer        : conv2_layer.2.weight
R.histogram  : tensor([ 1.,  0.,  3.,  2.,  8.,  7.,  9.,  8., 10., 16.], device='cuda:0')
R_sum max/min: 0.0/-53.5
F.num_zeros  : 8064/36864
W.num_zeros  : 0/36864
O.num_zeros  : 8064/36864
Layer        : fc1_layer.0.weight
R.histogram  : tensor([  4.,  29., 285., 179.,  11.,   2.,   1.,   0.,   0.,   1.],
       device='cuda:0')
R_sum max/min: 252.3/-122.4
F.num_zeros  : 821619/2097152
W.num_zeros  : 0/2097152
O.num_zeros  : 1352385/2097152
Mask histogram conv1_layer.2.weight: 	 tensor([   0.,    0.,    0.,    0.,    0.,    0.,    0.,    0.,    0., 8192.,
           0.], device='cuda:0')
Mask histogram conv2_layer.2.weight: 	 tensor([   0.,  704., 1024.,  768.,  576.,  128.,    0.,  768.,  128.,    0.,
           0.], device='cuda:0')
Mask histogram fc1_layer.0.weight: 	 tensor([  0., 124.,  87.,  90.,  51.,  50.,  27.,  21.,  53.,   9.,   0.],
       device='cuda:0')
Task: 8,	 Epoch: 0/80,	 Avg.loss: 0.0012,	 Accuracy: 587/1000(59%)
Task: 8,	 Epoch: 1/80,	 Avg.loss: 0.0011,	 Accuracy: 636/1000(64%)
Task: 8,	 Epoch: 2/80,	 Avg.loss: 0.0011,	 Accuracy: 651/1000(65%)
Task: 8,	 Epoch: 3/80,	 Avg.loss: 0.0010,	 Accuracy: 660/1000(66%)
Task: 8,	 Epoch: 4/80,	 Avg.loss: 0.0010,	 Accuracy: 656/1000(66%)
Task: 8,	 Epoch: 5/80,	 Avg.loss: 0.0009,	 Accuracy: 678/1000(68%)
Task: 8,	 Epoch: 6/80,	 Avg.loss: 0.0009,	 Accuracy: 680/1000(68%)
Task: 8,	 Epoch: 7/80,	 Avg.loss: 0.0009,	 Accuracy: 701/1000(70%)
Task: 8,	 Epoch: 8/80,	 Avg.loss: 0.0009,	 Accuracy: 699/1000(70%)
Task: 8,	 Epoch: 9/80,	 Avg.loss: 0.0009,	 Accuracy: 703/1000(70%)
Task: 8,	 Epoch: 10/80,	 Avg.loss: 0.0009,	 Accuracy: 685/1000(68%)
Task: 8,	 Epoch: 11/80,	 Avg.loss: 0.0010,	 Accuracy: 676/1000(68%)
Task: 8,	 Epoch: 12/80,	 Avg.loss: 0.0009,	 Accuracy: 695/1000(70%)
Task: 8,	 Epoch: 13/80,	 Avg.loss: 0.0009,	 Accuracy: 713/1000(71%)
Task: 8,	 Epoch: 14/80,	 Avg.loss: 0.0009,	 Accuracy: 681/1000(68%)
Task: 8,	 Epoch: 15/80,	 Avg.loss: 0.0009,	 Accuracy: 678/1000(68%)
Task: 8,	 Epoch: 16/80,	 Avg.loss: 0.0009,	 Accuracy: 689/1000(69%)
Task: 8,	 Epoch: 17/80,	 Avg.loss: 0.0009,	 Accuracy: 697/1000(70%)
Task: 8,	 Epoch: 18/80,	 Avg.loss: 0.0008,	 Accuracy: 722/1000(72%)
Task: 8,	 Epoch: 19/80,	 Avg.loss: 0.0009,	 Accuracy: 711/1000(71%)
Task: 8,	 Epoch: 20/80,	 Avg.loss: 0.0008,	 Accuracy: 725/1000(72%)
Task: 8,	 Epoch: 21/80,	 Avg.loss: 0.0008,	 Accuracy: 729/1000(73%)
Task: 8,	 Epoch: 22/80,	 Avg.loss: 0.0008,	 Accuracy: 729/1000(73%)
Task: 8,	 Epoch: 23/80,	 Avg.loss: 0.0008,	 Accuracy: 722/1000(72%)
Task: 8,	 Epoch: 24/80,	 Avg.loss: 0.0008,	 Accuracy: 718/1000(72%)
Task: 8,	 Epoch: 25/80,	 Avg.loss: 0.0009,	 Accuracy: 712/1000(71%)
Task: 8,	 Epoch: 26/80,	 Avg.loss: 0.0008,	 Accuracy: 715/1000(72%)
Task: 8,	 Epoch: 27/80,	 Avg.loss: 0.0008,	 Accuracy: 731/1000(73%)
Task: 8,	 Epoch: 28/80,	 Avg.loss: 0.0008,	 Accuracy: 734/1000(73%)
Task: 8,	 Epoch: 29/80,	 Avg.loss: 0.0008,	 Accuracy: 723/1000(72%)
Task: 8,	 Epoch: 30/80,	 Avg.loss: 0.0009,	 Accuracy: 720/1000(72%)
Task: 8,	 Epoch: 31/80,	 Avg.loss: 0.0008,	 Accuracy: 740/1000(74%)
Task: 8,	 Epoch: 32/80,	 Avg.loss: 0.0008,	 Accuracy: 740/1000(74%)
Task: 8,	 Epoch: 33/80,	 Avg.loss: 0.0008,	 Accuracy: 718/1000(72%)
Task: 8,	 Epoch: 34/80,	 Avg.loss: 0.0008,	 Accuracy: 718/1000(72%)
Task: 8,	 Epoch: 35/80,	 Avg.loss: 0.0008,	 Accuracy: 736/1000(74%)
Task: 8,	 Epoch: 36/80,	 Avg.loss: 0.0008,	 Accuracy: 735/1000(74%)
Task: 8,	 Epoch: 37/80,	 Avg.loss: 0.0008,	 Accuracy: 722/1000(72%)
Task: 8,	 Epoch: 38/80,	 Avg.loss: 0.0008,	 Accuracy: 725/1000(72%)
Task: 8,	 Epoch: 39/80,	 Avg.loss: 0.0008,	 Accuracy: 732/1000(73%)
Task: 8,	 Epoch: 40/80,	 Avg.loss: 0.0008,	 Accuracy: 727/1000(73%)
Task: 8,	 Epoch: 41/80,	 Avg.loss: 0.0008,	 Accuracy: 742/1000(74%)
Task: 8,	 Epoch: 42/80,	 Avg.loss: 0.0008,	 Accuracy: 742/1000(74%)
Task: 8,	 Epoch: 43/80,	 Avg.loss: 0.0008,	 Accuracy: 736/1000(74%)
Task: 8,	 Epoch: 44/80,	 Avg.loss: 0.0008,	 Accuracy: 740/1000(74%)
Task: 8,	 Epoch: 45/80,	 Avg.loss: 0.0009,	 Accuracy: 726/1000(73%)
Task: 8,	 Epoch: 46/80,	 Avg.loss: 0.0009,	 Accuracy: 707/1000(71%)
Task: 8,	 Epoch: 47/80,	 Avg.loss: 0.0008,	 Accuracy: 746/1000(75%)
Task: 8,	 Epoch: 48/80,	 Avg.loss: 0.0008,	 Accuracy: 742/1000(74%)
Task: 8,	 Epoch: 49/80,	 Avg.loss: 0.0008,	 Accuracy: 736/1000(74%)
Task: 8,	 Epoch: 50/80,	 Avg.loss: 0.0008,	 Accuracy: 747/1000(75%)
Task: 8,	 Epoch: 51/80,	 Avg.loss: 0.0008,	 Accuracy: 742/1000(74%)
Task: 8,	 Epoch: 52/80,	 Avg.loss: 0.0008,	 Accuracy: 752/1000(75%)
Task: 8,	 Epoch: 53/80,	 Avg.loss: 0.0008,	 Accuracy: 747/1000(75%)
Task: 8,	 Epoch: 54/80,	 Avg.loss: 0.0008,	 Accuracy: 750/1000(75%)
Task: 8,	 Epoch: 55/80,	 Avg.loss: 0.0008,	 Accuracy: 746/1000(75%)
Task: 8,	 Epoch: 56/80,	 Avg.loss: 0.0008,	 Accuracy: 756/1000(76%)
Task: 8,	 Epoch: 57/80,	 Avg.loss: 0.0008,	 Accuracy: 749/1000(75%)
Task: 8,	 Epoch: 58/80,	 Avg.loss: 0.0008,	 Accuracy: 752/1000(75%)
Task: 8,	 Epoch: 59/80,	 Avg.loss: 0.0008,	 Accuracy: 753/1000(75%)
Task: 8,	 Epoch: 60/80,	 Avg.loss: 0.0008,	 Accuracy: 755/1000(76%)
Task: 8,	 Epoch: 61/80,	 Avg.loss: 0.0008,	 Accuracy: 757/1000(76%)
Task: 8,	 Epoch: 62/80,	 Avg.loss: 0.0008,	 Accuracy: 754/1000(75%)
Task: 8,	 Epoch: 63/80,	 Avg.loss: 0.0008,	 Accuracy: 757/1000(76%)
Task: 8,	 Epoch: 64/80,	 Avg.loss: 0.0008,	 Accuracy: 752/1000(75%)
Task: 8,	 Epoch: 65/80,	 Avg.loss: 0.0008,	 Accuracy: 754/1000(75%)
Task: 8,	 Epoch: 66/80,	 Avg.loss: 0.0008,	 Accuracy: 754/1000(75%)
Task: 8,	 Epoch: 67/80,	 Avg.loss: 0.0008,	 Accuracy: 754/1000(75%)
Task: 8,	 Epoch: 68/80,	 Avg.loss: 0.0008,	 Accuracy: 758/1000(76%)
Task: 8,	 Epoch: 69/80,	 Avg.loss: 0.0008,	 Accuracy: 749/1000(75%)
Task: 8,	 Epoch: 70/80,	 Avg.loss: 0.0008,	 Accuracy: 754/1000(75%)
Task: 8,	 Epoch: 71/80,	 Avg.loss: 0.0008,	 Accuracy: 754/1000(75%)
Task: 8,	 Epoch: 72/80,	 Avg.loss: 0.0008,	 Accuracy: 750/1000(75%)
Task: 8,	 Epoch: 73/80,	 Avg.loss: 0.0008,	 Accuracy: 752/1000(75%)
Task: 8,	 Epoch: 74/80,	 Avg.loss: 0.0008,	 Accuracy: 757/1000(76%)
Task: 8,	 Epoch: 75/80,	 Avg.loss: 0.0008,	 Accuracy: 751/1000(75%)
Task: 8,	 Epoch: 76/80,	 Avg.loss: 0.0008,	 Accuracy: 755/1000(76%)
Task: 8,	 Epoch: 77/80,	 Avg.loss: 0.0008,	 Accuracy: 756/1000(76%)
Task: 8,	 Epoch: 78/80,	 Avg.loss: 0.0008,	 Accuracy: 757/1000(76%)
Task: 8,	 Epoch: 79/80,	 Avg.loss: 0.0008,	 Accuracy: 754/1000(75%)
Trained Task:8, Loaded task:0, Accuracy:80.3%
Trained Task:8, Loaded task:1, Accuracy:76.1%
Trained Task:8, Loaded task:2, Accuracy:70.6%
Trained Task:8, Loaded task:3, Accuracy:61.2%
Trained Task:8, Loaded task:4, Accuracy:68.9%
Trained Task:8, Loaded task:5, Accuracy:71.6%
Trained Task:8, Loaded task:6, Accuracy:71.3%
Trained Task:8, Loaded task:7, Accuracy:69.5%
Trained Task:8, Loaded task:8, Accuracy:75.4%
Trained Task:8, Avg. Accuracy: 71.7 

List of avg. accuracy: [85.9, 83.4, 79.4, 76.3, 74.8, 73.4, 72.4, 71.5, 71.7]
Layer        : conv1_layer.2.weight
R.histogram  : tensor([1., 2., 3., 4., 5., 6., 4., 5., 0., 2.], device='cuda:0')
R_sum max/min: 8.1/-19.6
F.num_zeros  : 288/9216
W.num_zeros  : 0/9216
O.num_zeros  : 288/9216
Layer        : conv2_layer.2.weight
R.histogram  : tensor([ 2.,  3.,  2.,  7.,  5., 10., 17.,  3.,  1., 14.], device='cuda:0')
R_sum max/min: 0.0/-42.2
F.num_zeros  : 8064/36864
W.num_zeros  : 0/36864
O.num_zeros  : 8064/36864
Layer        : fc1_layer.0.weight
R.histogram  : tensor([  6.,  51., 413.,  31.,   5.,   3.,   1.,   1.,   0.,   1.],
       device='cuda:0')
R_sum max/min: 294.3/-114.5
F.num_zeros  : 775061/2097152
W.num_zeros  : 0/2097152
O.num_zeros  : 1314779/2097152
Mask histogram conv1_layer.2.weight: 	 tensor([   0.,    0.,    0.,    0.,    0.,    0.,    0.,    0.,    0.,    0.,
        8192.], device='cuda:0')
Mask histogram conv2_layer.2.weight: 	 tensor([  0., 640., 832., 832., 576., 320.,   0.,   0., 768., 128.,   0.],
       device='cuda:0')
Mask histogram fc1_layer.0.weight: 	 tensor([  0., 119.,  79.,  75.,  48.,  53.,  36.,  22.,  18.,  53.,   9.],
       device='cuda:0')
Task: 9,	 Epoch: 0/80,	 Avg.loss: 0.0012,	 Accuracy: 609/1000(61%)
Task: 9,	 Epoch: 1/80,	 Avg.loss: 0.0011,	 Accuracy: 660/1000(66%)
Task: 9,	 Epoch: 2/80,	 Avg.loss: 0.0010,	 Accuracy: 679/1000(68%)
Task: 9,	 Epoch: 3/80,	 Avg.loss: 0.0010,	 Accuracy: 686/1000(69%)
Task: 9,	 Epoch: 4/80,	 Avg.loss: 0.0010,	 Accuracy: 711/1000(71%)
Task: 9,	 Epoch: 5/80,	 Avg.loss: 0.0010,	 Accuracy: 702/1000(70%)
Task: 9,	 Epoch: 6/80,	 Avg.loss: 0.0010,	 Accuracy: 704/1000(70%)
Task: 9,	 Epoch: 7/80,	 Avg.loss: 0.0010,	 Accuracy: 685/1000(68%)
Task: 9,	 Epoch: 8/80,	 Avg.loss: 0.0009,	 Accuracy: 713/1000(71%)
Task: 9,	 Epoch: 9/80,	 Avg.loss: 0.0009,	 Accuracy: 720/1000(72%)
Task: 9,	 Epoch: 10/80,	 Avg.loss: 0.0009,	 Accuracy: 726/1000(73%)
Task: 9,	 Epoch: 11/80,	 Avg.loss: 0.0010,	 Accuracy: 700/1000(70%)
Task: 9,	 Epoch: 12/80,	 Avg.loss: 0.0009,	 Accuracy: 724/1000(72%)
Task: 9,	 Epoch: 13/80,	 Avg.loss: 0.0009,	 Accuracy: 708/1000(71%)
Task: 9,	 Epoch: 14/80,	 Avg.loss: 0.0009,	 Accuracy: 729/1000(73%)
Task: 9,	 Epoch: 15/80,	 Avg.loss: 0.0009,	 Accuracy: 724/1000(72%)
Task: 9,	 Epoch: 16/80,	 Avg.loss: 0.0009,	 Accuracy: 713/1000(71%)
Task: 9,	 Epoch: 17/80,	 Avg.loss: 0.0009,	 Accuracy: 721/1000(72%)
Task: 9,	 Epoch: 18/80,	 Avg.loss: 0.0009,	 Accuracy: 719/1000(72%)
Task: 9,	 Epoch: 19/80,	 Avg.loss: 0.0009,	 Accuracy: 721/1000(72%)
Task: 9,	 Epoch: 20/80,	 Avg.loss: 0.0009,	 Accuracy: 705/1000(70%)
Task: 9,	 Epoch: 21/80,	 Avg.loss: 0.0009,	 Accuracy: 717/1000(72%)
Task: 9,	 Epoch: 22/80,	 Avg.loss: 0.0008,	 Accuracy: 734/1000(73%)
Task: 9,	 Epoch: 23/80,	 Avg.loss: 0.0009,	 Accuracy: 734/1000(73%)
Task: 9,	 Epoch: 24/80,	 Avg.loss: 0.0008,	 Accuracy: 732/1000(73%)
Task: 9,	 Epoch: 25/80,	 Avg.loss: 0.0008,	 Accuracy: 736/1000(74%)
Task: 9,	 Epoch: 26/80,	 Avg.loss: 0.0009,	 Accuracy: 736/1000(74%)
Task: 9,	 Epoch: 27/80,	 Avg.loss: 0.0009,	 Accuracy: 723/1000(72%)
Task: 9,	 Epoch: 28/80,	 Avg.loss: 0.0009,	 Accuracy: 721/1000(72%)
Task: 9,	 Epoch: 29/80,	 Avg.loss: 0.0009,	 Accuracy: 738/1000(74%)
Task: 9,	 Epoch: 30/80,	 Avg.loss: 0.0009,	 Accuracy: 727/1000(73%)
Task: 9,	 Epoch: 31/80,	 Avg.loss: 0.0008,	 Accuracy: 735/1000(74%)
Task: 9,	 Epoch: 32/80,	 Avg.loss: 0.0009,	 Accuracy: 736/1000(74%)
Task: 9,	 Epoch: 33/80,	 Avg.loss: 0.0009,	 Accuracy: 719/1000(72%)
Task: 9,	 Epoch: 34/80,	 Avg.loss: 0.0009,	 Accuracy: 734/1000(73%)
Task: 9,	 Epoch: 35/80,	 Avg.loss: 0.0009,	 Accuracy: 731/1000(73%)
Task: 9,	 Epoch: 36/80,	 Avg.loss: 0.0009,	 Accuracy: 727/1000(73%)
Task: 9,	 Epoch: 37/80,	 Avg.loss: 0.0009,	 Accuracy: 726/1000(73%)
Task: 9,	 Epoch: 38/80,	 Avg.loss: 0.0009,	 Accuracy: 717/1000(72%)
Task: 9,	 Epoch: 39/80,	 Avg.loss: 0.0009,	 Accuracy: 722/1000(72%)
Task: 9,	 Epoch: 40/80,	 Avg.loss: 0.0008,	 Accuracy: 739/1000(74%)
Task: 9,	 Epoch: 41/80,	 Avg.loss: 0.0009,	 Accuracy: 742/1000(74%)
Task: 9,	 Epoch: 42/80,	 Avg.loss: 0.0009,	 Accuracy: 734/1000(73%)
Task: 9,	 Epoch: 43/80,	 Avg.loss: 0.0009,	 Accuracy: 737/1000(74%)
Task: 9,	 Epoch: 44/80,	 Avg.loss: 0.0008,	 Accuracy: 743/1000(74%)
Task: 9,	 Epoch: 45/80,	 Avg.loss: 0.0009,	 Accuracy: 727/1000(73%)
Task: 9,	 Epoch: 46/80,	 Avg.loss: 0.0008,	 Accuracy: 733/1000(73%)
Task: 9,	 Epoch: 47/80,	 Avg.loss: 0.0008,	 Accuracy: 744/1000(74%)
Task: 9,	 Epoch: 48/80,	 Avg.loss: 0.0009,	 Accuracy: 722/1000(72%)
Task: 9,	 Epoch: 49/80,	 Avg.loss: 0.0008,	 Accuracy: 735/1000(74%)
Task: 9,	 Epoch: 50/80,	 Avg.loss: 0.0008,	 Accuracy: 746/1000(75%)
Task: 9,	 Epoch: 51/80,	 Avg.loss: 0.0008,	 Accuracy: 749/1000(75%)
Task: 9,	 Epoch: 52/80,	 Avg.loss: 0.0008,	 Accuracy: 749/1000(75%)
Task: 9,	 Epoch: 53/80,	 Avg.loss: 0.0008,	 Accuracy: 748/1000(75%)
Task: 9,	 Epoch: 54/80,	 Avg.loss: 0.0008,	 Accuracy: 752/1000(75%)
Task: 9,	 Epoch: 55/80,	 Avg.loss: 0.0008,	 Accuracy: 747/1000(75%)
Task: 9,	 Epoch: 56/80,	 Avg.loss: 0.0008,	 Accuracy: 751/1000(75%)
Task: 9,	 Epoch: 57/80,	 Avg.loss: 0.0008,	 Accuracy: 750/1000(75%)
Task: 9,	 Epoch: 58/80,	 Avg.loss: 0.0008,	 Accuracy: 743/1000(74%)
Task: 9,	 Epoch: 59/80,	 Avg.loss: 0.0008,	 Accuracy: 742/1000(74%)
Task: 9,	 Epoch: 60/80,	 Avg.loss: 0.0008,	 Accuracy: 745/1000(74%)
Task: 9,	 Epoch: 61/80,	 Avg.loss: 0.0008,	 Accuracy: 748/1000(75%)
Task: 9,	 Epoch: 62/80,	 Avg.loss: 0.0008,	 Accuracy: 748/1000(75%)
Task: 9,	 Epoch: 63/80,	 Avg.loss: 0.0008,	 Accuracy: 747/1000(75%)
Task: 9,	 Epoch: 64/80,	 Avg.loss: 0.0008,	 Accuracy: 744/1000(74%)
Task: 9,	 Epoch: 65/80,	 Avg.loss: 0.0008,	 Accuracy: 749/1000(75%)
Task: 9,	 Epoch: 66/80,	 Avg.loss: 0.0008,	 Accuracy: 744/1000(74%)
Task: 9,	 Epoch: 67/80,	 Avg.loss: 0.0008,	 Accuracy: 748/1000(75%)
Task: 9,	 Epoch: 68/80,	 Avg.loss: 0.0008,	 Accuracy: 748/1000(75%)
Task: 9,	 Epoch: 69/80,	 Avg.loss: 0.0008,	 Accuracy: 744/1000(74%)
Task: 9,	 Epoch: 70/80,	 Avg.loss: 0.0008,	 Accuracy: 747/1000(75%)
Task: 9,	 Epoch: 71/80,	 Avg.loss: 0.0008,	 Accuracy: 744/1000(74%)
Task: 9,	 Epoch: 72/80,	 Avg.loss: 0.0008,	 Accuracy: 744/1000(74%)
Task: 9,	 Epoch: 73/80,	 Avg.loss: 0.0008,	 Accuracy: 743/1000(74%)
Task: 9,	 Epoch: 74/80,	 Avg.loss: 0.0008,	 Accuracy: 742/1000(74%)
Task: 9,	 Epoch: 75/80,	 Avg.loss: 0.0008,	 Accuracy: 744/1000(74%)
Task: 9,	 Epoch: 76/80,	 Avg.loss: 0.0008,	 Accuracy: 745/1000(74%)
Task: 9,	 Epoch: 77/80,	 Avg.loss: 0.0008,	 Accuracy: 747/1000(75%)
Task: 9,	 Epoch: 78/80,	 Avg.loss: 0.0008,	 Accuracy: 751/1000(75%)
Task: 9,	 Epoch: 79/80,	 Avg.loss: 0.0008,	 Accuracy: 747/1000(75%)
Trained Task:9, Loaded task:0, Accuracy:80.0%
Trained Task:9, Loaded task:1, Accuracy:75.6%
Trained Task:9, Loaded task:2, Accuracy:70.5%
Trained Task:9, Loaded task:3, Accuracy:61.6%
Trained Task:9, Loaded task:4, Accuracy:69.2%
Trained Task:9, Loaded task:5, Accuracy:72.6%
Trained Task:9, Loaded task:6, Accuracy:71.6%
Trained Task:9, Loaded task:7, Accuracy:70.6%
Trained Task:9, Loaded task:8, Accuracy:76.0%
Trained Task:9, Loaded task:9, Accuracy:74.7%
Trained Task:9, Avg. Accuracy: 72.2 

List of avg. accuracy: [85.9, 83.4, 79.4, 76.3, 74.8, 73.4, 72.4, 71.5, 71.7, 72.2]
