Layer        : conv1_layer.2.weight
R.histogram  : tensor([7., 7., 1., 5., 4., 5., 1., 0., 1., 1.], device='cuda:0')
R_sum max/min: -79.9/-115.2
F.num_zeros  : 288/9216
W.num_zeros  : 0/9216
O.num_zeros  : 0/9216
Layer        : conv2_layer.2.weight
R.histogram  : tensor([22., 11., 10.,  7.,  3.,  4.,  0.,  3.,  2.,  2.], device='cuda:0')
R_sum max/min: -173.3/-230.4
F.num_zeros  : 9022/36864
W.num_zeros  : 0/36864
O.num_zeros  : 0/36864
Layer        : fc1_layer.0.weight
R.histogram  : tensor([328.,  95.,  56.,  19.,   5.,   4.,   2.,   2.,   0.,   1.],
       device='cuda:0')
R_sum max/min: -1329.0/-1638.4
F.num_zeros  : 1274821/2097152
W.num_zeros  : 0/2097152
O.num_zeros  : 0/2097152
Mask histogram conv1_layer.2.weight: 	 tensor([   0., 8192.,    0.,    0.,    0.,    0.,    0.,    0.,    0.,    0.,
           0.], device='cuda:0')
Mask histogram conv2_layer.2.weight: 	 tensor([2496., 1600.,    0.,    0.,    0.,    0.,    0.,    0.,    0.,    0.,
           0.], device='cuda:0')
Mask histogram fc1_layer.0.weight: 	 tensor([308., 204.,   0.,   0.,   0.,   0.,   0.,   0.,   0.,   0.,   0.],
       device='cuda:0')
Task: 0,	 Epoch: 0/80,	 Avg.loss: 0.0010,	 Accuracy: 652/1000(65%)
Task: 0,	 Epoch: 1/80,	 Avg.loss: 0.0008,	 Accuracy: 726/1000(73%)
Task: 0,	 Epoch: 2/80,	 Avg.loss: 0.0007,	 Accuracy: 760/1000(76%)
Task: 0,	 Epoch: 3/80,	 Avg.loss: 0.0006,	 Accuracy: 775/1000(78%)
Task: 0,	 Epoch: 4/80,	 Avg.loss: 0.0006,	 Accuracy: 783/1000(78%)
Task: 0,	 Epoch: 5/80,	 Avg.loss: 0.0007,	 Accuracy: 778/1000(78%)
Task: 0,	 Epoch: 6/80,	 Avg.loss: 0.0006,	 Accuracy: 785/1000(78%)
Task: 0,	 Epoch: 7/80,	 Avg.loss: 0.0006,	 Accuracy: 812/1000(81%)
Task: 0,	 Epoch: 8/80,	 Avg.loss: 0.0006,	 Accuracy: 814/1000(81%)
Task: 0,	 Epoch: 9/80,	 Avg.loss: 0.0007,	 Accuracy: 799/1000(80%)
Task: 0,	 Epoch: 10/80,	 Avg.loss: 0.0005,	 Accuracy: 843/1000(84%)
Task: 0,	 Epoch: 11/80,	 Avg.loss: 0.0006,	 Accuracy: 818/1000(82%)
Task: 0,	 Epoch: 12/80,	 Avg.loss: 0.0005,	 Accuracy: 822/1000(82%)
Task: 0,	 Epoch: 13/80,	 Avg.loss: 0.0005,	 Accuracy: 820/1000(82%)
Task: 0,	 Epoch: 14/80,	 Avg.loss: 0.0005,	 Accuracy: 830/1000(83%)
Task: 0,	 Epoch: 15/80,	 Avg.loss: 0.0005,	 Accuracy: 824/1000(82%)
Task: 0,	 Epoch: 16/80,	 Avg.loss: 0.0006,	 Accuracy: 813/1000(81%)
Task: 0,	 Epoch: 17/80,	 Avg.loss: 0.0005,	 Accuracy: 811/1000(81%)
Task: 0,	 Epoch: 18/80,	 Avg.loss: 0.0005,	 Accuracy: 831/1000(83%)
Task: 0,	 Epoch: 19/80,	 Avg.loss: 0.0005,	 Accuracy: 823/1000(82%)
Task: 0,	 Epoch: 20/80,	 Avg.loss: 0.0006,	 Accuracy: 816/1000(82%)
Task: 0,	 Epoch: 21/80,	 Avg.loss: 0.0005,	 Accuracy: 825/1000(83%)
Task: 0,	 Epoch: 22/80,	 Avg.loss: 0.0006,	 Accuracy: 821/1000(82%)
Task: 0,	 Epoch: 23/80,	 Avg.loss: 0.0006,	 Accuracy: 834/1000(83%)
Task: 0,	 Epoch: 24/80,	 Avg.loss: 0.0006,	 Accuracy: 821/1000(82%)
Task: 0,	 Epoch: 25/80,	 Avg.loss: 0.0006,	 Accuracy: 828/1000(83%)
Task: 0,	 Epoch: 26/80,	 Avg.loss: 0.0005,	 Accuracy: 832/1000(83%)
Task: 0,	 Epoch: 27/80,	 Avg.loss: 0.0005,	 Accuracy: 848/1000(85%)
Task: 0,	 Epoch: 28/80,	 Avg.loss: 0.0005,	 Accuracy: 837/1000(84%)
Task: 0,	 Epoch: 29/80,	 Avg.loss: 0.0005,	 Accuracy: 848/1000(85%)
Task: 0,	 Epoch: 30/80,	 Avg.loss: 0.0006,	 Accuracy: 841/1000(84%)
Task: 0,	 Epoch: 31/80,	 Avg.loss: 0.0006,	 Accuracy: 840/1000(84%)
Task: 0,	 Epoch: 32/80,	 Avg.loss: 0.0005,	 Accuracy: 845/1000(85%)
Task: 0,	 Epoch: 33/80,	 Avg.loss: 0.0006,	 Accuracy: 839/1000(84%)
Task: 0,	 Epoch: 34/80,	 Avg.loss: 0.0007,	 Accuracy: 818/1000(82%)
Task: 0,	 Epoch: 35/80,	 Avg.loss: 0.0006,	 Accuracy: 832/1000(83%)
Task: 0,	 Epoch: 36/80,	 Avg.loss: 0.0006,	 Accuracy: 837/1000(84%)
Task: 0,	 Epoch: 37/80,	 Avg.loss: 0.0006,	 Accuracy: 854/1000(85%)
Task: 0,	 Epoch: 38/80,	 Avg.loss: 0.0006,	 Accuracy: 837/1000(84%)
Task: 0,	 Epoch: 39/80,	 Avg.loss: 0.0006,	 Accuracy: 841/1000(84%)
Task: 0,	 Epoch: 40/80,	 Avg.loss: 0.0006,	 Accuracy: 843/1000(84%)
Task: 0,	 Epoch: 41/80,	 Avg.loss: 0.0006,	 Accuracy: 838/1000(84%)
Task: 0,	 Epoch: 42/80,	 Avg.loss: 0.0006,	 Accuracy: 829/1000(83%)
Task: 0,	 Epoch: 43/80,	 Avg.loss: 0.0007,	 Accuracy: 832/1000(83%)
Task: 0,	 Epoch: 44/80,	 Avg.loss: 0.0006,	 Accuracy: 852/1000(85%)
Task: 0,	 Epoch: 45/80,	 Avg.loss: 0.0006,	 Accuracy: 848/1000(85%)
Task: 0,	 Epoch: 46/80,	 Avg.loss: 0.0006,	 Accuracy: 847/1000(85%)
Task: 0,	 Epoch: 47/80,	 Avg.loss: 0.0006,	 Accuracy: 851/1000(85%)
Task: 0,	 Epoch: 48/80,	 Avg.loss: 0.0006,	 Accuracy: 851/1000(85%)
Task: 0,	 Epoch: 49/80,	 Avg.loss: 0.0007,	 Accuracy: 836/1000(84%)
Task: 0,	 Epoch: 50/80,	 Avg.loss: 0.0005,	 Accuracy: 857/1000(86%)
Task: 0,	 Epoch: 51/80,	 Avg.loss: 0.0005,	 Accuracy: 864/1000(86%)
Task: 0,	 Epoch: 52/80,	 Avg.loss: 0.0005,	 Accuracy: 861/1000(86%)
Task: 0,	 Epoch: 53/80,	 Avg.loss: 0.0005,	 Accuracy: 864/1000(86%)
Task: 0,	 Epoch: 54/80,	 Avg.loss: 0.0005,	 Accuracy: 860/1000(86%)
Task: 0,	 Epoch: 55/80,	 Avg.loss: 0.0005,	 Accuracy: 862/1000(86%)
Task: 0,	 Epoch: 56/80,	 Avg.loss: 0.0005,	 Accuracy: 867/1000(87%)
Task: 0,	 Epoch: 57/80,	 Avg.loss: 0.0006,	 Accuracy: 860/1000(86%)
Task: 0,	 Epoch: 58/80,	 Avg.loss: 0.0006,	 Accuracy: 862/1000(86%)
Task: 0,	 Epoch: 59/80,	 Avg.loss: 0.0006,	 Accuracy: 873/1000(87%)
Task: 0,	 Epoch: 60/80,	 Avg.loss: 0.0006,	 Accuracy: 862/1000(86%)
Task: 0,	 Epoch: 61/80,	 Avg.loss: 0.0005,	 Accuracy: 869/1000(87%)
Task: 0,	 Epoch: 62/80,	 Avg.loss: 0.0005,	 Accuracy: 868/1000(87%)
Task: 0,	 Epoch: 63/80,	 Avg.loss: 0.0006,	 Accuracy: 867/1000(87%)
Task: 0,	 Epoch: 64/80,	 Avg.loss: 0.0006,	 Accuracy: 863/1000(86%)
Task: 0,	 Epoch: 65/80,	 Avg.loss: 0.0006,	 Accuracy: 866/1000(87%)
Task: 0,	 Epoch: 66/80,	 Avg.loss: 0.0006,	 Accuracy: 868/1000(87%)
Task: 0,	 Epoch: 67/80,	 Avg.loss: 0.0006,	 Accuracy: 867/1000(87%)
Task: 0,	 Epoch: 68/80,	 Avg.loss: 0.0006,	 Accuracy: 873/1000(87%)
Task: 0,	 Epoch: 69/80,	 Avg.loss: 0.0006,	 Accuracy: 863/1000(86%)
Task: 0,	 Epoch: 70/80,	 Avg.loss: 0.0006,	 Accuracy: 862/1000(86%)
Task: 0,	 Epoch: 71/80,	 Avg.loss: 0.0006,	 Accuracy: 864/1000(86%)
Task: 0,	 Epoch: 72/80,	 Avg.loss: 0.0006,	 Accuracy: 868/1000(87%)
Task: 0,	 Epoch: 73/80,	 Avg.loss: 0.0006,	 Accuracy: 865/1000(87%)
Task: 0,	 Epoch: 74/80,	 Avg.loss: 0.0006,	 Accuracy: 863/1000(86%)
Task: 0,	 Epoch: 75/80,	 Avg.loss: 0.0006,	 Accuracy: 869/1000(87%)
Task: 0,	 Epoch: 76/80,	 Avg.loss: 0.0006,	 Accuracy: 867/1000(87%)
Task: 0,	 Epoch: 77/80,	 Avg.loss: 0.0006,	 Accuracy: 864/1000(86%)
Task: 0,	 Epoch: 78/80,	 Avg.loss: 0.0006,	 Accuracy: 862/1000(86%)
Task: 0,	 Epoch: 79/80,	 Avg.loss: 0.0006,	 Accuracy: 859/1000(86%)
Trained Task:0, Loaded task:0, Accuracy:85.9%
Trained Task:0, Avg. Accuracy: 85.9 

List of avg. accuracy: [85.9]
Layer        : conv1_layer.2.weight
R.histogram  : tensor([4., 7., 2., 6., 8., 2., 2., 0., 0., 1.], device='cuda:0')
R_sum max/min: 25.8/-4.1
F.num_zeros  : 288/9216
W.num_zeros  : 0/9216
O.num_zeros  : 288/9216
Layer        : conv2_layer.2.weight
R.histogram  : tensor([ 1.,  0.,  0.,  2.,  3.,  4., 36., 13.,  2.,  3.], device='cuda:0')
R_sum max/min: 13.6/-25.1
F.num_zeros  : 9217/36864
W.num_zeros  : 0/36864
O.num_zeros  : 22464/36864
Layer        : fc1_layer.0.weight
R.histogram  : tensor([  8., 336.,  87.,  36.,  21.,   9.,   7.,   5.,   2.,   1.],
       device='cuda:0')
R_sum max/min: 302.5/-59.0
F.num_zeros  : 1290307/2097152
W.num_zeros  : 0/2097152
O.num_zeros  : 1770758/2097152
Mask histogram conv1_layer.2.weight: 	 tensor([   0.,    0., 8192.,    0.,    0.,    0.,    0.,    0.,    0.,    0.,
           0.], device='cuda:0')
Mask histogram conv2_layer.2.weight: 	 tensor([1472., 2048.,  576.,    0.,    0.,    0.,    0.,    0.,    0.,    0.,
           0.], device='cuda:0')
Mask histogram fc1_layer.0.weight: 	 tensor([266.,  84., 162.,   0.,   0.,   0.,   0.,   0.,   0.,   0.,   0.],
       device='cuda:0')
Task: 1,	 Epoch: 0/80,	 Avg.loss: 0.0012,	 Accuracy: 635/1000(64%)
Task: 1,	 Epoch: 1/80,	 Avg.loss: 0.0009,	 Accuracy: 693/1000(69%)
Task: 1,	 Epoch: 2/80,	 Avg.loss: 0.0009,	 Accuracy: 684/1000(68%)
Task: 1,	 Epoch: 3/80,	 Avg.loss: 0.0009,	 Accuracy: 699/1000(70%)
Task: 1,	 Epoch: 4/80,	 Avg.loss: 0.0009,	 Accuracy: 698/1000(70%)
Task: 1,	 Epoch: 5/80,	 Avg.loss: 0.0008,	 Accuracy: 737/1000(74%)
Task: 1,	 Epoch: 6/80,	 Avg.loss: 0.0008,	 Accuracy: 739/1000(74%)
Task: 1,	 Epoch: 7/80,	 Avg.loss: 0.0007,	 Accuracy: 766/1000(77%)
Task: 1,	 Epoch: 8/80,	 Avg.loss: 0.0008,	 Accuracy: 733/1000(73%)
Task: 1,	 Epoch: 9/80,	 Avg.loss: 0.0007,	 Accuracy: 768/1000(77%)
Task: 1,	 Epoch: 10/80,	 Avg.loss: 0.0007,	 Accuracy: 752/1000(75%)
Task: 1,	 Epoch: 11/80,	 Avg.loss: 0.0008,	 Accuracy: 750/1000(75%)
Task: 1,	 Epoch: 12/80,	 Avg.loss: 0.0007,	 Accuracy: 764/1000(76%)
Task: 1,	 Epoch: 13/80,	 Avg.loss: 0.0007,	 Accuracy: 754/1000(75%)
Task: 1,	 Epoch: 14/80,	 Avg.loss: 0.0008,	 Accuracy: 744/1000(74%)
Task: 1,	 Epoch: 15/80,	 Avg.loss: 0.0007,	 Accuracy: 764/1000(76%)
Task: 1,	 Epoch: 16/80,	 Avg.loss: 0.0007,	 Accuracy: 766/1000(77%)
Task: 1,	 Epoch: 17/80,	 Avg.loss: 0.0007,	 Accuracy: 757/1000(76%)
Task: 1,	 Epoch: 18/80,	 Avg.loss: 0.0008,	 Accuracy: 754/1000(75%)
Task: 1,	 Epoch: 19/80,	 Avg.loss: 0.0008,	 Accuracy: 750/1000(75%)
Task: 1,	 Epoch: 20/80,	 Avg.loss: 0.0007,	 Accuracy: 771/1000(77%)
Task: 1,	 Epoch: 21/80,	 Avg.loss: 0.0007,	 Accuracy: 768/1000(77%)
Task: 1,	 Epoch: 22/80,	 Avg.loss: 0.0008,	 Accuracy: 758/1000(76%)
Task: 1,	 Epoch: 23/80,	 Avg.loss: 0.0007,	 Accuracy: 786/1000(79%)
Task: 1,	 Epoch: 24/80,	 Avg.loss: 0.0008,	 Accuracy: 767/1000(77%)
Task: 1,	 Epoch: 25/80,	 Avg.loss: 0.0007,	 Accuracy: 781/1000(78%)
Task: 1,	 Epoch: 26/80,	 Avg.loss: 0.0007,	 Accuracy: 788/1000(79%)
Task: 1,	 Epoch: 27/80,	 Avg.loss: 0.0008,	 Accuracy: 775/1000(78%)
Task: 1,	 Epoch: 28/80,	 Avg.loss: 0.0008,	 Accuracy: 763/1000(76%)
Task: 1,	 Epoch: 29/80,	 Avg.loss: 0.0008,	 Accuracy: 777/1000(78%)
Task: 1,	 Epoch: 30/80,	 Avg.loss: 0.0008,	 Accuracy: 773/1000(77%)
Task: 1,	 Epoch: 31/80,	 Avg.loss: 0.0008,	 Accuracy: 763/1000(76%)
Task: 1,	 Epoch: 32/80,	 Avg.loss: 0.0008,	 Accuracy: 791/1000(79%)
Task: 1,	 Epoch: 33/80,	 Avg.loss: 0.0008,	 Accuracy: 767/1000(77%)
Task: 1,	 Epoch: 34/80,	 Avg.loss: 0.0008,	 Accuracy: 775/1000(78%)
Task: 1,	 Epoch: 35/80,	 Avg.loss: 0.0008,	 Accuracy: 764/1000(76%)
Task: 1,	 Epoch: 36/80,	 Avg.loss: 0.0007,	 Accuracy: 777/1000(78%)
Task: 1,	 Epoch: 37/80,	 Avg.loss: 0.0008,	 Accuracy: 774/1000(77%)
Task: 1,	 Epoch: 38/80,	 Avg.loss: 0.0008,	 Accuracy: 770/1000(77%)
Task: 1,	 Epoch: 39/80,	 Avg.loss: 0.0008,	 Accuracy: 776/1000(78%)
Task: 1,	 Epoch: 40/80,	 Avg.loss: 0.0008,	 Accuracy: 767/1000(77%)
Task: 1,	 Epoch: 41/80,	 Avg.loss: 0.0008,	 Accuracy: 772/1000(77%)
Task: 1,	 Epoch: 42/80,	 Avg.loss: 0.0008,	 Accuracy: 781/1000(78%)
Task: 1,	 Epoch: 43/80,	 Avg.loss: 0.0008,	 Accuracy: 794/1000(79%)
Task: 1,	 Epoch: 44/80,	 Avg.loss: 0.0008,	 Accuracy: 773/1000(77%)
Task: 1,	 Epoch: 45/80,	 Avg.loss: 0.0008,	 Accuracy: 769/1000(77%)
Task: 1,	 Epoch: 46/80,	 Avg.loss: 0.0008,	 Accuracy: 778/1000(78%)
Task: 1,	 Epoch: 47/80,	 Avg.loss: 0.0008,	 Accuracy: 782/1000(78%)
Task: 1,	 Epoch: 48/80,	 Avg.loss: 0.0008,	 Accuracy: 783/1000(78%)
Task: 1,	 Epoch: 49/80,	 Avg.loss: 0.0009,	 Accuracy: 769/1000(77%)
Task: 1,	 Epoch: 50/80,	 Avg.loss: 0.0008,	 Accuracy: 789/1000(79%)
Task: 1,	 Epoch: 51/80,	 Avg.loss: 0.0008,	 Accuracy: 792/1000(79%)
Task: 1,	 Epoch: 52/80,	 Avg.loss: 0.0008,	 Accuracy: 791/1000(79%)
Task: 1,	 Epoch: 53/80,	 Avg.loss: 0.0008,	 Accuracy: 794/1000(79%)
Task: 1,	 Epoch: 54/80,	 Avg.loss: 0.0008,	 Accuracy: 787/1000(79%)
Task: 1,	 Epoch: 55/80,	 Avg.loss: 0.0008,	 Accuracy: 790/1000(79%)
Task: 1,	 Epoch: 56/80,	 Avg.loss: 0.0008,	 Accuracy: 787/1000(79%)
Task: 1,	 Epoch: 57/80,	 Avg.loss: 0.0008,	 Accuracy: 786/1000(79%)
Task: 1,	 Epoch: 58/80,	 Avg.loss: 0.0008,	 Accuracy: 788/1000(79%)
Task: 1,	 Epoch: 59/80,	 Avg.loss: 0.0008,	 Accuracy: 790/1000(79%)
Task: 1,	 Epoch: 60/80,	 Avg.loss: 0.0008,	 Accuracy: 787/1000(79%)
Task: 1,	 Epoch: 61/80,	 Avg.loss: 0.0008,	 Accuracy: 793/1000(79%)
Task: 1,	 Epoch: 62/80,	 Avg.loss: 0.0008,	 Accuracy: 791/1000(79%)
Task: 1,	 Epoch: 63/80,	 Avg.loss: 0.0008,	 Accuracy: 788/1000(79%)
Task: 1,	 Epoch: 64/80,	 Avg.loss: 0.0008,	 Accuracy: 792/1000(79%)
Task: 1,	 Epoch: 65/80,	 Avg.loss: 0.0008,	 Accuracy: 793/1000(79%)
Task: 1,	 Epoch: 66/80,	 Avg.loss: 0.0008,	 Accuracy: 791/1000(79%)
Task: 1,	 Epoch: 67/80,	 Avg.loss: 0.0008,	 Accuracy: 796/1000(80%)
Task: 1,	 Epoch: 68/80,	 Avg.loss: 0.0008,	 Accuracy: 793/1000(79%)
Task: 1,	 Epoch: 69/80,	 Avg.loss: 0.0008,	 Accuracy: 793/1000(79%)
Task: 1,	 Epoch: 70/80,	 Avg.loss: 0.0008,	 Accuracy: 796/1000(80%)
Task: 1,	 Epoch: 71/80,	 Avg.loss: 0.0008,	 Accuracy: 795/1000(80%)
Task: 1,	 Epoch: 72/80,	 Avg.loss: 0.0008,	 Accuracy: 793/1000(79%)
Task: 1,	 Epoch: 73/80,	 Avg.loss: 0.0008,	 Accuracy: 794/1000(79%)
Task: 1,	 Epoch: 74/80,	 Avg.loss: 0.0008,	 Accuracy: 795/1000(80%)
Task: 1,	 Epoch: 75/80,	 Avg.loss: 0.0008,	 Accuracy: 789/1000(79%)
Task: 1,	 Epoch: 76/80,	 Avg.loss: 0.0008,	 Accuracy: 791/1000(79%)
Task: 1,	 Epoch: 77/80,	 Avg.loss: 0.0008,	 Accuracy: 795/1000(80%)
Task: 1,	 Epoch: 78/80,	 Avg.loss: 0.0008,	 Accuracy: 794/1000(79%)
Task: 1,	 Epoch: 79/80,	 Avg.loss: 0.0008,	 Accuracy: 790/1000(79%)
Trained Task:1, Loaded task:0, Accuracy:85.4%
Trained Task:1, Loaded task:1, Accuracy:79.0%
Trained Task:1, Avg. Accuracy: 82.2 

List of avg. accuracy: [85.9, 82.2]
Layer        : conv1_layer.2.weight
R.histogram  : tensor([1., 1., 3., 6., 8., 2., 5., 4., 1., 1.], device='cuda:0')
R_sum max/min: 19.2/-14.4
F.num_zeros  : 288/9216
W.num_zeros  : 0/9216
O.num_zeros  : 288/9216
Layer        : conv2_layer.2.weight
R.histogram  : tensor([ 1., 39., 14.,  5.,  1.,  1.,  2.,  0.,  0.,  1.], device='cuda:0')
R_sum max/min: 88.0/-14.6
F.num_zeros  : 9258/36864
W.num_zeros  : 0/36864
O.num_zeros  : 13248/36864
Layer        : fc1_layer.0.weight
R.histogram  : tensor([  5.,  11.,  57., 107., 310.,  12.,   2.,   4.,   3.,   1.],
       device='cuda:0')
R_sum max/min: 165.7/-112.3
F.num_zeros  : 1308793/2097152
W.num_zeros  : 0/2097152
O.num_zeros  : 1545659/2097152
Mask histogram conv1_layer.2.weight: 	 tensor([   0.,    0.,    0., 8192.,    0.,    0.,    0.,    0.,    0.,    0.,
           0.], device='cuda:0')
Mask histogram conv2_layer.2.weight: 	 tensor([1472.,  832., 1408.,  384.,    0.,    0.,    0.,    0.,    0.,    0.,
           0.], device='cuda:0')
Mask histogram fc1_layer.0.weight: 	 tensor([122., 213., 132.,  45.,   0.,   0.,   0.,   0.,   0.,   0.,   0.],
       device='cuda:0')
Task: 2,	 Epoch: 0/80,	 Avg.loss: 0.0012,	 Accuracy: 634/1000(63%)
Task: 2,	 Epoch: 1/80,	 Avg.loss: 0.0009,	 Accuracy: 691/1000(69%)
Task: 2,	 Epoch: 2/80,	 Avg.loss: 0.0009,	 Accuracy: 716/1000(72%)
Task: 2,	 Epoch: 3/80,	 Avg.loss: 0.0009,	 Accuracy: 719/1000(72%)
Task: 2,	 Epoch: 4/80,	 Avg.loss: 0.0008,	 Accuracy: 730/1000(73%)
Task: 2,	 Epoch: 5/80,	 Avg.loss: 0.0009,	 Accuracy: 724/1000(72%)
Task: 2,	 Epoch: 6/80,	 Avg.loss: 0.0008,	 Accuracy: 728/1000(73%)
Task: 2,	 Epoch: 7/80,	 Avg.loss: 0.0008,	 Accuracy: 737/1000(74%)
Task: 2,	 Epoch: 8/80,	 Avg.loss: 0.0008,	 Accuracy: 745/1000(74%)
Task: 2,	 Epoch: 9/80,	 Avg.loss: 0.0008,	 Accuracy: 737/1000(74%)
Task: 2,	 Epoch: 10/80,	 Avg.loss: 0.0007,	 Accuracy: 758/1000(76%)
Task: 2,	 Epoch: 11/80,	 Avg.loss: 0.0008,	 Accuracy: 742/1000(74%)
Task: 2,	 Epoch: 12/80,	 Avg.loss: 0.0007,	 Accuracy: 765/1000(76%)
Task: 2,	 Epoch: 13/80,	 Avg.loss: 0.0007,	 Accuracy: 762/1000(76%)
Task: 2,	 Epoch: 14/80,	 Avg.loss: 0.0008,	 Accuracy: 772/1000(77%)
Task: 2,	 Epoch: 15/80,	 Avg.loss: 0.0007,	 Accuracy: 766/1000(77%)
Task: 2,	 Epoch: 16/80,	 Avg.loss: 0.0007,	 Accuracy: 768/1000(77%)
Task: 2,	 Epoch: 17/80,	 Avg.loss: 0.0007,	 Accuracy: 771/1000(77%)
Task: 2,	 Epoch: 18/80,	 Avg.loss: 0.0008,	 Accuracy: 752/1000(75%)
Task: 2,	 Epoch: 19/80,	 Avg.loss: 0.0007,	 Accuracy: 765/1000(76%)
Task: 2,	 Epoch: 20/80,	 Avg.loss: 0.0007,	 Accuracy: 774/1000(77%)
Task: 2,	 Epoch: 21/80,	 Avg.loss: 0.0007,	 Accuracy: 766/1000(77%)
Task: 2,	 Epoch: 22/80,	 Avg.loss: 0.0007,	 Accuracy: 776/1000(78%)
Task: 2,	 Epoch: 23/80,	 Avg.loss: 0.0008,	 Accuracy: 771/1000(77%)
Task: 2,	 Epoch: 24/80,	 Avg.loss: 0.0007,	 Accuracy: 769/1000(77%)
Task: 2,	 Epoch: 25/80,	 Avg.loss: 0.0007,	 Accuracy: 761/1000(76%)
Task: 2,	 Epoch: 26/80,	 Avg.loss: 0.0007,	 Accuracy: 776/1000(78%)
Task: 2,	 Epoch: 27/80,	 Avg.loss: 0.0007,	 Accuracy: 785/1000(78%)
Task: 2,	 Epoch: 28/80,	 Avg.loss: 0.0007,	 Accuracy: 780/1000(78%)
Task: 2,	 Epoch: 29/80,	 Avg.loss: 0.0007,	 Accuracy: 787/1000(79%)
Task: 2,	 Epoch: 30/80,	 Avg.loss: 0.0008,	 Accuracy: 759/1000(76%)
Task: 2,	 Epoch: 31/80,	 Avg.loss: 0.0007,	 Accuracy: 776/1000(78%)
Task: 2,	 Epoch: 32/80,	 Avg.loss: 0.0007,	 Accuracy: 783/1000(78%)
Task: 2,	 Epoch: 33/80,	 Avg.loss: 0.0007,	 Accuracy: 768/1000(77%)
Task: 2,	 Epoch: 34/80,	 Avg.loss: 0.0007,	 Accuracy: 777/1000(78%)
Task: 2,	 Epoch: 35/80,	 Avg.loss: 0.0007,	 Accuracy: 780/1000(78%)
Task: 2,	 Epoch: 36/80,	 Avg.loss: 0.0008,	 Accuracy: 765/1000(76%)
Task: 2,	 Epoch: 37/80,	 Avg.loss: 0.0007,	 Accuracy: 778/1000(78%)
Task: 2,	 Epoch: 38/80,	 Avg.loss: 0.0007,	 Accuracy: 788/1000(79%)
Task: 2,	 Epoch: 39/80,	 Avg.loss: 0.0007,	 Accuracy: 784/1000(78%)
Task: 2,	 Epoch: 40/80,	 Avg.loss: 0.0007,	 Accuracy: 791/1000(79%)
Task: 2,	 Epoch: 41/80,	 Avg.loss: 0.0007,	 Accuracy: 798/1000(80%)
Task: 2,	 Epoch: 42/80,	 Avg.loss: 0.0007,	 Accuracy: 786/1000(79%)
Task: 2,	 Epoch: 43/80,	 Avg.loss: 0.0007,	 Accuracy: 790/1000(79%)
Task: 2,	 Epoch: 44/80,	 Avg.loss: 0.0007,	 Accuracy: 778/1000(78%)
Task: 2,	 Epoch: 45/80,	 Avg.loss: 0.0007,	 Accuracy: 786/1000(79%)
Task: 2,	 Epoch: 46/80,	 Avg.loss: 0.0007,	 Accuracy: 763/1000(76%)
Task: 2,	 Epoch: 47/80,	 Avg.loss: 0.0007,	 Accuracy: 788/1000(79%)
Task: 2,	 Epoch: 48/80,	 Avg.loss: 0.0008,	 Accuracy: 781/1000(78%)
Task: 2,	 Epoch: 49/80,	 Avg.loss: 0.0008,	 Accuracy: 781/1000(78%)
Task: 2,	 Epoch: 50/80,	 Avg.loss: 0.0007,	 Accuracy: 792/1000(79%)
Task: 2,	 Epoch: 51/80,	 Avg.loss: 0.0007,	 Accuracy: 790/1000(79%)
Task: 2,	 Epoch: 52/80,	 Avg.loss: 0.0007,	 Accuracy: 793/1000(79%)
Task: 2,	 Epoch: 53/80,	 Avg.loss: 0.0007,	 Accuracy: 792/1000(79%)
Task: 2,	 Epoch: 54/80,	 Avg.loss: 0.0007,	 Accuracy: 794/1000(79%)
Task: 2,	 Epoch: 55/80,	 Avg.loss: 0.0007,	 Accuracy: 794/1000(79%)
Task: 2,	 Epoch: 56/80,	 Avg.loss: 0.0007,	 Accuracy: 796/1000(80%)
Task: 2,	 Epoch: 57/80,	 Avg.loss: 0.0007,	 Accuracy: 797/1000(80%)
Task: 2,	 Epoch: 58/80,	 Avg.loss: 0.0007,	 Accuracy: 795/1000(80%)
Task: 2,	 Epoch: 59/80,	 Avg.loss: 0.0007,	 Accuracy: 794/1000(79%)
Task: 2,	 Epoch: 60/80,	 Avg.loss: 0.0007,	 Accuracy: 801/1000(80%)
Task: 2,	 Epoch: 61/80,	 Avg.loss: 0.0007,	 Accuracy: 800/1000(80%)
Task: 2,	 Epoch: 62/80,	 Avg.loss: 0.0007,	 Accuracy: 794/1000(79%)
Task: 2,	 Epoch: 63/80,	 Avg.loss: 0.0007,	 Accuracy: 789/1000(79%)
Task: 2,	 Epoch: 64/80,	 Avg.loss: 0.0007,	 Accuracy: 803/1000(80%)
Task: 2,	 Epoch: 65/80,	 Avg.loss: 0.0007,	 Accuracy: 802/1000(80%)
Task: 2,	 Epoch: 66/80,	 Avg.loss: 0.0007,	 Accuracy: 797/1000(80%)
Task: 2,	 Epoch: 67/80,	 Avg.loss: 0.0007,	 Accuracy: 799/1000(80%)
Task: 2,	 Epoch: 68/80,	 Avg.loss: 0.0007,	 Accuracy: 795/1000(80%)
Task: 2,	 Epoch: 69/80,	 Avg.loss: 0.0007,	 Accuracy: 797/1000(80%)
Task: 2,	 Epoch: 70/80,	 Avg.loss: 0.0007,	 Accuracy: 799/1000(80%)
Task: 2,	 Epoch: 71/80,	 Avg.loss: 0.0007,	 Accuracy: 794/1000(79%)
Task: 2,	 Epoch: 72/80,	 Avg.loss: 0.0007,	 Accuracy: 795/1000(80%)
Task: 2,	 Epoch: 73/80,	 Avg.loss: 0.0007,	 Accuracy: 797/1000(80%)
Task: 2,	 Epoch: 74/80,	 Avg.loss: 0.0007,	 Accuracy: 794/1000(79%)
Task: 2,	 Epoch: 75/80,	 Avg.loss: 0.0007,	 Accuracy: 797/1000(80%)
Task: 2,	 Epoch: 76/80,	 Avg.loss: 0.0007,	 Accuracy: 795/1000(80%)
Task: 2,	 Epoch: 77/80,	 Avg.loss: 0.0007,	 Accuracy: 792/1000(79%)
Task: 2,	 Epoch: 78/80,	 Avg.loss: 0.0007,	 Accuracy: 797/1000(80%)
Task: 2,	 Epoch: 79/80,	 Avg.loss: 0.0007,	 Accuracy: 794/1000(79%)
Trained Task:2, Loaded task:0, Accuracy:85.1%
Trained Task:2, Loaded task:1, Accuracy:78.4%
Trained Task:2, Loaded task:2, Accuracy:79.4%
Trained Task:2, Avg. Accuracy: 81.0 

List of avg. accuracy: [85.9, 82.2, 81.0]
Layer        : conv1_layer.2.weight
R.histogram  : tensor([2., 0., 2., 6., 5., 4., 5., 3., 3., 2.], device='cuda:0')
R_sum max/min: 15.3/-13.7
F.num_zeros  : 288/9216
W.num_zeros  : 0/9216
O.num_zeros  : 288/9216
Layer        : conv2_layer.2.weight
R.histogram  : tensor([ 5., 38., 14.,  1.,  2.,  2.,  0.,  0.,  1.,  1.], device='cuda:0')
R_sum max/min: 80.6/-11.2
F.num_zeros  : 9300/36864
W.num_zeros  : 0/36864
O.num_zeros  : 13248/36864
Layer        : fc1_layer.0.weight
R.histogram  : tensor([  8., 363.,  94.,  22.,  12.,   5.,   5.,   2.,   0.,   1.],
       device='cuda:0')
R_sum max/min: 282.9/-68.7
F.num_zeros  : 1298392/2097152
W.num_zeros  : 0/2097152
O.num_zeros  : 1488095/2097152
Mask histogram conv1_layer.2.weight: 	 tensor([   0.,    0.,    0.,    0., 8192.,    0.,    0.,    0.,    0.,    0.,
           0.], device='cuda:0')
Mask histogram conv2_layer.2.weight: 	 tensor([1472.,  576.,  640., 1088.,  320.,    0.,    0.,    0.,    0.,    0.,
           0.], device='cuda:0')
Mask histogram fc1_layer.0.weight: 	 tensor([121., 130., 140.,  78.,  43.,   0.,   0.,   0.,   0.,   0.,   0.],
       device='cuda:0')
Task: 3,	 Epoch: 0/80,	 Avg.loss: 0.0013,	 Accuracy: 585/1000(59%)
Task: 3,	 Epoch: 1/80,	 Avg.loss: 0.0012,	 Accuracy: 614/1000(61%)
Task: 3,	 Epoch: 2/80,	 Avg.loss: 0.0012,	 Accuracy: 592/1000(59%)
Task: 3,	 Epoch: 3/80,	 Avg.loss: 0.0011,	 Accuracy: 640/1000(64%)
Task: 3,	 Epoch: 4/80,	 Avg.loss: 0.0011,	 Accuracy: 626/1000(63%)
Task: 3,	 Epoch: 5/80,	 Avg.loss: 0.0010,	 Accuracy: 656/1000(66%)
Task: 3,	 Epoch: 6/80,	 Avg.loss: 0.0010,	 Accuracy: 642/1000(64%)
Task: 3,	 Epoch: 7/80,	 Avg.loss: 0.0010,	 Accuracy: 663/1000(66%)
Task: 3,	 Epoch: 8/80,	 Avg.loss: 0.0011,	 Accuracy: 656/1000(66%)
Task: 3,	 Epoch: 9/80,	 Avg.loss: 0.0010,	 Accuracy: 667/1000(67%)
Task: 3,	 Epoch: 10/80,	 Avg.loss: 0.0010,	 Accuracy: 680/1000(68%)
Task: 3,	 Epoch: 11/80,	 Avg.loss: 0.0010,	 Accuracy: 651/1000(65%)
Task: 3,	 Epoch: 12/80,	 Avg.loss: 0.0010,	 Accuracy: 677/1000(68%)
Task: 3,	 Epoch: 13/80,	 Avg.loss: 0.0010,	 Accuracy: 659/1000(66%)
Task: 3,	 Epoch: 14/80,	 Avg.loss: 0.0010,	 Accuracy: 666/1000(67%)
Task: 3,	 Epoch: 15/80,	 Avg.loss: 0.0010,	 Accuracy: 673/1000(67%)
Task: 3,	 Epoch: 16/80,	 Avg.loss: 0.0010,	 Accuracy: 686/1000(69%)
Task: 3,	 Epoch: 17/80,	 Avg.loss: 0.0010,	 Accuracy: 668/1000(67%)
Task: 3,	 Epoch: 18/80,	 Avg.loss: 0.0009,	 Accuracy: 684/1000(68%)
Task: 3,	 Epoch: 19/80,	 Avg.loss: 0.0009,	 Accuracy: 687/1000(69%)
Task: 3,	 Epoch: 20/80,	 Avg.loss: 0.0009,	 Accuracy: 680/1000(68%)
Task: 3,	 Epoch: 21/80,	 Avg.loss: 0.0009,	 Accuracy: 687/1000(69%)
Task: 3,	 Epoch: 22/80,	 Avg.loss: 0.0009,	 Accuracy: 688/1000(69%)
Task: 3,	 Epoch: 23/80,	 Avg.loss: 0.0010,	 Accuracy: 675/1000(68%)
Task: 3,	 Epoch: 24/80,	 Avg.loss: 0.0009,	 Accuracy: 676/1000(68%)
Task: 3,	 Epoch: 25/80,	 Avg.loss: 0.0010,	 Accuracy: 673/1000(67%)
Task: 3,	 Epoch: 26/80,	 Avg.loss: 0.0010,	 Accuracy: 657/1000(66%)
Task: 3,	 Epoch: 27/80,	 Avg.loss: 0.0010,	 Accuracy: 680/1000(68%)
Task: 3,	 Epoch: 28/80,	 Avg.loss: 0.0010,	 Accuracy: 668/1000(67%)
Task: 3,	 Epoch: 29/80,	 Avg.loss: 0.0010,	 Accuracy: 672/1000(67%)
Task: 3,	 Epoch: 30/80,	 Avg.loss: 0.0009,	 Accuracy: 687/1000(69%)
Task: 3,	 Epoch: 31/80,	 Avg.loss: 0.0009,	 Accuracy: 690/1000(69%)
Task: 3,	 Epoch: 32/80,	 Avg.loss: 0.0009,	 Accuracy: 693/1000(69%)
Task: 3,	 Epoch: 33/80,	 Avg.loss: 0.0009,	 Accuracy: 692/1000(69%)
Task: 3,	 Epoch: 34/80,	 Avg.loss: 0.0009,	 Accuracy: 700/1000(70%)
Task: 3,	 Epoch: 35/80,	 Avg.loss: 0.0009,	 Accuracy: 699/1000(70%)
Task: 3,	 Epoch: 36/80,	 Avg.loss: 0.0009,	 Accuracy: 683/1000(68%)
Task: 3,	 Epoch: 37/80,	 Avg.loss: 0.0010,	 Accuracy: 674/1000(67%)
Task: 3,	 Epoch: 38/80,	 Avg.loss: 0.0009,	 Accuracy: 700/1000(70%)
Task: 3,	 Epoch: 39/80,	 Avg.loss: 0.0009,	 Accuracy: 686/1000(69%)
Task: 3,	 Epoch: 40/80,	 Avg.loss: 0.0010,	 Accuracy: 696/1000(70%)
Task: 3,	 Epoch: 41/80,	 Avg.loss: 0.0009,	 Accuracy: 695/1000(70%)
Task: 3,	 Epoch: 42/80,	 Avg.loss: 0.0010,	 Accuracy: 695/1000(70%)
Task: 3,	 Epoch: 43/80,	 Avg.loss: 0.0009,	 Accuracy: 697/1000(70%)
Task: 3,	 Epoch: 44/80,	 Avg.loss: 0.0010,	 Accuracy: 677/1000(68%)
Task: 3,	 Epoch: 45/80,	 Avg.loss: 0.0009,	 Accuracy: 690/1000(69%)
Task: 3,	 Epoch: 46/80,	 Avg.loss: 0.0010,	 Accuracy: 680/1000(68%)
Task: 3,	 Epoch: 47/80,	 Avg.loss: 0.0009,	 Accuracy: 695/1000(70%)
Task: 3,	 Epoch: 48/80,	 Avg.loss: 0.0010,	 Accuracy: 688/1000(69%)
Task: 3,	 Epoch: 49/80,	 Avg.loss: 0.0009,	 Accuracy: 680/1000(68%)
Task: 3,	 Epoch: 50/80,	 Avg.loss: 0.0009,	 Accuracy: 708/1000(71%)
Task: 3,	 Epoch: 51/80,	 Avg.loss: 0.0009,	 Accuracy: 704/1000(70%)
Task: 3,	 Epoch: 52/80,	 Avg.loss: 0.0009,	 Accuracy: 707/1000(71%)
Task: 3,	 Epoch: 53/80,	 Avg.loss: 0.0009,	 Accuracy: 705/1000(70%)
Task: 3,	 Epoch: 54/80,	 Avg.loss: 0.0009,	 Accuracy: 707/1000(71%)
Task: 3,	 Epoch: 55/80,	 Avg.loss: 0.0009,	 Accuracy: 712/1000(71%)
Task: 3,	 Epoch: 56/80,	 Avg.loss: 0.0009,	 Accuracy: 712/1000(71%)
Task: 3,	 Epoch: 57/80,	 Avg.loss: 0.0009,	 Accuracy: 711/1000(71%)
Task: 3,	 Epoch: 58/80,	 Avg.loss: 0.0009,	 Accuracy: 705/1000(70%)
Task: 3,	 Epoch: 59/80,	 Avg.loss: 0.0009,	 Accuracy: 708/1000(71%)
Task: 3,	 Epoch: 60/80,	 Avg.loss: 0.0009,	 Accuracy: 706/1000(71%)
Task: 3,	 Epoch: 61/80,	 Avg.loss: 0.0009,	 Accuracy: 703/1000(70%)
Task: 3,	 Epoch: 62/80,	 Avg.loss: 0.0009,	 Accuracy: 708/1000(71%)
Task: 3,	 Epoch: 63/80,	 Avg.loss: 0.0009,	 Accuracy: 709/1000(71%)
Task: 3,	 Epoch: 64/80,	 Avg.loss: 0.0009,	 Accuracy: 709/1000(71%)
Task: 3,	 Epoch: 65/80,	 Avg.loss: 0.0009,	 Accuracy: 708/1000(71%)
Task: 3,	 Epoch: 66/80,	 Avg.loss: 0.0009,	 Accuracy: 699/1000(70%)
Task: 3,	 Epoch: 67/80,	 Avg.loss: 0.0009,	 Accuracy: 702/1000(70%)
Task: 3,	 Epoch: 68/80,	 Avg.loss: 0.0009,	 Accuracy: 703/1000(70%)
Task: 3,	 Epoch: 69/80,	 Avg.loss: 0.0009,	 Accuracy: 702/1000(70%)
Task: 3,	 Epoch: 70/80,	 Avg.loss: 0.0009,	 Accuracy: 702/1000(70%)
Task: 3,	 Epoch: 71/80,	 Avg.loss: 0.0009,	 Accuracy: 706/1000(71%)
Task: 3,	 Epoch: 72/80,	 Avg.loss: 0.0009,	 Accuracy: 699/1000(70%)
Task: 3,	 Epoch: 73/80,	 Avg.loss: 0.0009,	 Accuracy: 701/1000(70%)
Task: 3,	 Epoch: 74/80,	 Avg.loss: 0.0009,	 Accuracy: 705/1000(70%)
Task: 3,	 Epoch: 75/80,	 Avg.loss: 0.0009,	 Accuracy: 703/1000(70%)
Task: 3,	 Epoch: 76/80,	 Avg.loss: 0.0009,	 Accuracy: 705/1000(70%)
Task: 3,	 Epoch: 77/80,	 Avg.loss: 0.0009,	 Accuracy: 705/1000(70%)
Task: 3,	 Epoch: 78/80,	 Avg.loss: 0.0009,	 Accuracy: 705/1000(70%)
Task: 3,	 Epoch: 79/80,	 Avg.loss: 0.0009,	 Accuracy: 713/1000(71%)
Trained Task:3, Loaded task:0, Accuracy:84.9%
Trained Task:3, Loaded task:1, Accuracy:78.1%
Trained Task:3, Loaded task:2, Accuracy:79.7%
Trained Task:3, Loaded task:3, Accuracy:71.3%
Trained Task:3, Avg. Accuracy: 78.5 

List of avg. accuracy: [85.9, 82.2, 81.0, 78.5]
Layer        : conv1_layer.2.weight
R.histogram  : tensor([1., 3., 9., 5., 5., 3., 5., 0., 0., 1.], device='cuda:0')
R_sum max/min: 33.7/-11.9
F.num_zeros  : 288/9216
W.num_zeros  : 0/9216
O.num_zeros  : 288/9216
Layer        : conv2_layer.2.weight
R.histogram  : tensor([ 3.,  1., 35., 18.,  4.,  0.,  0.,  0.,  1.,  2.], device='cuda:0')
R_sum max/min: 52.5/-19.2
F.num_zeros  : 9207/36864
W.num_zeros  : 0/36864
O.num_zeros  : 13248/36864
Layer        : fc1_layer.0.weight
R.histogram  : tensor([ 17., 414.,  54.,  15.,   7.,   3.,   0.,   1.,   0.,   1.],
       device='cuda:0')
R_sum max/min: 291.0/-68.3
F.num_zeros  : 1289766/2097152
W.num_zeros  : 0/2097152
O.num_zeros  : 1466431/2097152
Mask histogram conv1_layer.2.weight: 	 tensor([   0.,    0.,    0.,    0.,    0., 8192.,    0.,    0.,    0.,    0.,
           0.], device='cuda:0')
Mask histogram conv2_layer.2.weight: 	 tensor([1280.,  576.,  640.,  512.,  832.,  256.,    0.,    0.,    0.,    0.,
           0.], device='cuda:0')
Mask histogram fc1_layer.0.weight: 	 tensor([120.,  77., 125., 105.,  47.,  38.,   0.,   0.,   0.,   0.,   0.],
       device='cuda:0')
Task: 4,	 Epoch: 0/80,	 Avg.loss: 0.0011,	 Accuracy: 656/1000(66%)
Task: 4,	 Epoch: 1/80,	 Avg.loss: 0.0010,	 Accuracy: 706/1000(71%)
Task: 4,	 Epoch: 2/80,	 Avg.loss: 0.0009,	 Accuracy: 724/1000(72%)
Task: 4,	 Epoch: 3/80,	 Avg.loss: 0.0009,	 Accuracy: 731/1000(73%)
Task: 4,	 Epoch: 4/80,	 Avg.loss: 0.0009,	 Accuracy: 715/1000(72%)
Task: 4,	 Epoch: 5/80,	 Avg.loss: 0.0008,	 Accuracy: 751/1000(75%)
Task: 4,	 Epoch: 6/80,	 Avg.loss: 0.0009,	 Accuracy: 735/1000(74%)
Task: 4,	 Epoch: 7/80,	 Avg.loss: 0.0008,	 Accuracy: 739/1000(74%)
Task: 4,	 Epoch: 8/80,	 Avg.loss: 0.0008,	 Accuracy: 744/1000(74%)
Task: 4,	 Epoch: 9/80,	 Avg.loss: 0.0008,	 Accuracy: 739/1000(74%)
Task: 4,	 Epoch: 10/80,	 Avg.loss: 0.0008,	 Accuracy: 757/1000(76%)
Task: 4,	 Epoch: 11/80,	 Avg.loss: 0.0008,	 Accuracy: 749/1000(75%)
Task: 4,	 Epoch: 12/80,	 Avg.loss: 0.0008,	 Accuracy: 755/1000(76%)
Task: 4,	 Epoch: 13/80,	 Avg.loss: 0.0008,	 Accuracy: 765/1000(76%)
Task: 4,	 Epoch: 14/80,	 Avg.loss: 0.0008,	 Accuracy: 754/1000(75%)
Task: 4,	 Epoch: 15/80,	 Avg.loss: 0.0008,	 Accuracy: 762/1000(76%)
Task: 4,	 Epoch: 16/80,	 Avg.loss: 0.0008,	 Accuracy: 760/1000(76%)
Task: 4,	 Epoch: 17/80,	 Avg.loss: 0.0008,	 Accuracy: 756/1000(76%)
Task: 4,	 Epoch: 18/80,	 Avg.loss: 0.0008,	 Accuracy: 763/1000(76%)
Task: 4,	 Epoch: 19/80,	 Avg.loss: 0.0008,	 Accuracy: 758/1000(76%)
Task: 4,	 Epoch: 20/80,	 Avg.loss: 0.0008,	 Accuracy: 767/1000(77%)
Task: 4,	 Epoch: 21/80,	 Avg.loss: 0.0008,	 Accuracy: 742/1000(74%)
Task: 4,	 Epoch: 22/80,	 Avg.loss: 0.0007,	 Accuracy: 763/1000(76%)
Task: 4,	 Epoch: 23/80,	 Avg.loss: 0.0007,	 Accuracy: 762/1000(76%)
Task: 4,	 Epoch: 24/80,	 Avg.loss: 0.0007,	 Accuracy: 767/1000(77%)
Task: 4,	 Epoch: 25/80,	 Avg.loss: 0.0007,	 Accuracy: 771/1000(77%)
Task: 4,	 Epoch: 26/80,	 Avg.loss: 0.0008,	 Accuracy: 759/1000(76%)
Task: 4,	 Epoch: 27/80,	 Avg.loss: 0.0008,	 Accuracy: 755/1000(76%)
Task: 4,	 Epoch: 28/80,	 Avg.loss: 0.0008,	 Accuracy: 766/1000(77%)
Task: 4,	 Epoch: 29/80,	 Avg.loss: 0.0008,	 Accuracy: 774/1000(77%)
Task: 4,	 Epoch: 30/80,	 Avg.loss: 0.0007,	 Accuracy: 775/1000(78%)
Task: 4,	 Epoch: 31/80,	 Avg.loss: 0.0008,	 Accuracy: 775/1000(78%)
Task: 4,	 Epoch: 32/80,	 Avg.loss: 0.0008,	 Accuracy: 761/1000(76%)
Task: 4,	 Epoch: 33/80,	 Avg.loss: 0.0008,	 Accuracy: 762/1000(76%)
Task: 4,	 Epoch: 34/80,	 Avg.loss: 0.0007,	 Accuracy: 766/1000(77%)
Task: 4,	 Epoch: 35/80,	 Avg.loss: 0.0008,	 Accuracy: 757/1000(76%)
Task: 4,	 Epoch: 36/80,	 Avg.loss: 0.0008,	 Accuracy: 761/1000(76%)
Task: 4,	 Epoch: 37/80,	 Avg.loss: 0.0008,	 Accuracy: 769/1000(77%)
Task: 4,	 Epoch: 38/80,	 Avg.loss: 0.0008,	 Accuracy: 752/1000(75%)
Task: 4,	 Epoch: 39/80,	 Avg.loss: 0.0008,	 Accuracy: 768/1000(77%)
Task: 4,	 Epoch: 40/80,	 Avg.loss: 0.0008,	 Accuracy: 762/1000(76%)
Task: 4,	 Epoch: 41/80,	 Avg.loss: 0.0008,	 Accuracy: 764/1000(76%)
Task: 4,	 Epoch: 42/80,	 Avg.loss: 0.0008,	 Accuracy: 733/1000(73%)
Task: 4,	 Epoch: 43/80,	 Avg.loss: 0.0008,	 Accuracy: 763/1000(76%)
Task: 4,	 Epoch: 44/80,	 Avg.loss: 0.0007,	 Accuracy: 792/1000(79%)
Task: 4,	 Epoch: 45/80,	 Avg.loss: 0.0007,	 Accuracy: 768/1000(77%)
Task: 4,	 Epoch: 46/80,	 Avg.loss: 0.0008,	 Accuracy: 757/1000(76%)
Task: 4,	 Epoch: 47/80,	 Avg.loss: 0.0008,	 Accuracy: 757/1000(76%)
Task: 4,	 Epoch: 48/80,	 Avg.loss: 0.0008,	 Accuracy: 775/1000(78%)
Task: 4,	 Epoch: 49/80,	 Avg.loss: 0.0008,	 Accuracy: 765/1000(76%)
Task: 4,	 Epoch: 50/80,	 Avg.loss: 0.0007,	 Accuracy: 771/1000(77%)
Task: 4,	 Epoch: 51/80,	 Avg.loss: 0.0007,	 Accuracy: 774/1000(77%)
Task: 4,	 Epoch: 52/80,	 Avg.loss: 0.0007,	 Accuracy: 767/1000(77%)
Task: 4,	 Epoch: 53/80,	 Avg.loss: 0.0007,	 Accuracy: 772/1000(77%)
Task: 4,	 Epoch: 54/80,	 Avg.loss: 0.0007,	 Accuracy: 777/1000(78%)
Task: 4,	 Epoch: 55/80,	 Avg.loss: 0.0007,	 Accuracy: 776/1000(78%)
Task: 4,	 Epoch: 56/80,	 Avg.loss: 0.0007,	 Accuracy: 773/1000(77%)
Task: 4,	 Epoch: 57/80,	 Avg.loss: 0.0007,	 Accuracy: 774/1000(77%)
Task: 4,	 Epoch: 58/80,	 Avg.loss: 0.0007,	 Accuracy: 780/1000(78%)
Task: 4,	 Epoch: 59/80,	 Avg.loss: 0.0007,	 Accuracy: 779/1000(78%)
Task: 4,	 Epoch: 60/80,	 Avg.loss: 0.0007,	 Accuracy: 777/1000(78%)
Task: 4,	 Epoch: 61/80,	 Avg.loss: 0.0007,	 Accuracy: 778/1000(78%)
Task: 4,	 Epoch: 62/80,	 Avg.loss: 0.0007,	 Accuracy: 778/1000(78%)
Task: 4,	 Epoch: 63/80,	 Avg.loss: 0.0007,	 Accuracy: 782/1000(78%)
Task: 4,	 Epoch: 64/80,	 Avg.loss: 0.0007,	 Accuracy: 779/1000(78%)
Task: 4,	 Epoch: 65/80,	 Avg.loss: 0.0007,	 Accuracy: 781/1000(78%)
Task: 4,	 Epoch: 66/80,	 Avg.loss: 0.0007,	 Accuracy: 773/1000(77%)
Task: 4,	 Epoch: 67/80,	 Avg.loss: 0.0007,	 Accuracy: 778/1000(78%)
Task: 4,	 Epoch: 68/80,	 Avg.loss: 0.0007,	 Accuracy: 782/1000(78%)
Task: 4,	 Epoch: 69/80,	 Avg.loss: 0.0007,	 Accuracy: 778/1000(78%)
Task: 4,	 Epoch: 70/80,	 Avg.loss: 0.0007,	 Accuracy: 781/1000(78%)
Task: 4,	 Epoch: 71/80,	 Avg.loss: 0.0007,	 Accuracy: 778/1000(78%)
Task: 4,	 Epoch: 72/80,	 Avg.loss: 0.0007,	 Accuracy: 785/1000(78%)
Task: 4,	 Epoch: 73/80,	 Avg.loss: 0.0007,	 Accuracy: 777/1000(78%)
Task: 4,	 Epoch: 74/80,	 Avg.loss: 0.0007,	 Accuracy: 780/1000(78%)
Task: 4,	 Epoch: 75/80,	 Avg.loss: 0.0007,	 Accuracy: 778/1000(78%)
Task: 4,	 Epoch: 76/80,	 Avg.loss: 0.0007,	 Accuracy: 781/1000(78%)
Task: 4,	 Epoch: 77/80,	 Avg.loss: 0.0007,	 Accuracy: 784/1000(78%)
Task: 4,	 Epoch: 78/80,	 Avg.loss: 0.0007,	 Accuracy: 786/1000(79%)
Task: 4,	 Epoch: 79/80,	 Avg.loss: 0.0007,	 Accuracy: 779/1000(78%)
Trained Task:4, Loaded task:0, Accuracy:84.5%
Trained Task:4, Loaded task:1, Accuracy:78.6%
Trained Task:4, Loaded task:2, Accuracy:79.6%
Trained Task:4, Loaded task:3, Accuracy:70.5%
Trained Task:4, Loaded task:4, Accuracy:77.9%
Trained Task:4, Avg. Accuracy: 78.2 

List of avg. accuracy: [85.9, 82.2, 81.0, 78.5, 78.2]
Layer        : conv1_layer.2.weight
R.histogram  : tensor([1., 0., 6., 1., 9., 4., 4., 3., 2., 2.], device='cuda:0')
R_sum max/min: 14.3/-10.2
F.num_zeros  : 288/9216
W.num_zeros  : 0/9216
O.num_zeros  : 288/9216
Layer        : conv2_layer.2.weight
R.histogram  : tensor([ 4.,  2., 41., 13.,  0.,  2.,  0.,  0.,  1.,  1.], device='cuda:0')
R_sum max/min: 64.6/-20.9
F.num_zeros  : 9288/36864
W.num_zeros  : 0/36864
O.num_zeros  : 11520/36864
Layer        : fc1_layer.0.weight
R.histogram  : tensor([ 17., 418.,  51.,  10.,  12.,   2.,   0.,   0.,   1.,   1.],
       device='cuda:0')
R_sum max/min: 311.2/-69.4
F.num_zeros  : 1280411/2097152
W.num_zeros  : 0/2097152
O.num_zeros  : 1435903/2097152
Mask histogram conv1_layer.2.weight: 	 tensor([   0.,    0.,    0.,    0.,    0.,    0., 8192.,    0.,    0.,    0.,
           0.], device='cuda:0')
Mask histogram conv2_layer.2.weight: 	 tensor([1216.,  320.,  640.,  640.,  512.,  576.,  192.,    0.,    0.,    0.,
           0.], device='cuda:0')
Mask histogram fc1_layer.0.weight: 	 tensor([120.,  63.,  73., 100.,  90.,  41.,  25.,   0.,   0.,   0.,   0.],
       device='cuda:0')
Task: 5,	 Epoch: 0/80,	 Avg.loss: 0.0012,	 Accuracy: 574/1000(57%)
Task: 5,	 Epoch: 1/80,	 Avg.loss: 0.0010,	 Accuracy: 636/1000(64%)
Task: 5,	 Epoch: 2/80,	 Avg.loss: 0.0009,	 Accuracy: 660/1000(66%)
Task: 5,	 Epoch: 3/80,	 Avg.loss: 0.0009,	 Accuracy: 666/1000(67%)
Task: 5,	 Epoch: 4/80,	 Avg.loss: 0.0009,	 Accuracy: 683/1000(68%)
Task: 5,	 Epoch: 5/80,	 Avg.loss: 0.0008,	 Accuracy: 694/1000(69%)
Task: 5,	 Epoch: 6/80,	 Avg.loss: 0.0009,	 Accuracy: 690/1000(69%)
Task: 5,	 Epoch: 7/80,	 Avg.loss: 0.0008,	 Accuracy: 694/1000(69%)
Task: 5,	 Epoch: 8/80,	 Avg.loss: 0.0009,	 Accuracy: 658/1000(66%)
Task: 5,	 Epoch: 9/80,	 Avg.loss: 0.0009,	 Accuracy: 684/1000(68%)
Task: 5,	 Epoch: 10/80,	 Avg.loss: 0.0009,	 Accuracy: 680/1000(68%)
Task: 5,	 Epoch: 11/80,	 Avg.loss: 0.0008,	 Accuracy: 730/1000(73%)
Task: 5,	 Epoch: 12/80,	 Avg.loss: 0.0008,	 Accuracy: 716/1000(72%)
Task: 5,	 Epoch: 13/80,	 Avg.loss: 0.0008,	 Accuracy: 714/1000(71%)
Task: 5,	 Epoch: 14/80,	 Avg.loss: 0.0008,	 Accuracy: 710/1000(71%)
Task: 5,	 Epoch: 15/80,	 Avg.loss: 0.0008,	 Accuracy: 707/1000(71%)
Task: 5,	 Epoch: 16/80,	 Avg.loss: 0.0008,	 Accuracy: 718/1000(72%)
Task: 5,	 Epoch: 17/80,	 Avg.loss: 0.0008,	 Accuracy: 721/1000(72%)
Task: 5,	 Epoch: 18/80,	 Avg.loss: 0.0008,	 Accuracy: 706/1000(71%)
Task: 5,	 Epoch: 19/80,	 Avg.loss: 0.0008,	 Accuracy: 717/1000(72%)
Task: 5,	 Epoch: 20/80,	 Avg.loss: 0.0008,	 Accuracy: 710/1000(71%)
Task: 5,	 Epoch: 21/80,	 Avg.loss: 0.0008,	 Accuracy: 713/1000(71%)
Task: 5,	 Epoch: 22/80,	 Avg.loss: 0.0008,	 Accuracy: 713/1000(71%)
Task: 5,	 Epoch: 23/80,	 Avg.loss: 0.0008,	 Accuracy: 692/1000(69%)
Task: 5,	 Epoch: 24/80,	 Avg.loss: 0.0007,	 Accuracy: 730/1000(73%)
Task: 5,	 Epoch: 25/80,	 Avg.loss: 0.0008,	 Accuracy: 700/1000(70%)
Task: 5,	 Epoch: 26/80,	 Avg.loss: 0.0008,	 Accuracy: 687/1000(69%)
Task: 5,	 Epoch: 27/80,	 Avg.loss: 0.0009,	 Accuracy: 698/1000(70%)
Task: 5,	 Epoch: 28/80,	 Avg.loss: 0.0008,	 Accuracy: 721/1000(72%)
Task: 5,	 Epoch: 29/80,	 Avg.loss: 0.0008,	 Accuracy: 721/1000(72%)
Task: 5,	 Epoch: 30/80,	 Avg.loss: 0.0008,	 Accuracy: 708/1000(71%)
Task: 5,	 Epoch: 31/80,	 Avg.loss: 0.0008,	 Accuracy: 711/1000(71%)
Task: 5,	 Epoch: 32/80,	 Avg.loss: 0.0008,	 Accuracy: 718/1000(72%)
Task: 5,	 Epoch: 33/80,	 Avg.loss: 0.0008,	 Accuracy: 735/1000(74%)
Task: 5,	 Epoch: 34/80,	 Avg.loss: 0.0008,	 Accuracy: 723/1000(72%)
Task: 5,	 Epoch: 35/80,	 Avg.loss: 0.0008,	 Accuracy: 741/1000(74%)
Task: 5,	 Epoch: 36/80,	 Avg.loss: 0.0008,	 Accuracy: 703/1000(70%)
Task: 5,	 Epoch: 37/80,	 Avg.loss: 0.0008,	 Accuracy: 718/1000(72%)
Task: 5,	 Epoch: 38/80,	 Avg.loss: 0.0008,	 Accuracy: 728/1000(73%)
Task: 5,	 Epoch: 39/80,	 Avg.loss: 0.0008,	 Accuracy: 705/1000(70%)
Task: 5,	 Epoch: 40/80,	 Avg.loss: 0.0008,	 Accuracy: 718/1000(72%)
Task: 5,	 Epoch: 41/80,	 Avg.loss: 0.0007,	 Accuracy: 739/1000(74%)
Task: 5,	 Epoch: 42/80,	 Avg.loss: 0.0008,	 Accuracy: 723/1000(72%)
Task: 5,	 Epoch: 43/80,	 Avg.loss: 0.0008,	 Accuracy: 714/1000(71%)
Task: 5,	 Epoch: 44/80,	 Avg.loss: 0.0008,	 Accuracy: 726/1000(73%)
Task: 5,	 Epoch: 45/80,	 Avg.loss: 0.0008,	 Accuracy: 715/1000(72%)
Task: 5,	 Epoch: 46/80,	 Avg.loss: 0.0008,	 Accuracy: 723/1000(72%)
Task: 5,	 Epoch: 47/80,	 Avg.loss: 0.0007,	 Accuracy: 740/1000(74%)
Task: 5,	 Epoch: 48/80,	 Avg.loss: 0.0008,	 Accuracy: 715/1000(72%)
Task: 5,	 Epoch: 49/80,	 Avg.loss: 0.0008,	 Accuracy: 729/1000(73%)
Task: 5,	 Epoch: 50/80,	 Avg.loss: 0.0007,	 Accuracy: 738/1000(74%)
Task: 5,	 Epoch: 51/80,	 Avg.loss: 0.0007,	 Accuracy: 741/1000(74%)
Task: 5,	 Epoch: 52/80,	 Avg.loss: 0.0007,	 Accuracy: 742/1000(74%)
Task: 5,	 Epoch: 53/80,	 Avg.loss: 0.0007,	 Accuracy: 735/1000(74%)
Task: 5,	 Epoch: 54/80,	 Avg.loss: 0.0007,	 Accuracy: 737/1000(74%)
Task: 5,	 Epoch: 55/80,	 Avg.loss: 0.0007,	 Accuracy: 738/1000(74%)
Task: 5,	 Epoch: 56/80,	 Avg.loss: 0.0007,	 Accuracy: 742/1000(74%)
Task: 5,	 Epoch: 57/80,	 Avg.loss: 0.0007,	 Accuracy: 743/1000(74%)
Task: 5,	 Epoch: 58/80,	 Avg.loss: 0.0007,	 Accuracy: 740/1000(74%)
Task: 5,	 Epoch: 59/80,	 Avg.loss: 0.0007,	 Accuracy: 742/1000(74%)
Task: 5,	 Epoch: 60/80,	 Avg.loss: 0.0007,	 Accuracy: 746/1000(75%)
Task: 5,	 Epoch: 61/80,	 Avg.loss: 0.0007,	 Accuracy: 741/1000(74%)
Task: 5,	 Epoch: 62/80,	 Avg.loss: 0.0007,	 Accuracy: 737/1000(74%)
Task: 5,	 Epoch: 63/80,	 Avg.loss: 0.0007,	 Accuracy: 739/1000(74%)
Task: 5,	 Epoch: 64/80,	 Avg.loss: 0.0007,	 Accuracy: 740/1000(74%)
Task: 5,	 Epoch: 65/80,	 Avg.loss: 0.0007,	 Accuracy: 743/1000(74%)
Task: 5,	 Epoch: 66/80,	 Avg.loss: 0.0007,	 Accuracy: 745/1000(74%)
Task: 5,	 Epoch: 67/80,	 Avg.loss: 0.0007,	 Accuracy: 744/1000(74%)
Task: 5,	 Epoch: 68/80,	 Avg.loss: 0.0007,	 Accuracy: 748/1000(75%)
Task: 5,	 Epoch: 69/80,	 Avg.loss: 0.0007,	 Accuracy: 747/1000(75%)
Task: 5,	 Epoch: 70/80,	 Avg.loss: 0.0007,	 Accuracy: 738/1000(74%)
Task: 5,	 Epoch: 71/80,	 Avg.loss: 0.0007,	 Accuracy: 745/1000(74%)
Task: 5,	 Epoch: 72/80,	 Avg.loss: 0.0007,	 Accuracy: 746/1000(75%)
Task: 5,	 Epoch: 73/80,	 Avg.loss: 0.0007,	 Accuracy: 738/1000(74%)
Task: 5,	 Epoch: 74/80,	 Avg.loss: 0.0007,	 Accuracy: 748/1000(75%)
Task: 5,	 Epoch: 75/80,	 Avg.loss: 0.0007,	 Accuracy: 743/1000(74%)
Task: 5,	 Epoch: 76/80,	 Avg.loss: 0.0007,	 Accuracy: 747/1000(75%)
Task: 5,	 Epoch: 77/80,	 Avg.loss: 0.0007,	 Accuracy: 747/1000(75%)
Task: 5,	 Epoch: 78/80,	 Avg.loss: 0.0007,	 Accuracy: 741/1000(74%)
Task: 5,	 Epoch: 79/80,	 Avg.loss: 0.0007,	 Accuracy: 745/1000(74%)
Trained Task:5, Loaded task:0, Accuracy:84.6%
Trained Task:5, Loaded task:1, Accuracy:78.6%
Trained Task:5, Loaded task:2, Accuracy:78.2%
Trained Task:5, Loaded task:3, Accuracy:70.8%
Trained Task:5, Loaded task:4, Accuracy:78.3%
Trained Task:5, Loaded task:5, Accuracy:74.5%
Trained Task:5, Avg. Accuracy: 77.5 

List of avg. accuracy: [85.9, 82.2, 81.0, 78.5, 78.2, 77.5]
Layer        : conv1_layer.2.weight
R.histogram  : tensor([1., 3., 6., 9., 3., 5., 1., 3., 0., 1.], device='cuda:0')
R_sum max/min: 13.0/-8.5
F.num_zeros  : 288/9216
W.num_zeros  : 0/9216
O.num_zeros  : 288/9216
Layer        : conv2_layer.2.weight
R.histogram  : tensor([ 6., 35., 13.,  4.,  1.,  2.,  0.,  0.,  1.,  2.], device='cuda:0')
R_sum max/min: 83.0/-16.8
F.num_zeros  : 9495/36864
W.num_zeros  : 0/36864
O.num_zeros  : 10944/36864
Layer        : fc1_layer.0.weight
R.histogram  : tensor([ 25., 437.,  37.,   6.,   5.,   1.,   0.,   0.,   0.,   1.],
       device='cuda:0')
R_sum max/min: 290.7/-71.1
F.num_zeros  : 1285380/2097152
W.num_zeros  : 0/2097152
O.num_zeros  : 1415677/2097152
Mask histogram conv1_layer.2.weight: 	 tensor([   0.,    0.,    0.,    0.,    0.,    0.,    0., 8192.,    0.,    0.,
           0.], device='cuda:0')
Mask histogram conv2_layer.2.weight: 	 tensor([1216.,  192.,  448.,  576.,  576.,  576.,  384.,  128.,    0.,    0.,
           0.], device='cuda:0')
Mask histogram fc1_layer.0.weight: 	 tensor([82., 92., 71., 56., 84., 86., 27., 14.,  0.,  0.,  0.],
       device='cuda:0')
Task: 6,	 Epoch: 0/80,	 Avg.loss: 0.0012,	 Accuracy: 569/1000(57%)
Task: 6,	 Epoch: 1/80,	 Avg.loss: 0.0010,	 Accuracy: 652/1000(65%)
Task: 6,	 Epoch: 2/80,	 Avg.loss: 0.0010,	 Accuracy: 678/1000(68%)
Task: 6,	 Epoch: 3/80,	 Avg.loss: 0.0010,	 Accuracy: 663/1000(66%)
Task: 6,	 Epoch: 4/80,	 Avg.loss: 0.0010,	 Accuracy: 650/1000(65%)
Task: 6,	 Epoch: 5/80,	 Avg.loss: 0.0009,	 Accuracy: 708/1000(71%)
Task: 6,	 Epoch: 6/80,	 Avg.loss: 0.0009,	 Accuracy: 695/1000(70%)
Task: 6,	 Epoch: 7/80,	 Avg.loss: 0.0010,	 Accuracy: 642/1000(64%)
Task: 6,	 Epoch: 8/80,	 Avg.loss: 0.0009,	 Accuracy: 671/1000(67%)
Task: 6,	 Epoch: 9/80,	 Avg.loss: 0.0009,	 Accuracy: 683/1000(68%)
Task: 6,	 Epoch: 10/80,	 Avg.loss: 0.0009,	 Accuracy: 693/1000(69%)
Task: 6,	 Epoch: 11/80,	 Avg.loss: 0.0009,	 Accuracy: 684/1000(68%)
Task: 6,	 Epoch: 12/80,	 Avg.loss: 0.0009,	 Accuracy: 684/1000(68%)
Task: 6,	 Epoch: 13/80,	 Avg.loss: 0.0009,	 Accuracy: 683/1000(68%)
Task: 6,	 Epoch: 14/80,	 Avg.loss: 0.0009,	 Accuracy: 689/1000(69%)
Task: 6,	 Epoch: 15/80,	 Avg.loss: 0.0009,	 Accuracy: 695/1000(70%)
Task: 6,	 Epoch: 16/80,	 Avg.loss: 0.0009,	 Accuracy: 669/1000(67%)
Task: 6,	 Epoch: 17/80,	 Avg.loss: 0.0010,	 Accuracy: 681/1000(68%)
Task: 6,	 Epoch: 18/80,	 Avg.loss: 0.0009,	 Accuracy: 700/1000(70%)
Task: 6,	 Epoch: 19/80,	 Avg.loss: 0.0009,	 Accuracy: 688/1000(69%)
Task: 6,	 Epoch: 20/80,	 Avg.loss: 0.0009,	 Accuracy: 702/1000(70%)
Task: 6,	 Epoch: 21/80,	 Avg.loss: 0.0009,	 Accuracy: 698/1000(70%)
Task: 6,	 Epoch: 22/80,	 Avg.loss: 0.0009,	 Accuracy: 674/1000(67%)
Task: 6,	 Epoch: 23/80,	 Avg.loss: 0.0009,	 Accuracy: 689/1000(69%)
Task: 6,	 Epoch: 24/80,	 Avg.loss: 0.0009,	 Accuracy: 679/1000(68%)
Task: 6,	 Epoch: 25/80,	 Avg.loss: 0.0009,	 Accuracy: 684/1000(68%)
Task: 6,	 Epoch: 26/80,	 Avg.loss: 0.0009,	 Accuracy: 695/1000(70%)
Task: 6,	 Epoch: 27/80,	 Avg.loss: 0.0009,	 Accuracy: 688/1000(69%)
Task: 6,	 Epoch: 28/80,	 Avg.loss: 0.0009,	 Accuracy: 687/1000(69%)
Task: 6,	 Epoch: 29/80,	 Avg.loss: 0.0009,	 Accuracy: 684/1000(68%)
Task: 6,	 Epoch: 30/80,	 Avg.loss: 0.0009,	 Accuracy: 700/1000(70%)
Task: 6,	 Epoch: 31/80,	 Avg.loss: 0.0009,	 Accuracy: 693/1000(69%)
Task: 6,	 Epoch: 32/80,	 Avg.loss: 0.0009,	 Accuracy: 684/1000(68%)
Task: 6,	 Epoch: 33/80,	 Avg.loss: 0.0009,	 Accuracy: 704/1000(70%)
Task: 6,	 Epoch: 34/80,	 Avg.loss: 0.0009,	 Accuracy: 704/1000(70%)
Task: 6,	 Epoch: 35/80,	 Avg.loss: 0.0009,	 Accuracy: 696/1000(70%)
Task: 6,	 Epoch: 36/80,	 Avg.loss: 0.0008,	 Accuracy: 698/1000(70%)
Task: 6,	 Epoch: 37/80,	 Avg.loss: 0.0009,	 Accuracy: 684/1000(68%)
Task: 6,	 Epoch: 38/80,	 Avg.loss: 0.0008,	 Accuracy: 694/1000(69%)
Task: 6,	 Epoch: 39/80,	 Avg.loss: 0.0009,	 Accuracy: 696/1000(70%)
Task: 6,	 Epoch: 40/80,	 Avg.loss: 0.0009,	 Accuracy: 709/1000(71%)
Task: 6,	 Epoch: 41/80,	 Avg.loss: 0.0009,	 Accuracy: 698/1000(70%)
Task: 6,	 Epoch: 42/80,	 Avg.loss: 0.0009,	 Accuracy: 680/1000(68%)
Task: 6,	 Epoch: 43/80,	 Avg.loss: 0.0008,	 Accuracy: 716/1000(72%)
Task: 6,	 Epoch: 44/80,	 Avg.loss: 0.0009,	 Accuracy: 682/1000(68%)
Task: 6,	 Epoch: 45/80,	 Avg.loss: 0.0009,	 Accuracy: 697/1000(70%)
Task: 6,	 Epoch: 46/80,	 Avg.loss: 0.0009,	 Accuracy: 688/1000(69%)
Task: 6,	 Epoch: 47/80,	 Avg.loss: 0.0008,	 Accuracy: 713/1000(71%)
Task: 6,	 Epoch: 48/80,	 Avg.loss: 0.0008,	 Accuracy: 701/1000(70%)
Task: 6,	 Epoch: 49/80,	 Avg.loss: 0.0008,	 Accuracy: 690/1000(69%)
Task: 6,	 Epoch: 50/80,	 Avg.loss: 0.0008,	 Accuracy: 705/1000(70%)
Task: 6,	 Epoch: 51/80,	 Avg.loss: 0.0008,	 Accuracy: 707/1000(71%)
Task: 6,	 Epoch: 52/80,	 Avg.loss: 0.0008,	 Accuracy: 707/1000(71%)
Task: 6,	 Epoch: 53/80,	 Avg.loss: 0.0008,	 Accuracy: 707/1000(71%)
Task: 6,	 Epoch: 54/80,	 Avg.loss: 0.0008,	 Accuracy: 706/1000(71%)
Task: 6,	 Epoch: 55/80,	 Avg.loss: 0.0008,	 Accuracy: 709/1000(71%)
Task: 6,	 Epoch: 56/80,	 Avg.loss: 0.0008,	 Accuracy: 707/1000(71%)
Task: 6,	 Epoch: 57/80,	 Avg.loss: 0.0008,	 Accuracy: 711/1000(71%)
Task: 6,	 Epoch: 58/80,	 Avg.loss: 0.0008,	 Accuracy: 707/1000(71%)
Task: 6,	 Epoch: 59/80,	 Avg.loss: 0.0008,	 Accuracy: 715/1000(72%)
Task: 6,	 Epoch: 60/80,	 Avg.loss: 0.0008,	 Accuracy: 709/1000(71%)
Task: 6,	 Epoch: 61/80,	 Avg.loss: 0.0008,	 Accuracy: 709/1000(71%)
Task: 6,	 Epoch: 62/80,	 Avg.loss: 0.0008,	 Accuracy: 707/1000(71%)
Task: 6,	 Epoch: 63/80,	 Avg.loss: 0.0008,	 Accuracy: 709/1000(71%)
Task: 6,	 Epoch: 64/80,	 Avg.loss: 0.0008,	 Accuracy: 708/1000(71%)
Task: 6,	 Epoch: 65/80,	 Avg.loss: 0.0008,	 Accuracy: 710/1000(71%)
Task: 6,	 Epoch: 66/80,	 Avg.loss: 0.0008,	 Accuracy: 707/1000(71%)
Task: 6,	 Epoch: 67/80,	 Avg.loss: 0.0008,	 Accuracy: 711/1000(71%)
Task: 6,	 Epoch: 68/80,	 Avg.loss: 0.0008,	 Accuracy: 712/1000(71%)
Task: 6,	 Epoch: 69/80,	 Avg.loss: 0.0008,	 Accuracy: 710/1000(71%)
Task: 6,	 Epoch: 70/80,	 Avg.loss: 0.0008,	 Accuracy: 711/1000(71%)
Task: 6,	 Epoch: 71/80,	 Avg.loss: 0.0008,	 Accuracy: 712/1000(71%)
Task: 6,	 Epoch: 72/80,	 Avg.loss: 0.0008,	 Accuracy: 712/1000(71%)
Task: 6,	 Epoch: 73/80,	 Avg.loss: 0.0008,	 Accuracy: 711/1000(71%)
Task: 6,	 Epoch: 74/80,	 Avg.loss: 0.0008,	 Accuracy: 710/1000(71%)
Task: 6,	 Epoch: 75/80,	 Avg.loss: 0.0008,	 Accuracy: 717/1000(72%)
Task: 6,	 Epoch: 76/80,	 Avg.loss: 0.0008,	 Accuracy: 710/1000(71%)
Task: 6,	 Epoch: 77/80,	 Avg.loss: 0.0008,	 Accuracy: 718/1000(72%)
Task: 6,	 Epoch: 78/80,	 Avg.loss: 0.0008,	 Accuracy: 709/1000(71%)
Task: 6,	 Epoch: 79/80,	 Avg.loss: 0.0008,	 Accuracy: 706/1000(71%)
Trained Task:6, Loaded task:0, Accuracy:84.7%
Trained Task:6, Loaded task:1, Accuracy:78.4%
Trained Task:6, Loaded task:2, Accuracy:78.2%
Trained Task:6, Loaded task:3, Accuracy:70.8%
Trained Task:6, Loaded task:4, Accuracy:78.2%
Trained Task:6, Loaded task:5, Accuracy:74.5%
Trained Task:6, Loaded task:6, Accuracy:70.6%
Trained Task:6, Avg. Accuracy: 76.5 

List of avg. accuracy: [85.9, 82.2, 81.0, 78.5, 78.2, 77.5, 76.5]
Layer        : conv1_layer.2.weight
R.histogram  : tensor([1., 4., 7., 6., 2., 5., 3., 1., 1., 2.], device='cuda:0')
R_sum max/min: 12.7/-4.8
F.num_zeros  : 288/9216
W.num_zeros  : 0/9216
O.num_zeros  : 288/9216
Layer        : conv2_layer.2.weight
R.histogram  : tensor([ 9., 46.,  6.,  0.,  0.,  1.,  1.,  0.,  0.,  1.], device='cuda:0')
R_sum max/min: 85.3/-15.4
F.num_zeros  : 9234/36864
W.num_zeros  : 0/36864
O.num_zeros  : 10944/36864
Layer        : fc1_layer.0.weight
R.histogram  : tensor([ 21., 185., 286.,   9.,   7.,   1.,   1.,   0.,   0.,   2.],
       device='cuda:0')
R_sum max/min: 246.1/-67.6
F.num_zeros  : 1282683/2097152
W.num_zeros  : 0/2097152
O.num_zeros  : 1411837/2097152
Mask histogram conv1_layer.2.weight: 	 tensor([   0.,    0.,    0.,    0.,    0.,    0.,    0.,    0., 8192.,    0.,
           0.], device='cuda:0')
Mask histogram conv2_layer.2.weight: 	 tensor([832., 576., 320., 448., 576., 576., 320., 448.,   0.,   0.,   0.],
       device='cuda:0')
Mask histogram fc1_layer.0.weight: 	 tensor([79., 56., 99., 54., 41., 81., 78., 13., 11.,  0.,  0.],
       device='cuda:0')
Task: 7,	 Epoch: 0/80,	 Avg.loss: 0.0014,	 Accuracy: 527/1000(53%)
Task: 7,	 Epoch: 1/80,	 Avg.loss: 0.0012,	 Accuracy: 562/1000(56%)
Task: 7,	 Epoch: 2/80,	 Avg.loss: 0.0012,	 Accuracy: 570/1000(57%)
Task: 7,	 Epoch: 3/80,	 Avg.loss: 0.0011,	 Accuracy: 601/1000(60%)
Task: 7,	 Epoch: 4/80,	 Avg.loss: 0.0011,	 Accuracy: 638/1000(64%)
Task: 7,	 Epoch: 5/80,	 Avg.loss: 0.0011,	 Accuracy: 629/1000(63%)
Task: 7,	 Epoch: 6/80,	 Avg.loss: 0.0010,	 Accuracy: 643/1000(64%)
Task: 7,	 Epoch: 7/80,	 Avg.loss: 0.0011,	 Accuracy: 634/1000(63%)
Task: 7,	 Epoch: 8/80,	 Avg.loss: 0.0011,	 Accuracy: 615/1000(62%)
Task: 7,	 Epoch: 9/80,	 Avg.loss: 0.0010,	 Accuracy: 655/1000(66%)
Task: 7,	 Epoch: 10/80,	 Avg.loss: 0.0010,	 Accuracy: 653/1000(65%)
Task: 7,	 Epoch: 11/80,	 Avg.loss: 0.0010,	 Accuracy: 651/1000(65%)
Task: 7,	 Epoch: 12/80,	 Avg.loss: 0.0010,	 Accuracy: 657/1000(66%)
Task: 7,	 Epoch: 13/80,	 Avg.loss: 0.0010,	 Accuracy: 664/1000(66%)
Task: 7,	 Epoch: 14/80,	 Avg.loss: 0.0010,	 Accuracy: 637/1000(64%)
Task: 7,	 Epoch: 15/80,	 Avg.loss: 0.0010,	 Accuracy: 667/1000(67%)
Task: 7,	 Epoch: 16/80,	 Avg.loss: 0.0010,	 Accuracy: 651/1000(65%)
Task: 7,	 Epoch: 17/80,	 Avg.loss: 0.0010,	 Accuracy: 655/1000(66%)
Task: 7,	 Epoch: 18/80,	 Avg.loss: 0.0010,	 Accuracy: 654/1000(65%)
Task: 7,	 Epoch: 19/80,	 Avg.loss: 0.0011,	 Accuracy: 638/1000(64%)
Task: 7,	 Epoch: 20/80,	 Avg.loss: 0.0010,	 Accuracy: 652/1000(65%)
Task: 7,	 Epoch: 21/80,	 Avg.loss: 0.0010,	 Accuracy: 655/1000(66%)
Task: 7,	 Epoch: 22/80,	 Avg.loss: 0.0010,	 Accuracy: 646/1000(65%)
Task: 7,	 Epoch: 23/80,	 Avg.loss: 0.0010,	 Accuracy: 642/1000(64%)
Task: 7,	 Epoch: 24/80,	 Avg.loss: 0.0010,	 Accuracy: 655/1000(66%)
Task: 7,	 Epoch: 25/80,	 Avg.loss: 0.0010,	 Accuracy: 670/1000(67%)
Task: 7,	 Epoch: 26/80,	 Avg.loss: 0.0010,	 Accuracy: 624/1000(62%)
Task: 7,	 Epoch: 27/80,	 Avg.loss: 0.0010,	 Accuracy: 658/1000(66%)
Task: 7,	 Epoch: 28/80,	 Avg.loss: 0.0010,	 Accuracy: 670/1000(67%)
Task: 7,	 Epoch: 29/80,	 Avg.loss: 0.0010,	 Accuracy: 644/1000(64%)
Task: 7,	 Epoch: 30/80,	 Avg.loss: 0.0010,	 Accuracy: 659/1000(66%)
Task: 7,	 Epoch: 31/80,	 Avg.loss: 0.0010,	 Accuracy: 657/1000(66%)
Task: 7,	 Epoch: 32/80,	 Avg.loss: 0.0009,	 Accuracy: 688/1000(69%)
Task: 7,	 Epoch: 33/80,	 Avg.loss: 0.0010,	 Accuracy: 665/1000(66%)
Task: 7,	 Epoch: 34/80,	 Avg.loss: 0.0010,	 Accuracy: 667/1000(67%)
Task: 7,	 Epoch: 35/80,	 Avg.loss: 0.0010,	 Accuracy: 672/1000(67%)
Task: 7,	 Epoch: 36/80,	 Avg.loss: 0.0009,	 Accuracy: 668/1000(67%)
Task: 7,	 Epoch: 37/80,	 Avg.loss: 0.0010,	 Accuracy: 655/1000(66%)
Task: 7,	 Epoch: 38/80,	 Avg.loss: 0.0011,	 Accuracy: 641/1000(64%)
Task: 7,	 Epoch: 39/80,	 Avg.loss: 0.0010,	 Accuracy: 648/1000(65%)
Task: 7,	 Epoch: 40/80,	 Avg.loss: 0.0009,	 Accuracy: 670/1000(67%)
Task: 7,	 Epoch: 41/80,	 Avg.loss: 0.0010,	 Accuracy: 661/1000(66%)
Task: 7,	 Epoch: 42/80,	 Avg.loss: 0.0009,	 Accuracy: 672/1000(67%)
Task: 7,	 Epoch: 43/80,	 Avg.loss: 0.0009,	 Accuracy: 675/1000(68%)
Task: 7,	 Epoch: 44/80,	 Avg.loss: 0.0010,	 Accuracy: 659/1000(66%)
Task: 7,	 Epoch: 45/80,	 Avg.loss: 0.0009,	 Accuracy: 689/1000(69%)
Task: 7,	 Epoch: 46/80,	 Avg.loss: 0.0009,	 Accuracy: 684/1000(68%)
Task: 7,	 Epoch: 47/80,	 Avg.loss: 0.0009,	 Accuracy: 693/1000(69%)
Task: 7,	 Epoch: 48/80,	 Avg.loss: 0.0010,	 Accuracy: 677/1000(68%)
Task: 7,	 Epoch: 49/80,	 Avg.loss: 0.0009,	 Accuracy: 680/1000(68%)
Task: 7,	 Epoch: 50/80,	 Avg.loss: 0.0009,	 Accuracy: 687/1000(69%)
Task: 7,	 Epoch: 51/80,	 Avg.loss: 0.0009,	 Accuracy: 684/1000(68%)
Task: 7,	 Epoch: 52/80,	 Avg.loss: 0.0009,	 Accuracy: 692/1000(69%)
Task: 7,	 Epoch: 53/80,	 Avg.loss: 0.0009,	 Accuracy: 692/1000(69%)
Task: 7,	 Epoch: 54/80,	 Avg.loss: 0.0009,	 Accuracy: 689/1000(69%)
Task: 7,	 Epoch: 55/80,	 Avg.loss: 0.0009,	 Accuracy: 692/1000(69%)
Task: 7,	 Epoch: 56/80,	 Avg.loss: 0.0009,	 Accuracy: 693/1000(69%)
Task: 7,	 Epoch: 57/80,	 Avg.loss: 0.0009,	 Accuracy: 683/1000(68%)
Task: 7,	 Epoch: 58/80,	 Avg.loss: 0.0009,	 Accuracy: 685/1000(68%)
Task: 7,	 Epoch: 59/80,	 Avg.loss: 0.0009,	 Accuracy: 689/1000(69%)
Task: 7,	 Epoch: 60/80,	 Avg.loss: 0.0009,	 Accuracy: 687/1000(69%)
Task: 7,	 Epoch: 61/80,	 Avg.loss: 0.0009,	 Accuracy: 683/1000(68%)
Task: 7,	 Epoch: 62/80,	 Avg.loss: 0.0009,	 Accuracy: 689/1000(69%)
Task: 7,	 Epoch: 63/80,	 Avg.loss: 0.0009,	 Accuracy: 685/1000(68%)
Task: 7,	 Epoch: 64/80,	 Avg.loss: 0.0009,	 Accuracy: 687/1000(69%)
Task: 7,	 Epoch: 65/80,	 Avg.loss: 0.0009,	 Accuracy: 682/1000(68%)
Task: 7,	 Epoch: 66/80,	 Avg.loss: 0.0009,	 Accuracy: 687/1000(69%)
Task: 7,	 Epoch: 67/80,	 Avg.loss: 0.0009,	 Accuracy: 695/1000(70%)
Task: 7,	 Epoch: 68/80,	 Avg.loss: 0.0009,	 Accuracy: 689/1000(69%)
Task: 7,	 Epoch: 69/80,	 Avg.loss: 0.0009,	 Accuracy: 690/1000(69%)
Task: 7,	 Epoch: 70/80,	 Avg.loss: 0.0009,	 Accuracy: 693/1000(69%)
Task: 7,	 Epoch: 71/80,	 Avg.loss: 0.0009,	 Accuracy: 693/1000(69%)
Task: 7,	 Epoch: 72/80,	 Avg.loss: 0.0009,	 Accuracy: 688/1000(69%)
Task: 7,	 Epoch: 73/80,	 Avg.loss: 0.0009,	 Accuracy: 689/1000(69%)
Task: 7,	 Epoch: 74/80,	 Avg.loss: 0.0009,	 Accuracy: 688/1000(69%)
Task: 7,	 Epoch: 75/80,	 Avg.loss: 0.0009,	 Accuracy: 692/1000(69%)
Task: 7,	 Epoch: 76/80,	 Avg.loss: 0.0009,	 Accuracy: 698/1000(70%)
Task: 7,	 Epoch: 77/80,	 Avg.loss: 0.0009,	 Accuracy: 686/1000(69%)
Task: 7,	 Epoch: 78/80,	 Avg.loss: 0.0009,	 Accuracy: 685/1000(68%)
Task: 7,	 Epoch: 79/80,	 Avg.loss: 0.0009,	 Accuracy: 695/1000(70%)
Trained Task:7, Loaded task:0, Accuracy:84.4%
Trained Task:7, Loaded task:1, Accuracy:78.5%
Trained Task:7, Loaded task:2, Accuracy:78.5%
Trained Task:7, Loaded task:3, Accuracy:71.1%
Trained Task:7, Loaded task:4, Accuracy:78.6%
Trained Task:7, Loaded task:5, Accuracy:73.9%
Trained Task:7, Loaded task:6, Accuracy:70.7%
Trained Task:7, Loaded task:7, Accuracy:69.5%
Trained Task:7, Avg. Accuracy: 75.7 

List of avg. accuracy: [85.9, 82.2, 81.0, 78.5, 78.2, 77.5, 76.5, 75.7]
Layer        : conv1_layer.2.weight
R.histogram  : tensor([4., 5., 6., 7., 5., 3., 1., 0., 0., 1.], device='cuda:0')
R_sum max/min: 22.7/-5.3
F.num_zeros  : 288/9216
W.num_zeros  : 0/9216
O.num_zeros  : 288/9216
Layer        : conv2_layer.2.weight
R.histogram  : tensor([ 1.,  5., 33., 16.,  3.,  0.,  3.,  0.,  1.,  2.], device='cuda:0')
R_sum max/min: 72.4/-30.0
F.num_zeros  : 9792/36864
W.num_zeros  : 0/36864
O.num_zeros  : 9792/36864
Layer        : fc1_layer.0.weight
R.histogram  : tensor([  4.,  26.,  66., 129., 278.,   4.,   1.,   3.,   0.,   1.],
       device='cuda:0')
R_sum max/min: 105.2/-85.4
F.num_zeros  : 1267333/2097152
W.num_zeros  : 0/2097152
O.num_zeros  : 1403645/2097152
Mask histogram conv1_layer.2.weight: 	 tensor([   0.,    0.,    0.,    0.,    0.,    0.,    0.,    0.,    0., 8192.,
           0.], device='cuda:0')
Mask histogram conv2_layer.2.weight: 	 tensor([832., 384., 448., 256., 448., 640., 512., 320., 256.,   0.,   0.],
       device='cuda:0')
Mask histogram fc1_layer.0.weight: 	 tensor([41., 91., 64., 81., 44., 37., 78., 64., 11.,  1.,  0.],
       device='cuda:0')
Task: 8,	 Epoch: 0/80,	 Avg.loss: 0.0016,	 Accuracy: 428/1000(43%)
Task: 8,	 Epoch: 1/80,	 Avg.loss: 0.0014,	 Accuracy: 513/1000(51%)
Task: 8,	 Epoch: 2/80,	 Avg.loss: 0.0013,	 Accuracy: 545/1000(55%)
Task: 8,	 Epoch: 3/80,	 Avg.loss: 0.0012,	 Accuracy: 567/1000(57%)
Task: 8,	 Epoch: 4/80,	 Avg.loss: 0.0012,	 Accuracy: 568/1000(57%)
Task: 8,	 Epoch: 5/80,	 Avg.loss: 0.0012,	 Accuracy: 567/1000(57%)
Task: 8,	 Epoch: 6/80,	 Avg.loss: 0.0013,	 Accuracy: 550/1000(55%)
Task: 8,	 Epoch: 7/80,	 Avg.loss: 0.0012,	 Accuracy: 563/1000(56%)
Task: 8,	 Epoch: 8/80,	 Avg.loss: 0.0011,	 Accuracy: 601/1000(60%)
Task: 8,	 Epoch: 9/80,	 Avg.loss: 0.0012,	 Accuracy: 576/1000(58%)
Task: 8,	 Epoch: 10/80,	 Avg.loss: 0.0012,	 Accuracy: 583/1000(58%)
Task: 8,	 Epoch: 11/80,	 Avg.loss: 0.0012,	 Accuracy: 594/1000(59%)
Task: 8,	 Epoch: 12/80,	 Avg.loss: 0.0011,	 Accuracy: 613/1000(61%)
Task: 8,	 Epoch: 13/80,	 Avg.loss: 0.0012,	 Accuracy: 592/1000(59%)
Task: 8,	 Epoch: 14/80,	 Avg.loss: 0.0011,	 Accuracy: 595/1000(60%)
Task: 8,	 Epoch: 15/80,	 Avg.loss: 0.0011,	 Accuracy: 632/1000(63%)
Task: 8,	 Epoch: 16/80,	 Avg.loss: 0.0010,	 Accuracy: 635/1000(64%)
Task: 8,	 Epoch: 17/80,	 Avg.loss: 0.0010,	 Accuracy: 629/1000(63%)
Task: 8,	 Epoch: 18/80,	 Avg.loss: 0.0011,	 Accuracy: 625/1000(63%)
Task: 8,	 Epoch: 19/80,	 Avg.loss: 0.0010,	 Accuracy: 644/1000(64%)
Task: 8,	 Epoch: 20/80,	 Avg.loss: 0.0011,	 Accuracy: 624/1000(62%)
Task: 8,	 Epoch: 21/80,	 Avg.loss: 0.0010,	 Accuracy: 646/1000(65%)
Task: 8,	 Epoch: 22/80,	 Avg.loss: 0.0010,	 Accuracy: 651/1000(65%)
Task: 8,	 Epoch: 23/80,	 Avg.loss: 0.0010,	 Accuracy: 643/1000(64%)
Task: 8,	 Epoch: 24/80,	 Avg.loss: 0.0010,	 Accuracy: 644/1000(64%)
Task: 8,	 Epoch: 25/80,	 Avg.loss: 0.0010,	 Accuracy: 636/1000(64%)
Task: 8,	 Epoch: 26/80,	 Avg.loss: 0.0010,	 Accuracy: 629/1000(63%)
Task: 8,	 Epoch: 27/80,	 Avg.loss: 0.0010,	 Accuracy: 654/1000(65%)
Task: 8,	 Epoch: 28/80,	 Avg.loss: 0.0010,	 Accuracy: 650/1000(65%)
Task: 8,	 Epoch: 29/80,	 Avg.loss: 0.0010,	 Accuracy: 635/1000(64%)
Task: 8,	 Epoch: 30/80,	 Avg.loss: 0.0010,	 Accuracy: 645/1000(64%)
Task: 8,	 Epoch: 31/80,	 Avg.loss: 0.0010,	 Accuracy: 650/1000(65%)
Task: 8,	 Epoch: 32/80,	 Avg.loss: 0.0010,	 Accuracy: 650/1000(65%)
Task: 8,	 Epoch: 33/80,	 Avg.loss: 0.0010,	 Accuracy: 634/1000(63%)
Task: 8,	 Epoch: 34/80,	 Avg.loss: 0.0010,	 Accuracy: 671/1000(67%)
Task: 8,	 Epoch: 35/80,	 Avg.loss: 0.0010,	 Accuracy: 648/1000(65%)
Task: 8,	 Epoch: 36/80,	 Avg.loss: 0.0010,	 Accuracy: 642/1000(64%)
Task: 8,	 Epoch: 37/80,	 Avg.loss: 0.0010,	 Accuracy: 642/1000(64%)
Task: 8,	 Epoch: 38/80,	 Avg.loss: 0.0010,	 Accuracy: 661/1000(66%)
Task: 8,	 Epoch: 39/80,	 Avg.loss: 0.0010,	 Accuracy: 645/1000(64%)
Task: 8,	 Epoch: 40/80,	 Avg.loss: 0.0010,	 Accuracy: 638/1000(64%)
Task: 8,	 Epoch: 41/80,	 Avg.loss: 0.0010,	 Accuracy: 663/1000(66%)
Task: 8,	 Epoch: 42/80,	 Avg.loss: 0.0010,	 Accuracy: 657/1000(66%)
Task: 8,	 Epoch: 43/80,	 Avg.loss: 0.0010,	 Accuracy: 668/1000(67%)
Task: 8,	 Epoch: 44/80,	 Avg.loss: 0.0010,	 Accuracy: 669/1000(67%)
Task: 8,	 Epoch: 45/80,	 Avg.loss: 0.0010,	 Accuracy: 651/1000(65%)
Task: 8,	 Epoch: 46/80,	 Avg.loss: 0.0010,	 Accuracy: 650/1000(65%)
Task: 8,	 Epoch: 47/80,	 Avg.loss: 0.0010,	 Accuracy: 673/1000(67%)
Task: 8,	 Epoch: 48/80,	 Avg.loss: 0.0010,	 Accuracy: 661/1000(66%)
Task: 8,	 Epoch: 49/80,	 Avg.loss: 0.0010,	 Accuracy: 658/1000(66%)
Task: 8,	 Epoch: 50/80,	 Avg.loss: 0.0009,	 Accuracy: 668/1000(67%)
Task: 8,	 Epoch: 51/80,	 Avg.loss: 0.0009,	 Accuracy: 678/1000(68%)
Task: 8,	 Epoch: 52/80,	 Avg.loss: 0.0009,	 Accuracy: 682/1000(68%)
Task: 8,	 Epoch: 53/80,	 Avg.loss: 0.0009,	 Accuracy: 678/1000(68%)
Task: 8,	 Epoch: 54/80,	 Avg.loss: 0.0009,	 Accuracy: 684/1000(68%)
Task: 8,	 Epoch: 55/80,	 Avg.loss: 0.0009,	 Accuracy: 685/1000(68%)
Task: 8,	 Epoch: 56/80,	 Avg.loss: 0.0009,	 Accuracy: 682/1000(68%)
Task: 8,	 Epoch: 57/80,	 Avg.loss: 0.0009,	 Accuracy: 682/1000(68%)
Task: 8,	 Epoch: 58/80,	 Avg.loss: 0.0009,	 Accuracy: 682/1000(68%)
Task: 8,	 Epoch: 59/80,	 Avg.loss: 0.0009,	 Accuracy: 683/1000(68%)
Task: 8,	 Epoch: 60/80,	 Avg.loss: 0.0009,	 Accuracy: 685/1000(68%)
Task: 8,	 Epoch: 61/80,	 Avg.loss: 0.0009,	 Accuracy: 681/1000(68%)
Task: 8,	 Epoch: 62/80,	 Avg.loss: 0.0009,	 Accuracy: 676/1000(68%)
Task: 8,	 Epoch: 63/80,	 Avg.loss: 0.0009,	 Accuracy: 682/1000(68%)
Task: 8,	 Epoch: 64/80,	 Avg.loss: 0.0009,	 Accuracy: 686/1000(69%)
Task: 8,	 Epoch: 65/80,	 Avg.loss: 0.0009,	 Accuracy: 680/1000(68%)
Task: 8,	 Epoch: 66/80,	 Avg.loss: 0.0009,	 Accuracy: 684/1000(68%)
Task: 8,	 Epoch: 67/80,	 Avg.loss: 0.0009,	 Accuracy: 683/1000(68%)
Task: 8,	 Epoch: 68/80,	 Avg.loss: 0.0009,	 Accuracy: 682/1000(68%)
Task: 8,	 Epoch: 69/80,	 Avg.loss: 0.0009,	 Accuracy: 674/1000(67%)
Task: 8,	 Epoch: 70/80,	 Avg.loss: 0.0009,	 Accuracy: 679/1000(68%)
Task: 8,	 Epoch: 71/80,	 Avg.loss: 0.0009,	 Accuracy: 677/1000(68%)
Task: 8,	 Epoch: 72/80,	 Avg.loss: 0.0009,	 Accuracy: 673/1000(67%)
Task: 8,	 Epoch: 73/80,	 Avg.loss: 0.0009,	 Accuracy: 683/1000(68%)
Task: 8,	 Epoch: 74/80,	 Avg.loss: 0.0009,	 Accuracy: 682/1000(68%)
Task: 8,	 Epoch: 75/80,	 Avg.loss: 0.0009,	 Accuracy: 681/1000(68%)
Task: 8,	 Epoch: 76/80,	 Avg.loss: 0.0009,	 Accuracy: 672/1000(67%)
Task: 8,	 Epoch: 77/80,	 Avg.loss: 0.0009,	 Accuracy: 677/1000(68%)
Task: 8,	 Epoch: 78/80,	 Avg.loss: 0.0009,	 Accuracy: 676/1000(68%)
Task: 8,	 Epoch: 79/80,	 Avg.loss: 0.0009,	 Accuracy: 682/1000(68%)
Trained Task:8, Loaded task:0, Accuracy:84.7%
Trained Task:8, Loaded task:1, Accuracy:78.4%
Trained Task:8, Loaded task:2, Accuracy:78.4%
Trained Task:8, Loaded task:3, Accuracy:70.9%
Trained Task:8, Loaded task:4, Accuracy:77.9%
Trained Task:8, Loaded task:5, Accuracy:74.3%
Trained Task:8, Loaded task:6, Accuracy:70.8%
Trained Task:8, Loaded task:7, Accuracy:68.2%
Trained Task:8, Loaded task:8, Accuracy:68.2%
Trained Task:8, Avg. Accuracy: 74.6 

List of avg. accuracy: [85.9, 82.2, 81.0, 78.5, 78.2, 77.5, 76.5, 75.7, 74.6]
Layer        : conv1_layer.2.weight
R.histogram  : tensor([6., 5., 4., 4., 2., 2., 5., 2., 1., 1.], device='cuda:0')
R_sum max/min: 12.6/-4.9
F.num_zeros  : 288/9216
W.num_zeros  : 0/9216
O.num_zeros  : 288/9216
Layer        : conv2_layer.2.weight
R.histogram  : tensor([12., 43.,  3.,  3.,  1.,  0.,  0.,  0.,  0.,  2.], device='cuda:0')
R_sum max/min: 109.4/-19.2
F.num_zeros  : 9792/36864
W.num_zeros  : 0/36864
O.num_zeros  : 9792/36864
Layer        : fc1_layer.0.weight
R.histogram  : tensor([  1.,  15.,  78., 407.,   6.,   3.,   1.,   0.,   0.,   1.],
       device='cuda:0')
R_sum max/min: 148.8/-95.9
F.num_zeros  : 1254146/2097152
W.num_zeros  : 0/2097152
O.num_zeros  : 1398845/2097152
Mask histogram conv1_layer.2.weight: 	 tensor([   0.,    0.,    0.,    0.,    0.,    0.,    0.,    0.,    0.,    0.,
        8192.], device='cuda:0')
Mask histogram conv2_layer.2.weight: 	 tensor([576., 512., 384., 384., 320., 640., 384., 640.,   0., 256.,   0.],
       device='cuda:0')
Mask histogram fc1_layer.0.weight: 	 tensor([41., 53., 97., 48., 71., 43., 30., 65., 62.,  1.,  1.],
       device='cuda:0')
Task: 9,	 Epoch: 0/80,	 Avg.loss: 0.0016,	 Accuracy: 441/1000(44%)
Task: 9,	 Epoch: 1/80,	 Avg.loss: 0.0013,	 Accuracy: 558/1000(56%)
Task: 9,	 Epoch: 2/80,	 Avg.loss: 0.0012,	 Accuracy: 612/1000(61%)
Task: 9,	 Epoch: 3/80,	 Avg.loss: 0.0011,	 Accuracy: 636/1000(64%)
Task: 9,	 Epoch: 4/80,	 Avg.loss: 0.0011,	 Accuracy: 636/1000(64%)
Task: 9,	 Epoch: 5/80,	 Avg.loss: 0.0011,	 Accuracy: 651/1000(65%)
Task: 9,	 Epoch: 6/80,	 Avg.loss: 0.0011,	 Accuracy: 666/1000(67%)
Task: 9,	 Epoch: 7/80,	 Avg.loss: 0.0010,	 Accuracy: 659/1000(66%)
Task: 9,	 Epoch: 8/80,	 Avg.loss: 0.0010,	 Accuracy: 670/1000(67%)
Task: 9,	 Epoch: 9/80,	 Avg.loss: 0.0010,	 Accuracy: 679/1000(68%)
Task: 9,	 Epoch: 10/80,	 Avg.loss: 0.0010,	 Accuracy: 680/1000(68%)
Task: 9,	 Epoch: 11/80,	 Avg.loss: 0.0010,	 Accuracy: 647/1000(65%)
Task: 9,	 Epoch: 12/80,	 Avg.loss: 0.0010,	 Accuracy: 675/1000(68%)
Task: 9,	 Epoch: 13/80,	 Avg.loss: 0.0010,	 Accuracy: 674/1000(67%)
Task: 9,	 Epoch: 14/80,	 Avg.loss: 0.0010,	 Accuracy: 665/1000(66%)
Task: 9,	 Epoch: 15/80,	 Avg.loss: 0.0010,	 Accuracy: 680/1000(68%)
Task: 9,	 Epoch: 16/80,	 Avg.loss: 0.0010,	 Accuracy: 676/1000(68%)
Task: 9,	 Epoch: 17/80,	 Avg.loss: 0.0009,	 Accuracy: 678/1000(68%)
Task: 9,	 Epoch: 18/80,	 Avg.loss: 0.0009,	 Accuracy: 688/1000(69%)
Task: 9,	 Epoch: 19/80,	 Avg.loss: 0.0009,	 Accuracy: 688/1000(69%)
Task: 9,	 Epoch: 20/80,	 Avg.loss: 0.0010,	 Accuracy: 676/1000(68%)
Task: 9,	 Epoch: 21/80,	 Avg.loss: 0.0009,	 Accuracy: 691/1000(69%)
Task: 9,	 Epoch: 22/80,	 Avg.loss: 0.0009,	 Accuracy: 680/1000(68%)
Task: 9,	 Epoch: 23/80,	 Avg.loss: 0.0009,	 Accuracy: 688/1000(69%)
Task: 9,	 Epoch: 24/80,	 Avg.loss: 0.0010,	 Accuracy: 668/1000(67%)
Task: 9,	 Epoch: 25/80,	 Avg.loss: 0.0009,	 Accuracy: 699/1000(70%)
Task: 9,	 Epoch: 26/80,	 Avg.loss: 0.0010,	 Accuracy: 689/1000(69%)
Task: 9,	 Epoch: 27/80,	 Avg.loss: 0.0010,	 Accuracy: 660/1000(66%)
Task: 9,	 Epoch: 28/80,	 Avg.loss: 0.0009,	 Accuracy: 701/1000(70%)
Task: 9,	 Epoch: 29/80,	 Avg.loss: 0.0010,	 Accuracy: 682/1000(68%)
Task: 9,	 Epoch: 30/80,	 Avg.loss: 0.0009,	 Accuracy: 697/1000(70%)
Task: 9,	 Epoch: 31/80,	 Avg.loss: 0.0009,	 Accuracy: 700/1000(70%)
Task: 9,	 Epoch: 32/80,	 Avg.loss: 0.0009,	 Accuracy: 695/1000(70%)
Task: 9,	 Epoch: 33/80,	 Avg.loss: 0.0010,	 Accuracy: 667/1000(67%)
Task: 9,	 Epoch: 34/80,	 Avg.loss: 0.0009,	 Accuracy: 687/1000(69%)
Task: 9,	 Epoch: 35/80,	 Avg.loss: 0.0009,	 Accuracy: 675/1000(68%)
Task: 9,	 Epoch: 36/80,	 Avg.loss: 0.0009,	 Accuracy: 682/1000(68%)
Task: 9,	 Epoch: 37/80,	 Avg.loss: 0.0010,	 Accuracy: 670/1000(67%)
Task: 9,	 Epoch: 38/80,	 Avg.loss: 0.0009,	 Accuracy: 688/1000(69%)
Task: 9,	 Epoch: 39/80,	 Avg.loss: 0.0009,	 Accuracy: 676/1000(68%)
Task: 9,	 Epoch: 40/80,	 Avg.loss: 0.0010,	 Accuracy: 672/1000(67%)
Task: 9,	 Epoch: 41/80,	 Avg.loss: 0.0009,	 Accuracy: 693/1000(69%)
Task: 9,	 Epoch: 42/80,	 Avg.loss: 0.0009,	 Accuracy: 684/1000(68%)
Task: 9,	 Epoch: 43/80,	 Avg.loss: 0.0009,	 Accuracy: 687/1000(69%)
Task: 9,	 Epoch: 44/80,	 Avg.loss: 0.0009,	 Accuracy: 684/1000(68%)
Task: 9,	 Epoch: 45/80,	 Avg.loss: 0.0009,	 Accuracy: 697/1000(70%)
Task: 9,	 Epoch: 46/80,	 Avg.loss: 0.0010,	 Accuracy: 679/1000(68%)
Task: 9,	 Epoch: 47/80,	 Avg.loss: 0.0010,	 Accuracy: 679/1000(68%)
Task: 9,	 Epoch: 48/80,	 Avg.loss: 0.0009,	 Accuracy: 687/1000(69%)
Task: 9,	 Epoch: 49/80,	 Avg.loss: 0.0009,	 Accuracy: 696/1000(70%)
Task: 9,	 Epoch: 50/80,	 Avg.loss: 0.0009,	 Accuracy: 702/1000(70%)
Task: 9,	 Epoch: 51/80,	 Avg.loss: 0.0009,	 Accuracy: 706/1000(71%)
Task: 9,	 Epoch: 52/80,	 Avg.loss: 0.0009,	 Accuracy: 702/1000(70%)
Task: 9,	 Epoch: 53/80,	 Avg.loss: 0.0009,	 Accuracy: 701/1000(70%)
Task: 9,	 Epoch: 54/80,	 Avg.loss: 0.0009,	 Accuracy: 701/1000(70%)
Task: 9,	 Epoch: 55/80,	 Avg.loss: 0.0009,	 Accuracy: 702/1000(70%)
Task: 9,	 Epoch: 56/80,	 Avg.loss: 0.0009,	 Accuracy: 700/1000(70%)
Task: 9,	 Epoch: 57/80,	 Avg.loss: 0.0009,	 Accuracy: 702/1000(70%)
Task: 9,	 Epoch: 58/80,	 Avg.loss: 0.0009,	 Accuracy: 704/1000(70%)
Task: 9,	 Epoch: 59/80,	 Avg.loss: 0.0009,	 Accuracy: 697/1000(70%)
Task: 9,	 Epoch: 60/80,	 Avg.loss: 0.0009,	 Accuracy: 702/1000(70%)
Task: 9,	 Epoch: 61/80,	 Avg.loss: 0.0009,	 Accuracy: 700/1000(70%)
Task: 9,	 Epoch: 62/80,	 Avg.loss: 0.0009,	 Accuracy: 708/1000(71%)
Task: 9,	 Epoch: 63/80,	 Avg.loss: 0.0009,	 Accuracy: 704/1000(70%)
Task: 9,	 Epoch: 64/80,	 Avg.loss: 0.0009,	 Accuracy: 702/1000(70%)
Task: 9,	 Epoch: 65/80,	 Avg.loss: 0.0009,	 Accuracy: 701/1000(70%)
Task: 9,	 Epoch: 66/80,	 Avg.loss: 0.0009,	 Accuracy: 703/1000(70%)
Task: 9,	 Epoch: 67/80,	 Avg.loss: 0.0009,	 Accuracy: 704/1000(70%)
Task: 9,	 Epoch: 68/80,	 Avg.loss: 0.0009,	 Accuracy: 706/1000(71%)
Task: 9,	 Epoch: 69/80,	 Avg.loss: 0.0009,	 Accuracy: 702/1000(70%)
Task: 9,	 Epoch: 70/80,	 Avg.loss: 0.0009,	 Accuracy: 700/1000(70%)
Task: 9,	 Epoch: 71/80,	 Avg.loss: 0.0009,	 Accuracy: 696/1000(70%)
Task: 9,	 Epoch: 72/80,	 Avg.loss: 0.0009,	 Accuracy: 701/1000(70%)
Task: 9,	 Epoch: 73/80,	 Avg.loss: 0.0009,	 Accuracy: 705/1000(70%)
Task: 9,	 Epoch: 74/80,	 Avg.loss: 0.0009,	 Accuracy: 707/1000(71%)
Task: 9,	 Epoch: 75/80,	 Avg.loss: 0.0009,	 Accuracy: 702/1000(70%)
Task: 9,	 Epoch: 76/80,	 Avg.loss: 0.0009,	 Accuracy: 704/1000(70%)
Task: 9,	 Epoch: 77/80,	 Avg.loss: 0.0009,	 Accuracy: 708/1000(71%)
Task: 9,	 Epoch: 78/80,	 Avg.loss: 0.0009,	 Accuracy: 703/1000(70%)
Task: 9,	 Epoch: 79/80,	 Avg.loss: 0.0009,	 Accuracy: 703/1000(70%)
Trained Task:9, Loaded task:0, Accuracy:84.6%
Trained Task:9, Loaded task:1, Accuracy:78.5%
Trained Task:9, Loaded task:2, Accuracy:79.1%
Trained Task:9, Loaded task:3, Accuracy:70.9%
Trained Task:9, Loaded task:4, Accuracy:77.8%
Trained Task:9, Loaded task:5, Accuracy:74.4%
Trained Task:9, Loaded task:6, Accuracy:70.2%
Trained Task:9, Loaded task:7, Accuracy:65.4%
Trained Task:9, Loaded task:8, Accuracy:67.3%
Trained Task:9, Loaded task:9, Accuracy:70.3%
Trained Task:9, Avg. Accuracy: 73.9 

List of avg. accuracy: [85.9, 82.2, 81.0, 78.5, 78.2, 77.5, 76.5, 75.7, 74.6, 73.9]
