Layer        : conv1_layer.2.weight
R.histogram  : tensor([4., 7., 4., 6., 2., 1., 3., 2., 0., 3.], device='cuda:0')
R_sum max/min: 53.1/1.1
F.num_zeros  : 0/9216
W.num_zeros  : 0/9216
O.num_zeros  : 0/9216
Layer        : conv2_layer.2.weight
R.histogram  : tensor([10., 10., 11., 10.,  5.,  2.,  5.,  1.,  4.,  6.], device='cuda:0')
R_sum max/min: 58.7/0.0
F.num_zeros  : 4094/36864
W.num_zeros  : 0/36864
O.num_zeros  : 0/36864
Layer        : fc1_layer.1.weight
R.histogram  : tensor([300., 132.,  50.,  20.,   2.,   3.,   1.,   2.,   1.,   1.],
       device='cuda:0')
R_sum max/min: 717.6/0.0
F.num_zeros  : 919078/2097152
W.num_zeros  : 0/2097152
O.num_zeros  : 0/2097152
Mask histogram
conv1_layer.2.weight: 	 tensor([ 256., 7936.,    0.,    0.,    0.,    0.,    0.,    0.,    0.,    0.,
           0.], device='cuda:0')
conv2_layer.2.weight: 	 tensor([2496., 1600.,    0.,    0.,    0.,    0.,    0.,    0.,    0.,    0.,
           0.], device='cuda:0')
fc1_layer.1.weight: 	 tensor([309., 203.,   0.,   0.,   0.,   0.,   0.,   0.,   0.,   0.,   0.],
       device='cuda:0')
Task: 0,	 Epoch: 0/80,	 Avg.loss: 0.0011,	 Test Accuracy: 608/1000(61%)
Task: 0,	 Epoch: 1/80,	 Avg.loss: 0.0009,	 Test Accuracy: 703/1000(70%)
Task: 0,	 Epoch: 2/80,	 Avg.loss: 0.0008,	 Test Accuracy: 733/1000(73%)
Task: 0,	 Epoch: 3/80,	 Avg.loss: 0.0008,	 Test Accuracy: 737/1000(74%)
Task: 0,	 Epoch: 4/80,	 Avg.loss: 0.0007,	 Test Accuracy: 785/1000(78%)
Task: 0,	 Epoch: 5/80,	 Avg.loss: 0.0007,	 Test Accuracy: 764/1000(76%)
Task: 0,	 Epoch: 6/80,	 Avg.loss: 0.0007,	 Test Accuracy: 761/1000(76%)
Task: 0,	 Epoch: 7/80,	 Avg.loss: 0.0006,	 Test Accuracy: 781/1000(78%)
Task: 0,	 Epoch: 8/80,	 Avg.loss: 0.0006,	 Test Accuracy: 799/1000(80%)
Task: 0,	 Epoch: 9/80,	 Avg.loss: 0.0006,	 Test Accuracy: 806/1000(81%)
Task: 0,	 Epoch: 10/80,	 Avg.loss: 0.0007,	 Test Accuracy: 775/1000(78%)
Task: 0,	 Epoch: 11/80,	 Avg.loss: 0.0006,	 Test Accuracy: 813/1000(81%)
Task: 0,	 Epoch: 12/80,	 Avg.loss: 0.0006,	 Test Accuracy: 815/1000(82%)
Task: 0,	 Epoch: 13/80,	 Avg.loss: 0.0006,	 Test Accuracy: 814/1000(81%)
Task: 0,	 Epoch: 14/80,	 Avg.loss: 0.0006,	 Test Accuracy: 823/1000(82%)
Task: 0,	 Epoch: 15/80,	 Avg.loss: 0.0006,	 Test Accuracy: 813/1000(81%)
Task: 0,	 Epoch: 16/80,	 Avg.loss: 0.0006,	 Test Accuracy: 827/1000(83%)
Task: 0,	 Epoch: 17/80,	 Avg.loss: 0.0005,	 Test Accuracy: 828/1000(83%)
Task: 0,	 Epoch: 18/80,	 Avg.loss: 0.0006,	 Test Accuracy: 815/1000(82%)
Task: 0,	 Epoch: 19/80,	 Avg.loss: 0.0005,	 Test Accuracy: 818/1000(82%)
Task: 0,	 Epoch: 20/80,	 Avg.loss: 0.0005,	 Test Accuracy: 824/1000(82%)
Task: 0,	 Epoch: 21/80,	 Avg.loss: 0.0005,	 Test Accuracy: 838/1000(84%)
Task: 0,	 Epoch: 22/80,	 Avg.loss: 0.0005,	 Test Accuracy: 842/1000(84%)
Task: 0,	 Epoch: 23/80,	 Avg.loss: 0.0006,	 Test Accuracy: 828/1000(83%)
Task: 0,	 Epoch: 24/80,	 Avg.loss: 0.0006,	 Test Accuracy: 831/1000(83%)
Task: 0,	 Epoch: 25/80,	 Avg.loss: 0.0005,	 Test Accuracy: 831/1000(83%)
Task: 0,	 Epoch: 26/80,	 Avg.loss: 0.0005,	 Test Accuracy: 829/1000(83%)
Task: 0,	 Epoch: 27/80,	 Avg.loss: 0.0005,	 Test Accuracy: 828/1000(83%)
Task: 0,	 Epoch: 28/80,	 Avg.loss: 0.0006,	 Test Accuracy: 819/1000(82%)
Task: 0,	 Epoch: 29/80,	 Avg.loss: 0.0005,	 Test Accuracy: 837/1000(84%)
Task: 0,	 Epoch: 30/80,	 Avg.loss: 0.0005,	 Test Accuracy: 836/1000(84%)
Task: 0,	 Epoch: 31/80,	 Avg.loss: 0.0005,	 Test Accuracy: 835/1000(84%)
Task: 0,	 Epoch: 32/80,	 Avg.loss: 0.0005,	 Test Accuracy: 841/1000(84%)
Task: 0,	 Epoch: 33/80,	 Avg.loss: 0.0005,	 Test Accuracy: 846/1000(85%)
Task: 0,	 Epoch: 34/80,	 Avg.loss: 0.0005,	 Test Accuracy: 856/1000(86%)
Task: 0,	 Epoch: 35/80,	 Avg.loss: 0.0006,	 Test Accuracy: 836/1000(84%)
Task: 0,	 Epoch: 36/80,	 Avg.loss: 0.0005,	 Test Accuracy: 851/1000(85%)
Task: 0,	 Epoch: 37/80,	 Avg.loss: 0.0006,	 Test Accuracy: 836/1000(84%)
Task: 0,	 Epoch: 38/80,	 Avg.loss: 0.0006,	 Test Accuracy: 830/1000(83%)
Task: 0,	 Epoch: 39/80,	 Avg.loss: 0.0005,	 Test Accuracy: 855/1000(86%)
Task: 0,	 Epoch: 40/80,	 Avg.loss: 0.0006,	 Test Accuracy: 843/1000(84%)
Task: 0,	 Epoch: 41/80,	 Avg.loss: 0.0005,	 Test Accuracy: 849/1000(85%)
Task: 0,	 Epoch: 42/80,	 Avg.loss: 0.0005,	 Test Accuracy: 850/1000(85%)
Task: 0,	 Epoch: 43/80,	 Avg.loss: 0.0005,	 Test Accuracy: 833/1000(83%)
Task: 0,	 Epoch: 44/80,	 Avg.loss: 0.0005,	 Test Accuracy: 848/1000(85%)
Task: 0,	 Epoch: 45/80,	 Avg.loss: 0.0005,	 Test Accuracy: 843/1000(84%)
Task: 0,	 Epoch: 46/80,	 Avg.loss: 0.0005,	 Test Accuracy: 850/1000(85%)
Task: 0,	 Epoch: 47/80,	 Avg.loss: 0.0006,	 Test Accuracy: 835/1000(84%)
Task: 0,	 Epoch: 48/80,	 Avg.loss: 0.0006,	 Test Accuracy: 834/1000(83%)
Task: 0,	 Epoch: 49/80,	 Avg.loss: 0.0005,	 Test Accuracy: 857/1000(86%)
Task: 0,	 Epoch: 50/80,	 Avg.loss: 0.0005,	 Test Accuracy: 868/1000(87%)
Task: 0,	 Epoch: 51/80,	 Avg.loss: 0.0005,	 Test Accuracy: 867/1000(87%)
Task: 0,	 Epoch: 52/80,	 Avg.loss: 0.0005,	 Test Accuracy: 873/1000(87%)
Task: 0,	 Epoch: 53/80,	 Avg.loss: 0.0005,	 Test Accuracy: 864/1000(86%)
Task: 0,	 Epoch: 54/80,	 Avg.loss: 0.0005,	 Test Accuracy: 867/1000(87%)
Task: 0,	 Epoch: 55/80,	 Avg.loss: 0.0005,	 Test Accuracy: 862/1000(86%)
Task: 0,	 Epoch: 56/80,	 Avg.loss: 0.0005,	 Test Accuracy: 863/1000(86%)
Task: 0,	 Epoch: 57/80,	 Avg.loss: 0.0005,	 Test Accuracy: 869/1000(87%)
Task: 0,	 Epoch: 58/80,	 Avg.loss: 0.0005,	 Test Accuracy: 863/1000(86%)
Task: 0,	 Epoch: 59/80,	 Avg.loss: 0.0005,	 Test Accuracy: 867/1000(87%)
Task: 0,	 Epoch: 60/80,	 Avg.loss: 0.0005,	 Test Accuracy: 867/1000(87%)
Task: 0,	 Epoch: 61/80,	 Avg.loss: 0.0005,	 Test Accuracy: 864/1000(86%)
Task: 0,	 Epoch: 62/80,	 Avg.loss: 0.0005,	 Test Accuracy: 870/1000(87%)
Task: 0,	 Epoch: 63/80,	 Avg.loss: 0.0005,	 Test Accuracy: 868/1000(87%)
Task: 0,	 Epoch: 64/80,	 Avg.loss: 0.0005,	 Test Accuracy: 866/1000(87%)
Task: 0,	 Epoch: 65/80,	 Avg.loss: 0.0005,	 Test Accuracy: 867/1000(87%)
Task: 0,	 Epoch: 66/80,	 Avg.loss: 0.0005,	 Test Accuracy: 867/1000(87%)
Task: 0,	 Epoch: 67/80,	 Avg.loss: 0.0005,	 Test Accuracy: 866/1000(87%)
Task: 0,	 Epoch: 68/80,	 Avg.loss: 0.0005,	 Test Accuracy: 872/1000(87%)
Task: 0,	 Epoch: 69/80,	 Avg.loss: 0.0005,	 Test Accuracy: 866/1000(87%)
Task: 0,	 Epoch: 70/80,	 Avg.loss: 0.0005,	 Test Accuracy: 866/1000(87%)
Task: 0,	 Epoch: 71/80,	 Avg.loss: 0.0005,	 Test Accuracy: 869/1000(87%)
Task: 0,	 Epoch: 72/80,	 Avg.loss: 0.0005,	 Test Accuracy: 873/1000(87%)
Task: 0,	 Epoch: 73/80,	 Avg.loss: 0.0005,	 Test Accuracy: 869/1000(87%)
Task: 0,	 Epoch: 74/80,	 Avg.loss: 0.0005,	 Test Accuracy: 865/1000(87%)
Task: 0,	 Epoch: 75/80,	 Avg.loss: 0.0005,	 Test Accuracy: 872/1000(87%)
Task: 0,	 Epoch: 76/80,	 Avg.loss: 0.0005,	 Test Accuracy: 869/1000(87%)
Task: 0,	 Epoch: 77/80,	 Avg.loss: 0.0005,	 Test Accuracy: 870/1000(87%)
Task: 0,	 Epoch: 78/80,	 Avg.loss: 0.0005,	 Test Accuracy: 865/1000(87%)
Task: 0,	 Epoch: 79/80,	 Avg.loss: 0.0005,	 Test Accuracy: 864/1000(86%)
Trained Task:0, Loaded task:0, Accuracy:86.4%
Trained Task:0, Avg. Accuracy: 86.4 

List of avg. accuracy: [86.4]
Layer        : conv1_layer.2.weight
R.histogram  : tensor([10.,  5.,  7.,  4.,  1.,  1.,  1.,  0.,  1.,  2.], device='cuda:0')
R_sum max/min: 72.1/2.5
F.num_zeros  : 0/9216
W.num_zeros  : 0/9216
O.num_zeros  : 288/9216
Layer        : conv2_layer.2.weight
R.histogram  : tensor([38., 13.,  4.,  3.,  3.,  0.,  1.,  0.,  0.,  2.], device='cuda:0')
R_sum max/min: 136.2/0.0
F.num_zeros  : 4082/36864
W.num_zeros  : 0/36864
O.num_zeros  : 25345/36864
Layer        : fc1_layer.1.weight
R.histogram  : tensor([315.,  96.,  37.,  25.,  11.,  15.,   5.,   3.,   2.,   3.],
       device='cuda:0')
R_sum max/min: 534.9/0.0
F.num_zeros  : 884516/2097152
W.num_zeros  : 0/2097152
O.num_zeros  : 1869639/2097152
Mask histogram
conv1_layer.2.weight: 	 tensor([   0.,  768., 7424.,    0.,    0.,    0.,    0.,    0.,    0.,    0.,
           0.], device='cuda:0')
conv2_layer.2.weight: 	 tensor([2112.,  768., 1216.,    0.,    0.,    0.,    0.,    0.,    0.,    0.,
           0.], device='cuda:0')
fc1_layer.1.weight: 	 tensor([265.,  88., 159.,   0.,   0.,   0.,   0.,   0.,   0.,   0.,   0.],
       device='cuda:0')
Task: 1,	 Epoch: 0/80,	 Avg.loss: 0.0011,	 Test Accuracy: 611/1000(61%)
Task: 1,	 Epoch: 1/80,	 Avg.loss: 0.0010,	 Test Accuracy: 658/1000(66%)
Task: 1,	 Epoch: 2/80,	 Avg.loss: 0.0009,	 Test Accuracy: 674/1000(67%)
Task: 1,	 Epoch: 3/80,	 Avg.loss: 0.0008,	 Test Accuracy: 712/1000(71%)
Task: 1,	 Epoch: 4/80,	 Avg.loss: 0.0008,	 Test Accuracy: 699/1000(70%)
Task: 1,	 Epoch: 5/80,	 Avg.loss: 0.0008,	 Test Accuracy: 710/1000(71%)
Task: 1,	 Epoch: 6/80,	 Avg.loss: 0.0008,	 Test Accuracy: 707/1000(71%)
Task: 1,	 Epoch: 7/80,	 Avg.loss: 0.0008,	 Test Accuracy: 717/1000(72%)
Task: 1,	 Epoch: 8/80,	 Avg.loss: 0.0008,	 Test Accuracy: 735/1000(74%)
Task: 1,	 Epoch: 9/80,	 Avg.loss: 0.0008,	 Test Accuracy: 727/1000(73%)
Task: 1,	 Epoch: 10/80,	 Avg.loss: 0.0008,	 Test Accuracy: 732/1000(73%)
Task: 1,	 Epoch: 11/80,	 Avg.loss: 0.0008,	 Test Accuracy: 730/1000(73%)
Task: 1,	 Epoch: 12/80,	 Avg.loss: 0.0008,	 Test Accuracy: 729/1000(73%)
Task: 1,	 Epoch: 13/80,	 Avg.loss: 0.0008,	 Test Accuracy: 731/1000(73%)
Task: 1,	 Epoch: 14/80,	 Avg.loss: 0.0007,	 Test Accuracy: 742/1000(74%)
Task: 1,	 Epoch: 15/80,	 Avg.loss: 0.0008,	 Test Accuracy: 740/1000(74%)
Task: 1,	 Epoch: 16/80,	 Avg.loss: 0.0008,	 Test Accuracy: 743/1000(74%)
Task: 1,	 Epoch: 17/80,	 Avg.loss: 0.0008,	 Test Accuracy: 744/1000(74%)
Task: 1,	 Epoch: 18/80,	 Avg.loss: 0.0008,	 Test Accuracy: 735/1000(74%)
Task: 1,	 Epoch: 19/80,	 Avg.loss: 0.0008,	 Test Accuracy: 725/1000(72%)
Task: 1,	 Epoch: 20/80,	 Avg.loss: 0.0008,	 Test Accuracy: 732/1000(73%)
Task: 1,	 Epoch: 21/80,	 Avg.loss: 0.0008,	 Test Accuracy: 745/1000(74%)
Task: 1,	 Epoch: 22/80,	 Avg.loss: 0.0007,	 Test Accuracy: 743/1000(74%)
Task: 1,	 Epoch: 23/80,	 Avg.loss: 0.0008,	 Test Accuracy: 738/1000(74%)
Task: 1,	 Epoch: 24/80,	 Avg.loss: 0.0007,	 Test Accuracy: 749/1000(75%)
Task: 1,	 Epoch: 25/80,	 Avg.loss: 0.0008,	 Test Accuracy: 735/1000(74%)
Task: 1,	 Epoch: 26/80,	 Avg.loss: 0.0008,	 Test Accuracy: 749/1000(75%)
Task: 1,	 Epoch: 27/80,	 Avg.loss: 0.0007,	 Test Accuracy: 750/1000(75%)
Task: 1,	 Epoch: 28/80,	 Avg.loss: 0.0008,	 Test Accuracy: 744/1000(74%)
Task: 1,	 Epoch: 29/80,	 Avg.loss: 0.0008,	 Test Accuracy: 745/1000(74%)
Task: 1,	 Epoch: 30/80,	 Avg.loss: 0.0007,	 Test Accuracy: 750/1000(75%)
Task: 1,	 Epoch: 31/80,	 Avg.loss: 0.0008,	 Test Accuracy: 741/1000(74%)
Task: 1,	 Epoch: 32/80,	 Avg.loss: 0.0007,	 Test Accuracy: 741/1000(74%)
Task: 1,	 Epoch: 33/80,	 Avg.loss: 0.0007,	 Test Accuracy: 746/1000(75%)
Task: 1,	 Epoch: 34/80,	 Avg.loss: 0.0008,	 Test Accuracy: 728/1000(73%)
Task: 1,	 Epoch: 35/80,	 Avg.loss: 0.0007,	 Test Accuracy: 753/1000(75%)
Task: 1,	 Epoch: 36/80,	 Avg.loss: 0.0007,	 Test Accuracy: 755/1000(76%)
Task: 1,	 Epoch: 37/80,	 Avg.loss: 0.0007,	 Test Accuracy: 749/1000(75%)
Task: 1,	 Epoch: 38/80,	 Avg.loss: 0.0007,	 Test Accuracy: 767/1000(77%)
Task: 1,	 Epoch: 39/80,	 Avg.loss: 0.0007,	 Test Accuracy: 756/1000(76%)
Task: 1,	 Epoch: 40/80,	 Avg.loss: 0.0008,	 Test Accuracy: 755/1000(76%)
Task: 1,	 Epoch: 41/80,	 Avg.loss: 0.0007,	 Test Accuracy: 741/1000(74%)
Task: 1,	 Epoch: 42/80,	 Avg.loss: 0.0007,	 Test Accuracy: 761/1000(76%)
Task: 1,	 Epoch: 43/80,	 Avg.loss: 0.0008,	 Test Accuracy: 738/1000(74%)
Task: 1,	 Epoch: 44/80,	 Avg.loss: 0.0008,	 Test Accuracy: 751/1000(75%)
Task: 1,	 Epoch: 45/80,	 Avg.loss: 0.0008,	 Test Accuracy: 748/1000(75%)
Task: 1,	 Epoch: 46/80,	 Avg.loss: 0.0007,	 Test Accuracy: 757/1000(76%)
Task: 1,	 Epoch: 47/80,	 Avg.loss: 0.0007,	 Test Accuracy: 763/1000(76%)
Task: 1,	 Epoch: 48/80,	 Avg.loss: 0.0007,	 Test Accuracy: 766/1000(77%)
Task: 1,	 Epoch: 49/80,	 Avg.loss: 0.0007,	 Test Accuracy: 772/1000(77%)
Task: 1,	 Epoch: 50/80,	 Avg.loss: 0.0007,	 Test Accuracy: 773/1000(77%)
Task: 1,	 Epoch: 51/80,	 Avg.loss: 0.0007,	 Test Accuracy: 768/1000(77%)
Task: 1,	 Epoch: 52/80,	 Avg.loss: 0.0007,	 Test Accuracy: 778/1000(78%)
Task: 1,	 Epoch: 53/80,	 Avg.loss: 0.0007,	 Test Accuracy: 777/1000(78%)
Task: 1,	 Epoch: 54/80,	 Avg.loss: 0.0007,	 Test Accuracy: 776/1000(78%)
Task: 1,	 Epoch: 55/80,	 Avg.loss: 0.0007,	 Test Accuracy: 771/1000(77%)
Task: 1,	 Epoch: 56/80,	 Avg.loss: 0.0007,	 Test Accuracy: 775/1000(78%)
Task: 1,	 Epoch: 57/80,	 Avg.loss: 0.0007,	 Test Accuracy: 773/1000(77%)
Task: 1,	 Epoch: 58/80,	 Avg.loss: 0.0007,	 Test Accuracy: 772/1000(77%)
Task: 1,	 Epoch: 59/80,	 Avg.loss: 0.0007,	 Test Accuracy: 773/1000(77%)
Task: 1,	 Epoch: 60/80,	 Avg.loss: 0.0007,	 Test Accuracy: 776/1000(78%)
Task: 1,	 Epoch: 61/80,	 Avg.loss: 0.0007,	 Test Accuracy: 777/1000(78%)
Task: 1,	 Epoch: 62/80,	 Avg.loss: 0.0007,	 Test Accuracy: 774/1000(77%)
Task: 1,	 Epoch: 63/80,	 Avg.loss: 0.0007,	 Test Accuracy: 775/1000(78%)
Task: 1,	 Epoch: 64/80,	 Avg.loss: 0.0007,	 Test Accuracy: 774/1000(77%)
Task: 1,	 Epoch: 65/80,	 Avg.loss: 0.0007,	 Test Accuracy: 776/1000(78%)
Task: 1,	 Epoch: 66/80,	 Avg.loss: 0.0007,	 Test Accuracy: 781/1000(78%)
Task: 1,	 Epoch: 67/80,	 Avg.loss: 0.0007,	 Test Accuracy: 772/1000(77%)
Task: 1,	 Epoch: 68/80,	 Avg.loss: 0.0007,	 Test Accuracy: 771/1000(77%)
Task: 1,	 Epoch: 69/80,	 Avg.loss: 0.0007,	 Test Accuracy: 773/1000(77%)
Task: 1,	 Epoch: 70/80,	 Avg.loss: 0.0007,	 Test Accuracy: 770/1000(77%)
Task: 1,	 Epoch: 71/80,	 Avg.loss: 0.0007,	 Test Accuracy: 770/1000(77%)
Task: 1,	 Epoch: 72/80,	 Avg.loss: 0.0007,	 Test Accuracy: 768/1000(77%)
Task: 1,	 Epoch: 73/80,	 Avg.loss: 0.0007,	 Test Accuracy: 773/1000(77%)
Task: 1,	 Epoch: 74/80,	 Avg.loss: 0.0007,	 Test Accuracy: 772/1000(77%)
Task: 1,	 Epoch: 75/80,	 Avg.loss: 0.0007,	 Test Accuracy: 773/1000(77%)
Task: 1,	 Epoch: 76/80,	 Avg.loss: 0.0007,	 Test Accuracy: 772/1000(77%)
Task: 1,	 Epoch: 77/80,	 Avg.loss: 0.0007,	 Test Accuracy: 771/1000(77%)
Task: 1,	 Epoch: 78/80,	 Avg.loss: 0.0007,	 Test Accuracy: 775/1000(78%)
Task: 1,	 Epoch: 79/80,	 Avg.loss: 0.0007,	 Test Accuracy: 765/1000(76%)
Trained Task:1, Loaded task:0, Accuracy:86.6%
Trained Task:1, Loaded task:1, Accuracy:76.5%
Trained Task:1, Avg. Accuracy: 81.6 

List of avg. accuracy: [86.4, 81.6]
Layer        : conv1_layer.2.weight
R.histogram  : tensor([ 7., 11.,  4.,  4.,  3.,  0.,  1.,  1.,  0.,  1.], device='cuda:0')
R_sum max/min: 77.3/2.3
F.num_zeros  : 0/9216
W.num_zeros  : 0/9216
O.num_zeros  : 0/9216
Layer        : conv2_layer.2.weight
R.histogram  : tensor([31., 15.,  5.,  3.,  3.,  2.,  3.,  1.,  0.,  1.], device='cuda:0')
R_sum max/min: 128.8/0.0
F.num_zeros  : 4035/36864
W.num_zeros  : 0/36864
O.num_zeros  : 22464/36864
Layer        : fc1_layer.1.weight
R.histogram  : tensor([424.,  43.,  27.,  10.,   6.,   1.,   0.,   0.,   0.,   1.],
       device='cuda:0')
R_sum max/min: 370.0/0.0
F.num_zeros  : 894059/2097152
W.num_zeros  : 0/2097152
O.num_zeros  : 1789642/2097152
Mask histogram
conv1_layer.2.weight: 	 tensor([   0.,  256., 1024., 6912.,    0.,    0.,    0.,    0.,    0.,    0.,
           0.], device='cuda:0')
conv2_layer.2.weight: 	 tensor([1920.,  512.,  704.,  960.,    0.,    0.,    0.,    0.,    0.,    0.,
           0.], device='cuda:0')
fc1_layer.1.weight: 	 tensor([239.,  65.,  80., 128.,   0.,   0.,   0.,   0.,   0.,   0.,   0.],
       device='cuda:0')
Task: 2,	 Epoch: 0/80,	 Avg.loss: 0.0011,	 Test Accuracy: 631/1000(63%)
Task: 2,	 Epoch: 1/80,	 Avg.loss: 0.0009,	 Test Accuracy: 704/1000(70%)
Task: 2,	 Epoch: 2/80,	 Avg.loss: 0.0009,	 Test Accuracy: 710/1000(71%)
Task: 2,	 Epoch: 3/80,	 Avg.loss: 0.0008,	 Test Accuracy: 730/1000(73%)
Task: 2,	 Epoch: 4/80,	 Avg.loss: 0.0008,	 Test Accuracy: 735/1000(74%)
Task: 2,	 Epoch: 5/80,	 Avg.loss: 0.0008,	 Test Accuracy: 728/1000(73%)
Task: 2,	 Epoch: 6/80,	 Avg.loss: 0.0008,	 Test Accuracy: 743/1000(74%)
Task: 2,	 Epoch: 7/80,	 Avg.loss: 0.0008,	 Test Accuracy: 741/1000(74%)
Task: 2,	 Epoch: 8/80,	 Avg.loss: 0.0008,	 Test Accuracy: 749/1000(75%)
Task: 2,	 Epoch: 9/80,	 Avg.loss: 0.0008,	 Test Accuracy: 732/1000(73%)
Task: 2,	 Epoch: 10/80,	 Avg.loss: 0.0007,	 Test Accuracy: 760/1000(76%)
Task: 2,	 Epoch: 11/80,	 Avg.loss: 0.0007,	 Test Accuracy: 756/1000(76%)
Task: 2,	 Epoch: 12/80,	 Avg.loss: 0.0007,	 Test Accuracy: 754/1000(75%)
Task: 2,	 Epoch: 13/80,	 Avg.loss: 0.0007,	 Test Accuracy: 772/1000(77%)
Task: 2,	 Epoch: 14/80,	 Avg.loss: 0.0007,	 Test Accuracy: 763/1000(76%)
Task: 2,	 Epoch: 15/80,	 Avg.loss: 0.0007,	 Test Accuracy: 779/1000(78%)
Task: 2,	 Epoch: 16/80,	 Avg.loss: 0.0007,	 Test Accuracy: 771/1000(77%)
Task: 2,	 Epoch: 17/80,	 Avg.loss: 0.0007,	 Test Accuracy: 771/1000(77%)
Task: 2,	 Epoch: 18/80,	 Avg.loss: 0.0007,	 Test Accuracy: 770/1000(77%)
Task: 2,	 Epoch: 19/80,	 Avg.loss: 0.0007,	 Test Accuracy: 771/1000(77%)
Task: 2,	 Epoch: 20/80,	 Avg.loss: 0.0007,	 Test Accuracy: 766/1000(77%)
Task: 2,	 Epoch: 21/80,	 Avg.loss: 0.0007,	 Test Accuracy: 774/1000(77%)
Task: 2,	 Epoch: 22/80,	 Avg.loss: 0.0007,	 Test Accuracy: 768/1000(77%)
Task: 2,	 Epoch: 23/80,	 Avg.loss: 0.0007,	 Test Accuracy: 768/1000(77%)
Task: 2,	 Epoch: 24/80,	 Avg.loss: 0.0007,	 Test Accuracy: 772/1000(77%)
Task: 2,	 Epoch: 25/80,	 Avg.loss: 0.0008,	 Test Accuracy: 758/1000(76%)
Task: 2,	 Epoch: 26/80,	 Avg.loss: 0.0007,	 Test Accuracy: 770/1000(77%)
Task: 2,	 Epoch: 27/80,	 Avg.loss: 0.0007,	 Test Accuracy: 773/1000(77%)
Task: 2,	 Epoch: 28/80,	 Avg.loss: 0.0007,	 Test Accuracy: 783/1000(78%)
Task: 2,	 Epoch: 29/80,	 Avg.loss: 0.0007,	 Test Accuracy: 774/1000(77%)
Task: 2,	 Epoch: 30/80,	 Avg.loss: 0.0007,	 Test Accuracy: 790/1000(79%)
Task: 2,	 Epoch: 31/80,	 Avg.loss: 0.0007,	 Test Accuracy: 792/1000(79%)
Task: 2,	 Epoch: 32/80,	 Avg.loss: 0.0007,	 Test Accuracy: 784/1000(78%)
Task: 2,	 Epoch: 33/80,	 Avg.loss: 0.0007,	 Test Accuracy: 781/1000(78%)
Task: 2,	 Epoch: 34/80,	 Avg.loss: 0.0007,	 Test Accuracy: 791/1000(79%)
Task: 2,	 Epoch: 35/80,	 Avg.loss: 0.0007,	 Test Accuracy: 780/1000(78%)
Task: 2,	 Epoch: 36/80,	 Avg.loss: 0.0007,	 Test Accuracy: 776/1000(78%)
Task: 2,	 Epoch: 37/80,	 Avg.loss: 0.0007,	 Test Accuracy: 792/1000(79%)
Task: 2,	 Epoch: 38/80,	 Avg.loss: 0.0007,	 Test Accuracy: 773/1000(77%)
Task: 2,	 Epoch: 39/80,	 Avg.loss: 0.0007,	 Test Accuracy: 784/1000(78%)
Task: 2,	 Epoch: 40/80,	 Avg.loss: 0.0007,	 Test Accuracy: 780/1000(78%)
Task: 2,	 Epoch: 41/80,	 Avg.loss: 0.0007,	 Test Accuracy: 776/1000(78%)
Task: 2,	 Epoch: 42/80,	 Avg.loss: 0.0007,	 Test Accuracy: 782/1000(78%)
Task: 2,	 Epoch: 43/80,	 Avg.loss: 0.0007,	 Test Accuracy: 786/1000(79%)
Task: 2,	 Epoch: 44/80,	 Avg.loss: 0.0007,	 Test Accuracy: 797/1000(80%)
Task: 2,	 Epoch: 45/80,	 Avg.loss: 0.0007,	 Test Accuracy: 786/1000(79%)
Task: 2,	 Epoch: 46/80,	 Avg.loss: 0.0007,	 Test Accuracy: 792/1000(79%)
Task: 2,	 Epoch: 47/80,	 Avg.loss: 0.0007,	 Test Accuracy: 800/1000(80%)
Task: 2,	 Epoch: 48/80,	 Avg.loss: 0.0007,	 Test Accuracy: 784/1000(78%)
Task: 2,	 Epoch: 49/80,	 Avg.loss: 0.0007,	 Test Accuracy: 791/1000(79%)
Task: 2,	 Epoch: 50/80,	 Avg.loss: 0.0007,	 Test Accuracy: 793/1000(79%)
Task: 2,	 Epoch: 51/80,	 Avg.loss: 0.0007,	 Test Accuracy: 797/1000(80%)
Task: 2,	 Epoch: 52/80,	 Avg.loss: 0.0007,	 Test Accuracy: 798/1000(80%)
Task: 2,	 Epoch: 53/80,	 Avg.loss: 0.0007,	 Test Accuracy: 795/1000(80%)
Task: 2,	 Epoch: 54/80,	 Avg.loss: 0.0007,	 Test Accuracy: 794/1000(79%)
Task: 2,	 Epoch: 55/80,	 Avg.loss: 0.0007,	 Test Accuracy: 792/1000(79%)
Task: 2,	 Epoch: 56/80,	 Avg.loss: 0.0007,	 Test Accuracy: 789/1000(79%)
Task: 2,	 Epoch: 57/80,	 Avg.loss: 0.0007,	 Test Accuracy: 790/1000(79%)
Task: 2,	 Epoch: 58/80,	 Avg.loss: 0.0007,	 Test Accuracy: 795/1000(80%)
Task: 2,	 Epoch: 59/80,	 Avg.loss: 0.0007,	 Test Accuracy: 791/1000(79%)
Task: 2,	 Epoch: 60/80,	 Avg.loss: 0.0007,	 Test Accuracy: 793/1000(79%)
Task: 2,	 Epoch: 61/80,	 Avg.loss: 0.0007,	 Test Accuracy: 798/1000(80%)
Task: 2,	 Epoch: 62/80,	 Avg.loss: 0.0007,	 Test Accuracy: 798/1000(80%)
Task: 2,	 Epoch: 63/80,	 Avg.loss: 0.0007,	 Test Accuracy: 796/1000(80%)
Task: 2,	 Epoch: 64/80,	 Avg.loss: 0.0007,	 Test Accuracy: 804/1000(80%)
Task: 2,	 Epoch: 65/80,	 Avg.loss: 0.0007,	 Test Accuracy: 803/1000(80%)
Task: 2,	 Epoch: 66/80,	 Avg.loss: 0.0007,	 Test Accuracy: 795/1000(80%)
Task: 2,	 Epoch: 67/80,	 Avg.loss: 0.0007,	 Test Accuracy: 797/1000(80%)
Task: 2,	 Epoch: 68/80,	 Avg.loss: 0.0007,	 Test Accuracy: 793/1000(79%)
Task: 2,	 Epoch: 69/80,	 Avg.loss: 0.0007,	 Test Accuracy: 795/1000(80%)
Task: 2,	 Epoch: 70/80,	 Avg.loss: 0.0007,	 Test Accuracy: 798/1000(80%)
Task: 2,	 Epoch: 71/80,	 Avg.loss: 0.0007,	 Test Accuracy: 792/1000(79%)
Task: 2,	 Epoch: 72/80,	 Avg.loss: 0.0007,	 Test Accuracy: 793/1000(79%)
Task: 2,	 Epoch: 73/80,	 Avg.loss: 0.0007,	 Test Accuracy: 794/1000(79%)
Task: 2,	 Epoch: 74/80,	 Avg.loss: 0.0007,	 Test Accuracy: 795/1000(80%)
Task: 2,	 Epoch: 75/80,	 Avg.loss: 0.0007,	 Test Accuracy: 797/1000(80%)
Task: 2,	 Epoch: 76/80,	 Avg.loss: 0.0007,	 Test Accuracy: 796/1000(80%)
Task: 2,	 Epoch: 77/80,	 Avg.loss: 0.0007,	 Test Accuracy: 797/1000(80%)
Task: 2,	 Epoch: 78/80,	 Avg.loss: 0.0007,	 Test Accuracy: 799/1000(80%)
Task: 2,	 Epoch: 79/80,	 Avg.loss: 0.0007,	 Test Accuracy: 799/1000(80%)
Trained Task:2, Loaded task:0, Accuracy:86.4%
Trained Task:2, Loaded task:1, Accuracy:76.8%
Trained Task:2, Loaded task:2, Accuracy:79.9%
Trained Task:2, Avg. Accuracy: 81.0 

List of avg. accuracy: [86.4, 81.6, 81.0]
Layer        : conv1_layer.2.weight
R.histogram  : tensor([9., 8., 6., 5., 1., 0., 0., 1., 1., 1.], device='cuda:0')
R_sum max/min: 71.6/3.8
F.num_zeros  : 0/9216
W.num_zeros  : 0/9216
O.num_zeros  : 0/9216
Layer        : conv2_layer.2.weight
R.histogram  : tensor([33., 14.,  9.,  4.,  1.,  2.,  0.,  0.,  0.,  1.], device='cuda:0')
R_sum max/min: 108.8/0.0
F.num_zeros  : 4036/36864
W.num_zeros  : 0/36864
O.num_zeros  : 20736/36864
Layer        : fc1_layer.1.weight
R.histogram  : tensor([380.,  62.,  35.,  15.,   8.,   5.,   3.,   2.,   0.,   2.],
       device='cuda:0')
R_sum max/min: 554.0/0.0
F.num_zeros  : 906220/2097152
W.num_zeros  : 0/2097152
O.num_zeros  : 1723722/2097152
Mask histogram
conv1_layer.2.weight: 	 tensor([   0.,    0.,  768., 1024., 6400.,    0.,    0.,    0.,    0.,    0.,
           0.], device='cuda:0')
conv2_layer.2.weight: 	 tensor([1920.,  320.,  384.,  576.,  896.,    0.,    0.,    0.,    0.,    0.,
           0.], device='cuda:0')
fc1_layer.1.weight: 	 tensor([229.,  47.,  58.,  63., 115.,   0.,   0.,   0.,   0.,   0.,   0.],
       device='cuda:0')
Task: 3,	 Epoch: 0/80,	 Avg.loss: 0.0012,	 Test Accuracy: 598/1000(60%)
Task: 3,	 Epoch: 1/80,	 Avg.loss: 0.0011,	 Test Accuracy: 627/1000(63%)
Task: 3,	 Epoch: 2/80,	 Avg.loss: 0.0011,	 Test Accuracy: 653/1000(65%)
Task: 3,	 Epoch: 3/80,	 Avg.loss: 0.0010,	 Test Accuracy: 668/1000(67%)
Task: 3,	 Epoch: 4/80,	 Avg.loss: 0.0010,	 Test Accuracy: 674/1000(67%)
Task: 3,	 Epoch: 5/80,	 Avg.loss: 0.0011,	 Test Accuracy: 641/1000(64%)
Task: 3,	 Epoch: 6/80,	 Avg.loss: 0.0010,	 Test Accuracy: 662/1000(66%)
Task: 3,	 Epoch: 7/80,	 Avg.loss: 0.0011,	 Test Accuracy: 644/1000(64%)
Task: 3,	 Epoch: 8/80,	 Avg.loss: 0.0010,	 Test Accuracy: 666/1000(67%)
Task: 3,	 Epoch: 9/80,	 Avg.loss: 0.0010,	 Test Accuracy: 674/1000(67%)
Task: 3,	 Epoch: 10/80,	 Avg.loss: 0.0010,	 Test Accuracy: 674/1000(67%)
Task: 3,	 Epoch: 11/80,	 Avg.loss: 0.0010,	 Test Accuracy: 680/1000(68%)
Task: 3,	 Epoch: 12/80,	 Avg.loss: 0.0010,	 Test Accuracy: 664/1000(66%)
Task: 3,	 Epoch: 13/80,	 Avg.loss: 0.0009,	 Test Accuracy: 694/1000(69%)
Task: 3,	 Epoch: 14/80,	 Avg.loss: 0.0010,	 Test Accuracy: 686/1000(69%)
Task: 3,	 Epoch: 15/80,	 Avg.loss: 0.0010,	 Test Accuracy: 672/1000(67%)
Task: 3,	 Epoch: 16/80,	 Avg.loss: 0.0010,	 Test Accuracy: 686/1000(69%)
Task: 3,	 Epoch: 17/80,	 Avg.loss: 0.0010,	 Test Accuracy: 667/1000(67%)
Task: 3,	 Epoch: 18/80,	 Avg.loss: 0.0009,	 Test Accuracy: 676/1000(68%)
Task: 3,	 Epoch: 19/80,	 Avg.loss: 0.0009,	 Test Accuracy: 705/1000(70%)
Task: 3,	 Epoch: 20/80,	 Avg.loss: 0.0009,	 Test Accuracy: 684/1000(68%)
Task: 3,	 Epoch: 21/80,	 Avg.loss: 0.0009,	 Test Accuracy: 682/1000(68%)
Task: 3,	 Epoch: 22/80,	 Avg.loss: 0.0009,	 Test Accuracy: 706/1000(71%)
Task: 3,	 Epoch: 23/80,	 Avg.loss: 0.0009,	 Test Accuracy: 678/1000(68%)
Task: 3,	 Epoch: 24/80,	 Avg.loss: 0.0009,	 Test Accuracy: 699/1000(70%)
Task: 3,	 Epoch: 25/80,	 Avg.loss: 0.0009,	 Test Accuracy: 699/1000(70%)
Task: 3,	 Epoch: 26/80,	 Avg.loss: 0.0009,	 Test Accuracy: 715/1000(72%)
Task: 3,	 Epoch: 27/80,	 Avg.loss: 0.0009,	 Test Accuracy: 695/1000(70%)
Task: 3,	 Epoch: 28/80,	 Avg.loss: 0.0009,	 Test Accuracy: 703/1000(70%)
Task: 3,	 Epoch: 29/80,	 Avg.loss: 0.0009,	 Test Accuracy: 706/1000(71%)
Task: 3,	 Epoch: 30/80,	 Avg.loss: 0.0009,	 Test Accuracy: 697/1000(70%)
Task: 3,	 Epoch: 31/80,	 Avg.loss: 0.0009,	 Test Accuracy: 694/1000(69%)
Task: 3,	 Epoch: 32/80,	 Avg.loss: 0.0009,	 Test Accuracy: 696/1000(70%)
Task: 3,	 Epoch: 33/80,	 Avg.loss: 0.0009,	 Test Accuracy: 702/1000(70%)
Task: 3,	 Epoch: 34/80,	 Avg.loss: 0.0010,	 Test Accuracy: 666/1000(67%)
Task: 3,	 Epoch: 35/80,	 Avg.loss: 0.0009,	 Test Accuracy: 695/1000(70%)
Task: 3,	 Epoch: 36/80,	 Avg.loss: 0.0009,	 Test Accuracy: 712/1000(71%)
Task: 3,	 Epoch: 37/80,	 Avg.loss: 0.0009,	 Test Accuracy: 716/1000(72%)
Task: 3,	 Epoch: 38/80,	 Avg.loss: 0.0009,	 Test Accuracy: 716/1000(72%)
Task: 3,	 Epoch: 39/80,	 Avg.loss: 0.0009,	 Test Accuracy: 715/1000(72%)
Task: 3,	 Epoch: 40/80,	 Avg.loss: 0.0009,	 Test Accuracy: 680/1000(68%)
Task: 3,	 Epoch: 41/80,	 Avg.loss: 0.0009,	 Test Accuracy: 689/1000(69%)
Task: 3,	 Epoch: 42/80,	 Avg.loss: 0.0009,	 Test Accuracy: 703/1000(70%)
Task: 3,	 Epoch: 43/80,	 Avg.loss: 0.0009,	 Test Accuracy: 699/1000(70%)
Task: 3,	 Epoch: 44/80,	 Avg.loss: 0.0009,	 Test Accuracy: 691/1000(69%)
Task: 3,	 Epoch: 45/80,	 Avg.loss: 0.0009,	 Test Accuracy: 711/1000(71%)
Task: 3,	 Epoch: 46/80,	 Avg.loss: 0.0009,	 Test Accuracy: 725/1000(72%)
Task: 3,	 Epoch: 47/80,	 Avg.loss: 0.0008,	 Test Accuracy: 704/1000(70%)
Task: 3,	 Epoch: 48/80,	 Avg.loss: 0.0009,	 Test Accuracy: 711/1000(71%)
Task: 3,	 Epoch: 49/80,	 Avg.loss: 0.0009,	 Test Accuracy: 706/1000(71%)
Task: 3,	 Epoch: 50/80,	 Avg.loss: 0.0008,	 Test Accuracy: 718/1000(72%)
Task: 3,	 Epoch: 51/80,	 Avg.loss: 0.0008,	 Test Accuracy: 713/1000(71%)
Task: 3,	 Epoch: 52/80,	 Avg.loss: 0.0008,	 Test Accuracy: 722/1000(72%)
Task: 3,	 Epoch: 53/80,	 Avg.loss: 0.0008,	 Test Accuracy: 724/1000(72%)
Task: 3,	 Epoch: 54/80,	 Avg.loss: 0.0008,	 Test Accuracy: 733/1000(73%)
Task: 3,	 Epoch: 55/80,	 Avg.loss: 0.0008,	 Test Accuracy: 720/1000(72%)
Task: 3,	 Epoch: 56/80,	 Avg.loss: 0.0008,	 Test Accuracy: 728/1000(73%)
Task: 3,	 Epoch: 57/80,	 Avg.loss: 0.0008,	 Test Accuracy: 726/1000(73%)
Task: 3,	 Epoch: 58/80,	 Avg.loss: 0.0008,	 Test Accuracy: 723/1000(72%)
Task: 3,	 Epoch: 59/80,	 Avg.loss: 0.0008,	 Test Accuracy: 725/1000(72%)
Task: 3,	 Epoch: 60/80,	 Avg.loss: 0.0008,	 Test Accuracy: 731/1000(73%)
Task: 3,	 Epoch: 61/80,	 Avg.loss: 0.0008,	 Test Accuracy: 723/1000(72%)
Task: 3,	 Epoch: 62/80,	 Avg.loss: 0.0008,	 Test Accuracy: 720/1000(72%)
Task: 3,	 Epoch: 63/80,	 Avg.loss: 0.0008,	 Test Accuracy: 720/1000(72%)
Task: 3,	 Epoch: 64/80,	 Avg.loss: 0.0008,	 Test Accuracy: 727/1000(73%)
Task: 3,	 Epoch: 65/80,	 Avg.loss: 0.0008,	 Test Accuracy: 728/1000(73%)
Task: 3,	 Epoch: 66/80,	 Avg.loss: 0.0008,	 Test Accuracy: 726/1000(73%)
Task: 3,	 Epoch: 67/80,	 Avg.loss: 0.0008,	 Test Accuracy: 722/1000(72%)
Task: 3,	 Epoch: 68/80,	 Avg.loss: 0.0008,	 Test Accuracy: 729/1000(73%)
Task: 3,	 Epoch: 69/80,	 Avg.loss: 0.0008,	 Test Accuracy: 729/1000(73%)
Task: 3,	 Epoch: 70/80,	 Avg.loss: 0.0008,	 Test Accuracy: 730/1000(73%)
Task: 3,	 Epoch: 71/80,	 Avg.loss: 0.0008,	 Test Accuracy: 728/1000(73%)
Task: 3,	 Epoch: 72/80,	 Avg.loss: 0.0008,	 Test Accuracy: 730/1000(73%)
Task: 3,	 Epoch: 73/80,	 Avg.loss: 0.0008,	 Test Accuracy: 731/1000(73%)
Task: 3,	 Epoch: 74/80,	 Avg.loss: 0.0008,	 Test Accuracy: 730/1000(73%)
Task: 3,	 Epoch: 75/80,	 Avg.loss: 0.0008,	 Test Accuracy: 724/1000(72%)
Task: 3,	 Epoch: 76/80,	 Avg.loss: 0.0008,	 Test Accuracy: 738/1000(74%)
Task: 3,	 Epoch: 77/80,	 Avg.loss: 0.0008,	 Test Accuracy: 722/1000(72%)
Task: 3,	 Epoch: 78/80,	 Avg.loss: 0.0008,	 Test Accuracy: 726/1000(73%)
Task: 3,	 Epoch: 79/80,	 Avg.loss: 0.0008,	 Test Accuracy: 725/1000(72%)
Trained Task:3, Loaded task:0, Accuracy:86.2%
Trained Task:3, Loaded task:1, Accuracy:76.7%
Trained Task:3, Loaded task:2, Accuracy:79.9%
Trained Task:3, Loaded task:3, Accuracy:72.5%
Trained Task:3, Avg. Accuracy: 78.8 

List of avg. accuracy: [86.4, 81.6, 81.0, 78.8]
Layer        : conv1_layer.2.weight
R.histogram  : tensor([13.,  8.,  4.,  3.,  3.,  0.,  0.,  0.,  0.,  1.], device='cuda:0')
R_sum max/min: 83.6/2.7
F.num_zeros  : 0/9216
W.num_zeros  : 0/9216
O.num_zeros  : 0/9216
Layer        : conv2_layer.2.weight
R.histogram  : tensor([26., 13., 10.,  6.,  4.,  2.,  1.,  0.,  1.,  1.], device='cuda:0')
R_sum max/min: 99.8/0.0
F.num_zeros  : 4036/36864
W.num_zeros  : 0/36864
O.num_zeros  : 20736/36864
Layer        : fc1_layer.1.weight
R.histogram  : tensor([385.,  70.,  24.,  13.,   9.,   6.,   2.,   1.,   0.,   2.],
       device='cuda:0')
R_sum max/min: 510.2/0.0
F.num_zeros  : 913492/2097152
W.num_zeros  : 0/2097152
O.num_zeros  : 1702666/2097152
Mask histogram
conv1_layer.2.weight: 	 tensor([   0.,    0.,  512.,  512., 1024., 6144.,    0.,    0.,    0.,    0.,
           0.], device='cuda:0')
conv2_layer.2.weight: 	 tensor([1920.,  128.,  384.,  320.,  576.,  768.,    0.,    0.,    0.,    0.,
           0.], device='cuda:0')
fc1_layer.1.weight: 	 tensor([225.,  40.,  37.,  50.,  49., 111.,   0.,   0.,   0.,   0.,   0.],
       device='cuda:0')
Task: 4,	 Epoch: 0/80,	 Avg.loss: 0.0011,	 Test Accuracy: 635/1000(64%)
Task: 4,	 Epoch: 1/80,	 Avg.loss: 0.0011,	 Test Accuracy: 650/1000(65%)
Task: 4,	 Epoch: 2/80,	 Avg.loss: 0.0011,	 Test Accuracy: 647/1000(65%)
Task: 4,	 Epoch: 3/80,	 Avg.loss: 0.0010,	 Test Accuracy: 686/1000(69%)
Task: 4,	 Epoch: 4/80,	 Avg.loss: 0.0009,	 Test Accuracy: 701/1000(70%)
Task: 4,	 Epoch: 5/80,	 Avg.loss: 0.0009,	 Test Accuracy: 709/1000(71%)
Task: 4,	 Epoch: 6/80,	 Avg.loss: 0.0009,	 Test Accuracy: 735/1000(74%)
Task: 4,	 Epoch: 7/80,	 Avg.loss: 0.0009,	 Test Accuracy: 712/1000(71%)
Task: 4,	 Epoch: 8/80,	 Avg.loss: 0.0009,	 Test Accuracy: 716/1000(72%)
Task: 4,	 Epoch: 9/80,	 Avg.loss: 0.0009,	 Test Accuracy: 722/1000(72%)
Task: 4,	 Epoch: 10/80,	 Avg.loss: 0.0009,	 Test Accuracy: 723/1000(72%)
Task: 4,	 Epoch: 11/80,	 Avg.loss: 0.0009,	 Test Accuracy: 714/1000(71%)
Task: 4,	 Epoch: 12/80,	 Avg.loss: 0.0009,	 Test Accuracy: 700/1000(70%)
Task: 4,	 Epoch: 13/80,	 Avg.loss: 0.0008,	 Test Accuracy: 726/1000(73%)
Task: 4,	 Epoch: 14/80,	 Avg.loss: 0.0008,	 Test Accuracy: 742/1000(74%)
Task: 4,	 Epoch: 15/80,	 Avg.loss: 0.0008,	 Test Accuracy: 740/1000(74%)
Task: 4,	 Epoch: 16/80,	 Avg.loss: 0.0008,	 Test Accuracy: 741/1000(74%)
Task: 4,	 Epoch: 17/80,	 Avg.loss: 0.0008,	 Test Accuracy: 741/1000(74%)
Task: 4,	 Epoch: 18/80,	 Avg.loss: 0.0008,	 Test Accuracy: 737/1000(74%)
Task: 4,	 Epoch: 19/80,	 Avg.loss: 0.0008,	 Test Accuracy: 727/1000(73%)
Task: 4,	 Epoch: 20/80,	 Avg.loss: 0.0009,	 Test Accuracy: 724/1000(72%)
Task: 4,	 Epoch: 21/80,	 Avg.loss: 0.0008,	 Test Accuracy: 744/1000(74%)
Task: 4,	 Epoch: 22/80,	 Avg.loss: 0.0008,	 Test Accuracy: 737/1000(74%)
Task: 4,	 Epoch: 23/80,	 Avg.loss: 0.0008,	 Test Accuracy: 749/1000(75%)
Task: 4,	 Epoch: 24/80,	 Avg.loss: 0.0008,	 Test Accuracy: 748/1000(75%)
Task: 4,	 Epoch: 25/80,	 Avg.loss: 0.0008,	 Test Accuracy: 744/1000(74%)
Task: 4,	 Epoch: 26/80,	 Avg.loss: 0.0008,	 Test Accuracy: 733/1000(73%)
Task: 4,	 Epoch: 27/80,	 Avg.loss: 0.0009,	 Test Accuracy: 735/1000(74%)
Task: 4,	 Epoch: 28/80,	 Avg.loss: 0.0008,	 Test Accuracy: 731/1000(73%)
Task: 4,	 Epoch: 29/80,	 Avg.loss: 0.0008,	 Test Accuracy: 748/1000(75%)
Task: 4,	 Epoch: 30/80,	 Avg.loss: 0.0008,	 Test Accuracy: 745/1000(74%)
Task: 4,	 Epoch: 31/80,	 Avg.loss: 0.0008,	 Test Accuracy: 736/1000(74%)
Task: 4,	 Epoch: 32/80,	 Avg.loss: 0.0008,	 Test Accuracy: 758/1000(76%)
Task: 4,	 Epoch: 33/80,	 Avg.loss: 0.0008,	 Test Accuracy: 744/1000(74%)
Task: 4,	 Epoch: 34/80,	 Avg.loss: 0.0009,	 Test Accuracy: 710/1000(71%)
Task: 4,	 Epoch: 35/80,	 Avg.loss: 0.0008,	 Test Accuracy: 750/1000(75%)
Task: 4,	 Epoch: 36/80,	 Avg.loss: 0.0008,	 Test Accuracy: 751/1000(75%)
Task: 4,	 Epoch: 37/80,	 Avg.loss: 0.0008,	 Test Accuracy: 756/1000(76%)
Task: 4,	 Epoch: 38/80,	 Avg.loss: 0.0008,	 Test Accuracy: 755/1000(76%)
Task: 4,	 Epoch: 39/80,	 Avg.loss: 0.0008,	 Test Accuracy: 740/1000(74%)
Task: 4,	 Epoch: 40/80,	 Avg.loss: 0.0008,	 Test Accuracy: 756/1000(76%)
Task: 4,	 Epoch: 41/80,	 Avg.loss: 0.0008,	 Test Accuracy: 749/1000(75%)
Task: 4,	 Epoch: 42/80,	 Avg.loss: 0.0008,	 Test Accuracy: 744/1000(74%)
Task: 4,	 Epoch: 43/80,	 Avg.loss: 0.0008,	 Test Accuracy: 731/1000(73%)
Task: 4,	 Epoch: 44/80,	 Avg.loss: 0.0008,	 Test Accuracy: 739/1000(74%)
Task: 4,	 Epoch: 45/80,	 Avg.loss: 0.0008,	 Test Accuracy: 743/1000(74%)
Task: 4,	 Epoch: 46/80,	 Avg.loss: 0.0008,	 Test Accuracy: 742/1000(74%)
Task: 4,	 Epoch: 47/80,	 Avg.loss: 0.0008,	 Test Accuracy: 736/1000(74%)
Task: 4,	 Epoch: 48/80,	 Avg.loss: 0.0008,	 Test Accuracy: 748/1000(75%)
Task: 4,	 Epoch: 49/80,	 Avg.loss: 0.0008,	 Test Accuracy: 744/1000(74%)
Task: 4,	 Epoch: 50/80,	 Avg.loss: 0.0008,	 Test Accuracy: 770/1000(77%)
Task: 4,	 Epoch: 51/80,	 Avg.loss: 0.0008,	 Test Accuracy: 759/1000(76%)
Task: 4,	 Epoch: 52/80,	 Avg.loss: 0.0008,	 Test Accuracy: 773/1000(77%)
Task: 4,	 Epoch: 53/80,	 Avg.loss: 0.0008,	 Test Accuracy: 768/1000(77%)
Task: 4,	 Epoch: 54/80,	 Avg.loss: 0.0008,	 Test Accuracy: 769/1000(77%)
Task: 4,	 Epoch: 55/80,	 Avg.loss: 0.0008,	 Test Accuracy: 767/1000(77%)
Task: 4,	 Epoch: 56/80,	 Avg.loss: 0.0008,	 Test Accuracy: 768/1000(77%)
Task: 4,	 Epoch: 57/80,	 Avg.loss: 0.0008,	 Test Accuracy: 770/1000(77%)
Task: 4,	 Epoch: 58/80,	 Avg.loss: 0.0008,	 Test Accuracy: 771/1000(77%)
Task: 4,	 Epoch: 59/80,	 Avg.loss: 0.0008,	 Test Accuracy: 771/1000(77%)
Task: 4,	 Epoch: 60/80,	 Avg.loss: 0.0008,	 Test Accuracy: 756/1000(76%)
Task: 4,	 Epoch: 61/80,	 Avg.loss: 0.0008,	 Test Accuracy: 764/1000(76%)
Task: 4,	 Epoch: 62/80,	 Avg.loss: 0.0008,	 Test Accuracy: 767/1000(77%)
Task: 4,	 Epoch: 63/80,	 Avg.loss: 0.0008,	 Test Accuracy: 766/1000(77%)
Task: 4,	 Epoch: 64/80,	 Avg.loss: 0.0008,	 Test Accuracy: 773/1000(77%)
Task: 4,	 Epoch: 65/80,	 Avg.loss: 0.0008,	 Test Accuracy: 765/1000(76%)
Task: 4,	 Epoch: 66/80,	 Avg.loss: 0.0008,	 Test Accuracy: 773/1000(77%)
Task: 4,	 Epoch: 67/80,	 Avg.loss: 0.0008,	 Test Accuracy: 771/1000(77%)
Task: 4,	 Epoch: 68/80,	 Avg.loss: 0.0008,	 Test Accuracy: 772/1000(77%)
Task: 4,	 Epoch: 69/80,	 Avg.loss: 0.0008,	 Test Accuracy: 769/1000(77%)
Task: 4,	 Epoch: 70/80,	 Avg.loss: 0.0008,	 Test Accuracy: 770/1000(77%)
Task: 4,	 Epoch: 71/80,	 Avg.loss: 0.0008,	 Test Accuracy: 765/1000(76%)
Task: 4,	 Epoch: 72/80,	 Avg.loss: 0.0008,	 Test Accuracy: 764/1000(76%)
Task: 4,	 Epoch: 73/80,	 Avg.loss: 0.0008,	 Test Accuracy: 766/1000(77%)
Task: 4,	 Epoch: 74/80,	 Avg.loss: 0.0008,	 Test Accuracy: 769/1000(77%)
Task: 4,	 Epoch: 75/80,	 Avg.loss: 0.0008,	 Test Accuracy: 774/1000(77%)
Task: 4,	 Epoch: 76/80,	 Avg.loss: 0.0008,	 Test Accuracy: 771/1000(77%)
Task: 4,	 Epoch: 77/80,	 Avg.loss: 0.0008,	 Test Accuracy: 762/1000(76%)
Task: 4,	 Epoch: 78/80,	 Avg.loss: 0.0008,	 Test Accuracy: 775/1000(78%)
Task: 4,	 Epoch: 79/80,	 Avg.loss: 0.0008,	 Test Accuracy: 772/1000(77%)
Trained Task:4, Loaded task:0, Accuracy:86.1%
Trained Task:4, Loaded task:1, Accuracy:76.8%
Trained Task:4, Loaded task:2, Accuracy:79.8%
Trained Task:4, Loaded task:3, Accuracy:73.2%
Trained Task:4, Loaded task:4, Accuracy:77.2%
Trained Task:4, Avg. Accuracy: 78.6 

List of avg. accuracy: [86.4, 81.6, 81.0, 78.8, 78.6]
Layer        : conv1_layer.2.weight
R.histogram  : tensor([13., 10.,  5.,  1.,  1.,  1.,  0.,  0.,  0.,  1.], device='cuda:0')
R_sum max/min: 92.0/3.0
F.num_zeros  : 0/9216
W.num_zeros  : 0/9216
O.num_zeros  : 0/9216
Layer        : conv2_layer.2.weight
R.histogram  : tensor([35., 12.,  5.,  5.,  2.,  2.,  2.,  0.,  0.,  1.], device='cuda:0')
R_sum max/min: 106.9/0.0
F.num_zeros  : 4034/36864
W.num_zeros  : 0/36864
O.num_zeros  : 20736/36864
Layer        : fc1_layer.1.weight
R.histogram  : tensor([426.,  50.,  16.,   9.,   9.,   0.,   0.,   0.,   1.,   1.],
       device='cuda:0')
R_sum max/min: 539.3/0.0
F.num_zeros  : 913120/2097152
W.num_zeros  : 0/2097152
O.num_zeros  : 1687946/2097152
Mask histogram
conv1_layer.2.weight: 	 tensor([   0.,    0.,  256.,  256., 1024.,  768., 5888.,    0.,    0.,    0.,
           0.], device='cuda:0')
conv2_layer.2.weight: 	 tensor([1856.,  192.,  192.,  320.,  320.,  512.,  704.,    0.,    0.,    0.,
           0.], device='cuda:0')
fc1_layer.1.weight: 	 tensor([220.,  35.,  37.,  35.,  31.,  44., 110.,   0.,   0.,   0.,   0.],
       device='cuda:0')
Task: 5,	 Epoch: 0/80,	 Avg.loss: 0.0011,	 Test Accuracy: 599/1000(60%)
Task: 5,	 Epoch: 1/80,	 Avg.loss: 0.0010,	 Test Accuracy: 621/1000(62%)
Task: 5,	 Epoch: 2/80,	 Avg.loss: 0.0009,	 Test Accuracy: 667/1000(67%)
Task: 5,	 Epoch: 3/80,	 Avg.loss: 0.0009,	 Test Accuracy: 678/1000(68%)
Task: 5,	 Epoch: 4/80,	 Avg.loss: 0.0009,	 Test Accuracy: 682/1000(68%)
Task: 5,	 Epoch: 5/80,	 Avg.loss: 0.0009,	 Test Accuracy: 681/1000(68%)
Task: 5,	 Epoch: 6/80,	 Avg.loss: 0.0009,	 Test Accuracy: 683/1000(68%)
Task: 5,	 Epoch: 7/80,	 Avg.loss: 0.0009,	 Test Accuracy: 695/1000(70%)
Task: 5,	 Epoch: 8/80,	 Avg.loss: 0.0009,	 Test Accuracy: 690/1000(69%)
Task: 5,	 Epoch: 9/80,	 Avg.loss: 0.0008,	 Test Accuracy: 696/1000(70%)
Task: 5,	 Epoch: 10/80,	 Avg.loss: 0.0009,	 Test Accuracy: 697/1000(70%)
Task: 5,	 Epoch: 11/80,	 Avg.loss: 0.0009,	 Test Accuracy: 675/1000(68%)
Task: 5,	 Epoch: 12/80,	 Avg.loss: 0.0009,	 Test Accuracy: 699/1000(70%)
Task: 5,	 Epoch: 13/80,	 Avg.loss: 0.0009,	 Test Accuracy: 694/1000(69%)
Task: 5,	 Epoch: 14/80,	 Avg.loss: 0.0008,	 Test Accuracy: 701/1000(70%)
Task: 5,	 Epoch: 15/80,	 Avg.loss: 0.0009,	 Test Accuracy: 699/1000(70%)
Task: 5,	 Epoch: 16/80,	 Avg.loss: 0.0009,	 Test Accuracy: 708/1000(71%)
Task: 5,	 Epoch: 17/80,	 Avg.loss: 0.0008,	 Test Accuracy: 717/1000(72%)
Task: 5,	 Epoch: 18/80,	 Avg.loss: 0.0009,	 Test Accuracy: 695/1000(70%)
Task: 5,	 Epoch: 19/80,	 Avg.loss: 0.0008,	 Test Accuracy: 701/1000(70%)
Task: 5,	 Epoch: 20/80,	 Avg.loss: 0.0008,	 Test Accuracy: 698/1000(70%)
Task: 5,	 Epoch: 21/80,	 Avg.loss: 0.0008,	 Test Accuracy: 707/1000(71%)
Task: 5,	 Epoch: 22/80,	 Avg.loss: 0.0009,	 Test Accuracy: 700/1000(70%)
Task: 5,	 Epoch: 23/80,	 Avg.loss: 0.0008,	 Test Accuracy: 724/1000(72%)
Task: 5,	 Epoch: 24/80,	 Avg.loss: 0.0008,	 Test Accuracy: 719/1000(72%)
Task: 5,	 Epoch: 25/80,	 Avg.loss: 0.0008,	 Test Accuracy: 714/1000(71%)
Task: 5,	 Epoch: 26/80,	 Avg.loss: 0.0008,	 Test Accuracy: 712/1000(71%)
Task: 5,	 Epoch: 27/80,	 Avg.loss: 0.0008,	 Test Accuracy: 712/1000(71%)
Task: 5,	 Epoch: 28/80,	 Avg.loss: 0.0008,	 Test Accuracy: 709/1000(71%)
Task: 5,	 Epoch: 29/80,	 Avg.loss: 0.0008,	 Test Accuracy: 716/1000(72%)
Task: 5,	 Epoch: 30/80,	 Avg.loss: 0.0008,	 Test Accuracy: 724/1000(72%)
Task: 5,	 Epoch: 31/80,	 Avg.loss: 0.0008,	 Test Accuracy: 693/1000(69%)
Task: 5,	 Epoch: 32/80,	 Avg.loss: 0.0008,	 Test Accuracy: 719/1000(72%)
Task: 5,	 Epoch: 33/80,	 Avg.loss: 0.0008,	 Test Accuracy: 709/1000(71%)
Task: 5,	 Epoch: 34/80,	 Avg.loss: 0.0008,	 Test Accuracy: 715/1000(72%)
Task: 5,	 Epoch: 35/80,	 Avg.loss: 0.0008,	 Test Accuracy: 712/1000(71%)
Task: 5,	 Epoch: 36/80,	 Avg.loss: 0.0008,	 Test Accuracy: 723/1000(72%)
Task: 5,	 Epoch: 37/80,	 Avg.loss: 0.0008,	 Test Accuracy: 711/1000(71%)
Task: 5,	 Epoch: 38/80,	 Avg.loss: 0.0008,	 Test Accuracy: 731/1000(73%)
Task: 5,	 Epoch: 39/80,	 Avg.loss: 0.0008,	 Test Accuracy: 709/1000(71%)
Task: 5,	 Epoch: 40/80,	 Avg.loss: 0.0008,	 Test Accuracy: 714/1000(71%)
Task: 5,	 Epoch: 41/80,	 Avg.loss: 0.0008,	 Test Accuracy: 718/1000(72%)
Task: 5,	 Epoch: 42/80,	 Avg.loss: 0.0008,	 Test Accuracy: 720/1000(72%)
Task: 5,	 Epoch: 43/80,	 Avg.loss: 0.0008,	 Test Accuracy: 724/1000(72%)
Task: 5,	 Epoch: 44/80,	 Avg.loss: 0.0008,	 Test Accuracy: 726/1000(73%)
Task: 5,	 Epoch: 45/80,	 Avg.loss: 0.0008,	 Test Accuracy: 705/1000(70%)
Task: 5,	 Epoch: 46/80,	 Avg.loss: 0.0009,	 Test Accuracy: 686/1000(69%)
Task: 5,	 Epoch: 47/80,	 Avg.loss: 0.0008,	 Test Accuracy: 725/1000(72%)
Task: 5,	 Epoch: 48/80,	 Avg.loss: 0.0008,	 Test Accuracy: 733/1000(73%)
Task: 5,	 Epoch: 49/80,	 Avg.loss: 0.0008,	 Test Accuracy: 721/1000(72%)
Task: 5,	 Epoch: 50/80,	 Avg.loss: 0.0008,	 Test Accuracy: 728/1000(73%)
Task: 5,	 Epoch: 51/80,	 Avg.loss: 0.0008,	 Test Accuracy: 729/1000(73%)
Task: 5,	 Epoch: 52/80,	 Avg.loss: 0.0008,	 Test Accuracy: 729/1000(73%)
Task: 5,	 Epoch: 53/80,	 Avg.loss: 0.0007,	 Test Accuracy: 726/1000(73%)
Task: 5,	 Epoch: 54/80,	 Avg.loss: 0.0008,	 Test Accuracy: 731/1000(73%)
Task: 5,	 Epoch: 55/80,	 Avg.loss: 0.0008,	 Test Accuracy: 734/1000(73%)
Task: 5,	 Epoch: 56/80,	 Avg.loss: 0.0007,	 Test Accuracy: 731/1000(73%)
Task: 5,	 Epoch: 57/80,	 Avg.loss: 0.0008,	 Test Accuracy: 726/1000(73%)
Task: 5,	 Epoch: 58/80,	 Avg.loss: 0.0008,	 Test Accuracy: 726/1000(73%)
Task: 5,	 Epoch: 59/80,	 Avg.loss: 0.0008,	 Test Accuracy: 729/1000(73%)
Task: 5,	 Epoch: 60/80,	 Avg.loss: 0.0008,	 Test Accuracy: 728/1000(73%)
Task: 5,	 Epoch: 61/80,	 Avg.loss: 0.0007,	 Test Accuracy: 735/1000(74%)
Task: 5,	 Epoch: 62/80,	 Avg.loss: 0.0007,	 Test Accuracy: 726/1000(73%)
Task: 5,	 Epoch: 63/80,	 Avg.loss: 0.0007,	 Test Accuracy: 728/1000(73%)
Task: 5,	 Epoch: 64/80,	 Avg.loss: 0.0007,	 Test Accuracy: 736/1000(74%)
Task: 5,	 Epoch: 65/80,	 Avg.loss: 0.0007,	 Test Accuracy: 731/1000(73%)
Task: 5,	 Epoch: 66/80,	 Avg.loss: 0.0007,	 Test Accuracy: 730/1000(73%)
Task: 5,	 Epoch: 67/80,	 Avg.loss: 0.0008,	 Test Accuracy: 729/1000(73%)
Task: 5,	 Epoch: 68/80,	 Avg.loss: 0.0007,	 Test Accuracy: 734/1000(73%)
Task: 5,	 Epoch: 69/80,	 Avg.loss: 0.0007,	 Test Accuracy: 731/1000(73%)
Task: 5,	 Epoch: 70/80,	 Avg.loss: 0.0007,	 Test Accuracy: 726/1000(73%)
Task: 5,	 Epoch: 71/80,	 Avg.loss: 0.0007,	 Test Accuracy: 732/1000(73%)
Task: 5,	 Epoch: 72/80,	 Avg.loss: 0.0007,	 Test Accuracy: 735/1000(74%)
Task: 5,	 Epoch: 73/80,	 Avg.loss: 0.0008,	 Test Accuracy: 734/1000(73%)
Task: 5,	 Epoch: 74/80,	 Avg.loss: 0.0008,	 Test Accuracy: 737/1000(74%)
Task: 5,	 Epoch: 75/80,	 Avg.loss: 0.0008,	 Test Accuracy: 734/1000(73%)
Task: 5,	 Epoch: 76/80,	 Avg.loss: 0.0007,	 Test Accuracy: 736/1000(74%)
Task: 5,	 Epoch: 77/80,	 Avg.loss: 0.0008,	 Test Accuracy: 726/1000(73%)
Task: 5,	 Epoch: 78/80,	 Avg.loss: 0.0008,	 Test Accuracy: 733/1000(73%)
Task: 5,	 Epoch: 79/80,	 Avg.loss: 0.0008,	 Test Accuracy: 725/1000(72%)
Trained Task:5, Loaded task:0, Accuracy:86.1%
Trained Task:5, Loaded task:1, Accuracy:76.4%
Trained Task:5, Loaded task:2, Accuracy:78.9%
Trained Task:5, Loaded task:3, Accuracy:73.3%
Trained Task:5, Loaded task:4, Accuracy:76.7%
Trained Task:5, Loaded task:5, Accuracy:72.5%
Trained Task:5, Avg. Accuracy: 77.3 

List of avg. accuracy: [86.4, 81.6, 81.0, 78.8, 78.6, 77.3]
Layer        : conv1_layer.2.weight
R.histogram  : tensor([11.,  8.,  7.,  2.,  3.,  0.,  0.,  0.,  0.,  1.], device='cuda:0')
R_sum max/min: 91.9/4.5
F.num_zeros  : 0/9216
W.num_zeros  : 0/9216
O.num_zeros  : 0/9216
Layer        : conv2_layer.2.weight
R.histogram  : tensor([34., 11.,  9.,  4.,  1.,  2.,  1.,  1.,  0.,  1.], device='cuda:0')
R_sum max/min: 124.9/0.0
F.num_zeros  : 4034/36864
W.num_zeros  : 0/36864
O.num_zeros  : 20160/36864
Layer        : fc1_layer.1.weight
R.histogram  : tensor([387.,  54.,  20.,  17.,  15.,   9.,   3.,   5.,   1.,   1.],
       device='cuda:0')
R_sum max/min: 455.9/0.0
F.num_zeros  : 931883/2097152
W.num_zeros  : 0/2097152
O.num_zeros  : 1671041/2097152
Mask histogram
conv1_layer.2.weight: 	 tensor([   0.,    0.,    0.,  256.,  768.,  512., 1024., 5632.,    0.,    0.,
           0.], device='cuda:0')
conv2_layer.2.weight: 	 tensor([1856.,  128.,  128.,  320.,  256.,  320.,  384.,  704.,    0.,    0.,
           0.], device='cuda:0')
fc1_layer.1.weight: 	 tensor([215.,  35.,  30.,  31.,  20.,  32.,  50.,  99.,   0.,   0.,   0.],
       device='cuda:0')
Task: 6,	 Epoch: 0/80,	 Avg.loss: 0.0012,	 Test Accuracy: 623/1000(62%)
Task: 6,	 Epoch: 1/80,	 Avg.loss: 0.0010,	 Test Accuracy: 654/1000(65%)
Task: 6,	 Epoch: 2/80,	 Avg.loss: 0.0010,	 Test Accuracy: 657/1000(66%)
Task: 6,	 Epoch: 3/80,	 Avg.loss: 0.0010,	 Test Accuracy: 670/1000(67%)
Task: 6,	 Epoch: 4/80,	 Avg.loss: 0.0009,	 Test Accuracy: 673/1000(67%)
Task: 6,	 Epoch: 5/80,	 Avg.loss: 0.0010,	 Test Accuracy: 668/1000(67%)
Task: 6,	 Epoch: 6/80,	 Avg.loss: 0.0009,	 Test Accuracy: 699/1000(70%)
Task: 6,	 Epoch: 7/80,	 Avg.loss: 0.0009,	 Test Accuracy: 700/1000(70%)
Task: 6,	 Epoch: 8/80,	 Avg.loss: 0.0009,	 Test Accuracy: 703/1000(70%)
Task: 6,	 Epoch: 9/80,	 Avg.loss: 0.0008,	 Test Accuracy: 702/1000(70%)
Task: 6,	 Epoch: 10/80,	 Avg.loss: 0.0008,	 Test Accuracy: 719/1000(72%)
Task: 6,	 Epoch: 11/80,	 Avg.loss: 0.0008,	 Test Accuracy: 702/1000(70%)
Task: 6,	 Epoch: 12/80,	 Avg.loss: 0.0009,	 Test Accuracy: 699/1000(70%)
Task: 6,	 Epoch: 13/80,	 Avg.loss: 0.0008,	 Test Accuracy: 714/1000(71%)
Task: 6,	 Epoch: 14/80,	 Avg.loss: 0.0008,	 Test Accuracy: 703/1000(70%)
Task: 6,	 Epoch: 15/80,	 Avg.loss: 0.0009,	 Test Accuracy: 689/1000(69%)
Task: 6,	 Epoch: 16/80,	 Avg.loss: 0.0008,	 Test Accuracy: 711/1000(71%)
Task: 6,	 Epoch: 17/80,	 Avg.loss: 0.0008,	 Test Accuracy: 716/1000(72%)
Task: 6,	 Epoch: 18/80,	 Avg.loss: 0.0008,	 Test Accuracy: 733/1000(73%)
Task: 6,	 Epoch: 19/80,	 Avg.loss: 0.0008,	 Test Accuracy: 710/1000(71%)
Task: 6,	 Epoch: 20/80,	 Avg.loss: 0.0008,	 Test Accuracy: 706/1000(71%)
Task: 6,	 Epoch: 21/80,	 Avg.loss: 0.0008,	 Test Accuracy: 711/1000(71%)
Task: 6,	 Epoch: 22/80,	 Avg.loss: 0.0008,	 Test Accuracy: 721/1000(72%)
Task: 6,	 Epoch: 23/80,	 Avg.loss: 0.0008,	 Test Accuracy: 715/1000(72%)
Task: 6,	 Epoch: 24/80,	 Avg.loss: 0.0009,	 Test Accuracy: 710/1000(71%)
Task: 6,	 Epoch: 25/80,	 Avg.loss: 0.0008,	 Test Accuracy: 720/1000(72%)
Task: 6,	 Epoch: 26/80,	 Avg.loss: 0.0009,	 Test Accuracy: 711/1000(71%)
Task: 6,	 Epoch: 27/80,	 Avg.loss: 0.0008,	 Test Accuracy: 722/1000(72%)
Task: 6,	 Epoch: 28/80,	 Avg.loss: 0.0008,	 Test Accuracy: 702/1000(70%)
Task: 6,	 Epoch: 29/80,	 Avg.loss: 0.0008,	 Test Accuracy: 715/1000(72%)
Task: 6,	 Epoch: 30/80,	 Avg.loss: 0.0008,	 Test Accuracy: 724/1000(72%)
Task: 6,	 Epoch: 31/80,	 Avg.loss: 0.0008,	 Test Accuracy: 717/1000(72%)
Task: 6,	 Epoch: 32/80,	 Avg.loss: 0.0008,	 Test Accuracy: 721/1000(72%)
Task: 6,	 Epoch: 33/80,	 Avg.loss: 0.0008,	 Test Accuracy: 728/1000(73%)
Task: 6,	 Epoch: 34/80,	 Avg.loss: 0.0008,	 Test Accuracy: 727/1000(73%)
Task: 6,	 Epoch: 35/80,	 Avg.loss: 0.0008,	 Test Accuracy: 717/1000(72%)
Task: 6,	 Epoch: 36/80,	 Avg.loss: 0.0008,	 Test Accuracy: 708/1000(71%)
Task: 6,	 Epoch: 37/80,	 Avg.loss: 0.0008,	 Test Accuracy: 734/1000(73%)
Task: 6,	 Epoch: 38/80,	 Avg.loss: 0.0008,	 Test Accuracy: 709/1000(71%)
Task: 6,	 Epoch: 39/80,	 Avg.loss: 0.0008,	 Test Accuracy: 723/1000(72%)
Task: 6,	 Epoch: 40/80,	 Avg.loss: 0.0008,	 Test Accuracy: 708/1000(71%)
Task: 6,	 Epoch: 41/80,	 Avg.loss: 0.0008,	 Test Accuracy: 729/1000(73%)
Task: 6,	 Epoch: 42/80,	 Avg.loss: 0.0008,	 Test Accuracy: 703/1000(70%)
Task: 6,	 Epoch: 43/80,	 Avg.loss: 0.0008,	 Test Accuracy: 718/1000(72%)
Task: 6,	 Epoch: 44/80,	 Avg.loss: 0.0008,	 Test Accuracy: 736/1000(74%)
Task: 6,	 Epoch: 45/80,	 Avg.loss: 0.0008,	 Test Accuracy: 740/1000(74%)
Task: 6,	 Epoch: 46/80,	 Avg.loss: 0.0008,	 Test Accuracy: 735/1000(74%)
Task: 6,	 Epoch: 47/80,	 Avg.loss: 0.0008,	 Test Accuracy: 735/1000(74%)
Task: 6,	 Epoch: 48/80,	 Avg.loss: 0.0008,	 Test Accuracy: 724/1000(72%)
Task: 6,	 Epoch: 49/80,	 Avg.loss: 0.0008,	 Test Accuracy: 739/1000(74%)
Task: 6,	 Epoch: 50/80,	 Avg.loss: 0.0007,	 Test Accuracy: 743/1000(74%)
Task: 6,	 Epoch: 51/80,	 Avg.loss: 0.0007,	 Test Accuracy: 739/1000(74%)
Task: 6,	 Epoch: 52/80,	 Avg.loss: 0.0007,	 Test Accuracy: 740/1000(74%)
Task: 6,	 Epoch: 53/80,	 Avg.loss: 0.0007,	 Test Accuracy: 742/1000(74%)
Task: 6,	 Epoch: 54/80,	 Avg.loss: 0.0007,	 Test Accuracy: 740/1000(74%)
Task: 6,	 Epoch: 55/80,	 Avg.loss: 0.0007,	 Test Accuracy: 740/1000(74%)
Task: 6,	 Epoch: 56/80,	 Avg.loss: 0.0007,	 Test Accuracy: 737/1000(74%)
Task: 6,	 Epoch: 57/80,	 Avg.loss: 0.0007,	 Test Accuracy: 744/1000(74%)
Task: 6,	 Epoch: 58/80,	 Avg.loss: 0.0007,	 Test Accuracy: 740/1000(74%)
Task: 6,	 Epoch: 59/80,	 Avg.loss: 0.0007,	 Test Accuracy: 741/1000(74%)
Task: 6,	 Epoch: 60/80,	 Avg.loss: 0.0007,	 Test Accuracy: 745/1000(74%)
Task: 6,	 Epoch: 61/80,	 Avg.loss: 0.0007,	 Test Accuracy: 745/1000(74%)
Task: 6,	 Epoch: 62/80,	 Avg.loss: 0.0007,	 Test Accuracy: 737/1000(74%)
Task: 6,	 Epoch: 63/80,	 Avg.loss: 0.0007,	 Test Accuracy: 736/1000(74%)
Task: 6,	 Epoch: 64/80,	 Avg.loss: 0.0007,	 Test Accuracy: 741/1000(74%)
Task: 6,	 Epoch: 65/80,	 Avg.loss: 0.0007,	 Test Accuracy: 748/1000(75%)
Task: 6,	 Epoch: 66/80,	 Avg.loss: 0.0007,	 Test Accuracy: 744/1000(74%)
Task: 6,	 Epoch: 67/80,	 Avg.loss: 0.0007,	 Test Accuracy: 746/1000(75%)
Task: 6,	 Epoch: 68/80,	 Avg.loss: 0.0007,	 Test Accuracy: 747/1000(75%)
Task: 6,	 Epoch: 69/80,	 Avg.loss: 0.0007,	 Test Accuracy: 746/1000(75%)
Task: 6,	 Epoch: 70/80,	 Avg.loss: 0.0007,	 Test Accuracy: 740/1000(74%)
Task: 6,	 Epoch: 71/80,	 Avg.loss: 0.0007,	 Test Accuracy: 744/1000(74%)
Task: 6,	 Epoch: 72/80,	 Avg.loss: 0.0007,	 Test Accuracy: 735/1000(74%)
Task: 6,	 Epoch: 73/80,	 Avg.loss: 0.0007,	 Test Accuracy: 746/1000(75%)
Task: 6,	 Epoch: 74/80,	 Avg.loss: 0.0007,	 Test Accuracy: 742/1000(74%)
Task: 6,	 Epoch: 75/80,	 Avg.loss: 0.0007,	 Test Accuracy: 740/1000(74%)
Task: 6,	 Epoch: 76/80,	 Avg.loss: 0.0007,	 Test Accuracy: 747/1000(75%)
Task: 6,	 Epoch: 77/80,	 Avg.loss: 0.0007,	 Test Accuracy: 730/1000(73%)
Task: 6,	 Epoch: 78/80,	 Avg.loss: 0.0007,	 Test Accuracy: 743/1000(74%)
Task: 6,	 Epoch: 79/80,	 Avg.loss: 0.0007,	 Test Accuracy: 737/1000(74%)
Trained Task:6, Loaded task:0, Accuracy:86.2%
Trained Task:6, Loaded task:1, Accuracy:76.2%
Trained Task:6, Loaded task:2, Accuracy:79.0%
Trained Task:6, Loaded task:3, Accuracy:72.8%
Trained Task:6, Loaded task:4, Accuracy:77.1%
Trained Task:6, Loaded task:5, Accuracy:72.6%
Trained Task:6, Loaded task:6, Accuracy:73.7%
Trained Task:6, Avg. Accuracy: 76.8 

List of avg. accuracy: [86.4, 81.6, 81.0, 78.8, 78.6, 77.3, 76.8]
Layer        : conv1_layer.2.weight
R.histogram  : tensor([ 6., 12.,  8.,  3.,  1.,  1.,  0.,  0.,  0.,  1.], device='cuda:0')
R_sum max/min: 84.4/3.7
F.num_zeros  : 0/9216
W.num_zeros  : 0/9216
O.num_zeros  : 0/9216
Layer        : conv2_layer.2.weight
R.histogram  : tensor([33., 10., 10.,  4.,  3.,  0.,  2.,  0.,  1.,  1.], device='cuda:0')
R_sum max/min: 125.3/0.0
F.num_zeros  : 4033/36864
W.num_zeros  : 0/36864
O.num_zeros  : 20160/36864
Layer        : fc1_layer.1.weight
R.histogram  : tensor([379.,  49.,  30.,  14.,  11.,  13.,  10.,   2.,   2.,   2.],
       device='cuda:0')
R_sum max/min: 479.6/0.0
F.num_zeros  : 922800/2097152
W.num_zeros  : 0/2097152
O.num_zeros  : 1661185/2097152
Mask histogram
conv1_layer.2.weight: 	 tensor([   0.,    0.,    0.,    0.,  768.,  256.,  768.,  768., 5632.,    0.,
           0.], device='cuda:0')
conv2_layer.2.weight: 	 tensor([1856.,  128.,   64.,  256.,  192.,  320.,  192.,  448.,  640.,    0.,
           0.], device='cuda:0')
fc1_layer.1.weight: 	 tensor([215.,  28.,  32.,  26.,  15.,  19.,  34.,  49.,  94.,   0.,   0.],
       device='cuda:0')
Task: 7,	 Epoch: 0/80,	 Avg.loss: 0.0013,	 Test Accuracy: 560/1000(56%)
Task: 7,	 Epoch: 1/80,	 Avg.loss: 0.0012,	 Test Accuracy: 613/1000(61%)
Task: 7,	 Epoch: 2/80,	 Avg.loss: 0.0011,	 Test Accuracy: 621/1000(62%)
Task: 7,	 Epoch: 3/80,	 Avg.loss: 0.0010,	 Test Accuracy: 632/1000(63%)
Task: 7,	 Epoch: 4/80,	 Avg.loss: 0.0010,	 Test Accuracy: 640/1000(64%)
Task: 7,	 Epoch: 5/80,	 Avg.loss: 0.0011,	 Test Accuracy: 621/1000(62%)
Task: 7,	 Epoch: 6/80,	 Avg.loss: 0.0010,	 Test Accuracy: 650/1000(65%)
Task: 7,	 Epoch: 7/80,	 Avg.loss: 0.0011,	 Test Accuracy: 639/1000(64%)
Task: 7,	 Epoch: 8/80,	 Avg.loss: 0.0010,	 Test Accuracy: 642/1000(64%)
Task: 7,	 Epoch: 9/80,	 Avg.loss: 0.0010,	 Test Accuracy: 661/1000(66%)
Task: 7,	 Epoch: 10/80,	 Avg.loss: 0.0010,	 Test Accuracy: 662/1000(66%)
Task: 7,	 Epoch: 11/80,	 Avg.loss: 0.0010,	 Test Accuracy: 646/1000(65%)
Task: 7,	 Epoch: 12/80,	 Avg.loss: 0.0011,	 Test Accuracy: 636/1000(64%)
Task: 7,	 Epoch: 13/80,	 Avg.loss: 0.0010,	 Test Accuracy: 637/1000(64%)
Task: 7,	 Epoch: 14/80,	 Avg.loss: 0.0010,	 Test Accuracy: 648/1000(65%)
Task: 7,	 Epoch: 15/80,	 Avg.loss: 0.0010,	 Test Accuracy: 651/1000(65%)
Task: 7,	 Epoch: 16/80,	 Avg.loss: 0.0010,	 Test Accuracy: 647/1000(65%)
Task: 7,	 Epoch: 17/80,	 Avg.loss: 0.0010,	 Test Accuracy: 658/1000(66%)
Task: 7,	 Epoch: 18/80,	 Avg.loss: 0.0010,	 Test Accuracy: 665/1000(66%)
Task: 7,	 Epoch: 19/80,	 Avg.loss: 0.0010,	 Test Accuracy: 654/1000(65%)
Task: 7,	 Epoch: 20/80,	 Avg.loss: 0.0010,	 Test Accuracy: 666/1000(67%)
Task: 7,	 Epoch: 21/80,	 Avg.loss: 0.0009,	 Test Accuracy: 661/1000(66%)
Task: 7,	 Epoch: 22/80,	 Avg.loss: 0.0010,	 Test Accuracy: 656/1000(66%)
Task: 7,	 Epoch: 23/80,	 Avg.loss: 0.0010,	 Test Accuracy: 652/1000(65%)
Task: 7,	 Epoch: 24/80,	 Avg.loss: 0.0010,	 Test Accuracy: 635/1000(64%)
Task: 7,	 Epoch: 25/80,	 Avg.loss: 0.0010,	 Test Accuracy: 638/1000(64%)
Task: 7,	 Epoch: 26/80,	 Avg.loss: 0.0010,	 Test Accuracy: 655/1000(66%)
Task: 7,	 Epoch: 27/80,	 Avg.loss: 0.0010,	 Test Accuracy: 644/1000(64%)
Task: 7,	 Epoch: 28/80,	 Avg.loss: 0.0010,	 Test Accuracy: 653/1000(65%)
Task: 7,	 Epoch: 29/80,	 Avg.loss: 0.0010,	 Test Accuracy: 660/1000(66%)
Task: 7,	 Epoch: 30/80,	 Avg.loss: 0.0010,	 Test Accuracy: 644/1000(64%)
Task: 7,	 Epoch: 31/80,	 Avg.loss: 0.0010,	 Test Accuracy: 678/1000(68%)
Task: 7,	 Epoch: 32/80,	 Avg.loss: 0.0010,	 Test Accuracy: 656/1000(66%)
Task: 7,	 Epoch: 33/80,	 Avg.loss: 0.0010,	 Test Accuracy: 663/1000(66%)
Task: 7,	 Epoch: 34/80,	 Avg.loss: 0.0010,	 Test Accuracy: 640/1000(64%)
Task: 7,	 Epoch: 35/80,	 Avg.loss: 0.0009,	 Test Accuracy: 676/1000(68%)
Task: 7,	 Epoch: 36/80,	 Avg.loss: 0.0010,	 Test Accuracy: 660/1000(66%)
Task: 7,	 Epoch: 37/80,	 Avg.loss: 0.0010,	 Test Accuracy: 646/1000(65%)
Task: 7,	 Epoch: 38/80,	 Avg.loss: 0.0010,	 Test Accuracy: 671/1000(67%)
Task: 7,	 Epoch: 39/80,	 Avg.loss: 0.0010,	 Test Accuracy: 665/1000(66%)
Task: 7,	 Epoch: 40/80,	 Avg.loss: 0.0010,	 Test Accuracy: 672/1000(67%)
Task: 7,	 Epoch: 41/80,	 Avg.loss: 0.0010,	 Test Accuracy: 670/1000(67%)
Task: 7,	 Epoch: 42/80,	 Avg.loss: 0.0010,	 Test Accuracy: 658/1000(66%)
Task: 7,	 Epoch: 43/80,	 Avg.loss: 0.0010,	 Test Accuracy: 660/1000(66%)
Task: 7,	 Epoch: 44/80,	 Avg.loss: 0.0009,	 Test Accuracy: 681/1000(68%)
Task: 7,	 Epoch: 45/80,	 Avg.loss: 0.0010,	 Test Accuracy: 657/1000(66%)
Task: 7,	 Epoch: 46/80,	 Avg.loss: 0.0010,	 Test Accuracy: 653/1000(65%)
Task: 7,	 Epoch: 47/80,	 Avg.loss: 0.0010,	 Test Accuracy: 675/1000(68%)
Task: 7,	 Epoch: 48/80,	 Avg.loss: 0.0009,	 Test Accuracy: 668/1000(67%)
Task: 7,	 Epoch: 49/80,	 Avg.loss: 0.0010,	 Test Accuracy: 652/1000(65%)
Task: 7,	 Epoch: 50/80,	 Avg.loss: 0.0009,	 Test Accuracy: 672/1000(67%)
Task: 7,	 Epoch: 51/80,	 Avg.loss: 0.0009,	 Test Accuracy: 679/1000(68%)
Task: 7,	 Epoch: 52/80,	 Avg.loss: 0.0009,	 Test Accuracy: 675/1000(68%)
Task: 7,	 Epoch: 53/80,	 Avg.loss: 0.0009,	 Test Accuracy: 682/1000(68%)
Task: 7,	 Epoch: 54/80,	 Avg.loss: 0.0009,	 Test Accuracy: 676/1000(68%)
Task: 7,	 Epoch: 55/80,	 Avg.loss: 0.0009,	 Test Accuracy: 681/1000(68%)
Task: 7,	 Epoch: 56/80,	 Avg.loss: 0.0009,	 Test Accuracy: 679/1000(68%)
Task: 7,	 Epoch: 57/80,	 Avg.loss: 0.0009,	 Test Accuracy: 677/1000(68%)
Task: 7,	 Epoch: 58/80,	 Avg.loss: 0.0009,	 Test Accuracy: 684/1000(68%)
Task: 7,	 Epoch: 59/80,	 Avg.loss: 0.0009,	 Test Accuracy: 684/1000(68%)
Task: 7,	 Epoch: 60/80,	 Avg.loss: 0.0009,	 Test Accuracy: 676/1000(68%)
Task: 7,	 Epoch: 61/80,	 Avg.loss: 0.0009,	 Test Accuracy: 678/1000(68%)
Task: 7,	 Epoch: 62/80,	 Avg.loss: 0.0009,	 Test Accuracy: 677/1000(68%)
Task: 7,	 Epoch: 63/80,	 Avg.loss: 0.0009,	 Test Accuracy: 681/1000(68%)
Task: 7,	 Epoch: 64/80,	 Avg.loss: 0.0009,	 Test Accuracy: 678/1000(68%)
Task: 7,	 Epoch: 65/80,	 Avg.loss: 0.0009,	 Test Accuracy: 675/1000(68%)
Task: 7,	 Epoch: 66/80,	 Avg.loss: 0.0009,	 Test Accuracy: 677/1000(68%)
Task: 7,	 Epoch: 67/80,	 Avg.loss: 0.0009,	 Test Accuracy: 682/1000(68%)
Task: 7,	 Epoch: 68/80,	 Avg.loss: 0.0009,	 Test Accuracy: 674/1000(67%)
Task: 7,	 Epoch: 69/80,	 Avg.loss: 0.0009,	 Test Accuracy: 679/1000(68%)
Task: 7,	 Epoch: 70/80,	 Avg.loss: 0.0009,	 Test Accuracy: 681/1000(68%)
Task: 7,	 Epoch: 71/80,	 Avg.loss: 0.0009,	 Test Accuracy: 687/1000(69%)
Task: 7,	 Epoch: 72/80,	 Avg.loss: 0.0009,	 Test Accuracy: 679/1000(68%)
Task: 7,	 Epoch: 73/80,	 Avg.loss: 0.0009,	 Test Accuracy: 679/1000(68%)
Task: 7,	 Epoch: 74/80,	 Avg.loss: 0.0009,	 Test Accuracy: 679/1000(68%)
Task: 7,	 Epoch: 75/80,	 Avg.loss: 0.0009,	 Test Accuracy: 674/1000(67%)
Task: 7,	 Epoch: 76/80,	 Avg.loss: 0.0009,	 Test Accuracy: 674/1000(67%)
Task: 7,	 Epoch: 77/80,	 Avg.loss: 0.0009,	 Test Accuracy: 680/1000(68%)
Task: 7,	 Epoch: 78/80,	 Avg.loss: 0.0009,	 Test Accuracy: 674/1000(67%)
Task: 7,	 Epoch: 79/80,	 Avg.loss: 0.0009,	 Test Accuracy: 675/1000(68%)
Trained Task:7, Loaded task:0, Accuracy:85.3%
Trained Task:7, Loaded task:1, Accuracy:76.8%
Trained Task:7, Loaded task:2, Accuracy:79.3%
Trained Task:7, Loaded task:3, Accuracy:72.8%
Trained Task:7, Loaded task:4, Accuracy:77.0%
Trained Task:7, Loaded task:5, Accuracy:72.3%
Trained Task:7, Loaded task:6, Accuracy:74.6%
Trained Task:7, Loaded task:7, Accuracy:67.5%
Trained Task:7, Avg. Accuracy: 75.7 

List of avg. accuracy: [86.4, 81.6, 81.0, 78.8, 78.6, 77.3, 76.8, 75.7]
Layer        : conv1_layer.2.weight
R.histogram  : tensor([15.,  9.,  3.,  1.,  3.,  0.,  0.,  0.,  0.,  1.], device='cuda:0')
R_sum max/min: 85.0/3.1
F.num_zeros  : 0/9216
W.num_zeros  : 0/9216
O.num_zeros  : 0/9216
Layer        : conv2_layer.2.weight
R.histogram  : tensor([37.,  8.,  6.,  5.,  3.,  3.,  1.,  0.,  0.,  1.], device='cuda:0')
R_sum max/min: 94.0/0.0
F.num_zeros  : 4035/36864
W.num_zeros  : 0/36864
O.num_zeros  : 20160/36864
Layer        : fc1_layer.1.weight
R.histogram  : tensor([426.,  37.,  30.,  10.,   5.,   1.,   2.,   0.,   0.,   1.],
       device='cuda:0')
R_sum max/min: 598.6/0.0
F.num_zeros  : 917413/2097152
W.num_zeros  : 0/2097152
O.num_zeros  : 1658625/2097152
Mask histogram
conv1_layer.2.weight: 	 tensor([   0.,    0.,    0.,    0.,    0.,  768.,  512.,  768., 1280., 4864.,
           0.], device='cuda:0')
conv2_layer.2.weight: 	 tensor([1856.,   64.,   64.,  256.,   64.,  192.,  320.,  320.,  576.,  384.,
           0.], device='cuda:0')
fc1_layer.1.weight: 	 tensor([214.,  28.,  27.,  22.,  16.,  12.,  25.,  29.,  49.,  90.,   0.],
       device='cuda:0')
Task: 8,	 Epoch: 0/80,	 Avg.loss: 0.0013,	 Test Accuracy: 569/1000(57%)
Task: 8,	 Epoch: 1/80,	 Avg.loss: 0.0011,	 Test Accuracy: 660/1000(66%)
Task: 8,	 Epoch: 2/80,	 Avg.loss: 0.0010,	 Test Accuracy: 655/1000(66%)
Task: 8,	 Epoch: 3/80,	 Avg.loss: 0.0011,	 Test Accuracy: 641/1000(64%)
Task: 8,	 Epoch: 4/80,	 Avg.loss: 0.0010,	 Test Accuracy: 679/1000(68%)
Task: 8,	 Epoch: 5/80,	 Avg.loss: 0.0009,	 Test Accuracy: 689/1000(69%)
Task: 8,	 Epoch: 6/80,	 Avg.loss: 0.0009,	 Test Accuracy: 687/1000(69%)
Task: 8,	 Epoch: 7/80,	 Avg.loss: 0.0010,	 Test Accuracy: 668/1000(67%)
Task: 8,	 Epoch: 8/80,	 Avg.loss: 0.0009,	 Test Accuracy: 703/1000(70%)
Task: 8,	 Epoch: 9/80,	 Avg.loss: 0.0009,	 Test Accuracy: 692/1000(69%)
Task: 8,	 Epoch: 10/80,	 Avg.loss: 0.0009,	 Test Accuracy: 703/1000(70%)
Task: 8,	 Epoch: 11/80,	 Avg.loss: 0.0009,	 Test Accuracy: 694/1000(69%)
Task: 8,	 Epoch: 12/80,	 Avg.loss: 0.0009,	 Test Accuracy: 703/1000(70%)
Task: 8,	 Epoch: 13/80,	 Avg.loss: 0.0009,	 Test Accuracy: 687/1000(69%)
Task: 8,	 Epoch: 14/80,	 Avg.loss: 0.0009,	 Test Accuracy: 694/1000(69%)
Task: 8,	 Epoch: 15/80,	 Avg.loss: 0.0009,	 Test Accuracy: 706/1000(71%)
Task: 8,	 Epoch: 16/80,	 Avg.loss: 0.0008,	 Test Accuracy: 702/1000(70%)
Task: 8,	 Epoch: 17/80,	 Avg.loss: 0.0009,	 Test Accuracy: 702/1000(70%)
Task: 8,	 Epoch: 18/80,	 Avg.loss: 0.0009,	 Test Accuracy: 708/1000(71%)
Task: 8,	 Epoch: 19/80,	 Avg.loss: 0.0009,	 Test Accuracy: 692/1000(69%)
Task: 8,	 Epoch: 20/80,	 Avg.loss: 0.0009,	 Test Accuracy: 691/1000(69%)
Task: 8,	 Epoch: 21/80,	 Avg.loss: 0.0009,	 Test Accuracy: 698/1000(70%)
Task: 8,	 Epoch: 22/80,	 Avg.loss: 0.0008,	 Test Accuracy: 707/1000(71%)
Task: 8,	 Epoch: 23/80,	 Avg.loss: 0.0009,	 Test Accuracy: 675/1000(68%)
Task: 8,	 Epoch: 24/80,	 Avg.loss: 0.0009,	 Test Accuracy: 688/1000(69%)
Task: 8,	 Epoch: 25/80,	 Avg.loss: 0.0009,	 Test Accuracy: 704/1000(70%)
Task: 8,	 Epoch: 26/80,	 Avg.loss: 0.0010,	 Test Accuracy: 672/1000(67%)
Task: 8,	 Epoch: 27/80,	 Avg.loss: 0.0009,	 Test Accuracy: 684/1000(68%)
Task: 8,	 Epoch: 28/80,	 Avg.loss: 0.0010,	 Test Accuracy: 677/1000(68%)
Task: 8,	 Epoch: 29/80,	 Avg.loss: 0.0009,	 Test Accuracy: 698/1000(70%)
Task: 8,	 Epoch: 30/80,	 Avg.loss: 0.0009,	 Test Accuracy: 685/1000(68%)
Task: 8,	 Epoch: 31/80,	 Avg.loss: 0.0008,	 Test Accuracy: 714/1000(71%)
Task: 8,	 Epoch: 32/80,	 Avg.loss: 0.0009,	 Test Accuracy: 709/1000(71%)
Task: 8,	 Epoch: 33/80,	 Avg.loss: 0.0008,	 Test Accuracy: 712/1000(71%)
Task: 8,	 Epoch: 34/80,	 Avg.loss: 0.0009,	 Test Accuracy: 705/1000(70%)
Task: 8,	 Epoch: 35/80,	 Avg.loss: 0.0009,	 Test Accuracy: 694/1000(69%)
Task: 8,	 Epoch: 36/80,	 Avg.loss: 0.0009,	 Test Accuracy: 695/1000(70%)
Task: 8,	 Epoch: 37/80,	 Avg.loss: 0.0008,	 Test Accuracy: 722/1000(72%)
Task: 8,	 Epoch: 38/80,	 Avg.loss: 0.0009,	 Test Accuracy: 719/1000(72%)
Task: 8,	 Epoch: 39/80,	 Avg.loss: 0.0008,	 Test Accuracy: 712/1000(71%)
Task: 8,	 Epoch: 40/80,	 Avg.loss: 0.0008,	 Test Accuracy: 721/1000(72%)
Task: 8,	 Epoch: 41/80,	 Avg.loss: 0.0008,	 Test Accuracy: 726/1000(73%)
Task: 8,	 Epoch: 42/80,	 Avg.loss: 0.0008,	 Test Accuracy: 707/1000(71%)
Task: 8,	 Epoch: 43/80,	 Avg.loss: 0.0008,	 Test Accuracy: 726/1000(73%)
Task: 8,	 Epoch: 44/80,	 Avg.loss: 0.0008,	 Test Accuracy: 716/1000(72%)
Task: 8,	 Epoch: 45/80,	 Avg.loss: 0.0009,	 Test Accuracy: 704/1000(70%)
Task: 8,	 Epoch: 46/80,	 Avg.loss: 0.0008,	 Test Accuracy: 729/1000(73%)
Task: 8,	 Epoch: 47/80,	 Avg.loss: 0.0008,	 Test Accuracy: 725/1000(72%)
Task: 8,	 Epoch: 48/80,	 Avg.loss: 0.0008,	 Test Accuracy: 715/1000(72%)
Task: 8,	 Epoch: 49/80,	 Avg.loss: 0.0009,	 Test Accuracy: 712/1000(71%)
Task: 8,	 Epoch: 50/80,	 Avg.loss: 0.0008,	 Test Accuracy: 731/1000(73%)
Task: 8,	 Epoch: 51/80,	 Avg.loss: 0.0008,	 Test Accuracy: 732/1000(73%)
Task: 8,	 Epoch: 52/80,	 Avg.loss: 0.0008,	 Test Accuracy: 733/1000(73%)
Task: 8,	 Epoch: 53/80,	 Avg.loss: 0.0008,	 Test Accuracy: 729/1000(73%)
Task: 8,	 Epoch: 54/80,	 Avg.loss: 0.0008,	 Test Accuracy: 735/1000(74%)
Task: 8,	 Epoch: 55/80,	 Avg.loss: 0.0008,	 Test Accuracy: 734/1000(73%)
Task: 8,	 Epoch: 56/80,	 Avg.loss: 0.0008,	 Test Accuracy: 734/1000(73%)
Task: 8,	 Epoch: 57/80,	 Avg.loss: 0.0008,	 Test Accuracy: 731/1000(73%)
Task: 8,	 Epoch: 58/80,	 Avg.loss: 0.0008,	 Test Accuracy: 734/1000(73%)
Task: 8,	 Epoch: 59/80,	 Avg.loss: 0.0008,	 Test Accuracy: 735/1000(74%)
Task: 8,	 Epoch: 60/80,	 Avg.loss: 0.0008,	 Test Accuracy: 730/1000(73%)
Task: 8,	 Epoch: 61/80,	 Avg.loss: 0.0008,	 Test Accuracy: 737/1000(74%)
Task: 8,	 Epoch: 62/80,	 Avg.loss: 0.0008,	 Test Accuracy: 734/1000(73%)
Task: 8,	 Epoch: 63/80,	 Avg.loss: 0.0008,	 Test Accuracy: 732/1000(73%)
Task: 8,	 Epoch: 64/80,	 Avg.loss: 0.0008,	 Test Accuracy: 727/1000(73%)
Task: 8,	 Epoch: 65/80,	 Avg.loss: 0.0008,	 Test Accuracy: 728/1000(73%)
Task: 8,	 Epoch: 66/80,	 Avg.loss: 0.0008,	 Test Accuracy: 736/1000(74%)
Task: 8,	 Epoch: 67/80,	 Avg.loss: 0.0008,	 Test Accuracy: 734/1000(73%)
Task: 8,	 Epoch: 68/80,	 Avg.loss: 0.0008,	 Test Accuracy: 736/1000(74%)
Task: 8,	 Epoch: 69/80,	 Avg.loss: 0.0008,	 Test Accuracy: 733/1000(73%)
Task: 8,	 Epoch: 70/80,	 Avg.loss: 0.0008,	 Test Accuracy: 736/1000(74%)
Task: 8,	 Epoch: 71/80,	 Avg.loss: 0.0008,	 Test Accuracy: 733/1000(73%)
Task: 8,	 Epoch: 72/80,	 Avg.loss: 0.0008,	 Test Accuracy: 737/1000(74%)
Task: 8,	 Epoch: 73/80,	 Avg.loss: 0.0008,	 Test Accuracy: 734/1000(73%)
Task: 8,	 Epoch: 74/80,	 Avg.loss: 0.0008,	 Test Accuracy: 739/1000(74%)
Task: 8,	 Epoch: 75/80,	 Avg.loss: 0.0008,	 Test Accuracy: 732/1000(73%)
Task: 8,	 Epoch: 76/80,	 Avg.loss: 0.0008,	 Test Accuracy: 734/1000(73%)
Task: 8,	 Epoch: 77/80,	 Avg.loss: 0.0008,	 Test Accuracy: 730/1000(73%)
Task: 8,	 Epoch: 78/80,	 Avg.loss: 0.0008,	 Test Accuracy: 734/1000(73%)
Task: 8,	 Epoch: 79/80,	 Avg.loss: 0.0008,	 Test Accuracy: 738/1000(74%)
Trained Task:8, Loaded task:0, Accuracy:83.9%
Trained Task:8, Loaded task:1, Accuracy:75.5%
Trained Task:8, Loaded task:2, Accuracy:78.0%
Trained Task:8, Loaded task:3, Accuracy:74.3%
Trained Task:8, Loaded task:4, Accuracy:76.3%
Trained Task:8, Loaded task:5, Accuracy:72.8%
Trained Task:8, Loaded task:6, Accuracy:75.0%
Trained Task:8, Loaded task:7, Accuracy:67.5%
Trained Task:8, Loaded task:8, Accuracy:73.8%
Trained Task:8, Avg. Accuracy: 75.2 

List of avg. accuracy: [86.4, 81.6, 81.0, 78.8, 78.6, 77.3, 76.8, 75.7, 75.2]
Layer        : conv1_layer.2.weight
R.histogram  : tensor([ 8., 10.,  5.,  5.,  2.,  1.,  0.,  0.,  0.,  1.], device='cuda:0')
R_sum max/min: 84.2/4.0
F.num_zeros  : 0/9216
W.num_zeros  : 0/9216
O.num_zeros  : 0/9216
Layer        : conv2_layer.2.weight
R.histogram  : tensor([28., 12.,  6.,  5.,  4.,  4.,  2.,  0.,  1.,  2.], device='cuda:0')
R_sum max/min: 91.2/0.0
F.num_zeros  : 4034/36864
W.num_zeros  : 0/36864
O.num_zeros  : 20160/36864
Layer        : fc1_layer.1.weight
R.histogram  : tensor([428.,  39.,  25.,  11.,   4.,   3.,   1.,   0.,   0.,   1.],
       device='cuda:0')
R_sum max/min: 561.7/0.0
F.num_zeros  : 918181/2097152
W.num_zeros  : 0/2097152
O.num_zeros  : 1648897/2097152
Mask histogram
conv1_layer.2.weight: 	 tensor([   0.,    0.,    0.,    0.,    0.,  256.,  512., 1024.,  256., 1280.,
        4864.], device='cuda:0')
conv2_layer.2.weight: 	 tensor([1856.,   64.,    0.,  320.,    0.,  192.,  192.,  192.,  384.,  512.,
         384.], device='cuda:0')
fc1_layer.1.weight: 	 tensor([214.,  27.,  27.,  17.,  14.,  11.,  16.,  22.,  29.,  45.,  90.],
       device='cuda:0')
Task: 9,	 Epoch: 0/80,	 Avg.loss: 0.0010,	 Test Accuracy: 670/1000(67%)
Task: 9,	 Epoch: 1/80,	 Avg.loss: 0.0009,	 Test Accuracy: 704/1000(70%)
Task: 9,	 Epoch: 2/80,	 Avg.loss: 0.0008,	 Test Accuracy: 722/1000(72%)
Task: 9,	 Epoch: 3/80,	 Avg.loss: 0.0008,	 Test Accuracy: 736/1000(74%)
Task: 9,	 Epoch: 4/80,	 Avg.loss: 0.0008,	 Test Accuracy: 721/1000(72%)
Task: 9,	 Epoch: 5/80,	 Avg.loss: 0.0008,	 Test Accuracy: 732/1000(73%)
Task: 9,	 Epoch: 6/80,	 Avg.loss: 0.0007,	 Test Accuracy: 749/1000(75%)
Task: 9,	 Epoch: 7/80,	 Avg.loss: 0.0008,	 Test Accuracy: 749/1000(75%)
Task: 9,	 Epoch: 8/80,	 Avg.loss: 0.0008,	 Test Accuracy: 741/1000(74%)
Task: 9,	 Epoch: 9/80,	 Avg.loss: 0.0007,	 Test Accuracy: 742/1000(74%)
Task: 9,	 Epoch: 10/80,	 Avg.loss: 0.0007,	 Test Accuracy: 752/1000(75%)
Task: 9,	 Epoch: 11/80,	 Avg.loss: 0.0008,	 Test Accuracy: 752/1000(75%)
Task: 9,	 Epoch: 12/80,	 Avg.loss: 0.0008,	 Test Accuracy: 736/1000(74%)
Task: 9,	 Epoch: 13/80,	 Avg.loss: 0.0007,	 Test Accuracy: 758/1000(76%)
Task: 9,	 Epoch: 14/80,	 Avg.loss: 0.0007,	 Test Accuracy: 751/1000(75%)
Task: 9,	 Epoch: 15/80,	 Avg.loss: 0.0007,	 Test Accuracy: 752/1000(75%)
Task: 9,	 Epoch: 16/80,	 Avg.loss: 0.0007,	 Test Accuracy: 760/1000(76%)
Task: 9,	 Epoch: 17/80,	 Avg.loss: 0.0007,	 Test Accuracy: 766/1000(77%)
Task: 9,	 Epoch: 18/80,	 Avg.loss: 0.0007,	 Test Accuracy: 769/1000(77%)
Task: 9,	 Epoch: 19/80,	 Avg.loss: 0.0008,	 Test Accuracy: 733/1000(73%)
Task: 9,	 Epoch: 20/80,	 Avg.loss: 0.0007,	 Test Accuracy: 753/1000(75%)
Task: 9,	 Epoch: 21/80,	 Avg.loss: 0.0007,	 Test Accuracy: 745/1000(74%)
Task: 9,	 Epoch: 22/80,	 Avg.loss: 0.0008,	 Test Accuracy: 745/1000(74%)
Task: 9,	 Epoch: 23/80,	 Avg.loss: 0.0007,	 Test Accuracy: 752/1000(75%)
Task: 9,	 Epoch: 24/80,	 Avg.loss: 0.0008,	 Test Accuracy: 741/1000(74%)
Task: 9,	 Epoch: 25/80,	 Avg.loss: 0.0007,	 Test Accuracy: 757/1000(76%)
Task: 9,	 Epoch: 26/80,	 Avg.loss: 0.0007,	 Test Accuracy: 752/1000(75%)
Task: 9,	 Epoch: 27/80,	 Avg.loss: 0.0008,	 Test Accuracy: 737/1000(74%)
Task: 9,	 Epoch: 28/80,	 Avg.loss: 0.0007,	 Test Accuracy: 761/1000(76%)
Task: 9,	 Epoch: 29/80,	 Avg.loss: 0.0007,	 Test Accuracy: 761/1000(76%)
Task: 9,	 Epoch: 30/80,	 Avg.loss: 0.0007,	 Test Accuracy: 762/1000(76%)
Task: 9,	 Epoch: 31/80,	 Avg.loss: 0.0007,	 Test Accuracy: 752/1000(75%)
Task: 9,	 Epoch: 32/80,	 Avg.loss: 0.0007,	 Test Accuracy: 748/1000(75%)
Task: 9,	 Epoch: 33/80,	 Avg.loss: 0.0008,	 Test Accuracy: 727/1000(73%)
Task: 9,	 Epoch: 34/80,	 Avg.loss: 0.0008,	 Test Accuracy: 738/1000(74%)
Task: 9,	 Epoch: 35/80,	 Avg.loss: 0.0007,	 Test Accuracy: 753/1000(75%)
Task: 9,	 Epoch: 36/80,	 Avg.loss: 0.0007,	 Test Accuracy: 764/1000(76%)
Task: 9,	 Epoch: 37/80,	 Avg.loss: 0.0007,	 Test Accuracy: 757/1000(76%)
Task: 9,	 Epoch: 38/80,	 Avg.loss: 0.0007,	 Test Accuracy: 768/1000(77%)
Task: 9,	 Epoch: 39/80,	 Avg.loss: 0.0007,	 Test Accuracy: 761/1000(76%)
Task: 9,	 Epoch: 40/80,	 Avg.loss: 0.0007,	 Test Accuracy: 755/1000(76%)
Task: 9,	 Epoch: 41/80,	 Avg.loss: 0.0007,	 Test Accuracy: 758/1000(76%)
Task: 9,	 Epoch: 42/80,	 Avg.loss: 0.0007,	 Test Accuracy: 748/1000(75%)
Task: 9,	 Epoch: 43/80,	 Avg.loss: 0.0007,	 Test Accuracy: 759/1000(76%)
Task: 9,	 Epoch: 44/80,	 Avg.loss: 0.0007,	 Test Accuracy: 759/1000(76%)
Task: 9,	 Epoch: 45/80,	 Avg.loss: 0.0007,	 Test Accuracy: 749/1000(75%)
Task: 9,	 Epoch: 46/80,	 Avg.loss: 0.0007,	 Test Accuracy: 764/1000(76%)
Task: 9,	 Epoch: 47/80,	 Avg.loss: 0.0007,	 Test Accuracy: 761/1000(76%)
Task: 9,	 Epoch: 48/80,	 Avg.loss: 0.0007,	 Test Accuracy: 747/1000(75%)
Task: 9,	 Epoch: 49/80,	 Avg.loss: 0.0008,	 Test Accuracy: 741/1000(74%)
Task: 9,	 Epoch: 50/80,	 Avg.loss: 0.0007,	 Test Accuracy: 771/1000(77%)
Task: 9,	 Epoch: 51/80,	 Avg.loss: 0.0007,	 Test Accuracy: 772/1000(77%)
Task: 9,	 Epoch: 52/80,	 Avg.loss: 0.0007,	 Test Accuracy: 762/1000(76%)
Task: 9,	 Epoch: 53/80,	 Avg.loss: 0.0007,	 Test Accuracy: 765/1000(76%)
Task: 9,	 Epoch: 54/80,	 Avg.loss: 0.0007,	 Test Accuracy: 765/1000(76%)
Task: 9,	 Epoch: 55/80,	 Avg.loss: 0.0007,	 Test Accuracy: 771/1000(77%)
Task: 9,	 Epoch: 56/80,	 Avg.loss: 0.0007,	 Test Accuracy: 767/1000(77%)
Task: 9,	 Epoch: 57/80,	 Avg.loss: 0.0007,	 Test Accuracy: 770/1000(77%)
Task: 9,	 Epoch: 58/80,	 Avg.loss: 0.0007,	 Test Accuracy: 772/1000(77%)
Task: 9,	 Epoch: 59/80,	 Avg.loss: 0.0007,	 Test Accuracy: 767/1000(77%)
Task: 9,	 Epoch: 60/80,	 Avg.loss: 0.0007,	 Test Accuracy: 771/1000(77%)
Task: 9,	 Epoch: 61/80,	 Avg.loss: 0.0007,	 Test Accuracy: 766/1000(77%)
Task: 9,	 Epoch: 62/80,	 Avg.loss: 0.0007,	 Test Accuracy: 770/1000(77%)
Task: 9,	 Epoch: 63/80,	 Avg.loss: 0.0007,	 Test Accuracy: 770/1000(77%)
Task: 9,	 Epoch: 64/80,	 Avg.loss: 0.0007,	 Test Accuracy: 769/1000(77%)
Task: 9,	 Epoch: 65/80,	 Avg.loss: 0.0007,	 Test Accuracy: 770/1000(77%)
Task: 9,	 Epoch: 66/80,	 Avg.loss: 0.0007,	 Test Accuracy: 774/1000(77%)
Task: 9,	 Epoch: 67/80,	 Avg.loss: 0.0007,	 Test Accuracy: 770/1000(77%)
Task: 9,	 Epoch: 68/80,	 Avg.loss: 0.0007,	 Test Accuracy: 770/1000(77%)
Task: 9,	 Epoch: 69/80,	 Avg.loss: 0.0007,	 Test Accuracy: 766/1000(77%)
Task: 9,	 Epoch: 70/80,	 Avg.loss: 0.0007,	 Test Accuracy: 766/1000(77%)
Task: 9,	 Epoch: 71/80,	 Avg.loss: 0.0007,	 Test Accuracy: 767/1000(77%)
Task: 9,	 Epoch: 72/80,	 Avg.loss: 0.0007,	 Test Accuracy: 771/1000(77%)
Task: 9,	 Epoch: 73/80,	 Avg.loss: 0.0007,	 Test Accuracy: 766/1000(77%)
Task: 9,	 Epoch: 74/80,	 Avg.loss: 0.0007,	 Test Accuracy: 767/1000(77%)
Task: 9,	 Epoch: 75/80,	 Avg.loss: 0.0007,	 Test Accuracy: 773/1000(77%)
Task: 9,	 Epoch: 76/80,	 Avg.loss: 0.0007,	 Test Accuracy: 770/1000(77%)
Task: 9,	 Epoch: 77/80,	 Avg.loss: 0.0007,	 Test Accuracy: 767/1000(77%)
Task: 9,	 Epoch: 78/80,	 Avg.loss: 0.0007,	 Test Accuracy: 770/1000(77%)
Task: 9,	 Epoch: 79/80,	 Avg.loss: 0.0007,	 Test Accuracy: 771/1000(77%)
Trained Task:9, Loaded task:0, Accuracy:84.2%
Trained Task:9, Loaded task:1, Accuracy:76.3%
Trained Task:9, Loaded task:2, Accuracy:78.4%
Trained Task:9, Loaded task:3, Accuracy:74.3%
Trained Task:9, Loaded task:4, Accuracy:75.3%
Trained Task:9, Loaded task:5, Accuracy:72.9%
Trained Task:9, Loaded task:6, Accuracy:75.2%
Trained Task:9, Loaded task:7, Accuracy:67.4%
Trained Task:9, Loaded task:8, Accuracy:74.7%
Trained Task:9, Loaded task:9, Accuracy:77.1%
Trained Task:9, Avg. Accuracy: 75.6 

List of avg. accuracy: [86.4, 81.6, 81.0, 78.8, 78.6, 77.3, 76.8, 75.7, 75.2, 75.6]
