Task: -1,	 Epoch: 0/80,	 Avg.loss: 0.0012,	 Test Accuracy: 5597/10000(56%)
Task: -1,	 Epoch: 1/80,	 Avg.loss: 0.0009,	 Test Accuracy: 6739/10000(67%)
Task: -1,	 Epoch: 2/80,	 Avg.loss: 0.0008,	 Test Accuracy: 7138/10000(71%)
Task: -1,	 Epoch: 3/80,	 Avg.loss: 0.0008,	 Test Accuracy: 7351/10000(74%)
Task: -1,	 Epoch: 4/80,	 Avg.loss: 0.0007,	 Test Accuracy: 7518/10000(75%)
Task: -1,	 Epoch: 5/80,	 Avg.loss: 0.0007,	 Test Accuracy: 7759/10000(78%)
Task: -1,	 Epoch: 6/80,	 Avg.loss: 0.0006,	 Test Accuracy: 7838/10000(78%)
Task: -1,	 Epoch: 7/80,	 Avg.loss: 0.0006,	 Test Accuracy: 7911/10000(79%)
Task: -1,	 Epoch: 8/80,	 Avg.loss: 0.0006,	 Test Accuracy: 7961/10000(80%)
Task: -1,	 Epoch: 9/80,	 Avg.loss: 0.0006,	 Test Accuracy: 8046/10000(80%)
Task: -1,	 Epoch: 10/80,	 Avg.loss: 0.0006,	 Test Accuracy: 8026/10000(80%)
Task: -1,	 Epoch: 11/80,	 Avg.loss: 0.0005,	 Test Accuracy: 8140/10000(81%)
Task: -1,	 Epoch: 12/80,	 Avg.loss: 0.0005,	 Test Accuracy: 8233/10000(82%)
Task: -1,	 Epoch: 13/80,	 Avg.loss: 0.0005,	 Test Accuracy: 8232/10000(82%)
Task: -1,	 Epoch: 14/80,	 Avg.loss: 0.0005,	 Test Accuracy: 8257/10000(83%)
Task: -1,	 Epoch: 15/80,	 Avg.loss: 0.0005,	 Test Accuracy: 8278/10000(83%)
Task: -1,	 Epoch: 16/80,	 Avg.loss: 0.0005,	 Test Accuracy: 8193/10000(82%)
Task: -1,	 Epoch: 17/80,	 Avg.loss: 0.0005,	 Test Accuracy: 8201/10000(82%)
Task: -1,	 Epoch: 18/80,	 Avg.loss: 0.0005,	 Test Accuracy: 8349/10000(83%)
Task: -1,	 Epoch: 19/80,	 Avg.loss: 0.0005,	 Test Accuracy: 8273/10000(83%)
Task: -1,	 Epoch: 20/80,	 Avg.loss: 0.0005,	 Test Accuracy: 8369/10000(84%)
Task: -1,	 Epoch: 21/80,	 Avg.loss: 0.0005,	 Test Accuracy: 8310/10000(83%)
Task: -1,	 Epoch: 22/80,	 Avg.loss: 0.0005,	 Test Accuracy: 8343/10000(83%)
Task: -1,	 Epoch: 23/80,	 Avg.loss: 0.0005,	 Test Accuracy: 8380/10000(84%)
Task: -1,	 Epoch: 24/80,	 Avg.loss: 0.0005,	 Test Accuracy: 8389/10000(84%)
Task: -1,	 Epoch: 25/80,	 Avg.loss: 0.0005,	 Test Accuracy: 8387/10000(84%)
Task: -1,	 Epoch: 26/80,	 Avg.loss: 0.0005,	 Test Accuracy: 8443/10000(84%)
Task: -1,	 Epoch: 27/80,	 Avg.loss: 0.0005,	 Test Accuracy: 8397/10000(84%)
Task: -1,	 Epoch: 28/80,	 Avg.loss: 0.0005,	 Test Accuracy: 8452/10000(85%)
Task: -1,	 Epoch: 29/80,	 Avg.loss: 0.0005,	 Test Accuracy: 8422/10000(84%)
Task: -1,	 Epoch: 30/80,	 Avg.loss: 0.0005,	 Test Accuracy: 8416/10000(84%)
Task: -1,	 Epoch: 31/80,	 Avg.loss: 0.0005,	 Test Accuracy: 8435/10000(84%)
Task: -1,	 Epoch: 32/80,	 Avg.loss: 0.0005,	 Test Accuracy: 8440/10000(84%)
Task: -1,	 Epoch: 33/80,	 Avg.loss: 0.0005,	 Test Accuracy: 8488/10000(85%)
Task: -1,	 Epoch: 34/80,	 Avg.loss: 0.0005,	 Test Accuracy: 8470/10000(85%)
Task: -1,	 Epoch: 35/80,	 Avg.loss: 0.0005,	 Test Accuracy: 8374/10000(84%)
Task: -1,	 Epoch: 36/80,	 Avg.loss: 0.0005,	 Test Accuracy: 8464/10000(85%)
Task: -1,	 Epoch: 37/80,	 Avg.loss: 0.0005,	 Test Accuracy: 8460/10000(85%)
Task: -1,	 Epoch: 38/80,	 Avg.loss: 0.0005,	 Test Accuracy: 8465/10000(85%)
Task: -1,	 Epoch: 39/80,	 Avg.loss: 0.0005,	 Test Accuracy: 8467/10000(85%)
Task: -1,	 Epoch: 40/80,	 Avg.loss: 0.0005,	 Test Accuracy: 8523/10000(85%)
Task: -1,	 Epoch: 41/80,	 Avg.loss: 0.0005,	 Test Accuracy: 8452/10000(85%)
Task: -1,	 Epoch: 42/80,	 Avg.loss: 0.0005,	 Test Accuracy: 8506/10000(85%)
Task: -1,	 Epoch: 43/80,	 Avg.loss: 0.0005,	 Test Accuracy: 8476/10000(85%)
Task: -1,	 Epoch: 44/80,	 Avg.loss: 0.0005,	 Test Accuracy: 8476/10000(85%)
Task: -1,	 Epoch: 45/80,	 Avg.loss: 0.0005,	 Test Accuracy: 8499/10000(85%)
Task: -1,	 Epoch: 46/80,	 Avg.loss: 0.0005,	 Test Accuracy: 8450/10000(84%)
Task: -1,	 Epoch: 47/80,	 Avg.loss: 0.0005,	 Test Accuracy: 8520/10000(85%)
Task: -1,	 Epoch: 48/80,	 Avg.loss: 0.0005,	 Test Accuracy: 8494/10000(85%)
Task: -1,	 Epoch: 49/80,	 Avg.loss: 0.0005,	 Test Accuracy: 8512/10000(85%)
Task: -1,	 Epoch: 50/80,	 Avg.loss: 0.0005,	 Test Accuracy: 8614/10000(86%)
Task: -1,	 Epoch: 51/80,	 Avg.loss: 0.0005,	 Test Accuracy: 8632/10000(86%)
Task: -1,	 Epoch: 52/80,	 Avg.loss: 0.0005,	 Test Accuracy: 8622/10000(86%)
Task: -1,	 Epoch: 53/80,	 Avg.loss: 0.0005,	 Test Accuracy: 8622/10000(86%)
Task: -1,	 Epoch: 54/80,	 Avg.loss: 0.0005,	 Test Accuracy: 8651/10000(87%)
Task: -1,	 Epoch: 55/80,	 Avg.loss: 0.0005,	 Test Accuracy: 8650/10000(86%)
Task: -1,	 Epoch: 56/80,	 Avg.loss: 0.0005,	 Test Accuracy: 8656/10000(87%)
Task: -1,	 Epoch: 57/80,	 Avg.loss: 0.0005,	 Test Accuracy: 8676/10000(87%)
Task: -1,	 Epoch: 58/80,	 Avg.loss: 0.0005,	 Test Accuracy: 8685/10000(87%)
Task: -1,	 Epoch: 59/80,	 Avg.loss: 0.0005,	 Test Accuracy: 8661/10000(87%)
Task: -1,	 Epoch: 60/80,	 Avg.loss: 0.0005,	 Test Accuracy: 8681/10000(87%)
Task: -1,	 Epoch: 61/80,	 Avg.loss: 0.0005,	 Test Accuracy: 8672/10000(87%)
Task: -1,	 Epoch: 62/80,	 Avg.loss: 0.0005,	 Test Accuracy: 8686/10000(87%)
Task: -1,	 Epoch: 63/80,	 Avg.loss: 0.0005,	 Test Accuracy: 8696/10000(87%)
Task: -1,	 Epoch: 64/80,	 Avg.loss: 0.0005,	 Test Accuracy: 8672/10000(87%)
Task: -1,	 Epoch: 65/80,	 Avg.loss: 0.0005,	 Test Accuracy: 8648/10000(86%)
Task: -1,	 Epoch: 66/80,	 Avg.loss: 0.0005,	 Test Accuracy: 8687/10000(87%)
Task: -1,	 Epoch: 67/80,	 Avg.loss: 0.0005,	 Test Accuracy: 8671/10000(87%)
Task: -1,	 Epoch: 68/80,	 Avg.loss: 0.0005,	 Test Accuracy: 8680/10000(87%)
Task: -1,	 Epoch: 69/80,	 Avg.loss: 0.0005,	 Test Accuracy: 8673/10000(87%)
Task: -1,	 Epoch: 70/80,	 Avg.loss: 0.0005,	 Test Accuracy: 8672/10000(87%)
Task: -1,	 Epoch: 71/80,	 Avg.loss: 0.0005,	 Test Accuracy: 8675/10000(87%)
Task: -1,	 Epoch: 72/80,	 Avg.loss: 0.0005,	 Test Accuracy: 8683/10000(87%)
Task: -1,	 Epoch: 73/80,	 Avg.loss: 0.0005,	 Test Accuracy: 8674/10000(87%)
Task: -1,	 Epoch: 74/80,	 Avg.loss: 0.0005,	 Test Accuracy: 8654/10000(87%)
Task: -1,	 Epoch: 75/80,	 Avg.loss: 0.0005,	 Test Accuracy: 8682/10000(87%)
Task: -1,	 Epoch: 76/80,	 Avg.loss: 0.0005,	 Test Accuracy: 8670/10000(87%)
Task: -1,	 Epoch: 77/80,	 Avg.loss: 0.0005,	 Test Accuracy: 8680/10000(87%)
Task: -1,	 Epoch: 78/80,	 Avg.loss: 0.0005,	 Test Accuracy: 8672/10000(87%)
Task: -1,	 Epoch: 79/80,	 Avg.loss: 0.0005,	 Test Accuracy: 8669/10000(87%)
Task: -1,	 Epoch: 80/80,	 Avg.loss: 0.0005,	 Test Accuracy: 8687/10000(87%)
Mask histogram
conv1_layer.2.weight: 	 tensor([   0., 8192.,    0.,    0.,    0.,    0.,    0.,    0.,    0.,    0.,
           0.], device='cuda:0')
conv2_layer.2.weight: 	 tensor([   0., 4096.,    0.,    0.,    0.,    0.,    0.,    0.,    0.,    0.,
           0.], device='cuda:0')
fc1_layer.1.weight: 	 tensor([  0., 512.,   0.,   0.,   0.,   0.,   0.,   0.,   0.,   0.,   0.],
       device='cuda:0')
Task: 0,	 Epoch: 0/80,	 Avg.loss: 0.0009,	 Test Accuracy: 692/1000(69%)
Task: 0,	 Epoch: 1/80,	 Avg.loss: 0.0007,	 Test Accuracy: 754/1000(75%)
Task: 0,	 Epoch: 2/80,	 Avg.loss: 0.0007,	 Test Accuracy: 759/1000(76%)
Task: 0,	 Epoch: 3/80,	 Avg.loss: 0.0007,	 Test Accuracy: 761/1000(76%)
Task: 0,	 Epoch: 4/80,	 Avg.loss: 0.0006,	 Test Accuracy: 795/1000(80%)
