Layer        : conv1_layer.2.weight
R.histogram  : tensor([5., 5., 6., 5., 2., 1., 3., 2., 0., 3.], device='cuda:0')
R_sum max/min: 53.4/1.2
F.num_zeros  : 0/9216
W.num_zeros  : 0/9216
O.num_zeros  : 0/9216
Layer        : conv2_layer.2.weight
R.histogram  : tensor([11., 14.,  7.,  9.,  6.,  4.,  3.,  1.,  5.,  4.], device='cuda:0')
R_sum max/min: 58.4/0.0
F.num_zeros  : 4105/36864
W.num_zeros  : 0/36864
O.num_zeros  : 0/36864
Layer        : fc1_layer.1.weight
R.histogram  : tensor([296., 133.,  53.,  18.,   3.,   3.,   3.,   0.,   2.,   1.],
       device='cuda:0')
R_sum max/min: 652.7/0.0
F.num_zeros  : 919500/2097152
W.num_zeros  : 0/2097152
O.num_zeros  : 0/2097152
Mask histogram
conv1_layer.2.weight: 	 tensor([2048., 6144.,    0.,    0.,    0.,    0.,    0.,    0.,    0.,    0.,
           0.], device='cuda:0')
conv2_layer.2.weight: 	 tensor([2624., 1472.,    0.,    0.,    0.,    0.,    0.,    0.,    0.,    0.,
           0.], device='cuda:0')
fc1_layer.1.weight: 	 tensor([329., 183.,   0.,   0.,   0.,   0.,   0.,   0.,   0.,   0.,   0.],
       device='cuda:0')
Task: 0,	 Epoch: 0/80,	 Avg.loss: 0.0013,	 Test Accuracy: 570/1000(57%)
Task: 0,	 Epoch: 1/80,	 Avg.loss: 0.0010,	 Test Accuracy: 661/1000(66%)
Task: 0,	 Epoch: 2/80,	 Avg.loss: 0.0008,	 Test Accuracy: 718/1000(72%)
Task: 0,	 Epoch: 3/80,	 Avg.loss: 0.0009,	 Test Accuracy: 722/1000(72%)
Task: 0,	 Epoch: 4/80,	 Avg.loss: 0.0008,	 Test Accuracy: 732/1000(73%)
Task: 0,	 Epoch: 5/80,	 Avg.loss: 0.0007,	 Test Accuracy: 767/1000(77%)
Task: 0,	 Epoch: 6/80,	 Avg.loss: 0.0007,	 Test Accuracy: 745/1000(74%)
Task: 0,	 Epoch: 7/80,	 Avg.loss: 0.0007,	 Test Accuracy: 757/1000(76%)
Task: 0,	 Epoch: 8/80,	 Avg.loss: 0.0006,	 Test Accuracy: 788/1000(79%)
Task: 0,	 Epoch: 9/80,	 Avg.loss: 0.0007,	 Test Accuracy: 771/1000(77%)
Task: 0,	 Epoch: 10/80,	 Avg.loss: 0.0007,	 Test Accuracy: 788/1000(79%)
Task: 0,	 Epoch: 11/80,	 Avg.loss: 0.0007,	 Test Accuracy: 776/1000(78%)
Task: 0,	 Epoch: 12/80,	 Avg.loss: 0.0007,	 Test Accuracy: 776/1000(78%)
Task: 0,	 Epoch: 13/80,	 Avg.loss: 0.0006,	 Test Accuracy: 816/1000(82%)
Task: 0,	 Epoch: 14/80,	 Avg.loss: 0.0007,	 Test Accuracy: 785/1000(78%)
Task: 0,	 Epoch: 15/80,	 Avg.loss: 0.0006,	 Test Accuracy: 793/1000(79%)
Task: 0,	 Epoch: 16/80,	 Avg.loss: 0.0006,	 Test Accuracy: 817/1000(82%)
Task: 0,	 Epoch: 17/80,	 Avg.loss: 0.0006,	 Test Accuracy: 817/1000(82%)
Task: 0,	 Epoch: 18/80,	 Avg.loss: 0.0006,	 Test Accuracy: 813/1000(81%)
Task: 0,	 Epoch: 19/80,	 Avg.loss: 0.0007,	 Test Accuracy: 809/1000(81%)
Task: 0,	 Epoch: 20/80,	 Avg.loss: 0.0006,	 Test Accuracy: 824/1000(82%)
Task: 0,	 Epoch: 21/80,	 Avg.loss: 0.0006,	 Test Accuracy: 804/1000(80%)
Task: 0,	 Epoch: 22/80,	 Avg.loss: 0.0006,	 Test Accuracy: 826/1000(83%)
Task: 0,	 Epoch: 23/80,	 Avg.loss: 0.0006,	 Test Accuracy: 810/1000(81%)
Task: 0,	 Epoch: 24/80,	 Avg.loss: 0.0006,	 Test Accuracy: 824/1000(82%)
Task: 0,	 Epoch: 25/80,	 Avg.loss: 0.0006,	 Test Accuracy: 812/1000(81%)
Task: 0,	 Epoch: 26/80,	 Avg.loss: 0.0006,	 Test Accuracy: 827/1000(83%)
Task: 0,	 Epoch: 27/80,	 Avg.loss: 0.0006,	 Test Accuracy: 827/1000(83%)
Task: 0,	 Epoch: 28/80,	 Avg.loss: 0.0006,	 Test Accuracy: 835/1000(84%)
Task: 0,	 Epoch: 29/80,	 Avg.loss: 0.0006,	 Test Accuracy: 820/1000(82%)
Task: 0,	 Epoch: 30/80,	 Avg.loss: 0.0006,	 Test Accuracy: 818/1000(82%)
Task: 0,	 Epoch: 31/80,	 Avg.loss: 0.0006,	 Test Accuracy: 828/1000(83%)
Task: 0,	 Epoch: 32/80,	 Avg.loss: 0.0006,	 Test Accuracy: 810/1000(81%)
Task: 0,	 Epoch: 33/80,	 Avg.loss: 0.0006,	 Test Accuracy: 824/1000(82%)
Task: 0,	 Epoch: 34/80,	 Avg.loss: 0.0006,	 Test Accuracy: 826/1000(83%)
Task: 0,	 Epoch: 35/80,	 Avg.loss: 0.0006,	 Test Accuracy: 823/1000(82%)
Task: 0,	 Epoch: 36/80,	 Avg.loss: 0.0006,	 Test Accuracy: 828/1000(83%)
Task: 0,	 Epoch: 37/80,	 Avg.loss: 0.0006,	 Test Accuracy: 831/1000(83%)
Task: 0,	 Epoch: 38/80,	 Avg.loss: 0.0006,	 Test Accuracy: 838/1000(84%)
Task: 0,	 Epoch: 39/80,	 Avg.loss: 0.0007,	 Test Accuracy: 813/1000(81%)
Task: 0,	 Epoch: 40/80,	 Avg.loss: 0.0006,	 Test Accuracy: 832/1000(83%)
Task: 0,	 Epoch: 41/80,	 Avg.loss: 0.0006,	 Test Accuracy: 827/1000(83%)
Task: 0,	 Epoch: 42/80,	 Avg.loss: 0.0006,	 Test Accuracy: 828/1000(83%)
Task: 0,	 Epoch: 43/80,	 Avg.loss: 0.0006,	 Test Accuracy: 834/1000(83%)
Task: 0,	 Epoch: 44/80,	 Avg.loss: 0.0006,	 Test Accuracy: 828/1000(83%)
Task: 0,	 Epoch: 45/80,	 Avg.loss: 0.0006,	 Test Accuracy: 834/1000(83%)
Task: 0,	 Epoch: 46/80,	 Avg.loss: 0.0006,	 Test Accuracy: 838/1000(84%)
Task: 0,	 Epoch: 47/80,	 Avg.loss: 0.0006,	 Test Accuracy: 843/1000(84%)
Task: 0,	 Epoch: 48/80,	 Avg.loss: 0.0006,	 Test Accuracy: 843/1000(84%)
Task: 0,	 Epoch: 49/80,	 Avg.loss: 0.0006,	 Test Accuracy: 842/1000(84%)
Task: 0,	 Epoch: 50/80,	 Avg.loss: 0.0006,	 Test Accuracy: 843/1000(84%)
Task: 0,	 Epoch: 51/80,	 Avg.loss: 0.0006,	 Test Accuracy: 847/1000(85%)
Task: 0,	 Epoch: 52/80,	 Avg.loss: 0.0006,	 Test Accuracy: 844/1000(84%)
Task: 0,	 Epoch: 53/80,	 Avg.loss: 0.0006,	 Test Accuracy: 844/1000(84%)
Task: 0,	 Epoch: 54/80,	 Avg.loss: 0.0006,	 Test Accuracy: 843/1000(84%)
Task: 0,	 Epoch: 55/80,	 Avg.loss: 0.0006,	 Test Accuracy: 841/1000(84%)
Task: 0,	 Epoch: 56/80,	 Avg.loss: 0.0006,	 Test Accuracy: 846/1000(85%)
Task: 0,	 Epoch: 57/80,	 Avg.loss: 0.0006,	 Test Accuracy: 844/1000(84%)
Task: 0,	 Epoch: 58/80,	 Avg.loss: 0.0006,	 Test Accuracy: 847/1000(85%)
Task: 0,	 Epoch: 59/80,	 Avg.loss: 0.0006,	 Test Accuracy: 847/1000(85%)
Task: 0,	 Epoch: 60/80,	 Avg.loss: 0.0006,	 Test Accuracy: 847/1000(85%)
Task: 0,	 Epoch: 61/80,	 Avg.loss: 0.0006,	 Test Accuracy: 848/1000(85%)
Task: 0,	 Epoch: 62/80,	 Avg.loss: 0.0006,	 Test Accuracy: 842/1000(84%)
Task: 0,	 Epoch: 63/80,	 Avg.loss: 0.0006,	 Test Accuracy: 848/1000(85%)
Task: 0,	 Epoch: 64/80,	 Avg.loss: 0.0006,	 Test Accuracy: 844/1000(84%)
Task: 0,	 Epoch: 65/80,	 Avg.loss: 0.0006,	 Test Accuracy: 840/1000(84%)
Task: 0,	 Epoch: 66/80,	 Avg.loss: 0.0006,	 Test Accuracy: 848/1000(85%)
Task: 0,	 Epoch: 67/80,	 Avg.loss: 0.0006,	 Test Accuracy: 849/1000(85%)
Task: 0,	 Epoch: 68/80,	 Avg.loss: 0.0006,	 Test Accuracy: 847/1000(85%)
Task: 0,	 Epoch: 69/80,	 Avg.loss: 0.0006,	 Test Accuracy: 848/1000(85%)
Task: 0,	 Epoch: 70/80,	 Avg.loss: 0.0006,	 Test Accuracy: 847/1000(85%)
Task: 0,	 Epoch: 71/80,	 Avg.loss: 0.0006,	 Test Accuracy: 846/1000(85%)
Task: 0,	 Epoch: 72/80,	 Avg.loss: 0.0006,	 Test Accuracy: 853/1000(85%)
Task: 0,	 Epoch: 73/80,	 Avg.loss: 0.0006,	 Test Accuracy: 854/1000(85%)
Task: 0,	 Epoch: 74/80,	 Avg.loss: 0.0006,	 Test Accuracy: 852/1000(85%)
Task: 0,	 Epoch: 75/80,	 Avg.loss: 0.0006,	 Test Accuracy: 849/1000(85%)
Task: 0,	 Epoch: 76/80,	 Avg.loss: 0.0006,	 Test Accuracy: 851/1000(85%)
Task: 0,	 Epoch: 77/80,	 Avg.loss: 0.0006,	 Test Accuracy: 849/1000(85%)
Task: 0,	 Epoch: 78/80,	 Avg.loss: 0.0006,	 Test Accuracy: 845/1000(85%)
Task: 0,	 Epoch: 79/80,	 Avg.loss: 0.0006,	 Test Accuracy: 846/1000(85%)
Trained Task:0, Loaded task:0, Accuracy:84.6%
Trained Task:0, Avg. Accuracy: 84.6 

List of avg. accuracy: [84.6]
Layer        : conv1_layer.2.weight
R.histogram  : tensor([ 8., 10.,  5.,  3.,  1.,  2.,  0.,  0.,  0.,  3.], device='cuda:0')
R_sum max/min: 72.7/2.7
F.num_zeros  : 0/9216
W.num_zeros  : 0/9216
O.num_zeros  : 2304/9216
Layer        : conv2_layer.2.weight
R.histogram  : tensor([41.,  9.,  5.,  3.,  1.,  2.,  1.,  0.,  0.,  2.], device='cuda:0')
R_sum max/min: 140.9/0.0
F.num_zeros  : 3950/36864
W.num_zeros  : 0/36864
O.num_zeros  : 25344/36864
Layer        : fc1_layer.1.weight
R.histogram  : tensor([367.,  92.,  32.,  13.,   4.,   2.,   1.,   0.,   0.,   1.],
       device='cuda:0')
R_sum max/min: 589.9/0.0
F.num_zeros  : 909354/2097152
W.num_zeros  : 0/2097152
O.num_zeros  : 1892799/2097152
Mask histogram
conv1_layer.2.weight: 	 tensor([   0., 2816., 5376.,    0.,    0.,    0.,    0.,    0.,    0.,    0.,
           0.], device='cuda:0')
conv2_layer.2.weight: 	 tensor([2112.,  960., 1024.,    0.,    0.,    0.,    0.,    0.,    0.,    0.,
           0.], device='cuda:0')
fc1_layer.1.weight: 	 tensor([253., 137., 122.,   0.,   0.,   0.,   0.,   0.,   0.,   0.,   0.],
       device='cuda:0')
Task: 1,	 Epoch: 0/80,	 Avg.loss: 0.0012,	 Test Accuracy: 575/1000(58%)
Task: 1,	 Epoch: 1/80,	 Avg.loss: 0.0010,	 Test Accuracy: 623/1000(62%)
Task: 1,	 Epoch: 2/80,	 Avg.loss: 0.0010,	 Test Accuracy: 640/1000(64%)
Task: 1,	 Epoch: 3/80,	 Avg.loss: 0.0009,	 Test Accuracy: 680/1000(68%)
Task: 1,	 Epoch: 4/80,	 Avg.loss: 0.0009,	 Test Accuracy: 660/1000(66%)
Task: 1,	 Epoch: 5/80,	 Avg.loss: 0.0008,	 Test Accuracy: 704/1000(70%)
Task: 1,	 Epoch: 6/80,	 Avg.loss: 0.0009,	 Test Accuracy: 697/1000(70%)
Task: 1,	 Epoch: 7/80,	 Avg.loss: 0.0009,	 Test Accuracy: 691/1000(69%)
Task: 1,	 Epoch: 8/80,	 Avg.loss: 0.0008,	 Test Accuracy: 714/1000(71%)
Task: 1,	 Epoch: 9/80,	 Avg.loss: 0.0008,	 Test Accuracy: 727/1000(73%)
Task: 1,	 Epoch: 10/80,	 Avg.loss: 0.0008,	 Test Accuracy: 720/1000(72%)
Task: 1,	 Epoch: 11/80,	 Avg.loss: 0.0008,	 Test Accuracy: 724/1000(72%)
Task: 1,	 Epoch: 12/80,	 Avg.loss: 0.0007,	 Test Accuracy: 735/1000(74%)
Task: 1,	 Epoch: 13/80,	 Avg.loss: 0.0008,	 Test Accuracy: 730/1000(73%)
Task: 1,	 Epoch: 14/80,	 Avg.loss: 0.0008,	 Test Accuracy: 721/1000(72%)
Task: 1,	 Epoch: 15/80,	 Avg.loss: 0.0008,	 Test Accuracy: 733/1000(73%)
Task: 1,	 Epoch: 16/80,	 Avg.loss: 0.0008,	 Test Accuracy: 733/1000(73%)
Task: 1,	 Epoch: 17/80,	 Avg.loss: 0.0008,	 Test Accuracy: 734/1000(73%)
Task: 1,	 Epoch: 18/80,	 Avg.loss: 0.0007,	 Test Accuracy: 744/1000(74%)
Task: 1,	 Epoch: 19/80,	 Avg.loss: 0.0008,	 Test Accuracy: 730/1000(73%)
Task: 1,	 Epoch: 20/80,	 Avg.loss: 0.0008,	 Test Accuracy: 729/1000(73%)
Task: 1,	 Epoch: 21/80,	 Avg.loss: 0.0007,	 Test Accuracy: 743/1000(74%)
Task: 1,	 Epoch: 22/80,	 Avg.loss: 0.0008,	 Test Accuracy: 741/1000(74%)
Task: 1,	 Epoch: 23/80,	 Avg.loss: 0.0007,	 Test Accuracy: 754/1000(75%)
Task: 1,	 Epoch: 24/80,	 Avg.loss: 0.0008,	 Test Accuracy: 757/1000(76%)
Task: 1,	 Epoch: 25/80,	 Avg.loss: 0.0007,	 Test Accuracy: 756/1000(76%)
Task: 1,	 Epoch: 26/80,	 Avg.loss: 0.0008,	 Test Accuracy: 741/1000(74%)
Task: 1,	 Epoch: 27/80,	 Avg.loss: 0.0007,	 Test Accuracy: 751/1000(75%)
Task: 1,	 Epoch: 28/80,	 Avg.loss: 0.0007,	 Test Accuracy: 755/1000(76%)
Task: 1,	 Epoch: 29/80,	 Avg.loss: 0.0008,	 Test Accuracy: 755/1000(76%)
Task: 1,	 Epoch: 30/80,	 Avg.loss: 0.0008,	 Test Accuracy: 749/1000(75%)
Task: 1,	 Epoch: 31/80,	 Avg.loss: 0.0007,	 Test Accuracy: 752/1000(75%)
Task: 1,	 Epoch: 32/80,	 Avg.loss: 0.0008,	 Test Accuracy: 749/1000(75%)
Task: 1,	 Epoch: 33/80,	 Avg.loss: 0.0008,	 Test Accuracy: 746/1000(75%)
Task: 1,	 Epoch: 34/80,	 Avg.loss: 0.0008,	 Test Accuracy: 760/1000(76%)
Task: 1,	 Epoch: 35/80,	 Avg.loss: 0.0007,	 Test Accuracy: 758/1000(76%)
Task: 1,	 Epoch: 36/80,	 Avg.loss: 0.0008,	 Test Accuracy: 759/1000(76%)
Task: 1,	 Epoch: 37/80,	 Avg.loss: 0.0008,	 Test Accuracy: 749/1000(75%)
Task: 1,	 Epoch: 38/80,	 Avg.loss: 0.0007,	 Test Accuracy: 761/1000(76%)
Task: 1,	 Epoch: 39/80,	 Avg.loss: 0.0007,	 Test Accuracy: 762/1000(76%)
Task: 1,	 Epoch: 40/80,	 Avg.loss: 0.0007,	 Test Accuracy: 756/1000(76%)
Task: 1,	 Epoch: 41/80,	 Avg.loss: 0.0007,	 Test Accuracy: 757/1000(76%)
Task: 1,	 Epoch: 42/80,	 Avg.loss: 0.0007,	 Test Accuracy: 767/1000(77%)
Task: 1,	 Epoch: 43/80,	 Avg.loss: 0.0008,	 Test Accuracy: 768/1000(77%)
Task: 1,	 Epoch: 44/80,	 Avg.loss: 0.0007,	 Test Accuracy: 767/1000(77%)
Task: 1,	 Epoch: 45/80,	 Avg.loss: 0.0008,	 Test Accuracy: 755/1000(76%)
Task: 1,	 Epoch: 46/80,	 Avg.loss: 0.0008,	 Test Accuracy: 759/1000(76%)
Task: 1,	 Epoch: 47/80,	 Avg.loss: 0.0008,	 Test Accuracy: 749/1000(75%)
Task: 1,	 Epoch: 48/80,	 Avg.loss: 0.0008,	 Test Accuracy: 759/1000(76%)
Task: 1,	 Epoch: 49/80,	 Avg.loss: 0.0008,	 Test Accuracy: 734/1000(73%)
Task: 1,	 Epoch: 50/80,	 Avg.loss: 0.0007,	 Test Accuracy: 763/1000(76%)
Task: 1,	 Epoch: 51/80,	 Avg.loss: 0.0007,	 Test Accuracy: 765/1000(76%)
Task: 1,	 Epoch: 52/80,	 Avg.loss: 0.0007,	 Test Accuracy: 766/1000(77%)
Task: 1,	 Epoch: 53/80,	 Avg.loss: 0.0007,	 Test Accuracy: 764/1000(76%)
Task: 1,	 Epoch: 54/80,	 Avg.loss: 0.0007,	 Test Accuracy: 770/1000(77%)
Task: 1,	 Epoch: 55/80,	 Avg.loss: 0.0007,	 Test Accuracy: 770/1000(77%)
Task: 1,	 Epoch: 56/80,	 Avg.loss: 0.0007,	 Test Accuracy: 772/1000(77%)
Task: 1,	 Epoch: 57/80,	 Avg.loss: 0.0007,	 Test Accuracy: 766/1000(77%)
Task: 1,	 Epoch: 58/80,	 Avg.loss: 0.0007,	 Test Accuracy: 767/1000(77%)
Task: 1,	 Epoch: 59/80,	 Avg.loss: 0.0007,	 Test Accuracy: 772/1000(77%)
Task: 1,	 Epoch: 60/80,	 Avg.loss: 0.0007,	 Test Accuracy: 768/1000(77%)
Task: 1,	 Epoch: 61/80,	 Avg.loss: 0.0007,	 Test Accuracy: 769/1000(77%)
Task: 1,	 Epoch: 62/80,	 Avg.loss: 0.0007,	 Test Accuracy: 773/1000(77%)
Task: 1,	 Epoch: 63/80,	 Avg.loss: 0.0007,	 Test Accuracy: 764/1000(76%)
Task: 1,	 Epoch: 64/80,	 Avg.loss: 0.0007,	 Test Accuracy: 768/1000(77%)
Task: 1,	 Epoch: 65/80,	 Avg.loss: 0.0007,	 Test Accuracy: 768/1000(77%)
Task: 1,	 Epoch: 66/80,	 Avg.loss: 0.0007,	 Test Accuracy: 769/1000(77%)
Task: 1,	 Epoch: 67/80,	 Avg.loss: 0.0007,	 Test Accuracy: 769/1000(77%)
Task: 1,	 Epoch: 68/80,	 Avg.loss: 0.0007,	 Test Accuracy: 772/1000(77%)
Task: 1,	 Epoch: 69/80,	 Avg.loss: 0.0007,	 Test Accuracy: 769/1000(77%)
Task: 1,	 Epoch: 70/80,	 Avg.loss: 0.0007,	 Test Accuracy: 771/1000(77%)
Task: 1,	 Epoch: 71/80,	 Avg.loss: 0.0007,	 Test Accuracy: 765/1000(76%)
Task: 1,	 Epoch: 72/80,	 Avg.loss: 0.0007,	 Test Accuracy: 765/1000(76%)
Task: 1,	 Epoch: 73/80,	 Avg.loss: 0.0007,	 Test Accuracy: 768/1000(77%)
Task: 1,	 Epoch: 74/80,	 Avg.loss: 0.0007,	 Test Accuracy: 763/1000(76%)
Task: 1,	 Epoch: 75/80,	 Avg.loss: 0.0007,	 Test Accuracy: 764/1000(76%)
Task: 1,	 Epoch: 76/80,	 Avg.loss: 0.0007,	 Test Accuracy: 769/1000(77%)
Task: 1,	 Epoch: 77/80,	 Avg.loss: 0.0007,	 Test Accuracy: 771/1000(77%)
Task: 1,	 Epoch: 78/80,	 Avg.loss: 0.0007,	 Test Accuracy: 765/1000(76%)
Task: 1,	 Epoch: 79/80,	 Avg.loss: 0.0007,	 Test Accuracy: 765/1000(76%)
Trained Task:1, Loaded task:0, Accuracy:84.4%
Trained Task:1, Loaded task:1, Accuracy:76.5%
Trained Task:1, Avg. Accuracy: 80.5 

List of avg. accuracy: [84.6, 80.5]
Layer        : conv1_layer.2.weight
R.histogram  : tensor([12.,  7.,  3.,  5.,  1.,  1.,  1.,  1.,  0.,  1.], device='cuda:0')
R_sum max/min: 77.8/2.9
F.num_zeros  : 0/9216
W.num_zeros  : 0/9216
O.num_zeros  : 0/9216
Layer        : conv2_layer.2.weight
R.histogram  : tensor([45.,  9.,  5.,  2.,  1.,  1.,  0.,  0.,  0.,  1.], device='cuda:0')
R_sum max/min: 118.7/0.0
F.num_zeros  : 3968/36864
W.num_zeros  : 0/36864
O.num_zeros  : 21312/36864
Layer        : fc1_layer.1.weight
R.histogram  : tensor([378.,  76.,  31.,  12.,   4.,   5.,   3.,   2.,   0.,   1.],
       device='cuda:0')
R_sum max/min: 405.9/0.0
F.num_zeros  : 901376/2097152
W.num_zeros  : 0/2097152
O.num_zeros  : 1771647/2097152
Mask histogram
conv1_layer.2.weight: 	 tensor([   0.,  512., 3072., 4608.,    0.,    0.,    0.,    0.,    0.,    0.,
           0.], device='cuda:0')
conv2_layer.2.weight: 	 tensor([1664.,  768., 1152.,  512.,    0.,    0.,    0.,    0.,    0.,    0.,
           0.], device='cuda:0')
fc1_layer.1.weight: 	 tensor([193., 140.,  95.,  84.,   0.,   0.,   0.,   0.,   0.,   0.,   0.],
       device='cuda:0')
Task: 2,	 Epoch: 0/80,	 Avg.loss: 0.0011,	 Test Accuracy: 652/1000(65%)
Task: 2,	 Epoch: 1/80,	 Avg.loss: 0.0010,	 Test Accuracy: 687/1000(69%)
Task: 2,	 Epoch: 2/80,	 Avg.loss: 0.0009,	 Test Accuracy: 706/1000(71%)
Task: 2,	 Epoch: 3/80,	 Avg.loss: 0.0010,	 Test Accuracy: 702/1000(70%)
Task: 2,	 Epoch: 4/80,	 Avg.loss: 0.0009,	 Test Accuracy: 740/1000(74%)
Task: 2,	 Epoch: 5/80,	 Avg.loss: 0.0008,	 Test Accuracy: 757/1000(76%)
Task: 2,	 Epoch: 6/80,	 Avg.loss: 0.0008,	 Test Accuracy: 742/1000(74%)
Task: 2,	 Epoch: 7/80,	 Avg.loss: 0.0008,	 Test Accuracy: 745/1000(74%)
Task: 2,	 Epoch: 8/80,	 Avg.loss: 0.0008,	 Test Accuracy: 748/1000(75%)
Task: 2,	 Epoch: 9/80,	 Avg.loss: 0.0008,	 Test Accuracy: 762/1000(76%)
Task: 2,	 Epoch: 10/80,	 Avg.loss: 0.0008,	 Test Accuracy: 767/1000(77%)
Task: 2,	 Epoch: 11/80,	 Avg.loss: 0.0008,	 Test Accuracy: 754/1000(75%)
Task: 2,	 Epoch: 12/80,	 Avg.loss: 0.0008,	 Test Accuracy: 764/1000(76%)
Task: 2,	 Epoch: 13/80,	 Avg.loss: 0.0008,	 Test Accuracy: 754/1000(75%)
Task: 2,	 Epoch: 14/80,	 Avg.loss: 0.0008,	 Test Accuracy: 767/1000(77%)
Task: 2,	 Epoch: 15/80,	 Avg.loss: 0.0008,	 Test Accuracy: 746/1000(75%)
Task: 2,	 Epoch: 16/80,	 Avg.loss: 0.0007,	 Test Accuracy: 771/1000(77%)
Task: 2,	 Epoch: 17/80,	 Avg.loss: 0.0008,	 Test Accuracy: 767/1000(77%)
Task: 2,	 Epoch: 18/80,	 Avg.loss: 0.0007,	 Test Accuracy: 775/1000(78%)
Task: 2,	 Epoch: 19/80,	 Avg.loss: 0.0007,	 Test Accuracy: 780/1000(78%)
Task: 2,	 Epoch: 20/80,	 Avg.loss: 0.0007,	 Test Accuracy: 781/1000(78%)
Task: 2,	 Epoch: 21/80,	 Avg.loss: 0.0007,	 Test Accuracy: 777/1000(78%)
Task: 2,	 Epoch: 22/80,	 Avg.loss: 0.0007,	 Test Accuracy: 758/1000(76%)
Task: 2,	 Epoch: 23/80,	 Avg.loss: 0.0007,	 Test Accuracy: 774/1000(77%)
Task: 2,	 Epoch: 24/80,	 Avg.loss: 0.0007,	 Test Accuracy: 793/1000(79%)
Task: 2,	 Epoch: 25/80,	 Avg.loss: 0.0007,	 Test Accuracy: 780/1000(78%)
Task: 2,	 Epoch: 26/80,	 Avg.loss: 0.0007,	 Test Accuracy: 783/1000(78%)
Task: 2,	 Epoch: 27/80,	 Avg.loss: 0.0007,	 Test Accuracy: 782/1000(78%)
Task: 2,	 Epoch: 28/80,	 Avg.loss: 0.0007,	 Test Accuracy: 786/1000(79%)
Task: 2,	 Epoch: 29/80,	 Avg.loss: 0.0007,	 Test Accuracy: 781/1000(78%)
Task: 2,	 Epoch: 30/80,	 Avg.loss: 0.0007,	 Test Accuracy: 784/1000(78%)
Task: 2,	 Epoch: 31/80,	 Avg.loss: 0.0007,	 Test Accuracy: 792/1000(79%)
Task: 2,	 Epoch: 32/80,	 Avg.loss: 0.0007,	 Test Accuracy: 792/1000(79%)
Task: 2,	 Epoch: 33/80,	 Avg.loss: 0.0007,	 Test Accuracy: 792/1000(79%)
Task: 2,	 Epoch: 34/80,	 Avg.loss: 0.0007,	 Test Accuracy: 789/1000(79%)
Task: 2,	 Epoch: 35/80,	 Avg.loss: 0.0007,	 Test Accuracy: 777/1000(78%)
Task: 2,	 Epoch: 36/80,	 Avg.loss: 0.0007,	 Test Accuracy: 788/1000(79%)
Task: 2,	 Epoch: 37/80,	 Avg.loss: 0.0007,	 Test Accuracy: 791/1000(79%)
Task: 2,	 Epoch: 38/80,	 Avg.loss: 0.0007,	 Test Accuracy: 794/1000(79%)
Task: 2,	 Epoch: 39/80,	 Avg.loss: 0.0007,	 Test Accuracy: 794/1000(79%)
Task: 2,	 Epoch: 40/80,	 Avg.loss: 0.0007,	 Test Accuracy: 800/1000(80%)
Task: 2,	 Epoch: 41/80,	 Avg.loss: 0.0007,	 Test Accuracy: 809/1000(81%)
Task: 2,	 Epoch: 42/80,	 Avg.loss: 0.0007,	 Test Accuracy: 788/1000(79%)
Task: 2,	 Epoch: 43/80,	 Avg.loss: 0.0007,	 Test Accuracy: 796/1000(80%)
Task: 2,	 Epoch: 44/80,	 Avg.loss: 0.0007,	 Test Accuracy: 799/1000(80%)
Task: 2,	 Epoch: 45/80,	 Avg.loss: 0.0008,	 Test Accuracy: 796/1000(80%)
Task: 2,	 Epoch: 46/80,	 Avg.loss: 0.0007,	 Test Accuracy: 810/1000(81%)
Task: 2,	 Epoch: 47/80,	 Avg.loss: 0.0007,	 Test Accuracy: 804/1000(80%)
Task: 2,	 Epoch: 48/80,	 Avg.loss: 0.0007,	 Test Accuracy: 803/1000(80%)
Task: 2,	 Epoch: 49/80,	 Avg.loss: 0.0006,	 Test Accuracy: 797/1000(80%)
Task: 2,	 Epoch: 50/80,	 Avg.loss: 0.0006,	 Test Accuracy: 809/1000(81%)
Task: 2,	 Epoch: 51/80,	 Avg.loss: 0.0006,	 Test Accuracy: 809/1000(81%)
Task: 2,	 Epoch: 52/80,	 Avg.loss: 0.0006,	 Test Accuracy: 801/1000(80%)
Task: 2,	 Epoch: 53/80,	 Avg.loss: 0.0006,	 Test Accuracy: 809/1000(81%)
Task: 2,	 Epoch: 54/80,	 Avg.loss: 0.0006,	 Test Accuracy: 807/1000(81%)
Task: 2,	 Epoch: 55/80,	 Avg.loss: 0.0006,	 Test Accuracy: 812/1000(81%)
Task: 2,	 Epoch: 56/80,	 Avg.loss: 0.0006,	 Test Accuracy: 809/1000(81%)
Task: 2,	 Epoch: 57/80,	 Avg.loss: 0.0006,	 Test Accuracy: 808/1000(81%)
Task: 2,	 Epoch: 58/80,	 Avg.loss: 0.0007,	 Test Accuracy: 811/1000(81%)
Task: 2,	 Epoch: 59/80,	 Avg.loss: 0.0006,	 Test Accuracy: 807/1000(81%)
Task: 2,	 Epoch: 60/80,	 Avg.loss: 0.0006,	 Test Accuracy: 808/1000(81%)
Task: 2,	 Epoch: 61/80,	 Avg.loss: 0.0007,	 Test Accuracy: 810/1000(81%)
Task: 2,	 Epoch: 62/80,	 Avg.loss: 0.0006,	 Test Accuracy: 810/1000(81%)
Task: 2,	 Epoch: 63/80,	 Avg.loss: 0.0006,	 Test Accuracy: 808/1000(81%)
Task: 2,	 Epoch: 64/80,	 Avg.loss: 0.0006,	 Test Accuracy: 812/1000(81%)
Task: 2,	 Epoch: 65/80,	 Avg.loss: 0.0006,	 Test Accuracy: 810/1000(81%)
Task: 2,	 Epoch: 66/80,	 Avg.loss: 0.0006,	 Test Accuracy: 811/1000(81%)
Task: 2,	 Epoch: 67/80,	 Avg.loss: 0.0006,	 Test Accuracy: 816/1000(82%)
Task: 2,	 Epoch: 68/80,	 Avg.loss: 0.0006,	 Test Accuracy: 811/1000(81%)
Task: 2,	 Epoch: 69/80,	 Avg.loss: 0.0007,	 Test Accuracy: 809/1000(81%)
Task: 2,	 Epoch: 70/80,	 Avg.loss: 0.0006,	 Test Accuracy: 815/1000(82%)
Task: 2,	 Epoch: 71/80,	 Avg.loss: 0.0006,	 Test Accuracy: 805/1000(81%)
Task: 2,	 Epoch: 72/80,	 Avg.loss: 0.0006,	 Test Accuracy: 809/1000(81%)
Task: 2,	 Epoch: 73/80,	 Avg.loss: 0.0007,	 Test Accuracy: 806/1000(81%)
Task: 2,	 Epoch: 74/80,	 Avg.loss: 0.0006,	 Test Accuracy: 804/1000(80%)
Task: 2,	 Epoch: 75/80,	 Avg.loss: 0.0006,	 Test Accuracy: 807/1000(81%)
Task: 2,	 Epoch: 76/80,	 Avg.loss: 0.0007,	 Test Accuracy: 808/1000(81%)
Task: 2,	 Epoch: 77/80,	 Avg.loss: 0.0006,	 Test Accuracy: 811/1000(81%)
Task: 2,	 Epoch: 78/80,	 Avg.loss: 0.0007,	 Test Accuracy: 810/1000(81%)
Task: 2,	 Epoch: 79/80,	 Avg.loss: 0.0006,	 Test Accuracy: 815/1000(82%)
Trained Task:2, Loaded task:0, Accuracy:85.0%
Trained Task:2, Loaded task:1, Accuracy:76.0%
Trained Task:2, Loaded task:2, Accuracy:81.5%
Trained Task:2, Avg. Accuracy: 80.8 

List of avg. accuracy: [84.6, 80.5, 80.8]
Layer        : conv1_layer.2.weight
R.histogram  : tensor([8., 3., 5., 5., 4., 2., 2., 1., 0., 2.], device='cuda:0')
R_sum max/min: 70.4/2.9
F.num_zeros  : 0/9216
W.num_zeros  : 0/9216
O.num_zeros  : 0/9216
Layer        : conv2_layer.2.weight
R.histogram  : tensor([24., 11.,  7.,  8.,  5.,  5.,  2.,  1.,  0.,  1.], device='cuda:0')
R_sum max/min: 111.7/0.0
F.num_zeros  : 3457/36864
W.num_zeros  : 0/36864
O.num_zeros  : 17856/36864
Layer        : fc1_layer.1.weight
R.histogram  : tensor([413.,  59.,  22.,   8.,   3.,   3.,   1.,   1.,   1.,   1.],
       device='cuda:0')
R_sum max/min: 647.4/0.0
F.num_zeros  : 878463/2097152
W.num_zeros  : 0/2097152
O.num_zeros  : 1675056/2097152
Mask histogram
conv1_layer.2.weight: 	 tensor([   0.,  256.,  512., 3328., 4096.,    0.,    0.,    0.,    0.,    0.,
           0.], device='cuda:0')
conv2_layer.2.weight: 	 tensor([1344.,  640., 1216.,  448.,  448.,    0.,    0.,    0.,    0.,    0.,
           0.], device='cuda:0')
fc1_layer.1.weight: 	 tensor([170., 111.,  93.,  66.,  72.,   0.,   0.,   0.,   0.,   0.,   0.],
       device='cuda:0')
Task: 3,	 Epoch: 0/80,	 Avg.loss: 0.0013,	 Test Accuracy: 546/1000(55%)
Task: 3,	 Epoch: 1/80,	 Avg.loss: 0.0011,	 Test Accuracy: 609/1000(61%)
Task: 3,	 Epoch: 2/80,	 Avg.loss: 0.0010,	 Test Accuracy: 613/1000(61%)
Task: 3,	 Epoch: 3/80,	 Avg.loss: 0.0010,	 Test Accuracy: 672/1000(67%)
Task: 3,	 Epoch: 4/80,	 Avg.loss: 0.0010,	 Test Accuracy: 669/1000(67%)
Task: 3,	 Epoch: 5/80,	 Avg.loss: 0.0009,	 Test Accuracy: 678/1000(68%)
Task: 3,	 Epoch: 6/80,	 Avg.loss: 0.0009,	 Test Accuracy: 673/1000(67%)
Task: 3,	 Epoch: 7/80,	 Avg.loss: 0.0009,	 Test Accuracy: 691/1000(69%)
Task: 3,	 Epoch: 8/80,	 Avg.loss: 0.0009,	 Test Accuracy: 680/1000(68%)
Task: 3,	 Epoch: 9/80,	 Avg.loss: 0.0009,	 Test Accuracy: 714/1000(71%)
Task: 3,	 Epoch: 10/80,	 Avg.loss: 0.0009,	 Test Accuracy: 699/1000(70%)
Task: 3,	 Epoch: 11/80,	 Avg.loss: 0.0008,	 Test Accuracy: 727/1000(73%)
Task: 3,	 Epoch: 12/80,	 Avg.loss: 0.0009,	 Test Accuracy: 691/1000(69%)
Task: 3,	 Epoch: 13/80,	 Avg.loss: 0.0009,	 Test Accuracy: 705/1000(70%)
Task: 3,	 Epoch: 14/80,	 Avg.loss: 0.0009,	 Test Accuracy: 700/1000(70%)
Task: 3,	 Epoch: 15/80,	 Avg.loss: 0.0009,	 Test Accuracy: 711/1000(71%)
Task: 3,	 Epoch: 16/80,	 Avg.loss: 0.0008,	 Test Accuracy: 728/1000(73%)
Task: 3,	 Epoch: 17/80,	 Avg.loss: 0.0008,	 Test Accuracy: 731/1000(73%)
Task: 3,	 Epoch: 18/80,	 Avg.loss: 0.0008,	 Test Accuracy: 735/1000(74%)
Task: 3,	 Epoch: 19/80,	 Avg.loss: 0.0008,	 Test Accuracy: 720/1000(72%)
Task: 3,	 Epoch: 20/80,	 Avg.loss: 0.0008,	 Test Accuracy: 717/1000(72%)
Task: 3,	 Epoch: 21/80,	 Avg.loss: 0.0009,	 Test Accuracy: 705/1000(70%)
Task: 3,	 Epoch: 22/80,	 Avg.loss: 0.0008,	 Test Accuracy: 734/1000(73%)
Task: 3,	 Epoch: 23/80,	 Avg.loss: 0.0008,	 Test Accuracy: 721/1000(72%)
Task: 3,	 Epoch: 24/80,	 Avg.loss: 0.0008,	 Test Accuracy: 747/1000(75%)
Task: 3,	 Epoch: 25/80,	 Avg.loss: 0.0008,	 Test Accuracy: 717/1000(72%)
Task: 3,	 Epoch: 26/80,	 Avg.loss: 0.0008,	 Test Accuracy: 725/1000(72%)
Task: 3,	 Epoch: 27/80,	 Avg.loss: 0.0008,	 Test Accuracy: 732/1000(73%)
Task: 3,	 Epoch: 28/80,	 Avg.loss: 0.0008,	 Test Accuracy: 735/1000(74%)
Task: 3,	 Epoch: 29/80,	 Avg.loss: 0.0008,	 Test Accuracy: 733/1000(73%)
Task: 3,	 Epoch: 30/80,	 Avg.loss: 0.0008,	 Test Accuracy: 735/1000(74%)
Task: 3,	 Epoch: 31/80,	 Avg.loss: 0.0008,	 Test Accuracy: 742/1000(74%)
Task: 3,	 Epoch: 32/80,	 Avg.loss: 0.0008,	 Test Accuracy: 717/1000(72%)
Task: 3,	 Epoch: 33/80,	 Avg.loss: 0.0008,	 Test Accuracy: 739/1000(74%)
Task: 3,	 Epoch: 34/80,	 Avg.loss: 0.0008,	 Test Accuracy: 735/1000(74%)
Task: 3,	 Epoch: 35/80,	 Avg.loss: 0.0008,	 Test Accuracy: 753/1000(75%)
Task: 3,	 Epoch: 36/80,	 Avg.loss: 0.0008,	 Test Accuracy: 733/1000(73%)
Task: 3,	 Epoch: 37/80,	 Avg.loss: 0.0008,	 Test Accuracy: 752/1000(75%)
Task: 3,	 Epoch: 38/80,	 Avg.loss: 0.0008,	 Test Accuracy: 743/1000(74%)
Task: 3,	 Epoch: 39/80,	 Avg.loss: 0.0008,	 Test Accuracy: 718/1000(72%)
Task: 3,	 Epoch: 40/80,	 Avg.loss: 0.0008,	 Test Accuracy: 725/1000(72%)
Task: 3,	 Epoch: 41/80,	 Avg.loss: 0.0008,	 Test Accuracy: 736/1000(74%)
Task: 3,	 Epoch: 42/80,	 Avg.loss: 0.0008,	 Test Accuracy: 745/1000(74%)
Task: 3,	 Epoch: 43/80,	 Avg.loss: 0.0008,	 Test Accuracy: 730/1000(73%)
Task: 3,	 Epoch: 44/80,	 Avg.loss: 0.0008,	 Test Accuracy: 749/1000(75%)
Task: 3,	 Epoch: 45/80,	 Avg.loss: 0.0008,	 Test Accuracy: 731/1000(73%)
Task: 3,	 Epoch: 46/80,	 Avg.loss: 0.0008,	 Test Accuracy: 749/1000(75%)
Task: 3,	 Epoch: 47/80,	 Avg.loss: 0.0008,	 Test Accuracy: 725/1000(72%)
Task: 3,	 Epoch: 48/80,	 Avg.loss: 0.0008,	 Test Accuracy: 728/1000(73%)
Task: 3,	 Epoch: 49/80,	 Avg.loss: 0.0008,	 Test Accuracy: 761/1000(76%)
Task: 3,	 Epoch: 50/80,	 Avg.loss: 0.0007,	 Test Accuracy: 760/1000(76%)
Task: 3,	 Epoch: 51/80,	 Avg.loss: 0.0007,	 Test Accuracy: 759/1000(76%)
Task: 3,	 Epoch: 52/80,	 Avg.loss: 0.0007,	 Test Accuracy: 763/1000(76%)
Task: 3,	 Epoch: 53/80,	 Avg.loss: 0.0007,	 Test Accuracy: 759/1000(76%)
Task: 3,	 Epoch: 54/80,	 Avg.loss: 0.0007,	 Test Accuracy: 755/1000(76%)
Task: 3,	 Epoch: 55/80,	 Avg.loss: 0.0007,	 Test Accuracy: 769/1000(77%)
Task: 3,	 Epoch: 56/80,	 Avg.loss: 0.0007,	 Test Accuracy: 760/1000(76%)
Task: 3,	 Epoch: 57/80,	 Avg.loss: 0.0007,	 Test Accuracy: 769/1000(77%)
Task: 3,	 Epoch: 58/80,	 Avg.loss: 0.0007,	 Test Accuracy: 764/1000(76%)
Task: 3,	 Epoch: 59/80,	 Avg.loss: 0.0007,	 Test Accuracy: 765/1000(76%)
Task: 3,	 Epoch: 60/80,	 Avg.loss: 0.0007,	 Test Accuracy: 762/1000(76%)
Task: 3,	 Epoch: 61/80,	 Avg.loss: 0.0007,	 Test Accuracy: 758/1000(76%)
Task: 3,	 Epoch: 62/80,	 Avg.loss: 0.0007,	 Test Accuracy: 763/1000(76%)
Task: 3,	 Epoch: 63/80,	 Avg.loss: 0.0007,	 Test Accuracy: 766/1000(77%)
Task: 3,	 Epoch: 64/80,	 Avg.loss: 0.0007,	 Test Accuracy: 762/1000(76%)
Task: 3,	 Epoch: 65/80,	 Avg.loss: 0.0007,	 Test Accuracy: 763/1000(76%)
Task: 3,	 Epoch: 66/80,	 Avg.loss: 0.0007,	 Test Accuracy: 761/1000(76%)
Task: 3,	 Epoch: 67/80,	 Avg.loss: 0.0007,	 Test Accuracy: 765/1000(76%)
Task: 3,	 Epoch: 68/80,	 Avg.loss: 0.0007,	 Test Accuracy: 767/1000(77%)
Task: 3,	 Epoch: 69/80,	 Avg.loss: 0.0007,	 Test Accuracy: 771/1000(77%)
Task: 3,	 Epoch: 70/80,	 Avg.loss: 0.0007,	 Test Accuracy: 767/1000(77%)
Task: 3,	 Epoch: 71/80,	 Avg.loss: 0.0007,	 Test Accuracy: 765/1000(76%)
Task: 3,	 Epoch: 72/80,	 Avg.loss: 0.0007,	 Test Accuracy: 764/1000(76%)
Task: 3,	 Epoch: 73/80,	 Avg.loss: 0.0007,	 Test Accuracy: 767/1000(77%)
Task: 3,	 Epoch: 74/80,	 Avg.loss: 0.0007,	 Test Accuracy: 766/1000(77%)
Task: 3,	 Epoch: 75/80,	 Avg.loss: 0.0007,	 Test Accuracy: 763/1000(76%)
Task: 3,	 Epoch: 76/80,	 Avg.loss: 0.0007,	 Test Accuracy: 769/1000(77%)
Task: 3,	 Epoch: 77/80,	 Avg.loss: 0.0007,	 Test Accuracy: 773/1000(77%)
Task: 3,	 Epoch: 78/80,	 Avg.loss: 0.0007,	 Test Accuracy: 765/1000(76%)
Task: 3,	 Epoch: 79/80,	 Avg.loss: 0.0007,	 Test Accuracy: 765/1000(76%)
Trained Task:3, Loaded task:0, Accuracy:84.3%
Trained Task:3, Loaded task:1, Accuracy:75.9%
Trained Task:3, Loaded task:2, Accuracy:81.6%
Trained Task:3, Loaded task:3, Accuracy:76.5%
Trained Task:3, Avg. Accuracy: 79.6 

List of avg. accuracy: [84.6, 80.5, 80.8, 79.6]
Layer        : conv1_layer.2.weight
R.histogram  : tensor([9., 8., 5., 4., 2., 1., 1., 0., 0., 2.], device='cuda:0')
R_sum max/min: 54.5/2.3
F.num_zeros  : 0/9216
W.num_zeros  : 0/9216
O.num_zeros  : 0/9216
Layer        : conv2_layer.2.weight
R.histogram  : tensor([18., 13.,  7., 11.,  5.,  4.,  2.,  1.,  1.,  2.], device='cuda:0')
R_sum max/min: 97.1/0.0
F.num_zeros  : 3456/36864
W.num_zeros  : 0/36864
O.num_zeros  : 15552/36864
Layer        : fc1_layer.1.weight
R.histogram  : tensor([419.,  49.,  23.,  12.,   2.,   1.,   5.,   0.,   0.,   1.],
       device='cuda:0')
R_sum max/min: 705.0/0.0
F.num_zeros  : 883340/2097152
W.num_zeros  : 0/2097152
O.num_zeros  : 1610644/2097152
Mask histogram
conv1_layer.2.weight: 	 tensor([   0.,    0.,  512.,  768., 3072., 3840.,    0.,    0.,    0.,    0.,
           0.], device='cuda:0')
conv2_layer.2.weight: 	 tensor([1088.,  576., 1088.,  768.,  128.,  448.,    0.,    0.,    0.,    0.,
           0.], device='cuda:0')
fc1_layer.1.weight: 	 tensor([152., 106.,  65.,  66.,  63.,  60.,   0.,   0.,   0.,   0.,   0.],
       device='cuda:0')
Task: 4,	 Epoch: 0/80,	 Avg.loss: 0.0012,	 Test Accuracy: 615/1000(62%)
Task: 4,	 Epoch: 1/80,	 Avg.loss: 0.0010,	 Test Accuracy: 688/1000(69%)
Task: 4,	 Epoch: 2/80,	 Avg.loss: 0.0010,	 Test Accuracy: 677/1000(68%)
Task: 4,	 Epoch: 3/80,	 Avg.loss: 0.0009,	 Test Accuracy: 688/1000(69%)
Task: 4,	 Epoch: 4/80,	 Avg.loss: 0.0009,	 Test Accuracy: 700/1000(70%)
Task: 4,	 Epoch: 5/80,	 Avg.loss: 0.0009,	 Test Accuracy: 709/1000(71%)
Task: 4,	 Epoch: 6/80,	 Avg.loss: 0.0008,	 Test Accuracy: 705/1000(70%)
Task: 4,	 Epoch: 7/80,	 Avg.loss: 0.0008,	 Test Accuracy: 729/1000(73%)
Task: 4,	 Epoch: 8/80,	 Avg.loss: 0.0009,	 Test Accuracy: 705/1000(70%)
Task: 4,	 Epoch: 9/80,	 Avg.loss: 0.0008,	 Test Accuracy: 735/1000(74%)
Task: 4,	 Epoch: 10/80,	 Avg.loss: 0.0008,	 Test Accuracy: 738/1000(74%)
Task: 4,	 Epoch: 11/80,	 Avg.loss: 0.0008,	 Test Accuracy: 724/1000(72%)
Task: 4,	 Epoch: 12/80,	 Avg.loss: 0.0008,	 Test Accuracy: 729/1000(73%)
Task: 4,	 Epoch: 13/80,	 Avg.loss: 0.0007,	 Test Accuracy: 752/1000(75%)
Task: 4,	 Epoch: 14/80,	 Avg.loss: 0.0008,	 Test Accuracy: 754/1000(75%)
Task: 4,	 Epoch: 15/80,	 Avg.loss: 0.0009,	 Test Accuracy: 698/1000(70%)
Task: 4,	 Epoch: 16/80,	 Avg.loss: 0.0007,	 Test Accuracy: 749/1000(75%)
Task: 4,	 Epoch: 17/80,	 Avg.loss: 0.0008,	 Test Accuracy: 732/1000(73%)
Task: 4,	 Epoch: 18/80,	 Avg.loss: 0.0007,	 Test Accuracy: 760/1000(76%)
Task: 4,	 Epoch: 19/80,	 Avg.loss: 0.0008,	 Test Accuracy: 754/1000(75%)
Task: 4,	 Epoch: 20/80,	 Avg.loss: 0.0009,	 Test Accuracy: 716/1000(72%)
Task: 4,	 Epoch: 21/80,	 Avg.loss: 0.0008,	 Test Accuracy: 748/1000(75%)
Task: 4,	 Epoch: 22/80,	 Avg.loss: 0.0007,	 Test Accuracy: 751/1000(75%)
Task: 4,	 Epoch: 23/80,	 Avg.loss: 0.0008,	 Test Accuracy: 749/1000(75%)
Task: 4,	 Epoch: 24/80,	 Avg.loss: 0.0008,	 Test Accuracy: 747/1000(75%)
Task: 4,	 Epoch: 25/80,	 Avg.loss: 0.0008,	 Test Accuracy: 729/1000(73%)
Task: 4,	 Epoch: 26/80,	 Avg.loss: 0.0008,	 Test Accuracy: 749/1000(75%)
Task: 4,	 Epoch: 27/80,	 Avg.loss: 0.0007,	 Test Accuracy: 755/1000(76%)
Task: 4,	 Epoch: 28/80,	 Avg.loss: 0.0007,	 Test Accuracy: 760/1000(76%)
Task: 4,	 Epoch: 29/80,	 Avg.loss: 0.0008,	 Test Accuracy: 755/1000(76%)
Task: 4,	 Epoch: 30/80,	 Avg.loss: 0.0008,	 Test Accuracy: 743/1000(74%)
Task: 4,	 Epoch: 31/80,	 Avg.loss: 0.0008,	 Test Accuracy: 747/1000(75%)
Task: 4,	 Epoch: 32/80,	 Avg.loss: 0.0007,	 Test Accuracy: 764/1000(76%)
Task: 4,	 Epoch: 33/80,	 Avg.loss: 0.0008,	 Test Accuracy: 738/1000(74%)
Task: 4,	 Epoch: 34/80,	 Avg.loss: 0.0008,	 Test Accuracy: 748/1000(75%)
Task: 4,	 Epoch: 35/80,	 Avg.loss: 0.0007,	 Test Accuracy: 771/1000(77%)
Task: 4,	 Epoch: 36/80,	 Avg.loss: 0.0007,	 Test Accuracy: 757/1000(76%)
Task: 4,	 Epoch: 37/80,	 Avg.loss: 0.0007,	 Test Accuracy: 764/1000(76%)
Task: 4,	 Epoch: 38/80,	 Avg.loss: 0.0007,	 Test Accuracy: 772/1000(77%)
Task: 4,	 Epoch: 39/80,	 Avg.loss: 0.0007,	 Test Accuracy: 758/1000(76%)
Task: 4,	 Epoch: 40/80,	 Avg.loss: 0.0007,	 Test Accuracy: 762/1000(76%)
Task: 4,	 Epoch: 41/80,	 Avg.loss: 0.0008,	 Test Accuracy: 739/1000(74%)
Task: 4,	 Epoch: 42/80,	 Avg.loss: 0.0007,	 Test Accuracy: 755/1000(76%)
Task: 4,	 Epoch: 43/80,	 Avg.loss: 0.0007,	 Test Accuracy: 759/1000(76%)
Task: 4,	 Epoch: 44/80,	 Avg.loss: 0.0007,	 Test Accuracy: 754/1000(75%)
Task: 4,	 Epoch: 45/80,	 Avg.loss: 0.0007,	 Test Accuracy: 757/1000(76%)
Task: 4,	 Epoch: 46/80,	 Avg.loss: 0.0008,	 Test Accuracy: 747/1000(75%)
Task: 4,	 Epoch: 47/80,	 Avg.loss: 0.0007,	 Test Accuracy: 758/1000(76%)
Task: 4,	 Epoch: 48/80,	 Avg.loss: 0.0008,	 Test Accuracy: 756/1000(76%)
Task: 4,	 Epoch: 49/80,	 Avg.loss: 0.0007,	 Test Accuracy: 769/1000(77%)
Task: 4,	 Epoch: 50/80,	 Avg.loss: 0.0007,	 Test Accuracy: 774/1000(77%)
Task: 4,	 Epoch: 51/80,	 Avg.loss: 0.0007,	 Test Accuracy: 774/1000(77%)
Task: 4,	 Epoch: 52/80,	 Avg.loss: 0.0007,	 Test Accuracy: 775/1000(78%)
Task: 4,	 Epoch: 53/80,	 Avg.loss: 0.0007,	 Test Accuracy: 778/1000(78%)
Task: 4,	 Epoch: 54/80,	 Avg.loss: 0.0007,	 Test Accuracy: 776/1000(78%)
Task: 4,	 Epoch: 55/80,	 Avg.loss: 0.0007,	 Test Accuracy: 778/1000(78%)
Task: 4,	 Epoch: 56/80,	 Avg.loss: 0.0007,	 Test Accuracy: 777/1000(78%)
Task: 4,	 Epoch: 57/80,	 Avg.loss: 0.0007,	 Test Accuracy: 779/1000(78%)
Task: 4,	 Epoch: 58/80,	 Avg.loss: 0.0007,	 Test Accuracy: 775/1000(78%)
Task: 4,	 Epoch: 59/80,	 Avg.loss: 0.0007,	 Test Accuracy: 773/1000(77%)
Task: 4,	 Epoch: 60/80,	 Avg.loss: 0.0007,	 Test Accuracy: 773/1000(77%)
Task: 4,	 Epoch: 61/80,	 Avg.loss: 0.0007,	 Test Accuracy: 772/1000(77%)
Task: 4,	 Epoch: 62/80,	 Avg.loss: 0.0007,	 Test Accuracy: 762/1000(76%)
Task: 4,	 Epoch: 63/80,	 Avg.loss: 0.0007,	 Test Accuracy: 775/1000(78%)
Task: 4,	 Epoch: 64/80,	 Avg.loss: 0.0007,	 Test Accuracy: 774/1000(77%)
Task: 4,	 Epoch: 65/80,	 Avg.loss: 0.0007,	 Test Accuracy: 767/1000(77%)
Task: 4,	 Epoch: 66/80,	 Avg.loss: 0.0007,	 Test Accuracy: 772/1000(77%)
Task: 4,	 Epoch: 67/80,	 Avg.loss: 0.0007,	 Test Accuracy: 773/1000(77%)
Task: 4,	 Epoch: 68/80,	 Avg.loss: 0.0007,	 Test Accuracy: 772/1000(77%)
Task: 4,	 Epoch: 69/80,	 Avg.loss: 0.0007,	 Test Accuracy: 775/1000(78%)
Task: 4,	 Epoch: 70/80,	 Avg.loss: 0.0007,	 Test Accuracy: 765/1000(76%)
Task: 4,	 Epoch: 71/80,	 Avg.loss: 0.0007,	 Test Accuracy: 774/1000(77%)
Task: 4,	 Epoch: 72/80,	 Avg.loss: 0.0007,	 Test Accuracy: 773/1000(77%)
Task: 4,	 Epoch: 73/80,	 Avg.loss: 0.0007,	 Test Accuracy: 774/1000(77%)
Task: 4,	 Epoch: 74/80,	 Avg.loss: 0.0007,	 Test Accuracy: 774/1000(77%)
Task: 4,	 Epoch: 75/80,	 Avg.loss: 0.0007,	 Test Accuracy: 776/1000(78%)
Task: 4,	 Epoch: 76/80,	 Avg.loss: 0.0007,	 Test Accuracy: 775/1000(78%)
Task: 4,	 Epoch: 77/80,	 Avg.loss: 0.0007,	 Test Accuracy: 770/1000(77%)
Task: 4,	 Epoch: 78/80,	 Avg.loss: 0.0007,	 Test Accuracy: 777/1000(78%)
Task: 4,	 Epoch: 79/80,	 Avg.loss: 0.0007,	 Test Accuracy: 775/1000(78%)
Trained Task:4, Loaded task:0, Accuracy:84.5%
Trained Task:4, Loaded task:1, Accuracy:75.5%
Trained Task:4, Loaded task:2, Accuracy:81.5%
Trained Task:4, Loaded task:3, Accuracy:76.3%
Trained Task:4, Loaded task:4, Accuracy:77.5%
Trained Task:4, Avg. Accuracy: 79.1 

List of avg. accuracy: [84.6, 80.5, 80.8, 79.6, 79.1]
Layer        : conv1_layer.2.weight
R.histogram  : tensor([10.,  3.,  9.,  4.,  3.,  0.,  0.,  0.,  2.,  1.], device='cuda:0')
R_sum max/min: 78.2/4.6
F.num_zeros  : 0/9216
W.num_zeros  : 0/9216
O.num_zeros  : 0/9216
Layer        : conv2_layer.2.weight
R.histogram  : tensor([28., 18.,  7.,  7.,  1.,  1.,  1.,  0.,  0.,  1.], device='cuda:0')
R_sum max/min: 133.6/0.0
F.num_zeros  : 3456/36864
W.num_zeros  : 0/36864
O.num_zeros  : 13248/36864
Layer        : fc1_layer.1.weight
R.histogram  : tensor([455.,  39.,   9.,   6.,   0.,   1.,   1.,   0.,   0.,   1.],
       device='cuda:0')
R_sum max/min: 566.4/0.0
F.num_zeros  : 899477/2097152
W.num_zeros  : 0/2097152
O.num_zeros  : 1558346/2097152
Mask histogram
conv1_layer.2.weight: 	 tensor([   0.,    0.,  256.,  512.,  768., 3328., 3328.,    0.,    0.,    0.,
           0.], device='cuda:0')
conv2_layer.2.weight: 	 tensor([ 768.,  640., 1024.,  832.,  256.,  256.,  320.,    0.,    0.,    0.,
           0.], device='cuda:0')
fc1_layer.1.weight: 	 tensor([142.,  93.,  63.,  47.,  55.,  63.,  49.,   0.,   0.,   0.,   0.],
       device='cuda:0')
Task: 5,	 Epoch: 0/80,	 Avg.loss: 0.0012,	 Test Accuracy: 565/1000(57%)
Task: 5,	 Epoch: 1/80,	 Avg.loss: 0.0010,	 Test Accuracy: 640/1000(64%)
Task: 5,	 Epoch: 2/80,	 Avg.loss: 0.0010,	 Test Accuracy: 666/1000(67%)
Task: 5,	 Epoch: 3/80,	 Avg.loss: 0.0008,	 Test Accuracy: 688/1000(69%)
Task: 5,	 Epoch: 4/80,	 Avg.loss: 0.0009,	 Test Accuracy: 696/1000(70%)
Task: 5,	 Epoch: 5/80,	 Avg.loss: 0.0009,	 Test Accuracy: 688/1000(69%)
Task: 5,	 Epoch: 6/80,	 Avg.loss: 0.0008,	 Test Accuracy: 719/1000(72%)
Task: 5,	 Epoch: 7/80,	 Avg.loss: 0.0008,	 Test Accuracy: 696/1000(70%)
Task: 5,	 Epoch: 8/80,	 Avg.loss: 0.0008,	 Test Accuracy: 702/1000(70%)
Task: 5,	 Epoch: 9/80,	 Avg.loss: 0.0008,	 Test Accuracy: 702/1000(70%)
Task: 5,	 Epoch: 10/80,	 Avg.loss: 0.0008,	 Test Accuracy: 710/1000(71%)
Task: 5,	 Epoch: 11/80,	 Avg.loss: 0.0008,	 Test Accuracy: 712/1000(71%)
Task: 5,	 Epoch: 12/80,	 Avg.loss: 0.0008,	 Test Accuracy: 710/1000(71%)
Task: 5,	 Epoch: 13/80,	 Avg.loss: 0.0007,	 Test Accuracy: 734/1000(73%)
Task: 5,	 Epoch: 14/80,	 Avg.loss: 0.0008,	 Test Accuracy: 709/1000(71%)
Task: 5,	 Epoch: 15/80,	 Avg.loss: 0.0008,	 Test Accuracy: 720/1000(72%)
Task: 5,	 Epoch: 16/80,	 Avg.loss: 0.0008,	 Test Accuracy: 717/1000(72%)
Task: 5,	 Epoch: 17/80,	 Avg.loss: 0.0007,	 Test Accuracy: 746/1000(75%)
Task: 5,	 Epoch: 18/80,	 Avg.loss: 0.0008,	 Test Accuracy: 718/1000(72%)
Task: 5,	 Epoch: 19/80,	 Avg.loss: 0.0007,	 Test Accuracy: 743/1000(74%)
Task: 5,	 Epoch: 20/80,	 Avg.loss: 0.0008,	 Test Accuracy: 730/1000(73%)
Task: 5,	 Epoch: 21/80,	 Avg.loss: 0.0007,	 Test Accuracy: 740/1000(74%)
Task: 5,	 Epoch: 22/80,	 Avg.loss: 0.0007,	 Test Accuracy: 728/1000(73%)
Task: 5,	 Epoch: 23/80,	 Avg.loss: 0.0008,	 Test Accuracy: 731/1000(73%)
Task: 5,	 Epoch: 24/80,	 Avg.loss: 0.0007,	 Test Accuracy: 740/1000(74%)
Task: 5,	 Epoch: 25/80,	 Avg.loss: 0.0007,	 Test Accuracy: 726/1000(73%)
Task: 5,	 Epoch: 26/80,	 Avg.loss: 0.0007,	 Test Accuracy: 747/1000(75%)
Task: 5,	 Epoch: 27/80,	 Avg.loss: 0.0008,	 Test Accuracy: 730/1000(73%)
Task: 5,	 Epoch: 28/80,	 Avg.loss: 0.0007,	 Test Accuracy: 743/1000(74%)
Task: 5,	 Epoch: 29/80,	 Avg.loss: 0.0008,	 Test Accuracy: 733/1000(73%)
Task: 5,	 Epoch: 30/80,	 Avg.loss: 0.0007,	 Test Accuracy: 749/1000(75%)
Task: 5,	 Epoch: 31/80,	 Avg.loss: 0.0007,	 Test Accuracy: 749/1000(75%)
Task: 5,	 Epoch: 32/80,	 Avg.loss: 0.0007,	 Test Accuracy: 740/1000(74%)
Task: 5,	 Epoch: 33/80,	 Avg.loss: 0.0008,	 Test Accuracy: 714/1000(71%)
Task: 5,	 Epoch: 34/80,	 Avg.loss: 0.0007,	 Test Accuracy: 740/1000(74%)
Task: 5,	 Epoch: 35/80,	 Avg.loss: 0.0007,	 Test Accuracy: 729/1000(73%)
Task: 5,	 Epoch: 36/80,	 Avg.loss: 0.0007,	 Test Accuracy: 748/1000(75%)
Task: 5,	 Epoch: 37/80,	 Avg.loss: 0.0007,	 Test Accuracy: 731/1000(73%)
Task: 5,	 Epoch: 38/80,	 Avg.loss: 0.0007,	 Test Accuracy: 735/1000(74%)
Task: 5,	 Epoch: 39/80,	 Avg.loss: 0.0007,	 Test Accuracy: 751/1000(75%)
Task: 5,	 Epoch: 40/80,	 Avg.loss: 0.0007,	 Test Accuracy: 738/1000(74%)
Task: 5,	 Epoch: 41/80,	 Avg.loss: 0.0007,	 Test Accuracy: 743/1000(74%)
Task: 5,	 Epoch: 42/80,	 Avg.loss: 0.0007,	 Test Accuracy: 739/1000(74%)
Task: 5,	 Epoch: 43/80,	 Avg.loss: 0.0008,	 Test Accuracy: 737/1000(74%)
Task: 5,	 Epoch: 44/80,	 Avg.loss: 0.0007,	 Test Accuracy: 740/1000(74%)
Task: 5,	 Epoch: 45/80,	 Avg.loss: 0.0008,	 Test Accuracy: 736/1000(74%)
Task: 5,	 Epoch: 46/80,	 Avg.loss: 0.0007,	 Test Accuracy: 750/1000(75%)
Task: 5,	 Epoch: 47/80,	 Avg.loss: 0.0007,	 Test Accuracy: 727/1000(73%)
Task: 5,	 Epoch: 48/80,	 Avg.loss: 0.0007,	 Test Accuracy: 745/1000(74%)
Task: 5,	 Epoch: 49/80,	 Avg.loss: 0.0007,	 Test Accuracy: 746/1000(75%)
Task: 5,	 Epoch: 50/80,	 Avg.loss: 0.0007,	 Test Accuracy: 757/1000(76%)
Task: 5,	 Epoch: 51/80,	 Avg.loss: 0.0007,	 Test Accuracy: 750/1000(75%)
Task: 5,	 Epoch: 52/80,	 Avg.loss: 0.0007,	 Test Accuracy: 751/1000(75%)
Task: 5,	 Epoch: 53/80,	 Avg.loss: 0.0007,	 Test Accuracy: 747/1000(75%)
Task: 5,	 Epoch: 54/80,	 Avg.loss: 0.0007,	 Test Accuracy: 753/1000(75%)
Task: 5,	 Epoch: 55/80,	 Avg.loss: 0.0007,	 Test Accuracy: 763/1000(76%)
Task: 5,	 Epoch: 56/80,	 Avg.loss: 0.0007,	 Test Accuracy: 758/1000(76%)
Task: 5,	 Epoch: 57/80,	 Avg.loss: 0.0007,	 Test Accuracy: 752/1000(75%)
Task: 5,	 Epoch: 58/80,	 Avg.loss: 0.0007,	 Test Accuracy: 749/1000(75%)
Task: 5,	 Epoch: 59/80,	 Avg.loss: 0.0007,	 Test Accuracy: 756/1000(76%)
Task: 5,	 Epoch: 60/80,	 Avg.loss: 0.0007,	 Test Accuracy: 751/1000(75%)
Task: 5,	 Epoch: 61/80,	 Avg.loss: 0.0007,	 Test Accuracy: 747/1000(75%)
Task: 5,	 Epoch: 62/80,	 Avg.loss: 0.0007,	 Test Accuracy: 753/1000(75%)
Task: 5,	 Epoch: 63/80,	 Avg.loss: 0.0007,	 Test Accuracy: 750/1000(75%)
Task: 5,	 Epoch: 64/80,	 Avg.loss: 0.0007,	 Test Accuracy: 757/1000(76%)
Task: 5,	 Epoch: 65/80,	 Avg.loss: 0.0007,	 Test Accuracy: 748/1000(75%)
Task: 5,	 Epoch: 66/80,	 Avg.loss: 0.0007,	 Test Accuracy: 755/1000(76%)
Task: 5,	 Epoch: 67/80,	 Avg.loss: 0.0007,	 Test Accuracy: 752/1000(75%)
Task: 5,	 Epoch: 68/80,	 Avg.loss: 0.0007,	 Test Accuracy: 753/1000(75%)
Task: 5,	 Epoch: 69/80,	 Avg.loss: 0.0007,	 Test Accuracy: 757/1000(76%)
Task: 5,	 Epoch: 70/80,	 Avg.loss: 0.0007,	 Test Accuracy: 757/1000(76%)
Task: 5,	 Epoch: 71/80,	 Avg.loss: 0.0007,	 Test Accuracy: 756/1000(76%)
Task: 5,	 Epoch: 72/80,	 Avg.loss: 0.0007,	 Test Accuracy: 751/1000(75%)
Task: 5,	 Epoch: 73/80,	 Avg.loss: 0.0007,	 Test Accuracy: 753/1000(75%)
Task: 5,	 Epoch: 74/80,	 Avg.loss: 0.0007,	 Test Accuracy: 758/1000(76%)
Task: 5,	 Epoch: 75/80,	 Avg.loss: 0.0007,	 Test Accuracy: 755/1000(76%)
Task: 5,	 Epoch: 76/80,	 Avg.loss: 0.0007,	 Test Accuracy: 753/1000(75%)
Task: 5,	 Epoch: 77/80,	 Avg.loss: 0.0007,	 Test Accuracy: 755/1000(76%)
Task: 5,	 Epoch: 78/80,	 Avg.loss: 0.0007,	 Test Accuracy: 755/1000(76%)
Task: 5,	 Epoch: 79/80,	 Avg.loss: 0.0007,	 Test Accuracy: 753/1000(75%)
Trained Task:5, Loaded task:0, Accuracy:84.7%
Trained Task:5, Loaded task:1, Accuracy:75.8%
Trained Task:5, Loaded task:2, Accuracy:81.7%
Trained Task:5, Loaded task:3, Accuracy:76.0%
Trained Task:5, Loaded task:4, Accuracy:78.3%
Trained Task:5, Loaded task:5, Accuracy:75.3%
Trained Task:5, Avg. Accuracy: 78.6 

List of avg. accuracy: [84.6, 80.5, 80.8, 79.6, 79.1, 78.6]
Layer        : conv1_layer.2.weight
R.histogram  : tensor([11.,  9.,  5.,  3.,  1.,  0.,  1.,  0.,  1.,  1.], device='cuda:0')
R_sum max/min: 84.5/4.8
F.num_zeros  : 0/9216
W.num_zeros  : 0/9216
O.num_zeros  : 0/9216
Layer        : conv2_layer.2.weight
R.histogram  : tensor([28., 17., 11.,  6.,  1.,  0.,  0.,  0.,  0.,  1.], device='cuda:0')
R_sum max/min: 152.2/0.0
F.num_zeros  : 3456/36864
W.num_zeros  : 0/36864
O.num_zeros  : 10368/36864
Layer        : fc1_layer.1.weight
R.histogram  : tensor([440.,  39.,  20.,   6.,   4.,   1.,   0.,   1.,   0.,   1.],
       device='cuda:0')
R_sum max/min: 650.4/0.0
F.num_zeros  : 908739/2097152
W.num_zeros  : 0/2097152
O.num_zeros  : 1501713/2097152
Mask histogram
conv1_layer.2.weight: 	 tensor([   0.,    0.,    0.,  256.,  768., 1024., 2816., 3328.,    0.,    0.,
           0.], device='cuda:0')
conv2_layer.2.weight: 	 tensor([512., 704., 896., 832., 448., 256., 192., 256.,   0.,   0.,   0.],
       device='cuda:0')
fc1_layer.1.weight: 	 tensor([138.,  78.,  58.,  46.,  41.,  55.,  51.,  45.,   0.,   0.,   0.],
       device='cuda:0')
Task: 6,	 Epoch: 0/80,	 Avg.loss: 0.0012,	 Test Accuracy: 593/1000(59%)
Task: 6,	 Epoch: 1/80,	 Avg.loss: 0.0010,	 Test Accuracy: 639/1000(64%)
Task: 6,	 Epoch: 2/80,	 Avg.loss: 0.0010,	 Test Accuracy: 669/1000(67%)
Task: 6,	 Epoch: 3/80,	 Avg.loss: 0.0009,	 Test Accuracy: 670/1000(67%)
Task: 6,	 Epoch: 4/80,	 Avg.loss: 0.0009,	 Test Accuracy: 681/1000(68%)
Task: 6,	 Epoch: 5/80,	 Avg.loss: 0.0009,	 Test Accuracy: 663/1000(66%)
Task: 6,	 Epoch: 6/80,	 Avg.loss: 0.0009,	 Test Accuracy: 693/1000(69%)
Task: 6,	 Epoch: 7/80,	 Avg.loss: 0.0009,	 Test Accuracy: 709/1000(71%)
Task: 6,	 Epoch: 8/80,	 Avg.loss: 0.0008,	 Test Accuracy: 700/1000(70%)
Task: 6,	 Epoch: 9/80,	 Avg.loss: 0.0008,	 Test Accuracy: 716/1000(72%)
Task: 6,	 Epoch: 10/80,	 Avg.loss: 0.0008,	 Test Accuracy: 728/1000(73%)
Task: 6,	 Epoch: 11/80,	 Avg.loss: 0.0008,	 Test Accuracy: 717/1000(72%)
Task: 6,	 Epoch: 12/80,	 Avg.loss: 0.0008,	 Test Accuracy: 719/1000(72%)
Task: 6,	 Epoch: 13/80,	 Avg.loss: 0.0008,	 Test Accuracy: 729/1000(73%)
Task: 6,	 Epoch: 14/80,	 Avg.loss: 0.0008,	 Test Accuracy: 735/1000(74%)
Task: 6,	 Epoch: 15/80,	 Avg.loss: 0.0008,	 Test Accuracy: 719/1000(72%)
Task: 6,	 Epoch: 16/80,	 Avg.loss: 0.0008,	 Test Accuracy: 715/1000(72%)
Task: 6,	 Epoch: 17/80,	 Avg.loss: 0.0007,	 Test Accuracy: 744/1000(74%)
Task: 6,	 Epoch: 18/80,	 Avg.loss: 0.0008,	 Test Accuracy: 730/1000(73%)
Task: 6,	 Epoch: 19/80,	 Avg.loss: 0.0008,	 Test Accuracy: 747/1000(75%)
Task: 6,	 Epoch: 20/80,	 Avg.loss: 0.0007,	 Test Accuracy: 740/1000(74%)
Task: 6,	 Epoch: 21/80,	 Avg.loss: 0.0008,	 Test Accuracy: 732/1000(73%)
Task: 6,	 Epoch: 22/80,	 Avg.loss: 0.0008,	 Test Accuracy: 747/1000(75%)
Task: 6,	 Epoch: 23/80,	 Avg.loss: 0.0008,	 Test Accuracy: 738/1000(74%)
Task: 6,	 Epoch: 24/80,	 Avg.loss: 0.0008,	 Test Accuracy: 738/1000(74%)
Task: 6,	 Epoch: 25/80,	 Avg.loss: 0.0008,	 Test Accuracy: 736/1000(74%)
Task: 6,	 Epoch: 26/80,	 Avg.loss: 0.0008,	 Test Accuracy: 739/1000(74%)
Task: 6,	 Epoch: 27/80,	 Avg.loss: 0.0007,	 Test Accuracy: 752/1000(75%)
Task: 6,	 Epoch: 28/80,	 Avg.loss: 0.0007,	 Test Accuracy: 737/1000(74%)
Task: 6,	 Epoch: 29/80,	 Avg.loss: 0.0008,	 Test Accuracy: 739/1000(74%)
Task: 6,	 Epoch: 30/80,	 Avg.loss: 0.0008,	 Test Accuracy: 743/1000(74%)
Task: 6,	 Epoch: 31/80,	 Avg.loss: 0.0007,	 Test Accuracy: 738/1000(74%)
Task: 6,	 Epoch: 32/80,	 Avg.loss: 0.0007,	 Test Accuracy: 748/1000(75%)
Task: 6,	 Epoch: 33/80,	 Avg.loss: 0.0008,	 Test Accuracy: 744/1000(74%)
Task: 6,	 Epoch: 34/80,	 Avg.loss: 0.0008,	 Test Accuracy: 754/1000(75%)
Task: 6,	 Epoch: 35/80,	 Avg.loss: 0.0007,	 Test Accuracy: 752/1000(75%)
Task: 6,	 Epoch: 36/80,	 Avg.loss: 0.0008,	 Test Accuracy: 758/1000(76%)
Task: 6,	 Epoch: 37/80,	 Avg.loss: 0.0007,	 Test Accuracy: 754/1000(75%)
Task: 6,	 Epoch: 38/80,	 Avg.loss: 0.0007,	 Test Accuracy: 755/1000(76%)
Task: 6,	 Epoch: 39/80,	 Avg.loss: 0.0007,	 Test Accuracy: 755/1000(76%)
Task: 6,	 Epoch: 40/80,	 Avg.loss: 0.0008,	 Test Accuracy: 743/1000(74%)
Task: 6,	 Epoch: 41/80,	 Avg.loss: 0.0008,	 Test Accuracy: 746/1000(75%)
Task: 6,	 Epoch: 42/80,	 Avg.loss: 0.0008,	 Test Accuracy: 756/1000(76%)
Task: 6,	 Epoch: 43/80,	 Avg.loss: 0.0007,	 Test Accuracy: 764/1000(76%)
Task: 6,	 Epoch: 44/80,	 Avg.loss: 0.0008,	 Test Accuracy: 748/1000(75%)
Task: 6,	 Epoch: 45/80,	 Avg.loss: 0.0007,	 Test Accuracy: 751/1000(75%)
Task: 6,	 Epoch: 46/80,	 Avg.loss: 0.0007,	 Test Accuracy: 755/1000(76%)
Task: 6,	 Epoch: 47/80,	 Avg.loss: 0.0007,	 Test Accuracy: 762/1000(76%)
Task: 6,	 Epoch: 48/80,	 Avg.loss: 0.0007,	 Test Accuracy: 746/1000(75%)
Task: 6,	 Epoch: 49/80,	 Avg.loss: 0.0007,	 Test Accuracy: 756/1000(76%)
Task: 6,	 Epoch: 50/80,	 Avg.loss: 0.0007,	 Test Accuracy: 765/1000(76%)
Task: 6,	 Epoch: 51/80,	 Avg.loss: 0.0007,	 Test Accuracy: 769/1000(77%)
Task: 6,	 Epoch: 52/80,	 Avg.loss: 0.0007,	 Test Accuracy: 765/1000(76%)
Task: 6,	 Epoch: 53/80,	 Avg.loss: 0.0007,	 Test Accuracy: 778/1000(78%)
Task: 6,	 Epoch: 54/80,	 Avg.loss: 0.0007,	 Test Accuracy: 769/1000(77%)
Task: 6,	 Epoch: 55/80,	 Avg.loss: 0.0007,	 Test Accuracy: 776/1000(78%)
Task: 6,	 Epoch: 56/80,	 Avg.loss: 0.0007,	 Test Accuracy: 764/1000(76%)
Task: 6,	 Epoch: 57/80,	 Avg.loss: 0.0007,	 Test Accuracy: 769/1000(77%)
Task: 6,	 Epoch: 58/80,	 Avg.loss: 0.0007,	 Test Accuracy: 766/1000(77%)
Task: 6,	 Epoch: 59/80,	 Avg.loss: 0.0007,	 Test Accuracy: 775/1000(78%)
Task: 6,	 Epoch: 60/80,	 Avg.loss: 0.0007,	 Test Accuracy: 774/1000(77%)
Task: 6,	 Epoch: 61/80,	 Avg.loss: 0.0007,	 Test Accuracy: 775/1000(78%)
Task: 6,	 Epoch: 62/80,	 Avg.loss: 0.0007,	 Test Accuracy: 774/1000(77%)
Task: 6,	 Epoch: 63/80,	 Avg.loss: 0.0007,	 Test Accuracy: 775/1000(78%)
Task: 6,	 Epoch: 64/80,	 Avg.loss: 0.0007,	 Test Accuracy: 773/1000(77%)
Task: 6,	 Epoch: 65/80,	 Avg.loss: 0.0007,	 Test Accuracy: 777/1000(78%)
Task: 6,	 Epoch: 66/80,	 Avg.loss: 0.0007,	 Test Accuracy: 778/1000(78%)
Task: 6,	 Epoch: 67/80,	 Avg.loss: 0.0007,	 Test Accuracy: 778/1000(78%)
Task: 6,	 Epoch: 68/80,	 Avg.loss: 0.0007,	 Test Accuracy: 773/1000(77%)
Task: 6,	 Epoch: 69/80,	 Avg.loss: 0.0007,	 Test Accuracy: 772/1000(77%)
Task: 6,	 Epoch: 70/80,	 Avg.loss: 0.0007,	 Test Accuracy: 773/1000(77%)
Task: 6,	 Epoch: 71/80,	 Avg.loss: 0.0007,	 Test Accuracy: 771/1000(77%)
Task: 6,	 Epoch: 72/80,	 Avg.loss: 0.0007,	 Test Accuracy: 768/1000(77%)
Task: 6,	 Epoch: 73/80,	 Avg.loss: 0.0007,	 Test Accuracy: 774/1000(77%)
Task: 6,	 Epoch: 74/80,	 Avg.loss: 0.0007,	 Test Accuracy: 770/1000(77%)
Task: 6,	 Epoch: 75/80,	 Avg.loss: 0.0007,	 Test Accuracy: 772/1000(77%)
Task: 6,	 Epoch: 76/80,	 Avg.loss: 0.0007,	 Test Accuracy: 773/1000(77%)
Task: 6,	 Epoch: 77/80,	 Avg.loss: 0.0007,	 Test Accuracy: 766/1000(77%)
Task: 6,	 Epoch: 78/80,	 Avg.loss: 0.0007,	 Test Accuracy: 774/1000(77%)
Task: 6,	 Epoch: 79/80,	 Avg.loss: 0.0007,	 Test Accuracy: 772/1000(77%)
Trained Task:6, Loaded task:0, Accuracy:84.9%
Trained Task:6, Loaded task:1, Accuracy:75.7%
Trained Task:6, Loaded task:2, Accuracy:81.4%
Trained Task:6, Loaded task:3, Accuracy:76.3%
Trained Task:6, Loaded task:4, Accuracy:78.9%
Trained Task:6, Loaded task:5, Accuracy:76.2%
Trained Task:6, Loaded task:6, Accuracy:77.2%
Trained Task:6, Avg. Accuracy: 78.7 

List of avg. accuracy: [84.6, 80.5, 80.8, 79.6, 79.1, 78.6, 78.7]
Layer        : conv1_layer.2.weight
R.histogram  : tensor([8., 9., 3., 6., 3., 0., 0., 2., 0., 1.], device='cuda:0')
R_sum max/min: 85.8/4.4
F.num_zeros  : 0/9216
W.num_zeros  : 0/9216
O.num_zeros  : 0/9216
Layer        : conv2_layer.2.weight
R.histogram  : tensor([22., 15., 11.,  5.,  8.,  1.,  0.,  1.,  0.,  1.], device='cuda:0')
R_sum max/min: 133.1/0.0
F.num_zeros  : 3456/36864
W.num_zeros  : 0/36864
O.num_zeros  : 8064/36864
Layer        : fc1_layer.1.weight
R.histogram  : tensor([410.,  40.,  19.,  14.,  11.,   3.,   5.,   3.,   4.,   3.],
       device='cuda:0')
R_sum max/min: 424.9/0.0
F.num_zeros  : 908207/2097152
W.num_zeros  : 0/2097152
O.num_zeros  : 1451109/2097152
Mask histogram
conv1_layer.2.weight: 	 tensor([   0.,    0.,    0.,    0.,  512., 1024.,  768., 3072., 2816.,    0.,
           0.], device='cuda:0')
conv2_layer.2.weight: 	 tensor([256., 768., 960., 640., 512., 384., 192., 192., 192.,   0.,   0.],
       device='cuda:0')
fc1_layer.1.weight: 	 tensor([133.,  78.,  45.,  40.,  38.,  41.,  51.,  44.,  42.,   0.,   0.],
       device='cuda:0')
Task: 7,	 Epoch: 0/80,	 Avg.loss: 0.0013,	 Test Accuracy: 563/1000(56%)
Task: 7,	 Epoch: 1/80,	 Avg.loss: 0.0011,	 Test Accuracy: 624/1000(62%)
Task: 7,	 Epoch: 2/80,	 Avg.loss: 0.0010,	 Test Accuracy: 661/1000(66%)
Task: 7,	 Epoch: 3/80,	 Avg.loss: 0.0011,	 Test Accuracy: 652/1000(65%)
Task: 7,	 Epoch: 4/80,	 Avg.loss: 0.0010,	 Test Accuracy: 669/1000(67%)
Task: 7,	 Epoch: 5/80,	 Avg.loss: 0.0010,	 Test Accuracy: 661/1000(66%)
Task: 7,	 Epoch: 6/80,	 Avg.loss: 0.0009,	 Test Accuracy: 676/1000(68%)
Task: 7,	 Epoch: 7/80,	 Avg.loss: 0.0009,	 Test Accuracy: 699/1000(70%)
Task: 7,	 Epoch: 8/80,	 Avg.loss: 0.0009,	 Test Accuracy: 690/1000(69%)
Task: 7,	 Epoch: 9/80,	 Avg.loss: 0.0009,	 Test Accuracy: 672/1000(67%)
Task: 7,	 Epoch: 10/80,	 Avg.loss: 0.0009,	 Test Accuracy: 695/1000(70%)
Task: 7,	 Epoch: 11/80,	 Avg.loss: 0.0009,	 Test Accuracy: 686/1000(69%)
Task: 7,	 Epoch: 12/80,	 Avg.loss: 0.0009,	 Test Accuracy: 706/1000(71%)
Task: 7,	 Epoch: 13/80,	 Avg.loss: 0.0009,	 Test Accuracy: 707/1000(71%)
Task: 7,	 Epoch: 14/80,	 Avg.loss: 0.0009,	 Test Accuracy: 714/1000(71%)
Task: 7,	 Epoch: 15/80,	 Avg.loss: 0.0009,	 Test Accuracy: 711/1000(71%)
Task: 7,	 Epoch: 16/80,	 Avg.loss: 0.0009,	 Test Accuracy: 702/1000(70%)
Task: 7,	 Epoch: 17/80,	 Avg.loss: 0.0009,	 Test Accuracy: 694/1000(69%)
Task: 7,	 Epoch: 18/80,	 Avg.loss: 0.0009,	 Test Accuracy: 678/1000(68%)
Task: 7,	 Epoch: 19/80,	 Avg.loss: 0.0008,	 Test Accuracy: 712/1000(71%)
Task: 7,	 Epoch: 20/80,	 Avg.loss: 0.0008,	 Test Accuracy: 718/1000(72%)
Task: 7,	 Epoch: 21/80,	 Avg.loss: 0.0009,	 Test Accuracy: 711/1000(71%)
Task: 7,	 Epoch: 22/80,	 Avg.loss: 0.0009,	 Test Accuracy: 704/1000(70%)
Task: 7,	 Epoch: 23/80,	 Avg.loss: 0.0008,	 Test Accuracy: 710/1000(71%)
Task: 7,	 Epoch: 24/80,	 Avg.loss: 0.0008,	 Test Accuracy: 721/1000(72%)
Task: 7,	 Epoch: 25/80,	 Avg.loss: 0.0008,	 Test Accuracy: 721/1000(72%)
Task: 7,	 Epoch: 26/80,	 Avg.loss: 0.0009,	 Test Accuracy: 707/1000(71%)
Task: 7,	 Epoch: 27/80,	 Avg.loss: 0.0008,	 Test Accuracy: 707/1000(71%)
Task: 7,	 Epoch: 28/80,	 Avg.loss: 0.0008,	 Test Accuracy: 727/1000(73%)
Task: 7,	 Epoch: 29/80,	 Avg.loss: 0.0008,	 Test Accuracy: 735/1000(74%)
Task: 7,	 Epoch: 30/80,	 Avg.loss: 0.0008,	 Test Accuracy: 722/1000(72%)
Task: 7,	 Epoch: 31/80,	 Avg.loss: 0.0009,	 Test Accuracy: 713/1000(71%)
Task: 7,	 Epoch: 32/80,	 Avg.loss: 0.0008,	 Test Accuracy: 722/1000(72%)
Task: 7,	 Epoch: 33/80,	 Avg.loss: 0.0008,	 Test Accuracy: 729/1000(73%)
Task: 7,	 Epoch: 34/80,	 Avg.loss: 0.0008,	 Test Accuracy: 722/1000(72%)
Task: 7,	 Epoch: 35/80,	 Avg.loss: 0.0008,	 Test Accuracy: 725/1000(72%)
Task: 7,	 Epoch: 36/80,	 Avg.loss: 0.0008,	 Test Accuracy: 721/1000(72%)
Task: 7,	 Epoch: 37/80,	 Avg.loss: 0.0009,	 Test Accuracy: 718/1000(72%)
Task: 7,	 Epoch: 38/80,	 Avg.loss: 0.0008,	 Test Accuracy: 716/1000(72%)
Task: 7,	 Epoch: 39/80,	 Avg.loss: 0.0008,	 Test Accuracy: 722/1000(72%)
Task: 7,	 Epoch: 40/80,	 Avg.loss: 0.0008,	 Test Accuracy: 731/1000(73%)
Task: 7,	 Epoch: 41/80,	 Avg.loss: 0.0008,	 Test Accuracy: 730/1000(73%)
Task: 7,	 Epoch: 42/80,	 Avg.loss: 0.0008,	 Test Accuracy: 727/1000(73%)
Task: 7,	 Epoch: 43/80,	 Avg.loss: 0.0008,	 Test Accuracy: 731/1000(73%)
Task: 7,	 Epoch: 44/80,	 Avg.loss: 0.0008,	 Test Accuracy: 716/1000(72%)
Task: 7,	 Epoch: 45/80,	 Avg.loss: 0.0008,	 Test Accuracy: 735/1000(74%)
Task: 7,	 Epoch: 46/80,	 Avg.loss: 0.0008,	 Test Accuracy: 728/1000(73%)
Task: 7,	 Epoch: 47/80,	 Avg.loss: 0.0008,	 Test Accuracy: 733/1000(73%)
Task: 7,	 Epoch: 48/80,	 Avg.loss: 0.0008,	 Test Accuracy: 732/1000(73%)
Task: 7,	 Epoch: 49/80,	 Avg.loss: 0.0008,	 Test Accuracy: 714/1000(71%)
Task: 7,	 Epoch: 50/80,	 Avg.loss: 0.0008,	 Test Accuracy: 735/1000(74%)
Task: 7,	 Epoch: 51/80,	 Avg.loss: 0.0008,	 Test Accuracy: 733/1000(73%)
Task: 7,	 Epoch: 52/80,	 Avg.loss: 0.0008,	 Test Accuracy: 734/1000(73%)
Task: 7,	 Epoch: 53/80,	 Avg.loss: 0.0008,	 Test Accuracy: 736/1000(74%)
Task: 7,	 Epoch: 54/80,	 Avg.loss: 0.0008,	 Test Accuracy: 735/1000(74%)
Task: 7,	 Epoch: 55/80,	 Avg.loss: 0.0008,	 Test Accuracy: 737/1000(74%)
Task: 7,	 Epoch: 56/80,	 Avg.loss: 0.0008,	 Test Accuracy: 735/1000(74%)
Task: 7,	 Epoch: 57/80,	 Avg.loss: 0.0008,	 Test Accuracy: 736/1000(74%)
Task: 7,	 Epoch: 58/80,	 Avg.loss: 0.0008,	 Test Accuracy: 735/1000(74%)
Task: 7,	 Epoch: 59/80,	 Avg.loss: 0.0008,	 Test Accuracy: 739/1000(74%)
Task: 7,	 Epoch: 60/80,	 Avg.loss: 0.0008,	 Test Accuracy: 736/1000(74%)
Task: 7,	 Epoch: 61/80,	 Avg.loss: 0.0008,	 Test Accuracy: 743/1000(74%)
Task: 7,	 Epoch: 62/80,	 Avg.loss: 0.0008,	 Test Accuracy: 740/1000(74%)
Task: 7,	 Epoch: 63/80,	 Avg.loss: 0.0008,	 Test Accuracy: 737/1000(74%)
Task: 7,	 Epoch: 64/80,	 Avg.loss: 0.0008,	 Test Accuracy: 740/1000(74%)
Task: 7,	 Epoch: 65/80,	 Avg.loss: 0.0008,	 Test Accuracy: 738/1000(74%)
Task: 7,	 Epoch: 66/80,	 Avg.loss: 0.0008,	 Test Accuracy: 740/1000(74%)
Task: 7,	 Epoch: 67/80,	 Avg.loss: 0.0008,	 Test Accuracy: 734/1000(73%)
Task: 7,	 Epoch: 68/80,	 Avg.loss: 0.0008,	 Test Accuracy: 740/1000(74%)
Task: 7,	 Epoch: 69/80,	 Avg.loss: 0.0008,	 Test Accuracy: 737/1000(74%)
Task: 7,	 Epoch: 70/80,	 Avg.loss: 0.0008,	 Test Accuracy: 741/1000(74%)
Task: 7,	 Epoch: 71/80,	 Avg.loss: 0.0008,	 Test Accuracy: 737/1000(74%)
Task: 7,	 Epoch: 72/80,	 Avg.loss: 0.0008,	 Test Accuracy: 733/1000(73%)
Task: 7,	 Epoch: 73/80,	 Avg.loss: 0.0008,	 Test Accuracy: 737/1000(74%)
Task: 7,	 Epoch: 74/80,	 Avg.loss: 0.0008,	 Test Accuracy: 736/1000(74%)
Task: 7,	 Epoch: 75/80,	 Avg.loss: 0.0008,	 Test Accuracy: 735/1000(74%)
Task: 7,	 Epoch: 76/80,	 Avg.loss: 0.0008,	 Test Accuracy: 734/1000(73%)
Task: 7,	 Epoch: 77/80,	 Avg.loss: 0.0008,	 Test Accuracy: 738/1000(74%)
Task: 7,	 Epoch: 78/80,	 Avg.loss: 0.0008,	 Test Accuracy: 741/1000(74%)
Task: 7,	 Epoch: 79/80,	 Avg.loss: 0.0008,	 Test Accuracy: 737/1000(74%)
Trained Task:7, Loaded task:0, Accuracy:84.3%
Trained Task:7, Loaded task:1, Accuracy:75.0%
Trained Task:7, Loaded task:2, Accuracy:81.3%
Trained Task:7, Loaded task:3, Accuracy:76.9%
Trained Task:7, Loaded task:4, Accuracy:78.2%
Trained Task:7, Loaded task:5, Accuracy:75.6%
Trained Task:7, Loaded task:6, Accuracy:77.2%
Trained Task:7, Loaded task:7, Accuracy:73.7%
Trained Task:7, Avg. Accuracy: 77.8 

List of avg. accuracy: [84.6, 80.5, 80.8, 79.6, 79.1, 78.6, 78.7, 77.8]
Layer        : conv1_layer.2.weight
R.histogram  : tensor([9., 6., 3., 4., 5., 2., 0., 1., 0., 2.], device='cuda:0')
R_sum max/min: 75.6/1.3
F.num_zeros  : 0/9216
W.num_zeros  : 0/9216
O.num_zeros  : 0/9216
Layer        : conv2_layer.2.weight
R.histogram  : tensor([17., 21.,  8.,  5.,  3.,  6.,  1.,  1.,  0.,  2.], device='cuda:0')
R_sum max/min: 96.4/0.0
F.num_zeros  : 3456/36864
W.num_zeros  : 0/36864
O.num_zeros  : 5760/36864
Layer        : fc1_layer.1.weight
R.histogram  : tensor([431.,  40.,  13.,   4.,   7.,   7.,   4.,   3.,   0.,   3.],
       device='cuda:0')
R_sum max/min: 712.7/0.0
F.num_zeros  : 937519/2097152
W.num_zeros  : 0/2097152
O.num_zeros  : 1401228/2097152
Mask histogram
conv1_layer.2.weight: 	 tensor([   0.,    0.,    0.,    0.,    0.,  768., 1024., 1280., 2560., 2560.,
           0.], device='cuda:0')
conv2_layer.2.weight: 	 tensor([  0., 832., 832., 832., 512., 384., 256.,  64., 192., 192.,   0.],
       device='cuda:0')
fc1_layer.1.weight: 	 tensor([126.,  76.,  46.,  28.,  37.,  36.,  38.,  47.,  41.,  37.,   0.],
       device='cuda:0')
Task: 8,	 Epoch: 0/80,	 Avg.loss: 0.0012,	 Test Accuracy: 582/1000(58%)
Task: 8,	 Epoch: 1/80,	 Avg.loss: 0.0011,	 Test Accuracy: 623/1000(62%)
Task: 8,	 Epoch: 2/80,	 Avg.loss: 0.0010,	 Test Accuracy: 661/1000(66%)
Task: 8,	 Epoch: 3/80,	 Avg.loss: 0.0009,	 Test Accuracy: 683/1000(68%)
Task: 8,	 Epoch: 4/80,	 Avg.loss: 0.0010,	 Test Accuracy: 677/1000(68%)
Task: 8,	 Epoch: 5/80,	 Avg.loss: 0.0009,	 Test Accuracy: 684/1000(68%)
Task: 8,	 Epoch: 6/80,	 Avg.loss: 0.0009,	 Test Accuracy: 711/1000(71%)
Task: 8,	 Epoch: 7/80,	 Avg.loss: 0.0009,	 Test Accuracy: 698/1000(70%)
Task: 8,	 Epoch: 8/80,	 Avg.loss: 0.0009,	 Test Accuracy: 700/1000(70%)
Task: 8,	 Epoch: 9/80,	 Avg.loss: 0.0009,	 Test Accuracy: 695/1000(70%)
Task: 8,	 Epoch: 10/80,	 Avg.loss: 0.0008,	 Test Accuracy: 727/1000(73%)
Task: 8,	 Epoch: 11/80,	 Avg.loss: 0.0008,	 Test Accuracy: 719/1000(72%)
Task: 8,	 Epoch: 12/80,	 Avg.loss: 0.0008,	 Test Accuracy: 724/1000(72%)
Task: 8,	 Epoch: 13/80,	 Avg.loss: 0.0008,	 Test Accuracy: 728/1000(73%)
Task: 8,	 Epoch: 14/80,	 Avg.loss: 0.0008,	 Test Accuracy: 729/1000(73%)
Task: 8,	 Epoch: 15/80,	 Avg.loss: 0.0008,	 Test Accuracy: 733/1000(73%)
Task: 8,	 Epoch: 16/80,	 Avg.loss: 0.0008,	 Test Accuracy: 723/1000(72%)
Task: 8,	 Epoch: 17/80,	 Avg.loss: 0.0008,	 Test Accuracy: 720/1000(72%)
Task: 8,	 Epoch: 18/80,	 Avg.loss: 0.0008,	 Test Accuracy: 731/1000(73%)
Task: 8,	 Epoch: 19/80,	 Avg.loss: 0.0008,	 Test Accuracy: 739/1000(74%)
Task: 8,	 Epoch: 20/80,	 Avg.loss: 0.0008,	 Test Accuracy: 730/1000(73%)
Task: 8,	 Epoch: 21/80,	 Avg.loss: 0.0008,	 Test Accuracy: 743/1000(74%)
Task: 8,	 Epoch: 22/80,	 Avg.loss: 0.0008,	 Test Accuracy: 713/1000(71%)
Task: 8,	 Epoch: 23/80,	 Avg.loss: 0.0008,	 Test Accuracy: 738/1000(74%)
Task: 8,	 Epoch: 24/80,	 Avg.loss: 0.0008,	 Test Accuracy: 742/1000(74%)
Task: 8,	 Epoch: 25/80,	 Avg.loss: 0.0008,	 Test Accuracy: 762/1000(76%)
Task: 8,	 Epoch: 26/80,	 Avg.loss: 0.0008,	 Test Accuracy: 742/1000(74%)
Task: 8,	 Epoch: 27/80,	 Avg.loss: 0.0008,	 Test Accuracy: 728/1000(73%)
Task: 8,	 Epoch: 28/80,	 Avg.loss: 0.0008,	 Test Accuracy: 727/1000(73%)
Task: 8,	 Epoch: 29/80,	 Avg.loss: 0.0008,	 Test Accuracy: 752/1000(75%)
Task: 8,	 Epoch: 30/80,	 Avg.loss: 0.0008,	 Test Accuracy: 757/1000(76%)
Task: 8,	 Epoch: 31/80,	 Avg.loss: 0.0007,	 Test Accuracy: 770/1000(77%)
Task: 8,	 Epoch: 32/80,	 Avg.loss: 0.0007,	 Test Accuracy: 767/1000(77%)
Task: 8,	 Epoch: 33/80,	 Avg.loss: 0.0007,	 Test Accuracy: 744/1000(74%)
Task: 8,	 Epoch: 34/80,	 Avg.loss: 0.0007,	 Test Accuracy: 767/1000(77%)
Task: 8,	 Epoch: 35/80,	 Avg.loss: 0.0007,	 Test Accuracy: 767/1000(77%)
Task: 8,	 Epoch: 36/80,	 Avg.loss: 0.0007,	 Test Accuracy: 752/1000(75%)
Task: 8,	 Epoch: 37/80,	 Avg.loss: 0.0007,	 Test Accuracy: 751/1000(75%)
Task: 8,	 Epoch: 38/80,	 Avg.loss: 0.0007,	 Test Accuracy: 749/1000(75%)
Task: 8,	 Epoch: 39/80,	 Avg.loss: 0.0007,	 Test Accuracy: 759/1000(76%)
Task: 8,	 Epoch: 40/80,	 Avg.loss: 0.0008,	 Test Accuracy: 734/1000(73%)
Task: 8,	 Epoch: 41/80,	 Avg.loss: 0.0007,	 Test Accuracy: 770/1000(77%)
Task: 8,	 Epoch: 42/80,	 Avg.loss: 0.0007,	 Test Accuracy: 772/1000(77%)
Task: 8,	 Epoch: 43/80,	 Avg.loss: 0.0007,	 Test Accuracy: 782/1000(78%)
Task: 8,	 Epoch: 44/80,	 Avg.loss: 0.0008,	 Test Accuracy: 751/1000(75%)
Task: 8,	 Epoch: 45/80,	 Avg.loss: 0.0007,	 Test Accuracy: 782/1000(78%)
Task: 8,	 Epoch: 46/80,	 Avg.loss: 0.0007,	 Test Accuracy: 759/1000(76%)
Task: 8,	 Epoch: 47/80,	 Avg.loss: 0.0007,	 Test Accuracy: 758/1000(76%)
Task: 8,	 Epoch: 48/80,	 Avg.loss: 0.0007,	 Test Accuracy: 767/1000(77%)
Task: 8,	 Epoch: 49/80,	 Avg.loss: 0.0007,	 Test Accuracy: 771/1000(77%)
Task: 8,	 Epoch: 50/80,	 Avg.loss: 0.0007,	 Test Accuracy: 778/1000(78%)
Task: 8,	 Epoch: 51/80,	 Avg.loss: 0.0007,	 Test Accuracy: 777/1000(78%)
Task: 8,	 Epoch: 52/80,	 Avg.loss: 0.0007,	 Test Accuracy: 779/1000(78%)
Task: 8,	 Epoch: 53/80,	 Avg.loss: 0.0007,	 Test Accuracy: 781/1000(78%)
Task: 8,	 Epoch: 54/80,	 Avg.loss: 0.0007,	 Test Accuracy: 780/1000(78%)
Task: 8,	 Epoch: 55/80,	 Avg.loss: 0.0007,	 Test Accuracy: 778/1000(78%)
Task: 8,	 Epoch: 56/80,	 Avg.loss: 0.0007,	 Test Accuracy: 769/1000(77%)
Task: 8,	 Epoch: 57/80,	 Avg.loss: 0.0007,	 Test Accuracy: 782/1000(78%)
Task: 8,	 Epoch: 58/80,	 Avg.loss: 0.0007,	 Test Accuracy: 775/1000(78%)
Task: 8,	 Epoch: 59/80,	 Avg.loss: 0.0007,	 Test Accuracy: 776/1000(78%)
Task: 8,	 Epoch: 60/80,	 Avg.loss: 0.0007,	 Test Accuracy: 779/1000(78%)
Task: 8,	 Epoch: 61/80,	 Avg.loss: 0.0007,	 Test Accuracy: 775/1000(78%)
Task: 8,	 Epoch: 62/80,	 Avg.loss: 0.0007,	 Test Accuracy: 776/1000(78%)
Task: 8,	 Epoch: 63/80,	 Avg.loss: 0.0007,	 Test Accuracy: 771/1000(77%)
Task: 8,	 Epoch: 64/80,	 Avg.loss: 0.0007,	 Test Accuracy: 779/1000(78%)
Task: 8,	 Epoch: 65/80,	 Avg.loss: 0.0007,	 Test Accuracy: 782/1000(78%)
Task: 8,	 Epoch: 66/80,	 Avg.loss: 0.0007,	 Test Accuracy: 786/1000(79%)
Task: 8,	 Epoch: 67/80,	 Avg.loss: 0.0007,	 Test Accuracy: 772/1000(77%)
Task: 8,	 Epoch: 68/80,	 Avg.loss: 0.0007,	 Test Accuracy: 773/1000(77%)
Task: 8,	 Epoch: 69/80,	 Avg.loss: 0.0007,	 Test Accuracy: 772/1000(77%)
Task: 8,	 Epoch: 70/80,	 Avg.loss: 0.0007,	 Test Accuracy: 776/1000(78%)
Task: 8,	 Epoch: 71/80,	 Avg.loss: 0.0007,	 Test Accuracy: 774/1000(77%)
Task: 8,	 Epoch: 72/80,	 Avg.loss: 0.0007,	 Test Accuracy: 775/1000(78%)
Task: 8,	 Epoch: 73/80,	 Avg.loss: 0.0007,	 Test Accuracy: 774/1000(77%)
Task: 8,	 Epoch: 74/80,	 Avg.loss: 0.0007,	 Test Accuracy: 776/1000(78%)
Task: 8,	 Epoch: 75/80,	 Avg.loss: 0.0007,	 Test Accuracy: 773/1000(77%)
Task: 8,	 Epoch: 76/80,	 Avg.loss: 0.0007,	 Test Accuracy: 786/1000(79%)
Task: 8,	 Epoch: 77/80,	 Avg.loss: 0.0007,	 Test Accuracy: 786/1000(79%)
Task: 8,	 Epoch: 78/80,	 Avg.loss: 0.0007,	 Test Accuracy: 785/1000(78%)
Task: 8,	 Epoch: 79/80,	 Avg.loss: 0.0007,	 Test Accuracy: 771/1000(77%)
Trained Task:8, Loaded task:0, Accuracy:84.0%
Trained Task:8, Loaded task:1, Accuracy:75.4%
Trained Task:8, Loaded task:2, Accuracy:81.5%
Trained Task:8, Loaded task:3, Accuracy:75.8%
Trained Task:8, Loaded task:4, Accuracy:78.0%
Trained Task:8, Loaded task:5, Accuracy:75.3%
Trained Task:8, Loaded task:6, Accuracy:77.6%
Trained Task:8, Loaded task:7, Accuracy:73.5%
Trained Task:8, Loaded task:8, Accuracy:77.1%
Trained Task:8, Avg. Accuracy: 77.6 

List of avg. accuracy: [84.6, 80.5, 80.8, 79.6, 79.1, 78.6, 78.7, 77.8, 77.6]
Layer        : conv1_layer.2.weight
R.histogram  : tensor([ 8., 13.,  4.,  3.,  1.,  1.,  0.,  0.,  0.,  2.], device='cuda:0')
R_sum max/min: 56.4/1.2
F.num_zeros  : 0/9216
W.num_zeros  : 0/9216
O.num_zeros  : 0/9216
Layer        : conv2_layer.2.weight
R.histogram  : tensor([30., 23.,  7.,  2.,  1.,  0.,  0.,  0.,  0.,  1.], device='cuda:0')
R_sum max/min: 196.2/0.0
F.num_zeros  : 3456/36864
W.num_zeros  : 0/36864
O.num_zeros  : 3456/36864
Layer        : fc1_layer.1.weight
R.histogram  : tensor([439.,  33.,  19.,   6.,   5.,   3.,   3.,   0.,   2.,   2.],
       device='cuda:0')
R_sum max/min: 848.8/0.0
F.num_zeros  : 922336/2097152
W.num_zeros  : 0/2097152
O.num_zeros  : 1346076/2097152
Mask histogram
conv1_layer.2.weight: 	 tensor([   0.,    0.,    0.,    0.,    0.,  256., 1024.,  512., 1536., 2816.,
        2048.], device='cuda:0')
conv2_layer.2.weight: 	 tensor([   0.,  320., 1216.,  768.,  640.,  256.,  384.,   64.,  128.,  128.,
         192.], device='cuda:0')
fc1_layer.1.weight: 	 tensor([124.,  70.,  46.,  26.,  31.,  33.,  30.,  34.,  45.,  36.,  37.],
       device='cuda:0')
Task: 9,	 Epoch: 0/80,	 Avg.loss: 0.0012,	 Test Accuracy: 636/1000(64%)
Task: 9,	 Epoch: 1/80,	 Avg.loss: 0.0011,	 Test Accuracy: 644/1000(64%)
Task: 9,	 Epoch: 2/80,	 Avg.loss: 0.0010,	 Test Accuracy: 675/1000(68%)
Task: 9,	 Epoch: 3/80,	 Avg.loss: 0.0010,	 Test Accuracy: 668/1000(67%)
Task: 9,	 Epoch: 4/80,	 Avg.loss: 0.0010,	 Test Accuracy: 661/1000(66%)
Task: 9,	 Epoch: 5/80,	 Avg.loss: 0.0010,	 Test Accuracy: 681/1000(68%)
Task: 9,	 Epoch: 6/80,	 Avg.loss: 0.0010,	 Test Accuracy: 705/1000(70%)
Task: 9,	 Epoch: 7/80,	 Avg.loss: 0.0010,	 Test Accuracy: 678/1000(68%)
Task: 9,	 Epoch: 8/80,	 Avg.loss: 0.0009,	 Test Accuracy: 690/1000(69%)
Task: 9,	 Epoch: 9/80,	 Avg.loss: 0.0009,	 Test Accuracy: 703/1000(70%)
Task: 9,	 Epoch: 10/80,	 Avg.loss: 0.0009,	 Test Accuracy: 697/1000(70%)
Task: 9,	 Epoch: 11/80,	 Avg.loss: 0.0009,	 Test Accuracy: 687/1000(69%)
Task: 9,	 Epoch: 12/80,	 Avg.loss: 0.0009,	 Test Accuracy: 698/1000(70%)
Task: 9,	 Epoch: 13/80,	 Avg.loss: 0.0009,	 Test Accuracy: 700/1000(70%)
Task: 9,	 Epoch: 14/80,	 Avg.loss: 0.0009,	 Test Accuracy: 705/1000(70%)
Task: 9,	 Epoch: 15/80,	 Avg.loss: 0.0009,	 Test Accuracy: 710/1000(71%)
Task: 9,	 Epoch: 16/80,	 Avg.loss: 0.0008,	 Test Accuracy: 725/1000(72%)
Task: 9,	 Epoch: 17/80,	 Avg.loss: 0.0008,	 Test Accuracy: 726/1000(73%)
Task: 9,	 Epoch: 18/80,	 Avg.loss: 0.0009,	 Test Accuracy: 720/1000(72%)
Task: 9,	 Epoch: 19/80,	 Avg.loss: 0.0008,	 Test Accuracy: 728/1000(73%)
Task: 9,	 Epoch: 20/80,	 Avg.loss: 0.0008,	 Test Accuracy: 734/1000(73%)
Task: 9,	 Epoch: 21/80,	 Avg.loss: 0.0009,	 Test Accuracy: 712/1000(71%)
Task: 9,	 Epoch: 22/80,	 Avg.loss: 0.0009,	 Test Accuracy: 711/1000(71%)
Task: 9,	 Epoch: 23/80,	 Avg.loss: 0.0009,	 Test Accuracy: 709/1000(71%)
Task: 9,	 Epoch: 24/80,	 Avg.loss: 0.0008,	 Test Accuracy: 727/1000(73%)
Task: 9,	 Epoch: 25/80,	 Avg.loss: 0.0008,	 Test Accuracy: 728/1000(73%)
Task: 9,	 Epoch: 26/80,	 Avg.loss: 0.0009,	 Test Accuracy: 696/1000(70%)
Task: 9,	 Epoch: 27/80,	 Avg.loss: 0.0008,	 Test Accuracy: 729/1000(73%)
Task: 9,	 Epoch: 28/80,	 Avg.loss: 0.0008,	 Test Accuracy: 722/1000(72%)
Task: 9,	 Epoch: 29/80,	 Avg.loss: 0.0008,	 Test Accuracy: 746/1000(75%)
Task: 9,	 Epoch: 30/80,	 Avg.loss: 0.0009,	 Test Accuracy: 697/1000(70%)
Task: 9,	 Epoch: 31/80,	 Avg.loss: 0.0009,	 Test Accuracy: 698/1000(70%)
Task: 9,	 Epoch: 32/80,	 Avg.loss: 0.0008,	 Test Accuracy: 731/1000(73%)
Task: 9,	 Epoch: 33/80,	 Avg.loss: 0.0008,	 Test Accuracy: 743/1000(74%)
Task: 9,	 Epoch: 34/80,	 Avg.loss: 0.0008,	 Test Accuracy: 738/1000(74%)
Task: 9,	 Epoch: 35/80,	 Avg.loss: 0.0008,	 Test Accuracy: 744/1000(74%)
Task: 9,	 Epoch: 36/80,	 Avg.loss: 0.0008,	 Test Accuracy: 738/1000(74%)
Task: 9,	 Epoch: 37/80,	 Avg.loss: 0.0008,	 Test Accuracy: 730/1000(73%)
Task: 9,	 Epoch: 38/80,	 Avg.loss: 0.0009,	 Test Accuracy: 718/1000(72%)
Task: 9,	 Epoch: 39/80,	 Avg.loss: 0.0009,	 Test Accuracy: 699/1000(70%)
Task: 9,	 Epoch: 40/80,	 Avg.loss: 0.0008,	 Test Accuracy: 729/1000(73%)
Task: 9,	 Epoch: 41/80,	 Avg.loss: 0.0008,	 Test Accuracy: 738/1000(74%)
Task: 9,	 Epoch: 42/80,	 Avg.loss: 0.0008,	 Test Accuracy: 747/1000(75%)
Task: 9,	 Epoch: 43/80,	 Avg.loss: 0.0008,	 Test Accuracy: 733/1000(73%)
Task: 9,	 Epoch: 44/80,	 Avg.loss: 0.0008,	 Test Accuracy: 734/1000(73%)
Task: 9,	 Epoch: 45/80,	 Avg.loss: 0.0009,	 Test Accuracy: 732/1000(73%)
Task: 9,	 Epoch: 46/80,	 Avg.loss: 0.0008,	 Test Accuracy: 752/1000(75%)
Task: 9,	 Epoch: 47/80,	 Avg.loss: 0.0008,	 Test Accuracy: 723/1000(72%)
Task: 9,	 Epoch: 48/80,	 Avg.loss: 0.0008,	 Test Accuracy: 728/1000(73%)
Task: 9,	 Epoch: 49/80,	 Avg.loss: 0.0008,	 Test Accuracy: 747/1000(75%)
Task: 9,	 Epoch: 50/80,	 Avg.loss: 0.0008,	 Test Accuracy: 740/1000(74%)
Task: 9,	 Epoch: 51/80,	 Avg.loss: 0.0008,	 Test Accuracy: 745/1000(74%)
Task: 9,	 Epoch: 52/80,	 Avg.loss: 0.0008,	 Test Accuracy: 749/1000(75%)
Task: 9,	 Epoch: 53/80,	 Avg.loss: 0.0008,	 Test Accuracy: 740/1000(74%)
Task: 9,	 Epoch: 54/80,	 Avg.loss: 0.0008,	 Test Accuracy: 740/1000(74%)
Task: 9,	 Epoch: 55/80,	 Avg.loss: 0.0008,	 Test Accuracy: 747/1000(75%)
Task: 9,	 Epoch: 56/80,	 Avg.loss: 0.0008,	 Test Accuracy: 746/1000(75%)
Task: 9,	 Epoch: 57/80,	 Avg.loss: 0.0008,	 Test Accuracy: 747/1000(75%)
Task: 9,	 Epoch: 58/80,	 Avg.loss: 0.0008,	 Test Accuracy: 747/1000(75%)
Task: 9,	 Epoch: 59/80,	 Avg.loss: 0.0008,	 Test Accuracy: 748/1000(75%)
Task: 9,	 Epoch: 60/80,	 Avg.loss: 0.0008,	 Test Accuracy: 739/1000(74%)
Task: 9,	 Epoch: 61/80,	 Avg.loss: 0.0008,	 Test Accuracy: 750/1000(75%)
Task: 9,	 Epoch: 62/80,	 Avg.loss: 0.0008,	 Test Accuracy: 746/1000(75%)
Task: 9,	 Epoch: 63/80,	 Avg.loss: 0.0008,	 Test Accuracy: 752/1000(75%)
Task: 9,	 Epoch: 64/80,	 Avg.loss: 0.0008,	 Test Accuracy: 752/1000(75%)
Task: 9,	 Epoch: 65/80,	 Avg.loss: 0.0008,	 Test Accuracy: 753/1000(75%)
Task: 9,	 Epoch: 66/80,	 Avg.loss: 0.0008,	 Test Accuracy: 746/1000(75%)
Task: 9,	 Epoch: 67/80,	 Avg.loss: 0.0008,	 Test Accuracy: 755/1000(76%)
Task: 9,	 Epoch: 68/80,	 Avg.loss: 0.0008,	 Test Accuracy: 747/1000(75%)
Task: 9,	 Epoch: 69/80,	 Avg.loss: 0.0008,	 Test Accuracy: 744/1000(74%)
Task: 9,	 Epoch: 70/80,	 Avg.loss: 0.0007,	 Test Accuracy: 762/1000(76%)
Task: 9,	 Epoch: 71/80,	 Avg.loss: 0.0008,	 Test Accuracy: 748/1000(75%)
Task: 9,	 Epoch: 72/80,	 Avg.loss: 0.0008,	 Test Accuracy: 748/1000(75%)
Task: 9,	 Epoch: 73/80,	 Avg.loss: 0.0007,	 Test Accuracy: 751/1000(75%)
Task: 9,	 Epoch: 74/80,	 Avg.loss: 0.0008,	 Test Accuracy: 747/1000(75%)
Task: 9,	 Epoch: 75/80,	 Avg.loss: 0.0008,	 Test Accuracy: 753/1000(75%)
Task: 9,	 Epoch: 76/80,	 Avg.loss: 0.0007,	 Test Accuracy: 757/1000(76%)
Task: 9,	 Epoch: 77/80,	 Avg.loss: 0.0008,	 Test Accuracy: 758/1000(76%)
Task: 9,	 Epoch: 78/80,	 Avg.loss: 0.0008,	 Test Accuracy: 745/1000(74%)
Task: 9,	 Epoch: 79/80,	 Avg.loss: 0.0008,	 Test Accuracy: 756/1000(76%)
Trained Task:9, Loaded task:0, Accuracy:84.0%
Trained Task:9, Loaded task:1, Accuracy:75.3%
Trained Task:9, Loaded task:2, Accuracy:81.1%
Trained Task:9, Loaded task:3, Accuracy:75.4%
Trained Task:9, Loaded task:4, Accuracy:78.5%
Trained Task:9, Loaded task:5, Accuracy:75.2%
Trained Task:9, Loaded task:6, Accuracy:77.2%
Trained Task:9, Loaded task:7, Accuracy:73.5%
Trained Task:9, Loaded task:8, Accuracy:77.7%
Trained Task:9, Loaded task:9, Accuracy:75.6%
Trained Task:9, Avg. Accuracy: 77.4 

List of avg. accuracy: [84.6, 80.5, 80.8, 79.6, 79.1, 78.6, 78.7, 77.8, 77.6, 77.4]
