Layer        : conv1_layer.2.weight
R.histogram  : tensor([4., 6., 6., 5., 2., 1., 3., 1., 1., 3.], device='cuda:0')
R_sum max/min: 53.7/1.1
F.num_zeros  : 0/9216
W.num_zeros  : 0/9216
O.num_zeros  : 0/9216
Layer        : conv2_layer.2.weight
R.histogram  : tensor([11.,  9., 12.,  8.,  5.,  3.,  4.,  2.,  4.,  6.], device='cuda:0')
R_sum max/min: 57.2/0.0
F.num_zeros  : 4095/36864
W.num_zeros  : 0/36864
O.num_zeros  : 0/36864
Layer        : fc1_layer.1.weight
R.histogram  : tensor([302., 134.,  48.,  17.,   4.,   1.,   3.,   1.,   1.,   1.],
       device='cuda:0')
R_sum max/min: 708.3/0.0
F.num_zeros  : 919283/2097152
W.num_zeros  : 0/2097152
O.num_zeros  : 0/2097152
Mask histogram
conv1_layer.2.weight: 	 tensor([1280., 6912.,    0.,    0.,    0.,    0.,    0.,    0.,    0.,    0.,
           0.], device='cuda:0')
conv2_layer.2.weight: 	 tensor([2496., 1600.,    0.,    0.,    0.,    0.,    0.,    0.,    0.,    0.,
           0.], device='cuda:0')
fc1_layer.1.weight: 	 tensor([324., 188.,   0.,   0.,   0.,   0.,   0.,   0.,   0.,   0.,   0.],
       device='cuda:0')
Task: 0,	 Epoch: 0/80,	 Avg.loss: 0.0012,	 Test Accuracy: 569/1000(57%)
Task: 0,	 Epoch: 1/80,	 Avg.loss: 0.0010,	 Test Accuracy: 661/1000(66%)
Task: 0,	 Epoch: 2/80,	 Avg.loss: 0.0008,	 Test Accuracy: 746/1000(75%)
Task: 0,	 Epoch: 3/80,	 Avg.loss: 0.0007,	 Test Accuracy: 758/1000(76%)
Task: 0,	 Epoch: 4/80,	 Avg.loss: 0.0007,	 Test Accuracy: 770/1000(77%)
Task: 0,	 Epoch: 5/80,	 Avg.loss: 0.0006,	 Test Accuracy: 778/1000(78%)
Task: 0,	 Epoch: 6/80,	 Avg.loss: 0.0007,	 Test Accuracy: 769/1000(77%)
Task: 0,	 Epoch: 7/80,	 Avg.loss: 0.0006,	 Test Accuracy: 792/1000(79%)
Task: 0,	 Epoch: 8/80,	 Avg.loss: 0.0007,	 Test Accuracy: 762/1000(76%)
Task: 0,	 Epoch: 9/80,	 Avg.loss: 0.0006,	 Test Accuracy: 802/1000(80%)
Task: 0,	 Epoch: 10/80,	 Avg.loss: 0.0006,	 Test Accuracy: 794/1000(79%)
Task: 0,	 Epoch: 11/80,	 Avg.loss: 0.0006,	 Test Accuracy: 784/1000(78%)
Task: 0,	 Epoch: 12/80,	 Avg.loss: 0.0006,	 Test Accuracy: 806/1000(81%)
Task: 0,	 Epoch: 13/80,	 Avg.loss: 0.0006,	 Test Accuracy: 816/1000(82%)
Task: 0,	 Epoch: 14/80,	 Avg.loss: 0.0006,	 Test Accuracy: 813/1000(81%)
Task: 0,	 Epoch: 15/80,	 Avg.loss: 0.0006,	 Test Accuracy: 824/1000(82%)
Task: 0,	 Epoch: 16/80,	 Avg.loss: 0.0005,	 Test Accuracy: 817/1000(82%)
Task: 0,	 Epoch: 17/80,	 Avg.loss: 0.0006,	 Test Accuracy: 803/1000(80%)
Task: 0,	 Epoch: 18/80,	 Avg.loss: 0.0006,	 Test Accuracy: 820/1000(82%)
Task: 0,	 Epoch: 19/80,	 Avg.loss: 0.0005,	 Test Accuracy: 819/1000(82%)
Task: 0,	 Epoch: 20/80,	 Avg.loss: 0.0006,	 Test Accuracy: 826/1000(83%)
Task: 0,	 Epoch: 21/80,	 Avg.loss: 0.0006,	 Test Accuracy: 818/1000(82%)
Task: 0,	 Epoch: 22/80,	 Avg.loss: 0.0005,	 Test Accuracy: 823/1000(82%)
Task: 0,	 Epoch: 23/80,	 Avg.loss: 0.0005,	 Test Accuracy: 821/1000(82%)
Task: 0,	 Epoch: 24/80,	 Avg.loss: 0.0006,	 Test Accuracy: 822/1000(82%)
Task: 0,	 Epoch: 25/80,	 Avg.loss: 0.0005,	 Test Accuracy: 826/1000(83%)
Task: 0,	 Epoch: 26/80,	 Avg.loss: 0.0006,	 Test Accuracy: 823/1000(82%)
Task: 0,	 Epoch: 27/80,	 Avg.loss: 0.0006,	 Test Accuracy: 826/1000(83%)
Task: 0,	 Epoch: 28/80,	 Avg.loss: 0.0006,	 Test Accuracy: 826/1000(83%)
Task: 0,	 Epoch: 29/80,	 Avg.loss: 0.0005,	 Test Accuracy: 835/1000(84%)
Task: 0,	 Epoch: 30/80,	 Avg.loss: 0.0005,	 Test Accuracy: 840/1000(84%)
Task: 0,	 Epoch: 31/80,	 Avg.loss: 0.0006,	 Test Accuracy: 846/1000(85%)
Task: 0,	 Epoch: 32/80,	 Avg.loss: 0.0006,	 Test Accuracy: 839/1000(84%)
Task: 0,	 Epoch: 33/80,	 Avg.loss: 0.0005,	 Test Accuracy: 838/1000(84%)
Task: 0,	 Epoch: 34/80,	 Avg.loss: 0.0005,	 Test Accuracy: 848/1000(85%)
Task: 0,	 Epoch: 35/80,	 Avg.loss: 0.0006,	 Test Accuracy: 822/1000(82%)
Task: 0,	 Epoch: 36/80,	 Avg.loss: 0.0006,	 Test Accuracy: 847/1000(85%)
Task: 0,	 Epoch: 37/80,	 Avg.loss: 0.0006,	 Test Accuracy: 832/1000(83%)
Task: 0,	 Epoch: 38/80,	 Avg.loss: 0.0006,	 Test Accuracy: 843/1000(84%)
Task: 0,	 Epoch: 39/80,	 Avg.loss: 0.0005,	 Test Accuracy: 847/1000(85%)
Task: 0,	 Epoch: 40/80,	 Avg.loss: 0.0006,	 Test Accuracy: 831/1000(83%)
Task: 0,	 Epoch: 41/80,	 Avg.loss: 0.0006,	 Test Accuracy: 836/1000(84%)
Task: 0,	 Epoch: 42/80,	 Avg.loss: 0.0006,	 Test Accuracy: 825/1000(83%)
Task: 0,	 Epoch: 43/80,	 Avg.loss: 0.0005,	 Test Accuracy: 839/1000(84%)
Task: 0,	 Epoch: 44/80,	 Avg.loss: 0.0006,	 Test Accuracy: 836/1000(84%)
Task: 0,	 Epoch: 45/80,	 Avg.loss: 0.0006,	 Test Accuracy: 856/1000(86%)
Task: 0,	 Epoch: 46/80,	 Avg.loss: 0.0006,	 Test Accuracy: 839/1000(84%)
Task: 0,	 Epoch: 47/80,	 Avg.loss: 0.0006,	 Test Accuracy: 829/1000(83%)
Task: 0,	 Epoch: 48/80,	 Avg.loss: 0.0006,	 Test Accuracy: 850/1000(85%)
Task: 0,	 Epoch: 49/80,	 Avg.loss: 0.0006,	 Test Accuracy: 842/1000(84%)
Task: 0,	 Epoch: 50/80,	 Avg.loss: 0.0005,	 Test Accuracy: 856/1000(86%)
Task: 0,	 Epoch: 51/80,	 Avg.loss: 0.0005,	 Test Accuracy: 852/1000(85%)
Task: 0,	 Epoch: 52/80,	 Avg.loss: 0.0005,	 Test Accuracy: 850/1000(85%)
Task: 0,	 Epoch: 53/80,	 Avg.loss: 0.0005,	 Test Accuracy: 856/1000(86%)
Task: 0,	 Epoch: 54/80,	 Avg.loss: 0.0005,	 Test Accuracy: 860/1000(86%)
Task: 0,	 Epoch: 55/80,	 Avg.loss: 0.0006,	 Test Accuracy: 858/1000(86%)
Task: 0,	 Epoch: 56/80,	 Avg.loss: 0.0005,	 Test Accuracy: 856/1000(86%)
Task: 0,	 Epoch: 57/80,	 Avg.loss: 0.0005,	 Test Accuracy: 861/1000(86%)
Task: 0,	 Epoch: 58/80,	 Avg.loss: 0.0005,	 Test Accuracy: 864/1000(86%)
Task: 0,	 Epoch: 59/80,	 Avg.loss: 0.0005,	 Test Accuracy: 858/1000(86%)
Task: 0,	 Epoch: 60/80,	 Avg.loss: 0.0005,	 Test Accuracy: 858/1000(86%)
Task: 0,	 Epoch: 61/80,	 Avg.loss: 0.0005,	 Test Accuracy: 860/1000(86%)
Task: 0,	 Epoch: 62/80,	 Avg.loss: 0.0005,	 Test Accuracy: 860/1000(86%)
Task: 0,	 Epoch: 63/80,	 Avg.loss: 0.0005,	 Test Accuracy: 856/1000(86%)
Task: 0,	 Epoch: 64/80,	 Avg.loss: 0.0005,	 Test Accuracy: 857/1000(86%)
Task: 0,	 Epoch: 65/80,	 Avg.loss: 0.0006,	 Test Accuracy: 855/1000(86%)
Task: 0,	 Epoch: 66/80,	 Avg.loss: 0.0005,	 Test Accuracy: 858/1000(86%)
Task: 0,	 Epoch: 67/80,	 Avg.loss: 0.0006,	 Test Accuracy: 855/1000(86%)
Task: 0,	 Epoch: 68/80,	 Avg.loss: 0.0005,	 Test Accuracy: 861/1000(86%)
Task: 0,	 Epoch: 69/80,	 Avg.loss: 0.0006,	 Test Accuracy: 854/1000(85%)
Task: 0,	 Epoch: 70/80,	 Avg.loss: 0.0006,	 Test Accuracy: 860/1000(86%)
Task: 0,	 Epoch: 71/80,	 Avg.loss: 0.0006,	 Test Accuracy: 855/1000(86%)
Task: 0,	 Epoch: 72/80,	 Avg.loss: 0.0006,	 Test Accuracy: 861/1000(86%)
Task: 0,	 Epoch: 73/80,	 Avg.loss: 0.0005,	 Test Accuracy: 854/1000(85%)
Task: 0,	 Epoch: 74/80,	 Avg.loss: 0.0006,	 Test Accuracy: 863/1000(86%)
Task: 0,	 Epoch: 75/80,	 Avg.loss: 0.0006,	 Test Accuracy: 859/1000(86%)
Task: 0,	 Epoch: 76/80,	 Avg.loss: 0.0006,	 Test Accuracy: 856/1000(86%)
Task: 0,	 Epoch: 77/80,	 Avg.loss: 0.0006,	 Test Accuracy: 866/1000(87%)
Task: 0,	 Epoch: 78/80,	 Avg.loss: 0.0005,	 Test Accuracy: 859/1000(86%)
Task: 0,	 Epoch: 79/80,	 Avg.loss: 0.0005,	 Test Accuracy: 858/1000(86%)
Trained Task:0, Loaded task:0, Accuracy:85.8%
Trained Task:0, Avg. Accuracy: 85.8 

List of avg. accuracy: [85.8]
Layer        : conv1_layer.2.weight
R.histogram  : tensor([10.,  9.,  5.,  3.,  2.,  0.,  1.,  0.,  1.,  1.], device='cuda:0')
R_sum max/min: 64.8/2.4
F.num_zeros  : 0/9216
W.num_zeros  : 0/9216
O.num_zeros  : 1440/9216
Layer        : conv2_layer.2.weight
R.histogram  : tensor([46., 10.,  2.,  2.,  2.,  1.,  0.,  0.,  0.,  1.], device='cuda:0')
R_sum max/min: 138.2/0.0
F.num_zeros  : 3984/36864
W.num_zeros  : 0/36864
O.num_zeros  : 23616/36864
Layer        : fc1_layer.1.weight
R.histogram  : tensor([372.,  89.,  28.,  16.,   2.,   2.,   1.,   0.,   1.,   1.],
       device='cuda:0')
R_sum max/min: 478.5/0.0
F.num_zeros  : 931771/2097152
W.num_zeros  : 0/2097152
O.num_zeros  : 1839552/2097152
Mask histogram
conv1_layer.2.weight: 	 tensor([   0., 2560., 5632.,    0.,    0.,    0.,    0.,    0.,    0.,    0.,
           0.], device='cuda:0')
conv2_layer.2.weight: 	 tensor([2112.,  768., 1216.,    0.,    0.,    0.,    0.,    0.,    0.,    0.,
           0.], device='cuda:0')
fc1_layer.1.weight: 	 tensor([274.,  88., 150.,   0.,   0.,   0.,   0.,   0.,   0.,   0.,   0.],
       device='cuda:0')
Task: 1,	 Epoch: 0/80,	 Avg.loss: 0.0013,	 Test Accuracy: 568/1000(57%)
Task: 1,	 Epoch: 1/80,	 Avg.loss: 0.0010,	 Test Accuracy: 639/1000(64%)
Task: 1,	 Epoch: 2/80,	 Avg.loss: 0.0009,	 Test Accuracy: 658/1000(66%)
Task: 1,	 Epoch: 3/80,	 Avg.loss: 0.0009,	 Test Accuracy: 693/1000(69%)
Task: 1,	 Epoch: 4/80,	 Avg.loss: 0.0009,	 Test Accuracy: 679/1000(68%)
Task: 1,	 Epoch: 5/80,	 Avg.loss: 0.0009,	 Test Accuracy: 675/1000(68%)
Task: 1,	 Epoch: 6/80,	 Avg.loss: 0.0008,	 Test Accuracy: 714/1000(71%)
Task: 1,	 Epoch: 7/80,	 Avg.loss: 0.0008,	 Test Accuracy: 707/1000(71%)
Task: 1,	 Epoch: 8/80,	 Avg.loss: 0.0008,	 Test Accuracy: 699/1000(70%)
Task: 1,	 Epoch: 9/80,	 Avg.loss: 0.0009,	 Test Accuracy: 707/1000(71%)
Task: 1,	 Epoch: 10/80,	 Avg.loss: 0.0008,	 Test Accuracy: 709/1000(71%)
Task: 1,	 Epoch: 11/80,	 Avg.loss: 0.0008,	 Test Accuracy: 707/1000(71%)
Task: 1,	 Epoch: 12/80,	 Avg.loss: 0.0008,	 Test Accuracy: 725/1000(72%)
Task: 1,	 Epoch: 13/80,	 Avg.loss: 0.0008,	 Test Accuracy: 720/1000(72%)
Task: 1,	 Epoch: 14/80,	 Avg.loss: 0.0008,	 Test Accuracy: 700/1000(70%)
Task: 1,	 Epoch: 15/80,	 Avg.loss: 0.0008,	 Test Accuracy: 723/1000(72%)
Task: 1,	 Epoch: 16/80,	 Avg.loss: 0.0008,	 Test Accuracy: 720/1000(72%)
Task: 1,	 Epoch: 17/80,	 Avg.loss: 0.0008,	 Test Accuracy: 732/1000(73%)
Task: 1,	 Epoch: 18/80,	 Avg.loss: 0.0008,	 Test Accuracy: 721/1000(72%)
Task: 1,	 Epoch: 19/80,	 Avg.loss: 0.0008,	 Test Accuracy: 732/1000(73%)
Task: 1,	 Epoch: 20/80,	 Avg.loss: 0.0007,	 Test Accuracy: 758/1000(76%)
Task: 1,	 Epoch: 21/80,	 Avg.loss: 0.0008,	 Test Accuracy: 738/1000(74%)
Task: 1,	 Epoch: 22/80,	 Avg.loss: 0.0008,	 Test Accuracy: 725/1000(72%)
Task: 1,	 Epoch: 23/80,	 Avg.loss: 0.0007,	 Test Accuracy: 740/1000(74%)
Task: 1,	 Epoch: 24/80,	 Avg.loss: 0.0007,	 Test Accuracy: 744/1000(74%)
Task: 1,	 Epoch: 25/80,	 Avg.loss: 0.0007,	 Test Accuracy: 754/1000(75%)
Task: 1,	 Epoch: 26/80,	 Avg.loss: 0.0007,	 Test Accuracy: 752/1000(75%)
Task: 1,	 Epoch: 27/80,	 Avg.loss: 0.0007,	 Test Accuracy: 755/1000(76%)
Task: 1,	 Epoch: 28/80,	 Avg.loss: 0.0007,	 Test Accuracy: 745/1000(74%)
Task: 1,	 Epoch: 29/80,	 Avg.loss: 0.0007,	 Test Accuracy: 754/1000(75%)
Task: 1,	 Epoch: 30/80,	 Avg.loss: 0.0007,	 Test Accuracy: 743/1000(74%)
Task: 1,	 Epoch: 31/80,	 Avg.loss: 0.0007,	 Test Accuracy: 763/1000(76%)
Task: 1,	 Epoch: 32/80,	 Avg.loss: 0.0008,	 Test Accuracy: 722/1000(72%)
Task: 1,	 Epoch: 33/80,	 Avg.loss: 0.0008,	 Test Accuracy: 757/1000(76%)
Task: 1,	 Epoch: 34/80,	 Avg.loss: 0.0008,	 Test Accuracy: 737/1000(74%)
Task: 1,	 Epoch: 35/80,	 Avg.loss: 0.0008,	 Test Accuracy: 732/1000(73%)
Task: 1,	 Epoch: 36/80,	 Avg.loss: 0.0008,	 Test Accuracy: 747/1000(75%)
Task: 1,	 Epoch: 37/80,	 Avg.loss: 0.0007,	 Test Accuracy: 749/1000(75%)
Task: 1,	 Epoch: 38/80,	 Avg.loss: 0.0008,	 Test Accuracy: 744/1000(74%)
Task: 1,	 Epoch: 39/80,	 Avg.loss: 0.0008,	 Test Accuracy: 757/1000(76%)
Task: 1,	 Epoch: 40/80,	 Avg.loss: 0.0008,	 Test Accuracy: 745/1000(74%)
Task: 1,	 Epoch: 41/80,	 Avg.loss: 0.0007,	 Test Accuracy: 744/1000(74%)
Task: 1,	 Epoch: 42/80,	 Avg.loss: 0.0008,	 Test Accuracy: 742/1000(74%)
Task: 1,	 Epoch: 43/80,	 Avg.loss: 0.0008,	 Test Accuracy: 763/1000(76%)
Task: 1,	 Epoch: 44/80,	 Avg.loss: 0.0008,	 Test Accuracy: 751/1000(75%)
Task: 1,	 Epoch: 45/80,	 Avg.loss: 0.0008,	 Test Accuracy: 758/1000(76%)
Task: 1,	 Epoch: 46/80,	 Avg.loss: 0.0008,	 Test Accuracy: 748/1000(75%)
Task: 1,	 Epoch: 47/80,	 Avg.loss: 0.0008,	 Test Accuracy: 742/1000(74%)
Task: 1,	 Epoch: 48/80,	 Avg.loss: 0.0008,	 Test Accuracy: 759/1000(76%)
Task: 1,	 Epoch: 49/80,	 Avg.loss: 0.0007,	 Test Accuracy: 759/1000(76%)
Task: 1,	 Epoch: 50/80,	 Avg.loss: 0.0007,	 Test Accuracy: 763/1000(76%)
Task: 1,	 Epoch: 51/80,	 Avg.loss: 0.0007,	 Test Accuracy: 766/1000(77%)
Task: 1,	 Epoch: 52/80,	 Avg.loss: 0.0007,	 Test Accuracy: 765/1000(76%)
Task: 1,	 Epoch: 53/80,	 Avg.loss: 0.0007,	 Test Accuracy: 765/1000(76%)
Task: 1,	 Epoch: 54/80,	 Avg.loss: 0.0007,	 Test Accuracy: 766/1000(77%)
Task: 1,	 Epoch: 55/80,	 Avg.loss: 0.0007,	 Test Accuracy: 766/1000(77%)
Task: 1,	 Epoch: 56/80,	 Avg.loss: 0.0007,	 Test Accuracy: 771/1000(77%)
Task: 1,	 Epoch: 57/80,	 Avg.loss: 0.0007,	 Test Accuracy: 763/1000(76%)
Task: 1,	 Epoch: 58/80,	 Avg.loss: 0.0007,	 Test Accuracy: 763/1000(76%)
Task: 1,	 Epoch: 59/80,	 Avg.loss: 0.0007,	 Test Accuracy: 770/1000(77%)
Task: 1,	 Epoch: 60/80,	 Avg.loss: 0.0007,	 Test Accuracy: 765/1000(76%)
Task: 1,	 Epoch: 61/80,	 Avg.loss: 0.0007,	 Test Accuracy: 771/1000(77%)
Task: 1,	 Epoch: 62/80,	 Avg.loss: 0.0007,	 Test Accuracy: 765/1000(76%)
Task: 1,	 Epoch: 63/80,	 Avg.loss: 0.0007,	 Test Accuracy: 762/1000(76%)
Task: 1,	 Epoch: 64/80,	 Avg.loss: 0.0007,	 Test Accuracy: 768/1000(77%)
Task: 1,	 Epoch: 65/80,	 Avg.loss: 0.0007,	 Test Accuracy: 770/1000(77%)
Task: 1,	 Epoch: 66/80,	 Avg.loss: 0.0007,	 Test Accuracy: 768/1000(77%)
Task: 1,	 Epoch: 67/80,	 Avg.loss: 0.0007,	 Test Accuracy: 770/1000(77%)
Task: 1,	 Epoch: 68/80,	 Avg.loss: 0.0007,	 Test Accuracy: 771/1000(77%)
Task: 1,	 Epoch: 69/80,	 Avg.loss: 0.0007,	 Test Accuracy: 767/1000(77%)
Task: 1,	 Epoch: 70/80,	 Avg.loss: 0.0007,	 Test Accuracy: 773/1000(77%)
Task: 1,	 Epoch: 71/80,	 Avg.loss: 0.0007,	 Test Accuracy: 774/1000(77%)
Task: 1,	 Epoch: 72/80,	 Avg.loss: 0.0007,	 Test Accuracy: 773/1000(77%)
Task: 1,	 Epoch: 73/80,	 Avg.loss: 0.0007,	 Test Accuracy: 774/1000(77%)
Task: 1,	 Epoch: 74/80,	 Avg.loss: 0.0007,	 Test Accuracy: 774/1000(77%)
Task: 1,	 Epoch: 75/80,	 Avg.loss: 0.0007,	 Test Accuracy: 777/1000(78%)
Task: 1,	 Epoch: 76/80,	 Avg.loss: 0.0007,	 Test Accuracy: 767/1000(77%)
Task: 1,	 Epoch: 77/80,	 Avg.loss: 0.0007,	 Test Accuracy: 772/1000(77%)
Task: 1,	 Epoch: 78/80,	 Avg.loss: 0.0007,	 Test Accuracy: 768/1000(77%)
Task: 1,	 Epoch: 79/80,	 Avg.loss: 0.0007,	 Test Accuracy: 777/1000(78%)
Trained Task:1, Loaded task:0, Accuracy:85.8%
Trained Task:1, Loaded task:1, Accuracy:77.7%
Trained Task:1, Avg. Accuracy: 81.8 

List of avg. accuracy: [85.8, 81.8]
Layer        : conv1_layer.2.weight
R.histogram  : tensor([11.,  7.,  3.,  4.,  1.,  1.,  3.,  1.,  0.,  1.], device='cuda:0')
R_sum max/min: 63.1/4.0
F.num_zeros  : 0/9216
W.num_zeros  : 0/9216
O.num_zeros  : 0/9216
Layer        : conv2_layer.2.weight
R.histogram  : tensor([31., 19.,  5.,  3.,  2.,  3.,  0.,  0.,  0.,  1.], device='cuda:0')
R_sum max/min: 55.8/0.0
F.num_zeros  : 3963/36864
W.num_zeros  : 0/36864
O.num_zeros  : 20736/36864
Layer        : fc1_layer.1.weight
R.histogram  : tensor([398.,  70.,  22.,  11.,   8.,   0.,   2.,   0.,   0.,   1.],
       device='cuda:0')
R_sum max/min: 531.6/0.0
F.num_zeros  : 941953/2097152
W.num_zeros  : 0/2097152
O.num_zeros  : 1746432/2097152
Mask histogram
conv1_layer.2.weight: 	 tensor([   0.,  256., 3072., 4864.,    0.,    0.,    0.,    0.,    0.,    0.,
           0.], device='cuda:0')
conv2_layer.2.weight: 	 tensor([1856.,  576.,  768.,  896.,    0.,    0.,    0.,    0.,    0.,    0.,
           0.], device='cuda:0')
fc1_layer.1.weight: 	 tensor([237.,  69.,  99., 107.,   0.,   0.,   0.,   0.,   0.,   0.,   0.],
       device='cuda:0')
Task: 2,	 Epoch: 0/80,	 Avg.loss: 0.0012,	 Test Accuracy: 622/1000(62%)
Task: 2,	 Epoch: 1/80,	 Avg.loss: 0.0010,	 Test Accuracy: 669/1000(67%)
Task: 2,	 Epoch: 2/80,	 Avg.loss: 0.0009,	 Test Accuracy: 689/1000(69%)
Task: 2,	 Epoch: 3/80,	 Avg.loss: 0.0009,	 Test Accuracy: 706/1000(71%)
Task: 2,	 Epoch: 4/80,	 Avg.loss: 0.0008,	 Test Accuracy: 716/1000(72%)
Task: 2,	 Epoch: 5/80,	 Avg.loss: 0.0008,	 Test Accuracy: 734/1000(73%)
Task: 2,	 Epoch: 6/80,	 Avg.loss: 0.0008,	 Test Accuracy: 739/1000(74%)
Task: 2,	 Epoch: 7/80,	 Avg.loss: 0.0008,	 Test Accuracy: 716/1000(72%)
Task: 2,	 Epoch: 8/80,	 Avg.loss: 0.0008,	 Test Accuracy: 738/1000(74%)
Task: 2,	 Epoch: 9/80,	 Avg.loss: 0.0008,	 Test Accuracy: 756/1000(76%)
Task: 2,	 Epoch: 10/80,	 Avg.loss: 0.0008,	 Test Accuracy: 748/1000(75%)
Task: 2,	 Epoch: 11/80,	 Avg.loss: 0.0008,	 Test Accuracy: 758/1000(76%)
Task: 2,	 Epoch: 12/80,	 Avg.loss: 0.0008,	 Test Accuracy: 752/1000(75%)
Task: 2,	 Epoch: 13/80,	 Avg.loss: 0.0008,	 Test Accuracy: 754/1000(75%)
Task: 2,	 Epoch: 14/80,	 Avg.loss: 0.0008,	 Test Accuracy: 758/1000(76%)
Task: 2,	 Epoch: 15/80,	 Avg.loss: 0.0008,	 Test Accuracy: 754/1000(75%)
Task: 2,	 Epoch: 16/80,	 Avg.loss: 0.0007,	 Test Accuracy: 763/1000(76%)
Task: 2,	 Epoch: 17/80,	 Avg.loss: 0.0007,	 Test Accuracy: 764/1000(76%)
Task: 2,	 Epoch: 18/80,	 Avg.loss: 0.0007,	 Test Accuracy: 762/1000(76%)
Task: 2,	 Epoch: 19/80,	 Avg.loss: 0.0007,	 Test Accuracy: 750/1000(75%)
Task: 2,	 Epoch: 20/80,	 Avg.loss: 0.0007,	 Test Accuracy: 776/1000(78%)
Task: 2,	 Epoch: 21/80,	 Avg.loss: 0.0007,	 Test Accuracy: 772/1000(77%)
Task: 2,	 Epoch: 22/80,	 Avg.loss: 0.0008,	 Test Accuracy: 771/1000(77%)
Task: 2,	 Epoch: 23/80,	 Avg.loss: 0.0007,	 Test Accuracy: 770/1000(77%)
Task: 2,	 Epoch: 24/80,	 Avg.loss: 0.0007,	 Test Accuracy: 765/1000(76%)
Task: 2,	 Epoch: 25/80,	 Avg.loss: 0.0007,	 Test Accuracy: 779/1000(78%)
Task: 2,	 Epoch: 26/80,	 Avg.loss: 0.0007,	 Test Accuracy: 778/1000(78%)
Task: 2,	 Epoch: 27/80,	 Avg.loss: 0.0007,	 Test Accuracy: 768/1000(77%)
Task: 2,	 Epoch: 28/80,	 Avg.loss: 0.0007,	 Test Accuracy: 772/1000(77%)
Task: 2,	 Epoch: 29/80,	 Avg.loss: 0.0008,	 Test Accuracy: 767/1000(77%)
Task: 2,	 Epoch: 30/80,	 Avg.loss: 0.0008,	 Test Accuracy: 764/1000(76%)
Task: 2,	 Epoch: 31/80,	 Avg.loss: 0.0008,	 Test Accuracy: 775/1000(78%)
Task: 2,	 Epoch: 32/80,	 Avg.loss: 0.0007,	 Test Accuracy: 779/1000(78%)
Task: 2,	 Epoch: 33/80,	 Avg.loss: 0.0007,	 Test Accuracy: 781/1000(78%)
Task: 2,	 Epoch: 34/80,	 Avg.loss: 0.0007,	 Test Accuracy: 766/1000(77%)
Task: 2,	 Epoch: 35/80,	 Avg.loss: 0.0007,	 Test Accuracy: 775/1000(78%)
Task: 2,	 Epoch: 36/80,	 Avg.loss: 0.0007,	 Test Accuracy: 775/1000(78%)
Task: 2,	 Epoch: 37/80,	 Avg.loss: 0.0007,	 Test Accuracy: 780/1000(78%)
Task: 2,	 Epoch: 38/80,	 Avg.loss: 0.0007,	 Test Accuracy: 782/1000(78%)
Task: 2,	 Epoch: 39/80,	 Avg.loss: 0.0007,	 Test Accuracy: 776/1000(78%)
Task: 2,	 Epoch: 40/80,	 Avg.loss: 0.0007,	 Test Accuracy: 780/1000(78%)
Task: 2,	 Epoch: 41/80,	 Avg.loss: 0.0007,	 Test Accuracy: 782/1000(78%)
Task: 2,	 Epoch: 42/80,	 Avg.loss: 0.0007,	 Test Accuracy: 770/1000(77%)
Task: 2,	 Epoch: 43/80,	 Avg.loss: 0.0007,	 Test Accuracy: 785/1000(78%)
Task: 2,	 Epoch: 44/80,	 Avg.loss: 0.0007,	 Test Accuracy: 786/1000(79%)
Task: 2,	 Epoch: 45/80,	 Avg.loss: 0.0007,	 Test Accuracy: 792/1000(79%)
Task: 2,	 Epoch: 46/80,	 Avg.loss: 0.0007,	 Test Accuracy: 783/1000(78%)
Task: 2,	 Epoch: 47/80,	 Avg.loss: 0.0007,	 Test Accuracy: 789/1000(79%)
Task: 2,	 Epoch: 48/80,	 Avg.loss: 0.0007,	 Test Accuracy: 793/1000(79%)
Task: 2,	 Epoch: 49/80,	 Avg.loss: 0.0007,	 Test Accuracy: 779/1000(78%)
Task: 2,	 Epoch: 50/80,	 Avg.loss: 0.0007,	 Test Accuracy: 794/1000(79%)
Task: 2,	 Epoch: 51/80,	 Avg.loss: 0.0007,	 Test Accuracy: 789/1000(79%)
Task: 2,	 Epoch: 52/80,	 Avg.loss: 0.0007,	 Test Accuracy: 791/1000(79%)
Task: 2,	 Epoch: 53/80,	 Avg.loss: 0.0007,	 Test Accuracy: 797/1000(80%)
Task: 2,	 Epoch: 54/80,	 Avg.loss: 0.0007,	 Test Accuracy: 794/1000(79%)
Task: 2,	 Epoch: 55/80,	 Avg.loss: 0.0007,	 Test Accuracy: 794/1000(79%)
Task: 2,	 Epoch: 56/80,	 Avg.loss: 0.0007,	 Test Accuracy: 790/1000(79%)
Task: 2,	 Epoch: 57/80,	 Avg.loss: 0.0007,	 Test Accuracy: 793/1000(79%)
Task: 2,	 Epoch: 58/80,	 Avg.loss: 0.0007,	 Test Accuracy: 792/1000(79%)
Task: 2,	 Epoch: 59/80,	 Avg.loss: 0.0007,	 Test Accuracy: 789/1000(79%)
Task: 2,	 Epoch: 60/80,	 Avg.loss: 0.0007,	 Test Accuracy: 794/1000(79%)
Task: 2,	 Epoch: 61/80,	 Avg.loss: 0.0007,	 Test Accuracy: 794/1000(79%)
Task: 2,	 Epoch: 62/80,	 Avg.loss: 0.0007,	 Test Accuracy: 794/1000(79%)
Task: 2,	 Epoch: 63/80,	 Avg.loss: 0.0007,	 Test Accuracy: 794/1000(79%)
Task: 2,	 Epoch: 64/80,	 Avg.loss: 0.0007,	 Test Accuracy: 793/1000(79%)
Task: 2,	 Epoch: 65/80,	 Avg.loss: 0.0007,	 Test Accuracy: 794/1000(79%)
Task: 2,	 Epoch: 66/80,	 Avg.loss: 0.0007,	 Test Accuracy: 792/1000(79%)
Task: 2,	 Epoch: 67/80,	 Avg.loss: 0.0007,	 Test Accuracy: 793/1000(79%)
Task: 2,	 Epoch: 68/80,	 Avg.loss: 0.0007,	 Test Accuracy: 797/1000(80%)
Task: 2,	 Epoch: 69/80,	 Avg.loss: 0.0007,	 Test Accuracy: 793/1000(79%)
Task: 2,	 Epoch: 70/80,	 Avg.loss: 0.0007,	 Test Accuracy: 791/1000(79%)
Task: 2,	 Epoch: 71/80,	 Avg.loss: 0.0007,	 Test Accuracy: 793/1000(79%)
Task: 2,	 Epoch: 72/80,	 Avg.loss: 0.0007,	 Test Accuracy: 795/1000(80%)
Task: 2,	 Epoch: 73/80,	 Avg.loss: 0.0007,	 Test Accuracy: 794/1000(79%)
Task: 2,	 Epoch: 74/80,	 Avg.loss: 0.0007,	 Test Accuracy: 793/1000(79%)
Task: 2,	 Epoch: 75/80,	 Avg.loss: 0.0007,	 Test Accuracy: 794/1000(79%)
Task: 2,	 Epoch: 76/80,	 Avg.loss: 0.0007,	 Test Accuracy: 792/1000(79%)
Task: 2,	 Epoch: 77/80,	 Avg.loss: 0.0007,	 Test Accuracy: 791/1000(79%)
Task: 2,	 Epoch: 78/80,	 Avg.loss: 0.0007,	 Test Accuracy: 798/1000(80%)
Task: 2,	 Epoch: 79/80,	 Avg.loss: 0.0007,	 Test Accuracy: 797/1000(80%)
Trained Task:2, Loaded task:0, Accuracy:85.2%
Trained Task:2, Loaded task:1, Accuracy:76.8%
Trained Task:2, Loaded task:2, Accuracy:79.7%
Trained Task:2, Avg. Accuracy: 80.6 

List of avg. accuracy: [85.8, 81.8, 80.6]
Layer        : conv1_layer.2.weight
R.histogram  : tensor([6., 4., 2., 7., 0., 2., 5., 3., 2., 1.], device='cuda:0')
R_sum max/min: 56.8/3.9
F.num_zeros  : 0/9216
W.num_zeros  : 0/9216
O.num_zeros  : 0/9216
Layer        : conv2_layer.2.weight
R.histogram  : tensor([26., 13.,  4.,  7.,  5.,  3.,  2.,  3.,  0.,  1.], device='cuda:0')
R_sum max/min: 77.3/0.0
F.num_zeros  : 4032/36864
W.num_zeros  : 0/36864
O.num_zeros  : 19008/36864
Layer        : fc1_layer.1.weight
R.histogram  : tensor([379.,  56.,  28.,  17.,  13.,   8.,   2.,   4.,   3.,   2.],
       device='cuda:0')
R_sum max/min: 478.5/0.0
F.num_zeros  : 958024/2097152
W.num_zeros  : 0/2097152
O.num_zeros  : 1671691/2097152
Mask histogram
conv1_layer.2.weight: 	 tensor([   0.,    0.,  512., 3328., 4352.,    0.,    0.,    0.,    0.,    0.,
           0.], device='cuda:0')
conv2_layer.2.weight: 	 tensor([1728.,  448.,  640.,  448.,  832.,    0.,    0.,    0.,    0.,    0.,
           0.], device='cuda:0')
fc1_layer.1.weight: 	 tensor([228.,  42.,  78.,  64., 100.,   0.,   0.,   0.,   0.,   0.,   0.],
       device='cuda:0')
Task: 3,	 Epoch: 0/80,	 Avg.loss: 0.0012,	 Test Accuracy: 586/1000(59%)
Task: 3,	 Epoch: 1/80,	 Avg.loss: 0.0012,	 Test Accuracy: 608/1000(61%)
Task: 3,	 Epoch: 2/80,	 Avg.loss: 0.0012,	 Test Accuracy: 615/1000(62%)
Task: 3,	 Epoch: 3/80,	 Avg.loss: 0.0011,	 Test Accuracy: 637/1000(64%)
Task: 3,	 Epoch: 4/80,	 Avg.loss: 0.0011,	 Test Accuracy: 639/1000(64%)
Task: 3,	 Epoch: 5/80,	 Avg.loss: 0.0010,	 Test Accuracy: 667/1000(67%)
Task: 3,	 Epoch: 6/80,	 Avg.loss: 0.0010,	 Test Accuracy: 679/1000(68%)
Task: 3,	 Epoch: 7/80,	 Avg.loss: 0.0011,	 Test Accuracy: 665/1000(66%)
Task: 3,	 Epoch: 8/80,	 Avg.loss: 0.0010,	 Test Accuracy: 653/1000(65%)
Task: 3,	 Epoch: 9/80,	 Avg.loss: 0.0010,	 Test Accuracy: 680/1000(68%)
Task: 3,	 Epoch: 10/80,	 Avg.loss: 0.0010,	 Test Accuracy: 653/1000(65%)
Task: 3,	 Epoch: 11/80,	 Avg.loss: 0.0010,	 Test Accuracy: 676/1000(68%)
Task: 3,	 Epoch: 12/80,	 Avg.loss: 0.0009,	 Test Accuracy: 699/1000(70%)
Task: 3,	 Epoch: 13/80,	 Avg.loss: 0.0009,	 Test Accuracy: 684/1000(68%)
Task: 3,	 Epoch: 14/80,	 Avg.loss: 0.0009,	 Test Accuracy: 701/1000(70%)
Task: 3,	 Epoch: 15/80,	 Avg.loss: 0.0010,	 Test Accuracy: 681/1000(68%)
Task: 3,	 Epoch: 16/80,	 Avg.loss: 0.0009,	 Test Accuracy: 686/1000(69%)
Task: 3,	 Epoch: 17/80,	 Avg.loss: 0.0010,	 Test Accuracy: 686/1000(69%)
Task: 3,	 Epoch: 18/80,	 Avg.loss: 0.0009,	 Test Accuracy: 703/1000(70%)
Task: 3,	 Epoch: 19/80,	 Avg.loss: 0.0009,	 Test Accuracy: 700/1000(70%)
Task: 3,	 Epoch: 20/80,	 Avg.loss: 0.0009,	 Test Accuracy: 706/1000(71%)
Task: 3,	 Epoch: 21/80,	 Avg.loss: 0.0010,	 Test Accuracy: 660/1000(66%)
Task: 3,	 Epoch: 22/80,	 Avg.loss: 0.0009,	 Test Accuracy: 691/1000(69%)
Task: 3,	 Epoch: 23/80,	 Avg.loss: 0.0009,	 Test Accuracy: 695/1000(70%)
Task: 3,	 Epoch: 24/80,	 Avg.loss: 0.0009,	 Test Accuracy: 692/1000(69%)
Task: 3,	 Epoch: 25/80,	 Avg.loss: 0.0009,	 Test Accuracy: 700/1000(70%)
Task: 3,	 Epoch: 26/80,	 Avg.loss: 0.0009,	 Test Accuracy: 705/1000(70%)
Task: 3,	 Epoch: 27/80,	 Avg.loss: 0.0009,	 Test Accuracy: 704/1000(70%)
Task: 3,	 Epoch: 28/80,	 Avg.loss: 0.0009,	 Test Accuracy: 707/1000(71%)
Task: 3,	 Epoch: 29/80,	 Avg.loss: 0.0009,	 Test Accuracy: 704/1000(70%)
Task: 3,	 Epoch: 30/80,	 Avg.loss: 0.0010,	 Test Accuracy: 679/1000(68%)
Task: 3,	 Epoch: 31/80,	 Avg.loss: 0.0009,	 Test Accuracy: 695/1000(70%)
Task: 3,	 Epoch: 32/80,	 Avg.loss: 0.0010,	 Test Accuracy: 689/1000(69%)
Task: 3,	 Epoch: 33/80,	 Avg.loss: 0.0010,	 Test Accuracy: 683/1000(68%)
Task: 3,	 Epoch: 34/80,	 Avg.loss: 0.0009,	 Test Accuracy: 697/1000(70%)
Task: 3,	 Epoch: 35/80,	 Avg.loss: 0.0009,	 Test Accuracy: 715/1000(72%)
Task: 3,	 Epoch: 36/80,	 Avg.loss: 0.0009,	 Test Accuracy: 703/1000(70%)
Task: 3,	 Epoch: 37/80,	 Avg.loss: 0.0009,	 Test Accuracy: 713/1000(71%)
Task: 3,	 Epoch: 38/80,	 Avg.loss: 0.0009,	 Test Accuracy: 709/1000(71%)
Task: 3,	 Epoch: 39/80,	 Avg.loss: 0.0009,	 Test Accuracy: 713/1000(71%)
Task: 3,	 Epoch: 40/80,	 Avg.loss: 0.0009,	 Test Accuracy: 692/1000(69%)
Task: 3,	 Epoch: 41/80,	 Avg.loss: 0.0009,	 Test Accuracy: 708/1000(71%)
Task: 3,	 Epoch: 42/80,	 Avg.loss: 0.0009,	 Test Accuracy: 721/1000(72%)
Task: 3,	 Epoch: 43/80,	 Avg.loss: 0.0009,	 Test Accuracy: 716/1000(72%)
Task: 3,	 Epoch: 44/80,	 Avg.loss: 0.0009,	 Test Accuracy: 705/1000(70%)
Task: 3,	 Epoch: 45/80,	 Avg.loss: 0.0009,	 Test Accuracy: 698/1000(70%)
Task: 3,	 Epoch: 46/80,	 Avg.loss: 0.0009,	 Test Accuracy: 702/1000(70%)
Task: 3,	 Epoch: 47/80,	 Avg.loss: 0.0009,	 Test Accuracy: 694/1000(69%)
Task: 3,	 Epoch: 48/80,	 Avg.loss: 0.0009,	 Test Accuracy: 709/1000(71%)
Task: 3,	 Epoch: 49/80,	 Avg.loss: 0.0009,	 Test Accuracy: 699/1000(70%)
Task: 3,	 Epoch: 50/80,	 Avg.loss: 0.0009,	 Test Accuracy: 739/1000(74%)
Task: 3,	 Epoch: 51/80,	 Avg.loss: 0.0009,	 Test Accuracy: 727/1000(73%)
Task: 3,	 Epoch: 52/80,	 Avg.loss: 0.0008,	 Test Accuracy: 726/1000(73%)
Task: 3,	 Epoch: 53/80,	 Avg.loss: 0.0008,	 Test Accuracy: 720/1000(72%)
Task: 3,	 Epoch: 54/80,	 Avg.loss: 0.0008,	 Test Accuracy: 725/1000(72%)
Task: 3,	 Epoch: 55/80,	 Avg.loss: 0.0008,	 Test Accuracy: 722/1000(72%)
Task: 3,	 Epoch: 56/80,	 Avg.loss: 0.0008,	 Test Accuracy: 725/1000(72%)
Task: 3,	 Epoch: 57/80,	 Avg.loss: 0.0008,	 Test Accuracy: 730/1000(73%)
Task: 3,	 Epoch: 58/80,	 Avg.loss: 0.0008,	 Test Accuracy: 723/1000(72%)
Task: 3,	 Epoch: 59/80,	 Avg.loss: 0.0008,	 Test Accuracy: 726/1000(73%)
Task: 3,	 Epoch: 60/80,	 Avg.loss: 0.0008,	 Test Accuracy: 723/1000(72%)
Task: 3,	 Epoch: 61/80,	 Avg.loss: 0.0008,	 Test Accuracy: 727/1000(73%)
Task: 3,	 Epoch: 62/80,	 Avg.loss: 0.0008,	 Test Accuracy: 727/1000(73%)
Task: 3,	 Epoch: 63/80,	 Avg.loss: 0.0008,	 Test Accuracy: 724/1000(72%)
Task: 3,	 Epoch: 64/80,	 Avg.loss: 0.0008,	 Test Accuracy: 722/1000(72%)
Task: 3,	 Epoch: 65/80,	 Avg.loss: 0.0008,	 Test Accuracy: 727/1000(73%)
Task: 3,	 Epoch: 66/80,	 Avg.loss: 0.0008,	 Test Accuracy: 724/1000(72%)
Task: 3,	 Epoch: 67/80,	 Avg.loss: 0.0008,	 Test Accuracy: 716/1000(72%)
Task: 3,	 Epoch: 68/80,	 Avg.loss: 0.0008,	 Test Accuracy: 725/1000(72%)
Task: 3,	 Epoch: 69/80,	 Avg.loss: 0.0008,	 Test Accuracy: 717/1000(72%)
Task: 3,	 Epoch: 70/80,	 Avg.loss: 0.0008,	 Test Accuracy: 729/1000(73%)
Task: 3,	 Epoch: 71/80,	 Avg.loss: 0.0008,	 Test Accuracy: 725/1000(72%)
Task: 3,	 Epoch: 72/80,	 Avg.loss: 0.0008,	 Test Accuracy: 724/1000(72%)
Task: 3,	 Epoch: 73/80,	 Avg.loss: 0.0008,	 Test Accuracy: 731/1000(73%)
Task: 3,	 Epoch: 74/80,	 Avg.loss: 0.0008,	 Test Accuracy: 718/1000(72%)
Task: 3,	 Epoch: 75/80,	 Avg.loss: 0.0008,	 Test Accuracy: 724/1000(72%)
Task: 3,	 Epoch: 76/80,	 Avg.loss: 0.0008,	 Test Accuracy: 722/1000(72%)
Task: 3,	 Epoch: 77/80,	 Avg.loss: 0.0008,	 Test Accuracy: 725/1000(72%)
Task: 3,	 Epoch: 78/80,	 Avg.loss: 0.0008,	 Test Accuracy: 721/1000(72%)
Task: 3,	 Epoch: 79/80,	 Avg.loss: 0.0008,	 Test Accuracy: 727/1000(73%)
Trained Task:3, Loaded task:0, Accuracy:83.5%
Trained Task:3, Loaded task:1, Accuracy:76.1%
Trained Task:3, Loaded task:2, Accuracy:78.8%
Trained Task:3, Loaded task:3, Accuracy:72.7%
Trained Task:3, Avg. Accuracy: 77.8 

List of avg. accuracy: [85.8, 81.8, 80.6, 77.8]
Layer        : conv1_layer.2.weight
R.histogram  : tensor([6., 9., 5., 4., 0., 4., 2., 0., 0., 2.], device='cuda:0')
R_sum max/min: 56.7/2.6
F.num_zeros  : 0/9216
W.num_zeros  : 0/9216
O.num_zeros  : 0/9216
Layer        : conv2_layer.2.weight
R.histogram  : tensor([27., 12.,  7.,  8.,  3.,  1.,  1.,  2.,  1.,  2.], device='cuda:0')
R_sum max/min: 68.7/0.0
F.num_zeros  : 3924/36864
W.num_zeros  : 0/36864
O.num_zeros  : 18432/36864
Layer        : fc1_layer.1.weight
R.histogram  : tensor([396.,  53.,  26.,  14.,   8.,   7.,   3.,   2.,   2.,   1.],
       device='cuda:0')
R_sum max/min: 549.7/0.0
F.num_zeros  : 967285/2097152
W.num_zeros  : 0/2097152
O.num_zeros  : 1646603/2097152
Mask histogram
conv1_layer.2.weight: 	 tensor([   0.,    0.,    0., 1024., 3072., 4096.,    0.,    0.,    0.,    0.,
           0.], device='cuda:0')
conv2_layer.2.weight: 	 tensor([1664.,  384.,  384.,  448.,  576.,  640.,    0.,    0.,    0.,    0.,
           0.], device='cuda:0')
fc1_layer.1.weight: 	 tensor([220.,  35.,  55.,  51.,  60.,  91.,   0.,   0.,   0.,   0.,   0.],
       device='cuda:0')
Task: 4,	 Epoch: 0/80,	 Avg.loss: 0.0012,	 Test Accuracy: 636/1000(64%)
Task: 4,	 Epoch: 1/80,	 Avg.loss: 0.0010,	 Test Accuracy: 675/1000(68%)
Task: 4,	 Epoch: 2/80,	 Avg.loss: 0.0009,	 Test Accuracy: 709/1000(71%)
Task: 4,	 Epoch: 3/80,	 Avg.loss: 0.0010,	 Test Accuracy: 685/1000(68%)
Task: 4,	 Epoch: 4/80,	 Avg.loss: 0.0010,	 Test Accuracy: 701/1000(70%)
Task: 4,	 Epoch: 5/80,	 Avg.loss: 0.0009,	 Test Accuracy: 721/1000(72%)
Task: 4,	 Epoch: 6/80,	 Avg.loss: 0.0009,	 Test Accuracy: 729/1000(73%)
Task: 4,	 Epoch: 7/80,	 Avg.loss: 0.0009,	 Test Accuracy: 707/1000(71%)
Task: 4,	 Epoch: 8/80,	 Avg.loss: 0.0009,	 Test Accuracy: 729/1000(73%)
Task: 4,	 Epoch: 9/80,	 Avg.loss: 0.0008,	 Test Accuracy: 741/1000(74%)
Task: 4,	 Epoch: 10/80,	 Avg.loss: 0.0009,	 Test Accuracy: 724/1000(72%)
Task: 4,	 Epoch: 11/80,	 Avg.loss: 0.0009,	 Test Accuracy: 733/1000(73%)
Task: 4,	 Epoch: 12/80,	 Avg.loss: 0.0009,	 Test Accuracy: 732/1000(73%)
Task: 4,	 Epoch: 13/80,	 Avg.loss: 0.0008,	 Test Accuracy: 739/1000(74%)
Task: 4,	 Epoch: 14/80,	 Avg.loss: 0.0009,	 Test Accuracy: 732/1000(73%)
Task: 4,	 Epoch: 15/80,	 Avg.loss: 0.0008,	 Test Accuracy: 742/1000(74%)
Task: 4,	 Epoch: 16/80,	 Avg.loss: 0.0008,	 Test Accuracy: 727/1000(73%)
Task: 4,	 Epoch: 17/80,	 Avg.loss: 0.0008,	 Test Accuracy: 757/1000(76%)
Task: 4,	 Epoch: 18/80,	 Avg.loss: 0.0008,	 Test Accuracy: 754/1000(75%)
Task: 4,	 Epoch: 19/80,	 Avg.loss: 0.0008,	 Test Accuracy: 742/1000(74%)
Task: 4,	 Epoch: 20/80,	 Avg.loss: 0.0008,	 Test Accuracy: 729/1000(73%)
Task: 4,	 Epoch: 21/80,	 Avg.loss: 0.0008,	 Test Accuracy: 743/1000(74%)
Task: 4,	 Epoch: 22/80,	 Avg.loss: 0.0008,	 Test Accuracy: 745/1000(74%)
Task: 4,	 Epoch: 23/80,	 Avg.loss: 0.0008,	 Test Accuracy: 767/1000(77%)
Task: 4,	 Epoch: 24/80,	 Avg.loss: 0.0008,	 Test Accuracy: 769/1000(77%)
Task: 4,	 Epoch: 25/80,	 Avg.loss: 0.0009,	 Test Accuracy: 742/1000(74%)
Task: 4,	 Epoch: 26/80,	 Avg.loss: 0.0008,	 Test Accuracy: 763/1000(76%)
Task: 4,	 Epoch: 27/80,	 Avg.loss: 0.0008,	 Test Accuracy: 747/1000(75%)
Task: 4,	 Epoch: 28/80,	 Avg.loss: 0.0008,	 Test Accuracy: 751/1000(75%)
Task: 4,	 Epoch: 29/80,	 Avg.loss: 0.0008,	 Test Accuracy: 757/1000(76%)
Task: 4,	 Epoch: 30/80,	 Avg.loss: 0.0008,	 Test Accuracy: 759/1000(76%)
Task: 4,	 Epoch: 31/80,	 Avg.loss: 0.0008,	 Test Accuracy: 751/1000(75%)
Task: 4,	 Epoch: 32/80,	 Avg.loss: 0.0008,	 Test Accuracy: 757/1000(76%)
Task: 4,	 Epoch: 33/80,	 Avg.loss: 0.0008,	 Test Accuracy: 754/1000(75%)
Task: 4,	 Epoch: 34/80,	 Avg.loss: 0.0008,	 Test Accuracy: 761/1000(76%)
Task: 4,	 Epoch: 35/80,	 Avg.loss: 0.0008,	 Test Accuracy: 749/1000(75%)
Task: 4,	 Epoch: 36/80,	 Avg.loss: 0.0008,	 Test Accuracy: 756/1000(76%)
Task: 4,	 Epoch: 37/80,	 Avg.loss: 0.0008,	 Test Accuracy: 761/1000(76%)
Task: 4,	 Epoch: 38/80,	 Avg.loss: 0.0008,	 Test Accuracy: 754/1000(75%)
Task: 4,	 Epoch: 39/80,	 Avg.loss: 0.0008,	 Test Accuracy: 756/1000(76%)
Task: 4,	 Epoch: 40/80,	 Avg.loss: 0.0008,	 Test Accuracy: 766/1000(77%)
Task: 4,	 Epoch: 41/80,	 Avg.loss: 0.0007,	 Test Accuracy: 752/1000(75%)
Task: 4,	 Epoch: 42/80,	 Avg.loss: 0.0008,	 Test Accuracy: 752/1000(75%)
Task: 4,	 Epoch: 43/80,	 Avg.loss: 0.0008,	 Test Accuracy: 762/1000(76%)
Task: 4,	 Epoch: 44/80,	 Avg.loss: 0.0008,	 Test Accuracy: 751/1000(75%)
Task: 4,	 Epoch: 45/80,	 Avg.loss: 0.0008,	 Test Accuracy: 743/1000(74%)
Task: 4,	 Epoch: 46/80,	 Avg.loss: 0.0008,	 Test Accuracy: 735/1000(74%)
Task: 4,	 Epoch: 47/80,	 Avg.loss: 0.0008,	 Test Accuracy: 755/1000(76%)
Task: 4,	 Epoch: 48/80,	 Avg.loss: 0.0008,	 Test Accuracy: 752/1000(75%)
Task: 4,	 Epoch: 49/80,	 Avg.loss: 0.0008,	 Test Accuracy: 748/1000(75%)
Task: 4,	 Epoch: 50/80,	 Avg.loss: 0.0007,	 Test Accuracy: 763/1000(76%)
Task: 4,	 Epoch: 51/80,	 Avg.loss: 0.0007,	 Test Accuracy: 763/1000(76%)
Task: 4,	 Epoch: 52/80,	 Avg.loss: 0.0007,	 Test Accuracy: 772/1000(77%)
Task: 4,	 Epoch: 53/80,	 Avg.loss: 0.0007,	 Test Accuracy: 770/1000(77%)
Task: 4,	 Epoch: 54/80,	 Avg.loss: 0.0007,	 Test Accuracy: 771/1000(77%)
Task: 4,	 Epoch: 55/80,	 Avg.loss: 0.0007,	 Test Accuracy: 770/1000(77%)
Task: 4,	 Epoch: 56/80,	 Avg.loss: 0.0007,	 Test Accuracy: 760/1000(76%)
Task: 4,	 Epoch: 57/80,	 Avg.loss: 0.0007,	 Test Accuracy: 767/1000(77%)
Task: 4,	 Epoch: 58/80,	 Avg.loss: 0.0007,	 Test Accuracy: 760/1000(76%)
Task: 4,	 Epoch: 59/80,	 Avg.loss: 0.0007,	 Test Accuracy: 760/1000(76%)
Task: 4,	 Epoch: 60/80,	 Avg.loss: 0.0007,	 Test Accuracy: 762/1000(76%)
Task: 4,	 Epoch: 61/80,	 Avg.loss: 0.0007,	 Test Accuracy: 763/1000(76%)
Task: 4,	 Epoch: 62/80,	 Avg.loss: 0.0007,	 Test Accuracy: 770/1000(77%)
Task: 4,	 Epoch: 63/80,	 Avg.loss: 0.0007,	 Test Accuracy: 756/1000(76%)
Task: 4,	 Epoch: 64/80,	 Avg.loss: 0.0007,	 Test Accuracy: 766/1000(77%)
Task: 4,	 Epoch: 65/80,	 Avg.loss: 0.0007,	 Test Accuracy: 765/1000(76%)
Task: 4,	 Epoch: 66/80,	 Avg.loss: 0.0007,	 Test Accuracy: 770/1000(77%)
Task: 4,	 Epoch: 67/80,	 Avg.loss: 0.0007,	 Test Accuracy: 768/1000(77%)
Task: 4,	 Epoch: 68/80,	 Avg.loss: 0.0007,	 Test Accuracy: 769/1000(77%)
Task: 4,	 Epoch: 69/80,	 Avg.loss: 0.0007,	 Test Accuracy: 774/1000(77%)
Task: 4,	 Epoch: 70/80,	 Avg.loss: 0.0007,	 Test Accuracy: 765/1000(76%)
Task: 4,	 Epoch: 71/80,	 Avg.loss: 0.0007,	 Test Accuracy: 770/1000(77%)
Task: 4,	 Epoch: 72/80,	 Avg.loss: 0.0007,	 Test Accuracy: 769/1000(77%)
Task: 4,	 Epoch: 73/80,	 Avg.loss: 0.0007,	 Test Accuracy: 766/1000(77%)
Task: 4,	 Epoch: 74/80,	 Avg.loss: 0.0007,	 Test Accuracy: 770/1000(77%)
Task: 4,	 Epoch: 75/80,	 Avg.loss: 0.0007,	 Test Accuracy: 769/1000(77%)
Task: 4,	 Epoch: 76/80,	 Avg.loss: 0.0007,	 Test Accuracy: 770/1000(77%)
Task: 4,	 Epoch: 77/80,	 Avg.loss: 0.0007,	 Test Accuracy: 767/1000(77%)
Task: 4,	 Epoch: 78/80,	 Avg.loss: 0.0007,	 Test Accuracy: 766/1000(77%)
Task: 4,	 Epoch: 79/80,	 Avg.loss: 0.0007,	 Test Accuracy: 769/1000(77%)
Trained Task:4, Loaded task:0, Accuracy:84.1%
Trained Task:4, Loaded task:1, Accuracy:75.1%
Trained Task:4, Loaded task:2, Accuracy:79.1%
Trained Task:4, Loaded task:3, Accuracy:72.3%
Trained Task:4, Loaded task:4, Accuracy:76.9%
Trained Task:4, Avg. Accuracy: 77.5 

List of avg. accuracy: [85.8, 81.8, 80.6, 77.8, 77.5]
Layer        : conv1_layer.2.weight
R.histogram  : tensor([13.,  2.,  6.,  4.,  2.,  1.,  1.,  0.,  1.,  2.], device='cuda:0')
R_sum max/min: 71.2/2.4
F.num_zeros  : 0/9216
W.num_zeros  : 0/9216
O.num_zeros  : 0/9216
Layer        : conv2_layer.2.weight
R.histogram  : tensor([40., 12.,  7.,  4.,  0.,  0.,  0.,  0.,  0.,  1.], device='cuda:0')
R_sum max/min: 162.6/0.0
F.num_zeros  : 4032/36864
W.num_zeros  : 0/36864
O.num_zeros  : 17856/36864
Layer        : fc1_layer.1.weight
R.histogram  : tensor([428.,  38.,  17.,  11.,   5.,   5.,   4.,   3.,   0.,   1.],
       device='cuda:0')
R_sum max/min: 410.0/0.0
F.num_zeros  : 973373/2097152
W.num_zeros  : 0/2097152
O.num_zeros  : 1621968/2097152
Mask histogram
conv1_layer.2.weight: 	 tensor([   0.,    0.,    0.,  256., 1024., 3072., 3840.,    0.,    0.,    0.,
           0.], device='cuda:0')
conv2_layer.2.weight: 	 tensor([1664.,  128.,  512.,  384.,  384.,  384.,  640.,    0.,    0.,    0.,
           0.], device='cuda:0')
fc1_layer.1.weight: 	 tensor([215.,  33.,  44.,  31.,  44.,  64.,  81.,   0.,   0.,   0.,   0.],
       device='cuda:0')
Task: 5,	 Epoch: 0/80,	 Avg.loss: 0.0011,	 Test Accuracy: 624/1000(62%)
Task: 5,	 Epoch: 1/80,	 Avg.loss: 0.0010,	 Test Accuracy: 620/1000(62%)
Task: 5,	 Epoch: 2/80,	 Avg.loss: 0.0010,	 Test Accuracy: 647/1000(65%)
Task: 5,	 Epoch: 3/80,	 Avg.loss: 0.0009,	 Test Accuracy: 689/1000(69%)
Task: 5,	 Epoch: 4/80,	 Avg.loss: 0.0009,	 Test Accuracy: 697/1000(70%)
Task: 5,	 Epoch: 5/80,	 Avg.loss: 0.0010,	 Test Accuracy: 675/1000(68%)
Task: 5,	 Epoch: 6/80,	 Avg.loss: 0.0009,	 Test Accuracy: 691/1000(69%)
Task: 5,	 Epoch: 7/80,	 Avg.loss: 0.0008,	 Test Accuracy: 708/1000(71%)
Task: 5,	 Epoch: 8/80,	 Avg.loss: 0.0008,	 Test Accuracy: 718/1000(72%)
Task: 5,	 Epoch: 9/80,	 Avg.loss: 0.0008,	 Test Accuracy: 704/1000(70%)
Task: 5,	 Epoch: 10/80,	 Avg.loss: 0.0008,	 Test Accuracy: 720/1000(72%)
Task: 5,	 Epoch: 11/80,	 Avg.loss: 0.0008,	 Test Accuracy: 720/1000(72%)
Task: 5,	 Epoch: 12/80,	 Avg.loss: 0.0008,	 Test Accuracy: 720/1000(72%)
Task: 5,	 Epoch: 13/80,	 Avg.loss: 0.0009,	 Test Accuracy: 707/1000(71%)
Task: 5,	 Epoch: 14/80,	 Avg.loss: 0.0008,	 Test Accuracy: 720/1000(72%)
Task: 5,	 Epoch: 15/80,	 Avg.loss: 0.0008,	 Test Accuracy: 710/1000(71%)
Task: 5,	 Epoch: 16/80,	 Avg.loss: 0.0008,	 Test Accuracy: 739/1000(74%)
Task: 5,	 Epoch: 17/80,	 Avg.loss: 0.0009,	 Test Accuracy: 687/1000(69%)
Task: 5,	 Epoch: 18/80,	 Avg.loss: 0.0008,	 Test Accuracy: 733/1000(73%)
Task: 5,	 Epoch: 19/80,	 Avg.loss: 0.0008,	 Test Accuracy: 718/1000(72%)
Task: 5,	 Epoch: 20/80,	 Avg.loss: 0.0008,	 Test Accuracy: 725/1000(72%)
Task: 5,	 Epoch: 21/80,	 Avg.loss: 0.0008,	 Test Accuracy: 727/1000(73%)
Task: 5,	 Epoch: 22/80,	 Avg.loss: 0.0008,	 Test Accuracy: 733/1000(73%)
Task: 5,	 Epoch: 23/80,	 Avg.loss: 0.0008,	 Test Accuracy: 724/1000(72%)
Task: 5,	 Epoch: 24/80,	 Avg.loss: 0.0008,	 Test Accuracy: 714/1000(71%)
Task: 5,	 Epoch: 25/80,	 Avg.loss: 0.0008,	 Test Accuracy: 730/1000(73%)
Task: 5,	 Epoch: 26/80,	 Avg.loss: 0.0008,	 Test Accuracy: 711/1000(71%)
Task: 5,	 Epoch: 27/80,	 Avg.loss: 0.0008,	 Test Accuracy: 721/1000(72%)
Task: 5,	 Epoch: 28/80,	 Avg.loss: 0.0008,	 Test Accuracy: 736/1000(74%)
Task: 5,	 Epoch: 29/80,	 Avg.loss: 0.0008,	 Test Accuracy: 728/1000(73%)
Task: 5,	 Epoch: 30/80,	 Avg.loss: 0.0008,	 Test Accuracy: 731/1000(73%)
Task: 5,	 Epoch: 31/80,	 Avg.loss: 0.0008,	 Test Accuracy: 730/1000(73%)
Task: 5,	 Epoch: 32/80,	 Avg.loss: 0.0008,	 Test Accuracy: 735/1000(74%)
Task: 5,	 Epoch: 33/80,	 Avg.loss: 0.0008,	 Test Accuracy: 724/1000(72%)
Task: 5,	 Epoch: 34/80,	 Avg.loss: 0.0008,	 Test Accuracy: 708/1000(71%)
Task: 5,	 Epoch: 35/80,	 Avg.loss: 0.0008,	 Test Accuracy: 733/1000(73%)
Task: 5,	 Epoch: 36/80,	 Avg.loss: 0.0008,	 Test Accuracy: 739/1000(74%)
Task: 5,	 Epoch: 37/80,	 Avg.loss: 0.0008,	 Test Accuracy: 730/1000(73%)
Task: 5,	 Epoch: 38/80,	 Avg.loss: 0.0008,	 Test Accuracy: 732/1000(73%)
Task: 5,	 Epoch: 39/80,	 Avg.loss: 0.0008,	 Test Accuracy: 711/1000(71%)
Task: 5,	 Epoch: 40/80,	 Avg.loss: 0.0008,	 Test Accuracy: 722/1000(72%)
Task: 5,	 Epoch: 41/80,	 Avg.loss: 0.0008,	 Test Accuracy: 713/1000(71%)
Task: 5,	 Epoch: 42/80,	 Avg.loss: 0.0008,	 Test Accuracy: 733/1000(73%)
Task: 5,	 Epoch: 43/80,	 Avg.loss: 0.0007,	 Test Accuracy: 742/1000(74%)
Task: 5,	 Epoch: 44/80,	 Avg.loss: 0.0007,	 Test Accuracy: 727/1000(73%)
Task: 5,	 Epoch: 45/80,	 Avg.loss: 0.0007,	 Test Accuracy: 740/1000(74%)
Task: 5,	 Epoch: 46/80,	 Avg.loss: 0.0008,	 Test Accuracy: 736/1000(74%)
Task: 5,	 Epoch: 47/80,	 Avg.loss: 0.0008,	 Test Accuracy: 736/1000(74%)
Task: 5,	 Epoch: 48/80,	 Avg.loss: 0.0008,	 Test Accuracy: 733/1000(73%)
Task: 5,	 Epoch: 49/80,	 Avg.loss: 0.0008,	 Test Accuracy: 715/1000(72%)
Task: 5,	 Epoch: 50/80,	 Avg.loss: 0.0007,	 Test Accuracy: 742/1000(74%)
Task: 5,	 Epoch: 51/80,	 Avg.loss: 0.0007,	 Test Accuracy: 734/1000(73%)
Task: 5,	 Epoch: 52/80,	 Avg.loss: 0.0007,	 Test Accuracy: 742/1000(74%)
Task: 5,	 Epoch: 53/80,	 Avg.loss: 0.0007,	 Test Accuracy: 745/1000(74%)
Task: 5,	 Epoch: 54/80,	 Avg.loss: 0.0007,	 Test Accuracy: 747/1000(75%)
Task: 5,	 Epoch: 55/80,	 Avg.loss: 0.0007,	 Test Accuracy: 744/1000(74%)
Task: 5,	 Epoch: 56/80,	 Avg.loss: 0.0007,	 Test Accuracy: 741/1000(74%)
Task: 5,	 Epoch: 57/80,	 Avg.loss: 0.0007,	 Test Accuracy: 740/1000(74%)
Task: 5,	 Epoch: 58/80,	 Avg.loss: 0.0007,	 Test Accuracy: 743/1000(74%)
Task: 5,	 Epoch: 59/80,	 Avg.loss: 0.0007,	 Test Accuracy: 751/1000(75%)
Task: 5,	 Epoch: 60/80,	 Avg.loss: 0.0007,	 Test Accuracy: 754/1000(75%)
Task: 5,	 Epoch: 61/80,	 Avg.loss: 0.0007,	 Test Accuracy: 747/1000(75%)
Task: 5,	 Epoch: 62/80,	 Avg.loss: 0.0007,	 Test Accuracy: 746/1000(75%)
Task: 5,	 Epoch: 63/80,	 Avg.loss: 0.0007,	 Test Accuracy: 746/1000(75%)
Task: 5,	 Epoch: 64/80,	 Avg.loss: 0.0007,	 Test Accuracy: 747/1000(75%)
Task: 5,	 Epoch: 65/80,	 Avg.loss: 0.0007,	 Test Accuracy: 745/1000(74%)
Task: 5,	 Epoch: 66/80,	 Avg.loss: 0.0007,	 Test Accuracy: 743/1000(74%)
Task: 5,	 Epoch: 67/80,	 Avg.loss: 0.0007,	 Test Accuracy: 753/1000(75%)
Task: 5,	 Epoch: 68/80,	 Avg.loss: 0.0007,	 Test Accuracy: 749/1000(75%)
Task: 5,	 Epoch: 69/80,	 Avg.loss: 0.0007,	 Test Accuracy: 745/1000(74%)
Task: 5,	 Epoch: 70/80,	 Avg.loss: 0.0007,	 Test Accuracy: 741/1000(74%)
Task: 5,	 Epoch: 71/80,	 Avg.loss: 0.0007,	 Test Accuracy: 746/1000(75%)
Task: 5,	 Epoch: 72/80,	 Avg.loss: 0.0007,	 Test Accuracy: 748/1000(75%)
Task: 5,	 Epoch: 73/80,	 Avg.loss: 0.0007,	 Test Accuracy: 751/1000(75%)
Task: 5,	 Epoch: 74/80,	 Avg.loss: 0.0007,	 Test Accuracy: 746/1000(75%)
Task: 5,	 Epoch: 75/80,	 Avg.loss: 0.0007,	 Test Accuracy: 739/1000(74%)
Task: 5,	 Epoch: 76/80,	 Avg.loss: 0.0007,	 Test Accuracy: 744/1000(74%)
Task: 5,	 Epoch: 77/80,	 Avg.loss: 0.0007,	 Test Accuracy: 746/1000(75%)
Task: 5,	 Epoch: 78/80,	 Avg.loss: 0.0007,	 Test Accuracy: 752/1000(75%)
Task: 5,	 Epoch: 79/80,	 Avg.loss: 0.0007,	 Test Accuracy: 744/1000(74%)
Trained Task:5, Loaded task:0, Accuracy:84.2%
Trained Task:5, Loaded task:1, Accuracy:75.1%
Trained Task:5, Loaded task:2, Accuracy:78.7%
Trained Task:5, Loaded task:3, Accuracy:72.2%
Trained Task:5, Loaded task:4, Accuracy:76.6%
Trained Task:5, Loaded task:5, Accuracy:74.4%
Trained Task:5, Avg. Accuracy: 76.9 

List of avg. accuracy: [85.8, 81.8, 80.6, 77.8, 77.5, 76.9]
Layer        : conv1_layer.2.weight
R.histogram  : tensor([10.,  8.,  4.,  1.,  2.,  2.,  1.,  0.,  0.,  4.], device='cuda:0')
R_sum max/min: 64.0/3.4
F.num_zeros  : 0/9216
W.num_zeros  : 0/9216
O.num_zeros  : 0/9216
Layer        : conv2_layer.2.weight
R.histogram  : tensor([40.,  8.,  4.,  4.,  4.,  3.,  0.,  0.,  0.,  1.], device='cuda:0')
R_sum max/min: 136.7/0.0
F.num_zeros  : 4032/36864
W.num_zeros  : 0/36864
O.num_zeros  : 17856/36864
Layer        : fc1_layer.1.weight
R.histogram  : tensor([378.,  57.,  28.,  12.,  14.,   7.,   3.,   9.,   2.,   2.],
       device='cuda:0')
R_sum max/min: 394.7/0.0
F.num_zeros  : 962874/2097152
W.num_zeros  : 0/2097152
O.num_zeros  : 1603920/2097152
Mask histogram
conv1_layer.2.weight: 	 tensor([   0.,    0.,    0.,  256.,    0., 1280., 2816., 3840.,    0.,    0.,
           0.], device='cuda:0')
conv2_layer.2.weight: 	 tensor([1664.,  128.,  384.,  320.,  256.,  384.,  320.,  640.,    0.,    0.,
           0.], device='cuda:0')
fc1_layer.1.weight: 	 tensor([213.,  28.,  42.,  20.,  29.,  45.,  59.,  76.,   0.,   0.,   0.],
       device='cuda:0')
Task: 6,	 Epoch: 0/80,	 Avg.loss: 0.0011,	 Test Accuracy: 630/1000(63%)
Task: 6,	 Epoch: 1/80,	 Avg.loss: 0.0010,	 Test Accuracy: 672/1000(67%)
Task: 6,	 Epoch: 2/80,	 Avg.loss: 0.0010,	 Test Accuracy: 658/1000(66%)
Task: 6,	 Epoch: 3/80,	 Avg.loss: 0.0009,	 Test Accuracy: 675/1000(68%)
Task: 6,	 Epoch: 4/80,	 Avg.loss: 0.0009,	 Test Accuracy: 692/1000(69%)
Task: 6,	 Epoch: 5/80,	 Avg.loss: 0.0009,	 Test Accuracy: 685/1000(68%)
Task: 6,	 Epoch: 6/80,	 Avg.loss: 0.0009,	 Test Accuracy: 702/1000(70%)
Task: 6,	 Epoch: 7/80,	 Avg.loss: 0.0009,	 Test Accuracy: 663/1000(66%)
Task: 6,	 Epoch: 8/80,	 Avg.loss: 0.0008,	 Test Accuracy: 704/1000(70%)
Task: 6,	 Epoch: 9/80,	 Avg.loss: 0.0008,	 Test Accuracy: 705/1000(70%)
Task: 6,	 Epoch: 10/80,	 Avg.loss: 0.0008,	 Test Accuracy: 713/1000(71%)
Task: 6,	 Epoch: 11/80,	 Avg.loss: 0.0009,	 Test Accuracy: 682/1000(68%)
Task: 6,	 Epoch: 12/80,	 Avg.loss: 0.0008,	 Test Accuracy: 710/1000(71%)
Task: 6,	 Epoch: 13/80,	 Avg.loss: 0.0009,	 Test Accuracy: 683/1000(68%)
Task: 6,	 Epoch: 14/80,	 Avg.loss: 0.0009,	 Test Accuracy: 696/1000(70%)
Task: 6,	 Epoch: 15/80,	 Avg.loss: 0.0008,	 Test Accuracy: 703/1000(70%)
Task: 6,	 Epoch: 16/80,	 Avg.loss: 0.0008,	 Test Accuracy: 703/1000(70%)
Task: 6,	 Epoch: 17/80,	 Avg.loss: 0.0008,	 Test Accuracy: 701/1000(70%)
Task: 6,	 Epoch: 18/80,	 Avg.loss: 0.0009,	 Test Accuracy: 694/1000(69%)
Task: 6,	 Epoch: 19/80,	 Avg.loss: 0.0008,	 Test Accuracy: 710/1000(71%)
Task: 6,	 Epoch: 20/80,	 Avg.loss: 0.0008,	 Test Accuracy: 711/1000(71%)
Task: 6,	 Epoch: 21/80,	 Avg.loss: 0.0009,	 Test Accuracy: 681/1000(68%)
Task: 6,	 Epoch: 22/80,	 Avg.loss: 0.0009,	 Test Accuracy: 693/1000(69%)
Task: 6,	 Epoch: 23/80,	 Avg.loss: 0.0008,	 Test Accuracy: 702/1000(70%)
Task: 6,	 Epoch: 24/80,	 Avg.loss: 0.0008,	 Test Accuracy: 702/1000(70%)
Task: 6,	 Epoch: 25/80,	 Avg.loss: 0.0008,	 Test Accuracy: 710/1000(71%)
Task: 6,	 Epoch: 26/80,	 Avg.loss: 0.0008,	 Test Accuracy: 706/1000(71%)
Task: 6,	 Epoch: 27/80,	 Avg.loss: 0.0008,	 Test Accuracy: 707/1000(71%)
Task: 6,	 Epoch: 28/80,	 Avg.loss: 0.0009,	 Test Accuracy: 698/1000(70%)
Task: 6,	 Epoch: 29/80,	 Avg.loss: 0.0008,	 Test Accuracy: 706/1000(71%)
Task: 6,	 Epoch: 30/80,	 Avg.loss: 0.0008,	 Test Accuracy: 712/1000(71%)
Task: 6,	 Epoch: 31/80,	 Avg.loss: 0.0009,	 Test Accuracy: 694/1000(69%)
Task: 6,	 Epoch: 32/80,	 Avg.loss: 0.0009,	 Test Accuracy: 699/1000(70%)
Task: 6,	 Epoch: 33/80,	 Avg.loss: 0.0008,	 Test Accuracy: 693/1000(69%)
Task: 6,	 Epoch: 34/80,	 Avg.loss: 0.0008,	 Test Accuracy: 715/1000(72%)
Task: 6,	 Epoch: 35/80,	 Avg.loss: 0.0008,	 Test Accuracy: 680/1000(68%)
Task: 6,	 Epoch: 36/80,	 Avg.loss: 0.0008,	 Test Accuracy: 701/1000(70%)
Task: 6,	 Epoch: 37/80,	 Avg.loss: 0.0008,	 Test Accuracy: 713/1000(71%)
Task: 6,	 Epoch: 38/80,	 Avg.loss: 0.0008,	 Test Accuracy: 720/1000(72%)
Task: 6,	 Epoch: 39/80,	 Avg.loss: 0.0008,	 Test Accuracy: 712/1000(71%)
Task: 6,	 Epoch: 40/80,	 Avg.loss: 0.0008,	 Test Accuracy: 699/1000(70%)
Task: 6,	 Epoch: 41/80,	 Avg.loss: 0.0008,	 Test Accuracy: 707/1000(71%)
Task: 6,	 Epoch: 42/80,	 Avg.loss: 0.0008,	 Test Accuracy: 704/1000(70%)
Task: 6,	 Epoch: 43/80,	 Avg.loss: 0.0008,	 Test Accuracy: 709/1000(71%)
Task: 6,	 Epoch: 44/80,	 Avg.loss: 0.0008,	 Test Accuracy: 720/1000(72%)
Task: 6,	 Epoch: 45/80,	 Avg.loss: 0.0008,	 Test Accuracy: 709/1000(71%)
Task: 6,	 Epoch: 46/80,	 Avg.loss: 0.0008,	 Test Accuracy: 699/1000(70%)
Task: 6,	 Epoch: 47/80,	 Avg.loss: 0.0008,	 Test Accuracy: 719/1000(72%)
Task: 6,	 Epoch: 48/80,	 Avg.loss: 0.0009,	 Test Accuracy: 695/1000(70%)
Task: 6,	 Epoch: 49/80,	 Avg.loss: 0.0008,	 Test Accuracy: 715/1000(72%)
Task: 6,	 Epoch: 50/80,	 Avg.loss: 0.0008,	 Test Accuracy: 721/1000(72%)
Task: 6,	 Epoch: 51/80,	 Avg.loss: 0.0008,	 Test Accuracy: 725/1000(72%)
Task: 6,	 Epoch: 52/80,	 Avg.loss: 0.0008,	 Test Accuracy: 724/1000(72%)
Task: 6,	 Epoch: 53/80,	 Avg.loss: 0.0008,	 Test Accuracy: 724/1000(72%)
Task: 6,	 Epoch: 54/80,	 Avg.loss: 0.0008,	 Test Accuracy: 726/1000(73%)
Task: 6,	 Epoch: 55/80,	 Avg.loss: 0.0008,	 Test Accuracy: 721/1000(72%)
Task: 6,	 Epoch: 56/80,	 Avg.loss: 0.0008,	 Test Accuracy: 729/1000(73%)
Task: 6,	 Epoch: 57/80,	 Avg.loss: 0.0008,	 Test Accuracy: 720/1000(72%)
Task: 6,	 Epoch: 58/80,	 Avg.loss: 0.0008,	 Test Accuracy: 723/1000(72%)
Task: 6,	 Epoch: 59/80,	 Avg.loss: 0.0008,	 Test Accuracy: 724/1000(72%)
Task: 6,	 Epoch: 60/80,	 Avg.loss: 0.0008,	 Test Accuracy: 726/1000(73%)
Task: 6,	 Epoch: 61/80,	 Avg.loss: 0.0008,	 Test Accuracy: 727/1000(73%)
Task: 6,	 Epoch: 62/80,	 Avg.loss: 0.0008,	 Test Accuracy: 730/1000(73%)
Task: 6,	 Epoch: 63/80,	 Avg.loss: 0.0008,	 Test Accuracy: 724/1000(72%)
Task: 6,	 Epoch: 64/80,	 Avg.loss: 0.0008,	 Test Accuracy: 728/1000(73%)
Task: 6,	 Epoch: 65/80,	 Avg.loss: 0.0008,	 Test Accuracy: 731/1000(73%)
Task: 6,	 Epoch: 66/80,	 Avg.loss: 0.0008,	 Test Accuracy: 724/1000(72%)
Task: 6,	 Epoch: 67/80,	 Avg.loss: 0.0008,	 Test Accuracy: 721/1000(72%)
Task: 6,	 Epoch: 68/80,	 Avg.loss: 0.0008,	 Test Accuracy: 730/1000(73%)
Task: 6,	 Epoch: 69/80,	 Avg.loss: 0.0008,	 Test Accuracy: 723/1000(72%)
Task: 6,	 Epoch: 70/80,	 Avg.loss: 0.0008,	 Test Accuracy: 726/1000(73%)
Task: 6,	 Epoch: 71/80,	 Avg.loss: 0.0008,	 Test Accuracy: 727/1000(73%)
Task: 6,	 Epoch: 72/80,	 Avg.loss: 0.0008,	 Test Accuracy: 726/1000(73%)
Task: 6,	 Epoch: 73/80,	 Avg.loss: 0.0008,	 Test Accuracy: 724/1000(72%)
Task: 6,	 Epoch: 74/80,	 Avg.loss: 0.0008,	 Test Accuracy: 732/1000(73%)
Task: 6,	 Epoch: 75/80,	 Avg.loss: 0.0008,	 Test Accuracy: 731/1000(73%)
Task: 6,	 Epoch: 76/80,	 Avg.loss: 0.0008,	 Test Accuracy: 733/1000(73%)
Task: 6,	 Epoch: 77/80,	 Avg.loss: 0.0008,	 Test Accuracy: 728/1000(73%)
Task: 6,	 Epoch: 78/80,	 Avg.loss: 0.0008,	 Test Accuracy: 726/1000(73%)
Task: 6,	 Epoch: 79/80,	 Avg.loss: 0.0008,	 Test Accuracy: 722/1000(72%)
Trained Task:6, Loaded task:0, Accuracy:84.5%
Trained Task:6, Loaded task:1, Accuracy:74.7%
Trained Task:6, Loaded task:2, Accuracy:79.0%
Trained Task:6, Loaded task:3, Accuracy:73.0%
Trained Task:6, Loaded task:4, Accuracy:77.0%
Trained Task:6, Loaded task:5, Accuracy:73.8%
Trained Task:6, Loaded task:6, Accuracy:72.2%
Trained Task:6, Avg. Accuracy: 76.3 

List of avg. accuracy: [85.8, 81.8, 80.6, 77.8, 77.5, 76.9, 76.3]
Layer        : conv1_layer.2.weight
R.histogram  : tensor([12.,  8.,  2.,  0.,  4.,  1.,  0.,  2.,  1.,  2.], device='cuda:0')
R_sum max/min: 63.4/3.4
F.num_zeros  : 0/9216
W.num_zeros  : 0/9216
O.num_zeros  : 0/9216
Layer        : conv2_layer.2.weight
R.histogram  : tensor([41.,  7.,  6.,  3.,  6.,  0.,  0.,  0.,  0.,  1.], device='cuda:0')
R_sum max/min: 138.4/0.0
F.num_zeros  : 4032/36864
W.num_zeros  : 0/36864
O.num_zeros  : 17856/36864
Layer        : fc1_layer.1.weight
R.histogram  : tensor([383.,  59.,  26.,  16.,  10.,   9.,   6.,   2.,   0.,   1.],
       device='cuda:0')
R_sum max/min: 375.6/0.0
F.num_zeros  : 958606/2097152
W.num_zeros  : 0/2097152
O.num_zeros  : 1598608/2097152
Mask histogram
conv1_layer.2.weight: 	 tensor([   0.,    0.,    0.,  256.,    0.,    0., 1792., 2304., 3840.,    0.,
           0.], device='cuda:0')
conv2_layer.2.weight: 	 tensor([1664.,  128.,  384.,  128.,  320.,  192.,  320.,  320.,  640.,    0.,
           0.], device='cuda:0')
fc1_layer.1.weight: 	 tensor([211.,  30.,  35.,  20.,  15.,  30.,  41.,  54.,  76.,   0.,   0.],
       device='cuda:0')
Task: 7,	 Epoch: 0/80,	 Avg.loss: 0.0013,	 Test Accuracy: 588/1000(59%)
Task: 7,	 Epoch: 1/80,	 Avg.loss: 0.0011,	 Test Accuracy: 617/1000(62%)
Task: 7,	 Epoch: 2/80,	 Avg.loss: 0.0010,	 Test Accuracy: 630/1000(63%)
Task: 7,	 Epoch: 3/80,	 Avg.loss: 0.0011,	 Test Accuracy: 634/1000(63%)
Task: 7,	 Epoch: 4/80,	 Avg.loss: 0.0011,	 Test Accuracy: 634/1000(63%)
Task: 7,	 Epoch: 5/80,	 Avg.loss: 0.0011,	 Test Accuracy: 628/1000(63%)
Task: 7,	 Epoch: 6/80,	 Avg.loss: 0.0010,	 Test Accuracy: 644/1000(64%)
Task: 7,	 Epoch: 7/80,	 Avg.loss: 0.0009,	 Test Accuracy: 660/1000(66%)
Task: 7,	 Epoch: 8/80,	 Avg.loss: 0.0009,	 Test Accuracy: 663/1000(66%)
Task: 7,	 Epoch: 9/80,	 Avg.loss: 0.0010,	 Test Accuracy: 654/1000(65%)
Task: 7,	 Epoch: 10/80,	 Avg.loss: 0.0010,	 Test Accuracy: 633/1000(63%)
Task: 7,	 Epoch: 11/80,	 Avg.loss: 0.0010,	 Test Accuracy: 628/1000(63%)
Task: 7,	 Epoch: 12/80,	 Avg.loss: 0.0009,	 Test Accuracy: 673/1000(67%)
Task: 7,	 Epoch: 13/80,	 Avg.loss: 0.0010,	 Test Accuracy: 671/1000(67%)
Task: 7,	 Epoch: 14/80,	 Avg.loss: 0.0010,	 Test Accuracy: 638/1000(64%)
Task: 7,	 Epoch: 15/80,	 Avg.loss: 0.0009,	 Test Accuracy: 668/1000(67%)
Task: 7,	 Epoch: 16/80,	 Avg.loss: 0.0009,	 Test Accuracy: 683/1000(68%)
Task: 7,	 Epoch: 17/80,	 Avg.loss: 0.0010,	 Test Accuracy: 645/1000(64%)
Task: 7,	 Epoch: 18/80,	 Avg.loss: 0.0010,	 Test Accuracy: 650/1000(65%)
Task: 7,	 Epoch: 19/80,	 Avg.loss: 0.0010,	 Test Accuracy: 677/1000(68%)
Task: 7,	 Epoch: 20/80,	 Avg.loss: 0.0009,	 Test Accuracy: 661/1000(66%)
Task: 7,	 Epoch: 21/80,	 Avg.loss: 0.0010,	 Test Accuracy: 673/1000(67%)
Task: 7,	 Epoch: 22/80,	 Avg.loss: 0.0009,	 Test Accuracy: 684/1000(68%)
Task: 7,	 Epoch: 23/80,	 Avg.loss: 0.0010,	 Test Accuracy: 658/1000(66%)
Task: 7,	 Epoch: 24/80,	 Avg.loss: 0.0009,	 Test Accuracy: 655/1000(66%)
Task: 7,	 Epoch: 25/80,	 Avg.loss: 0.0009,	 Test Accuracy: 675/1000(68%)
Task: 7,	 Epoch: 26/80,	 Avg.loss: 0.0010,	 Test Accuracy: 656/1000(66%)
Task: 7,	 Epoch: 27/80,	 Avg.loss: 0.0010,	 Test Accuracy: 661/1000(66%)
Task: 7,	 Epoch: 28/80,	 Avg.loss: 0.0009,	 Test Accuracy: 693/1000(69%)
Task: 7,	 Epoch: 29/80,	 Avg.loss: 0.0009,	 Test Accuracy: 677/1000(68%)
Task: 7,	 Epoch: 30/80,	 Avg.loss: 0.0009,	 Test Accuracy: 663/1000(66%)
Task: 7,	 Epoch: 31/80,	 Avg.loss: 0.0009,	 Test Accuracy: 689/1000(69%)
Task: 7,	 Epoch: 32/80,	 Avg.loss: 0.0009,	 Test Accuracy: 677/1000(68%)
Task: 7,	 Epoch: 33/80,	 Avg.loss: 0.0009,	 Test Accuracy: 688/1000(69%)
Task: 7,	 Epoch: 34/80,	 Avg.loss: 0.0009,	 Test Accuracy: 668/1000(67%)
Task: 7,	 Epoch: 35/80,	 Avg.loss: 0.0009,	 Test Accuracy: 679/1000(68%)
Task: 7,	 Epoch: 36/80,	 Avg.loss: 0.0009,	 Test Accuracy: 679/1000(68%)
Task: 7,	 Epoch: 37/80,	 Avg.loss: 0.0010,	 Test Accuracy: 670/1000(67%)
Task: 7,	 Epoch: 38/80,	 Avg.loss: 0.0009,	 Test Accuracy: 670/1000(67%)
Task: 7,	 Epoch: 39/80,	 Avg.loss: 0.0009,	 Test Accuracy: 673/1000(67%)
Task: 7,	 Epoch: 40/80,	 Avg.loss: 0.0009,	 Test Accuracy: 682/1000(68%)
Task: 7,	 Epoch: 41/80,	 Avg.loss: 0.0009,	 Test Accuracy: 669/1000(67%)
Task: 7,	 Epoch: 42/80,	 Avg.loss: 0.0009,	 Test Accuracy: 688/1000(69%)
Task: 7,	 Epoch: 43/80,	 Avg.loss: 0.0010,	 Test Accuracy: 667/1000(67%)
Task: 7,	 Epoch: 44/80,	 Avg.loss: 0.0009,	 Test Accuracy: 673/1000(67%)
Task: 7,	 Epoch: 45/80,	 Avg.loss: 0.0009,	 Test Accuracy: 671/1000(67%)
Task: 7,	 Epoch: 46/80,	 Avg.loss: 0.0009,	 Test Accuracy: 671/1000(67%)
Task: 7,	 Epoch: 47/80,	 Avg.loss: 0.0009,	 Test Accuracy: 673/1000(67%)
Task: 7,	 Epoch: 48/80,	 Avg.loss: 0.0009,	 Test Accuracy: 684/1000(68%)
Task: 7,	 Epoch: 49/80,	 Avg.loss: 0.0009,	 Test Accuracy: 689/1000(69%)
Task: 7,	 Epoch: 50/80,	 Avg.loss: 0.0009,	 Test Accuracy: 691/1000(69%)
Task: 7,	 Epoch: 51/80,	 Avg.loss: 0.0009,	 Test Accuracy: 703/1000(70%)
Task: 7,	 Epoch: 52/80,	 Avg.loss: 0.0009,	 Test Accuracy: 699/1000(70%)
Task: 7,	 Epoch: 53/80,	 Avg.loss: 0.0009,	 Test Accuracy: 696/1000(70%)
Task: 7,	 Epoch: 54/80,	 Avg.loss: 0.0009,	 Test Accuracy: 698/1000(70%)
Task: 7,	 Epoch: 55/80,	 Avg.loss: 0.0009,	 Test Accuracy: 700/1000(70%)
Task: 7,	 Epoch: 56/80,	 Avg.loss: 0.0009,	 Test Accuracy: 693/1000(69%)
Task: 7,	 Epoch: 57/80,	 Avg.loss: 0.0009,	 Test Accuracy: 695/1000(70%)
Task: 7,	 Epoch: 58/80,	 Avg.loss: 0.0009,	 Test Accuracy: 699/1000(70%)
Task: 7,	 Epoch: 59/80,	 Avg.loss: 0.0009,	 Test Accuracy: 700/1000(70%)
Task: 7,	 Epoch: 60/80,	 Avg.loss: 0.0009,	 Test Accuracy: 694/1000(69%)
Task: 7,	 Epoch: 61/80,	 Avg.loss: 0.0009,	 Test Accuracy: 694/1000(69%)
Task: 7,	 Epoch: 62/80,	 Avg.loss: 0.0009,	 Test Accuracy: 704/1000(70%)
Task: 7,	 Epoch: 63/80,	 Avg.loss: 0.0009,	 Test Accuracy: 694/1000(69%)
Task: 7,	 Epoch: 64/80,	 Avg.loss: 0.0009,	 Test Accuracy: 703/1000(70%)
Task: 7,	 Epoch: 65/80,	 Avg.loss: 0.0009,	 Test Accuracy: 699/1000(70%)
Task: 7,	 Epoch: 66/80,	 Avg.loss: 0.0009,	 Test Accuracy: 696/1000(70%)
Task: 7,	 Epoch: 67/80,	 Avg.loss: 0.0009,	 Test Accuracy: 700/1000(70%)
Task: 7,	 Epoch: 68/80,	 Avg.loss: 0.0009,	 Test Accuracy: 705/1000(70%)
Task: 7,	 Epoch: 69/80,	 Avg.loss: 0.0009,	 Test Accuracy: 704/1000(70%)
Task: 7,	 Epoch: 70/80,	 Avg.loss: 0.0009,	 Test Accuracy: 697/1000(70%)
Task: 7,	 Epoch: 71/80,	 Avg.loss: 0.0009,	 Test Accuracy: 693/1000(69%)
Task: 7,	 Epoch: 72/80,	 Avg.loss: 0.0009,	 Test Accuracy: 699/1000(70%)
Task: 7,	 Epoch: 73/80,	 Avg.loss: 0.0009,	 Test Accuracy: 697/1000(70%)
Task: 7,	 Epoch: 74/80,	 Avg.loss: 0.0009,	 Test Accuracy: 695/1000(70%)
Task: 7,	 Epoch: 75/80,	 Avg.loss: 0.0009,	 Test Accuracy: 690/1000(69%)
Task: 7,	 Epoch: 76/80,	 Avg.loss: 0.0009,	 Test Accuracy: 695/1000(70%)
Task: 7,	 Epoch: 77/80,	 Avg.loss: 0.0009,	 Test Accuracy: 695/1000(70%)
Task: 7,	 Epoch: 78/80,	 Avg.loss: 0.0009,	 Test Accuracy: 691/1000(69%)
Task: 7,	 Epoch: 79/80,	 Avg.loss: 0.0009,	 Test Accuracy: 699/1000(70%)
Trained Task:7, Loaded task:0, Accuracy:84.1%
Trained Task:7, Loaded task:1, Accuracy:75.0%
Trained Task:7, Loaded task:2, Accuracy:79.7%
Trained Task:7, Loaded task:3, Accuracy:73.9%
Trained Task:7, Loaded task:4, Accuracy:76.5%
Trained Task:7, Loaded task:5, Accuracy:73.1%
Trained Task:7, Loaded task:6, Accuracy:71.8%
Trained Task:7, Loaded task:7, Accuracy:69.9%
Trained Task:7, Avg. Accuracy: 75.5 

List of avg. accuracy: [85.8, 81.8, 80.6, 77.8, 77.5, 76.9, 76.3, 75.5]
Layer        : conv1_layer.2.weight
R.histogram  : tensor([9., 6., 6., 2., 3., 1., 1., 0., 2., 2.], device='cuda:0')
R_sum max/min: 68.6/2.0
F.num_zeros  : 0/9216
W.num_zeros  : 0/9216
O.num_zeros  : 0/9216
Layer        : conv2_layer.2.weight
R.histogram  : tensor([40., 10.,  9.,  2.,  1.,  1.,  0.,  0.,  0.,  1.], device='cuda:0')
R_sum max/min: 141.9/0.0
F.num_zeros  : 4032/36864
W.num_zeros  : 0/36864
O.num_zeros  : 17856/36864
Layer        : fc1_layer.1.weight
R.histogram  : tensor([419.,  42.,  23.,  17.,   5.,   4.,   0.,   1.,   0.,   1.],
       device='cuda:0')
R_sum max/min: 513.0/0.0
F.num_zeros  : 956680/2097152
W.num_zeros  : 0/2097152
O.num_zeros  : 1595664/2097152
Mask histogram
conv1_layer.2.weight: 	 tensor([   0.,    0.,    0.,  256.,    0.,    0.,  256., 1536., 2560., 3584.,
           0.], device='cuda:0')
conv2_layer.2.weight: 	 tensor([1664.,  128.,  256.,  128.,  192.,  320.,  384.,   64.,  384.,  576.,
           0.], device='cuda:0')
fc1_layer.1.weight: 	 tensor([210.,  30.,  30.,  17.,  16.,  17.,  27.,  38.,  56.,  71.,   0.],
       device='cuda:0')
Task: 8,	 Epoch: 0/80,	 Avg.loss: 0.0011,	 Test Accuracy: 635/1000(64%)
Task: 8,	 Epoch: 1/80,	 Avg.loss: 0.0010,	 Test Accuracy: 661/1000(66%)
Task: 8,	 Epoch: 2/80,	 Avg.loss: 0.0012,	 Test Accuracy: 619/1000(62%)
Task: 8,	 Epoch: 3/80,	 Avg.loss: 0.0009,	 Test Accuracy: 698/1000(70%)
Task: 8,	 Epoch: 4/80,	 Avg.loss: 0.0008,	 Test Accuracy: 714/1000(71%)
Task: 8,	 Epoch: 5/80,	 Avg.loss: 0.0008,	 Test Accuracy: 717/1000(72%)
Task: 8,	 Epoch: 6/80,	 Avg.loss: 0.0009,	 Test Accuracy: 692/1000(69%)
Task: 8,	 Epoch: 7/80,	 Avg.loss: 0.0008,	 Test Accuracy: 704/1000(70%)
Task: 8,	 Epoch: 8/80,	 Avg.loss: 0.0008,	 Test Accuracy: 708/1000(71%)
Task: 8,	 Epoch: 9/80,	 Avg.loss: 0.0008,	 Test Accuracy: 708/1000(71%)
Task: 8,	 Epoch: 10/80,	 Avg.loss: 0.0009,	 Test Accuracy: 680/1000(68%)
Task: 8,	 Epoch: 11/80,	 Avg.loss: 0.0008,	 Test Accuracy: 713/1000(71%)
Task: 8,	 Epoch: 12/80,	 Avg.loss: 0.0008,	 Test Accuracy: 720/1000(72%)
Task: 8,	 Epoch: 13/80,	 Avg.loss: 0.0008,	 Test Accuracy: 700/1000(70%)
Task: 8,	 Epoch: 14/80,	 Avg.loss: 0.0008,	 Test Accuracy: 712/1000(71%)
Task: 8,	 Epoch: 15/80,	 Avg.loss: 0.0008,	 Test Accuracy: 723/1000(72%)
Task: 8,	 Epoch: 16/80,	 Avg.loss: 0.0008,	 Test Accuracy: 722/1000(72%)
Task: 8,	 Epoch: 17/80,	 Avg.loss: 0.0008,	 Test Accuracy: 733/1000(73%)
Task: 8,	 Epoch: 18/80,	 Avg.loss: 0.0008,	 Test Accuracy: 705/1000(70%)
Task: 8,	 Epoch: 19/80,	 Avg.loss: 0.0009,	 Test Accuracy: 692/1000(69%)
Task: 8,	 Epoch: 20/80,	 Avg.loss: 0.0008,	 Test Accuracy: 718/1000(72%)
Task: 8,	 Epoch: 21/80,	 Avg.loss: 0.0008,	 Test Accuracy: 708/1000(71%)
Task: 8,	 Epoch: 22/80,	 Avg.loss: 0.0008,	 Test Accuracy: 715/1000(72%)
Task: 8,	 Epoch: 23/80,	 Avg.loss: 0.0008,	 Test Accuracy: 716/1000(72%)
Task: 8,	 Epoch: 24/80,	 Avg.loss: 0.0008,	 Test Accuracy: 710/1000(71%)
Task: 8,	 Epoch: 25/80,	 Avg.loss: 0.0008,	 Test Accuracy: 719/1000(72%)
Task: 8,	 Epoch: 26/80,	 Avg.loss: 0.0008,	 Test Accuracy: 721/1000(72%)
Task: 8,	 Epoch: 27/80,	 Avg.loss: 0.0009,	 Test Accuracy: 681/1000(68%)
Task: 8,	 Epoch: 28/80,	 Avg.loss: 0.0008,	 Test Accuracy: 720/1000(72%)
Task: 8,	 Epoch: 29/80,	 Avg.loss: 0.0009,	 Test Accuracy: 690/1000(69%)
Task: 8,	 Epoch: 30/80,	 Avg.loss: 0.0008,	 Test Accuracy: 723/1000(72%)
Task: 8,	 Epoch: 31/80,	 Avg.loss: 0.0008,	 Test Accuracy: 708/1000(71%)
Task: 8,	 Epoch: 32/80,	 Avg.loss: 0.0008,	 Test Accuracy: 709/1000(71%)
Task: 8,	 Epoch: 33/80,	 Avg.loss: 0.0008,	 Test Accuracy: 736/1000(74%)
Task: 8,	 Epoch: 34/80,	 Avg.loss: 0.0008,	 Test Accuracy: 720/1000(72%)
Task: 8,	 Epoch: 35/80,	 Avg.loss: 0.0009,	 Test Accuracy: 694/1000(69%)
Task: 8,	 Epoch: 36/80,	 Avg.loss: 0.0008,	 Test Accuracy: 731/1000(73%)
Task: 8,	 Epoch: 37/80,	 Avg.loss: 0.0008,	 Test Accuracy: 727/1000(73%)
Task: 8,	 Epoch: 38/80,	 Avg.loss: 0.0008,	 Test Accuracy: 713/1000(71%)
Task: 8,	 Epoch: 39/80,	 Avg.loss: 0.0008,	 Test Accuracy: 709/1000(71%)
Task: 8,	 Epoch: 40/80,	 Avg.loss: 0.0008,	 Test Accuracy: 741/1000(74%)
Task: 8,	 Epoch: 41/80,	 Avg.loss: 0.0008,	 Test Accuracy: 719/1000(72%)
Task: 8,	 Epoch: 42/80,	 Avg.loss: 0.0008,	 Test Accuracy: 722/1000(72%)
Task: 8,	 Epoch: 43/80,	 Avg.loss: 0.0008,	 Test Accuracy: 734/1000(73%)
Task: 8,	 Epoch: 44/80,	 Avg.loss: 0.0008,	 Test Accuracy: 729/1000(73%)
Task: 8,	 Epoch: 45/80,	 Avg.loss: 0.0008,	 Test Accuracy: 725/1000(72%)
Task: 8,	 Epoch: 46/80,	 Avg.loss: 0.0008,	 Test Accuracy: 711/1000(71%)
Task: 8,	 Epoch: 47/80,	 Avg.loss: 0.0008,	 Test Accuracy: 717/1000(72%)
Task: 8,	 Epoch: 48/80,	 Avg.loss: 0.0008,	 Test Accuracy: 733/1000(73%)
Task: 8,	 Epoch: 49/80,	 Avg.loss: 0.0008,	 Test Accuracy: 719/1000(72%)
Task: 8,	 Epoch: 50/80,	 Avg.loss: 0.0007,	 Test Accuracy: 748/1000(75%)
Task: 8,	 Epoch: 51/80,	 Avg.loss: 0.0007,	 Test Accuracy: 750/1000(75%)
Task: 8,	 Epoch: 52/80,	 Avg.loss: 0.0007,	 Test Accuracy: 750/1000(75%)
Task: 8,	 Epoch: 53/80,	 Avg.loss: 0.0007,	 Test Accuracy: 734/1000(73%)
Task: 8,	 Epoch: 54/80,	 Avg.loss: 0.0007,	 Test Accuracy: 736/1000(74%)
Task: 8,	 Epoch: 55/80,	 Avg.loss: 0.0007,	 Test Accuracy: 742/1000(74%)
Task: 8,	 Epoch: 56/80,	 Avg.loss: 0.0007,	 Test Accuracy: 744/1000(74%)
Task: 8,	 Epoch: 57/80,	 Avg.loss: 0.0007,	 Test Accuracy: 737/1000(74%)
Task: 8,	 Epoch: 58/80,	 Avg.loss: 0.0007,	 Test Accuracy: 731/1000(73%)
Task: 8,	 Epoch: 59/80,	 Avg.loss: 0.0007,	 Test Accuracy: 729/1000(73%)
Task: 8,	 Epoch: 60/80,	 Avg.loss: 0.0007,	 Test Accuracy: 735/1000(74%)
Task: 8,	 Epoch: 61/80,	 Avg.loss: 0.0007,	 Test Accuracy: 746/1000(75%)
Task: 8,	 Epoch: 62/80,	 Avg.loss: 0.0007,	 Test Accuracy: 750/1000(75%)
Task: 8,	 Epoch: 63/80,	 Avg.loss: 0.0007,	 Test Accuracy: 739/1000(74%)
Task: 8,	 Epoch: 64/80,	 Avg.loss: 0.0007,	 Test Accuracy: 748/1000(75%)
Task: 8,	 Epoch: 65/80,	 Avg.loss: 0.0007,	 Test Accuracy: 738/1000(74%)
Task: 8,	 Epoch: 66/80,	 Avg.loss: 0.0007,	 Test Accuracy: 741/1000(74%)
Task: 8,	 Epoch: 67/80,	 Avg.loss: 0.0007,	 Test Accuracy: 742/1000(74%)
Task: 8,	 Epoch: 68/80,	 Avg.loss: 0.0007,	 Test Accuracy: 743/1000(74%)
Task: 8,	 Epoch: 69/80,	 Avg.loss: 0.0007,	 Test Accuracy: 735/1000(74%)
Task: 8,	 Epoch: 70/80,	 Avg.loss: 0.0007,	 Test Accuracy: 743/1000(74%)
Task: 8,	 Epoch: 71/80,	 Avg.loss: 0.0007,	 Test Accuracy: 741/1000(74%)
Task: 8,	 Epoch: 72/80,	 Avg.loss: 0.0007,	 Test Accuracy: 740/1000(74%)
Task: 8,	 Epoch: 73/80,	 Avg.loss: 0.0007,	 Test Accuracy: 737/1000(74%)
Task: 8,	 Epoch: 74/80,	 Avg.loss: 0.0007,	 Test Accuracy: 748/1000(75%)
Task: 8,	 Epoch: 75/80,	 Avg.loss: 0.0007,	 Test Accuracy: 745/1000(74%)
Task: 8,	 Epoch: 76/80,	 Avg.loss: 0.0007,	 Test Accuracy: 742/1000(74%)
Task: 8,	 Epoch: 77/80,	 Avg.loss: 0.0007,	 Test Accuracy: 748/1000(75%)
Task: 8,	 Epoch: 78/80,	 Avg.loss: 0.0007,	 Test Accuracy: 748/1000(75%)
Task: 8,	 Epoch: 79/80,	 Avg.loss: 0.0007,	 Test Accuracy: 743/1000(74%)
Trained Task:8, Loaded task:0, Accuracy:84.1%
Trained Task:8, Loaded task:1, Accuracy:74.6%
Trained Task:8, Loaded task:2, Accuracy:79.4%
Trained Task:8, Loaded task:3, Accuracy:73.3%
Trained Task:8, Loaded task:4, Accuracy:75.6%
Trained Task:8, Loaded task:5, Accuracy:73.1%
Trained Task:8, Loaded task:6, Accuracy:71.6%
Trained Task:8, Loaded task:7, Accuracy:70.5%
Trained Task:8, Loaded task:8, Accuracy:74.3%
Trained Task:8, Avg. Accuracy: 75.2 

List of avg. accuracy: [85.8, 81.8, 80.6, 77.8, 77.5, 76.9, 76.3, 75.5, 75.2]
Layer        : conv1_layer.2.weight
R.histogram  : tensor([12.,  4.,  5.,  4.,  2.,  0.,  2.,  1.,  1.,  1.], device='cuda:0')
R_sum max/min: 69.0/2.6
F.num_zeros  : 0/9216
W.num_zeros  : 0/9216
O.num_zeros  : 0/9216
Layer        : conv2_layer.2.weight
R.histogram  : tensor([39., 10.,  8.,  3.,  2.,  1.,  0.,  0.,  0.,  1.], device='cuda:0')
R_sum max/min: 138.7/0.0
F.num_zeros  : 4032/36864
W.num_zeros  : 0/36864
O.num_zeros  : 17856/36864
Layer        : fc1_layer.1.weight
R.histogram  : tensor([380.,  59.,  30.,  14.,   9.,  10.,   8.,   0.,   0.,   2.],
       device='cuda:0')
R_sum max/min: 420.8/0.0
F.num_zeros  : 951247/2097152
W.num_zeros  : 0/2097152
O.num_zeros  : 1592016/2097152
Mask histogram
conv1_layer.2.weight: 	 tensor([   0.,    0.,    0.,  256.,    0.,    0.,    0.,  256., 1536., 2816.,
        3328.], device='cuda:0')
conv2_layer.2.weight: 	 tensor([1664.,  128.,  256.,  128.,  128.,  192.,  192.,  384.,   64.,  448.,
         512.], device='cuda:0')
fc1_layer.1.weight: 	 tensor([210.,  28.,  31.,  14.,  11.,  17.,  15.,  26.,  36.,  53.,  71.],
       device='cuda:0')
Task: 9,	 Epoch: 0/80,	 Avg.loss: 0.0010,	 Test Accuracy: 693/1000(69%)
Task: 9,	 Epoch: 1/80,	 Avg.loss: 0.0009,	 Test Accuracy: 725/1000(72%)
Task: 9,	 Epoch: 2/80,	 Avg.loss: 0.0009,	 Test Accuracy: 723/1000(72%)
Task: 9,	 Epoch: 3/80,	 Avg.loss: 0.0008,	 Test Accuracy: 737/1000(74%)
Task: 9,	 Epoch: 4/80,	 Avg.loss: 0.0007,	 Test Accuracy: 747/1000(75%)
Task: 9,	 Epoch: 5/80,	 Avg.loss: 0.0008,	 Test Accuracy: 740/1000(74%)
Task: 9,	 Epoch: 6/80,	 Avg.loss: 0.0008,	 Test Accuracy: 751/1000(75%)
Task: 9,	 Epoch: 7/80,	 Avg.loss: 0.0008,	 Test Accuracy: 760/1000(76%)
Task: 9,	 Epoch: 8/80,	 Avg.loss: 0.0007,	 Test Accuracy: 775/1000(78%)
Task: 9,	 Epoch: 9/80,	 Avg.loss: 0.0007,	 Test Accuracy: 772/1000(77%)
Task: 9,	 Epoch: 10/80,	 Avg.loss: 0.0007,	 Test Accuracy: 753/1000(75%)
Task: 9,	 Epoch: 11/80,	 Avg.loss: 0.0007,	 Test Accuracy: 752/1000(75%)
Task: 9,	 Epoch: 12/80,	 Avg.loss: 0.0008,	 Test Accuracy: 747/1000(75%)
Task: 9,	 Epoch: 13/80,	 Avg.loss: 0.0007,	 Test Accuracy: 772/1000(77%)
Task: 9,	 Epoch: 14/80,	 Avg.loss: 0.0007,	 Test Accuracy: 770/1000(77%)
Task: 9,	 Epoch: 15/80,	 Avg.loss: 0.0007,	 Test Accuracy: 771/1000(77%)
Task: 9,	 Epoch: 16/80,	 Avg.loss: 0.0007,	 Test Accuracy: 761/1000(76%)
Task: 9,	 Epoch: 17/80,	 Avg.loss: 0.0007,	 Test Accuracy: 760/1000(76%)
Task: 9,	 Epoch: 18/80,	 Avg.loss: 0.0007,	 Test Accuracy: 771/1000(77%)
Task: 9,	 Epoch: 19/80,	 Avg.loss: 0.0007,	 Test Accuracy: 744/1000(74%)
Task: 9,	 Epoch: 20/80,	 Avg.loss: 0.0007,	 Test Accuracy: 766/1000(77%)
Task: 9,	 Epoch: 21/80,	 Avg.loss: 0.0007,	 Test Accuracy: 766/1000(77%)
Task: 9,	 Epoch: 22/80,	 Avg.loss: 0.0007,	 Test Accuracy: 759/1000(76%)
Task: 9,	 Epoch: 23/80,	 Avg.loss: 0.0007,	 Test Accuracy: 766/1000(77%)
Task: 9,	 Epoch: 24/80,	 Avg.loss: 0.0007,	 Test Accuracy: 743/1000(74%)
Task: 9,	 Epoch: 25/80,	 Avg.loss: 0.0007,	 Test Accuracy: 756/1000(76%)
Task: 9,	 Epoch: 26/80,	 Avg.loss: 0.0007,	 Test Accuracy: 776/1000(78%)
Task: 9,	 Epoch: 27/80,	 Avg.loss: 0.0007,	 Test Accuracy: 747/1000(75%)
Task: 9,	 Epoch: 28/80,	 Avg.loss: 0.0007,	 Test Accuracy: 761/1000(76%)
Task: 9,	 Epoch: 29/80,	 Avg.loss: 0.0007,	 Test Accuracy: 763/1000(76%)
Task: 9,	 Epoch: 30/80,	 Avg.loss: 0.0007,	 Test Accuracy: 758/1000(76%)
Task: 9,	 Epoch: 31/80,	 Avg.loss: 0.0008,	 Test Accuracy: 747/1000(75%)
Task: 9,	 Epoch: 32/80,	 Avg.loss: 0.0007,	 Test Accuracy: 753/1000(75%)
Task: 9,	 Epoch: 33/80,	 Avg.loss: 0.0007,	 Test Accuracy: 764/1000(76%)
Task: 9,	 Epoch: 34/80,	 Avg.loss: 0.0008,	 Test Accuracy: 746/1000(75%)
Task: 9,	 Epoch: 35/80,	 Avg.loss: 0.0007,	 Test Accuracy: 776/1000(78%)
Task: 9,	 Epoch: 36/80,	 Avg.loss: 0.0007,	 Test Accuracy: 759/1000(76%)
Task: 9,	 Epoch: 37/80,	 Avg.loss: 0.0007,	 Test Accuracy: 755/1000(76%)
Task: 9,	 Epoch: 38/80,	 Avg.loss: 0.0007,	 Test Accuracy: 771/1000(77%)
Task: 9,	 Epoch: 39/80,	 Avg.loss: 0.0008,	 Test Accuracy: 747/1000(75%)
Task: 9,	 Epoch: 40/80,	 Avg.loss: 0.0007,	 Test Accuracy: 775/1000(78%)
Task: 9,	 Epoch: 41/80,	 Avg.loss: 0.0007,	 Test Accuracy: 778/1000(78%)
Task: 9,	 Epoch: 42/80,	 Avg.loss: 0.0007,	 Test Accuracy: 766/1000(77%)
Task: 9,	 Epoch: 43/80,	 Avg.loss: 0.0007,	 Test Accuracy: 767/1000(77%)
Task: 9,	 Epoch: 44/80,	 Avg.loss: 0.0007,	 Test Accuracy: 762/1000(76%)
Task: 9,	 Epoch: 45/80,	 Avg.loss: 0.0007,	 Test Accuracy: 762/1000(76%)
Task: 9,	 Epoch: 46/80,	 Avg.loss: 0.0008,	 Test Accuracy: 750/1000(75%)
Task: 9,	 Epoch: 47/80,	 Avg.loss: 0.0007,	 Test Accuracy: 768/1000(77%)
Task: 9,	 Epoch: 48/80,	 Avg.loss: 0.0007,	 Test Accuracy: 769/1000(77%)
Task: 9,	 Epoch: 49/80,	 Avg.loss: 0.0007,	 Test Accuracy: 757/1000(76%)
Task: 9,	 Epoch: 50/80,	 Avg.loss: 0.0007,	 Test Accuracy: 777/1000(78%)
Task: 9,	 Epoch: 51/80,	 Avg.loss: 0.0007,	 Test Accuracy: 772/1000(77%)
Task: 9,	 Epoch: 52/80,	 Avg.loss: 0.0007,	 Test Accuracy: 772/1000(77%)
Task: 9,	 Epoch: 53/80,	 Avg.loss: 0.0007,	 Test Accuracy: 775/1000(78%)
Task: 9,	 Epoch: 54/80,	 Avg.loss: 0.0007,	 Test Accuracy: 778/1000(78%)
Task: 9,	 Epoch: 55/80,	 Avg.loss: 0.0007,	 Test Accuracy: 774/1000(77%)
Task: 9,	 Epoch: 56/80,	 Avg.loss: 0.0007,	 Test Accuracy: 773/1000(77%)
Task: 9,	 Epoch: 57/80,	 Avg.loss: 0.0007,	 Test Accuracy: 774/1000(77%)
Task: 9,	 Epoch: 58/80,	 Avg.loss: 0.0007,	 Test Accuracy: 777/1000(78%)
Task: 9,	 Epoch: 59/80,	 Avg.loss: 0.0007,	 Test Accuracy: 768/1000(77%)
Task: 9,	 Epoch: 60/80,	 Avg.loss: 0.0007,	 Test Accuracy: 773/1000(77%)
Task: 9,	 Epoch: 61/80,	 Avg.loss: 0.0007,	 Test Accuracy: 771/1000(77%)
Task: 9,	 Epoch: 62/80,	 Avg.loss: 0.0007,	 Test Accuracy: 768/1000(77%)
Task: 9,	 Epoch: 63/80,	 Avg.loss: 0.0007,	 Test Accuracy: 770/1000(77%)
Task: 9,	 Epoch: 64/80,	 Avg.loss: 0.0007,	 Test Accuracy: 762/1000(76%)
Task: 9,	 Epoch: 65/80,	 Avg.loss: 0.0007,	 Test Accuracy: 782/1000(78%)
Task: 9,	 Epoch: 66/80,	 Avg.loss: 0.0007,	 Test Accuracy: 767/1000(77%)
Task: 9,	 Epoch: 67/80,	 Avg.loss: 0.0007,	 Test Accuracy: 782/1000(78%)
Task: 9,	 Epoch: 68/80,	 Avg.loss: 0.0007,	 Test Accuracy: 764/1000(76%)
Task: 9,	 Epoch: 69/80,	 Avg.loss: 0.0007,	 Test Accuracy: 771/1000(77%)
Task: 9,	 Epoch: 70/80,	 Avg.loss: 0.0007,	 Test Accuracy: 775/1000(78%)
Task: 9,	 Epoch: 71/80,	 Avg.loss: 0.0007,	 Test Accuracy: 779/1000(78%)
Task: 9,	 Epoch: 72/80,	 Avg.loss: 0.0007,	 Test Accuracy: 771/1000(77%)
Task: 9,	 Epoch: 73/80,	 Avg.loss: 0.0007,	 Test Accuracy: 775/1000(78%)
Task: 9,	 Epoch: 74/80,	 Avg.loss: 0.0007,	 Test Accuracy: 768/1000(77%)
Task: 9,	 Epoch: 75/80,	 Avg.loss: 0.0007,	 Test Accuracy: 776/1000(78%)
Task: 9,	 Epoch: 76/80,	 Avg.loss: 0.0007,	 Test Accuracy: 774/1000(77%)
Task: 9,	 Epoch: 77/80,	 Avg.loss: 0.0007,	 Test Accuracy: 778/1000(78%)
Task: 9,	 Epoch: 78/80,	 Avg.loss: 0.0007,	 Test Accuracy: 777/1000(78%)
Task: 9,	 Epoch: 79/80,	 Avg.loss: 0.0007,	 Test Accuracy: 775/1000(78%)
Trained Task:9, Loaded task:0, Accuracy:83.5%
Trained Task:9, Loaded task:1, Accuracy:74.9%
Trained Task:9, Loaded task:2, Accuracy:78.4%
Trained Task:9, Loaded task:3, Accuracy:73.4%
Trained Task:9, Loaded task:4, Accuracy:75.8%
Trained Task:9, Loaded task:5, Accuracy:72.9%
Trained Task:9, Loaded task:6, Accuracy:71.8%
Trained Task:9, Loaded task:7, Accuracy:70.1%
Trained Task:9, Loaded task:8, Accuracy:75.5%
Trained Task:9, Loaded task:9, Accuracy:77.5%
Trained Task:9, Avg. Accuracy: 75.4 

List of avg. accuracy: [85.8, 81.8, 80.6, 77.8, 77.5, 76.9, 76.3, 75.5, 75.2, 75.4]
