Layer        : conv1_layer.2.weight
R.histogram  : tensor([5., 6., 6., 4., 3., 0., 3., 1., 2., 2.], device='cuda:0')
R_sum max/min: 52.6/1.2
F.num_zeros  : 0/9216
W.num_zeros  : 0/9216
O.num_zeros  : 0/9216
Layer        : conv2_layer.2.weight
R.histogram  : tensor([11., 13.,  8.,  9.,  5.,  2.,  6.,  2.,  4.,  4.], device='cuda:0')
R_sum max/min: 59.7/0.0
F.num_zeros  : 4106/36864
W.num_zeros  : 0/36864
O.num_zeros  : 0/36864
Layer        : fc1_layer.1.weight
R.histogram  : tensor([299., 135.,  49.,  18.,   4.,   1.,   2.,   2.,   1.,   1.],
       device='cuda:0')
R_sum max/min: 741.7/0.0
F.num_zeros  : 919360/2097152
W.num_zeros  : 0/2097152
O.num_zeros  : 0/2097152
Mask histogram
conv1_layer.2.weight: 	 tensor([ 256., 7936.,    0.,    0.,    0.,    0.,    0.,    0.,    0.,    0.,
           0.], device='cuda:0')
conv2_layer.2.weight: 	 tensor([2496., 1600.,    0.,    0.,    0.,    0.,    0.,    0.,    0.,    0.,
           0.], device='cuda:0')
fc1_layer.1.weight: 	 tensor([309., 203.,   0.,   0.,   0.,   0.,   0.,   0.,   0.,   0.,   0.],
       device='cuda:0')
Task: 0,	 Epoch: 0/80,	 Avg.loss: 0.0011,	 Test Accuracy: 613/1000(61%)
Task: 0,	 Epoch: 1/80,	 Avg.loss: 0.0009,	 Test Accuracy: 680/1000(68%)
Task: 0,	 Epoch: 2/80,	 Avg.loss: 0.0008,	 Test Accuracy: 729/1000(73%)
Task: 0,	 Epoch: 3/80,	 Avg.loss: 0.0008,	 Test Accuracy: 729/1000(73%)
Task: 0,	 Epoch: 4/80,	 Avg.loss: 0.0007,	 Test Accuracy: 772/1000(77%)
Task: 0,	 Epoch: 5/80,	 Avg.loss: 0.0007,	 Test Accuracy: 773/1000(77%)
Task: 0,	 Epoch: 6/80,	 Avg.loss: 0.0006,	 Test Accuracy: 780/1000(78%)
Task: 0,	 Epoch: 7/80,	 Avg.loss: 0.0006,	 Test Accuracy: 785/1000(78%)
Task: 0,	 Epoch: 8/80,	 Avg.loss: 0.0006,	 Test Accuracy: 785/1000(78%)
Task: 0,	 Epoch: 9/80,	 Avg.loss: 0.0005,	 Test Accuracy: 809/1000(81%)
Task: 0,	 Epoch: 10/80,	 Avg.loss: 0.0006,	 Test Accuracy: 795/1000(80%)
Task: 0,	 Epoch: 11/80,	 Avg.loss: 0.0006,	 Test Accuracy: 785/1000(78%)
Task: 0,	 Epoch: 12/80,	 Avg.loss: 0.0006,	 Test Accuracy: 818/1000(82%)
Task: 0,	 Epoch: 13/80,	 Avg.loss: 0.0005,	 Test Accuracy: 818/1000(82%)
Task: 0,	 Epoch: 14/80,	 Avg.loss: 0.0005,	 Test Accuracy: 817/1000(82%)
Task: 0,	 Epoch: 15/80,	 Avg.loss: 0.0005,	 Test Accuracy: 818/1000(82%)
Task: 0,	 Epoch: 16/80,	 Avg.loss: 0.0006,	 Test Accuracy: 813/1000(81%)
Task: 0,	 Epoch: 17/80,	 Avg.loss: 0.0005,	 Test Accuracy: 826/1000(83%)
Task: 0,	 Epoch: 18/80,	 Avg.loss: 0.0005,	 Test Accuracy: 830/1000(83%)
Task: 0,	 Epoch: 19/80,	 Avg.loss: 0.0005,	 Test Accuracy: 833/1000(83%)
Task: 0,	 Epoch: 20/80,	 Avg.loss: 0.0006,	 Test Accuracy: 821/1000(82%)
Task: 0,	 Epoch: 21/80,	 Avg.loss: 0.0005,	 Test Accuracy: 834/1000(83%)
Task: 0,	 Epoch: 22/80,	 Avg.loss: 0.0005,	 Test Accuracy: 832/1000(83%)
Task: 0,	 Epoch: 23/80,	 Avg.loss: 0.0005,	 Test Accuracy: 827/1000(83%)
Task: 0,	 Epoch: 24/80,	 Avg.loss: 0.0005,	 Test Accuracy: 845/1000(85%)
Task: 0,	 Epoch: 25/80,	 Avg.loss: 0.0005,	 Test Accuracy: 835/1000(84%)
Task: 0,	 Epoch: 26/80,	 Avg.loss: 0.0005,	 Test Accuracy: 830/1000(83%)
Task: 0,	 Epoch: 27/80,	 Avg.loss: 0.0005,	 Test Accuracy: 854/1000(85%)
Task: 0,	 Epoch: 28/80,	 Avg.loss: 0.0006,	 Test Accuracy: 824/1000(82%)
Task: 0,	 Epoch: 29/80,	 Avg.loss: 0.0006,	 Test Accuracy: 836/1000(84%)
Task: 0,	 Epoch: 30/80,	 Avg.loss: 0.0006,	 Test Accuracy: 813/1000(81%)
Task: 0,	 Epoch: 31/80,	 Avg.loss: 0.0005,	 Test Accuracy: 842/1000(84%)
Task: 0,	 Epoch: 32/80,	 Avg.loss: 0.0005,	 Test Accuracy: 846/1000(85%)
Task: 0,	 Epoch: 33/80,	 Avg.loss: 0.0005,	 Test Accuracy: 846/1000(85%)
Task: 0,	 Epoch: 34/80,	 Avg.loss: 0.0006,	 Test Accuracy: 839/1000(84%)
Task: 0,	 Epoch: 35/80,	 Avg.loss: 0.0005,	 Test Accuracy: 842/1000(84%)
Task: 0,	 Epoch: 36/80,	 Avg.loss: 0.0005,	 Test Accuracy: 836/1000(84%)
Task: 0,	 Epoch: 37/80,	 Avg.loss: 0.0006,	 Test Accuracy: 826/1000(83%)
Task: 0,	 Epoch: 38/80,	 Avg.loss: 0.0005,	 Test Accuracy: 856/1000(86%)
Task: 0,	 Epoch: 39/80,	 Avg.loss: 0.0006,	 Test Accuracy: 836/1000(84%)
Task: 0,	 Epoch: 40/80,	 Avg.loss: 0.0006,	 Test Accuracy: 833/1000(83%)
Task: 0,	 Epoch: 41/80,	 Avg.loss: 0.0005,	 Test Accuracy: 849/1000(85%)
Task: 0,	 Epoch: 42/80,	 Avg.loss: 0.0006,	 Test Accuracy: 844/1000(84%)
Task: 0,	 Epoch: 43/80,	 Avg.loss: 0.0006,	 Test Accuracy: 839/1000(84%)
Task: 0,	 Epoch: 44/80,	 Avg.loss: 0.0006,	 Test Accuracy: 835/1000(84%)
Task: 0,	 Epoch: 45/80,	 Avg.loss: 0.0006,	 Test Accuracy: 849/1000(85%)
Task: 0,	 Epoch: 46/80,	 Avg.loss: 0.0006,	 Test Accuracy: 843/1000(84%)
Task: 0,	 Epoch: 47/80,	 Avg.loss: 0.0005,	 Test Accuracy: 847/1000(85%)
Task: 0,	 Epoch: 48/80,	 Avg.loss: 0.0005,	 Test Accuracy: 851/1000(85%)
Task: 0,	 Epoch: 49/80,	 Avg.loss: 0.0006,	 Test Accuracy: 827/1000(83%)
Task: 0,	 Epoch: 50/80,	 Avg.loss: 0.0005,	 Test Accuracy: 852/1000(85%)
Task: 0,	 Epoch: 51/80,	 Avg.loss: 0.0005,	 Test Accuracy: 853/1000(85%)
Task: 0,	 Epoch: 52/80,	 Avg.loss: 0.0005,	 Test Accuracy: 854/1000(85%)
Task: 0,	 Epoch: 53/80,	 Avg.loss: 0.0005,	 Test Accuracy: 856/1000(86%)
Task: 0,	 Epoch: 54/80,	 Avg.loss: 0.0005,	 Test Accuracy: 852/1000(85%)
Task: 0,	 Epoch: 55/80,	 Avg.loss: 0.0005,	 Test Accuracy: 849/1000(85%)
Task: 0,	 Epoch: 56/80,	 Avg.loss: 0.0005,	 Test Accuracy: 850/1000(85%)
Task: 0,	 Epoch: 57/80,	 Avg.loss: 0.0005,	 Test Accuracy: 858/1000(86%)
Task: 0,	 Epoch: 58/80,	 Avg.loss: 0.0005,	 Test Accuracy: 858/1000(86%)
Task: 0,	 Epoch: 59/80,	 Avg.loss: 0.0005,	 Test Accuracy: 860/1000(86%)
Task: 0,	 Epoch: 60/80,	 Avg.loss: 0.0005,	 Test Accuracy: 856/1000(86%)
Task: 0,	 Epoch: 61/80,	 Avg.loss: 0.0005,	 Test Accuracy: 856/1000(86%)
Task: 0,	 Epoch: 62/80,	 Avg.loss: 0.0005,	 Test Accuracy: 858/1000(86%)
Task: 0,	 Epoch: 63/80,	 Avg.loss: 0.0006,	 Test Accuracy: 858/1000(86%)
Task: 0,	 Epoch: 64/80,	 Avg.loss: 0.0005,	 Test Accuracy: 859/1000(86%)
Task: 0,	 Epoch: 65/80,	 Avg.loss: 0.0005,	 Test Accuracy: 854/1000(85%)
Task: 0,	 Epoch: 66/80,	 Avg.loss: 0.0006,	 Test Accuracy: 850/1000(85%)
Task: 0,	 Epoch: 67/80,	 Avg.loss: 0.0006,	 Test Accuracy: 855/1000(86%)
Task: 0,	 Epoch: 68/80,	 Avg.loss: 0.0006,	 Test Accuracy: 854/1000(85%)
Task: 0,	 Epoch: 69/80,	 Avg.loss: 0.0006,	 Test Accuracy: 856/1000(86%)
Task: 0,	 Epoch: 70/80,	 Avg.loss: 0.0006,	 Test Accuracy: 852/1000(85%)
Task: 0,	 Epoch: 71/80,	 Avg.loss: 0.0006,	 Test Accuracy: 858/1000(86%)
Task: 0,	 Epoch: 72/80,	 Avg.loss: 0.0006,	 Test Accuracy: 855/1000(86%)
Task: 0,	 Epoch: 73/80,	 Avg.loss: 0.0006,	 Test Accuracy: 856/1000(86%)
Task: 0,	 Epoch: 74/80,	 Avg.loss: 0.0006,	 Test Accuracy: 857/1000(86%)
Task: 0,	 Epoch: 75/80,	 Avg.loss: 0.0006,	 Test Accuracy: 851/1000(85%)
Task: 0,	 Epoch: 76/80,	 Avg.loss: 0.0006,	 Test Accuracy: 860/1000(86%)
Task: 0,	 Epoch: 77/80,	 Avg.loss: 0.0006,	 Test Accuracy: 862/1000(86%)
Task: 0,	 Epoch: 78/80,	 Avg.loss: 0.0006,	 Test Accuracy: 857/1000(86%)
Task: 0,	 Epoch: 79/80,	 Avg.loss: 0.0006,	 Test Accuracy: 857/1000(86%)
Trained Task:0, Loaded task:0, Accuracy:85.7%
Trained Task:0, Avg. Accuracy: 85.7 

List of avg. accuracy: [85.7]
Layer        : conv1_layer.2.weight
R.histogram  : tensor([11.,  4.,  8.,  5.,  1.,  1.,  1.,  0.,  0.,  1.], device='cuda:0')
R_sum max/min: 76.5/2.0
F.num_zeros  : 0/9216
W.num_zeros  : 0/9216
O.num_zeros  : 288/9216
Layer        : conv2_layer.2.weight
R.histogram  : tensor([35., 19.,  5.,  1.,  1.,  1.,  1.,  0.,  0.,  1.], device='cuda:0')
R_sum max/min: 139.0/0.0
F.num_zeros  : 3411/36864
W.num_zeros  : 0/36864
O.num_zeros  : 25524/36864
Layer        : fc1_layer.1.weight
R.histogram  : tensor([333.,  97.,  32.,  23.,   9.,   8.,   5.,   3.,   1.,   1.],
       device='cuda:0')
R_sum max/min: 547.4/0.0
F.num_zeros  : 810091/2097152
W.num_zeros  : 0/2097152
O.num_zeros  : 1911356/2097152
Mask histogram
conv1_layer.2.weight: 	 tensor([   0.,  768., 7424.,    0.,    0.,    0.,    0.,    0.,    0.,    0.,
           0.], device='cuda:0')
conv2_layer.2.weight: 	 tensor([2112.,  768., 1216.,    0.,    0.,    0.,    0.,    0.,    0.,    0.,
           0.], device='cuda:0')
fc1_layer.1.weight: 	 tensor([260.,  98., 154.,   0.,   0.,   0.,   0.,   0.,   0.,   0.,   0.],
       device='cuda:0')
Task: 1,	 Epoch: 0/80,	 Avg.loss: 0.0011,	 Test Accuracy: 607/1000(61%)
Task: 1,	 Epoch: 1/80,	 Avg.loss: 0.0010,	 Test Accuracy: 641/1000(64%)
Task: 1,	 Epoch: 2/80,	 Avg.loss: 0.0009,	 Test Accuracy: 664/1000(66%)
Task: 1,	 Epoch: 3/80,	 Avg.loss: 0.0009,	 Test Accuracy: 691/1000(69%)
Task: 1,	 Epoch: 4/80,	 Avg.loss: 0.0009,	 Test Accuracy: 696/1000(70%)
Task: 1,	 Epoch: 5/80,	 Avg.loss: 0.0009,	 Test Accuracy: 688/1000(69%)
Task: 1,	 Epoch: 6/80,	 Avg.loss: 0.0009,	 Test Accuracy: 698/1000(70%)
Task: 1,	 Epoch: 7/80,	 Avg.loss: 0.0009,	 Test Accuracy: 699/1000(70%)
Task: 1,	 Epoch: 8/80,	 Avg.loss: 0.0008,	 Test Accuracy: 724/1000(72%)
Task: 1,	 Epoch: 9/80,	 Avg.loss: 0.0008,	 Test Accuracy: 717/1000(72%)
Task: 1,	 Epoch: 10/80,	 Avg.loss: 0.0008,	 Test Accuracy: 735/1000(74%)
Task: 1,	 Epoch: 11/80,	 Avg.loss: 0.0008,	 Test Accuracy: 727/1000(73%)
Task: 1,	 Epoch: 12/80,	 Avg.loss: 0.0008,	 Test Accuracy: 721/1000(72%)
Task: 1,	 Epoch: 13/80,	 Avg.loss: 0.0008,	 Test Accuracy: 742/1000(74%)
Task: 1,	 Epoch: 14/80,	 Avg.loss: 0.0008,	 Test Accuracy: 731/1000(73%)
Task: 1,	 Epoch: 15/80,	 Avg.loss: 0.0008,	 Test Accuracy: 715/1000(72%)
Task: 1,	 Epoch: 16/80,	 Avg.loss: 0.0008,	 Test Accuracy: 742/1000(74%)
Task: 1,	 Epoch: 17/80,	 Avg.loss: 0.0008,	 Test Accuracy: 732/1000(73%)
Task: 1,	 Epoch: 18/80,	 Avg.loss: 0.0007,	 Test Accuracy: 751/1000(75%)
Task: 1,	 Epoch: 19/80,	 Avg.loss: 0.0008,	 Test Accuracy: 734/1000(73%)
Task: 1,	 Epoch: 20/80,	 Avg.loss: 0.0007,	 Test Accuracy: 741/1000(74%)
Task: 1,	 Epoch: 21/80,	 Avg.loss: 0.0008,	 Test Accuracy: 751/1000(75%)
Task: 1,	 Epoch: 22/80,	 Avg.loss: 0.0007,	 Test Accuracy: 759/1000(76%)
Task: 1,	 Epoch: 23/80,	 Avg.loss: 0.0008,	 Test Accuracy: 746/1000(75%)
Task: 1,	 Epoch: 24/80,	 Avg.loss: 0.0008,	 Test Accuracy: 752/1000(75%)
Task: 1,	 Epoch: 25/80,	 Avg.loss: 0.0007,	 Test Accuracy: 746/1000(75%)
Task: 1,	 Epoch: 26/80,	 Avg.loss: 0.0008,	 Test Accuracy: 749/1000(75%)
Task: 1,	 Epoch: 27/80,	 Avg.loss: 0.0007,	 Test Accuracy: 751/1000(75%)
Task: 1,	 Epoch: 28/80,	 Avg.loss: 0.0008,	 Test Accuracy: 741/1000(74%)
Task: 1,	 Epoch: 29/80,	 Avg.loss: 0.0007,	 Test Accuracy: 758/1000(76%)
Task: 1,	 Epoch: 30/80,	 Avg.loss: 0.0007,	 Test Accuracy: 758/1000(76%)
Task: 1,	 Epoch: 31/80,	 Avg.loss: 0.0007,	 Test Accuracy: 753/1000(75%)
Task: 1,	 Epoch: 32/80,	 Avg.loss: 0.0007,	 Test Accuracy: 765/1000(76%)
Task: 1,	 Epoch: 33/80,	 Avg.loss: 0.0008,	 Test Accuracy: 761/1000(76%)
Task: 1,	 Epoch: 34/80,	 Avg.loss: 0.0008,	 Test Accuracy: 745/1000(74%)
Task: 1,	 Epoch: 35/80,	 Avg.loss: 0.0007,	 Test Accuracy: 757/1000(76%)
Task: 1,	 Epoch: 36/80,	 Avg.loss: 0.0007,	 Test Accuracy: 761/1000(76%)
Task: 1,	 Epoch: 37/80,	 Avg.loss: 0.0007,	 Test Accuracy: 763/1000(76%)
Task: 1,	 Epoch: 38/80,	 Avg.loss: 0.0007,	 Test Accuracy: 767/1000(77%)
Task: 1,	 Epoch: 39/80,	 Avg.loss: 0.0007,	 Test Accuracy: 762/1000(76%)
Task: 1,	 Epoch: 40/80,	 Avg.loss: 0.0007,	 Test Accuracy: 768/1000(77%)
Task: 1,	 Epoch: 41/80,	 Avg.loss: 0.0007,	 Test Accuracy: 767/1000(77%)
Task: 1,	 Epoch: 42/80,	 Avg.loss: 0.0007,	 Test Accuracy: 752/1000(75%)
Task: 1,	 Epoch: 43/80,	 Avg.loss: 0.0007,	 Test Accuracy: 762/1000(76%)
Task: 1,	 Epoch: 44/80,	 Avg.loss: 0.0007,	 Test Accuracy: 771/1000(77%)
Task: 1,	 Epoch: 45/80,	 Avg.loss: 0.0007,	 Test Accuracy: 755/1000(76%)
Task: 1,	 Epoch: 46/80,	 Avg.loss: 0.0007,	 Test Accuracy: 764/1000(76%)
Task: 1,	 Epoch: 47/80,	 Avg.loss: 0.0007,	 Test Accuracy: 757/1000(76%)
Task: 1,	 Epoch: 48/80,	 Avg.loss: 0.0007,	 Test Accuracy: 760/1000(76%)
Task: 1,	 Epoch: 49/80,	 Avg.loss: 0.0007,	 Test Accuracy: 773/1000(77%)
Task: 1,	 Epoch: 50/80,	 Avg.loss: 0.0007,	 Test Accuracy: 773/1000(77%)
Task: 1,	 Epoch: 51/80,	 Avg.loss: 0.0007,	 Test Accuracy: 785/1000(78%)
Task: 1,	 Epoch: 52/80,	 Avg.loss: 0.0007,	 Test Accuracy: 779/1000(78%)
Task: 1,	 Epoch: 53/80,	 Avg.loss: 0.0007,	 Test Accuracy: 785/1000(78%)
Task: 1,	 Epoch: 54/80,	 Avg.loss: 0.0007,	 Test Accuracy: 781/1000(78%)
Task: 1,	 Epoch: 55/80,	 Avg.loss: 0.0007,	 Test Accuracy: 779/1000(78%)
Task: 1,	 Epoch: 56/80,	 Avg.loss: 0.0007,	 Test Accuracy: 780/1000(78%)
Task: 1,	 Epoch: 57/80,	 Avg.loss: 0.0007,	 Test Accuracy: 779/1000(78%)
Task: 1,	 Epoch: 58/80,	 Avg.loss: 0.0007,	 Test Accuracy: 780/1000(78%)
Task: 1,	 Epoch: 59/80,	 Avg.loss: 0.0007,	 Test Accuracy: 773/1000(77%)
Task: 1,	 Epoch: 60/80,	 Avg.loss: 0.0007,	 Test Accuracy: 779/1000(78%)
Task: 1,	 Epoch: 61/80,	 Avg.loss: 0.0007,	 Test Accuracy: 784/1000(78%)
Task: 1,	 Epoch: 62/80,	 Avg.loss: 0.0007,	 Test Accuracy: 782/1000(78%)
Task: 1,	 Epoch: 63/80,	 Avg.loss: 0.0007,	 Test Accuracy: 782/1000(78%)
Task: 1,	 Epoch: 64/80,	 Avg.loss: 0.0007,	 Test Accuracy: 784/1000(78%)
Task: 1,	 Epoch: 65/80,	 Avg.loss: 0.0007,	 Test Accuracy: 780/1000(78%)
Task: 1,	 Epoch: 66/80,	 Avg.loss: 0.0007,	 Test Accuracy: 783/1000(78%)
Task: 1,	 Epoch: 67/80,	 Avg.loss: 0.0007,	 Test Accuracy: 778/1000(78%)
Task: 1,	 Epoch: 68/80,	 Avg.loss: 0.0007,	 Test Accuracy: 782/1000(78%)
Task: 1,	 Epoch: 69/80,	 Avg.loss: 0.0007,	 Test Accuracy: 784/1000(78%)
Task: 1,	 Epoch: 70/80,	 Avg.loss: 0.0007,	 Test Accuracy: 781/1000(78%)
Task: 1,	 Epoch: 71/80,	 Avg.loss: 0.0007,	 Test Accuracy: 783/1000(78%)
Task: 1,	 Epoch: 72/80,	 Avg.loss: 0.0007,	 Test Accuracy: 785/1000(78%)
Task: 1,	 Epoch: 73/80,	 Avg.loss: 0.0007,	 Test Accuracy: 781/1000(78%)
Task: 1,	 Epoch: 74/80,	 Avg.loss: 0.0007,	 Test Accuracy: 781/1000(78%)
Task: 1,	 Epoch: 75/80,	 Avg.loss: 0.0007,	 Test Accuracy: 786/1000(79%)
Task: 1,	 Epoch: 76/80,	 Avg.loss: 0.0007,	 Test Accuracy: 785/1000(78%)
Task: 1,	 Epoch: 77/80,	 Avg.loss: 0.0007,	 Test Accuracy: 781/1000(78%)
Task: 1,	 Epoch: 78/80,	 Avg.loss: 0.0007,	 Test Accuracy: 789/1000(79%)
Task: 1,	 Epoch: 79/80,	 Avg.loss: 0.0007,	 Test Accuracy: 784/1000(78%)
Trained Task:1, Loaded task:0, Accuracy:86.1%
Trained Task:1, Loaded task:1, Accuracy:78.4%
Trained Task:1, Avg. Accuracy: 82.3 

List of avg. accuracy: [85.7, 82.3]
Layer        : conv1_layer.2.weight
R.histogram  : tensor([14.,  5.,  5.,  4.,  3.,  0.,  0.,  0.,  0.,  1.], device='cuda:0')
R_sum max/min: 73.3/1.5
F.num_zeros  : 0/9216
W.num_zeros  : 0/9216
O.num_zeros  : 0/9216
Layer        : conv2_layer.2.weight
R.histogram  : tensor([24., 17.,  7.,  4.,  2.,  1.,  5.,  0.,  1.,  3.], device='cuda:0')
R_sum max/min: 120.8/0.0
F.num_zeros  : 3411/36864
W.num_zeros  : 0/36864
O.num_zeros  : 22122/36864
Layer        : fc1_layer.1.weight
R.histogram  : tensor([383.,  78.,  28.,  14.,   7.,   0.,   0.,   1.,   0.,   1.],
       device='cuda:0')
R_sum max/min: 549.9/0.0
F.num_zeros  : 815974/2097152
W.num_zeros  : 0/2097152
O.num_zeros  : 1838368/2097152
Mask histogram
conv1_layer.2.weight: 	 tensor([   0.,    0., 1792., 6400.,    0.,    0.,    0.,    0.,    0.,    0.,
           0.], device='cuda:0')
conv2_layer.2.weight: 	 tensor([1792.,  768.,  576.,  960.,    0.,    0.,    0.,    0.,    0.,    0.,
           0.], device='cuda:0')
fc1_layer.1.weight: 	 tensor([237.,  67.,  82., 126.,   0.,   0.,   0.,   0.,   0.,   0.,   0.],
       device='cuda:0')
Task: 2,	 Epoch: 0/80,	 Avg.loss: 0.0012,	 Test Accuracy: 606/1000(61%)
Task: 2,	 Epoch: 1/80,	 Avg.loss: 0.0009,	 Test Accuracy: 706/1000(71%)
Task: 2,	 Epoch: 2/80,	 Avg.loss: 0.0009,	 Test Accuracy: 710/1000(71%)
Task: 2,	 Epoch: 3/80,	 Avg.loss: 0.0009,	 Test Accuracy: 701/1000(70%)
Task: 2,	 Epoch: 4/80,	 Avg.loss: 0.0008,	 Test Accuracy: 728/1000(73%)
Task: 2,	 Epoch: 5/80,	 Avg.loss: 0.0008,	 Test Accuracy: 759/1000(76%)
Task: 2,	 Epoch: 6/80,	 Avg.loss: 0.0008,	 Test Accuracy: 752/1000(75%)
Task: 2,	 Epoch: 7/80,	 Avg.loss: 0.0007,	 Test Accuracy: 751/1000(75%)
Task: 2,	 Epoch: 8/80,	 Avg.loss: 0.0008,	 Test Accuracy: 752/1000(75%)
Task: 2,	 Epoch: 9/80,	 Avg.loss: 0.0007,	 Test Accuracy: 769/1000(77%)
Task: 2,	 Epoch: 10/80,	 Avg.loss: 0.0007,	 Test Accuracy: 765/1000(76%)
Task: 2,	 Epoch: 11/80,	 Avg.loss: 0.0009,	 Test Accuracy: 734/1000(73%)
Task: 2,	 Epoch: 12/80,	 Avg.loss: 0.0008,	 Test Accuracy: 746/1000(75%)
Task: 2,	 Epoch: 13/80,	 Avg.loss: 0.0007,	 Test Accuracy: 781/1000(78%)
Task: 2,	 Epoch: 14/80,	 Avg.loss: 0.0007,	 Test Accuracy: 766/1000(77%)
Task: 2,	 Epoch: 15/80,	 Avg.loss: 0.0007,	 Test Accuracy: 791/1000(79%)
Task: 2,	 Epoch: 16/80,	 Avg.loss: 0.0007,	 Test Accuracy: 788/1000(79%)
Task: 2,	 Epoch: 17/80,	 Avg.loss: 0.0007,	 Test Accuracy: 787/1000(79%)
Task: 2,	 Epoch: 18/80,	 Avg.loss: 0.0007,	 Test Accuracy: 790/1000(79%)
Task: 2,	 Epoch: 19/80,	 Avg.loss: 0.0007,	 Test Accuracy: 793/1000(79%)
Task: 2,	 Epoch: 20/80,	 Avg.loss: 0.0007,	 Test Accuracy: 784/1000(78%)
Task: 2,	 Epoch: 21/80,	 Avg.loss: 0.0007,	 Test Accuracy: 794/1000(79%)
Task: 2,	 Epoch: 22/80,	 Avg.loss: 0.0007,	 Test Accuracy: 799/1000(80%)
Task: 2,	 Epoch: 23/80,	 Avg.loss: 0.0006,	 Test Accuracy: 797/1000(80%)
Task: 2,	 Epoch: 24/80,	 Avg.loss: 0.0007,	 Test Accuracy: 795/1000(80%)
Task: 2,	 Epoch: 25/80,	 Avg.loss: 0.0007,	 Test Accuracy: 788/1000(79%)
Task: 2,	 Epoch: 26/80,	 Avg.loss: 0.0007,	 Test Accuracy: 777/1000(78%)
Task: 2,	 Epoch: 27/80,	 Avg.loss: 0.0007,	 Test Accuracy: 787/1000(79%)
Task: 2,	 Epoch: 28/80,	 Avg.loss: 0.0007,	 Test Accuracy: 788/1000(79%)
Task: 2,	 Epoch: 29/80,	 Avg.loss: 0.0006,	 Test Accuracy: 795/1000(80%)
Task: 2,	 Epoch: 30/80,	 Avg.loss: 0.0007,	 Test Accuracy: 788/1000(79%)
Task: 2,	 Epoch: 31/80,	 Avg.loss: 0.0006,	 Test Accuracy: 792/1000(79%)
Task: 2,	 Epoch: 32/80,	 Avg.loss: 0.0006,	 Test Accuracy: 801/1000(80%)
Task: 2,	 Epoch: 33/80,	 Avg.loss: 0.0007,	 Test Accuracy: 796/1000(80%)
Task: 2,	 Epoch: 34/80,	 Avg.loss: 0.0007,	 Test Accuracy: 791/1000(79%)
Task: 2,	 Epoch: 35/80,	 Avg.loss: 0.0007,	 Test Accuracy: 785/1000(78%)
Task: 2,	 Epoch: 36/80,	 Avg.loss: 0.0007,	 Test Accuracy: 785/1000(78%)
Task: 2,	 Epoch: 37/80,	 Avg.loss: 0.0006,	 Test Accuracy: 784/1000(78%)
Task: 2,	 Epoch: 38/80,	 Avg.loss: 0.0006,	 Test Accuracy: 808/1000(81%)
Task: 2,	 Epoch: 39/80,	 Avg.loss: 0.0007,	 Test Accuracy: 797/1000(80%)
Task: 2,	 Epoch: 40/80,	 Avg.loss: 0.0006,	 Test Accuracy: 791/1000(79%)
Task: 2,	 Epoch: 41/80,	 Avg.loss: 0.0006,	 Test Accuracy: 798/1000(80%)
Task: 2,	 Epoch: 42/80,	 Avg.loss: 0.0006,	 Test Accuracy: 802/1000(80%)
Task: 2,	 Epoch: 43/80,	 Avg.loss: 0.0007,	 Test Accuracy: 792/1000(79%)
Task: 2,	 Epoch: 44/80,	 Avg.loss: 0.0006,	 Test Accuracy: 789/1000(79%)
Task: 2,	 Epoch: 45/80,	 Avg.loss: 0.0006,	 Test Accuracy: 795/1000(80%)
Task: 2,	 Epoch: 46/80,	 Avg.loss: 0.0006,	 Test Accuracy: 802/1000(80%)
Task: 2,	 Epoch: 47/80,	 Avg.loss: 0.0006,	 Test Accuracy: 801/1000(80%)
Task: 2,	 Epoch: 48/80,	 Avg.loss: 0.0007,	 Test Accuracy: 798/1000(80%)
Task: 2,	 Epoch: 49/80,	 Avg.loss: 0.0007,	 Test Accuracy: 796/1000(80%)
Task: 2,	 Epoch: 50/80,	 Avg.loss: 0.0006,	 Test Accuracy: 811/1000(81%)
Task: 2,	 Epoch: 51/80,	 Avg.loss: 0.0006,	 Test Accuracy: 806/1000(81%)
Task: 2,	 Epoch: 52/80,	 Avg.loss: 0.0006,	 Test Accuracy: 809/1000(81%)
Task: 2,	 Epoch: 53/80,	 Avg.loss: 0.0006,	 Test Accuracy: 808/1000(81%)
Task: 2,	 Epoch: 54/80,	 Avg.loss: 0.0006,	 Test Accuracy: 810/1000(81%)
Task: 2,	 Epoch: 55/80,	 Avg.loss: 0.0006,	 Test Accuracy: 811/1000(81%)
Task: 2,	 Epoch: 56/80,	 Avg.loss: 0.0006,	 Test Accuracy: 806/1000(81%)
Task: 2,	 Epoch: 57/80,	 Avg.loss: 0.0006,	 Test Accuracy: 811/1000(81%)
Task: 2,	 Epoch: 58/80,	 Avg.loss: 0.0006,	 Test Accuracy: 808/1000(81%)
Task: 2,	 Epoch: 59/80,	 Avg.loss: 0.0006,	 Test Accuracy: 815/1000(82%)
Task: 2,	 Epoch: 60/80,	 Avg.loss: 0.0006,	 Test Accuracy: 814/1000(81%)
Task: 2,	 Epoch: 61/80,	 Avg.loss: 0.0006,	 Test Accuracy: 810/1000(81%)
Task: 2,	 Epoch: 62/80,	 Avg.loss: 0.0006,	 Test Accuracy: 808/1000(81%)
Task: 2,	 Epoch: 63/80,	 Avg.loss: 0.0006,	 Test Accuracy: 812/1000(81%)
Task: 2,	 Epoch: 64/80,	 Avg.loss: 0.0006,	 Test Accuracy: 811/1000(81%)
Task: 2,	 Epoch: 65/80,	 Avg.loss: 0.0006,	 Test Accuracy: 811/1000(81%)
Task: 2,	 Epoch: 66/80,	 Avg.loss: 0.0006,	 Test Accuracy: 809/1000(81%)
Task: 2,	 Epoch: 67/80,	 Avg.loss: 0.0006,	 Test Accuracy: 811/1000(81%)
Task: 2,	 Epoch: 68/80,	 Avg.loss: 0.0006,	 Test Accuracy: 811/1000(81%)
Task: 2,	 Epoch: 69/80,	 Avg.loss: 0.0006,	 Test Accuracy: 807/1000(81%)
Task: 2,	 Epoch: 70/80,	 Avg.loss: 0.0006,	 Test Accuracy: 810/1000(81%)
Task: 2,	 Epoch: 71/80,	 Avg.loss: 0.0006,	 Test Accuracy: 806/1000(81%)
Task: 2,	 Epoch: 72/80,	 Avg.loss: 0.0006,	 Test Accuracy: 807/1000(81%)
Task: 2,	 Epoch: 73/80,	 Avg.loss: 0.0006,	 Test Accuracy: 816/1000(82%)
Task: 2,	 Epoch: 74/80,	 Avg.loss: 0.0006,	 Test Accuracy: 809/1000(81%)
Task: 2,	 Epoch: 75/80,	 Avg.loss: 0.0006,	 Test Accuracy: 807/1000(81%)
Task: 2,	 Epoch: 76/80,	 Avg.loss: 0.0006,	 Test Accuracy: 815/1000(82%)
Task: 2,	 Epoch: 77/80,	 Avg.loss: 0.0006,	 Test Accuracy: 807/1000(81%)
Task: 2,	 Epoch: 78/80,	 Avg.loss: 0.0006,	 Test Accuracy: 812/1000(81%)
Task: 2,	 Epoch: 79/80,	 Avg.loss: 0.0006,	 Test Accuracy: 813/1000(81%)
Trained Task:2, Loaded task:0, Accuracy:85.4%
Trained Task:2, Loaded task:1, Accuracy:77.6%
Trained Task:2, Loaded task:2, Accuracy:81.3%
Trained Task:2, Avg. Accuracy: 81.4 

List of avg. accuracy: [85.7, 82.3, 81.4]
Layer        : conv1_layer.2.weight
R.histogram  : tensor([12.,  3.,  8.,  4.,  0.,  2.,  0.,  2.,  0.,  1.], device='cuda:0')
R_sum max/min: 69.7/1.7
F.num_zeros  : 0/9216
W.num_zeros  : 0/9216
O.num_zeros  : 0/9216
Layer        : conv2_layer.2.weight
R.histogram  : tensor([41., 15.,  4.,  0.,  0.,  1.,  1.,  0.,  1.,  1.], device='cuda:0')
R_sum max/min: 117.2/0.0
F.num_zeros  : 3411/36864
W.num_zeros  : 0/36864
O.num_zeros  : 19287/36864
Layer        : fc1_layer.1.weight
R.histogram  : tensor([431.,  49.,  10.,   9.,   5.,   3.,   2.,   2.,   0.,   1.],
       device='cuda:0')
R_sum max/min: 423.9/0.0
F.num_zeros  : 834265/2097152
W.num_zeros  : 0/2097152
O.num_zeros  : 1774203/2097152
Mask histogram
conv1_layer.2.weight: 	 tensor([   0.,    0.,  512., 2304., 5376.,    0.,    0.,    0.,    0.,    0.,
           0.], device='cuda:0')
conv2_layer.2.weight: 	 tensor([1344.,  960.,  576.,  576.,  640.,    0.,    0.,    0.,    0.,    0.,
           0.], device='cuda:0')
fc1_layer.1.weight: 	 tensor([215.,  64.,  56.,  72., 105.,   0.,   0.,   0.,   0.,   0.,   0.],
       device='cuda:0')
Task: 3,	 Epoch: 0/80,	 Avg.loss: 0.0015,	 Test Accuracy: 467/1000(47%)
Task: 3,	 Epoch: 1/80,	 Avg.loss: 0.0012,	 Test Accuracy: 607/1000(61%)
Task: 3,	 Epoch: 2/80,	 Avg.loss: 0.0011,	 Test Accuracy: 630/1000(63%)
Task: 3,	 Epoch: 3/80,	 Avg.loss: 0.0010,	 Test Accuracy: 643/1000(64%)
Task: 3,	 Epoch: 4/80,	 Avg.loss: 0.0010,	 Test Accuracy: 650/1000(65%)
Task: 3,	 Epoch: 5/80,	 Avg.loss: 0.0010,	 Test Accuracy: 665/1000(66%)
Task: 3,	 Epoch: 6/80,	 Avg.loss: 0.0010,	 Test Accuracy: 683/1000(68%)
Task: 3,	 Epoch: 7/80,	 Avg.loss: 0.0009,	 Test Accuracy: 693/1000(69%)
Task: 3,	 Epoch: 8/80,	 Avg.loss: 0.0009,	 Test Accuracy: 694/1000(69%)
Task: 3,	 Epoch: 9/80,	 Avg.loss: 0.0009,	 Test Accuracy: 693/1000(69%)
Task: 3,	 Epoch: 10/80,	 Avg.loss: 0.0009,	 Test Accuracy: 706/1000(71%)
Task: 3,	 Epoch: 11/80,	 Avg.loss: 0.0009,	 Test Accuracy: 699/1000(70%)
Task: 3,	 Epoch: 12/80,	 Avg.loss: 0.0009,	 Test Accuracy: 678/1000(68%)
Task: 3,	 Epoch: 13/80,	 Avg.loss: 0.0008,	 Test Accuracy: 717/1000(72%)
Task: 3,	 Epoch: 14/80,	 Avg.loss: 0.0008,	 Test Accuracy: 715/1000(72%)
Task: 3,	 Epoch: 15/80,	 Avg.loss: 0.0009,	 Test Accuracy: 690/1000(69%)
Task: 3,	 Epoch: 16/80,	 Avg.loss: 0.0008,	 Test Accuracy: 705/1000(70%)
Task: 3,	 Epoch: 17/80,	 Avg.loss: 0.0008,	 Test Accuracy: 724/1000(72%)
Task: 3,	 Epoch: 18/80,	 Avg.loss: 0.0008,	 Test Accuracy: 726/1000(73%)
Task: 3,	 Epoch: 19/80,	 Avg.loss: 0.0008,	 Test Accuracy: 732/1000(73%)
Task: 3,	 Epoch: 20/80,	 Avg.loss: 0.0008,	 Test Accuracy: 731/1000(73%)
Task: 3,	 Epoch: 21/80,	 Avg.loss: 0.0009,	 Test Accuracy: 719/1000(72%)
Task: 3,	 Epoch: 22/80,	 Avg.loss: 0.0009,	 Test Accuracy: 710/1000(71%)
Task: 3,	 Epoch: 23/80,	 Avg.loss: 0.0008,	 Test Accuracy: 725/1000(72%)
Task: 3,	 Epoch: 24/80,	 Avg.loss: 0.0008,	 Test Accuracy: 727/1000(73%)
Task: 3,	 Epoch: 25/80,	 Avg.loss: 0.0008,	 Test Accuracy: 742/1000(74%)
Task: 3,	 Epoch: 26/80,	 Avg.loss: 0.0008,	 Test Accuracy: 724/1000(72%)
Task: 3,	 Epoch: 27/80,	 Avg.loss: 0.0008,	 Test Accuracy: 746/1000(75%)
Task: 3,	 Epoch: 28/80,	 Avg.loss: 0.0008,	 Test Accuracy: 734/1000(73%)
Task: 3,	 Epoch: 29/80,	 Avg.loss: 0.0008,	 Test Accuracy: 725/1000(72%)
Task: 3,	 Epoch: 30/80,	 Avg.loss: 0.0008,	 Test Accuracy: 728/1000(73%)
Task: 3,	 Epoch: 31/80,	 Avg.loss: 0.0008,	 Test Accuracy: 747/1000(75%)
Task: 3,	 Epoch: 32/80,	 Avg.loss: 0.0008,	 Test Accuracy: 742/1000(74%)
Task: 3,	 Epoch: 33/80,	 Avg.loss: 0.0008,	 Test Accuracy: 739/1000(74%)
Task: 3,	 Epoch: 34/80,	 Avg.loss: 0.0007,	 Test Accuracy: 759/1000(76%)
Task: 3,	 Epoch: 35/80,	 Avg.loss: 0.0008,	 Test Accuracy: 745/1000(74%)
Task: 3,	 Epoch: 36/80,	 Avg.loss: 0.0008,	 Test Accuracy: 741/1000(74%)
Task: 3,	 Epoch: 37/80,	 Avg.loss: 0.0008,	 Test Accuracy: 748/1000(75%)
Task: 3,	 Epoch: 38/80,	 Avg.loss: 0.0007,	 Test Accuracy: 756/1000(76%)
Task: 3,	 Epoch: 39/80,	 Avg.loss: 0.0007,	 Test Accuracy: 757/1000(76%)
Task: 3,	 Epoch: 40/80,	 Avg.loss: 0.0008,	 Test Accuracy: 740/1000(74%)
Task: 3,	 Epoch: 41/80,	 Avg.loss: 0.0008,	 Test Accuracy: 751/1000(75%)
Task: 3,	 Epoch: 42/80,	 Avg.loss: 0.0008,	 Test Accuracy: 747/1000(75%)
Task: 3,	 Epoch: 43/80,	 Avg.loss: 0.0007,	 Test Accuracy: 752/1000(75%)
Task: 3,	 Epoch: 44/80,	 Avg.loss: 0.0008,	 Test Accuracy: 739/1000(74%)
Task: 3,	 Epoch: 45/80,	 Avg.loss: 0.0008,	 Test Accuracy: 744/1000(74%)
Task: 3,	 Epoch: 46/80,	 Avg.loss: 0.0008,	 Test Accuracy: 731/1000(73%)
Task: 3,	 Epoch: 47/80,	 Avg.loss: 0.0007,	 Test Accuracy: 750/1000(75%)
Task: 3,	 Epoch: 48/80,	 Avg.loss: 0.0008,	 Test Accuracy: 747/1000(75%)
Task: 3,	 Epoch: 49/80,	 Avg.loss: 0.0007,	 Test Accuracy: 758/1000(76%)
Task: 3,	 Epoch: 50/80,	 Avg.loss: 0.0007,	 Test Accuracy: 765/1000(76%)
Task: 3,	 Epoch: 51/80,	 Avg.loss: 0.0007,	 Test Accuracy: 763/1000(76%)
Task: 3,	 Epoch: 52/80,	 Avg.loss: 0.0007,	 Test Accuracy: 764/1000(76%)
Task: 3,	 Epoch: 53/80,	 Avg.loss: 0.0007,	 Test Accuracy: 767/1000(77%)
Task: 3,	 Epoch: 54/80,	 Avg.loss: 0.0007,	 Test Accuracy: 773/1000(77%)
Task: 3,	 Epoch: 55/80,	 Avg.loss: 0.0007,	 Test Accuracy: 772/1000(77%)
Task: 3,	 Epoch: 56/80,	 Avg.loss: 0.0007,	 Test Accuracy: 767/1000(77%)
Task: 3,	 Epoch: 57/80,	 Avg.loss: 0.0007,	 Test Accuracy: 773/1000(77%)
Task: 3,	 Epoch: 58/80,	 Avg.loss: 0.0007,	 Test Accuracy: 766/1000(77%)
Task: 3,	 Epoch: 59/80,	 Avg.loss: 0.0007,	 Test Accuracy: 770/1000(77%)
Task: 3,	 Epoch: 60/80,	 Avg.loss: 0.0007,	 Test Accuracy: 776/1000(78%)
Task: 3,	 Epoch: 61/80,	 Avg.loss: 0.0007,	 Test Accuracy: 770/1000(77%)
Task: 3,	 Epoch: 62/80,	 Avg.loss: 0.0007,	 Test Accuracy: 769/1000(77%)
Task: 3,	 Epoch: 63/80,	 Avg.loss: 0.0007,	 Test Accuracy: 773/1000(77%)
Task: 3,	 Epoch: 64/80,	 Avg.loss: 0.0007,	 Test Accuracy: 771/1000(77%)
Task: 3,	 Epoch: 65/80,	 Avg.loss: 0.0007,	 Test Accuracy: 773/1000(77%)
Task: 3,	 Epoch: 66/80,	 Avg.loss: 0.0007,	 Test Accuracy: 773/1000(77%)
Task: 3,	 Epoch: 67/80,	 Avg.loss: 0.0007,	 Test Accuracy: 775/1000(78%)
Task: 3,	 Epoch: 68/80,	 Avg.loss: 0.0007,	 Test Accuracy: 769/1000(77%)
Task: 3,	 Epoch: 69/80,	 Avg.loss: 0.0007,	 Test Accuracy: 767/1000(77%)
Task: 3,	 Epoch: 70/80,	 Avg.loss: 0.0007,	 Test Accuracy: 767/1000(77%)
Task: 3,	 Epoch: 71/80,	 Avg.loss: 0.0007,	 Test Accuracy: 771/1000(77%)
Task: 3,	 Epoch: 72/80,	 Avg.loss: 0.0007,	 Test Accuracy: 774/1000(77%)
Task: 3,	 Epoch: 73/80,	 Avg.loss: 0.0007,	 Test Accuracy: 771/1000(77%)
Task: 3,	 Epoch: 74/80,	 Avg.loss: 0.0007,	 Test Accuracy: 769/1000(77%)
Task: 3,	 Epoch: 75/80,	 Avg.loss: 0.0007,	 Test Accuracy: 766/1000(77%)
Task: 3,	 Epoch: 76/80,	 Avg.loss: 0.0007,	 Test Accuracy: 768/1000(77%)
Task: 3,	 Epoch: 77/80,	 Avg.loss: 0.0007,	 Test Accuracy: 769/1000(77%)
Task: 3,	 Epoch: 78/80,	 Avg.loss: 0.0007,	 Test Accuracy: 770/1000(77%)
Task: 3,	 Epoch: 79/80,	 Avg.loss: 0.0007,	 Test Accuracy: 763/1000(76%)
Trained Task:3, Loaded task:0, Accuracy:85.2%
Trained Task:3, Loaded task:1, Accuracy:77.9%
Trained Task:3, Loaded task:2, Accuracy:81.0%
Trained Task:3, Loaded task:3, Accuracy:76.3%
Trained Task:3, Avg. Accuracy: 80.1 

List of avg. accuracy: [85.7, 82.3, 81.4, 80.1]
Layer        : conv1_layer.2.weight
R.histogram  : tensor([11.,  9.,  6.,  2.,  0.,  2.,  0.,  0.,  1.,  1.], device='cuda:0')
R_sum max/min: 76.6/2.0
F.num_zeros  : 0/9216
W.num_zeros  : 0/9216
O.num_zeros  : 0/9216
Layer        : conv2_layer.2.weight
R.histogram  : tensor([32., 19.,  6.,  3.,  0.,  1.,  2.,  0.,  0.,  1.], device='cuda:0')
R_sum max/min: 120.6/0.0
F.num_zeros  : 3411/36864
W.num_zeros  : 0/36864
O.num_zeros  : 15318/36864
Layer        : fc1_layer.1.weight
R.histogram  : tensor([441.,  34.,  12.,  12.,   4.,   2.,   4.,   0.,   2.,   1.],
       device='cuda:0')
R_sum max/min: 614.5/0.0
F.num_zeros  : 861727/2097152
W.num_zeros  : 0/2097152
O.num_zeros  : 1698934/2097152
Mask histogram
conv1_layer.2.weight: 	 tensor([   0.,    0.,  256.,  512., 2560., 4864.,    0.,    0.,    0.,    0.,
           0.], device='cuda:0')
conv2_layer.2.weight: 	 tensor([1024.,  960.,  768.,  448.,  320.,  576.,    0.,    0.,    0.,    0.,
           0.], device='cuda:0')
fc1_layer.1.weight: 	 tensor([192.,  72.,  47.,  50.,  56.,  95.,   0.,   0.,   0.,   0.,   0.],
       device='cuda:0')
Task: 4,	 Epoch: 0/80,	 Avg.loss: 0.0011,	 Test Accuracy: 657/1000(66%)
Task: 4,	 Epoch: 1/80,	 Avg.loss: 0.0010,	 Test Accuracy: 691/1000(69%)
Task: 4,	 Epoch: 2/80,	 Avg.loss: 0.0009,	 Test Accuracy: 709/1000(71%)
Task: 4,	 Epoch: 3/80,	 Avg.loss: 0.0009,	 Test Accuracy: 724/1000(72%)
Task: 4,	 Epoch: 4/80,	 Avg.loss: 0.0008,	 Test Accuracy: 718/1000(72%)
Task: 4,	 Epoch: 5/80,	 Avg.loss: 0.0009,	 Test Accuracy: 706/1000(71%)
Task: 4,	 Epoch: 6/80,	 Avg.loss: 0.0008,	 Test Accuracy: 731/1000(73%)
Task: 4,	 Epoch: 7/80,	 Avg.loss: 0.0008,	 Test Accuracy: 742/1000(74%)
Task: 4,	 Epoch: 8/80,	 Avg.loss: 0.0009,	 Test Accuracy: 737/1000(74%)
Task: 4,	 Epoch: 9/80,	 Avg.loss: 0.0008,	 Test Accuracy: 740/1000(74%)
Task: 4,	 Epoch: 10/80,	 Avg.loss: 0.0008,	 Test Accuracy: 758/1000(76%)
Task: 4,	 Epoch: 11/80,	 Avg.loss: 0.0008,	 Test Accuracy: 748/1000(75%)
Task: 4,	 Epoch: 12/80,	 Avg.loss: 0.0007,	 Test Accuracy: 757/1000(76%)
Task: 4,	 Epoch: 13/80,	 Avg.loss: 0.0008,	 Test Accuracy: 727/1000(73%)
Task: 4,	 Epoch: 14/80,	 Avg.loss: 0.0008,	 Test Accuracy: 755/1000(76%)
Task: 4,	 Epoch: 15/80,	 Avg.loss: 0.0008,	 Test Accuracy: 759/1000(76%)
Task: 4,	 Epoch: 16/80,	 Avg.loss: 0.0008,	 Test Accuracy: 763/1000(76%)
Task: 4,	 Epoch: 17/80,	 Avg.loss: 0.0008,	 Test Accuracy: 754/1000(75%)
Task: 4,	 Epoch: 18/80,	 Avg.loss: 0.0007,	 Test Accuracy: 775/1000(78%)
Task: 4,	 Epoch: 19/80,	 Avg.loss: 0.0007,	 Test Accuracy: 767/1000(77%)
Task: 4,	 Epoch: 20/80,	 Avg.loss: 0.0007,	 Test Accuracy: 774/1000(77%)
Task: 4,	 Epoch: 21/80,	 Avg.loss: 0.0007,	 Test Accuracy: 765/1000(76%)
Task: 4,	 Epoch: 22/80,	 Avg.loss: 0.0007,	 Test Accuracy: 762/1000(76%)
Task: 4,	 Epoch: 23/80,	 Avg.loss: 0.0008,	 Test Accuracy: 743/1000(74%)
Task: 4,	 Epoch: 24/80,	 Avg.loss: 0.0008,	 Test Accuracy: 740/1000(74%)
Task: 4,	 Epoch: 25/80,	 Avg.loss: 0.0007,	 Test Accuracy: 771/1000(77%)
Task: 4,	 Epoch: 26/80,	 Avg.loss: 0.0007,	 Test Accuracy: 773/1000(77%)
Task: 4,	 Epoch: 27/80,	 Avg.loss: 0.0008,	 Test Accuracy: 767/1000(77%)
Task: 4,	 Epoch: 28/80,	 Avg.loss: 0.0007,	 Test Accuracy: 761/1000(76%)
Task: 4,	 Epoch: 29/80,	 Avg.loss: 0.0007,	 Test Accuracy: 776/1000(78%)
Task: 4,	 Epoch: 30/80,	 Avg.loss: 0.0008,	 Test Accuracy: 748/1000(75%)
Task: 4,	 Epoch: 31/80,	 Avg.loss: 0.0008,	 Test Accuracy: 758/1000(76%)
Task: 4,	 Epoch: 32/80,	 Avg.loss: 0.0008,	 Test Accuracy: 767/1000(77%)
Task: 4,	 Epoch: 33/80,	 Avg.loss: 0.0007,	 Test Accuracy: 776/1000(78%)
Task: 4,	 Epoch: 34/80,	 Avg.loss: 0.0007,	 Test Accuracy: 774/1000(77%)
Task: 4,	 Epoch: 35/80,	 Avg.loss: 0.0007,	 Test Accuracy: 776/1000(78%)
Task: 4,	 Epoch: 36/80,	 Avg.loss: 0.0007,	 Test Accuracy: 787/1000(79%)
Task: 4,	 Epoch: 37/80,	 Avg.loss: 0.0007,	 Test Accuracy: 785/1000(78%)
Task: 4,	 Epoch: 38/80,	 Avg.loss: 0.0007,	 Test Accuracy: 777/1000(78%)
Task: 4,	 Epoch: 39/80,	 Avg.loss: 0.0007,	 Test Accuracy: 781/1000(78%)
Task: 4,	 Epoch: 40/80,	 Avg.loss: 0.0007,	 Test Accuracy: 778/1000(78%)
Task: 4,	 Epoch: 41/80,	 Avg.loss: 0.0007,	 Test Accuracy: 775/1000(78%)
Task: 4,	 Epoch: 42/80,	 Avg.loss: 0.0007,	 Test Accuracy: 779/1000(78%)
Task: 4,	 Epoch: 43/80,	 Avg.loss: 0.0007,	 Test Accuracy: 778/1000(78%)
Task: 4,	 Epoch: 44/80,	 Avg.loss: 0.0007,	 Test Accuracy: 789/1000(79%)
Task: 4,	 Epoch: 45/80,	 Avg.loss: 0.0007,	 Test Accuracy: 777/1000(78%)
Task: 4,	 Epoch: 46/80,	 Avg.loss: 0.0007,	 Test Accuracy: 780/1000(78%)
Task: 4,	 Epoch: 47/80,	 Avg.loss: 0.0007,	 Test Accuracy: 782/1000(78%)
Task: 4,	 Epoch: 48/80,	 Avg.loss: 0.0007,	 Test Accuracy: 787/1000(79%)
Task: 4,	 Epoch: 49/80,	 Avg.loss: 0.0007,	 Test Accuracy: 788/1000(79%)
Task: 4,	 Epoch: 50/80,	 Avg.loss: 0.0007,	 Test Accuracy: 789/1000(79%)
Task: 4,	 Epoch: 51/80,	 Avg.loss: 0.0007,	 Test Accuracy: 793/1000(79%)
Task: 4,	 Epoch: 52/80,	 Avg.loss: 0.0007,	 Test Accuracy: 791/1000(79%)
Task: 4,	 Epoch: 53/80,	 Avg.loss: 0.0007,	 Test Accuracy: 792/1000(79%)
Task: 4,	 Epoch: 54/80,	 Avg.loss: 0.0007,	 Test Accuracy: 795/1000(80%)
Task: 4,	 Epoch: 55/80,	 Avg.loss: 0.0007,	 Test Accuracy: 790/1000(79%)
Task: 4,	 Epoch: 56/80,	 Avg.loss: 0.0007,	 Test Accuracy: 792/1000(79%)
Task: 4,	 Epoch: 57/80,	 Avg.loss: 0.0007,	 Test Accuracy: 798/1000(80%)
Task: 4,	 Epoch: 58/80,	 Avg.loss: 0.0007,	 Test Accuracy: 790/1000(79%)
Task: 4,	 Epoch: 59/80,	 Avg.loss: 0.0007,	 Test Accuracy: 789/1000(79%)
Task: 4,	 Epoch: 60/80,	 Avg.loss: 0.0007,	 Test Accuracy: 784/1000(78%)
Task: 4,	 Epoch: 61/80,	 Avg.loss: 0.0007,	 Test Accuracy: 786/1000(79%)
Task: 4,	 Epoch: 62/80,	 Avg.loss: 0.0007,	 Test Accuracy: 788/1000(79%)
Task: 4,	 Epoch: 63/80,	 Avg.loss: 0.0007,	 Test Accuracy: 797/1000(80%)
Task: 4,	 Epoch: 64/80,	 Avg.loss: 0.0007,	 Test Accuracy: 786/1000(79%)
Task: 4,	 Epoch: 65/80,	 Avg.loss: 0.0007,	 Test Accuracy: 790/1000(79%)
Task: 4,	 Epoch: 66/80,	 Avg.loss: 0.0007,	 Test Accuracy: 787/1000(79%)
Task: 4,	 Epoch: 67/80,	 Avg.loss: 0.0007,	 Test Accuracy: 788/1000(79%)
Task: 4,	 Epoch: 68/80,	 Avg.loss: 0.0007,	 Test Accuracy: 784/1000(78%)
Task: 4,	 Epoch: 69/80,	 Avg.loss: 0.0007,	 Test Accuracy: 786/1000(79%)
Task: 4,	 Epoch: 70/80,	 Avg.loss: 0.0007,	 Test Accuracy: 787/1000(79%)
Task: 4,	 Epoch: 71/80,	 Avg.loss: 0.0007,	 Test Accuracy: 786/1000(79%)
Task: 4,	 Epoch: 72/80,	 Avg.loss: 0.0007,	 Test Accuracy: 790/1000(79%)
Task: 4,	 Epoch: 73/80,	 Avg.loss: 0.0007,	 Test Accuracy: 780/1000(78%)
Task: 4,	 Epoch: 74/80,	 Avg.loss: 0.0007,	 Test Accuracy: 792/1000(79%)
Task: 4,	 Epoch: 75/80,	 Avg.loss: 0.0007,	 Test Accuracy: 785/1000(78%)
Task: 4,	 Epoch: 76/80,	 Avg.loss: 0.0007,	 Test Accuracy: 791/1000(79%)
Task: 4,	 Epoch: 77/80,	 Avg.loss: 0.0007,	 Test Accuracy: 788/1000(79%)
Task: 4,	 Epoch: 78/80,	 Avg.loss: 0.0007,	 Test Accuracy: 786/1000(79%)
Task: 4,	 Epoch: 79/80,	 Avg.loss: 0.0007,	 Test Accuracy: 793/1000(79%)
Trained Task:4, Loaded task:0, Accuracy:83.3%
Trained Task:4, Loaded task:1, Accuracy:73.4%
Trained Task:4, Loaded task:2, Accuracy:79.6%
Trained Task:4, Loaded task:3, Accuracy:73.7%
Trained Task:4, Loaded task:4, Accuracy:79.3%
Trained Task:4, Avg. Accuracy: 77.9 

List of avg. accuracy: [85.7, 82.3, 81.4, 80.1, 77.9]
Layer        : conv1_layer.2.weight
R.histogram  : tensor([16.,  7.,  6.,  2.,  0.,  0.,  0.,  0.,  0.,  1.], device='cuda:0')
R_sum max/min: 83.3/2.8
F.num_zeros  : 0/9216
W.num_zeros  : 0/9216
O.num_zeros  : 0/9216
Layer        : conv2_layer.2.weight
R.histogram  : tensor([22., 14., 12.,  6.,  5.,  1.,  2.,  0.,  0.,  2.], device='cuda:0')
R_sum max/min: 101.0/0.0
F.num_zeros  : 2844/36864
W.num_zeros  : 0/36864
O.num_zeros  : 11916/36864
Layer        : fc1_layer.1.weight
R.histogram  : tensor([429.,  49.,  10.,  10.,   6.,   3.,   1.,   1.,   0.,   3.],
       device='cuda:0')
R_sum max/min: 553.0/0.0
F.num_zeros  : 852601/2097152
W.num_zeros  : 0/2097152
O.num_zeros  : 1622581/2097152
Mask histogram
conv1_layer.2.weight: 	 tensor([   0.,    0.,    0.,  512.,  768., 2816., 4096.,    0.,    0.,    0.,
           0.], device='cuda:0')
conv2_layer.2.weight: 	 tensor([ 640., 1088.,  640.,  832.,  192.,  256.,  448.,    0.,    0.,    0.,
           0.], device='cuda:0')
fc1_layer.1.weight: 	 tensor([177.,  68.,  49.,  41.,  43.,  47.,  87.,   0.,   0.,   0.,   0.],
       device='cuda:0')
Task: 5,	 Epoch: 0/80,	 Avg.loss: 0.0012,	 Test Accuracy: 588/1000(59%)
Task: 5,	 Epoch: 1/80,	 Avg.loss: 0.0010,	 Test Accuracy: 650/1000(65%)
Task: 5,	 Epoch: 2/80,	 Avg.loss: 0.0011,	 Test Accuracy: 627/1000(63%)
Task: 5,	 Epoch: 3/80,	 Avg.loss: 0.0009,	 Test Accuracy: 684/1000(68%)
Task: 5,	 Epoch: 4/80,	 Avg.loss: 0.0009,	 Test Accuracy: 702/1000(70%)
Task: 5,	 Epoch: 5/80,	 Avg.loss: 0.0009,	 Test Accuracy: 691/1000(69%)
Task: 5,	 Epoch: 6/80,	 Avg.loss: 0.0009,	 Test Accuracy: 704/1000(70%)
Task: 5,	 Epoch: 7/80,	 Avg.loss: 0.0009,	 Test Accuracy: 691/1000(69%)
Task: 5,	 Epoch: 8/80,	 Avg.loss: 0.0008,	 Test Accuracy: 710/1000(71%)
Task: 5,	 Epoch: 9/80,	 Avg.loss: 0.0008,	 Test Accuracy: 732/1000(73%)
Task: 5,	 Epoch: 10/80,	 Avg.loss: 0.0008,	 Test Accuracy: 736/1000(74%)
Task: 5,	 Epoch: 11/80,	 Avg.loss: 0.0008,	 Test Accuracy: 730/1000(73%)
Task: 5,	 Epoch: 12/80,	 Avg.loss: 0.0008,	 Test Accuracy: 728/1000(73%)
Task: 5,	 Epoch: 13/80,	 Avg.loss: 0.0007,	 Test Accuracy: 743/1000(74%)
Task: 5,	 Epoch: 14/80,	 Avg.loss: 0.0008,	 Test Accuracy: 736/1000(74%)
Task: 5,	 Epoch: 15/80,	 Avg.loss: 0.0008,	 Test Accuracy: 742/1000(74%)
Task: 5,	 Epoch: 16/80,	 Avg.loss: 0.0008,	 Test Accuracy: 743/1000(74%)
Task: 5,	 Epoch: 17/80,	 Avg.loss: 0.0008,	 Test Accuracy: 748/1000(75%)
Task: 5,	 Epoch: 18/80,	 Avg.loss: 0.0008,	 Test Accuracy: 742/1000(74%)
Task: 5,	 Epoch: 19/80,	 Avg.loss: 0.0008,	 Test Accuracy: 754/1000(75%)
Task: 5,	 Epoch: 20/80,	 Avg.loss: 0.0008,	 Test Accuracy: 738/1000(74%)
Task: 5,	 Epoch: 21/80,	 Avg.loss: 0.0008,	 Test Accuracy: 746/1000(75%)
Task: 5,	 Epoch: 22/80,	 Avg.loss: 0.0007,	 Test Accuracy: 756/1000(76%)
Task: 5,	 Epoch: 23/80,	 Avg.loss: 0.0007,	 Test Accuracy: 741/1000(74%)
Task: 5,	 Epoch: 24/80,	 Avg.loss: 0.0007,	 Test Accuracy: 755/1000(76%)
Task: 5,	 Epoch: 25/80,	 Avg.loss: 0.0007,	 Test Accuracy: 750/1000(75%)
Task: 5,	 Epoch: 26/80,	 Avg.loss: 0.0007,	 Test Accuracy: 758/1000(76%)
Task: 5,	 Epoch: 27/80,	 Avg.loss: 0.0007,	 Test Accuracy: 748/1000(75%)
Task: 5,	 Epoch: 28/80,	 Avg.loss: 0.0007,	 Test Accuracy: 752/1000(75%)
Task: 5,	 Epoch: 29/80,	 Avg.loss: 0.0008,	 Test Accuracy: 733/1000(73%)
Task: 5,	 Epoch: 30/80,	 Avg.loss: 0.0008,	 Test Accuracy: 749/1000(75%)
Task: 5,	 Epoch: 31/80,	 Avg.loss: 0.0007,	 Test Accuracy: 763/1000(76%)
Task: 5,	 Epoch: 32/80,	 Avg.loss: 0.0007,	 Test Accuracy: 757/1000(76%)
Task: 5,	 Epoch: 33/80,	 Avg.loss: 0.0008,	 Test Accuracy: 754/1000(75%)
Task: 5,	 Epoch: 34/80,	 Avg.loss: 0.0007,	 Test Accuracy: 756/1000(76%)
Task: 5,	 Epoch: 35/80,	 Avg.loss: 0.0007,	 Test Accuracy: 760/1000(76%)
Task: 5,	 Epoch: 36/80,	 Avg.loss: 0.0007,	 Test Accuracy: 745/1000(74%)
Task: 5,	 Epoch: 37/80,	 Avg.loss: 0.0007,	 Test Accuracy: 751/1000(75%)
Task: 5,	 Epoch: 38/80,	 Avg.loss: 0.0008,	 Test Accuracy: 753/1000(75%)
Task: 5,	 Epoch: 39/80,	 Avg.loss: 0.0007,	 Test Accuracy: 763/1000(76%)
Task: 5,	 Epoch: 40/80,	 Avg.loss: 0.0007,	 Test Accuracy: 746/1000(75%)
Task: 5,	 Epoch: 41/80,	 Avg.loss: 0.0007,	 Test Accuracy: 771/1000(77%)
Task: 5,	 Epoch: 42/80,	 Avg.loss: 0.0008,	 Test Accuracy: 751/1000(75%)
Task: 5,	 Epoch: 43/80,	 Avg.loss: 0.0007,	 Test Accuracy: 762/1000(76%)
Task: 5,	 Epoch: 44/80,	 Avg.loss: 0.0008,	 Test Accuracy: 748/1000(75%)
Task: 5,	 Epoch: 45/80,	 Avg.loss: 0.0007,	 Test Accuracy: 765/1000(76%)
Task: 5,	 Epoch: 46/80,	 Avg.loss: 0.0008,	 Test Accuracy: 748/1000(75%)
Task: 5,	 Epoch: 47/80,	 Avg.loss: 0.0007,	 Test Accuracy: 760/1000(76%)
Task: 5,	 Epoch: 48/80,	 Avg.loss: 0.0007,	 Test Accuracy: 757/1000(76%)
Task: 5,	 Epoch: 49/80,	 Avg.loss: 0.0008,	 Test Accuracy: 759/1000(76%)
Task: 5,	 Epoch: 50/80,	 Avg.loss: 0.0007,	 Test Accuracy: 765/1000(76%)
Task: 5,	 Epoch: 51/80,	 Avg.loss: 0.0007,	 Test Accuracy: 769/1000(77%)
Task: 5,	 Epoch: 52/80,	 Avg.loss: 0.0007,	 Test Accuracy: 765/1000(76%)
Task: 5,	 Epoch: 53/80,	 Avg.loss: 0.0007,	 Test Accuracy: 770/1000(77%)
Task: 5,	 Epoch: 54/80,	 Avg.loss: 0.0007,	 Test Accuracy: 769/1000(77%)
Task: 5,	 Epoch: 55/80,	 Avg.loss: 0.0007,	 Test Accuracy: 766/1000(77%)
Task: 5,	 Epoch: 56/80,	 Avg.loss: 0.0007,	 Test Accuracy: 768/1000(77%)
Task: 5,	 Epoch: 57/80,	 Avg.loss: 0.0007,	 Test Accuracy: 764/1000(76%)
Task: 5,	 Epoch: 58/80,	 Avg.loss: 0.0007,	 Test Accuracy: 765/1000(76%)
Task: 5,	 Epoch: 59/80,	 Avg.loss: 0.0007,	 Test Accuracy: 771/1000(77%)
Task: 5,	 Epoch: 60/80,	 Avg.loss: 0.0007,	 Test Accuracy: 761/1000(76%)
Task: 5,	 Epoch: 61/80,	 Avg.loss: 0.0007,	 Test Accuracy: 771/1000(77%)
Task: 5,	 Epoch: 62/80,	 Avg.loss: 0.0007,	 Test Accuracy: 761/1000(76%)
Task: 5,	 Epoch: 63/80,	 Avg.loss: 0.0007,	 Test Accuracy: 769/1000(77%)
Task: 5,	 Epoch: 64/80,	 Avg.loss: 0.0007,	 Test Accuracy: 771/1000(77%)
Task: 5,	 Epoch: 65/80,	 Avg.loss: 0.0007,	 Test Accuracy: 766/1000(77%)
Task: 5,	 Epoch: 66/80,	 Avg.loss: 0.0007,	 Test Accuracy: 765/1000(76%)
Task: 5,	 Epoch: 67/80,	 Avg.loss: 0.0007,	 Test Accuracy: 764/1000(76%)
Task: 5,	 Epoch: 68/80,	 Avg.loss: 0.0007,	 Test Accuracy: 767/1000(77%)
Task: 5,	 Epoch: 69/80,	 Avg.loss: 0.0007,	 Test Accuracy: 770/1000(77%)
Task: 5,	 Epoch: 70/80,	 Avg.loss: 0.0007,	 Test Accuracy: 776/1000(78%)
Task: 5,	 Epoch: 71/80,	 Avg.loss: 0.0007,	 Test Accuracy: 768/1000(77%)
Task: 5,	 Epoch: 72/80,	 Avg.loss: 0.0007,	 Test Accuracy: 770/1000(77%)
Task: 5,	 Epoch: 73/80,	 Avg.loss: 0.0007,	 Test Accuracy: 761/1000(76%)
Task: 5,	 Epoch: 74/80,	 Avg.loss: 0.0007,	 Test Accuracy: 766/1000(77%)
Task: 5,	 Epoch: 75/80,	 Avg.loss: 0.0007,	 Test Accuracy: 768/1000(77%)
Task: 5,	 Epoch: 76/80,	 Avg.loss: 0.0007,	 Test Accuracy: 770/1000(77%)
Task: 5,	 Epoch: 77/80,	 Avg.loss: 0.0007,	 Test Accuracy: 770/1000(77%)
Task: 5,	 Epoch: 78/80,	 Avg.loss: 0.0007,	 Test Accuracy: 764/1000(76%)
Task: 5,	 Epoch: 79/80,	 Avg.loss: 0.0007,	 Test Accuracy: 773/1000(77%)
Trained Task:5, Loaded task:0, Accuracy:83.3%
Trained Task:5, Loaded task:1, Accuracy:72.7%
Trained Task:5, Loaded task:2, Accuracy:78.8%
Trained Task:5, Loaded task:3, Accuracy:73.9%
Trained Task:5, Loaded task:4, Accuracy:79.2%
Trained Task:5, Loaded task:5, Accuracy:77.3%
Trained Task:5, Avg. Accuracy: 77.5 

List of avg. accuracy: [85.7, 82.3, 81.4, 80.1, 77.9, 77.5]
Layer        : conv1_layer.2.weight
R.histogram  : tensor([ 5., 11.,  9.,  4.,  2.,  0.,  0.,  0.,  0.,  1.], device='cuda:0')
R_sum max/min: 83.9/1.9
F.num_zeros  : 0/9216
W.num_zeros  : 0/9216
O.num_zeros  : 0/9216
Layer        : conv2_layer.2.weight
R.histogram  : tensor([20., 16.,  9.,  8.,  4.,  1.,  2.,  1.,  0.,  3.], device='cuda:0')
R_sum max/min: 120.3/0.0
F.num_zeros  : 2844/36864
W.num_zeros  : 0/36864
O.num_zeros  : 8514/36864
Layer        : fc1_layer.1.weight
R.histogram  : tensor([446.,  38.,  13.,   7.,   4.,   2.,   0.,   0.,   0.,   2.],
       device='cuda:0')
R_sum max/min: 425.6/0.0
F.num_zeros  : 855676/2097152
W.num_zeros  : 0/2097152
O.num_zeros  : 1546776/2097152
Mask histogram
conv1_layer.2.weight: 	 tensor([   0.,    0.,    0.,  256.,  256., 1280., 3072., 3328.,    0.,    0.,
           0.], device='cuda:0')
conv2_layer.2.weight: 	 tensor([ 256., 1216.,  704.,  832.,  320.,  192.,  192.,  384.,    0.,    0.,
           0.], device='cuda:0')
fc1_layer.1.weight: 	 tensor([165.,  63.,  48.,  43.,  38.,  31.,  42.,  82.,   0.,   0.,   0.],
       device='cuda:0')
Task: 6,	 Epoch: 0/80,	 Avg.loss: 0.0011,	 Test Accuracy: 613/1000(61%)
Task: 6,	 Epoch: 1/80,	 Avg.loss: 0.0011,	 Test Accuracy: 625/1000(63%)
Task: 6,	 Epoch: 2/80,	 Avg.loss: 0.0010,	 Test Accuracy: 678/1000(68%)
Task: 6,	 Epoch: 3/80,	 Avg.loss: 0.0009,	 Test Accuracy: 703/1000(70%)
Task: 6,	 Epoch: 4/80,	 Avg.loss: 0.0009,	 Test Accuracy: 693/1000(69%)
Task: 6,	 Epoch: 5/80,	 Avg.loss: 0.0009,	 Test Accuracy: 699/1000(70%)
Task: 6,	 Epoch: 6/80,	 Avg.loss: 0.0008,	 Test Accuracy: 739/1000(74%)
Task: 6,	 Epoch: 7/80,	 Avg.loss: 0.0008,	 Test Accuracy: 719/1000(72%)
Task: 6,	 Epoch: 8/80,	 Avg.loss: 0.0008,	 Test Accuracy: 732/1000(73%)
Task: 6,	 Epoch: 9/80,	 Avg.loss: 0.0008,	 Test Accuracy: 737/1000(74%)
Task: 6,	 Epoch: 10/80,	 Avg.loss: 0.0008,	 Test Accuracy: 720/1000(72%)
Task: 6,	 Epoch: 11/80,	 Avg.loss: 0.0008,	 Test Accuracy: 737/1000(74%)
Task: 6,	 Epoch: 12/80,	 Avg.loss: 0.0008,	 Test Accuracy: 728/1000(73%)
Task: 6,	 Epoch: 13/80,	 Avg.loss: 0.0008,	 Test Accuracy: 744/1000(74%)
Task: 6,	 Epoch: 14/80,	 Avg.loss: 0.0008,	 Test Accuracy: 749/1000(75%)
Task: 6,	 Epoch: 15/80,	 Avg.loss: 0.0008,	 Test Accuracy: 738/1000(74%)
Task: 6,	 Epoch: 16/80,	 Avg.loss: 0.0008,	 Test Accuracy: 735/1000(74%)
Task: 6,	 Epoch: 17/80,	 Avg.loss: 0.0008,	 Test Accuracy: 759/1000(76%)
Task: 6,	 Epoch: 18/80,	 Avg.loss: 0.0008,	 Test Accuracy: 734/1000(73%)
Task: 6,	 Epoch: 19/80,	 Avg.loss: 0.0008,	 Test Accuracy: 746/1000(75%)
Task: 6,	 Epoch: 20/80,	 Avg.loss: 0.0008,	 Test Accuracy: 755/1000(76%)
Task: 6,	 Epoch: 21/80,	 Avg.loss: 0.0007,	 Test Accuracy: 763/1000(76%)
Task: 6,	 Epoch: 22/80,	 Avg.loss: 0.0008,	 Test Accuracy: 736/1000(74%)
Task: 6,	 Epoch: 23/80,	 Avg.loss: 0.0008,	 Test Accuracy: 756/1000(76%)
Task: 6,	 Epoch: 24/80,	 Avg.loss: 0.0007,	 Test Accuracy: 767/1000(77%)
Task: 6,	 Epoch: 25/80,	 Avg.loss: 0.0007,	 Test Accuracy: 734/1000(73%)
Task: 6,	 Epoch: 26/80,	 Avg.loss: 0.0008,	 Test Accuracy: 748/1000(75%)
Task: 6,	 Epoch: 27/80,	 Avg.loss: 0.0007,	 Test Accuracy: 762/1000(76%)
Task: 6,	 Epoch: 28/80,	 Avg.loss: 0.0007,	 Test Accuracy: 764/1000(76%)
Task: 6,	 Epoch: 29/80,	 Avg.loss: 0.0007,	 Test Accuracy: 757/1000(76%)
Task: 6,	 Epoch: 30/80,	 Avg.loss: 0.0008,	 Test Accuracy: 748/1000(75%)
Task: 6,	 Epoch: 31/80,	 Avg.loss: 0.0008,	 Test Accuracy: 750/1000(75%)
Task: 6,	 Epoch: 32/80,	 Avg.loss: 0.0008,	 Test Accuracy: 757/1000(76%)
Task: 6,	 Epoch: 33/80,	 Avg.loss: 0.0008,	 Test Accuracy: 746/1000(75%)
Task: 6,	 Epoch: 34/80,	 Avg.loss: 0.0007,	 Test Accuracy: 767/1000(77%)
Task: 6,	 Epoch: 35/80,	 Avg.loss: 0.0007,	 Test Accuracy: 768/1000(77%)
Task: 6,	 Epoch: 36/80,	 Avg.loss: 0.0007,	 Test Accuracy: 770/1000(77%)
Task: 6,	 Epoch: 37/80,	 Avg.loss: 0.0008,	 Test Accuracy: 767/1000(77%)
Task: 6,	 Epoch: 38/80,	 Avg.loss: 0.0007,	 Test Accuracy: 770/1000(77%)
Task: 6,	 Epoch: 39/80,	 Avg.loss: 0.0007,	 Test Accuracy: 759/1000(76%)
Task: 6,	 Epoch: 40/80,	 Avg.loss: 0.0007,	 Test Accuracy: 770/1000(77%)
Task: 6,	 Epoch: 41/80,	 Avg.loss: 0.0007,	 Test Accuracy: 777/1000(78%)
Task: 6,	 Epoch: 42/80,	 Avg.loss: 0.0008,	 Test Accuracy: 772/1000(77%)
Task: 6,	 Epoch: 43/80,	 Avg.loss: 0.0007,	 Test Accuracy: 770/1000(77%)
Task: 6,	 Epoch: 44/80,	 Avg.loss: 0.0007,	 Test Accuracy: 761/1000(76%)
Task: 6,	 Epoch: 45/80,	 Avg.loss: 0.0008,	 Test Accuracy: 769/1000(77%)
Task: 6,	 Epoch: 46/80,	 Avg.loss: 0.0008,	 Test Accuracy: 769/1000(77%)
Task: 6,	 Epoch: 47/80,	 Avg.loss: 0.0007,	 Test Accuracy: 773/1000(77%)
Task: 6,	 Epoch: 48/80,	 Avg.loss: 0.0008,	 Test Accuracy: 770/1000(77%)
Task: 6,	 Epoch: 49/80,	 Avg.loss: 0.0007,	 Test Accuracy: 765/1000(76%)
Task: 6,	 Epoch: 50/80,	 Avg.loss: 0.0007,	 Test Accuracy: 783/1000(78%)
Task: 6,	 Epoch: 51/80,	 Avg.loss: 0.0007,	 Test Accuracy: 781/1000(78%)
Task: 6,	 Epoch: 52/80,	 Avg.loss: 0.0007,	 Test Accuracy: 783/1000(78%)
Task: 6,	 Epoch: 53/80,	 Avg.loss: 0.0007,	 Test Accuracy: 780/1000(78%)
Task: 6,	 Epoch: 54/80,	 Avg.loss: 0.0007,	 Test Accuracy: 783/1000(78%)
Task: 6,	 Epoch: 55/80,	 Avg.loss: 0.0007,	 Test Accuracy: 782/1000(78%)
Task: 6,	 Epoch: 56/80,	 Avg.loss: 0.0007,	 Test Accuracy: 781/1000(78%)
Task: 6,	 Epoch: 57/80,	 Avg.loss: 0.0007,	 Test Accuracy: 788/1000(79%)
Task: 6,	 Epoch: 58/80,	 Avg.loss: 0.0007,	 Test Accuracy: 783/1000(78%)
Task: 6,	 Epoch: 59/80,	 Avg.loss: 0.0007,	 Test Accuracy: 782/1000(78%)
Task: 6,	 Epoch: 60/80,	 Avg.loss: 0.0007,	 Test Accuracy: 783/1000(78%)
Task: 6,	 Epoch: 61/80,	 Avg.loss: 0.0007,	 Test Accuracy: 780/1000(78%)
Task: 6,	 Epoch: 62/80,	 Avg.loss: 0.0007,	 Test Accuracy: 777/1000(78%)
Task: 6,	 Epoch: 63/80,	 Avg.loss: 0.0007,	 Test Accuracy: 779/1000(78%)
Task: 6,	 Epoch: 64/80,	 Avg.loss: 0.0007,	 Test Accuracy: 783/1000(78%)
Task: 6,	 Epoch: 65/80,	 Avg.loss: 0.0007,	 Test Accuracy: 779/1000(78%)
Task: 6,	 Epoch: 66/80,	 Avg.loss: 0.0007,	 Test Accuracy: 782/1000(78%)
Task: 6,	 Epoch: 67/80,	 Avg.loss: 0.0007,	 Test Accuracy: 786/1000(79%)
Task: 6,	 Epoch: 68/80,	 Avg.loss: 0.0007,	 Test Accuracy: 787/1000(79%)
Task: 6,	 Epoch: 69/80,	 Avg.loss: 0.0007,	 Test Accuracy: 782/1000(78%)
Task: 6,	 Epoch: 70/80,	 Avg.loss: 0.0007,	 Test Accuracy: 786/1000(79%)
Task: 6,	 Epoch: 71/80,	 Avg.loss: 0.0007,	 Test Accuracy: 785/1000(78%)
Task: 6,	 Epoch: 72/80,	 Avg.loss: 0.0007,	 Test Accuracy: 783/1000(78%)
Task: 6,	 Epoch: 73/80,	 Avg.loss: 0.0007,	 Test Accuracy: 782/1000(78%)
Task: 6,	 Epoch: 74/80,	 Avg.loss: 0.0007,	 Test Accuracy: 782/1000(78%)
Task: 6,	 Epoch: 75/80,	 Avg.loss: 0.0007,	 Test Accuracy: 782/1000(78%)
Task: 6,	 Epoch: 76/80,	 Avg.loss: 0.0007,	 Test Accuracy: 783/1000(78%)
Task: 6,	 Epoch: 77/80,	 Avg.loss: 0.0007,	 Test Accuracy: 780/1000(78%)
Task: 6,	 Epoch: 78/80,	 Avg.loss: 0.0007,	 Test Accuracy: 782/1000(78%)
Task: 6,	 Epoch: 79/80,	 Avg.loss: 0.0007,	 Test Accuracy: 783/1000(78%)
Trained Task:6, Loaded task:0, Accuracy:83.7%
Trained Task:6, Loaded task:1, Accuracy:72.6%
Trained Task:6, Loaded task:2, Accuracy:78.8%
Trained Task:6, Loaded task:3, Accuracy:73.5%
Trained Task:6, Loaded task:4, Accuracy:79.3%
Trained Task:6, Loaded task:5, Accuracy:77.2%
Trained Task:6, Loaded task:6, Accuracy:78.3%
Trained Task:6, Avg. Accuracy: 77.6 

List of avg. accuracy: [85.7, 82.3, 81.4, 80.1, 77.9, 77.5, 77.6]
Layer        : conv1_layer.2.weight
R.histogram  : tensor([11.,  7.,  4.,  6.,  2.,  1.,  0.,  0.,  0.,  1.], device='cuda:0')
R_sum max/min: 74.6/4.6
F.num_zeros  : 0/9216
W.num_zeros  : 0/9216
O.num_zeros  : 0/9216
Layer        : conv2_layer.2.weight
R.histogram  : tensor([17., 18., 17.,  2.,  3.,  2.,  3.,  1.,  0.,  1.], device='cuda:0')
R_sum max/min: 156.8/0.0
F.num_zeros  : 2844/36864
W.num_zeros  : 0/36864
O.num_zeros  : 5112/36864
Layer        : fc1_layer.1.weight
R.histogram  : tensor([422.,  33.,  22.,   8.,   6.,   8.,   3.,   2.,   4.,   4.],
       device='cuda:0')
R_sum max/min: 455.5/0.0
F.num_zeros  : 859319/2097152
W.num_zeros  : 0/2097152
O.num_zeros  : 1472754/2097152
Mask histogram
conv1_layer.2.weight: 	 tensor([   0.,    0.,    0.,    0.,  256.,  256., 2304., 2560., 2816.,    0.,
           0.], device='cuda:0')
conv2_layer.2.weight: 	 tensor([   0., 1152.,  704., 1024.,  384.,  192.,  192.,   64.,  384.,    0.,
           0.], device='cuda:0')
fc1_layer.1.weight: 	 tensor([152.,  67.,  42.,  43.,  37.,  27.,  23.,  45.,  76.,   0.,   0.],
       device='cuda:0')
Task: 7,	 Epoch: 0/80,	 Avg.loss: 0.0012,	 Test Accuracy: 571/1000(57%)
Task: 7,	 Epoch: 1/80,	 Avg.loss: 0.0012,	 Test Accuracy: 616/1000(62%)
Task: 7,	 Epoch: 2/80,	 Avg.loss: 0.0011,	 Test Accuracy: 638/1000(64%)
Task: 7,	 Epoch: 3/80,	 Avg.loss: 0.0011,	 Test Accuracy: 632/1000(63%)
Task: 7,	 Epoch: 4/80,	 Avg.loss: 0.0010,	 Test Accuracy: 672/1000(67%)
Task: 7,	 Epoch: 5/80,	 Avg.loss: 0.0010,	 Test Accuracy: 694/1000(69%)
Task: 7,	 Epoch: 6/80,	 Avg.loss: 0.0010,	 Test Accuracy: 669/1000(67%)
Task: 7,	 Epoch: 7/80,	 Avg.loss: 0.0010,	 Test Accuracy: 674/1000(67%)
Task: 7,	 Epoch: 8/80,	 Avg.loss: 0.0009,	 Test Accuracy: 695/1000(70%)
Task: 7,	 Epoch: 9/80,	 Avg.loss: 0.0009,	 Test Accuracy: 684/1000(68%)
Task: 7,	 Epoch: 10/80,	 Avg.loss: 0.0009,	 Test Accuracy: 710/1000(71%)
Task: 7,	 Epoch: 11/80,	 Avg.loss: 0.0010,	 Test Accuracy: 697/1000(70%)
Task: 7,	 Epoch: 12/80,	 Avg.loss: 0.0009,	 Test Accuracy: 708/1000(71%)
Task: 7,	 Epoch: 13/80,	 Avg.loss: 0.0009,	 Test Accuracy: 686/1000(69%)
Task: 7,	 Epoch: 14/80,	 Avg.loss: 0.0009,	 Test Accuracy: 713/1000(71%)
Task: 7,	 Epoch: 15/80,	 Avg.loss: 0.0009,	 Test Accuracy: 698/1000(70%)
Task: 7,	 Epoch: 16/80,	 Avg.loss: 0.0009,	 Test Accuracy: 704/1000(70%)
Task: 7,	 Epoch: 17/80,	 Avg.loss: 0.0009,	 Test Accuracy: 713/1000(71%)
Task: 7,	 Epoch: 18/80,	 Avg.loss: 0.0009,	 Test Accuracy: 720/1000(72%)
Task: 7,	 Epoch: 19/80,	 Avg.loss: 0.0008,	 Test Accuracy: 706/1000(71%)
Task: 7,	 Epoch: 20/80,	 Avg.loss: 0.0009,	 Test Accuracy: 698/1000(70%)
Task: 7,	 Epoch: 21/80,	 Avg.loss: 0.0009,	 Test Accuracy: 712/1000(71%)
Task: 7,	 Epoch: 22/80,	 Avg.loss: 0.0009,	 Test Accuracy: 716/1000(72%)
Task: 7,	 Epoch: 23/80,	 Avg.loss: 0.0009,	 Test Accuracy: 714/1000(71%)
Task: 7,	 Epoch: 24/80,	 Avg.loss: 0.0008,	 Test Accuracy: 723/1000(72%)
Task: 7,	 Epoch: 25/80,	 Avg.loss: 0.0009,	 Test Accuracy: 726/1000(73%)
Task: 7,	 Epoch: 26/80,	 Avg.loss: 0.0009,	 Test Accuracy: 711/1000(71%)
Task: 7,	 Epoch: 27/80,	 Avg.loss: 0.0008,	 Test Accuracy: 724/1000(72%)
Task: 7,	 Epoch: 28/80,	 Avg.loss: 0.0009,	 Test Accuracy: 722/1000(72%)
Task: 7,	 Epoch: 29/80,	 Avg.loss: 0.0008,	 Test Accuracy: 731/1000(73%)
Task: 7,	 Epoch: 30/80,	 Avg.loss: 0.0009,	 Test Accuracy: 717/1000(72%)
Task: 7,	 Epoch: 31/80,	 Avg.loss: 0.0009,	 Test Accuracy: 725/1000(72%)
Task: 7,	 Epoch: 32/80,	 Avg.loss: 0.0008,	 Test Accuracy: 725/1000(72%)
Task: 7,	 Epoch: 33/80,	 Avg.loss: 0.0008,	 Test Accuracy: 730/1000(73%)
Task: 7,	 Epoch: 34/80,	 Avg.loss: 0.0009,	 Test Accuracy: 711/1000(71%)
Task: 7,	 Epoch: 35/80,	 Avg.loss: 0.0008,	 Test Accuracy: 719/1000(72%)
Task: 7,	 Epoch: 36/80,	 Avg.loss: 0.0009,	 Test Accuracy: 727/1000(73%)
Task: 7,	 Epoch: 37/80,	 Avg.loss: 0.0009,	 Test Accuracy: 722/1000(72%)
Task: 7,	 Epoch: 38/80,	 Avg.loss: 0.0008,	 Test Accuracy: 724/1000(72%)
Task: 7,	 Epoch: 39/80,	 Avg.loss: 0.0008,	 Test Accuracy: 726/1000(73%)
Task: 7,	 Epoch: 40/80,	 Avg.loss: 0.0008,	 Test Accuracy: 730/1000(73%)
Task: 7,	 Epoch: 41/80,	 Avg.loss: 0.0008,	 Test Accuracy: 730/1000(73%)
Task: 7,	 Epoch: 42/80,	 Avg.loss: 0.0008,	 Test Accuracy: 716/1000(72%)
Task: 7,	 Epoch: 43/80,	 Avg.loss: 0.0009,	 Test Accuracy: 721/1000(72%)
Task: 7,	 Epoch: 44/80,	 Avg.loss: 0.0008,	 Test Accuracy: 720/1000(72%)
Task: 7,	 Epoch: 45/80,	 Avg.loss: 0.0009,	 Test Accuracy: 718/1000(72%)
Task: 7,	 Epoch: 46/80,	 Avg.loss: 0.0008,	 Test Accuracy: 731/1000(73%)
Task: 7,	 Epoch: 47/80,	 Avg.loss: 0.0009,	 Test Accuracy: 722/1000(72%)
Task: 7,	 Epoch: 48/80,	 Avg.loss: 0.0008,	 Test Accuracy: 726/1000(73%)
Task: 7,	 Epoch: 49/80,	 Avg.loss: 0.0008,	 Test Accuracy: 725/1000(72%)
Task: 7,	 Epoch: 50/80,	 Avg.loss: 0.0008,	 Test Accuracy: 735/1000(74%)
Task: 7,	 Epoch: 51/80,	 Avg.loss: 0.0008,	 Test Accuracy: 734/1000(73%)
Task: 7,	 Epoch: 52/80,	 Avg.loss: 0.0008,	 Test Accuracy: 738/1000(74%)
Task: 7,	 Epoch: 53/80,	 Avg.loss: 0.0008,	 Test Accuracy: 743/1000(74%)
Task: 7,	 Epoch: 54/80,	 Avg.loss: 0.0008,	 Test Accuracy: 740/1000(74%)
Task: 7,	 Epoch: 55/80,	 Avg.loss: 0.0008,	 Test Accuracy: 745/1000(74%)
Task: 7,	 Epoch: 56/80,	 Avg.loss: 0.0008,	 Test Accuracy: 741/1000(74%)
Task: 7,	 Epoch: 57/80,	 Avg.loss: 0.0008,	 Test Accuracy: 739/1000(74%)
Task: 7,	 Epoch: 58/80,	 Avg.loss: 0.0008,	 Test Accuracy: 738/1000(74%)
Task: 7,	 Epoch: 59/80,	 Avg.loss: 0.0008,	 Test Accuracy: 746/1000(75%)
Task: 7,	 Epoch: 60/80,	 Avg.loss: 0.0008,	 Test Accuracy: 748/1000(75%)
Task: 7,	 Epoch: 61/80,	 Avg.loss: 0.0008,	 Test Accuracy: 740/1000(74%)
Task: 7,	 Epoch: 62/80,	 Avg.loss: 0.0008,	 Test Accuracy: 739/1000(74%)
Task: 7,	 Epoch: 63/80,	 Avg.loss: 0.0008,	 Test Accuracy: 739/1000(74%)
Task: 7,	 Epoch: 64/80,	 Avg.loss: 0.0008,	 Test Accuracy: 737/1000(74%)
Task: 7,	 Epoch: 65/80,	 Avg.loss: 0.0008,	 Test Accuracy: 741/1000(74%)
Task: 7,	 Epoch: 66/80,	 Avg.loss: 0.0008,	 Test Accuracy: 739/1000(74%)
Task: 7,	 Epoch: 67/80,	 Avg.loss: 0.0008,	 Test Accuracy: 737/1000(74%)
Task: 7,	 Epoch: 68/80,	 Avg.loss: 0.0008,	 Test Accuracy: 736/1000(74%)
Task: 7,	 Epoch: 69/80,	 Avg.loss: 0.0008,	 Test Accuracy: 745/1000(74%)
Task: 7,	 Epoch: 70/80,	 Avg.loss: 0.0008,	 Test Accuracy: 745/1000(74%)
Task: 7,	 Epoch: 71/80,	 Avg.loss: 0.0008,	 Test Accuracy: 742/1000(74%)
Task: 7,	 Epoch: 72/80,	 Avg.loss: 0.0008,	 Test Accuracy: 739/1000(74%)
Task: 7,	 Epoch: 73/80,	 Avg.loss: 0.0008,	 Test Accuracy: 742/1000(74%)
Task: 7,	 Epoch: 74/80,	 Avg.loss: 0.0008,	 Test Accuracy: 740/1000(74%)
Task: 7,	 Epoch: 75/80,	 Avg.loss: 0.0008,	 Test Accuracy: 734/1000(73%)
Task: 7,	 Epoch: 76/80,	 Avg.loss: 0.0008,	 Test Accuracy: 741/1000(74%)
Task: 7,	 Epoch: 77/80,	 Avg.loss: 0.0008,	 Test Accuracy: 744/1000(74%)
Task: 7,	 Epoch: 78/80,	 Avg.loss: 0.0008,	 Test Accuracy: 738/1000(74%)
Task: 7,	 Epoch: 79/80,	 Avg.loss: 0.0008,	 Test Accuracy: 737/1000(74%)
Trained Task:7, Loaded task:0, Accuracy:83.7%
Trained Task:7, Loaded task:1, Accuracy:71.8%
Trained Task:7, Loaded task:2, Accuracy:79.0%
Trained Task:7, Loaded task:3, Accuracy:74.2%
Trained Task:7, Loaded task:4, Accuracy:79.6%
Trained Task:7, Loaded task:5, Accuracy:77.4%
Trained Task:7, Loaded task:6, Accuracy:78.9%
Trained Task:7, Loaded task:7, Accuracy:73.7%
Trained Task:7, Avg. Accuracy: 77.3 

List of avg. accuracy: [85.7, 82.3, 81.4, 80.1, 77.9, 77.5, 77.6, 77.3]
Layer        : conv1_layer.2.weight
R.histogram  : tensor([16.,  9.,  3.,  1.,  1.,  1.,  0.,  0.,  0.,  1.], device='cuda:0')
R_sum max/min: 80.0/2.3
F.num_zeros  : 0/9216
W.num_zeros  : 0/9216
O.num_zeros  : 0/9216
Layer        : conv2_layer.2.weight
R.histogram  : tensor([15., 23., 10.,  9.,  4.,  0.,  1.,  1.,  0.,  1.], device='cuda:0')
R_sum max/min: 135.8/0.0
F.num_zeros  : 2844/36864
W.num_zeros  : 0/36864
O.num_zeros  : 2844/36864
Layer        : fc1_layer.1.weight
R.histogram  : tensor([462.,  28.,   6.,   7.,   3.,   2.,   1.,   1.,   0.,   2.],
       device='cuda:0')
R_sum max/min: 617.3/0.0
F.num_zeros  : 923278/2097152
W.num_zeros  : 0/2097152
O.num_zeros  : 1408913/2097152
Mask histogram
conv1_layer.2.weight: 	 tensor([   0.,    0.,    0.,    0.,    0.,  256.,  512., 2304., 2304., 2816.,
           0.], device='cuda:0')
conv2_layer.2.weight: 	 tensor([   0.,  640.,  960., 1024.,  512.,  256.,  192.,   64.,  192.,  256.,
           0.], device='cuda:0')
fc1_layer.1.weight: 	 tensor([137.,  69.,  48.,  35.,  38.,  31.,  12.,  32.,  36.,  74.,   0.],
       device='cuda:0')
Task: 8,	 Epoch: 0/80,	 Avg.loss: 0.0012,	 Test Accuracy: 578/1000(58%)
Task: 8,	 Epoch: 1/80,	 Avg.loss: 0.0012,	 Test Accuracy: 604/1000(60%)
Task: 8,	 Epoch: 2/80,	 Avg.loss: 0.0012,	 Test Accuracy: 607/1000(61%)
Task: 8,	 Epoch: 3/80,	 Avg.loss: 0.0011,	 Test Accuracy: 639/1000(64%)
Task: 8,	 Epoch: 4/80,	 Avg.loss: 0.0010,	 Test Accuracy: 666/1000(67%)
Task: 8,	 Epoch: 5/80,	 Avg.loss: 0.0010,	 Test Accuracy: 659/1000(66%)
Task: 8,	 Epoch: 6/80,	 Avg.loss: 0.0010,	 Test Accuracy: 662/1000(66%)
Task: 8,	 Epoch: 7/80,	 Avg.loss: 0.0010,	 Test Accuracy: 659/1000(66%)
Task: 8,	 Epoch: 8/80,	 Avg.loss: 0.0010,	 Test Accuracy: 667/1000(67%)
Task: 8,	 Epoch: 9/80,	 Avg.loss: 0.0009,	 Test Accuracy: 700/1000(70%)
Task: 8,	 Epoch: 10/80,	 Avg.loss: 0.0009,	 Test Accuracy: 700/1000(70%)
Task: 8,	 Epoch: 11/80,	 Avg.loss: 0.0009,	 Test Accuracy: 710/1000(71%)
Task: 8,	 Epoch: 12/80,	 Avg.loss: 0.0009,	 Test Accuracy: 711/1000(71%)
Task: 8,	 Epoch: 13/80,	 Avg.loss: 0.0009,	 Test Accuracy: 727/1000(73%)
Task: 8,	 Epoch: 14/80,	 Avg.loss: 0.0010,	 Test Accuracy: 671/1000(67%)
Task: 8,	 Epoch: 15/80,	 Avg.loss: 0.0009,	 Test Accuracy: 710/1000(71%)
Task: 8,	 Epoch: 16/80,	 Avg.loss: 0.0009,	 Test Accuracy: 682/1000(68%)
Task: 8,	 Epoch: 17/80,	 Avg.loss: 0.0009,	 Test Accuracy: 702/1000(70%)
Task: 8,	 Epoch: 18/80,	 Avg.loss: 0.0009,	 Test Accuracy: 714/1000(71%)
Task: 8,	 Epoch: 19/80,	 Avg.loss: 0.0009,	 Test Accuracy: 707/1000(71%)
Task: 8,	 Epoch: 20/80,	 Avg.loss: 0.0009,	 Test Accuracy: 701/1000(70%)
Task: 8,	 Epoch: 21/80,	 Avg.loss: 0.0009,	 Test Accuracy: 724/1000(72%)
Task: 8,	 Epoch: 22/80,	 Avg.loss: 0.0009,	 Test Accuracy: 708/1000(71%)
Task: 8,	 Epoch: 23/80,	 Avg.loss: 0.0008,	 Test Accuracy: 729/1000(73%)
Task: 8,	 Epoch: 24/80,	 Avg.loss: 0.0009,	 Test Accuracy: 721/1000(72%)
Task: 8,	 Epoch: 25/80,	 Avg.loss: 0.0009,	 Test Accuracy: 711/1000(71%)
Task: 8,	 Epoch: 26/80,	 Avg.loss: 0.0009,	 Test Accuracy: 735/1000(74%)
Task: 8,	 Epoch: 27/80,	 Avg.loss: 0.0009,	 Test Accuracy: 734/1000(73%)
Task: 8,	 Epoch: 28/80,	 Avg.loss: 0.0009,	 Test Accuracy: 734/1000(73%)
Task: 8,	 Epoch: 29/80,	 Avg.loss: 0.0009,	 Test Accuracy: 724/1000(72%)
Task: 8,	 Epoch: 30/80,	 Avg.loss: 0.0009,	 Test Accuracy: 737/1000(74%)
Task: 8,	 Epoch: 31/80,	 Avg.loss: 0.0009,	 Test Accuracy: 707/1000(71%)
Task: 8,	 Epoch: 32/80,	 Avg.loss: 0.0009,	 Test Accuracy: 732/1000(73%)
Task: 8,	 Epoch: 33/80,	 Avg.loss: 0.0008,	 Test Accuracy: 738/1000(74%)
Task: 8,	 Epoch: 34/80,	 Avg.loss: 0.0008,	 Test Accuracy: 737/1000(74%)
Task: 8,	 Epoch: 35/80,	 Avg.loss: 0.0008,	 Test Accuracy: 744/1000(74%)
Task: 8,	 Epoch: 36/80,	 Avg.loss: 0.0009,	 Test Accuracy: 728/1000(73%)
Task: 8,	 Epoch: 37/80,	 Avg.loss: 0.0008,	 Test Accuracy: 738/1000(74%)
Task: 8,	 Epoch: 38/80,	 Avg.loss: 0.0008,	 Test Accuracy: 732/1000(73%)
Task: 8,	 Epoch: 39/80,	 Avg.loss: 0.0009,	 Test Accuracy: 718/1000(72%)
Task: 8,	 Epoch: 40/80,	 Avg.loss: 0.0008,	 Test Accuracy: 728/1000(73%)
Task: 8,	 Epoch: 41/80,	 Avg.loss: 0.0008,	 Test Accuracy: 727/1000(73%)
Task: 8,	 Epoch: 42/80,	 Avg.loss: 0.0008,	 Test Accuracy: 734/1000(73%)
Task: 8,	 Epoch: 43/80,	 Avg.loss: 0.0009,	 Test Accuracy: 706/1000(71%)
Task: 8,	 Epoch: 44/80,	 Avg.loss: 0.0008,	 Test Accuracy: 742/1000(74%)
Task: 8,	 Epoch: 45/80,	 Avg.loss: 0.0008,	 Test Accuracy: 723/1000(72%)
Task: 8,	 Epoch: 46/80,	 Avg.loss: 0.0008,	 Test Accuracy: 732/1000(73%)
Task: 8,	 Epoch: 47/80,	 Avg.loss: 0.0009,	 Test Accuracy: 722/1000(72%)
Task: 8,	 Epoch: 48/80,	 Avg.loss: 0.0009,	 Test Accuracy: 717/1000(72%)
Task: 8,	 Epoch: 49/80,	 Avg.loss: 0.0008,	 Test Accuracy: 740/1000(74%)
Task: 8,	 Epoch: 50/80,	 Avg.loss: 0.0008,	 Test Accuracy: 746/1000(75%)
Task: 8,	 Epoch: 51/80,	 Avg.loss: 0.0008,	 Test Accuracy: 743/1000(74%)
Task: 8,	 Epoch: 52/80,	 Avg.loss: 0.0008,	 Test Accuracy: 746/1000(75%)
Task: 8,	 Epoch: 53/80,	 Avg.loss: 0.0008,	 Test Accuracy: 747/1000(75%)
Task: 8,	 Epoch: 54/80,	 Avg.loss: 0.0008,	 Test Accuracy: 746/1000(75%)
Task: 8,	 Epoch: 55/80,	 Avg.loss: 0.0008,	 Test Accuracy: 753/1000(75%)
Task: 8,	 Epoch: 56/80,	 Avg.loss: 0.0008,	 Test Accuracy: 747/1000(75%)
Task: 8,	 Epoch: 57/80,	 Avg.loss: 0.0008,	 Test Accuracy: 750/1000(75%)
Task: 8,	 Epoch: 58/80,	 Avg.loss: 0.0008,	 Test Accuracy: 744/1000(74%)
Task: 8,	 Epoch: 59/80,	 Avg.loss: 0.0008,	 Test Accuracy: 750/1000(75%)
Task: 8,	 Epoch: 60/80,	 Avg.loss: 0.0008,	 Test Accuracy: 752/1000(75%)
Task: 8,	 Epoch: 61/80,	 Avg.loss: 0.0008,	 Test Accuracy: 747/1000(75%)
Task: 8,	 Epoch: 62/80,	 Avg.loss: 0.0008,	 Test Accuracy: 746/1000(75%)
Task: 8,	 Epoch: 63/80,	 Avg.loss: 0.0008,	 Test Accuracy: 750/1000(75%)
Task: 8,	 Epoch: 64/80,	 Avg.loss: 0.0008,	 Test Accuracy: 741/1000(74%)
Task: 8,	 Epoch: 65/80,	 Avg.loss: 0.0008,	 Test Accuracy: 747/1000(75%)
Task: 8,	 Epoch: 66/80,	 Avg.loss: 0.0008,	 Test Accuracy: 744/1000(74%)
Task: 8,	 Epoch: 67/80,	 Avg.loss: 0.0008,	 Test Accuracy: 742/1000(74%)
Task: 8,	 Epoch: 68/80,	 Avg.loss: 0.0008,	 Test Accuracy: 744/1000(74%)
Task: 8,	 Epoch: 69/80,	 Avg.loss: 0.0008,	 Test Accuracy: 750/1000(75%)
Task: 8,	 Epoch: 70/80,	 Avg.loss: 0.0008,	 Test Accuracy: 742/1000(74%)
Task: 8,	 Epoch: 71/80,	 Avg.loss: 0.0008,	 Test Accuracy: 741/1000(74%)
Task: 8,	 Epoch: 72/80,	 Avg.loss: 0.0008,	 Test Accuracy: 741/1000(74%)
Task: 8,	 Epoch: 73/80,	 Avg.loss: 0.0008,	 Test Accuracy: 735/1000(74%)
Task: 8,	 Epoch: 74/80,	 Avg.loss: 0.0008,	 Test Accuracy: 744/1000(74%)
Task: 8,	 Epoch: 75/80,	 Avg.loss: 0.0008,	 Test Accuracy: 745/1000(74%)
Task: 8,	 Epoch: 76/80,	 Avg.loss: 0.0008,	 Test Accuracy: 747/1000(75%)
Task: 8,	 Epoch: 77/80,	 Avg.loss: 0.0008,	 Test Accuracy: 743/1000(74%)
Task: 8,	 Epoch: 78/80,	 Avg.loss: 0.0008,	 Test Accuracy: 746/1000(75%)
Task: 8,	 Epoch: 79/80,	 Avg.loss: 0.0008,	 Test Accuracy: 749/1000(75%)
Trained Task:8, Loaded task:0, Accuracy:84.0%
Trained Task:8, Loaded task:1, Accuracy:72.9%
Trained Task:8, Loaded task:2, Accuracy:78.5%
Trained Task:8, Loaded task:3, Accuracy:74.4%
Trained Task:8, Loaded task:4, Accuracy:78.4%
Trained Task:8, Loaded task:5, Accuracy:76.7%
Trained Task:8, Loaded task:6, Accuracy:78.4%
Trained Task:8, Loaded task:7, Accuracy:74.0%
Trained Task:8, Loaded task:8, Accuracy:74.9%
Trained Task:8, Avg. Accuracy: 76.9 

List of avg. accuracy: [85.7, 82.3, 81.4, 80.1, 77.9, 77.5, 77.6, 77.3, 76.9]
Layer        : conv1_layer.2.weight
R.histogram  : tensor([13.,  8.,  6.,  3.,  0.,  1.,  0.,  0.,  0.,  1.], device='cuda:0')
R_sum max/min: 80.4/2.6
F.num_zeros  : 0/9216
W.num_zeros  : 0/9216
O.num_zeros  : 0/9216
Layer        : conv2_layer.2.weight
R.histogram  : tensor([19., 17., 10.,  8.,  5.,  3.,  0.,  0.,  1.,  1.], device='cuda:0')
R_sum max/min: 151.9/0.0
F.num_zeros  : 2844/36864
W.num_zeros  : 0/36864
O.num_zeros  : 2844/36864
Layer        : fc1_layer.1.weight
R.histogram  : tensor([461.,  33.,   8.,   3.,   2.,   3.,   0.,   1.,   0.,   1.],
       device='cuda:0')
R_sum max/min: 695.6/0.0
F.num_zeros  : 874394/2097152
W.num_zeros  : 0/2097152
O.num_zeros  : 1366145/2097152
Mask histogram
conv1_layer.2.weight: 	 tensor([   0.,    0.,    0.,    0.,    0.,    0.,  512.,  768., 1792., 2304.,
        2816.], device='cuda:0')
conv2_layer.2.weight: 	 tensor([   0.,  512.,  768., 1024.,  640.,  320.,  256.,   64.,  128.,  128.,
         256.], device='cuda:0')
fc1_layer.1.weight: 	 tensor([136.,  58.,  47.,  42.,  28.,  34.,  14.,  19.,  27.,  33.,  74.],
       device='cuda:0')
Task: 9,	 Epoch: 0/80,	 Avg.loss: 0.0012,	 Test Accuracy: 609/1000(61%)
Task: 9,	 Epoch: 1/80,	 Avg.loss: 0.0010,	 Test Accuracy: 681/1000(68%)
Task: 9,	 Epoch: 2/80,	 Avg.loss: 0.0009,	 Test Accuracy: 695/1000(70%)
Task: 9,	 Epoch: 3/80,	 Avg.loss: 0.0009,	 Test Accuracy: 708/1000(71%)
Task: 9,	 Epoch: 4/80,	 Avg.loss: 0.0008,	 Test Accuracy: 718/1000(72%)
Task: 9,	 Epoch: 5/80,	 Avg.loss: 0.0009,	 Test Accuracy: 712/1000(71%)
Task: 9,	 Epoch: 6/80,	 Avg.loss: 0.0009,	 Test Accuracy: 708/1000(71%)
Task: 9,	 Epoch: 7/80,	 Avg.loss: 0.0008,	 Test Accuracy: 736/1000(74%)
Task: 9,	 Epoch: 8/80,	 Avg.loss: 0.0008,	 Test Accuracy: 728/1000(73%)
Task: 9,	 Epoch: 9/80,	 Avg.loss: 0.0008,	 Test Accuracy: 742/1000(74%)
Task: 9,	 Epoch: 10/80,	 Avg.loss: 0.0008,	 Test Accuracy: 753/1000(75%)
Task: 9,	 Epoch: 11/80,	 Avg.loss: 0.0008,	 Test Accuracy: 742/1000(74%)
Task: 9,	 Epoch: 12/80,	 Avg.loss: 0.0009,	 Test Accuracy: 697/1000(70%)
Task: 9,	 Epoch: 13/80,	 Avg.loss: 0.0008,	 Test Accuracy: 735/1000(74%)
Task: 9,	 Epoch: 14/80,	 Avg.loss: 0.0008,	 Test Accuracy: 737/1000(74%)
Task: 9,	 Epoch: 15/80,	 Avg.loss: 0.0008,	 Test Accuracy: 748/1000(75%)
Task: 9,	 Epoch: 16/80,	 Avg.loss: 0.0008,	 Test Accuracy: 744/1000(74%)
Task: 9,	 Epoch: 17/80,	 Avg.loss: 0.0008,	 Test Accuracy: 741/1000(74%)
Task: 9,	 Epoch: 18/80,	 Avg.loss: 0.0008,	 Test Accuracy: 739/1000(74%)
Task: 9,	 Epoch: 19/80,	 Avg.loss: 0.0008,	 Test Accuracy: 752/1000(75%)
Task: 9,	 Epoch: 20/80,	 Avg.loss: 0.0008,	 Test Accuracy: 748/1000(75%)
Task: 9,	 Epoch: 21/80,	 Avg.loss: 0.0007,	 Test Accuracy: 757/1000(76%)
Task: 9,	 Epoch: 22/80,	 Avg.loss: 0.0007,	 Test Accuracy: 749/1000(75%)
Task: 9,	 Epoch: 23/80,	 Avg.loss: 0.0008,	 Test Accuracy: 739/1000(74%)
Task: 9,	 Epoch: 24/80,	 Avg.loss: 0.0008,	 Test Accuracy: 754/1000(75%)
Task: 9,	 Epoch: 25/80,	 Avg.loss: 0.0008,	 Test Accuracy: 755/1000(76%)
Task: 9,	 Epoch: 26/80,	 Avg.loss: 0.0008,	 Test Accuracy: 749/1000(75%)
Task: 9,	 Epoch: 27/80,	 Avg.loss: 0.0008,	 Test Accuracy: 757/1000(76%)
Task: 9,	 Epoch: 28/80,	 Avg.loss: 0.0008,	 Test Accuracy: 751/1000(75%)
Task: 9,	 Epoch: 29/80,	 Avg.loss: 0.0008,	 Test Accuracy: 744/1000(74%)
Task: 9,	 Epoch: 30/80,	 Avg.loss: 0.0008,	 Test Accuracy: 759/1000(76%)
Task: 9,	 Epoch: 31/80,	 Avg.loss: 0.0007,	 Test Accuracy: 754/1000(75%)
Task: 9,	 Epoch: 32/80,	 Avg.loss: 0.0007,	 Test Accuracy: 769/1000(77%)
Task: 9,	 Epoch: 33/80,	 Avg.loss: 0.0008,	 Test Accuracy: 760/1000(76%)
Task: 9,	 Epoch: 34/80,	 Avg.loss: 0.0007,	 Test Accuracy: 757/1000(76%)
Task: 9,	 Epoch: 35/80,	 Avg.loss: 0.0008,	 Test Accuracy: 740/1000(74%)
Task: 9,	 Epoch: 36/80,	 Avg.loss: 0.0007,	 Test Accuracy: 763/1000(76%)
Task: 9,	 Epoch: 37/80,	 Avg.loss: 0.0008,	 Test Accuracy: 735/1000(74%)
Task: 9,	 Epoch: 38/80,	 Avg.loss: 0.0008,	 Test Accuracy: 748/1000(75%)
Task: 9,	 Epoch: 39/80,	 Avg.loss: 0.0008,	 Test Accuracy: 757/1000(76%)
Task: 9,	 Epoch: 40/80,	 Avg.loss: 0.0008,	 Test Accuracy: 745/1000(74%)
Task: 9,	 Epoch: 41/80,	 Avg.loss: 0.0007,	 Test Accuracy: 768/1000(77%)
Task: 9,	 Epoch: 42/80,	 Avg.loss: 0.0007,	 Test Accuracy: 761/1000(76%)
Task: 9,	 Epoch: 43/80,	 Avg.loss: 0.0007,	 Test Accuracy: 754/1000(75%)
Task: 9,	 Epoch: 44/80,	 Avg.loss: 0.0007,	 Test Accuracy: 754/1000(75%)
Task: 9,	 Epoch: 45/80,	 Avg.loss: 0.0007,	 Test Accuracy: 756/1000(76%)
Task: 9,	 Epoch: 46/80,	 Avg.loss: 0.0007,	 Test Accuracy: 753/1000(75%)
Task: 9,	 Epoch: 47/80,	 Avg.loss: 0.0007,	 Test Accuracy: 759/1000(76%)
Task: 9,	 Epoch: 48/80,	 Avg.loss: 0.0007,	 Test Accuracy: 762/1000(76%)
Task: 9,	 Epoch: 49/80,	 Avg.loss: 0.0007,	 Test Accuracy: 767/1000(77%)
Task: 9,	 Epoch: 50/80,	 Avg.loss: 0.0007,	 Test Accuracy: 776/1000(78%)
Task: 9,	 Epoch: 51/80,	 Avg.loss: 0.0007,	 Test Accuracy: 786/1000(79%)
Task: 9,	 Epoch: 52/80,	 Avg.loss: 0.0007,	 Test Accuracy: 774/1000(77%)
Task: 9,	 Epoch: 53/80,	 Avg.loss: 0.0007,	 Test Accuracy: 778/1000(78%)
Task: 9,	 Epoch: 54/80,	 Avg.loss: 0.0007,	 Test Accuracy: 778/1000(78%)
Task: 9,	 Epoch: 55/80,	 Avg.loss: 0.0007,	 Test Accuracy: 780/1000(78%)
Task: 9,	 Epoch: 56/80,	 Avg.loss: 0.0007,	 Test Accuracy: 775/1000(78%)
Task: 9,	 Epoch: 57/80,	 Avg.loss: 0.0007,	 Test Accuracy: 772/1000(77%)
Task: 9,	 Epoch: 58/80,	 Avg.loss: 0.0007,	 Test Accuracy: 782/1000(78%)
Task: 9,	 Epoch: 59/80,	 Avg.loss: 0.0007,	 Test Accuracy: 776/1000(78%)
Task: 9,	 Epoch: 60/80,	 Avg.loss: 0.0007,	 Test Accuracy: 784/1000(78%)
Task: 9,	 Epoch: 61/80,	 Avg.loss: 0.0007,	 Test Accuracy: 771/1000(77%)
Task: 9,	 Epoch: 62/80,	 Avg.loss: 0.0007,	 Test Accuracy: 770/1000(77%)
Task: 9,	 Epoch: 63/80,	 Avg.loss: 0.0007,	 Test Accuracy: 775/1000(78%)
Task: 9,	 Epoch: 64/80,	 Avg.loss: 0.0007,	 Test Accuracy: 774/1000(77%)
Task: 9,	 Epoch: 65/80,	 Avg.loss: 0.0007,	 Test Accuracy: 773/1000(77%)
Task: 9,	 Epoch: 66/80,	 Avg.loss: 0.0007,	 Test Accuracy: 774/1000(77%)
Task: 9,	 Epoch: 67/80,	 Avg.loss: 0.0007,	 Test Accuracy: 778/1000(78%)
Task: 9,	 Epoch: 68/80,	 Avg.loss: 0.0007,	 Test Accuracy: 773/1000(77%)
Task: 9,	 Epoch: 69/80,	 Avg.loss: 0.0007,	 Test Accuracy: 772/1000(77%)
Task: 9,	 Epoch: 70/80,	 Avg.loss: 0.0007,	 Test Accuracy: 778/1000(78%)
Task: 9,	 Epoch: 71/80,	 Avg.loss: 0.0007,	 Test Accuracy: 784/1000(78%)
Task: 9,	 Epoch: 72/80,	 Avg.loss: 0.0007,	 Test Accuracy: 777/1000(78%)
Task: 9,	 Epoch: 73/80,	 Avg.loss: 0.0007,	 Test Accuracy: 778/1000(78%)
Task: 9,	 Epoch: 74/80,	 Avg.loss: 0.0007,	 Test Accuracy: 784/1000(78%)
Task: 9,	 Epoch: 75/80,	 Avg.loss: 0.0007,	 Test Accuracy: 776/1000(78%)
Task: 9,	 Epoch: 76/80,	 Avg.loss: 0.0007,	 Test Accuracy: 783/1000(78%)
Task: 9,	 Epoch: 77/80,	 Avg.loss: 0.0007,	 Test Accuracy: 774/1000(77%)
Task: 9,	 Epoch: 78/80,	 Avg.loss: 0.0007,	 Test Accuracy: 773/1000(77%)
Task: 9,	 Epoch: 79/80,	 Avg.loss: 0.0007,	 Test Accuracy: 772/1000(77%)
Trained Task:9, Loaded task:0, Accuracy:83.6%
Trained Task:9, Loaded task:1, Accuracy:73.0%
Trained Task:9, Loaded task:2, Accuracy:78.8%
Trained Task:9, Loaded task:3, Accuracy:73.6%
Trained Task:9, Loaded task:4, Accuracy:78.8%
Trained Task:9, Loaded task:5, Accuracy:76.6%
Trained Task:9, Loaded task:6, Accuracy:78.9%
Trained Task:9, Loaded task:7, Accuracy:74.3%
Trained Task:9, Loaded task:8, Accuracy:74.6%
Trained Task:9, Loaded task:9, Accuracy:77.2%
Trained Task:9, Avg. Accuracy: 76.9 

List of avg. accuracy: [85.7, 82.3, 81.4, 80.1, 77.9, 77.5, 77.6, 77.3, 76.9, 76.9]
