Layer        : conv1_layer.2.weight
R.histogram  : tensor([5., 5., 6., 5., 2., 1., 3., 1., 1., 3.], device='cuda:0')
R_sum max/min: 53.0/1.4
F.num_zeros  : 0/9216
W.num_zeros  : 0/9216
O.num_zeros  : 0/9216
Layer        : conv2_layer.2.weight
R.histogram  : tensor([10., 10., 11., 10.,  4.,  2.,  5.,  3.,  3.,  6.], device='cuda:0')
R_sum max/min: 57.2/0.0
F.num_zeros  : 4092/36864
W.num_zeros  : 0/36864
O.num_zeros  : 0/36864
Layer        : fc1_layer.1.weight
R.histogram  : tensor([304., 133.,  46.,  18.,   3.,   4.,   1.,   1.,   1.,   1.],
       device='cuda:0')
R_sum max/min: 708.2/0.0
F.num_zeros  : 918755/2097152
W.num_zeros  : 0/2097152
O.num_zeros  : 0/2097152
Mask histogram
conv1_layer.2.weight: 	 tensor([   0., 8192.,    0.,    0.,    0.,    0.,    0.,    0.,    0.,    0.,
           0.], device='cuda:0')
conv2_layer.2.weight: 	 tensor([2496., 1600.,    0.,    0.,    0.,    0.,    0.,    0.,    0.,    0.,
           0.], device='cuda:0')
fc1_layer.1.weight: 	 tensor([308., 204.,   0.,   0.,   0.,   0.,   0.,   0.,   0.,   0.,   0.],
       device='cuda:0')
Task: 0,	 Epoch: 0/80,	 Avg.loss: 0.0011,	 Test Accuracy: 637/1000(64%)
Task: 0,	 Epoch: 1/80,	 Avg.loss: 0.0008,	 Test Accuracy: 708/1000(71%)
Task: 0,	 Epoch: 2/80,	 Avg.loss: 0.0007,	 Test Accuracy: 773/1000(77%)
Task: 0,	 Epoch: 3/80,	 Avg.loss: 0.0008,	 Test Accuracy: 750/1000(75%)
Task: 0,	 Epoch: 4/80,	 Avg.loss: 0.0007,	 Test Accuracy: 768/1000(77%)
Task: 0,	 Epoch: 5/80,	 Avg.loss: 0.0006,	 Test Accuracy: 793/1000(79%)
Task: 0,	 Epoch: 6/80,	 Avg.loss: 0.0006,	 Test Accuracy: 818/1000(82%)
Task: 0,	 Epoch: 7/80,	 Avg.loss: 0.0006,	 Test Accuracy: 817/1000(82%)
Task: 0,	 Epoch: 8/80,	 Avg.loss: 0.0006,	 Test Accuracy: 811/1000(81%)
Task: 0,	 Epoch: 9/80,	 Avg.loss: 0.0006,	 Test Accuracy: 811/1000(81%)
Task: 0,	 Epoch: 10/80,	 Avg.loss: 0.0006,	 Test Accuracy: 816/1000(82%)
Task: 0,	 Epoch: 11/80,	 Avg.loss: 0.0006,	 Test Accuracy: 822/1000(82%)
Task: 0,	 Epoch: 12/80,	 Avg.loss: 0.0006,	 Test Accuracy: 808/1000(81%)
Task: 0,	 Epoch: 13/80,	 Avg.loss: 0.0005,	 Test Accuracy: 829/1000(83%)
Task: 0,	 Epoch: 14/80,	 Avg.loss: 0.0006,	 Test Accuracy: 822/1000(82%)
Task: 0,	 Epoch: 15/80,	 Avg.loss: 0.0006,	 Test Accuracy: 817/1000(82%)
Task: 0,	 Epoch: 16/80,	 Avg.loss: 0.0005,	 Test Accuracy: 817/1000(82%)
Task: 0,	 Epoch: 17/80,	 Avg.loss: 0.0005,	 Test Accuracy: 844/1000(84%)
Task: 0,	 Epoch: 18/80,	 Avg.loss: 0.0005,	 Test Accuracy: 840/1000(84%)
Task: 0,	 Epoch: 19/80,	 Avg.loss: 0.0005,	 Test Accuracy: 845/1000(85%)
Task: 0,	 Epoch: 20/80,	 Avg.loss: 0.0005,	 Test Accuracy: 848/1000(85%)
Task: 0,	 Epoch: 21/80,	 Avg.loss: 0.0005,	 Test Accuracy: 856/1000(86%)
Task: 0,	 Epoch: 22/80,	 Avg.loss: 0.0005,	 Test Accuracy: 848/1000(85%)
Task: 0,	 Epoch: 23/80,	 Avg.loss: 0.0005,	 Test Accuracy: 849/1000(85%)
Task: 0,	 Epoch: 24/80,	 Avg.loss: 0.0005,	 Test Accuracy: 859/1000(86%)
Task: 0,	 Epoch: 25/80,	 Avg.loss: 0.0005,	 Test Accuracy: 841/1000(84%)
Task: 0,	 Epoch: 26/80,	 Avg.loss: 0.0005,	 Test Accuracy: 846/1000(85%)
Task: 0,	 Epoch: 27/80,	 Avg.loss: 0.0005,	 Test Accuracy: 852/1000(85%)
Task: 0,	 Epoch: 28/80,	 Avg.loss: 0.0005,	 Test Accuracy: 857/1000(86%)
Task: 0,	 Epoch: 29/80,	 Avg.loss: 0.0005,	 Test Accuracy: 842/1000(84%)
Task: 0,	 Epoch: 30/80,	 Avg.loss: 0.0005,	 Test Accuracy: 853/1000(85%)
Task: 0,	 Epoch: 31/80,	 Avg.loss: 0.0005,	 Test Accuracy: 851/1000(85%)
Task: 0,	 Epoch: 32/80,	 Avg.loss: 0.0005,	 Test Accuracy: 859/1000(86%)
Task: 0,	 Epoch: 33/80,	 Avg.loss: 0.0006,	 Test Accuracy: 834/1000(83%)
Task: 0,	 Epoch: 34/80,	 Avg.loss: 0.0006,	 Test Accuracy: 851/1000(85%)
Task: 0,	 Epoch: 35/80,	 Avg.loss: 0.0006,	 Test Accuracy: 849/1000(85%)
Task: 0,	 Epoch: 36/80,	 Avg.loss: 0.0006,	 Test Accuracy: 851/1000(85%)
Task: 0,	 Epoch: 37/80,	 Avg.loss: 0.0005,	 Test Accuracy: 861/1000(86%)
Task: 0,	 Epoch: 38/80,	 Avg.loss: 0.0005,	 Test Accuracy: 861/1000(86%)
Task: 0,	 Epoch: 39/80,	 Avg.loss: 0.0005,	 Test Accuracy: 852/1000(85%)
Task: 0,	 Epoch: 40/80,	 Avg.loss: 0.0005,	 Test Accuracy: 865/1000(87%)
Task: 0,	 Epoch: 41/80,	 Avg.loss: 0.0005,	 Test Accuracy: 867/1000(87%)
Task: 0,	 Epoch: 42/80,	 Avg.loss: 0.0005,	 Test Accuracy: 863/1000(86%)
Task: 0,	 Epoch: 43/80,	 Avg.loss: 0.0006,	 Test Accuracy: 842/1000(84%)
Task: 0,	 Epoch: 44/80,	 Avg.loss: 0.0006,	 Test Accuracy: 846/1000(85%)
Task: 0,	 Epoch: 45/80,	 Avg.loss: 0.0006,	 Test Accuracy: 860/1000(86%)
Task: 0,	 Epoch: 46/80,	 Avg.loss: 0.0005,	 Test Accuracy: 866/1000(87%)
Task: 0,	 Epoch: 47/80,	 Avg.loss: 0.0005,	 Test Accuracy: 867/1000(87%)
Task: 0,	 Epoch: 48/80,	 Avg.loss: 0.0006,	 Test Accuracy: 860/1000(86%)
Task: 0,	 Epoch: 49/80,	 Avg.loss: 0.0006,	 Test Accuracy: 856/1000(86%)
Task: 0,	 Epoch: 50/80,	 Avg.loss: 0.0005,	 Test Accuracy: 877/1000(88%)
Task: 0,	 Epoch: 51/80,	 Avg.loss: 0.0005,	 Test Accuracy: 875/1000(88%)
Task: 0,	 Epoch: 52/80,	 Avg.loss: 0.0005,	 Test Accuracy: 875/1000(88%)
Task: 0,	 Epoch: 53/80,	 Avg.loss: 0.0005,	 Test Accuracy: 874/1000(87%)
Task: 0,	 Epoch: 54/80,	 Avg.loss: 0.0005,	 Test Accuracy: 872/1000(87%)
Task: 0,	 Epoch: 55/80,	 Avg.loss: 0.0005,	 Test Accuracy: 875/1000(88%)
Task: 0,	 Epoch: 56/80,	 Avg.loss: 0.0005,	 Test Accuracy: 881/1000(88%)
Task: 0,	 Epoch: 57/80,	 Avg.loss: 0.0005,	 Test Accuracy: 876/1000(88%)
Task: 0,	 Epoch: 58/80,	 Avg.loss: 0.0005,	 Test Accuracy: 881/1000(88%)
Task: 0,	 Epoch: 59/80,	 Avg.loss: 0.0005,	 Test Accuracy: 880/1000(88%)
Task: 0,	 Epoch: 60/80,	 Avg.loss: 0.0005,	 Test Accuracy: 884/1000(88%)
Task: 0,	 Epoch: 61/80,	 Avg.loss: 0.0006,	 Test Accuracy: 878/1000(88%)
Task: 0,	 Epoch: 62/80,	 Avg.loss: 0.0005,	 Test Accuracy: 877/1000(88%)
Task: 0,	 Epoch: 63/80,	 Avg.loss: 0.0005,	 Test Accuracy: 876/1000(88%)
Task: 0,	 Epoch: 64/80,	 Avg.loss: 0.0005,	 Test Accuracy: 875/1000(88%)
Task: 0,	 Epoch: 65/80,	 Avg.loss: 0.0006,	 Test Accuracy: 879/1000(88%)
Task: 0,	 Epoch: 66/80,	 Avg.loss: 0.0005,	 Test Accuracy: 876/1000(88%)
Task: 0,	 Epoch: 67/80,	 Avg.loss: 0.0005,	 Test Accuracy: 877/1000(88%)
Task: 0,	 Epoch: 68/80,	 Avg.loss: 0.0005,	 Test Accuracy: 879/1000(88%)
Task: 0,	 Epoch: 69/80,	 Avg.loss: 0.0006,	 Test Accuracy: 881/1000(88%)
Task: 0,	 Epoch: 70/80,	 Avg.loss: 0.0005,	 Test Accuracy: 879/1000(88%)
Task: 0,	 Epoch: 71/80,	 Avg.loss: 0.0006,	 Test Accuracy: 879/1000(88%)
Task: 0,	 Epoch: 72/80,	 Avg.loss: 0.0006,	 Test Accuracy: 879/1000(88%)
Task: 0,	 Epoch: 73/80,	 Avg.loss: 0.0005,	 Test Accuracy: 882/1000(88%)
Task: 0,	 Epoch: 74/80,	 Avg.loss: 0.0005,	 Test Accuracy: 882/1000(88%)
Task: 0,	 Epoch: 75/80,	 Avg.loss: 0.0005,	 Test Accuracy: 879/1000(88%)
Task: 0,	 Epoch: 76/80,	 Avg.loss: 0.0006,	 Test Accuracy: 885/1000(89%)
Task: 0,	 Epoch: 77/80,	 Avg.loss: 0.0006,	 Test Accuracy: 885/1000(89%)
Task: 0,	 Epoch: 78/80,	 Avg.loss: 0.0006,	 Test Accuracy: 881/1000(88%)
Task: 0,	 Epoch: 79/80,	 Avg.loss: 0.0006,	 Test Accuracy: 882/1000(88%)
Trained Task:0, Loaded task:0, Accuracy:88.2%
Trained Task:0, Avg. Accuracy: 88.2 

List of avg. accuracy: [88.2]
Layer        : conv1_layer.2.weight
R.histogram  : tensor([12.,  2., 10.,  1.,  2.,  1.,  3.,  0.,  0.,  1.], device='cuda:0')
R_sum max/min: 72.9/4.1
F.num_zeros  : 0/9216
W.num_zeros  : 0/9216
O.num_zeros  : 0/9216
Layer        : conv2_layer.2.weight
R.histogram  : tensor([41., 10.,  7.,  4.,  0.,  0.,  0.,  1.,  0.,  1.], device='cuda:0')
R_sum max/min: 175.0/0.0
F.num_zeros  : 3914/36864
W.num_zeros  : 0/36864
O.num_zeros  : 22464/36864
Layer        : fc1_layer.1.weight
R.histogram  : tensor([348.,  79.,  45.,  22.,   9.,   0.,   5.,   2.,   1.,   1.],
       device='cuda:0')
R_sum max/min: 712.7/0.0
F.num_zeros  : 940201/2097152
W.num_zeros  : 0/2097152
O.num_zeros  : 1770753/2097152
Mask histogram
conv1_layer.2.weight: 	 tensor([   0.,    0., 8192.,    0.,    0.,    0.,    0.,    0.,    0.,    0.,
           0.], device='cuda:0')
conv2_layer.2.weight: 	 tensor([2112.,  768., 1216.,    0.,    0.,    0.,    0.,    0.,    0.,    0.,
           0.], device='cuda:0')
fc1_layer.1.weight: 	 tensor([284.,  48., 180.,   0.,   0.,   0.,   0.,   0.,   0.,   0.,   0.],
       device='cuda:0')
Task: 1,	 Epoch: 0/80,	 Avg.loss: 0.0010,	 Test Accuracy: 638/1000(64%)
Task: 1,	 Epoch: 1/80,	 Avg.loss: 0.0009,	 Test Accuracy: 670/1000(67%)
Task: 1,	 Epoch: 2/80,	 Avg.loss: 0.0009,	 Test Accuracy: 690/1000(69%)
Task: 1,	 Epoch: 3/80,	 Avg.loss: 0.0008,	 Test Accuracy: 704/1000(70%)
Task: 1,	 Epoch: 4/80,	 Avg.loss: 0.0009,	 Test Accuracy: 693/1000(69%)
Task: 1,	 Epoch: 5/80,	 Avg.loss: 0.0008,	 Test Accuracy: 730/1000(73%)
Task: 1,	 Epoch: 6/80,	 Avg.loss: 0.0008,	 Test Accuracy: 706/1000(71%)
Task: 1,	 Epoch: 7/80,	 Avg.loss: 0.0008,	 Test Accuracy: 722/1000(72%)
Task: 1,	 Epoch: 8/80,	 Avg.loss: 0.0008,	 Test Accuracy: 739/1000(74%)
Task: 1,	 Epoch: 9/80,	 Avg.loss: 0.0008,	 Test Accuracy: 713/1000(71%)
Task: 1,	 Epoch: 10/80,	 Avg.loss: 0.0008,	 Test Accuracy: 742/1000(74%)
Task: 1,	 Epoch: 11/80,	 Avg.loss: 0.0008,	 Test Accuracy: 724/1000(72%)
Task: 1,	 Epoch: 12/80,	 Avg.loss: 0.0008,	 Test Accuracy: 734/1000(73%)
Task: 1,	 Epoch: 13/80,	 Avg.loss: 0.0008,	 Test Accuracy: 738/1000(74%)
Task: 1,	 Epoch: 14/80,	 Avg.loss: 0.0008,	 Test Accuracy: 726/1000(73%)
Task: 1,	 Epoch: 15/80,	 Avg.loss: 0.0008,	 Test Accuracy: 736/1000(74%)
Task: 1,	 Epoch: 16/80,	 Avg.loss: 0.0007,	 Test Accuracy: 754/1000(75%)
Task: 1,	 Epoch: 17/80,	 Avg.loss: 0.0008,	 Test Accuracy: 745/1000(74%)
Task: 1,	 Epoch: 18/80,	 Avg.loss: 0.0007,	 Test Accuracy: 763/1000(76%)
Task: 1,	 Epoch: 19/80,	 Avg.loss: 0.0007,	 Test Accuracy: 753/1000(75%)
Task: 1,	 Epoch: 20/80,	 Avg.loss: 0.0007,	 Test Accuracy: 746/1000(75%)
Task: 1,	 Epoch: 21/80,	 Avg.loss: 0.0007,	 Test Accuracy: 762/1000(76%)
Task: 1,	 Epoch: 22/80,	 Avg.loss: 0.0007,	 Test Accuracy: 756/1000(76%)
Task: 1,	 Epoch: 23/80,	 Avg.loss: 0.0007,	 Test Accuracy: 758/1000(76%)
Task: 1,	 Epoch: 24/80,	 Avg.loss: 0.0007,	 Test Accuracy: 760/1000(76%)
Task: 1,	 Epoch: 25/80,	 Avg.loss: 0.0007,	 Test Accuracy: 756/1000(76%)
Task: 1,	 Epoch: 26/80,	 Avg.loss: 0.0007,	 Test Accuracy: 766/1000(77%)
Task: 1,	 Epoch: 27/80,	 Avg.loss: 0.0007,	 Test Accuracy: 764/1000(76%)
Task: 1,	 Epoch: 28/80,	 Avg.loss: 0.0007,	 Test Accuracy: 764/1000(76%)
Task: 1,	 Epoch: 29/80,	 Avg.loss: 0.0007,	 Test Accuracy: 777/1000(78%)
Task: 1,	 Epoch: 30/80,	 Avg.loss: 0.0007,	 Test Accuracy: 764/1000(76%)
Task: 1,	 Epoch: 31/80,	 Avg.loss: 0.0008,	 Test Accuracy: 746/1000(75%)
Task: 1,	 Epoch: 32/80,	 Avg.loss: 0.0007,	 Test Accuracy: 764/1000(76%)
Task: 1,	 Epoch: 33/80,	 Avg.loss: 0.0007,	 Test Accuracy: 773/1000(77%)
Task: 1,	 Epoch: 34/80,	 Avg.loss: 0.0007,	 Test Accuracy: 762/1000(76%)
Task: 1,	 Epoch: 35/80,	 Avg.loss: 0.0007,	 Test Accuracy: 761/1000(76%)
Task: 1,	 Epoch: 36/80,	 Avg.loss: 0.0007,	 Test Accuracy: 752/1000(75%)
Task: 1,	 Epoch: 37/80,	 Avg.loss: 0.0008,	 Test Accuracy: 750/1000(75%)
Task: 1,	 Epoch: 38/80,	 Avg.loss: 0.0007,	 Test Accuracy: 761/1000(76%)
Task: 1,	 Epoch: 39/80,	 Avg.loss: 0.0008,	 Test Accuracy: 758/1000(76%)
Task: 1,	 Epoch: 40/80,	 Avg.loss: 0.0007,	 Test Accuracy: 768/1000(77%)
Task: 1,	 Epoch: 41/80,	 Avg.loss: 0.0008,	 Test Accuracy: 751/1000(75%)
Task: 1,	 Epoch: 42/80,	 Avg.loss: 0.0007,	 Test Accuracy: 774/1000(77%)
Task: 1,	 Epoch: 43/80,	 Avg.loss: 0.0007,	 Test Accuracy: 777/1000(78%)
Task: 1,	 Epoch: 44/80,	 Avg.loss: 0.0007,	 Test Accuracy: 766/1000(77%)
Task: 1,	 Epoch: 45/80,	 Avg.loss: 0.0007,	 Test Accuracy: 754/1000(75%)
Task: 1,	 Epoch: 46/80,	 Avg.loss: 0.0007,	 Test Accuracy: 769/1000(77%)
Task: 1,	 Epoch: 47/80,	 Avg.loss: 0.0007,	 Test Accuracy: 772/1000(77%)
Task: 1,	 Epoch: 48/80,	 Avg.loss: 0.0007,	 Test Accuracy: 765/1000(76%)
Task: 1,	 Epoch: 49/80,	 Avg.loss: 0.0007,	 Test Accuracy: 768/1000(77%)
Task: 1,	 Epoch: 50/80,	 Avg.loss: 0.0007,	 Test Accuracy: 781/1000(78%)
Task: 1,	 Epoch: 51/80,	 Avg.loss: 0.0007,	 Test Accuracy: 785/1000(78%)
Task: 1,	 Epoch: 52/80,	 Avg.loss: 0.0007,	 Test Accuracy: 779/1000(78%)
Task: 1,	 Epoch: 53/80,	 Avg.loss: 0.0007,	 Test Accuracy: 778/1000(78%)
Task: 1,	 Epoch: 54/80,	 Avg.loss: 0.0007,	 Test Accuracy: 783/1000(78%)
Task: 1,	 Epoch: 55/80,	 Avg.loss: 0.0007,	 Test Accuracy: 785/1000(78%)
Task: 1,	 Epoch: 56/80,	 Avg.loss: 0.0007,	 Test Accuracy: 775/1000(78%)
Task: 1,	 Epoch: 57/80,	 Avg.loss: 0.0007,	 Test Accuracy: 785/1000(78%)
Task: 1,	 Epoch: 58/80,	 Avg.loss: 0.0007,	 Test Accuracy: 777/1000(78%)
Task: 1,	 Epoch: 59/80,	 Avg.loss: 0.0007,	 Test Accuracy: 774/1000(77%)
Task: 1,	 Epoch: 60/80,	 Avg.loss: 0.0007,	 Test Accuracy: 775/1000(78%)
Task: 1,	 Epoch: 61/80,	 Avg.loss: 0.0007,	 Test Accuracy: 779/1000(78%)
Task: 1,	 Epoch: 62/80,	 Avg.loss: 0.0007,	 Test Accuracy: 778/1000(78%)
Task: 1,	 Epoch: 63/80,	 Avg.loss: 0.0007,	 Test Accuracy: 783/1000(78%)
Task: 1,	 Epoch: 64/80,	 Avg.loss: 0.0007,	 Test Accuracy: 783/1000(78%)
Task: 1,	 Epoch: 65/80,	 Avg.loss: 0.0007,	 Test Accuracy: 781/1000(78%)
Task: 1,	 Epoch: 66/80,	 Avg.loss: 0.0007,	 Test Accuracy: 783/1000(78%)
Task: 1,	 Epoch: 67/80,	 Avg.loss: 0.0007,	 Test Accuracy: 784/1000(78%)
Task: 1,	 Epoch: 68/80,	 Avg.loss: 0.0007,	 Test Accuracy: 787/1000(79%)
Task: 1,	 Epoch: 69/80,	 Avg.loss: 0.0007,	 Test Accuracy: 778/1000(78%)
Task: 1,	 Epoch: 70/80,	 Avg.loss: 0.0007,	 Test Accuracy: 781/1000(78%)
Task: 1,	 Epoch: 71/80,	 Avg.loss: 0.0007,	 Test Accuracy: 780/1000(78%)
Task: 1,	 Epoch: 72/80,	 Avg.loss: 0.0007,	 Test Accuracy: 781/1000(78%)
Task: 1,	 Epoch: 73/80,	 Avg.loss: 0.0007,	 Test Accuracy: 781/1000(78%)
Task: 1,	 Epoch: 74/80,	 Avg.loss: 0.0007,	 Test Accuracy: 780/1000(78%)
Task: 1,	 Epoch: 75/80,	 Avg.loss: 0.0007,	 Test Accuracy: 782/1000(78%)
Task: 1,	 Epoch: 76/80,	 Avg.loss: 0.0007,	 Test Accuracy: 779/1000(78%)
Task: 1,	 Epoch: 77/80,	 Avg.loss: 0.0007,	 Test Accuracy: 784/1000(78%)
Task: 1,	 Epoch: 78/80,	 Avg.loss: 0.0007,	 Test Accuracy: 783/1000(78%)
Task: 1,	 Epoch: 79/80,	 Avg.loss: 0.0007,	 Test Accuracy: 779/1000(78%)
Trained Task:1, Loaded task:0, Accuracy:87.8%
Trained Task:1, Loaded task:1, Accuracy:77.9%
Trained Task:1, Avg. Accuracy: 82.9 

List of avg. accuracy: [88.2, 82.9]
Layer        : conv1_layer.2.weight
R.histogram  : tensor([12.,  7.,  4.,  7.,  1.,  0.,  0.,  0.,  0.,  1.], device='cuda:0')
R_sum max/min: 70.8/2.3
F.num_zeros  : 0/9216
W.num_zeros  : 0/9216
O.num_zeros  : 0/9216
Layer        : conv2_layer.2.weight
R.histogram  : tensor([34.,  9.,  8.,  6.,  4.,  2.,  0.,  0.,  0.,  1.], device='cuda:0')
R_sum max/min: 150.4/0.0
F.num_zeros  : 4032/36864
W.num_zeros  : 0/36864
O.num_zeros  : 19008/36864
Layer        : fc1_layer.1.weight
R.histogram  : tensor([425.,  55.,  21.,   5.,   2.,   1.,   2.,   0.,   0.,   1.],
       device='cuda:0')
R_sum max/min: 553.8/0.0
F.num_zeros  : 948669/2097152
W.num_zeros  : 0/2097152
O.num_zeros  : 1663567/2097152
Mask histogram
conv1_layer.2.weight: 	 tensor([   0.,    0.,    0., 8192.,    0.,    0.,    0.,    0.,    0.,    0.,
           0.], device='cuda:0')
conv2_layer.2.weight: 	 tensor([2112.,  128.,  896.,  960.,    0.,    0.,    0.,    0.,    0.,    0.,
           0.], device='cuda:0')
fc1_layer.1.weight: 	 tensor([263.,  43.,  49., 157.,   0.,   0.,   0.,   0.,   0.,   0.,   0.],
       device='cuda:0')
Task: 2,	 Epoch: 0/80,	 Avg.loss: 0.0010,	 Test Accuracy: 680/1000(68%)
Task: 2,	 Epoch: 1/80,	 Avg.loss: 0.0009,	 Test Accuracy: 704/1000(70%)
Task: 2,	 Epoch: 2/80,	 Avg.loss: 0.0009,	 Test Accuracy: 710/1000(71%)
Task: 2,	 Epoch: 3/80,	 Avg.loss: 0.0008,	 Test Accuracy: 730/1000(73%)
Task: 2,	 Epoch: 4/80,	 Avg.loss: 0.0009,	 Test Accuracy: 732/1000(73%)
Task: 2,	 Epoch: 5/80,	 Avg.loss: 0.0009,	 Test Accuracy: 720/1000(72%)
Task: 2,	 Epoch: 6/80,	 Avg.loss: 0.0008,	 Test Accuracy: 756/1000(76%)
Task: 2,	 Epoch: 7/80,	 Avg.loss: 0.0008,	 Test Accuracy: 753/1000(75%)
Task: 2,	 Epoch: 8/80,	 Avg.loss: 0.0008,	 Test Accuracy: 757/1000(76%)
Task: 2,	 Epoch: 9/80,	 Avg.loss: 0.0008,	 Test Accuracy: 743/1000(74%)
Task: 2,	 Epoch: 10/80,	 Avg.loss: 0.0008,	 Test Accuracy: 764/1000(76%)
Task: 2,	 Epoch: 11/80,	 Avg.loss: 0.0008,	 Test Accuracy: 744/1000(74%)
Task: 2,	 Epoch: 12/80,	 Avg.loss: 0.0008,	 Test Accuracy: 767/1000(77%)
Task: 2,	 Epoch: 13/80,	 Avg.loss: 0.0008,	 Test Accuracy: 751/1000(75%)
Task: 2,	 Epoch: 14/80,	 Avg.loss: 0.0007,	 Test Accuracy: 755/1000(76%)
Task: 2,	 Epoch: 15/80,	 Avg.loss: 0.0008,	 Test Accuracy: 759/1000(76%)
Task: 2,	 Epoch: 16/80,	 Avg.loss: 0.0007,	 Test Accuracy: 765/1000(76%)
Task: 2,	 Epoch: 17/80,	 Avg.loss: 0.0008,	 Test Accuracy: 738/1000(74%)
Task: 2,	 Epoch: 18/80,	 Avg.loss: 0.0008,	 Test Accuracy: 762/1000(76%)
Task: 2,	 Epoch: 19/80,	 Avg.loss: 0.0007,	 Test Accuracy: 763/1000(76%)
Task: 2,	 Epoch: 20/80,	 Avg.loss: 0.0007,	 Test Accuracy: 770/1000(77%)
Task: 2,	 Epoch: 21/80,	 Avg.loss: 0.0008,	 Test Accuracy: 741/1000(74%)
Task: 2,	 Epoch: 22/80,	 Avg.loss: 0.0008,	 Test Accuracy: 756/1000(76%)
Task: 2,	 Epoch: 23/80,	 Avg.loss: 0.0007,	 Test Accuracy: 769/1000(77%)
Task: 2,	 Epoch: 24/80,	 Avg.loss: 0.0008,	 Test Accuracy: 763/1000(76%)
Task: 2,	 Epoch: 25/80,	 Avg.loss: 0.0007,	 Test Accuracy: 759/1000(76%)
Task: 2,	 Epoch: 26/80,	 Avg.loss: 0.0007,	 Test Accuracy: 766/1000(77%)
Task: 2,	 Epoch: 27/80,	 Avg.loss: 0.0007,	 Test Accuracy: 771/1000(77%)
Task: 2,	 Epoch: 28/80,	 Avg.loss: 0.0008,	 Test Accuracy: 758/1000(76%)
Task: 2,	 Epoch: 29/80,	 Avg.loss: 0.0007,	 Test Accuracy: 770/1000(77%)
Task: 2,	 Epoch: 30/80,	 Avg.loss: 0.0007,	 Test Accuracy: 770/1000(77%)
Task: 2,	 Epoch: 31/80,	 Avg.loss: 0.0007,	 Test Accuracy: 771/1000(77%)
Task: 2,	 Epoch: 32/80,	 Avg.loss: 0.0007,	 Test Accuracy: 769/1000(77%)
Task: 2,	 Epoch: 33/80,	 Avg.loss: 0.0007,	 Test Accuracy: 765/1000(76%)
Task: 2,	 Epoch: 34/80,	 Avg.loss: 0.0007,	 Test Accuracy: 771/1000(77%)
Task: 2,	 Epoch: 35/80,	 Avg.loss: 0.0008,	 Test Accuracy: 761/1000(76%)
Task: 2,	 Epoch: 36/80,	 Avg.loss: 0.0007,	 Test Accuracy: 767/1000(77%)
Task: 2,	 Epoch: 37/80,	 Avg.loss: 0.0007,	 Test Accuracy: 773/1000(77%)
Task: 2,	 Epoch: 38/80,	 Avg.loss: 0.0008,	 Test Accuracy: 763/1000(76%)
Task: 2,	 Epoch: 39/80,	 Avg.loss: 0.0007,	 Test Accuracy: 772/1000(77%)
Task: 2,	 Epoch: 40/80,	 Avg.loss: 0.0008,	 Test Accuracy: 774/1000(77%)
Task: 2,	 Epoch: 41/80,	 Avg.loss: 0.0007,	 Test Accuracy: 763/1000(76%)
Task: 2,	 Epoch: 42/80,	 Avg.loss: 0.0007,	 Test Accuracy: 757/1000(76%)
Task: 2,	 Epoch: 43/80,	 Avg.loss: 0.0008,	 Test Accuracy: 770/1000(77%)
Task: 2,	 Epoch: 44/80,	 Avg.loss: 0.0007,	 Test Accuracy: 772/1000(77%)
Task: 2,	 Epoch: 45/80,	 Avg.loss: 0.0007,	 Test Accuracy: 778/1000(78%)
Task: 2,	 Epoch: 46/80,	 Avg.loss: 0.0007,	 Test Accuracy: 771/1000(77%)
Task: 2,	 Epoch: 47/80,	 Avg.loss: 0.0007,	 Test Accuracy: 774/1000(77%)
Task: 2,	 Epoch: 48/80,	 Avg.loss: 0.0007,	 Test Accuracy: 768/1000(77%)
Task: 2,	 Epoch: 49/80,	 Avg.loss: 0.0007,	 Test Accuracy: 775/1000(78%)
Task: 2,	 Epoch: 50/80,	 Avg.loss: 0.0007,	 Test Accuracy: 784/1000(78%)
Task: 2,	 Epoch: 51/80,	 Avg.loss: 0.0007,	 Test Accuracy: 789/1000(79%)
Task: 2,	 Epoch: 52/80,	 Avg.loss: 0.0007,	 Test Accuracy: 788/1000(79%)
Task: 2,	 Epoch: 53/80,	 Avg.loss: 0.0007,	 Test Accuracy: 783/1000(78%)
Task: 2,	 Epoch: 54/80,	 Avg.loss: 0.0007,	 Test Accuracy: 779/1000(78%)
Task: 2,	 Epoch: 55/80,	 Avg.loss: 0.0007,	 Test Accuracy: 779/1000(78%)
Task: 2,	 Epoch: 56/80,	 Avg.loss: 0.0007,	 Test Accuracy: 784/1000(78%)
Task: 2,	 Epoch: 57/80,	 Avg.loss: 0.0007,	 Test Accuracy: 778/1000(78%)
Task: 2,	 Epoch: 58/80,	 Avg.loss: 0.0007,	 Test Accuracy: 793/1000(79%)
Task: 2,	 Epoch: 59/80,	 Avg.loss: 0.0007,	 Test Accuracy: 783/1000(78%)
Task: 2,	 Epoch: 60/80,	 Avg.loss: 0.0007,	 Test Accuracy: 783/1000(78%)
Task: 2,	 Epoch: 61/80,	 Avg.loss: 0.0007,	 Test Accuracy: 786/1000(79%)
Task: 2,	 Epoch: 62/80,	 Avg.loss: 0.0007,	 Test Accuracy: 787/1000(79%)
Task: 2,	 Epoch: 63/80,	 Avg.loss: 0.0007,	 Test Accuracy: 782/1000(78%)
Task: 2,	 Epoch: 64/80,	 Avg.loss: 0.0007,	 Test Accuracy: 787/1000(79%)
Task: 2,	 Epoch: 65/80,	 Avg.loss: 0.0007,	 Test Accuracy: 784/1000(78%)
Task: 2,	 Epoch: 66/80,	 Avg.loss: 0.0007,	 Test Accuracy: 784/1000(78%)
Task: 2,	 Epoch: 67/80,	 Avg.loss: 0.0007,	 Test Accuracy: 787/1000(79%)
Task: 2,	 Epoch: 68/80,	 Avg.loss: 0.0007,	 Test Accuracy: 785/1000(78%)
Task: 2,	 Epoch: 69/80,	 Avg.loss: 0.0007,	 Test Accuracy: 784/1000(78%)
Task: 2,	 Epoch: 70/80,	 Avg.loss: 0.0007,	 Test Accuracy: 784/1000(78%)
Task: 2,	 Epoch: 71/80,	 Avg.loss: 0.0007,	 Test Accuracy: 785/1000(78%)
Task: 2,	 Epoch: 72/80,	 Avg.loss: 0.0007,	 Test Accuracy: 782/1000(78%)
Task: 2,	 Epoch: 73/80,	 Avg.loss: 0.0007,	 Test Accuracy: 786/1000(79%)
Task: 2,	 Epoch: 74/80,	 Avg.loss: 0.0007,	 Test Accuracy: 784/1000(78%)
Task: 2,	 Epoch: 75/80,	 Avg.loss: 0.0007,	 Test Accuracy: 785/1000(78%)
Task: 2,	 Epoch: 76/80,	 Avg.loss: 0.0007,	 Test Accuracy: 780/1000(78%)
Task: 2,	 Epoch: 77/80,	 Avg.loss: 0.0007,	 Test Accuracy: 783/1000(78%)
Task: 2,	 Epoch: 78/80,	 Avg.loss: 0.0007,	 Test Accuracy: 786/1000(79%)
Task: 2,	 Epoch: 79/80,	 Avg.loss: 0.0007,	 Test Accuracy: 784/1000(78%)
Trained Task:2, Loaded task:0, Accuracy:86.7%
Trained Task:2, Loaded task:1, Accuracy:78.7%
Trained Task:2, Loaded task:2, Accuracy:78.4%
Trained Task:2, Avg. Accuracy: 81.3 

List of avg. accuracy: [88.2, 82.9, 81.3]
Layer        : conv1_layer.2.weight
R.histogram  : tensor([10.,  1.,  9.,  3.,  3.,  5.,  0.,  0.,  0.,  1.], device='cuda:0')
R_sum max/min: 64.9/1.8
F.num_zeros  : 0/9216
W.num_zeros  : 0/9216
O.num_zeros  : 0/9216
Layer        : conv2_layer.2.weight
R.histogram  : tensor([31., 13., 13.,  3.,  1.,  2.,  0.,  0.,  0.,  1.], device='cuda:0')
R_sum max/min: 116.2/0.0
F.num_zeros  : 3967/36864
W.num_zeros  : 0/36864
O.num_zeros  : 19008/36864
Layer        : fc1_layer.1.weight
R.histogram  : tensor([396.,  66.,  28.,  15.,   2.,   3.,   1.,   0.,   0.,   1.],
       device='cuda:0')
R_sum max/min: 609.7/0.0
F.num_zeros  : 949247/2097152
W.num_zeros  : 0/2097152
O.num_zeros  : 1621646/2097152
Mask histogram
conv1_layer.2.weight: 	 tensor([   0.,    0.,    0.,    0., 8192.,    0.,    0.,    0.,    0.,    0.,
           0.], device='cuda:0')
conv2_layer.2.weight: 	 tensor([2048.,  128.,  384.,  640.,  896.,    0.,    0.,    0.,    0.,    0.,
           0.], device='cuda:0')
fc1_layer.1.weight: 	 tensor([260.,  24.,  39.,  42., 147.,   0.,   0.,   0.,   0.,   0.,   0.],
       device='cuda:0')
Task: 3,	 Epoch: 0/80,	 Avg.loss: 0.0012,	 Test Accuracy: 608/1000(61%)
Task: 3,	 Epoch: 1/80,	 Avg.loss: 0.0010,	 Test Accuracy: 664/1000(66%)
Task: 3,	 Epoch: 2/80,	 Avg.loss: 0.0009,	 Test Accuracy: 670/1000(67%)
Task: 3,	 Epoch: 3/80,	 Avg.loss: 0.0010,	 Test Accuracy: 664/1000(66%)
Task: 3,	 Epoch: 4/80,	 Avg.loss: 0.0010,	 Test Accuracy: 661/1000(66%)
Task: 3,	 Epoch: 5/80,	 Avg.loss: 0.0010,	 Test Accuracy: 681/1000(68%)
Task: 3,	 Epoch: 6/80,	 Avg.loss: 0.0009,	 Test Accuracy: 714/1000(71%)
Task: 3,	 Epoch: 7/80,	 Avg.loss: 0.0009,	 Test Accuracy: 707/1000(71%)
Task: 3,	 Epoch: 8/80,	 Avg.loss: 0.0009,	 Test Accuracy: 702/1000(70%)
Task: 3,	 Epoch: 9/80,	 Avg.loss: 0.0009,	 Test Accuracy: 703/1000(70%)
Task: 3,	 Epoch: 10/80,	 Avg.loss: 0.0008,	 Test Accuracy: 721/1000(72%)
Task: 3,	 Epoch: 11/80,	 Avg.loss: 0.0009,	 Test Accuracy: 709/1000(71%)
Task: 3,	 Epoch: 12/80,	 Avg.loss: 0.0009,	 Test Accuracy: 713/1000(71%)
Task: 3,	 Epoch: 13/80,	 Avg.loss: 0.0009,	 Test Accuracy: 718/1000(72%)
Task: 3,	 Epoch: 14/80,	 Avg.loss: 0.0008,	 Test Accuracy: 730/1000(73%)
Task: 3,	 Epoch: 15/80,	 Avg.loss: 0.0009,	 Test Accuracy: 721/1000(72%)
Task: 3,	 Epoch: 16/80,	 Avg.loss: 0.0008,	 Test Accuracy: 723/1000(72%)
Task: 3,	 Epoch: 17/80,	 Avg.loss: 0.0009,	 Test Accuracy: 718/1000(72%)
Task: 3,	 Epoch: 18/80,	 Avg.loss: 0.0008,	 Test Accuracy: 732/1000(73%)
Task: 3,	 Epoch: 19/80,	 Avg.loss: 0.0009,	 Test Accuracy: 719/1000(72%)
Task: 3,	 Epoch: 20/80,	 Avg.loss: 0.0008,	 Test Accuracy: 726/1000(73%)
Task: 3,	 Epoch: 21/80,	 Avg.loss: 0.0009,	 Test Accuracy: 728/1000(73%)
Task: 3,	 Epoch: 22/80,	 Avg.loss: 0.0008,	 Test Accuracy: 722/1000(72%)
Task: 3,	 Epoch: 23/80,	 Avg.loss: 0.0008,	 Test Accuracy: 719/1000(72%)
Task: 3,	 Epoch: 24/80,	 Avg.loss: 0.0008,	 Test Accuracy: 730/1000(73%)
Task: 3,	 Epoch: 25/80,	 Avg.loss: 0.0009,	 Test Accuracy: 722/1000(72%)
Task: 3,	 Epoch: 26/80,	 Avg.loss: 0.0008,	 Test Accuracy: 725/1000(72%)
Task: 3,	 Epoch: 27/80,	 Avg.loss: 0.0008,	 Test Accuracy: 731/1000(73%)
Task: 3,	 Epoch: 28/80,	 Avg.loss: 0.0008,	 Test Accuracy: 722/1000(72%)
Task: 3,	 Epoch: 29/80,	 Avg.loss: 0.0008,	 Test Accuracy: 730/1000(73%)
Task: 3,	 Epoch: 30/80,	 Avg.loss: 0.0008,	 Test Accuracy: 744/1000(74%)
Task: 3,	 Epoch: 31/80,	 Avg.loss: 0.0008,	 Test Accuracy: 739/1000(74%)
Task: 3,	 Epoch: 32/80,	 Avg.loss: 0.0009,	 Test Accuracy: 723/1000(72%)
Task: 3,	 Epoch: 33/80,	 Avg.loss: 0.0008,	 Test Accuracy: 731/1000(73%)
Task: 3,	 Epoch: 34/80,	 Avg.loss: 0.0009,	 Test Accuracy: 714/1000(71%)
Task: 3,	 Epoch: 35/80,	 Avg.loss: 0.0008,	 Test Accuracy: 741/1000(74%)
Task: 3,	 Epoch: 36/80,	 Avg.loss: 0.0008,	 Test Accuracy: 729/1000(73%)
Task: 3,	 Epoch: 37/80,	 Avg.loss: 0.0008,	 Test Accuracy: 719/1000(72%)
Task: 3,	 Epoch: 38/80,	 Avg.loss: 0.0008,	 Test Accuracy: 729/1000(73%)
Task: 3,	 Epoch: 39/80,	 Avg.loss: 0.0009,	 Test Accuracy: 702/1000(70%)
Task: 3,	 Epoch: 40/80,	 Avg.loss: 0.0008,	 Test Accuracy: 731/1000(73%)
Task: 3,	 Epoch: 41/80,	 Avg.loss: 0.0008,	 Test Accuracy: 726/1000(73%)
Task: 3,	 Epoch: 42/80,	 Avg.loss: 0.0008,	 Test Accuracy: 739/1000(74%)
Task: 3,	 Epoch: 43/80,	 Avg.loss: 0.0008,	 Test Accuracy: 738/1000(74%)
Task: 3,	 Epoch: 44/80,	 Avg.loss: 0.0008,	 Test Accuracy: 741/1000(74%)
Task: 3,	 Epoch: 45/80,	 Avg.loss: 0.0008,	 Test Accuracy: 745/1000(74%)
Task: 3,	 Epoch: 46/80,	 Avg.loss: 0.0008,	 Test Accuracy: 745/1000(74%)
Task: 3,	 Epoch: 47/80,	 Avg.loss: 0.0008,	 Test Accuracy: 726/1000(73%)
Task: 3,	 Epoch: 48/80,	 Avg.loss: 0.0008,	 Test Accuracy: 743/1000(74%)
Task: 3,	 Epoch: 49/80,	 Avg.loss: 0.0008,	 Test Accuracy: 738/1000(74%)
Task: 3,	 Epoch: 50/80,	 Avg.loss: 0.0008,	 Test Accuracy: 749/1000(75%)
Task: 3,	 Epoch: 51/80,	 Avg.loss: 0.0008,	 Test Accuracy: 754/1000(75%)
Task: 3,	 Epoch: 52/80,	 Avg.loss: 0.0008,	 Test Accuracy: 749/1000(75%)
Task: 3,	 Epoch: 53/80,	 Avg.loss: 0.0008,	 Test Accuracy: 752/1000(75%)
Task: 3,	 Epoch: 54/80,	 Avg.loss: 0.0008,	 Test Accuracy: 750/1000(75%)
Task: 3,	 Epoch: 55/80,	 Avg.loss: 0.0008,	 Test Accuracy: 751/1000(75%)
Task: 3,	 Epoch: 56/80,	 Avg.loss: 0.0008,	 Test Accuracy: 748/1000(75%)
Task: 3,	 Epoch: 57/80,	 Avg.loss: 0.0008,	 Test Accuracy: 753/1000(75%)
Task: 3,	 Epoch: 58/80,	 Avg.loss: 0.0008,	 Test Accuracy: 748/1000(75%)
Task: 3,	 Epoch: 59/80,	 Avg.loss: 0.0008,	 Test Accuracy: 750/1000(75%)
Task: 3,	 Epoch: 60/80,	 Avg.loss: 0.0008,	 Test Accuracy: 745/1000(74%)
Task: 3,	 Epoch: 61/80,	 Avg.loss: 0.0008,	 Test Accuracy: 752/1000(75%)
Task: 3,	 Epoch: 62/80,	 Avg.loss: 0.0008,	 Test Accuracy: 751/1000(75%)
Task: 3,	 Epoch: 63/80,	 Avg.loss: 0.0008,	 Test Accuracy: 750/1000(75%)
Task: 3,	 Epoch: 64/80,	 Avg.loss: 0.0008,	 Test Accuracy: 757/1000(76%)
Task: 3,	 Epoch: 65/80,	 Avg.loss: 0.0008,	 Test Accuracy: 756/1000(76%)
Task: 3,	 Epoch: 66/80,	 Avg.loss: 0.0008,	 Test Accuracy: 757/1000(76%)
Task: 3,	 Epoch: 67/80,	 Avg.loss: 0.0008,	 Test Accuracy: 755/1000(76%)
Task: 3,	 Epoch: 68/80,	 Avg.loss: 0.0008,	 Test Accuracy: 752/1000(75%)
Task: 3,	 Epoch: 69/80,	 Avg.loss: 0.0008,	 Test Accuracy: 754/1000(75%)
Task: 3,	 Epoch: 70/80,	 Avg.loss: 0.0008,	 Test Accuracy: 754/1000(75%)
Task: 3,	 Epoch: 71/80,	 Avg.loss: 0.0008,	 Test Accuracy: 749/1000(75%)
Task: 3,	 Epoch: 72/80,	 Avg.loss: 0.0008,	 Test Accuracy: 749/1000(75%)
Task: 3,	 Epoch: 73/80,	 Avg.loss: 0.0008,	 Test Accuracy: 749/1000(75%)
Task: 3,	 Epoch: 74/80,	 Avg.loss: 0.0008,	 Test Accuracy: 755/1000(76%)
Task: 3,	 Epoch: 75/80,	 Avg.loss: 0.0008,	 Test Accuracy: 755/1000(76%)
Task: 3,	 Epoch: 76/80,	 Avg.loss: 0.0008,	 Test Accuracy: 757/1000(76%)
Task: 3,	 Epoch: 77/80,	 Avg.loss: 0.0008,	 Test Accuracy: 754/1000(75%)
Task: 3,	 Epoch: 78/80,	 Avg.loss: 0.0008,	 Test Accuracy: 753/1000(75%)
Task: 3,	 Epoch: 79/80,	 Avg.loss: 0.0008,	 Test Accuracy: 749/1000(75%)
Trained Task:3, Loaded task:0, Accuracy:86.4%
Trained Task:3, Loaded task:1, Accuracy:79.7%
Trained Task:3, Loaded task:2, Accuracy:78.4%
Trained Task:3, Loaded task:3, Accuracy:74.9%
Trained Task:3, Avg. Accuracy: 79.9 

List of avg. accuracy: [88.2, 82.9, 81.3, 79.9]
Layer        : conv1_layer.2.weight
R.histogram  : tensor([9., 8., 6., 4., 2., 1., 0., 0., 1., 1.], device='cuda:0')
R_sum max/min: 63.9/1.2
F.num_zeros  : 0/9216
W.num_zeros  : 0/9216
O.num_zeros  : 0/9216
Layer        : conv2_layer.2.weight
R.histogram  : tensor([30., 18.,  4.,  7.,  2.,  2.,  0.,  0.,  0.,  1.], device='cuda:0')
R_sum max/min: 111.2/0.0
F.num_zeros  : 3990/36864
W.num_zeros  : 0/36864
O.num_zeros  : 18432/36864
Layer        : fc1_layer.1.weight
R.histogram  : tensor([422.,  62.,  13.,   5.,   4.,   4.,   0.,   1.,   0.,   1.],
       device='cuda:0')
R_sum max/min: 440.1/0.0
F.num_zeros  : 962232/2097152
W.num_zeros  : 0/2097152
O.num_zeros  : 1599695/2097152
Mask histogram
conv1_layer.2.weight: 	 tensor([   0.,    0.,    0.,    0.,    0., 8192.,    0.,    0.,    0.,    0.,
           0.], device='cuda:0')
conv2_layer.2.weight: 	 tensor([1984.,   64.,  256.,  448.,  640.,  704.,    0.,    0.,    0.,    0.,
           0.], device='cuda:0')
fc1_layer.1.weight: 	 tensor([254.,  20.,  23.,  36.,  49., 130.,   0.,   0.,   0.,   0.,   0.],
       device='cuda:0')
Task: 4,	 Epoch: 0/80,	 Avg.loss: 0.0011,	 Test Accuracy: 641/1000(64%)
Task: 4,	 Epoch: 1/80,	 Avg.loss: 0.0010,	 Test Accuracy: 654/1000(65%)
Task: 4,	 Epoch: 2/80,	 Avg.loss: 0.0009,	 Test Accuracy: 706/1000(71%)
Task: 4,	 Epoch: 3/80,	 Avg.loss: 0.0009,	 Test Accuracy: 708/1000(71%)
Task: 4,	 Epoch: 4/80,	 Avg.loss: 0.0008,	 Test Accuracy: 720/1000(72%)
Task: 4,	 Epoch: 5/80,	 Avg.loss: 0.0009,	 Test Accuracy: 710/1000(71%)
Task: 4,	 Epoch: 6/80,	 Avg.loss: 0.0009,	 Test Accuracy: 713/1000(71%)
Task: 4,	 Epoch: 7/80,	 Avg.loss: 0.0008,	 Test Accuracy: 744/1000(74%)
Task: 4,	 Epoch: 8/80,	 Avg.loss: 0.0009,	 Test Accuracy: 722/1000(72%)
Task: 4,	 Epoch: 9/80,	 Avg.loss: 0.0008,	 Test Accuracy: 747/1000(75%)
Task: 4,	 Epoch: 10/80,	 Avg.loss: 0.0008,	 Test Accuracy: 733/1000(73%)
Task: 4,	 Epoch: 11/80,	 Avg.loss: 0.0008,	 Test Accuracy: 731/1000(73%)
Task: 4,	 Epoch: 12/80,	 Avg.loss: 0.0008,	 Test Accuracy: 744/1000(74%)
Task: 4,	 Epoch: 13/80,	 Avg.loss: 0.0008,	 Test Accuracy: 760/1000(76%)
Task: 4,	 Epoch: 14/80,	 Avg.loss: 0.0008,	 Test Accuracy: 754/1000(75%)
Task: 4,	 Epoch: 15/80,	 Avg.loss: 0.0008,	 Test Accuracy: 731/1000(73%)
Task: 4,	 Epoch: 16/80,	 Avg.loss: 0.0008,	 Test Accuracy: 761/1000(76%)
Task: 4,	 Epoch: 17/80,	 Avg.loss: 0.0008,	 Test Accuracy: 750/1000(75%)
Task: 4,	 Epoch: 18/80,	 Avg.loss: 0.0008,	 Test Accuracy: 724/1000(72%)
Task: 4,	 Epoch: 19/80,	 Avg.loss: 0.0008,	 Test Accuracy: 750/1000(75%)
Task: 4,	 Epoch: 20/80,	 Avg.loss: 0.0008,	 Test Accuracy: 754/1000(75%)
Task: 4,	 Epoch: 21/80,	 Avg.loss: 0.0008,	 Test Accuracy: 735/1000(74%)
Task: 4,	 Epoch: 22/80,	 Avg.loss: 0.0008,	 Test Accuracy: 742/1000(74%)
Task: 4,	 Epoch: 23/80,	 Avg.loss: 0.0007,	 Test Accuracy: 751/1000(75%)
Task: 4,	 Epoch: 24/80,	 Avg.loss: 0.0008,	 Test Accuracy: 735/1000(74%)
Task: 4,	 Epoch: 25/80,	 Avg.loss: 0.0008,	 Test Accuracy: 748/1000(75%)
Task: 4,	 Epoch: 26/80,	 Avg.loss: 0.0008,	 Test Accuracy: 755/1000(76%)
Task: 4,	 Epoch: 27/80,	 Avg.loss: 0.0007,	 Test Accuracy: 764/1000(76%)
Task: 4,	 Epoch: 28/80,	 Avg.loss: 0.0008,	 Test Accuracy: 750/1000(75%)
Task: 4,	 Epoch: 29/80,	 Avg.loss: 0.0007,	 Test Accuracy: 767/1000(77%)
Task: 4,	 Epoch: 30/80,	 Avg.loss: 0.0008,	 Test Accuracy: 746/1000(75%)
Task: 4,	 Epoch: 31/80,	 Avg.loss: 0.0007,	 Test Accuracy: 763/1000(76%)
Task: 4,	 Epoch: 32/80,	 Avg.loss: 0.0007,	 Test Accuracy: 751/1000(75%)
Task: 4,	 Epoch: 33/80,	 Avg.loss: 0.0008,	 Test Accuracy: 758/1000(76%)
Task: 4,	 Epoch: 34/80,	 Avg.loss: 0.0007,	 Test Accuracy: 771/1000(77%)
Task: 4,	 Epoch: 35/80,	 Avg.loss: 0.0008,	 Test Accuracy: 753/1000(75%)
Task: 4,	 Epoch: 36/80,	 Avg.loss: 0.0008,	 Test Accuracy: 759/1000(76%)
Task: 4,	 Epoch: 37/80,	 Avg.loss: 0.0008,	 Test Accuracy: 757/1000(76%)
Task: 4,	 Epoch: 38/80,	 Avg.loss: 0.0008,	 Test Accuracy: 752/1000(75%)
Task: 4,	 Epoch: 39/80,	 Avg.loss: 0.0007,	 Test Accuracy: 767/1000(77%)
Task: 4,	 Epoch: 40/80,	 Avg.loss: 0.0007,	 Test Accuracy: 756/1000(76%)
Task: 4,	 Epoch: 41/80,	 Avg.loss: 0.0007,	 Test Accuracy: 759/1000(76%)
Task: 4,	 Epoch: 42/80,	 Avg.loss: 0.0008,	 Test Accuracy: 742/1000(74%)
Task: 4,	 Epoch: 43/80,	 Avg.loss: 0.0007,	 Test Accuracy: 768/1000(77%)
Task: 4,	 Epoch: 44/80,	 Avg.loss: 0.0008,	 Test Accuracy: 750/1000(75%)
Task: 4,	 Epoch: 45/80,	 Avg.loss: 0.0007,	 Test Accuracy: 768/1000(77%)
Task: 4,	 Epoch: 46/80,	 Avg.loss: 0.0007,	 Test Accuracy: 771/1000(77%)
Task: 4,	 Epoch: 47/80,	 Avg.loss: 0.0008,	 Test Accuracy: 769/1000(77%)
Task: 4,	 Epoch: 48/80,	 Avg.loss: 0.0007,	 Test Accuracy: 762/1000(76%)
Task: 4,	 Epoch: 49/80,	 Avg.loss: 0.0007,	 Test Accuracy: 767/1000(77%)
Task: 4,	 Epoch: 50/80,	 Avg.loss: 0.0007,	 Test Accuracy: 773/1000(77%)
Task: 4,	 Epoch: 51/80,	 Avg.loss: 0.0007,	 Test Accuracy: 783/1000(78%)
Task: 4,	 Epoch: 52/80,	 Avg.loss: 0.0007,	 Test Accuracy: 771/1000(77%)
Task: 4,	 Epoch: 53/80,	 Avg.loss: 0.0007,	 Test Accuracy: 775/1000(78%)
Task: 4,	 Epoch: 54/80,	 Avg.loss: 0.0007,	 Test Accuracy: 775/1000(78%)
Task: 4,	 Epoch: 55/80,	 Avg.loss: 0.0007,	 Test Accuracy: 779/1000(78%)
Task: 4,	 Epoch: 56/80,	 Avg.loss: 0.0007,	 Test Accuracy: 781/1000(78%)
Task: 4,	 Epoch: 57/80,	 Avg.loss: 0.0007,	 Test Accuracy: 775/1000(78%)
Task: 4,	 Epoch: 58/80,	 Avg.loss: 0.0007,	 Test Accuracy: 776/1000(78%)
Task: 4,	 Epoch: 59/80,	 Avg.loss: 0.0007,	 Test Accuracy: 776/1000(78%)
Task: 4,	 Epoch: 60/80,	 Avg.loss: 0.0007,	 Test Accuracy: 778/1000(78%)
Task: 4,	 Epoch: 61/80,	 Avg.loss: 0.0007,	 Test Accuracy: 776/1000(78%)
Task: 4,	 Epoch: 62/80,	 Avg.loss: 0.0007,	 Test Accuracy: 773/1000(77%)
Task: 4,	 Epoch: 63/80,	 Avg.loss: 0.0007,	 Test Accuracy: 775/1000(78%)
Task: 4,	 Epoch: 64/80,	 Avg.loss: 0.0007,	 Test Accuracy: 776/1000(78%)
Task: 4,	 Epoch: 65/80,	 Avg.loss: 0.0007,	 Test Accuracy: 771/1000(77%)
Task: 4,	 Epoch: 66/80,	 Avg.loss: 0.0007,	 Test Accuracy: 774/1000(77%)
Task: 4,	 Epoch: 67/80,	 Avg.loss: 0.0007,	 Test Accuracy: 770/1000(77%)
Task: 4,	 Epoch: 68/80,	 Avg.loss: 0.0007,	 Test Accuracy: 783/1000(78%)
Task: 4,	 Epoch: 69/80,	 Avg.loss: 0.0007,	 Test Accuracy: 777/1000(78%)
Task: 4,	 Epoch: 70/80,	 Avg.loss: 0.0007,	 Test Accuracy: 778/1000(78%)
Task: 4,	 Epoch: 71/80,	 Avg.loss: 0.0007,	 Test Accuracy: 776/1000(78%)
Task: 4,	 Epoch: 72/80,	 Avg.loss: 0.0007,	 Test Accuracy: 778/1000(78%)
Task: 4,	 Epoch: 73/80,	 Avg.loss: 0.0007,	 Test Accuracy: 782/1000(78%)
Task: 4,	 Epoch: 74/80,	 Avg.loss: 0.0007,	 Test Accuracy: 774/1000(77%)
Task: 4,	 Epoch: 75/80,	 Avg.loss: 0.0007,	 Test Accuracy: 775/1000(78%)
Task: 4,	 Epoch: 76/80,	 Avg.loss: 0.0007,	 Test Accuracy: 771/1000(77%)
Task: 4,	 Epoch: 77/80,	 Avg.loss: 0.0007,	 Test Accuracy: 773/1000(77%)
Task: 4,	 Epoch: 78/80,	 Avg.loss: 0.0007,	 Test Accuracy: 770/1000(77%)
Task: 4,	 Epoch: 79/80,	 Avg.loss: 0.0007,	 Test Accuracy: 777/1000(78%)
Trained Task:4, Loaded task:0, Accuracy:85.6%
Trained Task:4, Loaded task:1, Accuracy:78.9%
Trained Task:4, Loaded task:2, Accuracy:77.9%
Trained Task:4, Loaded task:3, Accuracy:74.7%
Trained Task:4, Loaded task:4, Accuracy:77.7%
Trained Task:4, Avg. Accuracy: 79.0 

List of avg. accuracy: [88.2, 82.9, 81.3, 79.9, 79.0]
Layer        : conv1_layer.2.weight
R.histogram  : tensor([11.,  7.,  8.,  4.,  1.,  0.,  0.,  0.,  0.,  1.], device='cuda:0')
R_sum max/min: 76.1/3.8
F.num_zeros  : 0/9216
W.num_zeros  : 0/9216
O.num_zeros  : 0/9216
Layer        : conv2_layer.2.weight
R.histogram  : tensor([26., 18.,  7.,  6.,  2.,  1.,  1.,  0.,  1.,  2.], device='cuda:0')
R_sum max/min: 120.1/0.0
F.num_zeros  : 4032/36864
W.num_zeros  : 0/36864
O.num_zeros  : 17856/36864
Layer        : fc1_layer.1.weight
R.histogram  : tensor([386.,  58.,  35.,  15.,   4.,   6.,   4.,   1.,   0.,   3.],
       device='cuda:0')
R_sum max/min: 481.6/0.0
F.num_zeros  : 963190/2097152
W.num_zeros  : 0/2097152
O.num_zeros  : 1570896/2097152
Mask histogram
conv1_layer.2.weight: 	 tensor([   0.,    0.,    0.,    0.,    0.,    0., 8192.,    0.,    0.,    0.,
           0.], device='cuda:0')
conv2_layer.2.weight: 	 tensor([1856.,  128.,  192.,  256.,  576.,  512.,  576.,    0.,    0.,    0.,
           0.], device='cuda:0')
fc1_layer.1.weight: 	 tensor([252.,  17.,  17.,  18.,  41.,  47., 120.,   0.,   0.,   0.,   0.],
       device='cuda:0')
Task: 5,	 Epoch: 0/80,	 Avg.loss: 0.0012,	 Test Accuracy: 579/1000(58%)
Task: 5,	 Epoch: 1/80,	 Avg.loss: 0.0010,	 Test Accuracy: 668/1000(67%)
Task: 5,	 Epoch: 2/80,	 Avg.loss: 0.0009,	 Test Accuracy: 696/1000(70%)
Task: 5,	 Epoch: 3/80,	 Avg.loss: 0.0009,	 Test Accuracy: 696/1000(70%)
Task: 5,	 Epoch: 4/80,	 Avg.loss: 0.0009,	 Test Accuracy: 681/1000(68%)
Task: 5,	 Epoch: 5/80,	 Avg.loss: 0.0008,	 Test Accuracy: 709/1000(71%)
Task: 5,	 Epoch: 6/80,	 Avg.loss: 0.0008,	 Test Accuracy: 708/1000(71%)
Task: 5,	 Epoch: 7/80,	 Avg.loss: 0.0008,	 Test Accuracy: 706/1000(71%)
Task: 5,	 Epoch: 8/80,	 Avg.loss: 0.0008,	 Test Accuracy: 702/1000(70%)
Task: 5,	 Epoch: 9/80,	 Avg.loss: 0.0008,	 Test Accuracy: 702/1000(70%)
Task: 5,	 Epoch: 10/80,	 Avg.loss: 0.0008,	 Test Accuracy: 721/1000(72%)
Task: 5,	 Epoch: 11/80,	 Avg.loss: 0.0008,	 Test Accuracy: 731/1000(73%)
Task: 5,	 Epoch: 12/80,	 Avg.loss: 0.0008,	 Test Accuracy: 725/1000(72%)
Task: 5,	 Epoch: 13/80,	 Avg.loss: 0.0008,	 Test Accuracy: 713/1000(71%)
Task: 5,	 Epoch: 14/80,	 Avg.loss: 0.0008,	 Test Accuracy: 713/1000(71%)
Task: 5,	 Epoch: 15/80,	 Avg.loss: 0.0008,	 Test Accuracy: 727/1000(73%)
Task: 5,	 Epoch: 16/80,	 Avg.loss: 0.0008,	 Test Accuracy: 724/1000(72%)
Task: 5,	 Epoch: 17/80,	 Avg.loss: 0.0007,	 Test Accuracy: 736/1000(74%)
Task: 5,	 Epoch: 18/80,	 Avg.loss: 0.0008,	 Test Accuracy: 742/1000(74%)
Task: 5,	 Epoch: 19/80,	 Avg.loss: 0.0008,	 Test Accuracy: 708/1000(71%)
Task: 5,	 Epoch: 20/80,	 Avg.loss: 0.0008,	 Test Accuracy: 720/1000(72%)
Task: 5,	 Epoch: 21/80,	 Avg.loss: 0.0008,	 Test Accuracy: 718/1000(72%)
Task: 5,	 Epoch: 22/80,	 Avg.loss: 0.0007,	 Test Accuracy: 731/1000(73%)
Task: 5,	 Epoch: 23/80,	 Avg.loss: 0.0008,	 Test Accuracy: 719/1000(72%)
Task: 5,	 Epoch: 24/80,	 Avg.loss: 0.0008,	 Test Accuracy: 714/1000(71%)
Task: 5,	 Epoch: 25/80,	 Avg.loss: 0.0007,	 Test Accuracy: 733/1000(73%)
Task: 5,	 Epoch: 26/80,	 Avg.loss: 0.0007,	 Test Accuracy: 728/1000(73%)
Task: 5,	 Epoch: 27/80,	 Avg.loss: 0.0008,	 Test Accuracy: 709/1000(71%)
Task: 5,	 Epoch: 28/80,	 Avg.loss: 0.0008,	 Test Accuracy: 714/1000(71%)
Task: 5,	 Epoch: 29/80,	 Avg.loss: 0.0008,	 Test Accuracy: 727/1000(73%)
Task: 5,	 Epoch: 30/80,	 Avg.loss: 0.0008,	 Test Accuracy: 726/1000(73%)
Task: 5,	 Epoch: 31/80,	 Avg.loss: 0.0007,	 Test Accuracy: 733/1000(73%)
Task: 5,	 Epoch: 32/80,	 Avg.loss: 0.0008,	 Test Accuracy: 733/1000(73%)
Task: 5,	 Epoch: 33/80,	 Avg.loss: 0.0008,	 Test Accuracy: 724/1000(72%)
Task: 5,	 Epoch: 34/80,	 Avg.loss: 0.0007,	 Test Accuracy: 729/1000(73%)
Task: 5,	 Epoch: 35/80,	 Avg.loss: 0.0007,	 Test Accuracy: 735/1000(74%)
Task: 5,	 Epoch: 36/80,	 Avg.loss: 0.0008,	 Test Accuracy: 724/1000(72%)
Task: 5,	 Epoch: 37/80,	 Avg.loss: 0.0007,	 Test Accuracy: 733/1000(73%)
Task: 5,	 Epoch: 38/80,	 Avg.loss: 0.0008,	 Test Accuracy: 735/1000(74%)
Task: 5,	 Epoch: 39/80,	 Avg.loss: 0.0007,	 Test Accuracy: 740/1000(74%)
Task: 5,	 Epoch: 40/80,	 Avg.loss: 0.0008,	 Test Accuracy: 720/1000(72%)
Task: 5,	 Epoch: 41/80,	 Avg.loss: 0.0007,	 Test Accuracy: 724/1000(72%)
Task: 5,	 Epoch: 42/80,	 Avg.loss: 0.0007,	 Test Accuracy: 743/1000(74%)
Task: 5,	 Epoch: 43/80,	 Avg.loss: 0.0007,	 Test Accuracy: 747/1000(75%)
Task: 5,	 Epoch: 44/80,	 Avg.loss: 0.0008,	 Test Accuracy: 733/1000(73%)
Task: 5,	 Epoch: 45/80,	 Avg.loss: 0.0007,	 Test Accuracy: 744/1000(74%)
Task: 5,	 Epoch: 46/80,	 Avg.loss: 0.0007,	 Test Accuracy: 741/1000(74%)
Task: 5,	 Epoch: 47/80,	 Avg.loss: 0.0007,	 Test Accuracy: 734/1000(73%)
Task: 5,	 Epoch: 48/80,	 Avg.loss: 0.0007,	 Test Accuracy: 735/1000(74%)
Task: 5,	 Epoch: 49/80,	 Avg.loss: 0.0007,	 Test Accuracy: 746/1000(75%)
Task: 5,	 Epoch: 50/80,	 Avg.loss: 0.0007,	 Test Accuracy: 750/1000(75%)
Task: 5,	 Epoch: 51/80,	 Avg.loss: 0.0007,	 Test Accuracy: 747/1000(75%)
Task: 5,	 Epoch: 52/80,	 Avg.loss: 0.0007,	 Test Accuracy: 747/1000(75%)
Task: 5,	 Epoch: 53/80,	 Avg.loss: 0.0007,	 Test Accuracy: 749/1000(75%)
Task: 5,	 Epoch: 54/80,	 Avg.loss: 0.0007,	 Test Accuracy: 753/1000(75%)
Task: 5,	 Epoch: 55/80,	 Avg.loss: 0.0007,	 Test Accuracy: 748/1000(75%)
Task: 5,	 Epoch: 56/80,	 Avg.loss: 0.0007,	 Test Accuracy: 750/1000(75%)
Task: 5,	 Epoch: 57/80,	 Avg.loss: 0.0007,	 Test Accuracy: 747/1000(75%)
Task: 5,	 Epoch: 58/80,	 Avg.loss: 0.0007,	 Test Accuracy: 752/1000(75%)
Task: 5,	 Epoch: 59/80,	 Avg.loss: 0.0007,	 Test Accuracy: 757/1000(76%)
Task: 5,	 Epoch: 60/80,	 Avg.loss: 0.0007,	 Test Accuracy: 751/1000(75%)
Task: 5,	 Epoch: 61/80,	 Avg.loss: 0.0007,	 Test Accuracy: 751/1000(75%)
Task: 5,	 Epoch: 62/80,	 Avg.loss: 0.0007,	 Test Accuracy: 750/1000(75%)
Task: 5,	 Epoch: 63/80,	 Avg.loss: 0.0007,	 Test Accuracy: 754/1000(75%)
Task: 5,	 Epoch: 64/80,	 Avg.loss: 0.0007,	 Test Accuracy: 753/1000(75%)
Task: 5,	 Epoch: 65/80,	 Avg.loss: 0.0007,	 Test Accuracy: 755/1000(76%)
Task: 5,	 Epoch: 66/80,	 Avg.loss: 0.0007,	 Test Accuracy: 749/1000(75%)
Task: 5,	 Epoch: 67/80,	 Avg.loss: 0.0007,	 Test Accuracy: 754/1000(75%)
Task: 5,	 Epoch: 68/80,	 Avg.loss: 0.0007,	 Test Accuracy: 750/1000(75%)
Task: 5,	 Epoch: 69/80,	 Avg.loss: 0.0007,	 Test Accuracy: 748/1000(75%)
Task: 5,	 Epoch: 70/80,	 Avg.loss: 0.0007,	 Test Accuracy: 762/1000(76%)
Task: 5,	 Epoch: 71/80,	 Avg.loss: 0.0007,	 Test Accuracy: 754/1000(75%)
Task: 5,	 Epoch: 72/80,	 Avg.loss: 0.0007,	 Test Accuracy: 753/1000(75%)
Task: 5,	 Epoch: 73/80,	 Avg.loss: 0.0007,	 Test Accuracy: 755/1000(76%)
Task: 5,	 Epoch: 74/80,	 Avg.loss: 0.0007,	 Test Accuracy: 759/1000(76%)
Task: 5,	 Epoch: 75/80,	 Avg.loss: 0.0007,	 Test Accuracy: 757/1000(76%)
Task: 5,	 Epoch: 76/80,	 Avg.loss: 0.0007,	 Test Accuracy: 752/1000(75%)
Task: 5,	 Epoch: 77/80,	 Avg.loss: 0.0007,	 Test Accuracy: 754/1000(75%)
Task: 5,	 Epoch: 78/80,	 Avg.loss: 0.0007,	 Test Accuracy: 754/1000(75%)
Task: 5,	 Epoch: 79/80,	 Avg.loss: 0.0007,	 Test Accuracy: 751/1000(75%)
Trained Task:5, Loaded task:0, Accuracy:85.5%
Trained Task:5, Loaded task:1, Accuracy:78.9%
Trained Task:5, Loaded task:2, Accuracy:78.5%
Trained Task:5, Loaded task:3, Accuracy:75.1%
Trained Task:5, Loaded task:4, Accuracy:77.5%
Trained Task:5, Loaded task:5, Accuracy:75.1%
Trained Task:5, Avg. Accuracy: 78.4 

List of avg. accuracy: [88.2, 82.9, 81.3, 79.9, 79.0, 78.4]
Layer        : conv1_layer.2.weight
R.histogram  : tensor([9., 7., 9., 2., 2., 1., 1., 0., 0., 1.], device='cuda:0')
R_sum max/min: 83.9/1.9
F.num_zeros  : 0/9216
W.num_zeros  : 0/9216
O.num_zeros  : 0/9216
Layer        : conv2_layer.2.weight
R.histogram  : tensor([35., 17.,  7.,  2.,  0.,  1.,  0.,  0.,  1.,  1.], device='cuda:0')
R_sum max/min: 166.0/0.0
F.num_zeros  : 4032/36864
W.num_zeros  : 0/36864
O.num_zeros  : 16704/36864
Layer        : fc1_layer.1.weight
R.histogram  : tensor([405.,  66.,  26.,   6.,   3.,   1.,   1.,   0.,   1.,   3.],
       device='cuda:0')
R_sum max/min: 530.4/0.0
F.num_zeros  : 975962/2097152
W.num_zeros  : 0/2097152
O.num_zeros  : 1540430/2097152
Mask histogram
conv1_layer.2.weight: 	 tensor([   0.,    0.,    0.,    0.,    0.,    0.,    0., 8192.,    0.,    0.,
           0.], device='cuda:0')
conv2_layer.2.weight: 	 tensor([1856.,    0.,  128.,  384.,  448.,  256.,  448.,  576.,    0.,    0.,
           0.], device='cuda:0')
fc1_layer.1.weight: 	 tensor([243.,  22.,  15.,  14.,  21.,  38.,  53., 106.,   0.,   0.,   0.],
       device='cuda:0')
Task: 6,	 Epoch: 0/80,	 Avg.loss: 0.0011,	 Test Accuracy: 651/1000(65%)
Task: 6,	 Epoch: 1/80,	 Avg.loss: 0.0010,	 Test Accuracy: 665/1000(66%)
Task: 6,	 Epoch: 2/80,	 Avg.loss: 0.0009,	 Test Accuracy: 692/1000(69%)
Task: 6,	 Epoch: 3/80,	 Avg.loss: 0.0009,	 Test Accuracy: 702/1000(70%)
Task: 6,	 Epoch: 4/80,	 Avg.loss: 0.0008,	 Test Accuracy: 720/1000(72%)
Task: 6,	 Epoch: 5/80,	 Avg.loss: 0.0009,	 Test Accuracy: 703/1000(70%)
Task: 6,	 Epoch: 6/80,	 Avg.loss: 0.0008,	 Test Accuracy: 731/1000(73%)
Task: 6,	 Epoch: 7/80,	 Avg.loss: 0.0009,	 Test Accuracy: 714/1000(71%)
Task: 6,	 Epoch: 8/80,	 Avg.loss: 0.0008,	 Test Accuracy: 720/1000(72%)
Task: 6,	 Epoch: 9/80,	 Avg.loss: 0.0008,	 Test Accuracy: 727/1000(73%)
Task: 6,	 Epoch: 10/80,	 Avg.loss: 0.0008,	 Test Accuracy: 701/1000(70%)
Task: 6,	 Epoch: 11/80,	 Avg.loss: 0.0008,	 Test Accuracy: 729/1000(73%)
Task: 6,	 Epoch: 12/80,	 Avg.loss: 0.0008,	 Test Accuracy: 727/1000(73%)
Task: 6,	 Epoch: 13/80,	 Avg.loss: 0.0008,	 Test Accuracy: 716/1000(72%)
Task: 6,	 Epoch: 14/80,	 Avg.loss: 0.0008,	 Test Accuracy: 691/1000(69%)
Task: 6,	 Epoch: 15/80,	 Avg.loss: 0.0008,	 Test Accuracy: 731/1000(73%)
Task: 6,	 Epoch: 16/80,	 Avg.loss: 0.0008,	 Test Accuracy: 735/1000(74%)
Task: 6,	 Epoch: 17/80,	 Avg.loss: 0.0007,	 Test Accuracy: 754/1000(75%)
Task: 6,	 Epoch: 18/80,	 Avg.loss: 0.0008,	 Test Accuracy: 735/1000(74%)
Task: 6,	 Epoch: 19/80,	 Avg.loss: 0.0008,	 Test Accuracy: 722/1000(72%)
Task: 6,	 Epoch: 20/80,	 Avg.loss: 0.0008,	 Test Accuracy: 732/1000(73%)
Task: 6,	 Epoch: 21/80,	 Avg.loss: 0.0008,	 Test Accuracy: 734/1000(73%)
Task: 6,	 Epoch: 22/80,	 Avg.loss: 0.0008,	 Test Accuracy: 723/1000(72%)
Task: 6,	 Epoch: 23/80,	 Avg.loss: 0.0008,	 Test Accuracy: 725/1000(72%)
Task: 6,	 Epoch: 24/80,	 Avg.loss: 0.0008,	 Test Accuracy: 743/1000(74%)
Task: 6,	 Epoch: 25/80,	 Avg.loss: 0.0008,	 Test Accuracy: 734/1000(73%)
Task: 6,	 Epoch: 26/80,	 Avg.loss: 0.0008,	 Test Accuracy: 724/1000(72%)
Task: 6,	 Epoch: 27/80,	 Avg.loss: 0.0008,	 Test Accuracy: 745/1000(74%)
Task: 6,	 Epoch: 28/80,	 Avg.loss: 0.0008,	 Test Accuracy: 725/1000(72%)
Task: 6,	 Epoch: 29/80,	 Avg.loss: 0.0007,	 Test Accuracy: 742/1000(74%)
Task: 6,	 Epoch: 30/80,	 Avg.loss: 0.0008,	 Test Accuracy: 751/1000(75%)
Task: 6,	 Epoch: 31/80,	 Avg.loss: 0.0008,	 Test Accuracy: 737/1000(74%)
Task: 6,	 Epoch: 32/80,	 Avg.loss: 0.0008,	 Test Accuracy: 726/1000(73%)
Task: 6,	 Epoch: 33/80,	 Avg.loss: 0.0008,	 Test Accuracy: 732/1000(73%)
Task: 6,	 Epoch: 34/80,	 Avg.loss: 0.0008,	 Test Accuracy: 730/1000(73%)
Task: 6,	 Epoch: 35/80,	 Avg.loss: 0.0008,	 Test Accuracy: 736/1000(74%)
Task: 6,	 Epoch: 36/80,	 Avg.loss: 0.0008,	 Test Accuracy: 735/1000(74%)
Task: 6,	 Epoch: 37/80,	 Avg.loss: 0.0008,	 Test Accuracy: 739/1000(74%)
Task: 6,	 Epoch: 38/80,	 Avg.loss: 0.0008,	 Test Accuracy: 725/1000(72%)
Task: 6,	 Epoch: 39/80,	 Avg.loss: 0.0008,	 Test Accuracy: 745/1000(74%)
Task: 6,	 Epoch: 40/80,	 Avg.loss: 0.0008,	 Test Accuracy: 741/1000(74%)
Task: 6,	 Epoch: 41/80,	 Avg.loss: 0.0008,	 Test Accuracy: 753/1000(75%)
Task: 6,	 Epoch: 42/80,	 Avg.loss: 0.0008,	 Test Accuracy: 751/1000(75%)
Task: 6,	 Epoch: 43/80,	 Avg.loss: 0.0008,	 Test Accuracy: 734/1000(73%)
Task: 6,	 Epoch: 44/80,	 Avg.loss: 0.0008,	 Test Accuracy: 735/1000(74%)
Task: 6,	 Epoch: 45/80,	 Avg.loss: 0.0009,	 Test Accuracy: 700/1000(70%)
Task: 6,	 Epoch: 46/80,	 Avg.loss: 0.0008,	 Test Accuracy: 732/1000(73%)
Task: 6,	 Epoch: 47/80,	 Avg.loss: 0.0007,	 Test Accuracy: 752/1000(75%)
Task: 6,	 Epoch: 48/80,	 Avg.loss: 0.0008,	 Test Accuracy: 746/1000(75%)
Task: 6,	 Epoch: 49/80,	 Avg.loss: 0.0008,	 Test Accuracy: 755/1000(76%)
Task: 6,	 Epoch: 50/80,	 Avg.loss: 0.0007,	 Test Accuracy: 763/1000(76%)
Task: 6,	 Epoch: 51/80,	 Avg.loss: 0.0007,	 Test Accuracy: 760/1000(76%)
Task: 6,	 Epoch: 52/80,	 Avg.loss: 0.0007,	 Test Accuracy: 764/1000(76%)
Task: 6,	 Epoch: 53/80,	 Avg.loss: 0.0007,	 Test Accuracy: 764/1000(76%)
Task: 6,	 Epoch: 54/80,	 Avg.loss: 0.0007,	 Test Accuracy: 760/1000(76%)
Task: 6,	 Epoch: 55/80,	 Avg.loss: 0.0007,	 Test Accuracy: 762/1000(76%)
Task: 6,	 Epoch: 56/80,	 Avg.loss: 0.0007,	 Test Accuracy: 760/1000(76%)
Task: 6,	 Epoch: 57/80,	 Avg.loss: 0.0007,	 Test Accuracy: 767/1000(77%)
Task: 6,	 Epoch: 58/80,	 Avg.loss: 0.0007,	 Test Accuracy: 765/1000(76%)
Task: 6,	 Epoch: 59/80,	 Avg.loss: 0.0007,	 Test Accuracy: 758/1000(76%)
Task: 6,	 Epoch: 60/80,	 Avg.loss: 0.0007,	 Test Accuracy: 760/1000(76%)
Task: 6,	 Epoch: 61/80,	 Avg.loss: 0.0007,	 Test Accuracy: 763/1000(76%)
Task: 6,	 Epoch: 62/80,	 Avg.loss: 0.0007,	 Test Accuracy: 755/1000(76%)
Task: 6,	 Epoch: 63/80,	 Avg.loss: 0.0007,	 Test Accuracy: 764/1000(76%)
Task: 6,	 Epoch: 64/80,	 Avg.loss: 0.0007,	 Test Accuracy: 764/1000(76%)
Task: 6,	 Epoch: 65/80,	 Avg.loss: 0.0007,	 Test Accuracy: 764/1000(76%)
Task: 6,	 Epoch: 66/80,	 Avg.loss: 0.0007,	 Test Accuracy: 762/1000(76%)
Task: 6,	 Epoch: 67/80,	 Avg.loss: 0.0007,	 Test Accuracy: 765/1000(76%)
Task: 6,	 Epoch: 68/80,	 Avg.loss: 0.0007,	 Test Accuracy: 769/1000(77%)
Task: 6,	 Epoch: 69/80,	 Avg.loss: 0.0007,	 Test Accuracy: 756/1000(76%)
Task: 6,	 Epoch: 70/80,	 Avg.loss: 0.0007,	 Test Accuracy: 770/1000(77%)
Task: 6,	 Epoch: 71/80,	 Avg.loss: 0.0007,	 Test Accuracy: 759/1000(76%)
Task: 6,	 Epoch: 72/80,	 Avg.loss: 0.0007,	 Test Accuracy: 762/1000(76%)
Task: 6,	 Epoch: 73/80,	 Avg.loss: 0.0007,	 Test Accuracy: 756/1000(76%)
Task: 6,	 Epoch: 74/80,	 Avg.loss: 0.0007,	 Test Accuracy: 763/1000(76%)
Task: 6,	 Epoch: 75/80,	 Avg.loss: 0.0007,	 Test Accuracy: 760/1000(76%)
Task: 6,	 Epoch: 76/80,	 Avg.loss: 0.0007,	 Test Accuracy: 764/1000(76%)
Task: 6,	 Epoch: 77/80,	 Avg.loss: 0.0007,	 Test Accuracy: 761/1000(76%)
Task: 6,	 Epoch: 78/80,	 Avg.loss: 0.0007,	 Test Accuracy: 757/1000(76%)
Task: 6,	 Epoch: 79/80,	 Avg.loss: 0.0007,	 Test Accuracy: 763/1000(76%)
Trained Task:6, Loaded task:0, Accuracy:85.7%
Trained Task:6, Loaded task:1, Accuracy:79.4%
Trained Task:6, Loaded task:2, Accuracy:78.3%
Trained Task:6, Loaded task:3, Accuracy:74.6%
Trained Task:6, Loaded task:4, Accuracy:77.9%
Trained Task:6, Loaded task:5, Accuracy:75.2%
Trained Task:6, Loaded task:6, Accuracy:76.3%
Trained Task:6, Avg. Accuracy: 78.2 

List of avg. accuracy: [88.2, 82.9, 81.3, 79.9, 79.0, 78.4, 78.2]
Layer        : conv1_layer.2.weight
R.histogram  : tensor([9., 5., 9., 4., 0., 4., 0., 0., 0., 1.], device='cuda:0')
R_sum max/min: 74.2/1.9
F.num_zeros  : 0/9216
W.num_zeros  : 0/9216
O.num_zeros  : 0/9216
Layer        : conv2_layer.2.weight
R.histogram  : tensor([26., 15.,  9.,  4.,  5.,  0.,  0.,  1.,  3.,  1.], device='cuda:0')
R_sum max/min: 119.0/0.0
F.num_zeros  : 3929/36864
W.num_zeros  : 0/36864
O.num_zeros  : 16704/36864
Layer        : fc1_layer.1.weight
R.histogram  : tensor([396.,  71.,  30.,   7.,   2.,   1.,   1.,   2.,   0.,   2.],
       device='cuda:0')
R_sum max/min: 624.5/0.0
F.num_zeros  : 972694/2097152
W.num_zeros  : 0/2097152
O.num_zeros  : 1520782/2097152
Mask histogram
conv1_layer.2.weight: 	 tensor([   0.,    0.,    0.,    0.,    0.,    0.,    0.,    0., 8192.,    0.,
           0.], device='cuda:0')
conv2_layer.2.weight: 	 tensor([1856.,    0.,    0.,  256.,  576.,  192.,  192.,  576.,  448.,    0.,
           0.], device='cuda:0')
fc1_layer.1.weight: 	 tensor([243.,  13.,  20.,  13.,  17.,  15.,  45.,  41., 105.,   0.,   0.],
       device='cuda:0')
Task: 7,	 Epoch: 0/80,	 Avg.loss: 0.0012,	 Test Accuracy: 594/1000(59%)
Task: 7,	 Epoch: 1/80,	 Avg.loss: 0.0011,	 Test Accuracy: 647/1000(65%)
Task: 7,	 Epoch: 2/80,	 Avg.loss: 0.0010,	 Test Accuracy: 662/1000(66%)
Task: 7,	 Epoch: 3/80,	 Avg.loss: 0.0009,	 Test Accuracy: 685/1000(68%)
Task: 7,	 Epoch: 4/80,	 Avg.loss: 0.0009,	 Test Accuracy: 700/1000(70%)
Task: 7,	 Epoch: 5/80,	 Avg.loss: 0.0009,	 Test Accuracy: 684/1000(68%)
Task: 7,	 Epoch: 6/80,	 Avg.loss: 0.0009,	 Test Accuracy: 683/1000(68%)
Task: 7,	 Epoch: 7/80,	 Avg.loss: 0.0009,	 Test Accuracy: 700/1000(70%)
Task: 7,	 Epoch: 8/80,	 Avg.loss: 0.0009,	 Test Accuracy: 702/1000(70%)
Task: 7,	 Epoch: 9/80,	 Avg.loss: 0.0010,	 Test Accuracy: 674/1000(67%)
Task: 7,	 Epoch: 10/80,	 Avg.loss: 0.0009,	 Test Accuracy: 678/1000(68%)
Task: 7,	 Epoch: 11/80,	 Avg.loss: 0.0009,	 Test Accuracy: 669/1000(67%)
Task: 7,	 Epoch: 12/80,	 Avg.loss: 0.0009,	 Test Accuracy: 692/1000(69%)
Task: 7,	 Epoch: 13/80,	 Avg.loss: 0.0009,	 Test Accuracy: 694/1000(69%)
Task: 7,	 Epoch: 14/80,	 Avg.loss: 0.0009,	 Test Accuracy: 701/1000(70%)
Task: 7,	 Epoch: 15/80,	 Avg.loss: 0.0009,	 Test Accuracy: 688/1000(69%)
Task: 7,	 Epoch: 16/80,	 Avg.loss: 0.0009,	 Test Accuracy: 703/1000(70%)
Task: 7,	 Epoch: 17/80,	 Avg.loss: 0.0009,	 Test Accuracy: 689/1000(69%)
Task: 7,	 Epoch: 18/80,	 Avg.loss: 0.0009,	 Test Accuracy: 684/1000(68%)
Task: 7,	 Epoch: 19/80,	 Avg.loss: 0.0009,	 Test Accuracy: 674/1000(67%)
Task: 7,	 Epoch: 20/80,	 Avg.loss: 0.0009,	 Test Accuracy: 688/1000(69%)
Task: 7,	 Epoch: 21/80,	 Avg.loss: 0.0009,	 Test Accuracy: 692/1000(69%)
Task: 7,	 Epoch: 22/80,	 Avg.loss: 0.0009,	 Test Accuracy: 696/1000(70%)
Task: 7,	 Epoch: 23/80,	 Avg.loss: 0.0009,	 Test Accuracy: 699/1000(70%)
Task: 7,	 Epoch: 24/80,	 Avg.loss: 0.0009,	 Test Accuracy: 692/1000(69%)
Task: 7,	 Epoch: 25/80,	 Avg.loss: 0.0009,	 Test Accuracy: 686/1000(69%)
Task: 7,	 Epoch: 26/80,	 Avg.loss: 0.0009,	 Test Accuracy: 693/1000(69%)
Task: 7,	 Epoch: 27/80,	 Avg.loss: 0.0009,	 Test Accuracy: 691/1000(69%)
Task: 7,	 Epoch: 28/80,	 Avg.loss: 0.0009,	 Test Accuracy: 691/1000(69%)
Task: 7,	 Epoch: 29/80,	 Avg.loss: 0.0009,	 Test Accuracy: 703/1000(70%)
Task: 7,	 Epoch: 30/80,	 Avg.loss: 0.0009,	 Test Accuracy: 688/1000(69%)
Task: 7,	 Epoch: 31/80,	 Avg.loss: 0.0009,	 Test Accuracy: 675/1000(68%)
Task: 7,	 Epoch: 32/80,	 Avg.loss: 0.0009,	 Test Accuracy: 688/1000(69%)
Task: 7,	 Epoch: 33/80,	 Avg.loss: 0.0009,	 Test Accuracy: 694/1000(69%)
Task: 7,	 Epoch: 34/80,	 Avg.loss: 0.0009,	 Test Accuracy: 702/1000(70%)
Task: 7,	 Epoch: 35/80,	 Avg.loss: 0.0009,	 Test Accuracy: 695/1000(70%)
Task: 7,	 Epoch: 36/80,	 Avg.loss: 0.0009,	 Test Accuracy: 685/1000(68%)
Task: 7,	 Epoch: 37/80,	 Avg.loss: 0.0009,	 Test Accuracy: 707/1000(71%)
Task: 7,	 Epoch: 38/80,	 Avg.loss: 0.0009,	 Test Accuracy: 689/1000(69%)
Task: 7,	 Epoch: 39/80,	 Avg.loss: 0.0009,	 Test Accuracy: 696/1000(70%)
Task: 7,	 Epoch: 40/80,	 Avg.loss: 0.0009,	 Test Accuracy: 692/1000(69%)
Task: 7,	 Epoch: 41/80,	 Avg.loss: 0.0010,	 Test Accuracy: 668/1000(67%)
Task: 7,	 Epoch: 42/80,	 Avg.loss: 0.0009,	 Test Accuracy: 701/1000(70%)
Task: 7,	 Epoch: 43/80,	 Avg.loss: 0.0009,	 Test Accuracy: 678/1000(68%)
Task: 7,	 Epoch: 44/80,	 Avg.loss: 0.0009,	 Test Accuracy: 695/1000(70%)
Task: 7,	 Epoch: 45/80,	 Avg.loss: 0.0009,	 Test Accuracy: 700/1000(70%)
Task: 7,	 Epoch: 46/80,	 Avg.loss: 0.0009,	 Test Accuracy: 670/1000(67%)
Task: 7,	 Epoch: 47/80,	 Avg.loss: 0.0009,	 Test Accuracy: 700/1000(70%)
Task: 7,	 Epoch: 48/80,	 Avg.loss: 0.0009,	 Test Accuracy: 693/1000(69%)
Task: 7,	 Epoch: 49/80,	 Avg.loss: 0.0009,	 Test Accuracy: 683/1000(68%)
Task: 7,	 Epoch: 50/80,	 Avg.loss: 0.0009,	 Test Accuracy: 710/1000(71%)
Task: 7,	 Epoch: 51/80,	 Avg.loss: 0.0009,	 Test Accuracy: 709/1000(71%)
Task: 7,	 Epoch: 52/80,	 Avg.loss: 0.0009,	 Test Accuracy: 704/1000(70%)
Task: 7,	 Epoch: 53/80,	 Avg.loss: 0.0009,	 Test Accuracy: 707/1000(71%)
Task: 7,	 Epoch: 54/80,	 Avg.loss: 0.0009,	 Test Accuracy: 705/1000(70%)
Task: 7,	 Epoch: 55/80,	 Avg.loss: 0.0009,	 Test Accuracy: 701/1000(70%)
Task: 7,	 Epoch: 56/80,	 Avg.loss: 0.0009,	 Test Accuracy: 701/1000(70%)
Task: 7,	 Epoch: 57/80,	 Avg.loss: 0.0009,	 Test Accuracy: 708/1000(71%)
Task: 7,	 Epoch: 58/80,	 Avg.loss: 0.0009,	 Test Accuracy: 701/1000(70%)
Task: 7,	 Epoch: 59/80,	 Avg.loss: 0.0009,	 Test Accuracy: 705/1000(70%)
Task: 7,	 Epoch: 60/80,	 Avg.loss: 0.0009,	 Test Accuracy: 703/1000(70%)
Task: 7,	 Epoch: 61/80,	 Avg.loss: 0.0008,	 Test Accuracy: 704/1000(70%)
Task: 7,	 Epoch: 62/80,	 Avg.loss: 0.0008,	 Test Accuracy: 706/1000(71%)
Task: 7,	 Epoch: 63/80,	 Avg.loss: 0.0008,	 Test Accuracy: 710/1000(71%)
Task: 7,	 Epoch: 64/80,	 Avg.loss: 0.0009,	 Test Accuracy: 699/1000(70%)
Task: 7,	 Epoch: 65/80,	 Avg.loss: 0.0009,	 Test Accuracy: 705/1000(70%)
Task: 7,	 Epoch: 66/80,	 Avg.loss: 0.0008,	 Test Accuracy: 709/1000(71%)
Task: 7,	 Epoch: 67/80,	 Avg.loss: 0.0008,	 Test Accuracy: 709/1000(71%)
Task: 7,	 Epoch: 68/80,	 Avg.loss: 0.0009,	 Test Accuracy: 706/1000(71%)
Task: 7,	 Epoch: 69/80,	 Avg.loss: 0.0008,	 Test Accuracy: 713/1000(71%)
Task: 7,	 Epoch: 70/80,	 Avg.loss: 0.0008,	 Test Accuracy: 705/1000(70%)
Task: 7,	 Epoch: 71/80,	 Avg.loss: 0.0008,	 Test Accuracy: 705/1000(70%)
Task: 7,	 Epoch: 72/80,	 Avg.loss: 0.0009,	 Test Accuracy: 700/1000(70%)
Task: 7,	 Epoch: 73/80,	 Avg.loss: 0.0009,	 Test Accuracy: 705/1000(70%)
Task: 7,	 Epoch: 74/80,	 Avg.loss: 0.0009,	 Test Accuracy: 701/1000(70%)
Task: 7,	 Epoch: 75/80,	 Avg.loss: 0.0008,	 Test Accuracy: 704/1000(70%)
Task: 7,	 Epoch: 76/80,	 Avg.loss: 0.0009,	 Test Accuracy: 705/1000(70%)
Task: 7,	 Epoch: 77/80,	 Avg.loss: 0.0009,	 Test Accuracy: 708/1000(71%)
Task: 7,	 Epoch: 78/80,	 Avg.loss: 0.0008,	 Test Accuracy: 708/1000(71%)
Task: 7,	 Epoch: 79/80,	 Avg.loss: 0.0008,	 Test Accuracy: 709/1000(71%)
Trained Task:7, Loaded task:0, Accuracy:85.4%
Trained Task:7, Loaded task:1, Accuracy:79.2%
Trained Task:7, Loaded task:2, Accuracy:78.1%
Trained Task:7, Loaded task:3, Accuracy:74.0%
Trained Task:7, Loaded task:4, Accuracy:77.7%
Trained Task:7, Loaded task:5, Accuracy:74.7%
Trained Task:7, Loaded task:6, Accuracy:76.4%
Trained Task:7, Loaded task:7, Accuracy:70.9%
Trained Task:7, Avg. Accuracy: 77.1 

List of avg. accuracy: [88.2, 82.9, 81.3, 79.9, 79.0, 78.4, 78.2, 77.1]
Layer        : conv1_layer.2.weight
R.histogram  : tensor([13., 10.,  4.,  1.,  1.,  2.,  0.,  0.,  0.,  1.], device='cuda:0')
R_sum max/min: 81.7/3.1
F.num_zeros  : 0/9216
W.num_zeros  : 0/9216
O.num_zeros  : 0/9216
Layer        : conv2_layer.2.weight
R.histogram  : tensor([31., 18.,  5.,  1.,  4.,  2.,  0.,  1.,  1.,  1.], device='cuda:0')
R_sum max/min: 137.5/0.0
F.num_zeros  : 3907/36864
W.num_zeros  : 0/36864
O.num_zeros  : 16704/36864
Layer        : fc1_layer.1.weight
R.histogram  : tensor([435.,  50.,  14.,   6.,   2.,   1.,   3.,   0.,   0.,   1.],
       device='cuda:0')
R_sum max/min: 588.5/0.0
F.num_zeros  : 974250/2097152
W.num_zeros  : 0/2097152
O.num_zeros  : 1519394/2097152
Mask histogram
conv1_layer.2.weight: 	 tensor([   0.,    0.,    0.,    0.,    0.,    0.,    0.,    0.,    0., 8192.,
           0.], device='cuda:0')
conv2_layer.2.weight: 	 tensor([1792.,   64.,    0.,  128.,  320.,  512.,   64.,  384.,  448.,  384.,
           0.], device='cuda:0')
fc1_layer.1.weight: 	 tensor([243.,  11.,  14.,  16.,  16.,  12.,  20.,  38.,  39., 103.,   0.],
       device='cuda:0')
Task: 8,	 Epoch: 0/80,	 Avg.loss: 0.0011,	 Test Accuracy: 638/1000(64%)
Task: 8,	 Epoch: 1/80,	 Avg.loss: 0.0010,	 Test Accuracy: 672/1000(67%)
Task: 8,	 Epoch: 2/80,	 Avg.loss: 0.0009,	 Test Accuracy: 703/1000(70%)
Task: 8,	 Epoch: 3/80,	 Avg.loss: 0.0008,	 Test Accuracy: 714/1000(71%)
Task: 8,	 Epoch: 4/80,	 Avg.loss: 0.0009,	 Test Accuracy: 701/1000(70%)
Task: 8,	 Epoch: 5/80,	 Avg.loss: 0.0009,	 Test Accuracy: 697/1000(70%)
Task: 8,	 Epoch: 6/80,	 Avg.loss: 0.0008,	 Test Accuracy: 710/1000(71%)
Task: 8,	 Epoch: 7/80,	 Avg.loss: 0.0008,	 Test Accuracy: 718/1000(72%)
Task: 8,	 Epoch: 8/80,	 Avg.loss: 0.0008,	 Test Accuracy: 723/1000(72%)
Task: 8,	 Epoch: 9/80,	 Avg.loss: 0.0008,	 Test Accuracy: 717/1000(72%)
Task: 8,	 Epoch: 10/80,	 Avg.loss: 0.0008,	 Test Accuracy: 720/1000(72%)
Task: 8,	 Epoch: 11/80,	 Avg.loss: 0.0008,	 Test Accuracy: 731/1000(73%)
Task: 8,	 Epoch: 12/80,	 Avg.loss: 0.0008,	 Test Accuracy: 739/1000(74%)
Task: 8,	 Epoch: 13/80,	 Avg.loss: 0.0008,	 Test Accuracy: 734/1000(73%)
Task: 8,	 Epoch: 14/80,	 Avg.loss: 0.0008,	 Test Accuracy: 724/1000(72%)
Task: 8,	 Epoch: 15/80,	 Avg.loss: 0.0009,	 Test Accuracy: 707/1000(71%)
Task: 8,	 Epoch: 16/80,	 Avg.loss: 0.0008,	 Test Accuracy: 727/1000(73%)
Task: 8,	 Epoch: 17/80,	 Avg.loss: 0.0008,	 Test Accuracy: 733/1000(73%)
Task: 8,	 Epoch: 18/80,	 Avg.loss: 0.0008,	 Test Accuracy: 720/1000(72%)
Task: 8,	 Epoch: 19/80,	 Avg.loss: 0.0008,	 Test Accuracy: 722/1000(72%)
Task: 8,	 Epoch: 20/80,	 Avg.loss: 0.0008,	 Test Accuracy: 729/1000(73%)
Task: 8,	 Epoch: 21/80,	 Avg.loss: 0.0008,	 Test Accuracy: 720/1000(72%)
Task: 8,	 Epoch: 22/80,	 Avg.loss: 0.0008,	 Test Accuracy: 739/1000(74%)
Task: 8,	 Epoch: 23/80,	 Avg.loss: 0.0008,	 Test Accuracy: 751/1000(75%)
Task: 8,	 Epoch: 24/80,	 Avg.loss: 0.0009,	 Test Accuracy: 716/1000(72%)
Task: 8,	 Epoch: 25/80,	 Avg.loss: 0.0009,	 Test Accuracy: 717/1000(72%)
Task: 8,	 Epoch: 26/80,	 Avg.loss: 0.0008,	 Test Accuracy: 717/1000(72%)
Task: 8,	 Epoch: 27/80,	 Avg.loss: 0.0008,	 Test Accuracy: 731/1000(73%)
Task: 8,	 Epoch: 28/80,	 Avg.loss: 0.0008,	 Test Accuracy: 707/1000(71%)
Task: 8,	 Epoch: 29/80,	 Avg.loss: 0.0008,	 Test Accuracy: 726/1000(73%)
Task: 8,	 Epoch: 30/80,	 Avg.loss: 0.0008,	 Test Accuracy: 734/1000(73%)
Task: 8,	 Epoch: 31/80,	 Avg.loss: 0.0008,	 Test Accuracy: 741/1000(74%)
Task: 8,	 Epoch: 32/80,	 Avg.loss: 0.0008,	 Test Accuracy: 751/1000(75%)
Task: 8,	 Epoch: 33/80,	 Avg.loss: 0.0008,	 Test Accuracy: 734/1000(73%)
Task: 8,	 Epoch: 34/80,	 Avg.loss: 0.0007,	 Test Accuracy: 745/1000(74%)
Task: 8,	 Epoch: 35/80,	 Avg.loss: 0.0008,	 Test Accuracy: 702/1000(70%)
Task: 8,	 Epoch: 36/80,	 Avg.loss: 0.0008,	 Test Accuracy: 747/1000(75%)
Task: 8,	 Epoch: 37/80,	 Avg.loss: 0.0008,	 Test Accuracy: 728/1000(73%)
Task: 8,	 Epoch: 38/80,	 Avg.loss: 0.0008,	 Test Accuracy: 748/1000(75%)
Task: 8,	 Epoch: 39/80,	 Avg.loss: 0.0007,	 Test Accuracy: 760/1000(76%)
Task: 8,	 Epoch: 40/80,	 Avg.loss: 0.0009,	 Test Accuracy: 702/1000(70%)
Task: 8,	 Epoch: 41/80,	 Avg.loss: 0.0008,	 Test Accuracy: 742/1000(74%)
Task: 8,	 Epoch: 42/80,	 Avg.loss: 0.0007,	 Test Accuracy: 751/1000(75%)
Task: 8,	 Epoch: 43/80,	 Avg.loss: 0.0008,	 Test Accuracy: 739/1000(74%)
Task: 8,	 Epoch: 44/80,	 Avg.loss: 0.0008,	 Test Accuracy: 746/1000(75%)
Task: 8,	 Epoch: 45/80,	 Avg.loss: 0.0007,	 Test Accuracy: 745/1000(74%)
Task: 8,	 Epoch: 46/80,	 Avg.loss: 0.0008,	 Test Accuracy: 739/1000(74%)
Task: 8,	 Epoch: 47/80,	 Avg.loss: 0.0007,	 Test Accuracy: 752/1000(75%)
Task: 8,	 Epoch: 48/80,	 Avg.loss: 0.0008,	 Test Accuracy: 760/1000(76%)
Task: 8,	 Epoch: 49/80,	 Avg.loss: 0.0007,	 Test Accuracy: 754/1000(75%)
Task: 8,	 Epoch: 50/80,	 Avg.loss: 0.0007,	 Test Accuracy: 754/1000(75%)
Task: 8,	 Epoch: 51/80,	 Avg.loss: 0.0007,	 Test Accuracy: 757/1000(76%)
Task: 8,	 Epoch: 52/80,	 Avg.loss: 0.0007,	 Test Accuracy: 761/1000(76%)
Task: 8,	 Epoch: 53/80,	 Avg.loss: 0.0007,	 Test Accuracy: 761/1000(76%)
Task: 8,	 Epoch: 54/80,	 Avg.loss: 0.0007,	 Test Accuracy: 759/1000(76%)
Task: 8,	 Epoch: 55/80,	 Avg.loss: 0.0007,	 Test Accuracy: 762/1000(76%)
Task: 8,	 Epoch: 56/80,	 Avg.loss: 0.0007,	 Test Accuracy: 767/1000(77%)
Task: 8,	 Epoch: 57/80,	 Avg.loss: 0.0007,	 Test Accuracy: 765/1000(76%)
Task: 8,	 Epoch: 58/80,	 Avg.loss: 0.0007,	 Test Accuracy: 764/1000(76%)
Task: 8,	 Epoch: 59/80,	 Avg.loss: 0.0007,	 Test Accuracy: 767/1000(77%)
Task: 8,	 Epoch: 60/80,	 Avg.loss: 0.0007,	 Test Accuracy: 766/1000(77%)
Task: 8,	 Epoch: 61/80,	 Avg.loss: 0.0007,	 Test Accuracy: 764/1000(76%)
Task: 8,	 Epoch: 62/80,	 Avg.loss: 0.0007,	 Test Accuracy: 761/1000(76%)
Task: 8,	 Epoch: 63/80,	 Avg.loss: 0.0007,	 Test Accuracy: 762/1000(76%)
Task: 8,	 Epoch: 64/80,	 Avg.loss: 0.0007,	 Test Accuracy: 761/1000(76%)
Task: 8,	 Epoch: 65/80,	 Avg.loss: 0.0007,	 Test Accuracy: 763/1000(76%)
Task: 8,	 Epoch: 66/80,	 Avg.loss: 0.0007,	 Test Accuracy: 759/1000(76%)
Task: 8,	 Epoch: 67/80,	 Avg.loss: 0.0007,	 Test Accuracy: 763/1000(76%)
Task: 8,	 Epoch: 68/80,	 Avg.loss: 0.0007,	 Test Accuracy: 768/1000(77%)
Task: 8,	 Epoch: 69/80,	 Avg.loss: 0.0007,	 Test Accuracy: 770/1000(77%)
Task: 8,	 Epoch: 70/80,	 Avg.loss: 0.0007,	 Test Accuracy: 763/1000(76%)
Task: 8,	 Epoch: 71/80,	 Avg.loss: 0.0007,	 Test Accuracy: 766/1000(77%)
Task: 8,	 Epoch: 72/80,	 Avg.loss: 0.0007,	 Test Accuracy: 761/1000(76%)
Task: 8,	 Epoch: 73/80,	 Avg.loss: 0.0007,	 Test Accuracy: 763/1000(76%)
Task: 8,	 Epoch: 74/80,	 Avg.loss: 0.0007,	 Test Accuracy: 765/1000(76%)
Task: 8,	 Epoch: 75/80,	 Avg.loss: 0.0007,	 Test Accuracy: 763/1000(76%)
Task: 8,	 Epoch: 76/80,	 Avg.loss: 0.0007,	 Test Accuracy: 757/1000(76%)
Task: 8,	 Epoch: 77/80,	 Avg.loss: 0.0007,	 Test Accuracy: 758/1000(76%)
Task: 8,	 Epoch: 78/80,	 Avg.loss: 0.0007,	 Test Accuracy: 768/1000(77%)
Task: 8,	 Epoch: 79/80,	 Avg.loss: 0.0007,	 Test Accuracy: 772/1000(77%)
Trained Task:8, Loaded task:0, Accuracy:85.3%
Trained Task:8, Loaded task:1, Accuracy:78.9%
Trained Task:8, Loaded task:2, Accuracy:78.5%
Trained Task:8, Loaded task:3, Accuracy:73.9%
Trained Task:8, Loaded task:4, Accuracy:77.2%
Trained Task:8, Loaded task:5, Accuracy:75.2%
Trained Task:8, Loaded task:6, Accuracy:76.4%
Trained Task:8, Loaded task:7, Accuracy:71.3%
Trained Task:8, Loaded task:8, Accuracy:77.2%
Trained Task:8, Avg. Accuracy: 77.1 

List of avg. accuracy: [88.2, 82.9, 81.3, 79.9, 79.0, 78.4, 78.2, 77.1, 77.1]
Layer        : conv1_layer.2.weight
R.histogram  : tensor([7., 5., 9., 6., 2., 1., 1., 0., 0., 1.], device='cuda:0')
R_sum max/min: 74.2/2.0
F.num_zeros  : 0/9216
W.num_zeros  : 0/9216
O.num_zeros  : 0/9216
Layer        : conv2_layer.2.weight
R.histogram  : tensor([41.,  7.,  9.,  3.,  2.,  0.,  0.,  1.,  0.,  1.], device='cuda:0')
R_sum max/min: 134.9/0.0
F.num_zeros  : 4032/36864
W.num_zeros  : 0/36864
O.num_zeros  : 16128/36864
Layer        : fc1_layer.1.weight
R.histogram  : tensor([376.,  40.,  33.,  22.,  17.,  13.,   5.,   3.,   2.,   1.],
       device='cuda:0')
R_sum max/min: 472.1/0.0
F.num_zeros  : 968690/2097152
W.num_zeros  : 0/2097152
O.num_zeros  : 1502434/2097152
Mask histogram
conv1_layer.2.weight: 	 tensor([   0.,    0.,    0.,    0.,    0.,    0.,    0.,    0.,    0.,    0.,
        8192.], device='cuda:0')
conv2_layer.2.weight: 	 tensor([1792.,    0.,   64.,  128.,  128.,  448.,  320.,  128.,  256.,  448.,
         384.], device='cuda:0')
fc1_layer.1.weight: 	 tensor([243.,  11.,   9.,  13.,  18.,  12.,  14.,  17.,  39.,  35., 101.],
       device='cuda:0')
Task: 9,	 Epoch: 0/80,	 Avg.loss: 0.0011,	 Test Accuracy: 675/1000(68%)
Task: 9,	 Epoch: 1/80,	 Avg.loss: 0.0008,	 Test Accuracy: 728/1000(73%)
Task: 9,	 Epoch: 2/80,	 Avg.loss: 0.0008,	 Test Accuracy: 737/1000(74%)
Task: 9,	 Epoch: 3/80,	 Avg.loss: 0.0007,	 Test Accuracy: 759/1000(76%)
Task: 9,	 Epoch: 4/80,	 Avg.loss: 0.0007,	 Test Accuracy: 774/1000(77%)
Task: 9,	 Epoch: 5/80,	 Avg.loss: 0.0007,	 Test Accuracy: 769/1000(77%)
Task: 9,	 Epoch: 6/80,	 Avg.loss: 0.0007,	 Test Accuracy: 777/1000(78%)
Task: 9,	 Epoch: 7/80,	 Avg.loss: 0.0007,	 Test Accuracy: 781/1000(78%)
Task: 9,	 Epoch: 8/80,	 Avg.loss: 0.0007,	 Test Accuracy: 776/1000(78%)
Task: 9,	 Epoch: 9/80,	 Avg.loss: 0.0007,	 Test Accuracy: 787/1000(79%)
Task: 9,	 Epoch: 10/80,	 Avg.loss: 0.0006,	 Test Accuracy: 790/1000(79%)
Task: 9,	 Epoch: 11/80,	 Avg.loss: 0.0007,	 Test Accuracy: 773/1000(77%)
Task: 9,	 Epoch: 12/80,	 Avg.loss: 0.0007,	 Test Accuracy: 790/1000(79%)
Task: 9,	 Epoch: 13/80,	 Avg.loss: 0.0007,	 Test Accuracy: 782/1000(78%)
Task: 9,	 Epoch: 14/80,	 Avg.loss: 0.0007,	 Test Accuracy: 754/1000(75%)
Task: 9,	 Epoch: 15/80,	 Avg.loss: 0.0007,	 Test Accuracy: 781/1000(78%)
Task: 9,	 Epoch: 16/80,	 Avg.loss: 0.0007,	 Test Accuracy: 772/1000(77%)
Task: 9,	 Epoch: 17/80,	 Avg.loss: 0.0006,	 Test Accuracy: 792/1000(79%)
Task: 9,	 Epoch: 18/80,	 Avg.loss: 0.0006,	 Test Accuracy: 769/1000(77%)
Task: 9,	 Epoch: 19/80,	 Avg.loss: 0.0006,	 Test Accuracy: 787/1000(79%)
Task: 9,	 Epoch: 20/80,	 Avg.loss: 0.0006,	 Test Accuracy: 779/1000(78%)
Task: 9,	 Epoch: 21/80,	 Avg.loss: 0.0006,	 Test Accuracy: 795/1000(80%)
Task: 9,	 Epoch: 22/80,	 Avg.loss: 0.0006,	 Test Accuracy: 795/1000(80%)
Task: 9,	 Epoch: 23/80,	 Avg.loss: 0.0007,	 Test Accuracy: 788/1000(79%)
Task: 9,	 Epoch: 24/80,	 Avg.loss: 0.0006,	 Test Accuracy: 790/1000(79%)
Task: 9,	 Epoch: 25/80,	 Avg.loss: 0.0006,	 Test Accuracy: 805/1000(81%)
Task: 9,	 Epoch: 26/80,	 Avg.loss: 0.0006,	 Test Accuracy: 782/1000(78%)
Task: 9,	 Epoch: 27/80,	 Avg.loss: 0.0007,	 Test Accuracy: 788/1000(79%)
Task: 9,	 Epoch: 28/80,	 Avg.loss: 0.0006,	 Test Accuracy: 783/1000(78%)
Task: 9,	 Epoch: 29/80,	 Avg.loss: 0.0006,	 Test Accuracy: 787/1000(79%)
Task: 9,	 Epoch: 30/80,	 Avg.loss: 0.0006,	 Test Accuracy: 793/1000(79%)
Task: 9,	 Epoch: 31/80,	 Avg.loss: 0.0006,	 Test Accuracy: 782/1000(78%)
Task: 9,	 Epoch: 32/80,	 Avg.loss: 0.0006,	 Test Accuracy: 791/1000(79%)
Task: 9,	 Epoch: 33/80,	 Avg.loss: 0.0007,	 Test Accuracy: 775/1000(78%)
Task: 9,	 Epoch: 34/80,	 Avg.loss: 0.0006,	 Test Accuracy: 792/1000(79%)
Task: 9,	 Epoch: 35/80,	 Avg.loss: 0.0006,	 Test Accuracy: 791/1000(79%)
Task: 9,	 Epoch: 36/80,	 Avg.loss: 0.0006,	 Test Accuracy: 785/1000(78%)
Task: 9,	 Epoch: 37/80,	 Avg.loss: 0.0006,	 Test Accuracy: 790/1000(79%)
Task: 9,	 Epoch: 38/80,	 Avg.loss: 0.0007,	 Test Accuracy: 787/1000(79%)
Task: 9,	 Epoch: 39/80,	 Avg.loss: 0.0007,	 Test Accuracy: 779/1000(78%)
Task: 9,	 Epoch: 40/80,	 Avg.loss: 0.0006,	 Test Accuracy: 793/1000(79%)
Task: 9,	 Epoch: 41/80,	 Avg.loss: 0.0006,	 Test Accuracy: 789/1000(79%)
Task: 9,	 Epoch: 42/80,	 Avg.loss: 0.0006,	 Test Accuracy: 800/1000(80%)
Task: 9,	 Epoch: 43/80,	 Avg.loss: 0.0006,	 Test Accuracy: 803/1000(80%)
Task: 9,	 Epoch: 44/80,	 Avg.loss: 0.0006,	 Test Accuracy: 793/1000(79%)
Task: 9,	 Epoch: 45/80,	 Avg.loss: 0.0006,	 Test Accuracy: 784/1000(78%)
Task: 9,	 Epoch: 46/80,	 Avg.loss: 0.0006,	 Test Accuracy: 791/1000(79%)
Task: 9,	 Epoch: 47/80,	 Avg.loss: 0.0007,	 Test Accuracy: 787/1000(79%)
Task: 9,	 Epoch: 48/80,	 Avg.loss: 0.0007,	 Test Accuracy: 772/1000(77%)
Task: 9,	 Epoch: 49/80,	 Avg.loss: 0.0007,	 Test Accuracy: 791/1000(79%)
Task: 9,	 Epoch: 50/80,	 Avg.loss: 0.0006,	 Test Accuracy: 793/1000(79%)
Task: 9,	 Epoch: 51/80,	 Avg.loss: 0.0006,	 Test Accuracy: 794/1000(79%)
Task: 9,	 Epoch: 52/80,	 Avg.loss: 0.0006,	 Test Accuracy: 793/1000(79%)
Task: 9,	 Epoch: 53/80,	 Avg.loss: 0.0006,	 Test Accuracy: 795/1000(80%)
Task: 9,	 Epoch: 54/80,	 Avg.loss: 0.0006,	 Test Accuracy: 794/1000(79%)
Task: 9,	 Epoch: 55/80,	 Avg.loss: 0.0006,	 Test Accuracy: 802/1000(80%)
Task: 9,	 Epoch: 56/80,	 Avg.loss: 0.0006,	 Test Accuracy: 799/1000(80%)
Task: 9,	 Epoch: 57/80,	 Avg.loss: 0.0006,	 Test Accuracy: 799/1000(80%)
Task: 9,	 Epoch: 58/80,	 Avg.loss: 0.0006,	 Test Accuracy: 801/1000(80%)
Task: 9,	 Epoch: 59/80,	 Avg.loss: 0.0006,	 Test Accuracy: 802/1000(80%)
Task: 9,	 Epoch: 60/80,	 Avg.loss: 0.0006,	 Test Accuracy: 799/1000(80%)
Task: 9,	 Epoch: 61/80,	 Avg.loss: 0.0006,	 Test Accuracy: 801/1000(80%)
Task: 9,	 Epoch: 62/80,	 Avg.loss: 0.0006,	 Test Accuracy: 799/1000(80%)
Task: 9,	 Epoch: 63/80,	 Avg.loss: 0.0006,	 Test Accuracy: 803/1000(80%)
Task: 9,	 Epoch: 64/80,	 Avg.loss: 0.0006,	 Test Accuracy: 798/1000(80%)
Task: 9,	 Epoch: 65/80,	 Avg.loss: 0.0006,	 Test Accuracy: 806/1000(81%)
Task: 9,	 Epoch: 66/80,	 Avg.loss: 0.0006,	 Test Accuracy: 793/1000(79%)
Task: 9,	 Epoch: 67/80,	 Avg.loss: 0.0006,	 Test Accuracy: 801/1000(80%)
Task: 9,	 Epoch: 68/80,	 Avg.loss: 0.0006,	 Test Accuracy: 794/1000(79%)
Task: 9,	 Epoch: 69/80,	 Avg.loss: 0.0006,	 Test Accuracy: 797/1000(80%)
Task: 9,	 Epoch: 70/80,	 Avg.loss: 0.0006,	 Test Accuracy: 791/1000(79%)
Task: 9,	 Epoch: 71/80,	 Avg.loss: 0.0006,	 Test Accuracy: 791/1000(79%)
Task: 9,	 Epoch: 72/80,	 Avg.loss: 0.0006,	 Test Accuracy: 802/1000(80%)
Task: 9,	 Epoch: 73/80,	 Avg.loss: 0.0006,	 Test Accuracy: 798/1000(80%)
Task: 9,	 Epoch: 74/80,	 Avg.loss: 0.0006,	 Test Accuracy: 801/1000(80%)
Task: 9,	 Epoch: 75/80,	 Avg.loss: 0.0006,	 Test Accuracy: 806/1000(81%)
Task: 9,	 Epoch: 76/80,	 Avg.loss: 0.0006,	 Test Accuracy: 799/1000(80%)
Task: 9,	 Epoch: 77/80,	 Avg.loss: 0.0006,	 Test Accuracy: 798/1000(80%)
Task: 9,	 Epoch: 78/80,	 Avg.loss: 0.0006,	 Test Accuracy: 802/1000(80%)
Task: 9,	 Epoch: 79/80,	 Avg.loss: 0.0006,	 Test Accuracy: 799/1000(80%)
Trained Task:9, Loaded task:0, Accuracy:85.6%
Trained Task:9, Loaded task:1, Accuracy:78.5%
Trained Task:9, Loaded task:2, Accuracy:77.6%
Trained Task:9, Loaded task:3, Accuracy:73.3%
Trained Task:9, Loaded task:4, Accuracy:76.9%
Trained Task:9, Loaded task:5, Accuracy:74.3%
Trained Task:9, Loaded task:6, Accuracy:76.5%
Trained Task:9, Loaded task:7, Accuracy:70.5%
Trained Task:9, Loaded task:8, Accuracy:76.7%
Trained Task:9, Loaded task:9, Accuracy:79.9%
Trained Task:9, Avg. Accuracy: 77.0 

List of avg. accuracy: [88.2, 82.9, 81.3, 79.9, 79.0, 78.4, 78.2, 77.1, 77.1, 77.0]
