Layer        : conv1_layer.2.weight
R.histogram  : tensor([5., 5., 6., 5., 3., 0., 3., 1., 1., 3.], device='cuda:0')
R_sum max/min: 1599.7/317.2
F max  		: 0.4034392535686493
O masx 		: 0.0
Layer        : conv2_layer.2.weight
R.histogram  : tensor([11., 11., 10.,  9.,  4.,  3.,  6.,  1.,  5.,  4.], device='cuda:0')
R_sum max/min: 2057.5/576.0
F max  		: 0.18255668878555298
O masx 		: 0.0
Layer        : fc1_layer.1.weight
R.histogram  : tensor([305., 131.,  47.,  17.,   5.,   1.,   3.,   1.,   1.,   1.],
       device='cuda:0')
R_sum max/min: 21640.9/4096.0
F max  		: 0.009840338490903378
O masx 		: 0.0
Mask histogram
conv1_layer.2.weight: 	 tensor([   0., 8192.,    0.,    0.,    0.,    0.,    0.,    0.,    0.,    0.,
           0.], device='cuda:0')
conv2_layer.2.weight: 	 tensor([2496., 1600.,    0.,    0.,    0.,    0.,    0.,    0.,    0.,    0.,
           0.], device='cuda:0')
fc1_layer.1.weight: 	 tensor([308., 204.,   0.,   0.,   0.,   0.,   0.,   0.,   0.,   0.,   0.],
       device='cuda:0')
Head Finetuning    :Task: 0,	 Epoch: 0/40,	 Avg.loss: 0.0014,	 Test Accuracy: 527/1000(53%)
Head Finetuning    :Task: 0,	 Epoch: 1/40,	 Avg.loss: 0.0012,	 Test Accuracy: 597/1000(60%)
Head Finetuning    :Task: 0,	 Epoch: 2/40,	 Avg.loss: 0.0011,	 Test Accuracy: 618/1000(62%)
Head Finetuning    :Task: 0,	 Epoch: 3/40,	 Avg.loss: 0.0011,	 Test Accuracy: 628/1000(63%)
Head Finetuning    :Task: 0,	 Epoch: 4/40,	 Avg.loss: 0.0010,	 Test Accuracy: 644/1000(64%)
Task: 0,	 Epoch: 0/40,	 Avg.loss: 0.0008,	 Test Accuracy: 723/1000(72%)
Task: 0,	 Epoch: 1/40,	 Avg.loss: 0.0007,	 Test Accuracy: 746/1000(75%)
Task: 0,	 Epoch: 2/40,	 Avg.loss: 0.0007,	 Test Accuracy: 749/1000(75%)
Task: 0,	 Epoch: 3/40,	 Avg.loss: 0.0006,	 Test Accuracy: 773/1000(77%)
Task: 0,	 Epoch: 4/40,	 Avg.loss: 0.0006,	 Test Accuracy: 800/1000(80%)
Task: 0,	 Epoch: 5/40,	 Avg.loss: 0.0006,	 Test Accuracy: 797/1000(80%)
Task: 0,	 Epoch: 6/40,	 Avg.loss: 0.0006,	 Test Accuracy: 813/1000(81%)
Task: 0,	 Epoch: 7/40,	 Avg.loss: 0.0006,	 Test Accuracy: 819/1000(82%)
Task: 0,	 Epoch: 8/40,	 Avg.loss: 0.0006,	 Test Accuracy: 804/1000(80%)
Task: 0,	 Epoch: 9/40,	 Avg.loss: 0.0006,	 Test Accuracy: 817/1000(82%)
Task: 0,	 Epoch: 10/40,	 Avg.loss: 0.0006,	 Test Accuracy: 814/1000(81%)
Task: 0,	 Epoch: 11/40,	 Avg.loss: 0.0006,	 Test Accuracy: 825/1000(83%)
Task: 0,	 Epoch: 12/40,	 Avg.loss: 0.0005,	 Test Accuracy: 829/1000(83%)
Task: 0,	 Epoch: 13/40,	 Avg.loss: 0.0006,	 Test Accuracy: 829/1000(83%)
Task: 0,	 Epoch: 14/40,	 Avg.loss: 0.0006,	 Test Accuracy: 828/1000(83%)
Task: 0,	 Epoch: 15/40,	 Avg.loss: 0.0006,	 Test Accuracy: 823/1000(82%)
Task: 0,	 Epoch: 16/40,	 Avg.loss: 0.0005,	 Test Accuracy: 828/1000(83%)
Task: 0,	 Epoch: 17/40,	 Avg.loss: 0.0005,	 Test Accuracy: 843/1000(84%)
Task: 0,	 Epoch: 18/40,	 Avg.loss: 0.0006,	 Test Accuracy: 816/1000(82%)
Task: 0,	 Epoch: 19/40,	 Avg.loss: 0.0005,	 Test Accuracy: 840/1000(84%)
Task: 0,	 Epoch: 20/40,	 Avg.loss: 0.0005,	 Test Accuracy: 849/1000(85%)
Task: 0,	 Epoch: 21/40,	 Avg.loss: 0.0005,	 Test Accuracy: 848/1000(85%)
Task: 0,	 Epoch: 22/40,	 Avg.loss: 0.0005,	 Test Accuracy: 852/1000(85%)
Task: 0,	 Epoch: 23/40,	 Avg.loss: 0.0005,	 Test Accuracy: 851/1000(85%)
Task: 0,	 Epoch: 24/40,	 Avg.loss: 0.0005,	 Test Accuracy: 851/1000(85%)
Task: 0,	 Epoch: 25/40,	 Avg.loss: 0.0005,	 Test Accuracy: 847/1000(85%)
Task: 0,	 Epoch: 26/40,	 Avg.loss: 0.0005,	 Test Accuracy: 853/1000(85%)
Task: 0,	 Epoch: 27/40,	 Avg.loss: 0.0005,	 Test Accuracy: 850/1000(85%)
Task: 0,	 Epoch: 28/40,	 Avg.loss: 0.0005,	 Test Accuracy: 846/1000(85%)
Task: 0,	 Epoch: 29/40,	 Avg.loss: 0.0005,	 Test Accuracy: 853/1000(85%)
Task: 0,	 Epoch: 30/40,	 Avg.loss: 0.0005,	 Test Accuracy: 850/1000(85%)
Task: 0,	 Epoch: 31/40,	 Avg.loss: 0.0005,	 Test Accuracy: 856/1000(86%)
Task: 0,	 Epoch: 32/40,	 Avg.loss: 0.0005,	 Test Accuracy: 852/1000(85%)
Task: 0,	 Epoch: 33/40,	 Avg.loss: 0.0005,	 Test Accuracy: 854/1000(85%)
Task: 0,	 Epoch: 34/40,	 Avg.loss: 0.0005,	 Test Accuracy: 843/1000(84%)
Task: 0,	 Epoch: 35/40,	 Avg.loss: 0.0005,	 Test Accuracy: 854/1000(85%)
Task: 0,	 Epoch: 36/40,	 Avg.loss: 0.0005,	 Test Accuracy: 851/1000(85%)
Task: 0,	 Epoch: 37/40,	 Avg.loss: 0.0005,	 Test Accuracy: 854/1000(85%)
Task: 0,	 Epoch: 38/40,	 Avg.loss: 0.0005,	 Test Accuracy: 847/1000(85%)
Task: 0,	 Epoch: 39/40,	 Avg.loss: 0.0005,	 Test Accuracy: 852/1000(85%)
Trained Task:0, Loaded task:0, Accuracy:85.2%
Trained Task:0, Avg. Accuracy: 85.2 

List of avg. accuracy: [85.2]
Layer        : conv1_layer.2.weight
R.histogram  : tensor([5., 9., 5., 4., 5., 3., 0., 0., 0., 1.], device='cuda:0')
R_sum max/min: 116.5/19.1
F max  		: 1.928644061088562
O masx 		: 12.536909103393555
Layer        : conv2_layer.2.weight
R.histogram  : tensor([25.,  0.,  7., 17.,  9.,  4.,  1.,  0.,  0.,  1.], device='cuda:0')
R_sum max/min: 2079.0/26.2
F max  		: 0.6095659136772156
O masx 		: 3.8862414360046387
Layer        : fc1_layer.1.weight
R.histogram  : tensor([ 66.,  59., 282.,  54.,  30.,  13.,   6.,   0.,   0.,   2.],
       device='cuda:0')
R_sum max/min: 8648.3/2826.4
F max  		: 0.03594709932804108
O masx 		: 0.2743043303489685
Mask histogram
conv1_layer.2.weight: 	 tensor([   0.,    0., 8192.,    0.,    0.,    0.,    0.,    0.,    0.,    0.,
           0.], device='cuda:0')
conv2_layer.2.weight: 	 tensor([ 896., 3200.,    0.,    0.,    0.,    0.,    0.,    0.,    0.,    0.,
           0.], device='cuda:0')
fc1_layer.1.weight: 	 tensor([175., 266.,  71.,   0.,   0.,   0.,   0.,   0.,   0.,   0.,   0.],
       device='cuda:0')
Head Finetuning    :Task: 1,	 Epoch: 0/40,	 Avg.loss: 0.0025,	 Test Accuracy: 86/1000(9%)
Head Finetuning    :Task: 1,	 Epoch: 1/40,	 Avg.loss: 0.0025,	 Test Accuracy: 97/1000(10%)
Head Finetuning    :Task: 1,	 Epoch: 2/40,	 Avg.loss: 0.0024,	 Test Accuracy: 113/1000(11%)
Head Finetuning    :Task: 1,	 Epoch: 3/40,	 Avg.loss: 0.0024,	 Test Accuracy: 122/1000(12%)
Head Finetuning    :Task: 1,	 Epoch: 4/40,	 Avg.loss: 0.0024,	 Test Accuracy: 131/1000(13%)
Task: 1,	 Epoch: 0/40,	 Avg.loss: 0.0010,	 Test Accuracy: 667/1000(67%)
Task: 1,	 Epoch: 1/40,	 Avg.loss: 0.0009,	 Test Accuracy: 710/1000(71%)
Task: 1,	 Epoch: 2/40,	 Avg.loss: 0.0008,	 Test Accuracy: 698/1000(70%)
Task: 1,	 Epoch: 3/40,	 Avg.loss: 0.0008,	 Test Accuracy: 739/1000(74%)
Task: 1,	 Epoch: 4/40,	 Avg.loss: 0.0007,	 Test Accuracy: 755/1000(76%)
Task: 1,	 Epoch: 5/40,	 Avg.loss: 0.0007,	 Test Accuracy: 761/1000(76%)
Task: 1,	 Epoch: 6/40,	 Avg.loss: 0.0008,	 Test Accuracy: 739/1000(74%)
Task: 1,	 Epoch: 7/40,	 Avg.loss: 0.0007,	 Test Accuracy: 751/1000(75%)
Task: 1,	 Epoch: 8/40,	 Avg.loss: 0.0007,	 Test Accuracy: 783/1000(78%)
Task: 1,	 Epoch: 9/40,	 Avg.loss: 0.0007,	 Test Accuracy: 777/1000(78%)
Task: 1,	 Epoch: 10/40,	 Avg.loss: 0.0007,	 Test Accuracy: 769/1000(77%)
Task: 1,	 Epoch: 11/40,	 Avg.loss: 0.0007,	 Test Accuracy: 779/1000(78%)
Task: 1,	 Epoch: 12/40,	 Avg.loss: 0.0007,	 Test Accuracy: 761/1000(76%)
Task: 1,	 Epoch: 13/40,	 Avg.loss: 0.0007,	 Test Accuracy: 775/1000(78%)
Task: 1,	 Epoch: 14/40,	 Avg.loss: 0.0007,	 Test Accuracy: 768/1000(77%)
Task: 1,	 Epoch: 15/40,	 Avg.loss: 0.0007,	 Test Accuracy: 768/1000(77%)
Task: 1,	 Epoch: 16/40,	 Avg.loss: 0.0007,	 Test Accuracy: 786/1000(79%)
Task: 1,	 Epoch: 17/40,	 Avg.loss: 0.0007,	 Test Accuracy: 771/1000(77%)
Task: 1,	 Epoch: 18/40,	 Avg.loss: 0.0007,	 Test Accuracy: 779/1000(78%)
Task: 1,	 Epoch: 19/40,	 Avg.loss: 0.0008,	 Test Accuracy: 744/1000(74%)
Task: 1,	 Epoch: 20/40,	 Avg.loss: 0.0006,	 Test Accuracy: 781/1000(78%)
Task: 1,	 Epoch: 21/40,	 Avg.loss: 0.0006,	 Test Accuracy: 787/1000(79%)
Task: 1,	 Epoch: 22/40,	 Avg.loss: 0.0006,	 Test Accuracy: 790/1000(79%)
Task: 1,	 Epoch: 23/40,	 Avg.loss: 0.0006,	 Test Accuracy: 791/1000(79%)
Task: 1,	 Epoch: 24/40,	 Avg.loss: 0.0006,	 Test Accuracy: 795/1000(80%)
Task: 1,	 Epoch: 25/40,	 Avg.loss: 0.0006,	 Test Accuracy: 800/1000(80%)
Task: 1,	 Epoch: 26/40,	 Avg.loss: 0.0006,	 Test Accuracy: 799/1000(80%)
Task: 1,	 Epoch: 27/40,	 Avg.loss: 0.0006,	 Test Accuracy: 804/1000(80%)
Task: 1,	 Epoch: 28/40,	 Avg.loss: 0.0006,	 Test Accuracy: 797/1000(80%)
Task: 1,	 Epoch: 29/40,	 Avg.loss: 0.0006,	 Test Accuracy: 802/1000(80%)
Task: 1,	 Epoch: 30/40,	 Avg.loss: 0.0006,	 Test Accuracy: 800/1000(80%)
Task: 1,	 Epoch: 31/40,	 Avg.loss: 0.0006,	 Test Accuracy: 797/1000(80%)
Task: 1,	 Epoch: 32/40,	 Avg.loss: 0.0006,	 Test Accuracy: 798/1000(80%)
Task: 1,	 Epoch: 33/40,	 Avg.loss: 0.0006,	 Test Accuracy: 796/1000(80%)
Task: 1,	 Epoch: 34/40,	 Avg.loss: 0.0006,	 Test Accuracy: 800/1000(80%)
Task: 1,	 Epoch: 35/40,	 Avg.loss: 0.0006,	 Test Accuracy: 802/1000(80%)
Task: 1,	 Epoch: 36/40,	 Avg.loss: 0.0006,	 Test Accuracy: 794/1000(79%)
Task: 1,	 Epoch: 37/40,	 Avg.loss: 0.0006,	 Test Accuracy: 798/1000(80%)
Task: 1,	 Epoch: 38/40,	 Avg.loss: 0.0006,	 Test Accuracy: 799/1000(80%)
Task: 1,	 Epoch: 39/40,	 Avg.loss: 0.0006,	 Test Accuracy: 800/1000(80%)
Trained Task:1, Loaded task:0, Accuracy:85.1%
Trained Task:1, Loaded task:1, Accuracy:80.0%
Trained Task:1, Avg. Accuracy: 82.6 

List of avg. accuracy: [85.2, 82.6]
Layer        : conv1_layer.2.weight
R.histogram  : tensor([ 5., 13.,  5.,  3.,  4.,  1.,  0.,  0.,  0.,  1.], device='cuda:0')
R_sum max/min: 82.0/17.3
F max  		: 2.2816896438598633
O masx 		: 16.522010803222656
Layer        : conv2_layer.2.weight
R.histogram  : tensor([43.,  6.,  1.,  0.,  0.,  7.,  0.,  2.,  2.,  3.], device='cuda:0')
R_sum max/min: 996.9/26.5
F max  		: 0.5518575310707092
O masx 		: 3.8862414360046387
Layer        : fc1_layer.1.weight
R.histogram  : tensor([ 40.,  22.,  46., 108.,  57., 221.,   7.,   6.,   2.,   3.],
       device='cuda:0')
R_sum max/min: 6694.0/1384.8
F max  		: 0.04936450719833374
O masx 		: 0.30916398763656616
Mask histogram
conv1_layer.2.weight: 	 tensor([   0.,    0.,    0., 8192.,    0.,    0.,    0.,    0.,    0.,    0.,
           0.], device='cuda:0')
conv2_layer.2.weight: 	 tensor([   0., 3392.,  704.,    0.,    0.,    0.,    0.,    0.,    0.,    0.,
           0.], device='cuda:0')
fc1_layer.1.weight: 	 tensor([ 29., 354., 129.,   0.,   0.,   0.,   0.,   0.,   0.,   0.,   0.],
       device='cuda:0')
Head Finetuning    :Task: 2,	 Epoch: 0/40,	 Avg.loss: 0.0024,	 Test Accuracy: 94/1000(9%)
Head Finetuning    :Task: 2,	 Epoch: 1/40,	 Avg.loss: 0.0024,	 Test Accuracy: 100/1000(10%)
Head Finetuning    :Task: 2,	 Epoch: 2/40,	 Avg.loss: 0.0024,	 Test Accuracy: 100/1000(10%)
Head Finetuning    :Task: 2,	 Epoch: 3/40,	 Avg.loss: 0.0023,	 Test Accuracy: 105/1000(11%)
Head Finetuning    :Task: 2,	 Epoch: 4/40,	 Avg.loss: 0.0023,	 Test Accuracy: 110/1000(11%)
Task: 2,	 Epoch: 0/40,	 Avg.loss: 0.0011,	 Test Accuracy: 647/1000(65%)
Task: 2,	 Epoch: 1/40,	 Avg.loss: 0.0009,	 Test Accuracy: 713/1000(71%)
Task: 2,	 Epoch: 2/40,	 Avg.loss: 0.0008,	 Test Accuracy: 739/1000(74%)
Task: 2,	 Epoch: 3/40,	 Avg.loss: 0.0008,	 Test Accuracy: 751/1000(75%)
Task: 2,	 Epoch: 4/40,	 Avg.loss: 0.0007,	 Test Accuracy: 758/1000(76%)
Task: 2,	 Epoch: 5/40,	 Avg.loss: 0.0007,	 Test Accuracy: 759/1000(76%)
Task: 2,	 Epoch: 6/40,	 Avg.loss: 0.0007,	 Test Accuracy: 775/1000(78%)
Task: 2,	 Epoch: 7/40,	 Avg.loss: 0.0007,	 Test Accuracy: 776/1000(78%)
Task: 2,	 Epoch: 8/40,	 Avg.loss: 0.0007,	 Test Accuracy: 786/1000(79%)
Task: 2,	 Epoch: 9/40,	 Avg.loss: 0.0006,	 Test Accuracy: 797/1000(80%)
Task: 2,	 Epoch: 10/40,	 Avg.loss: 0.0007,	 Test Accuracy: 779/1000(78%)
Task: 2,	 Epoch: 11/40,	 Avg.loss: 0.0007,	 Test Accuracy: 781/1000(78%)
Task: 2,	 Epoch: 12/40,	 Avg.loss: 0.0007,	 Test Accuracy: 762/1000(76%)
Task: 2,	 Epoch: 13/40,	 Avg.loss: 0.0006,	 Test Accuracy: 802/1000(80%)
Task: 2,	 Epoch: 14/40,	 Avg.loss: 0.0007,	 Test Accuracy: 793/1000(79%)
Task: 2,	 Epoch: 15/40,	 Avg.loss: 0.0007,	 Test Accuracy: 774/1000(77%)
Task: 2,	 Epoch: 16/40,	 Avg.loss: 0.0006,	 Test Accuracy: 800/1000(80%)
Task: 2,	 Epoch: 17/40,	 Avg.loss: 0.0007,	 Test Accuracy: 788/1000(79%)
Task: 2,	 Epoch: 18/40,	 Avg.loss: 0.0007,	 Test Accuracy: 789/1000(79%)
Task: 2,	 Epoch: 19/40,	 Avg.loss: 0.0006,	 Test Accuracy: 794/1000(79%)
Task: 2,	 Epoch: 20/40,	 Avg.loss: 0.0006,	 Test Accuracy: 810/1000(81%)
Task: 2,	 Epoch: 21/40,	 Avg.loss: 0.0006,	 Test Accuracy: 811/1000(81%)
Task: 2,	 Epoch: 22/40,	 Avg.loss: 0.0006,	 Test Accuracy: 808/1000(81%)
Task: 2,	 Epoch: 23/40,	 Avg.loss: 0.0006,	 Test Accuracy: 804/1000(80%)
Task: 2,	 Epoch: 24/40,	 Avg.loss: 0.0006,	 Test Accuracy: 812/1000(81%)
Task: 2,	 Epoch: 25/40,	 Avg.loss: 0.0006,	 Test Accuracy: 812/1000(81%)
Task: 2,	 Epoch: 26/40,	 Avg.loss: 0.0006,	 Test Accuracy: 814/1000(81%)
Task: 2,	 Epoch: 27/40,	 Avg.loss: 0.0006,	 Test Accuracy: 810/1000(81%)
Task: 2,	 Epoch: 28/40,	 Avg.loss: 0.0006,	 Test Accuracy: 813/1000(81%)
Task: 2,	 Epoch: 29/40,	 Avg.loss: 0.0006,	 Test Accuracy: 808/1000(81%)
Task: 2,	 Epoch: 30/40,	 Avg.loss: 0.0006,	 Test Accuracy: 808/1000(81%)
Task: 2,	 Epoch: 31/40,	 Avg.loss: 0.0006,	 Test Accuracy: 811/1000(81%)
Task: 2,	 Epoch: 32/40,	 Avg.loss: 0.0006,	 Test Accuracy: 808/1000(81%)
Task: 2,	 Epoch: 33/40,	 Avg.loss: 0.0006,	 Test Accuracy: 809/1000(81%)
Task: 2,	 Epoch: 34/40,	 Avg.loss: 0.0006,	 Test Accuracy: 812/1000(81%)
Task: 2,	 Epoch: 35/40,	 Avg.loss: 0.0006,	 Test Accuracy: 813/1000(81%)
Task: 2,	 Epoch: 36/40,	 Avg.loss: 0.0006,	 Test Accuracy: 811/1000(81%)
Task: 2,	 Epoch: 37/40,	 Avg.loss: 0.0006,	 Test Accuracy: 809/1000(81%)
Task: 2,	 Epoch: 38/40,	 Avg.loss: 0.0006,	 Test Accuracy: 811/1000(81%)
Task: 2,	 Epoch: 39/40,	 Avg.loss: 0.0006,	 Test Accuracy: 809/1000(81%)
Trained Task:2, Loaded task:0, Accuracy:83.8%
Trained Task:2, Loaded task:1, Accuracy:79.4%
Trained Task:2, Loaded task:2, Accuracy:80.9%
Trained Task:2, Avg. Accuracy: 81.4 

List of avg. accuracy: [85.2, 82.6, 81.4]
Layer        : conv1_layer.2.weight
R.histogram  : tensor([ 4., 12.,  6.,  1.,  5.,  3.,  0.,  0.,  0.,  1.], device='cuda:0')
R_sum max/min: 72.3/12.6
F max  		: 2.301194429397583
O masx 		: 20.293058395385742
Layer        : conv2_layer.2.weight
R.histogram  : tensor([36., 17.,  3.,  2.,  0.,  0.,  0.,  0.,  0.,  6.], device='cuda:0')
R_sum max/min: 576.0/18.3
F max  		: 0.5655633211135864
O masx 		: 3.8862414360046387
Layer        : fc1_layer.1.weight
R.histogram  : tensor([ 37., 192., 256.,  18.,   4.,   2.,   2.,   0.,   0.,   1.],
       device='cuda:0')
R_sum max/min: 11806.5/1517.2
F max  		: 0.06219472363591194
O masx 		: 0.7962759137153625
Mask histogram
conv1_layer.2.weight: 	 tensor([   0.,    0.,    0.,    0., 8192.,    0.,    0.,    0.,    0.,    0.,
           0.], device='cuda:0')
conv2_layer.2.weight: 	 tensor([   0., 1920., 2048.,  128.,    0.,    0.,    0.,    0.,    0.,    0.,
           0.], device='cuda:0')
fc1_layer.1.weight: 	 tensor([ 16., 205., 262.,  29.,   0.,   0.,   0.,   0.,   0.,   0.,   0.],
       device='cuda:0')
Head Finetuning    :Task: 3,	 Epoch: 0/40,	 Avg.loss: 0.0024,	 Test Accuracy: 150/1000(15%)
Head Finetuning    :Task: 3,	 Epoch: 1/40,	 Avg.loss: 0.0024,	 Test Accuracy: 154/1000(15%)
Head Finetuning    :Task: 3,	 Epoch: 2/40,	 Avg.loss: 0.0023,	 Test Accuracy: 159/1000(16%)
Head Finetuning    :Task: 3,	 Epoch: 3/40,	 Avg.loss: 0.0023,	 Test Accuracy: 160/1000(16%)
Head Finetuning    :Task: 3,	 Epoch: 4/40,	 Avg.loss: 0.0023,	 Test Accuracy: 164/1000(16%)
Task: 3,	 Epoch: 0/40,	 Avg.loss: 0.0012,	 Test Accuracy: 565/1000(57%)
Task: 3,	 Epoch: 1/40,	 Avg.loss: 0.0011,	 Test Accuracy: 594/1000(59%)
Task: 3,	 Epoch: 2/40,	 Avg.loss: 0.0011,	 Test Accuracy: 644/1000(64%)
Task: 3,	 Epoch: 3/40,	 Avg.loss: 0.0011,	 Test Accuracy: 634/1000(63%)
Task: 3,	 Epoch: 4/40,	 Avg.loss: 0.0010,	 Test Accuracy: 662/1000(66%)
Task: 3,	 Epoch: 5/40,	 Avg.loss: 0.0010,	 Test Accuracy: 666/1000(67%)
Task: 3,	 Epoch: 6/40,	 Avg.loss: 0.0010,	 Test Accuracy: 653/1000(65%)
Task: 3,	 Epoch: 7/40,	 Avg.loss: 0.0009,	 Test Accuracy: 680/1000(68%)
Task: 3,	 Epoch: 8/40,	 Avg.loss: 0.0009,	 Test Accuracy: 694/1000(69%)
Task: 3,	 Epoch: 9/40,	 Avg.loss: 0.0010,	 Test Accuracy: 672/1000(67%)
Task: 3,	 Epoch: 10/40,	 Avg.loss: 0.0009,	 Test Accuracy: 694/1000(69%)
Task: 3,	 Epoch: 11/40,	 Avg.loss: 0.0009,	 Test Accuracy: 696/1000(70%)
Task: 3,	 Epoch: 12/40,	 Avg.loss: 0.0010,	 Test Accuracy: 686/1000(69%)
Task: 3,	 Epoch: 13/40,	 Avg.loss: 0.0009,	 Test Accuracy: 701/1000(70%)
Task: 3,	 Epoch: 14/40,	 Avg.loss: 0.0009,	 Test Accuracy: 694/1000(69%)
Task: 3,	 Epoch: 15/40,	 Avg.loss: 0.0009,	 Test Accuracy: 687/1000(69%)
Task: 3,	 Epoch: 16/40,	 Avg.loss: 0.0009,	 Test Accuracy: 692/1000(69%)
Task: 3,	 Epoch: 17/40,	 Avg.loss: 0.0009,	 Test Accuracy: 701/1000(70%)
Task: 3,	 Epoch: 18/40,	 Avg.loss: 0.0009,	 Test Accuracy: 700/1000(70%)
Task: 3,	 Epoch: 19/40,	 Avg.loss: 0.0009,	 Test Accuracy: 711/1000(71%)
Task: 3,	 Epoch: 20/40,	 Avg.loss: 0.0009,	 Test Accuracy: 716/1000(72%)
Task: 3,	 Epoch: 21/40,	 Avg.loss: 0.0009,	 Test Accuracy: 716/1000(72%)
Task: 3,	 Epoch: 22/40,	 Avg.loss: 0.0009,	 Test Accuracy: 714/1000(71%)
Task: 3,	 Epoch: 23/40,	 Avg.loss: 0.0008,	 Test Accuracy: 715/1000(72%)
Task: 3,	 Epoch: 24/40,	 Avg.loss: 0.0008,	 Test Accuracy: 716/1000(72%)
Task: 3,	 Epoch: 25/40,	 Avg.loss: 0.0009,	 Test Accuracy: 715/1000(72%)
Task: 3,	 Epoch: 26/40,	 Avg.loss: 0.0009,	 Test Accuracy: 714/1000(71%)
Task: 3,	 Epoch: 27/40,	 Avg.loss: 0.0008,	 Test Accuracy: 716/1000(72%)
Task: 3,	 Epoch: 28/40,	 Avg.loss: 0.0008,	 Test Accuracy: 724/1000(72%)
Task: 3,	 Epoch: 29/40,	 Avg.loss: 0.0008,	 Test Accuracy: 718/1000(72%)
Task: 3,	 Epoch: 30/40,	 Avg.loss: 0.0008,	 Test Accuracy: 716/1000(72%)
Task: 3,	 Epoch: 31/40,	 Avg.loss: 0.0008,	 Test Accuracy: 719/1000(72%)
Task: 3,	 Epoch: 32/40,	 Avg.loss: 0.0009,	 Test Accuracy: 718/1000(72%)
Task: 3,	 Epoch: 33/40,	 Avg.loss: 0.0008,	 Test Accuracy: 716/1000(72%)
Task: 3,	 Epoch: 34/40,	 Avg.loss: 0.0008,	 Test Accuracy: 720/1000(72%)
Task: 3,	 Epoch: 35/40,	 Avg.loss: 0.0008,	 Test Accuracy: 725/1000(72%)
Task: 3,	 Epoch: 36/40,	 Avg.loss: 0.0008,	 Test Accuracy: 721/1000(72%)
Task: 3,	 Epoch: 37/40,	 Avg.loss: 0.0008,	 Test Accuracy: 720/1000(72%)
Task: 3,	 Epoch: 38/40,	 Avg.loss: 0.0008,	 Test Accuracy: 715/1000(72%)
Task: 3,	 Epoch: 39/40,	 Avg.loss: 0.0008,	 Test Accuracy: 722/1000(72%)
Trained Task:3, Loaded task:0, Accuracy:81.1%
Trained Task:3, Loaded task:1, Accuracy:78.7%
Trained Task:3, Loaded task:2, Accuracy:81.1%
Trained Task:3, Loaded task:3, Accuracy:72.2%
Trained Task:3, Avg. Accuracy: 78.3 

List of avg. accuracy: [85.2, 82.6, 81.4, 78.3]
Layer        : conv1_layer.2.weight
R.histogram  : tensor([7., 6., 9., 5., 3., 1., 0., 0., 0., 1.], device='cuda:0')
R_sum max/min: 72.7/13.7
F max  		: 2.73016357421875
O masx 		: 22.31137466430664
Layer        : conv2_layer.2.weight
R.histogram  : tensor([31., 25.,  2.,  0.,  0.,  0.,  0.,  0.,  0.,  6.], device='cuda:0')
R_sum max/min: 576.0/24.6
F max  		: 0.9319803714752197
O masx 		: 3.8862414360046387
Layer        : fc1_layer.1.weight
R.histogram  : tensor([ 28., 174., 275.,  23.,   4.,   2.,   1.,   3.,   0.,   2.],
       device='cuda:0')
R_sum max/min: 10809.1/1385.5
F max  		: 0.07511117309331894
O masx 		: 0.7962759137153625
Mask histogram
conv1_layer.2.weight: 	 tensor([   0.,    0.,    0.,    0.,    0., 8192.,    0.,    0.,    0.,    0.,
           0.], device='cuda:0')
conv2_layer.2.weight: 	 tensor([   0., 1472., 1472., 1024.,  128.,    0.,    0.,    0.,    0.,    0.,
           0.], device='cuda:0')
fc1_layer.1.weight: 	 tensor([  0., 202., 131., 160.,  19.,   0.,   0.,   0.,   0.,   0.,   0.],
       device='cuda:0')
Head Finetuning    :Task: 4,	 Epoch: 0/40,	 Avg.loss: 0.0026,	 Test Accuracy: 86/1000(9%)
Head Finetuning    :Task: 4,	 Epoch: 1/40,	 Avg.loss: 0.0025,	 Test Accuracy: 94/1000(9%)
Head Finetuning    :Task: 4,	 Epoch: 2/40,	 Avg.loss: 0.0025,	 Test Accuracy: 100/1000(10%)
Head Finetuning    :Task: 4,	 Epoch: 3/40,	 Avg.loss: 0.0024,	 Test Accuracy: 103/1000(10%)
Head Finetuning    :Task: 4,	 Epoch: 4/40,	 Avg.loss: 0.0024,	 Test Accuracy: 112/1000(11%)
Task: 4,	 Epoch: 0/40,	 Avg.loss: 0.0012,	 Test Accuracy: 599/1000(60%)
Task: 4,	 Epoch: 1/40,	 Avg.loss: 0.0010,	 Test Accuracy: 677/1000(68%)
Task: 4,	 Epoch: 2/40,	 Avg.loss: 0.0010,	 Test Accuracy: 670/1000(67%)
Task: 4,	 Epoch: 3/40,	 Avg.loss: 0.0010,	 Test Accuracy: 678/1000(68%)
Task: 4,	 Epoch: 4/40,	 Avg.loss: 0.0010,	 Test Accuracy: 676/1000(68%)
Task: 4,	 Epoch: 5/40,	 Avg.loss: 0.0009,	 Test Accuracy: 703/1000(70%)
Task: 4,	 Epoch: 6/40,	 Avg.loss: 0.0009,	 Test Accuracy: 715/1000(72%)
Task: 4,	 Epoch: 7/40,	 Avg.loss: 0.0008,	 Test Accuracy: 730/1000(73%)
Task: 4,	 Epoch: 8/40,	 Avg.loss: 0.0008,	 Test Accuracy: 743/1000(74%)
Task: 4,	 Epoch: 9/40,	 Avg.loss: 0.0008,	 Test Accuracy: 731/1000(73%)
Task: 4,	 Epoch: 10/40,	 Avg.loss: 0.0008,	 Test Accuracy: 744/1000(74%)
Task: 4,	 Epoch: 11/40,	 Avg.loss: 0.0008,	 Test Accuracy: 740/1000(74%)
Task: 4,	 Epoch: 12/40,	 Avg.loss: 0.0008,	 Test Accuracy: 736/1000(74%)
Task: 4,	 Epoch: 13/40,	 Avg.loss: 0.0008,	 Test Accuracy: 725/1000(72%)
Task: 4,	 Epoch: 14/40,	 Avg.loss: 0.0008,	 Test Accuracy: 746/1000(75%)
Task: 4,	 Epoch: 15/40,	 Avg.loss: 0.0008,	 Test Accuracy: 743/1000(74%)
Task: 4,	 Epoch: 16/40,	 Avg.loss: 0.0008,	 Test Accuracy: 734/1000(73%)
Task: 4,	 Epoch: 17/40,	 Avg.loss: 0.0008,	 Test Accuracy: 743/1000(74%)
Task: 4,	 Epoch: 18/40,	 Avg.loss: 0.0008,	 Test Accuracy: 735/1000(74%)
Task: 4,	 Epoch: 19/40,	 Avg.loss: 0.0008,	 Test Accuracy: 739/1000(74%)
Task: 4,	 Epoch: 20/40,	 Avg.loss: 0.0008,	 Test Accuracy: 754/1000(75%)
Task: 4,	 Epoch: 21/40,	 Avg.loss: 0.0008,	 Test Accuracy: 757/1000(76%)
Task: 4,	 Epoch: 22/40,	 Avg.loss: 0.0008,	 Test Accuracy: 755/1000(76%)
Task: 4,	 Epoch: 23/40,	 Avg.loss: 0.0008,	 Test Accuracy: 755/1000(76%)
Task: 4,	 Epoch: 24/40,	 Avg.loss: 0.0008,	 Test Accuracy: 759/1000(76%)
Task: 4,	 Epoch: 25/40,	 Avg.loss: 0.0008,	 Test Accuracy: 756/1000(76%)
Task: 4,	 Epoch: 26/40,	 Avg.loss: 0.0008,	 Test Accuracy: 757/1000(76%)
Task: 4,	 Epoch: 27/40,	 Avg.loss: 0.0007,	 Test Accuracy: 763/1000(76%)
Task: 4,	 Epoch: 28/40,	 Avg.loss: 0.0007,	 Test Accuracy: 752/1000(75%)
Task: 4,	 Epoch: 29/40,	 Avg.loss: 0.0007,	 Test Accuracy: 757/1000(76%)
Task: 4,	 Epoch: 30/40,	 Avg.loss: 0.0007,	 Test Accuracy: 758/1000(76%)
Task: 4,	 Epoch: 31/40,	 Avg.loss: 0.0008,	 Test Accuracy: 759/1000(76%)
Task: 4,	 Epoch: 32/40,	 Avg.loss: 0.0007,	 Test Accuracy: 763/1000(76%)
Task: 4,	 Epoch: 33/40,	 Avg.loss: 0.0007,	 Test Accuracy: 757/1000(76%)
Task: 4,	 Epoch: 34/40,	 Avg.loss: 0.0008,	 Test Accuracy: 753/1000(75%)
Task: 4,	 Epoch: 35/40,	 Avg.loss: 0.0007,	 Test Accuracy: 761/1000(76%)
Task: 4,	 Epoch: 36/40,	 Avg.loss: 0.0007,	 Test Accuracy: 758/1000(76%)
Task: 4,	 Epoch: 37/40,	 Avg.loss: 0.0007,	 Test Accuracy: 764/1000(76%)
Task: 4,	 Epoch: 38/40,	 Avg.loss: 0.0007,	 Test Accuracy: 757/1000(76%)
Task: 4,	 Epoch: 39/40,	 Avg.loss: 0.0007,	 Test Accuracy: 757/1000(76%)
Trained Task:4, Loaded task:0, Accuracy:81.1%
Trained Task:4, Loaded task:1, Accuracy:77.3%
Trained Task:4, Loaded task:2, Accuracy:80.7%
Trained Task:4, Loaded task:3, Accuracy:71.4%
Trained Task:4, Loaded task:4, Accuracy:75.7%
Trained Task:4, Avg. Accuracy: 77.2 

List of avg. accuracy: [85.2, 82.6, 81.4, 78.3, 77.2]
Layer        : conv1_layer.2.weight
R.histogram  : tensor([10.,  9.,  5.,  3.,  3.,  1.,  0.,  0.,  0.,  1.], device='cuda:0')
R_sum max/min: 78.4/18.2
F max  		: 3.2845757007598877
O masx 		: 24.550975799560547
Layer        : conv2_layer.2.weight
R.histogram  : tensor([36., 21.,  1.,  0.,  0.,  0.,  0.,  0.,  0.,  6.], device='cuda:0')
R_sum max/min: 576.0/22.7
F max  		: 0.7721379399299622
O masx 		: 3.8862414360046387
Layer        : fc1_layer.1.weight
R.histogram  : tensor([ 36., 185., 110., 174.,   1.,   2.,   1.,   2.,   0.,   1.],
       device='cuda:0')
R_sum max/min: 9615.6/1576.4
F max  		: 0.11670941114425659
O masx 		: 0.8555523753166199
Mask histogram
conv1_layer.2.weight: 	 tensor([   0.,    0.,    0.,    0.,    0.,    0., 8192.,    0.,    0.,    0.,
           0.], device='cuda:0')
conv2_layer.2.weight: 	 tensor([   0., 1216., 1088.,  960.,  832.,    0.,    0.,    0.,    0.,    0.,
           0.], device='cuda:0')
fc1_layer.1.weight: 	 tensor([  0., 168., 142.,  51., 136.,  15.,   0.,   0.,   0.,   0.,   0.],
       device='cuda:0')
Head Finetuning    :Task: 5,	 Epoch: 0/40,	 Avg.loss: 0.0029,	 Test Accuracy: 79/1000(8%)
Head Finetuning    :Task: 5,	 Epoch: 1/40,	 Avg.loss: 0.0028,	 Test Accuracy: 85/1000(8%)
Head Finetuning    :Task: 5,	 Epoch: 2/40,	 Avg.loss: 0.0027,	 Test Accuracy: 89/1000(9%)
Head Finetuning    :Task: 5,	 Epoch: 3/40,	 Avg.loss: 0.0026,	 Test Accuracy: 92/1000(9%)
Head Finetuning    :Task: 5,	 Epoch: 4/40,	 Avg.loss: 0.0026,	 Test Accuracy: 94/1000(9%)
Task: 5,	 Epoch: 0/40,	 Avg.loss: 0.0012,	 Test Accuracy: 550/1000(55%)
Task: 5,	 Epoch: 1/40,	 Avg.loss: 0.0010,	 Test Accuracy: 630/1000(63%)
Task: 5,	 Epoch: 2/40,	 Avg.loss: 0.0010,	 Test Accuracy: 642/1000(64%)
Task: 5,	 Epoch: 3/40,	 Avg.loss: 0.0010,	 Test Accuracy: 639/1000(64%)
Task: 5,	 Epoch: 4/40,	 Avg.loss: 0.0009,	 Test Accuracy: 666/1000(67%)
Task: 5,	 Epoch: 5/40,	 Avg.loss: 0.0010,	 Test Accuracy: 646/1000(65%)
Task: 5,	 Epoch: 6/40,	 Avg.loss: 0.0009,	 Test Accuracy: 691/1000(69%)
Task: 5,	 Epoch: 7/40,	 Avg.loss: 0.0009,	 Test Accuracy: 700/1000(70%)
Task: 5,	 Epoch: 8/40,	 Avg.loss: 0.0009,	 Test Accuracy: 697/1000(70%)
Task: 5,	 Epoch: 9/40,	 Avg.loss: 0.0009,	 Test Accuracy: 698/1000(70%)
Task: 5,	 Epoch: 10/40,	 Avg.loss: 0.0008,	 Test Accuracy: 702/1000(70%)
Task: 5,	 Epoch: 11/40,	 Avg.loss: 0.0008,	 Test Accuracy: 691/1000(69%)
Task: 5,	 Epoch: 12/40,	 Avg.loss: 0.0008,	 Test Accuracy: 707/1000(71%)
Task: 5,	 Epoch: 13/40,	 Avg.loss: 0.0008,	 Test Accuracy: 711/1000(71%)
Task: 5,	 Epoch: 14/40,	 Avg.loss: 0.0008,	 Test Accuracy: 715/1000(72%)
Task: 5,	 Epoch: 15/40,	 Avg.loss: 0.0008,	 Test Accuracy: 707/1000(71%)
Task: 5,	 Epoch: 16/40,	 Avg.loss: 0.0008,	 Test Accuracy: 695/1000(70%)
Task: 5,	 Epoch: 17/40,	 Avg.loss: 0.0008,	 Test Accuracy: 721/1000(72%)
Task: 5,	 Epoch: 18/40,	 Avg.loss: 0.0008,	 Test Accuracy: 709/1000(71%)
Task: 5,	 Epoch: 19/40,	 Avg.loss: 0.0008,	 Test Accuracy: 727/1000(73%)
Task: 5,	 Epoch: 20/40,	 Avg.loss: 0.0008,	 Test Accuracy: 715/1000(72%)
Task: 5,	 Epoch: 21/40,	 Avg.loss: 0.0008,	 Test Accuracy: 730/1000(73%)
Task: 5,	 Epoch: 22/40,	 Avg.loss: 0.0008,	 Test Accuracy: 718/1000(72%)
Task: 5,	 Epoch: 23/40,	 Avg.loss: 0.0008,	 Test Accuracy: 716/1000(72%)
Task: 5,	 Epoch: 24/40,	 Avg.loss: 0.0008,	 Test Accuracy: 725/1000(72%)
Task: 5,	 Epoch: 25/40,	 Avg.loss: 0.0008,	 Test Accuracy: 719/1000(72%)
Task: 5,	 Epoch: 26/40,	 Avg.loss: 0.0008,	 Test Accuracy: 724/1000(72%)
Task: 5,	 Epoch: 27/40,	 Avg.loss: 0.0008,	 Test Accuracy: 720/1000(72%)
Task: 5,	 Epoch: 28/40,	 Avg.loss: 0.0008,	 Test Accuracy: 727/1000(73%)
Task: 5,	 Epoch: 29/40,	 Avg.loss: 0.0008,	 Test Accuracy: 724/1000(72%)
Task: 5,	 Epoch: 30/40,	 Avg.loss: 0.0008,	 Test Accuracy: 724/1000(72%)
Task: 5,	 Epoch: 31/40,	 Avg.loss: 0.0008,	 Test Accuracy: 728/1000(73%)
Task: 5,	 Epoch: 32/40,	 Avg.loss: 0.0008,	 Test Accuracy: 716/1000(72%)
Task: 5,	 Epoch: 33/40,	 Avg.loss: 0.0008,	 Test Accuracy: 720/1000(72%)
Task: 5,	 Epoch: 34/40,	 Avg.loss: 0.0008,	 Test Accuracy: 724/1000(72%)
Task: 5,	 Epoch: 35/40,	 Avg.loss: 0.0008,	 Test Accuracy: 715/1000(72%)
Task: 5,	 Epoch: 36/40,	 Avg.loss: 0.0008,	 Test Accuracy: 724/1000(72%)
Task: 5,	 Epoch: 37/40,	 Avg.loss: 0.0008,	 Test Accuracy: 725/1000(72%)
Task: 5,	 Epoch: 38/40,	 Avg.loss: 0.0008,	 Test Accuracy: 727/1000(73%)
Task: 5,	 Epoch: 39/40,	 Avg.loss: 0.0008,	 Test Accuracy: 713/1000(71%)
Trained Task:5, Loaded task:0, Accuracy:80.1%
Trained Task:5, Loaded task:1, Accuracy:76.3%
Trained Task:5, Loaded task:2, Accuracy:81.0%
Trained Task:5, Loaded task:3, Accuracy:71.6%
Trained Task:5, Loaded task:4, Accuracy:75.8%
Trained Task:5, Loaded task:5, Accuracy:71.3%
Trained Task:5, Avg. Accuracy: 76.0 

List of avg. accuracy: [85.2, 82.6, 81.4, 78.3, 77.2, 76.0]
Layer        : conv1_layer.2.weight
R.histogram  : tensor([8., 8., 7., 5., 3., 0., 0., 0., 0., 1.], device='cuda:0')
R_sum max/min: 69.7/13.0
F max  		: 3.134504556655884
O masx 		: 28.101633071899414
Layer        : conv2_layer.2.weight
R.histogram  : tensor([45., 13.,  0.,  0.,  0.,  0.,  0.,  0.,  0.,  6.], device='cuda:0')
R_sum max/min: 576.0/25.5
F max  		: 0.9701762199401855
O masx 		: 3.9492623805999756
Layer        : fc1_layer.1.weight
R.histogram  : tensor([ 17.,  57., 165.,  93., 171.,   4.,   2.,   2.,   0.,   1.],
       device='cuda:0')
R_sum max/min: 7100.9/1484.8
F max  		: 0.12729878723621368
O masx 		: 0.874355137348175
Mask histogram
conv1_layer.2.weight: 	 tensor([   0.,    0.,    0.,    0.,    0.,    0.,    0., 8192.,    0.,    0.,
           0.], device='cuda:0')
conv2_layer.2.weight: 	 tensor([   0.,  960.,  832., 1216.,  512.,  576.,    0.,    0.,    0.,    0.,
           0.], device='cuda:0')
fc1_layer.1.weight: 	 tensor([  0., 154., 129.,  59.,  24., 133.,  13.,   0.,   0.,   0.,   0.],
       device='cuda:0')
Head Finetuning    :Task: 6,	 Epoch: 0/40,	 Avg.loss: 0.0026,	 Test Accuracy: 163/1000(16%)
Head Finetuning    :Task: 6,	 Epoch: 1/40,	 Avg.loss: 0.0025,	 Test Accuracy: 173/1000(17%)
Head Finetuning    :Task: 6,	 Epoch: 2/40,	 Avg.loss: 0.0024,	 Test Accuracy: 186/1000(19%)
Head Finetuning    :Task: 6,	 Epoch: 3/40,	 Avg.loss: 0.0024,	 Test Accuracy: 194/1000(19%)
Head Finetuning    :Task: 6,	 Epoch: 4/40,	 Avg.loss: 0.0023,	 Test Accuracy: 196/1000(20%)
Task: 6,	 Epoch: 0/40,	 Avg.loss: 0.0010,	 Test Accuracy: 622/1000(62%)
Task: 6,	 Epoch: 1/40,	 Avg.loss: 0.0009,	 Test Accuracy: 665/1000(66%)
Task: 6,	 Epoch: 2/40,	 Avg.loss: 0.0009,	 Test Accuracy: 692/1000(69%)
Task: 6,	 Epoch: 3/40,	 Avg.loss: 0.0008,	 Test Accuracy: 707/1000(71%)
Task: 6,	 Epoch: 4/40,	 Avg.loss: 0.0008,	 Test Accuracy: 698/1000(70%)
Task: 6,	 Epoch: 5/40,	 Avg.loss: 0.0008,	 Test Accuracy: 722/1000(72%)
Task: 6,	 Epoch: 6/40,	 Avg.loss: 0.0008,	 Test Accuracy: 700/1000(70%)
Task: 6,	 Epoch: 7/40,	 Avg.loss: 0.0008,	 Test Accuracy: 707/1000(71%)
Task: 6,	 Epoch: 8/40,	 Avg.loss: 0.0008,	 Test Accuracy: 700/1000(70%)
Task: 6,	 Epoch: 9/40,	 Avg.loss: 0.0007,	 Test Accuracy: 735/1000(74%)
Task: 6,	 Epoch: 10/40,	 Avg.loss: 0.0008,	 Test Accuracy: 720/1000(72%)
Task: 6,	 Epoch: 11/40,	 Avg.loss: 0.0007,	 Test Accuracy: 724/1000(72%)
Task: 6,	 Epoch: 12/40,	 Avg.loss: 0.0007,	 Test Accuracy: 738/1000(74%)
Task: 6,	 Epoch: 13/40,	 Avg.loss: 0.0008,	 Test Accuracy: 715/1000(72%)
Task: 6,	 Epoch: 14/40,	 Avg.loss: 0.0007,	 Test Accuracy: 732/1000(73%)
Task: 6,	 Epoch: 15/40,	 Avg.loss: 0.0007,	 Test Accuracy: 723/1000(72%)
Task: 6,	 Epoch: 16/40,	 Avg.loss: 0.0007,	 Test Accuracy: 730/1000(73%)
Task: 6,	 Epoch: 17/40,	 Avg.loss: 0.0007,	 Test Accuracy: 726/1000(73%)
Task: 6,	 Epoch: 18/40,	 Avg.loss: 0.0007,	 Test Accuracy: 736/1000(74%)
Task: 6,	 Epoch: 19/40,	 Avg.loss: 0.0007,	 Test Accuracy: 731/1000(73%)
Task: 6,	 Epoch: 20/40,	 Avg.loss: 0.0007,	 Test Accuracy: 738/1000(74%)
Task: 6,	 Epoch: 21/40,	 Avg.loss: 0.0007,	 Test Accuracy: 745/1000(74%)
Task: 6,	 Epoch: 22/40,	 Avg.loss: 0.0007,	 Test Accuracy: 743/1000(74%)
Task: 6,	 Epoch: 23/40,	 Avg.loss: 0.0007,	 Test Accuracy: 741/1000(74%)
Task: 6,	 Epoch: 24/40,	 Avg.loss: 0.0007,	 Test Accuracy: 742/1000(74%)
Task: 6,	 Epoch: 25/40,	 Avg.loss: 0.0007,	 Test Accuracy: 743/1000(74%)
Task: 6,	 Epoch: 26/40,	 Avg.loss: 0.0007,	 Test Accuracy: 744/1000(74%)
Task: 6,	 Epoch: 27/40,	 Avg.loss: 0.0007,	 Test Accuracy: 750/1000(75%)
Task: 6,	 Epoch: 28/40,	 Avg.loss: 0.0007,	 Test Accuracy: 745/1000(74%)
Task: 6,	 Epoch: 29/40,	 Avg.loss: 0.0007,	 Test Accuracy: 740/1000(74%)
Task: 6,	 Epoch: 30/40,	 Avg.loss: 0.0007,	 Test Accuracy: 739/1000(74%)
Task: 6,	 Epoch: 31/40,	 Avg.loss: 0.0007,	 Test Accuracy: 740/1000(74%)
Task: 6,	 Epoch: 32/40,	 Avg.loss: 0.0007,	 Test Accuracy: 737/1000(74%)
Task: 6,	 Epoch: 33/40,	 Avg.loss: 0.0007,	 Test Accuracy: 739/1000(74%)
Task: 6,	 Epoch: 34/40,	 Avg.loss: 0.0007,	 Test Accuracy: 744/1000(74%)
Task: 6,	 Epoch: 35/40,	 Avg.loss: 0.0007,	 Test Accuracy: 743/1000(74%)
Task: 6,	 Epoch: 36/40,	 Avg.loss: 0.0007,	 Test Accuracy: 745/1000(74%)
Task: 6,	 Epoch: 37/40,	 Avg.loss: 0.0007,	 Test Accuracy: 744/1000(74%)
Task: 6,	 Epoch: 38/40,	 Avg.loss: 0.0007,	 Test Accuracy: 743/1000(74%)
Task: 6,	 Epoch: 39/40,	 Avg.loss: 0.0007,	 Test Accuracy: 746/1000(75%)
Trained Task:6, Loaded task:0, Accuracy:81.2%
Trained Task:6, Loaded task:1, Accuracy:76.4%
Trained Task:6, Loaded task:2, Accuracy:81.3%
Trained Task:6, Loaded task:3, Accuracy:71.0%
Trained Task:6, Loaded task:4, Accuracy:75.3%
Trained Task:6, Loaded task:5, Accuracy:71.5%
Trained Task:6, Loaded task:6, Accuracy:74.6%
Trained Task:6, Avg. Accuracy: 75.9 

List of avg. accuracy: [85.2, 82.6, 81.4, 78.3, 77.2, 76.0, 75.9]
Layer        : conv1_layer.2.weight
R.histogram  : tensor([ 5.,  6., 12.,  5.,  2.,  1.,  0.,  0.,  0.,  1.], device='cuda:0')
R_sum max/min: 76.8/12.8
F max  		: 4.353298187255859
O masx 		: 31.4500675201416
Layer        : conv2_layer.2.weight
R.histogram  : tensor([52.,  6.,  0.,  0.,  0.,  0.,  0.,  0.,  0.,  6.], device='cuda:0')
R_sum max/min: 576.0/31.2
F max  		: 1.1842042207717896
O masx 		: 4.793336868286133
Layer        : fc1_layer.1.weight
R.histogram  : tensor([ 15.,  48.,  98., 144.,  35., 163.,   4.,   2.,   2.,   1.],
       device='cuda:0')
R_sum max/min: 6042.2/1580.7
F max  		: 0.1707373708486557
O masx 		: 0.874355137348175
Mask histogram
conv1_layer.2.weight: 	 tensor([   0.,    0.,    0.,    0.,    0.,    0.,    0.,    0., 8192.,    0.,
           0.], device='cuda:0')
conv2_layer.2.weight: 	 tensor([   0.,  768.,  768., 1152.,  576.,  256.,  576.,    0.,    0.,    0.,
           0.], device='cuda:0')
fc1_layer.1.weight: 	 tensor([  0., 138., 133.,  48.,  32.,  22., 127.,  12.,   0.,   0.,   0.],
       device='cuda:0')
Head Finetuning    :Task: 7,	 Epoch: 0/40,	 Avg.loss: 0.0026,	 Test Accuracy: 100/1000(10%)
Head Finetuning    :Task: 7,	 Epoch: 1/40,	 Avg.loss: 0.0025,	 Test Accuracy: 109/1000(11%)
Head Finetuning    :Task: 7,	 Epoch: 2/40,	 Avg.loss: 0.0024,	 Test Accuracy: 133/1000(13%)
Head Finetuning    :Task: 7,	 Epoch: 3/40,	 Avg.loss: 0.0024,	 Test Accuracy: 143/1000(14%)
Head Finetuning    :Task: 7,	 Epoch: 4/40,	 Avg.loss: 0.0023,	 Test Accuracy: 155/1000(16%)
Task: 7,	 Epoch: 0/40,	 Avg.loss: 0.0012,	 Test Accuracy: 590/1000(59%)
Task: 7,	 Epoch: 1/40,	 Avg.loss: 0.0010,	 Test Accuracy: 615/1000(62%)
Task: 7,	 Epoch: 2/40,	 Avg.loss: 0.0011,	 Test Accuracy: 621/1000(62%)
Task: 7,	 Epoch: 3/40,	 Avg.loss: 0.0010,	 Test Accuracy: 643/1000(64%)
Task: 7,	 Epoch: 4/40,	 Avg.loss: 0.0009,	 Test Accuracy: 658/1000(66%)
Task: 7,	 Epoch: 5/40,	 Avg.loss: 0.0010,	 Test Accuracy: 643/1000(64%)
Task: 7,	 Epoch: 6/40,	 Avg.loss: 0.0009,	 Test Accuracy: 691/1000(69%)
Task: 7,	 Epoch: 7/40,	 Avg.loss: 0.0010,	 Test Accuracy: 658/1000(66%)
Task: 7,	 Epoch: 8/40,	 Avg.loss: 0.0009,	 Test Accuracy: 683/1000(68%)
Task: 7,	 Epoch: 9/40,	 Avg.loss: 0.0009,	 Test Accuracy: 698/1000(70%)
Task: 7,	 Epoch: 10/40,	 Avg.loss: 0.0009,	 Test Accuracy: 691/1000(69%)
Task: 7,	 Epoch: 11/40,	 Avg.loss: 0.0009,	 Test Accuracy: 697/1000(70%)
Task: 7,	 Epoch: 12/40,	 Avg.loss: 0.0009,	 Test Accuracy: 687/1000(69%)
Task: 7,	 Epoch: 13/40,	 Avg.loss: 0.0009,	 Test Accuracy: 700/1000(70%)
Task: 7,	 Epoch: 14/40,	 Avg.loss: 0.0009,	 Test Accuracy: 691/1000(69%)
Task: 7,	 Epoch: 15/40,	 Avg.loss: 0.0009,	 Test Accuracy: 697/1000(70%)
Task: 7,	 Epoch: 16/40,	 Avg.loss: 0.0009,	 Test Accuracy: 693/1000(69%)
Task: 7,	 Epoch: 17/40,	 Avg.loss: 0.0009,	 Test Accuracy: 717/1000(72%)
Task: 7,	 Epoch: 18/40,	 Avg.loss: 0.0009,	 Test Accuracy: 683/1000(68%)
Task: 7,	 Epoch: 19/40,	 Avg.loss: 0.0009,	 Test Accuracy: 695/1000(70%)
Task: 7,	 Epoch: 20/40,	 Avg.loss: 0.0009,	 Test Accuracy: 699/1000(70%)
Task: 7,	 Epoch: 21/40,	 Avg.loss: 0.0008,	 Test Accuracy: 705/1000(70%)
Task: 7,	 Epoch: 22/40,	 Avg.loss: 0.0009,	 Test Accuracy: 704/1000(70%)
Task: 7,	 Epoch: 23/40,	 Avg.loss: 0.0009,	 Test Accuracy: 710/1000(71%)
Task: 7,	 Epoch: 24/40,	 Avg.loss: 0.0009,	 Test Accuracy: 705/1000(70%)
Task: 7,	 Epoch: 25/40,	 Avg.loss: 0.0008,	 Test Accuracy: 704/1000(70%)
Task: 7,	 Epoch: 26/40,	 Avg.loss: 0.0009,	 Test Accuracy: 701/1000(70%)
Task: 7,	 Epoch: 27/40,	 Avg.loss: 0.0008,	 Test Accuracy: 702/1000(70%)
Task: 7,	 Epoch: 28/40,	 Avg.loss: 0.0008,	 Test Accuracy: 707/1000(71%)
Task: 7,	 Epoch: 29/40,	 Avg.loss: 0.0008,	 Test Accuracy: 700/1000(70%)
Task: 7,	 Epoch: 30/40,	 Avg.loss: 0.0008,	 Test Accuracy: 707/1000(71%)
Task: 7,	 Epoch: 31/40,	 Avg.loss: 0.0008,	 Test Accuracy: 706/1000(71%)
Task: 7,	 Epoch: 32/40,	 Avg.loss: 0.0009,	 Test Accuracy: 707/1000(71%)
Task: 7,	 Epoch: 33/40,	 Avg.loss: 0.0008,	 Test Accuracy: 707/1000(71%)
Task: 7,	 Epoch: 34/40,	 Avg.loss: 0.0009,	 Test Accuracy: 705/1000(70%)
Task: 7,	 Epoch: 35/40,	 Avg.loss: 0.0008,	 Test Accuracy: 707/1000(71%)
Task: 7,	 Epoch: 36/40,	 Avg.loss: 0.0008,	 Test Accuracy: 713/1000(71%)
Task: 7,	 Epoch: 37/40,	 Avg.loss: 0.0008,	 Test Accuracy: 709/1000(71%)
Task: 7,	 Epoch: 38/40,	 Avg.loss: 0.0008,	 Test Accuracy: 707/1000(71%)
Task: 7,	 Epoch: 39/40,	 Avg.loss: 0.0008,	 Test Accuracy: 709/1000(71%)
Trained Task:7, Loaded task:0, Accuracy:79.9%
Trained Task:7, Loaded task:1, Accuracy:76.9%
Trained Task:7, Loaded task:2, Accuracy:80.7%
Trained Task:7, Loaded task:3, Accuracy:71.6%
Trained Task:7, Loaded task:4, Accuracy:74.8%
Trained Task:7, Loaded task:5, Accuracy:71.1%
Trained Task:7, Loaded task:6, Accuracy:74.4%
Trained Task:7, Loaded task:7, Accuracy:70.9%
Trained Task:7, Avg. Accuracy: 75.0 

List of avg. accuracy: [85.2, 82.6, 81.4, 78.3, 77.2, 76.0, 75.9, 75.0]
Layer        : conv1_layer.2.weight
R.histogram  : tensor([4., 8., 4., 9., 5., 1., 0., 0., 0., 1.], device='cuda:0')
R_sum max/min: 94.4/15.0
F max  		: 7.014764308929443
O masx 		: 34.1097412109375
Layer        : conv2_layer.2.weight
R.histogram  : tensor([41., 16.,  1.,  0.,  0.,  0.,  0.,  0.,  0.,  6.], device='cuda:0')
R_sum max/min: 576.0/42.0
F max  		: 1.7380348443984985
O masx 		: 5.212996482849121
Layer        : fc1_layer.1.weight
R.histogram  : tensor([ 15., 103., 192.,  32., 162.,   4.,   3.,   0.,   0.,   1.],
       device='cuda:0')
R_sum max/min: 7550.4/1645.8
F max  		: 0.18589314818382263
O masx 		: 0.874355137348175
Mask histogram
conv1_layer.2.weight: 	 tensor([   0.,    0.,    0.,    0.,    0.,    0.,    0.,    0.,    0., 8192.,
           0.], device='cuda:0')
conv2_layer.2.weight: 	 tensor([   0.,  704.,  384., 1280.,  704.,  384.,  128.,  512.,    0.,    0.,
           0.], device='cuda:0')
fc1_layer.1.weight: 	 tensor([  0., 129., 128.,  53.,  22.,  26.,  16., 126.,  12.,   0.,   0.],
       device='cuda:0')
Head Finetuning    :Task: 8,	 Epoch: 0/40,	 Avg.loss: 0.0028,	 Test Accuracy: 119/1000(12%)
Head Finetuning    :Task: 8,	 Epoch: 1/40,	 Avg.loss: 0.0025,	 Test Accuracy: 137/1000(14%)
Head Finetuning    :Task: 8,	 Epoch: 2/40,	 Avg.loss: 0.0024,	 Test Accuracy: 158/1000(16%)
Head Finetuning    :Task: 8,	 Epoch: 3/40,	 Avg.loss: 0.0024,	 Test Accuracy: 162/1000(16%)
Head Finetuning    :Task: 8,	 Epoch: 4/40,	 Avg.loss: 0.0023,	 Test Accuracy: 173/1000(17%)
Task: 8,	 Epoch: 0/40,	 Avg.loss: 0.0011,	 Test Accuracy: 620/1000(62%)
Task: 8,	 Epoch: 1/40,	 Avg.loss: 0.0010,	 Test Accuracy: 667/1000(67%)
Task: 8,	 Epoch: 2/40,	 Avg.loss: 0.0010,	 Test Accuracy: 658/1000(66%)
Task: 8,	 Epoch: 3/40,	 Avg.loss: 0.0009,	 Test Accuracy: 714/1000(71%)
Task: 8,	 Epoch: 4/40,	 Avg.loss: 0.0009,	 Test Accuracy: 698/1000(70%)
Task: 8,	 Epoch: 5/40,	 Avg.loss: 0.0009,	 Test Accuracy: 724/1000(72%)
Task: 8,	 Epoch: 6/40,	 Avg.loss: 0.0008,	 Test Accuracy: 718/1000(72%)
Task: 8,	 Epoch: 7/40,	 Avg.loss: 0.0009,	 Test Accuracy: 682/1000(68%)
Task: 8,	 Epoch: 8/40,	 Avg.loss: 0.0008,	 Test Accuracy: 727/1000(73%)
Task: 8,	 Epoch: 9/40,	 Avg.loss: 0.0008,	 Test Accuracy: 728/1000(73%)
Task: 8,	 Epoch: 10/40,	 Avg.loss: 0.0008,	 Test Accuracy: 731/1000(73%)
Task: 8,	 Epoch: 11/40,	 Avg.loss: 0.0008,	 Test Accuracy: 727/1000(73%)
Task: 8,	 Epoch: 12/40,	 Avg.loss: 0.0008,	 Test Accuracy: 739/1000(74%)
Task: 8,	 Epoch: 13/40,	 Avg.loss: 0.0008,	 Test Accuracy: 744/1000(74%)
Task: 8,	 Epoch: 14/40,	 Avg.loss: 0.0008,	 Test Accuracy: 745/1000(74%)
Task: 8,	 Epoch: 15/40,	 Avg.loss: 0.0008,	 Test Accuracy: 732/1000(73%)
Task: 8,	 Epoch: 16/40,	 Avg.loss: 0.0008,	 Test Accuracy: 741/1000(74%)
Task: 8,	 Epoch: 17/40,	 Avg.loss: 0.0008,	 Test Accuracy: 743/1000(74%)
Task: 8,	 Epoch: 18/40,	 Avg.loss: 0.0008,	 Test Accuracy: 740/1000(74%)
Task: 8,	 Epoch: 19/40,	 Avg.loss: 0.0008,	 Test Accuracy: 733/1000(73%)
Task: 8,	 Epoch: 20/40,	 Avg.loss: 0.0007,	 Test Accuracy: 768/1000(77%)
Task: 8,	 Epoch: 21/40,	 Avg.loss: 0.0007,	 Test Accuracy: 769/1000(77%)
Task: 8,	 Epoch: 22/40,	 Avg.loss: 0.0007,	 Test Accuracy: 764/1000(76%)
Task: 8,	 Epoch: 23/40,	 Avg.loss: 0.0007,	 Test Accuracy: 770/1000(77%)
Task: 8,	 Epoch: 24/40,	 Avg.loss: 0.0007,	 Test Accuracy: 774/1000(77%)
Task: 8,	 Epoch: 25/40,	 Avg.loss: 0.0007,	 Test Accuracy: 776/1000(78%)
Task: 8,	 Epoch: 26/40,	 Avg.loss: 0.0007,	 Test Accuracy: 773/1000(77%)
Task: 8,	 Epoch: 27/40,	 Avg.loss: 0.0007,	 Test Accuracy: 773/1000(77%)
Task: 8,	 Epoch: 28/40,	 Avg.loss: 0.0007,	 Test Accuracy: 775/1000(78%)
Task: 8,	 Epoch: 29/40,	 Avg.loss: 0.0007,	 Test Accuracy: 771/1000(77%)
Task: 8,	 Epoch: 30/40,	 Avg.loss: 0.0007,	 Test Accuracy: 769/1000(77%)
Task: 8,	 Epoch: 31/40,	 Avg.loss: 0.0007,	 Test Accuracy: 775/1000(78%)
Task: 8,	 Epoch: 32/40,	 Avg.loss: 0.0007,	 Test Accuracy: 776/1000(78%)
Task: 8,	 Epoch: 33/40,	 Avg.loss: 0.0007,	 Test Accuracy: 766/1000(77%)
Task: 8,	 Epoch: 34/40,	 Avg.loss: 0.0007,	 Test Accuracy: 777/1000(78%)
Task: 8,	 Epoch: 35/40,	 Avg.loss: 0.0007,	 Test Accuracy: 773/1000(77%)
Task: 8,	 Epoch: 36/40,	 Avg.loss: 0.0007,	 Test Accuracy: 774/1000(77%)
Task: 8,	 Epoch: 37/40,	 Avg.loss: 0.0007,	 Test Accuracy: 769/1000(77%)
Task: 8,	 Epoch: 38/40,	 Avg.loss: 0.0007,	 Test Accuracy: 774/1000(77%)
Task: 8,	 Epoch: 39/40,	 Avg.loss: 0.0007,	 Test Accuracy: 771/1000(77%)
Trained Task:8, Loaded task:0, Accuracy:79.8%
Trained Task:8, Loaded task:1, Accuracy:77.9%
Trained Task:8, Loaded task:2, Accuracy:80.9%
Trained Task:8, Loaded task:3, Accuracy:71.1%
Trained Task:8, Loaded task:4, Accuracy:74.8%
Trained Task:8, Loaded task:5, Accuracy:71.8%
Trained Task:8, Loaded task:6, Accuracy:74.7%
Trained Task:8, Loaded task:7, Accuracy:70.6%
Trained Task:8, Loaded task:8, Accuracy:77.1%
Trained Task:8, Avg. Accuracy: 75.4 

List of avg. accuracy: [85.2, 82.6, 81.4, 78.3, 77.2, 76.0, 75.9, 75.0, 75.4]
Layer        : conv1_layer.2.weight
R.histogram  : tensor([ 8.,  4., 12.,  4.,  3.,  0.,  0.,  0.,  0.,  1.], device='cuda:0')
R_sum max/min: 82.7/14.8
F max  		: 5.839974880218506
O masx 		: 37.733673095703125
Layer        : conv2_layer.2.weight
R.histogram  : tensor([58.,  0.,  0.,  0.,  0.,  0.,  0.,  0.,  0.,  6.], device='cuda:0')
R_sum max/min: 576.0/36.9
F max  		: 1.3889498710632324
O masx 		: 5.212996482849121
Layer        : fc1_layer.1.weight
R.histogram  : tensor([ 13.,  49., 115., 154.,  20., 155.,   3.,   0.,   1.,   2.],
       device='cuda:0')
R_sum max/min: 5892.5/1654.8
F max  		: 0.18722310662269592
O masx 		: 0.905657172203064
Mask histogram
conv1_layer.2.weight: 	 tensor([   0.,    0.,    0.,    0.,    0.,    0.,    0.,    0.,    0.,    0.,
        8192.], device='cuda:0')
conv2_layer.2.weight: 	 tensor([   0.,  704.,  128., 1088.,  896.,  512.,  256.,    0.,  512.,    0.,
           0.], device='cuda:0')
fc1_layer.1.weight: 	 tensor([  0., 112., 137.,  50.,  29.,  14.,  19.,  15., 125.,  11.,   0.],
       device='cuda:0')
Head Finetuning    :Task: 9,	 Epoch: 0/40,	 Avg.loss: 0.0029,	 Test Accuracy: 122/1000(12%)
Head Finetuning    :Task: 9,	 Epoch: 1/40,	 Avg.loss: 0.0028,	 Test Accuracy: 134/1000(13%)
Head Finetuning    :Task: 9,	 Epoch: 2/40,	 Avg.loss: 0.0027,	 Test Accuracy: 149/1000(15%)
Head Finetuning    :Task: 9,	 Epoch: 3/40,	 Avg.loss: 0.0026,	 Test Accuracy: 157/1000(16%)
Head Finetuning    :Task: 9,	 Epoch: 4/40,	 Avg.loss: 0.0026,	 Test Accuracy: 165/1000(16%)
Task: 9,	 Epoch: 0/40,	 Avg.loss: 0.0011,	 Test Accuracy: 654/1000(65%)
Task: 9,	 Epoch: 1/40,	 Avg.loss: 0.0009,	 Test Accuracy: 688/1000(69%)
Task: 9,	 Epoch: 2/40,	 Avg.loss: 0.0008,	 Test Accuracy: 734/1000(73%)
Task: 9,	 Epoch: 3/40,	 Avg.loss: 0.0008,	 Test Accuracy: 737/1000(74%)
Task: 9,	 Epoch: 4/40,	 Avg.loss: 0.0009,	 Test Accuracy: 715/1000(72%)
Task: 9,	 Epoch: 5/40,	 Avg.loss: 0.0008,	 Test Accuracy: 763/1000(76%)
Task: 9,	 Epoch: 6/40,	 Avg.loss: 0.0008,	 Test Accuracy: 721/1000(72%)
Task: 9,	 Epoch: 7/40,	 Avg.loss: 0.0008,	 Test Accuracy: 752/1000(75%)
Task: 9,	 Epoch: 8/40,	 Avg.loss: 0.0008,	 Test Accuracy: 739/1000(74%)
Task: 9,	 Epoch: 9/40,	 Avg.loss: 0.0007,	 Test Accuracy: 764/1000(76%)
Task: 9,	 Epoch: 10/40,	 Avg.loss: 0.0008,	 Test Accuracy: 755/1000(76%)
Task: 9,	 Epoch: 11/40,	 Avg.loss: 0.0007,	 Test Accuracy: 769/1000(77%)
Task: 9,	 Epoch: 12/40,	 Avg.loss: 0.0007,	 Test Accuracy: 785/1000(78%)
Task: 9,	 Epoch: 13/40,	 Avg.loss: 0.0008,	 Test Accuracy: 752/1000(75%)
Task: 9,	 Epoch: 14/40,	 Avg.loss: 0.0007,	 Test Accuracy: 786/1000(79%)
Task: 9,	 Epoch: 15/40,	 Avg.loss: 0.0007,	 Test Accuracy: 767/1000(77%)
Task: 9,	 Epoch: 16/40,	 Avg.loss: 0.0007,	 Test Accuracy: 789/1000(79%)
Task: 9,	 Epoch: 17/40,	 Avg.loss: 0.0007,	 Test Accuracy: 790/1000(79%)
Task: 9,	 Epoch: 18/40,	 Avg.loss: 0.0008,	 Test Accuracy: 761/1000(76%)
Task: 9,	 Epoch: 19/40,	 Avg.loss: 0.0007,	 Test Accuracy: 786/1000(79%)
Task: 9,	 Epoch: 20/40,	 Avg.loss: 0.0007,	 Test Accuracy: 800/1000(80%)
Task: 9,	 Epoch: 21/40,	 Avg.loss: 0.0007,	 Test Accuracy: 799/1000(80%)
Task: 9,	 Epoch: 22/40,	 Avg.loss: 0.0006,	 Test Accuracy: 802/1000(80%)
Task: 9,	 Epoch: 23/40,	 Avg.loss: 0.0007,	 Test Accuracy: 800/1000(80%)
Task: 9,	 Epoch: 24/40,	 Avg.loss: 0.0006,	 Test Accuracy: 796/1000(80%)
Task: 9,	 Epoch: 25/40,	 Avg.loss: 0.0006,	 Test Accuracy: 794/1000(79%)
Task: 9,	 Epoch: 26/40,	 Avg.loss: 0.0006,	 Test Accuracy: 795/1000(80%)
Task: 9,	 Epoch: 27/40,	 Avg.loss: 0.0006,	 Test Accuracy: 803/1000(80%)
Task: 9,	 Epoch: 28/40,	 Avg.loss: 0.0006,	 Test Accuracy: 802/1000(80%)
Task: 9,	 Epoch: 29/40,	 Avg.loss: 0.0006,	 Test Accuracy: 804/1000(80%)
Task: 9,	 Epoch: 30/40,	 Avg.loss: 0.0006,	 Test Accuracy: 799/1000(80%)
Task: 9,	 Epoch: 31/40,	 Avg.loss: 0.0006,	 Test Accuracy: 800/1000(80%)
Task: 9,	 Epoch: 32/40,	 Avg.loss: 0.0006,	 Test Accuracy: 803/1000(80%)
Task: 9,	 Epoch: 33/40,	 Avg.loss: 0.0006,	 Test Accuracy: 799/1000(80%)
Task: 9,	 Epoch: 34/40,	 Avg.loss: 0.0006,	 Test Accuracy: 807/1000(81%)
Task: 9,	 Epoch: 35/40,	 Avg.loss: 0.0006,	 Test Accuracy: 806/1000(81%)
Task: 9,	 Epoch: 36/40,	 Avg.loss: 0.0006,	 Test Accuracy: 800/1000(80%)
Task: 9,	 Epoch: 37/40,	 Avg.loss: 0.0006,	 Test Accuracy: 800/1000(80%)
Task: 9,	 Epoch: 38/40,	 Avg.loss: 0.0006,	 Test Accuracy: 805/1000(81%)
Task: 9,	 Epoch: 39/40,	 Avg.loss: 0.0006,	 Test Accuracy: 803/1000(80%)
Trained Task:9, Loaded task:0, Accuracy:80.9%
Trained Task:9, Loaded task:1, Accuracy:78.0%
Trained Task:9, Loaded task:2, Accuracy:80.3%
Trained Task:9, Loaded task:3, Accuracy:70.6%
Trained Task:9, Loaded task:4, Accuracy:74.1%
Trained Task:9, Loaded task:5, Accuracy:72.6%
Trained Task:9, Loaded task:6, Accuracy:74.2%
Trained Task:9, Loaded task:7, Accuracy:69.2%
Trained Task:9, Loaded task:8, Accuracy:76.6%
Trained Task:9, Loaded task:9, Accuracy:80.3%
Trained Task:9, Avg. Accuracy: 75.7 

List of avg. accuracy: [85.2, 82.6, 81.4, 78.3, 77.2, 76.0, 75.9, 75.0, 75.4, 75.7]
