Mask histogram
conv1_layer.0.weight: 	 tensor([    0., 32768.,     0.,     0.,     0.,     0.,     0.,     0.,     0.,
            0.,     0.], device='cuda:0')
conv2_layer.0.weight: 	 tensor([   0., 8192.,    0.,    0.,    0.,    0.,    0.,    0.,    0.,    0.,
           0.], device='cuda:0')
conv3_layer.0.weight: 	 tensor([    0., 16384.,     0.,     0.,     0.,     0.,     0.,     0.,     0.,
            0.,     0.], device='cuda:0')
conv4_layer.0.weight: 	 tensor([2480., 1616.,    0.,    0.,    0.,    0.,    0.,    0.,    0.,    0.,
           0.], device='cuda:0')
fc1_layer.0.weight: 	 tensor([321., 191.,   0.,   0.,   0.,   0.,   0.,   0.,   0.,   0.,   0.],
       device='cuda:0')
Head Finetuning    :Task: 0,	 Epoch: 0/40,	 Avg.loss: 0.0020,	 Test Accuracy: 357/1000(36%)
Head Finetuning    :Task: 0,	 Epoch: 1/40,	 Avg.loss: 0.0018,	 Test Accuracy: 437/1000(44%)
Head Finetuning    :Task: 0,	 Epoch: 2/40,	 Avg.loss: 0.0017,	 Test Accuracy: 468/1000(47%)
Head Finetuning    :Task: 0,	 Epoch: 3/40,	 Avg.loss: 0.0016,	 Test Accuracy: 498/1000(50%)
Head Finetuning    :Task: 0,	 Epoch: 4/40,	 Avg.loss: 0.0016,	 Test Accuracy: 508/1000(51%)
Head Finetuning    :Task: 0,	 Epoch: 5/40,	 Avg.loss: 0.0015,	 Test Accuracy: 515/1000(52%)
Head Finetuning    :Task: 0,	 Epoch: 6/40,	 Avg.loss: 0.0015,	 Test Accuracy: 519/1000(52%)
Head Finetuning    :Task: 0,	 Epoch: 7/40,	 Avg.loss: 0.0014,	 Test Accuracy: 529/1000(53%)
Head Finetuning    :Task: 0,	 Epoch: 8/40,	 Avg.loss: 0.0014,	 Test Accuracy: 529/1000(53%)
Head Finetuning    :Task: 0,	 Epoch: 9/40,	 Avg.loss: 0.0014,	 Test Accuracy: 533/1000(53%)
Head Finetuning    :Task: 0,	 Epoch: 10/40,	 Avg.loss: 0.0014,	 Test Accuracy: 538/1000(54%)
Head Finetuning    :Task: 0,	 Epoch: 11/40,	 Avg.loss: 0.0014,	 Test Accuracy: 537/1000(54%)
Head Finetuning    :Task: 0,	 Epoch: 12/40,	 Avg.loss: 0.0014,	 Test Accuracy: 543/1000(54%)
Head Finetuning    :Task: 0,	 Epoch: 13/40,	 Avg.loss: 0.0014,	 Test Accuracy: 539/1000(54%)
Head Finetuning    :Task: 0,	 Epoch: 14/40,	 Avg.loss: 0.0013,	 Test Accuracy: 544/1000(54%)
Task: 0,	 Epoch: 0/40,	 Avg.loss: 0.0009,	 Test Accuracy: 681/1000(68%)
Task: 0,	 Epoch: 1/40,	 Avg.loss: 0.0008,	 Test Accuracy: 726/1000(73%)
Task: 0,	 Epoch: 2/40,	 Avg.loss: 0.0007,	 Test Accuracy: 763/1000(76%)
Task: 0,	 Epoch: 3/40,	 Avg.loss: 0.0007,	 Test Accuracy: 757/1000(76%)
Task: 0,	 Epoch: 4/40,	 Avg.loss: 0.0007,	 Test Accuracy: 781/1000(78%)
Task: 0,	 Epoch: 5/40,	 Avg.loss: 0.0006,	 Test Accuracy: 782/1000(78%)
Task: 0,	 Epoch: 6/40,	 Avg.loss: 0.0006,	 Test Accuracy: 790/1000(79%)
Task: 0,	 Epoch: 7/40,	 Avg.loss: 0.0007,	 Test Accuracy: 801/1000(80%)
Task: 0,	 Epoch: 8/40,	 Avg.loss: 0.0006,	 Test Accuracy: 815/1000(82%)
Task: 0,	 Epoch: 9/40,	 Avg.loss: 0.0006,	 Test Accuracy: 817/1000(82%)
Task: 0,	 Epoch: 10/40,	 Avg.loss: 0.0007,	 Test Accuracy: 784/1000(78%)
Task: 0,	 Epoch: 11/40,	 Avg.loss: 0.0006,	 Test Accuracy: 821/1000(82%)
Task: 0,	 Epoch: 12/40,	 Avg.loss: 0.0006,	 Test Accuracy: 823/1000(82%)
Task: 0,	 Epoch: 13/40,	 Avg.loss: 0.0006,	 Test Accuracy: 826/1000(83%)
Task: 0,	 Epoch: 14/40,	 Avg.loss: 0.0006,	 Test Accuracy: 815/1000(82%)
Task: 0,	 Epoch: 15/40,	 Avg.loss: 0.0006,	 Test Accuracy: 822/1000(82%)
Task: 0,	 Epoch: 16/40,	 Avg.loss: 0.0006,	 Test Accuracy: 821/1000(82%)
Task: 0,	 Epoch: 17/40,	 Avg.loss: 0.0006,	 Test Accuracy: 835/1000(84%)
Task: 0,	 Epoch: 18/40,	 Avg.loss: 0.0006,	 Test Accuracy: 824/1000(82%)
Task: 0,	 Epoch: 19/40,	 Avg.loss: 0.0006,	 Test Accuracy: 827/1000(83%)
Task: 0,	 Epoch: 20/40,	 Avg.loss: 0.0006,	 Test Accuracy: 836/1000(84%)
Task: 0,	 Epoch: 21/40,	 Avg.loss: 0.0005,	 Test Accuracy: 845/1000(85%)
Task: 0,	 Epoch: 22/40,	 Avg.loss: 0.0006,	 Test Accuracy: 840/1000(84%)
Task: 0,	 Epoch: 23/40,	 Avg.loss: 0.0005,	 Test Accuracy: 844/1000(84%)
Task: 0,	 Epoch: 24/40,	 Avg.loss: 0.0006,	 Test Accuracy: 834/1000(83%)
Task: 0,	 Epoch: 25/40,	 Avg.loss: 0.0006,	 Test Accuracy: 842/1000(84%)
Task: 0,	 Epoch: 26/40,	 Avg.loss: 0.0005,	 Test Accuracy: 843/1000(84%)
Task: 0,	 Epoch: 27/40,	 Avg.loss: 0.0006,	 Test Accuracy: 842/1000(84%)
Task: 0,	 Epoch: 28/40,	 Avg.loss: 0.0005,	 Test Accuracy: 843/1000(84%)
Task: 0,	 Epoch: 29/40,	 Avg.loss: 0.0005,	 Test Accuracy: 853/1000(85%)
Task: 0,	 Epoch: 30/40,	 Avg.loss: 0.0005,	 Test Accuracy: 851/1000(85%)
Task: 0,	 Epoch: 31/40,	 Avg.loss: 0.0005,	 Test Accuracy: 849/1000(85%)
Task: 0,	 Epoch: 32/40,	 Avg.loss: 0.0006,	 Test Accuracy: 847/1000(85%)
Task: 0,	 Epoch: 33/40,	 Avg.loss: 0.0005,	 Test Accuracy: 850/1000(85%)
Task: 0,	 Epoch: 34/40,	 Avg.loss: 0.0006,	 Test Accuracy: 848/1000(85%)
Task: 0,	 Epoch: 35/40,	 Avg.loss: 0.0006,	 Test Accuracy: 845/1000(85%)
Task: 0,	 Epoch: 36/40,	 Avg.loss: 0.0006,	 Test Accuracy: 847/1000(85%)
Task: 0,	 Epoch: 37/40,	 Avg.loss: 0.0006,	 Test Accuracy: 850/1000(85%)
Task: 0,	 Epoch: 38/40,	 Avg.loss: 0.0006,	 Test Accuracy: 853/1000(85%)
Task: 0,	 Epoch: 39/40,	 Avg.loss: 0.0006,	 Test Accuracy: 849/1000(85%)
Trained Task:0, Loaded task:0, Accuracy:84.9%
Trained Task:0, Avg. Accuracy: 84.9 

List of avg. accuracy: [84.9]
Mask histogram
conv1_layer.0.weight: 	 tensor([    0.,     0., 32768.,     0.,     0.,     0.,     0.,     0.,     0.,
            0.,     0.], device='cuda:0')
conv2_layer.0.weight: 	 tensor([   0.,    0., 8192.,    0.,    0.,    0.,    0.,    0.,    0.,    0.,
           0.], device='cuda:0')
conv3_layer.0.weight: 	 tensor([    0.,     0., 16384.,     0.,     0.,     0.,     0.,     0.,     0.,
            0.,     0.], device='cuda:0')
conv4_layer.0.weight: 	 tensor([1496., 1976.,  624.,    0.,    0.,    0.,    0.,    0.,    0.,    0.,
           0.], device='cuda:0')
fc1_layer.0.weight: 	 tensor([190., 247.,  75.,   0.,   0.,   0.,   0.,   0.,   0.,   0.,   0.],
       device='cuda:0')
Head Finetuning    :Task: 1,	 Epoch: 0/40,	 Avg.loss: 0.0023,	 Test Accuracy: 122/1000(12%)
Head Finetuning    :Task: 1,	 Epoch: 1/40,	 Avg.loss: 0.0023,	 Test Accuracy: 131/1000(13%)
Head Finetuning    :Task: 1,	 Epoch: 2/40,	 Avg.loss: 0.0023,	 Test Accuracy: 147/1000(15%)
Head Finetuning    :Task: 1,	 Epoch: 3/40,	 Avg.loss: 0.0023,	 Test Accuracy: 157/1000(16%)
Head Finetuning    :Task: 1,	 Epoch: 4/40,	 Avg.loss: 0.0022,	 Test Accuracy: 167/1000(17%)
Head Finetuning    :Task: 1,	 Epoch: 5/40,	 Avg.loss: 0.0022,	 Test Accuracy: 176/1000(18%)
Head Finetuning    :Task: 1,	 Epoch: 6/40,	 Avg.loss: 0.0022,	 Test Accuracy: 186/1000(19%)
Head Finetuning    :Task: 1,	 Epoch: 7/40,	 Avg.loss: 0.0022,	 Test Accuracy: 196/1000(20%)
Head Finetuning    :Task: 1,	 Epoch: 8/40,	 Avg.loss: 0.0022,	 Test Accuracy: 204/1000(20%)
Head Finetuning    :Task: 1,	 Epoch: 9/40,	 Avg.loss: 0.0022,	 Test Accuracy: 213/1000(21%)
Head Finetuning    :Task: 1,	 Epoch: 10/40,	 Avg.loss: 0.0022,	 Test Accuracy: 221/1000(22%)
Head Finetuning    :Task: 1,	 Epoch: 11/40,	 Avg.loss: 0.0022,	 Test Accuracy: 228/1000(23%)
Head Finetuning    :Task: 1,	 Epoch: 12/40,	 Avg.loss: 0.0022,	 Test Accuracy: 243/1000(24%)
Head Finetuning    :Task: 1,	 Epoch: 13/40,	 Avg.loss: 0.0021,	 Test Accuracy: 248/1000(25%)
Head Finetuning    :Task: 1,	 Epoch: 14/40,	 Avg.loss: 0.0021,	 Test Accuracy: 259/1000(26%)
Task: 1,	 Epoch: 0/40,	 Avg.loss: 0.0009,	 Test Accuracy: 685/1000(68%)
Task: 1,	 Epoch: 1/40,	 Avg.loss: 0.0008,	 Test Accuracy: 713/1000(71%)
Task: 1,	 Epoch: 2/40,	 Avg.loss: 0.0008,	 Test Accuracy: 748/1000(75%)
Task: 1,	 Epoch: 3/40,	 Avg.loss: 0.0008,	 Test Accuracy: 725/1000(72%)
Task: 1,	 Epoch: 4/40,	 Avg.loss: 0.0008,	 Test Accuracy: 706/1000(71%)
Task: 1,	 Epoch: 5/40,	 Avg.loss: 0.0007,	 Test Accuracy: 744/1000(74%)
Task: 1,	 Epoch: 6/40,	 Avg.loss: 0.0007,	 Test Accuracy: 734/1000(73%)
Task: 1,	 Epoch: 7/40,	 Avg.loss: 0.0007,	 Test Accuracy: 735/1000(74%)
Task: 1,	 Epoch: 8/40,	 Avg.loss: 0.0008,	 Test Accuracy: 733/1000(73%)
Task: 1,	 Epoch: 9/40,	 Avg.loss: 0.0007,	 Test Accuracy: 734/1000(73%)
Task: 1,	 Epoch: 10/40,	 Avg.loss: 0.0007,	 Test Accuracy: 740/1000(74%)
Task: 1,	 Epoch: 11/40,	 Avg.loss: 0.0007,	 Test Accuracy: 740/1000(74%)
Task: 1,	 Epoch: 12/40,	 Avg.loss: 0.0007,	 Test Accuracy: 742/1000(74%)
Task: 1,	 Epoch: 13/40,	 Avg.loss: 0.0007,	 Test Accuracy: 753/1000(75%)
Task: 1,	 Epoch: 14/40,	 Avg.loss: 0.0007,	 Test Accuracy: 763/1000(76%)
Task: 1,	 Epoch: 15/40,	 Avg.loss: 0.0007,	 Test Accuracy: 752/1000(75%)
Task: 1,	 Epoch: 16/40,	 Avg.loss: 0.0007,	 Test Accuracy: 764/1000(76%)
Task: 1,	 Epoch: 17/40,	 Avg.loss: 0.0007,	 Test Accuracy: 766/1000(77%)
Task: 1,	 Epoch: 18/40,	 Avg.loss: 0.0007,	 Test Accuracy: 768/1000(77%)
Task: 1,	 Epoch: 19/40,	 Avg.loss: 0.0007,	 Test Accuracy: 766/1000(77%)
Task: 1,	 Epoch: 20/40,	 Avg.loss: 0.0007,	 Test Accuracy: 777/1000(78%)
Task: 1,	 Epoch: 21/40,	 Avg.loss: 0.0007,	 Test Accuracy: 778/1000(78%)
Task: 1,	 Epoch: 22/40,	 Avg.loss: 0.0007,	 Test Accuracy: 783/1000(78%)
Task: 1,	 Epoch: 23/40,	 Avg.loss: 0.0007,	 Test Accuracy: 779/1000(78%)
Task: 1,	 Epoch: 24/40,	 Avg.loss: 0.0007,	 Test Accuracy: 774/1000(77%)
Task: 1,	 Epoch: 25/40,	 Avg.loss: 0.0007,	 Test Accuracy: 773/1000(77%)
Task: 1,	 Epoch: 26/40,	 Avg.loss: 0.0007,	 Test Accuracy: 775/1000(78%)
Task: 1,	 Epoch: 27/40,	 Avg.loss: 0.0007,	 Test Accuracy: 772/1000(77%)
Task: 1,	 Epoch: 28/40,	 Avg.loss: 0.0007,	 Test Accuracy: 778/1000(78%)
Task: 1,	 Epoch: 29/40,	 Avg.loss: 0.0007,	 Test Accuracy: 786/1000(79%)
Task: 1,	 Epoch: 30/40,	 Avg.loss: 0.0007,	 Test Accuracy: 779/1000(78%)
Task: 1,	 Epoch: 31/40,	 Avg.loss: 0.0007,	 Test Accuracy: 777/1000(78%)
Task: 1,	 Epoch: 32/40,	 Avg.loss: 0.0007,	 Test Accuracy: 775/1000(78%)
Task: 1,	 Epoch: 33/40,	 Avg.loss: 0.0007,	 Test Accuracy: 775/1000(78%)
Task: 1,	 Epoch: 34/40,	 Avg.loss: 0.0007,	 Test Accuracy: 778/1000(78%)
Task: 1,	 Epoch: 35/40,	 Avg.loss: 0.0007,	 Test Accuracy: 780/1000(78%)
Task: 1,	 Epoch: 36/40,	 Avg.loss: 0.0007,	 Test Accuracy: 774/1000(77%)
Task: 1,	 Epoch: 37/40,	 Avg.loss: 0.0007,	 Test Accuracy: 781/1000(78%)
Task: 1,	 Epoch: 38/40,	 Avg.loss: 0.0007,	 Test Accuracy: 782/1000(78%)
Task: 1,	 Epoch: 39/40,	 Avg.loss: 0.0007,	 Test Accuracy: 782/1000(78%)
Trained Task:1, Loaded task:0, Accuracy:84.2%
Trained Task:1, Loaded task:1, Accuracy:78.2%
Trained Task:1, Avg. Accuracy: 81.2 

List of avg. accuracy: [84.9, 81.2]
Mask histogram
conv1_layer.0.weight: 	 tensor([    0.,     0.,     0., 32768.,     0.,     0.,     0.,     0.,     0.,
            0.,     0.], device='cuda:0')
conv2_layer.0.weight: 	 tensor([   0.,    0.,    0., 8192.,    0.,    0.,    0.,    0.,    0.,    0.,
           0.], device='cuda:0')
conv3_layer.0.weight: 	 tensor([    0.,     0.,     0., 16384.,     0.,     0.,     0.,     0.,     0.,
            0.,     0.], device='cuda:0')
conv4_layer.0.weight: 	 tensor([ 882., 1818., 1132.,  264.,    0.,    0.,    0.,    0.,    0.,    0.,
           0.], device='cuda:0')
fc1_layer.0.weight: 	 tensor([110., 236., 132.,  34.,   0.,   0.,   0.,   0.,   0.,   0.,   0.],
       device='cuda:0')
Head Finetuning    :Task: 2,	 Epoch: 0/40,	 Avg.loss: 0.0024,	 Test Accuracy: 90/1000(9%)
Head Finetuning    :Task: 2,	 Epoch: 1/40,	 Avg.loss: 0.0024,	 Test Accuracy: 102/1000(10%)
Head Finetuning    :Task: 2,	 Epoch: 2/40,	 Avg.loss: 0.0023,	 Test Accuracy: 111/1000(11%)
Head Finetuning    :Task: 2,	 Epoch: 3/40,	 Avg.loss: 0.0023,	 Test Accuracy: 120/1000(12%)
Head Finetuning    :Task: 2,	 Epoch: 4/40,	 Avg.loss: 0.0023,	 Test Accuracy: 129/1000(13%)
Head Finetuning    :Task: 2,	 Epoch: 5/40,	 Avg.loss: 0.0023,	 Test Accuracy: 145/1000(15%)
Head Finetuning    :Task: 2,	 Epoch: 6/40,	 Avg.loss: 0.0023,	 Test Accuracy: 154/1000(15%)
Head Finetuning    :Task: 2,	 Epoch: 7/40,	 Avg.loss: 0.0022,	 Test Accuracy: 163/1000(16%)
Head Finetuning    :Task: 2,	 Epoch: 8/40,	 Avg.loss: 0.0022,	 Test Accuracy: 169/1000(17%)
Head Finetuning    :Task: 2,	 Epoch: 9/40,	 Avg.loss: 0.0022,	 Test Accuracy: 173/1000(17%)
Head Finetuning    :Task: 2,	 Epoch: 10/40,	 Avg.loss: 0.0022,	 Test Accuracy: 184/1000(18%)
Head Finetuning    :Task: 2,	 Epoch: 11/40,	 Avg.loss: 0.0022,	 Test Accuracy: 190/1000(19%)
Head Finetuning    :Task: 2,	 Epoch: 12/40,	 Avg.loss: 0.0022,	 Test Accuracy: 201/1000(20%)
Head Finetuning    :Task: 2,	 Epoch: 13/40,	 Avg.loss: 0.0022,	 Test Accuracy: 214/1000(21%)
Head Finetuning    :Task: 2,	 Epoch: 14/40,	 Avg.loss: 0.0021,	 Test Accuracy: 222/1000(22%)
Task: 2,	 Epoch: 0/40,	 Avg.loss: 0.0008,	 Test Accuracy: 718/1000(72%)
Task: 2,	 Epoch: 1/40,	 Avg.loss: 0.0008,	 Test Accuracy: 747/1000(75%)
Task: 2,	 Epoch: 2/40,	 Avg.loss: 0.0007,	 Test Accuracy: 752/1000(75%)
Task: 2,	 Epoch: 3/40,	 Avg.loss: 0.0007,	 Test Accuracy: 759/1000(76%)
Task: 2,	 Epoch: 4/40,	 Avg.loss: 0.0007,	 Test Accuracy: 781/1000(78%)
Task: 2,	 Epoch: 5/40,	 Avg.loss: 0.0006,	 Test Accuracy: 789/1000(79%)
Task: 2,	 Epoch: 6/40,	 Avg.loss: 0.0008,	 Test Accuracy: 745/1000(74%)
Task: 2,	 Epoch: 7/40,	 Avg.loss: 0.0007,	 Test Accuracy: 786/1000(79%)
Task: 2,	 Epoch: 8/40,	 Avg.loss: 0.0006,	 Test Accuracy: 789/1000(79%)
Task: 2,	 Epoch: 9/40,	 Avg.loss: 0.0007,	 Test Accuracy: 777/1000(78%)
Task: 2,	 Epoch: 10/40,	 Avg.loss: 0.0007,	 Test Accuracy: 788/1000(79%)
Task: 2,	 Epoch: 11/40,	 Avg.loss: 0.0006,	 Test Accuracy: 795/1000(80%)
Task: 2,	 Epoch: 12/40,	 Avg.loss: 0.0006,	 Test Accuracy: 802/1000(80%)
Task: 2,	 Epoch: 13/40,	 Avg.loss: 0.0007,	 Test Accuracy: 796/1000(80%)
Task: 2,	 Epoch: 14/40,	 Avg.loss: 0.0006,	 Test Accuracy: 807/1000(81%)
Task: 2,	 Epoch: 15/40,	 Avg.loss: 0.0006,	 Test Accuracy: 804/1000(80%)
Task: 2,	 Epoch: 16/40,	 Avg.loss: 0.0007,	 Test Accuracy: 788/1000(79%)
Task: 2,	 Epoch: 17/40,	 Avg.loss: 0.0007,	 Test Accuracy: 780/1000(78%)
Task: 2,	 Epoch: 18/40,	 Avg.loss: 0.0006,	 Test Accuracy: 805/1000(81%)
Task: 2,	 Epoch: 19/40,	 Avg.loss: 0.0006,	 Test Accuracy: 793/1000(79%)
Task: 2,	 Epoch: 20/40,	 Avg.loss: 0.0006,	 Test Accuracy: 811/1000(81%)
Task: 2,	 Epoch: 21/40,	 Avg.loss: 0.0006,	 Test Accuracy: 811/1000(81%)
Task: 2,	 Epoch: 22/40,	 Avg.loss: 0.0006,	 Test Accuracy: 814/1000(81%)
Task: 2,	 Epoch: 23/40,	 Avg.loss: 0.0006,	 Test Accuracy: 816/1000(82%)
Task: 2,	 Epoch: 24/40,	 Avg.loss: 0.0006,	 Test Accuracy: 814/1000(81%)
Task: 2,	 Epoch: 25/40,	 Avg.loss: 0.0006,	 Test Accuracy: 816/1000(82%)
Task: 2,	 Epoch: 26/40,	 Avg.loss: 0.0006,	 Test Accuracy: 818/1000(82%)
Task: 2,	 Epoch: 27/40,	 Avg.loss: 0.0006,	 Test Accuracy: 818/1000(82%)
Task: 2,	 Epoch: 28/40,	 Avg.loss: 0.0006,	 Test Accuracy: 818/1000(82%)
Task: 2,	 Epoch: 29/40,	 Avg.loss: 0.0006,	 Test Accuracy: 808/1000(81%)
Task: 2,	 Epoch: 30/40,	 Avg.loss: 0.0006,	 Test Accuracy: 819/1000(82%)
Task: 2,	 Epoch: 31/40,	 Avg.loss: 0.0006,	 Test Accuracy: 816/1000(82%)
Task: 2,	 Epoch: 32/40,	 Avg.loss: 0.0006,	 Test Accuracy: 813/1000(81%)
Task: 2,	 Epoch: 33/40,	 Avg.loss: 0.0006,	 Test Accuracy: 816/1000(82%)
Task: 2,	 Epoch: 34/40,	 Avg.loss: 0.0006,	 Test Accuracy: 815/1000(82%)
Task: 2,	 Epoch: 35/40,	 Avg.loss: 0.0006,	 Test Accuracy: 814/1000(81%)
Task: 2,	 Epoch: 36/40,	 Avg.loss: 0.0006,	 Test Accuracy: 815/1000(82%)
Task: 2,	 Epoch: 37/40,	 Avg.loss: 0.0006,	 Test Accuracy: 816/1000(82%)
Task: 2,	 Epoch: 38/40,	 Avg.loss: 0.0006,	 Test Accuracy: 815/1000(82%)
Task: 2,	 Epoch: 39/40,	 Avg.loss: 0.0006,	 Test Accuracy: 813/1000(81%)
Trained Task:2, Loaded task:0, Accuracy:83.9%
Trained Task:2, Loaded task:1, Accuracy:77.9%
Trained Task:2, Loaded task:2, Accuracy:81.3%
Trained Task:2, Avg. Accuracy: 81.0 

List of avg. accuracy: [84.9, 81.2, 81.0]
Mask histogram
conv1_layer.0.weight: 	 tensor([    0.,     0.,     0.,     0., 32768.,     0.,     0.,     0.,     0.,
            0.,     0.], device='cuda:0')
conv2_layer.0.weight: 	 tensor([   0.,    0.,    0.,    0., 8192.,    0.,    0.,    0.,    0.,    0.,
           0.], device='cuda:0')
conv3_layer.0.weight: 	 tensor([    0.,     0.,     0.,     0., 16384.,     0.,     0.,     0.,     0.,
            0.,     0.], device='cuda:0')
conv4_layer.0.weight: 	 tensor([ 511., 1449., 1408.,  621.,  107.,    0.,    0.,    0.,    0.,    0.,
           0.], device='cuda:0')
fc1_layer.0.weight: 	 tensor([ 64., 190., 175.,  69.,  14.,   0.,   0.,   0.,   0.,   0.,   0.],
       device='cuda:0')
Head Finetuning    :Task: 3,	 Epoch: 0/40,	 Avg.loss: 0.0024,	 Test Accuracy: 101/1000(10%)
Head Finetuning    :Task: 3,	 Epoch: 1/40,	 Avg.loss: 0.0024,	 Test Accuracy: 123/1000(12%)
Head Finetuning    :Task: 3,	 Epoch: 2/40,	 Avg.loss: 0.0023,	 Test Accuracy: 137/1000(14%)
Head Finetuning    :Task: 3,	 Epoch: 3/40,	 Avg.loss: 0.0023,	 Test Accuracy: 144/1000(14%)
Head Finetuning    :Task: 3,	 Epoch: 4/40,	 Avg.loss: 0.0023,	 Test Accuracy: 159/1000(16%)
Head Finetuning    :Task: 3,	 Epoch: 5/40,	 Avg.loss: 0.0023,	 Test Accuracy: 165/1000(16%)
Head Finetuning    :Task: 3,	 Epoch: 6/40,	 Avg.loss: 0.0022,	 Test Accuracy: 178/1000(18%)
Head Finetuning    :Task: 3,	 Epoch: 7/40,	 Avg.loss: 0.0022,	 Test Accuracy: 191/1000(19%)
Head Finetuning    :Task: 3,	 Epoch: 8/40,	 Avg.loss: 0.0022,	 Test Accuracy: 203/1000(20%)
Head Finetuning    :Task: 3,	 Epoch: 9/40,	 Avg.loss: 0.0022,	 Test Accuracy: 207/1000(21%)
Head Finetuning    :Task: 3,	 Epoch: 10/40,	 Avg.loss: 0.0022,	 Test Accuracy: 211/1000(21%)
Head Finetuning    :Task: 3,	 Epoch: 11/40,	 Avg.loss: 0.0021,	 Test Accuracy: 217/1000(22%)
Head Finetuning    :Task: 3,	 Epoch: 12/40,	 Avg.loss: 0.0021,	 Test Accuracy: 222/1000(22%)
Head Finetuning    :Task: 3,	 Epoch: 13/40,	 Avg.loss: 0.0021,	 Test Accuracy: 232/1000(23%)
Head Finetuning    :Task: 3,	 Epoch: 14/40,	 Avg.loss: 0.0021,	 Test Accuracy: 237/1000(24%)
Task: 3,	 Epoch: 0/40,	 Avg.loss: 0.0010,	 Test Accuracy: 659/1000(66%)
Task: 3,	 Epoch: 1/40,	 Avg.loss: 0.0010,	 Test Accuracy: 645/1000(64%)
Task: 3,	 Epoch: 2/40,	 Avg.loss: 0.0009,	 Test Accuracy: 706/1000(71%)
Task: 3,	 Epoch: 3/40,	 Avg.loss: 0.0009,	 Test Accuracy: 714/1000(71%)
Task: 3,	 Epoch: 4/40,	 Avg.loss: 0.0008,	 Test Accuracy: 726/1000(73%)
Task: 3,	 Epoch: 5/40,	 Avg.loss: 0.0008,	 Test Accuracy: 732/1000(73%)
Task: 3,	 Epoch: 6/40,	 Avg.loss: 0.0008,	 Test Accuracy: 739/1000(74%)
Task: 3,	 Epoch: 7/40,	 Avg.loss: 0.0008,	 Test Accuracy: 752/1000(75%)
Task: 3,	 Epoch: 8/40,	 Avg.loss: 0.0008,	 Test Accuracy: 731/1000(73%)
Task: 3,	 Epoch: 9/40,	 Avg.loss: 0.0008,	 Test Accuracy: 741/1000(74%)
Task: 3,	 Epoch: 10/40,	 Avg.loss: 0.0008,	 Test Accuracy: 744/1000(74%)
Task: 3,	 Epoch: 11/40,	 Avg.loss: 0.0007,	 Test Accuracy: 765/1000(76%)
Task: 3,	 Epoch: 12/40,	 Avg.loss: 0.0008,	 Test Accuracy: 749/1000(75%)
Task: 3,	 Epoch: 13/40,	 Avg.loss: 0.0008,	 Test Accuracy: 757/1000(76%)
Task: 3,	 Epoch: 14/40,	 Avg.loss: 0.0008,	 Test Accuracy: 726/1000(73%)
Task: 3,	 Epoch: 15/40,	 Avg.loss: 0.0007,	 Test Accuracy: 762/1000(76%)
Task: 3,	 Epoch: 16/40,	 Avg.loss: 0.0008,	 Test Accuracy: 751/1000(75%)
Task: 3,	 Epoch: 17/40,	 Avg.loss: 0.0007,	 Test Accuracy: 749/1000(75%)
Task: 3,	 Epoch: 18/40,	 Avg.loss: 0.0008,	 Test Accuracy: 751/1000(75%)
Task: 3,	 Epoch: 19/40,	 Avg.loss: 0.0007,	 Test Accuracy: 763/1000(76%)
Task: 3,	 Epoch: 20/40,	 Avg.loss: 0.0007,	 Test Accuracy: 774/1000(77%)
Task: 3,	 Epoch: 21/40,	 Avg.loss: 0.0007,	 Test Accuracy: 775/1000(78%)
Task: 3,	 Epoch: 22/40,	 Avg.loss: 0.0007,	 Test Accuracy: 774/1000(77%)
Task: 3,	 Epoch: 23/40,	 Avg.loss: 0.0007,	 Test Accuracy: 774/1000(77%)
Task: 3,	 Epoch: 24/40,	 Avg.loss: 0.0007,	 Test Accuracy: 772/1000(77%)
Task: 3,	 Epoch: 25/40,	 Avg.loss: 0.0007,	 Test Accuracy: 773/1000(77%)
Task: 3,	 Epoch: 26/40,	 Avg.loss: 0.0007,	 Test Accuracy: 771/1000(77%)
Task: 3,	 Epoch: 27/40,	 Avg.loss: 0.0007,	 Test Accuracy: 778/1000(78%)
Task: 3,	 Epoch: 28/40,	 Avg.loss: 0.0007,	 Test Accuracy: 776/1000(78%)
Task: 3,	 Epoch: 29/40,	 Avg.loss: 0.0007,	 Test Accuracy: 774/1000(77%)
Task: 3,	 Epoch: 30/40,	 Avg.loss: 0.0007,	 Test Accuracy: 775/1000(78%)
Task: 3,	 Epoch: 31/40,	 Avg.loss: 0.0007,	 Test Accuracy: 777/1000(78%)
Task: 3,	 Epoch: 32/40,	 Avg.loss: 0.0007,	 Test Accuracy: 768/1000(77%)
Task: 3,	 Epoch: 33/40,	 Avg.loss: 0.0007,	 Test Accuracy: 775/1000(78%)
Task: 3,	 Epoch: 34/40,	 Avg.loss: 0.0007,	 Test Accuracy: 775/1000(78%)
Task: 3,	 Epoch: 35/40,	 Avg.loss: 0.0007,	 Test Accuracy: 780/1000(78%)
Task: 3,	 Epoch: 36/40,	 Avg.loss: 0.0007,	 Test Accuracy: 779/1000(78%)
Task: 3,	 Epoch: 37/40,	 Avg.loss: 0.0007,	 Test Accuracy: 775/1000(78%)
Task: 3,	 Epoch: 38/40,	 Avg.loss: 0.0007,	 Test Accuracy: 771/1000(77%)
Task: 3,	 Epoch: 39/40,	 Avg.loss: 0.0007,	 Test Accuracy: 770/1000(77%)
Trained Task:3, Loaded task:0, Accuracy:84.1%
Trained Task:3, Loaded task:1, Accuracy:78.0%
Trained Task:3, Loaded task:2, Accuracy:81.8%
Trained Task:3, Loaded task:3, Accuracy:77.0%
Trained Task:3, Avg. Accuracy: 80.2 

List of avg. accuracy: [84.9, 81.2, 81.0, 80.2]
Mask histogram
conv1_layer.0.weight: 	 tensor([    0.,     0.,     0.,     0.,     0., 32768.,     0.,     0.,     0.,
            0.,     0.], device='cuda:0')
conv2_layer.0.weight: 	 tensor([   0.,    0.,    0.,    0.,    0., 8192.,    0.,    0.,    0.,    0.,
           0.], device='cuda:0')
conv3_layer.0.weight: 	 tensor([    0.,     0.,     0.,     0.,     0., 16384.,     0.,     0.,     0.,
            0.,     0.], device='cuda:0')
conv4_layer.0.weight: 	 tensor([ 308., 1075., 1400.,  962.,  313.,   38.,    0.,    0.,    0.,    0.,
           0.], device='cuda:0')
fc1_layer.0.weight: 	 tensor([ 38., 142., 185., 101.,  40.,   6.,   0.,   0.,   0.,   0.,   0.],
       device='cuda:0')
Head Finetuning    :Task: 4,	 Epoch: 0/40,	 Avg.loss: 0.0025,	 Test Accuracy: 100/1000(10%)
Head Finetuning    :Task: 4,	 Epoch: 1/40,	 Avg.loss: 0.0024,	 Test Accuracy: 109/1000(11%)
Head Finetuning    :Task: 4,	 Epoch: 2/40,	 Avg.loss: 0.0024,	 Test Accuracy: 123/1000(12%)
Head Finetuning    :Task: 4,	 Epoch: 3/40,	 Avg.loss: 0.0023,	 Test Accuracy: 127/1000(13%)
Head Finetuning    :Task: 4,	 Epoch: 4/40,	 Avg.loss: 0.0023,	 Test Accuracy: 133/1000(13%)
Head Finetuning    :Task: 4,	 Epoch: 5/40,	 Avg.loss: 0.0023,	 Test Accuracy: 153/1000(15%)
Head Finetuning    :Task: 4,	 Epoch: 6/40,	 Avg.loss: 0.0023,	 Test Accuracy: 172/1000(17%)
Head Finetuning    :Task: 4,	 Epoch: 7/40,	 Avg.loss: 0.0022,	 Test Accuracy: 186/1000(19%)
Head Finetuning    :Task: 4,	 Epoch: 8/40,	 Avg.loss: 0.0022,	 Test Accuracy: 195/1000(20%)
Head Finetuning    :Task: 4,	 Epoch: 9/40,	 Avg.loss: 0.0022,	 Test Accuracy: 209/1000(21%)
Head Finetuning    :Task: 4,	 Epoch: 10/40,	 Avg.loss: 0.0022,	 Test Accuracy: 217/1000(22%)
Head Finetuning    :Task: 4,	 Epoch: 11/40,	 Avg.loss: 0.0022,	 Test Accuracy: 228/1000(23%)
Head Finetuning    :Task: 4,	 Epoch: 12/40,	 Avg.loss: 0.0021,	 Test Accuracy: 239/1000(24%)
Head Finetuning    :Task: 4,	 Epoch: 13/40,	 Avg.loss: 0.0021,	 Test Accuracy: 245/1000(25%)
Head Finetuning    :Task: 4,	 Epoch: 14/40,	 Avg.loss: 0.0021,	 Test Accuracy: 251/1000(25%)
Task: 4,	 Epoch: 0/40,	 Avg.loss: 0.0009,	 Test Accuracy: 681/1000(68%)
Task: 4,	 Epoch: 1/40,	 Avg.loss: 0.0008,	 Test Accuracy: 754/1000(75%)
Task: 4,	 Epoch: 2/40,	 Avg.loss: 0.0008,	 Test Accuracy: 735/1000(74%)
Task: 4,	 Epoch: 3/40,	 Avg.loss: 0.0007,	 Test Accuracy: 755/1000(76%)
Task: 4,	 Epoch: 4/40,	 Avg.loss: 0.0007,	 Test Accuracy: 759/1000(76%)
Task: 4,	 Epoch: 5/40,	 Avg.loss: 0.0007,	 Test Accuracy: 775/1000(78%)
Task: 4,	 Epoch: 6/40,	 Avg.loss: 0.0008,	 Test Accuracy: 753/1000(75%)
Task: 4,	 Epoch: 7/40,	 Avg.loss: 0.0007,	 Test Accuracy: 779/1000(78%)
Task: 4,	 Epoch: 8/40,	 Avg.loss: 0.0007,	 Test Accuracy: 773/1000(77%)
Task: 4,	 Epoch: 9/40,	 Avg.loss: 0.0007,	 Test Accuracy: 753/1000(75%)
Task: 4,	 Epoch: 10/40,	 Avg.loss: 0.0007,	 Test Accuracy: 772/1000(77%)
Task: 4,	 Epoch: 11/40,	 Avg.loss: 0.0006,	 Test Accuracy: 777/1000(78%)
Task: 4,	 Epoch: 12/40,	 Avg.loss: 0.0006,	 Test Accuracy: 784/1000(78%)
Task: 4,	 Epoch: 13/40,	 Avg.loss: 0.0006,	 Test Accuracy: 787/1000(79%)
Task: 4,	 Epoch: 14/40,	 Avg.loss: 0.0007,	 Test Accuracy: 786/1000(79%)
Task: 4,	 Epoch: 15/40,	 Avg.loss: 0.0007,	 Test Accuracy: 760/1000(76%)
Task: 4,	 Epoch: 16/40,	 Avg.loss: 0.0006,	 Test Accuracy: 785/1000(78%)
Task: 4,	 Epoch: 17/40,	 Avg.loss: 0.0006,	 Test Accuracy: 800/1000(80%)
Task: 4,	 Epoch: 18/40,	 Avg.loss: 0.0006,	 Test Accuracy: 791/1000(79%)
Task: 4,	 Epoch: 19/40,	 Avg.loss: 0.0006,	 Test Accuracy: 793/1000(79%)
Task: 4,	 Epoch: 20/40,	 Avg.loss: 0.0006,	 Test Accuracy: 800/1000(80%)
Task: 4,	 Epoch: 21/40,	 Avg.loss: 0.0006,	 Test Accuracy: 803/1000(80%)
Task: 4,	 Epoch: 22/40,	 Avg.loss: 0.0006,	 Test Accuracy: 807/1000(81%)
Task: 4,	 Epoch: 23/40,	 Avg.loss: 0.0006,	 Test Accuracy: 809/1000(81%)
Task: 4,	 Epoch: 24/40,	 Avg.loss: 0.0006,	 Test Accuracy: 804/1000(80%)
Task: 4,	 Epoch: 25/40,	 Avg.loss: 0.0006,	 Test Accuracy: 804/1000(80%)
Task: 4,	 Epoch: 26/40,	 Avg.loss: 0.0006,	 Test Accuracy: 809/1000(81%)
Task: 4,	 Epoch: 27/40,	 Avg.loss: 0.0006,	 Test Accuracy: 807/1000(81%)
Task: 4,	 Epoch: 28/40,	 Avg.loss: 0.0006,	 Test Accuracy: 804/1000(80%)
Task: 4,	 Epoch: 29/40,	 Avg.loss: 0.0006,	 Test Accuracy: 803/1000(80%)
Task: 4,	 Epoch: 30/40,	 Avg.loss: 0.0006,	 Test Accuracy: 809/1000(81%)
Task: 4,	 Epoch: 31/40,	 Avg.loss: 0.0006,	 Test Accuracy: 796/1000(80%)
Task: 4,	 Epoch: 32/40,	 Avg.loss: 0.0006,	 Test Accuracy: 800/1000(80%)
Task: 4,	 Epoch: 33/40,	 Avg.loss: 0.0006,	 Test Accuracy: 806/1000(81%)
Task: 4,	 Epoch: 34/40,	 Avg.loss: 0.0006,	 Test Accuracy: 807/1000(81%)
Task: 4,	 Epoch: 35/40,	 Avg.loss: 0.0006,	 Test Accuracy: 798/1000(80%)
Task: 4,	 Epoch: 36/40,	 Avg.loss: 0.0006,	 Test Accuracy: 810/1000(81%)
Task: 4,	 Epoch: 37/40,	 Avg.loss: 0.0006,	 Test Accuracy: 811/1000(81%)
Task: 4,	 Epoch: 38/40,	 Avg.loss: 0.0006,	 Test Accuracy: 802/1000(80%)
Task: 4,	 Epoch: 39/40,	 Avg.loss: 0.0006,	 Test Accuracy: 804/1000(80%)
Trained Task:4, Loaded task:0, Accuracy:83.8%
Trained Task:4, Loaded task:1, Accuracy:77.8%
Trained Task:4, Loaded task:2, Accuracy:81.8%
Trained Task:4, Loaded task:3, Accuracy:76.9%
Trained Task:4, Loaded task:4, Accuracy:80.4%
Trained Task:4, Avg. Accuracy: 80.1 

List of avg. accuracy: [84.9, 81.2, 81.0, 80.2, 80.1]
Mask histogram
conv1_layer.0.weight: 	 tensor([    0.,     0.,     0.,     0.,     0.,     0., 32768.,     0.,     0.,
            0.,     0.], device='cuda:0')
conv2_layer.0.weight: 	 tensor([   0.,    0.,    0.,    0.,    0.,    0., 8192.,    0.,    0.,    0.,
           0.], device='cuda:0')
conv3_layer.0.weight: 	 tensor([    0.,     0.,     0.,     0.,     0.,     0., 16384.,     0.,     0.,
            0.,     0.], device='cuda:0')
conv4_layer.0.weight: 	 tensor([ 191.,  784., 1257., 1104.,  598.,  147.,   15.,    0.,    0.,    0.,
           0.], device='cuda:0')
fc1_layer.0.weight: 	 tensor([ 23., 105., 171., 128.,  64.,  19.,   2.,   0.,   0.,   0.,   0.],
       device='cuda:0')
Head Finetuning    :Task: 5,	 Epoch: 0/40,	 Avg.loss: 0.0024,	 Test Accuracy: 156/1000(16%)
Head Finetuning    :Task: 5,	 Epoch: 1/40,	 Avg.loss: 0.0024,	 Test Accuracy: 179/1000(18%)
Head Finetuning    :Task: 5,	 Epoch: 2/40,	 Avg.loss: 0.0023,	 Test Accuracy: 192/1000(19%)
Head Finetuning    :Task: 5,	 Epoch: 3/40,	 Avg.loss: 0.0023,	 Test Accuracy: 209/1000(21%)
Head Finetuning    :Task: 5,	 Epoch: 4/40,	 Avg.loss: 0.0022,	 Test Accuracy: 220/1000(22%)
Head Finetuning    :Task: 5,	 Epoch: 5/40,	 Avg.loss: 0.0022,	 Test Accuracy: 234/1000(23%)
Head Finetuning    :Task: 5,	 Epoch: 6/40,	 Avg.loss: 0.0022,	 Test Accuracy: 240/1000(24%)
Head Finetuning    :Task: 5,	 Epoch: 7/40,	 Avg.loss: 0.0021,	 Test Accuracy: 245/1000(25%)
Head Finetuning    :Task: 5,	 Epoch: 8/40,	 Avg.loss: 0.0021,	 Test Accuracy: 251/1000(25%)
Head Finetuning    :Task: 5,	 Epoch: 9/40,	 Avg.loss: 0.0021,	 Test Accuracy: 260/1000(26%)
Head Finetuning    :Task: 5,	 Epoch: 10/40,	 Avg.loss: 0.0021,	 Test Accuracy: 264/1000(26%)
Head Finetuning    :Task: 5,	 Epoch: 11/40,	 Avg.loss: 0.0020,	 Test Accuracy: 276/1000(28%)
Head Finetuning    :Task: 5,	 Epoch: 12/40,	 Avg.loss: 0.0020,	 Test Accuracy: 282/1000(28%)
Head Finetuning    :Task: 5,	 Epoch: 13/40,	 Avg.loss: 0.0020,	 Test Accuracy: 289/1000(29%)
Head Finetuning    :Task: 5,	 Epoch: 14/40,	 Avg.loss: 0.0020,	 Test Accuracy: 294/1000(29%)
Task: 5,	 Epoch: 0/40,	 Avg.loss: 0.0009,	 Test Accuracy: 704/1000(70%)
Task: 5,	 Epoch: 1/40,	 Avg.loss: 0.0008,	 Test Accuracy: 720/1000(72%)
Task: 5,	 Epoch: 2/40,	 Avg.loss: 0.0007,	 Test Accuracy: 734/1000(73%)
Task: 5,	 Epoch: 3/40,	 Avg.loss: 0.0007,	 Test Accuracy: 736/1000(74%)
Task: 5,	 Epoch: 4/40,	 Avg.loss: 0.0008,	 Test Accuracy: 721/1000(72%)
Task: 5,	 Epoch: 5/40,	 Avg.loss: 0.0007,	 Test Accuracy: 746/1000(75%)
Task: 5,	 Epoch: 6/40,	 Avg.loss: 0.0008,	 Test Accuracy: 727/1000(73%)
Task: 5,	 Epoch: 7/40,	 Avg.loss: 0.0007,	 Test Accuracy: 739/1000(74%)
Task: 5,	 Epoch: 8/40,	 Avg.loss: 0.0008,	 Test Accuracy: 720/1000(72%)
Task: 5,	 Epoch: 9/40,	 Avg.loss: 0.0007,	 Test Accuracy: 768/1000(77%)
Task: 5,	 Epoch: 10/40,	 Avg.loss: 0.0007,	 Test Accuracy: 766/1000(77%)
Task: 5,	 Epoch: 11/40,	 Avg.loss: 0.0007,	 Test Accuracy: 737/1000(74%)
Task: 5,	 Epoch: 12/40,	 Avg.loss: 0.0007,	 Test Accuracy: 770/1000(77%)
Task: 5,	 Epoch: 13/40,	 Avg.loss: 0.0007,	 Test Accuracy: 781/1000(78%)
Task: 5,	 Epoch: 14/40,	 Avg.loss: 0.0007,	 Test Accuracy: 759/1000(76%)
Task: 5,	 Epoch: 15/40,	 Avg.loss: 0.0007,	 Test Accuracy: 766/1000(77%)
Task: 5,	 Epoch: 16/40,	 Avg.loss: 0.0007,	 Test Accuracy: 771/1000(77%)
Task: 5,	 Epoch: 17/40,	 Avg.loss: 0.0006,	 Test Accuracy: 785/1000(78%)
Task: 5,	 Epoch: 18/40,	 Avg.loss: 0.0007,	 Test Accuracy: 785/1000(78%)
Task: 5,	 Epoch: 19/40,	 Avg.loss: 0.0007,	 Test Accuracy: 777/1000(78%)
Task: 5,	 Epoch: 20/40,	 Avg.loss: 0.0006,	 Test Accuracy: 796/1000(80%)
Task: 5,	 Epoch: 21/40,	 Avg.loss: 0.0006,	 Test Accuracy: 791/1000(79%)
Task: 5,	 Epoch: 22/40,	 Avg.loss: 0.0006,	 Test Accuracy: 797/1000(80%)
Task: 5,	 Epoch: 23/40,	 Avg.loss: 0.0006,	 Test Accuracy: 792/1000(79%)
Task: 5,	 Epoch: 24/40,	 Avg.loss: 0.0006,	 Test Accuracy: 790/1000(79%)
Task: 5,	 Epoch: 25/40,	 Avg.loss: 0.0006,	 Test Accuracy: 791/1000(79%)
Task: 5,	 Epoch: 26/40,	 Avg.loss: 0.0006,	 Test Accuracy: 790/1000(79%)
Task: 5,	 Epoch: 27/40,	 Avg.loss: 0.0006,	 Test Accuracy: 794/1000(79%)
Task: 5,	 Epoch: 28/40,	 Avg.loss: 0.0006,	 Test Accuracy: 793/1000(79%)
Task: 5,	 Epoch: 29/40,	 Avg.loss: 0.0006,	 Test Accuracy: 791/1000(79%)
Task: 5,	 Epoch: 30/40,	 Avg.loss: 0.0006,	 Test Accuracy: 792/1000(79%)
Task: 5,	 Epoch: 31/40,	 Avg.loss: 0.0006,	 Test Accuracy: 788/1000(79%)
Task: 5,	 Epoch: 32/40,	 Avg.loss: 0.0006,	 Test Accuracy: 793/1000(79%)
Task: 5,	 Epoch: 33/40,	 Avg.loss: 0.0006,	 Test Accuracy: 794/1000(79%)
Task: 5,	 Epoch: 34/40,	 Avg.loss: 0.0006,	 Test Accuracy: 794/1000(79%)
Task: 5,	 Epoch: 35/40,	 Avg.loss: 0.0006,	 Test Accuracy: 786/1000(79%)
Task: 5,	 Epoch: 36/40,	 Avg.loss: 0.0006,	 Test Accuracy: 794/1000(79%)
Task: 5,	 Epoch: 37/40,	 Avg.loss: 0.0006,	 Test Accuracy: 786/1000(79%)
Task: 5,	 Epoch: 38/40,	 Avg.loss: 0.0006,	 Test Accuracy: 790/1000(79%)
Task: 5,	 Epoch: 39/40,	 Avg.loss: 0.0006,	 Test Accuracy: 787/1000(79%)
Trained Task:5, Loaded task:0, Accuracy:82.9%
Trained Task:5, Loaded task:1, Accuracy:78.2%
Trained Task:5, Loaded task:2, Accuracy:81.7%
Trained Task:5, Loaded task:3, Accuracy:77.1%
Trained Task:5, Loaded task:4, Accuracy:81.4%
Trained Task:5, Loaded task:5, Accuracy:78.7%
Trained Task:5, Avg. Accuracy: 80.0 

List of avg. accuracy: [84.9, 81.2, 81.0, 80.2, 80.1, 80.0]
Mask histogram
conv1_layer.0.weight: 	 tensor([    0.,     0.,     0.,     0.,     0.,     0.,     0., 32768.,     0.,
            0.,     0.], device='cuda:0')
conv2_layer.0.weight: 	 tensor([   0.,    0.,    0.,    0.,    0.,    0.,    0., 8192.,    0.,    0.,
           0.], device='cuda:0')
conv3_layer.0.weight: 	 tensor([    0.,     0.,     0.,     0.,     0.,     0.,     0., 16384.,     0.,
            0.,     0.], device='cuda:0')
conv4_layer.0.weight: 	 tensor([ 120.,  512., 1100., 1184.,  763.,  343.,   69.,    5.,    0.,    0.,
           0.], device='cuda:0')
fc1_layer.0.weight: 	 tensor([ 17.,  74., 142., 141.,  88.,  38.,  12.,   0.,   0.,   0.,   0.],
       device='cuda:0')
Head Finetuning    :Task: 6,	 Epoch: 0/40,	 Avg.loss: 0.0025,	 Test Accuracy: 106/1000(11%)
Head Finetuning    :Task: 6,	 Epoch: 1/40,	 Avg.loss: 0.0024,	 Test Accuracy: 124/1000(12%)
Head Finetuning    :Task: 6,	 Epoch: 2/40,	 Avg.loss: 0.0024,	 Test Accuracy: 140/1000(14%)
Head Finetuning    :Task: 6,	 Epoch: 3/40,	 Avg.loss: 0.0023,	 Test Accuracy: 151/1000(15%)
Head Finetuning    :Task: 6,	 Epoch: 4/40,	 Avg.loss: 0.0023,	 Test Accuracy: 165/1000(16%)
Head Finetuning    :Task: 6,	 Epoch: 5/40,	 Avg.loss: 0.0022,	 Test Accuracy: 174/1000(17%)
Head Finetuning    :Task: 6,	 Epoch: 6/40,	 Avg.loss: 0.0022,	 Test Accuracy: 184/1000(18%)
Head Finetuning    :Task: 6,	 Epoch: 7/40,	 Avg.loss: 0.0021,	 Test Accuracy: 196/1000(20%)
Head Finetuning    :Task: 6,	 Epoch: 8/40,	 Avg.loss: 0.0021,	 Test Accuracy: 214/1000(21%)
Head Finetuning    :Task: 6,	 Epoch: 9/40,	 Avg.loss: 0.0021,	 Test Accuracy: 228/1000(23%)
Head Finetuning    :Task: 6,	 Epoch: 10/40,	 Avg.loss: 0.0021,	 Test Accuracy: 238/1000(24%)
Head Finetuning    :Task: 6,	 Epoch: 11/40,	 Avg.loss: 0.0020,	 Test Accuracy: 255/1000(26%)
Head Finetuning    :Task: 6,	 Epoch: 12/40,	 Avg.loss: 0.0020,	 Test Accuracy: 277/1000(28%)
Head Finetuning    :Task: 6,	 Epoch: 13/40,	 Avg.loss: 0.0020,	 Test Accuracy: 285/1000(29%)
Head Finetuning    :Task: 6,	 Epoch: 14/40,	 Avg.loss: 0.0020,	 Test Accuracy: 289/1000(29%)
Task: 6,	 Epoch: 0/40,	 Avg.loss: 0.0010,	 Test Accuracy: 660/1000(66%)
Task: 6,	 Epoch: 1/40,	 Avg.loss: 0.0008,	 Test Accuracy: 722/1000(72%)
Task: 6,	 Epoch: 2/40,	 Avg.loss: 0.0008,	 Test Accuracy: 716/1000(72%)
Task: 6,	 Epoch: 3/40,	 Avg.loss: 0.0008,	 Test Accuracy: 718/1000(72%)
Task: 6,	 Epoch: 4/40,	 Avg.loss: 0.0008,	 Test Accuracy: 727/1000(73%)
Task: 6,	 Epoch: 5/40,	 Avg.loss: 0.0007,	 Test Accuracy: 746/1000(75%)
Task: 6,	 Epoch: 6/40,	 Avg.loss: 0.0007,	 Test Accuracy: 749/1000(75%)
Task: 6,	 Epoch: 7/40,	 Avg.loss: 0.0007,	 Test Accuracy: 752/1000(75%)
Task: 6,	 Epoch: 8/40,	 Avg.loss: 0.0007,	 Test Accuracy: 747/1000(75%)
Task: 6,	 Epoch: 9/40,	 Avg.loss: 0.0007,	 Test Accuracy: 755/1000(76%)
Task: 6,	 Epoch: 10/40,	 Avg.loss: 0.0007,	 Test Accuracy: 755/1000(76%)
Task: 6,	 Epoch: 11/40,	 Avg.loss: 0.0007,	 Test Accuracy: 769/1000(77%)
Task: 6,	 Epoch: 12/40,	 Avg.loss: 0.0007,	 Test Accuracy: 754/1000(75%)
Task: 6,	 Epoch: 13/40,	 Avg.loss: 0.0007,	 Test Accuracy: 761/1000(76%)
Task: 6,	 Epoch: 14/40,	 Avg.loss: 0.0007,	 Test Accuracy: 770/1000(77%)
Task: 6,	 Epoch: 15/40,	 Avg.loss: 0.0007,	 Test Accuracy: 763/1000(76%)
Task: 6,	 Epoch: 16/40,	 Avg.loss: 0.0007,	 Test Accuracy: 759/1000(76%)
Task: 6,	 Epoch: 17/40,	 Avg.loss: 0.0007,	 Test Accuracy: 767/1000(77%)
Task: 6,	 Epoch: 18/40,	 Avg.loss: 0.0007,	 Test Accuracy: 768/1000(77%)
Task: 6,	 Epoch: 19/40,	 Avg.loss: 0.0007,	 Test Accuracy: 766/1000(77%)
Task: 6,	 Epoch: 20/40,	 Avg.loss: 0.0006,	 Test Accuracy: 780/1000(78%)
Task: 6,	 Epoch: 21/40,	 Avg.loss: 0.0006,	 Test Accuracy: 776/1000(78%)
Task: 6,	 Epoch: 22/40,	 Avg.loss: 0.0006,	 Test Accuracy: 779/1000(78%)
Task: 6,	 Epoch: 23/40,	 Avg.loss: 0.0006,	 Test Accuracy: 771/1000(77%)
Task: 6,	 Epoch: 24/40,	 Avg.loss: 0.0006,	 Test Accuracy: 776/1000(78%)
Task: 6,	 Epoch: 25/40,	 Avg.loss: 0.0006,	 Test Accuracy: 777/1000(78%)
Task: 6,	 Epoch: 26/40,	 Avg.loss: 0.0006,	 Test Accuracy: 770/1000(77%)
Task: 6,	 Epoch: 27/40,	 Avg.loss: 0.0006,	 Test Accuracy: 777/1000(78%)
Task: 6,	 Epoch: 28/40,	 Avg.loss: 0.0006,	 Test Accuracy: 778/1000(78%)
Task: 6,	 Epoch: 29/40,	 Avg.loss: 0.0006,	 Test Accuracy: 778/1000(78%)
Task: 6,	 Epoch: 30/40,	 Avg.loss: 0.0006,	 Test Accuracy: 778/1000(78%)
Task: 6,	 Epoch: 31/40,	 Avg.loss: 0.0006,	 Test Accuracy: 776/1000(78%)
Task: 6,	 Epoch: 32/40,	 Avg.loss: 0.0006,	 Test Accuracy: 781/1000(78%)
Task: 6,	 Epoch: 33/40,	 Avg.loss: 0.0006,	 Test Accuracy: 777/1000(78%)
Task: 6,	 Epoch: 34/40,	 Avg.loss: 0.0006,	 Test Accuracy: 780/1000(78%)
Task: 6,	 Epoch: 35/40,	 Avg.loss: 0.0006,	 Test Accuracy: 780/1000(78%)
Task: 6,	 Epoch: 36/40,	 Avg.loss: 0.0006,	 Test Accuracy: 775/1000(78%)
Task: 6,	 Epoch: 37/40,	 Avg.loss: 0.0006,	 Test Accuracy: 776/1000(78%)
Task: 6,	 Epoch: 38/40,	 Avg.loss: 0.0006,	 Test Accuracy: 779/1000(78%)
Task: 6,	 Epoch: 39/40,	 Avg.loss: 0.0006,	 Test Accuracy: 781/1000(78%)
Trained Task:6, Loaded task:0, Accuracy:81.8%
Trained Task:6, Loaded task:1, Accuracy:77.2%
Trained Task:6, Loaded task:2, Accuracy:81.7%
Trained Task:6, Loaded task:3, Accuracy:76.8%
Trained Task:6, Loaded task:4, Accuracy:81.1%
Trained Task:6, Loaded task:5, Accuracy:79.2%
Trained Task:6, Loaded task:6, Accuracy:78.1%
Trained Task:6, Avg. Accuracy: 79.4 

List of avg. accuracy: [84.9, 81.2, 81.0, 80.2, 80.1, 80.0, 79.4]
Mask histogram
conv1_layer.0.weight: 	 tensor([    0.,     0.,     0.,     0.,     0.,     0.,     0.,     0., 32768.,
            0.,     0.], device='cuda:0')
conv2_layer.0.weight: 	 tensor([   0.,    0.,    0.,    0.,    0.,    0.,    0.,    0., 8192.,    0.,
           0.], device='cuda:0')
conv3_layer.0.weight: 	 tensor([    0.,     0.,     0.,     0.,     0.,     0.,     0.,     0., 16384.,
            0.,     0.], device='cuda:0')
conv4_layer.0.weight: 	 tensor([7.5000e+01, 3.4000e+02, 9.0000e+02, 1.1200e+03, 9.4400e+02, 5.0700e+02,
        1.7800e+02, 3.1000e+01, 1.0000e+00, 0.0000e+00, 0.0000e+00],
       device='cuda:0')
fc1_layer.0.weight: 	 tensor([  9.,  58., 107., 146., 113.,  52.,  21.,   6.,   0.,   0.,   0.],
       device='cuda:0')
Head Finetuning    :Task: 7,	 Epoch: 0/40,	 Avg.loss: 0.0025,	 Test Accuracy: 112/1000(11%)
Head Finetuning    :Task: 7,	 Epoch: 1/40,	 Avg.loss: 0.0024,	 Test Accuracy: 132/1000(13%)
Head Finetuning    :Task: 7,	 Epoch: 2/40,	 Avg.loss: 0.0024,	 Test Accuracy: 146/1000(15%)
Head Finetuning    :Task: 7,	 Epoch: 3/40,	 Avg.loss: 0.0023,	 Test Accuracy: 158/1000(16%)
Head Finetuning    :Task: 7,	 Epoch: 4/40,	 Avg.loss: 0.0023,	 Test Accuracy: 179/1000(18%)
Head Finetuning    :Task: 7,	 Epoch: 5/40,	 Avg.loss: 0.0022,	 Test Accuracy: 186/1000(19%)
Head Finetuning    :Task: 7,	 Epoch: 6/40,	 Avg.loss: 0.0022,	 Test Accuracy: 212/1000(21%)
Head Finetuning    :Task: 7,	 Epoch: 7/40,	 Avg.loss: 0.0022,	 Test Accuracy: 233/1000(23%)
Head Finetuning    :Task: 7,	 Epoch: 8/40,	 Avg.loss: 0.0021,	 Test Accuracy: 245/1000(25%)
Head Finetuning    :Task: 7,	 Epoch: 9/40,	 Avg.loss: 0.0021,	 Test Accuracy: 249/1000(25%)
Head Finetuning    :Task: 7,	 Epoch: 10/40,	 Avg.loss: 0.0021,	 Test Accuracy: 261/1000(26%)
Head Finetuning    :Task: 7,	 Epoch: 11/40,	 Avg.loss: 0.0020,	 Test Accuracy: 276/1000(28%)
Head Finetuning    :Task: 7,	 Epoch: 12/40,	 Avg.loss: 0.0020,	 Test Accuracy: 283/1000(28%)
Head Finetuning    :Task: 7,	 Epoch: 13/40,	 Avg.loss: 0.0020,	 Test Accuracy: 287/1000(29%)
Head Finetuning    :Task: 7,	 Epoch: 14/40,	 Avg.loss: 0.0020,	 Test Accuracy: 300/1000(30%)
Task: 7,	 Epoch: 0/40,	 Avg.loss: 0.0010,	 Test Accuracy: 661/1000(66%)
Task: 7,	 Epoch: 1/40,	 Avg.loss: 0.0009,	 Test Accuracy: 686/1000(69%)
Task: 7,	 Epoch: 2/40,	 Avg.loss: 0.0009,	 Test Accuracy: 684/1000(68%)
Task: 7,	 Epoch: 3/40,	 Avg.loss: 0.0009,	 Test Accuracy: 709/1000(71%)
Task: 7,	 Epoch: 4/40,	 Avg.loss: 0.0008,	 Test Accuracy: 712/1000(71%)
Task: 7,	 Epoch: 5/40,	 Avg.loss: 0.0008,	 Test Accuracy: 715/1000(72%)
Task: 7,	 Epoch: 6/40,	 Avg.loss: 0.0008,	 Test Accuracy: 715/1000(72%)
Task: 7,	 Epoch: 7/40,	 Avg.loss: 0.0008,	 Test Accuracy: 727/1000(73%)
Task: 7,	 Epoch: 8/40,	 Avg.loss: 0.0008,	 Test Accuracy: 712/1000(71%)
Task: 7,	 Epoch: 9/40,	 Avg.loss: 0.0008,	 Test Accuracy: 742/1000(74%)
Task: 7,	 Epoch: 10/40,	 Avg.loss: 0.0008,	 Test Accuracy: 738/1000(74%)
Task: 7,	 Epoch: 11/40,	 Avg.loss: 0.0008,	 Test Accuracy: 734/1000(73%)
Task: 7,	 Epoch: 12/40,	 Avg.loss: 0.0008,	 Test Accuracy: 712/1000(71%)
Task: 7,	 Epoch: 13/40,	 Avg.loss: 0.0008,	 Test Accuracy: 728/1000(73%)
Task: 7,	 Epoch: 14/40,	 Avg.loss: 0.0007,	 Test Accuracy: 751/1000(75%)
Task: 7,	 Epoch: 15/40,	 Avg.loss: 0.0008,	 Test Accuracy: 741/1000(74%)
Task: 7,	 Epoch: 16/40,	 Avg.loss: 0.0008,	 Test Accuracy: 743/1000(74%)
Task: 7,	 Epoch: 17/40,	 Avg.loss: 0.0008,	 Test Accuracy: 733/1000(73%)
Task: 7,	 Epoch: 18/40,	 Avg.loss: 0.0008,	 Test Accuracy: 727/1000(73%)
Task: 7,	 Epoch: 19/40,	 Avg.loss: 0.0007,	 Test Accuracy: 749/1000(75%)
Task: 7,	 Epoch: 20/40,	 Avg.loss: 0.0007,	 Test Accuracy: 757/1000(76%)
Task: 7,	 Epoch: 21/40,	 Avg.loss: 0.0007,	 Test Accuracy: 753/1000(75%)
Task: 7,	 Epoch: 22/40,	 Avg.loss: 0.0007,	 Test Accuracy: 763/1000(76%)
Task: 7,	 Epoch: 23/40,	 Avg.loss: 0.0007,	 Test Accuracy: 756/1000(76%)
Task: 7,	 Epoch: 24/40,	 Avg.loss: 0.0007,	 Test Accuracy: 759/1000(76%)
Task: 7,	 Epoch: 25/40,	 Avg.loss: 0.0007,	 Test Accuracy: 765/1000(76%)
Task: 7,	 Epoch: 26/40,	 Avg.loss: 0.0007,	 Test Accuracy: 757/1000(76%)
Task: 7,	 Epoch: 27/40,	 Avg.loss: 0.0007,	 Test Accuracy: 755/1000(76%)
Task: 7,	 Epoch: 28/40,	 Avg.loss: 0.0007,	 Test Accuracy: 757/1000(76%)
Task: 7,	 Epoch: 29/40,	 Avg.loss: 0.0007,	 Test Accuracy: 757/1000(76%)
Task: 7,	 Epoch: 30/40,	 Avg.loss: 0.0007,	 Test Accuracy: 757/1000(76%)
Task: 7,	 Epoch: 31/40,	 Avg.loss: 0.0007,	 Test Accuracy: 757/1000(76%)
Task: 7,	 Epoch: 32/40,	 Avg.loss: 0.0007,	 Test Accuracy: 755/1000(76%)
Task: 7,	 Epoch: 33/40,	 Avg.loss: 0.0007,	 Test Accuracy: 760/1000(76%)
Task: 7,	 Epoch: 34/40,	 Avg.loss: 0.0007,	 Test Accuracy: 762/1000(76%)
Task: 7,	 Epoch: 35/40,	 Avg.loss: 0.0007,	 Test Accuracy: 762/1000(76%)
Task: 7,	 Epoch: 36/40,	 Avg.loss: 0.0007,	 Test Accuracy: 760/1000(76%)
Task: 7,	 Epoch: 37/40,	 Avg.loss: 0.0007,	 Test Accuracy: 758/1000(76%)
Task: 7,	 Epoch: 38/40,	 Avg.loss: 0.0007,	 Test Accuracy: 758/1000(76%)
Task: 7,	 Epoch: 39/40,	 Avg.loss: 0.0007,	 Test Accuracy: 761/1000(76%)
Trained Task:7, Loaded task:0, Accuracy:82.2%
Trained Task:7, Loaded task:1, Accuracy:76.9%
Trained Task:7, Loaded task:2, Accuracy:81.9%
Trained Task:7, Loaded task:3, Accuracy:76.3%
Trained Task:7, Loaded task:4, Accuracy:80.4%
Trained Task:7, Loaded task:5, Accuracy:78.6%
Trained Task:7, Loaded task:6, Accuracy:77.8%
Trained Task:7, Loaded task:7, Accuracy:76.1%
Trained Task:7, Avg. Accuracy: 78.8 

List of avg. accuracy: [84.9, 81.2, 81.0, 80.2, 80.1, 80.0, 79.4, 78.8]
Mask histogram
conv1_layer.0.weight: 	 tensor([    0.,     0.,     0.,     0.,     0.,     0.,     0.,     0.,     0.,
        32768.,     0.], device='cuda:0')
conv2_layer.0.weight: 	 tensor([   0.,    0.,    0.,    0.,    0.,    0.,    0.,    0.,    0., 8192.,
           0.], device='cuda:0')
conv3_layer.0.weight: 	 tensor([    0.,     0.,     0.,     0.,     0.,     0.,     0.,     0.,     0.,
        16384.,     0.], device='cuda:0')
conv4_layer.0.weight: 	 tensor([4.3000e+01, 2.2800e+02, 6.8200e+02, 1.0420e+03, 1.0120e+03, 6.7600e+02,
        3.1700e+02, 8.4000e+01, 1.1000e+01, 1.0000e+00, 0.0000e+00],
       device='cuda:0')
fc1_layer.0.weight: 	 tensor([  7.,  38.,  87., 134., 117.,  80.,  34.,  12.,   3.,   0.,   0.],
       device='cuda:0')
Head Finetuning    :Task: 8,	 Epoch: 0/40,	 Avg.loss: 0.0025,	 Test Accuracy: 119/1000(12%)
Head Finetuning    :Task: 8,	 Epoch: 1/40,	 Avg.loss: 0.0024,	 Test Accuracy: 145/1000(15%)
Head Finetuning    :Task: 8,	 Epoch: 2/40,	 Avg.loss: 0.0023,	 Test Accuracy: 163/1000(16%)
Head Finetuning    :Task: 8,	 Epoch: 3/40,	 Avg.loss: 0.0023,	 Test Accuracy: 177/1000(18%)
Head Finetuning    :Task: 8,	 Epoch: 4/40,	 Avg.loss: 0.0022,	 Test Accuracy: 199/1000(20%)
Head Finetuning    :Task: 8,	 Epoch: 5/40,	 Avg.loss: 0.0022,	 Test Accuracy: 218/1000(22%)
Head Finetuning    :Task: 8,	 Epoch: 6/40,	 Avg.loss: 0.0021,	 Test Accuracy: 232/1000(23%)
Head Finetuning    :Task: 8,	 Epoch: 7/40,	 Avg.loss: 0.0021,	 Test Accuracy: 243/1000(24%)
Head Finetuning    :Task: 8,	 Epoch: 8/40,	 Avg.loss: 0.0021,	 Test Accuracy: 253/1000(25%)
Head Finetuning    :Task: 8,	 Epoch: 9/40,	 Avg.loss: 0.0020,	 Test Accuracy: 274/1000(27%)
Head Finetuning    :Task: 8,	 Epoch: 10/40,	 Avg.loss: 0.0020,	 Test Accuracy: 289/1000(29%)
Head Finetuning    :Task: 8,	 Epoch: 11/40,	 Avg.loss: 0.0020,	 Test Accuracy: 301/1000(30%)
Head Finetuning    :Task: 8,	 Epoch: 12/40,	 Avg.loss: 0.0020,	 Test Accuracy: 311/1000(31%)
Head Finetuning    :Task: 8,	 Epoch: 13/40,	 Avg.loss: 0.0019,	 Test Accuracy: 327/1000(33%)
Head Finetuning    :Task: 8,	 Epoch: 14/40,	 Avg.loss: 0.0019,	 Test Accuracy: 332/1000(33%)
Task: 8,	 Epoch: 0/40,	 Avg.loss: 0.0011,	 Test Accuracy: 631/1000(63%)
Task: 8,	 Epoch: 1/40,	 Avg.loss: 0.0010,	 Test Accuracy: 649/1000(65%)
Task: 8,	 Epoch: 2/40,	 Avg.loss: 0.0008,	 Test Accuracy: 726/1000(73%)
Task: 8,	 Epoch: 3/40,	 Avg.loss: 0.0008,	 Test Accuracy: 732/1000(73%)
Task: 8,	 Epoch: 4/40,	 Avg.loss: 0.0008,	 Test Accuracy: 735/1000(74%)
Task: 8,	 Epoch: 5/40,	 Avg.loss: 0.0008,	 Test Accuracy: 746/1000(75%)
Task: 8,	 Epoch: 6/40,	 Avg.loss: 0.0007,	 Test Accuracy: 766/1000(77%)
Task: 8,	 Epoch: 7/40,	 Avg.loss: 0.0007,	 Test Accuracy: 754/1000(75%)
Task: 8,	 Epoch: 8/40,	 Avg.loss: 0.0007,	 Test Accuracy: 759/1000(76%)
Task: 8,	 Epoch: 9/40,	 Avg.loss: 0.0007,	 Test Accuracy: 747/1000(75%)
Task: 8,	 Epoch: 10/40,	 Avg.loss: 0.0007,	 Test Accuracy: 772/1000(77%)
Task: 8,	 Epoch: 11/40,	 Avg.loss: 0.0007,	 Test Accuracy: 766/1000(77%)
Task: 8,	 Epoch: 12/40,	 Avg.loss: 0.0007,	 Test Accuracy: 762/1000(76%)
Task: 8,	 Epoch: 13/40,	 Avg.loss: 0.0007,	 Test Accuracy: 755/1000(76%)
Task: 8,	 Epoch: 14/40,	 Avg.loss: 0.0007,	 Test Accuracy: 769/1000(77%)
Task: 8,	 Epoch: 15/40,	 Avg.loss: 0.0007,	 Test Accuracy: 760/1000(76%)
Task: 8,	 Epoch: 16/40,	 Avg.loss: 0.0007,	 Test Accuracy: 754/1000(75%)
Task: 8,	 Epoch: 17/40,	 Avg.loss: 0.0007,	 Test Accuracy: 768/1000(77%)
Task: 8,	 Epoch: 18/40,	 Avg.loss: 0.0007,	 Test Accuracy: 770/1000(77%)
Task: 8,	 Epoch: 19/40,	 Avg.loss: 0.0007,	 Test Accuracy: 793/1000(79%)
Task: 8,	 Epoch: 20/40,	 Avg.loss: 0.0006,	 Test Accuracy: 791/1000(79%)
Task: 8,	 Epoch: 21/40,	 Avg.loss: 0.0006,	 Test Accuracy: 793/1000(79%)
Task: 8,	 Epoch: 22/40,	 Avg.loss: 0.0006,	 Test Accuracy: 787/1000(79%)
Task: 8,	 Epoch: 23/40,	 Avg.loss: 0.0006,	 Test Accuracy: 790/1000(79%)
Task: 8,	 Epoch: 24/40,	 Avg.loss: 0.0006,	 Test Accuracy: 789/1000(79%)
Task: 8,	 Epoch: 25/40,	 Avg.loss: 0.0006,	 Test Accuracy: 791/1000(79%)
Task: 8,	 Epoch: 26/40,	 Avg.loss: 0.0006,	 Test Accuracy: 783/1000(78%)
Task: 8,	 Epoch: 27/40,	 Avg.loss: 0.0006,	 Test Accuracy: 787/1000(79%)
Task: 8,	 Epoch: 28/40,	 Avg.loss: 0.0006,	 Test Accuracy: 791/1000(79%)
Task: 8,	 Epoch: 29/40,	 Avg.loss: 0.0006,	 Test Accuracy: 791/1000(79%)
Task: 8,	 Epoch: 30/40,	 Avg.loss: 0.0006,	 Test Accuracy: 788/1000(79%)
Task: 8,	 Epoch: 31/40,	 Avg.loss: 0.0006,	 Test Accuracy: 784/1000(78%)
Task: 8,	 Epoch: 32/40,	 Avg.loss: 0.0006,	 Test Accuracy: 784/1000(78%)
Task: 8,	 Epoch: 33/40,	 Avg.loss: 0.0006,	 Test Accuracy: 788/1000(79%)
Task: 8,	 Epoch: 34/40,	 Avg.loss: 0.0006,	 Test Accuracy: 790/1000(79%)
Task: 8,	 Epoch: 35/40,	 Avg.loss: 0.0006,	 Test Accuracy: 790/1000(79%)
Task: 8,	 Epoch: 36/40,	 Avg.loss: 0.0006,	 Test Accuracy: 787/1000(79%)
Task: 8,	 Epoch: 37/40,	 Avg.loss: 0.0006,	 Test Accuracy: 786/1000(79%)
Task: 8,	 Epoch: 38/40,	 Avg.loss: 0.0006,	 Test Accuracy: 791/1000(79%)
Task: 8,	 Epoch: 39/40,	 Avg.loss: 0.0006,	 Test Accuracy: 787/1000(79%)
Trained Task:8, Loaded task:0, Accuracy:82.7%
Trained Task:8, Loaded task:1, Accuracy:77.8%
Trained Task:8, Loaded task:2, Accuracy:81.5%
Trained Task:8, Loaded task:3, Accuracy:76.9%
Trained Task:8, Loaded task:4, Accuracy:81.1%
Trained Task:8, Loaded task:5, Accuracy:78.4%
Trained Task:8, Loaded task:6, Accuracy:78.1%
Trained Task:8, Loaded task:7, Accuracy:75.9%
Trained Task:8, Loaded task:8, Accuracy:78.7%
Trained Task:8, Avg. Accuracy: 79.0 

List of avg. accuracy: [84.9, 81.2, 81.0, 80.2, 80.1, 80.0, 79.4, 78.8, 79.0]
Mask histogram
conv1_layer.0.weight: 	 tensor([    0.,     0.,     0.,     0.,     0.,     0.,     0.,     0.,     0.,
            0., 32768.], device='cuda:0')
conv2_layer.0.weight: 	 tensor([   0.,    0.,    0.,    0.,    0.,    0.,    0.,    0.,    0.,    0.,
        8192.], device='cuda:0')
conv3_layer.0.weight: 	 tensor([    0.,     0.,     0.,     0.,     0.,     0.,     0.,     0.,     0.,
            0., 16384.], device='cuda:0')
conv4_layer.0.weight: 	 tensor([  25.,  155.,  510.,  896., 1029.,  769.,  486.,  188.,   29.,    9.,
           0.], device='cuda:0')
fc1_layer.0.weight: 	 tensor([  6.,  25.,  63., 123., 116., 104.,  48.,  18.,   8.,   1.,   0.],
       device='cuda:0')
Head Finetuning    :Task: 9,	 Epoch: 0/40,	 Avg.loss: 0.0027,	 Test Accuracy: 62/1000(6%)
Head Finetuning    :Task: 9,	 Epoch: 1/40,	 Avg.loss: 0.0026,	 Test Accuracy: 67/1000(7%)
Head Finetuning    :Task: 9,	 Epoch: 2/40,	 Avg.loss: 0.0025,	 Test Accuracy: 78/1000(8%)
Head Finetuning    :Task: 9,	 Epoch: 3/40,	 Avg.loss: 0.0025,	 Test Accuracy: 83/1000(8%)
Head Finetuning    :Task: 9,	 Epoch: 4/40,	 Avg.loss: 0.0024,	 Test Accuracy: 92/1000(9%)
Head Finetuning    :Task: 9,	 Epoch: 5/40,	 Avg.loss: 0.0024,	 Test Accuracy: 108/1000(11%)
Head Finetuning    :Task: 9,	 Epoch: 6/40,	 Avg.loss: 0.0023,	 Test Accuracy: 126/1000(13%)
Head Finetuning    :Task: 9,	 Epoch: 7/40,	 Avg.loss: 0.0023,	 Test Accuracy: 141/1000(14%)
Head Finetuning    :Task: 9,	 Epoch: 8/40,	 Avg.loss: 0.0022,	 Test Accuracy: 163/1000(16%)
Head Finetuning    :Task: 9,	 Epoch: 9/40,	 Avg.loss: 0.0022,	 Test Accuracy: 186/1000(19%)
Head Finetuning    :Task: 9,	 Epoch: 10/40,	 Avg.loss: 0.0022,	 Test Accuracy: 206/1000(21%)
Head Finetuning    :Task: 9,	 Epoch: 11/40,	 Avg.loss: 0.0021,	 Test Accuracy: 214/1000(21%)
Head Finetuning    :Task: 9,	 Epoch: 12/40,	 Avg.loss: 0.0021,	 Test Accuracy: 224/1000(22%)
Head Finetuning    :Task: 9,	 Epoch: 13/40,	 Avg.loss: 0.0021,	 Test Accuracy: 245/1000(25%)
Head Finetuning    :Task: 9,	 Epoch: 14/40,	 Avg.loss: 0.0020,	 Test Accuracy: 261/1000(26%)
Task: 9,	 Epoch: 0/40,	 Avg.loss: 0.0009,	 Test Accuracy: 694/1000(69%)
Task: 9,	 Epoch: 1/40,	 Avg.loss: 0.0008,	 Test Accuracy: 724/1000(72%)
Task: 9,	 Epoch: 2/40,	 Avg.loss: 0.0008,	 Test Accuracy: 744/1000(74%)
Task: 9,	 Epoch: 3/40,	 Avg.loss: 0.0007,	 Test Accuracy: 761/1000(76%)
Task: 9,	 Epoch: 4/40,	 Avg.loss: 0.0007,	 Test Accuracy: 773/1000(77%)
Task: 9,	 Epoch: 5/40,	 Avg.loss: 0.0008,	 Test Accuracy: 734/1000(73%)
Task: 9,	 Epoch: 6/40,	 Avg.loss: 0.0008,	 Test Accuracy: 745/1000(74%)
Task: 9,	 Epoch: 7/40,	 Avg.loss: 0.0007,	 Test Accuracy: 770/1000(77%)
Task: 9,	 Epoch: 8/40,	 Avg.loss: 0.0006,	 Test Accuracy: 778/1000(78%)
Task: 9,	 Epoch: 9/40,	 Avg.loss: 0.0007,	 Test Accuracy: 782/1000(78%)
Task: 9,	 Epoch: 10/40,	 Avg.loss: 0.0006,	 Test Accuracy: 814/1000(81%)
Task: 9,	 Epoch: 11/40,	 Avg.loss: 0.0006,	 Test Accuracy: 786/1000(79%)
Task: 9,	 Epoch: 12/40,	 Avg.loss: 0.0007,	 Test Accuracy: 769/1000(77%)
Task: 9,	 Epoch: 13/40,	 Avg.loss: 0.0006,	 Test Accuracy: 803/1000(80%)
Task: 9,	 Epoch: 14/40,	 Avg.loss: 0.0006,	 Test Accuracy: 801/1000(80%)
Task: 9,	 Epoch: 15/40,	 Avg.loss: 0.0007,	 Test Accuracy: 781/1000(78%)
Task: 9,	 Epoch: 16/40,	 Avg.loss: 0.0007,	 Test Accuracy: 778/1000(78%)
Task: 9,	 Epoch: 17/40,	 Avg.loss: 0.0006,	 Test Accuracy: 788/1000(79%)
Task: 9,	 Epoch: 18/40,	 Avg.loss: 0.0006,	 Test Accuracy: 802/1000(80%)
Task: 9,	 Epoch: 19/40,	 Avg.loss: 0.0006,	 Test Accuracy: 796/1000(80%)
Task: 9,	 Epoch: 20/40,	 Avg.loss: 0.0006,	 Test Accuracy: 808/1000(81%)
Task: 9,	 Epoch: 21/40,	 Avg.loss: 0.0006,	 Test Accuracy: 816/1000(82%)
Task: 9,	 Epoch: 22/40,	 Avg.loss: 0.0006,	 Test Accuracy: 816/1000(82%)
Task: 9,	 Epoch: 23/40,	 Avg.loss: 0.0006,	 Test Accuracy: 815/1000(82%)
Task: 9,	 Epoch: 24/40,	 Avg.loss: 0.0006,	 Test Accuracy: 820/1000(82%)
Task: 9,	 Epoch: 25/40,	 Avg.loss: 0.0006,	 Test Accuracy: 815/1000(82%)
Task: 9,	 Epoch: 26/40,	 Avg.loss: 0.0006,	 Test Accuracy: 813/1000(81%)
Task: 9,	 Epoch: 27/40,	 Avg.loss: 0.0006,	 Test Accuracy: 818/1000(82%)
Task: 9,	 Epoch: 28/40,	 Avg.loss: 0.0006,	 Test Accuracy: 815/1000(82%)
Task: 9,	 Epoch: 29/40,	 Avg.loss: 0.0006,	 Test Accuracy: 818/1000(82%)
Task: 9,	 Epoch: 30/40,	 Avg.loss: 0.0006,	 Test Accuracy: 822/1000(82%)
Task: 9,	 Epoch: 31/40,	 Avg.loss: 0.0006,	 Test Accuracy: 815/1000(82%)
Task: 9,	 Epoch: 32/40,	 Avg.loss: 0.0006,	 Test Accuracy: 816/1000(82%)
Task: 9,	 Epoch: 33/40,	 Avg.loss: 0.0006,	 Test Accuracy: 821/1000(82%)
Task: 9,	 Epoch: 34/40,	 Avg.loss: 0.0006,	 Test Accuracy: 819/1000(82%)
Task: 9,	 Epoch: 35/40,	 Avg.loss: 0.0006,	 Test Accuracy: 821/1000(82%)
Task: 9,	 Epoch: 36/40,	 Avg.loss: 0.0006,	 Test Accuracy: 811/1000(81%)
Task: 9,	 Epoch: 37/40,	 Avg.loss: 0.0006,	 Test Accuracy: 815/1000(82%)
Task: 9,	 Epoch: 38/40,	 Avg.loss: 0.0006,	 Test Accuracy: 817/1000(82%)
Task: 9,	 Epoch: 39/40,	 Avg.loss: 0.0006,	 Test Accuracy: 819/1000(82%)
Trained Task:9, Loaded task:0, Accuracy:82.8%
Trained Task:9, Loaded task:1, Accuracy:77.0%
Trained Task:9, Loaded task:2, Accuracy:81.4%
Trained Task:9, Loaded task:3, Accuracy:77.1%
Trained Task:9, Loaded task:4, Accuracy:80.8%
Trained Task:9, Loaded task:5, Accuracy:78.6%
Trained Task:9, Loaded task:6, Accuracy:78.1%
Trained Task:9, Loaded task:7, Accuracy:75.9%
Trained Task:9, Loaded task:8, Accuracy:78.5%
Trained Task:9, Loaded task:9, Accuracy:81.9%
Trained Task:9, Avg. Accuracy: 79.2 

List of avg. accuracy: [84.9, 81.2, 81.0, 80.2, 80.1, 80.0, 79.4, 78.8, 79.0, 79.2]
PATH:     /home/sanghyun/Documents/CL/ISG/results/03-31-2021-20:07/
