Mask histogram
conv1_layer.0.weight: 	 tensor([    0., 32768.,     0.,     0.,     0.,     0.,     0.,     0.,     0.,
            0.,     0.], device='cuda:0')
conv2_layer.0.weight: 	 tensor([   0., 8192.,    0.,    0.,    0.,    0.,    0.,    0.,    0.,    0.,
           0.], device='cuda:0')
conv3_layer.0.weight: 	 tensor([9920., 6464.,    0.,    0.,    0.,    0.,    0.,    0.,    0.,    0.,
           0.], device='cuda:0')
conv4_layer.0.weight: 	 tensor([   0., 4096.,    0.,    0.,    0.,    0.,    0.,    0.,    0.,    0.,
           0.], device='cuda:0')
fc1_layer.0.weight: 	 tensor([308., 204.,   0.,   0.,   0.,   0.,   0.,   0.,   0.,   0.,   0.],
       device='cuda:0')
Head Finetuning    :Task: 0,	 Epoch: 0/40,	 Avg.loss: 0.0019,	 Test Accuracy: 379/1000(38%)
Head Finetuning    :Task: 0,	 Epoch: 1/40,	 Avg.loss: 0.0017,	 Test Accuracy: 460/1000(46%)
Head Finetuning    :Task: 0,	 Epoch: 2/40,	 Avg.loss: 0.0016,	 Test Accuracy: 501/1000(50%)
Head Finetuning    :Task: 0,	 Epoch: 3/40,	 Avg.loss: 0.0015,	 Test Accuracy: 514/1000(51%)
Head Finetuning    :Task: 0,	 Epoch: 4/40,	 Avg.loss: 0.0015,	 Test Accuracy: 536/1000(54%)
Head Finetuning    :Task: 0,	 Epoch: 5/40,	 Avg.loss: 0.0014,	 Test Accuracy: 546/1000(55%)
Head Finetuning    :Task: 0,	 Epoch: 6/40,	 Avg.loss: 0.0014,	 Test Accuracy: 551/1000(55%)
Head Finetuning    :Task: 0,	 Epoch: 7/40,	 Avg.loss: 0.0014,	 Test Accuracy: 555/1000(56%)
Head Finetuning    :Task: 0,	 Epoch: 8/40,	 Avg.loss: 0.0014,	 Test Accuracy: 552/1000(55%)
Head Finetuning    :Task: 0,	 Epoch: 9/40,	 Avg.loss: 0.0014,	 Test Accuracy: 559/1000(56%)
Head Finetuning    :Task: 0,	 Epoch: 10/40,	 Avg.loss: 0.0014,	 Test Accuracy: 558/1000(56%)
Head Finetuning    :Task: 0,	 Epoch: 11/40,	 Avg.loss: 0.0013,	 Test Accuracy: 561/1000(56%)
Head Finetuning    :Task: 0,	 Epoch: 12/40,	 Avg.loss: 0.0013,	 Test Accuracy: 559/1000(56%)
Head Finetuning    :Task: 0,	 Epoch: 13/40,	 Avg.loss: 0.0013,	 Test Accuracy: 559/1000(56%)
Head Finetuning    :Task: 0,	 Epoch: 14/40,	 Avg.loss: 0.0013,	 Test Accuracy: 570/1000(57%)
Task: 0,	 Epoch: 0/40,	 Avg.loss: 0.0010,	 Test Accuracy: 646/1000(65%)
Task: 0,	 Epoch: 1/40,	 Avg.loss: 0.0007,	 Test Accuracy: 763/1000(76%)
Task: 0,	 Epoch: 2/40,	 Avg.loss: 0.0006,	 Test Accuracy: 774/1000(77%)
Task: 0,	 Epoch: 3/40,	 Avg.loss: 0.0007,	 Test Accuracy: 775/1000(78%)
Task: 0,	 Epoch: 4/40,	 Avg.loss: 0.0006,	 Test Accuracy: 801/1000(80%)
Task: 0,	 Epoch: 5/40,	 Avg.loss: 0.0005,	 Test Accuracy: 793/1000(79%)
Task: 0,	 Epoch: 6/40,	 Avg.loss: 0.0006,	 Test Accuracy: 803/1000(80%)
Task: 0,	 Epoch: 7/40,	 Avg.loss: 0.0005,	 Test Accuracy: 810/1000(81%)
Task: 0,	 Epoch: 8/40,	 Avg.loss: 0.0006,	 Test Accuracy: 798/1000(80%)
Task: 0,	 Epoch: 9/40,	 Avg.loss: 0.0006,	 Test Accuracy: 807/1000(81%)
Task: 0,	 Epoch: 10/40,	 Avg.loss: 0.0006,	 Test Accuracy: 804/1000(80%)
Task: 0,	 Epoch: 11/40,	 Avg.loss: 0.0005,	 Test Accuracy: 827/1000(83%)
Task: 0,	 Epoch: 12/40,	 Avg.loss: 0.0005,	 Test Accuracy: 827/1000(83%)
Task: 0,	 Epoch: 13/40,	 Avg.loss: 0.0006,	 Test Accuracy: 818/1000(82%)
Task: 0,	 Epoch: 14/40,	 Avg.loss: 0.0005,	 Test Accuracy: 836/1000(84%)
Task: 0,	 Epoch: 15/40,	 Avg.loss: 0.0006,	 Test Accuracy: 824/1000(82%)
Task: 0,	 Epoch: 16/40,	 Avg.loss: 0.0006,	 Test Accuracy: 813/1000(81%)
Task: 0,	 Epoch: 17/40,	 Avg.loss: 0.0008,	 Test Accuracy: 798/1000(80%)
Task: 0,	 Epoch: 18/40,	 Avg.loss: 0.0006,	 Test Accuracy: 830/1000(83%)
Task: 0,	 Epoch: 19/40,	 Avg.loss: 0.0005,	 Test Accuracy: 831/1000(83%)
Task: 0,	 Epoch: 20/40,	 Avg.loss: 0.0005,	 Test Accuracy: 841/1000(84%)
Task: 0,	 Epoch: 21/40,	 Avg.loss: 0.0005,	 Test Accuracy: 848/1000(85%)
Task: 0,	 Epoch: 22/40,	 Avg.loss: 0.0005,	 Test Accuracy: 852/1000(85%)
Task: 0,	 Epoch: 23/40,	 Avg.loss: 0.0005,	 Test Accuracy: 854/1000(85%)
Task: 0,	 Epoch: 24/40,	 Avg.loss: 0.0005,	 Test Accuracy: 848/1000(85%)
Task: 0,	 Epoch: 25/40,	 Avg.loss: 0.0005,	 Test Accuracy: 848/1000(85%)
Task: 0,	 Epoch: 26/40,	 Avg.loss: 0.0005,	 Test Accuracy: 852/1000(85%)
Task: 0,	 Epoch: 27/40,	 Avg.loss: 0.0005,	 Test Accuracy: 851/1000(85%)
Task: 0,	 Epoch: 28/40,	 Avg.loss: 0.0005,	 Test Accuracy: 849/1000(85%)
Task: 0,	 Epoch: 29/40,	 Avg.loss: 0.0005,	 Test Accuracy: 845/1000(85%)
Task: 0,	 Epoch: 30/40,	 Avg.loss: 0.0005,	 Test Accuracy: 849/1000(85%)
Task: 0,	 Epoch: 31/40,	 Avg.loss: 0.0005,	 Test Accuracy: 853/1000(85%)
Task: 0,	 Epoch: 32/40,	 Avg.loss: 0.0005,	 Test Accuracy: 850/1000(85%)
Task: 0,	 Epoch: 33/40,	 Avg.loss: 0.0005,	 Test Accuracy: 850/1000(85%)
Task: 0,	 Epoch: 34/40,	 Avg.loss: 0.0005,	 Test Accuracy: 850/1000(85%)
Task: 0,	 Epoch: 35/40,	 Avg.loss: 0.0005,	 Test Accuracy: 852/1000(85%)
Task: 0,	 Epoch: 36/40,	 Avg.loss: 0.0005,	 Test Accuracy: 851/1000(85%)
Task: 0,	 Epoch: 37/40,	 Avg.loss: 0.0005,	 Test Accuracy: 845/1000(85%)
Task: 0,	 Epoch: 38/40,	 Avg.loss: 0.0005,	 Test Accuracy: 854/1000(85%)
Task: 0,	 Epoch: 39/40,	 Avg.loss: 0.0005,	 Test Accuracy: 849/1000(85%)
Trained Task:0, Loaded task:0, Accuracy:84.9%
Trained Task:0, Avg. Accuracy: 84.9 

List of avg. accuracy: [84.9]
Mask histogram
conv1_layer.0.weight: 	 tensor([    0.,     0., 32768.,     0.,     0.,     0.,     0.,     0.,     0.,
            0.,     0.], device='cuda:0')
conv2_layer.0.weight: 	 tensor([   0.,    0., 8192.,    0.,    0.,    0.,    0.,    0.,    0.,    0.,
           0.], device='cuda:0')
conv3_layer.0.weight: 	 tensor([5962., 7869., 2553.,    0.,    0.,    0.,    0.,    0.,    0.,    0.,
           0.], device='cuda:0')
conv4_layer.0.weight: 	 tensor([   0.,    0., 4096.,    0.,    0.,    0.,    0.,    0.,    0.,    0.,
           0.], device='cuda:0')
fc1_layer.0.weight: 	 tensor([202., 227.,  83.,   0.,   0.,   0.,   0.,   0.,   0.,   0.,   0.],
       device='cuda:0')
Head Finetuning    :Task: 1,	 Epoch: 0/40,	 Avg.loss: 0.0024,	 Test Accuracy: 93/1000(9%)
Head Finetuning    :Task: 1,	 Epoch: 1/40,	 Avg.loss: 0.0023,	 Test Accuracy: 102/1000(10%)
Head Finetuning    :Task: 1,	 Epoch: 2/40,	 Avg.loss: 0.0023,	 Test Accuracy: 110/1000(11%)
Head Finetuning    :Task: 1,	 Epoch: 3/40,	 Avg.loss: 0.0023,	 Test Accuracy: 115/1000(12%)
Head Finetuning    :Task: 1,	 Epoch: 4/40,	 Avg.loss: 0.0023,	 Test Accuracy: 128/1000(13%)
Head Finetuning    :Task: 1,	 Epoch: 5/40,	 Avg.loss: 0.0022,	 Test Accuracy: 148/1000(15%)
Head Finetuning    :Task: 1,	 Epoch: 6/40,	 Avg.loss: 0.0022,	 Test Accuracy: 159/1000(16%)
Head Finetuning    :Task: 1,	 Epoch: 7/40,	 Avg.loss: 0.0022,	 Test Accuracy: 169/1000(17%)
Head Finetuning    :Task: 1,	 Epoch: 8/40,	 Avg.loss: 0.0022,	 Test Accuracy: 180/1000(18%)
Head Finetuning    :Task: 1,	 Epoch: 9/40,	 Avg.loss: 0.0022,	 Test Accuracy: 190/1000(19%)
Head Finetuning    :Task: 1,	 Epoch: 10/40,	 Avg.loss: 0.0022,	 Test Accuracy: 197/1000(20%)
Head Finetuning    :Task: 1,	 Epoch: 11/40,	 Avg.loss: 0.0021,	 Test Accuracy: 201/1000(20%)
Head Finetuning    :Task: 1,	 Epoch: 12/40,	 Avg.loss: 0.0021,	 Test Accuracy: 204/1000(20%)
Head Finetuning    :Task: 1,	 Epoch: 13/40,	 Avg.loss: 0.0021,	 Test Accuracy: 206/1000(21%)
Head Finetuning    :Task: 1,	 Epoch: 14/40,	 Avg.loss: 0.0021,	 Test Accuracy: 213/1000(21%)
Task: 1,	 Epoch: 0/40,	 Avg.loss: 0.0010,	 Test Accuracy: 634/1000(63%)
Task: 1,	 Epoch: 1/40,	 Avg.loss: 0.0008,	 Test Accuracy: 708/1000(71%)
Task: 1,	 Epoch: 2/40,	 Avg.loss: 0.0008,	 Test Accuracy: 713/1000(71%)
Task: 1,	 Epoch: 3/40,	 Avg.loss: 0.0008,	 Test Accuracy: 725/1000(72%)
Task: 1,	 Epoch: 4/40,	 Avg.loss: 0.0008,	 Test Accuracy: 742/1000(74%)
Task: 1,	 Epoch: 5/40,	 Avg.loss: 0.0008,	 Test Accuracy: 728/1000(73%)
Task: 1,	 Epoch: 6/40,	 Avg.loss: 0.0007,	 Test Accuracy: 743/1000(74%)
Task: 1,	 Epoch: 7/40,	 Avg.loss: 0.0007,	 Test Accuracy: 739/1000(74%)
Task: 1,	 Epoch: 8/40,	 Avg.loss: 0.0007,	 Test Accuracy: 724/1000(72%)
Task: 1,	 Epoch: 9/40,	 Avg.loss: 0.0008,	 Test Accuracy: 739/1000(74%)
Task: 1,	 Epoch: 10/40,	 Avg.loss: 0.0007,	 Test Accuracy: 762/1000(76%)
Task: 1,	 Epoch: 11/40,	 Avg.loss: 0.0007,	 Test Accuracy: 746/1000(75%)
Task: 1,	 Epoch: 12/40,	 Avg.loss: 0.0007,	 Test Accuracy: 752/1000(75%)
Task: 1,	 Epoch: 13/40,	 Avg.loss: 0.0008,	 Test Accuracy: 737/1000(74%)
Task: 1,	 Epoch: 14/40,	 Avg.loss: 0.0007,	 Test Accuracy: 749/1000(75%)
Task: 1,	 Epoch: 15/40,	 Avg.loss: 0.0007,	 Test Accuracy: 755/1000(76%)
Task: 1,	 Epoch: 16/40,	 Avg.loss: 0.0007,	 Test Accuracy: 769/1000(77%)
Task: 1,	 Epoch: 17/40,	 Avg.loss: 0.0007,	 Test Accuracy: 755/1000(76%)
Task: 1,	 Epoch: 18/40,	 Avg.loss: 0.0007,	 Test Accuracy: 746/1000(75%)
Task: 1,	 Epoch: 19/40,	 Avg.loss: 0.0007,	 Test Accuracy: 769/1000(77%)
Task: 1,	 Epoch: 20/40,	 Avg.loss: 0.0007,	 Test Accuracy: 774/1000(77%)
Task: 1,	 Epoch: 21/40,	 Avg.loss: 0.0006,	 Test Accuracy: 779/1000(78%)
Task: 1,	 Epoch: 22/40,	 Avg.loss: 0.0006,	 Test Accuracy: 779/1000(78%)
Task: 1,	 Epoch: 23/40,	 Avg.loss: 0.0006,	 Test Accuracy: 788/1000(79%)
Task: 1,	 Epoch: 24/40,	 Avg.loss: 0.0006,	 Test Accuracy: 785/1000(78%)
Task: 1,	 Epoch: 25/40,	 Avg.loss: 0.0006,	 Test Accuracy: 776/1000(78%)
Task: 1,	 Epoch: 26/40,	 Avg.loss: 0.0006,	 Test Accuracy: 781/1000(78%)
Task: 1,	 Epoch: 27/40,	 Avg.loss: 0.0006,	 Test Accuracy: 781/1000(78%)
Task: 1,	 Epoch: 28/40,	 Avg.loss: 0.0007,	 Test Accuracy: 781/1000(78%)
Task: 1,	 Epoch: 29/40,	 Avg.loss: 0.0006,	 Test Accuracy: 777/1000(78%)
Task: 1,	 Epoch: 30/40,	 Avg.loss: 0.0006,	 Test Accuracy: 783/1000(78%)
Task: 1,	 Epoch: 31/40,	 Avg.loss: 0.0006,	 Test Accuracy: 785/1000(78%)
Task: 1,	 Epoch: 32/40,	 Avg.loss: 0.0006,	 Test Accuracy: 785/1000(78%)
Task: 1,	 Epoch: 33/40,	 Avg.loss: 0.0006,	 Test Accuracy: 782/1000(78%)
Task: 1,	 Epoch: 34/40,	 Avg.loss: 0.0007,	 Test Accuracy: 776/1000(78%)
Task: 1,	 Epoch: 35/40,	 Avg.loss: 0.0006,	 Test Accuracy: 786/1000(79%)
Task: 1,	 Epoch: 36/40,	 Avg.loss: 0.0006,	 Test Accuracy: 781/1000(78%)
Task: 1,	 Epoch: 37/40,	 Avg.loss: 0.0006,	 Test Accuracy: 776/1000(78%)
Task: 1,	 Epoch: 38/40,	 Avg.loss: 0.0006,	 Test Accuracy: 781/1000(78%)
Task: 1,	 Epoch: 39/40,	 Avg.loss: 0.0006,	 Test Accuracy: 786/1000(79%)
Trained Task:1, Loaded task:0, Accuracy:84.5%
Trained Task:1, Loaded task:1, Accuracy:78.6%
Trained Task:1, Avg. Accuracy: 81.6 

List of avg. accuracy: [84.9, 81.6]
Mask histogram
conv1_layer.0.weight: 	 tensor([    0.,     0.,     0., 32768.,     0.,     0.,     0.,     0.,     0.,
            0.,     0.], device='cuda:0')
conv2_layer.0.weight: 	 tensor([   0.,    0.,    0., 8192.,    0.,    0.,    0.,    0.,    0.,    0.,
           0.], device='cuda:0')
conv3_layer.0.weight: 	 tensor([3567., 7103., 4634., 1080.,    0.,    0.,    0.,    0.,    0.,    0.,
           0.], device='cuda:0')
conv4_layer.0.weight: 	 tensor([   0.,    0.,    0., 4096.,    0.,    0.,    0.,    0.,    0.,    0.,
           0.], device='cuda:0')
fc1_layer.0.weight: 	 tensor([124., 209., 154.,  25.,   0.,   0.,   0.,   0.,   0.,   0.,   0.],
       device='cuda:0')
Head Finetuning    :Task: 2,	 Epoch: 0/40,	 Avg.loss: 0.0025,	 Test Accuracy: 109/1000(11%)
Head Finetuning    :Task: 2,	 Epoch: 1/40,	 Avg.loss: 0.0024,	 Test Accuracy: 126/1000(13%)
Head Finetuning    :Task: 2,	 Epoch: 2/40,	 Avg.loss: 0.0024,	 Test Accuracy: 131/1000(13%)
Head Finetuning    :Task: 2,	 Epoch: 3/40,	 Avg.loss: 0.0023,	 Test Accuracy: 140/1000(14%)
Head Finetuning    :Task: 2,	 Epoch: 4/40,	 Avg.loss: 0.0023,	 Test Accuracy: 155/1000(16%)
Head Finetuning    :Task: 2,	 Epoch: 5/40,	 Avg.loss: 0.0023,	 Test Accuracy: 162/1000(16%)
Head Finetuning    :Task: 2,	 Epoch: 6/40,	 Avg.loss: 0.0022,	 Test Accuracy: 179/1000(18%)
Head Finetuning    :Task: 2,	 Epoch: 7/40,	 Avg.loss: 0.0022,	 Test Accuracy: 196/1000(20%)
Head Finetuning    :Task: 2,	 Epoch: 8/40,	 Avg.loss: 0.0022,	 Test Accuracy: 207/1000(21%)
Head Finetuning    :Task: 2,	 Epoch: 9/40,	 Avg.loss: 0.0022,	 Test Accuracy: 220/1000(22%)
Head Finetuning    :Task: 2,	 Epoch: 10/40,	 Avg.loss: 0.0022,	 Test Accuracy: 223/1000(22%)
Head Finetuning    :Task: 2,	 Epoch: 11/40,	 Avg.loss: 0.0021,	 Test Accuracy: 230/1000(23%)
Head Finetuning    :Task: 2,	 Epoch: 12/40,	 Avg.loss: 0.0021,	 Test Accuracy: 239/1000(24%)
Head Finetuning    :Task: 2,	 Epoch: 13/40,	 Avg.loss: 0.0021,	 Test Accuracy: 249/1000(25%)
Head Finetuning    :Task: 2,	 Epoch: 14/40,	 Avg.loss: 0.0021,	 Test Accuracy: 259/1000(26%)
Task: 2,	 Epoch: 0/40,	 Avg.loss: 0.0009,	 Test Accuracy: 696/1000(70%)
Task: 2,	 Epoch: 1/40,	 Avg.loss: 0.0008,	 Test Accuracy: 727/1000(73%)
Task: 2,	 Epoch: 2/40,	 Avg.loss: 0.0008,	 Test Accuracy: 735/1000(74%)
Task: 2,	 Epoch: 3/40,	 Avg.loss: 0.0008,	 Test Accuracy: 762/1000(76%)
Task: 2,	 Epoch: 4/40,	 Avg.loss: 0.0007,	 Test Accuracy: 784/1000(78%)
Task: 2,	 Epoch: 5/40,	 Avg.loss: 0.0007,	 Test Accuracy: 778/1000(78%)
Task: 2,	 Epoch: 6/40,	 Avg.loss: 0.0007,	 Test Accuracy: 788/1000(79%)
Task: 2,	 Epoch: 7/40,	 Avg.loss: 0.0007,	 Test Accuracy: 776/1000(78%)
Task: 2,	 Epoch: 8/40,	 Avg.loss: 0.0006,	 Test Accuracy: 795/1000(80%)
Task: 2,	 Epoch: 9/40,	 Avg.loss: 0.0007,	 Test Accuracy: 801/1000(80%)
Task: 2,	 Epoch: 10/40,	 Avg.loss: 0.0007,	 Test Accuracy: 787/1000(79%)
Task: 2,	 Epoch: 11/40,	 Avg.loss: 0.0006,	 Test Accuracy: 808/1000(81%)
Task: 2,	 Epoch: 12/40,	 Avg.loss: 0.0006,	 Test Accuracy: 796/1000(80%)
Task: 2,	 Epoch: 13/40,	 Avg.loss: 0.0006,	 Test Accuracy: 802/1000(80%)
Task: 2,	 Epoch: 14/40,	 Avg.loss: 0.0006,	 Test Accuracy: 805/1000(81%)
Task: 2,	 Epoch: 15/40,	 Avg.loss: 0.0006,	 Test Accuracy: 799/1000(80%)
Task: 2,	 Epoch: 16/40,	 Avg.loss: 0.0006,	 Test Accuracy: 804/1000(80%)
Task: 2,	 Epoch: 17/40,	 Avg.loss: 0.0006,	 Test Accuracy: 792/1000(79%)
Task: 2,	 Epoch: 18/40,	 Avg.loss: 0.0006,	 Test Accuracy: 807/1000(81%)
Task: 2,	 Epoch: 19/40,	 Avg.loss: 0.0007,	 Test Accuracy: 797/1000(80%)
Task: 2,	 Epoch: 20/40,	 Avg.loss: 0.0006,	 Test Accuracy: 799/1000(80%)
Task: 2,	 Epoch: 21/40,	 Avg.loss: 0.0006,	 Test Accuracy: 801/1000(80%)
Task: 2,	 Epoch: 22/40,	 Avg.loss: 0.0006,	 Test Accuracy: 805/1000(81%)
Task: 2,	 Epoch: 23/40,	 Avg.loss: 0.0006,	 Test Accuracy: 802/1000(80%)
Task: 2,	 Epoch: 24/40,	 Avg.loss: 0.0006,	 Test Accuracy: 804/1000(80%)
Task: 2,	 Epoch: 25/40,	 Avg.loss: 0.0006,	 Test Accuracy: 802/1000(80%)
Task: 2,	 Epoch: 26/40,	 Avg.loss: 0.0006,	 Test Accuracy: 802/1000(80%)
Task: 2,	 Epoch: 27/40,	 Avg.loss: 0.0006,	 Test Accuracy: 807/1000(81%)
Task: 2,	 Epoch: 28/40,	 Avg.loss: 0.0006,	 Test Accuracy: 805/1000(81%)
Task: 2,	 Epoch: 29/40,	 Avg.loss: 0.0006,	 Test Accuracy: 806/1000(81%)
Task: 2,	 Epoch: 30/40,	 Avg.loss: 0.0006,	 Test Accuracy: 801/1000(80%)
Task: 2,	 Epoch: 31/40,	 Avg.loss: 0.0006,	 Test Accuracy: 800/1000(80%)
Task: 2,	 Epoch: 32/40,	 Avg.loss: 0.0006,	 Test Accuracy: 800/1000(80%)
Task: 2,	 Epoch: 33/40,	 Avg.loss: 0.0006,	 Test Accuracy: 808/1000(81%)
Task: 2,	 Epoch: 34/40,	 Avg.loss: 0.0006,	 Test Accuracy: 808/1000(81%)
Task: 2,	 Epoch: 35/40,	 Avg.loss: 0.0006,	 Test Accuracy: 804/1000(80%)
Task: 2,	 Epoch: 36/40,	 Avg.loss: 0.0006,	 Test Accuracy: 805/1000(81%)
Task: 2,	 Epoch: 37/40,	 Avg.loss: 0.0006,	 Test Accuracy: 800/1000(80%)
Task: 2,	 Epoch: 38/40,	 Avg.loss: 0.0006,	 Test Accuracy: 806/1000(81%)
Task: 2,	 Epoch: 39/40,	 Avg.loss: 0.0006,	 Test Accuracy: 803/1000(80%)
Trained Task:2, Loaded task:0, Accuracy:85.1%
Trained Task:2, Loaded task:1, Accuracy:77.9%
Trained Task:2, Loaded task:2, Accuracy:80.3%
Trained Task:2, Avg. Accuracy: 81.1 

List of avg. accuracy: [84.9, 81.6, 81.1]
Mask histogram
conv1_layer.0.weight: 	 tensor([    0.,     0.,     0.,     0., 32768.,     0.,     0.,     0.,     0.,
            0.,     0.], device='cuda:0')
conv2_layer.0.weight: 	 tensor([   0.,    0.,    0.,    0., 8192.,    0.,    0.,    0.,    0.,    0.,
           0.], device='cuda:0')
conv3_layer.0.weight: 	 tensor([2164., 5623., 5642., 2539.,  416.,    0.,    0.,    0.,    0.,    0.,
           0.], device='cuda:0')
conv4_layer.0.weight: 	 tensor([   0.,    0.,    0.,    0., 4096.,    0.,    0.,    0.,    0.,    0.,
           0.], device='cuda:0')
fc1_layer.0.weight: 	 tensor([ 78., 175., 165.,  85.,   9.,   0.,   0.,   0.,   0.,   0.,   0.],
       device='cuda:0')
Head Finetuning    :Task: 3,	 Epoch: 0/40,	 Avg.loss: 0.0028,	 Test Accuracy: 118/1000(12%)
Head Finetuning    :Task: 3,	 Epoch: 1/40,	 Avg.loss: 0.0026,	 Test Accuracy: 120/1000(12%)
Head Finetuning    :Task: 3,	 Epoch: 2/40,	 Avg.loss: 0.0026,	 Test Accuracy: 130/1000(13%)
Head Finetuning    :Task: 3,	 Epoch: 3/40,	 Avg.loss: 0.0025,	 Test Accuracy: 144/1000(14%)
Head Finetuning    :Task: 3,	 Epoch: 4/40,	 Avg.loss: 0.0024,	 Test Accuracy: 152/1000(15%)
Head Finetuning    :Task: 3,	 Epoch: 5/40,	 Avg.loss: 0.0024,	 Test Accuracy: 156/1000(16%)
Head Finetuning    :Task: 3,	 Epoch: 6/40,	 Avg.loss: 0.0023,	 Test Accuracy: 157/1000(16%)
Head Finetuning    :Task: 3,	 Epoch: 7/40,	 Avg.loss: 0.0023,	 Test Accuracy: 165/1000(16%)
Head Finetuning    :Task: 3,	 Epoch: 8/40,	 Avg.loss: 0.0023,	 Test Accuracy: 177/1000(18%)
Head Finetuning    :Task: 3,	 Epoch: 9/40,	 Avg.loss: 0.0023,	 Test Accuracy: 186/1000(19%)
Head Finetuning    :Task: 3,	 Epoch: 10/40,	 Avg.loss: 0.0022,	 Test Accuracy: 192/1000(19%)
Head Finetuning    :Task: 3,	 Epoch: 11/40,	 Avg.loss: 0.0022,	 Test Accuracy: 199/1000(20%)
Head Finetuning    :Task: 3,	 Epoch: 12/40,	 Avg.loss: 0.0022,	 Test Accuracy: 214/1000(21%)
Head Finetuning    :Task: 3,	 Epoch: 13/40,	 Avg.loss: 0.0022,	 Test Accuracy: 221/1000(22%)
Head Finetuning    :Task: 3,	 Epoch: 14/40,	 Avg.loss: 0.0021,	 Test Accuracy: 224/1000(22%)
Task: 3,	 Epoch: 0/40,	 Avg.loss: 0.0012,	 Test Accuracy: 592/1000(59%)
Task: 3,	 Epoch: 1/40,	 Avg.loss: 0.0010,	 Test Accuracy: 687/1000(69%)
Task: 3,	 Epoch: 2/40,	 Avg.loss: 0.0009,	 Test Accuracy: 693/1000(69%)
Task: 3,	 Epoch: 3/40,	 Avg.loss: 0.0009,	 Test Accuracy: 706/1000(71%)
Task: 3,	 Epoch: 4/40,	 Avg.loss: 0.0008,	 Test Accuracy: 724/1000(72%)
Task: 3,	 Epoch: 5/40,	 Avg.loss: 0.0008,	 Test Accuracy: 732/1000(73%)
Task: 3,	 Epoch: 6/40,	 Avg.loss: 0.0008,	 Test Accuracy: 741/1000(74%)
Task: 3,	 Epoch: 7/40,	 Avg.loss: 0.0008,	 Test Accuracy: 742/1000(74%)
Task: 3,	 Epoch: 8/40,	 Avg.loss: 0.0008,	 Test Accuracy: 745/1000(74%)
Task: 3,	 Epoch: 9/40,	 Avg.loss: 0.0008,	 Test Accuracy: 746/1000(75%)
Task: 3,	 Epoch: 10/40,	 Avg.loss: 0.0008,	 Test Accuracy: 752/1000(75%)
Task: 3,	 Epoch: 11/40,	 Avg.loss: 0.0008,	 Test Accuracy: 758/1000(76%)
Task: 3,	 Epoch: 12/40,	 Avg.loss: 0.0008,	 Test Accuracy: 748/1000(75%)
Task: 3,	 Epoch: 13/40,	 Avg.loss: 0.0008,	 Test Accuracy: 752/1000(75%)
Task: 3,	 Epoch: 14/40,	 Avg.loss: 0.0008,	 Test Accuracy: 754/1000(75%)
Task: 3,	 Epoch: 15/40,	 Avg.loss: 0.0008,	 Test Accuracy: 753/1000(75%)
Task: 3,	 Epoch: 16/40,	 Avg.loss: 0.0007,	 Test Accuracy: 780/1000(78%)
Task: 3,	 Epoch: 17/40,	 Avg.loss: 0.0007,	 Test Accuracy: 773/1000(77%)
Task: 3,	 Epoch: 18/40,	 Avg.loss: 0.0007,	 Test Accuracy: 776/1000(78%)
Task: 3,	 Epoch: 19/40,	 Avg.loss: 0.0008,	 Test Accuracy: 746/1000(75%)
Task: 3,	 Epoch: 20/40,	 Avg.loss: 0.0007,	 Test Accuracy: 770/1000(77%)
Task: 3,	 Epoch: 21/40,	 Avg.loss: 0.0007,	 Test Accuracy: 778/1000(78%)
Task: 3,	 Epoch: 22/40,	 Avg.loss: 0.0007,	 Test Accuracy: 779/1000(78%)
Task: 3,	 Epoch: 23/40,	 Avg.loss: 0.0007,	 Test Accuracy: 777/1000(78%)
Task: 3,	 Epoch: 24/40,	 Avg.loss: 0.0007,	 Test Accuracy: 775/1000(78%)
Task: 3,	 Epoch: 25/40,	 Avg.loss: 0.0007,	 Test Accuracy: 775/1000(78%)
Task: 3,	 Epoch: 26/40,	 Avg.loss: 0.0007,	 Test Accuracy: 773/1000(77%)
Task: 3,	 Epoch: 27/40,	 Avg.loss: 0.0007,	 Test Accuracy: 772/1000(77%)
Task: 3,	 Epoch: 28/40,	 Avg.loss: 0.0007,	 Test Accuracy: 777/1000(78%)
Task: 3,	 Epoch: 29/40,	 Avg.loss: 0.0007,	 Test Accuracy: 780/1000(78%)
Task: 3,	 Epoch: 30/40,	 Avg.loss: 0.0007,	 Test Accuracy: 778/1000(78%)
Task: 3,	 Epoch: 31/40,	 Avg.loss: 0.0007,	 Test Accuracy: 778/1000(78%)
Task: 3,	 Epoch: 32/40,	 Avg.loss: 0.0007,	 Test Accuracy: 776/1000(78%)
Task: 3,	 Epoch: 33/40,	 Avg.loss: 0.0007,	 Test Accuracy: 783/1000(78%)
Task: 3,	 Epoch: 34/40,	 Avg.loss: 0.0007,	 Test Accuracy: 781/1000(78%)
Task: 3,	 Epoch: 35/40,	 Avg.loss: 0.0007,	 Test Accuracy: 777/1000(78%)
Task: 3,	 Epoch: 36/40,	 Avg.loss: 0.0007,	 Test Accuracy: 785/1000(78%)
Task: 3,	 Epoch: 37/40,	 Avg.loss: 0.0007,	 Test Accuracy: 785/1000(78%)
Task: 3,	 Epoch: 38/40,	 Avg.loss: 0.0007,	 Test Accuracy: 780/1000(78%)
Task: 3,	 Epoch: 39/40,	 Avg.loss: 0.0007,	 Test Accuracy: 777/1000(78%)
Trained Task:3, Loaded task:0, Accuracy:84.5%
Trained Task:3, Loaded task:1, Accuracy:77.7%
Trained Task:3, Loaded task:2, Accuracy:80.2%
Trained Task:3, Loaded task:3, Accuracy:77.7%
Trained Task:3, Avg. Accuracy: 80.0 

List of avg. accuracy: [84.9, 81.6, 81.1, 80.0]
Mask histogram
conv1_layer.0.weight: 	 tensor([    0.,     0.,     0.,     0.,     0., 32768.,     0.,     0.,     0.,
            0.,     0.], device='cuda:0')
conv2_layer.0.weight: 	 tensor([   0.,    0.,    0.,    0.,    0., 8192.,    0.,    0.,    0.,    0.,
           0.], device='cuda:0')
conv3_layer.0.weight: 	 tensor([1296., 4250., 5590., 3855., 1203.,  190.,    0.,    0.,    0.,    0.,
           0.], device='cuda:0')
conv4_layer.0.weight: 	 tensor([   0.,    0.,    0.,    0.,    0., 4096.,    0.,    0.,    0.,    0.,
           0.], device='cuda:0')
fc1_layer.0.weight: 	 tensor([ 49., 124., 183., 118.,  35.,   3.,   0.,   0.,   0.,   0.,   0.],
       device='cuda:0')
Head Finetuning    :Task: 4,	 Epoch: 0/40,	 Avg.loss: 0.0029,	 Test Accuracy: 88/1000(9%)
Head Finetuning    :Task: 4,	 Epoch: 1/40,	 Avg.loss: 0.0027,	 Test Accuracy: 108/1000(11%)
Head Finetuning    :Task: 4,	 Epoch: 2/40,	 Avg.loss: 0.0026,	 Test Accuracy: 134/1000(13%)
Head Finetuning    :Task: 4,	 Epoch: 3/40,	 Avg.loss: 0.0025,	 Test Accuracy: 152/1000(15%)
Head Finetuning    :Task: 4,	 Epoch: 4/40,	 Avg.loss: 0.0024,	 Test Accuracy: 168/1000(17%)
Head Finetuning    :Task: 4,	 Epoch: 5/40,	 Avg.loss: 0.0023,	 Test Accuracy: 176/1000(18%)
Head Finetuning    :Task: 4,	 Epoch: 6/40,	 Avg.loss: 0.0023,	 Test Accuracy: 192/1000(19%)
Head Finetuning    :Task: 4,	 Epoch: 7/40,	 Avg.loss: 0.0022,	 Test Accuracy: 209/1000(21%)
Head Finetuning    :Task: 4,	 Epoch: 8/40,	 Avg.loss: 0.0022,	 Test Accuracy: 213/1000(21%)
Head Finetuning    :Task: 4,	 Epoch: 9/40,	 Avg.loss: 0.0022,	 Test Accuracy: 220/1000(22%)
Head Finetuning    :Task: 4,	 Epoch: 10/40,	 Avg.loss: 0.0021,	 Test Accuracy: 232/1000(23%)
Head Finetuning    :Task: 4,	 Epoch: 11/40,	 Avg.loss: 0.0021,	 Test Accuracy: 244/1000(24%)
Head Finetuning    :Task: 4,	 Epoch: 12/40,	 Avg.loss: 0.0021,	 Test Accuracy: 260/1000(26%)
Head Finetuning    :Task: 4,	 Epoch: 13/40,	 Avg.loss: 0.0020,	 Test Accuracy: 281/1000(28%)
Head Finetuning    :Task: 4,	 Epoch: 14/40,	 Avg.loss: 0.0020,	 Test Accuracy: 295/1000(30%)
Task: 4,	 Epoch: 0/40,	 Avg.loss: 0.0010,	 Test Accuracy: 694/1000(69%)
Task: 4,	 Epoch: 1/40,	 Avg.loss: 0.0009,	 Test Accuracy: 688/1000(69%)
Task: 4,	 Epoch: 2/40,	 Avg.loss: 0.0008,	 Test Accuracy: 750/1000(75%)
Task: 4,	 Epoch: 3/40,	 Avg.loss: 0.0007,	 Test Accuracy: 776/1000(78%)
Task: 4,	 Epoch: 4/40,	 Avg.loss: 0.0007,	 Test Accuracy: 774/1000(77%)
Task: 4,	 Epoch: 5/40,	 Avg.loss: 0.0008,	 Test Accuracy: 761/1000(76%)
Task: 4,	 Epoch: 6/40,	 Avg.loss: 0.0007,	 Test Accuracy: 773/1000(77%)
Task: 4,	 Epoch: 7/40,	 Avg.loss: 0.0007,	 Test Accuracy: 791/1000(79%)
Task: 4,	 Epoch: 8/40,	 Avg.loss: 0.0007,	 Test Accuracy: 775/1000(78%)
Task: 4,	 Epoch: 9/40,	 Avg.loss: 0.0007,	 Test Accuracy: 792/1000(79%)
Task: 4,	 Epoch: 10/40,	 Avg.loss: 0.0007,	 Test Accuracy: 780/1000(78%)
Task: 4,	 Epoch: 11/40,	 Avg.loss: 0.0007,	 Test Accuracy: 794/1000(79%)
Task: 4,	 Epoch: 12/40,	 Avg.loss: 0.0007,	 Test Accuracy: 800/1000(80%)
Task: 4,	 Epoch: 13/40,	 Avg.loss: 0.0007,	 Test Accuracy: 796/1000(80%)
Task: 4,	 Epoch: 14/40,	 Avg.loss: 0.0007,	 Test Accuracy: 798/1000(80%)
Task: 4,	 Epoch: 15/40,	 Avg.loss: 0.0007,	 Test Accuracy: 785/1000(78%)
Task: 4,	 Epoch: 16/40,	 Avg.loss: 0.0006,	 Test Accuracy: 799/1000(80%)
Task: 4,	 Epoch: 17/40,	 Avg.loss: 0.0007,	 Test Accuracy: 779/1000(78%)
Task: 4,	 Epoch: 18/40,	 Avg.loss: 0.0007,	 Test Accuracy: 785/1000(78%)
Task: 4,	 Epoch: 19/40,	 Avg.loss: 0.0006,	 Test Accuracy: 810/1000(81%)
Task: 4,	 Epoch: 20/40,	 Avg.loss: 0.0006,	 Test Accuracy: 816/1000(82%)
Task: 4,	 Epoch: 21/40,	 Avg.loss: 0.0006,	 Test Accuracy: 812/1000(81%)
Task: 4,	 Epoch: 22/40,	 Avg.loss: 0.0006,	 Test Accuracy: 815/1000(82%)
Task: 4,	 Epoch: 23/40,	 Avg.loss: 0.0006,	 Test Accuracy: 811/1000(81%)
Task: 4,	 Epoch: 24/40,	 Avg.loss: 0.0006,	 Test Accuracy: 821/1000(82%)
Task: 4,	 Epoch: 25/40,	 Avg.loss: 0.0006,	 Test Accuracy: 810/1000(81%)
Task: 4,	 Epoch: 26/40,	 Avg.loss: 0.0006,	 Test Accuracy: 815/1000(82%)
Task: 4,	 Epoch: 27/40,	 Avg.loss: 0.0006,	 Test Accuracy: 814/1000(81%)
Task: 4,	 Epoch: 28/40,	 Avg.loss: 0.0006,	 Test Accuracy: 818/1000(82%)
Task: 4,	 Epoch: 29/40,	 Avg.loss: 0.0006,	 Test Accuracy: 814/1000(81%)
Task: 4,	 Epoch: 30/40,	 Avg.loss: 0.0006,	 Test Accuracy: 819/1000(82%)
Task: 4,	 Epoch: 31/40,	 Avg.loss: 0.0006,	 Test Accuracy: 818/1000(82%)
Task: 4,	 Epoch: 32/40,	 Avg.loss: 0.0006,	 Test Accuracy: 813/1000(81%)
Task: 4,	 Epoch: 33/40,	 Avg.loss: 0.0006,	 Test Accuracy: 816/1000(82%)
Task: 4,	 Epoch: 34/40,	 Avg.loss: 0.0006,	 Test Accuracy: 812/1000(81%)
Task: 4,	 Epoch: 35/40,	 Avg.loss: 0.0006,	 Test Accuracy: 815/1000(82%)
Task: 4,	 Epoch: 36/40,	 Avg.loss: 0.0006,	 Test Accuracy: 817/1000(82%)
Task: 4,	 Epoch: 37/40,	 Avg.loss: 0.0006,	 Test Accuracy: 812/1000(81%)
Task: 4,	 Epoch: 38/40,	 Avg.loss: 0.0006,	 Test Accuracy: 812/1000(81%)
Task: 4,	 Epoch: 39/40,	 Avg.loss: 0.0006,	 Test Accuracy: 814/1000(81%)
Trained Task:4, Loaded task:0, Accuracy:83.8%
Trained Task:4, Loaded task:1, Accuracy:77.7%
Trained Task:4, Loaded task:2, Accuracy:80.7%
Trained Task:4, Loaded task:3, Accuracy:77.4%
Trained Task:4, Loaded task:4, Accuracy:81.4%
Trained Task:4, Avg. Accuracy: 80.2 

List of avg. accuracy: [84.9, 81.6, 81.1, 80.0, 80.2]
Mask histogram
conv1_layer.0.weight: 	 tensor([    0.,     0.,     0.,     0.,     0.,     0., 32768.,     0.,     0.,
            0.,     0.], device='cuda:0')
conv2_layer.0.weight: 	 tensor([   0.,    0.,    0.,    0.,    0.,    0., 8192.,    0.,    0.,    0.,
           0.], device='cuda:0')
conv3_layer.0.weight: 	 tensor([ 775., 3063., 5044., 4546., 2279.,  601.,   76.,    0.,    0.,    0.,
           0.], device='cuda:0')
conv4_layer.0.weight: 	 tensor([   0.,    0.,    0.,    0.,    0.,    0., 4096.,    0.,    0.,    0.,
           0.], device='cuda:0')
fc1_layer.0.weight: 	 tensor([ 27., 108., 158., 134.,  68.,  16.,   1.,   0.,   0.,   0.,   0.],
       device='cuda:0')
Head Finetuning    :Task: 5,	 Epoch: 0/40,	 Avg.loss: 0.0024,	 Test Accuracy: 193/1000(19%)
Head Finetuning    :Task: 5,	 Epoch: 1/40,	 Avg.loss: 0.0023,	 Test Accuracy: 213/1000(21%)
Head Finetuning    :Task: 5,	 Epoch: 2/40,	 Avg.loss: 0.0022,	 Test Accuracy: 227/1000(23%)
Head Finetuning    :Task: 5,	 Epoch: 3/40,	 Avg.loss: 0.0022,	 Test Accuracy: 239/1000(24%)
Head Finetuning    :Task: 5,	 Epoch: 4/40,	 Avg.loss: 0.0021,	 Test Accuracy: 252/1000(25%)
Head Finetuning    :Task: 5,	 Epoch: 5/40,	 Avg.loss: 0.0021,	 Test Accuracy: 263/1000(26%)
Head Finetuning    :Task: 5,	 Epoch: 6/40,	 Avg.loss: 0.0020,	 Test Accuracy: 271/1000(27%)
Head Finetuning    :Task: 5,	 Epoch: 7/40,	 Avg.loss: 0.0020,	 Test Accuracy: 284/1000(28%)
Head Finetuning    :Task: 5,	 Epoch: 8/40,	 Avg.loss: 0.0020,	 Test Accuracy: 291/1000(29%)
Head Finetuning    :Task: 5,	 Epoch: 9/40,	 Avg.loss: 0.0020,	 Test Accuracy: 302/1000(30%)
Head Finetuning    :Task: 5,	 Epoch: 10/40,	 Avg.loss: 0.0019,	 Test Accuracy: 312/1000(31%)
Head Finetuning    :Task: 5,	 Epoch: 11/40,	 Avg.loss: 0.0019,	 Test Accuracy: 320/1000(32%)
Head Finetuning    :Task: 5,	 Epoch: 12/40,	 Avg.loss: 0.0019,	 Test Accuracy: 326/1000(33%)
Head Finetuning    :Task: 5,	 Epoch: 13/40,	 Avg.loss: 0.0019,	 Test Accuracy: 330/1000(33%)
Head Finetuning    :Task: 5,	 Epoch: 14/40,	 Avg.loss: 0.0019,	 Test Accuracy: 333/1000(33%)
Task: 5,	 Epoch: 0/40,	 Avg.loss: 0.0010,	 Test Accuracy: 651/1000(65%)
Task: 5,	 Epoch: 1/40,	 Avg.loss: 0.0009,	 Test Accuracy: 662/1000(66%)
Task: 5,	 Epoch: 2/40,	 Avg.loss: 0.0008,	 Test Accuracy: 718/1000(72%)
Task: 5,	 Epoch: 3/40,	 Avg.loss: 0.0008,	 Test Accuracy: 718/1000(72%)
Task: 5,	 Epoch: 4/40,	 Avg.loss: 0.0007,	 Test Accuracy: 735/1000(74%)
Task: 5,	 Epoch: 5/40,	 Avg.loss: 0.0008,	 Test Accuracy: 704/1000(70%)
Task: 5,	 Epoch: 6/40,	 Avg.loss: 0.0007,	 Test Accuracy: 750/1000(75%)
Task: 5,	 Epoch: 7/40,	 Avg.loss: 0.0007,	 Test Accuracy: 743/1000(74%)
Task: 5,	 Epoch: 8/40,	 Avg.loss: 0.0007,	 Test Accuracy: 765/1000(76%)
Task: 5,	 Epoch: 9/40,	 Avg.loss: 0.0007,	 Test Accuracy: 762/1000(76%)
Task: 5,	 Epoch: 10/40,	 Avg.loss: 0.0008,	 Test Accuracy: 720/1000(72%)
Task: 5,	 Epoch: 11/40,	 Avg.loss: 0.0007,	 Test Accuracy: 754/1000(75%)
Task: 5,	 Epoch: 12/40,	 Avg.loss: 0.0007,	 Test Accuracy: 770/1000(77%)
Task: 5,	 Epoch: 13/40,	 Avg.loss: 0.0007,	 Test Accuracy: 744/1000(74%)
Task: 5,	 Epoch: 14/40,	 Avg.loss: 0.0007,	 Test Accuracy: 756/1000(76%)
Task: 5,	 Epoch: 15/40,	 Avg.loss: 0.0007,	 Test Accuracy: 762/1000(76%)
Task: 5,	 Epoch: 16/40,	 Avg.loss: 0.0007,	 Test Accuracy: 756/1000(76%)
Task: 5,	 Epoch: 17/40,	 Avg.loss: 0.0007,	 Test Accuracy: 739/1000(74%)
Task: 5,	 Epoch: 18/40,	 Avg.loss: 0.0007,	 Test Accuracy: 753/1000(75%)
Task: 5,	 Epoch: 19/40,	 Avg.loss: 0.0007,	 Test Accuracy: 770/1000(77%)
Task: 5,	 Epoch: 20/40,	 Avg.loss: 0.0007,	 Test Accuracy: 772/1000(77%)
Task: 5,	 Epoch: 21/40,	 Avg.loss: 0.0007,	 Test Accuracy: 765/1000(76%)
Task: 5,	 Epoch: 22/40,	 Avg.loss: 0.0007,	 Test Accuracy: 771/1000(77%)
Task: 5,	 Epoch: 23/40,	 Avg.loss: 0.0007,	 Test Accuracy: 767/1000(77%)
Task: 5,	 Epoch: 24/40,	 Avg.loss: 0.0006,	 Test Accuracy: 777/1000(78%)
Task: 5,	 Epoch: 25/40,	 Avg.loss: 0.0007,	 Test Accuracy: 774/1000(77%)
Task: 5,	 Epoch: 26/40,	 Avg.loss: 0.0007,	 Test Accuracy: 773/1000(77%)
Task: 5,	 Epoch: 27/40,	 Avg.loss: 0.0006,	 Test Accuracy: 777/1000(78%)
Task: 5,	 Epoch: 28/40,	 Avg.loss: 0.0006,	 Test Accuracy: 776/1000(78%)
Task: 5,	 Epoch: 29/40,	 Avg.loss: 0.0006,	 Test Accuracy: 770/1000(77%)
Task: 5,	 Epoch: 30/40,	 Avg.loss: 0.0006,	 Test Accuracy: 768/1000(77%)
Task: 5,	 Epoch: 31/40,	 Avg.loss: 0.0006,	 Test Accuracy: 775/1000(78%)
Task: 5,	 Epoch: 32/40,	 Avg.loss: 0.0006,	 Test Accuracy: 774/1000(77%)
Task: 5,	 Epoch: 33/40,	 Avg.loss: 0.0006,	 Test Accuracy: 773/1000(77%)
Task: 5,	 Epoch: 34/40,	 Avg.loss: 0.0006,	 Test Accuracy: 773/1000(77%)
Task: 5,	 Epoch: 35/40,	 Avg.loss: 0.0006,	 Test Accuracy: 774/1000(77%)
Task: 5,	 Epoch: 36/40,	 Avg.loss: 0.0006,	 Test Accuracy: 780/1000(78%)
Task: 5,	 Epoch: 37/40,	 Avg.loss: 0.0006,	 Test Accuracy: 778/1000(78%)
Task: 5,	 Epoch: 38/40,	 Avg.loss: 0.0006,	 Test Accuracy: 770/1000(77%)
Task: 5,	 Epoch: 39/40,	 Avg.loss: 0.0006,	 Test Accuracy: 771/1000(77%)
Trained Task:5, Loaded task:0, Accuracy:83.5%
Trained Task:5, Loaded task:1, Accuracy:77.1%
Trained Task:5, Loaded task:2, Accuracy:80.8%
Trained Task:5, Loaded task:3, Accuracy:77.2%
Trained Task:5, Loaded task:4, Accuracy:81.8%
Trained Task:5, Loaded task:5, Accuracy:77.1%
Trained Task:5, Avg. Accuracy: 79.6 

List of avg. accuracy: [84.9, 81.6, 81.1, 80.0, 80.2, 79.6]
Mask histogram
conv1_layer.0.weight: 	 tensor([    0.,     0.,     0.,     0.,     0.,     0.,     0., 32768.,     0.,
            0.,     0.], device='cuda:0')
conv2_layer.0.weight: 	 tensor([   0.,    0.,    0.,    0.,    0.,    0.,    0., 8192.,    0.,    0.,
           0.], device='cuda:0')
conv3_layer.0.weight: 	 tensor([ 454., 2145., 4307., 4737., 3114., 1301.,  296.,   30.,    0.,    0.,
           0.], device='cuda:0')
conv4_layer.0.weight: 	 tensor([   0.,    0.,    0.,    0.,    0.,    0.,    0., 4096.,    0.,    0.,
           0.], device='cuda:0')
fc1_layer.0.weight: 	 tensor([ 19.,  68., 141., 145.,  98.,  34.,   7.,   0.,   0.,   0.,   0.],
       device='cuda:0')
Head Finetuning    :Task: 6,	 Epoch: 0/40,	 Avg.loss: 0.0031,	 Test Accuracy: 99/1000(10%)
Head Finetuning    :Task: 6,	 Epoch: 1/40,	 Avg.loss: 0.0028,	 Test Accuracy: 107/1000(11%)
Head Finetuning    :Task: 6,	 Epoch: 2/40,	 Avg.loss: 0.0026,	 Test Accuracy: 127/1000(13%)
Head Finetuning    :Task: 6,	 Epoch: 3/40,	 Avg.loss: 0.0025,	 Test Accuracy: 145/1000(15%)
Head Finetuning    :Task: 6,	 Epoch: 4/40,	 Avg.loss: 0.0024,	 Test Accuracy: 168/1000(17%)
Head Finetuning    :Task: 6,	 Epoch: 5/40,	 Avg.loss: 0.0023,	 Test Accuracy: 190/1000(19%)
Head Finetuning    :Task: 6,	 Epoch: 6/40,	 Avg.loss: 0.0023,	 Test Accuracy: 215/1000(22%)
Head Finetuning    :Task: 6,	 Epoch: 7/40,	 Avg.loss: 0.0022,	 Test Accuracy: 236/1000(24%)
Head Finetuning    :Task: 6,	 Epoch: 8/40,	 Avg.loss: 0.0022,	 Test Accuracy: 249/1000(25%)
Head Finetuning    :Task: 6,	 Epoch: 9/40,	 Avg.loss: 0.0021,	 Test Accuracy: 271/1000(27%)
Head Finetuning    :Task: 6,	 Epoch: 10/40,	 Avg.loss: 0.0021,	 Test Accuracy: 279/1000(28%)
Head Finetuning    :Task: 6,	 Epoch: 11/40,	 Avg.loss: 0.0020,	 Test Accuracy: 298/1000(30%)
Head Finetuning    :Task: 6,	 Epoch: 12/40,	 Avg.loss: 0.0020,	 Test Accuracy: 310/1000(31%)
Head Finetuning    :Task: 6,	 Epoch: 13/40,	 Avg.loss: 0.0020,	 Test Accuracy: 322/1000(32%)
Head Finetuning    :Task: 6,	 Epoch: 14/40,	 Avg.loss: 0.0019,	 Test Accuracy: 333/1000(33%)
Task: 6,	 Epoch: 0/40,	 Avg.loss: 0.0010,	 Test Accuracy: 629/1000(63%)
Task: 6,	 Epoch: 1/40,	 Avg.loss: 0.0009,	 Test Accuracy: 680/1000(68%)
Task: 6,	 Epoch: 2/40,	 Avg.loss: 0.0009,	 Test Accuracy: 681/1000(68%)
Task: 6,	 Epoch: 3/40,	 Avg.loss: 0.0009,	 Test Accuracy: 682/1000(68%)
Task: 6,	 Epoch: 4/40,	 Avg.loss: 0.0009,	 Test Accuracy: 687/1000(69%)
Task: 6,	 Epoch: 5/40,	 Avg.loss: 0.0008,	 Test Accuracy: 699/1000(70%)
Task: 6,	 Epoch: 6/40,	 Avg.loss: 0.0008,	 Test Accuracy: 707/1000(71%)
Task: 6,	 Epoch: 7/40,	 Avg.loss: 0.0008,	 Test Accuracy: 708/1000(71%)
Task: 6,	 Epoch: 8/40,	 Avg.loss: 0.0008,	 Test Accuracy: 719/1000(72%)
Task: 6,	 Epoch: 9/40,	 Avg.loss: 0.0008,	 Test Accuracy: 731/1000(73%)
Task: 6,	 Epoch: 10/40,	 Avg.loss: 0.0008,	 Test Accuracy: 737/1000(74%)
Task: 6,	 Epoch: 11/40,	 Avg.loss: 0.0008,	 Test Accuracy: 736/1000(74%)
Task: 6,	 Epoch: 12/40,	 Avg.loss: 0.0008,	 Test Accuracy: 743/1000(74%)
Task: 6,	 Epoch: 13/40,	 Avg.loss: 0.0007,	 Test Accuracy: 743/1000(74%)
Task: 6,	 Epoch: 14/40,	 Avg.loss: 0.0008,	 Test Accuracy: 733/1000(73%)
Task: 6,	 Epoch: 15/40,	 Avg.loss: 0.0008,	 Test Accuracy: 735/1000(74%)
Task: 6,	 Epoch: 16/40,	 Avg.loss: 0.0007,	 Test Accuracy: 744/1000(74%)
Task: 6,	 Epoch: 17/40,	 Avg.loss: 0.0007,	 Test Accuracy: 738/1000(74%)
Task: 6,	 Epoch: 18/40,	 Avg.loss: 0.0008,	 Test Accuracy: 727/1000(73%)
Task: 6,	 Epoch: 19/40,	 Avg.loss: 0.0007,	 Test Accuracy: 749/1000(75%)
Task: 6,	 Epoch: 20/40,	 Avg.loss: 0.0007,	 Test Accuracy: 743/1000(74%)
Task: 6,	 Epoch: 21/40,	 Avg.loss: 0.0007,	 Test Accuracy: 736/1000(74%)
Task: 6,	 Epoch: 22/40,	 Avg.loss: 0.0007,	 Test Accuracy: 740/1000(74%)
Task: 6,	 Epoch: 23/40,	 Avg.loss: 0.0007,	 Test Accuracy: 740/1000(74%)
Task: 6,	 Epoch: 24/40,	 Avg.loss: 0.0007,	 Test Accuracy: 740/1000(74%)
Task: 6,	 Epoch: 25/40,	 Avg.loss: 0.0007,	 Test Accuracy: 742/1000(74%)
Task: 6,	 Epoch: 26/40,	 Avg.loss: 0.0007,	 Test Accuracy: 746/1000(75%)
Task: 6,	 Epoch: 27/40,	 Avg.loss: 0.0007,	 Test Accuracy: 738/1000(74%)
Task: 6,	 Epoch: 28/40,	 Avg.loss: 0.0007,	 Test Accuracy: 748/1000(75%)
Task: 6,	 Epoch: 29/40,	 Avg.loss: 0.0007,	 Test Accuracy: 742/1000(74%)
Task: 6,	 Epoch: 30/40,	 Avg.loss: 0.0007,	 Test Accuracy: 746/1000(75%)
Task: 6,	 Epoch: 31/40,	 Avg.loss: 0.0007,	 Test Accuracy: 741/1000(74%)
Task: 6,	 Epoch: 32/40,	 Avg.loss: 0.0007,	 Test Accuracy: 745/1000(74%)
Task: 6,	 Epoch: 33/40,	 Avg.loss: 0.0007,	 Test Accuracy: 746/1000(75%)
Task: 6,	 Epoch: 34/40,	 Avg.loss: 0.0007,	 Test Accuracy: 746/1000(75%)
Task: 6,	 Epoch: 35/40,	 Avg.loss: 0.0007,	 Test Accuracy: 739/1000(74%)
Task: 6,	 Epoch: 36/40,	 Avg.loss: 0.0007,	 Test Accuracy: 747/1000(75%)
Task: 6,	 Epoch: 37/40,	 Avg.loss: 0.0007,	 Test Accuracy: 745/1000(74%)
Task: 6,	 Epoch: 38/40,	 Avg.loss: 0.0007,	 Test Accuracy: 744/1000(74%)
Task: 6,	 Epoch: 39/40,	 Avg.loss: 0.0007,	 Test Accuracy: 738/1000(74%)
Trained Task:6, Loaded task:0, Accuracy:83.2%
Trained Task:6, Loaded task:1, Accuracy:77.0%
Trained Task:6, Loaded task:2, Accuracy:81.0%
Trained Task:6, Loaded task:3, Accuracy:77.3%
Trained Task:6, Loaded task:4, Accuracy:81.5%
Trained Task:6, Loaded task:5, Accuracy:77.4%
Trained Task:6, Loaded task:6, Accuracy:73.8%
Trained Task:6, Avg. Accuracy: 78.7 

List of avg. accuracy: [84.9, 81.6, 81.1, 80.0, 80.2, 79.6, 78.7]
Mask histogram
conv1_layer.0.weight: 	 tensor([    0.,     0.,     0.,     0.,     0.,     0.,     0.,     0., 32768.,
            0.,     0.], device='cuda:0')
conv2_layer.0.weight: 	 tensor([   0.,    0.,    0.,    0.,    0.,    0.,    0.,    0., 8192.,    0.,
           0.], device='cuda:0')
conv3_layer.0.weight: 	 tensor([ 283., 1424., 3512., 4445., 3820., 2028.,  731.,  133.,    8.,    0.,
           0.], device='cuda:0')
conv4_layer.0.weight: 	 tensor([   0.,    0.,    0.,    0.,    0.,    0.,    0.,    0., 4096.,    0.,
           0.], device='cuda:0')
fc1_layer.0.weight: 	 tensor([ 13.,  48., 109., 151., 110.,  60.,  18.,   3.,   0.,   0.,   0.],
       device='cuda:0')
Head Finetuning    :Task: 7,	 Epoch: 0/40,	 Avg.loss: 0.0029,	 Test Accuracy: 153/1000(15%)
Head Finetuning    :Task: 7,	 Epoch: 1/40,	 Avg.loss: 0.0027,	 Test Accuracy: 156/1000(16%)
Head Finetuning    :Task: 7,	 Epoch: 2/40,	 Avg.loss: 0.0026,	 Test Accuracy: 163/1000(16%)
Head Finetuning    :Task: 7,	 Epoch: 3/40,	 Avg.loss: 0.0025,	 Test Accuracy: 170/1000(17%)
Head Finetuning    :Task: 7,	 Epoch: 4/40,	 Avg.loss: 0.0024,	 Test Accuracy: 182/1000(18%)
Head Finetuning    :Task: 7,	 Epoch: 5/40,	 Avg.loss: 0.0024,	 Test Accuracy: 201/1000(20%)
Head Finetuning    :Task: 7,	 Epoch: 6/40,	 Avg.loss: 0.0023,	 Test Accuracy: 210/1000(21%)
Head Finetuning    :Task: 7,	 Epoch: 7/40,	 Avg.loss: 0.0023,	 Test Accuracy: 220/1000(22%)
Head Finetuning    :Task: 7,	 Epoch: 8/40,	 Avg.loss: 0.0022,	 Test Accuracy: 228/1000(23%)
Head Finetuning    :Task: 7,	 Epoch: 9/40,	 Avg.loss: 0.0022,	 Test Accuracy: 242/1000(24%)
Head Finetuning    :Task: 7,	 Epoch: 10/40,	 Avg.loss: 0.0022,	 Test Accuracy: 253/1000(25%)
Head Finetuning    :Task: 7,	 Epoch: 11/40,	 Avg.loss: 0.0021,	 Test Accuracy: 256/1000(26%)
Head Finetuning    :Task: 7,	 Epoch: 12/40,	 Avg.loss: 0.0021,	 Test Accuracy: 264/1000(26%)
Head Finetuning    :Task: 7,	 Epoch: 13/40,	 Avg.loss: 0.0021,	 Test Accuracy: 270/1000(27%)
Head Finetuning    :Task: 7,	 Epoch: 14/40,	 Avg.loss: 0.0021,	 Test Accuracy: 283/1000(28%)
Task: 7,	 Epoch: 0/40,	 Avg.loss: 0.0012,	 Test Accuracy: 576/1000(58%)
Task: 7,	 Epoch: 1/40,	 Avg.loss: 0.0011,	 Test Accuracy: 618/1000(62%)
Task: 7,	 Epoch: 2/40,	 Avg.loss: 0.0010,	 Test Accuracy: 637/1000(64%)
Task: 7,	 Epoch: 3/40,	 Avg.loss: 0.0010,	 Test Accuracy: 650/1000(65%)
Task: 7,	 Epoch: 4/40,	 Avg.loss: 0.0009,	 Test Accuracy: 667/1000(67%)
Task: 7,	 Epoch: 5/40,	 Avg.loss: 0.0009,	 Test Accuracy: 676/1000(68%)
Task: 7,	 Epoch: 6/40,	 Avg.loss: 0.0009,	 Test Accuracy: 664/1000(66%)
Task: 7,	 Epoch: 7/40,	 Avg.loss: 0.0009,	 Test Accuracy: 667/1000(67%)
Task: 7,	 Epoch: 8/40,	 Avg.loss: 0.0010,	 Test Accuracy: 652/1000(65%)
Task: 7,	 Epoch: 9/40,	 Avg.loss: 0.0009,	 Test Accuracy: 685/1000(68%)
Task: 7,	 Epoch: 10/40,	 Avg.loss: 0.0009,	 Test Accuracy: 702/1000(70%)
Task: 7,	 Epoch: 11/40,	 Avg.loss: 0.0009,	 Test Accuracy: 688/1000(69%)
Task: 7,	 Epoch: 12/40,	 Avg.loss: 0.0008,	 Test Accuracy: 714/1000(71%)
Task: 7,	 Epoch: 13/40,	 Avg.loss: 0.0009,	 Test Accuracy: 682/1000(68%)
Task: 7,	 Epoch: 14/40,	 Avg.loss: 0.0008,	 Test Accuracy: 699/1000(70%)
Task: 7,	 Epoch: 15/40,	 Avg.loss: 0.0009,	 Test Accuracy: 688/1000(69%)
Task: 7,	 Epoch: 16/40,	 Avg.loss: 0.0009,	 Test Accuracy: 687/1000(69%)
Task: 7,	 Epoch: 17/40,	 Avg.loss: 0.0009,	 Test Accuracy: 691/1000(69%)
Task: 7,	 Epoch: 18/40,	 Avg.loss: 0.0008,	 Test Accuracy: 704/1000(70%)
Task: 7,	 Epoch: 19/40,	 Avg.loss: 0.0008,	 Test Accuracy: 709/1000(71%)
Task: 7,	 Epoch: 20/40,	 Avg.loss: 0.0008,	 Test Accuracy: 722/1000(72%)
Task: 7,	 Epoch: 21/40,	 Avg.loss: 0.0008,	 Test Accuracy: 721/1000(72%)
Task: 7,	 Epoch: 22/40,	 Avg.loss: 0.0008,	 Test Accuracy: 725/1000(72%)
Task: 7,	 Epoch: 23/40,	 Avg.loss: 0.0008,	 Test Accuracy: 731/1000(73%)
Task: 7,	 Epoch: 24/40,	 Avg.loss: 0.0008,	 Test Accuracy: 720/1000(72%)
Task: 7,	 Epoch: 25/40,	 Avg.loss: 0.0008,	 Test Accuracy: 725/1000(72%)
Task: 7,	 Epoch: 26/40,	 Avg.loss: 0.0008,	 Test Accuracy: 725/1000(72%)
Task: 7,	 Epoch: 27/40,	 Avg.loss: 0.0008,	 Test Accuracy: 720/1000(72%)
Task: 7,	 Epoch: 28/40,	 Avg.loss: 0.0008,	 Test Accuracy: 717/1000(72%)
Task: 7,	 Epoch: 29/40,	 Avg.loss: 0.0008,	 Test Accuracy: 725/1000(72%)
Task: 7,	 Epoch: 30/40,	 Avg.loss: 0.0008,	 Test Accuracy: 730/1000(73%)
Task: 7,	 Epoch: 31/40,	 Avg.loss: 0.0008,	 Test Accuracy: 727/1000(73%)
Task: 7,	 Epoch: 32/40,	 Avg.loss: 0.0008,	 Test Accuracy: 723/1000(72%)
Task: 7,	 Epoch: 33/40,	 Avg.loss: 0.0008,	 Test Accuracy: 714/1000(71%)
Task: 7,	 Epoch: 34/40,	 Avg.loss: 0.0008,	 Test Accuracy: 732/1000(73%)
Task: 7,	 Epoch: 35/40,	 Avg.loss: 0.0008,	 Test Accuracy: 725/1000(72%)
Task: 7,	 Epoch: 36/40,	 Avg.loss: 0.0008,	 Test Accuracy: 724/1000(72%)
Task: 7,	 Epoch: 37/40,	 Avg.loss: 0.0008,	 Test Accuracy: 728/1000(73%)
Task: 7,	 Epoch: 38/40,	 Avg.loss: 0.0008,	 Test Accuracy: 727/1000(73%)
Task: 7,	 Epoch: 39/40,	 Avg.loss: 0.0008,	 Test Accuracy: 730/1000(73%)
Trained Task:7, Loaded task:0, Accuracy:83.9%
Trained Task:7, Loaded task:1, Accuracy:76.8%
Trained Task:7, Loaded task:2, Accuracy:80.7%
Trained Task:7, Loaded task:3, Accuracy:77.2%
Trained Task:7, Loaded task:4, Accuracy:81.7%
Trained Task:7, Loaded task:5, Accuracy:77.4%
Trained Task:7, Loaded task:6, Accuracy:74.6%
Trained Task:7, Loaded task:7, Accuracy:73.0%
Trained Task:7, Avg. Accuracy: 78.2 

List of avg. accuracy: [84.9, 81.6, 81.1, 80.0, 80.2, 79.6, 78.7, 78.2]
Mask histogram
conv1_layer.0.weight: 	 tensor([    0.,     0.,     0.,     0.,     0.,     0.,     0.,     0.,     0.,
        32768.,     0.], device='cuda:0')
conv2_layer.0.weight: 	 tensor([   0.,    0.,    0.,    0.,    0.,    0.,    0.,    0.,    0., 8192.,
           0.], device='cuda:0')
conv3_layer.0.weight: 	 tensor([1.7000e+02, 9.4200e+02, 2.7020e+03, 4.0590e+03, 4.0730e+03, 2.7670e+03,
        1.2370e+03, 3.8400e+02, 4.8000e+01, 2.0000e+00, 0.0000e+00],
       device='cuda:0')
conv4_layer.0.weight: 	 tensor([   0.,    0.,    0.,    0.,    0.,    0.,    0.,    0.,    0., 4096.,
           0.], device='cuda:0')
fc1_layer.0.weight: 	 tensor([  5.,  42.,  78., 134., 127.,  77.,  38.,  10.,   1.,   0.,   0.],
       device='cuda:0')
Head Finetuning    :Task: 8,	 Epoch: 0/40,	 Avg.loss: 0.0029,	 Test Accuracy: 113/1000(11%)
Head Finetuning    :Task: 8,	 Epoch: 1/40,	 Avg.loss: 0.0027,	 Test Accuracy: 138/1000(14%)
Head Finetuning    :Task: 8,	 Epoch: 2/40,	 Avg.loss: 0.0025,	 Test Accuracy: 154/1000(15%)
Head Finetuning    :Task: 8,	 Epoch: 3/40,	 Avg.loss: 0.0024,	 Test Accuracy: 172/1000(17%)
Head Finetuning    :Task: 8,	 Epoch: 4/40,	 Avg.loss: 0.0024,	 Test Accuracy: 188/1000(19%)
Head Finetuning    :Task: 8,	 Epoch: 5/40,	 Avg.loss: 0.0023,	 Test Accuracy: 203/1000(20%)
Head Finetuning    :Task: 8,	 Epoch: 6/40,	 Avg.loss: 0.0023,	 Test Accuracy: 216/1000(22%)
Head Finetuning    :Task: 8,	 Epoch: 7/40,	 Avg.loss: 0.0022,	 Test Accuracy: 225/1000(23%)
Head Finetuning    :Task: 8,	 Epoch: 8/40,	 Avg.loss: 0.0022,	 Test Accuracy: 243/1000(24%)
Head Finetuning    :Task: 8,	 Epoch: 9/40,	 Avg.loss: 0.0021,	 Test Accuracy: 258/1000(26%)
Head Finetuning    :Task: 8,	 Epoch: 10/40,	 Avg.loss: 0.0021,	 Test Accuracy: 268/1000(27%)
Head Finetuning    :Task: 8,	 Epoch: 11/40,	 Avg.loss: 0.0021,	 Test Accuracy: 278/1000(28%)
Head Finetuning    :Task: 8,	 Epoch: 12/40,	 Avg.loss: 0.0020,	 Test Accuracy: 288/1000(29%)
Head Finetuning    :Task: 8,	 Epoch: 13/40,	 Avg.loss: 0.0020,	 Test Accuracy: 290/1000(29%)
Head Finetuning    :Task: 8,	 Epoch: 14/40,	 Avg.loss: 0.0020,	 Test Accuracy: 295/1000(30%)
Task: 8,	 Epoch: 0/40,	 Avg.loss: 0.0010,	 Test Accuracy: 644/1000(64%)
Task: 8,	 Epoch: 1/40,	 Avg.loss: 0.0009,	 Test Accuracy: 679/1000(68%)
Task: 8,	 Epoch: 2/40,	 Avg.loss: 0.0009,	 Test Accuracy: 677/1000(68%)
Task: 8,	 Epoch: 3/40,	 Avg.loss: 0.0008,	 Test Accuracy: 712/1000(71%)
Task: 8,	 Epoch: 4/40,	 Avg.loss: 0.0008,	 Test Accuracy: 706/1000(71%)
Task: 8,	 Epoch: 5/40,	 Avg.loss: 0.0008,	 Test Accuracy: 723/1000(72%)
Task: 8,	 Epoch: 6/40,	 Avg.loss: 0.0008,	 Test Accuracy: 749/1000(75%)
Task: 8,	 Epoch: 7/40,	 Avg.loss: 0.0008,	 Test Accuracy: 741/1000(74%)
Task: 8,	 Epoch: 8/40,	 Avg.loss: 0.0009,	 Test Accuracy: 714/1000(71%)
Task: 8,	 Epoch: 9/40,	 Avg.loss: 0.0007,	 Test Accuracy: 759/1000(76%)
Task: 8,	 Epoch: 10/40,	 Avg.loss: 0.0008,	 Test Accuracy: 745/1000(74%)
Task: 8,	 Epoch: 11/40,	 Avg.loss: 0.0007,	 Test Accuracy: 744/1000(74%)
Task: 8,	 Epoch: 12/40,	 Avg.loss: 0.0007,	 Test Accuracy: 763/1000(76%)
Task: 8,	 Epoch: 13/40,	 Avg.loss: 0.0007,	 Test Accuracy: 749/1000(75%)
Task: 8,	 Epoch: 14/40,	 Avg.loss: 0.0008,	 Test Accuracy: 739/1000(74%)
Task: 8,	 Epoch: 15/40,	 Avg.loss: 0.0007,	 Test Accuracy: 756/1000(76%)
Task: 8,	 Epoch: 16/40,	 Avg.loss: 0.0007,	 Test Accuracy: 764/1000(76%)
Task: 8,	 Epoch: 17/40,	 Avg.loss: 0.0007,	 Test Accuracy: 752/1000(75%)
Task: 8,	 Epoch: 18/40,	 Avg.loss: 0.0007,	 Test Accuracy: 771/1000(77%)
Task: 8,	 Epoch: 19/40,	 Avg.loss: 0.0007,	 Test Accuracy: 756/1000(76%)
Task: 8,	 Epoch: 20/40,	 Avg.loss: 0.0007,	 Test Accuracy: 779/1000(78%)
Task: 8,	 Epoch: 21/40,	 Avg.loss: 0.0007,	 Test Accuracy: 768/1000(77%)
Task: 8,	 Epoch: 22/40,	 Avg.loss: 0.0007,	 Test Accuracy: 782/1000(78%)
Task: 8,	 Epoch: 23/40,	 Avg.loss: 0.0007,	 Test Accuracy: 776/1000(78%)
Task: 8,	 Epoch: 24/40,	 Avg.loss: 0.0007,	 Test Accuracy: 776/1000(78%)
Task: 8,	 Epoch: 25/40,	 Avg.loss: 0.0007,	 Test Accuracy: 781/1000(78%)
Task: 8,	 Epoch: 26/40,	 Avg.loss: 0.0007,	 Test Accuracy: 779/1000(78%)
Task: 8,	 Epoch: 27/40,	 Avg.loss: 0.0007,	 Test Accuracy: 769/1000(77%)
Task: 8,	 Epoch: 28/40,	 Avg.loss: 0.0007,	 Test Accuracy: 773/1000(77%)
Task: 8,	 Epoch: 29/40,	 Avg.loss: 0.0007,	 Test Accuracy: 778/1000(78%)
Task: 8,	 Epoch: 30/40,	 Avg.loss: 0.0007,	 Test Accuracy: 778/1000(78%)
Task: 8,	 Epoch: 31/40,	 Avg.loss: 0.0007,	 Test Accuracy: 783/1000(78%)
Task: 8,	 Epoch: 32/40,	 Avg.loss: 0.0007,	 Test Accuracy: 771/1000(77%)
Task: 8,	 Epoch: 33/40,	 Avg.loss: 0.0007,	 Test Accuracy: 782/1000(78%)
Task: 8,	 Epoch: 34/40,	 Avg.loss: 0.0007,	 Test Accuracy: 779/1000(78%)
Task: 8,	 Epoch: 35/40,	 Avg.loss: 0.0007,	 Test Accuracy: 781/1000(78%)
Task: 8,	 Epoch: 36/40,	 Avg.loss: 0.0007,	 Test Accuracy: 781/1000(78%)
Task: 8,	 Epoch: 37/40,	 Avg.loss: 0.0007,	 Test Accuracy: 781/1000(78%)
Task: 8,	 Epoch: 38/40,	 Avg.loss: 0.0007,	 Test Accuracy: 778/1000(78%)
Task: 8,	 Epoch: 39/40,	 Avg.loss: 0.0007,	 Test Accuracy: 780/1000(78%)
Trained Task:8, Loaded task:0, Accuracy:83.7%
Trained Task:8, Loaded task:1, Accuracy:77.0%
Trained Task:8, Loaded task:2, Accuracy:80.0%
Trained Task:8, Loaded task:3, Accuracy:77.2%
Trained Task:8, Loaded task:4, Accuracy:80.9%
Trained Task:8, Loaded task:5, Accuracy:77.9%
Trained Task:8, Loaded task:6, Accuracy:74.0%
Trained Task:8, Loaded task:7, Accuracy:73.6%
Trained Task:8, Loaded task:8, Accuracy:78.0%
Trained Task:8, Avg. Accuracy: 78.0 

List of avg. accuracy: [84.9, 81.6, 81.1, 80.0, 80.2, 79.6, 78.7, 78.2, 78.0]
Mask histogram
conv1_layer.0.weight: 	 tensor([    0.,     0.,     0.,     0.,     0.,     0.,     0.,     0.,     0.,
            0., 32768.], device='cuda:0')
conv2_layer.0.weight: 	 tensor([   0.,    0.,    0.,    0.,    0.,    0.,    0.,    0.,    0.,    0.,
        8192.], device='cuda:0')
conv3_layer.0.weight: 	 tensor([1.0200e+02, 6.3700e+02, 1.9620e+03, 3.5390e+03, 4.0400e+03, 3.3150e+03,
        1.8730e+03, 7.0900e+02, 1.8900e+02, 1.7000e+01, 1.0000e+00],
       device='cuda:0')
conv4_layer.0.weight: 	 tensor([   0.,    0.,    0.,    0.,    0.,    0.,    0.,    0.,    0.,    0.,
        4096.], device='cuda:0')
fc1_layer.0.weight: 	 tensor([  4.,  29.,  61., 116., 123., 103.,  48.,  23.,   5.,   0.,   0.],
       device='cuda:0')
Head Finetuning    :Task: 9,	 Epoch: 0/40,	 Avg.loss: 0.0027,	 Test Accuracy: 121/1000(12%)
Head Finetuning    :Task: 9,	 Epoch: 1/40,	 Avg.loss: 0.0025,	 Test Accuracy: 134/1000(13%)
Head Finetuning    :Task: 9,	 Epoch: 2/40,	 Avg.loss: 0.0024,	 Test Accuracy: 158/1000(16%)
Head Finetuning    :Task: 9,	 Epoch: 3/40,	 Avg.loss: 0.0023,	 Test Accuracy: 175/1000(18%)
Head Finetuning    :Task: 9,	 Epoch: 4/40,	 Avg.loss: 0.0023,	 Test Accuracy: 193/1000(19%)
Head Finetuning    :Task: 9,	 Epoch: 5/40,	 Avg.loss: 0.0022,	 Test Accuracy: 210/1000(21%)
Head Finetuning    :Task: 9,	 Epoch: 6/40,	 Avg.loss: 0.0022,	 Test Accuracy: 225/1000(23%)
Head Finetuning    :Task: 9,	 Epoch: 7/40,	 Avg.loss: 0.0021,	 Test Accuracy: 240/1000(24%)
Head Finetuning    :Task: 9,	 Epoch: 8/40,	 Avg.loss: 0.0021,	 Test Accuracy: 251/1000(25%)
Head Finetuning    :Task: 9,	 Epoch: 9/40,	 Avg.loss: 0.0021,	 Test Accuracy: 261/1000(26%)
Head Finetuning    :Task: 9,	 Epoch: 10/40,	 Avg.loss: 0.0020,	 Test Accuracy: 276/1000(28%)
Head Finetuning    :Task: 9,	 Epoch: 11/40,	 Avg.loss: 0.0020,	 Test Accuracy: 291/1000(29%)
Head Finetuning    :Task: 9,	 Epoch: 12/40,	 Avg.loss: 0.0020,	 Test Accuracy: 301/1000(30%)
Head Finetuning    :Task: 9,	 Epoch: 13/40,	 Avg.loss: 0.0019,	 Test Accuracy: 309/1000(31%)
Head Finetuning    :Task: 9,	 Epoch: 14/40,	 Avg.loss: 0.0019,	 Test Accuracy: 319/1000(32%)
Task: 9,	 Epoch: 0/40,	 Avg.loss: 0.0010,	 Test Accuracy: 662/1000(66%)
Task: 9,	 Epoch: 1/40,	 Avg.loss: 0.0009,	 Test Accuracy: 715/1000(72%)
Task: 9,	 Epoch: 2/40,	 Avg.loss: 0.0009,	 Test Accuracy: 696/1000(70%)
Task: 9,	 Epoch: 3/40,	 Avg.loss: 0.0008,	 Test Accuracy: 750/1000(75%)
Task: 9,	 Epoch: 4/40,	 Avg.loss: 0.0007,	 Test Accuracy: 755/1000(76%)
Task: 9,	 Epoch: 5/40,	 Avg.loss: 0.0008,	 Test Accuracy: 729/1000(73%)
Task: 9,	 Epoch: 6/40,	 Avg.loss: 0.0007,	 Test Accuracy: 750/1000(75%)
Task: 9,	 Epoch: 7/40,	 Avg.loss: 0.0007,	 Test Accuracy: 746/1000(75%)
Task: 9,	 Epoch: 8/40,	 Avg.loss: 0.0007,	 Test Accuracy: 741/1000(74%)
Task: 9,	 Epoch: 9/40,	 Avg.loss: 0.0007,	 Test Accuracy: 747/1000(75%)
Task: 9,	 Epoch: 10/40,	 Avg.loss: 0.0008,	 Test Accuracy: 739/1000(74%)
Task: 9,	 Epoch: 11/40,	 Avg.loss: 0.0008,	 Test Accuracy: 726/1000(73%)
Task: 9,	 Epoch: 12/40,	 Avg.loss: 0.0007,	 Test Accuracy: 754/1000(75%)
Task: 9,	 Epoch: 13/40,	 Avg.loss: 0.0007,	 Test Accuracy: 766/1000(77%)
Task: 9,	 Epoch: 14/40,	 Avg.loss: 0.0007,	 Test Accuracy: 757/1000(76%)
Task: 9,	 Epoch: 15/40,	 Avg.loss: 0.0006,	 Test Accuracy: 778/1000(78%)
Task: 9,	 Epoch: 16/40,	 Avg.loss: 0.0007,	 Test Accuracy: 772/1000(77%)
Task: 9,	 Epoch: 17/40,	 Avg.loss: 0.0007,	 Test Accuracy: 746/1000(75%)
Task: 9,	 Epoch: 18/40,	 Avg.loss: 0.0007,	 Test Accuracy: 746/1000(75%)
Task: 9,	 Epoch: 19/40,	 Avg.loss: 0.0007,	 Test Accuracy: 782/1000(78%)
Task: 9,	 Epoch: 20/40,	 Avg.loss: 0.0006,	 Test Accuracy: 781/1000(78%)
Task: 9,	 Epoch: 21/40,	 Avg.loss: 0.0006,	 Test Accuracy: 783/1000(78%)
Task: 9,	 Epoch: 22/40,	 Avg.loss: 0.0006,	 Test Accuracy: 785/1000(78%)
Task: 9,	 Epoch: 23/40,	 Avg.loss: 0.0006,	 Test Accuracy: 787/1000(79%)
Task: 9,	 Epoch: 24/40,	 Avg.loss: 0.0006,	 Test Accuracy: 783/1000(78%)
Task: 9,	 Epoch: 25/40,	 Avg.loss: 0.0006,	 Test Accuracy: 784/1000(78%)
Task: 9,	 Epoch: 26/40,	 Avg.loss: 0.0006,	 Test Accuracy: 784/1000(78%)
Task: 9,	 Epoch: 27/40,	 Avg.loss: 0.0006,	 Test Accuracy: 778/1000(78%)
Task: 9,	 Epoch: 28/40,	 Avg.loss: 0.0006,	 Test Accuracy: 788/1000(79%)
Task: 9,	 Epoch: 29/40,	 Avg.loss: 0.0006,	 Test Accuracy: 777/1000(78%)
Task: 9,	 Epoch: 30/40,	 Avg.loss: 0.0006,	 Test Accuracy: 779/1000(78%)
Task: 9,	 Epoch: 31/40,	 Avg.loss: 0.0006,	 Test Accuracy: 777/1000(78%)
Task: 9,	 Epoch: 32/40,	 Avg.loss: 0.0006,	 Test Accuracy: 775/1000(78%)
Task: 9,	 Epoch: 33/40,	 Avg.loss: 0.0006,	 Test Accuracy: 784/1000(78%)
Task: 9,	 Epoch: 34/40,	 Avg.loss: 0.0006,	 Test Accuracy: 782/1000(78%)
Task: 9,	 Epoch: 35/40,	 Avg.loss: 0.0006,	 Test Accuracy: 781/1000(78%)
Task: 9,	 Epoch: 36/40,	 Avg.loss: 0.0006,	 Test Accuracy: 782/1000(78%)
Task: 9,	 Epoch: 37/40,	 Avg.loss: 0.0006,	 Test Accuracy: 785/1000(78%)
Task: 9,	 Epoch: 38/40,	 Avg.loss: 0.0006,	 Test Accuracy: 787/1000(79%)
Task: 9,	 Epoch: 39/40,	 Avg.loss: 0.0006,	 Test Accuracy: 779/1000(78%)
Trained Task:9, Loaded task:0, Accuracy:83.9%
Trained Task:9, Loaded task:1, Accuracy:77.8%
Trained Task:9, Loaded task:2, Accuracy:80.6%
Trained Task:9, Loaded task:3, Accuracy:77.4%
Trained Task:9, Loaded task:4, Accuracy:81.0%
Trained Task:9, Loaded task:5, Accuracy:77.2%
Trained Task:9, Loaded task:6, Accuracy:74.6%
Trained Task:9, Loaded task:7, Accuracy:73.1%
Trained Task:9, Loaded task:8, Accuracy:77.7%
Trained Task:9, Loaded task:9, Accuracy:77.9%
Trained Task:9, Avg. Accuracy: 78.1 

List of avg. accuracy: [84.9, 81.6, 81.1, 80.0, 80.2, 79.6, 78.7, 78.2, 78.0, 78.1]
PATH:     /home/sanghyun/Documents/CL/ISG/results/03-31-2021-20:28/
