Layer        : conv1_layer.2.weight
R.histogram  : tensor([4., 7., 5., 5., 2., 1., 3., 1., 1., 3.], device='cuda:0')
R_sum max/min: 53.3/1.3
F.num_zeros  : 0/9216
W.num_zeros  : 0/9216
O.num_zeros  : 0/9216
Layer        : conv2_layer.2.weight
R.histogram  : tensor([11., 11., 10.,  8.,  6.,  2.,  5.,  3.,  4.,  4.], device='cuda:0')
R_sum max/min: 58.1/0.0
F.num_zeros  : 4112/36864
W.num_zeros  : 0/36864
O.num_zeros  : 0/36864
Layer        : fc1_layer.1.weight
R.histogram  : tensor([298., 137.,  48.,  18.,   3.,   3.,   2.,   0.,   2.,   1.],
       device='cuda:0')
R_sum max/min: 686.5/0.0
F.num_zeros  : 918575/2097152
W.num_zeros  : 0/2097152
O.num_zeros  : 0/2097152
Mask histogram
conv1_layer.2.weight: 	 tensor([   0., 8192.,    0.,    0.,    0.,    0.,    0.,    0.,    0.,    0.,
           0.], device='cuda:0')
conv2_layer.2.weight: 	 tensor([2496., 1600.,    0.,    0.,    0.,    0.,    0.,    0.,    0.,    0.,
           0.], device='cuda:0')
fc1_layer.1.weight: 	 tensor([308., 204.,   0.,   0.,   0.,   0.,   0.,   0.,   0.,   0.,   0.],
       device='cuda:0')
Head Finetuning    :Task: 0,	 Epoch: 0/1,	 Avg.loss: 0.0014,	 Test Accuracy: 518/1000(52%)
Head Finetuning    :Task: 0,	 Epoch: 1/1,	 Avg.loss: 0.0012,	 Test Accuracy: 595/1000(60%)
Head Finetuning    :Task: 0,	 Epoch: 2/1,	 Avg.loss: 0.0011,	 Test Accuracy: 613/1000(61%)
Head Finetuning    :Task: 0,	 Epoch: 3/1,	 Avg.loss: 0.0011,	 Test Accuracy: 643/1000(64%)
Head Finetuning    :Task: 0,	 Epoch: 4/1,	 Avg.loss: 0.0010,	 Test Accuracy: 643/1000(64%)
Head Finetuning    :Task: 0,	 Epoch: 5/1,	 Avg.loss: 0.0010,	 Test Accuracy: 656/1000(66%)
Head Finetuning    :Task: 0,	 Epoch: 6/1,	 Avg.loss: 0.0010,	 Test Accuracy: 668/1000(67%)
Head Finetuning    :Task: 0,	 Epoch: 7/1,	 Avg.loss: 0.0010,	 Test Accuracy: 668/1000(67%)
Head Finetuning    :Task: 0,	 Epoch: 8/1,	 Avg.loss: 0.0010,	 Test Accuracy: 668/1000(67%)
Head Finetuning    :Task: 0,	 Epoch: 9/1,	 Avg.loss: 0.0010,	 Test Accuracy: 662/1000(66%)
Head Finetuning    :Task: 0,	 Epoch: 10/1,	 Avg.loss: 0.0010,	 Test Accuracy: 671/1000(67%)
Head Finetuning    :Task: 0,	 Epoch: 11/1,	 Avg.loss: 0.0009,	 Test Accuracy: 680/1000(68%)
Head Finetuning    :Task: 0,	 Epoch: 12/1,	 Avg.loss: 0.0009,	 Test Accuracy: 686/1000(69%)
Head Finetuning    :Task: 0,	 Epoch: 13/1,	 Avg.loss: 0.0009,	 Test Accuracy: 682/1000(68%)
Head Finetuning    :Task: 0,	 Epoch: 14/1,	 Avg.loss: 0.0009,	 Test Accuracy: 688/1000(69%)
Head Finetuning    :Task: 0,	 Epoch: 15/1,	 Avg.loss: 0.0009,	 Test Accuracy: 677/1000(68%)
Head Finetuning    :Task: 0,	 Epoch: 16/1,	 Avg.loss: 0.0009,	 Test Accuracy: 687/1000(69%)
Head Finetuning    :Task: 0,	 Epoch: 17/1,	 Avg.loss: 0.0009,	 Test Accuracy: 681/1000(68%)
Head Finetuning    :Task: 0,	 Epoch: 18/1,	 Avg.loss: 0.0009,	 Test Accuracy: 695/1000(70%)
Head Finetuning    :Task: 0,	 Epoch: 19/1,	 Avg.loss: 0.0009,	 Test Accuracy: 692/1000(69%)
Task: 0,	 Epoch: 0/1,	 Avg.loss: 0.0010,	 Test Accuracy: 647/1000(65%)
