Layer        : conv1_layer.2.weight
R.histogram  : tensor([3., 8., 4., 6., 2., 1., 3., 2., 0., 3.], device='cuda:0')
R_sum max/min: 52.6/1.3
F.num_zeros  : 0/9216
W.num_zeros  : 0/9216
O.num_zeros  : 0/9216
Layer        : conv2_layer.2.weight
R.histogram  : tensor([11., 10., 12.,  7.,  6.,  2.,  5.,  2.,  4.,  5.], device='cuda:0')
R_sum max/min: 60.1/0.0
F.num_zeros  : 4105/36864
W.num_zeros  : 0/36864
O.num_zeros  : 0/36864
Layer        : fc1_layer.1.weight
R.histogram  : tensor([301., 134.,  48.,  19.,   1.,   3.,   2.,   3.,   0.,   1.],
       device='cuda:0')
R_sum max/min: 723.8/0.0
F.num_zeros  : 920625/2097152
W.num_zeros  : 0/2097152
O.num_zeros  : 0/2097152
Mask histogram
conv1_layer.2.weight: 	 tensor([   0., 8192.,    0.,    0.,    0.,    0.,    0.,    0.,    0.,    0.,
           0.], device='cuda:0')
conv2_layer.2.weight: 	 tensor([2496., 1600.,    0.,    0.,    0.,    0.,    0.,    0.,    0.,    0.,
           0.], device='cuda:0')
fc1_layer.1.weight: 	 tensor([308., 204.,   0.,   0.,   0.,   0.,   0.,   0.,   0.,   0.,   0.],
       device='cuda:0')
conv1_layer.0.weight True
conv1_layer.0.bias True
conv1_layer.2.weight True
conv1_layer.2.bias True
conv2_layer.0.weight True
conv2_layer.0.bias True
conv2_layer.2.weight True
conv2_layer.2.bias True
fc1_layer.1.weight True
fc1_layer.1.bias True
fc_head.weight True
fc_head.bias True
