Layer        : conv1_layer.2.weight
R.histogram  : tensor([5., 9., 1., 6., 3., 5., 1., 0., 1., 1.], device='cuda:0')
R_sum max/min: 10.1/-40.3
F.num_zeros  : 288/9216
W.num_zeros  : 0/9216
O.num_zeros  : 0/9216
Layer        : conv2_layer.2.weight
R.histogram  : tensor([22., 10., 12.,  7.,  2.,  4.,  0.,  2.,  3.,  2.], device='cuda:0')
R_sum max/min: -1.3/-80.6
F.num_zeros  : 9042/36864
W.num_zeros  : 0/36864
O.num_zeros  : 0/36864
Layer        : fc1_layer.0.weight
R.histogram  : tensor([326.,  97.,  56.,  19.,   6.,   5.,   0.,   2.,   0.,   1.],
       device='cuda:0')
R_sum max/min: -171.7/-573.4
F.num_zeros  : 1275169/2097152
W.num_zeros  : 0/2097152
O.num_zeros  : 0/2097152
Mask histogram conv1_layer.2.weight: 	 tensor([   0., 8192.,    0.,    0.,    0.,    0.,    0.,    0.,    0.,    0.,
           0.], device='cuda:0')
Mask histogram conv2_layer.2.weight: 	 tensor([2496., 1600.,    0.,    0.,    0.,    0.,    0.,    0.,    0.,    0.,
           0.], device='cuda:0')
Mask histogram fc1_layer.0.weight: 	 tensor([308., 204.,   0.,   0.,   0.,   0.,   0.,   0.,   0.,   0.,   0.],
       device='cuda:0')
Task: 0,	 Epoch: 0/80,	 Avg.loss: 0.0010,	 Accuracy: 649/1000(65%)
Task: 0,	 Epoch: 1/80,	 Avg.loss: 0.0008,	 Accuracy: 727/1000(73%)
Task: 0,	 Epoch: 2/80,	 Avg.loss: 0.0007,	 Accuracy: 771/1000(77%)
Task: 0,	 Epoch: 3/80,	 Avg.loss: 0.0007,	 Accuracy: 765/1000(76%)
Task: 0,	 Epoch: 4/80,	 Avg.loss: 0.0007,	 Accuracy: 770/1000(77%)
Task: 0,	 Epoch: 5/80,	 Avg.loss: 0.0006,	 Accuracy: 784/1000(78%)
Task: 0,	 Epoch: 6/80,	 Avg.loss: 0.0007,	 Accuracy: 772/1000(77%)
Task: 0,	 Epoch: 7/80,	 Avg.loss: 0.0006,	 Accuracy: 798/1000(80%)
Task: 0,	 Epoch: 8/80,	 Avg.loss: 0.0006,	 Accuracy: 793/1000(79%)
Task: 0,	 Epoch: 9/80,	 Avg.loss: 0.0006,	 Accuracy: 799/1000(80%)
Task: 0,	 Epoch: 10/80,	 Avg.loss: 0.0007,	 Accuracy: 789/1000(79%)
Task: 0,	 Epoch: 11/80,	 Avg.loss: 0.0006,	 Accuracy: 796/1000(80%)
Task: 0,	 Epoch: 12/80,	 Avg.loss: 0.0006,	 Accuracy: 802/1000(80%)
Task: 0,	 Epoch: 13/80,	 Avg.loss: 0.0006,	 Accuracy: 813/1000(81%)
Task: 0,	 Epoch: 14/80,	 Avg.loss: 0.0006,	 Accuracy: 809/1000(81%)
Task: 0,	 Epoch: 15/80,	 Avg.loss: 0.0005,	 Accuracy: 830/1000(83%)
Task: 0,	 Epoch: 16/80,	 Avg.loss: 0.0006,	 Accuracy: 807/1000(81%)
Task: 0,	 Epoch: 17/80,	 Avg.loss: 0.0005,	 Accuracy: 816/1000(82%)
Task: 0,	 Epoch: 18/80,	 Avg.loss: 0.0005,	 Accuracy: 823/1000(82%)
Task: 0,	 Epoch: 19/80,	 Avg.loss: 0.0006,	 Accuracy: 829/1000(83%)
Task: 0,	 Epoch: 20/80,	 Avg.loss: 0.0005,	 Accuracy: 833/1000(83%)
Task: 0,	 Epoch: 21/80,	 Avg.loss: 0.0006,	 Accuracy: 839/1000(84%)
Task: 0,	 Epoch: 22/80,	 Avg.loss: 0.0006,	 Accuracy: 840/1000(84%)
Task: 0,	 Epoch: 23/80,	 Avg.loss: 0.0006,	 Accuracy: 824/1000(82%)
Task: 0,	 Epoch: 24/80,	 Avg.loss: 0.0005,	 Accuracy: 822/1000(82%)
Task: 0,	 Epoch: 25/80,	 Avg.loss: 0.0005,	 Accuracy: 825/1000(83%)
Task: 0,	 Epoch: 26/80,	 Avg.loss: 0.0005,	 Accuracy: 840/1000(84%)
Task: 0,	 Epoch: 27/80,	 Avg.loss: 0.0006,	 Accuracy: 837/1000(84%)
Task: 0,	 Epoch: 28/80,	 Avg.loss: 0.0006,	 Accuracy: 842/1000(84%)
Task: 0,	 Epoch: 29/80,	 Avg.loss: 0.0006,	 Accuracy: 833/1000(83%)
Task: 0,	 Epoch: 30/80,	 Avg.loss: 0.0006,	 Accuracy: 838/1000(84%)
Task: 0,	 Epoch: 31/80,	 Avg.loss: 0.0006,	 Accuracy: 844/1000(84%)
Task: 0,	 Epoch: 32/80,	 Avg.loss: 0.0006,	 Accuracy: 838/1000(84%)
Task: 0,	 Epoch: 33/80,	 Avg.loss: 0.0006,	 Accuracy: 816/1000(82%)
Task: 0,	 Epoch: 34/80,	 Avg.loss: 0.0006,	 Accuracy: 843/1000(84%)
Task: 0,	 Epoch: 35/80,	 Avg.loss: 0.0006,	 Accuracy: 836/1000(84%)
Task: 0,	 Epoch: 36/80,	 Avg.loss: 0.0006,	 Accuracy: 840/1000(84%)
Task: 0,	 Epoch: 37/80,	 Avg.loss: 0.0006,	 Accuracy: 842/1000(84%)
Task: 0,	 Epoch: 38/80,	 Avg.loss: 0.0006,	 Accuracy: 831/1000(83%)
Task: 0,	 Epoch: 39/80,	 Avg.loss: 0.0006,	 Accuracy: 836/1000(84%)
Task: 0,	 Epoch: 40/80,	 Avg.loss: 0.0006,	 Accuracy: 829/1000(83%)
Task: 0,	 Epoch: 41/80,	 Avg.loss: 0.0006,	 Accuracy: 822/1000(82%)
Task: 0,	 Epoch: 42/80,	 Avg.loss: 0.0006,	 Accuracy: 842/1000(84%)
Task: 0,	 Epoch: 43/80,	 Avg.loss: 0.0006,	 Accuracy: 841/1000(84%)
Task: 0,	 Epoch: 44/80,	 Avg.loss: 0.0007,	 Accuracy: 838/1000(84%)
Task: 0,	 Epoch: 45/80,	 Avg.loss: 0.0006,	 Accuracy: 832/1000(83%)
Task: 0,	 Epoch: 46/80,	 Avg.loss: 0.0007,	 Accuracy: 823/1000(82%)
Task: 0,	 Epoch: 47/80,	 Avg.loss: 0.0007,	 Accuracy: 836/1000(84%)
Task: 0,	 Epoch: 48/80,	 Avg.loss: 0.0007,	 Accuracy: 827/1000(83%)
Task: 0,	 Epoch: 49/80,	 Avg.loss: 0.0007,	 Accuracy: 827/1000(83%)
Task: 0,	 Epoch: 50/80,	 Avg.loss: 0.0006,	 Accuracy: 842/1000(84%)
Task: 0,	 Epoch: 51/80,	 Avg.loss: 0.0006,	 Accuracy: 835/1000(84%)
Task: 0,	 Epoch: 52/80,	 Avg.loss: 0.0006,	 Accuracy: 843/1000(84%)
Task: 0,	 Epoch: 53/80,	 Avg.loss: 0.0006,	 Accuracy: 839/1000(84%)
Task: 0,	 Epoch: 54/80,	 Avg.loss: 0.0006,	 Accuracy: 845/1000(85%)
Task: 0,	 Epoch: 55/80,	 Avg.loss: 0.0006,	 Accuracy: 847/1000(85%)
Task: 0,	 Epoch: 56/80,	 Avg.loss: 0.0006,	 Accuracy: 844/1000(84%)
Task: 0,	 Epoch: 57/80,	 Avg.loss: 0.0006,	 Accuracy: 848/1000(85%)
Task: 0,	 Epoch: 58/80,	 Avg.loss: 0.0006,	 Accuracy: 846/1000(85%)
Task: 0,	 Epoch: 59/80,	 Avg.loss: 0.0006,	 Accuracy: 841/1000(84%)
Task: 0,	 Epoch: 60/80,	 Avg.loss: 0.0007,	 Accuracy: 840/1000(84%)
Task: 0,	 Epoch: 61/80,	 Avg.loss: 0.0006,	 Accuracy: 848/1000(85%)
Task: 0,	 Epoch: 62/80,	 Avg.loss: 0.0007,	 Accuracy: 846/1000(85%)
Task: 0,	 Epoch: 63/80,	 Avg.loss: 0.0006,	 Accuracy: 846/1000(85%)
Task: 0,	 Epoch: 64/80,	 Avg.loss: 0.0006,	 Accuracy: 846/1000(85%)
Task: 0,	 Epoch: 65/80,	 Avg.loss: 0.0006,	 Accuracy: 850/1000(85%)
Task: 0,	 Epoch: 66/80,	 Avg.loss: 0.0007,	 Accuracy: 851/1000(85%)
Task: 0,	 Epoch: 67/80,	 Avg.loss: 0.0007,	 Accuracy: 847/1000(85%)
Task: 0,	 Epoch: 68/80,	 Avg.loss: 0.0006,	 Accuracy: 845/1000(85%)
Task: 0,	 Epoch: 69/80,	 Avg.loss: 0.0006,	 Accuracy: 849/1000(85%)
Task: 0,	 Epoch: 70/80,	 Avg.loss: 0.0006,	 Accuracy: 848/1000(85%)
Task: 0,	 Epoch: 71/80,	 Avg.loss: 0.0006,	 Accuracy: 847/1000(85%)
Task: 0,	 Epoch: 72/80,	 Avg.loss: 0.0006,	 Accuracy: 849/1000(85%)
Task: 0,	 Epoch: 73/80,	 Avg.loss: 0.0006,	 Accuracy: 849/1000(85%)
Task: 0,	 Epoch: 74/80,	 Avg.loss: 0.0007,	 Accuracy: 849/1000(85%)
Task: 0,	 Epoch: 75/80,	 Avg.loss: 0.0007,	 Accuracy: 851/1000(85%)
Task: 0,	 Epoch: 76/80,	 Avg.loss: 0.0007,	 Accuracy: 844/1000(84%)
Task: 0,	 Epoch: 77/80,	 Avg.loss: 0.0007,	 Accuracy: 851/1000(85%)
Task: 0,	 Epoch: 78/80,	 Avg.loss: 0.0007,	 Accuracy: 850/1000(85%)
Task: 0,	 Epoch: 79/80,	 Avg.loss: 0.0007,	 Accuracy: 844/1000(84%)
Trained Task:0, Loaded task:0, Accuracy:84.4%
Trained Task:0, Avg. Accuracy: 84.4 

List of avg. accuracy: [84.4]
Layer        : conv1_layer.2.weight
R.histogram  : tensor([4., 8., 3., 3., 3., 1., 4., 0., 2., 4.], device='cuda:0')
R_sum max/min: 37.4/0.0
F.num_zeros  : 288/9216
W.num_zeros  : 0/9216
O.num_zeros  : 288/9216
Layer        : conv2_layer.2.weight
R.histogram  : tensor([44., 11.,  2.,  2.,  1.,  2.,  1.,  0.,  0.,  1.], device='cuda:0')
R_sum max/min: 60.9/-0.5
F.num_zeros  : 9162/36864
W.num_zeros  : 0/36864
O.num_zeros  : 22464/36864
Layer        : fc1_layer.0.weight
R.histogram  : tensor([375.,  73.,  31.,  21.,   7.,   4.,   0.,   0.,   0.,   1.],
       device='cuda:0')
R_sum max/min: 477.8/-6.3
F.num_zeros  : 1283629/2097152
W.num_zeros  : 0/2097152
O.num_zeros  : 1770752/2097152
Mask histogram conv1_layer.2.weight: 	 tensor([   0.,    0., 8192.,    0.,    0.,    0.,    0.,    0.,    0.,    0.,
           0.], device='cuda:0')
Mask histogram conv2_layer.2.weight: 	 tensor([2176.,  640., 1280.,    0.,    0.,    0.,    0.,    0.,    0.,    0.,
           0.], device='cuda:0')
Mask histogram fc1_layer.0.weight: 	 tensor([287.,  42., 183.,   0.,   0.,   0.,   0.,   0.,   0.,   0.,   0.],
       device='cuda:0')
Task: 1,	 Epoch: 0/80,	 Avg.loss: 0.0011,	 Accuracy: 600/1000(60%)
Task: 1,	 Epoch: 1/80,	 Avg.loss: 0.0009,	 Accuracy: 661/1000(66%)
Task: 1,	 Epoch: 2/80,	 Avg.loss: 0.0009,	 Accuracy: 673/1000(67%)
Task: 1,	 Epoch: 3/80,	 Avg.loss: 0.0009,	 Accuracy: 687/1000(69%)
Task: 1,	 Epoch: 4/80,	 Avg.loss: 0.0009,	 Accuracy: 697/1000(70%)
Task: 1,	 Epoch: 5/80,	 Avg.loss: 0.0008,	 Accuracy: 710/1000(71%)
Task: 1,	 Epoch: 6/80,	 Avg.loss: 0.0008,	 Accuracy: 721/1000(72%)
Task: 1,	 Epoch: 7/80,	 Avg.loss: 0.0008,	 Accuracy: 733/1000(73%)
Task: 1,	 Epoch: 8/80,	 Avg.loss: 0.0008,	 Accuracy: 714/1000(71%)
Task: 1,	 Epoch: 9/80,	 Avg.loss: 0.0008,	 Accuracy: 727/1000(73%)
Task: 1,	 Epoch: 10/80,	 Avg.loss: 0.0008,	 Accuracy: 726/1000(73%)
Task: 1,	 Epoch: 11/80,	 Avg.loss: 0.0008,	 Accuracy: 716/1000(72%)
Task: 1,	 Epoch: 12/80,	 Avg.loss: 0.0008,	 Accuracy: 732/1000(73%)
Task: 1,	 Epoch: 13/80,	 Avg.loss: 0.0008,	 Accuracy: 713/1000(71%)
Task: 1,	 Epoch: 14/80,	 Avg.loss: 0.0008,	 Accuracy: 746/1000(75%)
Task: 1,	 Epoch: 15/80,	 Avg.loss: 0.0007,	 Accuracy: 734/1000(73%)
Task: 1,	 Epoch: 16/80,	 Avg.loss: 0.0007,	 Accuracy: 732/1000(73%)
Task: 1,	 Epoch: 17/80,	 Avg.loss: 0.0008,	 Accuracy: 743/1000(74%)
Task: 1,	 Epoch: 18/80,	 Avg.loss: 0.0007,	 Accuracy: 745/1000(74%)
Task: 1,	 Epoch: 19/80,	 Avg.loss: 0.0008,	 Accuracy: 735/1000(74%)
Task: 1,	 Epoch: 20/80,	 Avg.loss: 0.0007,	 Accuracy: 742/1000(74%)
Task: 1,	 Epoch: 21/80,	 Avg.loss: 0.0007,	 Accuracy: 735/1000(74%)
Task: 1,	 Epoch: 22/80,	 Avg.loss: 0.0007,	 Accuracy: 742/1000(74%)
Task: 1,	 Epoch: 23/80,	 Avg.loss: 0.0007,	 Accuracy: 737/1000(74%)
Task: 1,	 Epoch: 24/80,	 Avg.loss: 0.0007,	 Accuracy: 741/1000(74%)
Task: 1,	 Epoch: 25/80,	 Avg.loss: 0.0007,	 Accuracy: 748/1000(75%)
Task: 1,	 Epoch: 26/80,	 Avg.loss: 0.0007,	 Accuracy: 756/1000(76%)
Task: 1,	 Epoch: 27/80,	 Avg.loss: 0.0007,	 Accuracy: 748/1000(75%)
Task: 1,	 Epoch: 28/80,	 Avg.loss: 0.0008,	 Accuracy: 732/1000(73%)
Task: 1,	 Epoch: 29/80,	 Avg.loss: 0.0008,	 Accuracy: 737/1000(74%)
Task: 1,	 Epoch: 30/80,	 Avg.loss: 0.0008,	 Accuracy: 746/1000(75%)
Task: 1,	 Epoch: 31/80,	 Avg.loss: 0.0008,	 Accuracy: 738/1000(74%)
Task: 1,	 Epoch: 32/80,	 Avg.loss: 0.0007,	 Accuracy: 747/1000(75%)
Task: 1,	 Epoch: 33/80,	 Avg.loss: 0.0008,	 Accuracy: 749/1000(75%)
Task: 1,	 Epoch: 34/80,	 Avg.loss: 0.0007,	 Accuracy: 752/1000(75%)
Task: 1,	 Epoch: 35/80,	 Avg.loss: 0.0007,	 Accuracy: 738/1000(74%)
Task: 1,	 Epoch: 36/80,	 Avg.loss: 0.0008,	 Accuracy: 741/1000(74%)
Task: 1,	 Epoch: 37/80,	 Avg.loss: 0.0008,	 Accuracy: 727/1000(73%)
Task: 1,	 Epoch: 38/80,	 Avg.loss: 0.0007,	 Accuracy: 755/1000(76%)
Task: 1,	 Epoch: 39/80,	 Avg.loss: 0.0007,	 Accuracy: 743/1000(74%)
Task: 1,	 Epoch: 40/80,	 Avg.loss: 0.0007,	 Accuracy: 755/1000(76%)
Task: 1,	 Epoch: 41/80,	 Avg.loss: 0.0008,	 Accuracy: 732/1000(73%)
Task: 1,	 Epoch: 42/80,	 Avg.loss: 0.0008,	 Accuracy: 740/1000(74%)
Task: 1,	 Epoch: 43/80,	 Avg.loss: 0.0008,	 Accuracy: 750/1000(75%)
Task: 1,	 Epoch: 44/80,	 Avg.loss: 0.0008,	 Accuracy: 750/1000(75%)
Task: 1,	 Epoch: 45/80,	 Avg.loss: 0.0008,	 Accuracy: 742/1000(74%)
Task: 1,	 Epoch: 46/80,	 Avg.loss: 0.0007,	 Accuracy: 753/1000(75%)
Task: 1,	 Epoch: 47/80,	 Avg.loss: 0.0008,	 Accuracy: 747/1000(75%)
Task: 1,	 Epoch: 48/80,	 Avg.loss: 0.0008,	 Accuracy: 749/1000(75%)
Task: 1,	 Epoch: 49/80,	 Avg.loss: 0.0007,	 Accuracy: 746/1000(75%)
Task: 1,	 Epoch: 50/80,	 Avg.loss: 0.0007,	 Accuracy: 756/1000(76%)
Task: 1,	 Epoch: 51/80,	 Avg.loss: 0.0007,	 Accuracy: 754/1000(75%)
Task: 1,	 Epoch: 52/80,	 Avg.loss: 0.0007,	 Accuracy: 745/1000(74%)
Task: 1,	 Epoch: 53/80,	 Avg.loss: 0.0007,	 Accuracy: 749/1000(75%)
Task: 1,	 Epoch: 54/80,	 Avg.loss: 0.0007,	 Accuracy: 749/1000(75%)
Task: 1,	 Epoch: 55/80,	 Avg.loss: 0.0007,	 Accuracy: 756/1000(76%)
Task: 1,	 Epoch: 56/80,	 Avg.loss: 0.0007,	 Accuracy: 754/1000(75%)
Task: 1,	 Epoch: 57/80,	 Avg.loss: 0.0007,	 Accuracy: 756/1000(76%)
Task: 1,	 Epoch: 58/80,	 Avg.loss: 0.0007,	 Accuracy: 753/1000(75%)
Task: 1,	 Epoch: 59/80,	 Avg.loss: 0.0007,	 Accuracy: 759/1000(76%)
Task: 1,	 Epoch: 60/80,	 Avg.loss: 0.0007,	 Accuracy: 758/1000(76%)
Task: 1,	 Epoch: 61/80,	 Avg.loss: 0.0007,	 Accuracy: 756/1000(76%)
Task: 1,	 Epoch: 62/80,	 Avg.loss: 0.0007,	 Accuracy: 754/1000(75%)
Task: 1,	 Epoch: 63/80,	 Avg.loss: 0.0007,	 Accuracy: 756/1000(76%)
Task: 1,	 Epoch: 64/80,	 Avg.loss: 0.0007,	 Accuracy: 752/1000(75%)
Task: 1,	 Epoch: 65/80,	 Avg.loss: 0.0007,	 Accuracy: 752/1000(75%)
Task: 1,	 Epoch: 66/80,	 Avg.loss: 0.0007,	 Accuracy: 751/1000(75%)
Task: 1,	 Epoch: 67/80,	 Avg.loss: 0.0007,	 Accuracy: 748/1000(75%)
Task: 1,	 Epoch: 68/80,	 Avg.loss: 0.0007,	 Accuracy: 756/1000(76%)
Task: 1,	 Epoch: 69/80,	 Avg.loss: 0.0007,	 Accuracy: 755/1000(76%)
Task: 1,	 Epoch: 70/80,	 Avg.loss: 0.0007,	 Accuracy: 750/1000(75%)
Task: 1,	 Epoch: 71/80,	 Avg.loss: 0.0007,	 Accuracy: 755/1000(76%)
Task: 1,	 Epoch: 72/80,	 Avg.loss: 0.0007,	 Accuracy: 748/1000(75%)
Task: 1,	 Epoch: 73/80,	 Avg.loss: 0.0007,	 Accuracy: 756/1000(76%)
Task: 1,	 Epoch: 74/80,	 Avg.loss: 0.0007,	 Accuracy: 755/1000(76%)
Task: 1,	 Epoch: 75/80,	 Avg.loss: 0.0007,	 Accuracy: 762/1000(76%)
Task: 1,	 Epoch: 76/80,	 Avg.loss: 0.0007,	 Accuracy: 753/1000(75%)
Task: 1,	 Epoch: 77/80,	 Avg.loss: 0.0007,	 Accuracy: 761/1000(76%)
Task: 1,	 Epoch: 78/80,	 Avg.loss: 0.0007,	 Accuracy: 757/1000(76%)
Task: 1,	 Epoch: 79/80,	 Avg.loss: 0.0007,	 Accuracy: 752/1000(75%)
Trained Task:1, Loaded task:0, Accuracy:84.4%
Trained Task:1, Loaded task:1, Accuracy:75.2%
Trained Task:1, Avg. Accuracy: 79.8 

List of avg. accuracy: [84.4, 79.8]
Layer        : conv1_layer.2.weight
R.histogram  : tensor([3., 6., 4., 6., 5., 2., 2., 2., 1., 1.], device='cuda:0')
R_sum max/min: 44.2/0.0
F.num_zeros  : 288/9216
W.num_zeros  : 0/9216
O.num_zeros  : 288/9216
Layer        : conv2_layer.2.weight
R.histogram  : tensor([38., 12.,  5.,  5.,  1.,  1.,  1.,  0.,  0.,  1.], device='cuda:0')
R_sum max/min: 62.5/0.0
F.num_zeros  : 9155/36864
W.num_zeros  : 0/36864
O.num_zeros  : 19584/36864
Layer        : fc1_layer.0.weight
R.histogram  : tensor([ 18., 357.,  72.,  31.,  16.,   7.,   5.,   2.,   1.,   3.],
       device='cuda:0')
R_sum max/min: 165.3/-29.3
F.num_zeros  : 1303459/2097152
W.num_zeros  : 0/2097152
O.num_zeros  : 1680959/2097152
Mask histogram conv1_layer.2.weight: 	 tensor([   0.,    0.,    0., 8192.,    0.,    0.,    0.,    0.,    0.,    0.,
           0.], device='cuda:0')
Mask histogram conv2_layer.2.weight: 	 tensor([2048.,  192.,  960.,  896.,    0.,    0.,    0.,    0.,    0.,    0.,
           0.], device='cuda:0')
Mask histogram fc1_layer.0.weight: 	 tensor([246.,  54.,  78., 134.,   0.,   0.,   0.,   0.,   0.,   0.,   0.],
       device='cuda:0')
Task: 2,	 Epoch: 0/80,	 Avg.loss: 0.0010,	 Accuracy: 682/1000(68%)
Task: 2,	 Epoch: 1/80,	 Avg.loss: 0.0009,	 Accuracy: 724/1000(72%)
Task: 2,	 Epoch: 2/80,	 Avg.loss: 0.0008,	 Accuracy: 746/1000(75%)
Task: 2,	 Epoch: 3/80,	 Avg.loss: 0.0009,	 Accuracy: 736/1000(74%)
Task: 2,	 Epoch: 4/80,	 Avg.loss: 0.0008,	 Accuracy: 750/1000(75%)
Task: 2,	 Epoch: 5/80,	 Avg.loss: 0.0009,	 Accuracy: 729/1000(73%)
Task: 2,	 Epoch: 6/80,	 Avg.loss: 0.0008,	 Accuracy: 772/1000(77%)
Task: 2,	 Epoch: 7/80,	 Avg.loss: 0.0008,	 Accuracy: 761/1000(76%)
Task: 2,	 Epoch: 8/80,	 Avg.loss: 0.0008,	 Accuracy: 768/1000(77%)
Task: 2,	 Epoch: 9/80,	 Avg.loss: 0.0008,	 Accuracy: 754/1000(75%)
Task: 2,	 Epoch: 10/80,	 Avg.loss: 0.0008,	 Accuracy: 770/1000(77%)
Task: 2,	 Epoch: 11/80,	 Avg.loss: 0.0008,	 Accuracy: 781/1000(78%)
Task: 2,	 Epoch: 12/80,	 Avg.loss: 0.0007,	 Accuracy: 775/1000(78%)
Task: 2,	 Epoch: 13/80,	 Avg.loss: 0.0008,	 Accuracy: 783/1000(78%)
Task: 2,	 Epoch: 14/80,	 Avg.loss: 0.0008,	 Accuracy: 776/1000(78%)
Task: 2,	 Epoch: 15/80,	 Avg.loss: 0.0008,	 Accuracy: 761/1000(76%)
Task: 2,	 Epoch: 16/80,	 Avg.loss: 0.0007,	 Accuracy: 792/1000(79%)
Task: 2,	 Epoch: 17/80,	 Avg.loss: 0.0008,	 Accuracy: 791/1000(79%)
Task: 2,	 Epoch: 18/80,	 Avg.loss: 0.0008,	 Accuracy: 771/1000(77%)
Task: 2,	 Epoch: 19/80,	 Avg.loss: 0.0007,	 Accuracy: 779/1000(78%)
Task: 2,	 Epoch: 20/80,	 Avg.loss: 0.0008,	 Accuracy: 780/1000(78%)
Task: 2,	 Epoch: 21/80,	 Avg.loss: 0.0008,	 Accuracy: 787/1000(79%)
Task: 2,	 Epoch: 22/80,	 Avg.loss: 0.0008,	 Accuracy: 780/1000(78%)
Task: 2,	 Epoch: 23/80,	 Avg.loss: 0.0008,	 Accuracy: 778/1000(78%)
Task: 2,	 Epoch: 24/80,	 Avg.loss: 0.0008,	 Accuracy: 786/1000(79%)
Task: 2,	 Epoch: 25/80,	 Avg.loss: 0.0008,	 Accuracy: 787/1000(79%)
Task: 2,	 Epoch: 26/80,	 Avg.loss: 0.0007,	 Accuracy: 794/1000(79%)
Task: 2,	 Epoch: 27/80,	 Avg.loss: 0.0007,	 Accuracy: 795/1000(80%)
Task: 2,	 Epoch: 28/80,	 Avg.loss: 0.0008,	 Accuracy: 775/1000(78%)
Task: 2,	 Epoch: 29/80,	 Avg.loss: 0.0008,	 Accuracy: 792/1000(79%)
Task: 2,	 Epoch: 30/80,	 Avg.loss: 0.0008,	 Accuracy: 780/1000(78%)
Task: 2,	 Epoch: 31/80,	 Avg.loss: 0.0008,	 Accuracy: 787/1000(79%)
Task: 2,	 Epoch: 32/80,	 Avg.loss: 0.0007,	 Accuracy: 793/1000(79%)
Task: 2,	 Epoch: 33/80,	 Avg.loss: 0.0008,	 Accuracy: 769/1000(77%)
Task: 2,	 Epoch: 34/80,	 Avg.loss: 0.0008,	 Accuracy: 777/1000(78%)
Task: 2,	 Epoch: 35/80,	 Avg.loss: 0.0008,	 Accuracy: 782/1000(78%)
Task: 2,	 Epoch: 36/80,	 Avg.loss: 0.0008,	 Accuracy: 782/1000(78%)
Task: 2,	 Epoch: 37/80,	 Avg.loss: 0.0008,	 Accuracy: 796/1000(80%)
Task: 2,	 Epoch: 38/80,	 Avg.loss: 0.0008,	 Accuracy: 771/1000(77%)
Task: 2,	 Epoch: 39/80,	 Avg.loss: 0.0008,	 Accuracy: 803/1000(80%)
Task: 2,	 Epoch: 40/80,	 Avg.loss: 0.0008,	 Accuracy: 764/1000(76%)
Task: 2,	 Epoch: 41/80,	 Avg.loss: 0.0007,	 Accuracy: 791/1000(79%)
Task: 2,	 Epoch: 42/80,	 Avg.loss: 0.0008,	 Accuracy: 791/1000(79%)
Task: 2,	 Epoch: 43/80,	 Avg.loss: 0.0008,	 Accuracy: 797/1000(80%)
Task: 2,	 Epoch: 44/80,	 Avg.loss: 0.0008,	 Accuracy: 792/1000(79%)
Task: 2,	 Epoch: 45/80,	 Avg.loss: 0.0008,	 Accuracy: 798/1000(80%)
Task: 2,	 Epoch: 46/80,	 Avg.loss: 0.0007,	 Accuracy: 775/1000(78%)
Task: 2,	 Epoch: 47/80,	 Avg.loss: 0.0008,	 Accuracy: 783/1000(78%)
Task: 2,	 Epoch: 48/80,	 Avg.loss: 0.0008,	 Accuracy: 791/1000(79%)
Task: 2,	 Epoch: 49/80,	 Avg.loss: 0.0008,	 Accuracy: 792/1000(79%)
Task: 2,	 Epoch: 50/80,	 Avg.loss: 0.0008,	 Accuracy: 803/1000(80%)
Task: 2,	 Epoch: 51/80,	 Avg.loss: 0.0007,	 Accuracy: 803/1000(80%)
Task: 2,	 Epoch: 52/80,	 Avg.loss: 0.0007,	 Accuracy: 807/1000(81%)
Task: 2,	 Epoch: 53/80,	 Avg.loss: 0.0007,	 Accuracy: 805/1000(81%)
Task: 2,	 Epoch: 54/80,	 Avg.loss: 0.0007,	 Accuracy: 802/1000(80%)
Task: 2,	 Epoch: 55/80,	 Avg.loss: 0.0008,	 Accuracy: 808/1000(81%)
Task: 2,	 Epoch: 56/80,	 Avg.loss: 0.0008,	 Accuracy: 801/1000(80%)
Task: 2,	 Epoch: 57/80,	 Avg.loss: 0.0007,	 Accuracy: 805/1000(81%)
Task: 2,	 Epoch: 58/80,	 Avg.loss: 0.0008,	 Accuracy: 797/1000(80%)
Task: 2,	 Epoch: 59/80,	 Avg.loss: 0.0008,	 Accuracy: 801/1000(80%)
Task: 2,	 Epoch: 60/80,	 Avg.loss: 0.0008,	 Accuracy: 803/1000(80%)
Task: 2,	 Epoch: 61/80,	 Avg.loss: 0.0007,	 Accuracy: 801/1000(80%)
Task: 2,	 Epoch: 62/80,	 Avg.loss: 0.0007,	 Accuracy: 801/1000(80%)
Task: 2,	 Epoch: 63/80,	 Avg.loss: 0.0008,	 Accuracy: 800/1000(80%)
Task: 2,	 Epoch: 64/80,	 Avg.loss: 0.0007,	 Accuracy: 806/1000(81%)
Task: 2,	 Epoch: 65/80,	 Avg.loss: 0.0008,	 Accuracy: 809/1000(81%)
Task: 2,	 Epoch: 66/80,	 Avg.loss: 0.0007,	 Accuracy: 808/1000(81%)
Task: 2,	 Epoch: 67/80,	 Avg.loss: 0.0007,	 Accuracy: 801/1000(80%)
Task: 2,	 Epoch: 68/80,	 Avg.loss: 0.0007,	 Accuracy: 809/1000(81%)
Task: 2,	 Epoch: 69/80,	 Avg.loss: 0.0008,	 Accuracy: 809/1000(81%)
Task: 2,	 Epoch: 70/80,	 Avg.loss: 0.0007,	 Accuracy: 801/1000(80%)
Task: 2,	 Epoch: 71/80,	 Avg.loss: 0.0008,	 Accuracy: 808/1000(81%)
Task: 2,	 Epoch: 72/80,	 Avg.loss: 0.0008,	 Accuracy: 809/1000(81%)
Task: 2,	 Epoch: 73/80,	 Avg.loss: 0.0008,	 Accuracy: 812/1000(81%)
Task: 2,	 Epoch: 74/80,	 Avg.loss: 0.0007,	 Accuracy: 811/1000(81%)
Task: 2,	 Epoch: 75/80,	 Avg.loss: 0.0007,	 Accuracy: 804/1000(80%)
Task: 2,	 Epoch: 76/80,	 Avg.loss: 0.0007,	 Accuracy: 814/1000(81%)
Task: 2,	 Epoch: 77/80,	 Avg.loss: 0.0007,	 Accuracy: 812/1000(81%)
Task: 2,	 Epoch: 78/80,	 Avg.loss: 0.0007,	 Accuracy: 805/1000(81%)
Task: 2,	 Epoch: 79/80,	 Avg.loss: 0.0008,	 Accuracy: 812/1000(81%)
Trained Task:2, Loaded task:0, Accuracy:84.0%
Trained Task:2, Loaded task:1, Accuracy:75.5%
Trained Task:2, Loaded task:2, Accuracy:81.2%
Trained Task:2, Avg. Accuracy: 80.2 

List of avg. accuracy: [84.4, 79.8, 80.2]
Layer        : conv1_layer.2.weight
R.histogram  : tensor([6., 8., 6., 6., 2., 1., 1., 1., 0., 1.], device='cuda:0')
R_sum max/min: 45.9/0.0
F.num_zeros  : 288/9216
W.num_zeros  : 0/9216
O.num_zeros  : 288/9216
Layer        : conv2_layer.2.weight
R.histogram  : tensor([40., 14.,  4.,  4.,  0.,  0.,  0.,  1.,  0.,  1.], device='cuda:0')
R_sum max/min: 71.0/0.0
F.num_zeros  : 9296/36864
W.num_zeros  : 0/36864
O.num_zeros  : 18432/36864
Layer        : fc1_layer.0.weight
R.histogram  : tensor([382.,  69.,  27.,  16.,   8.,   5.,   2.,   1.,   0.,   2.],
       device='cuda:0')
R_sum max/min: 377.0/-10.6
F.num_zeros  : 1317439/2097152
W.num_zeros  : 0/2097152
O.num_zeros  : 1596574/2097152
Mask histogram conv1_layer.2.weight: 	 tensor([   0.,    0.,    0.,    0., 8192.,    0.,    0.,    0.,    0.,    0.,
           0.], device='cuda:0')
Mask histogram conv2_layer.2.weight: 	 tensor([1920.,  192.,  256., 1216.,  512.,    0.,    0.,    0.,    0.,    0.,
           0.], device='cuda:0')
Mask histogram fc1_layer.0.weight: 	 tensor([245.,  18.,  64.,  70., 115.,   0.,   0.,   0.,   0.,   0.,   0.],
       device='cuda:0')
Task: 3,	 Epoch: 0/80,	 Avg.loss: 0.0012,	 Accuracy: 581/1000(58%)
Task: 3,	 Epoch: 1/80,	 Avg.loss: 0.0013,	 Accuracy: 588/1000(59%)
Task: 3,	 Epoch: 2/80,	 Avg.loss: 0.0010,	 Accuracy: 654/1000(65%)
Task: 3,	 Epoch: 3/80,	 Avg.loss: 0.0010,	 Accuracy: 649/1000(65%)
Task: 3,	 Epoch: 4/80,	 Avg.loss: 0.0010,	 Accuracy: 677/1000(68%)
Task: 3,	 Epoch: 5/80,	 Avg.loss: 0.0010,	 Accuracy: 669/1000(67%)
Task: 3,	 Epoch: 6/80,	 Avg.loss: 0.0009,	 Accuracy: 690/1000(69%)
Task: 3,	 Epoch: 7/80,	 Avg.loss: 0.0010,	 Accuracy: 676/1000(68%)
Task: 3,	 Epoch: 8/80,	 Avg.loss: 0.0010,	 Accuracy: 673/1000(67%)
Task: 3,	 Epoch: 9/80,	 Avg.loss: 0.0009,	 Accuracy: 690/1000(69%)
Task: 3,	 Epoch: 10/80,	 Avg.loss: 0.0009,	 Accuracy: 683/1000(68%)
Task: 3,	 Epoch: 11/80,	 Avg.loss: 0.0010,	 Accuracy: 680/1000(68%)
Task: 3,	 Epoch: 12/80,	 Avg.loss: 0.0009,	 Accuracy: 701/1000(70%)
Task: 3,	 Epoch: 13/80,	 Avg.loss: 0.0009,	 Accuracy: 701/1000(70%)
Task: 3,	 Epoch: 14/80,	 Avg.loss: 0.0009,	 Accuracy: 715/1000(72%)
Task: 3,	 Epoch: 15/80,	 Avg.loss: 0.0010,	 Accuracy: 675/1000(68%)
Task: 3,	 Epoch: 16/80,	 Avg.loss: 0.0009,	 Accuracy: 694/1000(69%)
Task: 3,	 Epoch: 17/80,	 Avg.loss: 0.0009,	 Accuracy: 699/1000(70%)
Task: 3,	 Epoch: 18/80,	 Avg.loss: 0.0009,	 Accuracy: 690/1000(69%)
Task: 3,	 Epoch: 19/80,	 Avg.loss: 0.0009,	 Accuracy: 704/1000(70%)
Task: 3,	 Epoch: 20/80,	 Avg.loss: 0.0008,	 Accuracy: 723/1000(72%)
Task: 3,	 Epoch: 21/80,	 Avg.loss: 0.0009,	 Accuracy: 711/1000(71%)
Task: 3,	 Epoch: 22/80,	 Avg.loss: 0.0009,	 Accuracy: 716/1000(72%)
Task: 3,	 Epoch: 23/80,	 Avg.loss: 0.0009,	 Accuracy: 700/1000(70%)
Task: 3,	 Epoch: 24/80,	 Avg.loss: 0.0009,	 Accuracy: 712/1000(71%)
Task: 3,	 Epoch: 25/80,	 Avg.loss: 0.0009,	 Accuracy: 708/1000(71%)
Task: 3,	 Epoch: 26/80,	 Avg.loss: 0.0008,	 Accuracy: 726/1000(73%)
Task: 3,	 Epoch: 27/80,	 Avg.loss: 0.0008,	 Accuracy: 715/1000(72%)
Task: 3,	 Epoch: 28/80,	 Avg.loss: 0.0008,	 Accuracy: 718/1000(72%)
Task: 3,	 Epoch: 29/80,	 Avg.loss: 0.0009,	 Accuracy: 700/1000(70%)
Task: 3,	 Epoch: 30/80,	 Avg.loss: 0.0009,	 Accuracy: 714/1000(71%)
Task: 3,	 Epoch: 31/80,	 Avg.loss: 0.0009,	 Accuracy: 721/1000(72%)
Task: 3,	 Epoch: 32/80,	 Avg.loss: 0.0008,	 Accuracy: 717/1000(72%)
Task: 3,	 Epoch: 33/80,	 Avg.loss: 0.0009,	 Accuracy: 710/1000(71%)
Task: 3,	 Epoch: 34/80,	 Avg.loss: 0.0008,	 Accuracy: 727/1000(73%)
Task: 3,	 Epoch: 35/80,	 Avg.loss: 0.0009,	 Accuracy: 708/1000(71%)
Task: 3,	 Epoch: 36/80,	 Avg.loss: 0.0009,	 Accuracy: 705/1000(70%)
Task: 3,	 Epoch: 37/80,	 Avg.loss: 0.0009,	 Accuracy: 714/1000(71%)
Task: 3,	 Epoch: 38/80,	 Avg.loss: 0.0008,	 Accuracy: 724/1000(72%)
Task: 3,	 Epoch: 39/80,	 Avg.loss: 0.0009,	 Accuracy: 721/1000(72%)
Task: 3,	 Epoch: 40/80,	 Avg.loss: 0.0009,	 Accuracy: 712/1000(71%)
Task: 3,	 Epoch: 41/80,	 Avg.loss: 0.0008,	 Accuracy: 728/1000(73%)
Task: 3,	 Epoch: 42/80,	 Avg.loss: 0.0008,	 Accuracy: 724/1000(72%)
Task: 3,	 Epoch: 43/80,	 Avg.loss: 0.0008,	 Accuracy: 723/1000(72%)
Task: 3,	 Epoch: 44/80,	 Avg.loss: 0.0009,	 Accuracy: 716/1000(72%)
Task: 3,	 Epoch: 45/80,	 Avg.loss: 0.0009,	 Accuracy: 724/1000(72%)
Task: 3,	 Epoch: 46/80,	 Avg.loss: 0.0008,	 Accuracy: 734/1000(73%)
Task: 3,	 Epoch: 47/80,	 Avg.loss: 0.0008,	 Accuracy: 724/1000(72%)
Task: 3,	 Epoch: 48/80,	 Avg.loss: 0.0008,	 Accuracy: 735/1000(74%)
Task: 3,	 Epoch: 49/80,	 Avg.loss: 0.0009,	 Accuracy: 725/1000(72%)
Task: 3,	 Epoch: 50/80,	 Avg.loss: 0.0008,	 Accuracy: 743/1000(74%)
Task: 3,	 Epoch: 51/80,	 Avg.loss: 0.0008,	 Accuracy: 736/1000(74%)
Task: 3,	 Epoch: 52/80,	 Avg.loss: 0.0008,	 Accuracy: 741/1000(74%)
Task: 3,	 Epoch: 53/80,	 Avg.loss: 0.0008,	 Accuracy: 738/1000(74%)
Task: 3,	 Epoch: 54/80,	 Avg.loss: 0.0008,	 Accuracy: 734/1000(73%)
Task: 3,	 Epoch: 55/80,	 Avg.loss: 0.0008,	 Accuracy: 737/1000(74%)
Task: 3,	 Epoch: 56/80,	 Avg.loss: 0.0008,	 Accuracy: 734/1000(73%)
Task: 3,	 Epoch: 57/80,	 Avg.loss: 0.0008,	 Accuracy: 737/1000(74%)
Task: 3,	 Epoch: 58/80,	 Avg.loss: 0.0008,	 Accuracy: 732/1000(73%)
Task: 3,	 Epoch: 59/80,	 Avg.loss: 0.0008,	 Accuracy: 730/1000(73%)
Task: 3,	 Epoch: 60/80,	 Avg.loss: 0.0008,	 Accuracy: 738/1000(74%)
Task: 3,	 Epoch: 61/80,	 Avg.loss: 0.0008,	 Accuracy: 733/1000(73%)
Task: 3,	 Epoch: 62/80,	 Avg.loss: 0.0008,	 Accuracy: 736/1000(74%)
Task: 3,	 Epoch: 63/80,	 Avg.loss: 0.0008,	 Accuracy: 737/1000(74%)
Task: 3,	 Epoch: 64/80,	 Avg.loss: 0.0008,	 Accuracy: 738/1000(74%)
Task: 3,	 Epoch: 65/80,	 Avg.loss: 0.0008,	 Accuracy: 735/1000(74%)
Task: 3,	 Epoch: 66/80,	 Avg.loss: 0.0008,	 Accuracy: 730/1000(73%)
Task: 3,	 Epoch: 67/80,	 Avg.loss: 0.0008,	 Accuracy: 734/1000(73%)
Task: 3,	 Epoch: 68/80,	 Avg.loss: 0.0008,	 Accuracy: 730/1000(73%)
Task: 3,	 Epoch: 69/80,	 Avg.loss: 0.0008,	 Accuracy: 731/1000(73%)
Task: 3,	 Epoch: 70/80,	 Avg.loss: 0.0008,	 Accuracy: 731/1000(73%)
Task: 3,	 Epoch: 71/80,	 Avg.loss: 0.0008,	 Accuracy: 738/1000(74%)
Task: 3,	 Epoch: 72/80,	 Avg.loss: 0.0008,	 Accuracy: 740/1000(74%)
Task: 3,	 Epoch: 73/80,	 Avg.loss: 0.0008,	 Accuracy: 740/1000(74%)
Task: 3,	 Epoch: 74/80,	 Avg.loss: 0.0008,	 Accuracy: 736/1000(74%)
Task: 3,	 Epoch: 75/80,	 Avg.loss: 0.0008,	 Accuracy: 734/1000(73%)
Task: 3,	 Epoch: 76/80,	 Avg.loss: 0.0008,	 Accuracy: 737/1000(74%)
Task: 3,	 Epoch: 77/80,	 Avg.loss: 0.0008,	 Accuracy: 734/1000(73%)
Task: 3,	 Epoch: 78/80,	 Avg.loss: 0.0008,	 Accuracy: 738/1000(74%)
Task: 3,	 Epoch: 79/80,	 Avg.loss: 0.0008,	 Accuracy: 735/1000(74%)
Trained Task:3, Loaded task:0, Accuracy:84.1%
Trained Task:3, Loaded task:1, Accuracy:76.0%
Trained Task:3, Loaded task:2, Accuracy:81.4%
Trained Task:3, Loaded task:3, Accuracy:73.5%
Trained Task:3, Avg. Accuracy: 78.8 

List of avg. accuracy: [84.4, 79.8, 80.2, 78.8]
Layer        : conv1_layer.2.weight
R.histogram  : tensor([4., 3., 5., 2., 3., 4., 4., 3., 0., 4.], device='cuda:0')
R_sum max/min: 46.1/0.0
F.num_zeros  : 288/9216
W.num_zeros  : 0/9216
O.num_zeros  : 288/9216
Layer        : conv2_layer.2.weight
R.histogram  : tensor([41., 12.,  6.,  1.,  1.,  2.,  0.,  0.,  0.,  1.], device='cuda:0')
R_sum max/min: 94.2/0.0
F.num_zeros  : 9250/36864
W.num_zeros  : 0/36864
O.num_zeros  : 17280/36864
Layer        : fc1_layer.0.weight
R.histogram  : tensor([394.,  72.,  25.,  10.,   6.,   1.,   2.,   1.,   0.,   1.],
       device='cuda:0')
R_sum max/min: 288.3/-20.8
F.num_zeros  : 1329457/2097152
W.num_zeros  : 0/2097152
O.num_zeros  : 1551862/2097152
Mask histogram conv1_layer.2.weight: 	 tensor([   0.,    0.,    0.,    0.,    0., 8192.,    0.,    0.,    0.,    0.,
           0.], device='cuda:0')
Mask histogram conv2_layer.2.weight: 	 tensor([1856.,   64.,  256.,  704.,  768.,  448.,    0.,    0.,    0.,    0.,
           0.], device='cuda:0')
Mask histogram fc1_layer.0.weight: 	 tensor([218.,  38.,  32.,  68.,  66.,  90.,   0.,   0.,   0.,   0.,   0.],
       device='cuda:0')
Task: 4,	 Epoch: 0/80,	 Avg.loss: 0.0011,	 Accuracy: 648/1000(65%)
Task: 4,	 Epoch: 1/80,	 Avg.loss: 0.0010,	 Accuracy: 704/1000(70%)
Task: 4,	 Epoch: 2/80,	 Avg.loss: 0.0010,	 Accuracy: 704/1000(70%)
Task: 4,	 Epoch: 3/80,	 Avg.loss: 0.0009,	 Accuracy: 707/1000(71%)
Task: 4,	 Epoch: 4/80,	 Avg.loss: 0.0009,	 Accuracy: 726/1000(73%)
Task: 4,	 Epoch: 5/80,	 Avg.loss: 0.0008,	 Accuracy: 725/1000(72%)
Task: 4,	 Epoch: 6/80,	 Avg.loss: 0.0008,	 Accuracy: 743/1000(74%)
Task: 4,	 Epoch: 7/80,	 Avg.loss: 0.0008,	 Accuracy: 722/1000(72%)
Task: 4,	 Epoch: 8/80,	 Avg.loss: 0.0009,	 Accuracy: 717/1000(72%)
Task: 4,	 Epoch: 9/80,	 Avg.loss: 0.0008,	 Accuracy: 741/1000(74%)
Task: 4,	 Epoch: 10/80,	 Avg.loss: 0.0008,	 Accuracy: 721/1000(72%)
Task: 4,	 Epoch: 11/80,	 Avg.loss: 0.0008,	 Accuracy: 730/1000(73%)
Task: 4,	 Epoch: 12/80,	 Avg.loss: 0.0008,	 Accuracy: 731/1000(73%)
Task: 4,	 Epoch: 13/80,	 Avg.loss: 0.0008,	 Accuracy: 757/1000(76%)
Task: 4,	 Epoch: 14/80,	 Avg.loss: 0.0008,	 Accuracy: 751/1000(75%)
Task: 4,	 Epoch: 15/80,	 Avg.loss: 0.0007,	 Accuracy: 751/1000(75%)
Task: 4,	 Epoch: 16/80,	 Avg.loss: 0.0008,	 Accuracy: 743/1000(74%)
Task: 4,	 Epoch: 17/80,	 Avg.loss: 0.0007,	 Accuracy: 759/1000(76%)
Task: 4,	 Epoch: 18/80,	 Avg.loss: 0.0008,	 Accuracy: 751/1000(75%)
Task: 4,	 Epoch: 19/80,	 Avg.loss: 0.0008,	 Accuracy: 754/1000(75%)
Task: 4,	 Epoch: 20/80,	 Avg.loss: 0.0008,	 Accuracy: 745/1000(74%)
Task: 4,	 Epoch: 21/80,	 Avg.loss: 0.0008,	 Accuracy: 756/1000(76%)
Task: 4,	 Epoch: 22/80,	 Avg.loss: 0.0007,	 Accuracy: 751/1000(75%)
Task: 4,	 Epoch: 23/80,	 Avg.loss: 0.0007,	 Accuracy: 751/1000(75%)
Task: 4,	 Epoch: 24/80,	 Avg.loss: 0.0007,	 Accuracy: 765/1000(76%)
Task: 4,	 Epoch: 25/80,	 Avg.loss: 0.0007,	 Accuracy: 767/1000(77%)
Task: 4,	 Epoch: 26/80,	 Avg.loss: 0.0008,	 Accuracy: 742/1000(74%)
Task: 4,	 Epoch: 27/80,	 Avg.loss: 0.0008,	 Accuracy: 761/1000(76%)
Task: 4,	 Epoch: 28/80,	 Avg.loss: 0.0008,	 Accuracy: 766/1000(77%)
Task: 4,	 Epoch: 29/80,	 Avg.loss: 0.0007,	 Accuracy: 755/1000(76%)
Task: 4,	 Epoch: 30/80,	 Avg.loss: 0.0008,	 Accuracy: 754/1000(75%)
Task: 4,	 Epoch: 31/80,	 Avg.loss: 0.0007,	 Accuracy: 758/1000(76%)
Task: 4,	 Epoch: 32/80,	 Avg.loss: 0.0007,	 Accuracy: 761/1000(76%)
Task: 4,	 Epoch: 33/80,	 Avg.loss: 0.0008,	 Accuracy: 749/1000(75%)
Task: 4,	 Epoch: 34/80,	 Avg.loss: 0.0008,	 Accuracy: 751/1000(75%)
Task: 4,	 Epoch: 35/80,	 Avg.loss: 0.0007,	 Accuracy: 766/1000(77%)
Task: 4,	 Epoch: 36/80,	 Avg.loss: 0.0007,	 Accuracy: 769/1000(77%)
Task: 4,	 Epoch: 37/80,	 Avg.loss: 0.0007,	 Accuracy: 765/1000(76%)
Task: 4,	 Epoch: 38/80,	 Avg.loss: 0.0008,	 Accuracy: 765/1000(76%)
Task: 4,	 Epoch: 39/80,	 Avg.loss: 0.0008,	 Accuracy: 766/1000(77%)
Task: 4,	 Epoch: 40/80,	 Avg.loss: 0.0008,	 Accuracy: 757/1000(76%)
Task: 4,	 Epoch: 41/80,	 Avg.loss: 0.0008,	 Accuracy: 772/1000(77%)
Task: 4,	 Epoch: 42/80,	 Avg.loss: 0.0008,	 Accuracy: 755/1000(76%)
Task: 4,	 Epoch: 43/80,	 Avg.loss: 0.0008,	 Accuracy: 767/1000(77%)
Task: 4,	 Epoch: 44/80,	 Avg.loss: 0.0007,	 Accuracy: 773/1000(77%)
Task: 4,	 Epoch: 45/80,	 Avg.loss: 0.0007,	 Accuracy: 771/1000(77%)
Task: 4,	 Epoch: 46/80,	 Avg.loss: 0.0008,	 Accuracy: 766/1000(77%)
Task: 4,	 Epoch: 47/80,	 Avg.loss: 0.0007,	 Accuracy: 761/1000(76%)
Task: 4,	 Epoch: 48/80,	 Avg.loss: 0.0007,	 Accuracy: 759/1000(76%)
Task: 4,	 Epoch: 49/80,	 Avg.loss: 0.0008,	 Accuracy: 752/1000(75%)
Task: 4,	 Epoch: 50/80,	 Avg.loss: 0.0007,	 Accuracy: 777/1000(78%)
Task: 4,	 Epoch: 51/80,	 Avg.loss: 0.0007,	 Accuracy: 779/1000(78%)
Task: 4,	 Epoch: 52/80,	 Avg.loss: 0.0007,	 Accuracy: 773/1000(77%)
Task: 4,	 Epoch: 53/80,	 Avg.loss: 0.0007,	 Accuracy: 777/1000(78%)
Task: 4,	 Epoch: 54/80,	 Avg.loss: 0.0007,	 Accuracy: 774/1000(77%)
Task: 4,	 Epoch: 55/80,	 Avg.loss: 0.0007,	 Accuracy: 772/1000(77%)
Task: 4,	 Epoch: 56/80,	 Avg.loss: 0.0007,	 Accuracy: 767/1000(77%)
Task: 4,	 Epoch: 57/80,	 Avg.loss: 0.0007,	 Accuracy: 764/1000(76%)
Task: 4,	 Epoch: 58/80,	 Avg.loss: 0.0007,	 Accuracy: 771/1000(77%)
Task: 4,	 Epoch: 59/80,	 Avg.loss: 0.0007,	 Accuracy: 768/1000(77%)
Task: 4,	 Epoch: 60/80,	 Avg.loss: 0.0007,	 Accuracy: 773/1000(77%)
Task: 4,	 Epoch: 61/80,	 Avg.loss: 0.0007,	 Accuracy: 768/1000(77%)
Task: 4,	 Epoch: 62/80,	 Avg.loss: 0.0007,	 Accuracy: 778/1000(78%)
Task: 4,	 Epoch: 63/80,	 Avg.loss: 0.0007,	 Accuracy: 782/1000(78%)
Task: 4,	 Epoch: 64/80,	 Avg.loss: 0.0007,	 Accuracy: 780/1000(78%)
Task: 4,	 Epoch: 65/80,	 Avg.loss: 0.0007,	 Accuracy: 777/1000(78%)
Task: 4,	 Epoch: 66/80,	 Avg.loss: 0.0007,	 Accuracy: 776/1000(78%)
Task: 4,	 Epoch: 67/80,	 Avg.loss: 0.0007,	 Accuracy: 776/1000(78%)
Task: 4,	 Epoch: 68/80,	 Avg.loss: 0.0007,	 Accuracy: 771/1000(77%)
Task: 4,	 Epoch: 69/80,	 Avg.loss: 0.0007,	 Accuracy: 773/1000(77%)
Task: 4,	 Epoch: 70/80,	 Avg.loss: 0.0007,	 Accuracy: 773/1000(77%)
Task: 4,	 Epoch: 71/80,	 Avg.loss: 0.0007,	 Accuracy: 769/1000(77%)
Task: 4,	 Epoch: 72/80,	 Avg.loss: 0.0007,	 Accuracy: 777/1000(78%)
Task: 4,	 Epoch: 73/80,	 Avg.loss: 0.0007,	 Accuracy: 768/1000(77%)
Task: 4,	 Epoch: 74/80,	 Avg.loss: 0.0007,	 Accuracy: 773/1000(77%)
Task: 4,	 Epoch: 75/80,	 Avg.loss: 0.0007,	 Accuracy: 773/1000(77%)
Task: 4,	 Epoch: 76/80,	 Avg.loss: 0.0007,	 Accuracy: 775/1000(78%)
Task: 4,	 Epoch: 77/80,	 Avg.loss: 0.0007,	 Accuracy: 783/1000(78%)
Task: 4,	 Epoch: 78/80,	 Avg.loss: 0.0007,	 Accuracy: 772/1000(77%)
Task: 4,	 Epoch: 79/80,	 Avg.loss: 0.0007,	 Accuracy: 783/1000(78%)
Trained Task:4, Loaded task:0, Accuracy:83.8%
Trained Task:4, Loaded task:1, Accuracy:75.6%
Trained Task:4, Loaded task:2, Accuracy:81.0%
Trained Task:4, Loaded task:3, Accuracy:73.1%
Trained Task:4, Loaded task:4, Accuracy:78.3%
Trained Task:4, Avg. Accuracy: 78.4 

List of avg. accuracy: [84.4, 79.8, 80.2, 78.8, 78.4]
Layer        : conv1_layer.2.weight
R.histogram  : tensor([5., 4., 5., 3., 1., 5., 1., 4., 2., 2.], device='cuda:0')
R_sum max/min: 44.2/0.0
F.num_zeros  : 288/9216
W.num_zeros  : 0/9216
O.num_zeros  : 288/9216
Layer        : conv2_layer.2.weight
R.histogram  : tensor([38., 12.,  5.,  4.,  1.,  1.,  2.,  0.,  0.,  1.], device='cuda:0')
R_sum max/min: 90.8/0.0
F.num_zeros  : 9247/36864
W.num_zeros  : 0/36864
O.num_zeros  : 16704/36864
Layer        : fc1_layer.0.weight
R.histogram  : tensor([396.,  66.,  30.,   9.,   2.,   2.,   4.,   2.,   0.,   1.],
       device='cuda:0')
R_sum max/min: 316.0/-15.8
F.num_zeros  : 1326086/2097152
W.num_zeros  : 0/2097152
O.num_zeros  : 1523879/2097152
Mask histogram conv1_layer.2.weight: 	 tensor([   0.,    0.,    0.,    0.,    0.,    0., 8192.,    0.,    0.,    0.,
           0.], device='cuda:0')
Mask histogram conv2_layer.2.weight: 	 tensor([1856.,    0.,  192.,  448.,  512.,  704.,  384.,    0.,    0.,    0.,
           0.], device='cuda:0')
Mask histogram fc1_layer.0.weight: 	 tensor([217.,  16.,  46.,  36.,  58.,  58.,  81.,   0.,   0.,   0.,   0.],
       device='cuda:0')
Task: 5,	 Epoch: 0/80,	 Avg.loss: 0.0011,	 Accuracy: 582/1000(58%)
Task: 5,	 Epoch: 1/80,	 Avg.loss: 0.0011,	 Accuracy: 607/1000(61%)
Task: 5,	 Epoch: 2/80,	 Avg.loss: 0.0010,	 Accuracy: 629/1000(63%)
Task: 5,	 Epoch: 3/80,	 Avg.loss: 0.0010,	 Accuracy: 623/1000(62%)
Task: 5,	 Epoch: 4/80,	 Avg.loss: 0.0009,	 Accuracy: 656/1000(66%)
Task: 5,	 Epoch: 5/80,	 Avg.loss: 0.0009,	 Accuracy: 644/1000(64%)
Task: 5,	 Epoch: 6/80,	 Avg.loss: 0.0010,	 Accuracy: 625/1000(63%)
Task: 5,	 Epoch: 7/80,	 Avg.loss: 0.0009,	 Accuracy: 662/1000(66%)
Task: 5,	 Epoch: 8/80,	 Avg.loss: 0.0009,	 Accuracy: 673/1000(67%)
Task: 5,	 Epoch: 9/80,	 Avg.loss: 0.0009,	 Accuracy: 667/1000(67%)
Task: 5,	 Epoch: 10/80,	 Avg.loss: 0.0009,	 Accuracy: 660/1000(66%)
Task: 5,	 Epoch: 11/80,	 Avg.loss: 0.0009,	 Accuracy: 673/1000(67%)
Task: 5,	 Epoch: 12/80,	 Avg.loss: 0.0009,	 Accuracy: 682/1000(68%)
Task: 5,	 Epoch: 13/80,	 Avg.loss: 0.0009,	 Accuracy: 686/1000(69%)
Task: 5,	 Epoch: 14/80,	 Avg.loss: 0.0009,	 Accuracy: 684/1000(68%)
Task: 5,	 Epoch: 15/80,	 Avg.loss: 0.0009,	 Accuracy: 666/1000(67%)
Task: 5,	 Epoch: 16/80,	 Avg.loss: 0.0008,	 Accuracy: 688/1000(69%)
Task: 5,	 Epoch: 17/80,	 Avg.loss: 0.0008,	 Accuracy: 687/1000(69%)
Task: 5,	 Epoch: 18/80,	 Avg.loss: 0.0008,	 Accuracy: 697/1000(70%)
Task: 5,	 Epoch: 19/80,	 Avg.loss: 0.0009,	 Accuracy: 676/1000(68%)
Task: 5,	 Epoch: 20/80,	 Avg.loss: 0.0009,	 Accuracy: 690/1000(69%)
Task: 5,	 Epoch: 21/80,	 Avg.loss: 0.0009,	 Accuracy: 683/1000(68%)
Task: 5,	 Epoch: 22/80,	 Avg.loss: 0.0009,	 Accuracy: 673/1000(67%)
Task: 5,	 Epoch: 23/80,	 Avg.loss: 0.0009,	 Accuracy: 679/1000(68%)
Task: 5,	 Epoch: 24/80,	 Avg.loss: 0.0009,	 Accuracy: 676/1000(68%)
Task: 5,	 Epoch: 25/80,	 Avg.loss: 0.0009,	 Accuracy: 681/1000(68%)
Task: 5,	 Epoch: 26/80,	 Avg.loss: 0.0009,	 Accuracy: 698/1000(70%)
Task: 5,	 Epoch: 27/80,	 Avg.loss: 0.0009,	 Accuracy: 695/1000(70%)
Task: 5,	 Epoch: 28/80,	 Avg.loss: 0.0009,	 Accuracy: 683/1000(68%)
Task: 5,	 Epoch: 29/80,	 Avg.loss: 0.0009,	 Accuracy: 680/1000(68%)
Task: 5,	 Epoch: 30/80,	 Avg.loss: 0.0009,	 Accuracy: 685/1000(68%)
Task: 5,	 Epoch: 31/80,	 Avg.loss: 0.0009,	 Accuracy: 663/1000(66%)
Task: 5,	 Epoch: 32/80,	 Avg.loss: 0.0009,	 Accuracy: 682/1000(68%)
Task: 5,	 Epoch: 33/80,	 Avg.loss: 0.0009,	 Accuracy: 705/1000(70%)
Task: 5,	 Epoch: 34/80,	 Avg.loss: 0.0009,	 Accuracy: 697/1000(70%)
Task: 5,	 Epoch: 35/80,	 Avg.loss: 0.0008,	 Accuracy: 690/1000(69%)
Task: 5,	 Epoch: 36/80,	 Avg.loss: 0.0009,	 Accuracy: 692/1000(69%)
Task: 5,	 Epoch: 37/80,	 Avg.loss: 0.0009,	 Accuracy: 695/1000(70%)
Task: 5,	 Epoch: 38/80,	 Avg.loss: 0.0009,	 Accuracy: 692/1000(69%)
Task: 5,	 Epoch: 39/80,	 Avg.loss: 0.0008,	 Accuracy: 704/1000(70%)
Task: 5,	 Epoch: 40/80,	 Avg.loss: 0.0009,	 Accuracy: 693/1000(69%)
Task: 5,	 Epoch: 41/80,	 Avg.loss: 0.0008,	 Accuracy: 694/1000(69%)
Task: 5,	 Epoch: 42/80,	 Avg.loss: 0.0009,	 Accuracy: 683/1000(68%)
Task: 5,	 Epoch: 43/80,	 Avg.loss: 0.0009,	 Accuracy: 686/1000(69%)
Task: 5,	 Epoch: 44/80,	 Avg.loss: 0.0009,	 Accuracy: 697/1000(70%)
Task: 5,	 Epoch: 45/80,	 Avg.loss: 0.0009,	 Accuracy: 681/1000(68%)
Task: 5,	 Epoch: 46/80,	 Avg.loss: 0.0009,	 Accuracy: 687/1000(69%)
Task: 5,	 Epoch: 47/80,	 Avg.loss: 0.0009,	 Accuracy: 690/1000(69%)
Task: 5,	 Epoch: 48/80,	 Avg.loss: 0.0009,	 Accuracy: 674/1000(67%)
Task: 5,	 Epoch: 49/80,	 Avg.loss: 0.0009,	 Accuracy: 692/1000(69%)
Task: 5,	 Epoch: 50/80,	 Avg.loss: 0.0008,	 Accuracy: 710/1000(71%)
Task: 5,	 Epoch: 51/80,	 Avg.loss: 0.0008,	 Accuracy: 712/1000(71%)
Task: 5,	 Epoch: 52/80,	 Avg.loss: 0.0008,	 Accuracy: 714/1000(71%)
Task: 5,	 Epoch: 53/80,	 Avg.loss: 0.0008,	 Accuracy: 711/1000(71%)
Task: 5,	 Epoch: 54/80,	 Avg.loss: 0.0008,	 Accuracy: 715/1000(72%)
Task: 5,	 Epoch: 55/80,	 Avg.loss: 0.0008,	 Accuracy: 707/1000(71%)
Task: 5,	 Epoch: 56/80,	 Avg.loss: 0.0008,	 Accuracy: 715/1000(72%)
Task: 5,	 Epoch: 57/80,	 Avg.loss: 0.0008,	 Accuracy: 712/1000(71%)
Task: 5,	 Epoch: 58/80,	 Avg.loss: 0.0008,	 Accuracy: 713/1000(71%)
Task: 5,	 Epoch: 59/80,	 Avg.loss: 0.0008,	 Accuracy: 702/1000(70%)
Task: 5,	 Epoch: 60/80,	 Avg.loss: 0.0008,	 Accuracy: 719/1000(72%)
Task: 5,	 Epoch: 61/80,	 Avg.loss: 0.0008,	 Accuracy: 713/1000(71%)
Task: 5,	 Epoch: 62/80,	 Avg.loss: 0.0008,	 Accuracy: 712/1000(71%)
Task: 5,	 Epoch: 63/80,	 Avg.loss: 0.0008,	 Accuracy: 712/1000(71%)
Task: 5,	 Epoch: 64/80,	 Avg.loss: 0.0008,	 Accuracy: 708/1000(71%)
Task: 5,	 Epoch: 65/80,	 Avg.loss: 0.0008,	 Accuracy: 711/1000(71%)
Task: 5,	 Epoch: 66/80,	 Avg.loss: 0.0008,	 Accuracy: 712/1000(71%)
Task: 5,	 Epoch: 67/80,	 Avg.loss: 0.0008,	 Accuracy: 708/1000(71%)
Task: 5,	 Epoch: 68/80,	 Avg.loss: 0.0008,	 Accuracy: 713/1000(71%)
Task: 5,	 Epoch: 69/80,	 Avg.loss: 0.0008,	 Accuracy: 712/1000(71%)
Task: 5,	 Epoch: 70/80,	 Avg.loss: 0.0008,	 Accuracy: 707/1000(71%)
Task: 5,	 Epoch: 71/80,	 Avg.loss: 0.0008,	 Accuracy: 710/1000(71%)
Task: 5,	 Epoch: 72/80,	 Avg.loss: 0.0008,	 Accuracy: 720/1000(72%)
Task: 5,	 Epoch: 73/80,	 Avg.loss: 0.0008,	 Accuracy: 708/1000(71%)
Task: 5,	 Epoch: 74/80,	 Avg.loss: 0.0008,	 Accuracy: 705/1000(70%)
Task: 5,	 Epoch: 75/80,	 Avg.loss: 0.0008,	 Accuracy: 710/1000(71%)
Task: 5,	 Epoch: 76/80,	 Avg.loss: 0.0008,	 Accuracy: 703/1000(70%)
Task: 5,	 Epoch: 77/80,	 Avg.loss: 0.0008,	 Accuracy: 715/1000(72%)
Task: 5,	 Epoch: 78/80,	 Avg.loss: 0.0008,	 Accuracy: 697/1000(70%)
Task: 5,	 Epoch: 79/80,	 Avg.loss: 0.0008,	 Accuracy: 704/1000(70%)
Trained Task:5, Loaded task:0, Accuracy:83.8%
Trained Task:5, Loaded task:1, Accuracy:76.1%
Trained Task:5, Loaded task:2, Accuracy:81.0%
Trained Task:5, Loaded task:3, Accuracy:72.8%
Trained Task:5, Loaded task:4, Accuracy:77.8%
Trained Task:5, Loaded task:5, Accuracy:70.4%
Trained Task:5, Avg. Accuracy: 77.0 

List of avg. accuracy: [84.4, 79.8, 80.2, 78.8, 78.4, 77.0]
Layer        : conv1_layer.2.weight
R.histogram  : tensor([3., 7., 6., 1., 5., 3., 1., 3., 2., 1.], device='cuda:0')
R_sum max/min: 40.0/0.0
F.num_zeros  : 288/9216
W.num_zeros  : 0/9216
O.num_zeros  : 288/9216
Layer        : conv2_layer.2.weight
R.histogram  : tensor([40., 11.,  7.,  1.,  1.,  1.,  2.,  0.,  0.,  1.], device='cuda:0')
R_sum max/min: 106.2/0.0
F.num_zeros  : 9377/36864
W.num_zeros  : 0/36864
O.num_zeros  : 16704/36864
Layer        : fc1_layer.0.weight
R.histogram  : tensor([382.,  68.,  36.,   9.,   8.,   2.,   2.,   2.,   2.,   1.],
       device='cuda:0')
R_sum max/min: 311.1/-11.8
F.num_zeros  : 1320296/2097152
W.num_zeros  : 0/2097152
O.num_zeros  : 1517014/2097152
Mask histogram conv1_layer.2.weight: 	 tensor([   0.,    0.,    0.,    0.,    0.,    0.,    0., 8192.,    0.,    0.,
           0.], device='cuda:0')
Mask histogram conv2_layer.2.weight: 	 tensor([1856.,    0.,  128.,  320.,  384.,  384.,  640.,  384.,    0.,    0.,
           0.], device='cuda:0')
Mask histogram fc1_layer.0.weight: 	 tensor([217.,  14.,  40.,  30.,  25.,  50.,  58.,  78.,   0.,   0.,   0.],
       device='cuda:0')
Task: 6,	 Epoch: 0/80,	 Avg.loss: 0.0011,	 Accuracy: 659/1000(66%)
Task: 6,	 Epoch: 1/80,	 Avg.loss: 0.0010,	 Accuracy: 681/1000(68%)
Task: 6,	 Epoch: 2/80,	 Avg.loss: 0.0010,	 Accuracy: 660/1000(66%)
Task: 6,	 Epoch: 3/80,	 Avg.loss: 0.0010,	 Accuracy: 688/1000(69%)
Task: 6,	 Epoch: 4/80,	 Avg.loss: 0.0009,	 Accuracy: 680/1000(68%)
Task: 6,	 Epoch: 5/80,	 Avg.loss: 0.0009,	 Accuracy: 696/1000(70%)
Task: 6,	 Epoch: 6/80,	 Avg.loss: 0.0009,	 Accuracy: 682/1000(68%)
Task: 6,	 Epoch: 7/80,	 Avg.loss: 0.0009,	 Accuracy: 688/1000(69%)
Task: 6,	 Epoch: 8/80,	 Avg.loss: 0.0009,	 Accuracy: 699/1000(70%)
Task: 6,	 Epoch: 9/80,	 Avg.loss: 0.0009,	 Accuracy: 697/1000(70%)
Task: 6,	 Epoch: 10/80,	 Avg.loss: 0.0009,	 Accuracy: 684/1000(68%)
Task: 6,	 Epoch: 11/80,	 Avg.loss: 0.0008,	 Accuracy: 703/1000(70%)
Task: 6,	 Epoch: 12/80,	 Avg.loss: 0.0008,	 Accuracy: 702/1000(70%)
Task: 6,	 Epoch: 13/80,	 Avg.loss: 0.0009,	 Accuracy: 693/1000(69%)
Task: 6,	 Epoch: 14/80,	 Avg.loss: 0.0009,	 Accuracy: 669/1000(67%)
Task: 6,	 Epoch: 15/80,	 Avg.loss: 0.0009,	 Accuracy: 692/1000(69%)
Task: 6,	 Epoch: 16/80,	 Avg.loss: 0.0009,	 Accuracy: 677/1000(68%)
Task: 6,	 Epoch: 17/80,	 Avg.loss: 0.0009,	 Accuracy: 690/1000(69%)
Task: 6,	 Epoch: 18/80,	 Avg.loss: 0.0009,	 Accuracy: 695/1000(70%)
Task: 6,	 Epoch: 19/80,	 Avg.loss: 0.0009,	 Accuracy: 693/1000(69%)
Task: 6,	 Epoch: 20/80,	 Avg.loss: 0.0008,	 Accuracy: 716/1000(72%)
Task: 6,	 Epoch: 21/80,	 Avg.loss: 0.0008,	 Accuracy: 707/1000(71%)
Task: 6,	 Epoch: 22/80,	 Avg.loss: 0.0009,	 Accuracy: 698/1000(70%)
Task: 6,	 Epoch: 23/80,	 Avg.loss: 0.0009,	 Accuracy: 712/1000(71%)
Task: 6,	 Epoch: 24/80,	 Avg.loss: 0.0009,	 Accuracy: 697/1000(70%)
Task: 6,	 Epoch: 25/80,	 Avg.loss: 0.0009,	 Accuracy: 692/1000(69%)
Task: 6,	 Epoch: 26/80,	 Avg.loss: 0.0009,	 Accuracy: 687/1000(69%)
Task: 6,	 Epoch: 27/80,	 Avg.loss: 0.0008,	 Accuracy: 707/1000(71%)
Task: 6,	 Epoch: 28/80,	 Avg.loss: 0.0008,	 Accuracy: 691/1000(69%)
Task: 6,	 Epoch: 29/80,	 Avg.loss: 0.0008,	 Accuracy: 707/1000(71%)
Task: 6,	 Epoch: 30/80,	 Avg.loss: 0.0009,	 Accuracy: 706/1000(71%)
Task: 6,	 Epoch: 31/80,	 Avg.loss: 0.0009,	 Accuracy: 699/1000(70%)
Task: 6,	 Epoch: 32/80,	 Avg.loss: 0.0009,	 Accuracy: 703/1000(70%)
Task: 6,	 Epoch: 33/80,	 Avg.loss: 0.0009,	 Accuracy: 703/1000(70%)
Task: 6,	 Epoch: 34/80,	 Avg.loss: 0.0008,	 Accuracy: 693/1000(69%)
Task: 6,	 Epoch: 35/80,	 Avg.loss: 0.0009,	 Accuracy: 704/1000(70%)
Task: 6,	 Epoch: 36/80,	 Avg.loss: 0.0009,	 Accuracy: 700/1000(70%)
Task: 6,	 Epoch: 37/80,	 Avg.loss: 0.0008,	 Accuracy: 706/1000(71%)
Task: 6,	 Epoch: 38/80,	 Avg.loss: 0.0009,	 Accuracy: 686/1000(69%)
Task: 6,	 Epoch: 39/80,	 Avg.loss: 0.0009,	 Accuracy: 713/1000(71%)
Task: 6,	 Epoch: 40/80,	 Avg.loss: 0.0008,	 Accuracy: 710/1000(71%)
Task: 6,	 Epoch: 41/80,	 Avg.loss: 0.0009,	 Accuracy: 711/1000(71%)
Task: 6,	 Epoch: 42/80,	 Avg.loss: 0.0008,	 Accuracy: 700/1000(70%)
Task: 6,	 Epoch: 43/80,	 Avg.loss: 0.0009,	 Accuracy: 696/1000(70%)
Task: 6,	 Epoch: 44/80,	 Avg.loss: 0.0009,	 Accuracy: 696/1000(70%)
Task: 6,	 Epoch: 45/80,	 Avg.loss: 0.0009,	 Accuracy: 701/1000(70%)
Task: 6,	 Epoch: 46/80,	 Avg.loss: 0.0009,	 Accuracy: 701/1000(70%)
Task: 6,	 Epoch: 47/80,	 Avg.loss: 0.0009,	 Accuracy: 690/1000(69%)
Task: 6,	 Epoch: 48/80,	 Avg.loss: 0.0009,	 Accuracy: 701/1000(70%)
Task: 6,	 Epoch: 49/80,	 Avg.loss: 0.0009,	 Accuracy: 692/1000(69%)
Task: 6,	 Epoch: 50/80,	 Avg.loss: 0.0008,	 Accuracy: 704/1000(70%)
Task: 6,	 Epoch: 51/80,	 Avg.loss: 0.0008,	 Accuracy: 706/1000(71%)
Task: 6,	 Epoch: 52/80,	 Avg.loss: 0.0008,	 Accuracy: 703/1000(70%)
Task: 6,	 Epoch: 53/80,	 Avg.loss: 0.0008,	 Accuracy: 707/1000(71%)
Task: 6,	 Epoch: 54/80,	 Avg.loss: 0.0008,	 Accuracy: 709/1000(71%)
Task: 6,	 Epoch: 55/80,	 Avg.loss: 0.0008,	 Accuracy: 710/1000(71%)
Task: 6,	 Epoch: 56/80,	 Avg.loss: 0.0008,	 Accuracy: 715/1000(72%)
Task: 6,	 Epoch: 57/80,	 Avg.loss: 0.0008,	 Accuracy: 713/1000(71%)
Task: 6,	 Epoch: 58/80,	 Avg.loss: 0.0008,	 Accuracy: 705/1000(70%)
Task: 6,	 Epoch: 59/80,	 Avg.loss: 0.0008,	 Accuracy: 712/1000(71%)
Task: 6,	 Epoch: 60/80,	 Avg.loss: 0.0008,	 Accuracy: 707/1000(71%)
Task: 6,	 Epoch: 61/80,	 Avg.loss: 0.0008,	 Accuracy: 711/1000(71%)
Task: 6,	 Epoch: 62/80,	 Avg.loss: 0.0008,	 Accuracy: 712/1000(71%)
Task: 6,	 Epoch: 63/80,	 Avg.loss: 0.0008,	 Accuracy: 712/1000(71%)
Task: 6,	 Epoch: 64/80,	 Avg.loss: 0.0008,	 Accuracy: 712/1000(71%)
Task: 6,	 Epoch: 65/80,	 Avg.loss: 0.0008,	 Accuracy: 714/1000(71%)
Task: 6,	 Epoch: 66/80,	 Avg.loss: 0.0008,	 Accuracy: 711/1000(71%)
Task: 6,	 Epoch: 67/80,	 Avg.loss: 0.0008,	 Accuracy: 712/1000(71%)
Task: 6,	 Epoch: 68/80,	 Avg.loss: 0.0008,	 Accuracy: 709/1000(71%)
Task: 6,	 Epoch: 69/80,	 Avg.loss: 0.0008,	 Accuracy: 706/1000(71%)
Task: 6,	 Epoch: 70/80,	 Avg.loss: 0.0008,	 Accuracy: 709/1000(71%)
Task: 6,	 Epoch: 71/80,	 Avg.loss: 0.0008,	 Accuracy: 709/1000(71%)
Task: 6,	 Epoch: 72/80,	 Avg.loss: 0.0008,	 Accuracy: 703/1000(70%)
Task: 6,	 Epoch: 73/80,	 Avg.loss: 0.0008,	 Accuracy: 709/1000(71%)
Task: 6,	 Epoch: 74/80,	 Avg.loss: 0.0008,	 Accuracy: 709/1000(71%)
Task: 6,	 Epoch: 75/80,	 Avg.loss: 0.0008,	 Accuracy: 707/1000(71%)
Task: 6,	 Epoch: 76/80,	 Avg.loss: 0.0008,	 Accuracy: 711/1000(71%)
Task: 6,	 Epoch: 77/80,	 Avg.loss: 0.0008,	 Accuracy: 711/1000(71%)
Task: 6,	 Epoch: 78/80,	 Avg.loss: 0.0008,	 Accuracy: 706/1000(71%)
Task: 6,	 Epoch: 79/80,	 Avg.loss: 0.0008,	 Accuracy: 710/1000(71%)
Trained Task:6, Loaded task:0, Accuracy:83.3%
Trained Task:6, Loaded task:1, Accuracy:75.6%
Trained Task:6, Loaded task:2, Accuracy:80.8%
Trained Task:6, Loaded task:3, Accuracy:73.0%
Trained Task:6, Loaded task:4, Accuracy:77.9%
Trained Task:6, Loaded task:5, Accuracy:70.2%
Trained Task:6, Loaded task:6, Accuracy:71.0%
Trained Task:6, Avg. Accuracy: 76.0 

List of avg. accuracy: [84.4, 79.8, 80.2, 78.8, 78.4, 77.0, 76.0]
Layer        : conv1_layer.2.weight
R.histogram  : tensor([2., 7., 4., 5., 4., 1., 3., 3., 0., 3.], device='cuda:0')
R_sum max/min: 43.7/0.0
F.num_zeros  : 288/9216
W.num_zeros  : 0/9216
O.num_zeros  : 288/9216
Layer        : conv2_layer.2.weight
R.histogram  : tensor([40., 12.,  5.,  3.,  0.,  0.,  2.,  0.,  1.,  1.], device='cuda:0')
R_sum max/min: 108.7/0.0
F.num_zeros  : 9361/36864
W.num_zeros  : 0/36864
O.num_zeros  : 16704/36864
Layer        : fc1_layer.0.weight
R.histogram  : tensor([372.,  77.,  34.,  15.,   3.,   4.,   2.,   1.,   2.,   2.],
       device='cuda:0')
R_sum max/min: 324.4/-11.0
F.num_zeros  : 1316715/2097152
W.num_zeros  : 0/2097152
O.num_zeros  : 1513853/2097152
Mask histogram conv1_layer.2.weight: 	 tensor([   0.,    0.,    0.,    0.,    0.,    0.,    0.,    0., 8192.,    0.,
           0.], device='cuda:0')
Mask histogram conv2_layer.2.weight: 	 tensor([1856.,    0.,  128.,  256.,  256.,  192.,  448.,  576.,  384.,    0.,
           0.], device='cuda:0')
Mask histogram fc1_layer.0.weight: 	 tensor([217.,  14.,  36.,  24.,  21.,  18.,  52.,  52.,  78.,   0.,   0.],
       device='cuda:0')
Task: 7,	 Epoch: 0/80,	 Avg.loss: 0.0013,	 Accuracy: 544/1000(54%)
Task: 7,	 Epoch: 1/80,	 Avg.loss: 0.0011,	 Accuracy: 628/1000(63%)
Task: 7,	 Epoch: 2/80,	 Avg.loss: 0.0010,	 Accuracy: 648/1000(65%)
Task: 7,	 Epoch: 3/80,	 Avg.loss: 0.0011,	 Accuracy: 633/1000(63%)
Task: 7,	 Epoch: 4/80,	 Avg.loss: 0.0010,	 Accuracy: 674/1000(67%)
Task: 7,	 Epoch: 5/80,	 Avg.loss: 0.0010,	 Accuracy: 676/1000(68%)
Task: 7,	 Epoch: 6/80,	 Avg.loss: 0.0010,	 Accuracy: 670/1000(67%)
Task: 7,	 Epoch: 7/80,	 Avg.loss: 0.0010,	 Accuracy: 645/1000(64%)
Task: 7,	 Epoch: 8/80,	 Avg.loss: 0.0009,	 Accuracy: 685/1000(68%)
Task: 7,	 Epoch: 9/80,	 Avg.loss: 0.0009,	 Accuracy: 681/1000(68%)
Task: 7,	 Epoch: 10/80,	 Avg.loss: 0.0009,	 Accuracy: 692/1000(69%)
Task: 7,	 Epoch: 11/80,	 Avg.loss: 0.0010,	 Accuracy: 656/1000(66%)
Task: 7,	 Epoch: 12/80,	 Avg.loss: 0.0010,	 Accuracy: 658/1000(66%)
Task: 7,	 Epoch: 13/80,	 Avg.loss: 0.0009,	 Accuracy: 689/1000(69%)
Task: 7,	 Epoch: 14/80,	 Avg.loss: 0.0009,	 Accuracy: 699/1000(70%)
Task: 7,	 Epoch: 15/80,	 Avg.loss: 0.0009,	 Accuracy: 699/1000(70%)
Task: 7,	 Epoch: 16/80,	 Avg.loss: 0.0009,	 Accuracy: 689/1000(69%)
Task: 7,	 Epoch: 17/80,	 Avg.loss: 0.0009,	 Accuracy: 690/1000(69%)
Task: 7,	 Epoch: 18/80,	 Avg.loss: 0.0009,	 Accuracy: 703/1000(70%)
Task: 7,	 Epoch: 19/80,	 Avg.loss: 0.0009,	 Accuracy: 681/1000(68%)
Task: 7,	 Epoch: 20/80,	 Avg.loss: 0.0010,	 Accuracy: 674/1000(67%)
Task: 7,	 Epoch: 21/80,	 Avg.loss: 0.0009,	 Accuracy: 686/1000(69%)
Task: 7,	 Epoch: 22/80,	 Avg.loss: 0.0009,	 Accuracy: 673/1000(67%)
Task: 7,	 Epoch: 23/80,	 Avg.loss: 0.0009,	 Accuracy: 696/1000(70%)
Task: 7,	 Epoch: 24/80,	 Avg.loss: 0.0009,	 Accuracy: 691/1000(69%)
Task: 7,	 Epoch: 25/80,	 Avg.loss: 0.0010,	 Accuracy: 662/1000(66%)
Task: 7,	 Epoch: 26/80,	 Avg.loss: 0.0009,	 Accuracy: 694/1000(69%)
Task: 7,	 Epoch: 27/80,	 Avg.loss: 0.0009,	 Accuracy: 690/1000(69%)
Task: 7,	 Epoch: 28/80,	 Avg.loss: 0.0010,	 Accuracy: 684/1000(68%)
Task: 7,	 Epoch: 29/80,	 Avg.loss: 0.0009,	 Accuracy: 690/1000(69%)
Task: 7,	 Epoch: 30/80,	 Avg.loss: 0.0010,	 Accuracy: 668/1000(67%)
Task: 7,	 Epoch: 31/80,	 Avg.loss: 0.0009,	 Accuracy: 697/1000(70%)
Task: 7,	 Epoch: 32/80,	 Avg.loss: 0.0009,	 Accuracy: 684/1000(68%)
Task: 7,	 Epoch: 33/80,	 Avg.loss: 0.0009,	 Accuracy: 673/1000(67%)
Task: 7,	 Epoch: 34/80,	 Avg.loss: 0.0009,	 Accuracy: 698/1000(70%)
Task: 7,	 Epoch: 35/80,	 Avg.loss: 0.0010,	 Accuracy: 669/1000(67%)
Task: 7,	 Epoch: 36/80,	 Avg.loss: 0.0009,	 Accuracy: 689/1000(69%)
Task: 7,	 Epoch: 37/80,	 Avg.loss: 0.0009,	 Accuracy: 662/1000(66%)
Task: 7,	 Epoch: 38/80,	 Avg.loss: 0.0009,	 Accuracy: 695/1000(70%)
Task: 7,	 Epoch: 39/80,	 Avg.loss: 0.0009,	 Accuracy: 669/1000(67%)
Task: 7,	 Epoch: 40/80,	 Avg.loss: 0.0009,	 Accuracy: 691/1000(69%)
Task: 7,	 Epoch: 41/80,	 Avg.loss: 0.0009,	 Accuracy: 698/1000(70%)
Task: 7,	 Epoch: 42/80,	 Avg.loss: 0.0009,	 Accuracy: 687/1000(69%)
Task: 7,	 Epoch: 43/80,	 Avg.loss: 0.0009,	 Accuracy: 682/1000(68%)
Task: 7,	 Epoch: 44/80,	 Avg.loss: 0.0009,	 Accuracy: 689/1000(69%)
Task: 7,	 Epoch: 45/80,	 Avg.loss: 0.0009,	 Accuracy: 693/1000(69%)
Task: 7,	 Epoch: 46/80,	 Avg.loss: 0.0009,	 Accuracy: 685/1000(68%)
Task: 7,	 Epoch: 47/80,	 Avg.loss: 0.0009,	 Accuracy: 686/1000(69%)
Task: 7,	 Epoch: 48/80,	 Avg.loss: 0.0009,	 Accuracy: 694/1000(69%)
Task: 7,	 Epoch: 49/80,	 Avg.loss: 0.0009,	 Accuracy: 699/1000(70%)
Task: 7,	 Epoch: 50/80,	 Avg.loss: 0.0009,	 Accuracy: 707/1000(71%)
Task: 7,	 Epoch: 51/80,	 Avg.loss: 0.0009,	 Accuracy: 706/1000(71%)
Task: 7,	 Epoch: 52/80,	 Avg.loss: 0.0009,	 Accuracy: 703/1000(70%)
Task: 7,	 Epoch: 53/80,	 Avg.loss: 0.0009,	 Accuracy: 711/1000(71%)
Task: 7,	 Epoch: 54/80,	 Avg.loss: 0.0009,	 Accuracy: 703/1000(70%)
Task: 7,	 Epoch: 55/80,	 Avg.loss: 0.0009,	 Accuracy: 707/1000(71%)
Task: 7,	 Epoch: 56/80,	 Avg.loss: 0.0009,	 Accuracy: 710/1000(71%)
Task: 7,	 Epoch: 57/80,	 Avg.loss: 0.0009,	 Accuracy: 700/1000(70%)
Task: 7,	 Epoch: 58/80,	 Avg.loss: 0.0009,	 Accuracy: 706/1000(71%)
Task: 7,	 Epoch: 59/80,	 Avg.loss: 0.0009,	 Accuracy: 701/1000(70%)
Task: 7,	 Epoch: 60/80,	 Avg.loss: 0.0009,	 Accuracy: 707/1000(71%)
Task: 7,	 Epoch: 61/80,	 Avg.loss: 0.0009,	 Accuracy: 709/1000(71%)
Task: 7,	 Epoch: 62/80,	 Avg.loss: 0.0009,	 Accuracy: 701/1000(70%)
Task: 7,	 Epoch: 63/80,	 Avg.loss: 0.0009,	 Accuracy: 697/1000(70%)
Task: 7,	 Epoch: 64/80,	 Avg.loss: 0.0009,	 Accuracy: 701/1000(70%)
Task: 7,	 Epoch: 65/80,	 Avg.loss: 0.0009,	 Accuracy: 702/1000(70%)
Task: 7,	 Epoch: 66/80,	 Avg.loss: 0.0009,	 Accuracy: 700/1000(70%)
Task: 7,	 Epoch: 67/80,	 Avg.loss: 0.0009,	 Accuracy: 707/1000(71%)
Task: 7,	 Epoch: 68/80,	 Avg.loss: 0.0009,	 Accuracy: 706/1000(71%)
Task: 7,	 Epoch: 69/80,	 Avg.loss: 0.0009,	 Accuracy: 697/1000(70%)
Task: 7,	 Epoch: 70/80,	 Avg.loss: 0.0009,	 Accuracy: 705/1000(70%)
Task: 7,	 Epoch: 71/80,	 Avg.loss: 0.0009,	 Accuracy: 697/1000(70%)
Task: 7,	 Epoch: 72/80,	 Avg.loss: 0.0009,	 Accuracy: 702/1000(70%)
Task: 7,	 Epoch: 73/80,	 Avg.loss: 0.0009,	 Accuracy: 703/1000(70%)
Task: 7,	 Epoch: 74/80,	 Avg.loss: 0.0009,	 Accuracy: 704/1000(70%)
Task: 7,	 Epoch: 75/80,	 Avg.loss: 0.0009,	 Accuracy: 698/1000(70%)
Task: 7,	 Epoch: 76/80,	 Avg.loss: 0.0009,	 Accuracy: 698/1000(70%)
Task: 7,	 Epoch: 77/80,	 Avg.loss: 0.0009,	 Accuracy: 704/1000(70%)
Task: 7,	 Epoch: 78/80,	 Avg.loss: 0.0009,	 Accuracy: 703/1000(70%)
Task: 7,	 Epoch: 79/80,	 Avg.loss: 0.0009,	 Accuracy: 702/1000(70%)
Trained Task:7, Loaded task:0, Accuracy:83.6%
Trained Task:7, Loaded task:1, Accuracy:75.7%
Trained Task:7, Loaded task:2, Accuracy:81.0%
Trained Task:7, Loaded task:3, Accuracy:73.6%
Trained Task:7, Loaded task:4, Accuracy:77.3%
Trained Task:7, Loaded task:5, Accuracy:70.3%
Trained Task:7, Loaded task:6, Accuracy:71.0%
Trained Task:7, Loaded task:7, Accuracy:70.2%
Trained Task:7, Avg. Accuracy: 75.3 

List of avg. accuracy: [84.4, 79.8, 80.2, 78.8, 78.4, 77.0, 76.0, 75.3]
Layer        : conv1_layer.2.weight
R.histogram  : tensor([ 5., 11.,  3.,  3.,  1.,  2.,  2.,  2.,  2.,  1.], device='cuda:0')
R_sum max/min: 52.1/0.0
F.num_zeros  : 288/9216
W.num_zeros  : 0/9216
O.num_zeros  : 288/9216
Layer        : conv2_layer.2.weight
R.histogram  : tensor([41., 16.,  3.,  1.,  2.,  0.,  0.,  0.,  0.,  1.], device='cuda:0')
R_sum max/min: 109.8/-1.9
F.num_zeros  : 9204/36864
W.num_zeros  : 0/36864
O.num_zeros  : 16704/36864
Layer        : fc1_layer.0.weight
R.histogram  : tensor([379.,  64.,  30.,  18.,   6.,   5.,   5.,   2.,   0.,   3.],
       device='cuda:0')
R_sum max/min: 360.3/-11.4
F.num_zeros  : 1322048/2097152
W.num_zeros  : 0/2097152
O.num_zeros  : 1513321/2097152
Mask histogram conv1_layer.2.weight: 	 tensor([   0.,    0.,    0.,    0.,    0.,    0.,    0.,    0.,    0., 8192.,
           0.], device='cuda:0')
Mask histogram conv2_layer.2.weight: 	 tensor([1856.,    0.,  128.,   64.,  384.,   64.,  320.,  384.,  576.,  320.,
           0.], device='cuda:0')
Mask histogram fc1_layer.0.weight: 	 tensor([217.,  14.,  35.,  17.,  19.,  18.,  16.,  47.,  51.,  78.,   0.],
       device='cuda:0')
Task: 8,	 Epoch: 0/80,	 Avg.loss: 0.0013,	 Accuracy: 593/1000(59%)
Task: 8,	 Epoch: 1/80,	 Avg.loss: 0.0012,	 Accuracy: 616/1000(62%)
Task: 8,	 Epoch: 2/80,	 Avg.loss: 0.0010,	 Accuracy: 676/1000(68%)
Task: 8,	 Epoch: 3/80,	 Avg.loss: 0.0010,	 Accuracy: 680/1000(68%)
Task: 8,	 Epoch: 4/80,	 Avg.loss: 0.0009,	 Accuracy: 678/1000(68%)
Task: 8,	 Epoch: 5/80,	 Avg.loss: 0.0009,	 Accuracy: 682/1000(68%)
Task: 8,	 Epoch: 6/80,	 Avg.loss: 0.0009,	 Accuracy: 679/1000(68%)
Task: 8,	 Epoch: 7/80,	 Avg.loss: 0.0009,	 Accuracy: 705/1000(70%)
Task: 8,	 Epoch: 8/80,	 Avg.loss: 0.0009,	 Accuracy: 706/1000(71%)
Task: 8,	 Epoch: 9/80,	 Avg.loss: 0.0009,	 Accuracy: 705/1000(70%)
Task: 8,	 Epoch: 10/80,	 Avg.loss: 0.0008,	 Accuracy: 715/1000(72%)
Task: 8,	 Epoch: 11/80,	 Avg.loss: 0.0008,	 Accuracy: 713/1000(71%)
Task: 8,	 Epoch: 12/80,	 Avg.loss: 0.0009,	 Accuracy: 677/1000(68%)
Task: 8,	 Epoch: 13/80,	 Avg.loss: 0.0009,	 Accuracy: 707/1000(71%)
Task: 8,	 Epoch: 14/80,	 Avg.loss: 0.0008,	 Accuracy: 707/1000(71%)
Task: 8,	 Epoch: 15/80,	 Avg.loss: 0.0009,	 Accuracy: 710/1000(71%)
Task: 8,	 Epoch: 16/80,	 Avg.loss: 0.0008,	 Accuracy: 727/1000(73%)
Task: 8,	 Epoch: 17/80,	 Avg.loss: 0.0009,	 Accuracy: 701/1000(70%)
Task: 8,	 Epoch: 18/80,	 Avg.loss: 0.0008,	 Accuracy: 712/1000(71%)
Task: 8,	 Epoch: 19/80,	 Avg.loss: 0.0008,	 Accuracy: 734/1000(73%)
Task: 8,	 Epoch: 20/80,	 Avg.loss: 0.0008,	 Accuracy: 714/1000(71%)
Task: 8,	 Epoch: 21/80,	 Avg.loss: 0.0008,	 Accuracy: 718/1000(72%)
Task: 8,	 Epoch: 22/80,	 Avg.loss: 0.0008,	 Accuracy: 706/1000(71%)
Task: 8,	 Epoch: 23/80,	 Avg.loss: 0.0008,	 Accuracy: 726/1000(73%)
Task: 8,	 Epoch: 24/80,	 Avg.loss: 0.0008,	 Accuracy: 721/1000(72%)
Task: 8,	 Epoch: 25/80,	 Avg.loss: 0.0008,	 Accuracy: 719/1000(72%)
Task: 8,	 Epoch: 26/80,	 Avg.loss: 0.0008,	 Accuracy: 724/1000(72%)
Task: 8,	 Epoch: 27/80,	 Avg.loss: 0.0008,	 Accuracy: 716/1000(72%)
Task: 8,	 Epoch: 28/80,	 Avg.loss: 0.0008,	 Accuracy: 730/1000(73%)
Task: 8,	 Epoch: 29/80,	 Avg.loss: 0.0009,	 Accuracy: 717/1000(72%)
Task: 8,	 Epoch: 30/80,	 Avg.loss: 0.0008,	 Accuracy: 717/1000(72%)
Task: 8,	 Epoch: 31/80,	 Avg.loss: 0.0008,	 Accuracy: 717/1000(72%)
Task: 8,	 Epoch: 32/80,	 Avg.loss: 0.0008,	 Accuracy: 716/1000(72%)
Task: 8,	 Epoch: 33/80,	 Avg.loss: 0.0008,	 Accuracy: 726/1000(73%)
Task: 8,	 Epoch: 34/80,	 Avg.loss: 0.0008,	 Accuracy: 717/1000(72%)
Task: 8,	 Epoch: 35/80,	 Avg.loss: 0.0008,	 Accuracy: 729/1000(73%)
Task: 8,	 Epoch: 36/80,	 Avg.loss: 0.0009,	 Accuracy: 719/1000(72%)
Task: 8,	 Epoch: 37/80,	 Avg.loss: 0.0009,	 Accuracy: 714/1000(71%)
Task: 8,	 Epoch: 38/80,	 Avg.loss: 0.0009,	 Accuracy: 711/1000(71%)
Task: 8,	 Epoch: 39/80,	 Avg.loss: 0.0008,	 Accuracy: 727/1000(73%)
Task: 8,	 Epoch: 40/80,	 Avg.loss: 0.0009,	 Accuracy: 730/1000(73%)
Task: 8,	 Epoch: 41/80,	 Avg.loss: 0.0008,	 Accuracy: 720/1000(72%)
Task: 8,	 Epoch: 42/80,	 Avg.loss: 0.0009,	 Accuracy: 704/1000(70%)
Task: 8,	 Epoch: 43/80,	 Avg.loss: 0.0008,	 Accuracy: 715/1000(72%)
Task: 8,	 Epoch: 44/80,	 Avg.loss: 0.0008,	 Accuracy: 733/1000(73%)
Task: 8,	 Epoch: 45/80,	 Avg.loss: 0.0008,	 Accuracy: 712/1000(71%)
Task: 8,	 Epoch: 46/80,	 Avg.loss: 0.0008,	 Accuracy: 731/1000(73%)
Task: 8,	 Epoch: 47/80,	 Avg.loss: 0.0008,	 Accuracy: 724/1000(72%)
Task: 8,	 Epoch: 48/80,	 Avg.loss: 0.0008,	 Accuracy: 707/1000(71%)
Task: 8,	 Epoch: 49/80,	 Avg.loss: 0.0008,	 Accuracy: 719/1000(72%)
Task: 8,	 Epoch: 50/80,	 Avg.loss: 0.0008,	 Accuracy: 727/1000(73%)
Task: 8,	 Epoch: 51/80,	 Avg.loss: 0.0008,	 Accuracy: 725/1000(72%)
Task: 8,	 Epoch: 52/80,	 Avg.loss: 0.0008,	 Accuracy: 731/1000(73%)
Task: 8,	 Epoch: 53/80,	 Avg.loss: 0.0008,	 Accuracy: 737/1000(74%)
Task: 8,	 Epoch: 54/80,	 Avg.loss: 0.0008,	 Accuracy: 736/1000(74%)
Task: 8,	 Epoch: 55/80,	 Avg.loss: 0.0008,	 Accuracy: 738/1000(74%)
Task: 8,	 Epoch: 56/80,	 Avg.loss: 0.0008,	 Accuracy: 735/1000(74%)
Task: 8,	 Epoch: 57/80,	 Avg.loss: 0.0008,	 Accuracy: 744/1000(74%)
Task: 8,	 Epoch: 58/80,	 Avg.loss: 0.0008,	 Accuracy: 733/1000(73%)
Task: 8,	 Epoch: 59/80,	 Avg.loss: 0.0008,	 Accuracy: 730/1000(73%)
Task: 8,	 Epoch: 60/80,	 Avg.loss: 0.0008,	 Accuracy: 736/1000(74%)
Task: 8,	 Epoch: 61/80,	 Avg.loss: 0.0008,	 Accuracy: 737/1000(74%)
Task: 8,	 Epoch: 62/80,	 Avg.loss: 0.0008,	 Accuracy: 730/1000(73%)
Task: 8,	 Epoch: 63/80,	 Avg.loss: 0.0008,	 Accuracy: 734/1000(73%)
Task: 8,	 Epoch: 64/80,	 Avg.loss: 0.0008,	 Accuracy: 730/1000(73%)
Task: 8,	 Epoch: 65/80,	 Avg.loss: 0.0008,	 Accuracy: 732/1000(73%)
Task: 8,	 Epoch: 66/80,	 Avg.loss: 0.0008,	 Accuracy: 741/1000(74%)
Task: 8,	 Epoch: 67/80,	 Avg.loss: 0.0008,	 Accuracy: 741/1000(74%)
Task: 8,	 Epoch: 68/80,	 Avg.loss: 0.0008,	 Accuracy: 741/1000(74%)
Task: 8,	 Epoch: 69/80,	 Avg.loss: 0.0008,	 Accuracy: 743/1000(74%)
Task: 8,	 Epoch: 70/80,	 Avg.loss: 0.0008,	 Accuracy: 737/1000(74%)
Task: 8,	 Epoch: 71/80,	 Avg.loss: 0.0008,	 Accuracy: 739/1000(74%)
Task: 8,	 Epoch: 72/80,	 Avg.loss: 0.0008,	 Accuracy: 739/1000(74%)
Task: 8,	 Epoch: 73/80,	 Avg.loss: 0.0008,	 Accuracy: 741/1000(74%)
Task: 8,	 Epoch: 74/80,	 Avg.loss: 0.0008,	 Accuracy: 731/1000(73%)
Task: 8,	 Epoch: 75/80,	 Avg.loss: 0.0008,	 Accuracy: 744/1000(74%)
Task: 8,	 Epoch: 76/80,	 Avg.loss: 0.0008,	 Accuracy: 742/1000(74%)
Task: 8,	 Epoch: 77/80,	 Avg.loss: 0.0008,	 Accuracy: 737/1000(74%)
Task: 8,	 Epoch: 78/80,	 Avg.loss: 0.0008,	 Accuracy: 738/1000(74%)
Task: 8,	 Epoch: 79/80,	 Avg.loss: 0.0008,	 Accuracy: 742/1000(74%)
Trained Task:8, Loaded task:0, Accuracy:83.9%
Trained Task:8, Loaded task:1, Accuracy:76.3%
Trained Task:8, Loaded task:2, Accuracy:80.8%
Trained Task:8, Loaded task:3, Accuracy:73.3%
Trained Task:8, Loaded task:4, Accuracy:77.2%
Trained Task:8, Loaded task:5, Accuracy:69.9%
Trained Task:8, Loaded task:6, Accuracy:71.1%
Trained Task:8, Loaded task:7, Accuracy:69.9%
Trained Task:8, Loaded task:8, Accuracy:74.2%
Trained Task:8, Avg. Accuracy: 75.2 

List of avg. accuracy: [84.4, 79.8, 80.2, 78.8, 78.4, 77.0, 76.0, 75.3, 75.2]
Layer        : conv1_layer.2.weight
R.histogram  : tensor([8., 7., 6., 2., 3., 3., 1., 1., 0., 1.], device='cuda:0')
R_sum max/min: 53.4/0.0
F.num_zeros  : 288/9216
W.num_zeros  : 0/9216
O.num_zeros  : 288/9216
Layer        : conv2_layer.2.weight
R.histogram  : tensor([38., 16.,  3.,  2.,  1.,  3.,  0.,  0.,  0.,  1.], device='cuda:0')
R_sum max/min: 128.3/0.0
F.num_zeros  : 9216/36864
W.num_zeros  : 0/36864
O.num_zeros  : 16704/36864
Layer        : fc1_layer.0.weight
R.histogram  : tensor([362.,  61.,  42.,  21.,  13.,   3.,   3.,   4.,   2.,   1.],
       device='cuda:0')
R_sum max/min: 315.2/-11.0
F.num_zeros  : 1315920/2097152
W.num_zeros  : 0/2097152
O.num_zeros  : 1511337/2097152
Mask histogram conv1_layer.2.weight: 	 tensor([   0.,    0.,    0.,    0.,    0.,    0.,    0.,    0.,    0.,    0.,
        8192.], device='cuda:0')
Mask histogram conv2_layer.2.weight: 	 tensor([1856.,    0.,  128.,   64.,  192.,  192.,  192.,  320.,  256.,  576.,
         320.], device='cuda:0')
Mask histogram fc1_layer.0.weight: 	 tensor([217.,  14.,  33.,  17.,  15.,  11.,  18.,  16.,  43.,  50.,  78.],
       device='cuda:0')
Task: 9,	 Epoch: 0/80,	 Avg.loss: 0.0011,	 Accuracy: 649/1000(65%)
Task: 9,	 Epoch: 1/80,	 Avg.loss: 0.0009,	 Accuracy: 700/1000(70%)
Task: 9,	 Epoch: 2/80,	 Avg.loss: 0.0009,	 Accuracy: 719/1000(72%)
Task: 9,	 Epoch: 3/80,	 Avg.loss: 0.0008,	 Accuracy: 735/1000(74%)
Task: 9,	 Epoch: 4/80,	 Avg.loss: 0.0008,	 Accuracy: 716/1000(72%)
Task: 9,	 Epoch: 5/80,	 Avg.loss: 0.0008,	 Accuracy: 749/1000(75%)
Task: 9,	 Epoch: 6/80,	 Avg.loss: 0.0008,	 Accuracy: 754/1000(75%)
Task: 9,	 Epoch: 7/80,	 Avg.loss: 0.0007,	 Accuracy: 764/1000(76%)
Task: 9,	 Epoch: 8/80,	 Avg.loss: 0.0008,	 Accuracy: 749/1000(75%)
Task: 9,	 Epoch: 9/80,	 Avg.loss: 0.0008,	 Accuracy: 745/1000(74%)
Task: 9,	 Epoch: 10/80,	 Avg.loss: 0.0008,	 Accuracy: 756/1000(76%)
Task: 9,	 Epoch: 11/80,	 Avg.loss: 0.0007,	 Accuracy: 775/1000(78%)
Task: 9,	 Epoch: 12/80,	 Avg.loss: 0.0008,	 Accuracy: 758/1000(76%)
Task: 9,	 Epoch: 13/80,	 Avg.loss: 0.0007,	 Accuracy: 761/1000(76%)
Task: 9,	 Epoch: 14/80,	 Avg.loss: 0.0007,	 Accuracy: 760/1000(76%)
Task: 9,	 Epoch: 15/80,	 Avg.loss: 0.0008,	 Accuracy: 754/1000(75%)
Task: 9,	 Epoch: 16/80,	 Avg.loss: 0.0008,	 Accuracy: 758/1000(76%)
Task: 9,	 Epoch: 17/80,	 Avg.loss: 0.0007,	 Accuracy: 747/1000(75%)
Task: 9,	 Epoch: 18/80,	 Avg.loss: 0.0008,	 Accuracy: 769/1000(77%)
Task: 9,	 Epoch: 19/80,	 Avg.loss: 0.0007,	 Accuracy: 752/1000(75%)
Task: 9,	 Epoch: 20/80,	 Avg.loss: 0.0007,	 Accuracy: 756/1000(76%)
Task: 9,	 Epoch: 21/80,	 Avg.loss: 0.0007,	 Accuracy: 765/1000(76%)
Task: 9,	 Epoch: 22/80,	 Avg.loss: 0.0007,	 Accuracy: 753/1000(75%)
Task: 9,	 Epoch: 23/80,	 Avg.loss: 0.0008,	 Accuracy: 762/1000(76%)
Task: 9,	 Epoch: 24/80,	 Avg.loss: 0.0007,	 Accuracy: 749/1000(75%)
Task: 9,	 Epoch: 25/80,	 Avg.loss: 0.0008,	 Accuracy: 760/1000(76%)
Task: 9,	 Epoch: 26/80,	 Avg.loss: 0.0008,	 Accuracy: 749/1000(75%)
Task: 9,	 Epoch: 27/80,	 Avg.loss: 0.0007,	 Accuracy: 763/1000(76%)
Task: 9,	 Epoch: 28/80,	 Avg.loss: 0.0007,	 Accuracy: 774/1000(77%)
Task: 9,	 Epoch: 29/80,	 Avg.loss: 0.0007,	 Accuracy: 770/1000(77%)
Task: 9,	 Epoch: 30/80,	 Avg.loss: 0.0008,	 Accuracy: 751/1000(75%)
Task: 9,	 Epoch: 31/80,	 Avg.loss: 0.0007,	 Accuracy: 758/1000(76%)
Task: 9,	 Epoch: 32/80,	 Avg.loss: 0.0007,	 Accuracy: 766/1000(77%)
Task: 9,	 Epoch: 33/80,	 Avg.loss: 0.0007,	 Accuracy: 758/1000(76%)
Task: 9,	 Epoch: 34/80,	 Avg.loss: 0.0008,	 Accuracy: 764/1000(76%)
Task: 9,	 Epoch: 35/80,	 Avg.loss: 0.0008,	 Accuracy: 763/1000(76%)
Task: 9,	 Epoch: 36/80,	 Avg.loss: 0.0007,	 Accuracy: 758/1000(76%)
Task: 9,	 Epoch: 37/80,	 Avg.loss: 0.0007,	 Accuracy: 758/1000(76%)
Task: 9,	 Epoch: 38/80,	 Avg.loss: 0.0007,	 Accuracy: 779/1000(78%)
Task: 9,	 Epoch: 39/80,	 Avg.loss: 0.0007,	 Accuracy: 768/1000(77%)
Task: 9,	 Epoch: 40/80,	 Avg.loss: 0.0007,	 Accuracy: 782/1000(78%)
Task: 9,	 Epoch: 41/80,	 Avg.loss: 0.0007,	 Accuracy: 762/1000(76%)
Task: 9,	 Epoch: 42/80,	 Avg.loss: 0.0007,	 Accuracy: 762/1000(76%)
Task: 9,	 Epoch: 43/80,	 Avg.loss: 0.0007,	 Accuracy: 764/1000(76%)
Task: 9,	 Epoch: 44/80,	 Avg.loss: 0.0008,	 Accuracy: 740/1000(74%)
Task: 9,	 Epoch: 45/80,	 Avg.loss: 0.0007,	 Accuracy: 758/1000(76%)
Task: 9,	 Epoch: 46/80,	 Avg.loss: 0.0008,	 Accuracy: 755/1000(76%)
Task: 9,	 Epoch: 47/80,	 Avg.loss: 0.0008,	 Accuracy: 761/1000(76%)
Task: 9,	 Epoch: 48/80,	 Avg.loss: 0.0007,	 Accuracy: 766/1000(77%)
Task: 9,	 Epoch: 49/80,	 Avg.loss: 0.0007,	 Accuracy: 766/1000(77%)
Task: 9,	 Epoch: 50/80,	 Avg.loss: 0.0007,	 Accuracy: 777/1000(78%)
Task: 9,	 Epoch: 51/80,	 Avg.loss: 0.0007,	 Accuracy: 774/1000(77%)
Task: 9,	 Epoch: 52/80,	 Avg.loss: 0.0007,	 Accuracy: 773/1000(77%)
Task: 9,	 Epoch: 53/80,	 Avg.loss: 0.0007,	 Accuracy: 778/1000(78%)
Task: 9,	 Epoch: 54/80,	 Avg.loss: 0.0007,	 Accuracy: 780/1000(78%)
Task: 9,	 Epoch: 55/80,	 Avg.loss: 0.0007,	 Accuracy: 773/1000(77%)
Task: 9,	 Epoch: 56/80,	 Avg.loss: 0.0007,	 Accuracy: 770/1000(77%)
Task: 9,	 Epoch: 57/80,	 Avg.loss: 0.0007,	 Accuracy: 774/1000(77%)
Task: 9,	 Epoch: 58/80,	 Avg.loss: 0.0007,	 Accuracy: 771/1000(77%)
Task: 9,	 Epoch: 59/80,	 Avg.loss: 0.0007,	 Accuracy: 778/1000(78%)
Task: 9,	 Epoch: 60/80,	 Avg.loss: 0.0007,	 Accuracy: 781/1000(78%)
Task: 9,	 Epoch: 61/80,	 Avg.loss: 0.0007,	 Accuracy: 776/1000(78%)
Task: 9,	 Epoch: 62/80,	 Avg.loss: 0.0007,	 Accuracy: 773/1000(77%)
Task: 9,	 Epoch: 63/80,	 Avg.loss: 0.0007,	 Accuracy: 775/1000(78%)
Task: 9,	 Epoch: 64/80,	 Avg.loss: 0.0007,	 Accuracy: 772/1000(77%)
Task: 9,	 Epoch: 65/80,	 Avg.loss: 0.0007,	 Accuracy: 782/1000(78%)
Task: 9,	 Epoch: 66/80,	 Avg.loss: 0.0007,	 Accuracy: 778/1000(78%)
Task: 9,	 Epoch: 67/80,	 Avg.loss: 0.0007,	 Accuracy: 777/1000(78%)
Task: 9,	 Epoch: 68/80,	 Avg.loss: 0.0007,	 Accuracy: 774/1000(77%)
Task: 9,	 Epoch: 69/80,	 Avg.loss: 0.0007,	 Accuracy: 776/1000(78%)
Task: 9,	 Epoch: 70/80,	 Avg.loss: 0.0007,	 Accuracy: 780/1000(78%)
Task: 9,	 Epoch: 71/80,	 Avg.loss: 0.0007,	 Accuracy: 777/1000(78%)
Task: 9,	 Epoch: 72/80,	 Avg.loss: 0.0007,	 Accuracy: 781/1000(78%)
Task: 9,	 Epoch: 73/80,	 Avg.loss: 0.0007,	 Accuracy: 784/1000(78%)
Task: 9,	 Epoch: 74/80,	 Avg.loss: 0.0007,	 Accuracy: 780/1000(78%)
Task: 9,	 Epoch: 75/80,	 Avg.loss: 0.0007,	 Accuracy: 778/1000(78%)
Task: 9,	 Epoch: 76/80,	 Avg.loss: 0.0007,	 Accuracy: 781/1000(78%)
Task: 9,	 Epoch: 77/80,	 Avg.loss: 0.0007,	 Accuracy: 777/1000(78%)
Task: 9,	 Epoch: 78/80,	 Avg.loss: 0.0007,	 Accuracy: 778/1000(78%)
Task: 9,	 Epoch: 79/80,	 Avg.loss: 0.0007,	 Accuracy: 778/1000(78%)
Trained Task:9, Loaded task:0, Accuracy:82.9%
Trained Task:9, Loaded task:1, Accuracy:75.6%
Trained Task:9, Loaded task:2, Accuracy:80.4%
Trained Task:9, Loaded task:3, Accuracy:73.4%
Trained Task:9, Loaded task:4, Accuracy:76.8%
Trained Task:9, Loaded task:5, Accuracy:70.3%
Trained Task:9, Loaded task:6, Accuracy:70.8%
Trained Task:9, Loaded task:7, Accuracy:70.1%
Trained Task:9, Loaded task:8, Accuracy:74.2%
Trained Task:9, Loaded task:9, Accuracy:77.8%
Trained Task:9, Avg. Accuracy: 75.2 

List of avg. accuracy: [84.4, 79.8, 80.2, 78.8, 78.4, 77.0, 76.0, 75.3, 75.2, 75.2]
