Layer        : conv1_layer.2.weight
R.histogram  : tensor([4., 6., 6., 5., 2., 1., 3., 0., 2., 3.], device='cuda:0')
R_sum max/min: 5637.5/406.5
F max  		: 0.37743881344795227
O masx 		: 0.0
Layer        : conv2_layer.2.weight
R.histogram  : tensor([10., 15.,  7.,  9.,  5.,  2.,  5.,  2.,  4.,  5.], device='cuda:0')
R_sum max/min: 6371.6/576.0
F max  		: 0.18796847760677338
O masx 		: 0.0
Layer        : fc1_layer.1.weight
R.histogram  : tensor([309., 128.,  47.,  16.,   5.,   1.,   2.,   3.,   0.,   1.],
       device='cuda:0')
R_sum max/min: 73211.9/4096.0
F max  		: 0.009820408187806606
O masx 		: 0.0
Mask histogram
conv1_layer.2.weight: 	 tensor([   0., 8192.,    0.,    0.,    0.,    0.,    0.,    0.,    0.,    0.,
           0.], device='cuda:0')
conv2_layer.2.weight: 	 tensor([2496., 1600.,    0.,    0.,    0.,    0.,    0.,    0.,    0.,    0.,
           0.], device='cuda:0')
fc1_layer.1.weight: 	 tensor([308., 204.,   0.,   0.,   0.,   0.,   0.,   0.,   0.,   0.,   0.],
       device='cuda:0')
Head Finetuning    :Task: 0,	 Epoch: 0/40,	 Avg.loss: 0.0014,	 Test Accuracy: 535/1000(54%)
Head Finetuning    :Task: 0,	 Epoch: 1/40,	 Avg.loss: 0.0011,	 Test Accuracy: 621/1000(62%)
Head Finetuning    :Task: 0,	 Epoch: 2/40,	 Avg.loss: 0.0011,	 Test Accuracy: 637/1000(64%)
Head Finetuning    :Task: 0,	 Epoch: 3/40,	 Avg.loss: 0.0010,	 Test Accuracy: 647/1000(65%)
Head Finetuning    :Task: 0,	 Epoch: 4/40,	 Avg.loss: 0.0010,	 Test Accuracy: 668/1000(67%)
Head Finetuning    :Task: 0,	 Epoch: 5/40,	 Avg.loss: 0.0010,	 Test Accuracy: 674/1000(67%)
Head Finetuning    :Task: 0,	 Epoch: 6/40,	 Avg.loss: 0.0010,	 Test Accuracy: 684/1000(68%)
Head Finetuning    :Task: 0,	 Epoch: 7/40,	 Avg.loss: 0.0009,	 Test Accuracy: 683/1000(68%)
Head Finetuning    :Task: 0,	 Epoch: 8/40,	 Avg.loss: 0.0009,	 Test Accuracy: 686/1000(69%)
Head Finetuning    :Task: 0,	 Epoch: 9/40,	 Avg.loss: 0.0009,	 Test Accuracy: 679/1000(68%)
Head Finetuning    :Task: 0,	 Epoch: 10/40,	 Avg.loss: 0.0009,	 Test Accuracy: 681/1000(68%)
Head Finetuning    :Task: 0,	 Epoch: 11/40,	 Avg.loss: 0.0009,	 Test Accuracy: 680/1000(68%)
Head Finetuning    :Task: 0,	 Epoch: 12/40,	 Avg.loss: 0.0009,	 Test Accuracy: 701/1000(70%)
Head Finetuning    :Task: 0,	 Epoch: 13/40,	 Avg.loss: 0.0009,	 Test Accuracy: 689/1000(69%)
Head Finetuning    :Task: 0,	 Epoch: 14/40,	 Avg.loss: 0.0009,	 Test Accuracy: 690/1000(69%)
Head Finetuning    :Task: 0,	 Epoch: 15/40,	 Avg.loss: 0.0009,	 Test Accuracy: 684/1000(68%)
Head Finetuning    :Task: 0,	 Epoch: 16/40,	 Avg.loss: 0.0009,	 Test Accuracy: 695/1000(70%)
Head Finetuning    :Task: 0,	 Epoch: 17/40,	 Avg.loss: 0.0009,	 Test Accuracy: 698/1000(70%)
Head Finetuning    :Task: 0,	 Epoch: 18/40,	 Avg.loss: 0.0009,	 Test Accuracy: 700/1000(70%)
Head Finetuning    :Task: 0,	 Epoch: 19/40,	 Avg.loss: 0.0009,	 Test Accuracy: 689/1000(69%)
Task: 0,	 Epoch: 0/40,	 Avg.loss: 0.0008,	 Test Accuracy: 710/1000(71%)
Task: 0,	 Epoch: 1/40,	 Avg.loss: 0.0007,	 Test Accuracy: 747/1000(75%)
Task: 0,	 Epoch: 2/40,	 Avg.loss: 0.0007,	 Test Accuracy: 785/1000(78%)
Task: 0,	 Epoch: 3/40,	 Avg.loss: 0.0007,	 Test Accuracy: 783/1000(78%)
Task: 0,	 Epoch: 4/40,	 Avg.loss: 0.0005,	 Test Accuracy: 819/1000(82%)
Task: 0,	 Epoch: 5/40,	 Avg.loss: 0.0006,	 Test Accuracy: 813/1000(81%)
Task: 0,	 Epoch: 6/40,	 Avg.loss: 0.0006,	 Test Accuracy: 816/1000(82%)
Task: 0,	 Epoch: 7/40,	 Avg.loss: 0.0006,	 Test Accuracy: 806/1000(81%)
Task: 0,	 Epoch: 8/40,	 Avg.loss: 0.0005,	 Test Accuracy: 820/1000(82%)
Task: 0,	 Epoch: 9/40,	 Avg.loss: 0.0006,	 Test Accuracy: 836/1000(84%)
Task: 0,	 Epoch: 10/40,	 Avg.loss: 0.0005,	 Test Accuracy: 843/1000(84%)
Task: 0,	 Epoch: 11/40,	 Avg.loss: 0.0005,	 Test Accuracy: 835/1000(84%)
Task: 0,	 Epoch: 12/40,	 Avg.loss: 0.0005,	 Test Accuracy: 832/1000(83%)
Task: 0,	 Epoch: 13/40,	 Avg.loss: 0.0005,	 Test Accuracy: 843/1000(84%)
Task: 0,	 Epoch: 14/40,	 Avg.loss: 0.0005,	 Test Accuracy: 834/1000(83%)
Task: 0,	 Epoch: 15/40,	 Avg.loss: 0.0005,	 Test Accuracy: 839/1000(84%)
Task: 0,	 Epoch: 16/40,	 Avg.loss: 0.0005,	 Test Accuracy: 851/1000(85%)
Task: 0,	 Epoch: 17/40,	 Avg.loss: 0.0005,	 Test Accuracy: 851/1000(85%)
Task: 0,	 Epoch: 18/40,	 Avg.loss: 0.0005,	 Test Accuracy: 859/1000(86%)
Task: 0,	 Epoch: 19/40,	 Avg.loss: 0.0005,	 Test Accuracy: 859/1000(86%)
Task: 0,	 Epoch: 20/40,	 Avg.loss: 0.0005,	 Test Accuracy: 869/1000(87%)
Task: 0,	 Epoch: 21/40,	 Avg.loss: 0.0005,	 Test Accuracy: 862/1000(86%)
Task: 0,	 Epoch: 22/40,	 Avg.loss: 0.0005,	 Test Accuracy: 869/1000(87%)
Task: 0,	 Epoch: 23/40,	 Avg.loss: 0.0005,	 Test Accuracy: 864/1000(86%)
Task: 0,	 Epoch: 24/40,	 Avg.loss: 0.0005,	 Test Accuracy: 867/1000(87%)
Task: 0,	 Epoch: 25/40,	 Avg.loss: 0.0005,	 Test Accuracy: 868/1000(87%)
Task: 0,	 Epoch: 26/40,	 Avg.loss: 0.0005,	 Test Accuracy: 866/1000(87%)
Task: 0,	 Epoch: 27/40,	 Avg.loss: 0.0005,	 Test Accuracy: 864/1000(86%)
Task: 0,	 Epoch: 28/40,	 Avg.loss: 0.0005,	 Test Accuracy: 867/1000(87%)
Task: 0,	 Epoch: 29/40,	 Avg.loss: 0.0005,	 Test Accuracy: 867/1000(87%)
Task: 0,	 Epoch: 30/40,	 Avg.loss: 0.0005,	 Test Accuracy: 870/1000(87%)
Task: 0,	 Epoch: 31/40,	 Avg.loss: 0.0005,	 Test Accuracy: 859/1000(86%)
Task: 0,	 Epoch: 32/40,	 Avg.loss: 0.0005,	 Test Accuracy: 861/1000(86%)
Task: 0,	 Epoch: 33/40,	 Avg.loss: 0.0005,	 Test Accuracy: 869/1000(87%)
Task: 0,	 Epoch: 34/40,	 Avg.loss: 0.0005,	 Test Accuracy: 864/1000(86%)
Task: 0,	 Epoch: 35/40,	 Avg.loss: 0.0005,	 Test Accuracy: 865/1000(87%)
Task: 0,	 Epoch: 36/40,	 Avg.loss: 0.0005,	 Test Accuracy: 862/1000(86%)
Task: 0,	 Epoch: 37/40,	 Avg.loss: 0.0005,	 Test Accuracy: 867/1000(87%)
Task: 0,	 Epoch: 38/40,	 Avg.loss: 0.0005,	 Test Accuracy: 871/1000(87%)
Task: 0,	 Epoch: 39/40,	 Avg.loss: 0.0005,	 Test Accuracy: 872/1000(87%)
Trained Task:0, Loaded task:0, Accuracy:87.2%
Trained Task:0, Avg. Accuracy: 87.2 

List of avg. accuracy: [87.2]
Layer        : conv1_layer.2.weight
R.histogram  : tensor([4., 8., 4., 6., 2., 2., 1., 2., 2., 1.], device='cuda:0')
R_sum max/min: 86.9/21.1
F max  		: 1.285588264465332
O masx 		: 15.13047981262207
Layer        : conv2_layer.2.weight
R.histogram  : tensor([25., 11.,  8., 10.,  5.,  3.,  0.,  0.,  1.,  1.], device='cuda:0')
R_sum max/min: 5279.1/39.4
F max  		: 0.38311654329299927
O masx 		: 5.338957786560059
Layer        : fc1_layer.1.weight
R.histogram  : tensor([257., 107.,  68.,  36.,  25.,   9.,   3.,   4.,   2.,   1.],
       device='cuda:0')
R_sum max/min: 22184.3/3095.2
F max  		: 0.025148626416921616
O masx 		: 0.4054298400878906
Mask histogram
conv1_layer.2.weight: 	 tensor([   0.,    0., 8192.,    0.,    0.,    0.,    0.,    0.,    0.,    0.,
           0.], device='cuda:0')
conv2_layer.2.weight: 	 tensor([ 896., 3200.,    0.,    0.,    0.,    0.,    0.,    0.,    0.,    0.,
           0.], device='cuda:0')
fc1_layer.1.weight: 	 tensor([240., 136., 136.,   0.,   0.,   0.,   0.,   0.,   0.,   0.,   0.],
       device='cuda:0')
Head Finetuning    :Task: 1,	 Epoch: 0/40,	 Avg.loss: 0.0026,	 Test Accuracy: 98/1000(10%)
Head Finetuning    :Task: 1,	 Epoch: 1/40,	 Avg.loss: 0.0025,	 Test Accuracy: 102/1000(10%)
Head Finetuning    :Task: 1,	 Epoch: 2/40,	 Avg.loss: 0.0025,	 Test Accuracy: 103/1000(10%)
Head Finetuning    :Task: 1,	 Epoch: 3/40,	 Avg.loss: 0.0024,	 Test Accuracy: 108/1000(11%)
Head Finetuning    :Task: 1,	 Epoch: 4/40,	 Avg.loss: 0.0024,	 Test Accuracy: 119/1000(12%)
Head Finetuning    :Task: 1,	 Epoch: 5/40,	 Avg.loss: 0.0024,	 Test Accuracy: 124/1000(12%)
Head Finetuning    :Task: 1,	 Epoch: 6/40,	 Avg.loss: 0.0023,	 Test Accuracy: 133/1000(13%)
Head Finetuning    :Task: 1,	 Epoch: 7/40,	 Avg.loss: 0.0023,	 Test Accuracy: 141/1000(14%)
Head Finetuning    :Task: 1,	 Epoch: 8/40,	 Avg.loss: 0.0023,	 Test Accuracy: 153/1000(15%)
Head Finetuning    :Task: 1,	 Epoch: 9/40,	 Avg.loss: 0.0023,	 Test Accuracy: 162/1000(16%)
Head Finetuning    :Task: 1,	 Epoch: 10/40,	 Avg.loss: 0.0022,	 Test Accuracy: 177/1000(18%)
Head Finetuning    :Task: 1,	 Epoch: 11/40,	 Avg.loss: 0.0022,	 Test Accuracy: 187/1000(19%)
Head Finetuning    :Task: 1,	 Epoch: 12/40,	 Avg.loss: 0.0022,	 Test Accuracy: 193/1000(19%)
Head Finetuning    :Task: 1,	 Epoch: 13/40,	 Avg.loss: 0.0022,	 Test Accuracy: 203/1000(20%)
Head Finetuning    :Task: 1,	 Epoch: 14/40,	 Avg.loss: 0.0022,	 Test Accuracy: 212/1000(21%)
Head Finetuning    :Task: 1,	 Epoch: 15/40,	 Avg.loss: 0.0022,	 Test Accuracy: 217/1000(22%)
Head Finetuning    :Task: 1,	 Epoch: 16/40,	 Avg.loss: 0.0022,	 Test Accuracy: 233/1000(23%)
Head Finetuning    :Task: 1,	 Epoch: 17/40,	 Avg.loss: 0.0021,	 Test Accuracy: 240/1000(24%)
Head Finetuning    :Task: 1,	 Epoch: 18/40,	 Avg.loss: 0.0021,	 Test Accuracy: 245/1000(25%)
Head Finetuning    :Task: 1,	 Epoch: 19/40,	 Avg.loss: 0.0021,	 Test Accuracy: 247/1000(25%)
Task: 1,	 Epoch: 0/40,	 Avg.loss: 0.0010,	 Test Accuracy: 664/1000(66%)
Task: 1,	 Epoch: 1/40,	 Avg.loss: 0.0009,	 Test Accuracy: 683/1000(68%)
Task: 1,	 Epoch: 2/40,	 Avg.loss: 0.0009,	 Test Accuracy: 691/1000(69%)
Task: 1,	 Epoch: 3/40,	 Avg.loss: 0.0008,	 Test Accuracy: 719/1000(72%)
Task: 1,	 Epoch: 4/40,	 Avg.loss: 0.0008,	 Test Accuracy: 733/1000(73%)
Task: 1,	 Epoch: 5/40,	 Avg.loss: 0.0008,	 Test Accuracy: 724/1000(72%)
Task: 1,	 Epoch: 6/40,	 Avg.loss: 0.0008,	 Test Accuracy: 723/1000(72%)
Task: 1,	 Epoch: 7/40,	 Avg.loss: 0.0008,	 Test Accuracy: 746/1000(75%)
Task: 1,	 Epoch: 8/40,	 Avg.loss: 0.0007,	 Test Accuracy: 752/1000(75%)
Task: 1,	 Epoch: 9/40,	 Avg.loss: 0.0007,	 Test Accuracy: 744/1000(74%)
Task: 1,	 Epoch: 10/40,	 Avg.loss: 0.0007,	 Test Accuracy: 755/1000(76%)
Task: 1,	 Epoch: 11/40,	 Avg.loss: 0.0007,	 Test Accuracy: 742/1000(74%)
Task: 1,	 Epoch: 12/40,	 Avg.loss: 0.0007,	 Test Accuracy: 761/1000(76%)
Task: 1,	 Epoch: 13/40,	 Avg.loss: 0.0007,	 Test Accuracy: 756/1000(76%)
Task: 1,	 Epoch: 14/40,	 Avg.loss: 0.0007,	 Test Accuracy: 766/1000(77%)
Task: 1,	 Epoch: 15/40,	 Avg.loss: 0.0007,	 Test Accuracy: 781/1000(78%)
Task: 1,	 Epoch: 16/40,	 Avg.loss: 0.0007,	 Test Accuracy: 775/1000(78%)
Task: 1,	 Epoch: 17/40,	 Avg.loss: 0.0007,	 Test Accuracy: 754/1000(75%)
Task: 1,	 Epoch: 18/40,	 Avg.loss: 0.0007,	 Test Accuracy: 774/1000(77%)
Task: 1,	 Epoch: 19/40,	 Avg.loss: 0.0007,	 Test Accuracy: 785/1000(78%)
Task: 1,	 Epoch: 20/40,	 Avg.loss: 0.0006,	 Test Accuracy: 786/1000(79%)
Task: 1,	 Epoch: 21/40,	 Avg.loss: 0.0006,	 Test Accuracy: 781/1000(78%)
Task: 1,	 Epoch: 22/40,	 Avg.loss: 0.0006,	 Test Accuracy: 781/1000(78%)
Task: 1,	 Epoch: 23/40,	 Avg.loss: 0.0006,	 Test Accuracy: 782/1000(78%)
Task: 1,	 Epoch: 24/40,	 Avg.loss: 0.0006,	 Test Accuracy: 786/1000(79%)
Task: 1,	 Epoch: 25/40,	 Avg.loss: 0.0006,	 Test Accuracy: 780/1000(78%)
Task: 1,	 Epoch: 26/40,	 Avg.loss: 0.0006,	 Test Accuracy: 785/1000(78%)
Task: 1,	 Epoch: 27/40,	 Avg.loss: 0.0006,	 Test Accuracy: 785/1000(78%)
Task: 1,	 Epoch: 28/40,	 Avg.loss: 0.0006,	 Test Accuracy: 786/1000(79%)
Task: 1,	 Epoch: 29/40,	 Avg.loss: 0.0006,	 Test Accuracy: 786/1000(79%)
Task: 1,	 Epoch: 30/40,	 Avg.loss: 0.0006,	 Test Accuracy: 781/1000(78%)
Task: 1,	 Epoch: 31/40,	 Avg.loss: 0.0006,	 Test Accuracy: 783/1000(78%)
Task: 1,	 Epoch: 32/40,	 Avg.loss: 0.0006,	 Test Accuracy: 787/1000(79%)
Task: 1,	 Epoch: 33/40,	 Avg.loss: 0.0007,	 Test Accuracy: 780/1000(78%)
Task: 1,	 Epoch: 34/40,	 Avg.loss: 0.0006,	 Test Accuracy: 786/1000(79%)
Task: 1,	 Epoch: 35/40,	 Avg.loss: 0.0006,	 Test Accuracy: 777/1000(78%)
Task: 1,	 Epoch: 36/40,	 Avg.loss: 0.0007,	 Test Accuracy: 782/1000(78%)
Task: 1,	 Epoch: 37/40,	 Avg.loss: 0.0006,	 Test Accuracy: 786/1000(79%)
Task: 1,	 Epoch: 38/40,	 Avg.loss: 0.0006,	 Test Accuracy: 788/1000(79%)
Task: 1,	 Epoch: 39/40,	 Avg.loss: 0.0006,	 Test Accuracy: 783/1000(78%)
Trained Task:1, Loaded task:0, Accuracy:87.3%
Trained Task:1, Loaded task:1, Accuracy:78.3%
Trained Task:1, Avg. Accuracy: 82.8 

List of avg. accuracy: [87.2, 82.8]
Layer        : conv1_layer.2.weight
R.histogram  : tensor([ 4.,  8., 10.,  4.,  2.,  2.,  0.,  0.,  1.,  1.], device='cuda:0')
R_sum max/min: 90.0/21.2
F max  		: 1.9040712118148804
O masx 		: 19.12259864807129
Layer        : conv2_layer.2.weight
R.histogram  : tensor([49.,  1.,  8.,  1.,  2.,  1.,  0.,  0.,  0.,  2.], device='cuda:0')
R_sum max/min: 2602.0/40.7
F max  		: 0.42859962582588196
O masx 		: 5.338957786560059
Layer        : fc1_layer.1.weight
R.histogram  : tensor([ 43.,  94., 263.,  65.,  19.,  12.,   8.,   4.,   2.,   2.],
       device='cuda:0')
R_sum max/min: 10765.8/1529.4
F max  		: 0.05241619050502777
O masx 		: 0.4054298400878906
Mask histogram
conv1_layer.2.weight: 	 tensor([   0.,    0.,    0., 8192.,    0.,    0.,    0.,    0.,    0.,    0.,
           0.], device='cuda:0')
conv2_layer.2.weight: 	 tensor([   0., 3392.,  704.,    0.,    0.,    0.,    0.,    0.,    0.,    0.,
           0.], device='cuda:0')
fc1_layer.1.weight: 	 tensor([132., 155., 218.,   7.,   0.,   0.,   0.,   0.,   0.,   0.,   0.],
       device='cuda:0')
Head Finetuning    :Task: 2,	 Epoch: 0/40,	 Avg.loss: 0.0025,	 Test Accuracy: 120/1000(12%)
Head Finetuning    :Task: 2,	 Epoch: 1/40,	 Avg.loss: 0.0024,	 Test Accuracy: 134/1000(13%)
Head Finetuning    :Task: 2,	 Epoch: 2/40,	 Avg.loss: 0.0024,	 Test Accuracy: 137/1000(14%)
Head Finetuning    :Task: 2,	 Epoch: 3/40,	 Avg.loss: 0.0023,	 Test Accuracy: 147/1000(15%)
Head Finetuning    :Task: 2,	 Epoch: 4/40,	 Avg.loss: 0.0023,	 Test Accuracy: 148/1000(15%)
Head Finetuning    :Task: 2,	 Epoch: 5/40,	 Avg.loss: 0.0023,	 Test Accuracy: 156/1000(16%)
Head Finetuning    :Task: 2,	 Epoch: 6/40,	 Avg.loss: 0.0023,	 Test Accuracy: 165/1000(16%)
Head Finetuning    :Task: 2,	 Epoch: 7/40,	 Avg.loss: 0.0023,	 Test Accuracy: 177/1000(18%)
Head Finetuning    :Task: 2,	 Epoch: 8/40,	 Avg.loss: 0.0023,	 Test Accuracy: 185/1000(18%)
Head Finetuning    :Task: 2,	 Epoch: 9/40,	 Avg.loss: 0.0022,	 Test Accuracy: 190/1000(19%)
Head Finetuning    :Task: 2,	 Epoch: 10/40,	 Avg.loss: 0.0022,	 Test Accuracy: 198/1000(20%)
Head Finetuning    :Task: 2,	 Epoch: 11/40,	 Avg.loss: 0.0022,	 Test Accuracy: 201/1000(20%)
Head Finetuning    :Task: 2,	 Epoch: 12/40,	 Avg.loss: 0.0022,	 Test Accuracy: 205/1000(21%)
Head Finetuning    :Task: 2,	 Epoch: 13/40,	 Avg.loss: 0.0022,	 Test Accuracy: 210/1000(21%)
Head Finetuning    :Task: 2,	 Epoch: 14/40,	 Avg.loss: 0.0022,	 Test Accuracy: 214/1000(21%)
Head Finetuning    :Task: 2,	 Epoch: 15/40,	 Avg.loss: 0.0022,	 Test Accuracy: 217/1000(22%)
Head Finetuning    :Task: 2,	 Epoch: 16/40,	 Avg.loss: 0.0022,	 Test Accuracy: 222/1000(22%)
Head Finetuning    :Task: 2,	 Epoch: 17/40,	 Avg.loss: 0.0021,	 Test Accuracy: 226/1000(23%)
Head Finetuning    :Task: 2,	 Epoch: 18/40,	 Avg.loss: 0.0021,	 Test Accuracy: 228/1000(23%)
Head Finetuning    :Task: 2,	 Epoch: 19/40,	 Avg.loss: 0.0021,	 Test Accuracy: 235/1000(24%)
Task: 2,	 Epoch: 0/40,	 Avg.loss: 0.0010,	 Test Accuracy: 645/1000(64%)
Task: 2,	 Epoch: 1/40,	 Avg.loss: 0.0010,	 Test Accuracy: 680/1000(68%)
Task: 2,	 Epoch: 2/40,	 Avg.loss: 0.0009,	 Test Accuracy: 704/1000(70%)
Task: 2,	 Epoch: 3/40,	 Avg.loss: 0.0008,	 Test Accuracy: 746/1000(75%)
Task: 2,	 Epoch: 4/40,	 Avg.loss: 0.0007,	 Test Accuracy: 754/1000(75%)
Task: 2,	 Epoch: 5/40,	 Avg.loss: 0.0007,	 Test Accuracy: 756/1000(76%)
Task: 2,	 Epoch: 6/40,	 Avg.loss: 0.0007,	 Test Accuracy: 752/1000(75%)
Task: 2,	 Epoch: 7/40,	 Avg.loss: 0.0007,	 Test Accuracy: 764/1000(76%)
Task: 2,	 Epoch: 8/40,	 Avg.loss: 0.0007,	 Test Accuracy: 762/1000(76%)
Task: 2,	 Epoch: 9/40,	 Avg.loss: 0.0007,	 Test Accuracy: 780/1000(78%)
Task: 2,	 Epoch: 10/40,	 Avg.loss: 0.0007,	 Test Accuracy: 774/1000(77%)
Task: 2,	 Epoch: 11/40,	 Avg.loss: 0.0006,	 Test Accuracy: 785/1000(78%)
Task: 2,	 Epoch: 12/40,	 Avg.loss: 0.0006,	 Test Accuracy: 805/1000(81%)
Task: 2,	 Epoch: 13/40,	 Avg.loss: 0.0006,	 Test Accuracy: 800/1000(80%)
Task: 2,	 Epoch: 14/40,	 Avg.loss: 0.0006,	 Test Accuracy: 797/1000(80%)
Task: 2,	 Epoch: 15/40,	 Avg.loss: 0.0006,	 Test Accuracy: 785/1000(78%)
Task: 2,	 Epoch: 16/40,	 Avg.loss: 0.0006,	 Test Accuracy: 776/1000(78%)
Task: 2,	 Epoch: 17/40,	 Avg.loss: 0.0006,	 Test Accuracy: 802/1000(80%)
Task: 2,	 Epoch: 18/40,	 Avg.loss: 0.0007,	 Test Accuracy: 791/1000(79%)
Task: 2,	 Epoch: 19/40,	 Avg.loss: 0.0006,	 Test Accuracy: 798/1000(80%)
Task: 2,	 Epoch: 20/40,	 Avg.loss: 0.0006,	 Test Accuracy: 805/1000(81%)
Task: 2,	 Epoch: 21/40,	 Avg.loss: 0.0006,	 Test Accuracy: 818/1000(82%)
Task: 2,	 Epoch: 22/40,	 Avg.loss: 0.0006,	 Test Accuracy: 819/1000(82%)
Task: 2,	 Epoch: 23/40,	 Avg.loss: 0.0006,	 Test Accuracy: 817/1000(82%)
Task: 2,	 Epoch: 24/40,	 Avg.loss: 0.0006,	 Test Accuracy: 816/1000(82%)
Task: 2,	 Epoch: 25/40,	 Avg.loss: 0.0006,	 Test Accuracy: 811/1000(81%)
Task: 2,	 Epoch: 26/40,	 Avg.loss: 0.0006,	 Test Accuracy: 817/1000(82%)
Task: 2,	 Epoch: 27/40,	 Avg.loss: 0.0006,	 Test Accuracy: 816/1000(82%)
Task: 2,	 Epoch: 28/40,	 Avg.loss: 0.0006,	 Test Accuracy: 812/1000(81%)
Task: 2,	 Epoch: 29/40,	 Avg.loss: 0.0006,	 Test Accuracy: 816/1000(82%)
Task: 2,	 Epoch: 30/40,	 Avg.loss: 0.0006,	 Test Accuracy: 819/1000(82%)
Task: 2,	 Epoch: 31/40,	 Avg.loss: 0.0006,	 Test Accuracy: 811/1000(81%)
Task: 2,	 Epoch: 32/40,	 Avg.loss: 0.0006,	 Test Accuracy: 814/1000(81%)
Task: 2,	 Epoch: 33/40,	 Avg.loss: 0.0006,	 Test Accuracy: 813/1000(81%)
Task: 2,	 Epoch: 34/40,	 Avg.loss: 0.0006,	 Test Accuracy: 813/1000(81%)
Task: 2,	 Epoch: 35/40,	 Avg.loss: 0.0006,	 Test Accuracy: 812/1000(81%)
Task: 2,	 Epoch: 36/40,	 Avg.loss: 0.0006,	 Test Accuracy: 812/1000(81%)
Task: 2,	 Epoch: 37/40,	 Avg.loss: 0.0006,	 Test Accuracy: 813/1000(81%)
Task: 2,	 Epoch: 38/40,	 Avg.loss: 0.0006,	 Test Accuracy: 817/1000(82%)
Task: 2,	 Epoch: 39/40,	 Avg.loss: 0.0006,	 Test Accuracy: 819/1000(82%)
Trained Task:2, Loaded task:0, Accuracy:86.5%
Trained Task:2, Loaded task:1, Accuracy:77.4%
Trained Task:2, Loaded task:2, Accuracy:81.9%
Trained Task:2, Avg. Accuracy: 81.9 

List of avg. accuracy: [87.2, 82.8, 81.9]
Layer        : conv1_layer.2.weight
R.histogram  : tensor([2., 8., 5., 7., 2., 2., 1., 2., 1., 2.], device='cuda:0')
R_sum max/min: 91.4/19.7
F max  		: 2.415926218032837
O masx 		: 22.99579429626465
Layer        : conv2_layer.2.weight
R.histogram  : tensor([16., 14., 14.,  7.,  3.,  1.,  1.,  1.,  0.,  7.], device='cuda:0')
R_sum max/min: 576.0/31.8
F max  		: 0.4408303201198578
O masx 		: 5.338957786560059
Layer        : fc1_layer.1.weight
R.histogram  : tensor([117., 344.,  37.,   9.,   3.,   1.,   0.,   0.,   0.,   1.],
       device='cuda:0')
R_sum max/min: 22338.5/1305.4
F max  		: 0.074985072016716
O masx 		: 0.4054298400878906
Mask histogram
conv1_layer.2.weight: 	 tensor([   0.,    0.,    0.,    0., 8192.,    0.,    0.,    0.,    0.,    0.,
           0.], device='cuda:0')
conv2_layer.2.weight: 	 tensor([   0., 1792., 2304.,    0.,    0.,    0.,    0.,    0.,    0.,    0.,
           0.], device='cuda:0')
fc1_layer.1.weight: 	 tensor([107.,  87., 225.,  93.,   0.,   0.,   0.,   0.,   0.,   0.,   0.],
       device='cuda:0')
Head Finetuning    :Task: 3,	 Epoch: 0/40,	 Avg.loss: 0.0027,	 Test Accuracy: 100/1000(10%)
Head Finetuning    :Task: 3,	 Epoch: 1/40,	 Avg.loss: 0.0026,	 Test Accuracy: 124/1000(12%)
Head Finetuning    :Task: 3,	 Epoch: 2/40,	 Avg.loss: 0.0025,	 Test Accuracy: 147/1000(15%)
Head Finetuning    :Task: 3,	 Epoch: 3/40,	 Avg.loss: 0.0024,	 Test Accuracy: 162/1000(16%)
Head Finetuning    :Task: 3,	 Epoch: 4/40,	 Avg.loss: 0.0024,	 Test Accuracy: 184/1000(18%)
Head Finetuning    :Task: 3,	 Epoch: 5/40,	 Avg.loss: 0.0023,	 Test Accuracy: 206/1000(21%)
Head Finetuning    :Task: 3,	 Epoch: 6/40,	 Avg.loss: 0.0023,	 Test Accuracy: 212/1000(21%)
Head Finetuning    :Task: 3,	 Epoch: 7/40,	 Avg.loss: 0.0023,	 Test Accuracy: 221/1000(22%)
Head Finetuning    :Task: 3,	 Epoch: 8/40,	 Avg.loss: 0.0022,	 Test Accuracy: 230/1000(23%)
Head Finetuning    :Task: 3,	 Epoch: 9/40,	 Avg.loss: 0.0022,	 Test Accuracy: 243/1000(24%)
Head Finetuning    :Task: 3,	 Epoch: 10/40,	 Avg.loss: 0.0022,	 Test Accuracy: 249/1000(25%)
Head Finetuning    :Task: 3,	 Epoch: 11/40,	 Avg.loss: 0.0022,	 Test Accuracy: 255/1000(26%)
Head Finetuning    :Task: 3,	 Epoch: 12/40,	 Avg.loss: 0.0021,	 Test Accuracy: 259/1000(26%)
Head Finetuning    :Task: 3,	 Epoch: 13/40,	 Avg.loss: 0.0021,	 Test Accuracy: 263/1000(26%)
Head Finetuning    :Task: 3,	 Epoch: 14/40,	 Avg.loss: 0.0021,	 Test Accuracy: 273/1000(27%)
Head Finetuning    :Task: 3,	 Epoch: 15/40,	 Avg.loss: 0.0021,	 Test Accuracy: 279/1000(28%)
Head Finetuning    :Task: 3,	 Epoch: 16/40,	 Avg.loss: 0.0021,	 Test Accuracy: 290/1000(29%)
Head Finetuning    :Task: 3,	 Epoch: 17/40,	 Avg.loss: 0.0020,	 Test Accuracy: 303/1000(30%)
Head Finetuning    :Task: 3,	 Epoch: 18/40,	 Avg.loss: 0.0020,	 Test Accuracy: 306/1000(31%)
Head Finetuning    :Task: 3,	 Epoch: 19/40,	 Avg.loss: 0.0020,	 Test Accuracy: 310/1000(31%)
Task: 3,	 Epoch: 0/40,	 Avg.loss: 0.0012,	 Test Accuracy: 605/1000(61%)
Task: 3,	 Epoch: 1/40,	 Avg.loss: 0.0011,	 Test Accuracy: 637/1000(64%)
Task: 3,	 Epoch: 2/40,	 Avg.loss: 0.0010,	 Test Accuracy: 657/1000(66%)
Task: 3,	 Epoch: 3/40,	 Avg.loss: 0.0010,	 Test Accuracy: 683/1000(68%)
Task: 3,	 Epoch: 4/40,	 Avg.loss: 0.0009,	 Test Accuracy: 703/1000(70%)
Task: 3,	 Epoch: 5/40,	 Avg.loss: 0.0010,	 Test Accuracy: 674/1000(67%)
Task: 3,	 Epoch: 6/40,	 Avg.loss: 0.0009,	 Test Accuracy: 692/1000(69%)
Task: 3,	 Epoch: 7/40,	 Avg.loss: 0.0009,	 Test Accuracy: 713/1000(71%)
Task: 3,	 Epoch: 8/40,	 Avg.loss: 0.0009,	 Test Accuracy: 710/1000(71%)
Task: 3,	 Epoch: 9/40,	 Avg.loss: 0.0009,	 Test Accuracy: 718/1000(72%)
Task: 3,	 Epoch: 10/40,	 Avg.loss: 0.0009,	 Test Accuracy: 699/1000(70%)
Task: 3,	 Epoch: 11/40,	 Avg.loss: 0.0009,	 Test Accuracy: 732/1000(73%)
Task: 3,	 Epoch: 12/40,	 Avg.loss: 0.0009,	 Test Accuracy: 729/1000(73%)
Task: 3,	 Epoch: 13/40,	 Avg.loss: 0.0008,	 Test Accuracy: 735/1000(74%)
Task: 3,	 Epoch: 14/40,	 Avg.loss: 0.0008,	 Test Accuracy: 720/1000(72%)
Task: 3,	 Epoch: 15/40,	 Avg.loss: 0.0008,	 Test Accuracy: 741/1000(74%)
Task: 3,	 Epoch: 16/40,	 Avg.loss: 0.0008,	 Test Accuracy: 726/1000(73%)
Task: 3,	 Epoch: 17/40,	 Avg.loss: 0.0008,	 Test Accuracy: 750/1000(75%)
Task: 3,	 Epoch: 18/40,	 Avg.loss: 0.0008,	 Test Accuracy: 733/1000(73%)
Task: 3,	 Epoch: 19/40,	 Avg.loss: 0.0008,	 Test Accuracy: 750/1000(75%)
Task: 3,	 Epoch: 20/40,	 Avg.loss: 0.0008,	 Test Accuracy: 758/1000(76%)
Task: 3,	 Epoch: 21/40,	 Avg.loss: 0.0008,	 Test Accuracy: 761/1000(76%)
Task: 3,	 Epoch: 22/40,	 Avg.loss: 0.0008,	 Test Accuracy: 762/1000(76%)
Task: 3,	 Epoch: 23/40,	 Avg.loss: 0.0008,	 Test Accuracy: 759/1000(76%)
Task: 3,	 Epoch: 24/40,	 Avg.loss: 0.0008,	 Test Accuracy: 759/1000(76%)
Task: 3,	 Epoch: 25/40,	 Avg.loss: 0.0008,	 Test Accuracy: 754/1000(75%)
Task: 3,	 Epoch: 26/40,	 Avg.loss: 0.0008,	 Test Accuracy: 762/1000(76%)
Task: 3,	 Epoch: 27/40,	 Avg.loss: 0.0008,	 Test Accuracy: 767/1000(77%)
Task: 3,	 Epoch: 28/40,	 Avg.loss: 0.0008,	 Test Accuracy: 755/1000(76%)
Task: 3,	 Epoch: 29/40,	 Avg.loss: 0.0008,	 Test Accuracy: 762/1000(76%)
Task: 3,	 Epoch: 30/40,	 Avg.loss: 0.0008,	 Test Accuracy: 762/1000(76%)
Task: 3,	 Epoch: 31/40,	 Avg.loss: 0.0008,	 Test Accuracy: 761/1000(76%)
Task: 3,	 Epoch: 32/40,	 Avg.loss: 0.0008,	 Test Accuracy: 762/1000(76%)
Task: 3,	 Epoch: 33/40,	 Avg.loss: 0.0008,	 Test Accuracy: 761/1000(76%)
Task: 3,	 Epoch: 34/40,	 Avg.loss: 0.0008,	 Test Accuracy: 757/1000(76%)
Task: 3,	 Epoch: 35/40,	 Avg.loss: 0.0008,	 Test Accuracy: 754/1000(75%)
Task: 3,	 Epoch: 36/40,	 Avg.loss: 0.0008,	 Test Accuracy: 759/1000(76%)
Task: 3,	 Epoch: 37/40,	 Avg.loss: 0.0008,	 Test Accuracy: 764/1000(76%)
Task: 3,	 Epoch: 38/40,	 Avg.loss: 0.0008,	 Test Accuracy: 761/1000(76%)
Task: 3,	 Epoch: 39/40,	 Avg.loss: 0.0008,	 Test Accuracy: 763/1000(76%)
Trained Task:3, Loaded task:0, Accuracy:85.3%
Trained Task:3, Loaded task:1, Accuracy:76.9%
Trained Task:3, Loaded task:2, Accuracy:81.6%
Trained Task:3, Loaded task:3, Accuracy:76.3%
Trained Task:3, Avg. Accuracy: 80.0 

List of avg. accuracy: [87.2, 82.8, 81.9, 80.0]
Layer        : conv1_layer.2.weight
R.histogram  : tensor([3., 3., 6., 3., 5., 5., 2., 0., 2., 3.], device='cuda:0')
R_sum max/min: 72.1/22.0
F max  		: 2.8917455673217773
O masx 		: 25.7943172454834
Layer        : conv2_layer.2.weight
R.histogram  : tensor([22., 18.,  8.,  5.,  2.,  2.,  0.,  0.,  0.,  7.], device='cuda:0')
R_sum max/min: 576.0/45.8
F max  		: 0.51641446352005
O masx 		: 5.338957786560059
Layer        : fc1_layer.1.weight
R.histogram  : tensor([ 47., 152., 261.,  24.,  11.,   6.,   5.,   2.,   1.,   3.],
       device='cuda:0')
R_sum max/min: 12793.4/1553.5
F max  		: 0.07898405194282532
O masx 		: 0.4054298400878906
Mask histogram
conv1_layer.2.weight: 	 tensor([   0.,    0.,    0.,    0.,    0., 8192.,    0.,    0.,    0.,    0.,
           0.], device='cuda:0')
conv2_layer.2.weight: 	 tensor([   0., 1280., 1728., 1088.,    0.,    0.,    0.,    0.,    0.,    0.,
           0.], device='cuda:0')
fc1_layer.1.weight: 	 tensor([ 78.,  87., 153., 149.,  45.,   0.,   0.,   0.,   0.,   0.,   0.],
       device='cuda:0')
Head Finetuning    :Task: 4,	 Epoch: 0/40,	 Avg.loss: 0.0031,	 Test Accuracy: 93/1000(9%)
Head Finetuning    :Task: 4,	 Epoch: 1/40,	 Avg.loss: 0.0029,	 Test Accuracy: 91/1000(9%)
Head Finetuning    :Task: 4,	 Epoch: 2/40,	 Avg.loss: 0.0028,	 Test Accuracy: 93/1000(9%)
Head Finetuning    :Task: 4,	 Epoch: 3/40,	 Avg.loss: 0.0027,	 Test Accuracy: 101/1000(10%)
Head Finetuning    :Task: 4,	 Epoch: 4/40,	 Avg.loss: 0.0026,	 Test Accuracy: 108/1000(11%)
Head Finetuning    :Task: 4,	 Epoch: 5/40,	 Avg.loss: 0.0025,	 Test Accuracy: 114/1000(11%)
Head Finetuning    :Task: 4,	 Epoch: 6/40,	 Avg.loss: 0.0025,	 Test Accuracy: 122/1000(12%)
Head Finetuning    :Task: 4,	 Epoch: 7/40,	 Avg.loss: 0.0024,	 Test Accuracy: 124/1000(12%)
Head Finetuning    :Task: 4,	 Epoch: 8/40,	 Avg.loss: 0.0024,	 Test Accuracy: 137/1000(14%)
Head Finetuning    :Task: 4,	 Epoch: 9/40,	 Avg.loss: 0.0024,	 Test Accuracy: 139/1000(14%)
Head Finetuning    :Task: 4,	 Epoch: 10/40,	 Avg.loss: 0.0023,	 Test Accuracy: 142/1000(14%)
Head Finetuning    :Task: 4,	 Epoch: 11/40,	 Avg.loss: 0.0023,	 Test Accuracy: 152/1000(15%)
Head Finetuning    :Task: 4,	 Epoch: 12/40,	 Avg.loss: 0.0023,	 Test Accuracy: 167/1000(17%)
Head Finetuning    :Task: 4,	 Epoch: 13/40,	 Avg.loss: 0.0022,	 Test Accuracy: 172/1000(17%)
Head Finetuning    :Task: 4,	 Epoch: 14/40,	 Avg.loss: 0.0022,	 Test Accuracy: 182/1000(18%)
Head Finetuning    :Task: 4,	 Epoch: 15/40,	 Avg.loss: 0.0022,	 Test Accuracy: 195/1000(20%)
Head Finetuning    :Task: 4,	 Epoch: 16/40,	 Avg.loss: 0.0022,	 Test Accuracy: 205/1000(21%)
Head Finetuning    :Task: 4,	 Epoch: 17/40,	 Avg.loss: 0.0022,	 Test Accuracy: 216/1000(22%)
Head Finetuning    :Task: 4,	 Epoch: 18/40,	 Avg.loss: 0.0021,	 Test Accuracy: 224/1000(22%)
Head Finetuning    :Task: 4,	 Epoch: 19/40,	 Avg.loss: 0.0021,	 Test Accuracy: 233/1000(23%)
Task: 4,	 Epoch: 0/40,	 Avg.loss: 0.0012,	 Test Accuracy: 620/1000(62%)
Task: 4,	 Epoch: 1/40,	 Avg.loss: 0.0010,	 Test Accuracy: 684/1000(68%)
Task: 4,	 Epoch: 2/40,	 Avg.loss: 0.0010,	 Test Accuracy: 678/1000(68%)
Task: 4,	 Epoch: 3/40,	 Avg.loss: 0.0009,	 Test Accuracy: 698/1000(70%)
Task: 4,	 Epoch: 4/40,	 Avg.loss: 0.0009,	 Test Accuracy: 721/1000(72%)
Task: 4,	 Epoch: 5/40,	 Avg.loss: 0.0008,	 Test Accuracy: 726/1000(73%)
Task: 4,	 Epoch: 6/40,	 Avg.loss: 0.0009,	 Test Accuracy: 712/1000(71%)
Task: 4,	 Epoch: 7/40,	 Avg.loss: 0.0009,	 Test Accuracy: 718/1000(72%)
Task: 4,	 Epoch: 8/40,	 Avg.loss: 0.0009,	 Test Accuracy: 735/1000(74%)
Task: 4,	 Epoch: 9/40,	 Avg.loss: 0.0008,	 Test Accuracy: 746/1000(75%)
Task: 4,	 Epoch: 10/40,	 Avg.loss: 0.0009,	 Test Accuracy: 723/1000(72%)
Task: 4,	 Epoch: 11/40,	 Avg.loss: 0.0009,	 Test Accuracy: 715/1000(72%)
Task: 4,	 Epoch: 12/40,	 Avg.loss: 0.0009,	 Test Accuracy: 740/1000(74%)
Task: 4,	 Epoch: 13/40,	 Avg.loss: 0.0009,	 Test Accuracy: 716/1000(72%)
Task: 4,	 Epoch: 14/40,	 Avg.loss: 0.0008,	 Test Accuracy: 742/1000(74%)
Task: 4,	 Epoch: 15/40,	 Avg.loss: 0.0009,	 Test Accuracy: 733/1000(73%)
Task: 4,	 Epoch: 16/40,	 Avg.loss: 0.0008,	 Test Accuracy: 751/1000(75%)
Task: 4,	 Epoch: 17/40,	 Avg.loss: 0.0008,	 Test Accuracy: 737/1000(74%)
Task: 4,	 Epoch: 18/40,	 Avg.loss: 0.0008,	 Test Accuracy: 745/1000(74%)
Task: 4,	 Epoch: 19/40,	 Avg.loss: 0.0008,	 Test Accuracy: 757/1000(76%)
Task: 4,	 Epoch: 20/40,	 Avg.loss: 0.0007,	 Test Accuracy: 767/1000(77%)
Task: 4,	 Epoch: 21/40,	 Avg.loss: 0.0007,	 Test Accuracy: 763/1000(76%)
Task: 4,	 Epoch: 22/40,	 Avg.loss: 0.0007,	 Test Accuracy: 759/1000(76%)
Task: 4,	 Epoch: 23/40,	 Avg.loss: 0.0007,	 Test Accuracy: 763/1000(76%)
Task: 4,	 Epoch: 24/40,	 Avg.loss: 0.0007,	 Test Accuracy: 767/1000(77%)
Task: 4,	 Epoch: 25/40,	 Avg.loss: 0.0007,	 Test Accuracy: 762/1000(76%)
Task: 4,	 Epoch: 26/40,	 Avg.loss: 0.0007,	 Test Accuracy: 764/1000(76%)
Task: 4,	 Epoch: 27/40,	 Avg.loss: 0.0007,	 Test Accuracy: 764/1000(76%)
Task: 4,	 Epoch: 28/40,	 Avg.loss: 0.0007,	 Test Accuracy: 764/1000(76%)
Task: 4,	 Epoch: 29/40,	 Avg.loss: 0.0007,	 Test Accuracy: 769/1000(77%)
Task: 4,	 Epoch: 30/40,	 Avg.loss: 0.0007,	 Test Accuracy: 767/1000(77%)
Task: 4,	 Epoch: 31/40,	 Avg.loss: 0.0007,	 Test Accuracy: 767/1000(77%)
Task: 4,	 Epoch: 32/40,	 Avg.loss: 0.0007,	 Test Accuracy: 770/1000(77%)
Task: 4,	 Epoch: 33/40,	 Avg.loss: 0.0007,	 Test Accuracy: 776/1000(78%)
Task: 4,	 Epoch: 34/40,	 Avg.loss: 0.0007,	 Test Accuracy: 772/1000(77%)
Task: 4,	 Epoch: 35/40,	 Avg.loss: 0.0007,	 Test Accuracy: 772/1000(77%)
Task: 4,	 Epoch: 36/40,	 Avg.loss: 0.0007,	 Test Accuracy: 770/1000(77%)
Task: 4,	 Epoch: 37/40,	 Avg.loss: 0.0007,	 Test Accuracy: 778/1000(78%)
Task: 4,	 Epoch: 38/40,	 Avg.loss: 0.0007,	 Test Accuracy: 770/1000(77%)
Task: 4,	 Epoch: 39/40,	 Avg.loss: 0.0007,	 Test Accuracy: 776/1000(78%)
Trained Task:4, Loaded task:0, Accuracy:80.9%
Trained Task:4, Loaded task:1, Accuracy:75.4%
Trained Task:4, Loaded task:2, Accuracy:79.6%
Trained Task:4, Loaded task:3, Accuracy:75.9%
Trained Task:4, Loaded task:4, Accuracy:77.6%
Trained Task:4, Avg. Accuracy: 77.9 

List of avg. accuracy: [87.2, 82.8, 81.9, 80.0, 77.9]
Layer        : conv1_layer.2.weight
R.histogram  : tensor([1., 5., 8., 4., 4., 3., 4., 0., 1., 2.], device='cuda:0')
R_sum max/min: 81.9/21.3
F max  		: 3.4022297859191895
O masx 		: 30.0115909576416
Layer        : conv2_layer.2.weight
R.histogram  : tensor([22., 23.,  9.,  3.,  0.,  0.,  0.,  0.,  0.,  7.], device='cuda:0')
R_sum max/min: 576.0/53.8
F max  		: 0.8544100522994995
O masx 		: 5.338957786560059
Layer        : fc1_layer.1.weight
R.histogram  : tensor([ 56., 180., 221.,  27.,   8.,   6.,   5.,   4.,   1.,   4.],
       device='cuda:0')
R_sum max/min: 14529.0/1464.0
F max  		: 0.07029334455728531
O masx 		: 0.4450332820415497
Mask histogram
conv1_layer.2.weight: 	 tensor([   0.,    0.,    0.,    0.,    0.,    0., 8192.,    0.,    0.,    0.,
           0.], device='cuda:0')
conv2_layer.2.weight: 	 tensor([   0.,  832., 1792.,  704.,  768.,    0.,    0.,    0.,    0.,    0.,
           0.], device='cuda:0')
fc1_layer.1.weight: 	 tensor([ 67.,  65., 142., 108.,  99.,  31.,   0.,   0.,   0.,   0.,   0.],
       device='cuda:0')
Head Finetuning    :Task: 5,	 Epoch: 0/40,	 Avg.loss: 0.0029,	 Test Accuracy: 136/1000(14%)
Head Finetuning    :Task: 5,	 Epoch: 1/40,	 Avg.loss: 0.0028,	 Test Accuracy: 136/1000(14%)
Head Finetuning    :Task: 5,	 Epoch: 2/40,	 Avg.loss: 0.0027,	 Test Accuracy: 137/1000(14%)
Head Finetuning    :Task: 5,	 Epoch: 3/40,	 Avg.loss: 0.0026,	 Test Accuracy: 140/1000(14%)
Head Finetuning    :Task: 5,	 Epoch: 4/40,	 Avg.loss: 0.0025,	 Test Accuracy: 145/1000(15%)
Head Finetuning    :Task: 5,	 Epoch: 5/40,	 Avg.loss: 0.0025,	 Test Accuracy: 148/1000(15%)
Head Finetuning    :Task: 5,	 Epoch: 6/40,	 Avg.loss: 0.0024,	 Test Accuracy: 152/1000(15%)
Head Finetuning    :Task: 5,	 Epoch: 7/40,	 Avg.loss: 0.0024,	 Test Accuracy: 155/1000(16%)
Head Finetuning    :Task: 5,	 Epoch: 8/40,	 Avg.loss: 0.0023,	 Test Accuracy: 163/1000(16%)
Head Finetuning    :Task: 5,	 Epoch: 9/40,	 Avg.loss: 0.0023,	 Test Accuracy: 176/1000(18%)
Head Finetuning    :Task: 5,	 Epoch: 10/40,	 Avg.loss: 0.0023,	 Test Accuracy: 183/1000(18%)
Head Finetuning    :Task: 5,	 Epoch: 11/40,	 Avg.loss: 0.0023,	 Test Accuracy: 190/1000(19%)
Head Finetuning    :Task: 5,	 Epoch: 12/40,	 Avg.loss: 0.0022,	 Test Accuracy: 196/1000(20%)
Head Finetuning    :Task: 5,	 Epoch: 13/40,	 Avg.loss: 0.0022,	 Test Accuracy: 195/1000(20%)
Head Finetuning    :Task: 5,	 Epoch: 14/40,	 Avg.loss: 0.0022,	 Test Accuracy: 201/1000(20%)
Head Finetuning    :Task: 5,	 Epoch: 15/40,	 Avg.loss: 0.0022,	 Test Accuracy: 202/1000(20%)
Head Finetuning    :Task: 5,	 Epoch: 16/40,	 Avg.loss: 0.0021,	 Test Accuracy: 203/1000(20%)
Head Finetuning    :Task: 5,	 Epoch: 17/40,	 Avg.loss: 0.0021,	 Test Accuracy: 208/1000(21%)
Head Finetuning    :Task: 5,	 Epoch: 18/40,	 Avg.loss: 0.0021,	 Test Accuracy: 216/1000(22%)
Head Finetuning    :Task: 5,	 Epoch: 19/40,	 Avg.loss: 0.0021,	 Test Accuracy: 217/1000(22%)
Task: 5,	 Epoch: 0/40,	 Avg.loss: 0.0011,	 Test Accuracy: 614/1000(61%)
Task: 5,	 Epoch: 1/40,	 Avg.loss: 0.0010,	 Test Accuracy: 664/1000(66%)
Task: 5,	 Epoch: 2/40,	 Avg.loss: 0.0011,	 Test Accuracy: 627/1000(63%)
Task: 5,	 Epoch: 3/40,	 Avg.loss: 0.0009,	 Test Accuracy: 682/1000(68%)
Task: 5,	 Epoch: 4/40,	 Avg.loss: 0.0009,	 Test Accuracy: 679/1000(68%)
Task: 5,	 Epoch: 5/40,	 Avg.loss: 0.0008,	 Test Accuracy: 715/1000(72%)
Task: 5,	 Epoch: 6/40,	 Avg.loss: 0.0008,	 Test Accuracy: 706/1000(71%)
Task: 5,	 Epoch: 7/40,	 Avg.loss: 0.0008,	 Test Accuracy: 694/1000(69%)
Task: 5,	 Epoch: 8/40,	 Avg.loss: 0.0008,	 Test Accuracy: 693/1000(69%)
Task: 5,	 Epoch: 9/40,	 Avg.loss: 0.0009,	 Test Accuracy: 700/1000(70%)
Task: 5,	 Epoch: 10/40,	 Avg.loss: 0.0009,	 Test Accuracy: 686/1000(69%)
Task: 5,	 Epoch: 11/40,	 Avg.loss: 0.0009,	 Test Accuracy: 696/1000(70%)
Task: 5,	 Epoch: 12/40,	 Avg.loss: 0.0008,	 Test Accuracy: 711/1000(71%)
Task: 5,	 Epoch: 13/40,	 Avg.loss: 0.0008,	 Test Accuracy: 726/1000(73%)
Task: 5,	 Epoch: 14/40,	 Avg.loss: 0.0008,	 Test Accuracy: 697/1000(70%)
Task: 5,	 Epoch: 15/40,	 Avg.loss: 0.0008,	 Test Accuracy: 716/1000(72%)
Task: 5,	 Epoch: 16/40,	 Avg.loss: 0.0008,	 Test Accuracy: 714/1000(71%)
Task: 5,	 Epoch: 17/40,	 Avg.loss: 0.0008,	 Test Accuracy: 717/1000(72%)
Task: 5,	 Epoch: 18/40,	 Avg.loss: 0.0008,	 Test Accuracy: 730/1000(73%)
Task: 5,	 Epoch: 19/40,	 Avg.loss: 0.0008,	 Test Accuracy: 723/1000(72%)
Task: 5,	 Epoch: 20/40,	 Avg.loss: 0.0008,	 Test Accuracy: 734/1000(73%)
Task: 5,	 Epoch: 21/40,	 Avg.loss: 0.0008,	 Test Accuracy: 738/1000(74%)
Task: 5,	 Epoch: 22/40,	 Avg.loss: 0.0008,	 Test Accuracy: 732/1000(73%)
Task: 5,	 Epoch: 23/40,	 Avg.loss: 0.0008,	 Test Accuracy: 734/1000(73%)
Task: 5,	 Epoch: 24/40,	 Avg.loss: 0.0008,	 Test Accuracy: 733/1000(73%)
Task: 5,	 Epoch: 25/40,	 Avg.loss: 0.0008,	 Test Accuracy: 735/1000(74%)
Task: 5,	 Epoch: 26/40,	 Avg.loss: 0.0008,	 Test Accuracy: 737/1000(74%)
Task: 5,	 Epoch: 27/40,	 Avg.loss: 0.0008,	 Test Accuracy: 738/1000(74%)
Task: 5,	 Epoch: 28/40,	 Avg.loss: 0.0008,	 Test Accuracy: 734/1000(73%)
Task: 5,	 Epoch: 29/40,	 Avg.loss: 0.0008,	 Test Accuracy: 734/1000(73%)
Task: 5,	 Epoch: 30/40,	 Avg.loss: 0.0008,	 Test Accuracy: 735/1000(74%)
Task: 5,	 Epoch: 31/40,	 Avg.loss: 0.0008,	 Test Accuracy: 732/1000(73%)
Task: 5,	 Epoch: 32/40,	 Avg.loss: 0.0008,	 Test Accuracy: 734/1000(73%)
Task: 5,	 Epoch: 33/40,	 Avg.loss: 0.0008,	 Test Accuracy: 736/1000(74%)
Task: 5,	 Epoch: 34/40,	 Avg.loss: 0.0008,	 Test Accuracy: 730/1000(73%)
Task: 5,	 Epoch: 35/40,	 Avg.loss: 0.0008,	 Test Accuracy: 731/1000(73%)
Task: 5,	 Epoch: 36/40,	 Avg.loss: 0.0008,	 Test Accuracy: 734/1000(73%)
Task: 5,	 Epoch: 37/40,	 Avg.loss: 0.0008,	 Test Accuracy: 741/1000(74%)
Task: 5,	 Epoch: 38/40,	 Avg.loss: 0.0008,	 Test Accuracy: 737/1000(74%)
Task: 5,	 Epoch: 39/40,	 Avg.loss: 0.0008,	 Test Accuracy: 732/1000(73%)
Trained Task:5, Loaded task:0, Accuracy:80.6%
Trained Task:5, Loaded task:1, Accuracy:75.1%
Trained Task:5, Loaded task:2, Accuracy:77.9%
Trained Task:5, Loaded task:3, Accuracy:75.9%
Trained Task:5, Loaded task:4, Accuracy:77.3%
Trained Task:5, Loaded task:5, Accuracy:73.2%
Trained Task:5, Avg. Accuracy: 76.7 

List of avg. accuracy: [87.2, 82.8, 81.9, 80.0, 77.9, 76.7]
Layer        : conv1_layer.2.weight
R.histogram  : tensor([3., 8., 7., 4., 4., 3., 1., 0., 1., 1.], device='cuda:0')
R_sum max/min: 82.1/21.9
F max  		: 3.362389087677002
O masx 		: 34.39756774902344
Layer        : conv2_layer.2.weight
R.histogram  : tensor([28., 25.,  3.,  1.,  0.,  0.,  0.,  0.,  0.,  7.], device='cuda:0')
R_sum max/min: 576.0/44.1
F max  		: 0.8462174534797668
O masx 		: 5.338957786560059
Layer        : fc1_layer.1.weight
R.histogram  : tensor([238., 246.,  14.,  10.,   2.,   0.,   0.,   1.,   0.,   1.],
       device='cuda:0')
R_sum max/min: 25772.1/1517.0
F max  		: 0.06537508219480515
O masx 		: 0.4450332820415497
Mask histogram
conv1_layer.2.weight: 	 tensor([   0.,    0.,    0.,    0.,    0.,    0.,    0., 8192.,    0.,    0.,
           0.], device='cuda:0')
conv2_layer.2.weight: 	 tensor([   0.,  640., 1408., 1024.,  448.,  576.,    0.,    0.,    0.,    0.,
           0.], device='cuda:0')
fc1_layer.1.weight: 	 tensor([ 49.,  64., 123., 106.,  68.,  84.,  18.,   0.,   0.,   0.,   0.],
       device='cuda:0')
Head Finetuning    :Task: 6,	 Epoch: 0/40,	 Avg.loss: 0.0032,	 Test Accuracy: 44/1000(4%)
Head Finetuning    :Task: 6,	 Epoch: 1/40,	 Avg.loss: 0.0030,	 Test Accuracy: 50/1000(5%)
Head Finetuning    :Task: 6,	 Epoch: 2/40,	 Avg.loss: 0.0028,	 Test Accuracy: 58/1000(6%)
Head Finetuning    :Task: 6,	 Epoch: 3/40,	 Avg.loss: 0.0027,	 Test Accuracy: 66/1000(7%)
Head Finetuning    :Task: 6,	 Epoch: 4/40,	 Avg.loss: 0.0027,	 Test Accuracy: 79/1000(8%)
Head Finetuning    :Task: 6,	 Epoch: 5/40,	 Avg.loss: 0.0026,	 Test Accuracy: 93/1000(9%)
Head Finetuning    :Task: 6,	 Epoch: 6/40,	 Avg.loss: 0.0025,	 Test Accuracy: 99/1000(10%)
Head Finetuning    :Task: 6,	 Epoch: 7/40,	 Avg.loss: 0.0025,	 Test Accuracy: 113/1000(11%)
Head Finetuning    :Task: 6,	 Epoch: 8/40,	 Avg.loss: 0.0024,	 Test Accuracy: 124/1000(12%)
Head Finetuning    :Task: 6,	 Epoch: 9/40,	 Avg.loss: 0.0024,	 Test Accuracy: 138/1000(14%)
Head Finetuning    :Task: 6,	 Epoch: 10/40,	 Avg.loss: 0.0023,	 Test Accuracy: 152/1000(15%)
Head Finetuning    :Task: 6,	 Epoch: 11/40,	 Avg.loss: 0.0023,	 Test Accuracy: 159/1000(16%)
Head Finetuning    :Task: 6,	 Epoch: 12/40,	 Avg.loss: 0.0023,	 Test Accuracy: 171/1000(17%)
Head Finetuning    :Task: 6,	 Epoch: 13/40,	 Avg.loss: 0.0022,	 Test Accuracy: 189/1000(19%)
Head Finetuning    :Task: 6,	 Epoch: 14/40,	 Avg.loss: 0.0022,	 Test Accuracy: 201/1000(20%)
Head Finetuning    :Task: 6,	 Epoch: 15/40,	 Avg.loss: 0.0022,	 Test Accuracy: 209/1000(21%)
Head Finetuning    :Task: 6,	 Epoch: 16/40,	 Avg.loss: 0.0022,	 Test Accuracy: 215/1000(22%)
Head Finetuning    :Task: 6,	 Epoch: 17/40,	 Avg.loss: 0.0021,	 Test Accuracy: 222/1000(22%)
Head Finetuning    :Task: 6,	 Epoch: 18/40,	 Avg.loss: 0.0021,	 Test Accuracy: 229/1000(23%)
Head Finetuning    :Task: 6,	 Epoch: 19/40,	 Avg.loss: 0.0021,	 Test Accuracy: 235/1000(24%)
Task: 6,	 Epoch: 0/40,	 Avg.loss: 0.0011,	 Test Accuracy: 623/1000(62%)
Task: 6,	 Epoch: 1/40,	 Avg.loss: 0.0010,	 Test Accuracy: 631/1000(63%)
Task: 6,	 Epoch: 2/40,	 Avg.loss: 0.0011,	 Test Accuracy: 603/1000(60%)
Task: 6,	 Epoch: 3/40,	 Avg.loss: 0.0009,	 Test Accuracy: 670/1000(67%)
Task: 6,	 Epoch: 4/40,	 Avg.loss: 0.0009,	 Test Accuracy: 685/1000(68%)
Task: 6,	 Epoch: 5/40,	 Avg.loss: 0.0009,	 Test Accuracy: 688/1000(69%)
Task: 6,	 Epoch: 6/40,	 Avg.loss: 0.0009,	 Test Accuracy: 692/1000(69%)
Task: 6,	 Epoch: 7/40,	 Avg.loss: 0.0009,	 Test Accuracy: 679/1000(68%)
Task: 6,	 Epoch: 8/40,	 Avg.loss: 0.0009,	 Test Accuracy: 689/1000(69%)
Task: 6,	 Epoch: 9/40,	 Avg.loss: 0.0008,	 Test Accuracy: 704/1000(70%)
Task: 6,	 Epoch: 10/40,	 Avg.loss: 0.0008,	 Test Accuracy: 699/1000(70%)
Task: 6,	 Epoch: 11/40,	 Avg.loss: 0.0008,	 Test Accuracy: 705/1000(70%)
Task: 6,	 Epoch: 12/40,	 Avg.loss: 0.0008,	 Test Accuracy: 697/1000(70%)
Task: 6,	 Epoch: 13/40,	 Avg.loss: 0.0008,	 Test Accuracy: 709/1000(71%)
Task: 6,	 Epoch: 14/40,	 Avg.loss: 0.0008,	 Test Accuracy: 701/1000(70%)
Task: 6,	 Epoch: 15/40,	 Avg.loss: 0.0008,	 Test Accuracy: 717/1000(72%)
Task: 6,	 Epoch: 16/40,	 Avg.loss: 0.0009,	 Test Accuracy: 699/1000(70%)
Task: 6,	 Epoch: 17/40,	 Avg.loss: 0.0008,	 Test Accuracy: 695/1000(70%)
Task: 6,	 Epoch: 18/40,	 Avg.loss: 0.0008,	 Test Accuracy: 713/1000(71%)
Task: 6,	 Epoch: 19/40,	 Avg.loss: 0.0008,	 Test Accuracy: 722/1000(72%)
Task: 6,	 Epoch: 20/40,	 Avg.loss: 0.0008,	 Test Accuracy: 721/1000(72%)
Task: 6,	 Epoch: 21/40,	 Avg.loss: 0.0008,	 Test Accuracy: 723/1000(72%)
Task: 6,	 Epoch: 22/40,	 Avg.loss: 0.0008,	 Test Accuracy: 726/1000(73%)
Task: 6,	 Epoch: 23/40,	 Avg.loss: 0.0008,	 Test Accuracy: 726/1000(73%)
Task: 6,	 Epoch: 24/40,	 Avg.loss: 0.0008,	 Test Accuracy: 724/1000(72%)
Task: 6,	 Epoch: 25/40,	 Avg.loss: 0.0008,	 Test Accuracy: 726/1000(73%)
Task: 6,	 Epoch: 26/40,	 Avg.loss: 0.0008,	 Test Accuracy: 718/1000(72%)
Task: 6,	 Epoch: 27/40,	 Avg.loss: 0.0008,	 Test Accuracy: 724/1000(72%)
Task: 6,	 Epoch: 28/40,	 Avg.loss: 0.0008,	 Test Accuracy: 720/1000(72%)
Task: 6,	 Epoch: 29/40,	 Avg.loss: 0.0008,	 Test Accuracy: 728/1000(73%)
Task: 6,	 Epoch: 30/40,	 Avg.loss: 0.0008,	 Test Accuracy: 726/1000(73%)
Task: 6,	 Epoch: 31/40,	 Avg.loss: 0.0008,	 Test Accuracy: 727/1000(73%)
Task: 6,	 Epoch: 32/40,	 Avg.loss: 0.0008,	 Test Accuracy: 729/1000(73%)
Task: 6,	 Epoch: 33/40,	 Avg.loss: 0.0008,	 Test Accuracy: 735/1000(74%)
Task: 6,	 Epoch: 34/40,	 Avg.loss: 0.0008,	 Test Accuracy: 728/1000(73%)
Task: 6,	 Epoch: 35/40,	 Avg.loss: 0.0008,	 Test Accuracy: 726/1000(73%)
Task: 6,	 Epoch: 36/40,	 Avg.loss: 0.0008,	 Test Accuracy: 724/1000(72%)
Task: 6,	 Epoch: 37/40,	 Avg.loss: 0.0008,	 Test Accuracy: 725/1000(72%)
Task: 6,	 Epoch: 38/40,	 Avg.loss: 0.0008,	 Test Accuracy: 723/1000(72%)
Task: 6,	 Epoch: 39/40,	 Avg.loss: 0.0008,	 Test Accuracy: 720/1000(72%)
Trained Task:6, Loaded task:0, Accuracy:80.0%
Trained Task:6, Loaded task:1, Accuracy:75.5%
Trained Task:6, Loaded task:2, Accuracy:77.4%
Trained Task:6, Loaded task:3, Accuracy:76.4%
Trained Task:6, Loaded task:4, Accuracy:76.9%
Trained Task:6, Loaded task:5, Accuracy:73.3%
Trained Task:6, Loaded task:6, Accuracy:72.0%
Trained Task:6, Avg. Accuracy: 75.9 

List of avg. accuracy: [87.2, 82.8, 81.9, 80.0, 77.9, 76.7, 75.9]
Layer        : conv1_layer.2.weight
R.histogram  : tensor([1., 7., 7., 4., 6., 2., 1., 2., 0., 2.], device='cuda:0')
R_sum max/min: 86.7/21.3
F max  		: 4.8253631591796875
O masx 		: 36.868473052978516
Layer        : conv2_layer.2.weight
R.histogram  : tensor([10., 41.,  6.,  0.,  0.,  0.,  0.,  0.,  0.,  7.], device='cuda:0')
R_sum max/min: 576.0/29.4
F max  		: 0.9983154535293579
O masx 		: 5.338957786560059
Layer        : fc1_layer.1.weight
R.histogram  : tensor([161., 315.,  20.,   5.,   3.,   3.,   3.,   0.,   0.,   2.],
       device='cuda:0')
R_sum max/min: 21597.6/1300.9
F max  		: 0.070834681391716
O masx 		: 0.624404788017273
Mask histogram
conv1_layer.2.weight: 	 tensor([   0.,    0.,    0.,    0.,    0.,    0.,    0.,    0., 8192.,    0.,
           0.], device='cuda:0')
conv2_layer.2.weight: 	 tensor([   0.,  384., 1344.,  896.,  832.,  128.,  512.,    0.,    0.,    0.,
           0.], device='cuda:0')
fc1_layer.1.weight: 	 tensor([ 47.,  46., 120.,  82.,  83.,  50.,  70.,  14.,   0.,   0.,   0.],
       device='cuda:0')
Head Finetuning    :Task: 7,	 Epoch: 0/40,	 Avg.loss: 0.0034,	 Test Accuracy: 148/1000(15%)
Head Finetuning    :Task: 7,	 Epoch: 1/40,	 Avg.loss: 0.0031,	 Test Accuracy: 157/1000(16%)
Head Finetuning    :Task: 7,	 Epoch: 2/40,	 Avg.loss: 0.0029,	 Test Accuracy: 149/1000(15%)
Head Finetuning    :Task: 7,	 Epoch: 3/40,	 Avg.loss: 0.0028,	 Test Accuracy: 152/1000(15%)
Head Finetuning    :Task: 7,	 Epoch: 4/40,	 Avg.loss: 0.0027,	 Test Accuracy: 155/1000(16%)
Head Finetuning    :Task: 7,	 Epoch: 5/40,	 Avg.loss: 0.0026,	 Test Accuracy: 157/1000(16%)
Head Finetuning    :Task: 7,	 Epoch: 6/40,	 Avg.loss: 0.0025,	 Test Accuracy: 166/1000(17%)
Head Finetuning    :Task: 7,	 Epoch: 7/40,	 Avg.loss: 0.0025,	 Test Accuracy: 162/1000(16%)
Head Finetuning    :Task: 7,	 Epoch: 8/40,	 Avg.loss: 0.0024,	 Test Accuracy: 173/1000(17%)
Head Finetuning    :Task: 7,	 Epoch: 9/40,	 Avg.loss: 0.0024,	 Test Accuracy: 173/1000(17%)
Head Finetuning    :Task: 7,	 Epoch: 10/40,	 Avg.loss: 0.0023,	 Test Accuracy: 179/1000(18%)
Head Finetuning    :Task: 7,	 Epoch: 11/40,	 Avg.loss: 0.0023,	 Test Accuracy: 188/1000(19%)
Head Finetuning    :Task: 7,	 Epoch: 12/40,	 Avg.loss: 0.0023,	 Test Accuracy: 194/1000(19%)
Head Finetuning    :Task: 7,	 Epoch: 13/40,	 Avg.loss: 0.0022,	 Test Accuracy: 199/1000(20%)
Head Finetuning    :Task: 7,	 Epoch: 14/40,	 Avg.loss: 0.0022,	 Test Accuracy: 204/1000(20%)
Head Finetuning    :Task: 7,	 Epoch: 15/40,	 Avg.loss: 0.0022,	 Test Accuracy: 214/1000(21%)
Head Finetuning    :Task: 7,	 Epoch: 16/40,	 Avg.loss: 0.0022,	 Test Accuracy: 223/1000(22%)
Head Finetuning    :Task: 7,	 Epoch: 17/40,	 Avg.loss: 0.0022,	 Test Accuracy: 227/1000(23%)
Head Finetuning    :Task: 7,	 Epoch: 18/40,	 Avg.loss: 0.0021,	 Test Accuracy: 229/1000(23%)
Head Finetuning    :Task: 7,	 Epoch: 19/40,	 Avg.loss: 0.0021,	 Test Accuracy: 240/1000(24%)
Task: 7,	 Epoch: 0/40,	 Avg.loss: 0.0013,	 Test Accuracy: 563/1000(56%)
Task: 7,	 Epoch: 1/40,	 Avg.loss: 0.0011,	 Test Accuracy: 594/1000(59%)
Task: 7,	 Epoch: 2/40,	 Avg.loss: 0.0011,	 Test Accuracy: 635/1000(64%)
Task: 7,	 Epoch: 3/40,	 Avg.loss: 0.0010,	 Test Accuracy: 643/1000(64%)
Task: 7,	 Epoch: 4/40,	 Avg.loss: 0.0010,	 Test Accuracy: 629/1000(63%)
Task: 7,	 Epoch: 5/40,	 Avg.loss: 0.0010,	 Test Accuracy: 620/1000(62%)
Task: 7,	 Epoch: 6/40,	 Avg.loss: 0.0010,	 Test Accuracy: 642/1000(64%)
Task: 7,	 Epoch: 7/40,	 Avg.loss: 0.0010,	 Test Accuracy: 656/1000(66%)
Task: 7,	 Epoch: 8/40,	 Avg.loss: 0.0010,	 Test Accuracy: 658/1000(66%)
Task: 7,	 Epoch: 9/40,	 Avg.loss: 0.0010,	 Test Accuracy: 646/1000(65%)
Task: 7,	 Epoch: 10/40,	 Avg.loss: 0.0010,	 Test Accuracy: 659/1000(66%)
Task: 7,	 Epoch: 11/40,	 Avg.loss: 0.0009,	 Test Accuracy: 654/1000(65%)
Task: 7,	 Epoch: 12/40,	 Avg.loss: 0.0009,	 Test Accuracy: 666/1000(67%)
Task: 7,	 Epoch: 13/40,	 Avg.loss: 0.0009,	 Test Accuracy: 677/1000(68%)
Task: 7,	 Epoch: 14/40,	 Avg.loss: 0.0009,	 Test Accuracy: 686/1000(69%)
Task: 7,	 Epoch: 15/40,	 Avg.loss: 0.0009,	 Test Accuracy: 669/1000(67%)
Task: 7,	 Epoch: 16/40,	 Avg.loss: 0.0009,	 Test Accuracy: 666/1000(67%)
Task: 7,	 Epoch: 17/40,	 Avg.loss: 0.0009,	 Test Accuracy: 680/1000(68%)
Task: 7,	 Epoch: 18/40,	 Avg.loss: 0.0009,	 Test Accuracy: 677/1000(68%)
Task: 7,	 Epoch: 19/40,	 Avg.loss: 0.0009,	 Test Accuracy: 675/1000(68%)
Task: 7,	 Epoch: 20/40,	 Avg.loss: 0.0009,	 Test Accuracy: 680/1000(68%)
Task: 7,	 Epoch: 21/40,	 Avg.loss: 0.0009,	 Test Accuracy: 687/1000(69%)
Task: 7,	 Epoch: 22/40,	 Avg.loss: 0.0009,	 Test Accuracy: 675/1000(68%)
Task: 7,	 Epoch: 23/40,	 Avg.loss: 0.0009,	 Test Accuracy: 690/1000(69%)
Task: 7,	 Epoch: 24/40,	 Avg.loss: 0.0009,	 Test Accuracy: 683/1000(68%)
Task: 7,	 Epoch: 25/40,	 Avg.loss: 0.0009,	 Test Accuracy: 685/1000(68%)
Task: 7,	 Epoch: 26/40,	 Avg.loss: 0.0009,	 Test Accuracy: 690/1000(69%)
Task: 7,	 Epoch: 27/40,	 Avg.loss: 0.0009,	 Test Accuracy: 686/1000(69%)
Task: 7,	 Epoch: 28/40,	 Avg.loss: 0.0009,	 Test Accuracy: 687/1000(69%)
Task: 7,	 Epoch: 29/40,	 Avg.loss: 0.0009,	 Test Accuracy: 685/1000(68%)
Task: 7,	 Epoch: 30/40,	 Avg.loss: 0.0009,	 Test Accuracy: 691/1000(69%)
Task: 7,	 Epoch: 31/40,	 Avg.loss: 0.0009,	 Test Accuracy: 687/1000(69%)
Task: 7,	 Epoch: 32/40,	 Avg.loss: 0.0009,	 Test Accuracy: 689/1000(69%)
Task: 7,	 Epoch: 33/40,	 Avg.loss: 0.0009,	 Test Accuracy: 682/1000(68%)
Task: 7,	 Epoch: 34/40,	 Avg.loss: 0.0009,	 Test Accuracy: 687/1000(69%)
Task: 7,	 Epoch: 35/40,	 Avg.loss: 0.0009,	 Test Accuracy: 686/1000(69%)
Task: 7,	 Epoch: 36/40,	 Avg.loss: 0.0009,	 Test Accuracy: 689/1000(69%)
Task: 7,	 Epoch: 37/40,	 Avg.loss: 0.0009,	 Test Accuracy: 688/1000(69%)
Task: 7,	 Epoch: 38/40,	 Avg.loss: 0.0009,	 Test Accuracy: 679/1000(68%)
Task: 7,	 Epoch: 39/40,	 Avg.loss: 0.0009,	 Test Accuracy: 688/1000(69%)
Trained Task:7, Loaded task:0, Accuracy:79.5%
Trained Task:7, Loaded task:1, Accuracy:75.3%
Trained Task:7, Loaded task:2, Accuracy:78.1%
Trained Task:7, Loaded task:3, Accuracy:76.1%
Trained Task:7, Loaded task:4, Accuracy:77.1%
Trained Task:7, Loaded task:5, Accuracy:73.5%
Trained Task:7, Loaded task:6, Accuracy:72.6%
Trained Task:7, Loaded task:7, Accuracy:68.8%
Trained Task:7, Avg. Accuracy: 75.1 

List of avg. accuracy: [87.2, 82.8, 81.9, 80.0, 77.9, 76.7, 75.9, 75.1]
Layer        : conv1_layer.2.weight
R.histogram  : tensor([5., 2., 5., 9., 7., 2., 1., 0., 0., 1.], device='cuda:0')
R_sum max/min: 111.0/20.4
F max  		: 6.3422627449035645
O masx 		: 38.936954498291016
Layer        : conv2_layer.2.weight
R.histogram  : tensor([19., 23.,  7.,  4.,  3.,  1.,  0.,  0.,  0.,  7.], device='cuda:0')
R_sum max/min: 576.0/40.2
F max  		: 1.0370337963104248
O masx 		: 5.338957786560059
Layer        : fc1_layer.1.weight
R.histogram  : tensor([108., 339.,  37.,  15.,   4.,   4.,   1.,   2.,   1.,   1.],
       device='cuda:0')
R_sum max/min: 15041.7/1418.3
F max  		: 0.1223926767706871
O masx 		: 0.624404788017273
Mask histogram
conv1_layer.2.weight: 	 tensor([   0.,    0.,    0.,    0.,    0.,    0.,    0.,    0.,    0., 8192.,
           0.], device='cuda:0')
conv2_layer.2.weight: 	 tensor([   0.,  192., 1152., 1024.,  896.,  256.,   64.,  512.,    0.,    0.,
           0.], device='cuda:0')
fc1_layer.1.weight: 	 tensor([22., 69., 96., 85., 69., 61., 38., 65.,  7.,  0.,  0.],
       device='cuda:0')
Head Finetuning    :Task: 8,	 Epoch: 0/40,	 Avg.loss: 0.0029,	 Test Accuracy: 95/1000(10%)
Head Finetuning    :Task: 8,	 Epoch: 1/40,	 Avg.loss: 0.0027,	 Test Accuracy: 107/1000(11%)
Head Finetuning    :Task: 8,	 Epoch: 2/40,	 Avg.loss: 0.0026,	 Test Accuracy: 117/1000(12%)
Head Finetuning    :Task: 8,	 Epoch: 3/40,	 Avg.loss: 0.0026,	 Test Accuracy: 122/1000(12%)
Head Finetuning    :Task: 8,	 Epoch: 4/40,	 Avg.loss: 0.0025,	 Test Accuracy: 128/1000(13%)
Head Finetuning    :Task: 8,	 Epoch: 5/40,	 Avg.loss: 0.0025,	 Test Accuracy: 133/1000(13%)
Head Finetuning    :Task: 8,	 Epoch: 6/40,	 Avg.loss: 0.0024,	 Test Accuracy: 139/1000(14%)
Head Finetuning    :Task: 8,	 Epoch: 7/40,	 Avg.loss: 0.0024,	 Test Accuracy: 141/1000(14%)
Head Finetuning    :Task: 8,	 Epoch: 8/40,	 Avg.loss: 0.0024,	 Test Accuracy: 150/1000(15%)
Head Finetuning    :Task: 8,	 Epoch: 9/40,	 Avg.loss: 0.0024,	 Test Accuracy: 159/1000(16%)
Head Finetuning    :Task: 8,	 Epoch: 10/40,	 Avg.loss: 0.0024,	 Test Accuracy: 166/1000(17%)
Head Finetuning    :Task: 8,	 Epoch: 11/40,	 Avg.loss: 0.0023,	 Test Accuracy: 175/1000(18%)
Head Finetuning    :Task: 8,	 Epoch: 12/40,	 Avg.loss: 0.0023,	 Test Accuracy: 179/1000(18%)
Head Finetuning    :Task: 8,	 Epoch: 13/40,	 Avg.loss: 0.0023,	 Test Accuracy: 184/1000(18%)
Head Finetuning    :Task: 8,	 Epoch: 14/40,	 Avg.loss: 0.0023,	 Test Accuracy: 186/1000(19%)
Head Finetuning    :Task: 8,	 Epoch: 15/40,	 Avg.loss: 0.0023,	 Test Accuracy: 190/1000(19%)
Head Finetuning    :Task: 8,	 Epoch: 16/40,	 Avg.loss: 0.0022,	 Test Accuracy: 193/1000(19%)
Head Finetuning    :Task: 8,	 Epoch: 17/40,	 Avg.loss: 0.0022,	 Test Accuracy: 196/1000(20%)
Head Finetuning    :Task: 8,	 Epoch: 18/40,	 Avg.loss: 0.0022,	 Test Accuracy: 200/1000(20%)
Head Finetuning    :Task: 8,	 Epoch: 19/40,	 Avg.loss: 0.0022,	 Test Accuracy: 204/1000(20%)
Task: 8,	 Epoch: 0/40,	 Avg.loss: 0.0012,	 Test Accuracy: 603/1000(60%)
Task: 8,	 Epoch: 1/40,	 Avg.loss: 0.0011,	 Test Accuracy: 638/1000(64%)
Task: 8,	 Epoch: 2/40,	 Avg.loss: 0.0011,	 Test Accuracy: 644/1000(64%)
Task: 8,	 Epoch: 3/40,	 Avg.loss: 0.0011,	 Test Accuracy: 624/1000(62%)
Task: 8,	 Epoch: 4/40,	 Avg.loss: 0.0010,	 Test Accuracy: 650/1000(65%)
Task: 8,	 Epoch: 5/40,	 Avg.loss: 0.0009,	 Test Accuracy: 688/1000(69%)
Task: 8,	 Epoch: 6/40,	 Avg.loss: 0.0010,	 Test Accuracy: 667/1000(67%)
Task: 8,	 Epoch: 7/40,	 Avg.loss: 0.0009,	 Test Accuracy: 700/1000(70%)
Task: 8,	 Epoch: 8/40,	 Avg.loss: 0.0009,	 Test Accuracy: 722/1000(72%)
Task: 8,	 Epoch: 9/40,	 Avg.loss: 0.0010,	 Test Accuracy: 669/1000(67%)
Task: 8,	 Epoch: 10/40,	 Avg.loss: 0.0009,	 Test Accuracy: 711/1000(71%)
Task: 8,	 Epoch: 11/40,	 Avg.loss: 0.0009,	 Test Accuracy: 704/1000(70%)
Task: 8,	 Epoch: 12/40,	 Avg.loss: 0.0008,	 Test Accuracy: 717/1000(72%)
Task: 8,	 Epoch: 13/40,	 Avg.loss: 0.0009,	 Test Accuracy: 701/1000(70%)
Task: 8,	 Epoch: 14/40,	 Avg.loss: 0.0008,	 Test Accuracy: 712/1000(71%)
Task: 8,	 Epoch: 15/40,	 Avg.loss: 0.0008,	 Test Accuracy: 737/1000(74%)
Task: 8,	 Epoch: 16/40,	 Avg.loss: 0.0009,	 Test Accuracy: 703/1000(70%)
Task: 8,	 Epoch: 17/40,	 Avg.loss: 0.0008,	 Test Accuracy: 724/1000(72%)
Task: 8,	 Epoch: 18/40,	 Avg.loss: 0.0008,	 Test Accuracy: 728/1000(73%)
Task: 8,	 Epoch: 19/40,	 Avg.loss: 0.0009,	 Test Accuracy: 710/1000(71%)
Task: 8,	 Epoch: 20/40,	 Avg.loss: 0.0008,	 Test Accuracy: 747/1000(75%)
Task: 8,	 Epoch: 21/40,	 Avg.loss: 0.0008,	 Test Accuracy: 743/1000(74%)
Task: 8,	 Epoch: 22/40,	 Avg.loss: 0.0008,	 Test Accuracy: 742/1000(74%)
Task: 8,	 Epoch: 23/40,	 Avg.loss: 0.0008,	 Test Accuracy: 750/1000(75%)
Task: 8,	 Epoch: 24/40,	 Avg.loss: 0.0008,	 Test Accuracy: 747/1000(75%)
Task: 8,	 Epoch: 25/40,	 Avg.loss: 0.0008,	 Test Accuracy: 752/1000(75%)
Task: 8,	 Epoch: 26/40,	 Avg.loss: 0.0008,	 Test Accuracy: 751/1000(75%)
Task: 8,	 Epoch: 27/40,	 Avg.loss: 0.0008,	 Test Accuracy: 746/1000(75%)
Task: 8,	 Epoch: 28/40,	 Avg.loss: 0.0008,	 Test Accuracy: 752/1000(75%)
Task: 8,	 Epoch: 29/40,	 Avg.loss: 0.0008,	 Test Accuracy: 746/1000(75%)
Task: 8,	 Epoch: 30/40,	 Avg.loss: 0.0008,	 Test Accuracy: 748/1000(75%)
Task: 8,	 Epoch: 31/40,	 Avg.loss: 0.0008,	 Test Accuracy: 754/1000(75%)
Task: 8,	 Epoch: 32/40,	 Avg.loss: 0.0008,	 Test Accuracy: 752/1000(75%)
Task: 8,	 Epoch: 33/40,	 Avg.loss: 0.0008,	 Test Accuracy: 749/1000(75%)
Task: 8,	 Epoch: 34/40,	 Avg.loss: 0.0008,	 Test Accuracy: 757/1000(76%)
Task: 8,	 Epoch: 35/40,	 Avg.loss: 0.0008,	 Test Accuracy: 754/1000(75%)
Task: 8,	 Epoch: 36/40,	 Avg.loss: 0.0008,	 Test Accuracy: 751/1000(75%)
Task: 8,	 Epoch: 37/40,	 Avg.loss: 0.0008,	 Test Accuracy: 748/1000(75%)
Task: 8,	 Epoch: 38/40,	 Avg.loss: 0.0008,	 Test Accuracy: 755/1000(76%)
Task: 8,	 Epoch: 39/40,	 Avg.loss: 0.0008,	 Test Accuracy: 757/1000(76%)
Trained Task:8, Loaded task:0, Accuracy:79.9%
Trained Task:8, Loaded task:1, Accuracy:76.0%
Trained Task:8, Loaded task:2, Accuracy:78.8%
Trained Task:8, Loaded task:3, Accuracy:75.9%
Trained Task:8, Loaded task:4, Accuracy:77.3%
Trained Task:8, Loaded task:5, Accuracy:74.5%
Trained Task:8, Loaded task:6, Accuracy:72.7%
Trained Task:8, Loaded task:7, Accuracy:68.8%
Trained Task:8, Loaded task:8, Accuracy:75.7%
Trained Task:8, Avg. Accuracy: 75.5 

List of avg. accuracy: [87.2, 82.8, 81.9, 80.0, 77.9, 76.7, 75.9, 75.1, 75.5]
Layer        : conv1_layer.2.weight
R.histogram  : tensor([ 5.,  6., 10.,  3.,  6.,  0.,  0.,  1.,  0.,  1.], device='cuda:0')
R_sum max/min: 92.3/29.5
F max  		: 5.854515552520752
O masx 		: 41.896236419677734
Layer        : conv2_layer.2.weight
R.histogram  : tensor([26., 26.,  5.,  0.,  0.,  0.,  0.,  0.,  0.,  7.], device='cuda:0')
R_sum max/min: 576.0/42.1
F max  		: 1.0996103286743164
O masx 		: 5.7084479331970215
Layer        : fc1_layer.1.weight
R.histogram  : tensor([ 36., 171., 120., 168.,   4.,   3.,   6.,   1.,   2.,   1.],
       device='cuda:0')
R_sum max/min: 9379.5/1515.0
F max  		: 0.17384657263755798
O masx 		: 0.624404788017273
Mask histogram
conv1_layer.2.weight: 	 tensor([   0.,    0.,    0.,    0.,    0.,    0.,    0.,    0.,    0.,    0.,
        8192.], device='cuda:0')
conv2_layer.2.weight: 	 tensor([   0.,  128., 1152.,  704.,  896.,  512.,  128.,   64.,  512.,    0.,
           0.], device='cuda:0')
fc1_layer.1.weight: 	 tensor([  0.,  61., 121.,  66.,  77.,  45.,  48.,  37.,  54.,   3.,   0.],
       device='cuda:0')
Head Finetuning    :Task: 9,	 Epoch: 0/40,	 Avg.loss: 0.0029,	 Test Accuracy: 65/1000(7%)
Head Finetuning    :Task: 9,	 Epoch: 1/40,	 Avg.loss: 0.0028,	 Test Accuracy: 79/1000(8%)
Head Finetuning    :Task: 9,	 Epoch: 2/40,	 Avg.loss: 0.0027,	 Test Accuracy: 87/1000(9%)
Head Finetuning    :Task: 9,	 Epoch: 3/40,	 Avg.loss: 0.0026,	 Test Accuracy: 97/1000(10%)
Head Finetuning    :Task: 9,	 Epoch: 4/40,	 Avg.loss: 0.0026,	 Test Accuracy: 112/1000(11%)
Head Finetuning    :Task: 9,	 Epoch: 5/40,	 Avg.loss: 0.0025,	 Test Accuracy: 122/1000(12%)
Head Finetuning    :Task: 9,	 Epoch: 6/40,	 Avg.loss: 0.0025,	 Test Accuracy: 131/1000(13%)
Head Finetuning    :Task: 9,	 Epoch: 7/40,	 Avg.loss: 0.0025,	 Test Accuracy: 132/1000(13%)
Head Finetuning    :Task: 9,	 Epoch: 8/40,	 Avg.loss: 0.0024,	 Test Accuracy: 138/1000(14%)
Head Finetuning    :Task: 9,	 Epoch: 9/40,	 Avg.loss: 0.0024,	 Test Accuracy: 144/1000(14%)
Head Finetuning    :Task: 9,	 Epoch: 10/40,	 Avg.loss: 0.0024,	 Test Accuracy: 153/1000(15%)
Head Finetuning    :Task: 9,	 Epoch: 11/40,	 Avg.loss: 0.0024,	 Test Accuracy: 155/1000(16%)
Head Finetuning    :Task: 9,	 Epoch: 12/40,	 Avg.loss: 0.0024,	 Test Accuracy: 163/1000(16%)
Head Finetuning    :Task: 9,	 Epoch: 13/40,	 Avg.loss: 0.0023,	 Test Accuracy: 169/1000(17%)
Head Finetuning    :Task: 9,	 Epoch: 14/40,	 Avg.loss: 0.0023,	 Test Accuracy: 170/1000(17%)
Head Finetuning    :Task: 9,	 Epoch: 15/40,	 Avg.loss: 0.0023,	 Test Accuracy: 178/1000(18%)
Head Finetuning    :Task: 9,	 Epoch: 16/40,	 Avg.loss: 0.0023,	 Test Accuracy: 188/1000(19%)
Head Finetuning    :Task: 9,	 Epoch: 17/40,	 Avg.loss: 0.0023,	 Test Accuracy: 187/1000(19%)
Head Finetuning    :Task: 9,	 Epoch: 18/40,	 Avg.loss: 0.0023,	 Test Accuracy: 194/1000(19%)
Head Finetuning    :Task: 9,	 Epoch: 19/40,	 Avg.loss: 0.0022,	 Test Accuracy: 198/1000(20%)
Task: 9,	 Epoch: 0/40,	 Avg.loss: 0.0012,	 Test Accuracy: 566/1000(57%)
Task: 9,	 Epoch: 1/40,	 Avg.loss: 0.0011,	 Test Accuracy: 644/1000(64%)
Task: 9,	 Epoch: 2/40,	 Avg.loss: 0.0011,	 Test Accuracy: 635/1000(64%)
Task: 9,	 Epoch: 3/40,	 Avg.loss: 0.0010,	 Test Accuracy: 661/1000(66%)
Task: 9,	 Epoch: 4/40,	 Avg.loss: 0.0009,	 Test Accuracy: 715/1000(72%)
Task: 9,	 Epoch: 5/40,	 Avg.loss: 0.0009,	 Test Accuracy: 719/1000(72%)
Task: 9,	 Epoch: 6/40,	 Avg.loss: 0.0008,	 Test Accuracy: 738/1000(74%)
Task: 9,	 Epoch: 7/40,	 Avg.loss: 0.0009,	 Test Accuracy: 708/1000(71%)
Task: 9,	 Epoch: 8/40,	 Avg.loss: 0.0008,	 Test Accuracy: 715/1000(72%)
Task: 9,	 Epoch: 9/40,	 Avg.loss: 0.0008,	 Test Accuracy: 752/1000(75%)
Task: 9,	 Epoch: 10/40,	 Avg.loss: 0.0008,	 Test Accuracy: 746/1000(75%)
Task: 9,	 Epoch: 11/40,	 Avg.loss: 0.0008,	 Test Accuracy: 719/1000(72%)
Task: 9,	 Epoch: 12/40,	 Avg.loss: 0.0008,	 Test Accuracy: 743/1000(74%)
Task: 9,	 Epoch: 13/40,	 Avg.loss: 0.0008,	 Test Accuracy: 729/1000(73%)
Task: 9,	 Epoch: 14/40,	 Avg.loss: 0.0008,	 Test Accuracy: 744/1000(74%)
Task: 9,	 Epoch: 15/40,	 Avg.loss: 0.0007,	 Test Accuracy: 756/1000(76%)
Task: 9,	 Epoch: 16/40,	 Avg.loss: 0.0007,	 Test Accuracy: 760/1000(76%)
Task: 9,	 Epoch: 17/40,	 Avg.loss: 0.0007,	 Test Accuracy: 758/1000(76%)
Task: 9,	 Epoch: 18/40,	 Avg.loss: 0.0007,	 Test Accuracy: 749/1000(75%)
Task: 9,	 Epoch: 19/40,	 Avg.loss: 0.0007,	 Test Accuracy: 765/1000(76%)
Task: 9,	 Epoch: 20/40,	 Avg.loss: 0.0007,	 Test Accuracy: 769/1000(77%)
Task: 9,	 Epoch: 21/40,	 Avg.loss: 0.0007,	 Test Accuracy: 775/1000(78%)
Task: 9,	 Epoch: 22/40,	 Avg.loss: 0.0007,	 Test Accuracy: 762/1000(76%)
Task: 9,	 Epoch: 23/40,	 Avg.loss: 0.0007,	 Test Accuracy: 777/1000(78%)
Task: 9,	 Epoch: 24/40,	 Avg.loss: 0.0007,	 Test Accuracy: 764/1000(76%)
Task: 9,	 Epoch: 25/40,	 Avg.loss: 0.0007,	 Test Accuracy: 771/1000(77%)
Task: 9,	 Epoch: 26/40,	 Avg.loss: 0.0007,	 Test Accuracy: 766/1000(77%)
Task: 9,	 Epoch: 27/40,	 Avg.loss: 0.0007,	 Test Accuracy: 766/1000(77%)
Task: 9,	 Epoch: 28/40,	 Avg.loss: 0.0007,	 Test Accuracy: 769/1000(77%)
Task: 9,	 Epoch: 29/40,	 Avg.loss: 0.0007,	 Test Accuracy: 772/1000(77%)
Task: 9,	 Epoch: 30/40,	 Avg.loss: 0.0007,	 Test Accuracy: 766/1000(77%)
Task: 9,	 Epoch: 31/40,	 Avg.loss: 0.0007,	 Test Accuracy: 769/1000(77%)
Task: 9,	 Epoch: 32/40,	 Avg.loss: 0.0007,	 Test Accuracy: 774/1000(77%)
Task: 9,	 Epoch: 33/40,	 Avg.loss: 0.0007,	 Test Accuracy: 774/1000(77%)
Task: 9,	 Epoch: 34/40,	 Avg.loss: 0.0007,	 Test Accuracy: 776/1000(78%)
Task: 9,	 Epoch: 35/40,	 Avg.loss: 0.0007,	 Test Accuracy: 774/1000(77%)
Task: 9,	 Epoch: 36/40,	 Avg.loss: 0.0007,	 Test Accuracy: 777/1000(78%)
Task: 9,	 Epoch: 37/40,	 Avg.loss: 0.0007,	 Test Accuracy: 775/1000(78%)
Task: 9,	 Epoch: 38/40,	 Avg.loss: 0.0007,	 Test Accuracy: 770/1000(77%)
Task: 9,	 Epoch: 39/40,	 Avg.loss: 0.0007,	 Test Accuracy: 783/1000(78%)
Trained Task:9, Loaded task:0, Accuracy:79.2%
Trained Task:9, Loaded task:1, Accuracy:75.8%
Trained Task:9, Loaded task:2, Accuracy:77.7%
Trained Task:9, Loaded task:3, Accuracy:74.6%
Trained Task:9, Loaded task:4, Accuracy:76.8%
Trained Task:9, Loaded task:5, Accuracy:74.1%
Trained Task:9, Loaded task:6, Accuracy:72.6%
Trained Task:9, Loaded task:7, Accuracy:68.4%
Trained Task:9, Loaded task:8, Accuracy:74.7%
Trained Task:9, Loaded task:9, Accuracy:78.3%
Trained Task:9, Avg. Accuracy: 75.2 

List of avg. accuracy: [87.2, 82.8, 81.9, 80.0, 77.9, 76.7, 75.9, 75.1, 75.5, 75.2]
