Layer        : conv1_layer.2.weight
R.histogram  : tensor([4., 6., 6., 5., 3., 0., 3., 2., 0., 3.], device='cuda:0')
R_sum max/min: 2910.2/346.5
F max  		: 0.3877050280570984
O masx 		: 0.0
Layer        : conv2_layer.2.weight
R.histogram  : tensor([10., 12., 10.,  8.,  6.,  2.,  4.,  3.,  3.,  6.], device='cuda:0')
R_sum max/min: 3445.7/576.0
F max  		: 0.1811704933643341
O masx 		: 0.0
Layer        : fc1_layer.1.weight
R.histogram  : tensor([305., 133.,  49.,  14.,   4.,   2.,   2.,   0.,   2.,   1.],
       device='cuda:0')
R_sum max/min: 38149.6/4096.0
F max  		: 0.009891247376799583
O masx 		: 0.0
Mask histogram
conv1_layer.2.weight: 	 tensor([   0., 8192.,    0.,    0.,    0.,    0.,    0.,    0.,    0.,    0.,
           0.], device='cuda:0')
conv2_layer.2.weight: 	 tensor([2496., 1600.,    0.,    0.,    0.,    0.,    0.,    0.,    0.,    0.,
           0.], device='cuda:0')
fc1_layer.1.weight: 	 tensor([308., 204.,   0.,   0.,   0.,   0.,   0.,   0.,   0.,   0.,   0.],
       device='cuda:0')
Head Finetuning    :Task: 0,	 Epoch: 0/40,	 Avg.loss: 0.0014,	 Test Accuracy: 551/1000(55%)
Head Finetuning    :Task: 0,	 Epoch: 1/40,	 Avg.loss: 0.0012,	 Test Accuracy: 609/1000(61%)
Head Finetuning    :Task: 0,	 Epoch: 2/40,	 Avg.loss: 0.0011,	 Test Accuracy: 631/1000(63%)
Head Finetuning    :Task: 0,	 Epoch: 3/40,	 Avg.loss: 0.0010,	 Test Accuracy: 650/1000(65%)
Head Finetuning    :Task: 0,	 Epoch: 4/40,	 Avg.loss: 0.0010,	 Test Accuracy: 658/1000(66%)
Head Finetuning    :Task: 0,	 Epoch: 5/40,	 Avg.loss: 0.0010,	 Test Accuracy: 667/1000(67%)
Head Finetuning    :Task: 0,	 Epoch: 6/40,	 Avg.loss: 0.0010,	 Test Accuracy: 679/1000(68%)
Head Finetuning    :Task: 0,	 Epoch: 7/40,	 Avg.loss: 0.0010,	 Test Accuracy: 671/1000(67%)
Head Finetuning    :Task: 0,	 Epoch: 8/40,	 Avg.loss: 0.0010,	 Test Accuracy: 682/1000(68%)
Head Finetuning    :Task: 0,	 Epoch: 9/40,	 Avg.loss: 0.0009,	 Test Accuracy: 692/1000(69%)
Head Finetuning    :Task: 0,	 Epoch: 10/40,	 Avg.loss: 0.0009,	 Test Accuracy: 689/1000(69%)
Head Finetuning    :Task: 0,	 Epoch: 11/40,	 Avg.loss: 0.0009,	 Test Accuracy: 693/1000(69%)
Head Finetuning    :Task: 0,	 Epoch: 12/40,	 Avg.loss: 0.0009,	 Test Accuracy: 692/1000(69%)
Head Finetuning    :Task: 0,	 Epoch: 13/40,	 Avg.loss: 0.0009,	 Test Accuracy: 698/1000(70%)
Head Finetuning    :Task: 0,	 Epoch: 14/40,	 Avg.loss: 0.0009,	 Test Accuracy: 688/1000(69%)
Head Finetuning    :Task: 0,	 Epoch: 15/40,	 Avg.loss: 0.0009,	 Test Accuracy: 679/1000(68%)
Head Finetuning    :Task: 0,	 Epoch: 16/40,	 Avg.loss: 0.0009,	 Test Accuracy: 686/1000(69%)
Head Finetuning    :Task: 0,	 Epoch: 17/40,	 Avg.loss: 0.0009,	 Test Accuracy: 692/1000(69%)
Head Finetuning    :Task: 0,	 Epoch: 18/40,	 Avg.loss: 0.0009,	 Test Accuracy: 685/1000(68%)
Head Finetuning    :Task: 0,	 Epoch: 19/40,	 Avg.loss: 0.0009,	 Test Accuracy: 693/1000(69%)
Task: 0,	 Epoch: 0/40,	 Avg.loss: 0.0008,	 Test Accuracy: 703/1000(70%)
Task: 0,	 Epoch: 1/40,	 Avg.loss: 0.0008,	 Test Accuracy: 736/1000(74%)
Task: 0,	 Epoch: 2/40,	 Avg.loss: 0.0007,	 Test Accuracy: 779/1000(78%)
Task: 0,	 Epoch: 3/40,	 Avg.loss: 0.0007,	 Test Accuracy: 765/1000(76%)
Task: 0,	 Epoch: 4/40,	 Avg.loss: 0.0006,	 Test Accuracy: 801/1000(80%)
Task: 0,	 Epoch: 5/40,	 Avg.loss: 0.0006,	 Test Accuracy: 794/1000(79%)
Task: 0,	 Epoch: 6/40,	 Avg.loss: 0.0007,	 Test Accuracy: 790/1000(79%)
Task: 0,	 Epoch: 7/40,	 Avg.loss: 0.0007,	 Test Accuracy: 783/1000(78%)
Task: 0,	 Epoch: 8/40,	 Avg.loss: 0.0006,	 Test Accuracy: 826/1000(83%)
Task: 0,	 Epoch: 9/40,	 Avg.loss: 0.0005,	 Test Accuracy: 842/1000(84%)
Task: 0,	 Epoch: 10/40,	 Avg.loss: 0.0005,	 Test Accuracy: 832/1000(83%)
Task: 0,	 Epoch: 11/40,	 Avg.loss: 0.0005,	 Test Accuracy: 825/1000(83%)
Task: 0,	 Epoch: 12/40,	 Avg.loss: 0.0006,	 Test Accuracy: 816/1000(82%)
Task: 0,	 Epoch: 13/40,	 Avg.loss: 0.0006,	 Test Accuracy: 823/1000(82%)
Task: 0,	 Epoch: 14/40,	 Avg.loss: 0.0005,	 Test Accuracy: 836/1000(84%)
Task: 0,	 Epoch: 15/40,	 Avg.loss: 0.0006,	 Test Accuracy: 819/1000(82%)
Task: 0,	 Epoch: 16/40,	 Avg.loss: 0.0006,	 Test Accuracy: 823/1000(82%)
Task: 0,	 Epoch: 17/40,	 Avg.loss: 0.0005,	 Test Accuracy: 847/1000(85%)
Task: 0,	 Epoch: 18/40,	 Avg.loss: 0.0005,	 Test Accuracy: 837/1000(84%)
Task: 0,	 Epoch: 19/40,	 Avg.loss: 0.0006,	 Test Accuracy: 837/1000(84%)
Task: 0,	 Epoch: 20/40,	 Avg.loss: 0.0005,	 Test Accuracy: 850/1000(85%)
Task: 0,	 Epoch: 21/40,	 Avg.loss: 0.0005,	 Test Accuracy: 854/1000(85%)
Task: 0,	 Epoch: 22/40,	 Avg.loss: 0.0005,	 Test Accuracy: 857/1000(86%)
Task: 0,	 Epoch: 23/40,	 Avg.loss: 0.0005,	 Test Accuracy: 856/1000(86%)
Task: 0,	 Epoch: 24/40,	 Avg.loss: 0.0005,	 Test Accuracy: 856/1000(86%)
Task: 0,	 Epoch: 25/40,	 Avg.loss: 0.0005,	 Test Accuracy: 853/1000(85%)
Task: 0,	 Epoch: 26/40,	 Avg.loss: 0.0005,	 Test Accuracy: 860/1000(86%)
Task: 0,	 Epoch: 27/40,	 Avg.loss: 0.0005,	 Test Accuracy: 854/1000(85%)
Task: 0,	 Epoch: 28/40,	 Avg.loss: 0.0005,	 Test Accuracy: 854/1000(85%)
Task: 0,	 Epoch: 29/40,	 Avg.loss: 0.0005,	 Test Accuracy: 855/1000(86%)
Task: 0,	 Epoch: 30/40,	 Avg.loss: 0.0005,	 Test Accuracy: 856/1000(86%)
Task: 0,	 Epoch: 31/40,	 Avg.loss: 0.0005,	 Test Accuracy: 851/1000(85%)
Task: 0,	 Epoch: 32/40,	 Avg.loss: 0.0005,	 Test Accuracy: 859/1000(86%)
Task: 0,	 Epoch: 33/40,	 Avg.loss: 0.0005,	 Test Accuracy: 859/1000(86%)
Task: 0,	 Epoch: 34/40,	 Avg.loss: 0.0005,	 Test Accuracy: 853/1000(85%)
Task: 0,	 Epoch: 35/40,	 Avg.loss: 0.0005,	 Test Accuracy: 860/1000(86%)
Task: 0,	 Epoch: 36/40,	 Avg.loss: 0.0005,	 Test Accuracy: 858/1000(86%)
Task: 0,	 Epoch: 37/40,	 Avg.loss: 0.0005,	 Test Accuracy: 863/1000(86%)
Task: 0,	 Epoch: 38/40,	 Avg.loss: 0.0005,	 Test Accuracy: 852/1000(85%)
Task: 0,	 Epoch: 39/40,	 Avg.loss: 0.0005,	 Test Accuracy: 858/1000(86%)
Trained Task:0, Loaded task:0, Accuracy:85.8%
Trained Task:0, Avg. Accuracy: 85.8 

List of avg. accuracy: [85.8]
Layer        : conv1_layer.2.weight
R.histogram  : tensor([6., 6., 8., 5., 2., 1., 2., 1., 0., 1.], device='cuda:0')
R_sum max/min: 119.3/33.0
F max  		: 1.147828459739685
O masx 		: 11.781962394714355
Layer        : conv2_layer.2.weight
R.histogram  : tensor([25.,  0.,  7.,  6.,  8.,  9.,  2.,  3.,  1.,  3.], device='cuda:0')
R_sum max/min: 2242.7/39.0
F max  		: 0.33678680658340454
O masx 		: 3.520890235900879
Layer        : fc1_layer.1.weight
R.histogram  : tensor([ 38., 301.,  75.,  52.,  24.,  11.,   4.,   3.,   2.,   2.],
       device='cuda:0')
R_sum max/min: 12395.4/2947.3
F max  		: 0.024121852591633797
O masx 		: 0.31182342767715454
Mask histogram
conv1_layer.2.weight: 	 tensor([   0.,    0., 8192.,    0.,    0.,    0.,    0.,    0.,    0.,    0.,
           0.], device='cuda:0')
conv2_layer.2.weight: 	 tensor([ 896., 3200.,    0.,    0.,    0.,    0.,    0.,    0.,    0.,    0.,
           0.], device='cuda:0')
fc1_layer.1.weight: 	 tensor([223., 170., 119.,   0.,   0.,   0.,   0.,   0.,   0.,   0.,   0.],
       device='cuda:0')
Head Finetuning    :Task: 1,	 Epoch: 0/40,	 Avg.loss: 0.0025,	 Test Accuracy: 123/1000(12%)
Head Finetuning    :Task: 1,	 Epoch: 1/40,	 Avg.loss: 0.0024,	 Test Accuracy: 127/1000(13%)
Head Finetuning    :Task: 1,	 Epoch: 2/40,	 Avg.loss: 0.0024,	 Test Accuracy: 131/1000(13%)
Head Finetuning    :Task: 1,	 Epoch: 3/40,	 Avg.loss: 0.0023,	 Test Accuracy: 142/1000(14%)
Head Finetuning    :Task: 1,	 Epoch: 4/40,	 Avg.loss: 0.0023,	 Test Accuracy: 153/1000(15%)
Head Finetuning    :Task: 1,	 Epoch: 5/40,	 Avg.loss: 0.0023,	 Test Accuracy: 154/1000(15%)
Head Finetuning    :Task: 1,	 Epoch: 6/40,	 Avg.loss: 0.0023,	 Test Accuracy: 167/1000(17%)
Head Finetuning    :Task: 1,	 Epoch: 7/40,	 Avg.loss: 0.0022,	 Test Accuracy: 171/1000(17%)
Head Finetuning    :Task: 1,	 Epoch: 8/40,	 Avg.loss: 0.0022,	 Test Accuracy: 182/1000(18%)
Head Finetuning    :Task: 1,	 Epoch: 9/40,	 Avg.loss: 0.0022,	 Test Accuracy: 184/1000(18%)
Head Finetuning    :Task: 1,	 Epoch: 10/40,	 Avg.loss: 0.0022,	 Test Accuracy: 192/1000(19%)
Head Finetuning    :Task: 1,	 Epoch: 11/40,	 Avg.loss: 0.0022,	 Test Accuracy: 198/1000(20%)
Head Finetuning    :Task: 1,	 Epoch: 12/40,	 Avg.loss: 0.0022,	 Test Accuracy: 201/1000(20%)
Head Finetuning    :Task: 1,	 Epoch: 13/40,	 Avg.loss: 0.0022,	 Test Accuracy: 208/1000(21%)
Head Finetuning    :Task: 1,	 Epoch: 14/40,	 Avg.loss: 0.0022,	 Test Accuracy: 216/1000(22%)
Head Finetuning    :Task: 1,	 Epoch: 15/40,	 Avg.loss: 0.0021,	 Test Accuracy: 220/1000(22%)
Head Finetuning    :Task: 1,	 Epoch: 16/40,	 Avg.loss: 0.0021,	 Test Accuracy: 226/1000(23%)
Head Finetuning    :Task: 1,	 Epoch: 17/40,	 Avg.loss: 0.0021,	 Test Accuracy: 236/1000(24%)
Head Finetuning    :Task: 1,	 Epoch: 18/40,	 Avg.loss: 0.0021,	 Test Accuracy: 241/1000(24%)
Head Finetuning    :Task: 1,	 Epoch: 19/40,	 Avg.loss: 0.0021,	 Test Accuracy: 244/1000(24%)
Task: 1,	 Epoch: 0/40,	 Avg.loss: 0.0010,	 Test Accuracy: 635/1000(64%)
Task: 1,	 Epoch: 1/40,	 Avg.loss: 0.0010,	 Test Accuracy: 685/1000(68%)
Task: 1,	 Epoch: 2/40,	 Avg.loss: 0.0008,	 Test Accuracy: 698/1000(70%)
Task: 1,	 Epoch: 3/40,	 Avg.loss: 0.0008,	 Test Accuracy: 730/1000(73%)
Task: 1,	 Epoch: 4/40,	 Avg.loss: 0.0008,	 Test Accuracy: 726/1000(73%)
Task: 1,	 Epoch: 5/40,	 Avg.loss: 0.0007,	 Test Accuracy: 748/1000(75%)
Task: 1,	 Epoch: 6/40,	 Avg.loss: 0.0007,	 Test Accuracy: 769/1000(77%)
Task: 1,	 Epoch: 7/40,	 Avg.loss: 0.0008,	 Test Accuracy: 760/1000(76%)
Task: 1,	 Epoch: 8/40,	 Avg.loss: 0.0007,	 Test Accuracy: 749/1000(75%)
Task: 1,	 Epoch: 9/40,	 Avg.loss: 0.0007,	 Test Accuracy: 760/1000(76%)
Task: 1,	 Epoch: 10/40,	 Avg.loss: 0.0007,	 Test Accuracy: 756/1000(76%)
Task: 1,	 Epoch: 11/40,	 Avg.loss: 0.0008,	 Test Accuracy: 753/1000(75%)
Task: 1,	 Epoch: 12/40,	 Avg.loss: 0.0008,	 Test Accuracy: 733/1000(73%)
Task: 1,	 Epoch: 13/40,	 Avg.loss: 0.0007,	 Test Accuracy: 771/1000(77%)
Task: 1,	 Epoch: 14/40,	 Avg.loss: 0.0007,	 Test Accuracy: 761/1000(76%)
Task: 1,	 Epoch: 15/40,	 Avg.loss: 0.0007,	 Test Accuracy: 768/1000(77%)
Task: 1,	 Epoch: 16/40,	 Avg.loss: 0.0008,	 Test Accuracy: 749/1000(75%)
Task: 1,	 Epoch: 17/40,	 Avg.loss: 0.0007,	 Test Accuracy: 777/1000(78%)
Task: 1,	 Epoch: 18/40,	 Avg.loss: 0.0007,	 Test Accuracy: 768/1000(77%)
Task: 1,	 Epoch: 19/40,	 Avg.loss: 0.0007,	 Test Accuracy: 780/1000(78%)
Task: 1,	 Epoch: 20/40,	 Avg.loss: 0.0007,	 Test Accuracy: 786/1000(79%)
Task: 1,	 Epoch: 21/40,	 Avg.loss: 0.0007,	 Test Accuracy: 787/1000(79%)
Task: 1,	 Epoch: 22/40,	 Avg.loss: 0.0007,	 Test Accuracy: 787/1000(79%)
Task: 1,	 Epoch: 23/40,	 Avg.loss: 0.0007,	 Test Accuracy: 789/1000(79%)
Task: 1,	 Epoch: 24/40,	 Avg.loss: 0.0007,	 Test Accuracy: 786/1000(79%)
Task: 1,	 Epoch: 25/40,	 Avg.loss: 0.0007,	 Test Accuracy: 782/1000(78%)
Task: 1,	 Epoch: 26/40,	 Avg.loss: 0.0007,	 Test Accuracy: 787/1000(79%)
Task: 1,	 Epoch: 27/40,	 Avg.loss: 0.0007,	 Test Accuracy: 786/1000(79%)
Task: 1,	 Epoch: 28/40,	 Avg.loss: 0.0007,	 Test Accuracy: 792/1000(79%)
Task: 1,	 Epoch: 29/40,	 Avg.loss: 0.0007,	 Test Accuracy: 789/1000(79%)
Task: 1,	 Epoch: 30/40,	 Avg.loss: 0.0007,	 Test Accuracy: 790/1000(79%)
Task: 1,	 Epoch: 31/40,	 Avg.loss: 0.0007,	 Test Accuracy: 783/1000(78%)
Task: 1,	 Epoch: 32/40,	 Avg.loss: 0.0007,	 Test Accuracy: 786/1000(79%)
Task: 1,	 Epoch: 33/40,	 Avg.loss: 0.0007,	 Test Accuracy: 788/1000(79%)
Task: 1,	 Epoch: 34/40,	 Avg.loss: 0.0007,	 Test Accuracy: 790/1000(79%)
Task: 1,	 Epoch: 35/40,	 Avg.loss: 0.0007,	 Test Accuracy: 796/1000(80%)
Task: 1,	 Epoch: 36/40,	 Avg.loss: 0.0007,	 Test Accuracy: 787/1000(79%)
Task: 1,	 Epoch: 37/40,	 Avg.loss: 0.0007,	 Test Accuracy: 792/1000(79%)
Task: 1,	 Epoch: 38/40,	 Avg.loss: 0.0007,	 Test Accuracy: 792/1000(79%)
Task: 1,	 Epoch: 39/40,	 Avg.loss: 0.0007,	 Test Accuracy: 788/1000(79%)
Trained Task:1, Loaded task:0, Accuracy:85.6%
Trained Task:1, Loaded task:1, Accuracy:78.8%
Trained Task:1, Avg. Accuracy: 82.2 

List of avg. accuracy: [85.8, 82.2]
Layer        : conv1_layer.2.weight
R.histogram  : tensor([ 2.,  2.,  8., 10.,  4.,  2.,  1.,  1.,  0.,  2.], device='cuda:0')
R_sum max/min: 98.0/27.5
F max  		: 1.7812387943267822
O masx 		: 16.319625854492188
Layer        : conv2_layer.2.weight
R.histogram  : tensor([43.,  7.,  0.,  7.,  0.,  0.,  3.,  1.,  2.,  1.], device='cuda:0')
R_sum max/min: 1427.6/47.7
F max  		: 0.41591447591781616
O masx 		: 3.520890235900879
Layer        : fc1_layer.1.weight
R.histogram  : tensor([ 43.,  71.,  76., 274.,  27.,  14.,   1.,   4.,   0.,   2.],
       device='cuda:0')
R_sum max/min: 9679.2/1466.5
F max  		: 0.04504493996500969
O masx 		: 0.31182342767715454
Mask histogram
conv1_layer.2.weight: 	 tensor([   0.,    0.,    0., 8192.,    0.,    0.,    0.,    0.,    0.,    0.,
           0.], device='cuda:0')
conv2_layer.2.weight: 	 tensor([   0., 3392.,  704.,    0.,    0.,    0.,    0.,    0.,    0.,    0.,
           0.], device='cuda:0')
fc1_layer.1.weight: 	 tensor([103., 207., 201.,   1.,   0.,   0.,   0.,   0.,   0.,   0.,   0.],
       device='cuda:0')
Head Finetuning    :Task: 2,	 Epoch: 0/40,	 Avg.loss: 0.0025,	 Test Accuracy: 111/1000(11%)
Head Finetuning    :Task: 2,	 Epoch: 1/40,	 Avg.loss: 0.0024,	 Test Accuracy: 130/1000(13%)
Head Finetuning    :Task: 2,	 Epoch: 2/40,	 Avg.loss: 0.0024,	 Test Accuracy: 144/1000(14%)
Head Finetuning    :Task: 2,	 Epoch: 3/40,	 Avg.loss: 0.0024,	 Test Accuracy: 155/1000(16%)
Head Finetuning    :Task: 2,	 Epoch: 4/40,	 Avg.loss: 0.0023,	 Test Accuracy: 158/1000(16%)
Head Finetuning    :Task: 2,	 Epoch: 5/40,	 Avg.loss: 0.0023,	 Test Accuracy: 168/1000(17%)
Head Finetuning    :Task: 2,	 Epoch: 6/40,	 Avg.loss: 0.0023,	 Test Accuracy: 173/1000(17%)
Head Finetuning    :Task: 2,	 Epoch: 7/40,	 Avg.loss: 0.0023,	 Test Accuracy: 177/1000(18%)
Head Finetuning    :Task: 2,	 Epoch: 8/40,	 Avg.loss: 0.0023,	 Test Accuracy: 180/1000(18%)
Head Finetuning    :Task: 2,	 Epoch: 9/40,	 Avg.loss: 0.0023,	 Test Accuracy: 186/1000(19%)
Head Finetuning    :Task: 2,	 Epoch: 10/40,	 Avg.loss: 0.0022,	 Test Accuracy: 188/1000(19%)
Head Finetuning    :Task: 2,	 Epoch: 11/40,	 Avg.loss: 0.0022,	 Test Accuracy: 193/1000(19%)
Head Finetuning    :Task: 2,	 Epoch: 12/40,	 Avg.loss: 0.0022,	 Test Accuracy: 203/1000(20%)
Head Finetuning    :Task: 2,	 Epoch: 13/40,	 Avg.loss: 0.0022,	 Test Accuracy: 202/1000(20%)
Head Finetuning    :Task: 2,	 Epoch: 14/40,	 Avg.loss: 0.0022,	 Test Accuracy: 214/1000(21%)
Head Finetuning    :Task: 2,	 Epoch: 15/40,	 Avg.loss: 0.0022,	 Test Accuracy: 217/1000(22%)
Head Finetuning    :Task: 2,	 Epoch: 16/40,	 Avg.loss: 0.0022,	 Test Accuracy: 221/1000(22%)
Head Finetuning    :Task: 2,	 Epoch: 17/40,	 Avg.loss: 0.0022,	 Test Accuracy: 224/1000(22%)
Head Finetuning    :Task: 2,	 Epoch: 18/40,	 Avg.loss: 0.0022,	 Test Accuracy: 229/1000(23%)
Head Finetuning    :Task: 2,	 Epoch: 19/40,	 Avg.loss: 0.0021,	 Test Accuracy: 234/1000(23%)
Task: 2,	 Epoch: 0/40,	 Avg.loss: 0.0011,	 Test Accuracy: 659/1000(66%)
Task: 2,	 Epoch: 1/40,	 Avg.loss: 0.0009,	 Test Accuracy: 710/1000(71%)
Task: 2,	 Epoch: 2/40,	 Avg.loss: 0.0008,	 Test Accuracy: 744/1000(74%)
Task: 2,	 Epoch: 3/40,	 Avg.loss: 0.0008,	 Test Accuracy: 742/1000(74%)
Task: 2,	 Epoch: 4/40,	 Avg.loss: 0.0008,	 Test Accuracy: 740/1000(74%)
Task: 2,	 Epoch: 5/40,	 Avg.loss: 0.0007,	 Test Accuracy: 763/1000(76%)
Task: 2,	 Epoch: 6/40,	 Avg.loss: 0.0008,	 Test Accuracy: 764/1000(76%)
Task: 2,	 Epoch: 7/40,	 Avg.loss: 0.0008,	 Test Accuracy: 721/1000(72%)
Task: 2,	 Epoch: 8/40,	 Avg.loss: 0.0007,	 Test Accuracy: 775/1000(78%)
Task: 2,	 Epoch: 9/40,	 Avg.loss: 0.0007,	 Test Accuracy: 776/1000(78%)
Task: 2,	 Epoch: 10/40,	 Avg.loss: 0.0007,	 Test Accuracy: 772/1000(77%)
Task: 2,	 Epoch: 11/40,	 Avg.loss: 0.0007,	 Test Accuracy: 773/1000(77%)
Task: 2,	 Epoch: 12/40,	 Avg.loss: 0.0007,	 Test Accuracy: 780/1000(78%)
Task: 2,	 Epoch: 13/40,	 Avg.loss: 0.0007,	 Test Accuracy: 786/1000(79%)
Task: 2,	 Epoch: 14/40,	 Avg.loss: 0.0006,	 Test Accuracy: 788/1000(79%)
Task: 2,	 Epoch: 15/40,	 Avg.loss: 0.0008,	 Test Accuracy: 769/1000(77%)
Task: 2,	 Epoch: 16/40,	 Avg.loss: 0.0007,	 Test Accuracy: 787/1000(79%)
Task: 2,	 Epoch: 17/40,	 Avg.loss: 0.0007,	 Test Accuracy: 791/1000(79%)
Task: 2,	 Epoch: 18/40,	 Avg.loss: 0.0006,	 Test Accuracy: 785/1000(78%)
Task: 2,	 Epoch: 19/40,	 Avg.loss: 0.0007,	 Test Accuracy: 779/1000(78%)
Task: 2,	 Epoch: 20/40,	 Avg.loss: 0.0006,	 Test Accuracy: 797/1000(80%)
Task: 2,	 Epoch: 21/40,	 Avg.loss: 0.0006,	 Test Accuracy: 800/1000(80%)
Task: 2,	 Epoch: 22/40,	 Avg.loss: 0.0006,	 Test Accuracy: 792/1000(79%)
Task: 2,	 Epoch: 23/40,	 Avg.loss: 0.0006,	 Test Accuracy: 799/1000(80%)
Task: 2,	 Epoch: 24/40,	 Avg.loss: 0.0006,	 Test Accuracy: 797/1000(80%)
Task: 2,	 Epoch: 25/40,	 Avg.loss: 0.0006,	 Test Accuracy: 799/1000(80%)
Task: 2,	 Epoch: 26/40,	 Avg.loss: 0.0006,	 Test Accuracy: 797/1000(80%)
Task: 2,	 Epoch: 27/40,	 Avg.loss: 0.0006,	 Test Accuracy: 794/1000(79%)
Task: 2,	 Epoch: 28/40,	 Avg.loss: 0.0006,	 Test Accuracy: 797/1000(80%)
Task: 2,	 Epoch: 29/40,	 Avg.loss: 0.0006,	 Test Accuracy: 797/1000(80%)
Task: 2,	 Epoch: 30/40,	 Avg.loss: 0.0006,	 Test Accuracy: 799/1000(80%)
Task: 2,	 Epoch: 31/40,	 Avg.loss: 0.0006,	 Test Accuracy: 795/1000(80%)
Task: 2,	 Epoch: 32/40,	 Avg.loss: 0.0006,	 Test Accuracy: 791/1000(79%)
Task: 2,	 Epoch: 33/40,	 Avg.loss: 0.0006,	 Test Accuracy: 793/1000(79%)
Task: 2,	 Epoch: 34/40,	 Avg.loss: 0.0006,	 Test Accuracy: 791/1000(79%)
Task: 2,	 Epoch: 35/40,	 Avg.loss: 0.0006,	 Test Accuracy: 790/1000(79%)
Task: 2,	 Epoch: 36/40,	 Avg.loss: 0.0006,	 Test Accuracy: 793/1000(79%)
Task: 2,	 Epoch: 37/40,	 Avg.loss: 0.0006,	 Test Accuracy: 794/1000(79%)
Task: 2,	 Epoch: 38/40,	 Avg.loss: 0.0006,	 Test Accuracy: 794/1000(79%)
Task: 2,	 Epoch: 39/40,	 Avg.loss: 0.0006,	 Test Accuracy: 795/1000(80%)
Trained Task:2, Loaded task:0, Accuracy:84.3%
Trained Task:2, Loaded task:1, Accuracy:78.3%
Trained Task:2, Loaded task:2, Accuracy:79.5%
Trained Task:2, Avg. Accuracy: 80.7 

List of avg. accuracy: [85.8, 82.2, 80.7]
Layer        : conv1_layer.2.weight
R.histogram  : tensor([5., 3., 3., 7., 3., 1., 3., 2., 1., 4.], device='cuda:0')
R_sum max/min: 92.7/31.2
F max  		: 2.161724805831909
O masx 		: 19.724302291870117
Layer        : conv2_layer.2.weight
R.histogram  : tensor([16., 24.,  9.,  7.,  0.,  0.,  0.,  0.,  1.,  7.], device='cuda:0')
R_sum max/min: 576.0/35.4
F max  		: 0.5971056222915649
O masx 		: 3.520890235900879
Layer        : fc1_layer.1.weight
R.histogram  : tensor([ 36.,  98., 274.,  45.,  26.,  11.,   9.,   9.,   2.,   2.],
       device='cuda:0')
R_sum max/min: 10912.5/1709.7
F max  		: 0.04239415377378464
O masx 		: 0.31182342767715454
Mask histogram
conv1_layer.2.weight: 	 tensor([   0.,    0.,    0.,    0., 8192.,    0.,    0.,    0.,    0.,    0.,
           0.], device='cuda:0')
conv2_layer.2.weight: 	 tensor([   0., 1920., 2048.,  128.,    0.,    0.,    0.,    0.,    0.,    0.,
           0.], device='cuda:0')
fc1_layer.1.weight: 	 tensor([102.,  90., 234.,  86.,   0.,   0.,   0.,   0.,   0.,   0.,   0.],
       device='cuda:0')
Head Finetuning    :Task: 3,	 Epoch: 0/40,	 Avg.loss: 0.0029,	 Test Accuracy: 96/1000(10%)
Head Finetuning    :Task: 3,	 Epoch: 1/40,	 Avg.loss: 0.0027,	 Test Accuracy: 107/1000(11%)
Head Finetuning    :Task: 3,	 Epoch: 2/40,	 Avg.loss: 0.0026,	 Test Accuracy: 108/1000(11%)
Head Finetuning    :Task: 3,	 Epoch: 3/40,	 Avg.loss: 0.0026,	 Test Accuracy: 116/1000(12%)
Head Finetuning    :Task: 3,	 Epoch: 4/40,	 Avg.loss: 0.0025,	 Test Accuracy: 127/1000(13%)
Head Finetuning    :Task: 3,	 Epoch: 5/40,	 Avg.loss: 0.0025,	 Test Accuracy: 140/1000(14%)
Head Finetuning    :Task: 3,	 Epoch: 6/40,	 Avg.loss: 0.0025,	 Test Accuracy: 152/1000(15%)
Head Finetuning    :Task: 3,	 Epoch: 7/40,	 Avg.loss: 0.0024,	 Test Accuracy: 162/1000(16%)
Head Finetuning    :Task: 3,	 Epoch: 8/40,	 Avg.loss: 0.0024,	 Test Accuracy: 169/1000(17%)
Head Finetuning    :Task: 3,	 Epoch: 9/40,	 Avg.loss: 0.0024,	 Test Accuracy: 178/1000(18%)
Head Finetuning    :Task: 3,	 Epoch: 10/40,	 Avg.loss: 0.0023,	 Test Accuracy: 182/1000(18%)
Head Finetuning    :Task: 3,	 Epoch: 11/40,	 Avg.loss: 0.0023,	 Test Accuracy: 196/1000(20%)
Head Finetuning    :Task: 3,	 Epoch: 12/40,	 Avg.loss: 0.0023,	 Test Accuracy: 205/1000(21%)
Head Finetuning    :Task: 3,	 Epoch: 13/40,	 Avg.loss: 0.0023,	 Test Accuracy: 213/1000(21%)
Head Finetuning    :Task: 3,	 Epoch: 14/40,	 Avg.loss: 0.0023,	 Test Accuracy: 218/1000(22%)
Head Finetuning    :Task: 3,	 Epoch: 15/40,	 Avg.loss: 0.0022,	 Test Accuracy: 226/1000(23%)
Head Finetuning    :Task: 3,	 Epoch: 16/40,	 Avg.loss: 0.0022,	 Test Accuracy: 227/1000(23%)
Head Finetuning    :Task: 3,	 Epoch: 17/40,	 Avg.loss: 0.0022,	 Test Accuracy: 233/1000(23%)
Head Finetuning    :Task: 3,	 Epoch: 18/40,	 Avg.loss: 0.0022,	 Test Accuracy: 240/1000(24%)
Head Finetuning    :Task: 3,	 Epoch: 19/40,	 Avg.loss: 0.0022,	 Test Accuracy: 246/1000(25%)
Task: 3,	 Epoch: 0/40,	 Avg.loss: 0.0013,	 Test Accuracy: 569/1000(57%)
Task: 3,	 Epoch: 1/40,	 Avg.loss: 0.0011,	 Test Accuracy: 628/1000(63%)
Task: 3,	 Epoch: 2/40,	 Avg.loss: 0.0010,	 Test Accuracy: 648/1000(65%)
Task: 3,	 Epoch: 3/40,	 Avg.loss: 0.0011,	 Test Accuracy: 632/1000(63%)
Task: 3,	 Epoch: 4/40,	 Avg.loss: 0.0010,	 Test Accuracy: 668/1000(67%)
Task: 3,	 Epoch: 5/40,	 Avg.loss: 0.0010,	 Test Accuracy: 657/1000(66%)
Task: 3,	 Epoch: 6/40,	 Avg.loss: 0.0010,	 Test Accuracy: 660/1000(66%)
Task: 3,	 Epoch: 7/40,	 Avg.loss: 0.0010,	 Test Accuracy: 671/1000(67%)
Task: 3,	 Epoch: 8/40,	 Avg.loss: 0.0010,	 Test Accuracy: 663/1000(66%)
Task: 3,	 Epoch: 9/40,	 Avg.loss: 0.0010,	 Test Accuracy: 656/1000(66%)
Task: 3,	 Epoch: 10/40,	 Avg.loss: 0.0010,	 Test Accuracy: 688/1000(69%)
Task: 3,	 Epoch: 11/40,	 Avg.loss: 0.0009,	 Test Accuracy: 694/1000(69%)
Task: 3,	 Epoch: 12/40,	 Avg.loss: 0.0010,	 Test Accuracy: 686/1000(69%)
Task: 3,	 Epoch: 13/40,	 Avg.loss: 0.0009,	 Test Accuracy: 682/1000(68%)
Task: 3,	 Epoch: 14/40,	 Avg.loss: 0.0009,	 Test Accuracy: 711/1000(71%)
Task: 3,	 Epoch: 15/40,	 Avg.loss: 0.0009,	 Test Accuracy: 697/1000(70%)
Task: 3,	 Epoch: 16/40,	 Avg.loss: 0.0009,	 Test Accuracy: 698/1000(70%)
Task: 3,	 Epoch: 17/40,	 Avg.loss: 0.0009,	 Test Accuracy: 710/1000(71%)
Task: 3,	 Epoch: 18/40,	 Avg.loss: 0.0009,	 Test Accuracy: 702/1000(70%)
Task: 3,	 Epoch: 19/40,	 Avg.loss: 0.0009,	 Test Accuracy: 698/1000(70%)
Task: 3,	 Epoch: 20/40,	 Avg.loss: 0.0009,	 Test Accuracy: 712/1000(71%)
Task: 3,	 Epoch: 21/40,	 Avg.loss: 0.0009,	 Test Accuracy: 718/1000(72%)
Task: 3,	 Epoch: 22/40,	 Avg.loss: 0.0009,	 Test Accuracy: 714/1000(71%)
Task: 3,	 Epoch: 23/40,	 Avg.loss: 0.0009,	 Test Accuracy: 714/1000(71%)
Task: 3,	 Epoch: 24/40,	 Avg.loss: 0.0009,	 Test Accuracy: 715/1000(72%)
Task: 3,	 Epoch: 25/40,	 Avg.loss: 0.0009,	 Test Accuracy: 724/1000(72%)
Task: 3,	 Epoch: 26/40,	 Avg.loss: 0.0009,	 Test Accuracy: 719/1000(72%)
Task: 3,	 Epoch: 27/40,	 Avg.loss: 0.0009,	 Test Accuracy: 721/1000(72%)
Task: 3,	 Epoch: 28/40,	 Avg.loss: 0.0009,	 Test Accuracy: 721/1000(72%)
Task: 3,	 Epoch: 29/40,	 Avg.loss: 0.0009,	 Test Accuracy: 717/1000(72%)
Task: 3,	 Epoch: 30/40,	 Avg.loss: 0.0009,	 Test Accuracy: 720/1000(72%)
Task: 3,	 Epoch: 31/40,	 Avg.loss: 0.0009,	 Test Accuracy: 721/1000(72%)
Task: 3,	 Epoch: 32/40,	 Avg.loss: 0.0009,	 Test Accuracy: 720/1000(72%)
Task: 3,	 Epoch: 33/40,	 Avg.loss: 0.0009,	 Test Accuracy: 718/1000(72%)
Task: 3,	 Epoch: 34/40,	 Avg.loss: 0.0009,	 Test Accuracy: 717/1000(72%)
Task: 3,	 Epoch: 35/40,	 Avg.loss: 0.0009,	 Test Accuracy: 718/1000(72%)
Task: 3,	 Epoch: 36/40,	 Avg.loss: 0.0009,	 Test Accuracy: 717/1000(72%)
Task: 3,	 Epoch: 37/40,	 Avg.loss: 0.0009,	 Test Accuracy: 720/1000(72%)
Task: 3,	 Epoch: 38/40,	 Avg.loss: 0.0009,	 Test Accuracy: 721/1000(72%)
Task: 3,	 Epoch: 39/40,	 Avg.loss: 0.0009,	 Test Accuracy: 723/1000(72%)
Trained Task:3, Loaded task:0, Accuracy:83.8%
Trained Task:3, Loaded task:1, Accuracy:78.2%
Trained Task:3, Loaded task:2, Accuracy:79.2%
Trained Task:3, Loaded task:3, Accuracy:72.3%
Trained Task:3, Avg. Accuracy: 78.4 

List of avg. accuracy: [85.8, 82.2, 80.7, 78.4]
Layer        : conv1_layer.2.weight
R.histogram  : tensor([3., 4., 3., 6., 6., 3., 2., 2., 2., 1.], device='cuda:0')
R_sum max/min: 93.4/29.2
F max  		: 2.6332802772521973
O masx 		: 21.704132080078125
Layer        : conv2_layer.2.weight
R.histogram  : tensor([14., 29., 11.,  2.,  1.,  0.,  0.,  0.,  0.,  7.], device='cuda:0')
R_sum max/min: 576.0/27.4
F max  		: 0.5689873099327087
O masx 		: 3.520890235900879
Layer        : fc1_layer.1.weight
R.histogram  : tensor([ 39.,  90., 130., 234.,   7.,   6.,   2.,   2.,   0.,   2.],
       device='cuda:0')
R_sum max/min: 9166.5/1524.8
F max  		: 0.08095584064722061
O masx 		: 0.31182342767715454
Mask histogram
conv1_layer.2.weight: 	 tensor([   0.,    0.,    0.,    0.,    0., 8192.,    0.,    0.,    0.,    0.,
           0.], device='cuda:0')
conv2_layer.2.weight: 	 tensor([   0., 1472., 1472., 1024.,  128.,    0.,    0.,    0.,    0.,    0.,
           0.], device='cuda:0')
fc1_layer.1.weight: 	 tensor([ 16., 152., 176., 156.,  12.,   0.,   0.,   0.,   0.,   0.,   0.],
       device='cuda:0')
Head Finetuning    :Task: 4,	 Epoch: 0/40,	 Avg.loss: 0.0026,	 Test Accuracy: 106/1000(11%)
Head Finetuning    :Task: 4,	 Epoch: 1/40,	 Avg.loss: 0.0025,	 Test Accuracy: 119/1000(12%)
Head Finetuning    :Task: 4,	 Epoch: 2/40,	 Avg.loss: 0.0024,	 Test Accuracy: 132/1000(13%)
Head Finetuning    :Task: 4,	 Epoch: 3/40,	 Avg.loss: 0.0024,	 Test Accuracy: 140/1000(14%)
Head Finetuning    :Task: 4,	 Epoch: 4/40,	 Avg.loss: 0.0024,	 Test Accuracy: 153/1000(15%)
Head Finetuning    :Task: 4,	 Epoch: 5/40,	 Avg.loss: 0.0024,	 Test Accuracy: 161/1000(16%)
Head Finetuning    :Task: 4,	 Epoch: 6/40,	 Avg.loss: 0.0023,	 Test Accuracy: 170/1000(17%)
Head Finetuning    :Task: 4,	 Epoch: 7/40,	 Avg.loss: 0.0023,	 Test Accuracy: 173/1000(17%)
Head Finetuning    :Task: 4,	 Epoch: 8/40,	 Avg.loss: 0.0023,	 Test Accuracy: 180/1000(18%)
Head Finetuning    :Task: 4,	 Epoch: 9/40,	 Avg.loss: 0.0023,	 Test Accuracy: 187/1000(19%)
Head Finetuning    :Task: 4,	 Epoch: 10/40,	 Avg.loss: 0.0023,	 Test Accuracy: 194/1000(19%)
Head Finetuning    :Task: 4,	 Epoch: 11/40,	 Avg.loss: 0.0023,	 Test Accuracy: 200/1000(20%)
Head Finetuning    :Task: 4,	 Epoch: 12/40,	 Avg.loss: 0.0022,	 Test Accuracy: 204/1000(20%)
Head Finetuning    :Task: 4,	 Epoch: 13/40,	 Avg.loss: 0.0022,	 Test Accuracy: 209/1000(21%)
Head Finetuning    :Task: 4,	 Epoch: 14/40,	 Avg.loss: 0.0022,	 Test Accuracy: 212/1000(21%)
Head Finetuning    :Task: 4,	 Epoch: 15/40,	 Avg.loss: 0.0022,	 Test Accuracy: 215/1000(22%)
Head Finetuning    :Task: 4,	 Epoch: 16/40,	 Avg.loss: 0.0022,	 Test Accuracy: 215/1000(22%)
Head Finetuning    :Task: 4,	 Epoch: 17/40,	 Avg.loss: 0.0022,	 Test Accuracy: 221/1000(22%)
Head Finetuning    :Task: 4,	 Epoch: 18/40,	 Avg.loss: 0.0022,	 Test Accuracy: 225/1000(23%)
Head Finetuning    :Task: 4,	 Epoch: 19/40,	 Avg.loss: 0.0022,	 Test Accuracy: 226/1000(23%)
Task: 4,	 Epoch: 0/40,	 Avg.loss: 0.0012,	 Test Accuracy: 585/1000(59%)
Task: 4,	 Epoch: 1/40,	 Avg.loss: 0.0010,	 Test Accuracy: 647/1000(65%)
Task: 4,	 Epoch: 2/40,	 Avg.loss: 0.0010,	 Test Accuracy: 653/1000(65%)
Task: 4,	 Epoch: 3/40,	 Avg.loss: 0.0011,	 Test Accuracy: 639/1000(64%)
Task: 4,	 Epoch: 4/40,	 Avg.loss: 0.0009,	 Test Accuracy: 700/1000(70%)
Task: 4,	 Epoch: 5/40,	 Avg.loss: 0.0009,	 Test Accuracy: 697/1000(70%)
Task: 4,	 Epoch: 6/40,	 Avg.loss: 0.0009,	 Test Accuracy: 704/1000(70%)
Task: 4,	 Epoch: 7/40,	 Avg.loss: 0.0009,	 Test Accuracy: 712/1000(71%)
Task: 4,	 Epoch: 8/40,	 Avg.loss: 0.0009,	 Test Accuracy: 718/1000(72%)
Task: 4,	 Epoch: 9/40,	 Avg.loss: 0.0009,	 Test Accuracy: 697/1000(70%)
Task: 4,	 Epoch: 10/40,	 Avg.loss: 0.0009,	 Test Accuracy: 709/1000(71%)
Task: 4,	 Epoch: 11/40,	 Avg.loss: 0.0009,	 Test Accuracy: 724/1000(72%)
Task: 4,	 Epoch: 12/40,	 Avg.loss: 0.0008,	 Test Accuracy: 708/1000(71%)
Task: 4,	 Epoch: 13/40,	 Avg.loss: 0.0009,	 Test Accuracy: 707/1000(71%)
Task: 4,	 Epoch: 14/40,	 Avg.loss: 0.0008,	 Test Accuracy: 730/1000(73%)
Task: 4,	 Epoch: 15/40,	 Avg.loss: 0.0008,	 Test Accuracy: 728/1000(73%)
Task: 4,	 Epoch: 16/40,	 Avg.loss: 0.0008,	 Test Accuracy: 731/1000(73%)
Task: 4,	 Epoch: 17/40,	 Avg.loss: 0.0009,	 Test Accuracy: 714/1000(71%)
Task: 4,	 Epoch: 18/40,	 Avg.loss: 0.0008,	 Test Accuracy: 726/1000(73%)
Task: 4,	 Epoch: 19/40,	 Avg.loss: 0.0008,	 Test Accuracy: 730/1000(73%)
Task: 4,	 Epoch: 20/40,	 Avg.loss: 0.0008,	 Test Accuracy: 741/1000(74%)
Task: 4,	 Epoch: 21/40,	 Avg.loss: 0.0008,	 Test Accuracy: 738/1000(74%)
Task: 4,	 Epoch: 22/40,	 Avg.loss: 0.0008,	 Test Accuracy: 736/1000(74%)
Task: 4,	 Epoch: 23/40,	 Avg.loss: 0.0008,	 Test Accuracy: 737/1000(74%)
Task: 4,	 Epoch: 24/40,	 Avg.loss: 0.0008,	 Test Accuracy: 737/1000(74%)
Task: 4,	 Epoch: 25/40,	 Avg.loss: 0.0008,	 Test Accuracy: 731/1000(73%)
Task: 4,	 Epoch: 26/40,	 Avg.loss: 0.0008,	 Test Accuracy: 742/1000(74%)
Task: 4,	 Epoch: 27/40,	 Avg.loss: 0.0008,	 Test Accuracy: 740/1000(74%)
Task: 4,	 Epoch: 28/40,	 Avg.loss: 0.0008,	 Test Accuracy: 743/1000(74%)
Task: 4,	 Epoch: 29/40,	 Avg.loss: 0.0008,	 Test Accuracy: 741/1000(74%)
Task: 4,	 Epoch: 30/40,	 Avg.loss: 0.0008,	 Test Accuracy: 739/1000(74%)
Task: 4,	 Epoch: 31/40,	 Avg.loss: 0.0008,	 Test Accuracy: 741/1000(74%)
Task: 4,	 Epoch: 32/40,	 Avg.loss: 0.0008,	 Test Accuracy: 731/1000(73%)
Task: 4,	 Epoch: 33/40,	 Avg.loss: 0.0008,	 Test Accuracy: 735/1000(74%)
Task: 4,	 Epoch: 34/40,	 Avg.loss: 0.0008,	 Test Accuracy: 740/1000(74%)
Task: 4,	 Epoch: 35/40,	 Avg.loss: 0.0008,	 Test Accuracy: 745/1000(74%)
Task: 4,	 Epoch: 36/40,	 Avg.loss: 0.0008,	 Test Accuracy: 741/1000(74%)
Task: 4,	 Epoch: 37/40,	 Avg.loss: 0.0008,	 Test Accuracy: 739/1000(74%)
Task: 4,	 Epoch: 38/40,	 Avg.loss: 0.0008,	 Test Accuracy: 740/1000(74%)
Task: 4,	 Epoch: 39/40,	 Avg.loss: 0.0008,	 Test Accuracy: 744/1000(74%)
Trained Task:4, Loaded task:0, Accuracy:82.1%
Trained Task:4, Loaded task:1, Accuracy:76.9%
Trained Task:4, Loaded task:2, Accuracy:79.2%
Trained Task:4, Loaded task:3, Accuracy:72.1%
Trained Task:4, Loaded task:4, Accuracy:74.4%
Trained Task:4, Avg. Accuracy: 76.9 

List of avg. accuracy: [85.8, 82.2, 80.7, 78.4, 76.9]
Layer        : conv1_layer.2.weight
R.histogram  : tensor([3., 5., 6., 3., 5., 3., 4., 0., 2., 1.], device='cuda:0')
R_sum max/min: 100.3/38.9
F max  		: 3.2205939292907715
O masx 		: 23.73017120361328
Layer        : conv2_layer.2.weight
R.histogram  : tensor([14., 26., 14.,  2.,  1.,  0.,  0.,  0.,  0.,  7.], device='cuda:0')
R_sum max/min: 576.0/35.1
F max  		: 0.6456646919250488
O masx 		: 3.520890235900879
Layer        : fc1_layer.1.weight
R.histogram  : tensor([183., 312.,  10.,   3.,   1.,   1.,   1.,   0.,   0.,   1.],
       device='cuda:0')
R_sum max/min: 16741.2/1685.9
F max  		: 0.1123034656047821
O masx 		: 0.3132644295692444
Mask histogram
conv1_layer.2.weight: 	 tensor([   0.,    0.,    0.,    0.,    0.,    0., 8192.,    0.,    0.,    0.,
           0.], device='cuda:0')
conv2_layer.2.weight: 	 tensor([   0., 1344.,  960.,  896.,  832.,   64.,    0.,    0.,    0.,    0.,
           0.], device='cuda:0')
fc1_layer.1.weight: 	 tensor([ 12.,  69., 237., 101.,  87.,   6.,   0.,   0.,   0.,   0.,   0.],
       device='cuda:0')
Head Finetuning    :Task: 5,	 Epoch: 0/40,	 Avg.loss: 0.0034,	 Test Accuracy: 83/1000(8%)
Head Finetuning    :Task: 5,	 Epoch: 1/40,	 Avg.loss: 0.0032,	 Test Accuracy: 81/1000(8%)
Head Finetuning    :Task: 5,	 Epoch: 2/40,	 Avg.loss: 0.0030,	 Test Accuracy: 74/1000(7%)
Head Finetuning    :Task: 5,	 Epoch: 3/40,	 Avg.loss: 0.0029,	 Test Accuracy: 69/1000(7%)
Head Finetuning    :Task: 5,	 Epoch: 4/40,	 Avg.loss: 0.0029,	 Test Accuracy: 66/1000(7%)
Head Finetuning    :Task: 5,	 Epoch: 5/40,	 Avg.loss: 0.0028,	 Test Accuracy: 67/1000(7%)
Head Finetuning    :Task: 5,	 Epoch: 6/40,	 Avg.loss: 0.0027,	 Test Accuracy: 71/1000(7%)
Head Finetuning    :Task: 5,	 Epoch: 7/40,	 Avg.loss: 0.0027,	 Test Accuracy: 76/1000(8%)
Head Finetuning    :Task: 5,	 Epoch: 8/40,	 Avg.loss: 0.0027,	 Test Accuracy: 78/1000(8%)
Head Finetuning    :Task: 5,	 Epoch: 9/40,	 Avg.loss: 0.0026,	 Test Accuracy: 85/1000(8%)
Head Finetuning    :Task: 5,	 Epoch: 10/40,	 Avg.loss: 0.0026,	 Test Accuracy: 87/1000(9%)
Head Finetuning    :Task: 5,	 Epoch: 11/40,	 Avg.loss: 0.0025,	 Test Accuracy: 91/1000(9%)
Head Finetuning    :Task: 5,	 Epoch: 12/40,	 Avg.loss: 0.0025,	 Test Accuracy: 98/1000(10%)
Head Finetuning    :Task: 5,	 Epoch: 13/40,	 Avg.loss: 0.0025,	 Test Accuracy: 104/1000(10%)
Head Finetuning    :Task: 5,	 Epoch: 14/40,	 Avg.loss: 0.0025,	 Test Accuracy: 106/1000(11%)
Head Finetuning    :Task: 5,	 Epoch: 15/40,	 Avg.loss: 0.0024,	 Test Accuracy: 112/1000(11%)
Head Finetuning    :Task: 5,	 Epoch: 16/40,	 Avg.loss: 0.0024,	 Test Accuracy: 119/1000(12%)
Head Finetuning    :Task: 5,	 Epoch: 17/40,	 Avg.loss: 0.0024,	 Test Accuracy: 122/1000(12%)
Head Finetuning    :Task: 5,	 Epoch: 18/40,	 Avg.loss: 0.0024,	 Test Accuracy: 125/1000(13%)
Head Finetuning    :Task: 5,	 Epoch: 19/40,	 Avg.loss: 0.0024,	 Test Accuracy: 128/1000(13%)
Task: 5,	 Epoch: 0/40,	 Avg.loss: 0.0012,	 Test Accuracy: 535/1000(54%)
Task: 5,	 Epoch: 1/40,	 Avg.loss: 0.0010,	 Test Accuracy: 622/1000(62%)
Task: 5,	 Epoch: 2/40,	 Avg.loss: 0.0010,	 Test Accuracy: 645/1000(64%)
Task: 5,	 Epoch: 3/40,	 Avg.loss: 0.0010,	 Test Accuracy: 651/1000(65%)
Task: 5,	 Epoch: 4/40,	 Avg.loss: 0.0009,	 Test Accuracy: 660/1000(66%)
Task: 5,	 Epoch: 5/40,	 Avg.loss: 0.0010,	 Test Accuracy: 647/1000(65%)
Task: 5,	 Epoch: 6/40,	 Avg.loss: 0.0009,	 Test Accuracy: 671/1000(67%)
Task: 5,	 Epoch: 7/40,	 Avg.loss: 0.0009,	 Test Accuracy: 674/1000(67%)
Task: 5,	 Epoch: 8/40,	 Avg.loss: 0.0009,	 Test Accuracy: 674/1000(67%)
Task: 5,	 Epoch: 9/40,	 Avg.loss: 0.0009,	 Test Accuracy: 645/1000(64%)
Task: 5,	 Epoch: 10/40,	 Avg.loss: 0.0009,	 Test Accuracy: 668/1000(67%)
Task: 5,	 Epoch: 11/40,	 Avg.loss: 0.0009,	 Test Accuracy: 671/1000(67%)
Task: 5,	 Epoch: 12/40,	 Avg.loss: 0.0009,	 Test Accuracy: 663/1000(66%)
Task: 5,	 Epoch: 13/40,	 Avg.loss: 0.0009,	 Test Accuracy: 668/1000(67%)
Task: 5,	 Epoch: 14/40,	 Avg.loss: 0.0008,	 Test Accuracy: 700/1000(70%)
Task: 5,	 Epoch: 15/40,	 Avg.loss: 0.0009,	 Test Accuracy: 692/1000(69%)
Task: 5,	 Epoch: 16/40,	 Avg.loss: 0.0008,	 Test Accuracy: 675/1000(68%)
Task: 5,	 Epoch: 17/40,	 Avg.loss: 0.0008,	 Test Accuracy: 693/1000(69%)
Task: 5,	 Epoch: 18/40,	 Avg.loss: 0.0009,	 Test Accuracy: 686/1000(69%)
Task: 5,	 Epoch: 19/40,	 Avg.loss: 0.0008,	 Test Accuracy: 702/1000(70%)
Task: 5,	 Epoch: 20/40,	 Avg.loss: 0.0008,	 Test Accuracy: 699/1000(70%)
Task: 5,	 Epoch: 21/40,	 Avg.loss: 0.0008,	 Test Accuracy: 706/1000(71%)
Task: 5,	 Epoch: 22/40,	 Avg.loss: 0.0008,	 Test Accuracy: 706/1000(71%)
Task: 5,	 Epoch: 23/40,	 Avg.loss: 0.0008,	 Test Accuracy: 709/1000(71%)
Task: 5,	 Epoch: 24/40,	 Avg.loss: 0.0008,	 Test Accuracy: 701/1000(70%)
Task: 5,	 Epoch: 25/40,	 Avg.loss: 0.0008,	 Test Accuracy: 706/1000(71%)
Task: 5,	 Epoch: 26/40,	 Avg.loss: 0.0008,	 Test Accuracy: 706/1000(71%)
Task: 5,	 Epoch: 27/40,	 Avg.loss: 0.0008,	 Test Accuracy: 709/1000(71%)
Task: 5,	 Epoch: 28/40,	 Avg.loss: 0.0008,	 Test Accuracy: 708/1000(71%)
Task: 5,	 Epoch: 29/40,	 Avg.loss: 0.0008,	 Test Accuracy: 703/1000(70%)
Task: 5,	 Epoch: 30/40,	 Avg.loss: 0.0008,	 Test Accuracy: 706/1000(71%)
Task: 5,	 Epoch: 31/40,	 Avg.loss: 0.0008,	 Test Accuracy: 707/1000(71%)
Task: 5,	 Epoch: 32/40,	 Avg.loss: 0.0008,	 Test Accuracy: 702/1000(70%)
Task: 5,	 Epoch: 33/40,	 Avg.loss: 0.0008,	 Test Accuracy: 713/1000(71%)
Task: 5,	 Epoch: 34/40,	 Avg.loss: 0.0008,	 Test Accuracy: 708/1000(71%)
Task: 5,	 Epoch: 35/40,	 Avg.loss: 0.0008,	 Test Accuracy: 713/1000(71%)
Task: 5,	 Epoch: 36/40,	 Avg.loss: 0.0008,	 Test Accuracy: 716/1000(72%)
Task: 5,	 Epoch: 37/40,	 Avg.loss: 0.0008,	 Test Accuracy: 712/1000(71%)
Task: 5,	 Epoch: 38/40,	 Avg.loss: 0.0008,	 Test Accuracy: 715/1000(72%)
Task: 5,	 Epoch: 39/40,	 Avg.loss: 0.0008,	 Test Accuracy: 707/1000(71%)
Trained Task:5, Loaded task:0, Accuracy:80.9%
Trained Task:5, Loaded task:1, Accuracy:75.8%
Trained Task:5, Loaded task:2, Accuracy:78.6%
Trained Task:5, Loaded task:3, Accuracy:70.1%
Trained Task:5, Loaded task:4, Accuracy:74.5%
Trained Task:5, Loaded task:5, Accuracy:70.7%
Trained Task:5, Avg. Accuracy: 75.1 

List of avg. accuracy: [85.8, 82.2, 80.7, 78.4, 76.9, 75.1]
Layer        : conv1_layer.2.weight
R.histogram  : tensor([3., 2., 7., 5., 2., 6., 2., 3., 0., 2.], device='cuda:0')
R_sum max/min: 92.1/27.3
F max  		: 3.08882474899292
O masx 		: 27.24225425720215
Layer        : conv2_layer.2.weight
R.histogram  : tensor([16., 38.,  3.,  0.,  0.,  0.,  0.,  0.,  6.,  1.], device='cuda:0')
R_sum max/min: 684.5/41.3
F max  		: 1.0095542669296265
O masx 		: 3.811401128768921
Layer        : fc1_layer.1.weight
R.histogram  : tensor([195., 301.,  12.,   2.,   1.,   0.,   0.,   0.,   0.,   1.],
       device='cuda:0')
R_sum max/min: 19161.4/1604.3
F max  		: 0.09875401109457016
O masx 		: 0.4290889501571655
Mask histogram
conv1_layer.2.weight: 	 tensor([   0.,    0.,    0.,    0.,    0.,    0.,    0., 8192.,    0.,    0.,
           0.], device='cuda:0')
conv2_layer.2.weight: 	 tensor([   0.,  896., 1216.,  704.,  640.,  640.,    0.,    0.,    0.,    0.,
           0.], device='cuda:0')
fc1_layer.1.weight: 	 tensor([ 11.,  67., 147., 164.,  43.,  77.,   3.,   0.,   0.,   0.,   0.],
       device='cuda:0')
Head Finetuning    :Task: 6,	 Epoch: 0/40,	 Avg.loss: 0.0029,	 Test Accuracy: 130/1000(13%)
Head Finetuning    :Task: 6,	 Epoch: 1/40,	 Avg.loss: 0.0028,	 Test Accuracy: 137/1000(14%)
Head Finetuning    :Task: 6,	 Epoch: 2/40,	 Avg.loss: 0.0027,	 Test Accuracy: 147/1000(15%)
Head Finetuning    :Task: 6,	 Epoch: 3/40,	 Avg.loss: 0.0026,	 Test Accuracy: 164/1000(16%)
Head Finetuning    :Task: 6,	 Epoch: 4/40,	 Avg.loss: 0.0026,	 Test Accuracy: 167/1000(17%)
Head Finetuning    :Task: 6,	 Epoch: 5/40,	 Avg.loss: 0.0025,	 Test Accuracy: 177/1000(18%)
Head Finetuning    :Task: 6,	 Epoch: 6/40,	 Avg.loss: 0.0025,	 Test Accuracy: 179/1000(18%)
Head Finetuning    :Task: 6,	 Epoch: 7/40,	 Avg.loss: 0.0024,	 Test Accuracy: 184/1000(18%)
Head Finetuning    :Task: 6,	 Epoch: 8/40,	 Avg.loss: 0.0024,	 Test Accuracy: 189/1000(19%)
Head Finetuning    :Task: 6,	 Epoch: 9/40,	 Avg.loss: 0.0024,	 Test Accuracy: 197/1000(20%)
Head Finetuning    :Task: 6,	 Epoch: 10/40,	 Avg.loss: 0.0023,	 Test Accuracy: 198/1000(20%)
Head Finetuning    :Task: 6,	 Epoch: 11/40,	 Avg.loss: 0.0023,	 Test Accuracy: 200/1000(20%)
Head Finetuning    :Task: 6,	 Epoch: 12/40,	 Avg.loss: 0.0023,	 Test Accuracy: 206/1000(21%)
Head Finetuning    :Task: 6,	 Epoch: 13/40,	 Avg.loss: 0.0023,	 Test Accuracy: 205/1000(21%)
Head Finetuning    :Task: 6,	 Epoch: 14/40,	 Avg.loss: 0.0022,	 Test Accuracy: 209/1000(21%)
Head Finetuning    :Task: 6,	 Epoch: 15/40,	 Avg.loss: 0.0022,	 Test Accuracy: 211/1000(21%)
Head Finetuning    :Task: 6,	 Epoch: 16/40,	 Avg.loss: 0.0022,	 Test Accuracy: 216/1000(22%)
Head Finetuning    :Task: 6,	 Epoch: 17/40,	 Avg.loss: 0.0022,	 Test Accuracy: 216/1000(22%)
Head Finetuning    :Task: 6,	 Epoch: 18/40,	 Avg.loss: 0.0022,	 Test Accuracy: 223/1000(22%)
Head Finetuning    :Task: 6,	 Epoch: 19/40,	 Avg.loss: 0.0021,	 Test Accuracy: 222/1000(22%)
Task: 6,	 Epoch: 0/40,	 Avg.loss: 0.0011,	 Test Accuracy: 614/1000(61%)
Task: 6,	 Epoch: 1/40,	 Avg.loss: 0.0011,	 Test Accuracy: 625/1000(63%)
Task: 6,	 Epoch: 2/40,	 Avg.loss: 0.0009,	 Test Accuracy: 653/1000(65%)
Task: 6,	 Epoch: 3/40,	 Avg.loss: 0.0010,	 Test Accuracy: 666/1000(67%)
Task: 6,	 Epoch: 4/40,	 Avg.loss: 0.0009,	 Test Accuracy: 687/1000(69%)
Task: 6,	 Epoch: 5/40,	 Avg.loss: 0.0009,	 Test Accuracy: 684/1000(68%)
Task: 6,	 Epoch: 6/40,	 Avg.loss: 0.0009,	 Test Accuracy: 697/1000(70%)
Task: 6,	 Epoch: 7/40,	 Avg.loss: 0.0009,	 Test Accuracy: 706/1000(71%)
Task: 6,	 Epoch: 8/40,	 Avg.loss: 0.0008,	 Test Accuracy: 710/1000(71%)
Task: 6,	 Epoch: 9/40,	 Avg.loss: 0.0009,	 Test Accuracy: 690/1000(69%)
Task: 6,	 Epoch: 10/40,	 Avg.loss: 0.0009,	 Test Accuracy: 699/1000(70%)
Task: 6,	 Epoch: 11/40,	 Avg.loss: 0.0008,	 Test Accuracy: 718/1000(72%)
Task: 6,	 Epoch: 12/40,	 Avg.loss: 0.0008,	 Test Accuracy: 713/1000(71%)
Task: 6,	 Epoch: 13/40,	 Avg.loss: 0.0008,	 Test Accuracy: 711/1000(71%)
Task: 6,	 Epoch: 14/40,	 Avg.loss: 0.0008,	 Test Accuracy: 709/1000(71%)
Task: 6,	 Epoch: 15/40,	 Avg.loss: 0.0008,	 Test Accuracy: 729/1000(73%)
Task: 6,	 Epoch: 16/40,	 Avg.loss: 0.0008,	 Test Accuracy: 720/1000(72%)
Task: 6,	 Epoch: 17/40,	 Avg.loss: 0.0008,	 Test Accuracy: 724/1000(72%)
Task: 6,	 Epoch: 18/40,	 Avg.loss: 0.0008,	 Test Accuracy: 726/1000(73%)
Task: 6,	 Epoch: 19/40,	 Avg.loss: 0.0008,	 Test Accuracy: 739/1000(74%)
Task: 6,	 Epoch: 20/40,	 Avg.loss: 0.0007,	 Test Accuracy: 737/1000(74%)
Task: 6,	 Epoch: 21/40,	 Avg.loss: 0.0007,	 Test Accuracy: 741/1000(74%)
Task: 6,	 Epoch: 22/40,	 Avg.loss: 0.0007,	 Test Accuracy: 735/1000(74%)
Task: 6,	 Epoch: 23/40,	 Avg.loss: 0.0007,	 Test Accuracy: 730/1000(73%)
Task: 6,	 Epoch: 24/40,	 Avg.loss: 0.0008,	 Test Accuracy: 727/1000(73%)
Task: 6,	 Epoch: 25/40,	 Avg.loss: 0.0007,	 Test Accuracy: 735/1000(74%)
Task: 6,	 Epoch: 26/40,	 Avg.loss: 0.0007,	 Test Accuracy: 733/1000(73%)
Task: 6,	 Epoch: 27/40,	 Avg.loss: 0.0007,	 Test Accuracy: 729/1000(73%)
Task: 6,	 Epoch: 28/40,	 Avg.loss: 0.0007,	 Test Accuracy: 734/1000(73%)
Task: 6,	 Epoch: 29/40,	 Avg.loss: 0.0007,	 Test Accuracy: 740/1000(74%)
Task: 6,	 Epoch: 30/40,	 Avg.loss: 0.0007,	 Test Accuracy: 737/1000(74%)
Task: 6,	 Epoch: 31/40,	 Avg.loss: 0.0007,	 Test Accuracy: 733/1000(73%)
Task: 6,	 Epoch: 32/40,	 Avg.loss: 0.0007,	 Test Accuracy: 735/1000(74%)
Task: 6,	 Epoch: 33/40,	 Avg.loss: 0.0007,	 Test Accuracy: 735/1000(74%)
Task: 6,	 Epoch: 34/40,	 Avg.loss: 0.0007,	 Test Accuracy: 733/1000(73%)
Task: 6,	 Epoch: 35/40,	 Avg.loss: 0.0007,	 Test Accuracy: 732/1000(73%)
Task: 6,	 Epoch: 36/40,	 Avg.loss: 0.0007,	 Test Accuracy: 737/1000(74%)
Task: 6,	 Epoch: 37/40,	 Avg.loss: 0.0007,	 Test Accuracy: 731/1000(73%)
Task: 6,	 Epoch: 38/40,	 Avg.loss: 0.0007,	 Test Accuracy: 738/1000(74%)
Task: 6,	 Epoch: 39/40,	 Avg.loss: 0.0007,	 Test Accuracy: 738/1000(74%)
Trained Task:6, Loaded task:0, Accuracy:80.3%
Trained Task:6, Loaded task:1, Accuracy:75.0%
Trained Task:6, Loaded task:2, Accuracy:77.9%
Trained Task:6, Loaded task:3, Accuracy:68.5%
Trained Task:6, Loaded task:4, Accuracy:74.2%
Trained Task:6, Loaded task:5, Accuracy:71.3%
Trained Task:6, Loaded task:6, Accuracy:73.8%
Trained Task:6, Avg. Accuracy: 74.4 

List of avg. accuracy: [85.8, 82.2, 80.7, 78.4, 76.9, 75.1, 74.4]
Layer        : conv1_layer.2.weight
R.histogram  : tensor([2., 3., 5., 9., 6., 2., 2., 1., 0., 2.], device='cuda:0')
R_sum max/min: 110.3/28.4
F max  		: 4.542301654815674
O masx 		: 29.412025451660156
Layer        : conv2_layer.2.weight
R.histogram  : tensor([ 6., 30., 21.,  0.,  1.,  0.,  0.,  0.,  1.,  5.], device='cuda:0')
R_sum max/min: 576.0/49.9
F max  		: 1.4564212560653687
O masx 		: 4.677140712738037
Layer        : fc1_layer.1.weight
R.histogram  : tensor([111., 368.,  24.,   5.,   3.,   0.,   0.,   0.,   0.,   1.],
       device='cuda:0')
R_sum max/min: 15996.3/1579.0
F max  		: 0.10085795819759369
O masx 		: 0.4290889501571655
Mask histogram
conv1_layer.2.weight: 	 tensor([   0.,    0.,    0.,    0.,    0.,    0.,    0.,    0., 8192.,    0.,
           0.], device='cuda:0')
conv2_layer.2.weight: 	 tensor([   0.,  576., 1216.,  896.,  448.,  448.,  512.,    0.,    0.,    0.,
           0.], device='cuda:0')
fc1_layer.1.weight: 	 tensor([ 11.,  66., 142.,  75., 109.,  36.,  70.,   3.,   0.,   0.,   0.],
       device='cuda:0')
Head Finetuning    :Task: 7,	 Epoch: 0/40,	 Avg.loss: 0.0027,	 Test Accuracy: 136/1000(14%)
Head Finetuning    :Task: 7,	 Epoch: 1/40,	 Avg.loss: 0.0025,	 Test Accuracy: 161/1000(16%)
Head Finetuning    :Task: 7,	 Epoch: 2/40,	 Avg.loss: 0.0024,	 Test Accuracy: 172/1000(17%)
Head Finetuning    :Task: 7,	 Epoch: 3/40,	 Avg.loss: 0.0023,	 Test Accuracy: 194/1000(19%)
Head Finetuning    :Task: 7,	 Epoch: 4/40,	 Avg.loss: 0.0022,	 Test Accuracy: 210/1000(21%)
Head Finetuning    :Task: 7,	 Epoch: 5/40,	 Avg.loss: 0.0022,	 Test Accuracy: 223/1000(22%)
Head Finetuning    :Task: 7,	 Epoch: 6/40,	 Avg.loss: 0.0022,	 Test Accuracy: 234/1000(23%)
Head Finetuning    :Task: 7,	 Epoch: 7/40,	 Avg.loss: 0.0021,	 Test Accuracy: 246/1000(25%)
Head Finetuning    :Task: 7,	 Epoch: 8/40,	 Avg.loss: 0.0021,	 Test Accuracy: 251/1000(25%)
Head Finetuning    :Task: 7,	 Epoch: 9/40,	 Avg.loss: 0.0021,	 Test Accuracy: 256/1000(26%)
Head Finetuning    :Task: 7,	 Epoch: 10/40,	 Avg.loss: 0.0020,	 Test Accuracy: 267/1000(27%)
Head Finetuning    :Task: 7,	 Epoch: 11/40,	 Avg.loss: 0.0020,	 Test Accuracy: 275/1000(28%)
Head Finetuning    :Task: 7,	 Epoch: 12/40,	 Avg.loss: 0.0020,	 Test Accuracy: 281/1000(28%)
Head Finetuning    :Task: 7,	 Epoch: 13/40,	 Avg.loss: 0.0020,	 Test Accuracy: 287/1000(29%)
Head Finetuning    :Task: 7,	 Epoch: 14/40,	 Avg.loss: 0.0020,	 Test Accuracy: 291/1000(29%)
Head Finetuning    :Task: 7,	 Epoch: 15/40,	 Avg.loss: 0.0020,	 Test Accuracy: 289/1000(29%)
Head Finetuning    :Task: 7,	 Epoch: 16/40,	 Avg.loss: 0.0020,	 Test Accuracy: 299/1000(30%)
Head Finetuning    :Task: 7,	 Epoch: 17/40,	 Avg.loss: 0.0019,	 Test Accuracy: 299/1000(30%)
Head Finetuning    :Task: 7,	 Epoch: 18/40,	 Avg.loss: 0.0019,	 Test Accuracy: 302/1000(30%)
Head Finetuning    :Task: 7,	 Epoch: 19/40,	 Avg.loss: 0.0019,	 Test Accuracy: 302/1000(30%)
Task: 7,	 Epoch: 0/40,	 Avg.loss: 0.0013,	 Test Accuracy: 577/1000(58%)
Task: 7,	 Epoch: 1/40,	 Avg.loss: 0.0012,	 Test Accuracy: 586/1000(59%)
Task: 7,	 Epoch: 2/40,	 Avg.loss: 0.0011,	 Test Accuracy: 615/1000(62%)
Task: 7,	 Epoch: 3/40,	 Avg.loss: 0.0010,	 Test Accuracy: 654/1000(65%)
Task: 7,	 Epoch: 4/40,	 Avg.loss: 0.0010,	 Test Accuracy: 655/1000(66%)
Task: 7,	 Epoch: 5/40,	 Avg.loss: 0.0010,	 Test Accuracy: 672/1000(67%)
Task: 7,	 Epoch: 6/40,	 Avg.loss: 0.0010,	 Test Accuracy: 649/1000(65%)
Task: 7,	 Epoch: 7/40,	 Avg.loss: 0.0010,	 Test Accuracy: 674/1000(67%)
Task: 7,	 Epoch: 8/40,	 Avg.loss: 0.0010,	 Test Accuracy: 677/1000(68%)
Task: 7,	 Epoch: 9/40,	 Avg.loss: 0.0009,	 Test Accuracy: 682/1000(68%)
Task: 7,	 Epoch: 10/40,	 Avg.loss: 0.0009,	 Test Accuracy: 665/1000(66%)
Task: 7,	 Epoch: 11/40,	 Avg.loss: 0.0010,	 Test Accuracy: 673/1000(67%)
Task: 7,	 Epoch: 12/40,	 Avg.loss: 0.0009,	 Test Accuracy: 674/1000(67%)
Task: 7,	 Epoch: 13/40,	 Avg.loss: 0.0009,	 Test Accuracy: 687/1000(69%)
Task: 7,	 Epoch: 14/40,	 Avg.loss: 0.0009,	 Test Accuracy: 682/1000(68%)
Task: 7,	 Epoch: 15/40,	 Avg.loss: 0.0009,	 Test Accuracy: 693/1000(69%)
Task: 7,	 Epoch: 16/40,	 Avg.loss: 0.0010,	 Test Accuracy: 679/1000(68%)
Task: 7,	 Epoch: 17/40,	 Avg.loss: 0.0009,	 Test Accuracy: 700/1000(70%)
Task: 7,	 Epoch: 18/40,	 Avg.loss: 0.0009,	 Test Accuracy: 673/1000(67%)
Task: 7,	 Epoch: 19/40,	 Avg.loss: 0.0009,	 Test Accuracy: 680/1000(68%)
Task: 7,	 Epoch: 20/40,	 Avg.loss: 0.0009,	 Test Accuracy: 696/1000(70%)
Task: 7,	 Epoch: 21/40,	 Avg.loss: 0.0009,	 Test Accuracy: 700/1000(70%)
Task: 7,	 Epoch: 22/40,	 Avg.loss: 0.0009,	 Test Accuracy: 699/1000(70%)
Task: 7,	 Epoch: 23/40,	 Avg.loss: 0.0009,	 Test Accuracy: 700/1000(70%)
Task: 7,	 Epoch: 24/40,	 Avg.loss: 0.0009,	 Test Accuracy: 701/1000(70%)
Task: 7,	 Epoch: 25/40,	 Avg.loss: 0.0009,	 Test Accuracy: 699/1000(70%)
Task: 7,	 Epoch: 26/40,	 Avg.loss: 0.0009,	 Test Accuracy: 700/1000(70%)
Task: 7,	 Epoch: 27/40,	 Avg.loss: 0.0009,	 Test Accuracy: 689/1000(69%)
Task: 7,	 Epoch: 28/40,	 Avg.loss: 0.0009,	 Test Accuracy: 691/1000(69%)
Task: 7,	 Epoch: 29/40,	 Avg.loss: 0.0009,	 Test Accuracy: 702/1000(70%)
Task: 7,	 Epoch: 30/40,	 Avg.loss: 0.0009,	 Test Accuracy: 698/1000(70%)
Task: 7,	 Epoch: 31/40,	 Avg.loss: 0.0009,	 Test Accuracy: 693/1000(69%)
Task: 7,	 Epoch: 32/40,	 Avg.loss: 0.0009,	 Test Accuracy: 697/1000(70%)
Task: 7,	 Epoch: 33/40,	 Avg.loss: 0.0009,	 Test Accuracy: 698/1000(70%)
Task: 7,	 Epoch: 34/40,	 Avg.loss: 0.0009,	 Test Accuracy: 698/1000(70%)
Task: 7,	 Epoch: 35/40,	 Avg.loss: 0.0009,	 Test Accuracy: 696/1000(70%)
Task: 7,	 Epoch: 36/40,	 Avg.loss: 0.0009,	 Test Accuracy: 700/1000(70%)
Task: 7,	 Epoch: 37/40,	 Avg.loss: 0.0009,	 Test Accuracy: 692/1000(69%)
Task: 7,	 Epoch: 38/40,	 Avg.loss: 0.0009,	 Test Accuracy: 703/1000(70%)
Task: 7,	 Epoch: 39/40,	 Avg.loss: 0.0009,	 Test Accuracy: 696/1000(70%)
Trained Task:7, Loaded task:0, Accuracy:81.6%
Trained Task:7, Loaded task:1, Accuracy:76.2%
Trained Task:7, Loaded task:2, Accuracy:76.9%
Trained Task:7, Loaded task:3, Accuracy:69.1%
Trained Task:7, Loaded task:4, Accuracy:73.1%
Trained Task:7, Loaded task:5, Accuracy:71.0%
Trained Task:7, Loaded task:6, Accuracy:73.3%
Trained Task:7, Loaded task:7, Accuracy:69.6%
Trained Task:7, Avg. Accuracy: 73.9 

List of avg. accuracy: [85.8, 82.2, 80.7, 78.4, 76.9, 75.1, 74.4, 73.9]
Layer        : conv1_layer.2.weight
R.histogram  : tensor([3., 7., 6., 2., 6., 1., 3., 0., 1., 3.], device='cuda:0')
R_sum max/min: 117.6/36.3
F max  		: 5.331260681152344
O masx 		: 31.353260040283203
Layer        : conv2_layer.2.weight
R.histogram  : tensor([ 7., 30., 12.,  6.,  3.,  1.,  0.,  0.,  0.,  5.], device='cuda:0')
R_sum max/min: 576.0/63.0
F max  		: 1.905705213546753
O masx 		: 5.591462135314941
Layer        : fc1_layer.1.weight
R.histogram  : tensor([122., 347.,  28.,   7.,   3.,   2.,   1.,   1.,   0.,   1.],
       device='cuda:0')
R_sum max/min: 13225.6/1924.7
F max  		: 0.14761070907115936
O masx 		: 0.47018173336982727
Mask histogram
conv1_layer.2.weight: 	 tensor([   0.,    0.,    0.,    0.,    0.,    0.,    0.,    0.,    0., 8192.,
           0.], device='cuda:0')
conv2_layer.2.weight: 	 tensor([   0.,  448.,  896., 1088.,  576.,  384.,  256.,  448.,    0.,    0.,
           0.], device='cuda:0')
fc1_layer.1.weight: 	 tensor([ 11.,  66., 130.,  73.,  36.,  99.,  29.,  66.,   2.,   0.,   0.],
       device='cuda:0')
Head Finetuning    :Task: 8,	 Epoch: 0/40,	 Avg.loss: 0.0030,	 Test Accuracy: 106/1000(11%)
Head Finetuning    :Task: 8,	 Epoch: 1/40,	 Avg.loss: 0.0028,	 Test Accuracy: 110/1000(11%)
Head Finetuning    :Task: 8,	 Epoch: 2/40,	 Avg.loss: 0.0026,	 Test Accuracy: 118/1000(12%)
Head Finetuning    :Task: 8,	 Epoch: 3/40,	 Avg.loss: 0.0026,	 Test Accuracy: 127/1000(13%)
Head Finetuning    :Task: 8,	 Epoch: 4/40,	 Avg.loss: 0.0025,	 Test Accuracy: 133/1000(13%)
Head Finetuning    :Task: 8,	 Epoch: 5/40,	 Avg.loss: 0.0025,	 Test Accuracy: 138/1000(14%)
Head Finetuning    :Task: 8,	 Epoch: 6/40,	 Avg.loss: 0.0024,	 Test Accuracy: 150/1000(15%)
Head Finetuning    :Task: 8,	 Epoch: 7/40,	 Avg.loss: 0.0024,	 Test Accuracy: 155/1000(16%)
Head Finetuning    :Task: 8,	 Epoch: 8/40,	 Avg.loss: 0.0024,	 Test Accuracy: 166/1000(17%)
Head Finetuning    :Task: 8,	 Epoch: 9/40,	 Avg.loss: 0.0023,	 Test Accuracy: 173/1000(17%)
Head Finetuning    :Task: 8,	 Epoch: 10/40,	 Avg.loss: 0.0023,	 Test Accuracy: 177/1000(18%)
Head Finetuning    :Task: 8,	 Epoch: 11/40,	 Avg.loss: 0.0023,	 Test Accuracy: 186/1000(19%)
Head Finetuning    :Task: 8,	 Epoch: 12/40,	 Avg.loss: 0.0022,	 Test Accuracy: 185/1000(18%)
Head Finetuning    :Task: 8,	 Epoch: 13/40,	 Avg.loss: 0.0022,	 Test Accuracy: 190/1000(19%)
Head Finetuning    :Task: 8,	 Epoch: 14/40,	 Avg.loss: 0.0022,	 Test Accuracy: 192/1000(19%)
Head Finetuning    :Task: 8,	 Epoch: 15/40,	 Avg.loss: 0.0022,	 Test Accuracy: 206/1000(21%)
Head Finetuning    :Task: 8,	 Epoch: 16/40,	 Avg.loss: 0.0022,	 Test Accuracy: 211/1000(21%)
Head Finetuning    :Task: 8,	 Epoch: 17/40,	 Avg.loss: 0.0021,	 Test Accuracy: 219/1000(22%)
Head Finetuning    :Task: 8,	 Epoch: 18/40,	 Avg.loss: 0.0021,	 Test Accuracy: 225/1000(23%)
Head Finetuning    :Task: 8,	 Epoch: 19/40,	 Avg.loss: 0.0021,	 Test Accuracy: 228/1000(23%)
Task: 8,	 Epoch: 0/40,	 Avg.loss: 0.0011,	 Test Accuracy: 597/1000(60%)
Task: 8,	 Epoch: 1/40,	 Avg.loss: 0.0010,	 Test Accuracy: 666/1000(67%)
Task: 8,	 Epoch: 2/40,	 Avg.loss: 0.0012,	 Test Accuracy: 592/1000(59%)
Task: 8,	 Epoch: 3/40,	 Avg.loss: 0.0009,	 Test Accuracy: 684/1000(68%)
Task: 8,	 Epoch: 4/40,	 Avg.loss: 0.0009,	 Test Accuracy: 691/1000(69%)
Task: 8,	 Epoch: 5/40,	 Avg.loss: 0.0009,	 Test Accuracy: 698/1000(70%)
Task: 8,	 Epoch: 6/40,	 Avg.loss: 0.0009,	 Test Accuracy: 694/1000(69%)
Task: 8,	 Epoch: 7/40,	 Avg.loss: 0.0009,	 Test Accuracy: 706/1000(71%)
Task: 8,	 Epoch: 8/40,	 Avg.loss: 0.0009,	 Test Accuracy: 709/1000(71%)
Task: 8,	 Epoch: 9/40,	 Avg.loss: 0.0008,	 Test Accuracy: 722/1000(72%)
Task: 8,	 Epoch: 10/40,	 Avg.loss: 0.0008,	 Test Accuracy: 710/1000(71%)
Task: 8,	 Epoch: 11/40,	 Avg.loss: 0.0008,	 Test Accuracy: 725/1000(72%)
Task: 8,	 Epoch: 12/40,	 Avg.loss: 0.0008,	 Test Accuracy: 725/1000(72%)
Task: 8,	 Epoch: 13/40,	 Avg.loss: 0.0008,	 Test Accuracy: 728/1000(73%)
Task: 8,	 Epoch: 14/40,	 Avg.loss: 0.0008,	 Test Accuracy: 733/1000(73%)
Task: 8,	 Epoch: 15/40,	 Avg.loss: 0.0007,	 Test Accuracy: 752/1000(75%)
Task: 8,	 Epoch: 16/40,	 Avg.loss: 0.0008,	 Test Accuracy: 745/1000(74%)
Task: 8,	 Epoch: 17/40,	 Avg.loss: 0.0007,	 Test Accuracy: 750/1000(75%)
Task: 8,	 Epoch: 18/40,	 Avg.loss: 0.0008,	 Test Accuracy: 738/1000(74%)
Task: 8,	 Epoch: 19/40,	 Avg.loss: 0.0008,	 Test Accuracy: 727/1000(73%)
Task: 8,	 Epoch: 20/40,	 Avg.loss: 0.0007,	 Test Accuracy: 753/1000(75%)
Task: 8,	 Epoch: 21/40,	 Avg.loss: 0.0007,	 Test Accuracy: 758/1000(76%)
Task: 8,	 Epoch: 22/40,	 Avg.loss: 0.0007,	 Test Accuracy: 757/1000(76%)
Task: 8,	 Epoch: 23/40,	 Avg.loss: 0.0007,	 Test Accuracy: 758/1000(76%)
Task: 8,	 Epoch: 24/40,	 Avg.loss: 0.0007,	 Test Accuracy: 754/1000(75%)
Task: 8,	 Epoch: 25/40,	 Avg.loss: 0.0007,	 Test Accuracy: 754/1000(75%)
Task: 8,	 Epoch: 26/40,	 Avg.loss: 0.0007,	 Test Accuracy: 754/1000(75%)
Task: 8,	 Epoch: 27/40,	 Avg.loss: 0.0007,	 Test Accuracy: 753/1000(75%)
Task: 8,	 Epoch: 28/40,	 Avg.loss: 0.0007,	 Test Accuracy: 753/1000(75%)
Task: 8,	 Epoch: 29/40,	 Avg.loss: 0.0007,	 Test Accuracy: 758/1000(76%)
Task: 8,	 Epoch: 30/40,	 Avg.loss: 0.0007,	 Test Accuracy: 754/1000(75%)
Task: 8,	 Epoch: 31/40,	 Avg.loss: 0.0007,	 Test Accuracy: 757/1000(76%)
Task: 8,	 Epoch: 32/40,	 Avg.loss: 0.0007,	 Test Accuracy: 753/1000(75%)
Task: 8,	 Epoch: 33/40,	 Avg.loss: 0.0007,	 Test Accuracy: 756/1000(76%)
Task: 8,	 Epoch: 34/40,	 Avg.loss: 0.0007,	 Test Accuracy: 756/1000(76%)
Task: 8,	 Epoch: 35/40,	 Avg.loss: 0.0007,	 Test Accuracy: 753/1000(75%)
Task: 8,	 Epoch: 36/40,	 Avg.loss: 0.0007,	 Test Accuracy: 753/1000(75%)
Task: 8,	 Epoch: 37/40,	 Avg.loss: 0.0007,	 Test Accuracy: 757/1000(76%)
Task: 8,	 Epoch: 38/40,	 Avg.loss: 0.0007,	 Test Accuracy: 753/1000(75%)
Task: 8,	 Epoch: 39/40,	 Avg.loss: 0.0007,	 Test Accuracy: 759/1000(76%)
Trained Task:8, Loaded task:0, Accuracy:82.9%
Trained Task:8, Loaded task:1, Accuracy:75.8%
Trained Task:8, Loaded task:2, Accuracy:76.2%
Trained Task:8, Loaded task:3, Accuracy:69.8%
Trained Task:8, Loaded task:4, Accuracy:71.8%
Trained Task:8, Loaded task:5, Accuracy:70.2%
Trained Task:8, Loaded task:6, Accuracy:72.7%
Trained Task:8, Loaded task:7, Accuracy:69.6%
Trained Task:8, Loaded task:8, Accuracy:75.9%
Trained Task:8, Avg. Accuracy: 73.9 

List of avg. accuracy: [85.8, 82.2, 80.7, 78.4, 76.9, 75.1, 74.4, 73.9, 73.9]
Layer        : conv1_layer.2.weight
R.histogram  : tensor([3., 5., 8., 2., 8., 0., 1., 2., 0., 3.], device='cuda:0')
R_sum max/min: 122.1/33.0
F max  		: 5.981692790985107
O masx 		: 33.50486755371094
Layer        : conv2_layer.2.weight
R.histogram  : tensor([ 7., 28., 18.,  4.,  2.,  0.,  0.,  0.,  0.,  5.], device='cuda:0')
R_sum max/min: 576.0/76.4
F max  		: 2.37752366065979
O masx 		: 5.698869228363037
Layer        : fc1_layer.1.weight
R.histogram  : tensor([ 48., 189., 248.,  13.,   7.,   2.,   1.,   1.,   1.,   2.],
       device='cuda:0')
R_sum max/min: 9997.2/1906.3
F max  		: 0.14371135830879211
O masx 		: 0.47018173336982727
Mask histogram
conv1_layer.2.weight: 	 tensor([   0.,    0.,    0.,    0.,    0.,    0.,    0.,    0.,    0.,    0.,
        8192.], device='cuda:0')
conv2_layer.2.weight: 	 tensor([  0., 384., 832., 640., 832., 704., 192.,  64., 448.,   0.,   0.],
       device='cuda:0')
fc1_layer.1.weight: 	 tensor([  0.,  74., 127.,  71.,  33.,  34.,  80.,  29.,  62.,   2.,   0.],
       device='cuda:0')
Head Finetuning    :Task: 9,	 Epoch: 0/40,	 Avg.loss: 0.0026,	 Test Accuracy: 187/1000(19%)
Head Finetuning    :Task: 9,	 Epoch: 1/40,	 Avg.loss: 0.0025,	 Test Accuracy: 197/1000(20%)
Head Finetuning    :Task: 9,	 Epoch: 2/40,	 Avg.loss: 0.0024,	 Test Accuracy: 211/1000(21%)
Head Finetuning    :Task: 9,	 Epoch: 3/40,	 Avg.loss: 0.0024,	 Test Accuracy: 213/1000(21%)
Head Finetuning    :Task: 9,	 Epoch: 4/40,	 Avg.loss: 0.0023,	 Test Accuracy: 230/1000(23%)
Head Finetuning    :Task: 9,	 Epoch: 5/40,	 Avg.loss: 0.0023,	 Test Accuracy: 237/1000(24%)
Head Finetuning    :Task: 9,	 Epoch: 6/40,	 Avg.loss: 0.0023,	 Test Accuracy: 243/1000(24%)
Head Finetuning    :Task: 9,	 Epoch: 7/40,	 Avg.loss: 0.0022,	 Test Accuracy: 248/1000(25%)
Head Finetuning    :Task: 9,	 Epoch: 8/40,	 Avg.loss: 0.0022,	 Test Accuracy: 256/1000(26%)
Head Finetuning    :Task: 9,	 Epoch: 9/40,	 Avg.loss: 0.0022,	 Test Accuracy: 266/1000(27%)
Head Finetuning    :Task: 9,	 Epoch: 10/40,	 Avg.loss: 0.0022,	 Test Accuracy: 269/1000(27%)
Head Finetuning    :Task: 9,	 Epoch: 11/40,	 Avg.loss: 0.0021,	 Test Accuracy: 271/1000(27%)
Head Finetuning    :Task: 9,	 Epoch: 12/40,	 Avg.loss: 0.0021,	 Test Accuracy: 272/1000(27%)
Head Finetuning    :Task: 9,	 Epoch: 13/40,	 Avg.loss: 0.0021,	 Test Accuracy: 278/1000(28%)
Head Finetuning    :Task: 9,	 Epoch: 14/40,	 Avg.loss: 0.0021,	 Test Accuracy: 284/1000(28%)
Head Finetuning    :Task: 9,	 Epoch: 15/40,	 Avg.loss: 0.0021,	 Test Accuracy: 288/1000(29%)
Head Finetuning    :Task: 9,	 Epoch: 16/40,	 Avg.loss: 0.0021,	 Test Accuracy: 290/1000(29%)
Head Finetuning    :Task: 9,	 Epoch: 17/40,	 Avg.loss: 0.0021,	 Test Accuracy: 292/1000(29%)
Head Finetuning    :Task: 9,	 Epoch: 18/40,	 Avg.loss: 0.0020,	 Test Accuracy: 295/1000(30%)
Head Finetuning    :Task: 9,	 Epoch: 19/40,	 Avg.loss: 0.0020,	 Test Accuracy: 297/1000(30%)
Task: 9,	 Epoch: 0/40,	 Avg.loss: 0.0011,	 Test Accuracy: 638/1000(64%)
Task: 9,	 Epoch: 1/40,	 Avg.loss: 0.0010,	 Test Accuracy: 690/1000(69%)
Task: 9,	 Epoch: 2/40,	 Avg.loss: 0.0009,	 Test Accuracy: 730/1000(73%)
Task: 9,	 Epoch: 3/40,	 Avg.loss: 0.0009,	 Test Accuracy: 725/1000(72%)
Task: 9,	 Epoch: 4/40,	 Avg.loss: 0.0009,	 Test Accuracy: 699/1000(70%)
Task: 9,	 Epoch: 5/40,	 Avg.loss: 0.0008,	 Test Accuracy: 725/1000(72%)
Task: 9,	 Epoch: 6/40,	 Avg.loss: 0.0008,	 Test Accuracy: 738/1000(74%)
Task: 9,	 Epoch: 7/40,	 Avg.loss: 0.0008,	 Test Accuracy: 731/1000(73%)
Task: 9,	 Epoch: 8/40,	 Avg.loss: 0.0008,	 Test Accuracy: 750/1000(75%)
Task: 9,	 Epoch: 9/40,	 Avg.loss: 0.0008,	 Test Accuracy: 741/1000(74%)
Task: 9,	 Epoch: 10/40,	 Avg.loss: 0.0008,	 Test Accuracy: 725/1000(72%)
Task: 9,	 Epoch: 11/40,	 Avg.loss: 0.0009,	 Test Accuracy: 726/1000(73%)
Task: 9,	 Epoch: 12/40,	 Avg.loss: 0.0008,	 Test Accuracy: 743/1000(74%)
Task: 9,	 Epoch: 13/40,	 Avg.loss: 0.0008,	 Test Accuracy: 758/1000(76%)
Task: 9,	 Epoch: 14/40,	 Avg.loss: 0.0008,	 Test Accuracy: 748/1000(75%)
Task: 9,	 Epoch: 15/40,	 Avg.loss: 0.0007,	 Test Accuracy: 758/1000(76%)
Task: 9,	 Epoch: 16/40,	 Avg.loss: 0.0008,	 Test Accuracy: 741/1000(74%)
Task: 9,	 Epoch: 17/40,	 Avg.loss: 0.0008,	 Test Accuracy: 733/1000(73%)
Task: 9,	 Epoch: 18/40,	 Avg.loss: 0.0008,	 Test Accuracy: 760/1000(76%)
Task: 9,	 Epoch: 19/40,	 Avg.loss: 0.0007,	 Test Accuracy: 758/1000(76%)
Task: 9,	 Epoch: 20/40,	 Avg.loss: 0.0007,	 Test Accuracy: 769/1000(77%)
Task: 9,	 Epoch: 21/40,	 Avg.loss: 0.0007,	 Test Accuracy: 764/1000(76%)
Task: 9,	 Epoch: 22/40,	 Avg.loss: 0.0007,	 Test Accuracy: 773/1000(77%)
Task: 9,	 Epoch: 23/40,	 Avg.loss: 0.0007,	 Test Accuracy: 769/1000(77%)
Task: 9,	 Epoch: 24/40,	 Avg.loss: 0.0007,	 Test Accuracy: 770/1000(77%)
Task: 9,	 Epoch: 25/40,	 Avg.loss: 0.0007,	 Test Accuracy: 770/1000(77%)
Task: 9,	 Epoch: 26/40,	 Avg.loss: 0.0007,	 Test Accuracy: 770/1000(77%)
Task: 9,	 Epoch: 27/40,	 Avg.loss: 0.0007,	 Test Accuracy: 778/1000(78%)
Task: 9,	 Epoch: 28/40,	 Avg.loss: 0.0007,	 Test Accuracy: 769/1000(77%)
Task: 9,	 Epoch: 29/40,	 Avg.loss: 0.0007,	 Test Accuracy: 765/1000(76%)
Task: 9,	 Epoch: 30/40,	 Avg.loss: 0.0007,	 Test Accuracy: 771/1000(77%)
Task: 9,	 Epoch: 31/40,	 Avg.loss: 0.0007,	 Test Accuracy: 779/1000(78%)
Task: 9,	 Epoch: 32/40,	 Avg.loss: 0.0007,	 Test Accuracy: 772/1000(77%)
Task: 9,	 Epoch: 33/40,	 Avg.loss: 0.0007,	 Test Accuracy: 766/1000(77%)
Task: 9,	 Epoch: 34/40,	 Avg.loss: 0.0007,	 Test Accuracy: 772/1000(77%)
Task: 9,	 Epoch: 35/40,	 Avg.loss: 0.0007,	 Test Accuracy: 770/1000(77%)
Task: 9,	 Epoch: 36/40,	 Avg.loss: 0.0007,	 Test Accuracy: 773/1000(77%)
Task: 9,	 Epoch: 37/40,	 Avg.loss: 0.0007,	 Test Accuracy: 771/1000(77%)
Task: 9,	 Epoch: 38/40,	 Avg.loss: 0.0007,	 Test Accuracy: 765/1000(76%)
Task: 9,	 Epoch: 39/40,	 Avg.loss: 0.0007,	 Test Accuracy: 773/1000(77%)
Trained Task:9, Loaded task:0, Accuracy:83.1%
Trained Task:9, Loaded task:1, Accuracy:75.5%
Trained Task:9, Loaded task:2, Accuracy:77.1%
Trained Task:9, Loaded task:3, Accuracy:69.5%
Trained Task:9, Loaded task:4, Accuracy:71.1%
Trained Task:9, Loaded task:5, Accuracy:69.7%
Trained Task:9, Loaded task:6, Accuracy:72.1%
Trained Task:9, Loaded task:7, Accuracy:69.6%
Trained Task:9, Loaded task:8, Accuracy:75.3%
Trained Task:9, Loaded task:9, Accuracy:77.3%
Trained Task:9, Avg. Accuracy: 74.0 

List of avg. accuracy: [85.8, 82.2, 80.7, 78.4, 76.9, 75.1, 74.4, 73.9, 73.9, 74.0]
