Layer        : conv1_layer.2.weight
R.histogram  : tensor([4., 6., 7., 4., 2., 1., 3., 2., 0., 3.], device='cuda:0')
R_sum max/min: 1627.2/319.1
F max  		: 0.3943574130535126
O masx 		: 0.0
Layer        : conv2_layer.2.weight
R.histogram  : tensor([11., 14.,  8., 10.,  4.,  4.,  3.,  4.,  4.,  2.], device='cuda:0')
R_sum max/min: 2027.6/576.0
F max  		: 0.2039998471736908
O masx 		: 0.0
Layer        : fc1_layer.1.weight
R.histogram  : tensor([300., 131.,  50.,  19.,   3.,   2.,   4.,   0.,   2.,   1.],
       device='cuda:0')
R_sum max/min: 21821.7/4096.0
F max  		: 0.009547930210828781
O masx 		: 0.0
Mask histogram
conv1_layer.2.weight: 	 tensor([   0., 8192.,    0.,    0.,    0.,    0.,    0.,    0.,    0.,    0.,
           0.], device='cuda:0')
conv2_layer.2.weight: 	 tensor([2496., 1600.,    0.,    0.,    0.,    0.,    0.,    0.,    0.,    0.,
           0.], device='cuda:0')
fc1_layer.1.weight: 	 tensor([308., 204.,   0.,   0.,   0.,   0.,   0.,   0.,   0.,   0.,   0.],
       device='cuda:0')
Head Finetuning    :Task: 0,	 Epoch: 0/40,	 Avg.loss: 0.0014,	 Test Accuracy: 502/1000(50%)
Head Finetuning    :Task: 0,	 Epoch: 1/40,	 Avg.loss: 0.0012,	 Test Accuracy: 597/1000(60%)
Head Finetuning    :Task: 0,	 Epoch: 2/40,	 Avg.loss: 0.0011,	 Test Accuracy: 630/1000(63%)
Head Finetuning    :Task: 0,	 Epoch: 3/40,	 Avg.loss: 0.0011,	 Test Accuracy: 645/1000(64%)
Head Finetuning    :Task: 0,	 Epoch: 4/40,	 Avg.loss: 0.0010,	 Test Accuracy: 647/1000(65%)
Head Finetuning    :Task: 0,	 Epoch: 5/40,	 Avg.loss: 0.0010,	 Test Accuracy: 659/1000(66%)
Head Finetuning    :Task: 0,	 Epoch: 6/40,	 Avg.loss: 0.0010,	 Test Accuracy: 658/1000(66%)
Head Finetuning    :Task: 0,	 Epoch: 7/40,	 Avg.loss: 0.0010,	 Test Accuracy: 667/1000(67%)
Head Finetuning    :Task: 0,	 Epoch: 8/40,	 Avg.loss: 0.0010,	 Test Accuracy: 671/1000(67%)
Head Finetuning    :Task: 0,	 Epoch: 9/40,	 Avg.loss: 0.0010,	 Test Accuracy: 677/1000(68%)
Head Finetuning    :Task: 0,	 Epoch: 10/40,	 Avg.loss: 0.0009,	 Test Accuracy: 677/1000(68%)
Head Finetuning    :Task: 0,	 Epoch: 11/40,	 Avg.loss: 0.0009,	 Test Accuracy: 666/1000(67%)
Head Finetuning    :Task: 0,	 Epoch: 12/40,	 Avg.loss: 0.0009,	 Test Accuracy: 676/1000(68%)
Head Finetuning    :Task: 0,	 Epoch: 13/40,	 Avg.loss: 0.0009,	 Test Accuracy: 681/1000(68%)
Head Finetuning    :Task: 0,	 Epoch: 14/40,	 Avg.loss: 0.0009,	 Test Accuracy: 684/1000(68%)
Head Finetuning    :Task: 0,	 Epoch: 15/40,	 Avg.loss: 0.0009,	 Test Accuracy: 686/1000(69%)
Head Finetuning    :Task: 0,	 Epoch: 16/40,	 Avg.loss: 0.0009,	 Test Accuracy: 668/1000(67%)
Head Finetuning    :Task: 0,	 Epoch: 17/40,	 Avg.loss: 0.0009,	 Test Accuracy: 676/1000(68%)
Head Finetuning    :Task: 0,	 Epoch: 18/40,	 Avg.loss: 0.0009,	 Test Accuracy: 680/1000(68%)
Head Finetuning    :Task: 0,	 Epoch: 19/40,	 Avg.loss: 0.0009,	 Test Accuracy: 680/1000(68%)
Task: 0,	 Epoch: 0/40,	 Avg.loss: 0.0009,	 Test Accuracy: 705/1000(70%)
Task: 0,	 Epoch: 1/40,	 Avg.loss: 0.0007,	 Test Accuracy: 758/1000(76%)
Task: 0,	 Epoch: 2/40,	 Avg.loss: 0.0006,	 Test Accuracy: 781/1000(78%)
Task: 0,	 Epoch: 3/40,	 Avg.loss: 0.0006,	 Test Accuracy: 787/1000(79%)
Task: 0,	 Epoch: 4/40,	 Avg.loss: 0.0006,	 Test Accuracy: 806/1000(81%)
Task: 0,	 Epoch: 5/40,	 Avg.loss: 0.0006,	 Test Accuracy: 812/1000(81%)
Task: 0,	 Epoch: 6/40,	 Avg.loss: 0.0006,	 Test Accuracy: 813/1000(81%)
Task: 0,	 Epoch: 7/40,	 Avg.loss: 0.0005,	 Test Accuracy: 814/1000(81%)
Task: 0,	 Epoch: 8/40,	 Avg.loss: 0.0005,	 Test Accuracy: 832/1000(83%)
Task: 0,	 Epoch: 9/40,	 Avg.loss: 0.0006,	 Test Accuracy: 825/1000(83%)
Task: 0,	 Epoch: 10/40,	 Avg.loss: 0.0006,	 Test Accuracy: 817/1000(82%)
Task: 0,	 Epoch: 11/40,	 Avg.loss: 0.0006,	 Test Accuracy: 821/1000(82%)
Task: 0,	 Epoch: 12/40,	 Avg.loss: 0.0006,	 Test Accuracy: 826/1000(83%)
Task: 0,	 Epoch: 13/40,	 Avg.loss: 0.0005,	 Test Accuracy: 838/1000(84%)
Task: 0,	 Epoch: 14/40,	 Avg.loss: 0.0005,	 Test Accuracy: 837/1000(84%)
Task: 0,	 Epoch: 15/40,	 Avg.loss: 0.0005,	 Test Accuracy: 840/1000(84%)
Task: 0,	 Epoch: 16/40,	 Avg.loss: 0.0006,	 Test Accuracy: 829/1000(83%)
Task: 0,	 Epoch: 17/40,	 Avg.loss: 0.0005,	 Test Accuracy: 853/1000(85%)
Task: 0,	 Epoch: 18/40,	 Avg.loss: 0.0005,	 Test Accuracy: 852/1000(85%)
Task: 0,	 Epoch: 19/40,	 Avg.loss: 0.0005,	 Test Accuracy: 848/1000(85%)
Task: 0,	 Epoch: 20/40,	 Avg.loss: 0.0005,	 Test Accuracy: 853/1000(85%)
Task: 0,	 Epoch: 21/40,	 Avg.loss: 0.0005,	 Test Accuracy: 854/1000(85%)
Task: 0,	 Epoch: 22/40,	 Avg.loss: 0.0005,	 Test Accuracy: 857/1000(86%)
Task: 0,	 Epoch: 23/40,	 Avg.loss: 0.0005,	 Test Accuracy: 860/1000(86%)
Task: 0,	 Epoch: 24/40,	 Avg.loss: 0.0005,	 Test Accuracy: 859/1000(86%)
Task: 0,	 Epoch: 25/40,	 Avg.loss: 0.0005,	 Test Accuracy: 864/1000(86%)
Task: 0,	 Epoch: 26/40,	 Avg.loss: 0.0005,	 Test Accuracy: 863/1000(86%)
Task: 0,	 Epoch: 27/40,	 Avg.loss: 0.0005,	 Test Accuracy: 870/1000(87%)
Task: 0,	 Epoch: 28/40,	 Avg.loss: 0.0005,	 Test Accuracy: 868/1000(87%)
Task: 0,	 Epoch: 29/40,	 Avg.loss: 0.0005,	 Test Accuracy: 863/1000(86%)
Task: 0,	 Epoch: 30/40,	 Avg.loss: 0.0005,	 Test Accuracy: 862/1000(86%)
Task: 0,	 Epoch: 31/40,	 Avg.loss: 0.0005,	 Test Accuracy: 860/1000(86%)
Task: 0,	 Epoch: 32/40,	 Avg.loss: 0.0005,	 Test Accuracy: 868/1000(87%)
Task: 0,	 Epoch: 33/40,	 Avg.loss: 0.0005,	 Test Accuracy: 860/1000(86%)
Task: 0,	 Epoch: 34/40,	 Avg.loss: 0.0005,	 Test Accuracy: 864/1000(86%)
Task: 0,	 Epoch: 35/40,	 Avg.loss: 0.0005,	 Test Accuracy: 861/1000(86%)
Task: 0,	 Epoch: 36/40,	 Avg.loss: 0.0005,	 Test Accuracy: 863/1000(86%)
Task: 0,	 Epoch: 37/40,	 Avg.loss: 0.0005,	 Test Accuracy: 865/1000(87%)
Task: 0,	 Epoch: 38/40,	 Avg.loss: 0.0005,	 Test Accuracy: 853/1000(85%)
Task: 0,	 Epoch: 39/40,	 Avg.loss: 0.0005,	 Test Accuracy: 865/1000(87%)
Trained Task:0, Loaded task:0, Accuracy:86.5%
Trained Task:0, Avg. Accuracy: 86.5 

List of avg. accuracy: [86.5]
Layer        : conv1_layer.2.weight
R.histogram  : tensor([ 1., 11.,  5.,  1.,  9.,  3.,  1.,  0.,  0.,  1.], device='cuda:0')
R_sum max/min: 153.3/33.6
F max  		: 1.2658206224441528
O masx 		: 13.68700885772705
Layer        : conv2_layer.2.weight
R.histogram  : tensor([25.,  0.,  0., 12., 16.,  8.,  2.,  0.,  0.,  1.], device='cuda:0')
R_sum max/min: 1751.5/57.4
F max  		: 0.4318926930427551
O masx 		: 4.730809688568115
Layer        : fc1_layer.1.weight
R.histogram  : tensor([ 32., 269.,  78.,  55.,  40.,  19.,   8.,   5.,   3.,   3.],
       device='cuda:0')
R_sum max/min: 9748.9/2825.3
F max  		: 0.017415622249245644
O masx 		: 0.46034473180770874
Mask histogram
conv1_layer.2.weight: 	 tensor([   0.,    0., 8192.,    0.,    0.,    0.,    0.,    0.,    0.,    0.,
           0.], device='cuda:0')
conv2_layer.2.weight: 	 tensor([ 896., 3200.,    0.,    0.,    0.,    0.,    0.,    0.,    0.,    0.,
           0.], device='cuda:0')
fc1_layer.1.weight: 	 tensor([215., 186., 111.,   0.,   0.,   0.,   0.,   0.,   0.,   0.,   0.],
       device='cuda:0')
Head Finetuning    :Task: 1,	 Epoch: 0/40,	 Avg.loss: 0.0024,	 Test Accuracy: 89/1000(9%)
Head Finetuning    :Task: 1,	 Epoch: 1/40,	 Avg.loss: 0.0024,	 Test Accuracy: 100/1000(10%)
Head Finetuning    :Task: 1,	 Epoch: 2/40,	 Avg.loss: 0.0023,	 Test Accuracy: 112/1000(11%)
Head Finetuning    :Task: 1,	 Epoch: 3/40,	 Avg.loss: 0.0023,	 Test Accuracy: 131/1000(13%)
Head Finetuning    :Task: 1,	 Epoch: 4/40,	 Avg.loss: 0.0023,	 Test Accuracy: 145/1000(15%)
Head Finetuning    :Task: 1,	 Epoch: 5/40,	 Avg.loss: 0.0023,	 Test Accuracy: 150/1000(15%)
Head Finetuning    :Task: 1,	 Epoch: 6/40,	 Avg.loss: 0.0022,	 Test Accuracy: 166/1000(17%)
Head Finetuning    :Task: 1,	 Epoch: 7/40,	 Avg.loss: 0.0022,	 Test Accuracy: 176/1000(18%)
Head Finetuning    :Task: 1,	 Epoch: 8/40,	 Avg.loss: 0.0022,	 Test Accuracy: 182/1000(18%)
Head Finetuning    :Task: 1,	 Epoch: 9/40,	 Avg.loss: 0.0022,	 Test Accuracy: 190/1000(19%)
Head Finetuning    :Task: 1,	 Epoch: 10/40,	 Avg.loss: 0.0022,	 Test Accuracy: 196/1000(20%)
Head Finetuning    :Task: 1,	 Epoch: 11/40,	 Avg.loss: 0.0022,	 Test Accuracy: 203/1000(20%)
Head Finetuning    :Task: 1,	 Epoch: 12/40,	 Avg.loss: 0.0022,	 Test Accuracy: 211/1000(21%)
Head Finetuning    :Task: 1,	 Epoch: 13/40,	 Avg.loss: 0.0021,	 Test Accuracy: 211/1000(21%)
Head Finetuning    :Task: 1,	 Epoch: 14/40,	 Avg.loss: 0.0021,	 Test Accuracy: 219/1000(22%)
Head Finetuning    :Task: 1,	 Epoch: 15/40,	 Avg.loss: 0.0021,	 Test Accuracy: 222/1000(22%)
Head Finetuning    :Task: 1,	 Epoch: 16/40,	 Avg.loss: 0.0021,	 Test Accuracy: 224/1000(22%)
Head Finetuning    :Task: 1,	 Epoch: 17/40,	 Avg.loss: 0.0021,	 Test Accuracy: 230/1000(23%)
Head Finetuning    :Task: 1,	 Epoch: 18/40,	 Avg.loss: 0.0021,	 Test Accuracy: 239/1000(24%)
Head Finetuning    :Task: 1,	 Epoch: 19/40,	 Avg.loss: 0.0021,	 Test Accuracy: 243/1000(24%)
Task: 1,	 Epoch: 0/40,	 Avg.loss: 0.0009,	 Test Accuracy: 687/1000(69%)
Task: 1,	 Epoch: 1/40,	 Avg.loss: 0.0008,	 Test Accuracy: 709/1000(71%)
Task: 1,	 Epoch: 2/40,	 Avg.loss: 0.0008,	 Test Accuracy: 726/1000(73%)
Task: 1,	 Epoch: 3/40,	 Avg.loss: 0.0007,	 Test Accuracy: 732/1000(73%)
Task: 1,	 Epoch: 4/40,	 Avg.loss: 0.0007,	 Test Accuracy: 752/1000(75%)
Task: 1,	 Epoch: 5/40,	 Avg.loss: 0.0007,	 Test Accuracy: 752/1000(75%)
Task: 1,	 Epoch: 6/40,	 Avg.loss: 0.0007,	 Test Accuracy: 748/1000(75%)
Task: 1,	 Epoch: 7/40,	 Avg.loss: 0.0007,	 Test Accuracy: 771/1000(77%)
Task: 1,	 Epoch: 8/40,	 Avg.loss: 0.0007,	 Test Accuracy: 763/1000(76%)
Task: 1,	 Epoch: 9/40,	 Avg.loss: 0.0007,	 Test Accuracy: 763/1000(76%)
Task: 1,	 Epoch: 10/40,	 Avg.loss: 0.0007,	 Test Accuracy: 763/1000(76%)
Task: 1,	 Epoch: 11/40,	 Avg.loss: 0.0007,	 Test Accuracy: 780/1000(78%)
Task: 1,	 Epoch: 12/40,	 Avg.loss: 0.0007,	 Test Accuracy: 785/1000(78%)
Task: 1,	 Epoch: 13/40,	 Avg.loss: 0.0007,	 Test Accuracy: 789/1000(79%)
Task: 1,	 Epoch: 14/40,	 Avg.loss: 0.0007,	 Test Accuracy: 784/1000(78%)
Task: 1,	 Epoch: 15/40,	 Avg.loss: 0.0007,	 Test Accuracy: 769/1000(77%)
Task: 1,	 Epoch: 16/40,	 Avg.loss: 0.0006,	 Test Accuracy: 784/1000(78%)
Task: 1,	 Epoch: 17/40,	 Avg.loss: 0.0007,	 Test Accuracy: 760/1000(76%)
Task: 1,	 Epoch: 18/40,	 Avg.loss: 0.0007,	 Test Accuracy: 778/1000(78%)
Task: 1,	 Epoch: 19/40,	 Avg.loss: 0.0006,	 Test Accuracy: 781/1000(78%)
Task: 1,	 Epoch: 20/40,	 Avg.loss: 0.0006,	 Test Accuracy: 793/1000(79%)
Task: 1,	 Epoch: 21/40,	 Avg.loss: 0.0006,	 Test Accuracy: 798/1000(80%)
Task: 1,	 Epoch: 22/40,	 Avg.loss: 0.0006,	 Test Accuracy: 793/1000(79%)
Task: 1,	 Epoch: 23/40,	 Avg.loss: 0.0006,	 Test Accuracy: 792/1000(79%)
Task: 1,	 Epoch: 24/40,	 Avg.loss: 0.0006,	 Test Accuracy: 800/1000(80%)
Task: 1,	 Epoch: 25/40,	 Avg.loss: 0.0006,	 Test Accuracy: 798/1000(80%)
Task: 1,	 Epoch: 26/40,	 Avg.loss: 0.0006,	 Test Accuracy: 794/1000(79%)
Task: 1,	 Epoch: 27/40,	 Avg.loss: 0.0006,	 Test Accuracy: 790/1000(79%)
Task: 1,	 Epoch: 28/40,	 Avg.loss: 0.0006,	 Test Accuracy: 794/1000(79%)
Task: 1,	 Epoch: 29/40,	 Avg.loss: 0.0006,	 Test Accuracy: 795/1000(80%)
Task: 1,	 Epoch: 30/40,	 Avg.loss: 0.0006,	 Test Accuracy: 792/1000(79%)
Task: 1,	 Epoch: 31/40,	 Avg.loss: 0.0006,	 Test Accuracy: 795/1000(80%)
Task: 1,	 Epoch: 32/40,	 Avg.loss: 0.0006,	 Test Accuracy: 798/1000(80%)
Task: 1,	 Epoch: 33/40,	 Avg.loss: 0.0006,	 Test Accuracy: 802/1000(80%)
Task: 1,	 Epoch: 34/40,	 Avg.loss: 0.0006,	 Test Accuracy: 797/1000(80%)
Task: 1,	 Epoch: 35/40,	 Avg.loss: 0.0006,	 Test Accuracy: 794/1000(79%)
Task: 1,	 Epoch: 36/40,	 Avg.loss: 0.0006,	 Test Accuracy: 798/1000(80%)
Task: 1,	 Epoch: 37/40,	 Avg.loss: 0.0006,	 Test Accuracy: 801/1000(80%)
Task: 1,	 Epoch: 38/40,	 Avg.loss: 0.0006,	 Test Accuracy: 802/1000(80%)
Task: 1,	 Epoch: 39/40,	 Avg.loss: 0.0006,	 Test Accuracy: 797/1000(80%)
Trained Task:1, Loaded task:0, Accuracy:87.0%
Trained Task:1, Loaded task:1, Accuracy:79.7%
Trained Task:1, Avg. Accuracy: 83.4 

List of avg. accuracy: [86.5, 83.4]
Layer        : conv1_layer.2.weight
R.histogram  : tensor([2., 5., 8., 7., 5., 1., 2., 1., 0., 1.], device='cuda:0')
R_sum max/min: 149.1/32.9
F max  		: 2.223245859146118
O masx 		: 17.448225021362305
Layer        : conv2_layer.2.weight
R.histogram  : tensor([26., 15.,  6.,  3.,  0.,  7.,  4.,  1.,  0.,  2.], device='cuda:0')
R_sum max/min: 976.6/65.9
F max  		: 0.5210994482040405
O masx 		: 4.730809688568115
Layer        : fc1_layer.1.weight
R.histogram  : tensor([ 18.,  31.,  42.,  59.,  73., 249.,  27.,   6.,   3.,   4.],
       device='cuda:0')
R_sum max/min: 5943.9/1603.5
F max  		: 0.05235857516527176
O masx 		: 0.46034473180770874
Mask histogram
conv1_layer.2.weight: 	 tensor([   0.,    0.,    0., 8192.,    0.,    0.,    0.,    0.,    0.,    0.,
           0.], device='cuda:0')
conv2_layer.2.weight: 	 tensor([   0., 3392.,  704.,    0.,    0.,    0.,    0.,    0.,    0.,    0.,
           0.], device='cuda:0')
fc1_layer.1.weight: 	 tensor([ 54., 306., 150.,   2.,   0.,   0.,   0.,   0.,   0.,   0.,   0.],
       device='cuda:0')
Head Finetuning    :Task: 2,	 Epoch: 0/40,	 Avg.loss: 0.0023,	 Test Accuracy: 121/1000(12%)
Head Finetuning    :Task: 2,	 Epoch: 1/40,	 Avg.loss: 0.0023,	 Test Accuracy: 141/1000(14%)
Head Finetuning    :Task: 2,	 Epoch: 2/40,	 Avg.loss: 0.0023,	 Test Accuracy: 148/1000(15%)
Head Finetuning    :Task: 2,	 Epoch: 3/40,	 Avg.loss: 0.0022,	 Test Accuracy: 154/1000(15%)
Head Finetuning    :Task: 2,	 Epoch: 4/40,	 Avg.loss: 0.0022,	 Test Accuracy: 158/1000(16%)
Head Finetuning    :Task: 2,	 Epoch: 5/40,	 Avg.loss: 0.0022,	 Test Accuracy: 164/1000(16%)
Head Finetuning    :Task: 2,	 Epoch: 6/40,	 Avg.loss: 0.0022,	 Test Accuracy: 171/1000(17%)
Head Finetuning    :Task: 2,	 Epoch: 7/40,	 Avg.loss: 0.0022,	 Test Accuracy: 179/1000(18%)
Head Finetuning    :Task: 2,	 Epoch: 8/40,	 Avg.loss: 0.0022,	 Test Accuracy: 186/1000(19%)
Head Finetuning    :Task: 2,	 Epoch: 9/40,	 Avg.loss: 0.0022,	 Test Accuracy: 194/1000(19%)
Head Finetuning    :Task: 2,	 Epoch: 10/40,	 Avg.loss: 0.0022,	 Test Accuracy: 202/1000(20%)
Head Finetuning    :Task: 2,	 Epoch: 11/40,	 Avg.loss: 0.0022,	 Test Accuracy: 208/1000(21%)
Head Finetuning    :Task: 2,	 Epoch: 12/40,	 Avg.loss: 0.0022,	 Test Accuracy: 210/1000(21%)
Head Finetuning    :Task: 2,	 Epoch: 13/40,	 Avg.loss: 0.0022,	 Test Accuracy: 216/1000(22%)
Head Finetuning    :Task: 2,	 Epoch: 14/40,	 Avg.loss: 0.0021,	 Test Accuracy: 223/1000(22%)
Head Finetuning    :Task: 2,	 Epoch: 15/40,	 Avg.loss: 0.0021,	 Test Accuracy: 222/1000(22%)
Head Finetuning    :Task: 2,	 Epoch: 16/40,	 Avg.loss: 0.0021,	 Test Accuracy: 223/1000(22%)
Head Finetuning    :Task: 2,	 Epoch: 17/40,	 Avg.loss: 0.0021,	 Test Accuracy: 226/1000(23%)
Head Finetuning    :Task: 2,	 Epoch: 18/40,	 Avg.loss: 0.0021,	 Test Accuracy: 231/1000(23%)
Head Finetuning    :Task: 2,	 Epoch: 19/40,	 Avg.loss: 0.0021,	 Test Accuracy: 235/1000(24%)
Task: 2,	 Epoch: 0/40,	 Avg.loss: 0.0010,	 Test Accuracy: 670/1000(67%)
Task: 2,	 Epoch: 1/40,	 Avg.loss: 0.0008,	 Test Accuracy: 748/1000(75%)
Task: 2,	 Epoch: 2/40,	 Avg.loss: 0.0008,	 Test Accuracy: 750/1000(75%)
Task: 2,	 Epoch: 3/40,	 Avg.loss: 0.0007,	 Test Accuracy: 757/1000(76%)
Task: 2,	 Epoch: 4/40,	 Avg.loss: 0.0007,	 Test Accuracy: 753/1000(75%)
Task: 2,	 Epoch: 5/40,	 Avg.loss: 0.0007,	 Test Accuracy: 775/1000(78%)
Task: 2,	 Epoch: 6/40,	 Avg.loss: 0.0007,	 Test Accuracy: 763/1000(76%)
Task: 2,	 Epoch: 7/40,	 Avg.loss: 0.0007,	 Test Accuracy: 784/1000(78%)
Task: 2,	 Epoch: 8/40,	 Avg.loss: 0.0007,	 Test Accuracy: 776/1000(78%)
Task: 2,	 Epoch: 9/40,	 Avg.loss: 0.0006,	 Test Accuracy: 793/1000(79%)
Task: 2,	 Epoch: 10/40,	 Avg.loss: 0.0007,	 Test Accuracy: 792/1000(79%)
Task: 2,	 Epoch: 11/40,	 Avg.loss: 0.0007,	 Test Accuracy: 789/1000(79%)
Task: 2,	 Epoch: 12/40,	 Avg.loss: 0.0006,	 Test Accuracy: 798/1000(80%)
Task: 2,	 Epoch: 13/40,	 Avg.loss: 0.0006,	 Test Accuracy: 800/1000(80%)
Task: 2,	 Epoch: 14/40,	 Avg.loss: 0.0006,	 Test Accuracy: 798/1000(80%)
Task: 2,	 Epoch: 15/40,	 Avg.loss: 0.0006,	 Test Accuracy: 805/1000(81%)
Task: 2,	 Epoch: 16/40,	 Avg.loss: 0.0006,	 Test Accuracy: 791/1000(79%)
Task: 2,	 Epoch: 17/40,	 Avg.loss: 0.0006,	 Test Accuracy: 792/1000(79%)
Task: 2,	 Epoch: 18/40,	 Avg.loss: 0.0006,	 Test Accuracy: 798/1000(80%)
Task: 2,	 Epoch: 19/40,	 Avg.loss: 0.0006,	 Test Accuracy: 809/1000(81%)
Task: 2,	 Epoch: 20/40,	 Avg.loss: 0.0006,	 Test Accuracy: 815/1000(82%)
Task: 2,	 Epoch: 21/40,	 Avg.loss: 0.0006,	 Test Accuracy: 812/1000(81%)
Task: 2,	 Epoch: 22/40,	 Avg.loss: 0.0006,	 Test Accuracy: 816/1000(82%)
Task: 2,	 Epoch: 23/40,	 Avg.loss: 0.0006,	 Test Accuracy: 813/1000(81%)
Task: 2,	 Epoch: 24/40,	 Avg.loss: 0.0006,	 Test Accuracy: 815/1000(82%)
Task: 2,	 Epoch: 25/40,	 Avg.loss: 0.0006,	 Test Accuracy: 815/1000(82%)
Task: 2,	 Epoch: 26/40,	 Avg.loss: 0.0006,	 Test Accuracy: 810/1000(81%)
Task: 2,	 Epoch: 27/40,	 Avg.loss: 0.0006,	 Test Accuracy: 809/1000(81%)
Task: 2,	 Epoch: 28/40,	 Avg.loss: 0.0006,	 Test Accuracy: 816/1000(82%)
Task: 2,	 Epoch: 29/40,	 Avg.loss: 0.0006,	 Test Accuracy: 815/1000(82%)
Task: 2,	 Epoch: 30/40,	 Avg.loss: 0.0006,	 Test Accuracy: 818/1000(82%)
Task: 2,	 Epoch: 31/40,	 Avg.loss: 0.0006,	 Test Accuracy: 818/1000(82%)
Task: 2,	 Epoch: 32/40,	 Avg.loss: 0.0006,	 Test Accuracy: 814/1000(81%)
Task: 2,	 Epoch: 33/40,	 Avg.loss: 0.0006,	 Test Accuracy: 814/1000(81%)
Task: 2,	 Epoch: 34/40,	 Avg.loss: 0.0006,	 Test Accuracy: 813/1000(81%)
Task: 2,	 Epoch: 35/40,	 Avg.loss: 0.0006,	 Test Accuracy: 814/1000(81%)
Task: 2,	 Epoch: 36/40,	 Avg.loss: 0.0006,	 Test Accuracy: 811/1000(81%)
Task: 2,	 Epoch: 37/40,	 Avg.loss: 0.0006,	 Test Accuracy: 815/1000(82%)
Task: 2,	 Epoch: 38/40,	 Avg.loss: 0.0006,	 Test Accuracy: 815/1000(82%)
Task: 2,	 Epoch: 39/40,	 Avg.loss: 0.0006,	 Test Accuracy: 811/1000(81%)
Trained Task:2, Loaded task:0, Accuracy:85.9%
Trained Task:2, Loaded task:1, Accuracy:79.8%
Trained Task:2, Loaded task:2, Accuracy:81.1%
Trained Task:2, Avg. Accuracy: 82.3 

List of avg. accuracy: [86.5, 83.4, 82.3]
Layer        : conv1_layer.2.weight
R.histogram  : tensor([3., 6., 5., 5., 5., 3., 2., 1., 1., 1.], device='cuda:0')
R_sum max/min: 130.7/36.9
F max  		: 2.4511780738830566
O masx 		: 21.769319534301758
Layer        : conv2_layer.2.weight
R.histogram  : tensor([11., 23.,  8.,  8.,  5.,  2.,  1.,  0.,  0.,  6.], device='cuda:0')
R_sum max/min: 576.0/39.6
F max  		: 0.441753089427948
O masx 		: 4.730809688568115
Layer        : fc1_layer.1.weight
R.histogram  : tensor([ 25.,  67., 143., 246.,  12.,   9.,   4.,   3.,   1.,   2.],
       device='cuda:0')
R_sum max/min: 8242.2/1807.4
F max  		: 0.069823257625103
O masx 		: 0.7134047150611877
Mask histogram
conv1_layer.2.weight: 	 tensor([   0.,    0.,    0.,    0., 8192.,    0.,    0.,    0.,    0.,    0.,
           0.], device='cuda:0')
conv2_layer.2.weight: 	 tensor([   0., 1920., 2048.,  128.,    0.,    0.,    0.,    0.,    0.,    0.,
           0.], device='cuda:0')
fc1_layer.1.weight: 	 tensor([ 35., 167., 283.,  25.,   2.,   0.,   0.,   0.,   0.,   0.,   0.],
       device='cuda:0')
Head Finetuning    :Task: 3,	 Epoch: 0/40,	 Avg.loss: 0.0026,	 Test Accuracy: 138/1000(14%)
Head Finetuning    :Task: 3,	 Epoch: 1/40,	 Avg.loss: 0.0025,	 Test Accuracy: 156/1000(16%)
Head Finetuning    :Task: 3,	 Epoch: 2/40,	 Avg.loss: 0.0024,	 Test Accuracy: 160/1000(16%)
Head Finetuning    :Task: 3,	 Epoch: 3/40,	 Avg.loss: 0.0024,	 Test Accuracy: 171/1000(17%)
Head Finetuning    :Task: 3,	 Epoch: 4/40,	 Avg.loss: 0.0024,	 Test Accuracy: 186/1000(19%)
Head Finetuning    :Task: 3,	 Epoch: 5/40,	 Avg.loss: 0.0023,	 Test Accuracy: 189/1000(19%)
Head Finetuning    :Task: 3,	 Epoch: 6/40,	 Avg.loss: 0.0023,	 Test Accuracy: 205/1000(21%)
Head Finetuning    :Task: 3,	 Epoch: 7/40,	 Avg.loss: 0.0023,	 Test Accuracy: 207/1000(21%)
Head Finetuning    :Task: 3,	 Epoch: 8/40,	 Avg.loss: 0.0023,	 Test Accuracy: 212/1000(21%)
Head Finetuning    :Task: 3,	 Epoch: 9/40,	 Avg.loss: 0.0022,	 Test Accuracy: 213/1000(21%)
Head Finetuning    :Task: 3,	 Epoch: 10/40,	 Avg.loss: 0.0022,	 Test Accuracy: 217/1000(22%)
Head Finetuning    :Task: 3,	 Epoch: 11/40,	 Avg.loss: 0.0022,	 Test Accuracy: 223/1000(22%)
Head Finetuning    :Task: 3,	 Epoch: 12/40,	 Avg.loss: 0.0022,	 Test Accuracy: 229/1000(23%)
Head Finetuning    :Task: 3,	 Epoch: 13/40,	 Avg.loss: 0.0022,	 Test Accuracy: 233/1000(23%)
Head Finetuning    :Task: 3,	 Epoch: 14/40,	 Avg.loss: 0.0022,	 Test Accuracy: 237/1000(24%)
Head Finetuning    :Task: 3,	 Epoch: 15/40,	 Avg.loss: 0.0021,	 Test Accuracy: 242/1000(24%)
Head Finetuning    :Task: 3,	 Epoch: 16/40,	 Avg.loss: 0.0021,	 Test Accuracy: 241/1000(24%)
Head Finetuning    :Task: 3,	 Epoch: 17/40,	 Avg.loss: 0.0021,	 Test Accuracy: 250/1000(25%)
Head Finetuning    :Task: 3,	 Epoch: 18/40,	 Avg.loss: 0.0021,	 Test Accuracy: 252/1000(25%)
Head Finetuning    :Task: 3,	 Epoch: 19/40,	 Avg.loss: 0.0021,	 Test Accuracy: 255/1000(26%)
Task: 3,	 Epoch: 0/40,	 Avg.loss: 0.0012,	 Test Accuracy: 608/1000(61%)
Task: 3,	 Epoch: 1/40,	 Avg.loss: 0.0011,	 Test Accuracy: 634/1000(63%)
Task: 3,	 Epoch: 2/40,	 Avg.loss: 0.0010,	 Test Accuracy: 669/1000(67%)
Task: 3,	 Epoch: 3/40,	 Avg.loss: 0.0010,	 Test Accuracy: 680/1000(68%)
Task: 3,	 Epoch: 4/40,	 Avg.loss: 0.0010,	 Test Accuracy: 673/1000(67%)
Task: 3,	 Epoch: 5/40,	 Avg.loss: 0.0009,	 Test Accuracy: 682/1000(68%)
Task: 3,	 Epoch: 6/40,	 Avg.loss: 0.0010,	 Test Accuracy: 695/1000(70%)
Task: 3,	 Epoch: 7/40,	 Avg.loss: 0.0009,	 Test Accuracy: 711/1000(71%)
Task: 3,	 Epoch: 8/40,	 Avg.loss: 0.0009,	 Test Accuracy: 716/1000(72%)
Task: 3,	 Epoch: 9/40,	 Avg.loss: 0.0009,	 Test Accuracy: 734/1000(73%)
Task: 3,	 Epoch: 10/40,	 Avg.loss: 0.0009,	 Test Accuracy: 724/1000(72%)
Task: 3,	 Epoch: 11/40,	 Avg.loss: 0.0009,	 Test Accuracy: 712/1000(71%)
Task: 3,	 Epoch: 12/40,	 Avg.loss: 0.0009,	 Test Accuracy: 719/1000(72%)
Task: 3,	 Epoch: 13/40,	 Avg.loss: 0.0009,	 Test Accuracy: 712/1000(71%)
Task: 3,	 Epoch: 14/40,	 Avg.loss: 0.0008,	 Test Accuracy: 731/1000(73%)
Task: 3,	 Epoch: 15/40,	 Avg.loss: 0.0009,	 Test Accuracy: 700/1000(70%)
Task: 3,	 Epoch: 16/40,	 Avg.loss: 0.0009,	 Test Accuracy: 715/1000(72%)
Task: 3,	 Epoch: 17/40,	 Avg.loss: 0.0008,	 Test Accuracy: 725/1000(72%)
Task: 3,	 Epoch: 18/40,	 Avg.loss: 0.0009,	 Test Accuracy: 707/1000(71%)
Task: 3,	 Epoch: 19/40,	 Avg.loss: 0.0009,	 Test Accuracy: 710/1000(71%)
Task: 3,	 Epoch: 20/40,	 Avg.loss: 0.0008,	 Test Accuracy: 735/1000(74%)
Task: 3,	 Epoch: 21/40,	 Avg.loss: 0.0008,	 Test Accuracy: 733/1000(73%)
Task: 3,	 Epoch: 22/40,	 Avg.loss: 0.0008,	 Test Accuracy: 749/1000(75%)
Task: 3,	 Epoch: 23/40,	 Avg.loss: 0.0008,	 Test Accuracy: 739/1000(74%)
Task: 3,	 Epoch: 24/40,	 Avg.loss: 0.0008,	 Test Accuracy: 741/1000(74%)
Task: 3,	 Epoch: 25/40,	 Avg.loss: 0.0008,	 Test Accuracy: 743/1000(74%)
Task: 3,	 Epoch: 26/40,	 Avg.loss: 0.0008,	 Test Accuracy: 741/1000(74%)
Task: 3,	 Epoch: 27/40,	 Avg.loss: 0.0008,	 Test Accuracy: 743/1000(74%)
Task: 3,	 Epoch: 28/40,	 Avg.loss: 0.0008,	 Test Accuracy: 739/1000(74%)
Task: 3,	 Epoch: 29/40,	 Avg.loss: 0.0008,	 Test Accuracy: 746/1000(75%)
Task: 3,	 Epoch: 30/40,	 Avg.loss: 0.0008,	 Test Accuracy: 741/1000(74%)
Task: 3,	 Epoch: 31/40,	 Avg.loss: 0.0008,	 Test Accuracy: 742/1000(74%)
Task: 3,	 Epoch: 32/40,	 Avg.loss: 0.0008,	 Test Accuracy: 741/1000(74%)
Task: 3,	 Epoch: 33/40,	 Avg.loss: 0.0008,	 Test Accuracy: 743/1000(74%)
Task: 3,	 Epoch: 34/40,	 Avg.loss: 0.0008,	 Test Accuracy: 744/1000(74%)
Task: 3,	 Epoch: 35/40,	 Avg.loss: 0.0008,	 Test Accuracy: 737/1000(74%)
Task: 3,	 Epoch: 36/40,	 Avg.loss: 0.0008,	 Test Accuracy: 745/1000(74%)
Task: 3,	 Epoch: 37/40,	 Avg.loss: 0.0008,	 Test Accuracy: 740/1000(74%)
Task: 3,	 Epoch: 38/40,	 Avg.loss: 0.0008,	 Test Accuracy: 740/1000(74%)
Task: 3,	 Epoch: 39/40,	 Avg.loss: 0.0008,	 Test Accuracy: 736/1000(74%)
Trained Task:3, Loaded task:0, Accuracy:85.9%
Trained Task:3, Loaded task:1, Accuracy:77.7%
Trained Task:3, Loaded task:2, Accuracy:80.7%
Trained Task:3, Loaded task:3, Accuracy:73.6%
Trained Task:3, Avg. Accuracy: 79.5 

List of avg. accuracy: [86.5, 83.4, 82.3, 79.5]
Layer        : conv1_layer.2.weight
R.histogram  : tensor([3., 5., 4., 8., 6., 3., 2., 0., 0., 1.], device='cuda:0')
R_sum max/min: 134.3/37.2
F max  		: 2.9352145195007324
O masx 		: 23.694698333740234
Layer        : conv2_layer.2.weight
R.histogram  : tensor([10., 17., 20.,  9.,  1.,  1.,  0.,  0.,  0.,  6.], device='cuda:0')
R_sum max/min: 576.0/53.8
F max  		: 0.763830304145813
O masx 		: 4.730809688568115
Layer        : fc1_layer.1.weight
R.histogram  : tensor([ 25.,  85., 150., 222.,  14.,   4.,   4.,   6.,   1.,   1.],
       device='cuda:0')
R_sum max/min: 8221.2/1838.0
F max  		: 0.0738334208726883
O masx 		: 0.7134047150611877
Mask histogram
conv1_layer.2.weight: 	 tensor([   0.,    0.,    0.,    0.,    0., 8192.,    0.,    0.,    0.,    0.,
           0.], device='cuda:0')
conv2_layer.2.weight: 	 tensor([   0., 1664., 1024., 1344.,   64.,    0.,    0.,    0.,    0.,    0.,
           0.], device='cuda:0')
fc1_layer.1.weight: 	 tensor([ 14., 155., 176., 156.,  10.,   1.,   0.,   0.,   0.,   0.,   0.],
       device='cuda:0')
Head Finetuning    :Task: 4,	 Epoch: 0/40,	 Avg.loss: 0.0029,	 Test Accuracy: 101/1000(10%)
Head Finetuning    :Task: 4,	 Epoch: 1/40,	 Avg.loss: 0.0027,	 Test Accuracy: 106/1000(11%)
Head Finetuning    :Task: 4,	 Epoch: 2/40,	 Avg.loss: 0.0026,	 Test Accuracy: 114/1000(11%)
Head Finetuning    :Task: 4,	 Epoch: 3/40,	 Avg.loss: 0.0025,	 Test Accuracy: 124/1000(12%)
Head Finetuning    :Task: 4,	 Epoch: 4/40,	 Avg.loss: 0.0025,	 Test Accuracy: 129/1000(13%)
Head Finetuning    :Task: 4,	 Epoch: 5/40,	 Avg.loss: 0.0024,	 Test Accuracy: 134/1000(13%)
Head Finetuning    :Task: 4,	 Epoch: 6/40,	 Avg.loss: 0.0024,	 Test Accuracy: 144/1000(14%)
Head Finetuning    :Task: 4,	 Epoch: 7/40,	 Avg.loss: 0.0023,	 Test Accuracy: 159/1000(16%)
Head Finetuning    :Task: 4,	 Epoch: 8/40,	 Avg.loss: 0.0023,	 Test Accuracy: 165/1000(16%)
Head Finetuning    :Task: 4,	 Epoch: 9/40,	 Avg.loss: 0.0023,	 Test Accuracy: 173/1000(17%)
Head Finetuning    :Task: 4,	 Epoch: 10/40,	 Avg.loss: 0.0023,	 Test Accuracy: 178/1000(18%)
Head Finetuning    :Task: 4,	 Epoch: 11/40,	 Avg.loss: 0.0022,	 Test Accuracy: 187/1000(19%)
Head Finetuning    :Task: 4,	 Epoch: 12/40,	 Avg.loss: 0.0022,	 Test Accuracy: 196/1000(20%)
Head Finetuning    :Task: 4,	 Epoch: 13/40,	 Avg.loss: 0.0022,	 Test Accuracy: 205/1000(21%)
Head Finetuning    :Task: 4,	 Epoch: 14/40,	 Avg.loss: 0.0022,	 Test Accuracy: 219/1000(22%)
Head Finetuning    :Task: 4,	 Epoch: 15/40,	 Avg.loss: 0.0022,	 Test Accuracy: 225/1000(23%)
Head Finetuning    :Task: 4,	 Epoch: 16/40,	 Avg.loss: 0.0021,	 Test Accuracy: 235/1000(24%)
Head Finetuning    :Task: 4,	 Epoch: 17/40,	 Avg.loss: 0.0021,	 Test Accuracy: 239/1000(24%)
Head Finetuning    :Task: 4,	 Epoch: 18/40,	 Avg.loss: 0.0021,	 Test Accuracy: 246/1000(25%)
Head Finetuning    :Task: 4,	 Epoch: 19/40,	 Avg.loss: 0.0021,	 Test Accuracy: 258/1000(26%)
Task: 4,	 Epoch: 0/40,	 Avg.loss: 0.0010,	 Test Accuracy: 652/1000(65%)
Task: 4,	 Epoch: 1/40,	 Avg.loss: 0.0009,	 Test Accuracy: 685/1000(68%)
Task: 4,	 Epoch: 2/40,	 Avg.loss: 0.0009,	 Test Accuracy: 700/1000(70%)
Task: 4,	 Epoch: 3/40,	 Avg.loss: 0.0009,	 Test Accuracy: 692/1000(69%)
Task: 4,	 Epoch: 4/40,	 Avg.loss: 0.0009,	 Test Accuracy: 694/1000(69%)
Task: 4,	 Epoch: 5/40,	 Avg.loss: 0.0009,	 Test Accuracy: 693/1000(69%)
Task: 4,	 Epoch: 6/40,	 Avg.loss: 0.0008,	 Test Accuracy: 730/1000(73%)
Task: 4,	 Epoch: 7/40,	 Avg.loss: 0.0009,	 Test Accuracy: 710/1000(71%)
Task: 4,	 Epoch: 8/40,	 Avg.loss: 0.0008,	 Test Accuracy: 717/1000(72%)
Task: 4,	 Epoch: 9/40,	 Avg.loss: 0.0008,	 Test Accuracy: 735/1000(74%)
Task: 4,	 Epoch: 10/40,	 Avg.loss: 0.0007,	 Test Accuracy: 742/1000(74%)
Task: 4,	 Epoch: 11/40,	 Avg.loss: 0.0008,	 Test Accuracy: 738/1000(74%)
Task: 4,	 Epoch: 12/40,	 Avg.loss: 0.0008,	 Test Accuracy: 736/1000(74%)
Task: 4,	 Epoch: 13/40,	 Avg.loss: 0.0008,	 Test Accuracy: 746/1000(75%)
Task: 4,	 Epoch: 14/40,	 Avg.loss: 0.0008,	 Test Accuracy: 731/1000(73%)
Task: 4,	 Epoch: 15/40,	 Avg.loss: 0.0008,	 Test Accuracy: 731/1000(73%)
Task: 4,	 Epoch: 16/40,	 Avg.loss: 0.0007,	 Test Accuracy: 746/1000(75%)
Task: 4,	 Epoch: 17/40,	 Avg.loss: 0.0008,	 Test Accuracy: 738/1000(74%)
Task: 4,	 Epoch: 18/40,	 Avg.loss: 0.0008,	 Test Accuracy: 728/1000(73%)
Task: 4,	 Epoch: 19/40,	 Avg.loss: 0.0007,	 Test Accuracy: 742/1000(74%)
Task: 4,	 Epoch: 20/40,	 Avg.loss: 0.0007,	 Test Accuracy: 758/1000(76%)
Task: 4,	 Epoch: 21/40,	 Avg.loss: 0.0007,	 Test Accuracy: 754/1000(75%)
Task: 4,	 Epoch: 22/40,	 Avg.loss: 0.0007,	 Test Accuracy: 749/1000(75%)
Task: 4,	 Epoch: 23/40,	 Avg.loss: 0.0007,	 Test Accuracy: 757/1000(76%)
Task: 4,	 Epoch: 24/40,	 Avg.loss: 0.0007,	 Test Accuracy: 757/1000(76%)
Task: 4,	 Epoch: 25/40,	 Avg.loss: 0.0007,	 Test Accuracy: 756/1000(76%)
Task: 4,	 Epoch: 26/40,	 Avg.loss: 0.0007,	 Test Accuracy: 760/1000(76%)
Task: 4,	 Epoch: 27/40,	 Avg.loss: 0.0007,	 Test Accuracy: 755/1000(76%)
Task: 4,	 Epoch: 28/40,	 Avg.loss: 0.0007,	 Test Accuracy: 751/1000(75%)
Task: 4,	 Epoch: 29/40,	 Avg.loss: 0.0007,	 Test Accuracy: 755/1000(76%)
Task: 4,	 Epoch: 30/40,	 Avg.loss: 0.0007,	 Test Accuracy: 754/1000(75%)
Task: 4,	 Epoch: 31/40,	 Avg.loss: 0.0007,	 Test Accuracy: 758/1000(76%)
Task: 4,	 Epoch: 32/40,	 Avg.loss: 0.0007,	 Test Accuracy: 762/1000(76%)
Task: 4,	 Epoch: 33/40,	 Avg.loss: 0.0007,	 Test Accuracy: 755/1000(76%)
Task: 4,	 Epoch: 34/40,	 Avg.loss: 0.0007,	 Test Accuracy: 757/1000(76%)
Task: 4,	 Epoch: 35/40,	 Avg.loss: 0.0007,	 Test Accuracy: 758/1000(76%)
Task: 4,	 Epoch: 36/40,	 Avg.loss: 0.0007,	 Test Accuracy: 753/1000(75%)
Task: 4,	 Epoch: 37/40,	 Avg.loss: 0.0007,	 Test Accuracy: 759/1000(76%)
Task: 4,	 Epoch: 38/40,	 Avg.loss: 0.0007,	 Test Accuracy: 755/1000(76%)
Task: 4,	 Epoch: 39/40,	 Avg.loss: 0.0007,	 Test Accuracy: 753/1000(75%)
Trained Task:4, Loaded task:0, Accuracy:84.1%
Trained Task:4, Loaded task:1, Accuracy:76.5%
Trained Task:4, Loaded task:2, Accuracy:80.6%
Trained Task:4, Loaded task:3, Accuracy:73.2%
Trained Task:4, Loaded task:4, Accuracy:75.3%
Trained Task:4, Avg. Accuracy: 77.9 

List of avg. accuracy: [86.5, 83.4, 82.3, 79.5, 77.9]
Layer        : conv1_layer.2.weight
R.histogram  : tensor([5., 6., 5., 8., 3., 3., 0., 1., 0., 1.], device='cuda:0')
R_sum max/min: 135.0/43.8
F max  		: 3.3183534145355225
O masx 		: 26.846031188964844
Layer        : conv2_layer.2.weight
R.histogram  : tensor([10., 20., 24.,  2.,  2.,  0.,  0.,  0.,  0.,  6.], device='cuda:0')
R_sum max/min: 576.0/50.3
F max  		: 0.7491975426673889
O masx 		: 4.730809688568115
Layer        : fc1_layer.1.weight
R.histogram  : tensor([ 16.,  78., 147., 225.,  24.,   7.,   6.,   3.,   4.,   2.],
       device='cuda:0')
R_sum max/min: 8083.8/1733.4
F max  		: 0.06719433516263962
O masx 		: 0.7134047150611877
Mask histogram
conv1_layer.2.weight: 	 tensor([   0.,    0.,    0.,    0.,    0.,    0., 8192.,    0.,    0.,    0.,
           0.], device='cuda:0')
conv2_layer.2.weight: 	 tensor([   0., 1344., 1152.,  512., 1024.,   64.,    0.,    0.,    0.,    0.,
           0.], device='cuda:0')
fc1_layer.1.weight: 	 tensor([ 13., 136., 154.,  66., 134.,   8.,   1.,   0.,   0.,   0.,   0.],
       device='cuda:0')
Head Finetuning    :Task: 5,	 Epoch: 0/40,	 Avg.loss: 0.0031,	 Test Accuracy: 143/1000(14%)
Head Finetuning    :Task: 5,	 Epoch: 1/40,	 Avg.loss: 0.0028,	 Test Accuracy: 134/1000(13%)
Head Finetuning    :Task: 5,	 Epoch: 2/40,	 Avg.loss: 0.0027,	 Test Accuracy: 129/1000(13%)
Head Finetuning    :Task: 5,	 Epoch: 3/40,	 Avg.loss: 0.0026,	 Test Accuracy: 135/1000(14%)
Head Finetuning    :Task: 5,	 Epoch: 4/40,	 Avg.loss: 0.0025,	 Test Accuracy: 139/1000(14%)
Head Finetuning    :Task: 5,	 Epoch: 5/40,	 Avg.loss: 0.0025,	 Test Accuracy: 147/1000(15%)
Head Finetuning    :Task: 5,	 Epoch: 6/40,	 Avg.loss: 0.0024,	 Test Accuracy: 153/1000(15%)
Head Finetuning    :Task: 5,	 Epoch: 7/40,	 Avg.loss: 0.0024,	 Test Accuracy: 158/1000(16%)
Head Finetuning    :Task: 5,	 Epoch: 8/40,	 Avg.loss: 0.0024,	 Test Accuracy: 169/1000(17%)
Head Finetuning    :Task: 5,	 Epoch: 9/40,	 Avg.loss: 0.0023,	 Test Accuracy: 175/1000(18%)
Head Finetuning    :Task: 5,	 Epoch: 10/40,	 Avg.loss: 0.0023,	 Test Accuracy: 181/1000(18%)
Head Finetuning    :Task: 5,	 Epoch: 11/40,	 Avg.loss: 0.0023,	 Test Accuracy: 184/1000(18%)
Head Finetuning    :Task: 5,	 Epoch: 12/40,	 Avg.loss: 0.0022,	 Test Accuracy: 194/1000(19%)
Head Finetuning    :Task: 5,	 Epoch: 13/40,	 Avg.loss: 0.0022,	 Test Accuracy: 200/1000(20%)
Head Finetuning    :Task: 5,	 Epoch: 14/40,	 Avg.loss: 0.0022,	 Test Accuracy: 202/1000(20%)
Head Finetuning    :Task: 5,	 Epoch: 15/40,	 Avg.loss: 0.0022,	 Test Accuracy: 206/1000(21%)
Head Finetuning    :Task: 5,	 Epoch: 16/40,	 Avg.loss: 0.0022,	 Test Accuracy: 217/1000(22%)
Head Finetuning    :Task: 5,	 Epoch: 17/40,	 Avg.loss: 0.0021,	 Test Accuracy: 226/1000(23%)
Head Finetuning    :Task: 5,	 Epoch: 18/40,	 Avg.loss: 0.0021,	 Test Accuracy: 236/1000(24%)
Head Finetuning    :Task: 5,	 Epoch: 19/40,	 Avg.loss: 0.0021,	 Test Accuracy: 244/1000(24%)
Task: 5,	 Epoch: 0/40,	 Avg.loss: 0.0012,	 Test Accuracy: 573/1000(57%)
Task: 5,	 Epoch: 1/40,	 Avg.loss: 0.0011,	 Test Accuracy: 615/1000(62%)
Task: 5,	 Epoch: 2/40,	 Avg.loss: 0.0011,	 Test Accuracy: 604/1000(60%)
Task: 5,	 Epoch: 3/40,	 Avg.loss: 0.0010,	 Test Accuracy: 667/1000(67%)
Task: 5,	 Epoch: 4/40,	 Avg.loss: 0.0010,	 Test Accuracy: 632/1000(63%)
Task: 5,	 Epoch: 5/40,	 Avg.loss: 0.0009,	 Test Accuracy: 677/1000(68%)
Task: 5,	 Epoch: 6/40,	 Avg.loss: 0.0009,	 Test Accuracy: 668/1000(67%)
Task: 5,	 Epoch: 7/40,	 Avg.loss: 0.0010,	 Test Accuracy: 641/1000(64%)
Task: 5,	 Epoch: 8/40,	 Avg.loss: 0.0009,	 Test Accuracy: 695/1000(70%)
Task: 5,	 Epoch: 9/40,	 Avg.loss: 0.0009,	 Test Accuracy: 697/1000(70%)
Task: 5,	 Epoch: 10/40,	 Avg.loss: 0.0009,	 Test Accuracy: 689/1000(69%)
Task: 5,	 Epoch: 11/40,	 Avg.loss: 0.0009,	 Test Accuracy: 687/1000(69%)
Task: 5,	 Epoch: 12/40,	 Avg.loss: 0.0008,	 Test Accuracy: 705/1000(70%)
Task: 5,	 Epoch: 13/40,	 Avg.loss: 0.0009,	 Test Accuracy: 715/1000(72%)
Task: 5,	 Epoch: 14/40,	 Avg.loss: 0.0008,	 Test Accuracy: 730/1000(73%)
Task: 5,	 Epoch: 15/40,	 Avg.loss: 0.0008,	 Test Accuracy: 717/1000(72%)
Task: 5,	 Epoch: 16/40,	 Avg.loss: 0.0008,	 Test Accuracy: 697/1000(70%)
Task: 5,	 Epoch: 17/40,	 Avg.loss: 0.0008,	 Test Accuracy: 716/1000(72%)
Task: 5,	 Epoch: 18/40,	 Avg.loss: 0.0008,	 Test Accuracy: 713/1000(71%)
Task: 5,	 Epoch: 19/40,	 Avg.loss: 0.0008,	 Test Accuracy: 717/1000(72%)
Task: 5,	 Epoch: 20/40,	 Avg.loss: 0.0008,	 Test Accuracy: 739/1000(74%)
Task: 5,	 Epoch: 21/40,	 Avg.loss: 0.0008,	 Test Accuracy: 742/1000(74%)
Task: 5,	 Epoch: 22/40,	 Avg.loss: 0.0008,	 Test Accuracy: 739/1000(74%)
Task: 5,	 Epoch: 23/40,	 Avg.loss: 0.0008,	 Test Accuracy: 734/1000(73%)
Task: 5,	 Epoch: 24/40,	 Avg.loss: 0.0008,	 Test Accuracy: 741/1000(74%)
Task: 5,	 Epoch: 25/40,	 Avg.loss: 0.0008,	 Test Accuracy: 738/1000(74%)
Task: 5,	 Epoch: 26/40,	 Avg.loss: 0.0008,	 Test Accuracy: 744/1000(74%)
Task: 5,	 Epoch: 27/40,	 Avg.loss: 0.0008,	 Test Accuracy: 740/1000(74%)
Task: 5,	 Epoch: 28/40,	 Avg.loss: 0.0008,	 Test Accuracy: 743/1000(74%)
Task: 5,	 Epoch: 29/40,	 Avg.loss: 0.0008,	 Test Accuracy: 739/1000(74%)
Task: 5,	 Epoch: 30/40,	 Avg.loss: 0.0008,	 Test Accuracy: 739/1000(74%)
Task: 5,	 Epoch: 31/40,	 Avg.loss: 0.0008,	 Test Accuracy: 740/1000(74%)
Task: 5,	 Epoch: 32/40,	 Avg.loss: 0.0008,	 Test Accuracy: 740/1000(74%)
Task: 5,	 Epoch: 33/40,	 Avg.loss: 0.0008,	 Test Accuracy: 747/1000(75%)
Task: 5,	 Epoch: 34/40,	 Avg.loss: 0.0008,	 Test Accuracy: 746/1000(75%)
Task: 5,	 Epoch: 35/40,	 Avg.loss: 0.0008,	 Test Accuracy: 747/1000(75%)
Task: 5,	 Epoch: 36/40,	 Avg.loss: 0.0008,	 Test Accuracy: 743/1000(74%)
Task: 5,	 Epoch: 37/40,	 Avg.loss: 0.0008,	 Test Accuracy: 736/1000(74%)
Task: 5,	 Epoch: 38/40,	 Avg.loss: 0.0008,	 Test Accuracy: 735/1000(74%)
Task: 5,	 Epoch: 39/40,	 Avg.loss: 0.0008,	 Test Accuracy: 746/1000(75%)
Trained Task:5, Loaded task:0, Accuracy:83.4%
Trained Task:5, Loaded task:1, Accuracy:76.7%
Trained Task:5, Loaded task:2, Accuracy:79.7%
Trained Task:5, Loaded task:3, Accuracy:70.4%
Trained Task:5, Loaded task:4, Accuracy:76.1%
Trained Task:5, Loaded task:5, Accuracy:74.6%
Trained Task:5, Avg. Accuracy: 76.8 

List of avg. accuracy: [86.5, 83.4, 82.3, 79.5, 77.9, 76.8]
Layer        : conv1_layer.2.weight
R.histogram  : tensor([1., 2., 9., 7., 5., 3., 3., 1., 0., 1.], device='cuda:0')
R_sum max/min: 130.2/27.5
F max  		: 3.641329050064087
O masx 		: 30.215171813964844
Layer        : conv2_layer.2.weight
R.histogram  : tensor([10., 23., 23.,  2.,  0.,  0.,  0.,  1.,  0.,  5.], device='cuda:0')
R_sum max/min: 576.0/50.1
F max  		: 0.8263913989067078
O masx 		: 5.069151878356934
Layer        : fc1_layer.1.weight
R.histogram  : tensor([ 22.,  79., 164., 215.,  13.,   7.,   2.,   5.,   3.,   2.],
       device='cuda:0')
R_sum max/min: 8263.0/1791.7
F max  		: 0.06795424968004227
O masx 		: 0.7134047150611877
Mask histogram
conv1_layer.2.weight: 	 tensor([   0.,    0.,    0.,    0.,    0.,    0.,    0., 8192.,    0.,    0.,
           0.], device='cuda:0')
conv2_layer.2.weight: 	 tensor([   0.,  896., 1216.,  832.,  384.,  768.,    0.,    0.,    0.,    0.,
           0.], device='cuda:0')
fc1_layer.1.weight: 	 tensor([  2., 137., 139.,  65.,  35., 127.,   6.,   1.,   0.,   0.,   0.],
       device='cuda:0')
Head Finetuning    :Task: 6,	 Epoch: 0/40,	 Avg.loss: 0.0034,	 Test Accuracy: 42/1000(4%)
Head Finetuning    :Task: 6,	 Epoch: 1/40,	 Avg.loss: 0.0031,	 Test Accuracy: 47/1000(5%)
Head Finetuning    :Task: 6,	 Epoch: 2/40,	 Avg.loss: 0.0030,	 Test Accuracy: 53/1000(5%)
Head Finetuning    :Task: 6,	 Epoch: 3/40,	 Avg.loss: 0.0028,	 Test Accuracy: 61/1000(6%)
Head Finetuning    :Task: 6,	 Epoch: 4/40,	 Avg.loss: 0.0028,	 Test Accuracy: 74/1000(7%)
Head Finetuning    :Task: 6,	 Epoch: 5/40,	 Avg.loss: 0.0027,	 Test Accuracy: 84/1000(8%)
Head Finetuning    :Task: 6,	 Epoch: 6/40,	 Avg.loss: 0.0026,	 Test Accuracy: 95/1000(10%)
Head Finetuning    :Task: 6,	 Epoch: 7/40,	 Avg.loss: 0.0026,	 Test Accuracy: 101/1000(10%)
Head Finetuning    :Task: 6,	 Epoch: 8/40,	 Avg.loss: 0.0025,	 Test Accuracy: 110/1000(11%)
Head Finetuning    :Task: 6,	 Epoch: 9/40,	 Avg.loss: 0.0025,	 Test Accuracy: 121/1000(12%)
Head Finetuning    :Task: 6,	 Epoch: 10/40,	 Avg.loss: 0.0025,	 Test Accuracy: 131/1000(13%)
Head Finetuning    :Task: 6,	 Epoch: 11/40,	 Avg.loss: 0.0024,	 Test Accuracy: 139/1000(14%)
Head Finetuning    :Task: 6,	 Epoch: 12/40,	 Avg.loss: 0.0024,	 Test Accuracy: 147/1000(15%)
Head Finetuning    :Task: 6,	 Epoch: 13/40,	 Avg.loss: 0.0024,	 Test Accuracy: 154/1000(15%)
Head Finetuning    :Task: 6,	 Epoch: 14/40,	 Avg.loss: 0.0023,	 Test Accuracy: 157/1000(16%)
Head Finetuning    :Task: 6,	 Epoch: 15/40,	 Avg.loss: 0.0023,	 Test Accuracy: 162/1000(16%)
Head Finetuning    :Task: 6,	 Epoch: 16/40,	 Avg.loss: 0.0023,	 Test Accuracy: 166/1000(17%)
Head Finetuning    :Task: 6,	 Epoch: 17/40,	 Avg.loss: 0.0023,	 Test Accuracy: 172/1000(17%)
Head Finetuning    :Task: 6,	 Epoch: 18/40,	 Avg.loss: 0.0023,	 Test Accuracy: 178/1000(18%)
Head Finetuning    :Task: 6,	 Epoch: 19/40,	 Avg.loss: 0.0022,	 Test Accuracy: 183/1000(18%)
Task: 6,	 Epoch: 0/40,	 Avg.loss: 0.0011,	 Test Accuracy: 617/1000(62%)
Task: 6,	 Epoch: 1/40,	 Avg.loss: 0.0010,	 Test Accuracy: 653/1000(65%)
Task: 6,	 Epoch: 2/40,	 Avg.loss: 0.0010,	 Test Accuracy: 657/1000(66%)
Task: 6,	 Epoch: 3/40,	 Avg.loss: 0.0009,	 Test Accuracy: 667/1000(67%)
Task: 6,	 Epoch: 4/40,	 Avg.loss: 0.0009,	 Test Accuracy: 655/1000(66%)
Task: 6,	 Epoch: 5/40,	 Avg.loss: 0.0009,	 Test Accuracy: 670/1000(67%)
Task: 6,	 Epoch: 6/40,	 Avg.loss: 0.0009,	 Test Accuracy: 682/1000(68%)
Task: 6,	 Epoch: 7/40,	 Avg.loss: 0.0009,	 Test Accuracy: 684/1000(68%)
Task: 6,	 Epoch: 8/40,	 Avg.loss: 0.0008,	 Test Accuracy: 697/1000(70%)
Task: 6,	 Epoch: 9/40,	 Avg.loss: 0.0008,	 Test Accuracy: 712/1000(71%)
Task: 6,	 Epoch: 10/40,	 Avg.loss: 0.0008,	 Test Accuracy: 696/1000(70%)
Task: 6,	 Epoch: 11/40,	 Avg.loss: 0.0008,	 Test Accuracy: 703/1000(70%)
Task: 6,	 Epoch: 12/40,	 Avg.loss: 0.0008,	 Test Accuracy: 712/1000(71%)
Task: 6,	 Epoch: 13/40,	 Avg.loss: 0.0008,	 Test Accuracy: 714/1000(71%)
Task: 6,	 Epoch: 14/40,	 Avg.loss: 0.0008,	 Test Accuracy: 713/1000(71%)
Task: 6,	 Epoch: 15/40,	 Avg.loss: 0.0008,	 Test Accuracy: 723/1000(72%)
Task: 6,	 Epoch: 16/40,	 Avg.loss: 0.0008,	 Test Accuracy: 719/1000(72%)
Task: 6,	 Epoch: 17/40,	 Avg.loss: 0.0008,	 Test Accuracy: 729/1000(73%)
Task: 6,	 Epoch: 18/40,	 Avg.loss: 0.0008,	 Test Accuracy: 709/1000(71%)
Task: 6,	 Epoch: 19/40,	 Avg.loss: 0.0008,	 Test Accuracy: 717/1000(72%)
Task: 6,	 Epoch: 20/40,	 Avg.loss: 0.0008,	 Test Accuracy: 741/1000(74%)
Task: 6,	 Epoch: 21/40,	 Avg.loss: 0.0008,	 Test Accuracy: 742/1000(74%)
Task: 6,	 Epoch: 22/40,	 Avg.loss: 0.0008,	 Test Accuracy: 736/1000(74%)
Task: 6,	 Epoch: 23/40,	 Avg.loss: 0.0008,	 Test Accuracy: 741/1000(74%)
Task: 6,	 Epoch: 24/40,	 Avg.loss: 0.0007,	 Test Accuracy: 737/1000(74%)
Task: 6,	 Epoch: 25/40,	 Avg.loss: 0.0007,	 Test Accuracy: 745/1000(74%)
Task: 6,	 Epoch: 26/40,	 Avg.loss: 0.0007,	 Test Accuracy: 746/1000(75%)
Task: 6,	 Epoch: 27/40,	 Avg.loss: 0.0007,	 Test Accuracy: 748/1000(75%)
Task: 6,	 Epoch: 28/40,	 Avg.loss: 0.0007,	 Test Accuracy: 743/1000(74%)
Task: 6,	 Epoch: 29/40,	 Avg.loss: 0.0007,	 Test Accuracy: 747/1000(75%)
Task: 6,	 Epoch: 30/40,	 Avg.loss: 0.0007,	 Test Accuracy: 744/1000(74%)
Task: 6,	 Epoch: 31/40,	 Avg.loss: 0.0007,	 Test Accuracy: 750/1000(75%)
Task: 6,	 Epoch: 32/40,	 Avg.loss: 0.0007,	 Test Accuracy: 747/1000(75%)
Task: 6,	 Epoch: 33/40,	 Avg.loss: 0.0007,	 Test Accuracy: 749/1000(75%)
Task: 6,	 Epoch: 34/40,	 Avg.loss: 0.0007,	 Test Accuracy: 749/1000(75%)
Task: 6,	 Epoch: 35/40,	 Avg.loss: 0.0007,	 Test Accuracy: 750/1000(75%)
Task: 6,	 Epoch: 36/40,	 Avg.loss: 0.0007,	 Test Accuracy: 746/1000(75%)
Task: 6,	 Epoch: 37/40,	 Avg.loss: 0.0007,	 Test Accuracy: 749/1000(75%)
Task: 6,	 Epoch: 38/40,	 Avg.loss: 0.0007,	 Test Accuracy: 747/1000(75%)
Task: 6,	 Epoch: 39/40,	 Avg.loss: 0.0007,	 Test Accuracy: 755/1000(76%)
Trained Task:6, Loaded task:0, Accuracy:83.6%
Trained Task:6, Loaded task:1, Accuracy:76.9%
Trained Task:6, Loaded task:2, Accuracy:78.4%
Trained Task:6, Loaded task:3, Accuracy:69.1%
Trained Task:6, Loaded task:4, Accuracy:75.9%
Trained Task:6, Loaded task:5, Accuracy:74.7%
Trained Task:6, Loaded task:6, Accuracy:75.5%
Trained Task:6, Avg. Accuracy: 76.3 

List of avg. accuracy: [86.5, 83.4, 82.3, 79.5, 77.9, 76.8, 76.3]
Layer        : conv1_layer.2.weight
R.histogram  : tensor([1., 4., 7., 7., 4., 4., 2., 2., 0., 1.], device='cuda:0')
R_sum max/min: 140.0/34.5
F max  		: 4.953206539154053
O masx 		: 33.19472122192383
Layer        : conv2_layer.2.weight
R.histogram  : tensor([ 6., 20., 24.,  7.,  1.,  0.,  1.,  0.,  0.,  5.], device='cuda:0')
R_sum max/min: 576.0/53.9
F max  		: 1.046483039855957
O masx 		: 5.069151878356934
Layer        : fc1_layer.1.weight
R.histogram  : tensor([ 49., 211., 234.,   8.,   5.,   2.,   2.,   0.,   0.,   1.],
       device='cuda:0')
R_sum max/min: 10332.1/1881.8
F max  		: 0.09331836551427841
O masx 		: 0.7797927260398865
Mask histogram
conv1_layer.2.weight: 	 tensor([   0.,    0.,    0.,    0.,    0.,    0.,    0.,    0., 8192.,    0.,
           0.], device='cuda:0')
conv2_layer.2.weight: 	 tensor([  0., 704., 960., 960., 640., 256., 576.,   0.,   0.,   0.,   0.],
       device='cuda:0')
fc1_layer.1.weight: 	 tensor([  0., 122., 147.,  48.,  36.,  30., 125.,   4.,   0.,   0.,   0.],
       device='cuda:0')
Head Finetuning    :Task: 7,	 Epoch: 0/40,	 Avg.loss: 0.0028,	 Test Accuracy: 136/1000(14%)
Head Finetuning    :Task: 7,	 Epoch: 1/40,	 Avg.loss: 0.0026,	 Test Accuracy: 140/1000(14%)
Head Finetuning    :Task: 7,	 Epoch: 2/40,	 Avg.loss: 0.0025,	 Test Accuracy: 142/1000(14%)
Head Finetuning    :Task: 7,	 Epoch: 3/40,	 Avg.loss: 0.0025,	 Test Accuracy: 152/1000(15%)
Head Finetuning    :Task: 7,	 Epoch: 4/40,	 Avg.loss: 0.0024,	 Test Accuracy: 165/1000(16%)
Head Finetuning    :Task: 7,	 Epoch: 5/40,	 Avg.loss: 0.0024,	 Test Accuracy: 170/1000(17%)
Head Finetuning    :Task: 7,	 Epoch: 6/40,	 Avg.loss: 0.0024,	 Test Accuracy: 183/1000(18%)
Head Finetuning    :Task: 7,	 Epoch: 7/40,	 Avg.loss: 0.0023,	 Test Accuracy: 197/1000(20%)
Head Finetuning    :Task: 7,	 Epoch: 8/40,	 Avg.loss: 0.0023,	 Test Accuracy: 205/1000(21%)
Head Finetuning    :Task: 7,	 Epoch: 9/40,	 Avg.loss: 0.0023,	 Test Accuracy: 212/1000(21%)
Head Finetuning    :Task: 7,	 Epoch: 10/40,	 Avg.loss: 0.0022,	 Test Accuracy: 218/1000(22%)
Head Finetuning    :Task: 7,	 Epoch: 11/40,	 Avg.loss: 0.0022,	 Test Accuracy: 229/1000(23%)
Head Finetuning    :Task: 7,	 Epoch: 12/40,	 Avg.loss: 0.0022,	 Test Accuracy: 234/1000(23%)
Head Finetuning    :Task: 7,	 Epoch: 13/40,	 Avg.loss: 0.0022,	 Test Accuracy: 238/1000(24%)
Head Finetuning    :Task: 7,	 Epoch: 14/40,	 Avg.loss: 0.0022,	 Test Accuracy: 250/1000(25%)
Head Finetuning    :Task: 7,	 Epoch: 15/40,	 Avg.loss: 0.0021,	 Test Accuracy: 255/1000(26%)
Head Finetuning    :Task: 7,	 Epoch: 16/40,	 Avg.loss: 0.0021,	 Test Accuracy: 260/1000(26%)
Head Finetuning    :Task: 7,	 Epoch: 17/40,	 Avg.loss: 0.0021,	 Test Accuracy: 259/1000(26%)
Head Finetuning    :Task: 7,	 Epoch: 18/40,	 Avg.loss: 0.0021,	 Test Accuracy: 262/1000(26%)
Head Finetuning    :Task: 7,	 Epoch: 19/40,	 Avg.loss: 0.0021,	 Test Accuracy: 269/1000(27%)
Task: 7,	 Epoch: 0/40,	 Avg.loss: 0.0014,	 Test Accuracy: 539/1000(54%)
Task: 7,	 Epoch: 1/40,	 Avg.loss: 0.0012,	 Test Accuracy: 567/1000(57%)
Task: 7,	 Epoch: 2/40,	 Avg.loss: 0.0011,	 Test Accuracy: 633/1000(63%)
Task: 7,	 Epoch: 3/40,	 Avg.loss: 0.0010,	 Test Accuracy: 661/1000(66%)
Task: 7,	 Epoch: 4/40,	 Avg.loss: 0.0010,	 Test Accuracy: 646/1000(65%)
Task: 7,	 Epoch: 5/40,	 Avg.loss: 0.0010,	 Test Accuracy: 667/1000(67%)
Task: 7,	 Epoch: 6/40,	 Avg.loss: 0.0010,	 Test Accuracy: 652/1000(65%)
Task: 7,	 Epoch: 7/40,	 Avg.loss: 0.0010,	 Test Accuracy: 659/1000(66%)
Task: 7,	 Epoch: 8/40,	 Avg.loss: 0.0009,	 Test Accuracy: 688/1000(69%)
Task: 7,	 Epoch: 9/40,	 Avg.loss: 0.0009,	 Test Accuracy: 672/1000(67%)
Task: 7,	 Epoch: 10/40,	 Avg.loss: 0.0010,	 Test Accuracy: 675/1000(68%)
Task: 7,	 Epoch: 11/40,	 Avg.loss: 0.0010,	 Test Accuracy: 670/1000(67%)
Task: 7,	 Epoch: 12/40,	 Avg.loss: 0.0010,	 Test Accuracy: 662/1000(66%)
Task: 7,	 Epoch: 13/40,	 Avg.loss: 0.0010,	 Test Accuracy: 671/1000(67%)
Task: 7,	 Epoch: 14/40,	 Avg.loss: 0.0009,	 Test Accuracy: 703/1000(70%)
Task: 7,	 Epoch: 15/40,	 Avg.loss: 0.0009,	 Test Accuracy: 693/1000(69%)
Task: 7,	 Epoch: 16/40,	 Avg.loss: 0.0009,	 Test Accuracy: 711/1000(71%)
Task: 7,	 Epoch: 17/40,	 Avg.loss: 0.0009,	 Test Accuracy: 691/1000(69%)
Task: 7,	 Epoch: 18/40,	 Avg.loss: 0.0009,	 Test Accuracy: 692/1000(69%)
Task: 7,	 Epoch: 19/40,	 Avg.loss: 0.0009,	 Test Accuracy: 697/1000(70%)
Task: 7,	 Epoch: 20/40,	 Avg.loss: 0.0009,	 Test Accuracy: 712/1000(71%)
Task: 7,	 Epoch: 21/40,	 Avg.loss: 0.0009,	 Test Accuracy: 715/1000(72%)
Task: 7,	 Epoch: 22/40,	 Avg.loss: 0.0009,	 Test Accuracy: 711/1000(71%)
Task: 7,	 Epoch: 23/40,	 Avg.loss: 0.0009,	 Test Accuracy: 719/1000(72%)
Task: 7,	 Epoch: 24/40,	 Avg.loss: 0.0009,	 Test Accuracy: 712/1000(71%)
Task: 7,	 Epoch: 25/40,	 Avg.loss: 0.0009,	 Test Accuracy: 716/1000(72%)
Task: 7,	 Epoch: 26/40,	 Avg.loss: 0.0009,	 Test Accuracy: 713/1000(71%)
Task: 7,	 Epoch: 27/40,	 Avg.loss: 0.0009,	 Test Accuracy: 711/1000(71%)
Task: 7,	 Epoch: 28/40,	 Avg.loss: 0.0009,	 Test Accuracy: 713/1000(71%)
Task: 7,	 Epoch: 29/40,	 Avg.loss: 0.0009,	 Test Accuracy: 716/1000(72%)
Task: 7,	 Epoch: 30/40,	 Avg.loss: 0.0009,	 Test Accuracy: 708/1000(71%)
Task: 7,	 Epoch: 31/40,	 Avg.loss: 0.0009,	 Test Accuracy: 717/1000(72%)
Task: 7,	 Epoch: 32/40,	 Avg.loss: 0.0009,	 Test Accuracy: 717/1000(72%)
Task: 7,	 Epoch: 33/40,	 Avg.loss: 0.0009,	 Test Accuracy: 715/1000(72%)
Task: 7,	 Epoch: 34/40,	 Avg.loss: 0.0009,	 Test Accuracy: 718/1000(72%)
Task: 7,	 Epoch: 35/40,	 Avg.loss: 0.0009,	 Test Accuracy: 716/1000(72%)
Task: 7,	 Epoch: 36/40,	 Avg.loss: 0.0009,	 Test Accuracy: 716/1000(72%)
Task: 7,	 Epoch: 37/40,	 Avg.loss: 0.0009,	 Test Accuracy: 716/1000(72%)
Task: 7,	 Epoch: 38/40,	 Avg.loss: 0.0009,	 Test Accuracy: 719/1000(72%)
Task: 7,	 Epoch: 39/40,	 Avg.loss: 0.0009,	 Test Accuracy: 718/1000(72%)
Trained Task:7, Loaded task:0, Accuracy:82.9%
Trained Task:7, Loaded task:1, Accuracy:77.4%
Trained Task:7, Loaded task:2, Accuracy:78.1%
Trained Task:7, Loaded task:3, Accuracy:69.5%
Trained Task:7, Loaded task:4, Accuracy:75.4%
Trained Task:7, Loaded task:5, Accuracy:74.1%
Trained Task:7, Loaded task:6, Accuracy:75.2%
Trained Task:7, Loaded task:7, Accuracy:71.8%
Trained Task:7, Avg. Accuracy: 75.6 

List of avg. accuracy: [86.5, 83.4, 82.3, 79.5, 77.9, 76.8, 76.3, 75.6]
Layer        : conv1_layer.2.weight
R.histogram  : tensor([5., 4., 7., 4., 5., 1., 3., 2., 0., 1.], device='cuda:0')
R_sum max/min: 158.7/51.4
F max  		: 6.631505012512207
O masx 		: 35.6745491027832
Layer        : conv2_layer.2.weight
R.histogram  : tensor([11., 16., 23.,  3.,  3.,  1.,  1.,  1.,  0.,  5.], device='cuda:0')
R_sum max/min: 576.0/90.5
F max  		: 1.76541006565094
O masx 		: 5.069151878356934
Layer        : fc1_layer.1.weight
R.histogram  : tensor([ 49., 195., 238.,  21.,   2.,   2.,   1.,   2.,   0.,   2.],
       device='cuda:0')
R_sum max/min: 8934.2/2169.0
F max  		: 0.1309073120355606
O masx 		: 0.7952014207839966
Mask histogram
conv1_layer.2.weight: 	 tensor([   0.,    0.,    0.,    0.,    0.,    0.,    0.,    0.,    0., 8192.,
           0.], device='cuda:0')
conv2_layer.2.weight: 	 tensor([   0.,  576.,  768.,  768., 1088.,  256.,  128.,  512.,    0.,    0.,
           0.], device='cuda:0')
fc1_layer.1.weight: 	 tensor([  0., 119., 127.,  58.,  25.,  30.,  33., 119.,   1.,   0.,   0.],
       device='cuda:0')
Head Finetuning    :Task: 8,	 Epoch: 0/40,	 Avg.loss: 0.0032,	 Test Accuracy: 109/1000(11%)
Head Finetuning    :Task: 8,	 Epoch: 1/40,	 Avg.loss: 0.0029,	 Test Accuracy: 112/1000(11%)
Head Finetuning    :Task: 8,	 Epoch: 2/40,	 Avg.loss: 0.0027,	 Test Accuracy: 133/1000(13%)
Head Finetuning    :Task: 8,	 Epoch: 3/40,	 Avg.loss: 0.0026,	 Test Accuracy: 142/1000(14%)
Head Finetuning    :Task: 8,	 Epoch: 4/40,	 Avg.loss: 0.0025,	 Test Accuracy: 150/1000(15%)
Head Finetuning    :Task: 8,	 Epoch: 5/40,	 Avg.loss: 0.0024,	 Test Accuracy: 156/1000(16%)
Head Finetuning    :Task: 8,	 Epoch: 6/40,	 Avg.loss: 0.0024,	 Test Accuracy: 165/1000(16%)
Head Finetuning    :Task: 8,	 Epoch: 7/40,	 Avg.loss: 0.0023,	 Test Accuracy: 166/1000(17%)
Head Finetuning    :Task: 8,	 Epoch: 8/40,	 Avg.loss: 0.0023,	 Test Accuracy: 172/1000(17%)
Head Finetuning    :Task: 8,	 Epoch: 9/40,	 Avg.loss: 0.0023,	 Test Accuracy: 182/1000(18%)
Head Finetuning    :Task: 8,	 Epoch: 10/40,	 Avg.loss: 0.0023,	 Test Accuracy: 191/1000(19%)
Head Finetuning    :Task: 8,	 Epoch: 11/40,	 Avg.loss: 0.0022,	 Test Accuracy: 205/1000(21%)
Head Finetuning    :Task: 8,	 Epoch: 12/40,	 Avg.loss: 0.0022,	 Test Accuracy: 210/1000(21%)
Head Finetuning    :Task: 8,	 Epoch: 13/40,	 Avg.loss: 0.0022,	 Test Accuracy: 216/1000(22%)
Head Finetuning    :Task: 8,	 Epoch: 14/40,	 Avg.loss: 0.0022,	 Test Accuracy: 229/1000(23%)
Head Finetuning    :Task: 8,	 Epoch: 15/40,	 Avg.loss: 0.0022,	 Test Accuracy: 238/1000(24%)
Head Finetuning    :Task: 8,	 Epoch: 16/40,	 Avg.loss: 0.0021,	 Test Accuracy: 245/1000(25%)
Head Finetuning    :Task: 8,	 Epoch: 17/40,	 Avg.loss: 0.0021,	 Test Accuracy: 244/1000(24%)
Head Finetuning    :Task: 8,	 Epoch: 18/40,	 Avg.loss: 0.0021,	 Test Accuracy: 249/1000(25%)
Head Finetuning    :Task: 8,	 Epoch: 19/40,	 Avg.loss: 0.0021,	 Test Accuracy: 256/1000(26%)
Task: 8,	 Epoch: 0/40,	 Avg.loss: 0.0012,	 Test Accuracy: 601/1000(60%)
Task: 8,	 Epoch: 1/40,	 Avg.loss: 0.0010,	 Test Accuracy: 649/1000(65%)
Task: 8,	 Epoch: 2/40,	 Avg.loss: 0.0010,	 Test Accuracy: 644/1000(64%)
Task: 8,	 Epoch: 3/40,	 Avg.loss: 0.0011,	 Test Accuracy: 598/1000(60%)
Task: 8,	 Epoch: 4/40,	 Avg.loss: 0.0009,	 Test Accuracy: 686/1000(69%)
Task: 8,	 Epoch: 5/40,	 Avg.loss: 0.0009,	 Test Accuracy: 686/1000(69%)
Task: 8,	 Epoch: 6/40,	 Avg.loss: 0.0009,	 Test Accuracy: 677/1000(68%)
Task: 8,	 Epoch: 7/40,	 Avg.loss: 0.0009,	 Test Accuracy: 667/1000(67%)
Task: 8,	 Epoch: 8/40,	 Avg.loss: 0.0009,	 Test Accuracy: 693/1000(69%)
Task: 8,	 Epoch: 9/40,	 Avg.loss: 0.0008,	 Test Accuracy: 723/1000(72%)
Task: 8,	 Epoch: 10/40,	 Avg.loss: 0.0009,	 Test Accuracy: 702/1000(70%)
Task: 8,	 Epoch: 11/40,	 Avg.loss: 0.0009,	 Test Accuracy: 694/1000(69%)
Task: 8,	 Epoch: 12/40,	 Avg.loss: 0.0008,	 Test Accuracy: 692/1000(69%)
Task: 8,	 Epoch: 13/40,	 Avg.loss: 0.0009,	 Test Accuracy: 706/1000(71%)
Task: 8,	 Epoch: 14/40,	 Avg.loss: 0.0008,	 Test Accuracy: 705/1000(70%)
Task: 8,	 Epoch: 15/40,	 Avg.loss: 0.0008,	 Test Accuracy: 716/1000(72%)
Task: 8,	 Epoch: 16/40,	 Avg.loss: 0.0008,	 Test Accuracy: 723/1000(72%)
Task: 8,	 Epoch: 17/40,	 Avg.loss: 0.0008,	 Test Accuracy: 726/1000(73%)
Task: 8,	 Epoch: 18/40,	 Avg.loss: 0.0008,	 Test Accuracy: 728/1000(73%)
Task: 8,	 Epoch: 19/40,	 Avg.loss: 0.0008,	 Test Accuracy: 728/1000(73%)
Task: 8,	 Epoch: 20/40,	 Avg.loss: 0.0008,	 Test Accuracy: 742/1000(74%)
Task: 8,	 Epoch: 21/40,	 Avg.loss: 0.0008,	 Test Accuracy: 738/1000(74%)
Task: 8,	 Epoch: 22/40,	 Avg.loss: 0.0008,	 Test Accuracy: 740/1000(74%)
Task: 8,	 Epoch: 23/40,	 Avg.loss: 0.0008,	 Test Accuracy: 748/1000(75%)
Task: 8,	 Epoch: 24/40,	 Avg.loss: 0.0008,	 Test Accuracy: 736/1000(74%)
Task: 8,	 Epoch: 25/40,	 Avg.loss: 0.0008,	 Test Accuracy: 740/1000(74%)
Task: 8,	 Epoch: 26/40,	 Avg.loss: 0.0008,	 Test Accuracy: 739/1000(74%)
Task: 8,	 Epoch: 27/40,	 Avg.loss: 0.0008,	 Test Accuracy: 740/1000(74%)
Task: 8,	 Epoch: 28/40,	 Avg.loss: 0.0008,	 Test Accuracy: 742/1000(74%)
Task: 8,	 Epoch: 29/40,	 Avg.loss: 0.0008,	 Test Accuracy: 742/1000(74%)
Task: 8,	 Epoch: 30/40,	 Avg.loss: 0.0008,	 Test Accuracy: 741/1000(74%)
Task: 8,	 Epoch: 31/40,	 Avg.loss: 0.0008,	 Test Accuracy: 739/1000(74%)
Task: 8,	 Epoch: 32/40,	 Avg.loss: 0.0008,	 Test Accuracy: 742/1000(74%)
Task: 8,	 Epoch: 33/40,	 Avg.loss: 0.0008,	 Test Accuracy: 742/1000(74%)
Task: 8,	 Epoch: 34/40,	 Avg.loss: 0.0008,	 Test Accuracy: 739/1000(74%)
Task: 8,	 Epoch: 35/40,	 Avg.loss: 0.0008,	 Test Accuracy: 738/1000(74%)
Task: 8,	 Epoch: 36/40,	 Avg.loss: 0.0008,	 Test Accuracy: 739/1000(74%)
Task: 8,	 Epoch: 37/40,	 Avg.loss: 0.0008,	 Test Accuracy: 737/1000(74%)
Task: 8,	 Epoch: 38/40,	 Avg.loss: 0.0008,	 Test Accuracy: 741/1000(74%)
Task: 8,	 Epoch: 39/40,	 Avg.loss: 0.0008,	 Test Accuracy: 737/1000(74%)
Trained Task:8, Loaded task:0, Accuracy:82.5%
Trained Task:8, Loaded task:1, Accuracy:78.8%
Trained Task:8, Loaded task:2, Accuracy:78.6%
Trained Task:8, Loaded task:3, Accuracy:70.0%
Trained Task:8, Loaded task:4, Accuracy:74.9%
Trained Task:8, Loaded task:5, Accuracy:73.5%
Trained Task:8, Loaded task:6, Accuracy:74.6%
Trained Task:8, Loaded task:7, Accuracy:71.3%
Trained Task:8, Loaded task:8, Accuracy:73.7%
Trained Task:8, Avg. Accuracy: 75.3 

List of avg. accuracy: [86.5, 83.4, 82.3, 79.5, 77.9, 76.8, 76.3, 75.6, 75.3]
Layer        : conv1_layer.2.weight
R.histogram  : tensor([2., 3., 7., 6., 5., 4., 2., 2., 0., 1.], device='cuda:0')
R_sum max/min: 153.1/39.4
F max  		: 6.532707214355469
O masx 		: 37.45560073852539
Layer        : conv2_layer.2.weight
R.histogram  : tensor([ 7., 16., 28.,  5.,  2.,  1.,  0.,  0.,  0.,  5.], device='cuda:0')
R_sum max/min: 576.0/79.3
F max  		: 1.7208155393600464
O masx 		: 5.069151878356934
Layer        : fc1_layer.1.weight
R.histogram  : tensor([ 30., 148., 151., 169.,   5.,   3.,   2.,   3.,   0.,   1.],
       device='cuda:0')
R_sum max/min: 8265.9/2080.3
F max  		: 0.11356241255998611
O masx 		: 0.8437532782554626
Mask histogram
conv1_layer.2.weight: 	 tensor([   0.,    0.,    0.,    0.,    0.,    0.,    0.,    0.,    0.,    0.,
        8192.], device='cuda:0')
conv2_layer.2.weight: 	 tensor([  0., 512., 768., 512., 832., 768., 192.,   0., 512.,   0.,   0.],
       device='cuda:0')
fc1_layer.1.weight: 	 tensor([  0., 108., 133.,  45.,  36.,  14.,  32.,  27., 117.,   0.,   0.],
       device='cuda:0')
Head Finetuning    :Task: 9,	 Epoch: 0/40,	 Avg.loss: 0.0029,	 Test Accuracy: 113/1000(11%)
Head Finetuning    :Task: 9,	 Epoch: 1/40,	 Avg.loss: 0.0027,	 Test Accuracy: 139/1000(14%)
Head Finetuning    :Task: 9,	 Epoch: 2/40,	 Avg.loss: 0.0026,	 Test Accuracy: 157/1000(16%)
Head Finetuning    :Task: 9,	 Epoch: 3/40,	 Avg.loss: 0.0025,	 Test Accuracy: 166/1000(17%)
Head Finetuning    :Task: 9,	 Epoch: 4/40,	 Avg.loss: 0.0024,	 Test Accuracy: 179/1000(18%)
Head Finetuning    :Task: 9,	 Epoch: 5/40,	 Avg.loss: 0.0024,	 Test Accuracy: 191/1000(19%)
Head Finetuning    :Task: 9,	 Epoch: 6/40,	 Avg.loss: 0.0023,	 Test Accuracy: 194/1000(19%)
Head Finetuning    :Task: 9,	 Epoch: 7/40,	 Avg.loss: 0.0023,	 Test Accuracy: 206/1000(21%)
Head Finetuning    :Task: 9,	 Epoch: 8/40,	 Avg.loss: 0.0023,	 Test Accuracy: 214/1000(21%)
Head Finetuning    :Task: 9,	 Epoch: 9/40,	 Avg.loss: 0.0022,	 Test Accuracy: 225/1000(23%)
Head Finetuning    :Task: 9,	 Epoch: 10/40,	 Avg.loss: 0.0022,	 Test Accuracy: 235/1000(24%)
Head Finetuning    :Task: 9,	 Epoch: 11/40,	 Avg.loss: 0.0022,	 Test Accuracy: 239/1000(24%)
Head Finetuning    :Task: 9,	 Epoch: 12/40,	 Avg.loss: 0.0022,	 Test Accuracy: 242/1000(24%)
Head Finetuning    :Task: 9,	 Epoch: 13/40,	 Avg.loss: 0.0021,	 Test Accuracy: 247/1000(25%)
Head Finetuning    :Task: 9,	 Epoch: 14/40,	 Avg.loss: 0.0021,	 Test Accuracy: 255/1000(26%)
Head Finetuning    :Task: 9,	 Epoch: 15/40,	 Avg.loss: 0.0021,	 Test Accuracy: 263/1000(26%)
Head Finetuning    :Task: 9,	 Epoch: 16/40,	 Avg.loss: 0.0021,	 Test Accuracy: 270/1000(27%)
Head Finetuning    :Task: 9,	 Epoch: 17/40,	 Avg.loss: 0.0021,	 Test Accuracy: 278/1000(28%)
Head Finetuning    :Task: 9,	 Epoch: 18/40,	 Avg.loss: 0.0021,	 Test Accuracy: 280/1000(28%)
Head Finetuning    :Task: 9,	 Epoch: 19/40,	 Avg.loss: 0.0020,	 Test Accuracy: 286/1000(29%)
Task: 9,	 Epoch: 0/40,	 Avg.loss: 0.0011,	 Test Accuracy: 638/1000(64%)
Task: 9,	 Epoch: 1/40,	 Avg.loss: 0.0010,	 Test Accuracy: 644/1000(64%)
Task: 9,	 Epoch: 2/40,	 Avg.loss: 0.0009,	 Test Accuracy: 681/1000(68%)
Task: 9,	 Epoch: 3/40,	 Avg.loss: 0.0009,	 Test Accuracy: 677/1000(68%)
Task: 9,	 Epoch: 4/40,	 Avg.loss: 0.0009,	 Test Accuracy: 699/1000(70%)
Task: 9,	 Epoch: 5/40,	 Avg.loss: 0.0009,	 Test Accuracy: 701/1000(70%)
Task: 9,	 Epoch: 6/40,	 Avg.loss: 0.0009,	 Test Accuracy: 703/1000(70%)
Task: 9,	 Epoch: 7/40,	 Avg.loss: 0.0009,	 Test Accuracy: 698/1000(70%)
Task: 9,	 Epoch: 8/40,	 Avg.loss: 0.0009,	 Test Accuracy: 713/1000(71%)
Task: 9,	 Epoch: 9/40,	 Avg.loss: 0.0008,	 Test Accuracy: 722/1000(72%)
Task: 9,	 Epoch: 10/40,	 Avg.loss: 0.0009,	 Test Accuracy: 716/1000(72%)
Task: 9,	 Epoch: 11/40,	 Avg.loss: 0.0008,	 Test Accuracy: 722/1000(72%)
Task: 9,	 Epoch: 12/40,	 Avg.loss: 0.0008,	 Test Accuracy: 725/1000(72%)
Task: 9,	 Epoch: 13/40,	 Avg.loss: 0.0008,	 Test Accuracy: 731/1000(73%)
Task: 9,	 Epoch: 14/40,	 Avg.loss: 0.0008,	 Test Accuracy: 731/1000(73%)
Task: 9,	 Epoch: 15/40,	 Avg.loss: 0.0008,	 Test Accuracy: 742/1000(74%)
Task: 9,	 Epoch: 16/40,	 Avg.loss: 0.0008,	 Test Accuracy: 739/1000(74%)
Task: 9,	 Epoch: 17/40,	 Avg.loss: 0.0008,	 Test Accuracy: 746/1000(75%)
Task: 9,	 Epoch: 18/40,	 Avg.loss: 0.0008,	 Test Accuracy: 729/1000(73%)
Task: 9,	 Epoch: 19/40,	 Avg.loss: 0.0008,	 Test Accuracy: 732/1000(73%)
Task: 9,	 Epoch: 20/40,	 Avg.loss: 0.0007,	 Test Accuracy: 750/1000(75%)
Task: 9,	 Epoch: 21/40,	 Avg.loss: 0.0007,	 Test Accuracy: 754/1000(75%)
Task: 9,	 Epoch: 22/40,	 Avg.loss: 0.0007,	 Test Accuracy: 757/1000(76%)
Task: 9,	 Epoch: 23/40,	 Avg.loss: 0.0007,	 Test Accuracy: 759/1000(76%)
Task: 9,	 Epoch: 24/40,	 Avg.loss: 0.0007,	 Test Accuracy: 762/1000(76%)
Task: 9,	 Epoch: 25/40,	 Avg.loss: 0.0007,	 Test Accuracy: 766/1000(77%)
Task: 9,	 Epoch: 26/40,	 Avg.loss: 0.0007,	 Test Accuracy: 759/1000(76%)
Task: 9,	 Epoch: 27/40,	 Avg.loss: 0.0007,	 Test Accuracy: 761/1000(76%)
Task: 9,	 Epoch: 28/40,	 Avg.loss: 0.0007,	 Test Accuracy: 767/1000(77%)
Task: 9,	 Epoch: 29/40,	 Avg.loss: 0.0007,	 Test Accuracy: 766/1000(77%)
Task: 9,	 Epoch: 30/40,	 Avg.loss: 0.0007,	 Test Accuracy: 760/1000(76%)
Task: 9,	 Epoch: 31/40,	 Avg.loss: 0.0007,	 Test Accuracy: 763/1000(76%)
Task: 9,	 Epoch: 32/40,	 Avg.loss: 0.0007,	 Test Accuracy: 762/1000(76%)
Task: 9,	 Epoch: 33/40,	 Avg.loss: 0.0007,	 Test Accuracy: 766/1000(77%)
Task: 9,	 Epoch: 34/40,	 Avg.loss: 0.0007,	 Test Accuracy: 758/1000(76%)
Task: 9,	 Epoch: 35/40,	 Avg.loss: 0.0007,	 Test Accuracy: 760/1000(76%)
Task: 9,	 Epoch: 36/40,	 Avg.loss: 0.0007,	 Test Accuracy: 763/1000(76%)
Task: 9,	 Epoch: 37/40,	 Avg.loss: 0.0007,	 Test Accuracy: 759/1000(76%)
Task: 9,	 Epoch: 38/40,	 Avg.loss: 0.0007,	 Test Accuracy: 764/1000(76%)
Task: 9,	 Epoch: 39/40,	 Avg.loss: 0.0007,	 Test Accuracy: 765/1000(76%)
Trained Task:9, Loaded task:0, Accuracy:83.0%
Trained Task:9, Loaded task:1, Accuracy:79.0%
Trained Task:9, Loaded task:2, Accuracy:78.1%
Trained Task:9, Loaded task:3, Accuracy:69.5%
Trained Task:9, Loaded task:4, Accuracy:74.8%
Trained Task:9, Loaded task:5, Accuracy:73.1%
Trained Task:9, Loaded task:6, Accuracy:74.3%
Trained Task:9, Loaded task:7, Accuracy:70.8%
Trained Task:9, Loaded task:8, Accuracy:74.4%
Trained Task:9, Loaded task:9, Accuracy:76.5%
Trained Task:9, Avg. Accuracy: 75.4 

List of avg. accuracy: [86.5, 83.4, 82.3, 79.5, 77.9, 76.8, 76.3, 75.6, 75.3, 75.4]
