Mask histogram
conv1_layer.0.weight: 
 tensor([22841,  9927,     0,     0,     0,     0,     0,     0,     0,     0,
            0], device='cuda:0', dtype=torch.int32)
conv2_layer.0.weight: 
 tensor([5701, 2491,    0,    0,    0,    0,    0,    0,    0,    0,    0],
       device='cuda:0', dtype=torch.int32)
conv3_layer.0.weight: 
 tensor([11425,  4959,     0,     0,     0,     0,     0,     0,     0,     0,
            0], device='cuda:0', dtype=torch.int32)
conv4_layer.0.weight: 
 tensor([2841, 1255,    0,    0,    0,    0,    0,    0,    0,    0,    0],
       device='cuda:0', dtype=torch.int32)
fc1_layer.0.weight: 
 tensor([357, 155,   0,   0,   0,   0,   0,   0,   0,   0,   0],
       device='cuda:0', dtype=torch.int32)
Head Finetuning    :Task: 0,	 Epoch: 0/40,	 Avg.loss: 0.0023,	 Test Accuracy: 175/1000(18%)
Head Finetuning    :Task: 0,	 Epoch: 1/40,	 Avg.loss: 0.0023,	 Test Accuracy: 231/1000(23%)
Head Finetuning    :Task: 0,	 Epoch: 2/40,	 Avg.loss: 0.0022,	 Test Accuracy: 239/1000(24%)
Head Finetuning    :Task: 0,	 Epoch: 3/40,	 Avg.loss: 0.0022,	 Test Accuracy: 275/1000(28%)
Head Finetuning    :Task: 0,	 Epoch: 4/40,	 Avg.loss: 0.0022,	 Test Accuracy: 275/1000(28%)
Head Finetuning    :Task: 0,	 Epoch: 5/40,	 Avg.loss: 0.0022,	 Test Accuracy: 291/1000(29%)
Head Finetuning    :Task: 0,	 Epoch: 6/40,	 Avg.loss: 0.0022,	 Test Accuracy: 287/1000(29%)
Head Finetuning    :Task: 0,	 Epoch: 7/40,	 Avg.loss: 0.0022,	 Test Accuracy: 315/1000(32%)
Head Finetuning    :Task: 0,	 Epoch: 8/40,	 Avg.loss: 0.0022,	 Test Accuracy: 318/1000(32%)
Head Finetuning    :Task: 0,	 Epoch: 9/40,	 Avg.loss: 0.0022,	 Test Accuracy: 312/1000(31%)
Head Finetuning    :Task: 0,	 Epoch: 10/40,	 Avg.loss: 0.0021,	 Test Accuracy: 321/1000(32%)
Head Finetuning    :Task: 0,	 Epoch: 11/40,	 Avg.loss: 0.0021,	 Test Accuracy: 327/1000(33%)
Head Finetuning    :Task: 0,	 Epoch: 12/40,	 Avg.loss: 0.0021,	 Test Accuracy: 323/1000(32%)
Head Finetuning    :Task: 0,	 Epoch: 13/40,	 Avg.loss: 0.0021,	 Test Accuracy: 321/1000(32%)
Head Finetuning    :Task: 0,	 Epoch: 14/40,	 Avg.loss: 0.0021,	 Test Accuracy: 325/1000(32%)
Task: 0,	 Epoch: 0/40,	 Avg.loss: 0.0013,	 Test Accuracy: 535/1000(54%)
Task: 0,	 Epoch: 1/40,	 Avg.loss: 0.0011,	 Test Accuracy: 618/1000(62%)
Task: 0,	 Epoch: 2/40,	 Avg.loss: 0.0010,	 Test Accuracy: 643/1000(64%)
Task: 0,	 Epoch: 3/40,	 Avg.loss: 0.0010,	 Test Accuracy: 650/1000(65%)
Task: 0,	 Epoch: 4/40,	 Avg.loss: 0.0009,	 Test Accuracy: 667/1000(67%)
Task: 0,	 Epoch: 5/40,	 Avg.loss: 0.0009,	 Test Accuracy: 674/1000(67%)
Task: 0,	 Epoch: 6/40,	 Avg.loss: 0.0010,	 Test Accuracy: 656/1000(66%)
Task: 0,	 Epoch: 7/40,	 Avg.loss: 0.0010,	 Test Accuracy: 674/1000(67%)
Task: 0,	 Epoch: 8/40,	 Avg.loss: 0.0008,	 Test Accuracy: 696/1000(70%)
Task: 0,	 Epoch: 9/40,	 Avg.loss: 0.0008,	 Test Accuracy: 703/1000(70%)
Task: 0,	 Epoch: 10/40,	 Avg.loss: 0.0008,	 Test Accuracy: 698/1000(70%)
Task: 0,	 Epoch: 11/40,	 Avg.loss: 0.0008,	 Test Accuracy: 721/1000(72%)
Task: 0,	 Epoch: 12/40,	 Avg.loss: 0.0008,	 Test Accuracy: 709/1000(71%)
Task: 0,	 Epoch: 13/40,	 Avg.loss: 0.0008,	 Test Accuracy: 720/1000(72%)
Task: 0,	 Epoch: 14/40,	 Avg.loss: 0.0008,	 Test Accuracy: 722/1000(72%)
Task: 0,	 Epoch: 15/40,	 Avg.loss: 0.0007,	 Test Accuracy: 736/1000(74%)
Task: 0,	 Epoch: 16/40,	 Avg.loss: 0.0007,	 Test Accuracy: 740/1000(74%)
Task: 0,	 Epoch: 17/40,	 Avg.loss: 0.0008,	 Test Accuracy: 733/1000(73%)
Task: 0,	 Epoch: 18/40,	 Avg.loss: 0.0008,	 Test Accuracy: 728/1000(73%)
Task: 0,	 Epoch: 19/40,	 Avg.loss: 0.0007,	 Test Accuracy: 742/1000(74%)
Task: 0,	 Epoch: 20/40,	 Avg.loss: 0.0007,	 Test Accuracy: 754/1000(75%)
Task: 0,	 Epoch: 21/40,	 Avg.loss: 0.0007,	 Test Accuracy: 755/1000(76%)
Task: 0,	 Epoch: 22/40,	 Avg.loss: 0.0007,	 Test Accuracy: 747/1000(75%)
Task: 0,	 Epoch: 23/40,	 Avg.loss: 0.0007,	 Test Accuracy: 754/1000(75%)
Task: 0,	 Epoch: 24/40,	 Avg.loss: 0.0007,	 Test Accuracy: 758/1000(76%)
Task: 0,	 Epoch: 25/40,	 Avg.loss: 0.0007,	 Test Accuracy: 751/1000(75%)
Task: 0,	 Epoch: 26/40,	 Avg.loss: 0.0007,	 Test Accuracy: 747/1000(75%)
Task: 0,	 Epoch: 27/40,	 Avg.loss: 0.0007,	 Test Accuracy: 753/1000(75%)
Task: 0,	 Epoch: 28/40,	 Avg.loss: 0.0007,	 Test Accuracy: 754/1000(75%)
Task: 0,	 Epoch: 29/40,	 Avg.loss: 0.0007,	 Test Accuracy: 757/1000(76%)
Task: 0,	 Epoch: 30/40,	 Avg.loss: 0.0007,	 Test Accuracy: 759/1000(76%)
Task: 0,	 Epoch: 31/40,	 Avg.loss: 0.0007,	 Test Accuracy: 760/1000(76%)
Task: 0,	 Epoch: 32/40,	 Avg.loss: 0.0007,	 Test Accuracy: 761/1000(76%)
Task: 0,	 Epoch: 33/40,	 Avg.loss: 0.0007,	 Test Accuracy: 757/1000(76%)
Task: 0,	 Epoch: 34/40,	 Avg.loss: 0.0007,	 Test Accuracy: 755/1000(76%)
Task: 0,	 Epoch: 35/40,	 Avg.loss: 0.0007,	 Test Accuracy: 755/1000(76%)
Task: 0,	 Epoch: 36/40,	 Avg.loss: 0.0007,	 Test Accuracy: 758/1000(76%)
Task: 0,	 Epoch: 37/40,	 Avg.loss: 0.0007,	 Test Accuracy: 754/1000(75%)
Task: 0,	 Epoch: 38/40,	 Avg.loss: 0.0007,	 Test Accuracy: 758/1000(76%)
Task: 0,	 Epoch: 39/40,	 Avg.loss: 0.0007,	 Test Accuracy: 755/1000(76%)
Trained Task:0, Loaded task:0, Accuracy:75.5%
Trained Task:0, Avg. Accuracy: 75.5 

List of avg. accuracy: [75.5]
Mask histogram
conv1_layer.0.weight: 
 tensor([15935, 13832,  3001,     0,     0,     0,     0,     0,     0,     0,
            0], device='cuda:0', dtype=torch.int32)
conv2_layer.0.weight: 
 tensor([3948, 3499,  745,    0,    0,    0,    0,    0,    0,    0,    0],
       device='cuda:0', dtype=torch.int32)
conv3_layer.0.weight: 
 tensor([7949, 6999, 1436,    0,    0,    0,    0,    0,    0,    0,    0],
       device='cuda:0', dtype=torch.int32)
conv4_layer.0.weight: 
 tensor([2014, 1707,  375,    0,    0,    0,    0,    0,    0,    0,    0],
       device='cuda:0', dtype=torch.int32)
fc1_layer.0.weight: 
 tensor([263, 200,  49,   0,   0,   0,   0,   0,   0,   0,   0],
       device='cuda:0', dtype=torch.int32)
Head Finetuning    :Task: 1,	 Epoch: 0/40,	 Avg.loss: 0.0023,	 Test Accuracy: 112/1000(11%)
Head Finetuning    :Task: 1,	 Epoch: 1/40,	 Avg.loss: 0.0023,	 Test Accuracy: 116/1000(12%)
Head Finetuning    :Task: 1,	 Epoch: 2/40,	 Avg.loss: 0.0023,	 Test Accuracy: 118/1000(12%)
Head Finetuning    :Task: 1,	 Epoch: 3/40,	 Avg.loss: 0.0023,	 Test Accuracy: 121/1000(12%)
Head Finetuning    :Task: 1,	 Epoch: 4/40,	 Avg.loss: 0.0023,	 Test Accuracy: 122/1000(12%)
Head Finetuning    :Task: 1,	 Epoch: 5/40,	 Avg.loss: 0.0023,	 Test Accuracy: 124/1000(12%)
Head Finetuning    :Task: 1,	 Epoch: 6/40,	 Avg.loss: 0.0023,	 Test Accuracy: 126/1000(13%)
Head Finetuning    :Task: 1,	 Epoch: 7/40,	 Avg.loss: 0.0023,	 Test Accuracy: 132/1000(13%)
Head Finetuning    :Task: 1,	 Epoch: 8/40,	 Avg.loss: 0.0023,	 Test Accuracy: 131/1000(13%)
Head Finetuning    :Task: 1,	 Epoch: 9/40,	 Avg.loss: 0.0023,	 Test Accuracy: 134/1000(13%)
Head Finetuning    :Task: 1,	 Epoch: 10/40,	 Avg.loss: 0.0023,	 Test Accuracy: 133/1000(13%)
Head Finetuning    :Task: 1,	 Epoch: 11/40,	 Avg.loss: 0.0023,	 Test Accuracy: 137/1000(14%)
Head Finetuning    :Task: 1,	 Epoch: 12/40,	 Avg.loss: 0.0023,	 Test Accuracy: 137/1000(14%)
Head Finetuning    :Task: 1,	 Epoch: 13/40,	 Avg.loss: 0.0023,	 Test Accuracy: 140/1000(14%)
Head Finetuning    :Task: 1,	 Epoch: 14/40,	 Avg.loss: 0.0023,	 Test Accuracy: 142/1000(14%)
Task: 1,	 Epoch: 0/40,	 Avg.loss: 0.0014,	 Test Accuracy: 492/1000(49%)
Task: 1,	 Epoch: 1/40,	 Avg.loss: 0.0013,	 Test Accuracy: 544/1000(54%)
Task: 1,	 Epoch: 2/40,	 Avg.loss: 0.0013,	 Test Accuracy: 550/1000(55%)
Task: 1,	 Epoch: 3/40,	 Avg.loss: 0.0012,	 Test Accuracy: 599/1000(60%)
Task: 1,	 Epoch: 4/40,	 Avg.loss: 0.0011,	 Test Accuracy: 620/1000(62%)
Task: 1,	 Epoch: 5/40,	 Avg.loss: 0.0011,	 Test Accuracy: 597/1000(60%)
Task: 1,	 Epoch: 6/40,	 Avg.loss: 0.0012,	 Test Accuracy: 602/1000(60%)
Task: 1,	 Epoch: 7/40,	 Avg.loss: 0.0011,	 Test Accuracy: 617/1000(62%)
Task: 1,	 Epoch: 8/40,	 Avg.loss: 0.0011,	 Test Accuracy: 624/1000(62%)
Task: 1,	 Epoch: 9/40,	 Avg.loss: 0.0011,	 Test Accuracy: 621/1000(62%)
Task: 1,	 Epoch: 10/40,	 Avg.loss: 0.0011,	 Test Accuracy: 631/1000(63%)
Task: 1,	 Epoch: 11/40,	 Avg.loss: 0.0011,	 Test Accuracy: 636/1000(64%)
Task: 1,	 Epoch: 12/40,	 Avg.loss: 0.0011,	 Test Accuracy: 628/1000(63%)
Task: 1,	 Epoch: 13/40,	 Avg.loss: 0.0011,	 Test Accuracy: 631/1000(63%)
Task: 1,	 Epoch: 14/40,	 Avg.loss: 0.0011,	 Test Accuracy: 641/1000(64%)
Task: 1,	 Epoch: 15/40,	 Avg.loss: 0.0011,	 Test Accuracy: 627/1000(63%)
Task: 1,	 Epoch: 16/40,	 Avg.loss: 0.0011,	 Test Accuracy: 642/1000(64%)
Task: 1,	 Epoch: 17/40,	 Avg.loss: 0.0011,	 Test Accuracy: 645/1000(64%)
Task: 1,	 Epoch: 18/40,	 Avg.loss: 0.0011,	 Test Accuracy: 641/1000(64%)
Task: 1,	 Epoch: 19/40,	 Avg.loss: 0.0010,	 Test Accuracy: 650/1000(65%)
Task: 1,	 Epoch: 20/40,	 Avg.loss: 0.0010,	 Test Accuracy: 663/1000(66%)
Task: 1,	 Epoch: 21/40,	 Avg.loss: 0.0010,	 Test Accuracy: 657/1000(66%)
Task: 1,	 Epoch: 22/40,	 Avg.loss: 0.0010,	 Test Accuracy: 660/1000(66%)
Task: 1,	 Epoch: 23/40,	 Avg.loss: 0.0010,	 Test Accuracy: 661/1000(66%)
Task: 1,	 Epoch: 24/40,	 Avg.loss: 0.0010,	 Test Accuracy: 662/1000(66%)
Task: 1,	 Epoch: 25/40,	 Avg.loss: 0.0010,	 Test Accuracy: 656/1000(66%)
Task: 1,	 Epoch: 26/40,	 Avg.loss: 0.0010,	 Test Accuracy: 652/1000(65%)
Task: 1,	 Epoch: 27/40,	 Avg.loss: 0.0010,	 Test Accuracy: 662/1000(66%)
Task: 1,	 Epoch: 28/40,	 Avg.loss: 0.0010,	 Test Accuracy: 660/1000(66%)
Task: 1,	 Epoch: 29/40,	 Avg.loss: 0.0010,	 Test Accuracy: 651/1000(65%)
Task: 1,	 Epoch: 30/40,	 Avg.loss: 0.0010,	 Test Accuracy: 661/1000(66%)
Task: 1,	 Epoch: 31/40,	 Avg.loss: 0.0010,	 Test Accuracy: 659/1000(66%)
Task: 1,	 Epoch: 32/40,	 Avg.loss: 0.0010,	 Test Accuracy: 657/1000(66%)
Task: 1,	 Epoch: 33/40,	 Avg.loss: 0.0010,	 Test Accuracy: 659/1000(66%)
Task: 1,	 Epoch: 34/40,	 Avg.loss: 0.0010,	 Test Accuracy: 658/1000(66%)
Task: 1,	 Epoch: 35/40,	 Avg.loss: 0.0010,	 Test Accuracy: 658/1000(66%)
Task: 1,	 Epoch: 36/40,	 Avg.loss: 0.0010,	 Test Accuracy: 657/1000(66%)
Task: 1,	 Epoch: 37/40,	 Avg.loss: 0.0010,	 Test Accuracy: 665/1000(66%)
Task: 1,	 Epoch: 38/40,	 Avg.loss: 0.0010,	 Test Accuracy: 653/1000(65%)
Task: 1,	 Epoch: 39/40,	 Avg.loss: 0.0010,	 Test Accuracy: 659/1000(66%)
Trained Task:1, Loaded task:0, Accuracy:74.3%
Trained Task:1, Loaded task:1, Accuracy:65.9%
Trained Task:1, Avg. Accuracy: 70.1 

List of avg. accuracy: [75.5, 70.1]
Mask histogram
conv1_layer.0.weight: 
 tensor([11262, 14319,  6272,   915,     0,     0,     0,     0,     0,     0,
            0], device='cuda:0', dtype=torch.int32)
conv2_layer.0.weight: 
 tensor([2726, 3678, 1577,  211,    0,    0,    0,    0,    0,    0,    0],
       device='cuda:0', dtype=torch.int32)
conv3_layer.0.weight: 
 tensor([5446, 7398, 3123,  417,    0,    0,    0,    0,    0,    0,    0],
       device='cuda:0', dtype=torch.int32)
conv4_layer.0.weight: 
 tensor([1423, 1784,  785,  104,    0,    0,    0,    0,    0,    0,    0],
       device='cuda:0', dtype=torch.int32)
fc1_layer.0.weight: 
 tensor([194, 214,  89,  15,   0,   0,   0,   0,   0,   0,   0],
       device='cuda:0', dtype=torch.int32)
Head Finetuning    :Task: 2,	 Epoch: 0/40,	 Avg.loss: 0.0023,	 Test Accuracy: 131/1000(13%)
Head Finetuning    :Task: 2,	 Epoch: 1/40,	 Avg.loss: 0.0023,	 Test Accuracy: 136/1000(14%)
Head Finetuning    :Task: 2,	 Epoch: 2/40,	 Avg.loss: 0.0023,	 Test Accuracy: 137/1000(14%)
Head Finetuning    :Task: 2,	 Epoch: 3/40,	 Avg.loss: 0.0023,	 Test Accuracy: 142/1000(14%)
Head Finetuning    :Task: 2,	 Epoch: 4/40,	 Avg.loss: 0.0023,	 Test Accuracy: 144/1000(14%)
Head Finetuning    :Task: 2,	 Epoch: 5/40,	 Avg.loss: 0.0023,	 Test Accuracy: 147/1000(15%)
Head Finetuning    :Task: 2,	 Epoch: 6/40,	 Avg.loss: 0.0023,	 Test Accuracy: 150/1000(15%)
Head Finetuning    :Task: 2,	 Epoch: 7/40,	 Avg.loss: 0.0023,	 Test Accuracy: 154/1000(15%)
Head Finetuning    :Task: 2,	 Epoch: 8/40,	 Avg.loss: 0.0023,	 Test Accuracy: 156/1000(16%)
Head Finetuning    :Task: 2,	 Epoch: 9/40,	 Avg.loss: 0.0023,	 Test Accuracy: 162/1000(16%)
Head Finetuning    :Task: 2,	 Epoch: 10/40,	 Avg.loss: 0.0023,	 Test Accuracy: 166/1000(17%)
Head Finetuning    :Task: 2,	 Epoch: 11/40,	 Avg.loss: 0.0023,	 Test Accuracy: 170/1000(17%)
Head Finetuning    :Task: 2,	 Epoch: 12/40,	 Avg.loss: 0.0023,	 Test Accuracy: 176/1000(18%)
Head Finetuning    :Task: 2,	 Epoch: 13/40,	 Avg.loss: 0.0023,	 Test Accuracy: 178/1000(18%)
Head Finetuning    :Task: 2,	 Epoch: 14/40,	 Avg.loss: 0.0023,	 Test Accuracy: 181/1000(18%)
Task: 2,	 Epoch: 0/40,	 Avg.loss: 0.0014,	 Test Accuracy: 529/1000(53%)
Task: 2,	 Epoch: 1/40,	 Avg.loss: 0.0013,	 Test Accuracy: 591/1000(59%)
Task: 2,	 Epoch: 2/40,	 Avg.loss: 0.0011,	 Test Accuracy: 628/1000(63%)
Task: 2,	 Epoch: 3/40,	 Avg.loss: 0.0011,	 Test Accuracy: 629/1000(63%)
Task: 2,	 Epoch: 4/40,	 Avg.loss: 0.0011,	 Test Accuracy: 648/1000(65%)
Task: 2,	 Epoch: 5/40,	 Avg.loss: 0.0010,	 Test Accuracy: 653/1000(65%)
Task: 2,	 Epoch: 6/40,	 Avg.loss: 0.0010,	 Test Accuracy: 670/1000(67%)
Task: 2,	 Epoch: 7/40,	 Avg.loss: 0.0010,	 Test Accuracy: 650/1000(65%)
Task: 2,	 Epoch: 8/40,	 Avg.loss: 0.0010,	 Test Accuracy: 656/1000(66%)
Task: 2,	 Epoch: 9/40,	 Avg.loss: 0.0010,	 Test Accuracy: 660/1000(66%)
Task: 2,	 Epoch: 10/40,	 Avg.loss: 0.0010,	 Test Accuracy: 673/1000(67%)
Task: 2,	 Epoch: 11/40,	 Avg.loss: 0.0010,	 Test Accuracy: 678/1000(68%)
Task: 2,	 Epoch: 12/40,	 Avg.loss: 0.0010,	 Test Accuracy: 684/1000(68%)
Task: 2,	 Epoch: 13/40,	 Avg.loss: 0.0010,	 Test Accuracy: 682/1000(68%)
Task: 2,	 Epoch: 14/40,	 Avg.loss: 0.0010,	 Test Accuracy: 658/1000(66%)
Task: 2,	 Epoch: 15/40,	 Avg.loss: 0.0009,	 Test Accuracy: 682/1000(68%)
Task: 2,	 Epoch: 16/40,	 Avg.loss: 0.0009,	 Test Accuracy: 668/1000(67%)
Task: 2,	 Epoch: 17/40,	 Avg.loss: 0.0010,	 Test Accuracy: 666/1000(67%)
Task: 2,	 Epoch: 18/40,	 Avg.loss: 0.0010,	 Test Accuracy: 666/1000(67%)
Task: 2,	 Epoch: 19/40,	 Avg.loss: 0.0009,	 Test Accuracy: 689/1000(69%)
Task: 2,	 Epoch: 20/40,	 Avg.loss: 0.0009,	 Test Accuracy: 698/1000(70%)
Task: 2,	 Epoch: 21/40,	 Avg.loss: 0.0009,	 Test Accuracy: 706/1000(71%)
Task: 2,	 Epoch: 22/40,	 Avg.loss: 0.0009,	 Test Accuracy: 698/1000(70%)
Task: 2,	 Epoch: 23/40,	 Avg.loss: 0.0009,	 Test Accuracy: 703/1000(70%)
Task: 2,	 Epoch: 24/40,	 Avg.loss: 0.0009,	 Test Accuracy: 703/1000(70%)
Task: 2,	 Epoch: 25/40,	 Avg.loss: 0.0009,	 Test Accuracy: 696/1000(70%)
Task: 2,	 Epoch: 26/40,	 Avg.loss: 0.0009,	 Test Accuracy: 703/1000(70%)
Task: 2,	 Epoch: 27/40,	 Avg.loss: 0.0009,	 Test Accuracy: 698/1000(70%)
Task: 2,	 Epoch: 28/40,	 Avg.loss: 0.0009,	 Test Accuracy: 704/1000(70%)
Task: 2,	 Epoch: 29/40,	 Avg.loss: 0.0009,	 Test Accuracy: 692/1000(69%)
Task: 2,	 Epoch: 30/40,	 Avg.loss: 0.0009,	 Test Accuracy: 700/1000(70%)
Task: 2,	 Epoch: 31/40,	 Avg.loss: 0.0009,	 Test Accuracy: 699/1000(70%)
Task: 2,	 Epoch: 32/40,	 Avg.loss: 0.0009,	 Test Accuracy: 699/1000(70%)
Task: 2,	 Epoch: 33/40,	 Avg.loss: 0.0009,	 Test Accuracy: 702/1000(70%)
Task: 2,	 Epoch: 34/40,	 Avg.loss: 0.0009,	 Test Accuracy: 698/1000(70%)
Task: 2,	 Epoch: 35/40,	 Avg.loss: 0.0009,	 Test Accuracy: 701/1000(70%)
Task: 2,	 Epoch: 36/40,	 Avg.loss: 0.0009,	 Test Accuracy: 703/1000(70%)
Task: 2,	 Epoch: 37/40,	 Avg.loss: 0.0009,	 Test Accuracy: 701/1000(70%)
Task: 2,	 Epoch: 38/40,	 Avg.loss: 0.0009,	 Test Accuracy: 700/1000(70%)
Task: 2,	 Epoch: 39/40,	 Avg.loss: 0.0009,	 Test Accuracy: 702/1000(70%)
Trained Task:2, Loaded task:0, Accuracy:72.6%
Trained Task:2, Loaded task:1, Accuracy:65.5%
Trained Task:2, Loaded task:2, Accuracy:70.2%
Trained Task:2, Avg. Accuracy: 69.4 

List of avg. accuracy: [75.5, 70.1, 69.4]
Mask histogram
conv1_layer.0.weight: 
 tensor([ 7935, 13367,  8646,  2576,   244,     0,     0,     0,     0,     0,
            0], device='cuda:0', dtype=torch.int32)
conv2_layer.0.weight: 
 tensor([1923, 3365, 2215,  629,   60,    0,    0,    0,    0,    0,    0],
       device='cuda:0', dtype=torch.int32)
conv3_layer.0.weight: 
 tensor([3876, 6722, 4440, 1224,  122,    0,    0,    0,    0,    0,    0],
       device='cuda:0', dtype=torch.int32)
conv4_layer.0.weight: 
 tensor([ 999, 1678, 1070,  319,   30,    0,    0,    0,    0,    0,    0],
       device='cuda:0', dtype=torch.int32)
fc1_layer.0.weight: 
 tensor([135, 203, 129,  40,   5,   0,   0,   0,   0,   0,   0],
       device='cuda:0', dtype=torch.int32)
Head Finetuning    :Task: 3,	 Epoch: 0/40,	 Avg.loss: 0.0023,	 Test Accuracy: 113/1000(11%)
Head Finetuning    :Task: 3,	 Epoch: 1/40,	 Avg.loss: 0.0023,	 Test Accuracy: 116/1000(12%)
Head Finetuning    :Task: 3,	 Epoch: 2/40,	 Avg.loss: 0.0023,	 Test Accuracy: 120/1000(12%)
Head Finetuning    :Task: 3,	 Epoch: 3/40,	 Avg.loss: 0.0023,	 Test Accuracy: 128/1000(13%)
Head Finetuning    :Task: 3,	 Epoch: 4/40,	 Avg.loss: 0.0023,	 Test Accuracy: 133/1000(13%)
Head Finetuning    :Task: 3,	 Epoch: 5/40,	 Avg.loss: 0.0023,	 Test Accuracy: 139/1000(14%)
Head Finetuning    :Task: 3,	 Epoch: 6/40,	 Avg.loss: 0.0023,	 Test Accuracy: 141/1000(14%)
Head Finetuning    :Task: 3,	 Epoch: 7/40,	 Avg.loss: 0.0023,	 Test Accuracy: 148/1000(15%)
Head Finetuning    :Task: 3,	 Epoch: 8/40,	 Avg.loss: 0.0023,	 Test Accuracy: 156/1000(16%)
Head Finetuning    :Task: 3,	 Epoch: 9/40,	 Avg.loss: 0.0023,	 Test Accuracy: 160/1000(16%)
Head Finetuning    :Task: 3,	 Epoch: 10/40,	 Avg.loss: 0.0023,	 Test Accuracy: 163/1000(16%)
Head Finetuning    :Task: 3,	 Epoch: 11/40,	 Avg.loss: 0.0023,	 Test Accuracy: 163/1000(16%)
Head Finetuning    :Task: 3,	 Epoch: 12/40,	 Avg.loss: 0.0023,	 Test Accuracy: 164/1000(16%)
Head Finetuning    :Task: 3,	 Epoch: 13/40,	 Avg.loss: 0.0023,	 Test Accuracy: 169/1000(17%)
Head Finetuning    :Task: 3,	 Epoch: 14/40,	 Avg.loss: 0.0023,	 Test Accuracy: 174/1000(17%)
Task: 3,	 Epoch: 0/40,	 Avg.loss: 0.0015,	 Test Accuracy: 490/1000(49%)
Task: 3,	 Epoch: 1/40,	 Avg.loss: 0.0013,	 Test Accuracy: 537/1000(54%)
Task: 3,	 Epoch: 2/40,	 Avg.loss: 0.0012,	 Test Accuracy: 571/1000(57%)
Task: 3,	 Epoch: 3/40,	 Avg.loss: 0.0012,	 Test Accuracy: 586/1000(59%)
Task: 3,	 Epoch: 4/40,	 Avg.loss: 0.0012,	 Test Accuracy: 593/1000(59%)
Task: 3,	 Epoch: 5/40,	 Avg.loss: 0.0012,	 Test Accuracy: 589/1000(59%)
Task: 3,	 Epoch: 6/40,	 Avg.loss: 0.0012,	 Test Accuracy: 579/1000(58%)
Task: 3,	 Epoch: 7/40,	 Avg.loss: 0.0011,	 Test Accuracy: 611/1000(61%)
Task: 3,	 Epoch: 8/40,	 Avg.loss: 0.0012,	 Test Accuracy: 606/1000(61%)
Task: 3,	 Epoch: 9/40,	 Avg.loss: 0.0011,	 Test Accuracy: 618/1000(62%)
Task: 3,	 Epoch: 10/40,	 Avg.loss: 0.0011,	 Test Accuracy: 610/1000(61%)
Task: 3,	 Epoch: 11/40,	 Avg.loss: 0.0011,	 Test Accuracy: 614/1000(61%)
Task: 3,	 Epoch: 12/40,	 Avg.loss: 0.0011,	 Test Accuracy: 627/1000(63%)
Task: 3,	 Epoch: 13/40,	 Avg.loss: 0.0011,	 Test Accuracy: 632/1000(63%)
Task: 3,	 Epoch: 14/40,	 Avg.loss: 0.0011,	 Test Accuracy: 627/1000(63%)
Task: 3,	 Epoch: 15/40,	 Avg.loss: 0.0011,	 Test Accuracy: 647/1000(65%)
Task: 3,	 Epoch: 16/40,	 Avg.loss: 0.0011,	 Test Accuracy: 628/1000(63%)
Task: 3,	 Epoch: 17/40,	 Avg.loss: 0.0011,	 Test Accuracy: 622/1000(62%)
Task: 3,	 Epoch: 18/40,	 Avg.loss: 0.0011,	 Test Accuracy: 641/1000(64%)
Task: 3,	 Epoch: 19/40,	 Avg.loss: 0.0011,	 Test Accuracy: 650/1000(65%)
Task: 3,	 Epoch: 20/40,	 Avg.loss: 0.0010,	 Test Accuracy: 656/1000(66%)
Task: 3,	 Epoch: 21/40,	 Avg.loss: 0.0010,	 Test Accuracy: 656/1000(66%)
Task: 3,	 Epoch: 22/40,	 Avg.loss: 0.0010,	 Test Accuracy: 650/1000(65%)
Task: 3,	 Epoch: 23/40,	 Avg.loss: 0.0010,	 Test Accuracy: 657/1000(66%)
Task: 3,	 Epoch: 24/40,	 Avg.loss: 0.0010,	 Test Accuracy: 657/1000(66%)
Task: 3,	 Epoch: 25/40,	 Avg.loss: 0.0010,	 Test Accuracy: 657/1000(66%)
Task: 3,	 Epoch: 26/40,	 Avg.loss: 0.0010,	 Test Accuracy: 654/1000(65%)
Task: 3,	 Epoch: 27/40,	 Avg.loss: 0.0010,	 Test Accuracy: 657/1000(66%)
Task: 3,	 Epoch: 28/40,	 Avg.loss: 0.0010,	 Test Accuracy: 654/1000(65%)
Task: 3,	 Epoch: 29/40,	 Avg.loss: 0.0010,	 Test Accuracy: 650/1000(65%)
Task: 3,	 Epoch: 30/40,	 Avg.loss: 0.0010,	 Test Accuracy: 655/1000(66%)
Task: 3,	 Epoch: 31/40,	 Avg.loss: 0.0010,	 Test Accuracy: 660/1000(66%)
Task: 3,	 Epoch: 32/40,	 Avg.loss: 0.0010,	 Test Accuracy: 657/1000(66%)
Task: 3,	 Epoch: 33/40,	 Avg.loss: 0.0010,	 Test Accuracy: 657/1000(66%)
Task: 3,	 Epoch: 34/40,	 Avg.loss: 0.0010,	 Test Accuracy: 659/1000(66%)
Task: 3,	 Epoch: 35/40,	 Avg.loss: 0.0010,	 Test Accuracy: 651/1000(65%)
Task: 3,	 Epoch: 36/40,	 Avg.loss: 0.0010,	 Test Accuracy: 655/1000(66%)
Task: 3,	 Epoch: 37/40,	 Avg.loss: 0.0010,	 Test Accuracy: 657/1000(66%)
Task: 3,	 Epoch: 38/40,	 Avg.loss: 0.0010,	 Test Accuracy: 654/1000(65%)
Task: 3,	 Epoch: 39/40,	 Avg.loss: 0.0010,	 Test Accuracy: 659/1000(66%)
Trained Task:3, Loaded task:0, Accuracy:73.5%
Trained Task:3, Loaded task:1, Accuracy:65.1%
Trained Task:3, Loaded task:2, Accuracy:69.9%
Trained Task:3, Loaded task:3, Accuracy:65.9%
Trained Task:3, Avg. Accuracy: 68.6 

List of avg. accuracy: [75.5, 70.1, 69.4, 68.6]
Mask histogram
conv1_layer.0.weight: 
 tensor([ 5572, 11785, 10016,  4386,   929,    80,     0,     0,     0,     0,
            0], device='cuda:0', dtype=torch.int32)
conv2_layer.0.weight: 
 tensor([1345, 2872, 2629, 1104,  224,   18,    0,    0,    0,    0,    0],
       device='cuda:0', dtype=torch.int32)
conv3_layer.0.weight: 
 tensor([2692, 5849, 5171, 2221,  418,   33,    0,    0,    0,    0,    0],
       device='cuda:0', dtype=torch.int32)
conv4_layer.0.weight: 
 tensor([ 678, 1501, 1238,  576,   97,    6,    0,    0,    0,    0,    0],
       device='cuda:0', dtype=torch.int32)
fc1_layer.0.weight: 
 tensor([ 88, 197, 139,  66,  22,   0,   0,   0,   0,   0,   0],
       device='cuda:0', dtype=torch.int32)
Head Finetuning    :Task: 4,	 Epoch: 0/40,	 Avg.loss: 0.0023,	 Test Accuracy: 68/1000(7%)
Head Finetuning    :Task: 4,	 Epoch: 1/40,	 Avg.loss: 0.0023,	 Test Accuracy: 72/1000(7%)
Head Finetuning    :Task: 4,	 Epoch: 2/40,	 Avg.loss: 0.0023,	 Test Accuracy: 78/1000(8%)
Head Finetuning    :Task: 4,	 Epoch: 3/40,	 Avg.loss: 0.0023,	 Test Accuracy: 83/1000(8%)
Head Finetuning    :Task: 4,	 Epoch: 4/40,	 Avg.loss: 0.0023,	 Test Accuracy: 85/1000(8%)
Head Finetuning    :Task: 4,	 Epoch: 5/40,	 Avg.loss: 0.0023,	 Test Accuracy: 91/1000(9%)
Head Finetuning    :Task: 4,	 Epoch: 6/40,	 Avg.loss: 0.0023,	 Test Accuracy: 96/1000(10%)
Head Finetuning    :Task: 4,	 Epoch: 7/40,	 Avg.loss: 0.0023,	 Test Accuracy: 100/1000(10%)
Head Finetuning    :Task: 4,	 Epoch: 8/40,	 Avg.loss: 0.0023,	 Test Accuracy: 109/1000(11%)
Head Finetuning    :Task: 4,	 Epoch: 9/40,	 Avg.loss: 0.0023,	 Test Accuracy: 114/1000(11%)
Head Finetuning    :Task: 4,	 Epoch: 10/40,	 Avg.loss: 0.0023,	 Test Accuracy: 117/1000(12%)
Head Finetuning    :Task: 4,	 Epoch: 11/40,	 Avg.loss: 0.0023,	 Test Accuracy: 122/1000(12%)
Head Finetuning    :Task: 4,	 Epoch: 12/40,	 Avg.loss: 0.0023,	 Test Accuracy: 127/1000(13%)
Head Finetuning    :Task: 4,	 Epoch: 13/40,	 Avg.loss: 0.0023,	 Test Accuracy: 135/1000(14%)
Head Finetuning    :Task: 4,	 Epoch: 14/40,	 Avg.loss: 0.0023,	 Test Accuracy: 143/1000(14%)
Task: 4,	 Epoch: 0/40,	 Avg.loss: 0.0013,	 Test Accuracy: 556/1000(56%)
Task: 4,	 Epoch: 1/40,	 Avg.loss: 0.0012,	 Test Accuracy: 616/1000(62%)
Task: 4,	 Epoch: 2/40,	 Avg.loss: 0.0011,	 Test Accuracy: 645/1000(64%)
Task: 4,	 Epoch: 3/40,	 Avg.loss: 0.0011,	 Test Accuracy: 666/1000(67%)
Task: 4,	 Epoch: 4/40,	 Avg.loss: 0.0010,	 Test Accuracy: 658/1000(66%)
Task: 4,	 Epoch: 5/40,	 Avg.loss: 0.0010,	 Test Accuracy: 659/1000(66%)
Task: 4,	 Epoch: 6/40,	 Avg.loss: 0.0010,	 Test Accuracy: 671/1000(67%)
Task: 4,	 Epoch: 7/40,	 Avg.loss: 0.0010,	 Test Accuracy: 676/1000(68%)
Task: 4,	 Epoch: 8/40,	 Avg.loss: 0.0010,	 Test Accuracy: 689/1000(69%)
Task: 4,	 Epoch: 9/40,	 Avg.loss: 0.0010,	 Test Accuracy: 682/1000(68%)
Task: 4,	 Epoch: 10/40,	 Avg.loss: 0.0010,	 Test Accuracy: 671/1000(67%)
Task: 4,	 Epoch: 11/40,	 Avg.loss: 0.0010,	 Test Accuracy: 679/1000(68%)
Task: 4,	 Epoch: 12/40,	 Avg.loss: 0.0010,	 Test Accuracy: 678/1000(68%)
Task: 4,	 Epoch: 13/40,	 Avg.loss: 0.0010,	 Test Accuracy: 689/1000(69%)
Task: 4,	 Epoch: 14/40,	 Avg.loss: 0.0010,	 Test Accuracy: 685/1000(68%)
Task: 4,	 Epoch: 15/40,	 Avg.loss: 0.0009,	 Test Accuracy: 701/1000(70%)
Task: 4,	 Epoch: 16/40,	 Avg.loss: 0.0010,	 Test Accuracy: 691/1000(69%)
Task: 4,	 Epoch: 17/40,	 Avg.loss: 0.0009,	 Test Accuracy: 696/1000(70%)
Task: 4,	 Epoch: 18/40,	 Avg.loss: 0.0010,	 Test Accuracy: 669/1000(67%)
Task: 4,	 Epoch: 19/40,	 Avg.loss: 0.0010,	 Test Accuracy: 689/1000(69%)
Task: 4,	 Epoch: 20/40,	 Avg.loss: 0.0009,	 Test Accuracy: 712/1000(71%)
Task: 4,	 Epoch: 21/40,	 Avg.loss: 0.0009,	 Test Accuracy: 705/1000(70%)
Task: 4,	 Epoch: 22/40,	 Avg.loss: 0.0009,	 Test Accuracy: 715/1000(72%)
Task: 4,	 Epoch: 23/40,	 Avg.loss: 0.0009,	 Test Accuracy: 708/1000(71%)
Task: 4,	 Epoch: 24/40,	 Avg.loss: 0.0009,	 Test Accuracy: 709/1000(71%)
Task: 4,	 Epoch: 25/40,	 Avg.loss: 0.0009,	 Test Accuracy: 709/1000(71%)
Task: 4,	 Epoch: 26/40,	 Avg.loss: 0.0009,	 Test Accuracy: 710/1000(71%)
Task: 4,	 Epoch: 27/40,	 Avg.loss: 0.0009,	 Test Accuracy: 710/1000(71%)
Task: 4,	 Epoch: 28/40,	 Avg.loss: 0.0009,	 Test Accuracy: 708/1000(71%)
Task: 4,	 Epoch: 29/40,	 Avg.loss: 0.0009,	 Test Accuracy: 707/1000(71%)
Task: 4,	 Epoch: 30/40,	 Avg.loss: 0.0009,	 Test Accuracy: 706/1000(71%)
Task: 4,	 Epoch: 31/40,	 Avg.loss: 0.0009,	 Test Accuracy: 714/1000(71%)
Task: 4,	 Epoch: 32/40,	 Avg.loss: 0.0009,	 Test Accuracy: 707/1000(71%)
Task: 4,	 Epoch: 33/40,	 Avg.loss: 0.0009,	 Test Accuracy: 711/1000(71%)
Task: 4,	 Epoch: 34/40,	 Avg.loss: 0.0009,	 Test Accuracy: 706/1000(71%)
Task: 4,	 Epoch: 35/40,	 Avg.loss: 0.0009,	 Test Accuracy: 706/1000(71%)
Task: 4,	 Epoch: 36/40,	 Avg.loss: 0.0009,	 Test Accuracy: 707/1000(71%)
Task: 4,	 Epoch: 37/40,	 Avg.loss: 0.0009,	 Test Accuracy: 711/1000(71%)
Task: 4,	 Epoch: 38/40,	 Avg.loss: 0.0009,	 Test Accuracy: 709/1000(71%)
Task: 4,	 Epoch: 39/40,	 Avg.loss: 0.0009,	 Test Accuracy: 708/1000(71%)
Trained Task:4, Loaded task:0, Accuracy:72.4%
Trained Task:4, Loaded task:1, Accuracy:64.5%
Trained Task:4, Loaded task:2, Accuracy:69.9%
Trained Task:4, Loaded task:3, Accuracy:66.9%
Trained Task:4, Loaded task:4, Accuracy:70.8%
Trained Task:4, Avg. Accuracy: 68.9 

List of avg. accuracy: [75.5, 70.1, 69.4, 68.6, 68.9]
Mask histogram
conv1_layer.0.weight: 
 tensor([ 3883,  9995, 10427,  6141,  1961,   337,    24,     0,     0,     0,
            0], device='cuda:0', dtype=torch.int32)
conv2_layer.0.weight: 
 tensor([ 947, 2388, 2760, 1521,  479,   93,    4,    0,    0,    0,    0],
       device='cuda:0', dtype=torch.int32)
conv3_layer.0.weight: 
 tensor([1888, 4889, 5363, 3133,  942,  158,   11,    0,    0,    0,    0],
       device='cuda:0', dtype=torch.int32)
conv4_layer.0.weight: 
 tensor([ 486, 1242, 1328,  767,  239,   32,    2,    0,    0,    0,    0],
       device='cuda:0', dtype=torch.int32)
fc1_layer.0.weight: 
 tensor([ 60, 167, 165,  83,  34,   3,   0,   0,   0,   0,   0],
       device='cuda:0', dtype=torch.int32)
Head Finetuning    :Task: 5,	 Epoch: 0/40,	 Avg.loss: 0.0023,	 Test Accuracy: 80/1000(8%)
Head Finetuning    :Task: 5,	 Epoch: 1/40,	 Avg.loss: 0.0023,	 Test Accuracy: 87/1000(9%)
Head Finetuning    :Task: 5,	 Epoch: 2/40,	 Avg.loss: 0.0023,	 Test Accuracy: 99/1000(10%)
Head Finetuning    :Task: 5,	 Epoch: 3/40,	 Avg.loss: 0.0023,	 Test Accuracy: 106/1000(11%)
Head Finetuning    :Task: 5,	 Epoch: 4/40,	 Avg.loss: 0.0023,	 Test Accuracy: 113/1000(11%)
Head Finetuning    :Task: 5,	 Epoch: 5/40,	 Avg.loss: 0.0023,	 Test Accuracy: 121/1000(12%)
Head Finetuning    :Task: 5,	 Epoch: 6/40,	 Avg.loss: 0.0023,	 Test Accuracy: 130/1000(13%)
Head Finetuning    :Task: 5,	 Epoch: 7/40,	 Avg.loss: 0.0023,	 Test Accuracy: 131/1000(13%)
Head Finetuning    :Task: 5,	 Epoch: 8/40,	 Avg.loss: 0.0023,	 Test Accuracy: 135/1000(14%)
Head Finetuning    :Task: 5,	 Epoch: 9/40,	 Avg.loss: 0.0023,	 Test Accuracy: 142/1000(14%)
Head Finetuning    :Task: 5,	 Epoch: 10/40,	 Avg.loss: 0.0023,	 Test Accuracy: 155/1000(16%)
Head Finetuning    :Task: 5,	 Epoch: 11/40,	 Avg.loss: 0.0023,	 Test Accuracy: 163/1000(16%)
Head Finetuning    :Task: 5,	 Epoch: 12/40,	 Avg.loss: 0.0023,	 Test Accuracy: 174/1000(17%)
Head Finetuning    :Task: 5,	 Epoch: 13/40,	 Avg.loss: 0.0022,	 Test Accuracy: 176/1000(18%)
Head Finetuning    :Task: 5,	 Epoch: 14/40,	 Avg.loss: 0.0022,	 Test Accuracy: 182/1000(18%)
Task: 5,	 Epoch: 0/40,	 Avg.loss: 0.0012,	 Test Accuracy: 553/1000(55%)
Task: 5,	 Epoch: 1/40,	 Avg.loss: 0.0011,	 Test Accuracy: 570/1000(57%)
Task: 5,	 Epoch: 2/40,	 Avg.loss: 0.0011,	 Test Accuracy: 616/1000(62%)
Task: 5,	 Epoch: 3/40,	 Avg.loss: 0.0010,	 Test Accuracy: 606/1000(61%)
Task: 5,	 Epoch: 4/40,	 Avg.loss: 0.0010,	 Test Accuracy: 630/1000(63%)
Task: 5,	 Epoch: 5/40,	 Avg.loss: 0.0010,	 Test Accuracy: 621/1000(62%)
Task: 5,	 Epoch: 6/40,	 Avg.loss: 0.0010,	 Test Accuracy: 656/1000(66%)
Task: 5,	 Epoch: 7/40,	 Avg.loss: 0.0010,	 Test Accuracy: 650/1000(65%)
Task: 5,	 Epoch: 8/40,	 Avg.loss: 0.0010,	 Test Accuracy: 632/1000(63%)
Task: 5,	 Epoch: 9/40,	 Avg.loss: 0.0010,	 Test Accuracy: 642/1000(64%)
Task: 5,	 Epoch: 10/40,	 Avg.loss: 0.0010,	 Test Accuracy: 639/1000(64%)
Task: 5,	 Epoch: 11/40,	 Avg.loss: 0.0009,	 Test Accuracy: 661/1000(66%)
Task: 5,	 Epoch: 12/40,	 Avg.loss: 0.0009,	 Test Accuracy: 664/1000(66%)
Task: 5,	 Epoch: 13/40,	 Avg.loss: 0.0009,	 Test Accuracy: 647/1000(65%)
Task: 5,	 Epoch: 14/40,	 Avg.loss: 0.0009,	 Test Accuracy: 653/1000(65%)
Task: 5,	 Epoch: 15/40,	 Avg.loss: 0.0009,	 Test Accuracy: 660/1000(66%)
Task: 5,	 Epoch: 16/40,	 Avg.loss: 0.0009,	 Test Accuracy: 672/1000(67%)
Task: 5,	 Epoch: 17/40,	 Avg.loss: 0.0010,	 Test Accuracy: 640/1000(64%)
Task: 5,	 Epoch: 18/40,	 Avg.loss: 0.0009,	 Test Accuracy: 658/1000(66%)
Task: 5,	 Epoch: 19/40,	 Avg.loss: 0.0009,	 Test Accuracy: 660/1000(66%)
Task: 5,	 Epoch: 20/40,	 Avg.loss: 0.0009,	 Test Accuracy: 674/1000(67%)
Task: 5,	 Epoch: 21/40,	 Avg.loss: 0.0009,	 Test Accuracy: 678/1000(68%)
Task: 5,	 Epoch: 22/40,	 Avg.loss: 0.0009,	 Test Accuracy: 676/1000(68%)
Task: 5,	 Epoch: 23/40,	 Avg.loss: 0.0009,	 Test Accuracy: 681/1000(68%)
Task: 5,	 Epoch: 24/40,	 Avg.loss: 0.0009,	 Test Accuracy: 678/1000(68%)
Task: 5,	 Epoch: 25/40,	 Avg.loss: 0.0009,	 Test Accuracy: 677/1000(68%)
Task: 5,	 Epoch: 26/40,	 Avg.loss: 0.0009,	 Test Accuracy: 679/1000(68%)
Task: 5,	 Epoch: 27/40,	 Avg.loss: 0.0009,	 Test Accuracy: 672/1000(67%)
Task: 5,	 Epoch: 28/40,	 Avg.loss: 0.0009,	 Test Accuracy: 675/1000(68%)
Task: 5,	 Epoch: 29/40,	 Avg.loss: 0.0009,	 Test Accuracy: 676/1000(68%)
Task: 5,	 Epoch: 30/40,	 Avg.loss: 0.0009,	 Test Accuracy: 676/1000(68%)
Task: 5,	 Epoch: 31/40,	 Avg.loss: 0.0009,	 Test Accuracy: 671/1000(67%)
Task: 5,	 Epoch: 32/40,	 Avg.loss: 0.0009,	 Test Accuracy: 678/1000(68%)
Task: 5,	 Epoch: 33/40,	 Avg.loss: 0.0009,	 Test Accuracy: 673/1000(67%)
Task: 5,	 Epoch: 34/40,	 Avg.loss: 0.0009,	 Test Accuracy: 682/1000(68%)
Task: 5,	 Epoch: 35/40,	 Avg.loss: 0.0009,	 Test Accuracy: 667/1000(67%)
Task: 5,	 Epoch: 36/40,	 Avg.loss: 0.0009,	 Test Accuracy: 676/1000(68%)
Task: 5,	 Epoch: 37/40,	 Avg.loss: 0.0009,	 Test Accuracy: 677/1000(68%)
Task: 5,	 Epoch: 38/40,	 Avg.loss: 0.0009,	 Test Accuracy: 678/1000(68%)
Task: 5,	 Epoch: 39/40,	 Avg.loss: 0.0009,	 Test Accuracy: 681/1000(68%)
Trained Task:5, Loaded task:0, Accuracy:72.6%
Trained Task:5, Loaded task:1, Accuracy:64.6%
Trained Task:5, Loaded task:2, Accuracy:68.5%
Trained Task:5, Loaded task:3, Accuracy:65.5%
Trained Task:5, Loaded task:4, Accuracy:70.9%
Trained Task:5, Loaded task:5, Accuracy:68.1%
Trained Task:5, Avg. Accuracy: 68.4 

List of avg. accuracy: [75.5, 70.1, 69.4, 68.6, 68.9, 68.4]
Mask histogram
conv1_layer.0.weight: 
 tensor([ 2710,  8150, 10274,  7444,  3253,   804,   127,     6,     0,     0,
            0], device='cuda:0', dtype=torch.int32)
conv2_layer.0.weight: 
 tensor([ 691, 1916, 2607, 1955,  782,  211,   29,    1,    0,    0,    0],
       device='cuda:0', dtype=torch.int32)
conv3_layer.0.weight: 
 tensor([1298, 4038, 5188, 3820, 1602,  375,   59,    4,    0,    0,    0],
       device='cuda:0', dtype=torch.int32)
conv4_layer.0.weight: 
 tensor([ 339, 1023, 1289,  953,  382,   98,   12,    0,    0,    0,    0],
       device='cuda:0', dtype=torch.int32)
fc1_layer.0.weight: 
 tensor([ 39, 131, 171, 111,  50,   9,   1,   0,   0,   0,   0],
       device='cuda:0', dtype=torch.int32)
Head Finetuning    :Task: 6,	 Epoch: 0/40,	 Avg.loss: 0.0023,	 Test Accuracy: 137/1000(14%)
Head Finetuning    :Task: 6,	 Epoch: 1/40,	 Avg.loss: 0.0023,	 Test Accuracy: 147/1000(15%)
Head Finetuning    :Task: 6,	 Epoch: 2/40,	 Avg.loss: 0.0023,	 Test Accuracy: 153/1000(15%)
Head Finetuning    :Task: 6,	 Epoch: 3/40,	 Avg.loss: 0.0023,	 Test Accuracy: 155/1000(16%)
Head Finetuning    :Task: 6,	 Epoch: 4/40,	 Avg.loss: 0.0023,	 Test Accuracy: 159/1000(16%)
Head Finetuning    :Task: 6,	 Epoch: 5/40,	 Avg.loss: 0.0022,	 Test Accuracy: 164/1000(16%)
Head Finetuning    :Task: 6,	 Epoch: 6/40,	 Avg.loss: 0.0022,	 Test Accuracy: 168/1000(17%)
Head Finetuning    :Task: 6,	 Epoch: 7/40,	 Avg.loss: 0.0022,	 Test Accuracy: 174/1000(17%)
Head Finetuning    :Task: 6,	 Epoch: 8/40,	 Avg.loss: 0.0022,	 Test Accuracy: 179/1000(18%)
Head Finetuning    :Task: 6,	 Epoch: 9/40,	 Avg.loss: 0.0022,	 Test Accuracy: 190/1000(19%)
Head Finetuning    :Task: 6,	 Epoch: 10/40,	 Avg.loss: 0.0022,	 Test Accuracy: 192/1000(19%)
Head Finetuning    :Task: 6,	 Epoch: 11/40,	 Avg.loss: 0.0022,	 Test Accuracy: 199/1000(20%)
Head Finetuning    :Task: 6,	 Epoch: 12/40,	 Avg.loss: 0.0022,	 Test Accuracy: 207/1000(21%)
Head Finetuning    :Task: 6,	 Epoch: 13/40,	 Avg.loss: 0.0022,	 Test Accuracy: 210/1000(21%)
Head Finetuning    :Task: 6,	 Epoch: 14/40,	 Avg.loss: 0.0022,	 Test Accuracy: 221/1000(22%)
Task: 6,	 Epoch: 0/40,	 Avg.loss: 0.0012,	 Test Accuracy: 530/1000(53%)
Task: 6,	 Epoch: 1/40,	 Avg.loss: 0.0011,	 Test Accuracy: 610/1000(61%)
Task: 6,	 Epoch: 2/40,	 Avg.loss: 0.0011,	 Test Accuracy: 630/1000(63%)
Task: 6,	 Epoch: 3/40,	 Avg.loss: 0.0010,	 Test Accuracy: 638/1000(64%)
Task: 6,	 Epoch: 4/40,	 Avg.loss: 0.0010,	 Test Accuracy: 625/1000(63%)
Task: 6,	 Epoch: 5/40,	 Avg.loss: 0.0010,	 Test Accuracy: 660/1000(66%)
Task: 6,	 Epoch: 6/40,	 Avg.loss: 0.0009,	 Test Accuracy: 671/1000(67%)
Task: 6,	 Epoch: 7/40,	 Avg.loss: 0.0009,	 Test Accuracy: 652/1000(65%)
Task: 6,	 Epoch: 8/40,	 Avg.loss: 0.0010,	 Test Accuracy: 656/1000(66%)
Task: 6,	 Epoch: 9/40,	 Avg.loss: 0.0009,	 Test Accuracy: 664/1000(66%)
Task: 6,	 Epoch: 10/40,	 Avg.loss: 0.0009,	 Test Accuracy: 674/1000(67%)
Task: 6,	 Epoch: 11/40,	 Avg.loss: 0.0009,	 Test Accuracy: 679/1000(68%)
Task: 6,	 Epoch: 12/40,	 Avg.loss: 0.0009,	 Test Accuracy: 672/1000(67%)
Task: 6,	 Epoch: 13/40,	 Avg.loss: 0.0009,	 Test Accuracy: 662/1000(66%)
Task: 6,	 Epoch: 14/40,	 Avg.loss: 0.0009,	 Test Accuracy: 674/1000(67%)
Task: 6,	 Epoch: 15/40,	 Avg.loss: 0.0009,	 Test Accuracy: 678/1000(68%)
Task: 6,	 Epoch: 16/40,	 Avg.loss: 0.0009,	 Test Accuracy: 674/1000(67%)
Task: 6,	 Epoch: 17/40,	 Avg.loss: 0.0009,	 Test Accuracy: 665/1000(66%)
Task: 6,	 Epoch: 18/40,	 Avg.loss: 0.0009,	 Test Accuracy: 688/1000(69%)
Task: 6,	 Epoch: 19/40,	 Avg.loss: 0.0009,	 Test Accuracy: 700/1000(70%)
Task: 6,	 Epoch: 20/40,	 Avg.loss: 0.0008,	 Test Accuracy: 698/1000(70%)
Task: 6,	 Epoch: 21/40,	 Avg.loss: 0.0008,	 Test Accuracy: 696/1000(70%)
Task: 6,	 Epoch: 22/40,	 Avg.loss: 0.0008,	 Test Accuracy: 698/1000(70%)
Task: 6,	 Epoch: 23/40,	 Avg.loss: 0.0008,	 Test Accuracy: 700/1000(70%)
Task: 6,	 Epoch: 24/40,	 Avg.loss: 0.0008,	 Test Accuracy: 704/1000(70%)
Task: 6,	 Epoch: 25/40,	 Avg.loss: 0.0008,	 Test Accuracy: 698/1000(70%)
Task: 6,	 Epoch: 26/40,	 Avg.loss: 0.0008,	 Test Accuracy: 703/1000(70%)
Task: 6,	 Epoch: 27/40,	 Avg.loss: 0.0008,	 Test Accuracy: 698/1000(70%)
Task: 6,	 Epoch: 28/40,	 Avg.loss: 0.0008,	 Test Accuracy: 706/1000(71%)
Task: 6,	 Epoch: 29/40,	 Avg.loss: 0.0008,	 Test Accuracy: 703/1000(70%)
Task: 6,	 Epoch: 30/40,	 Avg.loss: 0.0008,	 Test Accuracy: 703/1000(70%)
Task: 6,	 Epoch: 31/40,	 Avg.loss: 0.0008,	 Test Accuracy: 698/1000(70%)
Task: 6,	 Epoch: 32/40,	 Avg.loss: 0.0008,	 Test Accuracy: 700/1000(70%)
Task: 6,	 Epoch: 33/40,	 Avg.loss: 0.0008,	 Test Accuracy: 701/1000(70%)
Task: 6,	 Epoch: 34/40,	 Avg.loss: 0.0008,	 Test Accuracy: 704/1000(70%)
Task: 6,	 Epoch: 35/40,	 Avg.loss: 0.0008,	 Test Accuracy: 701/1000(70%)
Task: 6,	 Epoch: 36/40,	 Avg.loss: 0.0008,	 Test Accuracy: 699/1000(70%)
Task: 6,	 Epoch: 37/40,	 Avg.loss: 0.0008,	 Test Accuracy: 700/1000(70%)
Task: 6,	 Epoch: 38/40,	 Avg.loss: 0.0008,	 Test Accuracy: 702/1000(70%)
Task: 6,	 Epoch: 39/40,	 Avg.loss: 0.0008,	 Test Accuracy: 697/1000(70%)
Trained Task:6, Loaded task:0, Accuracy:71.9%
Trained Task:6, Loaded task:1, Accuracy:64.5%
Trained Task:6, Loaded task:2, Accuracy:68.4%
Trained Task:6, Loaded task:3, Accuracy:65.3%
Trained Task:6, Loaded task:4, Accuracy:70.5%
Trained Task:6, Loaded task:5, Accuracy:67.6%
Trained Task:6, Loaded task:6, Accuracy:69.7%
Trained Task:6, Avg. Accuracy: 68.3 

List of avg. accuracy: [75.5, 70.1, 69.4, 68.6, 68.9, 68.4, 68.3]
Mask histogram
conv1_layer.0.weight: 
 tensor([1892, 6581, 9544, 8316, 4543, 1522,  314,   55,    1,    0,    0],
       device='cuda:0', dtype=torch.int32)
conv2_layer.0.weight: 
 tensor([ 496, 1547, 2363, 2209, 1112,  375,   79,   10,    1,    0,    0],
       device='cuda:0', dtype=torch.int32)
conv3_layer.0.weight: 
 tensor([ 938, 3163, 4895, 4206, 2278,  737,  140,   26,    1,    0,    0],
       device='cuda:0', dtype=torch.int32)
conv4_layer.0.weight: 
 tensor([ 219,  828, 1169, 1090,  539,  209,   40,    2,    0,    0,    0],
       device='cuda:0', dtype=torch.int32)
fc1_layer.0.weight: 
 tensor([ 27, 106, 144, 137,  69,  27,   2,   0,   0,   0,   0],
       device='cuda:0', dtype=torch.int32)
Head Finetuning    :Task: 7,	 Epoch: 0/40,	 Avg.loss: 0.0023,	 Test Accuracy: 97/1000(10%)
Head Finetuning    :Task: 7,	 Epoch: 1/40,	 Avg.loss: 0.0023,	 Test Accuracy: 115/1000(12%)
Head Finetuning    :Task: 7,	 Epoch: 2/40,	 Avg.loss: 0.0023,	 Test Accuracy: 127/1000(13%)
Head Finetuning    :Task: 7,	 Epoch: 3/40,	 Avg.loss: 0.0023,	 Test Accuracy: 140/1000(14%)
Head Finetuning    :Task: 7,	 Epoch: 4/40,	 Avg.loss: 0.0023,	 Test Accuracy: 148/1000(15%)
Head Finetuning    :Task: 7,	 Epoch: 5/40,	 Avg.loss: 0.0022,	 Test Accuracy: 151/1000(15%)
Head Finetuning    :Task: 7,	 Epoch: 6/40,	 Avg.loss: 0.0022,	 Test Accuracy: 161/1000(16%)
Head Finetuning    :Task: 7,	 Epoch: 7/40,	 Avg.loss: 0.0022,	 Test Accuracy: 177/1000(18%)
Head Finetuning    :Task: 7,	 Epoch: 8/40,	 Avg.loss: 0.0022,	 Test Accuracy: 186/1000(19%)
Head Finetuning    :Task: 7,	 Epoch: 9/40,	 Avg.loss: 0.0022,	 Test Accuracy: 195/1000(20%)
Head Finetuning    :Task: 7,	 Epoch: 10/40,	 Avg.loss: 0.0022,	 Test Accuracy: 209/1000(21%)
Head Finetuning    :Task: 7,	 Epoch: 11/40,	 Avg.loss: 0.0022,	 Test Accuracy: 216/1000(22%)
Head Finetuning    :Task: 7,	 Epoch: 12/40,	 Avg.loss: 0.0022,	 Test Accuracy: 228/1000(23%)
Head Finetuning    :Task: 7,	 Epoch: 13/40,	 Avg.loss: 0.0022,	 Test Accuracy: 234/1000(23%)
Head Finetuning    :Task: 7,	 Epoch: 14/40,	 Avg.loss: 0.0022,	 Test Accuracy: 247/1000(25%)
Task: 7,	 Epoch: 0/40,	 Avg.loss: 0.0013,	 Test Accuracy: 554/1000(55%)
Task: 7,	 Epoch: 1/40,	 Avg.loss: 0.0012,	 Test Accuracy: 578/1000(58%)
Task: 7,	 Epoch: 2/40,	 Avg.loss: 0.0011,	 Test Accuracy: 613/1000(61%)
Task: 7,	 Epoch: 3/40,	 Avg.loss: 0.0011,	 Test Accuracy: 611/1000(61%)
Task: 7,	 Epoch: 4/40,	 Avg.loss: 0.0011,	 Test Accuracy: 603/1000(60%)
Task: 7,	 Epoch: 5/40,	 Avg.loss: 0.0011,	 Test Accuracy: 617/1000(62%)
Task: 7,	 Epoch: 6/40,	 Avg.loss: 0.0010,	 Test Accuracy: 625/1000(63%)
Task: 7,	 Epoch: 7/40,	 Avg.loss: 0.0011,	 Test Accuracy: 608/1000(61%)
Task: 7,	 Epoch: 8/40,	 Avg.loss: 0.0011,	 Test Accuracy: 621/1000(62%)
Task: 7,	 Epoch: 9/40,	 Avg.loss: 0.0011,	 Test Accuracy: 609/1000(61%)
Task: 7,	 Epoch: 10/40,	 Avg.loss: 0.0011,	 Test Accuracy: 611/1000(61%)
Task: 7,	 Epoch: 11/40,	 Avg.loss: 0.0010,	 Test Accuracy: 628/1000(63%)
Task: 7,	 Epoch: 12/40,	 Avg.loss: 0.0011,	 Test Accuracy: 614/1000(61%)
Task: 7,	 Epoch: 13/40,	 Avg.loss: 0.0010,	 Test Accuracy: 626/1000(63%)
Task: 7,	 Epoch: 14/40,	 Avg.loss: 0.0010,	 Test Accuracy: 632/1000(63%)
Task: 7,	 Epoch: 15/40,	 Avg.loss: 0.0010,	 Test Accuracy: 638/1000(64%)
Task: 7,	 Epoch: 16/40,	 Avg.loss: 0.0010,	 Test Accuracy: 615/1000(62%)
Task: 7,	 Epoch: 17/40,	 Avg.loss: 0.0010,	 Test Accuracy: 633/1000(63%)
Task: 7,	 Epoch: 18/40,	 Avg.loss: 0.0010,	 Test Accuracy: 641/1000(64%)
Task: 7,	 Epoch: 19/40,	 Avg.loss: 0.0010,	 Test Accuracy: 654/1000(65%)
Task: 7,	 Epoch: 20/40,	 Avg.loss: 0.0010,	 Test Accuracy: 648/1000(65%)
Task: 7,	 Epoch: 21/40,	 Avg.loss: 0.0010,	 Test Accuracy: 645/1000(64%)
Task: 7,	 Epoch: 22/40,	 Avg.loss: 0.0010,	 Test Accuracy: 648/1000(65%)
Task: 7,	 Epoch: 23/40,	 Avg.loss: 0.0010,	 Test Accuracy: 650/1000(65%)
Task: 7,	 Epoch: 24/40,	 Avg.loss: 0.0010,	 Test Accuracy: 643/1000(64%)
Task: 7,	 Epoch: 25/40,	 Avg.loss: 0.0010,	 Test Accuracy: 641/1000(64%)
Task: 7,	 Epoch: 26/40,	 Avg.loss: 0.0010,	 Test Accuracy: 651/1000(65%)
Task: 7,	 Epoch: 27/40,	 Avg.loss: 0.0010,	 Test Accuracy: 655/1000(66%)
Task: 7,	 Epoch: 28/40,	 Avg.loss: 0.0010,	 Test Accuracy: 641/1000(64%)
Task: 7,	 Epoch: 29/40,	 Avg.loss: 0.0010,	 Test Accuracy: 643/1000(64%)
Task: 7,	 Epoch: 30/40,	 Avg.loss: 0.0010,	 Test Accuracy: 641/1000(64%)
Task: 7,	 Epoch: 31/40,	 Avg.loss: 0.0010,	 Test Accuracy: 644/1000(64%)
Task: 7,	 Epoch: 32/40,	 Avg.loss: 0.0010,	 Test Accuracy: 645/1000(64%)
Task: 7,	 Epoch: 33/40,	 Avg.loss: 0.0010,	 Test Accuracy: 653/1000(65%)
Task: 7,	 Epoch: 34/40,	 Avg.loss: 0.0010,	 Test Accuracy: 643/1000(64%)
Task: 7,	 Epoch: 35/40,	 Avg.loss: 0.0010,	 Test Accuracy: 645/1000(64%)
Task: 7,	 Epoch: 36/40,	 Avg.loss: 0.0010,	 Test Accuracy: 650/1000(65%)
Task: 7,	 Epoch: 37/40,	 Avg.loss: 0.0010,	 Test Accuracy: 651/1000(65%)
Task: 7,	 Epoch: 38/40,	 Avg.loss: 0.0010,	 Test Accuracy: 646/1000(65%)
Task: 7,	 Epoch: 39/40,	 Avg.loss: 0.0010,	 Test Accuracy: 647/1000(65%)
Trained Task:7, Loaded task:0, Accuracy:71.3%
Trained Task:7, Loaded task:1, Accuracy:64.0%
Trained Task:7, Loaded task:2, Accuracy:68.3%
Trained Task:7, Loaded task:3, Accuracy:65.1%
Trained Task:7, Loaded task:4, Accuracy:70.4%
Trained Task:7, Loaded task:5, Accuracy:67.5%
Trained Task:7, Loaded task:6, Accuracy:69.9%
Trained Task:7, Loaded task:7, Accuracy:64.7%
Trained Task:7, Avg. Accuracy: 67.7 

List of avg. accuracy: [75.5, 70.1, 69.4, 68.6, 68.9, 68.4, 68.3, 67.7]
Mask histogram
conv1_layer.0.weight: 
 tensor([1330, 5148, 8692, 8735, 5597, 2447,  675,  122,   22,    0,    0],
       device='cuda:0', dtype=torch.int32)
conv2_layer.0.weight: 
 tensor([ 339, 1235, 2136, 2230, 1473,  576,  178,   23,    1,    1,    0],
       device='cuda:0', dtype=torch.int32)
conv3_layer.0.weight: 
 tensor([ 658, 2486, 4376, 4380, 2851, 1245,  323,   60,    5,    0,    0],
       device='cuda:0', dtype=torch.int32)
conv4_layer.0.weight: 
 tensor([ 160,  644, 1068, 1126,  695,  300,   80,   22,    1,    0,    0],
       device='cuda:0', dtype=torch.int32)
fc1_layer.0.weight: 
 tensor([ 18,  77, 134, 148,  85,  37,  12,   1,   0,   0,   0],
       device='cuda:0', dtype=torch.int32)
Head Finetuning    :Task: 8,	 Epoch: 0/40,	 Avg.loss: 0.0023,	 Test Accuracy: 125/1000(13%)
Head Finetuning    :Task: 8,	 Epoch: 1/40,	 Avg.loss: 0.0023,	 Test Accuracy: 132/1000(13%)
Head Finetuning    :Task: 8,	 Epoch: 2/40,	 Avg.loss: 0.0023,	 Test Accuracy: 137/1000(14%)
Head Finetuning    :Task: 8,	 Epoch: 3/40,	 Avg.loss: 0.0023,	 Test Accuracy: 144/1000(14%)
Head Finetuning    :Task: 8,	 Epoch: 4/40,	 Avg.loss: 0.0023,	 Test Accuracy: 154/1000(15%)
Head Finetuning    :Task: 8,	 Epoch: 5/40,	 Avg.loss: 0.0023,	 Test Accuracy: 153/1000(15%)
Head Finetuning    :Task: 8,	 Epoch: 6/40,	 Avg.loss: 0.0023,	 Test Accuracy: 158/1000(16%)
Head Finetuning    :Task: 8,	 Epoch: 7/40,	 Avg.loss: 0.0023,	 Test Accuracy: 162/1000(16%)
Head Finetuning    :Task: 8,	 Epoch: 8/40,	 Avg.loss: 0.0022,	 Test Accuracy: 168/1000(17%)
Head Finetuning    :Task: 8,	 Epoch: 9/40,	 Avg.loss: 0.0022,	 Test Accuracy: 177/1000(18%)
Head Finetuning    :Task: 8,	 Epoch: 10/40,	 Avg.loss: 0.0022,	 Test Accuracy: 183/1000(18%)
Head Finetuning    :Task: 8,	 Epoch: 11/40,	 Avg.loss: 0.0022,	 Test Accuracy: 188/1000(19%)
Head Finetuning    :Task: 8,	 Epoch: 12/40,	 Avg.loss: 0.0022,	 Test Accuracy: 193/1000(19%)
Head Finetuning    :Task: 8,	 Epoch: 13/40,	 Avg.loss: 0.0022,	 Test Accuracy: 200/1000(20%)
Head Finetuning    :Task: 8,	 Epoch: 14/40,	 Avg.loss: 0.0022,	 Test Accuracy: 202/1000(20%)
Task: 8,	 Epoch: 0/40,	 Avg.loss: 0.0014,	 Test Accuracy: 499/1000(50%)
Task: 8,	 Epoch: 1/40,	 Avg.loss: 0.0012,	 Test Accuracy: 600/1000(60%)
Task: 8,	 Epoch: 2/40,	 Avg.loss: 0.0012,	 Test Accuracy: 586/1000(59%)
Task: 8,	 Epoch: 3/40,	 Avg.loss: 0.0011,	 Test Accuracy: 629/1000(63%)
Task: 8,	 Epoch: 4/40,	 Avg.loss: 0.0013,	 Test Accuracy: 565/1000(57%)
Task: 8,	 Epoch: 5/40,	 Avg.loss: 0.0010,	 Test Accuracy: 650/1000(65%)
Task: 8,	 Epoch: 6/40,	 Avg.loss: 0.0011,	 Test Accuracy: 615/1000(62%)
Task: 8,	 Epoch: 7/40,	 Avg.loss: 0.0010,	 Test Accuracy: 643/1000(64%)
Task: 8,	 Epoch: 8/40,	 Avg.loss: 0.0010,	 Test Accuracy: 658/1000(66%)
Task: 8,	 Epoch: 9/40,	 Avg.loss: 0.0010,	 Test Accuracy: 643/1000(64%)
Task: 8,	 Epoch: 10/40,	 Avg.loss: 0.0010,	 Test Accuracy: 662/1000(66%)
Task: 8,	 Epoch: 11/40,	 Avg.loss: 0.0010,	 Test Accuracy: 666/1000(67%)
Task: 8,	 Epoch: 12/40,	 Avg.loss: 0.0010,	 Test Accuracy: 668/1000(67%)
Task: 8,	 Epoch: 13/40,	 Avg.loss: 0.0010,	 Test Accuracy: 671/1000(67%)
Task: 8,	 Epoch: 14/40,	 Avg.loss: 0.0010,	 Test Accuracy: 662/1000(66%)
Task: 8,	 Epoch: 15/40,	 Avg.loss: 0.0010,	 Test Accuracy: 671/1000(67%)
Task: 8,	 Epoch: 16/40,	 Avg.loss: 0.0009,	 Test Accuracy: 675/1000(68%)
Task: 8,	 Epoch: 17/40,	 Avg.loss: 0.0010,	 Test Accuracy: 664/1000(66%)
Task: 8,	 Epoch: 18/40,	 Avg.loss: 0.0010,	 Test Accuracy: 660/1000(66%)
Task: 8,	 Epoch: 19/40,	 Avg.loss: 0.0010,	 Test Accuracy: 650/1000(65%)
Task: 8,	 Epoch: 20/40,	 Avg.loss: 0.0009,	 Test Accuracy: 670/1000(67%)
Task: 8,	 Epoch: 21/40,	 Avg.loss: 0.0009,	 Test Accuracy: 681/1000(68%)
Task: 8,	 Epoch: 22/40,	 Avg.loss: 0.0009,	 Test Accuracy: 684/1000(68%)
Task: 8,	 Epoch: 23/40,	 Avg.loss: 0.0009,	 Test Accuracy: 682/1000(68%)
Task: 8,	 Epoch: 24/40,	 Avg.loss: 0.0009,	 Test Accuracy: 672/1000(67%)
Task: 8,	 Epoch: 25/40,	 Avg.loss: 0.0009,	 Test Accuracy: 679/1000(68%)
Task: 8,	 Epoch: 26/40,	 Avg.loss: 0.0009,	 Test Accuracy: 687/1000(69%)
Task: 8,	 Epoch: 27/40,	 Avg.loss: 0.0009,	 Test Accuracy: 677/1000(68%)
Task: 8,	 Epoch: 28/40,	 Avg.loss: 0.0009,	 Test Accuracy: 688/1000(69%)
Task: 8,	 Epoch: 29/40,	 Avg.loss: 0.0009,	 Test Accuracy: 678/1000(68%)
Task: 8,	 Epoch: 30/40,	 Avg.loss: 0.0009,	 Test Accuracy: 689/1000(69%)
Task: 8,	 Epoch: 31/40,	 Avg.loss: 0.0009,	 Test Accuracy: 682/1000(68%)
Task: 8,	 Epoch: 32/40,	 Avg.loss: 0.0009,	 Test Accuracy: 690/1000(69%)
Task: 8,	 Epoch: 33/40,	 Avg.loss: 0.0009,	 Test Accuracy: 691/1000(69%)
Task: 8,	 Epoch: 34/40,	 Avg.loss: 0.0009,	 Test Accuracy: 685/1000(68%)
Task: 8,	 Epoch: 35/40,	 Avg.loss: 0.0009,	 Test Accuracy: 678/1000(68%)
Task: 8,	 Epoch: 36/40,	 Avg.loss: 0.0009,	 Test Accuracy: 679/1000(68%)
Task: 8,	 Epoch: 37/40,	 Avg.loss: 0.0009,	 Test Accuracy: 693/1000(69%)
Task: 8,	 Epoch: 38/40,	 Avg.loss: 0.0009,	 Test Accuracy: 688/1000(69%)
Task: 8,	 Epoch: 39/40,	 Avg.loss: 0.0009,	 Test Accuracy: 693/1000(69%)
Trained Task:8, Loaded task:0, Accuracy:72.1%
Trained Task:8, Loaded task:1, Accuracy:64.3%
Trained Task:8, Loaded task:2, Accuracy:68.5%
Trained Task:8, Loaded task:3, Accuracy:65.2%
Trained Task:8, Loaded task:4, Accuracy:70.7%
Trained Task:8, Loaded task:5, Accuracy:67.7%
Trained Task:8, Loaded task:6, Accuracy:69.9%
Trained Task:8, Loaded task:7, Accuracy:65.7%
Trained Task:8, Loaded task:8, Accuracy:69.3%
Trained Task:8, Avg. Accuracy: 68.2 

List of avg. accuracy: [75.5, 70.1, 69.4, 68.6, 68.9, 68.4, 68.3, 67.7, 68.2]
Mask histogram
conv1_layer.0.weight: 
 tensor([ 944, 3947, 7649, 8752, 6516, 3457, 1153,  295,   52,    3,    0],
       device='cuda:0', dtype=torch.int32)
conv2_layer.0.weight: 
 tensor([ 231,  967, 1895, 2201, 1695,  837,  284,   73,    7,    1,    1],
       device='cuda:0', dtype=torch.int32)
conv3_layer.0.weight: 
 tensor([ 457, 1909, 3830, 4413, 3288, 1712,  601,  146,   28,    0,    0],
       device='cuda:0', dtype=torch.int32)
conv4_layer.0.weight: 
 tensor([ 111,  509,  911, 1164,  788,  426,  141,   38,    7,    1,    0],
       device='cuda:0', dtype=torch.int32)
fc1_layer.0.weight: 
 tensor([ 14,  54, 116, 141, 118,  46,  16,   7,   0,   0,   0],
       device='cuda:0', dtype=torch.int32)
Head Finetuning    :Task: 9,	 Epoch: 0/40,	 Avg.loss: 0.0023,	 Test Accuracy: 138/1000(14%)
Head Finetuning    :Task: 9,	 Epoch: 1/40,	 Avg.loss: 0.0023,	 Test Accuracy: 148/1000(15%)
Head Finetuning    :Task: 9,	 Epoch: 2/40,	 Avg.loss: 0.0023,	 Test Accuracy: 158/1000(16%)
Head Finetuning    :Task: 9,	 Epoch: 3/40,	 Avg.loss: 0.0023,	 Test Accuracy: 164/1000(16%)
Head Finetuning    :Task: 9,	 Epoch: 4/40,	 Avg.loss: 0.0023,	 Test Accuracy: 178/1000(18%)
Head Finetuning    :Task: 9,	 Epoch: 5/40,	 Avg.loss: 0.0023,	 Test Accuracy: 184/1000(18%)
Head Finetuning    :Task: 9,	 Epoch: 6/40,	 Avg.loss: 0.0022,	 Test Accuracy: 197/1000(20%)
Head Finetuning    :Task: 9,	 Epoch: 7/40,	 Avg.loss: 0.0022,	 Test Accuracy: 210/1000(21%)
Head Finetuning    :Task: 9,	 Epoch: 8/40,	 Avg.loss: 0.0022,	 Test Accuracy: 220/1000(22%)
Head Finetuning    :Task: 9,	 Epoch: 9/40,	 Avg.loss: 0.0022,	 Test Accuracy: 228/1000(23%)
Head Finetuning    :Task: 9,	 Epoch: 10/40,	 Avg.loss: 0.0022,	 Test Accuracy: 233/1000(23%)
Head Finetuning    :Task: 9,	 Epoch: 11/40,	 Avg.loss: 0.0022,	 Test Accuracy: 241/1000(24%)
Head Finetuning    :Task: 9,	 Epoch: 12/40,	 Avg.loss: 0.0022,	 Test Accuracy: 249/1000(25%)
Head Finetuning    :Task: 9,	 Epoch: 13/40,	 Avg.loss: 0.0022,	 Test Accuracy: 259/1000(26%)
Head Finetuning    :Task: 9,	 Epoch: 14/40,	 Avg.loss: 0.0022,	 Test Accuracy: 273/1000(27%)
Task: 9,	 Epoch: 0/40,	 Avg.loss: 0.0013,	 Test Accuracy: 524/1000(52%)
Task: 9,	 Epoch: 1/40,	 Avg.loss: 0.0012,	 Test Accuracy: 598/1000(60%)
Task: 9,	 Epoch: 2/40,	 Avg.loss: 0.0011,	 Test Accuracy: 616/1000(62%)
Task: 9,	 Epoch: 3/40,	 Avg.loss: 0.0011,	 Test Accuracy: 641/1000(64%)
Task: 9,	 Epoch: 4/40,	 Avg.loss: 0.0010,	 Test Accuracy: 653/1000(65%)
Task: 9,	 Epoch: 5/40,	 Avg.loss: 0.0010,	 Test Accuracy: 659/1000(66%)
Task: 9,	 Epoch: 6/40,	 Avg.loss: 0.0010,	 Test Accuracy: 676/1000(68%)
Task: 9,	 Epoch: 7/40,	 Avg.loss: 0.0010,	 Test Accuracy: 665/1000(66%)
Task: 9,	 Epoch: 8/40,	 Avg.loss: 0.0010,	 Test Accuracy: 663/1000(66%)
Task: 9,	 Epoch: 9/40,	 Avg.loss: 0.0010,	 Test Accuracy: 686/1000(69%)
Task: 9,	 Epoch: 10/40,	 Avg.loss: 0.0010,	 Test Accuracy: 679/1000(68%)
Task: 9,	 Epoch: 11/40,	 Avg.loss: 0.0010,	 Test Accuracy: 666/1000(67%)
Task: 9,	 Epoch: 12/40,	 Avg.loss: 0.0010,	 Test Accuracy: 680/1000(68%)
Task: 9,	 Epoch: 13/40,	 Avg.loss: 0.0009,	 Test Accuracy: 673/1000(67%)
Task: 9,	 Epoch: 14/40,	 Avg.loss: 0.0009,	 Test Accuracy: 680/1000(68%)
Task: 9,	 Epoch: 15/40,	 Avg.loss: 0.0009,	 Test Accuracy: 686/1000(69%)
Task: 9,	 Epoch: 16/40,	 Avg.loss: 0.0009,	 Test Accuracy: 701/1000(70%)
Task: 9,	 Epoch: 17/40,	 Avg.loss: 0.0009,	 Test Accuracy: 702/1000(70%)
Task: 9,	 Epoch: 18/40,	 Avg.loss: 0.0009,	 Test Accuracy: 707/1000(71%)
Task: 9,	 Epoch: 19/40,	 Avg.loss: 0.0009,	 Test Accuracy: 692/1000(69%)
Task: 9,	 Epoch: 20/40,	 Avg.loss: 0.0009,	 Test Accuracy: 718/1000(72%)
Task: 9,	 Epoch: 21/40,	 Avg.loss: 0.0009,	 Test Accuracy: 709/1000(71%)
Task: 9,	 Epoch: 22/40,	 Avg.loss: 0.0009,	 Test Accuracy: 727/1000(73%)
Task: 9,	 Epoch: 23/40,	 Avg.loss: 0.0009,	 Test Accuracy: 723/1000(72%)
Task: 9,	 Epoch: 24/40,	 Avg.loss: 0.0009,	 Test Accuracy: 713/1000(71%)
Task: 9,	 Epoch: 25/40,	 Avg.loss: 0.0009,	 Test Accuracy: 726/1000(73%)
Task: 9,	 Epoch: 26/40,	 Avg.loss: 0.0009,	 Test Accuracy: 715/1000(72%)
Task: 9,	 Epoch: 27/40,	 Avg.loss: 0.0009,	 Test Accuracy: 717/1000(72%)
Task: 9,	 Epoch: 28/40,	 Avg.loss: 0.0009,	 Test Accuracy: 719/1000(72%)
Task: 9,	 Epoch: 29/40,	 Avg.loss: 0.0009,	 Test Accuracy: 723/1000(72%)
Task: 9,	 Epoch: 30/40,	 Avg.loss: 0.0009,	 Test Accuracy: 726/1000(73%)
Task: 9,	 Epoch: 31/40,	 Avg.loss: 0.0009,	 Test Accuracy: 716/1000(72%)
Task: 9,	 Epoch: 32/40,	 Avg.loss: 0.0009,	 Test Accuracy: 718/1000(72%)
Task: 9,	 Epoch: 33/40,	 Avg.loss: 0.0009,	 Test Accuracy: 713/1000(71%)
Task: 9,	 Epoch: 34/40,	 Avg.loss: 0.0009,	 Test Accuracy: 714/1000(71%)
Task: 9,	 Epoch: 35/40,	 Avg.loss: 0.0009,	 Test Accuracy: 713/1000(71%)
Task: 9,	 Epoch: 36/40,	 Avg.loss: 0.0009,	 Test Accuracy: 716/1000(72%)
Task: 9,	 Epoch: 37/40,	 Avg.loss: 0.0009,	 Test Accuracy: 706/1000(71%)
Task: 9,	 Epoch: 38/40,	 Avg.loss: 0.0009,	 Test Accuracy: 715/1000(72%)
Task: 9,	 Epoch: 39/40,	 Avg.loss: 0.0009,	 Test Accuracy: 715/1000(72%)
Trained Task:9, Loaded task:0, Accuracy:71.3%
Trained Task:9, Loaded task:1, Accuracy:63.6%
Trained Task:9, Loaded task:2, Accuracy:69.0%
Trained Task:9, Loaded task:3, Accuracy:65.3%
Trained Task:9, Loaded task:4, Accuracy:70.8%
Trained Task:9, Loaded task:5, Accuracy:67.8%
Trained Task:9, Loaded task:6, Accuracy:70.1%
Trained Task:9, Loaded task:7, Accuracy:66.1%
Trained Task:9, Loaded task:8, Accuracy:68.3%
Trained Task:9, Loaded task:9, Accuracy:71.5%
Trained Task:9, Avg. Accuracy: 68.4 

List of avg. accuracy: [75.5, 70.1, 69.4, 68.6, 68.9, 68.4, 68.3, 67.7, 68.2, 68.4]
PATH:     /home/sanghyun/Documents/CL/ISG/results/04-07-2021-17:49/
sCIFAR100_MAS_SIM1_r[0.3, 0.3, 0.3, 0.3, 0.3]_rand1_reg1.0_a1_x1
sCIFAR100_MAS_SIM1_r[0.3, 0.3, 0.3, 0.3, 0.3]_rand1_reg1.0_a1_x1
sCIFAR100_MAS_SIM1_r[0.3, 0.3, 0.3, 0.3, 0.3]_rand1_reg1.0_a1_x1
sCIFAR100_MAS_SIM1_r[0.3, 0.3, 0.3, 0.3, 0.3]_rand1_reg1.0_a1_x1
sCIFAR100_MAS_SIM1_r[0.3, 0.3, 0.3, 0.3, 0.3]_rand1_reg1.0_a1_x1
sCIFAR100_MAS_SIM1_r[0.3, 0.3, 0.3, 0.3, 0.3]_rand1_reg1.0_a1_x1
